2026-02-04 04:41:21,519 - INFO - Loading AI Semantic Model (all-MiniLM-L6-v2)...
2026-02-04 04:41:21,520 - INFO - Use pytorch device_name: cpu
2026-02-04 04:41:21,520 - INFO - Load pretrained SentenceTransformer: all-MiniLM-L6-v2
2026-02-04 04:41:21,647 - INFO - HTTP Request: HEAD https://huggingface.co/sentence-transformers/all-MiniLM-L6-v2/resolve/main/modules.json "HTTP/1.1 307 Temporary Redirect"
2026-02-04 04:41:21,654 - INFO - HTTP Request: HEAD https://huggingface.co/api/resolve-cache/models/sentence-transformers/all-MiniLM-L6-v2/c9745ed1d9f207416be6d2e6f8de32d1f16199bf/modules.json "HTTP/1.1 200 OK"
2026-02-04 04:41:21,688 - INFO - HTTP Request: HEAD https://huggingface.co/sentence-transformers/all-MiniLM-L6-v2/resolve/main/config_sentence_transformers.json "HTTP/1.1 307 Temporary Redirect"
2026-02-04 04:41:21,693 - INFO - HTTP Request: HEAD https://huggingface.co/api/resolve-cache/models/sentence-transformers/all-MiniLM-L6-v2/c9745ed1d9f207416be6d2e6f8de32d1f16199bf/config_sentence_transformers.json "HTTP/1.1 200 OK"
2026-02-04 04:41:21,729 - INFO - HTTP Request: HEAD https://huggingface.co/sentence-transformers/all-MiniLM-L6-v2/resolve/main/config_sentence_transformers.json "HTTP/1.1 307 Temporary Redirect"
2026-02-04 04:41:21,730 - WARNING - Warning: You are sending unauthenticated requests to the HF Hub. Please set a HF_TOKEN to enable higher rate limits and faster downloads.
2026-02-04 04:41:21,736 - INFO - HTTP Request: HEAD https://huggingface.co/api/resolve-cache/models/sentence-transformers/all-MiniLM-L6-v2/c9745ed1d9f207416be6d2e6f8de32d1f16199bf/config_sentence_transformers.json "HTTP/1.1 200 OK"
2026-02-04 04:41:21,771 - INFO - HTTP Request: HEAD https://huggingface.co/sentence-transformers/all-MiniLM-L6-v2/resolve/main/README.md "HTTP/1.1 307 Temporary Redirect"
2026-02-04 04:41:21,777 - INFO - HTTP Request: HEAD https://huggingface.co/api/resolve-cache/models/sentence-transformers/all-MiniLM-L6-v2/c9745ed1d9f207416be6d2e6f8de32d1f16199bf/README.md "HTTP/1.1 200 OK"
2026-02-04 04:41:21,813 - INFO - HTTP Request: HEAD https://huggingface.co/sentence-transformers/all-MiniLM-L6-v2/resolve/main/modules.json "HTTP/1.1 307 Temporary Redirect"
2026-02-04 04:41:21,818 - INFO - HTTP Request: HEAD https://huggingface.co/api/resolve-cache/models/sentence-transformers/all-MiniLM-L6-v2/c9745ed1d9f207416be6d2e6f8de32d1f16199bf/modules.json "HTTP/1.1 200 OK"
2026-02-04 04:41:21,855 - INFO - HTTP Request: HEAD https://huggingface.co/sentence-transformers/all-MiniLM-L6-v2/resolve/main/sentence_bert_config.json "HTTP/1.1 307 Temporary Redirect"
2026-02-04 04:41:21,860 - INFO - HTTP Request: HEAD https://huggingface.co/api/resolve-cache/models/sentence-transformers/all-MiniLM-L6-v2/c9745ed1d9f207416be6d2e6f8de32d1f16199bf/sentence_bert_config.json "HTTP/1.1 200 OK"
2026-02-04 04:41:21,897 - INFO - HTTP Request: HEAD https://huggingface.co/sentence-transformers/all-MiniLM-L6-v2/resolve/main/adapter_config.json "HTTP/1.1 404 Not Found"
2026-02-04 04:41:21,935 - INFO - HTTP Request: HEAD https://huggingface.co/sentence-transformers/all-MiniLM-L6-v2/resolve/main/config.json "HTTP/1.1 307 Temporary Redirect"
2026-02-04 04:41:21,941 - INFO - HTTP Request: HEAD https://huggingface.co/api/resolve-cache/models/sentence-transformers/all-MiniLM-L6-v2/c9745ed1d9f207416be6d2e6f8de32d1f16199bf/config.json "HTTP/1.1 200 OK"
2026-02-04 04:41:22,066 - WARNING - BertModel LOAD REPORT from: sentence-transformers/all-MiniLM-L6-v2
Key                     | Status     |  | 
------------------------+------------+--+-
embeddings.position_ids | UNEXPECTED |  | 

Notes:
- UNEXPECTED	:can be ignored when loading from different task/architecture; not ok if you expect identical arch.
2026-02-04 04:41:22,100 - INFO - HTTP Request: HEAD https://huggingface.co/sentence-transformers/all-MiniLM-L6-v2/resolve/main/config.json "HTTP/1.1 307 Temporary Redirect"
2026-02-04 04:41:22,106 - INFO - HTTP Request: HEAD https://huggingface.co/api/resolve-cache/models/sentence-transformers/all-MiniLM-L6-v2/c9745ed1d9f207416be6d2e6f8de32d1f16199bf/config.json "HTTP/1.1 200 OK"
2026-02-04 04:41:22,140 - INFO - HTTP Request: HEAD https://huggingface.co/sentence-transformers/all-MiniLM-L6-v2/resolve/main/tokenizer_config.json "HTTP/1.1 307 Temporary Redirect"
2026-02-04 04:41:22,145 - INFO - HTTP Request: HEAD https://huggingface.co/api/resolve-cache/models/sentence-transformers/all-MiniLM-L6-v2/c9745ed1d9f207416be6d2e6f8de32d1f16199bf/tokenizer_config.json "HTTP/1.1 200 OK"
2026-02-04 04:41:22,183 - INFO - HTTP Request: GET https://huggingface.co/api/models/sentence-transformers/all-MiniLM-L6-v2/tree/main/additional_chat_templates?recursive=false&expand=false "HTTP/1.1 404 Not Found"
2026-02-04 04:41:22,221 - INFO - HTTP Request: GET https://huggingface.co/api/models/sentence-transformers/all-MiniLM-L6-v2/tree/main?recursive=true&expand=false "HTTP/1.1 200 OK"
2026-02-04 04:41:22,305 - INFO - HTTP Request: HEAD https://huggingface.co/sentence-transformers/all-MiniLM-L6-v2/resolve/main/1_Pooling/config.json "HTTP/1.1 307 Temporary Redirect"
2026-02-04 04:41:22,311 - INFO - HTTP Request: HEAD https://huggingface.co/api/resolve-cache/models/sentence-transformers/all-MiniLM-L6-v2/c9745ed1d9f207416be6d2e6f8de32d1f16199bf/1_Pooling%2Fconfig.json "HTTP/1.1 200 OK"
2026-02-04 04:41:22,348 - INFO - HTTP Request: GET https://huggingface.co/api/models/sentence-transformers/all-MiniLM-L6-v2 "HTTP/1.1 200 OK"
2026-02-04 04:41:22,351 - INFO - AI Model loaded successfully.
2026-02-04 04:41:22,352 - INFO - --- Scraper service started (CI Mode: Run Once) ---
2026-02-04 04:41:22,352 - INFO - --- Starting new scraping job (Parallel Mode) ---
2026-02-04 04:41:22,352 - INFO - Creating new robust session with 3 retries on 5xx/connection/read errors.
2026-02-04 04:41:22,352 - INFO - Proxy is DISABLED.
2026-02-04 04:41:22,352 - INFO - Starting scrape for BBC RSS feed: http://feeds.bbci.co.uk/news/world/rss.xml
2026-02-04 04:41:22,352 - INFO - [Times of India] (Thread) requires Selenium. Initializing driver...
2026-02-04 04:41:22,353 - INFO - Starting scrape for The Guardian RSS feed: https://www.theguardian.com/world/rss
2026-02-04 04:41:22,353 - INFO - [The Hindu] (Thread) requires Selenium. Initializing driver...
2026-02-04 04:41:22,355 - INFO - Submitted 4 jobs to thread pool. Waiting up to 300s for completion...
2026-02-04 04:41:22,451 - INFO - Found 45 articles in The Guardian RSS feed. Processing up to 20.
2026-02-04 04:41:22,452 - INFO - [The Guardian] Early skip: URL https://www.theguardian.com/global-development/2026/feb/04/trump-us-china-russia-democratic-recession-peril-human-rights-watch already exists.
2026-02-04 04:41:22,685 - INFO - [The Guardian] Early skip: URL https://www.theguardian.com/world/2026/feb/02/israel-agrees-to-limited-reopening-of-rafah-border-crossing-in-gaza already exists.
2026-02-04 04:41:22,843 - INFO - Found 34 articles in BBC RSS feed. Processing up to 20.
2026-02-04 04:41:22,955 - INFO - [BBC] Early skip: URL https://www.bbc.com/news/articles/cn0k65pnxjxo?at_medium=RSS&at_campaign=rss already exists.
2026-02-04 04:41:23,172 - INFO - [The Guardian] Early skip: URL https://www.theguardian.com/environment/2026/feb/02/weather-tracker-cyclone-fytia-madagascar-floods already exists.
2026-02-04 04:41:23,316 - INFO - [BBC] Early skip: URL https://www.bbc.com/news/articles/c3dmjn7n985o?at_medium=RSS&at_campaign=rss already exists.
2026-02-04 04:41:23,587 - INFO - [The Guardian] Early skip: URL https://www.theguardian.com/law/2026/feb/02/more-than-100000-civilians-killed-war-crimes-out-of-control-study already exists.
2026-02-04 04:41:23,879 - INFO - [BBC] Early skip: URL https://www.bbc.com/news/articles/cp37g4xgkxdo?at_medium=RSS&at_campaign=rss already exists.
2026-02-04 04:41:23,997 - INFO - [The Guardian] Early skip: URL https://www.theguardian.com/world/2026/jan/30/more-than-200-killed-in-coltan-mine-collapse-in-eastern-drc-officials-say already exists.
2026-02-04 04:41:24,122 - INFO - [BBC] Early skip: URL https://www.bbc.com/news/articles/cdx43rxgyk1o?at_medium=RSS&at_campaign=rss already exists.
2026-02-04 04:41:24,407 - INFO - [The Guardian] Early skip: URL https://www.theguardian.com/news/audio/2026/feb/04/the-people-betting-on-catastrophic-world-events-podcast already exists.
2026-02-04 04:41:24,517 - INFO - [BBC] Early skip: URL https://www.bbc.com/news/articles/c04105ywkkqo?at_medium=RSS&at_campaign=rss already exists.
2026-02-04 04:41:24,786 - INFO - [The Guardian] Early skip: URL https://www.theguardian.com/world/2026/feb/03/colombian-president-and-trump-put-aside-insults-for-amicable-white-house-meeting already exists.
2026-02-04 04:41:25,041 - INFO - [BBC] Early skip: URL https://www.bbc.com/news/articles/c5y2nddvmryo?at_medium=RSS&at_campaign=rss already exists.
2026-02-04 04:41:25,209 - INFO - [The Guardian] Early skip: URL https://www.theguardian.com/us-news/2026/feb/02/trump-administration-blocked-tps-haitians already exists.
2026-02-04 04:41:25,386 - INFO - [BBC] Early skip: URL https://www.bbc.com/news/articles/cdre825p110o?at_medium=RSS&at_campaign=rss already exists.
2026-02-04 04:41:25,529 - INFO - [The Guardian] Early skip: URL https://www.theguardian.com/world/2026/feb/02/claudia-sheinbaum-mexico-oil-cuba-trump already exists.
2026-02-04 04:41:25,655 - INFO - [BBC] Early skip: URL https://www.bbc.com/news/articles/cly90xyp6k6o?at_medium=RSS&at_campaign=rss already exists.
2026-02-04 04:41:25,759 - INFO - [The Guardian] Early skip: URL https://www.theguardian.com/us-news/2026/feb/02/rightwing-brazilian-influencer-junior-pena-arrested-by-ice already exists.
2026-02-04 04:41:25,910 - INFO - [BBC] Early skip: URL https://www.bbc.com/news/articles/cly3ezj3rg3o?at_medium=RSS&at_campaign=rss already exists.
2026-02-04 04:41:26,072 - INFO - [The Guardian] Early skip: URL https://www.theguardian.com/environment/2026/feb/03/china-to-ban-hidden-car-door-handles-evs already exists.
2026-02-04 04:41:26,254 - INFO - [BBC] Early skip: URL https://www.bbc.com/news/articles/c5yd3x7yreno?at_medium=RSS&at_campaign=rss already exists.
2026-02-04 04:41:26,454 - INFO - [The Guardian] Early skip: URL https://www.theguardian.com/us-news/2026/feb/03/trump-critical-minerals-stockpile-project-vault already exists.
2026-02-04 04:41:26,665 - INFO - [BBC] Early skip: URL https://www.bbc.com/news/articles/c14r685mne4o?at_medium=RSS&at_campaign=rss already exists.
2026-02-04 04:41:26,882 - INFO - [The Guardian] Early skip: URL https://www.theguardian.com/business/2026/feb/01/us-uk-eu-australia-critical-minerals-rare-earths-g7-minimum-price already exists.
2026-02-04 04:41:27,023 - INFO - [BBC] Early skip: URL https://www.bbc.com/news/articles/cpwng25114ro?at_medium=RSS&at_campaign=rss already exists.
2026-02-04 04:41:27,217 - INFO - [The Guardian] Early skip: URL https://www.theguardian.com/world/2026/feb/01/living-hell-of-north-koreas-paradise-on-earth-scheme-back-in-spotlight-in-japan already exists.
2026-02-04 04:41:27,376 - INFO - [BBC] Early skip: URL https://www.bbc.com/news/articles/c7v0p818g91o?at_medium=RSS&at_campaign=rss already exists.
2026-02-04 04:41:27,616 - INFO - [The Guardian] Early skip: URL https://www.theguardian.com/world/2026/jan/31/starmer-hopes-his-china-trip-will-begin-the-thaw-after-recent-ice-age already exists.
2026-02-04 04:41:27,749 - INFO - Selenium driver initialized successfully.
2026-02-04 04:41:27,749 - INFO - Starting scrape for The Hindu RSS feed: https://www.thehindu.com/news/national/feeder/default.rss
2026-02-04 04:41:27,750 - INFO - Selenium driver initialized successfully.
2026-02-04 04:41:27,750 - INFO - Starting scrape for Times of India RSS feed: https://timesofindia.indiatimes.com/rssfeeds/296589292.cms
2026-02-04 04:41:27,896 - INFO - Found 100 articles in The Hindu RSS feed. Processing up to 20.
2026-02-04 04:41:27,899 - INFO - [BBC] Early skip: URL https://www.bbc.com/news/articles/cwygrkm7k0yo?at_medium=RSS&at_campaign=rss already exists.
2026-02-04 04:41:27,963 - INFO - Found 20 articles in Times of India RSS feed. Processing up to 20.
2026-02-04 04:41:28,137 - INFO - [The Hindu] Article: https://www.thehindu.com/news/national/karnataka/ai-training-workshops-in-vijayapura/article70588515.ece
2026-02-04 04:41:28,137 - INFO - [The Hindu] Attempt 1/1: Trying with 'selenium_browser' strategy...
2026-02-04 04:41:28,138 - INFO - [The Guardian] Early skip: URL https://www.theguardian.com/australia-news/live/2026/feb/04/australian-politics-live-labor-liberal-anthony-albanese-sussan-ley-leadership-challenge-coalition-littleproud-chalmers-interest-rates-rise-rba-ntwfb already exists.
2026-02-04 04:41:28,381 - INFO - [Times of India] Article: https://timesofindia.indiatimes.com/defence/international/us-russia-nuclear-treaty-nears-expiry-kremlin-warns-of-dangerous-moment-why-new-start-matters-for-global-security/articleshow/127897834.cms
2026-02-04 04:41:28,381 - INFO - [Times of India] Attempt 1/1: Trying with 'selenium_browser' strategy...
2026-02-04 04:41:28,382 - INFO - [BBC] Early skip: URL https://www.bbc.com/news/articles/cq6vn5j312lo?at_medium=RSS&at_campaign=rss already exists.
2026-02-04 04:41:28,575 - INFO - [The Guardian] Article: https://www.theguardian.com/australia-news/2026/feb/04/i-dont-think-this-was-a-good-decision-labors-ed-husic-expresses-concerns-over-israel-president-isaac-herzogs-visit-ntwnfb
2026-02-04 04:41:28,576 - INFO - [The Guardian] Attempt 1/1: Trying with 'requests_browser' strategy...
2026-02-04 04:41:28,577 - INFO - [BBC] Early skip: URL https://www.bbc.com/news/articles/ce3ex92557jo?at_medium=RSS&at_campaign=rss already exists.
2026-02-04 04:41:28,828 - INFO - [The Guardian] Success with 'requests_browser'. Found content (960 words).
2026-02-04 04:41:28,862 - INFO - [BBC] Early skip: URL https://www.bbc.com/news/articles/crkryz35246o?at_medium=RSS&at_campaign=rss already exists.
2026-02-04 04:41:29,056 - INFO - [BBC] Early skip: URL https://www.bbc.com/news/articles/cy4g3rne4n7o?at_medium=RSS&at_campaign=rss already exists.
2026-02-04 04:41:29,273 - INFO - [BBC] Article: https://www.bbc.com/news/articles/cy8pleg24rvo?at_medium=RSS&at_campaign=rss
2026-02-04 04:41:29,273 - INFO - [BBC] Attempt 1/1: Trying with 'requests_browser' strategy...
2026-02-04 04:41:29,874 - INFO - [BBC] Success with 'requests_browser'. Found content (1051 words).
2026-02-04 04:41:32,524 - INFO - [The Hindu] Page content loaded.
2026-02-04 04:41:32,789 - INFO - [The Hindu] Success with 'selenium_browser'. Found content (305 words).
2026-02-04 04:41:41,683 - INFO - [Times of India] Page content loaded.
2026-02-04 04:41:42,021 - INFO - [Times of India] Success with 'selenium_browser'. Found content (740 words).
2026-02-04 04:43:44,924 - INFO - DEDUPLICATION: Found match (Score: 0.77). Linking to Cluster ID: b4c0ebf0-cf9d-4eda-8638-db191f05e656
2026-02-04 04:43:44,927 - INFO - Saved article: ‘I don’t think this was a good decision’: Labor’s Ed Husic holds ‘deep concerns’ over Israeli president Isaac Herzog’s visit | Australia news | The Guardian from The Guardian (960 words)
2026-02-04 04:45:52,967 - INFO - Saved article: Why a beauty spot in South Africa may be about to run out of water from BBC (1051 words)
2026-02-04 04:46:22,355 - CRITICAL - --- TIMEOUT: 4 scrape jobs did not complete in 300s. ---
2026-02-04 04:46:22,355 - ERROR - A thread has timed out and will be abandoned.
2026-02-04 04:46:22,355 - ERROR - A thread has timed out and will be abandoned.
2026-02-04 04:46:22,355 - ERROR - A thread has timed out and will be abandoned.
2026-02-04 04:46:22,355 - ERROR - A thread has timed out and will be abandoned.
2026-02-04 04:46:22,355 - INFO - Shutting down thread pool (wait=False)...
2026-02-04 04:46:22,355 - INFO - Scraped: 4 Timed_Out_Jobs articles. (Total saved: 0)
2026-02-04 04:46:22,355 - INFO - --- Scraping job finished ---
2026-02-04 04:46:22,356 - INFO - --- Scraper service stopped and database connection closed. ---
2026-02-04 04:46:22,356 - INFO - --- Main thread finished. Forcing process exit to kill zombie threads. ---
