2025-12-11 17:31:11,294 - INFO - Loading AI Semantic Model (all-MiniLM-L6-v2)...
2025-12-11 17:31:11,295 - INFO - Use pytorch device_name: cpu
2025-12-11 17:31:11,295 - INFO - Load pretrained SentenceTransformer: all-MiniLM-L6-v2
2025-12-11 17:31:11,790 - INFO - AI Model loaded successfully.
2025-12-11 17:31:11,791 - INFO - --- Scraper service started (CI Mode: Run Once) ---
2025-12-11 17:31:11,791 - INFO - --- Starting new scraping job (Parallel Mode) ---
2025-12-11 17:31:11,791 - INFO - Creating new robust session with 3 retries on 5xx/connection/read errors.
2025-12-11 17:31:11,791 - INFO - Proxy is DISABLED.
2025-12-11 17:31:11,791 - INFO - Starting scrape for BBC RSS feed: http://feeds.bbci.co.uk/news/world/rss.xml
2025-12-11 17:31:11,792 - INFO - [Times of India] (Thread) requires Selenium. Initializing driver...
2025-12-11 17:31:11,793 - INFO - Starting scrape for The Guardian RSS feed: https://www.theguardian.com/world/rss
2025-12-11 17:31:11,794 - INFO - [The Hindu] (Thread) requires Selenium. Initializing driver...
2025-12-11 17:31:11,794 - INFO - Submitted 4 jobs to thread pool. Waiting up to 300s for completion...
2025-12-11 17:31:11,918 - INFO - Found 45 articles in The Guardian RSS feed. Processing up to 30.
2025-12-11 17:31:11,918 - INFO - [The Guardian] Early skip: URL https://www.theguardian.com/world/2025/dec/10/burkina-faso-releases-nigerian-troops-unauthorised-emergency-landing already exists.
2025-12-11 17:31:12,030 - INFO - Found 30 articles in BBC RSS feed. Processing up to 30.
2025-12-11 17:31:12,067 - INFO - [BBC] Early skip: URL https://www.bbc.com/news/articles/c1w9lg11jw0o?at_medium=RSS&at_campaign=rss already exists.
2025-12-11 17:31:12,239 - INFO - [The Guardian] Early skip: URL https://www.theguardian.com/world/2025/dec/09/drc-fighting-forces-200000-to-flee-just-days-after-washington-peace-deal already exists.
2025-12-11 17:31:12,525 - INFO - [BBC] Early skip: URL https://www.bbc.com/news/articles/cy8jvll9j81o?at_medium=RSS&at_campaign=rss already exists.
2025-12-11 17:31:12,649 - INFO - [The Guardian] Early skip: URL https://www.theguardian.com/world/2025/dec/09/colombian-mercenaries-sudan-sanctions already exists.
2025-12-11 17:31:12,884 - INFO - [BBC] Early skip: URL https://www.bbc.com/news/articles/cn4djk0jj4xo?at_medium=RSS&at_campaign=rss already exists.
2025-12-11 17:31:13,054 - INFO - [The Guardian] Early skip: URL https://www.theguardian.com/world/2025/dec/09/nigeria-troops-held-burkina-faso-emergency-landing already exists.
2025-12-11 17:31:13,190 - INFO - [BBC] Early skip: URL https://www.bbc.com/news/articles/cn09g640659o?at_medium=RSS&at_campaign=rss already exists.
2025-12-11 17:31:13,387 - INFO - [The Guardian] Early skip: URL https://www.theguardian.com/world/2025/dec/08/white-supremacist-notions-threaten-sovereignty-of-south-africa-ramaphosa already exists.
2025-12-11 17:31:13,626 - INFO - [BBC] Early skip: URL https://www.bbc.com/news/articles/cgjnd9y52pno?at_medium=RSS&at_campaign=rss already exists.
2025-12-11 17:31:13,788 - INFO - [The Guardian] Article: https://www.theguardian.com/news/audio/2025/dec/11/why-is-trump-attacking-venezuelan-boats-the-latest
2025-12-11 17:31:13,789 - INFO - [The Guardian] Attempt 1/1: Trying with 'requests_browser' strategy...
2025-12-11 17:31:13,790 - INFO - [BBC] Early skip: URL https://www.bbc.com/news/articles/cdxwrvl1734o?at_medium=RSS&at_campaign=rss already exists.
2025-12-11 17:31:13,820 - INFO - [The Guardian] Success with 'requests_browser'. Found content (99 words).
2025-12-11 17:31:19,930 - INFO - Selenium driver initialized successfully.
2025-12-11 17:31:19,930 - INFO - Selenium driver initialized successfully.
2025-12-11 17:31:19,931 - INFO - Starting scrape for Times of India RSS feed: https://timesofindia.indiatimes.com/rssfeeds/296589292.cms
2025-12-11 17:31:19,931 - INFO - Starting scrape for The Hindu RSS feed: https://www.thehindu.com/news/national/feeder/default.rss
2025-12-11 17:31:20,056 - INFO - Found 20 articles in Times of India RSS feed. Processing up to 30.
2025-12-11 17:31:20,134 - INFO - Found 100 articles in The Hindu RSS feed. Processing up to 30.
2025-12-11 17:31:33,864 - INFO - DEDUPLICATION: Found match (Score: 0.79). Linking to Cluster ID: fb724253-55b5-4f39-af69-72670d73a71d
2025-12-11 17:31:33,866 - INFO - Saved article: Why is Trump attacking Venezuelan boats? – The Latest | Venezuela | The Guardian from The Guardian (99 words)
2025-12-11 17:31:33,866 - INFO - [BBC] Early skip: URL https://www.bbc.com/news/articles/c78vz2v85mpo?at_medium=RSS&at_campaign=rss already exists.
2025-12-11 17:31:33,994 - INFO - [Times of India] Article: https://timesofindia.indiatimes.com/science/heres-what-nasa-wants-you-to-know-about-galaxy-clusters/articleshow/125910283.cms
2025-12-11 17:31:33,995 - INFO - [Times of India] Attempt 1/1: Trying with 'selenium_browser' strategy...
2025-12-11 17:31:33,995 - INFO - [The Hindu] Article: https://www.thehindu.com/news/national/madhya-pradesh/supreme-court-constitutes-sit-to-probe-unnatural-death-of-sc-youth-in-madhya-pradesh/article70385744.ece
2025-12-11 17:31:33,995 - INFO - [The Hindu] Attempt 1/1: Trying with 'selenium_browser' strategy...
2025-12-11 17:31:33,996 - INFO - [BBC] Early skip: URL https://www.bbc.com/news/articles/cly01mdm577o?at_medium=RSS&at_campaign=rss already exists.
2025-12-11 17:31:34,213 - INFO - [BBC] Early skip: URL https://www.bbc.com/news/articles/clydz0j1yego?at_medium=RSS&at_campaign=rss already exists.
2025-12-11 17:31:34,318 - INFO - [BBC] Early skip: URL https://www.bbc.com/news/articles/cqxq3lg2gwxo?at_medium=RSS&at_campaign=rss already exists.
2025-12-11 17:31:34,508 - INFO - [The Guardian] Early skip: URL https://www.theguardian.com/us-news/2025/dec/11/lawmakers-venezuela-oil-tanker already exists.
2025-12-11 17:31:34,697 - INFO - [BBC] Early skip: URL https://www.bbc.com/news/articles/cwyv5q7d72lo?at_medium=RSS&at_campaign=rss already exists.
2025-12-11 17:31:34,817 - INFO - [The Guardian] Early skip: URL https://www.theguardian.com/us-news/2025/dec/11/kilmar-abrego-garcia-released already exists.
2025-12-11 17:31:35,021 - INFO - [BBC] Article: https://www.bbc.com/news/articles/ce91dergm00o?at_medium=RSS&at_campaign=rss
2025-12-11 17:31:35,021 - INFO - [BBC] Attempt 1/1: Trying with 'requests_browser' strategy...
2025-12-11 17:31:35,022 - INFO - [The Guardian] Early skip: URL https://www.theguardian.com/world/2025/dec/10/bolivia-luis-arce already exists.
2025-12-11 17:31:35,129 - INFO - [The Guardian] Early skip: URL https://www.theguardian.com/world/2025/dec/11/maria-corina-machado-venezuela-nobel-peace-prize-winner-oslo-norway already exists.
2025-12-11 17:31:35,255 - INFO - [The Guardian] Early skip: URL https://www.theguardian.com/world/2025/dec/11/sexually-explicit-letters-deepfake-hong-kong-activists-uk-australia already exists.
2025-12-11 17:31:35,265 - INFO - [BBC] Success with 'requests_browser'. Found content (555 words).
2025-12-11 17:31:35,440 - INFO - [The Guardian] Early skip: URL https://www.theguardian.com/environment/2025/dec/11/climate-crisis-made-monsoon-floods-asia-worse-study already exists.
2025-12-11 17:31:40,212 - INFO - [The Hindu] Page content loaded.
2025-12-11 17:31:40,332 - INFO - [The Hindu] Success with 'selenium_browser'. Found content (391 words).
2025-12-11 17:31:47,336 - INFO - [Times of India] Page content loaded.
2025-12-11 17:31:48,100 - INFO - [Times of India] Success with 'selenium_browser'. Found content (907 words).
2025-12-11 17:32:08,018 - INFO - Saved article: Thousands ready to evacuate as flooding hits Pacific Northwest from BBC (555 words)
2025-12-11 17:32:08,018 - INFO - [The Guardian] Early skip: URL https://www.theguardian.com/world/2025/dec/11/thailand-cambodia-border-evacuation already exists.
2025-12-11 17:32:30,969 - INFO - Saved article: Supreme Court constitutes SIT to probe unnatural death of SC youth in Madhya Pradesh - The Hindu from The Hindu (391 words)
2025-12-11 17:32:54,457 - INFO - Saved article: Here’s what NASA wants you to know about galaxy clusters | - The Times of India from Times of India (907 words)
2025-12-11 17:32:54,457 - INFO - [The Guardian] Early skip: URL https://www.theguardian.com/film/2025/dec/10/documentary-china-baby-ruth-villaramas-food-delivery-fresh-from-the-west-philippine-sea already exists.
2025-12-11 17:32:54,652 - INFO - [BBC] Early skip: URL https://www.bbc.com/news/articles/ckgkykywp58o?at_medium=RSS&at_campaign=rss already exists.
2025-12-11 17:32:54,937 - INFO - [The Hindu] Article: https://www.thehindu.com/news/national/karnataka/no-big-ticket-cricket-events-at-chinnaswamy-until-safety-compliance-cabinet/article70385844.ece
2025-12-11 17:32:54,937 - INFO - [The Hindu] Attempt 1/1: Trying with 'selenium_browser' strategy...
2025-12-11 17:32:54,938 - INFO - [The Guardian] Early skip: URL https://www.theguardian.com/world/2025/dec/10/trump-says-end-hostilities-thailand-cambodia already exists.
2025-12-11 17:32:55,095 - INFO - [BBC] Early skip: URL https://www.bbc.com/news/articles/c04vgxk0613o?at_medium=RSS&at_campaign=rss already exists.
2025-12-11 17:32:55,244 - INFO - [Times of India] Article: https://timesofindia.indiatimes.com/world/us/if-you-subtract-immigration-top-white-house-aide-suggests-us-was-better-off-favouring-western-countries-over-third-world/articleshow/125916789.cms
2025-12-11 17:32:55,244 - INFO - [Times of India] Attempt 1/1: Trying with 'selenium_browser' strategy...
2025-12-11 17:32:55,245 - INFO - [The Guardian] Early skip: URL https://www.theguardian.com/australia-news/2025/dec/11/australia-public-service-bureaucrats-travel-business-class-rules-anthony-albanese already exists.
2025-12-11 17:32:55,416 - INFO - [BBC] Early skip: URL https://www.bbc.com/news/articles/cj4q1lddj8go?at_medium=RSS&at_campaign=rss already exists.
2025-12-11 17:32:55,516 - INFO - [BBC] Early skip: URL https://www.bbc.com/news/articles/c989e9xxn5po?at_medium=RSS&at_campaign=rss already exists.
2025-12-11 17:32:55,647 - INFO - [BBC] Early skip: URL https://www.bbc.com/news/articles/c0q5p43qgl1o?at_medium=RSS&at_campaign=rss already exists.
2025-12-11 17:32:55,897 - INFO - [The Guardian] Early skip: URL https://www.theguardian.com/australia-news/2025/dec/11/bulldozing-affordable-sydney-flats-for-luxury-builds-makes-people-extremely-cynical-about-development-spender-warns already exists.
2025-12-11 17:32:56,013 - INFO - [The Guardian] Early skip: URL https://www.theguardian.com/australia-news/2025/dec/12/children-lead-exposure-broken-hill-nsw-health-resists-guidelines already exists.
2025-12-11 17:32:56,267 - INFO - [The Guardian] Early skip: URL https://www.theguardian.com/australia-news/2025/dec/11/albanese-urges-states-to-accept-20bn-health-deal-as-aged-care-shortages-put-pressure-on-hospitals already exists.
2025-12-11 17:32:56,563 - INFO - [BBC] Early skip: URL https://www.bbc.com/news/articles/cr7l0nyxxygo?at_medium=RSS&at_campaign=rss already exists.
2025-12-11 17:32:56,819 - INFO - [BBC] Early skip: URL https://www.bbc.com/news/articles/cwyp7rkkgvdo?at_medium=RSS&at_campaign=rss already exists.
2025-12-11 17:32:57,008 - INFO - [BBC] Early skip: URL https://www.bbc.com/news/articles/c989e9xxn5po?at_medium=RSS&at_campaign=rss already exists.
2025-12-11 17:32:57,252 - INFO - [BBC] Early skip: URL https://www.bbc.com/news/articles/c0r959n91p4o?at_medium=RSS&at_campaign=rss already exists.
2025-12-11 17:32:57,385 - INFO - [The Guardian] Early skip: URL https://www.theguardian.com/business/2025/dec/11/no-guarantee-tobacco-tax-cut-would-lure-australian-smokers-from-trade-and-raise-more-revenue-report-says already exists.
2025-12-11 17:32:57,615 - INFO - [The Guardian] Early skip: URL https://www.theguardian.com/world/live/2025/dec/11/ukraine-war-meeting-coalition-donald-trump-europe-russia-latest-updates-news already exists.
2025-12-11 17:32:57,646 - INFO - [The Hindu] Page content loaded.
2025-12-11 17:32:57,776 - INFO - [The Guardian] Article: https://www.theguardian.com/world/2025/dec/11/germany-afghanistan-u-turn-migration-pakistan
2025-12-11 17:32:57,776 - INFO - [The Guardian] Attempt 1/1: Trying with 'requests_browser' strategy...
2025-12-11 17:32:57,780 - INFO - [BBC] Early skip: URL https://www.bbc.com/news/articles/c39p7jkp27lo?at_medium=RSS&at_campaign=rss already exists.
2025-12-11 17:32:57,841 - INFO - [The Guardian] Success with 'requests_browser'. Found content (631 words).
2025-12-11 17:32:57,888 - INFO - [BBC] Article: https://www.bbc.com/news/videos/ceq1000742go?at_medium=RSS&at_campaign=rss
2025-12-11 17:32:57,888 - INFO - [BBC] Attempt 1/1: Trying with 'requests_browser' strategy...
2025-12-11 17:32:58,219 - INFO - [BBC] Success with 'requests_browser'. Found content (109 words).
2025-12-11 17:32:58,235 - INFO - [The Hindu] Success with 'selenium_browser'. Found content (232 words).
2025-12-11 17:32:58,320 - INFO - [Times of India] Page content loaded.
2025-12-11 17:32:59,148 - INFO - [Times of India] Success with 'selenium_browser'. Found content (490 words).
2025-12-11 17:33:23,452 - INFO - Saved article: Germany drops promise to resettle hundreds of Afghans | Afghanistan | The Guardian from The Guardian (631 words)
2025-12-11 17:33:46,329 - INFO - Saved article: Killer whales and dolphins seen hunting together in rare video from BBC (109 words)
2025-12-11 17:34:09,676 - INFO - Saved article: No big ticket cricket events at Chinnaswamy until safety compliance: Cabinet - The Hindu from The Hindu (232 words)
2025-12-11 17:34:32,424 - INFO - Saved article: 'If you subtract immigration…': Top White House aide suggests US was better off favouring Western countries over third-world - The Times of India from Times of India (490 words)
2025-12-11 17:34:32,424 - INFO - [The Guardian] Early skip: URL https://www.theguardian.com/world/2025/dec/11/bulgarian-government-resigns-mass-anti-corruption-protests already exists.
2025-12-11 17:34:32,723 - INFO - [BBC] Article: https://www.bbc.com/news/videos/c9vj1jnmekko?at_medium=RSS&at_campaign=rss
2025-12-11 17:34:32,723 - INFO - [BBC] Attempt 1/1: Trying with 'requests_browser' strategy...
2025-12-11 17:34:32,724 - INFO - [The Hindu] Article: https://www.thehindu.com/news/national/ed-searches-40-locations-across-multiple-states-in-isis-module-linked-case/article70385394.ece
2025-12-11 17:34:32,725 - INFO - [The Hindu] Attempt 1/1: Trying with 'selenium_browser' strategy...
2025-12-11 17:34:32,725 - INFO - [The Guardian] Early skip: URL https://www.theguardian.com/culture/2025/dec/11/amsterdams-rijksmuseum-announces-southern-outpost-in-eindhoven already exists.
2025-12-11 17:34:32,803 - INFO - [BBC] Success with 'requests_browser'. Found content (112 words).
2025-12-11 17:34:32,856 - INFO - [The Guardian] Article: https://www.theguardian.com/world/2025/dec/11/austria-votes-ban-headscarves-schools-girls-under-14
2025-12-11 17:34:32,856 - INFO - [The Guardian] Attempt 1/1: Trying with 'requests_browser' strategy...
2025-12-11 17:34:32,986 - INFO - [The Guardian] Success with 'requests_browser'. Found content (575 words).
2025-12-11 17:34:34,447 - INFO - [The Hindu] Page content loaded.
2025-12-11 17:34:34,679 - INFO - [The Hindu] Success with 'selenium_browser'. Found content (421 words).
2025-12-11 17:34:56,853 - INFO - DEDUPLICATION: Found match (Score: 0.89). Linking to Cluster ID: fb724253-55b5-4f39-af69-72670d73a71d
2025-12-11 17:34:56,856 - INFO - Saved article: Video shows US military seizing oil tanker off Venezuela coast from BBC (112 words)
2025-12-11 17:35:19,448 - INFO - DEDUPLICATION: Found match (Score: 0.91). Linking to Cluster ID: 794802f4-4fc6-4705-9638-f664d64193cd
2025-12-11 17:35:19,453 - INFO - Saved article: Austria votes to ban headscarves in schools for girls under 14 | Austria | The Guardian from The Guardian (575 words)
2025-12-11 17:35:19,453 - INFO - [Times of India] Early skip: URL https://timesofindia.indiatimes.com/etimes/trending/containers-of-bananas-falling-into-sea-delay-cruise-for-24-hours-in-britains-busiest-waterway/articleshow/125914680.cms already exists.
2025-12-11 17:35:42,278 - INFO - Saved article: ED searches 40 locations across multiple States in ISIS module-linked case - The Hindu from The Hindu (421 words)
2025-12-11 17:35:42,279 - INFO - [BBC] Article: https://www.bbc.com/news/videos/cx2ey15l4zro?at_medium=RSS&at_campaign=rss
2025-12-11 17:35:42,279 - INFO - [BBC] Attempt 1/1: Trying with 'requests_browser' strategy...
2025-12-11 17:35:42,280 - INFO - [Times of India] Early skip: URL https://timesofindia.indiatimes.com/world/europe/putin-calls-maduro-russia-expresses-solidarity-with-venezuela-amid-trumps-escalation-plan-joint-projects/articleshow/125916345.cms already exists.
2025-12-11 17:35:42,359 - WARNING - [BBC] FAILED with 'requests_browser' (content was too short: 72 words).
2025-12-11 17:35:42,359 - ERROR - [BBC] All scrape strategies failed for https://www.bbc.com/news/videos/cx2ey15l4zro?at_medium=RSS&at_campaign=rss. Falling back to RSS description.
2025-12-11 17:35:42,359 - WARNING - SKIPPED (GLOBAL WORD LIMIT): Article 'Moment skydiver's parachute wraps around plane wing ' from BBC has only 16 words (Min: 90).
2025-12-11 17:35:42,481 - INFO - [The Guardian] Early skip: URL https://www.theguardian.com/global-development/2025/dec/11/child-bride-spared-execution-iran-blood-money-goli-kouhkan already exists.
2025-12-11 17:35:42,725 - INFO - [Times of India] Article: https://timesofindia.indiatimes.com/world/middle-east/uae-announces-january-1-as-holiday-for-public-sector-employees/articleshow/125916278.cms
2025-12-11 17:35:42,726 - INFO - [Times of India] Attempt 1/1: Trying with 'selenium_browser' strategy...
2025-12-11 17:35:42,726 - INFO - [The Guardian] Early skip: URL https://www.theguardian.com/world/2025/dec/10/countries-push-to-return-syrians-home-fall-of-assad already exists.
2025-12-11 17:35:42,974 - INFO - [The Guardian] Early skip: URL https://www.theguardian.com/world/2025/dec/09/children-gaza-hospitalised-acute-malnutrition-un-says already exists.
2025-12-11 17:35:43,263 - INFO - [The Hindu] Article: https://www.thehindu.com/news/national/supreme-court-declines-to-transfer-trial-of-prajwal-revanna/article70385830.ece
2025-12-11 17:35:43,263 - INFO - [The Hindu] Attempt 1/1: Trying with 'selenium_browser' strategy...
2025-12-11 17:35:43,264 - INFO - [The Guardian] Early skip: URL https://www.theguardian.com/world/2025/dec/08/yellow-line-that-divides-gaza-under-trump-plan-is-new-border-for-israel-says-military-chief already exists.
2025-12-11 17:35:43,417 - INFO - [BBC] Article: https://www.bbc.com/news/videos/cx2px9x20exo?at_medium=RSS&at_campaign=rss
2025-12-11 17:35:43,417 - INFO - [BBC] Attempt 1/1: Trying with 'requests_browser' strategy...
2025-12-11 17:35:43,419 - INFO - [The Guardian] Early skip: URL https://www.theguardian.com/politics/2025/dec/08/tony-blair-reportedly-dropped-from-donald-trump-gaza-board-of-peace-shortlist already exists.
2025-12-11 17:35:43,514 - INFO - [BBC] Success with 'requests_browser'. Found content (129 words).
2025-12-11 17:35:46,920 - INFO - [Times of India] Page content loaded.
2025-12-11 17:35:47,303 - INFO - [Times of India] Success with 'selenium_browser'. Found content (116 words).
2025-12-11 17:35:48,210 - INFO - [The Hindu] Page content loaded.
2025-12-11 17:35:48,379 - INFO - [The Hindu] Success with 'selenium_browser'. Found content (320 words).
2025-12-11 17:36:10,164 - INFO - Saved article: 'What's your name?' - Moment police confront Luigi Mangione at McDonald's from BBC (129 words)
2025-12-11 17:36:11,794 - CRITICAL - --- TIMEOUT: 3 scrape jobs did not complete in 300s. ---
2025-12-11 17:36:11,794 - ERROR - A thread has timed out and will be abandoned.
2025-12-11 17:36:11,794 - ERROR - A thread has timed out and will be abandoned.
2025-12-11 17:36:11,795 - ERROR - A thread has timed out and will be abandoned.
2025-12-11 17:36:11,795 - INFO - Shutting down thread pool (wait=False)...
2025-12-11 17:36:11,795 - INFO - Scraped: 3 The Guardian, 3 Timed_Out_Jobs articles. (Total saved: 3)
2025-12-11 17:36:11,795 - INFO - --- Scraping job finished ---
2025-12-11 17:36:11,797 - INFO - --- Scraper service stopped and database connection closed. ---
2025-12-11 17:36:11,797 - INFO - --- Main thread finished. Forcing process exit to kill zombie threads. ---
