2026-02-17 13:16:25,599 - INFO - Loading AI Semantic Model (all-MiniLM-L4-v2)...
2026-02-17 13:16:25,599 - INFO - Use pytorch device_name: cpu
2026-02-17 13:16:25,599 - INFO - Load pretrained SentenceTransformer: all-MiniLM-L4-v2
2026-02-17 13:16:25,675 - INFO - HTTP Request: HEAD https://huggingface.co/sentence-transformers/all-MiniLM-L4-v2/resolve/main/modules.json "HTTP/1.1 401 Unauthorized"
2026-02-17 13:16:25,675 - WARNING - No sentence-transformers model found with name sentence-transformers/all-MiniLM-L4-v2. Creating a new one with mean pooling.
2026-02-17 13:16:25,694 - INFO - HTTP Request: HEAD https://huggingface.co/sentence-transformers/all-MiniLM-L4-v2/resolve/main/adapter_config.json "HTTP/1.1 401 Unauthorized"
2026-02-17 13:16:25,695 - CRITICAL - Failed to load AI model: sentence-transformers/all-MiniLM-L4-v2 is not a local folder and is not a valid model identifier listed on 'https://huggingface.co/models'
If this is a private repository, make sure to pass a token having permission to this repo either by logging in with `hf auth login` or by passing `token=<your_token>`. Clustering is disabled.
2026-02-17 13:16:25,695 - INFO - --- Scraper service started (CI Mode: Run Once) ---
2026-02-17 13:16:25,695 - INFO - --- Starting new scraping job (Parallel Mode) ---
2026-02-17 13:16:25,695 - INFO - Creating new robust session with 3 retries on 5xx/connection/read errors.
2026-02-17 13:16:25,695 - INFO - Proxy is DISABLED.
2026-02-17 13:16:25,695 - INFO - Starting scrape for BBC RSS feed: http://feeds.bbci.co.uk/news/world/rss.xml
2026-02-17 13:16:25,696 - INFO - [Times of India] (Thread) requires Selenium. Initializing driver...
2026-02-17 13:16:25,697 - INFO - Starting scrape for TechCrunch RSS feed: https://techcrunch.com/feed/
2026-02-17 13:16:25,698 - INFO - Starting scrape for The Guardian RSS feed: https://www.theguardian.com/world/rss
2026-02-17 13:16:25,700 - INFO - [The Hindu] (Thread) requires Selenium. Initializing driver...
2026-02-17 13:16:25,700 - INFO - Submitted 5 jobs to thread pool. Waiting up to 300s for completion...
2026-02-17 13:16:25,853 - INFO - Found 45 articles in The Guardian RSS feed. Processing until 20 new articles are saved.
2026-02-17 13:16:25,853 - INFO - [The Guardian] Early skip: URL https://www.theguardian.com/world/2026/feb/17/trim-slugs-to-kenya-authorities-israel-tech-crack-activists-phone-report already exists.
2026-02-17 13:16:25,855 - INFO - [The Guardian] Early skip: URL https://www.theguardian.com/news/audio/2026/feb/16/how-an-undercover-cop-foiled-an-is-plot-to-massacre-britains-jews-podcast already exists.
2026-02-17 13:16:25,856 - INFO - [The Guardian] Early skip: URL https://www.theguardian.com/world/2026/feb/14/assailants-kill-raids-northwest-nigeria-villages-residents-say already exists.
2026-02-17 13:16:25,858 - INFO - [The Guardian] Early skip: URL https://www.theguardian.com/world/2026/feb/09/deaths-migrant-boat-capsizes-mediterranean-libya already exists.
2026-02-17 13:16:25,859 - INFO - [The Guardian] Early skip: URL https://www.theguardian.com/music/2026/feb/09/ebo-taylor-ghanaian-highlife-pioneer-dies-age-90 already exists.
2026-02-17 13:16:25,861 - INFO - [The Guardian] Early skip: URL https://www.theguardian.com/world/2026/feb/16/mexico-disappearances-increase already exists.
2026-02-17 13:16:25,862 - INFO - [The Guardian] Early skip: URL https://www.theguardian.com/world/2026/feb/15/canada-support-tumbler-ridge-school-shooting already exists.
2026-02-17 13:16:25,903 - INFO - [The Guardian] Early skip: URL https://www.theguardian.com/world/2026/feb/15/us-forces-board-second-venezuelalinked-oil-tanker-in-indian-ocean already exists.
2026-02-17 13:16:25,905 - INFO - [The Guardian] Early skip: URL https://www.theguardian.com/news/ng-interactive/2026/feb/15/cuba-crisis-oil-shortage-venezuela-donald-trump-havana already exists.
2026-02-17 13:16:25,908 - INFO - [The Guardian] Early skip: URL https://www.theguardian.com/us-news/2026/feb/14/venezuelan-illegally-deported-return-fears already exists.
2026-02-17 13:16:25,909 - INFO - [The Guardian] Early skip: URL https://www.theguardian.com/world/2026/feb/17/china-lunar-new-year-2026-chinese-tourists-shun-japan already exists.
2026-02-17 13:16:25,911 - INFO - [The Guardian] Early skip: URL https://www.theguardian.com/world/2026/feb/17/yoon-suk-yeol-south-korea-trial-verdict already exists.
2026-02-17 13:16:25,912 - INFO - [The Guardian] Early skip: URL https://www.theguardian.com/world/2026/feb/16/north-korea-housing-ukraine-war-families already exists.
2026-02-17 13:16:25,913 - INFO - [The Guardian] Early skip: URL https://www.theguardian.com/world/2026/feb/16/chinese-lunar-new-year-china-migration-economy already exists.
2026-02-17 13:16:25,915 - INFO - [The Guardian] Early skip: URL https://www.theguardian.com/world/2026/feb/15/new-zealand-officials-warn-more-flooding-could-hit-north-island-as-man-killed-after-heavy-rain already exists.
2026-02-17 13:16:25,916 - INFO - [The Guardian] Early skip: URL https://www.theguardian.com/australia-news/2026/feb/17/family-of-85-year-old-sydney-man-kidnapped-by-mistake-say-he-wouldnt-hurt-a-fly already exists.
2026-02-17 13:16:25,918 - INFO - [The Guardian] Early skip: URL https://www.theguardian.com/australia-news/2026/feb/16/chris-baghsarian-search-sydney-man-abducted-nsw-police already exists.
2026-02-17 13:16:25,919 - INFO - [The Guardian] Early skip: URL https://www.theguardian.com/australia-news/2026/feb/17/angus-taylor-shadow-frontbench-battle-save-liberal-party already exists.
2026-02-17 13:16:25,920 - INFO - [The Guardian] Early skip: URL https://www.theguardian.com/environment/2026/feb/17/gentoo-penguins-h5n1-bird-flu-virus-heard-island-australian-territory already exists.
2026-02-17 13:16:25,922 - INFO - [The Guardian] Early skip: URL https://www.theguardian.com/australia-news/live/2026/feb/17/racism-systemic-universities-angus-taylor-leaked-migration-policy-coalition-anthony-albanese-labor-accc-coles-ntwnfb already exists.
2026-02-17 13:16:25,923 - INFO - [The Guardian] Early skip: URL https://www.theguardian.com/world/live/2026/feb/17/ukraine-talks-geneva-russia-zelenskyy-putin-orban-rubio-latest-news-updates already exists.
2026-02-17 13:16:25,924 - INFO - [The Guardian] Early skip: URL https://www.theguardian.com/business/2026/feb/17/uk-frictionless-post-brexit-trade-border-project already exists.
2026-02-17 13:16:25,925 - INFO - [The Guardian] Early skip: URL https://www.theguardian.com/business/2026/feb/17/eu-investigate-shein-sale-of-sex-dolls-recommender already exists.
2026-02-17 13:16:25,927 - INFO - [The Guardian] Early skip: URL https://www.theguardian.com/world/2026/feb/17/russia-threatens-to-deploy-navy-vessels-shadow-fleet-europe already exists.
2026-02-17 13:16:25,928 - INFO - [The Guardian] Early skip: URL https://www.theguardian.com/world/2026/feb/16/ukraine-russia-second-round-talks-fourth-anniversary-war already exists.
2026-02-17 13:16:25,930 - INFO - [The Guardian] Article: https://www.theguardian.com/world/2026/feb/17/iran-us-nuclear-talks-open-geneva
2026-02-17 13:16:25,930 - INFO - [The Guardian] Attempt 1/1: Trying with 'requests_browser' strategy...
2026-02-17 13:16:26,155 - INFO - [The Guardian] Success with 'requests_browser'. Found content (924 words).
2026-02-17 13:16:26,345 - INFO - Found 24 articles in BBC RSS feed. Processing until 20 new articles are saved.
2026-02-17 13:16:26,345 - INFO - Saved article: Second round of Iran-US nuclear talks in Geneva ends after just four hours | Iran | The Guardian from The Guardian (924 words)
2026-02-17 13:16:26,346 - INFO - [BBC] Early skip: URL https://www.bbc.com/news/articles/czx47k34yqxo?at_medium=RSS&at_campaign=rss already exists.
2026-02-17 13:16:26,348 - INFO - [BBC] Article: https://www.bbc.com/news/articles/cge812y2549o?at_medium=RSS&at_campaign=rss
2026-02-17 13:16:26,348 - INFO - [BBC] Attempt 1/1: Trying with 'requests_browser' strategy...
2026-02-17 13:16:26,575 - INFO - [BBC] Success with 'requests_browser'. Found content (581 words).
2026-02-17 13:16:26,620 - INFO - Saved article: Third round of Russia-Ukraine talks to take place as strikes continue from BBC (581 words)
2026-02-17 13:16:27,097 - INFO - Found 0 articles in TechCrunch RSS feed. Processing until 20 new articles are saved.
2026-02-17 13:16:27,698 - INFO - [BBC] Early skip: URL https://www.bbc.com/news/articles/cy9gdvl4zv4o?at_medium=RSS&at_campaign=rss already exists.
2026-02-17 13:16:27,700 - INFO - [BBC] Early skip: URL https://www.bbc.com/news/articles/cwyknjnd706o?at_medium=RSS&at_campaign=rss already exists.
2026-02-17 13:16:27,701 - INFO - [BBC] Early skip: URL https://www.bbc.com/news/articles/c1d64p3q2d0o?at_medium=RSS&at_campaign=rss already exists.
2026-02-17 13:16:27,702 - INFO - [BBC] Article: https://www.bbc.com/news/videos/c39wvr1nv2no?at_medium=RSS&at_campaign=rss
2026-02-17 13:16:27,702 - INFO - [BBC] Attempt 1/1: Trying with 'requests_browser' strategy...
2026-02-17 13:16:27,761 - WARNING - [BBC] FAILED with 'requests_browser' (content was too short: 77 words).
2026-02-17 13:16:27,761 - ERROR - [BBC] All scrape strategies failed for https://www.bbc.com/news/videos/c39wvr1nv2no?at_medium=RSS&at_campaign=rss. Falling back to RSS description.
2026-02-17 13:16:27,761 - WARNING - SKIPPED (GLOBAL WORD LIMIT): Article 'Lunar New Year 2026: Celebrations around the world' from BBC has only 25 words (Min: 90).
2026-02-17 13:16:27,836 - INFO - [The Guardian] Early skip: URL https://www.theguardian.com/world/2026/feb/17/medics-uk-us-denied-entry-gaza-after-speaking-out-israel already exists.
2026-02-17 13:16:27,838 - INFO - [The Guardian] Early skip: URL https://www.theguardian.com/world/2026/feb/16/the-patience-and-the-poker-face-irans-wily-diplomat-set-to-face-the-us-in-nuclear-talks already exists.
2026-02-17 13:16:27,839 - INFO - [The Guardian] Early skip: URL https://www.theguardian.com/world/2026/feb/16/what-is-happening-to-syrias-is-camps-and-their-former-residents already exists.
2026-02-17 13:16:27,840 - INFO - [The Guardian] Early skip: URL https://www.theguardian.com/world/2026/feb/16/producer-of-israeli-spy-thriller-found-dead-in-athens-hotel already exists.
2026-02-17 13:16:27,841 - INFO - [The Guardian] Early skip: URL https://www.theguardian.com/world/2026/feb/17/bangladesh-pm-tarique-rahman-election-prime-minister-sworn-in already exists.
2026-02-17 13:16:27,843 - INFO - [The Guardian] Early skip: URL https://www.theguardian.com/us-news/2026/feb/15/bhutanese-nepali-refugee-ice-trump-immigration already exists.
2026-02-17 13:16:27,844 - INFO - [The Guardian] Early skip: URL https://www.theguardian.com/world/2026/feb/13/bangladesh-election-bnp-wins already exists.
2026-02-17 13:16:27,845 - INFO - [The Guardian] Early skip: URL https://www.theguardian.com/global-development/2026/feb/13/invisible-children-born-in-the-brothels-of-bangladesh-finally-get-birth-certificates already exists.
2026-02-17 13:16:27,846 - INFO - [The Guardian] Early skip: URL https://www.theguardian.com/world/2026/feb/12/tarique-rahman-bnp-bangladesh-election already exists.
2026-02-17 13:16:27,847 - INFO - [The Guardian] Early skip: URL https://www.theguardian.com/politics/live/2026/feb/17/reform-farage-shadow-cabinet-local-council-elections-labour-starmer-latest-news-updates already exists.
2026-02-17 13:16:27,849 - INFO - [The Guardian] Article: https://www.theguardian.com/uk-news/2026/feb/17/hartlepool-councillors-threaten-to-quit-labour-childrens-social-care-budget
2026-02-17 13:16:27,849 - INFO - [The Guardian] Attempt 1/1: Trying with 'requests_browser' strategy...
2026-02-17 13:16:27,881 - INFO - [The Guardian] Success with 'requests_browser'. Found content (683 words).
2026-02-17 13:16:27,919 - INFO - Saved article: ‘Betrayed’: 21 Hartlepool councillors threaten to quit Labour over care budget | County Durham | The Guardian from The Guardian (683 words)
2026-02-17 13:16:28,435 - INFO - [The Guardian] Early skip: URL https://www.theguardian.com/business/2026/feb/17/boohoo-debenhams-mike-ashley-sports-direct already exists.
2026-02-17 13:16:28,436 - INFO - [The Guardian] Early skip: URL https://www.theguardian.com/business/2026/feb/17/hyatt-chair-thomas-pritzker-jeffrey-epstein-ghislane-maxwell already exists.
2026-02-17 13:16:28,437 - INFO - [The Guardian] Early skip: URL https://www.theguardian.com/tv-and-radio/2026/feb/17/look-mum-no-computer-uk-entry-eurovision-2026 already exists.
2026-02-17 13:16:28,438 - INFO - [The Guardian] Early skip: URL https://www.theguardian.com/us-news/live/2026/feb/17/jesse-jackson-tributes-died-84-civil-rights-latest-news-updates already exists.
2026-02-17 13:16:28,440 - INFO - [The Guardian] Article: https://www.theguardian.com/us-news/2026/feb/17/les-wexner-jeffrey-epstein
2026-02-17 13:16:28,440 - INFO - [The Guardian] Attempt 1/1: Trying with 'requests_browser' strategy...
2026-02-17 13:16:28,474 - INFO - [The Guardian] Success with 'requests_browser'. Found content (2102 words).
2026-02-17 13:16:28,520 - INFO - Saved article: Questions swirl over Ohio billionaire Les Wexner’s ties to Jeffrey Epstein | Jeffrey Epstein | The Guardian from The Guardian (2102 words)
2026-02-17 13:16:28,690 - INFO - [BBC] Article: https://www.bbc.com/news/articles/cjd93rl849xo?at_medium=RSS&at_campaign=rss
2026-02-17 13:16:28,690 - INFO - [BBC] Attempt 1/1: Trying with 'requests_browser' strategy...
2026-02-17 13:16:28,728 - INFO - [BBC] Success with 'requests_browser'. Found content (548 words).
2026-02-17 13:16:28,768 - INFO - Saved article: Sheriff says Nancy Guthrie family cleared as suspects, with search in its third week from BBC (548 words)
2026-02-17 13:16:29,883 - INFO - [BBC] Early skip: URL https://www.bbc.com/news/articles/c99jngpymyjo?at_medium=RSS&at_campaign=rss already exists.
2026-02-17 13:16:29,884 - INFO - [BBC] Early skip: URL https://www.bbc.com/news/articles/c93wk4d7x19o?at_medium=RSS&at_campaign=rss already exists.
2026-02-17 13:16:29,886 - INFO - [BBC] Early skip: URL https://www.bbc.com/news/articles/crk8nxg1p4xo?at_medium=RSS&at_campaign=rss already exists.
2026-02-17 13:16:29,887 - INFO - [BBC] Early skip: URL https://www.bbc.com/news/articles/cvg5ed05pplo?at_medium=RSS&at_campaign=rss already exists.
2026-02-17 13:16:29,888 - INFO - [BBC] Early skip: URL https://www.bbc.com/sport/rugby-league/articles/c8eg71gywlyo?at_medium=RSS&at_campaign=rss already exists.
2026-02-17 13:16:29,889 - INFO - [BBC] Early skip: URL https://www.bbc.com/news/articles/cx77214zz9eo?at_medium=RSS&at_campaign=rss already exists.
2026-02-17 13:16:29,891 - INFO - [BBC] Early skip: URL https://www.bbc.com/news/articles/cx2gn239exlo?at_medium=RSS&at_campaign=rss already exists.
2026-02-17 13:16:29,892 - INFO - [BBC] Early skip: URL https://www.bbc.com/news/articles/c86y3ndqlxwo?at_medium=RSS&at_campaign=rss already exists.
2026-02-17 13:16:29,893 - INFO - [BBC] Early skip: URL https://www.bbc.com/news/articles/cqxd9549y4xo?at_medium=RSS&at_campaign=rss already exists.
2026-02-17 13:16:29,894 - INFO - [BBC] Early skip: URL https://www.bbc.com/news/articles/cdr2xl1e41eo?at_medium=RSS&at_campaign=rss already exists.
2026-02-17 13:16:29,895 - INFO - [BBC] Early skip: URL https://www.bbc.com/news/articles/cv2grggdzweo?at_medium=RSS&at_campaign=rss already exists.
2026-02-17 13:16:29,897 - INFO - [BBC] Early skip: URL https://www.bbc.com/news/videos/cnv6zy10vz4o?at_medium=RSS&at_campaign=rss already exists.
2026-02-17 13:16:29,898 - INFO - [BBC] Early skip: URL https://www.bbc.com/news/videos/cgjz234pj3lo?at_medium=RSS&at_campaign=rss already exists.
2026-02-17 13:16:29,899 - INFO - [BBC] Early skip: URL https://www.bbc.com/news/videos/c1e9z8jw93yo?at_medium=RSS&at_campaign=rss already exists.
2026-02-17 13:16:29,900 - INFO - [BBC] Early skip: URL https://www.bbc.com/news/videos/crmlgpnnzyxo?at_medium=RSS&at_campaign=rss already exists.
2026-02-17 13:16:29,901 - INFO - [BBC] Early skip: URL https://www.bbc.com/news/videos/c93wgxnk351o?at_medium=RSS&at_campaign=rss already exists.
2026-02-17 13:16:29,903 - INFO - [BBC] Early skip: URL https://www.bbc.com/news/videos/c80jvkem8lro?at_medium=RSS&at_campaign=rss already exists.
2026-02-17 13:16:29,929 - INFO - [The Guardian] Article: https://www.theguardian.com/technology/ng-interactive/2026/feb/17/ai-startups-work-culture-san-francisco
2026-02-17 13:16:29,930 - INFO - [The Guardian] Attempt 1/1: Trying with 'requests_browser' strategy...
2026-02-17 13:16:29,963 - INFO - [The Guardian] Success with 'requests_browser'. Found content (1502 words).
2026-02-17 13:16:30,000 - INFO - Saved article: 12-hour days, no weekends: the anxiety driving AI’s brutal work culture is a warning for all of us | AI (artificial intelligence) | The Guardian from The Guardian (1502 words)
2026-02-17 13:16:31,230 - INFO - [The Guardian] Article: https://www.theguardian.com/us-news/2026/feb/17/zohran-mamdani-nypd-stop-fakes
2026-02-17 13:16:31,230 - INFO - [The Guardian] Attempt 1/1: Trying with 'requests_browser' strategy...
2026-02-17 13:16:31,262 - INFO - [The Guardian] Success with 'requests_browser'. Found content (1189 words).
2026-02-17 13:16:31,304 - INFO - Saved article: Mamdani faces first showdown with NYPD – will he risk alienating police? | Zohran Mamdani | The Guardian from The Guardian (1189 words)
2026-02-17 13:16:32,781 - INFO - [The Guardian] Article: https://www.theguardian.com/us-news/2026/feb/17/first-thing-jesse-jackson-civil-rights-icon-dies-aged-84
2026-02-17 13:16:32,781 - INFO - [The Guardian] Attempt 1/1: Trying with 'requests_browser' strategy...
2026-02-17 13:16:32,831 - INFO - Selenium driver initialized successfully.
2026-02-17 13:16:32,831 - INFO - Starting scrape for The Hindu RSS feed: https://www.thehindu.com/news/national/feeder/default.rss
2026-02-17 13:16:32,832 - INFO - Selenium driver initialized successfully.
2026-02-17 13:16:32,832 - INFO - Starting scrape for Times of India RSS feed: https://timesofindia.indiatimes.com/rssfeeds/296589292.cms
2026-02-17 13:16:32,988 - INFO - Found 20 articles in Times of India RSS feed. Processing until 20 new articles are saved.
2026-02-17 13:16:32,989 - INFO - [Times of India] Article: https://timesofindia.indiatimes.com/world/south-asia/the-battle-of-begums-chapter-ends-bangladesh-turns-a-new-page-with-a-new-nawab-tarique-rahman/articleshow/128464200.cms
2026-02-17 13:16:32,989 - INFO - [Times of India] Attempt 1/1: Trying with 'selenium_browser' strategy...
2026-02-17 13:16:33,016 - INFO - [The Guardian] Success with 'requests_browser'. Found content (1064 words).
2026-02-17 13:16:33,066 - INFO - Saved article: First Thing: Jesse Jackson, civil rights icon, dies aged 84 | US news | The Guardian from The Guardian (1064 words)
2026-02-17 13:16:33,082 - INFO - Found 100 articles in The Hindu RSS feed. Processing until 20 new articles are saved.
2026-02-17 13:16:33,083 - INFO - [The Hindu] Article: https://www.thehindu.com/news/national/india-should-be-among-the-top-three-ai-superpowers-globally-pm-modi/article70643283.ece
2026-02-17 13:16:33,083 - INFO - [The Hindu] Attempt 1/1: Trying with 'selenium_browser' strategy...
2026-02-17 13:16:38,290 - INFO - [The Hindu] Page content loaded.
2026-02-17 13:16:38,386 - INFO - [The Hindu] Success with 'selenium_browser'. Found content (2398 words).
2026-02-17 13:16:38,532 - INFO - Saved article: ‘India should be among the top three AI superpowers globally’: PM Modi - The Hindu from The Hindu (2398 words)
2026-02-17 13:16:39,717 - INFO - [The Hindu] Article: https://www.thehindu.com/news/national/kerala/to-aid-safe-migration-kerala-to-take-pre-departure-orientation-to-campuses/article70640177.ece
2026-02-17 13:16:39,717 - INFO - [The Hindu] Attempt 1/1: Trying with 'selenium_browser' strategy...
2026-02-17 13:16:53,024 - ERROR - [Times of India] Request failed for strategy 'selenium_browser' on URL https://timesofindia.indiatimes.com/world/south-asia/the-battle-of-begums-chapter-ends-bangladesh-turns-a-new-page-with-a-new-nawab-tarique-rahman/articleshow/128464200.cms: Message: timeout: Timed out receiving message from renderer: 19.704
  (Session info: chrome=144.0.7559.132)
Stacktrace:
#0 0x562a2a2aea4a <unknown>
#1 0x562a29cc76a2 <unknown>
#2 0x562a29caed87 <unknown>
#3 0x562a29cae996 <unknown>
#4 0x562a29cac4a1 <unknown>
#5 0x562a29cace2f <unknown>
#6 0x562a29cbc360 <unknown>
#7 0x562a29cd6357 <unknown>
#8 0x562a29cdd56b <unknown>
#9 0x562a29cad599 <unknown>
#10 0x562a29cd60ec <unknown>
#11 0x562a29d65b68 <unknown>
#12 0x562a29d0e8b2 <unknown>
#13 0x562a29d0f6a1 <unknown>
#14 0x562a2a2748a9 <unknown>
#15 0x562a2a2777b1 <unknown>
#16 0x562a2a260ea9 <unknown>
#17 0x562a2a27836e <unknown>
#18 0x562a2a247410 <unknown>
#19 0x562a2a29c0c8 <unknown>
#20 0x562a2a29c29b <unknown>
#21 0x562a2a2addb8 <unknown>
#22 0x7f6b7b09caa4 <unknown>
#23 0x7f6b7b129c6c <unknown>

2026-02-17 13:16:53,025 - ERROR - [Times of India] All scrape strategies failed for https://timesofindia.indiatimes.com/world/south-asia/the-battle-of-begums-chapter-ends-bangladesh-turns-a-new-page-with-a-new-nawab-tarique-rahman/articleshow/128464200.cms. Falling back to RSS description.
2026-02-17 13:16:53,025 - WARNING - SKIPPED (GLOBAL WORD LIMIT): Article 'The 'Battle of Begums' chapter ends: Bangladesh turns a new page with a new nawab, Tarique Rahman' from Times of India has only 59 words (Min: 90).
2026-02-17 13:16:54,305 - INFO - [Times of India] Article: https://timesofindia.indiatimes.com/world/us/this-decision-is-for-purely-financial-reasons-stephen-colbert-says-cbs-blocked-texas-lawmaker-james-talaricos-interview-over-fcc-equal-time-fears/articleshow/128464837.cms
2026-02-17 13:16:54,306 - INFO - [Times of India] Attempt 1/1: Trying with 'selenium_browser' strategy...
2026-02-17 13:16:55,788 - INFO - [Times of India] Page content loaded.
2026-02-17 13:16:55,919 - INFO - [Times of India] Success with 'selenium_browser'. Found content (669 words).
2026-02-17 13:16:55,982 - INFO - Saved article: This decision is for ‘purely financial reasons’: Stephen Colbert says CBS blocked Texas lawmaker James Talarico's interview over FCC ‘equal time’ fears - The Times of India from Times of India (669 words)
2026-02-17 13:16:56,744 - INFO - [Times of India] Article: https://timesofindia.indiatimes.com/defence/international/warship-can-be-sent-to-sea-floor-khameneis-warning-to-us-raises-question-can-iran-sink-us-supercarrier-uss-gerald-r-ford/articleshow/128465476.cms
2026-02-17 13:16:56,744 - INFO - [Times of India] Attempt 1/1: Trying with 'selenium_browser' strategy...
2026-02-17 13:16:58,094 - INFO - [Times of India] Page content loaded.
2026-02-17 13:16:58,179 - INFO - [Times of India] Success with 'selenium_browser'. Found content (1005 words).
2026-02-17 13:16:58,231 - INFO - Saved article: ‘Warship can be sent to sea floor’: Khamenei’s warning to US raises question — can Iran sink US supercarrier USS Gerald R Ford? - The Times of India from Times of India (1005 words)
2026-02-17 13:16:59,613 - INFO - [Times of India] Article: https://timesofindia.indiatimes.com/world/us/jesse-jackson-walked-so-barack-obama-could-run/articleshow/128464023.cms
2026-02-17 13:16:59,613 - INFO - [Times of India] Attempt 1/1: Trying with 'selenium_browser' strategy...
2026-02-17 13:16:59,760 - ERROR - [The Hindu] Request failed for strategy 'selenium_browser' on URL https://www.thehindu.com/news/national/kerala/to-aid-safe-migration-kerala-to-take-pre-departure-orientation-to-campuses/article70640177.ece: Message: timeout: Timed out receiving message from renderer: 17.965
  (Session info: chrome=144.0.7559.132)
Stacktrace:
#0 0x562749128a4a <unknown>
#1 0x562748b416a2 <unknown>
#2 0x562748b28d87 <unknown>
#3 0x562748b28996 <unknown>
#4 0x562748b264a1 <unknown>
#5 0x562748b26e2f <unknown>
#6 0x562748b36360 <unknown>
#7 0x562748b50357 <unknown>
#8 0x562748b5756b <unknown>
#9 0x562748b27599 <unknown>
#10 0x562748b500ec <unknown>
#11 0x562748bdfb68 <unknown>
#12 0x562748b888b2 <unknown>
#13 0x562748b896a1 <unknown>
#14 0x5627490ee8a9 <unknown>
#15 0x5627490f17b1 <unknown>
#16 0x5627490daea9 <unknown>
#17 0x5627490f236e <unknown>
#18 0x5627490c1410 <unknown>
#19 0x5627491160c8 <unknown>
#20 0x56274911629b <unknown>
#21 0x562749127db8 <unknown>
#22 0x7f96d529caa4 <unknown>
#23 0x7f96d5329c6c <unknown>

2026-02-17 13:16:59,760 - ERROR - [The Hindu] All scrape strategies failed for https://www.thehindu.com/news/national/kerala/to-aid-safe-migration-kerala-to-take-pre-departure-orientation-to-campuses/article70640177.ece. Falling back to RSS description.
2026-02-17 13:16:59,760 - WARNING - SKIPPED (GLOBAL WORD LIMIT): Article 'To aid safe migration, Kerala to take pre-departure orientation to campuses' from The Hindu has only 17 words (Min: 90).
2026-02-17 13:17:00,594 - INFO - [The Hindu] Article: https://www.thehindu.com/news/cities/bangalore/retired-bmtc-employee-clubbed-to-death-over-property-row-son-arrested/article70643001.ece
2026-02-17 13:17:00,594 - INFO - [The Hindu] Attempt 1/1: Trying with 'selenium_browser' strategy...
2026-02-17 13:17:01,395 - INFO - [Times of India] Page content loaded.
2026-02-17 13:17:01,651 - INFO - [Times of India] Success with 'selenium_browser'. Found content (1878 words).
2026-02-17 13:17:01,765 - INFO - Saved article: Jesse Jackson walked, so Barack Obama could run | World News - The Times of India from Times of India (1878 words)
2026-02-17 13:17:02,408 - INFO - [The Hindu] Page content loaded.
2026-02-17 13:17:02,887 - INFO - [Times of India] Article: https://timesofindia.indiatimes.com/world/us/rhode-island-shooter-and-trans-parent-robert-dorgan-gave-chilling-warning-before-attack-we-go-berserk-/articleshow/128464228.cms
2026-02-17 13:17:02,887 - INFO - [Times of India] Attempt 1/1: Trying with 'selenium_browser' strategy...
2026-02-17 13:17:03,229 - INFO - [The Hindu] Success with 'selenium_browser'. Found content (230 words).
2026-02-17 13:17:03,349 - INFO - Saved article: Retired BMTC employee clubbed to death over property row, son arrested - The Hindu from The Hindu (230 words)
2026-02-17 13:17:04,429 - INFO - [The Hindu] Article: https://www.thehindu.com/news/national/sunetra-pawar-ncp-leaders-meet-fadnavis-seek-cbi-probe-in-baramati-air-crash/article70643182.ece
2026-02-17 13:17:04,429 - INFO - [The Hindu] Attempt 1/1: Trying with 'selenium_browser' strategy...
2026-02-17 13:17:04,451 - INFO - [Times of India] Page content loaded.
2026-02-17 13:17:04,619 - INFO - [Times of India] Success with 'selenium_browser'. Found content (419 words).
2026-02-17 13:17:04,758 - INFO - Saved article: Rhode Island shooter and trans parent Robert Dorgan gave chilling warning before attack: 'We go berserk...' - The Times of India from Times of India (419 words)
2026-02-17 13:17:06,139 - INFO - [Times of India] Article: https://timesofindia.indiatimes.com/world/middle-east/silicon-valley-style-fallout-uber-adds-fuel-to-fire-as-trkiyes-getir-founders-sue-abu-dhabis-mubadala-for-700m-betrayal/articleshow/128462873.cms
2026-02-17 13:17:06,139 - INFO - [Times of India] Attempt 1/1: Trying with 'selenium_browser' strategy...
2026-02-17 13:17:07,529 - INFO - [Times of India] Page content loaded.
2026-02-17 13:17:07,645 - INFO - [Times of India] Success with 'selenium_browser'. Found content (981 words).
2026-02-17 13:17:07,957 - INFO - Saved article: Silicon Valley-style fallout: Uber adds fuel to fire as Türkiye’s Getir founders sue Abu Dhabi’s Mubadala for $700M betrayal - The Times of India from Times of India (981 words)
2026-02-17 13:17:09,253 - INFO - [Times of India] Article: https://timesofindia.indiatimes.com/world/us-streamers/not-one-single-person-on-earth-mrbeast-claims-no-creator-has-worked-harder-than-him-and-the-internet-is-divided/articleshow/128452851.cms
2026-02-17 13:17:09,253 - INFO - [Times of India] Attempt 1/1: Trying with 'selenium_browser' strategy...
2026-02-17 13:17:10,177 - INFO - [Times of India] Page content loaded.
2026-02-17 13:17:10,362 - INFO - [Times of India] Success with 'selenium_browser'. Found content (416 words).
2026-02-17 13:17:10,424 - INFO - Saved article: “Not one single person on earth…”: MrBeast claims no creator has worked harder than him and the internet is divided - The Times of India from Times of India (416 words)
2026-02-17 13:17:11,009 - INFO - [Times of India] Article: https://timesofindia.indiatimes.com/world/us-streamers/illegal-child-labor-mrbeast-says-child-labor-crisis-in-cocoa-farms-inspired-him-to-launch-feastables/articleshow/128452589.cms
2026-02-17 13:17:11,009 - INFO - [Times of India] Attempt 1/1: Trying with 'selenium_browser' strategy...
2026-02-17 13:17:12,090 - INFO - [Times of India] Page content loaded.
2026-02-17 13:17:12,185 - INFO - [Times of India] Success with 'selenium_browser'. Found content (410 words).
2026-02-17 13:17:12,274 - INFO - Saved article: “Illegal child labor”: MrBeast says child labor crisis in cocoa farms inspired him to launch Feastables - The Times of India from Times of India (410 words)
2026-02-17 13:17:12,659 - INFO - [The Hindu] Page content loaded.
2026-02-17 13:17:12,762 - INFO - [The Hindu] Success with 'selenium_browser'. Found content (349 words).
2026-02-17 13:17:12,860 - INFO - Saved article: Sunetra Pawar meets Maharashtra CM Devendra Fadnavis, seeks CBI probe into Ajit Pawar plane crash - The Hindu from The Hindu (349 words)
2026-02-17 13:17:13,074 - INFO - [Times of India] Article: https://timesofindia.indiatimes.com/world/us-streamers/jealous-and-spiteful-women-laura-loomer-blasts-candace-owens-while-backing-erika-kirk-in-valentines-day-post/articleshow/128447745.cms
2026-02-17 13:17:13,075 - INFO - [Times of India] Attempt 1/1: Trying with 'selenium_browser' strategy...
2026-02-17 13:17:13,746 - INFO - [The Hindu] Article: https://www.thehindu.com/news/cities/Hyderabad/telangana-govt-focusses-on-amenities-in-ghmc-ahead-of-elections-to-the-corporation/article70643147.ece
2026-02-17 13:17:13,746 - INFO - [The Hindu] Attempt 1/1: Trying with 'selenium_browser' strategy...
2026-02-17 13:17:13,777 - INFO - [Times of India] Page content loaded.
2026-02-17 13:17:14,121 - INFO - [Times of India] Success with 'selenium_browser'. Found content (404 words).
2026-02-17 13:17:14,209 - INFO - Saved article: “Jealous and spiteful women”: Laura Loomer blasts Candace Owens while backing Erika Kirk in Valentine’s Day post - The Times of India from Times of India (404 words)
2026-02-17 13:17:15,176 - INFO - [Times of India] Article: https://timesofindia.indiatimes.com/world/south-asia/bangladesh-new-govt-hindu-leader-inducted-into-tarique-rahmans-cabinet-who-is-nitai-roy-chowdhury/articleshow/128462426.cms
2026-02-17 13:17:15,176 - INFO - [Times of India] Attempt 1/1: Trying with 'selenium_browser' strategy...
2026-02-17 13:17:16,026 - INFO - [Times of India] Page content loaded.
2026-02-17 13:17:16,211 - INFO - [Times of India] Success with 'selenium_browser'. Found content (601 words).
2026-02-17 13:17:16,316 - INFO - Saved article: Bangladesh new govt: Hindu leader inducted into Tarique Rahman’s cabinet - who is Nitai Roy Chowdhury? - The Times of India from Times of India (601 words)
2026-02-17 13:17:17,667 - INFO - [Times of India] Article: https://timesofindia.indiatimes.com/world/middle-east/warship-can-be-sent-to-sea-floor-khameneis-blunt-warning-to-trump-us/articleshow/128462096.cms
2026-02-17 13:17:17,668 - INFO - [Times of India] Attempt 1/1: Trying with 'selenium_browser' strategy...
2026-02-17 13:17:18,112 - INFO - [The Hindu] Page content loaded.
2026-02-17 13:17:18,228 - INFO - [The Hindu] Success with 'selenium_browser'. Found content (414 words).
2026-02-17 13:17:18,348 - INFO - Saved article: Telangana Govt focusses on amenities in GHMC ahead of elections to the Corporation - The Hindu from The Hindu (414 words)
2026-02-17 13:17:18,774 - INFO - [Times of India] Page content loaded.
2026-02-17 13:17:18,875 - INFO - [Times of India] Success with 'selenium_browser'. Found content (305 words).
2026-02-17 13:17:18,936 - INFO - Saved article: 'Warship can be sent to sea floor': Khamenei's blunt warning to Trump, US - The Times of India from Times of India (305 words)
2026-02-17 13:17:19,319 - INFO - [The Hindu] Article: https://www.thehindu.com/news/national/meghalaya/194-bangladeshi-nationals-deported-from-meghalaya-since-2021/article70643055.ece
2026-02-17 13:17:19,319 - INFO - [The Hindu] Attempt 1/1: Trying with 'selenium_browser' strategy...
2026-02-17 13:17:20,155 - INFO - [Times of India] Article: https://timesofindia.indiatimes.com/world/middle-east/no-visa-no-paperwork-needed-for-indians-armenia-opens-doors-to-tourists-and-business-travellers-from-india-expatriates-across-gulf-us-europe-for-180-days/articleshow/128460450.cms
2026-02-17 13:17:20,155 - INFO - [Times of India] Attempt 1/1: Trying with 'selenium_browser' strategy...
2026-02-17 13:17:21,242 - INFO - [Times of India] Page content loaded.
2026-02-17 13:17:21,376 - INFO - [Times of India] Success with 'selenium_browser'. Found content (1005 words).
2026-02-17 13:17:21,444 - INFO - Saved article: No visa, no paperwork needed for Indians: Armenia opens travel doors to expatriates across Gulf, US, Europe for 180 days - The Times of India from Times of India (1005 words)
2026-02-17 13:17:22,198 - INFO - [Times of India] Early skip: URL https://timesofindia.indiatimes.com/world/us/jesse-jackson-death-why-civil-rights-activist-wanted-to-cut-off-barack-obamas-manhood/articleshow/128461505.cms already exists.
2026-02-17 13:17:22,200 - INFO - [Times of India] Early skip: URL https://timesofindia.indiatimes.com/world/middle-east/qatar-announces-public-sector-working-hours-for-ramadan-2026/articleshow/128459281.cms already exists.
2026-02-17 13:17:22,202 - INFO - [Times of India] Early skip: URL https://timesofindia.indiatimes.com/science/what-is-the-difference-between-asteroids-comets-and-meteors/articleshow/128460263.cms already exists.
2026-02-17 13:17:22,203 - INFO - [Times of India] Early skip: URL https://timesofindia.indiatimes.com/science/trapped-in-antarctic-ice-for-66-years-body-of-british-scientist-dennis-bell-was-recovered/articleshow/128307306.cms already exists.
2026-02-17 13:17:22,205 - INFO - [Times of India] Early skip: URL https://timesofindia.indiatimes.com/world/south-asia/tarique-rahman-sworn-in-as-bangladesh-prime-minister/articleshow/128460204.cms already exists.
2026-02-17 13:17:22,206 - INFO - [Times of India] Early skip: URL https://timesofindia.indiatimes.com/world/us/rhode-island-shooting-gunman-was-transgender-parent-who-went-by-roberta-what-we-know-about-him/articleshow/128459303.cms already exists.
2026-02-17 13:17:22,207 - INFO - [Times of India] Early skip: URL https://timesofindia.indiatimes.com/world/rest-of-world/fire-in-the-sky-klauea-volcano-erupts-in-hawaii-shooting-lava-1300-feet-into-the-air-in-the-10-hour-eruption/articleshow/128458905.cms already exists.
2026-02-17 13:17:22,209 - INFO - [Times of India] Early skip: URL https://timesofindia.indiatimes.com/world/rest-of-world/missile-message-to-beijing-us-to-increase-its-fire-power-in-philippines/articleshow/128458837.cms already exists.
2026-02-17 13:17:22,210 - INFO - [Times of India] (Thread) Finished. Attempting to shut down its Selenium driver.
2026-02-17 13:17:22,350 - INFO - [Times of India] (Thread) driver.quit() successful.
2026-02-17 13:17:28,354 - INFO - [The Hindu] Page content loaded.
2026-02-17 13:17:28,453 - INFO - [The Hindu] Success with 'selenium_browser'. Found content (229 words).
2026-02-17 13:17:28,551 - INFO - Saved article: 194 Bangladeshis deported from Meghalaya since 2021 - The Hindu from The Hindu (229 words)
2026-02-17 13:17:29,783 - INFO - [The Hindu] Article: https://www.thehindu.com/education/merit-mobility-and-uncertainty-inside-madhya-pradeshs-cm-rise-teacher-selection-process/article70637967.ece
2026-02-17 13:17:29,784 - INFO - [The Hindu] Attempt 1/1: Trying with 'selenium_browser' strategy...
2026-02-17 13:17:38,954 - INFO - [The Hindu] Page content loaded.
2026-02-17 13:17:39,061 - INFO - [The Hindu] Success with 'selenium_browser'. Found content (976 words).
2026-02-17 13:17:39,127 - INFO - Saved article: Merit, mobility, and uncertainty: Inside Madhya Pradesh’s CM Rise teacher selection process - The Hindu from The Hindu (976 words)
2026-02-17 13:17:40,573 - INFO - [The Hindu] Article: https://www.thehindu.com/videos/watch-machattu-mamangam-2026-in-kerala-showcases-grand-kuthirakolam-procession/article70643204.ece
2026-02-17 13:17:40,574 - INFO - [The Hindu] Attempt 1/1: Trying with 'selenium_browser' strategy...
2026-02-17 13:17:41,194 - INFO - [The Hindu] Page content loaded.
2026-02-17 13:17:41,272 - INFO - [The Hindu] Success with 'selenium_browser'. Found content (147 words).
2026-02-17 13:17:41,338 - INFO - Saved article: Watch: Machattu Mamangam in Kerala showcases grand Kuthirakolam procession - The Hindu from The Hindu (147 words)
2026-02-17 13:17:41,841 - INFO - [The Hindu] Article: https://www.thehindu.com/news/cities/Tiruchirapalli/22-injured-in-jallikattu-held-at-two-villages-in-pudukottai/article70642975.ece
2026-02-17 13:17:41,842 - INFO - [The Hindu] Attempt 1/1: Trying with 'selenium_browser' strategy...
2026-02-17 13:17:42,422 - INFO - [The Hindu] Page content loaded.
2026-02-17 13:17:42,564 - INFO - [The Hindu] Success with 'selenium_browser'. Found content (98 words).
2026-02-17 13:17:42,653 - INFO - Saved article: 22 injured in jallikattu held at two villages in Pudukottai - The Hindu from The Hindu (98 words)
2026-02-17 13:17:43,783 - INFO - [The Hindu] Article: https://www.thehindu.com/news/national/kerala/ncpsp-pathanamthitta-district-committee-disbands-itself-joins-kerala-congress/article70642885.ece
2026-02-17 13:17:43,784 - INFO - [The Hindu] Attempt 1/1: Trying with 'selenium_browser' strategy...
2026-02-17 13:17:50,881 - INFO - [The Hindu] Page content loaded.
2026-02-17 13:17:50,991 - INFO - [The Hindu] Success with 'selenium_browser'. Found content (310 words).
2026-02-17 13:17:51,273 - INFO - Saved article: Kerala: NCP(SP) Pathanamthitta district committee joins Kerala Congress, disbands - The Hindu from The Hindu (310 words)
2026-02-17 13:17:52,178 - INFO - [The Hindu] Article: https://www.thehindu.com/news/cities/Coimbatore/stringent-action-being-taken-against-offenders-selling-tobacco-near-schools-erode-collector/article70641968.ece
2026-02-17 13:17:52,178 - INFO - [The Hindu] Attempt 1/1: Trying with 'selenium_browser' strategy...
2026-02-17 13:17:59,310 - INFO - [The Hindu] Page content loaded.
2026-02-17 13:17:59,402 - INFO - [The Hindu] Success with 'selenium_browser'. Found content (178 words).
2026-02-17 13:17:59,516 - INFO - Saved article: Tamil Nadu: Stringent action being taken against offenders selling tobacco near schools, says Erode collector - The Hindu from The Hindu (178 words)
2026-02-17 13:18:00,131 - INFO - [The Hindu] Article: https://www.thehindu.com/news/national/decision-on-jk-statehood-soon-arjun-meghwal/article70643023.ece
2026-02-17 13:18:00,131 - INFO - [The Hindu] Attempt 1/1: Trying with 'selenium_browser' strategy...
2026-02-17 13:18:06,622 - INFO - [The Hindu] Page content loaded.
2026-02-17 13:18:06,692 - INFO - [The Hindu] Success with 'selenium_browser'. Found content (302 words).
2026-02-17 13:18:06,758 - INFO - Saved article: Decision on J&K Statehood soon: Arjun Meghwal - The Hindu from The Hindu (302 words)
2026-02-17 13:18:07,284 - INFO - [The Hindu] Article: https://www.thehindu.com/news/national/assam/assam-green-activist-points-out-rat-hole-coal-mining-along-arunachal-border/article70642845.ece
2026-02-17 13:18:07,284 - INFO - [The Hindu] Attempt 1/1: Trying with 'selenium_browser' strategy...
2026-02-17 13:18:07,871 - INFO - [The Hindu] Page content loaded.
2026-02-17 13:18:07,953 - INFO - [The Hindu] Success with 'selenium_browser'. Found content (351 words).
2026-02-17 13:18:08,053 - INFO - Saved article: Arunachal Pradesh: Assam environmental activist flags rat-hole coal mining along border - The Hindu from The Hindu (351 words)
2026-02-17 13:18:09,457 - INFO - [The Hindu] Article: https://www.thehindu.com/news/national/assam/eci-reviews-assams-election-preparedness/article70642638.ece
2026-02-17 13:18:09,457 - INFO - [The Hindu] Attempt 1/1: Trying with 'selenium_browser' strategy...
2026-02-17 13:18:16,629 - INFO - [The Hindu] Page content loaded.
2026-02-17 13:18:16,709 - INFO - [The Hindu] Success with 'selenium_browser'. Found content (346 words).
2026-02-17 13:18:16,791 - INFO - Saved article: ECI reviews Assam’s election preparedness - The Hindu from The Hindu (346 words)
2026-02-17 13:18:17,871 - INFO - [The Hindu] Article: https://www.thehindu.com/news/national/pm-modi-france-macron-mumbai-bilateral-talks-february-17-2026/article70642859.ece
2026-02-17 13:18:17,871 - INFO - [The Hindu] Attempt 1/1: Trying with 'selenium_browser' strategy...
2026-02-17 13:18:18,910 - INFO - [The Hindu] Page content loaded.
2026-02-17 13:18:18,977 - INFO - [The Hindu] Success with 'selenium_browser'. Found content (675 words).
2026-02-17 13:18:19,083 - INFO - Saved article: PM Modi and France President Macron hold talks in Mumbai - The Hindu from The Hindu (675 words)
2026-02-17 13:18:20,373 - INFO - [The Hindu] Article: https://www.thehindu.com/news/national/ec-a-tughlaqi-commission-run-by-a-political-party-targeting-people-like-terrorists-mamata/article70642979.ece
2026-02-17 13:18:20,373 - INFO - [The Hindu] Attempt 1/1: Trying with 'selenium_browser' strategy...
2026-02-17 13:18:27,097 - INFO - [The Hindu] Page content loaded.
2026-02-17 13:18:27,205 - INFO - [The Hindu] Success with 'selenium_browser'. Found content (269 words).
2026-02-17 13:18:27,273 - INFO - Saved article: West Bengal: Mamata Banerjee calls Election Commission a ‘Tughlaqi Commission’ run by a political party - The Hindu from The Hindu (269 words)
2026-02-17 13:18:28,770 - INFO - [The Hindu] Article: https://www.thehindu.com/news/national/tamil-nadu/even-after-full-term-in-power-dmk-failed-to-fulfil-promises-vasan/article70642914.ece
2026-02-17 13:18:28,770 - INFO - [The Hindu] Attempt 1/1: Trying with 'selenium_browser' strategy...
2026-02-17 13:18:35,383 - INFO - [The Hindu] Page content loaded.
2026-02-17 13:18:35,469 - INFO - [The Hindu] Success with 'selenium_browser'. Found content (210 words).
2026-02-17 13:18:35,555 - INFO - Saved article: Even after full term in power, DMK failed to fulfil promises: Vasan - The Hindu from The Hindu (210 words)
2026-02-17 13:18:37,048 - INFO - [The Hindu] Article: https://www.thehindu.com/news/national/assam/assam-govt-interim-budget/article70642759.ece
2026-02-17 13:18:37,048 - INFO - [The Hindu] Attempt 1/1: Trying with 'selenium_browser' strategy...
2026-02-17 13:18:47,942 - INFO - [The Hindu] Page content loaded.
2026-02-17 13:18:48,056 - INFO - [The Hindu] Success with 'selenium_browser'. Found content (511 words).
2026-02-17 13:18:48,125 - INFO - Saved article: Assam Interim Budget 2026-27: flagship schemes to continue - The Hindu from The Hindu (511 words)
2026-02-17 13:18:48,850 - INFO - [The Hindu] Article: https://www.thehindu.com/news/national/kerala/kerala-closest-representation-of-high-human-development-society-in-india-n-ram/article70642810.ece
2026-02-17 13:18:48,851 - INFO - [The Hindu] Attempt 1/1: Trying with 'selenium_browser' strategy...
2026-02-17 13:18:50,598 - INFO - [The Hindu] Page content loaded.
2026-02-17 13:18:50,665 - INFO - [The Hindu] Success with 'selenium_browser'. Found content (525 words).
2026-02-17 13:18:50,729 - INFO - Saved article: Kerala closest representation of high human development society in India: N. Ram - The Hindu from The Hindu (525 words)
2026-02-17 13:18:51,722 - INFO - [The Hindu] Article: https://www.thehindu.com/news/national/tamil-nadu/tamil-nadu-assembly-session-to-end-on-february-20-2026/article70642599.ece
2026-02-17 13:18:51,722 - INFO - [The Hindu] Attempt 1/1: Trying with 'selenium_browser' strategy...
2026-02-17 13:19:08,518 - INFO - [The Hindu] Page content loaded.
2026-02-17 13:19:08,601 - INFO - [The Hindu] Success with 'selenium_browser'. Found content (162 words).
2026-02-17 13:19:08,710 - INFO - Saved article: Tamil Nadu Assembly session to end on February 20 - The Hindu from The Hindu (162 words)
2026-02-17 13:19:09,410 - INFO - [The Hindu] Early skip: URL https://www.thehindu.com/news/national/emmanuel-macron-india-visit-pm-modi-india-france-bilateral-ties-airbus-h125-helicopter-horizon-2047/article70642601.ece already exists.
2026-02-17 13:19:09,411 - INFO - [The Hindu] Early skip: URL https://www.thehindu.com/news/national/tamil-nadu/a-budget-interwoven-with-wise-sayings/article70642605.ece already exists.
2026-02-17 13:19:09,412 - INFO - [The Hindu] Early skip: URL https://www.thehindu.com/news/national/kerala/rahul-mamkootathil-faces-increased-legal-jeopardy-after-a-second-survivor-deposes-before-magistrate/article70642672.ece already exists.
2026-02-17 13:19:09,414 - INFO - [The Hindu] Early skip: URL https://www.thehindu.com/news/national/tamil-nadu/tamil-nadu-interim-budget-centre-artificially-precipitating-fiscal-crisis-in-state-thangam-thennarasu/article70642517.ece already exists.
2026-02-17 13:19:09,415 - INFO - [The Hindu] Early skip: URL https://www.thehindu.com/news/national/andhra-pradesh/bill-gatesapplauds-tech-driven-governance-in-andhra-pradesh/article70642579.ece already exists.
2026-02-17 13:19:09,416 - INFO - [The Hindu] Early skip: URL https://www.thehindu.com/news/national/manipur/51-kuki-students-evacuated-from-school-in-manipurs-ukhrul/article70642551.ece already exists.
2026-02-17 13:19:09,417 - INFO - [The Hindu] Early skip: URL https://www.thehindu.com/news/national/kerala/machattu-mamangam-when-the-parched-fields-come-alive-with-motif-horses-drums-and-uncontainable-human-spirit/article70642509.ece already exists.
2026-02-17 13:19:09,418 - INFO - [The Hindu] Early skip: URL https://www.thehindu.com/news/national/political-leaders-high-constitutional-functionaries-must-foster-fraternity-live-up-to-constitutional-values-ethos-supreme-court/article70642536.ece already exists.
2026-02-17 13:19:09,420 - INFO - [The Hindu] Early skip: URL https://www.thehindu.com/news/national/tamil-nadu/tamil-nadu-agri-budget-state-has-arrested-decline-in-cultivable-land-mrk-panneerselvam/article70642592.ece already exists.
2026-02-17 13:19:09,421 - INFO - [The Hindu] Early skip: URL https://www.thehindu.com/news/national/karnataka/drugs-worth-215-crore-seized-in-bengaluru-15-persons-arrested/article70642323.ece already exists.
2026-02-17 13:19:09,422 - INFO - [The Hindu] Early skip: URL https://www.thehindu.com/news/national/maharashtra/remarks-against-shinde-comedian-kamra-appears-before-maharashtra-councils-privileges-committee/article70642529.ece already exists.
2026-02-17 13:19:09,423 - INFO - [The Hindu] Early skip: URL https://www.thehindu.com/news/national/karnataka/photographer-held-for-55-lakh-house-burglary-at-whitefield-in-bengaluru-348-grams-of-gold-valuables-recovered/article70642288.ece already exists.
2026-02-17 13:19:09,425 - INFO - [The Hindu] Early skip: URL https://www.thehindu.com/news/national/gujarat/six-gujarat-courts-get-bomb-threat-mails-nothing-suspicious-found-so-far/article70642539.ece already exists.
2026-02-17 13:19:09,426 - INFO - [The Hindu] Early skip: URL https://www.thehindu.com/news/national/telangana/seven-more-chairperson-posts-takes-congress-tally-to-93-indirect-elections-to-3-telangana-municipalities-postponed/article70642494.ece already exists.
2026-02-17 13:19:09,427 - INFO - [The Hindu] Early skip: URL https://www.thehindu.com/news/national/andhra-pradesh/tirupati-researcher-shows-ai-can-detect-cervical-cancer-suicidal-tendency/article70642281.ece already exists.
2026-02-17 13:19:09,428 - INFO - [The Hindu] Early skip: URL https://www.thehindu.com/news/national/kerala/tdb-appoints-task-force-to-rectify-anomalies-in-global-ayyappa-sangamam-audit-report/article70642493.ece already exists.
2026-02-17 13:19:09,429 - INFO - [The Hindu] Early skip: URL https://www.thehindu.com/news/cities/chennai/anganwadi-workers-continue-protest-for-15th-day-in-chennai-demanding-regularisation/article70642412.ece already exists.
2026-02-17 13:19:09,431 - INFO - [The Hindu] Early skip: URL https://www.thehindu.com/news/national/kerala/no-anti-incumbency-ldf-will-return-to-power-for-third-term-in-kerala-minister-sivankutty/article70642306.ece already exists.
2026-02-17 13:19:09,432 - INFO - [The Hindu] Early skip: URL https://www.thehindu.com/videos/fresh-clean-local-chennais-cattle-sheds-become-the-new-milk-hotspots/article70642465.ece already exists.
2026-02-17 13:19:09,433 - INFO - [The Hindu] Early skip: URL https://www.thehindu.com/news/national/telangana/lottery-favours-congress-in-jangaon-and-thorrur-municipalities/article70642357.ece already exists.
2026-02-17 13:19:09,434 - INFO - [The Hindu] Early skip: URL https://www.thehindu.com/news/national/kerala/setback-to-kerala-govt-as-hc-quashes-ldfs-nava-kerala-citizen-response-programme/article70642373.ece already exists.
2026-02-17 13:19:09,435 - INFO - [The Hindu] Early skip: URL https://www.thehindu.com/news/national/kerala/north-feels-fear-south-instils-hope-farooq-abdullah-makes-emotional-appeal-for-unity-against-fascist-forces/article70642268.ece already exists.
2026-02-17 13:19:09,437 - INFO - [The Hindu] Early skip: URL https://www.thehindu.com/news/national/andhra-pradesh/civil-aviation-minister-inspects-site-for-construction-of-kendriya-vidyalaya-in-palasa/article70641523.ece already exists.
2026-02-17 13:19:09,438 - INFO - [The Hindu] Early skip: URL https://www.thehindu.com/news/cities/Hyderabad/hyderabad-police-debunk-viral-child-luring-message/article70641653.ece already exists.
2026-02-17 13:19:09,439 - INFO - [The Hindu] Early skip: URL https://www.thehindu.com/news/cities/Hyderabad/hyderabad-cp-warns-of-strict-action-after-video-shows-youths-flaunting-drugs-before-deity/article70641674.ece already exists.
2026-02-17 13:19:09,440 - INFO - [The Hindu] Early skip: URL https://www.thehindu.com/news/national/tamil-nadu/plea-in-madras-high-court-insists-i-t-dept-probe-into-ramanathapuram-mp-navas-kani-assets/article70642162.ece already exists.
2026-02-17 13:19:09,442 - INFO - [The Hindu] Early skip: URL https://www.thehindu.com/news/national/tamil-nadu/tamil-nadu-interim-budget-16th-finance-commission-report-a-disappointment-thangam-thennarasu/article70642091.ece already exists.
2026-02-17 13:19:09,443 - INFO - [The Hindu] Article: https://www.thehindu.com/shorts/watch-kerala-cm-vijayan-visits-family-of-keralas-youngest-organ-donor/article70642264.ece
2026-02-17 13:19:09,443 - INFO - [The Hindu] Attempt 1/1: Trying with 'selenium_browser' strategy...
2026-02-17 13:19:20,105 - WARNING - [The Hindu] Page timed out (10s). Proceeding anyway.
2026-02-17 13:19:20,258 - WARNING - [The Hindu] FAILED with 'selenium_browser' (content was too short: 50 words).
2026-02-17 13:19:20,258 - ERROR - [The Hindu] All scrape strategies failed for https://www.thehindu.com/shorts/watch-kerala-cm-vijayan-visits-family-of-keralas-youngest-organ-donor/article70642264.ece. Falling back to RSS description.
2026-02-17 13:19:20,258 - WARNING - SKIPPED (GLOBAL WORD LIMIT): Article 'Watch: Kerala CM Vijayan visits family of Kerala’s youngest organ donor ' from The Hindu has only 3 words (Min: 90).
2026-02-17 13:19:21,494 - INFO - [The Hindu] Article: https://www.thehindu.com/shorts/french-president-emmanuel-macron-lands-in-mumbai-for-his-india-visit/article70642190.ece
2026-02-17 13:19:21,494 - INFO - [The Hindu] Attempt 1/1: Trying with 'selenium_browser' strategy...
2026-02-17 13:19:31,971 - WARNING - [The Hindu] Page timed out (10s). Proceeding anyway.
2026-02-17 13:19:31,994 - WARNING - [The Hindu] FAILED with 'selenium_browser' (content was too short: 53 words).
2026-02-17 13:19:31,994 - ERROR - [The Hindu] All scrape strategies failed for https://www.thehindu.com/shorts/french-president-emmanuel-macron-lands-in-mumbai-for-his-india-visit/article70642190.ece. Falling back to RSS description.
2026-02-17 13:19:31,994 - WARNING - SKIPPED (GLOBAL WORD LIMIT): Article 'French President Emmanuel Macron lands in Mumbai for his India visit' from The Hindu has only 3 words (Min: 90).
2026-02-17 13:19:32,903 - INFO - [The Hindu] Early skip: URL https://www.thehindu.com/sci-tech/technology/indias-ai-summit-opening-in-new-delhi-marred-by-long-queues-confusion/article70642187.ece already exists.
2026-02-17 13:19:32,904 - INFO - [The Hindu] Early skip: URL https://www.thehindu.com/news/national/indias-permanent-contribution-to-world-communitys-agenda-is-of-enormous-importance-to-us-antonio-guterres/article70642082.ece already exists.
2026-02-17 13:19:32,905 - INFO - [The Hindu] Early skip: URL https://www.thehindu.com/news/national/madhya-pradesh/indore-water-contamination-cong-mlas-protest-with-bottles-of-contaminated-water-in-mp-assembly-complex/article70642172.ece already exists.
2026-02-17 13:19:32,906 - INFO - [The Hindu] Early skip: URL https://www.thehindu.com/news/national/kerala/why-kerala-declared-tidal-flooding-a-state-specific-disaster-explained/article70641866.ece already exists.
2026-02-17 13:19:32,907 - INFO - [The Hindu] Early skip: URL https://www.thehindu.com/news/national/karnataka/karnataka-high-court-quashes-bjps-defamation-case-against-rahul-gandhi/article70642067.ece already exists.
2026-02-17 13:19:32,909 - INFO - [The Hindu] Early skip: URL https://www.thehindu.com/news/national/jammu-and-kashmir/24-of-44-public-sector-undertakings-in-jk-loss-making-four-non-functional-govt-to-assembly/article70642079.ece already exists.
2026-02-17 13:19:32,910 - INFO - [The Hindu] Early skip: URL https://www.thehindu.com/business/india-engaging-global-partners-more-intensively-says-jaishankar-cites-recent-trade-deals/article70642075.ece already exists.
2026-02-17 13:19:32,911 - INFO - [The Hindu] Early skip: URL https://www.thehindu.com/news/national/kerala/kerala-on-the-cusp-of-new-development-chapter-under-vision-2031-says-cm-pinarayi-vijayan/article70642060.ece already exists.
2026-02-17 13:19:32,912 - INFO - [The Hindu] Early skip: URL https://www.thehindu.com/news/national/tamil-nadu/tamil-nadu-interim-budget-governments-outstanding-debt-expected-to-increase-to-1071-lakh-crore/article70642003.ece already exists.
2026-02-17 13:19:32,913 - INFO - [The Hindu] Early skip: URL https://www.thehindu.com/videos/watch-cbse-board-exams-2026-begin-amid-excitement-and-nervousness-across-india/article70642021.ece already exists.
2026-02-17 13:19:32,915 - INFO - [The Hindu] Early skip: URL https://www.thehindu.com/news/national/andhra-pradesh/free-power-to-handlooms-power-looms-to-be-rolled-out-from-april-1-in-andhra-pradesh/article70641671.ece already exists.
2026-02-17 13:19:32,916 - INFO - [The Hindu] Early skip: URL https://www.thehindu.com/news/cities/Coimbatore/kalithimbam-tribal-hamlet-in-erode-gets-bus-service/article70641965.ece already exists.
2026-02-17 13:19:32,917 - INFO - [The Hindu] Early skip: URL https://www.thehindu.com/news/national/beant-singh-murder-case-supreme-court-defers-to-march-11-hearing-on-hawaras-plea-for-transfer-to-punjab-jail/article70641976.ece already exists.
2026-02-17 13:19:32,918 - INFO - [The Hindu] Early skip: URL https://www.thehindu.com/news/national/maharashtra/baramati-plane-crash-aaib-seeks-specialised-support-to-retrieve-data-from-cockpit-voice-recorder/article70641959.ece already exists.
2026-02-17 13:19:32,919 - INFO - [The Hindu] Early skip: URL https://www.thehindu.com/videos/watch-sachin-pilot-slams-ldfs-lost-decade-in-kerala/article70641989.ece already exists.
2026-02-17 13:19:32,921 - INFO - [The Hindu] Early skip: URL https://www.thehindu.com/news/national/tamil-nadu/madras-high-court-refuses-to-extend-time-granted-to-actor-vishal-for-depositing-10-crore/article70641723.ece already exists.
2026-02-17 13:19:32,922 - INFO - [The Hindu] Early skip: URL https://www.thehindu.com/news/cities/mumbai/repatriate-gangster-kumar-pillai-to-hong-kong-court-cites-acquittal-in-extradition-cases/article70641918.ece already exists.
2026-02-17 13:19:32,923 - INFO - [The Hindu] Early skip: URL https://www.thehindu.com/news/national/andhra-pradesh/hrd-minister-nara-lokesh-congratulates-jee-mains-toppers-from-andhra-pradesh/article70641843.ece already exists.
2026-02-17 13:19:32,924 - INFO - [The Hindu] Early skip: URL https://www.thehindu.com/news/national/supreme-court-rules-out-murder-by-strangulation-in-2002-telugu-actor-death-case/article70641759.ece already exists.
2026-02-17 13:19:32,925 - INFO - [The Hindu] Early skip: URL https://www.thehindu.com/news/national/karnataka/bengalurus-kempegowda-international-airport-shipped-60-million-rose-stems-in-2026-valentines-season-38-year-on-year-increase-in-volume-and-64-rise-in-tonnage/article70641805.ece already exists.
2026-02-17 13:19:32,927 - INFO - [The Hindu] Early skip: URL https://www.thehindu.com/news/national/kerala/actor-jayaram-appears-before-ed-for-questioning-in-sabarimala-gold-case/article70641792.ece already exists.
2026-02-17 13:19:32,928 - INFO - [The Hindu] Early skip: URL https://www.thehindu.com/news/national/madhya-pradesh/indore-mba-students-classmate-abused-her-body-after-killing-performed-witchcraft-police/article70641777.ece already exists.
2026-02-17 13:19:32,929 - INFO - [The Hindu] Early skip: URL https://www.thehindu.com/news/cities/Hyderabad/hydraa-receives-complaints-on-fire-hazards-and-encroachments-during-prajavani/article70640173.ece already exists.
2026-02-17 13:19:32,930 - INFO - [The Hindu] Early skip: URL https://www.thehindu.com/videos/unemployed-youths-line-up-in-kolkata-to-avail-states-1500-aid/article70641785.ece already exists.
2026-02-17 13:19:32,931 - INFO - [The Hindu] Early skip: URL https://www.thehindu.com/news/national/kerala/school-bus-carrying-23-children-falls-into-canal-in-kerala-capital-all-escape-unhurt/article70641741.ece already exists.
2026-02-17 13:19:32,933 - INFO - [The Hindu] Early skip: URL https://www.thehindu.com/news/national/chandigarh/mohali-schools-bomb-threat-emails-fortis-hospital/article70641751.ece already exists.
2026-02-17 13:19:32,934 - INFO - [The Hindu] Early skip: URL https://www.thehindu.com/news/cities/Hyderabad/smart-parking-facilities-to-come-up-at-14-locations-in-hyderabad/article70639849.ece already exists.
2026-02-17 13:19:32,935 - INFO - [The Hindu] Early skip: URL https://www.thehindu.com/news/national/uttar-pradesh/several-fall-ill-after-consuming-kuttu-flour-on-mahashivratri-in-noida-fir-against-shop-owner/article70641727.ece already exists.
2026-02-17 13:19:32,936 - INFO - [The Hindu] Early skip: URL https://www.thehindu.com/sci-tech/technology/india-ai-impact-summit-february-2026/article70641682.ece already exists.
2026-02-17 13:19:32,938 - INFO - [The Hindu] Early skip: URL https://www.thehindu.com/news/national/tamil-nadu/iit-madras-finnish-met-institute-to-create-virtual-lab-to-study-aerosol-influence-on-regional-climate/article70639907.ece already exists.
2026-02-17 13:19:32,939 - INFO - [The Hindu] Early skip: URL https://www.thehindu.com/news/national/uttar-pradesh/pm-to-lay-stone-of-north-indias-first-semiconductor-unit-open-namo-bharat-corridor-in-up-next-week/article70641635.ece already exists.
2026-02-17 13:19:32,940 - INFO - [The Hindu] Early skip: URL https://www.thehindu.com/news/national/kerala/two-die-of-suspected-food-poisoning-after-eating-at-restaurant-in-keralas-vizhinjam/article70641626.ece already exists.
2026-02-17 13:19:32,941 - INFO - [The Hindu] Early skip: URL https://www.thehindu.com/news/national/karnataka/work-on-three-rural-health-facilities-in-belagavi-district-launched-by-minister-dinesh-gundu-rao/article70639422.ece already exists.
2026-02-17 13:19:32,942 - INFO - [The Hindu] Early skip: URL https://www.thehindu.com/news/national/karnataka/congress-sc-morcha-stages-protest-against-vb-g-ram-g-act-in-belagavi-district-of-karnataka/article70639719.ece already exists.
2026-02-17 13:19:32,944 - INFO - [The Hindu] Early skip: URL https://www.thehindu.com/news/national/karnataka/awareness-of-body-donation-essential-says-dr-mahantesh-ramannavar/article70639605.ece already exists.
2026-02-17 13:19:32,945 - INFO - [The Hindu] Early skip: URL https://www.thehindu.com/news/cities/Hyderabad/hyderabad-police-appoints-inspector-to-lead-new-anti-food-adulteration-wing/article70641497.ece already exists.
2026-02-17 13:19:32,946 - INFO - [The Hindu] Early skip: URL https://www.thehindu.com/news/national/andhra-pradesh/two-jana-sena-workers-from-chittoor-drowned-in-sea-at-puducherry/article70641491.ece already exists.
2026-02-17 13:19:32,947 - INFO - [The Hindu] Early skip: URL https://www.thehindu.com/news/national/karnataka/national-woman-thinkers-conference-in-delhi-on-march-7-8-webinar-series-in-north-karnataka-from-february-21-26/article70639517.ece already exists.
2026-02-17 13:19:32,948 - INFO - [The Hindu] Early skip: URL https://www.thehindu.com/news/national/you-dont-deserve-that-chair-navjot-kaur-sidhu-lashes-out-at-rahul-gandhi-after-quitting-congress/article70641506.ece already exists.
2026-02-17 13:19:32,950 - INFO - [The Hindu] Early skip: URL https://www.thehindu.com/news/national/indian-coast-guard-seizes-three-iran-linked-us-sanctioned-tankers/article70641544.ece already exists.
2026-02-17 13:19:32,951 - INFO - [The Hindu] Early skip: URL https://www.thehindu.com/news/national/karnataka/free-health-camp-by-united-hospital-in-kalaburagi-to-celebrate-anniversary-on-february-18/article70639309.ece already exists.
2026-02-17 13:19:32,952 - INFO - [The Hindu] Early skip: URL https://www.thehindu.com/news/national/a-separate-classification-for-denotified-tribes-explained/article70638653.ece already exists.
2026-02-17 13:19:32,953 - INFO - [The Hindu] Early skip: URL https://www.thehindu.com/news/national/tamil-nadu/tamil-nadu-interim-state-budget-2026-cm-mk-stalin-thangam-thennarasu-live-updates-february-17/article70641400.ece already exists.
2026-02-17 13:19:32,954 - INFO - [The Hindu] Early skip: URL https://www.thehindu.com/news/national/indo-us-defence-partnership-continues-to-grow-stronger-us-ambassador-sergio-gor/article70641401.ece already exists.
2026-02-17 13:19:32,956 - INFO - [The Hindu] Early skip: URL https://www.thehindu.com/news/national/bihar/bihar-congress-conducts-training-for-its-observers-amid-delay-in-naming-legislature-party-leader/article70639420.ece already exists.
2026-02-17 13:19:32,957 - INFO - [The Hindu] Early skip: URL https://www.thehindu.com/news/national/jharkhand/people-fall-ill-food-contamination-poisoning-jharkhand-palamu-fair/article70641379.ece already exists.
2026-02-17 13:19:32,958 - INFO - [The Hindu] Early skip: URL https://www.thehindu.com/news/national/maharashtra/maharashtra-forms-task-force-to-address-climate-change-and-prevent-farmers-suicides/article70640143.ece already exists.
2026-02-17 13:19:32,959 - INFO - [The Hindu] Early skip: URL https://www.thehindu.com/news/national/odisha/after-hc-order-odisha-government-declares-to-catalogue-jewelleries-of-shree-jagannath-temple-soon/article70639548.ece already exists.
2026-02-17 13:19:32,960 - INFO - [The Hindu] Early skip: URL https://www.thehindu.com/business/Economy/indias-january-trade-deficit-widens-before-us-tariff-relief-kicks-in/article70640560.ece already exists.
2026-02-17 13:19:32,962 - INFO - [The Hindu] Early skip: URL https://www.thehindu.com/news/national/madhya-pradesh/mp-assemblys-budget-session-begins-with-uproar-over-indore-deaths-during-governors-address/article70639841.ece already exists.
2026-02-17 13:19:32,963 - INFO - [The Hindu] Early skip: URL https://www.thehindu.com/sci-tech/technology/advance-of-ai-creating-a-governance-responsibility/article70640073.ece already exists.
2026-02-17 13:19:32,964 - INFO - [The Hindu] (Thread) Finished. Attempting to shut down its Selenium driver.
2026-02-17 13:19:33,123 - INFO - [The Hindu] (Thread) driver.quit() successful.
2026-02-17 13:19:33,123 - INFO - Shutting down thread pool (wait=False)...
2026-02-17 13:19:33,123 - INFO - Scraped: 0 TechCrunch, 19 The Hindu, 11 Times of India, 2 BBC, 6 The Guardian articles. (Total saved: 38)
2026-02-17 13:19:33,123 - INFO - --- Scraping job finished ---
2026-02-17 13:19:33,130 - INFO - --- Scraper service stopped and database connection closed. ---
2026-02-17 13:19:33,130 - INFO - --- Main thread finished. Forcing process exit to kill zombie threads. ---
