2026-01-19 13:01:20,889 - INFO - Loading AI Semantic Model (all-MiniLM-L6-v2)...
2026-01-19 13:01:20,890 - INFO - Use pytorch device_name: cpu
2026-01-19 13:01:20,890 - INFO - Load pretrained SentenceTransformer: all-MiniLM-L6-v2
2026-01-19 13:01:21,613 - INFO - AI Model loaded successfully.
2026-01-19 13:01:21,613 - INFO - --- Scraper service started (CI Mode: Run Once) ---
2026-01-19 13:01:21,613 - INFO - --- Starting new scraping job (Parallel Mode) ---
2026-01-19 13:01:21,613 - INFO - Creating new robust session with 3 retries on 5xx/connection/read errors.
2026-01-19 13:01:21,614 - INFO - Proxy is DISABLED.
2026-01-19 13:01:21,614 - INFO - Starting scrape for BBC RSS feed: http://feeds.bbci.co.uk/news/world/rss.xml
2026-01-19 13:01:21,615 - INFO - [Times of India] (Thread) requires Selenium. Initializing driver...
2026-01-19 13:01:21,615 - INFO - Starting scrape for The Guardian RSS feed: https://www.theguardian.com/world/rss
2026-01-19 13:01:21,616 - INFO - [The Hindu] (Thread) requires Selenium. Initializing driver...
2026-01-19 13:01:21,616 - INFO - Submitted 4 jobs to thread pool. Waiting up to 300s for completion...
2026-01-19 13:01:21,839 - INFO - Found 45 articles in The Guardian RSS feed. Processing up to 30.
2026-01-19 13:01:21,839 - INFO - [The Guardian] Early skip: URL https://www.theguardian.com/global-development/2026/jan/19/brazen-political-influence-rich-laid-bare-wealth-billionaires-inequality-poverty-instability-oxfam already exists.
2026-01-19 13:01:21,975 - INFO - Found 26 articles in BBC RSS feed. Processing up to 30.
2026-01-19 13:01:22,003 - INFO - [BBC] Early skip: URL https://www.bbc.com/news/articles/cedw6ylpynyo?at_medium=RSS&at_campaign=rss already exists.
2026-01-19 13:01:22,168 - INFO - [The Guardian] Early skip: URL https://www.theguardian.com/world/2026/jan/18/ugandas-president-calls-opponents-terrorists-in-victory-speech already exists.
2026-01-19 13:01:22,390 - INFO - [BBC] Article: https://www.bbc.com/news/videos/c23r1rx5vp7o?at_medium=RSS&at_campaign=rss
2026-01-19 13:01:22,390 - INFO - [BBC] Attempt 1/1: Trying with 'requests_browser' strategy...
2026-01-19 13:01:22,391 - INFO - [The Guardian] Early skip: URL https://www.theguardian.com/world/2026/jan/17/yoweri-museveni-wins-ugandan-election-as-opponent-condemns-fake-result already exists.
2026-01-19 13:01:22,510 - INFO - [The Guardian] Early skip: URL https://www.theguardian.com/uk-news/2026/jan/17/afcon-little-morocco-london-confidence-high already exists.
2026-01-19 13:01:22,694 - WARNING - [BBC] FAILED with 'requests_browser' (content was too short: 81 words).
2026-01-19 13:01:22,694 - ERROR - [BBC] All scrape strategies failed for https://www.bbc.com/news/videos/c23r1rx5vp7o?at_medium=RSS&at_campaign=rss. Falling back to RSS description.
2026-01-19 13:01:22,694 - WARNING - SKIPPED (GLOBAL WORD LIMIT): Article 'Watch: Spain train crash survivors describe 'absolutely terrifying' scene' from BBC has only 14 words (Min: 90).
2026-01-19 13:01:22,733 - INFO - [The Guardian] Early skip: URL https://www.theguardian.com/environment/2026/jan/17/twin-baby-mountain-gorilla-virunga-drc-survival-conservation-aoe already exists.
2026-01-19 13:01:22,927 - INFO - [The Guardian] Early skip: URL https://www.theguardian.com/world/2026/jan/18/chile-president-declares-state-of-catastrophe-as-wildfires-kill already exists.
2026-01-19 13:01:23,089 - INFO - [The Guardian] Early skip: URL https://www.theguardian.com/us-news/2026/jan/16/trump-administration-mistake-college-student-detained already exists.
2026-01-19 13:01:23,311 - INFO - [The Guardian] Early skip: URL https://www.theguardian.com/world/2026/jan/16/cia-chief-visits-maduro-successor-as-machado-vows-to-become-venezuelas-president already exists.
2026-01-19 13:01:23,523 - INFO - [BBC] Early skip: URL https://www.bbc.com/news/articles/c4g0zx0llpzo?at_medium=RSS&at_campaign=rss already exists.
2026-01-19 13:01:23,669 - INFO - [The Guardian] Early skip: URL https://www.theguardian.com/world/2026/jan/16/brazil-jair-bolsonaro-reduce-sentence-reading-books already exists.
2026-01-19 13:01:23,919 - INFO - [BBC] Early skip: URL https://www.bbc.com/news/articles/c0r47ey0d1vo?at_medium=RSS&at_campaign=rss already exists.
2026-01-19 13:01:24,121 - INFO - [The Guardian] Early skip: URL https://www.theguardian.com/world/2026/jan/16/china-canada-partnership-new-global-realities-carney-xi-jinping already exists.
2026-01-19 13:01:24,299 - INFO - [BBC] Early skip: URL https://www.bbc.com/news/articles/cy7mev35x2lo?at_medium=RSS&at_campaign=rss already exists.
2026-01-19 13:01:24,576 - INFO - [The Guardian] Early skip: URL https://www.theguardian.com/world/2026/jan/19/china-population-falls-again-birthrate-record-low already exists.
2026-01-19 13:01:24,859 - INFO - [BBC] Early skip: URL https://www.bbc.com/news/articles/c1dk0x0v6pdo?at_medium=RSS&at_campaign=rss already exists.
2026-01-19 13:01:25,074 - INFO - [The Guardian] Early skip: URL https://www.theguardian.com/world/2026/jan/19/japan-snap-election-sanae-takaichi-ldp already exists.
2026-01-19 13:01:25,235 - INFO - [BBC] Early skip: URL https://www.bbc.com/news/articles/c79r7v7qr53o?at_medium=RSS&at_campaign=rss already exists.
2026-01-19 13:01:25,404 - INFO - [The Guardian] Early skip: URL https://www.theguardian.com/world/2026/jan/19/chinas-economy-hit-growth-goal-last-year-despite-trump-trade-war-and-property-crisis already exists.
2026-01-19 13:01:25,564 - INFO - [BBC] Early skip: URL https://www.bbc.com/sport/football/articles/c70ljednyl6o?at_medium=RSS&at_campaign=rss already exists.
2026-01-19 13:01:25,857 - INFO - [The Guardian] Early skip: URL https://www.theguardian.com/politics/2026/jan/19/china-expected-to-get-london-embassy-go-ahead-uk already exists.
2026-01-19 13:01:26,072 - INFO - [BBC] Early skip: URL https://www.bbc.com/news/articles/ceqz0llpnyqo?at_medium=RSS&at_campaign=rss already exists.
2026-01-19 13:01:26,226 - INFO - [The Guardian] Early skip: URL https://www.theguardian.com/world/2026/jan/19/japan-nuclear-plant-restart-kashiwazaki-kariwa-fukushima already exists.
2026-01-19 13:01:26,386 - INFO - [BBC] Early skip: URL https://www.bbc.com/news/articles/c8013p5v2yvo?at_medium=RSS&at_campaign=rss already exists.
2026-01-19 13:01:26,678 - INFO - [The Guardian] Early skip: URL https://www.theguardian.com/australia-news/2026/jan/19/labor-coalition-deal-hate-speech-laws-ley-albanese already exists.
2026-01-19 13:01:26,842 - INFO - [BBC] Early skip: URL https://www.bbc.com/news/articles/cz7ypw4rjrzo?at_medium=RSS&at_campaign=rss already exists.
2026-01-19 13:01:26,952 - INFO - [The Guardian] Early skip: URL https://www.theguardian.com/australia-news/2026/jan/19/man-in-critical-condition-after-third-sydney-shark-attack-in-two-days already exists.
2026-01-19 13:01:27,148 - INFO - [BBC] Early skip: URL https://www.bbc.com/news/articles/c5y2pg28lgjo?at_medium=RSS&at_campaign=rss already exists.
2026-01-19 13:01:27,417 - INFO - [The Guardian] Early skip: URL https://www.theguardian.com/australia-news/live/2026/jan/19/federal-parliament-returns-gun-control-measures-hate-speech-laws-anthony-albanese-labor-sussan-ley-coalition-greens-trump-board-for-peace-ntwnfb already exists.
2026-01-19 13:01:27,700 - INFO - [BBC] Early skip: URL https://www.bbc.com/news/articles/c4gwk37ewvwo?at_medium=RSS&at_campaign=rss already exists.
2026-01-19 13:01:27,936 - INFO - [The Guardian] Early skip: URL https://www.theguardian.com/australia-news/2026/jan/19/south-australia-adelaide-fires-bushfires-burn-smoke-warnings-residents-evacuated already exists.
2026-01-19 13:01:28,094 - INFO - [BBC] Early skip: URL https://www.bbc.com/news/articles/c74v0pxg2nvo?at_medium=RSS&at_campaign=rss already exists.
2026-01-19 13:01:28,221 - INFO - [The Guardian] Early skip: URL https://www.theguardian.com/australia-news/2026/jan/19/sydney-shark-attack-boy-nielsen-park-water-conditions already exists.
2026-01-19 13:01:28,501 - INFO - [BBC] Early skip: URL https://www.bbc.com/news/articles/cd0y453yd90o?at_medium=RSS&at_campaign=rss already exists.
2026-01-19 13:01:28,677 - INFO - [The Guardian] Early skip: URL https://www.theguardian.com/world/live/2026/jan/19/spain-train-crash-rescue-cordoba-latest-news-updates already exists.
2026-01-19 13:01:28,886 - INFO - [BBC] Early skip: URL https://www.bbc.com/news/articles/clye22ljxw4o?at_medium=RSS&at_campaign=rss already exists.
2026-01-19 13:01:29,022 - INFO - [The Guardian] Early skip: URL https://www.theguardian.com/world/live/2026/jan/19/donald-trump-greenland-denmark-nobel-nato-europe-live-latest-news-updates already exists.
2026-01-19 13:01:29,274 - INFO - [BBC] Early skip: URL https://www.bbc.com/news/articles/c87r41j4n4jo?at_medium=RSS&at_campaign=rss already exists.
2026-01-19 13:01:29,420 - INFO - [The Guardian] Article: https://www.theguardian.com/world/2026/jan/19/i-was-afraid-for-my-life-the-transgender-refugees-fleeing-trumps-america
2026-01-19 13:01:29,420 - INFO - [The Guardian] Attempt 1/1: Trying with 'requests_browser' strategy...
2026-01-19 13:01:29,421 - INFO - [BBC] Article: https://www.bbc.com/news/articles/ce3ekz4yx21o?at_medium=RSS&at_campaign=rss
2026-01-19 13:01:29,421 - INFO - [BBC] Attempt 1/1: Trying with 'requests_browser' strategy...
2026-01-19 13:01:29,460 - INFO - [The Guardian] Success with 'requests_browser'. Found content (1829 words).
2026-01-19 13:01:29,515 - INFO - [BBC] Success with 'requests_browser'. Found content (382 words).
2026-01-19 13:01:30,349 - INFO - Selenium driver initialized successfully.
2026-01-19 13:01:30,349 - INFO - Starting scrape for Times of India RSS feed: https://timesofindia.indiatimes.com/rssfeeds/296589292.cms
2026-01-19 13:01:30,350 - INFO - Selenium driver initialized successfully.
2026-01-19 13:01:30,351 - INFO - Starting scrape for The Hindu RSS feed: https://www.thehindu.com/news/national/feeder/default.rss
2026-01-19 13:01:30,602 - INFO - Found 20 articles in Times of India RSS feed. Processing up to 30.
2026-01-19 13:01:30,790 - INFO - Found 100 articles in The Hindu RSS feed. Processing up to 30.
2026-01-19 13:02:12,090 - INFO - Saved article: ‘I was afraid for my life’: the transgender refugees fleeing Trump’s America | Refugees | The Guardian from The Guardian (1829 words)
2026-01-19 13:02:55,436 - INFO - DEDUPLICATION: Found match (Score: 0.82). Linking to Cluster ID: ffc5023f-5ef8-4836-8cf2-8855a2e440b3
2026-01-19 13:02:55,438 - INFO - Saved article: Afcon final: Senegal's ecstasy and Morocco's devastation - a fans' view of football final from BBC (382 words)
2026-01-19 13:02:55,438 - INFO - [Times of India] Article: https://timesofindia.indiatimes.com/world/us/indian-origin-fedex-ceo-raj-subramaniam-breaks-silence-on-h-1b-row-says-we-are-a-meritocracy/articleshow/126678367.cms
2026-01-19 13:02:55,438 - INFO - [Times of India] Attempt 1/1: Trying with 'selenium_browser' strategy...
2026-01-19 13:02:55,439 - INFO - [The Hindu] Article: https://www.thehindu.com/news/national/kerala/udf-will-have-a-vision-plan-to-address-unemployment-in-kerala-once-voted-to-power-says-rahul-gandhi/article70525320.ece
2026-01-19 13:02:55,439 - INFO - [The Hindu] Attempt 1/1: Trying with 'selenium_browser' strategy...
2026-01-19 13:02:55,440 - INFO - [The Guardian] Early skip: URL https://www.theguardian.com/politics/2026/jan/19/greenland-keir-starmer-rules-out-retaliatory-tariffs-against-us already exists.
2026-01-19 13:02:55,580 - INFO - [The Guardian] Early skip: URL https://www.theguardian.com/world/2026/jan/19/kremlin-says-putin-invited-join-trump-gaza-board-of-peace already exists.
2026-01-19 13:02:55,710 - INFO - [The Guardian] Early skip: URL https://www.theguardian.com/global-development/2026/jan/19/iran-protesters-teenager-sexually-assaulted-in-custody-rights-group already exists.
2026-01-19 13:02:56,000 - INFO - [The Guardian] Early skip: URL https://www.theguardian.com/world/2026/jan/19/syria-declares-victory-ceasefire-kurdish-led-force already exists.
2026-01-19 13:02:56,182 - INFO - [The Guardian] Early skip: URL https://www.theguardian.com/world/2026/jan/18/iran-warns-world-that-any-attack-on-ayatollah-ali-khamenei-would-be-declaration-of-war already exists.
2026-01-19 13:02:56,375 - INFO - [The Guardian] Early skip: URL https://www.theguardian.com/world/2026/jan/18/israel-far-right-ministers-reject-us-backed-postwar-gaza-panel already exists.
2026-01-19 13:02:56,520 - INFO - [The Guardian] Early skip: URL https://www.theguardian.com/world/2026/jan/18/syrian-army-surges-into-kurdish-held-towns-in-betrayal-shattering-hopes-of-accord already exists.
2026-01-19 13:02:56,622 - INFO - [BBC] Early skip: URL https://www.bbc.com/news/articles/c0q48d71ke8o?at_medium=RSS&at_campaign=rss already exists.
2026-01-19 13:02:56,789 - INFO - [BBC] Early skip: URL https://www.bbc.com/news/articles/cx2w9q28xjxo?at_medium=RSS&at_campaign=rss already exists.
2026-01-19 13:02:56,980 - INFO - [BBC] Early skip: URL https://www.bbc.com/news/articles/cg5gegrdq3go?at_medium=RSS&at_campaign=rss already exists.
2026-01-19 13:02:57,256 - INFO - [BBC] Article: https://www.bbc.com/news/videos/c23r1rx5vp7o?at_medium=RSS&at_campaign=rss
2026-01-19 13:02:57,256 - INFO - [BBC] Attempt 1/1: Trying with 'requests_browser' strategy...
2026-01-19 13:02:57,338 - WARNING - [BBC] FAILED with 'requests_browser' (content was too short: 81 words).
2026-01-19 13:02:57,338 - ERROR - [BBC] All scrape strategies failed for https://www.bbc.com/news/videos/c23r1rx5vp7o?at_medium=RSS&at_campaign=rss. Falling back to RSS description.
2026-01-19 13:02:57,338 - WARNING - SKIPPED (GLOBAL WORD LIMIT): Article 'Spain train crash survivors describe 'absolutely terrifying' scene' from BBC has only 14 words (Min: 90).
2026-01-19 13:02:58,491 - INFO - [BBC] Early skip: URL https://www.bbc.com/news/videos/c8e5y604x5go?at_medium=RSS&at_campaign=rss already exists.
2026-01-19 13:02:58,762 - INFO - [BBC] Article: https://www.bbc.com/news/videos/cy054r4l953o?at_medium=RSS&at_campaign=rss
2026-01-19 13:02:58,762 - INFO - [BBC] Attempt 1/1: Trying with 'requests_browser' strategy...
2026-01-19 13:02:58,944 - WARNING - [BBC] FAILED with 'requests_browser' (content was too short: 84 words).
2026-01-19 13:02:58,944 - ERROR - [BBC] All scrape strategies failed for https://www.bbc.com/news/videos/cy054r4l953o?at_medium=RSS&at_campaign=rss. Falling back to RSS description.
2026-01-19 13:02:58,944 - WARNING - SKIPPED (GLOBAL WORD LIMIT): Article 'Man swims in flooded Sydney golf course after heavy rain' from BBC has only 21 words (Min: 90).
2026-01-19 13:02:59,686 - INFO - [BBC] Early skip: URL https://www.bbc.com/news/videos/cwy8l21312do?at_medium=RSS&at_campaign=rss already exists.
2026-01-19 13:02:59,881 - INFO - [BBC] Article: https://www.bbc.com/news/videos/cd9ey81441jo?at_medium=RSS&at_campaign=rss
2026-01-19 13:02:59,881 - INFO - [BBC] Attempt 1/1: Trying with 'requests_browser' strategy...
2026-01-19 13:03:00,090 - WARNING - [BBC] FAILED with 'requests_browser' (content was too short: 52 words).
2026-01-19 13:03:00,090 - ERROR - [BBC] All scrape strategies failed for https://www.bbc.com/news/videos/cd9ey81441jo?at_medium=RSS&at_campaign=rss. Falling back to RSS description.
2026-01-19 13:03:00,093 - WARNING - SKIPPED (GLOBAL WORD LIMIT): Article 'Why is there so much international interest in Greenland?' from BBC has only 26 words (Min: 90).
2026-01-19 13:03:15,461 - ERROR - [The Hindu] Request failed for strategy 'selenium_browser' on URL https://www.thehindu.com/news/national/kerala/udf-will-have-a-vision-plan-to-address-unemployment-in-kerala-once-voted-to-power-says-rahul-gandhi/article70525320.ece: Message: timeout: Timed out receiving message from renderer: 19.899
  (Session info: chrome=143.0.7499.192)
Stacktrace:
#0 0x5607879fb40a <unknown>
#1 0x56078742f76b <unknown>
#2 0x56078741780a <unknown>
#3 0x5607874174ed <unknown>
#4 0x5607874153a7 <unknown>
#5 0x560787415cbf <unknown>
#6 0x560787424480 <unknown>
#7 0x56078743db47 <unknown>
#8 0x5607874441fb <unknown>
#9 0x5607874163e8 <unknown>
#10 0x56078743d8f8 <unknown>
#11 0x5607874ccad8 <unknown>
#12 0x5607874737b2 <unknown>
#13 0x560787474461 <unknown>
#14 0x5607879c3df9 <unknown>
#15 0x5607879c6d5d <unknown>
#16 0x5607879acb41 <unknown>
#17 0x5607879c793b <unknown>
#18 0x560787993870 <unknown>
#19 0x5607879e8828 <unknown>
#20 0x5607879e89fc <unknown>
#21 0x5607879fa763 <unknown>
#22 0x7f3f1349caa4 <unknown>
#23 0x7f3f13529c6c <unknown>

2026-01-19 13:03:15,461 - ERROR - [The Hindu] All scrape strategies failed for https://www.thehindu.com/news/national/kerala/udf-will-have-a-vision-plan-to-address-unemployment-in-kerala-once-voted-to-power-says-rahul-gandhi/article70525320.ece. Falling back to RSS description.
2026-01-19 13:03:15,461 - WARNING - SKIPPED (GLOBAL WORD LIMIT): Article 'UDF will have a vision plan to address unemployment in Kerala once voted to power, says Rahul Gandhi' from The Hindu has only 21 words (Min: 90).
2026-01-19 13:03:16,043 - INFO - [The Hindu] Article: https://www.thehindu.com/news/national/rajasthan/congress-alleges-bid-to-purge-voters-in-rajasthan-through-sir-seeks-forensic-probe/article70525027.ece
2026-01-19 13:03:16,043 - INFO - [The Hindu] Attempt 1/1: Trying with 'selenium_browser' strategy...
2026-01-19 13:03:17,462 - INFO - [The Hindu] Page content loaded.
2026-01-19 13:03:17,526 - INFO - [The Hindu] Success with 'selenium_browser'. Found content (491 words).
2026-01-19 13:04:09,178 - INFO - Saved article: Congress alleges bid to purge voters in Rajasthan through SIR, seeks forensic probe - The Hindu from The Hindu (491 words)
2026-01-19 13:04:10,505 - INFO - [The Hindu] Article: https://www.thehindu.com/news/national/karnataka/workshop-on-guarantee-schemes-in-shivamogga-on-january-21/article70525075.ece
2026-01-19 13:04:10,506 - INFO - [The Hindu] Attempt 1/1: Trying with 'selenium_browser' strategy...
2026-01-19 13:04:11,590 - INFO - [The Hindu] Page content loaded.
2026-01-19 13:04:11,648 - INFO - [The Hindu] Success with 'selenium_browser'. Found content (225 words).
2026-01-19 13:04:55,539 - ERROR - [Times of India] Request failed for strategy 'selenium_browser' on URL https://timesofindia.indiatimes.com/world/us/indian-origin-fedex-ceo-raj-subramaniam-breaks-silence-on-h-1b-row-says-we-are-a-meritocracy/articleshow/126678367.cms: HTTPConnectionPool(host='localhost', port=53963): Read timed out. (read timeout=120)
2026-01-19 13:04:55,539 - ERROR - [Times of India] All scrape strategies failed for https://timesofindia.indiatimes.com/world/us/indian-origin-fedex-ceo-raj-subramaniam-breaks-silence-on-h-1b-row-says-we-are-a-meritocracy/articleshow/126678367.cms. Falling back to RSS description.
2026-01-19 13:04:55,539 - WARNING - SKIPPED (GLOBAL WORD LIMIT): Article 'Indian-origin FedEx CEO Raj Subramaniam breaks silence on H-1B row, says, 'We are a meritocracy'' from Times of India has only 3 words (Min: 90).
2026-01-19 13:05:00,398 - INFO - Saved article: Workshop on guarantee schemes in Shivamogga on January 21 - The Hindu from The Hindu (225 words)
2026-01-19 13:05:00,398 - INFO - [Times of India] Article: https://timesofindia.indiatimes.com/world/south-asia/15000-bond-for-us-b1/b2-visas-bangladeshis-warned-by-us-embassy-ahead-of-january-21/articleshow/126678384.cms
2026-01-19 13:05:00,399 - INFO - [Times of India] Attempt 1/1: Trying with 'selenium_browser' strategy...
2026-01-19 13:05:01,738 - INFO - [The Hindu] Article: https://www.thehindu.com/newsletter/karnataka-today/here-are-the-big-stories-from-karnataka-today/article70525368.ece
2026-01-19 13:05:01,738 - INFO - [The Hindu] Attempt 1/1: Trying with 'selenium_browser' strategy...
2026-01-19 13:05:06,146 - INFO - [The Hindu] Page content loaded.
2026-01-19 13:05:06,264 - INFO - [The Hindu] Success with 'selenium_browser'. Found content (525 words).
2026-01-19 13:05:50,945 - INFO - Saved article: Here are the big stories from Karnataka today - The Hindu from The Hindu (525 words)
2026-01-19 13:05:52,116 - INFO - [The Hindu] Article: https://www.thehindu.com/news/national/uae-president-sheikh-mohamed-bin-zayed-al-nahyan-visit-to-india-on-january-19/article70525386.ece
2026-01-19 13:05:52,116 - INFO - [The Hindu] Attempt 1/1: Trying with 'selenium_browser' strategy...
2026-01-19 13:05:53,298 - INFO - [The Hindu] Page content loaded.
2026-01-19 13:05:53,356 - INFO - [The Hindu] Success with 'selenium_browser'. Found content (220 words).
2026-01-19 13:06:21,618 - CRITICAL - --- TIMEOUT: 2 scrape jobs did not complete in 300s. ---
2026-01-19 13:06:21,619 - ERROR - A thread has timed out and will be abandoned.
2026-01-19 13:06:21,619 - ERROR - A thread has timed out and will be abandoned.
2026-01-19 13:06:21,619 - INFO - Shutting down thread pool (wait=False)...
2026-01-19 13:06:21,619 - INFO - Scraped: 1 BBC, 1 The Guardian, 2 Timed_Out_Jobs articles. (Total saved: 2)
2026-01-19 13:06:21,619 - INFO - --- Scraping job finished ---
2026-01-19 13:06:21,619 - INFO - --- Scraper service stopped and database connection closed. ---
2026-01-19 13:06:21,619 - INFO - --- Main thread finished. Forcing process exit to kill zombie threads. ---
