2025-12-24 03:40:29,176 - INFO - Loading AI Semantic Model (all-MiniLM-L6-v2)...
2025-12-24 03:40:29,177 - INFO - Use pytorch device_name: cpu
2025-12-24 03:40:29,177 - INFO - Load pretrained SentenceTransformer: all-MiniLM-L6-v2
2025-12-24 03:40:29,730 - INFO - AI Model loaded successfully.
2025-12-24 03:40:29,730 - INFO - --- Scraper service started (CI Mode: Run Once) ---
2025-12-24 03:40:29,730 - INFO - --- Starting new scraping job (Parallel Mode) ---
2025-12-24 03:40:29,730 - INFO - Creating new robust session with 3 retries on 5xx/connection/read errors.
2025-12-24 03:40:29,730 - INFO - Proxy is DISABLED.
2025-12-24 03:40:29,730 - INFO - Starting scrape for BBC RSS feed: http://feeds.bbci.co.uk/news/world/rss.xml
2025-12-24 03:40:29,731 - INFO - [Times of India] (Thread) requires Selenium. Initializing driver...
2025-12-24 03:40:29,732 - INFO - Starting scrape for The Guardian RSS feed: https://www.theguardian.com/world/rss
2025-12-24 03:40:29,733 - INFO - [The Hindu] (Thread) requires Selenium. Initializing driver...
2025-12-24 03:40:29,733 - INFO - Submitted 4 jobs to thread pool. Waiting up to 300s for completion...
2025-12-24 03:40:29,879 - INFO - Found 45 articles in The Guardian RSS feed. Processing up to 30.
2025-12-24 03:40:29,880 - INFO - [The Guardian] Early skip: URL https://www.theguardian.com/world/2025/dec/23/libyas-army-chief-dies-in-plane-crash-in-turkey already exists.
2025-12-24 03:40:29,983 - INFO - [The Guardian] Early skip: URL https://www.theguardian.com/world/2025/dec/22/freed-nigerian-schoolchildren-set-to-be-reunited-with-families already exists.
2025-12-24 03:40:30,083 - INFO - Found 23 articles in BBC RSS feed. Processing up to 30.
2025-12-24 03:40:30,090 - INFO - [BBC] Early skip: URL https://www.bbc.com/news/articles/cm28g5exx09o?at_medium=RSS&at_campaign=rss already exists.
2025-12-24 03:40:30,321 - INFO - [The Guardian] Early skip: URL https://www.theguardian.com/world/2025/dec/21/more-kidnapped-schoolchildren-freed-in-nigeria already exists.
2025-12-24 03:40:30,482 - INFO - [BBC] Early skip: URL https://www.bbc.com/news/articles/c5yj4yvx80do?at_medium=RSS&at_campaign=rss already exists.
2025-12-24 03:40:30,688 - INFO - [The Guardian] Early skip: URL https://www.theguardian.com/uk-news/2025/dec/21/manchester-museum-uncover-hidden-histories-africa-hub already exists.
2025-12-24 03:40:30,934 - INFO - [BBC] Early skip: URL https://www.bbc.com/news/articles/cgke51rzpvro?at_medium=RSS&at_campaign=rss already exists.
2025-12-24 03:40:31,150 - INFO - [The Guardian] Early skip: URL https://www.theguardian.com/global-development/2025/dec/21/sweden-and-germany-slash-aid-budgets-to-focus-on-ukraine-and-defence-spending already exists.
2025-12-24 03:40:31,423 - INFO - [BBC] Early skip: URL https://www.bbc.com/news/articles/cp39kngz008o?at_medium=RSS&at_campaign=rss already exists.
2025-12-24 03:40:31,654 - INFO - [The Guardian] Early skip: URL https://www.theguardian.com/media/2025/dec/23/60-minutes-cecot-appears-online already exists.
2025-12-24 03:40:31,827 - INFO - [BBC] Early skip: URL https://www.bbc.com/news/articles/cyvgzyepdqno?at_medium=RSS&at_campaign=rss already exists.
2025-12-24 03:40:32,106 - INFO - [The Guardian] Early skip: URL https://www.theguardian.com/world/2025/dec/23/brazil-jair-bolsonaro-eduardo-havaianas-television-ad-fernanda-torres already exists.
2025-12-24 03:40:32,337 - INFO - [BBC] Article: https://www.bbc.com/news/articles/ce3wry1529wo?at_medium=RSS&at_campaign=rss
2025-12-24 03:40:32,337 - INFO - [BBC] Attempt 1/1: Trying with 'requests_browser' strategy...
2025-12-24 03:40:32,338 - INFO - [The Guardian] Early skip: URL https://www.theguardian.com/world/2025/dec/23/canada-bill-refugees already exists.
2025-12-24 03:40:32,495 - INFO - [The Guardian] Early skip: URL https://www.theguardian.com/us-news/2025/dec/23/us-trump-administration-signs-security-deals-across-latin-america already exists.
2025-12-24 03:40:32,626 - INFO - [BBC] Success with 'requests_browser'. Found content (285 words).
2025-12-24 03:40:35,855 - INFO - Selenium driver initialized successfully.
2025-12-24 03:40:35,855 - INFO - Starting scrape for The Hindu RSS feed: https://www.thehindu.com/news/national/feeder/default.rss
2025-12-24 03:40:35,858 - INFO - Selenium driver initialized successfully.
2025-12-24 03:40:35,858 - INFO - Starting scrape for Times of India RSS feed: https://timesofindia.indiatimes.com/rssfeeds/296589292.cms
2025-12-24 03:40:36,085 - INFO - Found 100 articles in The Hindu RSS feed. Processing up to 30.
2025-12-24 03:40:36,222 - INFO - Found 20 articles in Times of India RSS feed. Processing up to 30.
2025-12-24 03:41:16,934 - INFO - Saved article: At least two dead in explosion at Pennsylvania nursing home from BBC (285 words)
2025-12-24 03:41:16,934 - INFO - [The Guardian] Early skip: URL https://www.theguardian.com/world/2025/dec/23/russia-china-support-venezuela-trump-pressure-maduro already exists.
2025-12-24 03:41:17,141 - INFO - [The Hindu] Article: https://www.thehindu.com/sci-tech/science/isro-bluebird-block-2-mission-rocket-launch-december-24-2025/article70432346.ece
2025-12-24 03:41:17,141 - INFO - [The Hindu] Attempt 1/1: Trying with 'selenium_browser' strategy...
2025-12-24 03:41:17,142 - INFO - [Times of India] Article: https://timesofindia.indiatimes.com/world/rest-of-world/requested-emergency-landing-libyas-military-chief-killed-in-turkey-plane-crash-debris-located-near-village/articleshow/126151169.cms
2025-12-24 03:41:17,142 - INFO - [Times of India] Attempt 1/1: Trying with 'selenium_browser' strategy...
2025-12-24 03:41:17,143 - INFO - [The Guardian] Early skip: URL https://www.theguardian.com/world/2025/dec/24/rare-footage-from-trial-of-chinese-general-who-defied-tiananmen-crackdown-order-leaked-online already exists.
2025-12-24 03:41:17,435 - INFO - [The Guardian] Early skip: URL https://www.theguardian.com/world/2025/dec/23/christians-pastors-arrested-detained-china-crackdown-house-churches already exists.
2025-12-24 03:41:17,731 - INFO - [BBC] Early skip: URL https://www.bbc.com/news/articles/cr4d99p63y4o?at_medium=RSS&at_campaign=rss already exists.
2025-12-24 03:41:18,029 - INFO - [BBC] Article: https://www.bbc.com/news/articles/c8dy3mvye62o?at_medium=RSS&at_campaign=rss
2025-12-24 03:41:18,030 - INFO - [BBC] Attempt 1/1: Trying with 'requests_browser' strategy...
2025-12-24 03:41:18,035 - INFO - [The Guardian] Early skip: URL https://www.theguardian.com/business/2025/dec/22/china-hits-eu-dairy-industry-with-tariffs already exists.
2025-12-24 03:41:18,115 - INFO - [BBC] Success with 'requests_browser'. Found content (336 words).
2025-12-24 03:41:18,198 - INFO - [The Guardian] Early skip: URL https://www.theguardian.com/world/2025/dec/22/jeju-air-crash-independent-inquiry-south-korea already exists.
2025-12-24 03:41:22,738 - INFO - [The Hindu] Page content loaded.
2025-12-24 03:41:24,103 - INFO - [The Hindu] Success with 'selenium_browser'. Found content (236 words).
2025-12-24 03:42:25,596 - INFO - DEDUPLICATION: Found match (Score: 0.83). Linking to Cluster ID: 73742e50-6b95-4c3c-a0ff-999a84c56211
2025-12-24 03:42:25,601 - INFO - Saved article: Brazil's Supreme Court allows Bolsonaro to leave prison for surgery from BBC (336 words)
2025-12-24 03:42:25,601 - INFO - [The Guardian] Early skip: URL https://www.theguardian.com/world/2025/dec/22/new-zealand-christchurch-spoof-absurdist-road-signs already exists.
2025-12-24 03:43:14,385 - INFO - DEDUPLICATION: Found match (Score: 0.80). Linking to Cluster ID: 1faaad3c-2a16-4083-a33d-d0077fbc388a
2025-12-24 03:43:14,388 - INFO - Saved article: BlueBird Block-2 mission: ISRO launches LVM3-M6 rocket - The Hindu from The Hindu (236 words)
2025-12-24 03:43:14,388 - INFO - [The Guardian] Early skip: URL https://www.theguardian.com/australia-news/live/2025/dec/24/nsw-gun-and-protest-laws-bondi-terror-attack-hate-crime-database-anthony-albanese-sussan-ley-chris-minns-labor-coalition-ntwnfb already exists.
2025-12-24 03:43:14,646 - INFO - [BBC] Early skip: URL https://www.bbc.com/news/articles/cwyxz5jken3o?at_medium=RSS&at_campaign=rss already exists.
2025-12-24 03:43:14,822 - INFO - [The Guardian] Article: https://www.theguardian.com/australia-news/2025/dec/24/retribution-fears-australian-muslims-surge-islamophobic-hate-since-bondi-terror-attack-ntwnfb
2025-12-24 03:43:14,823 - INFO - [The Guardian] Attempt 1/1: Trying with 'requests_browser' strategy...
2025-12-24 03:43:14,824 - INFO - [BBC] Early skip: URL https://www.bbc.com/news/articles/c62n9ynzrdpo?at_medium=RSS&at_campaign=rss already exists.
2025-12-24 03:43:14,934 - INFO - [The Guardian] Success with 'requests_browser'. Found content (643 words).
2025-12-24 03:43:17,242 - ERROR - [Times of India] Request failed for strategy 'selenium_browser' on URL https://timesofindia.indiatimes.com/world/rest-of-world/requested-emergency-landing-libyas-military-chief-killed-in-turkey-plane-crash-debris-located-near-village/articleshow/126151169.cms: HTTPConnectionPool(host='localhost', port=57525): Read timed out. (read timeout=120)
2025-12-24 03:43:17,242 - ERROR - [Times of India] All scrape strategies failed for https://timesofindia.indiatimes.com/world/rest-of-world/requested-emergency-landing-libyas-military-chief-killed-in-turkey-plane-crash-debris-located-near-village/articleshow/126151169.cms. Falling back to RSS description.
2025-12-24 03:43:17,242 - WARNING - SKIPPED (GLOBAL WORD LIMIT): Article 'Requested emergency landing: Libya's military chief killed in Turkey plane crash; debris located near village' from Times of India has only 45 words (Min: 90).
2025-12-24 03:44:04,856 - INFO - DEDUPLICATION: Found match (Score: 0.80). Linking to Cluster ID: b1f403b7-fc3a-4108-a393-565558bb0d21
2025-12-24 03:44:04,859 - INFO - Saved article: Retribution fears as Australian Muslims see surge in Islamophobic hate since Bondi terror attack | Bondi beach terror attack | The Guardian from The Guardian (643 words)
2025-12-24 03:44:04,860 - INFO - [BBC] Early skip: URL https://www.bbc.com/news/articles/c87lnn09yj8o?at_medium=RSS&at_campaign=rss already exists.
2025-12-24 03:44:05,096 - INFO - [The Hindu] Article: https://www.thehindu.com/news/cities/Hyderabad/acb-books-deputy-transport-commissioner-in-da-case-searches-find-properties-worth-over-12-crore/article70430765.ece
2025-12-24 03:44:05,097 - INFO - [The Hindu] Attempt 1/1: Trying with 'selenium_browser' strategy...
2025-12-24 03:44:05,097 - INFO - [Times of India] Article: https://timesofindia.indiatimes.com/world/us-streamers/candace-owens-attacks-tpusa-again-after-private-erika-kirk-meeting-and-backs-tim-dillons-blunt-criticism/articleshow/126150375.cms
2025-12-24 03:44:05,098 - INFO - [Times of India] Attempt 1/1: Trying with 'selenium_browser' strategy...
2025-12-24 03:44:05,098 - INFO - [BBC] Early skip: URL https://www.bbc.com/news/articles/cd0kxrr2jyko?at_medium=RSS&at_campaign=rss already exists.
2025-12-24 03:44:05,283 - INFO - [BBC] Early skip: URL https://www.bbc.com/news/articles/czj0ll7ppewo?at_medium=RSS&at_campaign=rss already exists.
2025-12-24 03:44:05,415 - INFO - [BBC] Article: https://www.bbc.com/news/articles/clyd12d38jgo?at_medium=RSS&at_campaign=rss
2025-12-24 03:44:05,415 - INFO - [BBC] Attempt 1/1: Trying with 'requests_browser' strategy...
2025-12-24 03:44:05,468 - INFO - [BBC] Success with 'requests_browser'. Found content (2008 words).
2025-12-24 03:44:05,678 - INFO - [The Guardian] Article: https://www.theguardian.com/australia-news/2025/dec/24/british-man-australian-visa-cancelled-display-nazi-symbols-charge
2025-12-24 03:44:05,678 - INFO - [The Guardian] Attempt 1/1: Trying with 'requests_browser' strategy...
2025-12-24 03:44:05,807 - INFO - [The Guardian] Success with 'requests_browser'. Found content (444 words).
2025-12-24 03:44:08,897 - INFO - [The Hindu] Page content loaded.
2025-12-24 03:44:08,999 - INFO - [The Hindu] Success with 'selenium_browser'. Found content (246 words).
2025-12-24 03:44:53,235 - INFO - Saved article: How the new order of the Murdoch dynasty is playing out from BBC (2008 words)
2025-12-24 03:45:29,733 - CRITICAL - --- TIMEOUT: 4 scrape jobs did not complete in 300s. ---
2025-12-24 03:45:29,734 - ERROR - A thread has timed out and will be abandoned.
2025-12-24 03:45:29,734 - ERROR - A thread has timed out and will be abandoned.
2025-12-24 03:45:29,734 - ERROR - A thread has timed out and will be abandoned.
2025-12-24 03:45:29,734 - ERROR - A thread has timed out and will be abandoned.
2025-12-24 03:45:29,734 - INFO - Shutting down thread pool (wait=False)...
2025-12-24 03:45:29,734 - INFO - Scraped: 4 Timed_Out_Jobs articles. (Total saved: 0)
2025-12-24 03:45:29,734 - INFO - --- Scraping job finished ---
2025-12-24 03:45:29,734 - INFO - --- Scraper service stopped and database connection closed. ---
2025-12-24 03:45:29,734 - INFO - --- Main thread finished. Forcing process exit to kill zombie threads. ---
