2026-02-02 02:41:01,105 - INFO - Loading AI Semantic Model (all-MiniLM-L6-v2)...
2026-02-02 02:41:01,106 - INFO - Use pytorch device_name: cpu
2026-02-02 02:41:01,106 - INFO - Load pretrained SentenceTransformer: all-MiniLM-L6-v2
2026-02-02 02:41:01,206 - INFO - HTTP Request: HEAD https://huggingface.co/sentence-transformers/all-MiniLM-L6-v2/resolve/main/modules.json "HTTP/1.1 307 Temporary Redirect"
2026-02-02 02:41:01,212 - INFO - HTTP Request: HEAD https://huggingface.co/api/resolve-cache/models/sentence-transformers/all-MiniLM-L6-v2/c9745ed1d9f207416be6d2e6f8de32d1f16199bf/modules.json "HTTP/1.1 200 OK"
2026-02-02 02:41:01,250 - INFO - HTTP Request: HEAD https://huggingface.co/sentence-transformers/all-MiniLM-L6-v2/resolve/main/config_sentence_transformers.json "HTTP/1.1 307 Temporary Redirect"
2026-02-02 02:41:01,257 - INFO - HTTP Request: HEAD https://huggingface.co/api/resolve-cache/models/sentence-transformers/all-MiniLM-L6-v2/c9745ed1d9f207416be6d2e6f8de32d1f16199bf/config_sentence_transformers.json "HTTP/1.1 200 OK"
2026-02-02 02:41:01,291 - INFO - HTTP Request: HEAD https://huggingface.co/sentence-transformers/all-MiniLM-L6-v2/resolve/main/config_sentence_transformers.json "HTTP/1.1 307 Temporary Redirect"
2026-02-02 02:41:01,298 - INFO - HTTP Request: HEAD https://huggingface.co/api/resolve-cache/models/sentence-transformers/all-MiniLM-L6-v2/c9745ed1d9f207416be6d2e6f8de32d1f16199bf/config_sentence_transformers.json "HTTP/1.1 200 OK"
2026-02-02 02:41:01,332 - INFO - HTTP Request: HEAD https://huggingface.co/sentence-transformers/all-MiniLM-L6-v2/resolve/main/README.md "HTTP/1.1 307 Temporary Redirect"
2026-02-02 02:41:01,338 - INFO - HTTP Request: HEAD https://huggingface.co/api/resolve-cache/models/sentence-transformers/all-MiniLM-L6-v2/c9745ed1d9f207416be6d2e6f8de32d1f16199bf/README.md "HTTP/1.1 200 OK"
2026-02-02 02:41:01,374 - INFO - HTTP Request: HEAD https://huggingface.co/sentence-transformers/all-MiniLM-L6-v2/resolve/main/modules.json "HTTP/1.1 307 Temporary Redirect"
2026-02-02 02:41:01,380 - INFO - HTTP Request: HEAD https://huggingface.co/api/resolve-cache/models/sentence-transformers/all-MiniLM-L6-v2/c9745ed1d9f207416be6d2e6f8de32d1f16199bf/modules.json "HTTP/1.1 200 OK"
2026-02-02 02:41:01,415 - INFO - HTTP Request: HEAD https://huggingface.co/sentence-transformers/all-MiniLM-L6-v2/resolve/main/sentence_bert_config.json "HTTP/1.1 307 Temporary Redirect"
2026-02-02 02:41:01,421 - INFO - HTTP Request: HEAD https://huggingface.co/api/resolve-cache/models/sentence-transformers/all-MiniLM-L6-v2/c9745ed1d9f207416be6d2e6f8de32d1f16199bf/sentence_bert_config.json "HTTP/1.1 200 OK"
2026-02-02 02:41:01,456 - INFO - HTTP Request: HEAD https://huggingface.co/sentence-transformers/all-MiniLM-L6-v2/resolve/main/adapter_config.json "HTTP/1.1 404 Not Found"
2026-02-02 02:41:01,498 - INFO - HTTP Request: HEAD https://huggingface.co/sentence-transformers/all-MiniLM-L6-v2/resolve/main/config.json "HTTP/1.1 307 Temporary Redirect"
2026-02-02 02:41:01,504 - INFO - HTTP Request: HEAD https://huggingface.co/api/resolve-cache/models/sentence-transformers/all-MiniLM-L6-v2/c9745ed1d9f207416be6d2e6f8de32d1f16199bf/config.json "HTTP/1.1 200 OK"
2026-02-02 02:41:01,641 - WARNING - BertModel LOAD REPORT from: sentence-transformers/all-MiniLM-L6-v2
Key                     | Status     |  | 
------------------------+------------+--+-
embeddings.position_ids | UNEXPECTED |  | 

Notes:
- UNEXPECTED	:can be ignored when loading from different task/architecture; not ok if you expect identical arch.
2026-02-02 02:41:01,673 - INFO - HTTP Request: HEAD https://huggingface.co/sentence-transformers/all-MiniLM-L6-v2/resolve/main/config.json "HTTP/1.1 307 Temporary Redirect"
2026-02-02 02:41:01,679 - INFO - HTTP Request: HEAD https://huggingface.co/api/resolve-cache/models/sentence-transformers/all-MiniLM-L6-v2/c9745ed1d9f207416be6d2e6f8de32d1f16199bf/config.json "HTTP/1.1 200 OK"
2026-02-02 02:41:01,715 - INFO - HTTP Request: HEAD https://huggingface.co/sentence-transformers/all-MiniLM-L6-v2/resolve/main/tokenizer_config.json "HTTP/1.1 307 Temporary Redirect"
2026-02-02 02:41:01,721 - INFO - HTTP Request: HEAD https://huggingface.co/api/resolve-cache/models/sentence-transformers/all-MiniLM-L6-v2/c9745ed1d9f207416be6d2e6f8de32d1f16199bf/tokenizer_config.json "HTTP/1.1 200 OK"
2026-02-02 02:41:01,761 - INFO - HTTP Request: GET https://huggingface.co/api/models/sentence-transformers/all-MiniLM-L6-v2/tree/main/additional_chat_templates?recursive=false&expand=false "HTTP/1.1 404 Not Found"
2026-02-02 02:41:01,796 - INFO - HTTP Request: GET https://huggingface.co/api/models/sentence-transformers/all-MiniLM-L6-v2/tree/main?recursive=true&expand=false "HTTP/1.1 200 OK"
2026-02-02 02:41:01,887 - INFO - HTTP Request: HEAD https://huggingface.co/sentence-transformers/all-MiniLM-L6-v2/resolve/main/1_Pooling/config.json "HTTP/1.1 307 Temporary Redirect"
2026-02-02 02:41:01,893 - INFO - HTTP Request: HEAD https://huggingface.co/api/resolve-cache/models/sentence-transformers/all-MiniLM-L6-v2/c9745ed1d9f207416be6d2e6f8de32d1f16199bf/1_Pooling%2Fconfig.json "HTTP/1.1 200 OK"
2026-02-02 02:41:01,932 - INFO - HTTP Request: GET https://huggingface.co/api/models/sentence-transformers/all-MiniLM-L6-v2 "HTTP/1.1 200 OK"
2026-02-02 02:41:01,937 - INFO - AI Model loaded successfully.
2026-02-02 02:41:01,937 - INFO - --- Scraper service started (CI Mode: Run Once) ---
2026-02-02 02:41:01,937 - INFO - --- Starting new scraping job (Parallel Mode) ---
2026-02-02 02:41:01,937 - INFO - Creating new robust session with 3 retries on 5xx/connection/read errors.
2026-02-02 02:41:01,937 - INFO - Proxy is DISABLED.
2026-02-02 02:41:01,937 - INFO - Starting scrape for BBC RSS feed: http://feeds.bbci.co.uk/news/world/rss.xml
2026-02-02 02:41:01,938 - INFO - [Times of India] (Thread) requires Selenium. Initializing driver...
2026-02-02 02:41:01,938 - INFO - Starting scrape for The Guardian RSS feed: https://www.theguardian.com/world/rss
2026-02-02 02:41:01,938 - INFO - [The Hindu] (Thread) requires Selenium. Initializing driver...
2026-02-02 02:41:01,939 - INFO - Submitted 4 jobs to thread pool. Waiting up to 300s for completion...
2026-02-02 02:41:02,027 - INFO - Found 45 articles in The Guardian RSS feed. Processing up to 30.
2026-02-02 02:41:02,028 - INFO - [The Guardian] Early skip: URL https://www.theguardian.com/world/2026/jan/30/more-than-200-killed-in-coltan-mine-collapse-in-eastern-drc-officials-say already exists.
2026-02-02 02:41:02,286 - INFO - [The Guardian] Early skip: URL https://www.theguardian.com/world/2026/jan/30/niger-airport-airbase-attack-islamic-state already exists.
2026-02-02 02:41:02,429 - INFO - [The Guardian] Early skip: URL https://www.theguardian.com/world/2026/jan/30/south-africa-expels-israel-diplomat-insults-president already exists.
2026-02-02 02:41:02,507 - INFO - Found 42 articles in BBC RSS feed. Processing up to 30.
2026-02-02 02:41:02,622 - INFO - [BBC] Article: https://www.bbc.com/news/articles/c1508llzw4qo?at_medium=RSS&at_campaign=rss
2026-02-02 02:41:02,622 - INFO - [BBC] Attempt 1/1: Trying with 'requests_browser' strategy...
2026-02-02 02:41:02,623 - INFO - [The Guardian] Early skip: URL https://www.theguardian.com/world/2026/jan/29/gunfire-blasts-heard-airport-niamey-niger-planes-hit-reports already exists.
2026-02-02 02:41:02,809 - INFO - [BBC] Success with 'requests_browser'. Found content (534 words).
2026-02-02 02:41:21,174 - INFO - Selenium driver initialized successfully.
2026-02-02 02:41:21,174 - INFO - Selenium driver initialized successfully.
2026-02-02 02:41:21,174 - INFO - Starting scrape for The Hindu RSS feed: https://www.thehindu.com/news/national/feeder/default.rss
2026-02-02 02:41:21,175 - INFO - Starting scrape for Times of India RSS feed: https://timesofindia.indiatimes.com/rssfeeds/296589292.cms
2026-02-02 02:41:21,463 - INFO - Found 20 articles in Times of India RSS feed. Processing up to 30.
2026-02-02 02:41:21,487 - INFO - Found 100 articles in The Hindu RSS feed. Processing up to 30.
2026-02-02 02:41:42,745 - INFO - DEDUPLICATION: Found match (Score: 0.89). Linking to Cluster ID: 31115780-1bad-4006-a47f-eb927fb19eaa
2026-02-02 02:41:42,747 - INFO - Saved article: Norway's PM agrees crown princess had 'poor judgement' over Epstein links from BBC (534 words)
2026-02-02 02:41:42,747 - INFO - [The Guardian] Early skip: URL https://www.theguardian.com/world/2026/jan/26/hundreds-feared-dead-after-attempting-to-cross-mediterranean-amid-cyclone-harry already exists.
2026-02-02 02:41:42,950 - INFO - [Times of India] Article: https://timesofindia.indiatimes.com/world/us/epstein-row-elon-musk-denies-links-rejects-creepy-island-and-lolita-express-claims/articleshow/127850580.cms
2026-02-02 02:41:42,950 - INFO - [Times of India] Attempt 1/1: Trying with 'selenium_browser' strategy...
2026-02-02 02:41:42,951 - INFO - [The Hindu] Article: https://www.thehindu.com/news/national/jammu-kashmir-earthquake-february-2-2026/article70581401.ece
2026-02-02 02:41:42,951 - INFO - [The Hindu] Attempt 1/1: Trying with 'selenium_browser' strategy...
2026-02-02 02:41:42,951 - INFO - [The Guardian] Early skip: URL https://www.theguardian.com/us-news/2026/feb/01/mexico-moves-to-combat-pollution-following-guardian-investigations already exists.
2026-02-02 02:41:43,239 - INFO - [The Guardian] Early skip: URL https://www.theguardian.com/world/2026/feb/01/cuba-fuel-shortage-trump-tariffs already exists.
2026-02-02 02:41:43,503 - INFO - [The Guardian] Early skip: URL https://www.theguardian.com/world/2026/feb/01/costa-rica-polls-fears-authoritarian-turn-laura-fernandez already exists.
2026-02-02 02:41:43,736 - INFO - [BBC] Article: https://www.bbc.com/news/videos/cx20zqw7v9ko?at_medium=RSS&at_campaign=rss
2026-02-02 02:41:43,736 - INFO - [BBC] Attempt 1/1: Trying with 'requests_browser' strategy...
2026-02-02 02:41:43,738 - INFO - [The Guardian] Early skip: URL https://www.theguardian.com/world/2026/jan/30/mexico-sheinbaum-trump-tariffs-cuba-oil-crisis already exists.
2026-02-02 02:41:43,797 - INFO - [BBC] Success with 'requests_browser'. Found content (116 words).
2026-02-02 02:41:50,631 - INFO - [The Hindu] Page content loaded.
2026-02-02 02:41:50,918 - WARNING - [The Hindu] FAILED with 'selenium_browser' (content was too short: 56 words).
2026-02-02 02:41:50,918 - ERROR - [The Hindu] All scrape strategies failed for https://www.thehindu.com/news/national/jammu-kashmir-earthquake-february-2-2026/article70581401.ece. Falling back to RSS description.
2026-02-02 02:41:50,918 - WARNING - SKIPPED (GLOBAL WORD LIMIT): Article 'Earthquake of 4.6-magnitude shakes Kashmir' from The Hindu has only 13 words (Min: 90).
2026-02-02 02:42:04,684 - ERROR - [Times of India] Request failed for strategy 'selenium_browser' on URL https://timesofindia.indiatimes.com/world/us/epstein-row-elon-musk-denies-links-rejects-creepy-island-and-lolita-express-claims/articleshow/127850580.cms: Message: timeout: Timed out receiving message from renderer: 19.678
  (Session info: chrome=144.0.7559.96)
Stacktrace:
#0 0x55e2374c64ba <unknown>
#1 0x55e236f2f492 <unknown>
#2 0x55e236f16b47 <unknown>
#3 0x55e236f16756 <unknown>
#4 0x55e236f14271 <unknown>
#5 0x55e236f14bff <unknown>
#6 0x55e236f24150 <unknown>
#7 0x55e236f3e147 <unknown>
#8 0x55e236f4534b <unknown>
#9 0x55e236f15369 <unknown>
#10 0x55e236f3deda <unknown>
#11 0x55e236fcda78 <unknown>
#12 0x55e236f766a2 <unknown>
#13 0x55e236f77491 <unknown>
#14 0x55e23748c479 <unknown>
#15 0x55e23748f391 <unknown>
#16 0x55e237478a89 <unknown>
#17 0x55e23748ff4e <unknown>
#18 0x55e23745f070 <unknown>
#19 0x55e2374b3ca8 <unknown>
#20 0x55e2374b3e78 <unknown>
#21 0x55e2374c5828 <unknown>
#22 0x7fab80a9caa4 <unknown>
#23 0x7fab80b29c6c <unknown>

2026-02-02 02:42:04,685 - ERROR - [Times of India] All scrape strategies failed for https://timesofindia.indiatimes.com/world/us/epstein-row-elon-musk-denies-links-rejects-creepy-island-and-lolita-express-claims/articleshow/127850580.cms. Falling back to RSS description.
2026-02-02 02:42:04,685 - WARNING - SKIPPED (GLOBAL WORD LIMIT): Article 'Epstein row: Elon Musk denies links; rejects ‘creepy island’ and ‘Lolita Express’ claims' from Times of India has only 58 words (Min: 90).
2026-02-02 02:42:42,238 - INFO - Saved article: 'Do you think you're the devil himself?' Epstein questioned in new interview from BBC (116 words)
2026-02-02 02:42:42,238 - INFO - [The Guardian] Early skip: URL https://www.theguardian.com/world/2026/jan/30/court-ends-hong-kong-china-panama-canal-contracts already exists.
2026-02-02 02:42:42,442 - INFO - [The Hindu] Article: https://www.thehindu.com/news/national/delhi-witness-colder-start-to-february-maximum-temperature-at-246-degrees-celsius/article70581391.ece
2026-02-02 02:42:42,442 - INFO - [The Hindu] Attempt 1/1: Trying with 'selenium_browser' strategy...
2026-02-02 02:42:42,443 - INFO - [Times of India] Article: https://timesofindia.indiatimes.com/world/us/nepal-born-police-officer-pradeep-tamang-killed-responding-to-fraud-call-in-georgia-was-engaged-to-be-married/articleshow/127850373.cms
2026-02-02 02:42:42,443 - INFO - [Times of India] Attempt 1/1: Trying with 'selenium_browser' strategy...
2026-02-02 02:42:42,444 - INFO - [The Guardian] Early skip: URL https://www.theguardian.com/business/2026/feb/01/us-uk-eu-australia-critical-minerals-rare-earths-g7-minimum-price already exists.
2026-02-02 02:42:42,706 - INFO - [The Guardian] Early skip: URL https://www.theguardian.com/world/2026/feb/01/living-hell-of-north-koreas-paradise-on-earth-scheme-back-in-spotlight-in-japan already exists.
2026-02-02 02:42:42,936 - INFO - [The Guardian] Early skip: URL https://www.theguardian.com/world/2026/jan/31/starmer-hopes-his-china-trip-will-begin-the-thaw-after-recent-ice-age already exists.
2026-02-02 02:42:43,072 - INFO - [BBC] Article: https://www.bbc.com/news/articles/cj0n3j16p8lo?at_medium=RSS&at_campaign=rss
2026-02-02 02:42:43,072 - INFO - [BBC] Attempt 1/1: Trying with 'requests_browser' strategy...
2026-02-02 02:42:43,075 - INFO - [The Guardian] Early skip: URL https://www.theguardian.com/politics/live/2026/jan/30/donald-trump-keir-starmer-china-uk-us-trade-deals-tariffs-latest-news already exists.
2026-02-02 02:42:43,213 - INFO - [BBC] Success with 'requests_browser'. Found content (1697 words).
2026-02-02 02:42:43,301 - INFO - [The Guardian] Early skip: URL https://www.theguardian.com/world/2026/jan/30/china-lifts-sanctions-british-mps-peers already exists.
2026-02-02 02:42:43,520 - INFO - [The Guardian] Early skip: URL https://www.theguardian.com/australia-news/live/2026/feb/02/australia-news-live-desi-freeman-porepunkah-shooting-search-nationals-leadership-spill-littleproud-liberals-sussan-ley-angus-taylor-andrew-hastie-ntwnfb already exists.
2026-02-02 02:42:44,704 - INFO - [Times of India] Page content loaded.
2026-02-02 02:42:45,676 - INFO - [Times of India] Success with 'selenium_browser'. Found content (279 words).
2026-02-02 02:42:47,851 - INFO - [The Hindu] Page content loaded.
2026-02-02 02:42:48,130 - INFO - [The Hindu] Success with 'selenium_browser'. Found content (988 words).
2026-02-02 02:43:33,383 - INFO - Saved article: Syria’s only woman minister Hind Kabawat on challenges of rebuilding from BBC (1697 words)
2026-02-02 02:43:33,384 - INFO - [The Guardian] Article: https://www.theguardian.com/australia-news/2026/feb/02/gina-rinehart-political-donations-hancock-prospecting
2026-02-02 02:43:33,384 - INFO - [The Guardian] Attempt 1/1: Trying with 'requests_browser' strategy...
2026-02-02 02:43:33,606 - INFO - [The Guardian] Success with 'requests_browser'. Found content (876 words).
2026-02-02 02:44:17,214 - INFO - Saved article: Nepal-born police officer Pradeep Tamang killed responding to fraud call in Georgia, was engaged to be married - The Times of India from Times of India (279 words)
2026-02-02 02:45:01,061 - INFO - Saved article: Delhi witness colder start to February, maximum temperature at 24.6 degrees Celsius - The Hindu from The Hindu (988 words)
2026-02-02 02:45:48,069 - INFO - Saved article: Gina Rinehart’s company donated almost $900k to rightwing group Advance, political donations data shows | Australian political donations | The Guardian from The Guardian (876 words)
2026-02-02 02:45:48,069 - INFO - [BBC] Article: https://www.bbc.com/news/articles/ce8g7q4ymrvo?at_medium=RSS&at_campaign=rss
2026-02-02 02:45:48,069 - INFO - [BBC] Attempt 1/1: Trying with 'requests_browser' strategy...
2026-02-02 02:45:48,071 - INFO - [Times of India] Article: https://timesofindia.indiatimes.com/world/us-streamers/was-funnymike-arrested-viral-rumor-accuses-youtuber-of-new-murder-charge-as-truth-finally-comes-out/articleshow/127849599.cms
2026-02-02 02:45:48,071 - INFO - [Times of India] Attempt 1/1: Trying with 'selenium_browser' strategy...
2026-02-02 02:45:48,072 - INFO - [The Hindu] Early skip: URL https://www.thehindu.com/news/national/government-proposes-to-exempt-award-given-by-motor-accident-claims-tribunal-from-income-tax/article70580648.ece already exists.
2026-02-02 02:45:48,118 - INFO - [BBC] Success with 'requests_browser'. Found content (588 words).
2026-02-02 02:45:50,642 - INFO - [Times of India] Page content loaded.
2026-02-02 02:45:50,900 - INFO - [Times of India] Success with 'selenium_browser'. Found content (435 words).
2026-02-02 02:46:01,939 - CRITICAL - --- TIMEOUT: 4 scrape jobs did not complete in 300s. ---
2026-02-02 02:46:01,939 - ERROR - A thread has timed out and will be abandoned.
2026-02-02 02:46:01,939 - ERROR - A thread has timed out and will be abandoned.
2026-02-02 02:46:01,939 - ERROR - A thread has timed out and will be abandoned.
2026-02-02 02:46:01,939 - ERROR - A thread has timed out and will be abandoned.
2026-02-02 02:46:01,939 - INFO - Shutting down thread pool (wait=False)...
2026-02-02 02:46:01,940 - INFO - Scraped: 4 Timed_Out_Jobs articles. (Total saved: 0)
2026-02-02 02:46:01,940 - INFO - --- Scraping job finished ---
2026-02-02 02:46:01,940 - INFO - --- Scraper service stopped and database connection closed. ---
2026-02-02 02:46:01,940 - INFO - --- Main thread finished. Forcing process exit to kill zombie threads. ---
