2026-01-17 11:22:17,180 - INFO - Loading AI Semantic Model (all-MiniLM-L6-v2)...
2026-01-17 11:22:17,180 - INFO - Use pytorch device_name: cpu
2026-01-17 11:22:17,180 - INFO - Load pretrained SentenceTransformer: all-MiniLM-L6-v2
2026-01-17 11:22:18,433 - INFO - AI Model loaded successfully.
2026-01-17 11:22:18,434 - INFO - --- Scraper service started (CI Mode: Run Once) ---
2026-01-17 11:22:18,434 - INFO - --- Starting new scraping job (Parallel Mode) ---
2026-01-17 11:22:18,434 - INFO - Creating new robust session with 3 retries on 5xx/connection/read errors.
2026-01-17 11:22:18,434 - INFO - Proxy is DISABLED.
2026-01-17 11:22:18,434 - INFO - Starting scrape for BBC RSS feed: http://feeds.bbci.co.uk/news/world/rss.xml
2026-01-17 11:22:18,435 - INFO - [Times of India] (Thread) requires Selenium. Initializing driver...
2026-01-17 11:22:18,436 - INFO - Starting scrape for The Guardian RSS feed: https://www.theguardian.com/world/rss
2026-01-17 11:22:18,437 - INFO - [The Hindu] (Thread) requires Selenium. Initializing driver...
2026-01-17 11:22:18,437 - INFO - Submitted 4 jobs to thread pool. Waiting up to 300s for completion...
2026-01-17 11:22:18,685 - INFO - Found 45 articles in The Guardian RSS feed. Processing up to 30.
2026-01-17 11:22:18,685 - INFO - [The Guardian] Early skip: URL https://www.theguardian.com/environment/2026/jan/17/twin-baby-mountain-gorilla-virunga-drc-survival-conservation-aoe already exists.
2026-01-17 11:22:18,802 - INFO - Found 36 articles in BBC RSS feed. Processing up to 30.
2026-01-17 11:22:18,934 - INFO - [BBC] Early skip: URL https://www.bbc.com/news/articles/c07xv92vrz2o?at_medium=RSS&at_campaign=rss already exists.
2026-01-17 11:22:19,083 - INFO - [The Guardian] Early skip: URL https://www.theguardian.com/world/2026/jan/16/uganda-election-early-results-show-museveni-in-lead-as-violence-reported already exists.
2026-01-17 11:22:19,281 - INFO - [The Guardian] Early skip: URL https://www.theguardian.com/us-news/2026/jan/15/hepatitis-b-vaccines-study-africa-cancel already exists.
2026-01-17 11:22:19,403 - INFO - Selenium driver initialized successfully.
2026-01-17 11:22:19,403 - INFO - Starting scrape for The Hindu RSS feed: https://www.thehindu.com/news/national/feeder/default.rss
2026-01-17 11:22:19,404 - INFO - Selenium driver initialized successfully.
2026-01-17 11:22:19,404 - INFO - Starting scrape for Times of India RSS feed: https://timesofindia.indiatimes.com/rssfeeds/296589292.cms
2026-01-17 11:22:19,442 - INFO - [BBC] Early skip: URL https://www.bbc.com/news/articles/c70lx085z85o?at_medium=RSS&at_campaign=rss already exists.
2026-01-17 11:22:19,601 - INFO - Found 100 articles in The Hindu RSS feed. Processing up to 30.
2026-01-17 11:22:19,627 - INFO - Found 20 articles in Times of India RSS feed. Processing up to 30.
2026-01-17 11:22:19,740 - INFO - [The Guardian] Early skip: URL https://www.theguardian.com/environment/2026/jan/16/weather-tracer-extreme-rainfall-inundates-south-africa-mozambique-flood-warning already exists.
2026-01-17 11:22:19,890 - INFO - [The Hindu] Article: https://www.thehindu.com/news/national/maharashtra/day-after-mahayuti-victory-in-civic-polls-maharashtra-cabinet-clears-key-infra-and-transport-decisions/article70518383.ece
2026-01-17 11:22:19,890 - INFO - [The Hindu] Attempt 1/1: Trying with 'selenium_browser' strategy...
2026-01-17 11:22:19,891 - INFO - [Times of India] Article: https://timesofindia.indiatimes.com/etimes/trending/is-this-even-legal-canadas-craziest-football-goal-aced-in-8c-blizzard-goes-viral/articleshow/126609998.cms
2026-01-17 11:22:19,891 - INFO - [Times of India] Attempt 1/1: Trying with 'selenium_browser' strategy...
2026-01-17 11:22:19,891 - INFO - [BBC] Early skip: URL https://www.bbc.com/news/articles/czx1wgvpr1zo?at_medium=RSS&at_campaign=rss already exists.
2026-01-17 11:22:20,167 - INFO - [The Guardian] Early skip: URL https://www.theguardian.com/global-development/2026/jan/16/cloth-wraps-treated-with-insecticide-cut-malaria-cases-in-babies already exists.
2026-01-17 11:22:20,400 - INFO - [The Guardian] Early skip: URL https://www.theguardian.com/us-news/2026/jan/16/trump-administration-mistake-college-student-detained already exists.
2026-01-17 11:22:20,511 - INFO - [The Guardian] Early skip: URL https://www.theguardian.com/world/2026/jan/16/cia-chief-visits-maduro-successor-as-machado-vows-to-become-venezuelas-president already exists.
2026-01-17 11:22:20,706 - INFO - [BBC] Early skip: URL https://www.bbc.com/news/articles/czejwl2z80lo?at_medium=RSS&at_campaign=rss already exists.
2026-01-17 11:22:20,978 - INFO - [BBC] Early skip: URL https://www.bbc.com/news/articles/c20z3nx4xwqo?at_medium=RSS&at_campaign=rss already exists.
2026-01-17 11:22:21,265 - INFO - [BBC] Early skip: URL https://www.bbc.com/news/articles/c74vdgkw1kzo?at_medium=RSS&at_campaign=rss already exists.
2026-01-17 11:22:21,414 - INFO - [BBC] Early skip: URL https://www.bbc.com/news/articles/czx1wgvpr1zo?at_medium=RSS&at_campaign=rss already exists.
2026-01-17 11:22:21,642 - INFO - [The Guardian] Early skip: URL https://www.theguardian.com/world/2026/jan/16/brazil-jair-bolsonaro-reduce-sentence-reading-books already exists.
2026-01-17 11:22:21,758 - INFO - [The Guardian] Early skip: URL https://www.theguardian.com/world/2026/jan/16/china-canada-partnership-new-global-realities-carney-xi-jinping already exists.
2026-01-17 11:22:21,865 - INFO - [BBC] Early skip: URL https://www.bbc.com/news/articles/c9qpy952xvno?at_medium=RSS&at_campaign=rss already exists.
2026-01-17 11:22:22,062 - INFO - [BBC] Early skip: URL https://www.bbc.com/news/articles/cj3vlgrl4r2o?at_medium=RSS&at_campaign=rss already exists.
2026-01-17 11:22:22,247 - INFO - [The Guardian] Early skip: URL https://www.theguardian.com/world/2026/jan/16/julio-iglesias-denies-sexual-abuse-claims-of-two-former-female-employees already exists.
2026-01-17 11:22:22,440 - INFO - [The Guardian] Early skip: URL https://www.theguardian.com/world/2026/jan/16/south-korea-sentences-ex-president-yoon-suk-yeol-five-years-first-martial-law-verdict already exists.
2026-01-17 11:22:22,737 - INFO - [BBC] Early skip: URL https://www.bbc.com/news/articles/clyn0ek5rdpo?at_medium=RSS&at_campaign=rss already exists.
2026-01-17 11:22:22,922 - INFO - [The Guardian] Early skip: URL https://www.theguardian.com/us-news/2026/jan/15/us-taiwan-tariff-deal already exists.
2026-01-17 11:22:23,060 - INFO - [The Guardian] Early skip: URL https://www.theguardian.com/world/2026/jan/14/thailand-train-crane-accident-deaths already exists.
2026-01-17 11:22:23,301 - INFO - [The Guardian] Early skip: URL https://www.theguardian.com/world/2026/jan/14/china-reports-record-trillion-dollar-trade-surplus-despite-trump-tariffs already exists.
2026-01-17 11:22:23,509 - INFO - [The Guardian] Early skip: URL https://www.theguardian.com/world/2026/jan/13/south-korean-prosecutors-demand-death-penalty-for-former-president-yoon-suk-yeol already exists.
2026-01-17 11:22:23,685 - INFO - [BBC] Early skip: URL https://www.bbc.com/news/articles/cz7y14ypg2qo?at_medium=RSS&at_campaign=rss already exists.
2026-01-17 11:22:23,932 - INFO - [BBC] Early skip: URL https://www.bbc.com/news/articles/cpv70mek448o?at_medium=RSS&at_campaign=rss already exists.
2026-01-17 11:22:24,089 - INFO - [BBC] Early skip: URL https://www.bbc.com/news/articles/cvgjn5yyeljo?at_medium=RSS&at_campaign=rss already exists.
2026-01-17 11:22:24,250 - INFO - [The Guardian] Early skip: URL https://www.theguardian.com/sport/2026/jan/17/damien-martyn-declares-im-back-after-leaving-hospital-following-meningitis already exists.
2026-01-17 11:22:24,463 - INFO - [The Guardian] Early skip: URL https://www.theguardian.com/australia-news/2026/jan/17/filipino-migrant-workers-death-in-nsw-referred-to-federal-police already exists.
2026-01-17 11:22:24,614 - INFO - [BBC] Early skip: URL https://www.bbc.com/news/articles/cy59pvkqvl5o?at_medium=RSS&at_campaign=rss already exists.
2026-01-17 11:22:24,742 - INFO - [BBC] Early skip: URL https://www.bbc.com/news/articles/c1wz8vyq54xo?at_medium=RSS&at_campaign=rss already exists.
2026-01-17 11:22:24,904 - INFO - [The Guardian] Early skip: URL https://www.theguardian.com/australia-news/2026/jan/16/warnings-for-flash-floods-on-victorias-surf-coast-were-not-issued-late-authorities-say already exists.
2026-01-17 11:22:25,153 - INFO - [The Guardian] Early skip: URL https://www.theguardian.com/australia-news/2026/jan/16/police-shoot-dead-man-armed-with-bow-and-arrow-in-new-south-wales already exists.
2026-01-17 11:22:25,436 - INFO - [The Guardian] Early skip: URL https://www.theguardian.com/australia-news/live/2026/jan/16/hate-speech-legislation-political-reaction-anthony-albanese-labor-sussan-ley-coalition-greens-adelaide-festival-writers-week-backlash-sydney-protest-ban-ntwnfb already exists.
2026-01-17 11:22:25,614 - INFO - [BBC] Early skip: URL https://www.bbc.com/news/articles/c8x95nk72k2o?at_medium=RSS&at_campaign=rss already exists.
2026-01-17 11:22:25,911 - INFO - [The Guardian] Early skip: URL https://www.theguardian.com/world/live/2026/jan/17/hands-off-greenland-protests-denmark-us-donald-trump-europe-latest-news-updates already exists.
2026-01-17 11:22:26,185 - INFO - [The Guardian] Early skip: URL https://www.theguardian.com/world/2026/jan/17/greenland-crisis-europe-needs-trump-but-it-also-needs-to-stand-up-to-him already exists.
2026-01-17 11:22:26,380 - INFO - [BBC] Early skip: URL https://www.bbc.com/news/articles/cy4qdpxp78po?at_medium=RSS&at_campaign=rss already exists.
2026-01-17 11:22:26,524 - INFO - [BBC] Early skip: URL https://www.bbc.com/news/articles/c9qpx2qqeq7o?at_medium=RSS&at_campaign=rss already exists.
2026-01-17 11:22:26,658 - INFO - [BBC] Early skip: URL https://www.bbc.com/news/articles/cj9rvkde0xxo?at_medium=RSS&at_campaign=rss already exists.
2026-01-17 11:22:26,875 - INFO - [BBC] Early skip: URL https://www.bbc.com/news/articles/cx2xpz559neo?at_medium=RSS&at_campaign=rss already exists.
2026-01-17 11:22:26,997 - INFO - [The Guardian] Early skip: URL https://www.theguardian.com/society/2026/jan/16/study-debunks-trump-claim-paracetamol-causes-autism-pregnancy already exists.
2026-01-17 11:22:27,206 - INFO - [BBC] Early skip: URL https://www.bbc.com/news/articles/cdx40dxdlrqo?at_medium=RSS&at_campaign=rss already exists.
2026-01-17 11:22:27,427 - INFO - [BBC] Early skip: URL https://www.bbc.com/news/articles/c2d70kx6nn3o?at_medium=RSS&at_campaign=rss already exists.
2026-01-17 11:22:27,611 - INFO - [The Hindu] Page content loaded.
2026-01-17 11:22:27,617 - INFO - [BBC] Early skip: URL https://www.bbc.com/news/articles/c0q4l3g183jo?at_medium=RSS&at_campaign=rss already exists.
2026-01-17 11:22:27,904 - INFO - [BBC] Early skip: URL https://www.bbc.com/news/articles/c62nzxqw45eo?at_medium=RSS&at_campaign=rss already exists.
2026-01-17 11:22:27,999 - INFO - [The Hindu] Success with 'selenium_browser'. Found content (421 words).
2026-01-17 11:22:28,144 - INFO - [BBC] Early skip: URL https://www.bbc.com/news/articles/cnvg70v1z0ro?at_medium=RSS&at_campaign=rss already exists.
2026-01-17 11:22:28,359 - INFO - [BBC] Early skip: URL https://www.bbc.com/news/articles/cp37eerlql1o?at_medium=RSS&at_campaign=rss already exists.
2026-01-17 11:22:28,635 - INFO - [The Guardian] Early skip: URL https://www.theguardian.com/technology/2026/jan/16/partly-ai-generated-folk-pop-hit-barred-from-swedens-official-charts already exists.
2026-01-17 11:22:29,580 - INFO - [Times of India] Page content loaded.
2026-01-17 11:22:29,970 - INFO - [Times of India] Success with 'selenium_browser'. Found content (1037 words).
2026-01-17 11:23:18,822 - INFO - Saved article: Day after Mahayuti victory in civic polls, Maharashtra Cabinet clears key infra and transport decisions - The Hindu from The Hindu (421 words)
2026-01-17 11:23:18,823 - INFO - [BBC] Early skip: URL https://www.bbc.com/news/articles/c3387lrz5g4o?at_medium=RSS&at_campaign=rss already exists.
2026-01-17 11:23:19,097 - INFO - [The Guardian] Early skip: URL https://www.theguardian.com/world/2026/jan/16/trump-greenland-envoy-us-denmark already exists.
2026-01-17 11:24:06,379 - INFO - Saved article: Is this even legal? Canada’s craziest football goal aced in −8°C blizzard goes viral | - The Times of India from Times of India (1037 words)
2026-01-17 11:24:06,379 - INFO - [BBC] Early skip: URL https://www.bbc.com/news/articles/cm24k6kk1rko?at_medium=RSS&at_campaign=rss already exists.
2026-01-17 11:24:06,606 - INFO - [The Guardian] Early skip: URL https://www.theguardian.com/world/2026/jan/17/iran-protests-opposition already exists.
2026-01-17 11:24:06,812 - INFO - [The Hindu] Article: https://www.thehindu.com/news/national/several-indians-return-from-protest-hit-iran-in-commercial-flights/article70518380.ece
2026-01-17 11:24:06,812 - INFO - [The Hindu] Attempt 1/1: Trying with 'selenium_browser' strategy...
2026-01-17 11:24:06,813 - INFO - [BBC] Early skip: URL https://www.bbc.com/news/articles/cq6v83gq66eo?at_medium=RSS&at_campaign=rss already exists.
2026-01-17 11:24:07,047 - INFO - [The Guardian] Early skip: URL https://www.theguardian.com/world/2026/jan/17/iran-plans-permanent-break-from-global-internet-say-activists already exists.
2026-01-17 11:24:07,171 - INFO - [The Guardian] Early skip: URL https://www.theguardian.com/world/2026/jan/16/son-of-former-iranian-monarch-calls-for-targeted-intervention-to-hasten-regimes-collapse already exists.
2026-01-17 11:24:07,387 - INFO - [The Guardian] Early skip: URL https://www.theguardian.com/world/2026/jan/16/trump-pushes-for-disarmament-of-hamas-as-second-stage-of-gaza-ceasefire-begins already exists.
2026-01-17 11:24:07,501 - INFO - [BBC] Early skip: URL https://www.bbc.com/news/articles/ckgxl6zkenqo?at_medium=RSS&at_campaign=rss already exists.
2026-01-17 11:24:07,709 - INFO - [Times of India] Article: https://timesofindia.indiatimes.com/world/rest-of-world/supriya-dreamed-of-becoming-nurse-indian-origin-man-vikrant-thakur-admits-killing-wife-in-australia-court-pleads-not-guilty-to-murder/articleshow/126610638.cms
2026-01-17 11:24:07,709 - INFO - [Times of India] Attempt 1/1: Trying with 'selenium_browser' strategy...
2026-01-17 11:24:07,709 - INFO - [The Guardian] Early skip: URL https://www.theguardian.com/world/2026/jan/16/ali-khamenei-regime-will-not-be-able-to-keep-control-of-iran-says-dissenting-film-maker already exists.
2026-01-17 11:24:08,985 - INFO - [The Hindu] Page content loaded.
2026-01-17 11:24:09,052 - INFO - [The Hindu] Success with 'selenium_browser'. Found content (579 words).
2026-01-17 11:24:16,022 - INFO - [Times of India] Page content loaded.
2026-01-17 11:24:16,434 - INFO - [Times of India] Success with 'selenium_browser'. Found content (241 words).
2026-01-17 11:24:59,875 - INFO - DEDUPLICATION: Found match (Score: 0.71). Linking to Cluster ID: 44b8920c-3a5f-4811-9851-4e7143693d41
2026-01-17 11:24:59,878 - INFO - Saved article: Several Indians return from protest-hit Iran in commercial flights - The Hindu from The Hindu (579 words)
2026-01-17 11:25:46,200 - INFO - Saved article: 'Supriya dreamed of becoming nurse’: Indian-origin man Vikrant Thakur admits killing wife in Australia court, pleads not guilty to murder - The Times of India from Times of India (241 words)
2026-01-17 11:25:46,200 - INFO - [The Hindu] Article: https://www.thehindu.com/news/national/kerala/kerala-unit-of-janata-dal-s-officially-merges-with-indian-socialist-janata-dal-isjd/article70518344.ece
2026-01-17 11:25:46,200 - INFO - [The Hindu] Attempt 1/1: Trying with 'selenium_browser' strategy...
2026-01-17 11:25:46,903 - INFO - [Times of India] Article: https://timesofindia.indiatimes.com/world/middle-east/emirates-first-direct-dubai-helsinki-flights-fly-from-uaes-desert-heat-to-finlands-northern-lights-sauna-culture-snowy-escapes/articleshow/126607839.cms
2026-01-17 11:25:46,904 - INFO - [Times of India] Attempt 1/1: Trying with 'selenium_browser' strategy...
2026-01-17 11:25:47,430 - INFO - [The Hindu] Page content loaded.
2026-01-17 11:25:47,481 - INFO - [The Hindu] Success with 'selenium_browser'. Found content (286 words).
2026-01-17 11:26:06,928 - ERROR - [Times of India] Request failed for strategy 'selenium_browser' on URL https://timesofindia.indiatimes.com/world/middle-east/emirates-first-direct-dubai-helsinki-flights-fly-from-uaes-desert-heat-to-finlands-northern-lights-sauna-culture-snowy-escapes/articleshow/126607839.cms: Message: timeout: Timed out receiving message from renderer: 19.857
  (Session info: chrome=143.0.7499.192)
Stacktrace:
#0 0x55cacf3a240a <unknown>
#1 0x55cacedd676b <unknown>
#2 0x55cacedbe80a <unknown>
#3 0x55cacedbe4ed <unknown>
#4 0x55cacedbc3a7 <unknown>
#5 0x55cacedbccbf <unknown>
#6 0x55cacedcb480 <unknown>
#7 0x55cacede4b47 <unknown>
#8 0x55cacedeb1fb <unknown>
#9 0x55cacedbd3e8 <unknown>
#10 0x55cacede48f8 <unknown>
#11 0x55cacee73ad8 <unknown>
#12 0x55cacee1a7b2 <unknown>
#13 0x55cacee1b461 <unknown>
#14 0x55cacf36adf9 <unknown>
#15 0x55cacf36dd5d <unknown>
#16 0x55cacf353b41 <unknown>
#17 0x55cacf36e93b <unknown>
#18 0x55cacf33a870 <unknown>
#19 0x55cacf38f828 <unknown>
#20 0x55cacf38f9fc <unknown>
#21 0x55cacf3a1763 <unknown>
#22 0x7ff3d069caa4 <unknown>
#23 0x7ff3d0729c6c <unknown>

2026-01-17 11:26:06,928 - ERROR - [Times of India] All scrape strategies failed for https://timesofindia.indiatimes.com/world/middle-east/emirates-first-direct-dubai-helsinki-flights-fly-from-uaes-desert-heat-to-finlands-northern-lights-sauna-culture-snowy-escapes/articleshow/126607839.cms. Falling back to RSS description.
2026-01-17 11:26:06,928 - WARNING - SKIPPED (GLOBAL WORD LIMIT): Article 'Emirates' first direct Dubai-Helsinki flights: Fly from UAE's desert heat to Finland's northern lights, sauna culture, snowy escapes' from Times of India has only 51 words (Min: 90).
2026-01-17 11:26:34,447 - INFO - Saved article: Kerala unit of Janata Dal (S) officially merges with Indian Socialist Janata Dal (ISJD) - The Hindu from The Hindu (286 words)
2026-01-17 11:26:34,447 - INFO - [Times of India] Early skip: URL https://timesofindia.indiatimes.com/world/middle-east/never-seen-before-cheetah-mummies-found-in-saudi-caves-a-first-for-naturally-mummified-large-cats/articleshow/126608625.cms already exists.
2026-01-17 11:26:34,682 - INFO - [Times of India] Early skip: URL https://timesofindia.indiatimes.com/world/middle-east/saudi-arabia-self-employed-expats-could-face-50000-riyal-fine-jail-and-deportation/articleshow/126607449.cms already exists.
2026-01-17 11:26:34,905 - INFO - [Times of India] Early skip: URL https://timesofindia.indiatimes.com/world/middle-east/worlds-best-cruise-destination-2025-has-been-crowned-and-its-not-caribbean-or-europe/articleshow/126606548.cms already exists.
2026-01-17 11:26:35,106 - INFO - [Times of India] Early skip: URL https://timesofindia.indiatimes.com/world/rest-of-world/denmark-is-turning-its-streetlights-red-and-the-reason-will-surprise-you/articleshow/126605529.cms already exists.
2026-01-17 11:26:35,397 - INFO - [Times of India] Early skip: URL https://timesofindia.indiatimes.com/world/middle-east/no-more-layovers-air-india-saudia-airline-codeshare-deal-opens-up-20-cities-overnight/articleshow/126602405.cms already exists.
2026-01-17 11:26:35,576 - INFO - [Times of India] Early skip: URL https://timesofindia.indiatimes.com/world/middle-east/the-viral-trap-why-dubai-police-say-your-childs-next-scroll-could-be-their-last/articleshow/126602738.cms already exists.
2026-01-17 11:26:35,684 - INFO - [Times of India] Early skip: URL https://timesofindia.indiatimes.com/world/middle-east/goodbye-bureaucracy-in-saudi-arabia-new-riyadh-digital-system-could-change-how-cities-are-built-in-middle-east/articleshow/126601770.cms already exists.
2026-01-17 11:26:35,819 - INFO - [Times of India] Article: https://timesofindia.indiatimes.com/world/us/nile-water-sharing-dispute-trump-offers-to-mediate-egypt-ethiopia-fallout-writes-to-al-sisi/articleshow/126599922.cms
2026-01-17 11:26:35,819 - INFO - [Times of India] Attempt 1/1: Trying with 'selenium_browser' strategy...
2026-01-17 11:26:35,935 - INFO - [The Hindu] Article: https://www.thehindu.com/news/national/india-skips-south-africa-led-naval-exercise-as-its-not-institutionalised-brics-activity/article70518363.ece
2026-01-17 11:26:35,935 - INFO - [The Hindu] Attempt 1/1: Trying with 'selenium_browser' strategy...
2026-01-17 11:26:36,396 - INFO - [Times of India] Page content loaded.
2026-01-17 11:26:36,597 - INFO - [Times of India] Success with 'selenium_browser'. Found content (405 words).
2026-01-17 11:26:38,179 - INFO - [The Hindu] Page content loaded.
2026-01-17 11:26:38,364 - INFO - [The Hindu] Success with 'selenium_browser'. Found content (270 words).
2026-01-17 11:27:18,437 - CRITICAL - --- TIMEOUT: 2 scrape jobs did not complete in 300s. ---
2026-01-17 11:27:18,437 - ERROR - A thread has timed out and will be abandoned.
2026-01-17 11:27:18,437 - ERROR - A thread has timed out and will be abandoned.
2026-01-17 11:27:18,437 - INFO - Shutting down thread pool (wait=False)...
2026-01-17 11:27:18,437 - INFO - Scraped: 0 BBC, 0 The Guardian, 2 Timed_Out_Jobs articles. (Total saved: 0)
2026-01-17 11:27:18,437 - INFO - --- Scraping job finished ---
2026-01-17 11:27:18,438 - INFO - --- Scraper service stopped and database connection closed. ---
2026-01-17 11:27:18,438 - INFO - --- Main thread finished. Forcing process exit to kill zombie threads. ---
