2026-01-13 23:25:02,786 - INFO - Loading AI Semantic Model (all-MiniLM-L6-v2)...
2026-01-13 23:25:02,786 - INFO - Use pytorch device_name: cpu
2026-01-13 23:25:02,786 - INFO - Load pretrained SentenceTransformer: all-MiniLM-L6-v2
2026-01-13 23:25:03,392 - INFO - AI Model loaded successfully.
2026-01-13 23:25:03,392 - INFO - --- Scraper service started (CI Mode: Run Once) ---
2026-01-13 23:25:03,392 - INFO - --- Starting new scraping job (Parallel Mode) ---
2026-01-13 23:25:03,392 - INFO - Creating new robust session with 3 retries on 5xx/connection/read errors.
2026-01-13 23:25:03,392 - INFO - Proxy is DISABLED.
2026-01-13 23:25:03,393 - INFO - Starting scrape for BBC RSS feed: http://feeds.bbci.co.uk/news/world/rss.xml
2026-01-13 23:25:03,394 - INFO - [Times of India] (Thread) requires Selenium. Initializing driver...
2026-01-13 23:25:03,394 - INFO - Starting scrape for The Guardian RSS feed: https://www.theguardian.com/world/rss
2026-01-13 23:25:03,395 - INFO - [The Hindu] (Thread) requires Selenium. Initializing driver...
2026-01-13 23:25:03,395 - INFO - Submitted 4 jobs to thread pool. Waiting up to 300s for completion...
2026-01-13 23:25:03,541 - INFO - Found 45 articles in The Guardian RSS feed. Processing up to 30.
2026-01-13 23:25:03,541 - INFO - [The Guardian] Early skip: URL https://www.theguardian.com/us-news/2026/jan/13/trump-administration-ends-tps-somalia already exists.
2026-01-13 23:25:03,645 - INFO - Found 40 articles in BBC RSS feed. Processing up to 30.
2026-01-13 23:25:03,661 - INFO - [BBC] Early skip: URL https://www.bbc.com/news/articles/cr57vmznmd9o?at_medium=RSS&at_campaign=rss already exists.
2026-01-13 23:25:03,892 - INFO - [The Guardian] Early skip: URL https://www.theguardian.com/business/2026/jan/13/developing-countries-poorer-world-bank-report already exists.
2026-01-13 23:25:04,059 - INFO - [BBC] Early skip: URL https://www.bbc.com/news/articles/cedwgn4pqv4o?at_medium=RSS&at_campaign=rss already exists.
2026-01-13 23:25:04,233 - INFO - [The Guardian] Early skip: URL https://www.theguardian.com/books/2026/jan/12/chimamanda-ngozi-adichie-accuses-lagos-hospital-negligence-son-death already exists.
2026-01-13 23:25:04,527 - INFO - [BBC] Early skip: URL https://www.bbc.com/news/articles/c4g3kw5ezepo?at_medium=RSS&at_campaign=rss already exists.
2026-01-13 23:25:04,708 - INFO - [The Guardian] Early skip: URL https://www.theguardian.com/global-development/2026/jan/09/the-gambia-female-genital-mutilation-fgm-supreme-court-case-overturn-ban already exists.
2026-01-13 23:25:04,889 - INFO - [BBC] Early skip: URL https://www.bbc.com/news/articles/c041dp0z95yo?at_medium=RSS&at_campaign=rss already exists.
2026-01-13 23:25:05,170 - INFO - [The Guardian] Early skip: URL https://www.theguardian.com/world/2026/jan/08/questions-targeting-impact-us-airstrikes-in-nigeria already exists.
2026-01-13 23:25:05,363 - INFO - [BBC] Early skip: URL https://www.bbc.com/news/articles/cj6w17ykd89o?at_medium=RSS&at_campaign=rss already exists.
2026-01-13 23:25:05,565 - INFO - [The Guardian] Early skip: URL https://www.theguardian.com/environment/2026/jan/12/us-plan-to-exploit-venezuelas-oil-could-eat-up-13-of-carbon-budget-to-keep-15c-limit already exists.
2026-01-13 23:25:05,826 - INFO - [BBC] Early skip: URL https://www.bbc.com/news/articles/cq6vyqq5r0do?at_medium=RSS&at_campaign=rss already exists.
2026-01-13 23:25:06,010 - INFO - [The Guardian] Early skip: URL https://www.theguardian.com/world/2026/jan/12/trump-latin-america-feud-colombia-gustavo-petro already exists.
2026-01-13 23:25:06,126 - INFO - [BBC] Early skip: URL https://www.bbc.com/news/articles/ce9yv4gmn9lo?at_medium=RSS&at_campaign=rss already exists.
2026-01-13 23:25:06,233 - INFO - [The Guardian] Early skip: URL https://www.theguardian.com/us-news/2026/jan/12/us-oil-producers-global-supply-glut-venezuela already exists.
2026-01-13 23:25:06,372 - INFO - [BBC] Early skip: URL https://www.bbc.com/news/articles/c5y320k72vyo?at_medium=RSS&at_campaign=rss already exists.
2026-01-13 23:25:06,497 - INFO - [The Guardian] Early skip: URL https://www.theguardian.com/world/2026/jan/12/carney-heads-to-beijing-as-trump-america-first-agenda-forces-canada-into-trade-rethink already exists.
2026-01-13 23:25:06,677 - INFO - [BBC] Early skip: URL https://www.bbc.com/news/articles/cz0p9ld5egjo?at_medium=RSS&at_campaign=rss already exists.
2026-01-13 23:25:06,895 - INFO - [The Guardian] Early skip: URL https://www.theguardian.com/us-news/2026/jan/12/donald-trump-threatens-block-exxonmobil-venezuela already exists.
2026-01-13 23:25:07,071 - INFO - [BBC] Early skip: URL https://www.bbc.com/news/articles/c79rqzv1e7ro?at_medium=RSS&at_campaign=rss already exists.
2026-01-13 23:25:07,309 - INFO - [The Guardian] Early skip: URL https://www.theguardian.com/world/2026/jan/13/south-korean-prosecutors-demand-death-penalty-for-former-president-yoon-suk-yeol already exists.
2026-01-13 23:25:07,605 - INFO - [BBC] Early skip: URL https://www.bbc.com/news/articles/cr578g7v082o?at_medium=RSS&at_campaign=rss already exists.
2026-01-13 23:25:07,760 - INFO - [The Guardian] Early skip: URL https://www.theguardian.com/world/2026/jan/13/workers-at-chinese-factory-that-produces-labubu-toys-are-being-exploited-says-ngo already exists.
2026-01-13 23:25:08,053 - INFO - [BBC] Early skip: URL https://www.bbc.com/news/articles/c62vnvx2x2po?at_medium=RSS&at_campaign=rss already exists.
2026-01-13 23:25:08,181 - INFO - [The Guardian] Early skip: URL https://www.theguardian.com/world/2026/jan/13/china-europe-pressure-block-taiwanese-politicians-visas already exists.
2026-01-13 23:25:08,317 - INFO - [BBC] Early skip: URL https://www.bbc.com/news/articles/c9wxg4e09jzo?at_medium=RSS&at_campaign=rss already exists.
2026-01-13 23:25:08,490 - INFO - [The Guardian] Early skip: URL https://www.theguardian.com/business/2026/jan/13/coal-power-generation-falls-china-india-since-1970s already exists.
2026-01-13 23:25:08,691 - INFO - [BBC] Early skip: URL https://www.bbc.com/news/articles/c0mk80lyw09o?at_medium=RSS&at_campaign=rss already exists.
2026-01-13 23:25:08,845 - INFO - [BBC] Early skip: URL https://www.bbc.com/news/articles/c8j31728187o?at_medium=RSS&at_campaign=rss already exists.
2026-01-13 23:25:08,964 - INFO - Selenium driver initialized successfully.
2026-01-13 23:25:08,964 - INFO - Starting scrape for Times of India RSS feed: https://timesofindia.indiatimes.com/rssfeeds/296589292.cms
2026-01-13 23:25:08,965 - INFO - Selenium driver initialized successfully.
2026-01-13 23:25:08,965 - INFO - Starting scrape for The Hindu RSS feed: https://www.thehindu.com/news/national/feeder/default.rss
2026-01-13 23:25:09,005 - INFO - [The Guardian] Early skip: URL https://www.theguardian.com/technology/2026/jan/12/malaysia-blocks-elon-musk-grok-ai-fake-sexualised-images-indonesia-x-chatbot already exists.
2026-01-13 23:25:09,104 - INFO - Found 100 articles in The Hindu RSS feed. Processing up to 30.
2026-01-13 23:25:09,155 - INFO - [BBC] Early skip: URL https://www.bbc.com/news/articles/cvgnvqrxl0xo?at_medium=RSS&at_campaign=rss already exists.
2026-01-13 23:25:09,239 - INFO - Found 20 articles in Times of India RSS feed. Processing up to 30.
2026-01-13 23:25:09,270 - INFO - [The Hindu] Article: https://www.thehindu.com/news/national/karnataka/rahul-gandhi-holds-discussions-with-siddaramaiah-shivakumar-separately-at-mysuru-airport/article70505956.ece
2026-01-13 23:25:09,270 - INFO - [The Hindu] Attempt 1/1: Trying with 'selenium_browser' strategy...
2026-01-13 23:25:09,270 - INFO - [The Guardian] Early skip: URL https://www.theguardian.com/australia-news/live/2026/jan/14/adelaide-festival-writers-week-lousie-adler-politics-reaction-peter-malinauskas-victoria-bushfires-queensland-floods-anthony-albanese-labor-sussan-ley-coalition-ntwnfb already exists.
2026-01-13 23:25:09,544 - INFO - [Times of India] Article: https://timesofindia.indiatimes.com/world/us/trump-hurls-abuse-and-shows-middle-finger-to-ford-worker-who-shouted-pedophile-protector/articleshow/126515136.cms
2026-01-13 23:25:09,544 - INFO - [Times of India] Attempt 1/1: Trying with 'selenium_browser' strategy...
2026-01-13 23:25:09,545 - INFO - [BBC] Early skip: URL https://www.bbc.com/news/articles/cj9r3832j47o?at_medium=RSS&at_campaign=rss already exists.
2026-01-13 23:25:09,806 - INFO - [The Guardian] Early skip: URL https://www.theguardian.com/environment/2026/jan/13/threatened-species-habitat-destruction-australia-15-year-high already exists.
2026-01-13 23:25:10,057 - INFO - [BBC] Early skip: URL https://www.bbc.com/news/articles/cr7jzpr95yvo?at_medium=RSS&at_campaign=rss already exists.
2026-01-13 23:25:10,187 - INFO - [The Guardian] Early skip: URL https://www.theguardian.com/australia-news/2026/jan/13/nsw-government-capital-gains-tax-discount-negative-gearing-australia-housing-affordability already exists.
2026-01-13 23:25:10,370 - INFO - [BBC] Early skip: URL https://www.bbc.com/news/articles/cjrznw9e243o?at_medium=RSS&at_campaign=rss already exists.
2026-01-13 23:25:10,648 - INFO - [The Guardian] Early skip: URL https://www.theguardian.com/australia-news/2026/jan/13/grok-x-anthony-albanese-australia-politicians-condemn-post-platform already exists.
2026-01-13 23:25:10,942 - INFO - [BBC] Early skip: URL https://www.bbc.com/news/articles/c801kypkl3ko?at_medium=RSS&at_campaign=rss already exists.
2026-01-13 23:25:11,192 - INFO - [BBC] Early skip: URL https://www.bbc.com/news/articles/cpqye2yygl4o?at_medium=RSS&at_campaign=rss already exists.
2026-01-13 23:25:11,491 - INFO - [BBC] Early skip: URL https://www.bbc.com/news/articles/c74vnxlvl40o?at_medium=RSS&at_campaign=rss already exists.
2026-01-13 23:25:11,756 - INFO - [The Guardian] Early skip: URL https://www.theguardian.com/australia-news/2026/jan/13/australian-author-craig-silvey-charged-child-exploitation-ntwnfb already exists.
2026-01-13 23:25:12,051 - INFO - [The Guardian] Early skip: URL https://www.theguardian.com/politics/2026/jan/13/dealing-with-post-brexit-paperwork-pure-hell-shipping-head-tells-mps already exists.
2026-01-13 23:25:12,201 - INFO - [The Guardian] Early skip: URL https://www.theguardian.com/media/2026/jan/13/peaky-blinders-makers-banijay-merger-talks-traitors-producers-all3media already exists.
2026-01-13 23:25:12,376 - INFO - [BBC] Early skip: URL https://www.bbc.com/news/articles/c1klvp4v8vjo?at_medium=RSS&at_campaign=rss already exists.
2026-01-13 23:25:12,596 - INFO - [BBC] Early skip: URL https://www.bbc.com/news/articles/cly9n3r2p7zo?at_medium=RSS&at_campaign=rss already exists.
2026-01-13 23:25:12,874 - INFO - [BBC] Early skip: URL https://www.bbc.com/news/articles/c78e07m02jzo?at_medium=RSS&at_campaign=rss already exists.
2026-01-13 23:25:12,993 - INFO - [The Guardian] Early skip: URL https://www.theguardian.com/world/live/2026/jan/13/zelenskyy-ukraine-russia-strikes-drones-energy-europe-live already exists.
2026-01-13 23:25:13,128 - INFO - [The Hindu] Page content loaded.
2026-01-13 23:25:13,197 - INFO - [The Guardian] Early skip: URL https://www.theguardian.com/world/2026/jan/13/jd-vance-to-host-greenland-talks-at-white-house already exists.
2026-01-13 23:25:13,286 - INFO - [The Hindu] Success with 'selenium_browser'. Found content (265 words).
2026-01-13 23:25:13,432 - INFO - [BBC] Early skip: URL https://www.bbc.com/news/articles/cj9r3zl2ywyo?at_medium=RSS&at_campaign=rss already exists.
2026-01-13 23:25:13,562 - INFO - [BBC] Early skip: URL https://www.bbc.com/news/articles/c75xdg2p36lo?at_medium=RSS&at_campaign=rss already exists.
2026-01-13 23:25:13,699 - INFO - [BBC] Early skip: URL https://www.bbc.com/news/articles/cvgp70ynx1po?at_medium=RSS&at_campaign=rss already exists.
2026-01-13 23:25:13,958 - INFO - [The Guardian] Early skip: URL https://www.theguardian.com/world/2026/jan/13/julio-iglesias-accused-of-sexual-assault-by-two-female-former-employees already exists.
2026-01-13 23:26:27,016 - INFO - Saved article: Rahul Gandhi holds discussions with Siddaramaiah, Shivakumar separately at Mysuru airport - The Hindu from The Hindu (265 words)
2026-01-13 23:26:27,016 - INFO - [BBC] Early skip: URL https://www.bbc.com/news/articles/c3ve572edzqo?at_medium=RSS&at_campaign=rss already exists.
2026-01-13 23:26:27,140 - INFO - [The Guardian] Early skip: URL https://www.theguardian.com/world/live/2026/jan/13/iran-protest-crackdown-regime-crisis-us-donald-trump-tariffs-latest-updates already exists.
2026-01-13 23:26:27,300 - INFO - [BBC] Early skip: URL https://www.bbc.com/news/articles/cgm4jkwz2z8o?at_medium=RSS&at_campaign=rss already exists.
2026-01-13 23:26:27,407 - INFO - [The Guardian] Early skip: URL https://www.theguardian.com/world/2026/jan/13/keir-starmer-offered-place-on-trumps-gaza-peace-board already exists.
2026-01-13 23:26:27,571 - INFO - [The Guardian] Early skip: URL https://www.theguardian.com/global-development/2026/jan/13/hundreds-of-gunshot-eye-injuries-found-in-one-iranian-hospital-amid-brutal-crackdown-on-protests already exists.
2026-01-13 23:26:27,726 - INFO - [The Guardian] Early skip: URL https://www.theguardian.com/world/2026/jan/13/trump-promises-iran-help-tells-iranians-keep-protesting already exists.
2026-01-13 23:26:27,932 - INFO - [The Guardian] Early skip: URL https://www.theguardian.com/world/2026/jan/13/why-trump-options-are-limited-when-it-comes-to-using-force-against-iran already exists.
2026-01-13 23:26:28,429 - INFO - [The Hindu] Early skip: URL https://www.thehindu.com/news/national/odisha/from-ganja-to-gold-odisha-police-trace-10-crore-assets-from-two-persons-in-backward-district/article70506182.ece already exists.
2026-01-13 23:26:28,702 - INFO - [The Hindu] Early skip: URL https://www.thehindu.com/news/cities/bangalore/tesla-to-offer-a-fortnight-long-pop-up-in-bengaluru-starting-january-15/article70506121.ece already exists.
2026-01-13 23:26:28,864 - INFO - [The Hindu] Early skip: URL https://www.thehindu.com/news/national/ib-ministry-collaborates-with-netflix-for-project/article70505642.ece already exists.
2026-01-13 23:26:29,087 - INFO - [The Hindu] Early skip: URL https://www.thehindu.com/news/national/nitin-nabin-to-be-formally-elected-bjp-president-on-january-20/article70505904.ece already exists.
2026-01-13 23:26:29,283 - INFO - [The Hindu] Early skip: URL https://www.thehindu.com/news/national/jammu-and-kashmir/jk-muslim-bodies-express-concern-over-police-profiling-of-mosques/article70505884.ece already exists.
2026-01-13 23:26:29,447 - INFO - [The Hindu] Early skip: URL https://www.thehindu.com/news/national/mizoram/governors-rule-in-mizoram-tribal-council-extended-for-6-months/article70505571.ece already exists.
2026-01-13 23:26:29,737 - INFO - [The Hindu] Early skip: URL https://www.thehindu.com/news/national/kerala/kerala-high-court-admits-pil-challenging-survey/article70506501.ece already exists.
2026-01-13 23:26:29,882 - INFO - [The Hindu] Early skip: URL https://www.thehindu.com/news/national/jharkhand/aditya-sahu-set-to-take-over-as-jharkhand-bjp-president/article70506657.ece already exists.
2026-01-13 23:26:30,140 - INFO - [The Hindu] Early skip: URL https://www.thehindu.com/news/national/dri-seizes-record-270-kg-mephedrone-busts-multi-state-narcotics-syndicate/article70506614.ece already exists.
2026-01-13 23:26:30,383 - INFO - [The Hindu] Early skip: URL https://www.thehindu.com/news/national/tamil-nadu/pongal-festival-unites-all-tamils-in-the-world-vit-chancellor/article70505486.ece already exists.
2026-01-13 23:26:30,643 - INFO - [The Hindu] Early skip: URL https://www.thehindu.com/news/national/tamil-nadu/ammk-denies-reports-of-its-leader-dhinakaran-being-under-pressure-on-alliance/article70505522.ece already exists.
2026-01-13 23:26:30,812 - INFO - [The Hindu] Early skip: URL https://www.thehindu.com/news/national/karnataka/nirmala-sitharaman-sanctions-5-crore-for-mysuru-planetarium/article70504377.ece already exists.
2026-01-13 23:26:30,963 - INFO - [The Hindu] Early skip: URL https://www.thehindu.com/news/cities/chennai/tn-to-get-30-aadha-seva-kendras-by-september/article70506620.ece already exists.
2026-01-13 23:26:31,114 - INFO - [The Hindu] Early skip: URL https://www.thehindu.com/news/national/tamil-nadu/prime-minister-modi-to-address-public-meeting-in-city-on-jan-23/article70505203.ece already exists.
2026-01-13 23:26:31,247 - INFO - [The Hindu] Early skip: URL https://www.thehindu.com/news/national/uttarakhand/uttarakhand-seeksiafshelp-as-forest-fire-rages-in-valley-of-flowers-for-the-fifth-day/article70505591.ece already exists.
2026-01-13 23:26:31,502 - INFO - [The Hindu] Early skip: URL https://www.thehindu.com/news/cities/Coimbatore/fighting-to-develop-an-india-where-people-are-kind-to-each-other-says-rahul-gandhi-in-gudalur/article70506066.ece already exists.
2026-01-13 23:26:31,734 - INFO - [The Hindu] Early skip: URL https://www.thehindu.com/opinion/op-ed/the-udfs-ray-of-hope-in-an-uphill-battle/article70505402.ece already exists.
2026-01-13 23:26:31,885 - INFO - [The Hindu] Early skip: URL https://www.thehindu.com/news/national/maharashtra/we-are-firmly-with-nda-no-question-of-ncp-reunification-praful-patel/article70506920.ece already exists.
2026-01-13 23:26:32,046 - INFO - [The Hindu] Early skip: URL https://www.thehindu.com/opinion/editorial/language-of-harmony-on-the-malayalam-language-bill/article70505903.ece already exists.
2026-01-13 23:26:32,263 - INFO - [The Hindu] Early skip: URL https://www.thehindu.com/news/national/maharashtra/mumbai-set-for-high-stakes-battle-as-campaigning-for-29-civic-body-elections-ends/article70505503.ece already exists.
2026-01-13 23:26:32,476 - INFO - [The Hindu] Early skip: URL https://www.thehindu.com/news/national/karnataka/kpcc-committee-seeks-public-views-on-student-elections-in-universities-of-karnataka/article70506173.ece already exists.
2026-01-13 23:26:32,645 - INFO - [The Hindu] Early skip: URL https://www.thehindu.com/sci-tech/health/tamil-nadu-close-to-eradicating-malaria-as-33-districts-report-nil-indigenous-cases/article70505560.ece already exists.
2026-01-13 23:26:32,764 - INFO - [The Hindu] Early skip: URL https://www.thehindu.com/news/national/kerala/communalism-taking-deep-roots-rather-than-weakening-sunil-p-ilayidom/article70506636.ece already exists.
2026-01-13 23:26:33,056 - INFO - [The Hindu] Early skip: URL https://www.thehindu.com/news/national/social-equality-can-be-achieved-only-if-a-judges-child-and-that-of-a-vendor-sit-together-in-school-supreme-court-judgment/article70506585.ece already exists.
2026-01-13 23:26:33,203 - INFO - [The Hindu] Early skip: URL https://www.thehindu.com/news/national/andhra-pradesh/court-allows-closure-of-apssdc-case-against-naidu/article70506550.ece already exists.
2026-01-13 23:26:33,457 - INFO - [The Hindu] Early skip: URL https://www.thehindu.com/news/national/karnataka/a-window-into-tejaswis-writing-and-life-beyond-it/article70506197.ece already exists.
2026-01-13 23:26:33,573 - INFO - [The Hindu] Early skip: URL https://www.thehindu.com/news/national/kerala/aidwa-state-meet-begins/article70506700.ece already exists.
2026-01-13 23:26:33,739 - INFO - [The Hindu] Early skip: URL https://www.thehindu.com/news/national/kerala/man-hacked-to-death/article70506816.ece already exists.
2026-01-13 23:26:33,990 - INFO - [The Hindu] Article: https://www.thehindu.com/news/national/shun-the-mad-race-for-material-assets-develop-a-spiritual-bent-of-mind-justice-nagarathna/article70506670.ece
2026-01-13 23:26:33,991 - INFO - [The Hindu] Attempt 1/1: Trying with 'selenium_browser' strategy...
2026-01-13 23:26:35,689 - INFO - [The Hindu] Page content loaded.
2026-01-13 23:26:35,819 - INFO - [The Hindu] Success with 'selenium_browser'. Found content (281 words).
2026-01-13 23:27:09,645 - ERROR - [Times of India] Request failed for strategy 'selenium_browser' on URL https://timesofindia.indiatimes.com/world/us/trump-hurls-abuse-and-shows-middle-finger-to-ford-worker-who-shouted-pedophile-protector/articleshow/126515136.cms: HTTPConnectionPool(host='localhost', port=38691): Read timed out. (read timeout=120)
2026-01-13 23:27:09,645 - ERROR - [Times of India] All scrape strategies failed for https://timesofindia.indiatimes.com/world/us/trump-hurls-abuse-and-shows-middle-finger-to-ford-worker-who-shouted-pedophile-protector/articleshow/126515136.cms. Falling back to RSS description.
2026-01-13 23:27:09,645 - WARNING - SKIPPED (GLOBAL WORD LIMIT): Article 'Trump hurls abuse and shows middle finger to Ford worker who shouted ‘pedophile protector’' from Times of India has only 53 words (Min: 90).
2026-01-13 23:27:21,829 - INFO - Saved article: Shun the mad race for material assets, develop a spiritual bent of mind: Justice Nagarathna - The Hindu from The Hindu (281 words)
2026-01-13 23:27:21,829 - INFO - [Times of India] Early skip: URL https://timesofindia.indiatimes.com/world/us/im-alone-in-the-dark-trumps-dramatic-fundraising-email-triggers-online-criticism/articleshow/126512927.cms already exists.
2026-01-13 23:27:22,055 - INFO - [Times of India] Early skip: URL https://timesofindia.indiatimes.com/world/us-streamers/nick-fuentes-says-he-wants-to-take-over-kick-and-asks-adin-ross-for-help/articleshow/126512912.cms already exists.
2026-01-13 23:27:22,182 - INFO - [Times of India] Article: https://timesofindia.indiatimes.com/world/uk/executed-two-teenagers-double-murderer-awarded-7500-as-taxpayers-foot-six-figure-legal-bill/articleshow/126510503.cms
2026-01-13 23:27:22,182 - INFO - [Times of India] Attempt 1/1: Trying with 'selenium_browser' strategy...
2026-01-13 23:27:23,036 - INFO - [The Hindu] (Thread) Finished. Attempting to shut down its Selenium driver.
2026-01-13 23:27:23,196 - INFO - [The Hindu] (Thread) driver.quit() successful.
2026-01-13 23:29:22,249 - ERROR - [Times of India] Request failed for strategy 'selenium_browser' on URL https://timesofindia.indiatimes.com/world/uk/executed-two-teenagers-double-murderer-awarded-7500-as-taxpayers-foot-six-figure-legal-bill/articleshow/126510503.cms: HTTPConnectionPool(host='localhost', port=38691): Read timed out. (read timeout=120)
2026-01-13 23:29:22,249 - ERROR - [Times of India] All scrape strategies failed for https://timesofindia.indiatimes.com/world/uk/executed-two-teenagers-double-murderer-awarded-7500-as-taxpayers-foot-six-figure-legal-bill/articleshow/126510503.cms. Falling back to RSS description.
2026-01-13 23:29:22,249 - WARNING - SKIPPED (GLOBAL WORD LIMIT): Article 'Executed two teenagers: Double murderer awarded £7,500 as taxpayers foot six-figure legal bill' from Times of India has only 59 words (Min: 90).
2026-01-13 23:29:23,013 - INFO - [Times of India] Article: https://timesofindia.indiatimes.com/world/us/zohran-mamdani-and-donald-trump-sending-friendly-texts-to-each-other-claims-report-subject-unknown/articleshow/126512900.cms
2026-01-13 23:29:23,013 - INFO - [Times of India] Attempt 1/1: Trying with 'selenium_browser' strategy...
2026-01-13 23:30:03,396 - CRITICAL - --- TIMEOUT: 1 scrape jobs did not complete in 300s. ---
2026-01-13 23:30:03,396 - ERROR - A thread has timed out and will be abandoned.
2026-01-13 23:30:03,396 - INFO - Shutting down thread pool (wait=False)...
2026-01-13 23:30:03,396 - INFO - Scraped: 0 BBC, 2 The Hindu, 0 The Guardian, 1 Timed_Out_Jobs articles. (Total saved: 2)
2026-01-13 23:30:03,396 - INFO - --- Scraping job finished ---
2026-01-13 23:30:03,396 - INFO - --- Scraper service stopped and database connection closed. ---
2026-01-13 23:30:03,396 - INFO - --- Main thread finished. Forcing process exit to kill zombie threads. ---
