2026-02-01 21:51:53,615 - INFO - Loading AI Semantic Model (all-MiniLM-L6-v2)...
2026-02-01 21:51:53,616 - INFO - Use pytorch device_name: cpu
2026-02-01 21:51:53,616 - INFO - Load pretrained SentenceTransformer: all-MiniLM-L6-v2
2026-02-01 21:51:53,680 - INFO - HTTP Request: HEAD https://huggingface.co/sentence-transformers/all-MiniLM-L6-v2/resolve/main/modules.json "HTTP/1.1 307 Temporary Redirect"
2026-02-01 21:51:53,686 - INFO - HTTP Request: HEAD https://huggingface.co/api/resolve-cache/models/sentence-transformers/all-MiniLM-L6-v2/c9745ed1d9f207416be6d2e6f8de32d1f16199bf/modules.json "HTTP/1.1 200 OK"
2026-02-01 21:51:53,704 - INFO - HTTP Request: HEAD https://huggingface.co/sentence-transformers/all-MiniLM-L6-v2/resolve/main/config_sentence_transformers.json "HTTP/1.1 307 Temporary Redirect"
2026-02-01 21:51:53,710 - INFO - HTTP Request: HEAD https://huggingface.co/api/resolve-cache/models/sentence-transformers/all-MiniLM-L6-v2/c9745ed1d9f207416be6d2e6f8de32d1f16199bf/config_sentence_transformers.json "HTTP/1.1 200 OK"
2026-02-01 21:51:53,726 - INFO - HTTP Request: HEAD https://huggingface.co/sentence-transformers/all-MiniLM-L6-v2/resolve/main/config_sentence_transformers.json "HTTP/1.1 307 Temporary Redirect"
2026-02-01 21:51:53,731 - INFO - HTTP Request: HEAD https://huggingface.co/api/resolve-cache/models/sentence-transformers/all-MiniLM-L6-v2/c9745ed1d9f207416be6d2e6f8de32d1f16199bf/config_sentence_transformers.json "HTTP/1.1 200 OK"
2026-02-01 21:51:53,748 - INFO - HTTP Request: HEAD https://huggingface.co/sentence-transformers/all-MiniLM-L6-v2/resolve/main/README.md "HTTP/1.1 307 Temporary Redirect"
2026-02-01 21:51:53,755 - INFO - HTTP Request: HEAD https://huggingface.co/api/resolve-cache/models/sentence-transformers/all-MiniLM-L6-v2/c9745ed1d9f207416be6d2e6f8de32d1f16199bf/README.md "HTTP/1.1 200 OK"
2026-02-01 21:51:53,780 - INFO - HTTP Request: HEAD https://huggingface.co/sentence-transformers/all-MiniLM-L6-v2/resolve/main/modules.json "HTTP/1.1 307 Temporary Redirect"
2026-02-01 21:51:53,786 - INFO - HTTP Request: HEAD https://huggingface.co/api/resolve-cache/models/sentence-transformers/all-MiniLM-L6-v2/c9745ed1d9f207416be6d2e6f8de32d1f16199bf/modules.json "HTTP/1.1 200 OK"
2026-02-01 21:51:53,801 - INFO - HTTP Request: HEAD https://huggingface.co/sentence-transformers/all-MiniLM-L6-v2/resolve/main/sentence_bert_config.json "HTTP/1.1 307 Temporary Redirect"
2026-02-01 21:51:53,806 - INFO - HTTP Request: HEAD https://huggingface.co/api/resolve-cache/models/sentence-transformers/all-MiniLM-L6-v2/c9745ed1d9f207416be6d2e6f8de32d1f16199bf/sentence_bert_config.json "HTTP/1.1 200 OK"
2026-02-01 21:51:53,822 - INFO - HTTP Request: HEAD https://huggingface.co/sentence-transformers/all-MiniLM-L6-v2/resolve/main/adapter_config.json "HTTP/1.1 404 Not Found"
2026-02-01 21:51:53,836 - INFO - HTTP Request: HEAD https://huggingface.co/sentence-transformers/all-MiniLM-L6-v2/resolve/main/config.json "HTTP/1.1 307 Temporary Redirect"
2026-02-01 21:51:53,841 - INFO - HTTP Request: HEAD https://huggingface.co/api/resolve-cache/models/sentence-transformers/all-MiniLM-L6-v2/c9745ed1d9f207416be6d2e6f8de32d1f16199bf/config.json "HTTP/1.1 200 OK"
2026-02-01 21:51:53,978 - WARNING - BertModel LOAD REPORT from: sentence-transformers/all-MiniLM-L6-v2
Key                     | Status     |  | 
------------------------+------------+--+-
embeddings.position_ids | UNEXPECTED |  | 

Notes:
- UNEXPECTED	:can be ignored when loading from different task/architecture; not ok if you expect identical arch.
2026-02-01 21:51:53,993 - INFO - HTTP Request: HEAD https://huggingface.co/sentence-transformers/all-MiniLM-L6-v2/resolve/main/config.json "HTTP/1.1 307 Temporary Redirect"
2026-02-01 21:51:53,998 - INFO - HTTP Request: HEAD https://huggingface.co/api/resolve-cache/models/sentence-transformers/all-MiniLM-L6-v2/c9745ed1d9f207416be6d2e6f8de32d1f16199bf/config.json "HTTP/1.1 200 OK"
2026-02-01 21:51:54,017 - INFO - HTTP Request: HEAD https://huggingface.co/sentence-transformers/all-MiniLM-L6-v2/resolve/main/tokenizer_config.json "HTTP/1.1 307 Temporary Redirect"
2026-02-01 21:51:54,023 - INFO - HTTP Request: HEAD https://huggingface.co/api/resolve-cache/models/sentence-transformers/all-MiniLM-L6-v2/c9745ed1d9f207416be6d2e6f8de32d1f16199bf/tokenizer_config.json "HTTP/1.1 200 OK"
2026-02-01 21:51:54,042 - INFO - HTTP Request: GET https://huggingface.co/api/models/sentence-transformers/all-MiniLM-L6-v2/tree/main/additional_chat_templates?recursive=false&expand=false "HTTP/1.1 404 Not Found"
2026-02-01 21:51:54,062 - INFO - HTTP Request: GET https://huggingface.co/api/models/sentence-transformers/all-MiniLM-L6-v2/tree/main?recursive=true&expand=false "HTTP/1.1 200 OK"
2026-02-01 21:51:54,130 - INFO - HTTP Request: HEAD https://huggingface.co/sentence-transformers/all-MiniLM-L6-v2/resolve/main/1_Pooling/config.json "HTTP/1.1 307 Temporary Redirect"
2026-02-01 21:51:54,131 - WARNING - Warning: You are sending unauthenticated requests to the HF Hub. Please set a HF_TOKEN to enable higher rate limits and faster downloads.
2026-02-01 21:51:54,137 - INFO - HTTP Request: HEAD https://huggingface.co/api/resolve-cache/models/sentence-transformers/all-MiniLM-L6-v2/c9745ed1d9f207416be6d2e6f8de32d1f16199bf/1_Pooling%2Fconfig.json "HTTP/1.1 200 OK"
2026-02-01 21:51:54,156 - INFO - HTTP Request: GET https://huggingface.co/api/models/sentence-transformers/all-MiniLM-L6-v2 "HTTP/1.1 200 OK"
2026-02-01 21:51:54,161 - INFO - AI Model loaded successfully.
2026-02-01 21:51:54,161 - INFO - --- Scraper service started (CI Mode: Run Once) ---
2026-02-01 21:51:54,161 - INFO - --- Starting new scraping job (Parallel Mode) ---
2026-02-01 21:51:54,161 - INFO - Creating new robust session with 3 retries on 5xx/connection/read errors.
2026-02-01 21:51:54,161 - INFO - Proxy is DISABLED.
2026-02-01 21:51:54,162 - INFO - Starting scrape for BBC RSS feed: http://feeds.bbci.co.uk/news/world/rss.xml
2026-02-01 21:51:54,162 - INFO - [Times of India] (Thread) requires Selenium. Initializing driver...
2026-02-01 21:51:54,162 - INFO - Starting scrape for The Guardian RSS feed: https://www.theguardian.com/world/rss
2026-02-01 21:51:54,163 - INFO - [The Hindu] (Thread) requires Selenium. Initializing driver...
2026-02-01 21:51:54,163 - INFO - Submitted 4 jobs to thread pool. Waiting up to 300s for completion...
2026-02-01 21:51:54,355 - INFO - Found 42 articles in BBC RSS feed. Processing up to 30.
2026-02-01 21:51:54,356 - INFO - [BBC] Early skip: URL https://www.bbc.com/news/articles/cdre7g2je63o?at_medium=RSS&at_campaign=rss already exists.
2026-02-01 21:51:54,374 - INFO - Found 45 articles in The Guardian RSS feed. Processing up to 30.
2026-02-01 21:51:54,530 - INFO - [The Guardian] Early skip: URL https://www.theguardian.com/world/2026/jan/30/more-than-200-killed-in-coltan-mine-collapse-in-eastern-drc-officials-say already exists.
2026-02-01 21:51:54,704 - INFO - [BBC] Early skip: URL https://www.bbc.com/news/articles/cn82elvzpz7o?at_medium=RSS&at_campaign=rss already exists.
2026-02-01 21:51:54,864 - INFO - [The Guardian] Early skip: URL https://www.theguardian.com/world/2026/jan/30/niger-airport-airbase-attack-islamic-state already exists.
2026-02-01 21:51:55,137 - INFO - [BBC] Early skip: URL https://www.bbc.com/news/articles/ceqz8r2j24do?at_medium=RSS&at_campaign=rss already exists.
2026-02-01 21:51:55,245 - INFO - [The Guardian] Early skip: URL https://www.theguardian.com/world/2026/jan/30/south-africa-expels-israel-diplomat-insults-president already exists.
2026-02-01 21:51:55,489 - INFO - [BBC] Early skip: URL https://www.bbc.com/news/articles/cwynzw7jd4go?at_medium=RSS&at_campaign=rss already exists.
2026-02-01 21:51:55,622 - INFO - [The Guardian] Early skip: URL https://www.theguardian.com/world/2026/jan/29/gunfire-blasts-heard-airport-niamey-niger-planes-hit-reports already exists.
2026-02-01 21:51:55,905 - INFO - [BBC] Early skip: URL https://www.bbc.com/news/articles/cx20z5nv9jxo?at_medium=RSS&at_campaign=rss already exists.
2026-02-01 21:51:56,122 - INFO - [The Guardian] Early skip: URL https://www.theguardian.com/world/2026/jan/26/hundreds-feared-dead-after-attempting-to-cross-mediterranean-amid-cyclone-harry already exists.
2026-02-01 21:51:56,389 - INFO - [BBC] Early skip: URL https://www.bbc.com/news/articles/cvg1ymmkpkro?at_medium=RSS&at_campaign=rss already exists.
2026-02-01 21:51:56,528 - INFO - [The Guardian] Early skip: URL https://www.theguardian.com/us-news/2026/feb/01/mexico-moves-to-combat-pollution-following-guardian-investigations already exists.
2026-02-01 21:51:56,785 - INFO - [BBC] Early skip: URL https://www.bbc.com/news/articles/cgqedv5elzpo?at_medium=RSS&at_campaign=rss already exists.
2026-02-01 21:51:56,911 - INFO - [The Guardian] Early skip: URL https://www.theguardian.com/world/2026/feb/01/cuba-fuel-shortage-trump-tariffs already exists.
2026-02-01 21:51:57,066 - INFO - [BBC] Early skip: URL https://www.bbc.com/news/articles/c0lxr1ne52ro?at_medium=RSS&at_campaign=rss already exists.
2026-02-01 21:51:57,304 - INFO - [The Guardian] Early skip: URL https://www.theguardian.com/world/2026/feb/01/costa-rica-polls-fears-authoritarian-turn-laura-fernandez already exists.
2026-02-01 21:51:57,481 - INFO - [BBC] Early skip: URL https://www.bbc.com/news/articles/cd9e4xw8vqqo?at_medium=RSS&at_campaign=rss already exists.
2026-02-01 21:51:57,594 - INFO - [The Guardian] Early skip: URL https://www.theguardian.com/world/2026/jan/30/mexico-sheinbaum-trump-tariffs-cuba-oil-crisis already exists.
2026-02-01 21:51:57,721 - INFO - [BBC] Early skip: URL https://www.bbc.com/news/articles/c77k0nlvx3yo?at_medium=RSS&at_campaign=rss already exists.
2026-02-01 21:51:57,869 - INFO - [The Guardian] Early skip: URL https://www.theguardian.com/world/2026/jan/30/court-ends-hong-kong-china-panama-canal-contracts already exists.
2026-02-01 21:51:58,015 - INFO - [BBC] Early skip: URL https://www.bbc.com/news/articles/cn42nedxqyqo?at_medium=RSS&at_campaign=rss already exists.
2026-02-01 21:51:58,180 - INFO - [The Guardian] Early skip: URL https://www.theguardian.com/business/2026/feb/01/us-uk-eu-australia-critical-minerals-rare-earths-g7-minimum-price already exists.
2026-02-01 21:51:58,357 - INFO - [BBC] Early skip: URL https://www.bbc.com/news/articles/c0mk3v2k3r0o?at_medium=RSS&at_campaign=rss already exists.
2026-02-01 21:51:58,647 - INFO - [The Guardian] Early skip: URL https://www.theguardian.com/world/2026/feb/01/living-hell-of-north-koreas-paradise-on-earth-scheme-back-in-spotlight-in-japan already exists.
2026-02-01 21:51:58,854 - INFO - [BBC] Early skip: URL https://www.bbc.com/news/articles/cyv5z76jmpvo?at_medium=RSS&at_campaign=rss already exists.
2026-02-01 21:51:58,984 - INFO - [The Guardian] Early skip: URL https://www.theguardian.com/world/2026/jan/31/starmer-hopes-his-china-trip-will-begin-the-thaw-after-recent-ice-age already exists.
2026-02-01 21:51:59,217 - INFO - [BBC] Early skip: URL https://www.bbc.com/news/articles/cnvgljj1dygo?at_medium=RSS&at_campaign=rss already exists.
2026-02-01 21:51:59,434 - INFO - [The Guardian] Early skip: URL https://www.theguardian.com/politics/live/2026/jan/30/donald-trump-keir-starmer-china-uk-us-trade-deals-tariffs-latest-news already exists.
2026-02-01 21:51:59,554 - INFO - [BBC] Early skip: URL https://www.bbc.com/news/articles/cd9ew5p3zvko?at_medium=RSS&at_campaign=rss already exists.
2026-02-01 21:51:59,787 - INFO - [The Guardian] Early skip: URL https://www.theguardian.com/world/2026/jan/30/china-lifts-sanctions-british-mps-peers already exists.
2026-02-01 21:51:59,964 - INFO - [BBC] Early skip: URL https://www.bbc.com/news/articles/cm2ygq5p2l3o?at_medium=RSS&at_campaign=rss already exists.
2026-02-01 21:52:00,172 - INFO - [The Guardian] Early skip: URL https://www.theguardian.com/australia-news/live/2026/feb/02/australia-news-live-desi-freeman-porepunkah-shooting-search-nationals-leadership-spill-littleproud-liberals-sussan-ley-angus-taylor-andrew-hastie-ntwnfb already exists.
2026-02-01 21:52:00,353 - INFO - [BBC] Early skip: URL https://www.bbc.com/news/articles/crmlr0nk8y9o?at_medium=RSS&at_campaign=rss already exists.
2026-02-01 21:52:00,514 - INFO - [The Guardian] Article: https://www.theguardian.com/australia-news/2026/feb/02/victoria-police-launch-new-search-for-fugitive-dezi-freeman-based-on-intelligence-derived-from-gunshot
2026-02-01 21:52:00,515 - INFO - [The Guardian] Attempt 1/1: Trying with 'requests_browser' strategy...
2026-02-01 21:52:00,516 - INFO - [BBC] Early skip: URL https://www.bbc.com/news/articles/czejk8pnk82o?at_medium=RSS&at_campaign=rss already exists.
2026-02-01 21:52:00,643 - INFO - [BBC] Early skip: URL https://www.bbc.com/news/articles/cyv5l24mrjmo?at_medium=RSS&at_campaign=rss already exists.
2026-02-01 21:52:00,786 - INFO - [BBC] Early skip: URL https://www.bbc.com/news/articles/cdjn0nmnjmwo?at_medium=RSS&at_campaign=rss already exists.
2026-02-01 21:52:00,946 - INFO - [BBC] Early skip: URL https://www.bbc.com/news/articles/c78egvpkm77o?at_medium=RSS&at_campaign=rss already exists.
2026-02-01 21:52:00,952 - INFO - [The Guardian] Success with 'requests_browser'. Found content (557 words).
2026-02-01 21:52:02,546 - INFO - Selenium driver initialized successfully.
2026-02-01 21:52:02,546 - INFO - Starting scrape for Times of India RSS feed: https://timesofindia.indiatimes.com/rssfeeds/296589292.cms
2026-02-01 21:52:02,548 - INFO - Selenium driver initialized successfully.
2026-02-01 21:52:02,548 - INFO - Starting scrape for The Hindu RSS feed: https://www.thehindu.com/news/national/feeder/default.rss
2026-02-01 21:52:02,679 - INFO - Found 20 articles in Times of India RSS feed. Processing up to 30.
2026-02-01 21:52:02,876 - INFO - Found 100 articles in The Hindu RSS feed. Processing up to 30.
2026-02-01 21:52:40,249 - INFO - DEDUPLICATION: Found match (Score: 0.87). Linking to Cluster ID: 98e75627-dd80-4cfd-a01a-4db5375a8ac5
2026-02-01 21:52:40,251 - INFO - Saved article: Victoria police launch new search for fugitive Dezi Freeman based on intelligence derived from ‘gunshot’ | Australia news | The Guardian from The Guardian (557 words)
2026-02-01 21:52:40,251 - INFO - [BBC] Early skip: URL https://www.bbc.com/news/articles/ce8rk33dpvmo?at_medium=RSS&at_campaign=rss already exists.
2026-02-01 21:52:40,384 - INFO - [Times of India] Article: https://timesofindia.indiatimes.com/world/rest-of-world/hindu-canadian-foundation-protests-in-23c-against-violence-targeting-religious-minorities-in-bangladesh/articleshow/127847787.cms
2026-02-01 21:52:40,384 - INFO - [Times of India] Attempt 1/1: Trying with 'selenium_browser' strategy...
2026-02-01 21:52:40,384 - INFO - [The Hindu] Early skip: URL https://www.thehindu.com/news/national/other-states/assam-government-accused-of-letting-corporate-houses-take-over-tribal-lands/article70578340.ece already exists.
2026-02-01 21:52:40,680 - INFO - [BBC] Early skip: URL https://www.bbc.com/news/articles/clymp8v7ye2o?at_medium=RSS&at_campaign=rss already exists.
2026-02-01 21:52:40,803 - INFO - [The Hindu] Early skip: URL https://www.thehindu.com/news/national/west-bengal/budget-2026-27-falls-short-of-expectations-in-poll-bound-west-bengal/article70579023.ece already exists.
2026-02-01 21:52:40,990 - INFO - [BBC] Early skip: URL https://www.bbc.com/news/articles/cd9ew2kwj0lo?at_medium=RSS&at_campaign=rss already exists.
2026-02-01 21:52:41,096 - INFO - [The Guardian] Early skip: URL https://www.theguardian.com/australia-news/2026/feb/02/government-gambling-ads-reform-labor-wells already exists.
2026-02-01 21:52:41,394 - INFO - [The Hindu] Early skip: URL https://www.thehindu.com/news/national/tn-assembly-poll-congress-identifies-70seats-to-field-candidates/article70579561.ece already exists.
2026-02-01 21:52:41,503 - INFO - [BBC] Early skip: URL https://www.bbc.com/news/articles/c14r1023yy6o?at_medium=RSS&at_campaign=rss already exists.
2026-02-01 21:52:41,696 - INFO - [The Guardian] Early skip: URL https://www.theguardian.com/australia-news/2026/feb/01/spotlight-remains-on-a-coalition-in-chaos-as-parliament-returns-with-splits-and-spills-looming-over-policy already exists.
2026-02-01 21:52:41,838 - INFO - [The Hindu] Early skip: URL https://www.thehindu.com/news/national/tamil-nadu/no-force-can-divide-the-fraternity-among-dmk-led-alliance-stalin/article70579990.ece already exists.
2026-02-01 21:52:42,069 - INFO - [BBC] Early skip: URL https://www.bbc.com/news/articles/cdjnp9m8wvgo?at_medium=RSS&at_campaign=rss already exists.
2026-02-01 21:52:42,252 - INFO - [The Guardian] Early skip: URL https://www.theguardian.com/science/2026/feb/02/cosmic-dust-how-life-on-earth-began-meteorites-sydney-lab already exists.
2026-02-01 21:52:42,477 - INFO - [The Guardian] Early skip: URL https://www.theguardian.com/politics/2026/feb/01/uk-should-consider-resuming-talks-on-eu-defence-pact-starmer-says already exists.
2026-02-01 21:52:42,759 - INFO - [The Guardian] Early skip: URL https://www.theguardian.com/world/2026/feb/01/norway-crown-princess-contact-epstein-files-appear-to-show already exists.
2026-02-01 21:52:43,004 - INFO - [The Guardian] Early skip: URL https://www.theguardian.com/world/2026/feb/01/russian-drone-attack-on-bus-carrying-mine-workers-ukraine-kills already exists.
2026-02-01 21:52:43,120 - INFO - [BBC] Early skip: URL https://www.bbc.com/news/articles/cly381dvnvzo?at_medium=RSS&at_campaign=rss already exists.
2026-02-01 21:52:43,289 - INFO - [The Hindu] Early skip: URL https://www.thehindu.com/news/national/himachal-pradesh/himachal-cm-sukhu-terms-union-budget-inequitable-raises-concerns-over-finance-commission-report/article70579047.ece already exists.
2026-02-01 21:52:43,514 - INFO - [The Guardian] Early skip: URL https://www.theguardian.com/world/2026/feb/01/likeness-of-restored-angel-to-giorgia-meloni-triggers-investigations-in-rome already exists.
2026-02-01 21:52:43,772 - INFO - [The Guardian] Early skip: URL https://www.theguardian.com/film/2026/feb/01/italy-historic-cars-recreated-film-maserati already exists.
2026-02-01 21:52:44,025 - INFO - [The Hindu] Early skip: URL https://www.thehindu.com/business/budget/union-budget-an-inspiring-blueprint-for-building-viksit-bharat-says-up-cm/article70577946.ece already exists.
2026-02-01 21:52:44,180 - INFO - [The Hindu] Early skip: URL https://www.thehindu.com/news/national/odisha/activists-express-concerns-over-odisha-government-turning-a-blind-eye-to-depletion-of-mineral-resources/article70579637.ece already exists.
2026-02-01 21:52:44,306 - INFO - [The Guardian] Early skip: URL https://www.theguardian.com/world/2026/jan/31/trump-hints-at-deal-with-iran-to-avoid-military-strikes already exists.
2026-02-01 21:52:44,479 - INFO - [BBC] Early skip: URL https://www.bbc.com/news/articles/cwy12z197q8o?at_medium=RSS&at_campaign=rss already exists.
2026-02-01 21:52:44,750 - INFO - [The Hindu] Early skip: URL https://www.thehindu.com/news/national/jammu-and-kashmir/srinagar-youth-providebrave-new-voice-amid-silence-despair-mehbooba-mufti/article70579244.ece already exists.
2026-02-01 21:52:45,048 - INFO - [The Guardian] Early skip: URL https://www.theguardian.com/world/2026/feb/01/preparations-begin-for-reopening-of-gaza-rafah-crossing-officials-say already exists.
2026-02-01 21:52:45,192 - INFO - [BBC] Early skip: URL https://www.bbc.com/news/articles/cevnmxyy4wjo?at_medium=RSS&at_campaign=rss already exists.
2026-02-01 21:52:45,365 - INFO - [BBC] Early skip: URL https://www.bbc.com/news/articles/cm2xj3ykpj4o?at_medium=RSS&at_campaign=rss already exists.
2026-02-01 21:52:45,483 - INFO - [The Guardian] Early skip: URL https://www.theguardian.com/world/2026/feb/01/calls-grow-in-iran-for-independent-inquiry-into-protest-death-toll already exists.
2026-02-01 21:52:45,611 - INFO - [The Guardian] Early skip: URL https://www.theguardian.com/uk-news/2026/feb/01/british-army-chief-government-drugs-mdma-therapy-veterans already exists.
2026-02-01 21:52:45,893 - INFO - [The Guardian] Early skip: URL https://www.theguardian.com/world/2026/jan/31/israeli-strikes-gaza-kill-at-least-12-reports already exists.
2026-02-01 21:52:46,168 - INFO - [The Hindu] Early skip: URL https://www.thehindu.com/news/national/andhra-pradesh/ambati-rambabu-remanded-to-14-days-judicial-custody/article70580300.ece already exists.
2026-02-01 21:52:46,334 - INFO - [The Hindu] Early skip: URL https://www.thehindu.com/opinion/lead/debating-budget-2026-as-turning-point-or-tinkering/article70579919.ece already exists.
2026-02-01 21:52:46,519 - INFO - [The Hindu] Early skip: URL https://www.thehindu.com/news/national/west-bengal/mamata-banerjee-to-meet-cec-gyanesh-kumar/article70579660.ece already exists.
2026-02-01 21:52:46,708 - INFO - [The Hindu] Early skip: URL https://www.thehindu.com/news/national/karnataka/national-fibre-scheme-to-integrate-various-schemes-for-natural-and-man-made-fibres-under-textiles-ministry/article70579977.ece already exists.
2026-02-01 21:52:46,889 - INFO - [The Hindu] Early skip: URL https://www.thehindu.com/news/national/manipur/nearing-one-year-of-presidents-rule-in-manipur-bjp-mlas-and-alliance-partners-called-to-delhi-for-meeting/article70580078.ece already exists.
2026-02-01 21:52:47,189 - INFO - [The Hindu] Early skip: URL https://www.thehindu.com/news/national/tamil-nadu/state-highways-dept-commences-work-on-bridge-across-palar-river/article70578014.ece already exists.
2026-02-01 21:52:47,387 - INFO - [The Hindu] Early skip: URL https://www.thehindu.com/business/budget/budget-2026-moots-several-proposals-to-rejuvenate-indigenous-shipping/article70578875.ece already exists.
2026-02-01 21:52:47,619 - INFO - [The Hindu] Early skip: URL https://www.thehindu.com/news/national/kerala/resist-efforts-to-revive-unscientific-practices-kerala-cm/article70579798.ece already exists.
2026-02-01 21:52:47,841 - INFO - [The Hindu] Early skip: URL https://www.thehindu.com/business/budget/budget-2026-marginal-hike-in-allocations-for-social-justice-dept-tribal-affairs-ministry/article70579432.ece already exists.
2026-02-01 21:52:48,034 - INFO - [The Hindu] Article: https://www.thehindu.com/business/budget/union-budget-2026-allocation-for-labour-ministry-intact-budget-ignored-unemployment-say-trade-unions/article70579559.ece
2026-02-01 21:52:48,034 - INFO - [The Hindu] Attempt 1/1: Trying with 'selenium_browser' strategy...
2026-02-01 21:52:52,879 - INFO - [The Hindu] Page content loaded.
2026-02-01 21:52:52,925 - INFO - [Times of India] Page content loaded.
2026-02-01 21:52:53,032 - INFO - [The Hindu] Success with 'selenium_browser'. Found content (493 words).
2026-02-01 21:52:53,203 - INFO - [Times of India] Success with 'selenium_browser'. Found content (314 words).
2026-02-01 21:53:35,460 - INFO - DEDUPLICATION: Found match (Score: 0.77). Linking to Cluster ID: ecb0d611-0c33-42b3-823e-3af3fbdd1c46
2026-02-01 21:53:35,462 - INFO - Saved article: Union Budget 2026: Allocation for Labour Ministry intact; Budget ignored unemployment, say trade unions - The Hindu from The Hindu (493 words)
2026-02-01 21:54:16,646 - INFO - Saved article: Hindu Canadian Foundation protests in −23°C against violence targeting religious minorities in Bangladesh - The Times of India from Times of India (314 words)
2026-02-01 21:54:16,646 - INFO - [The Hindu] Early skip: URL https://www.thehindu.com/news/national/kerala/kerala-for-all-conclave-state-told-to-cater-to-neuro-inclusive-travel/article70579613.ece already exists.
2026-02-01 21:54:16,827 - INFO - [The Hindu] Early skip: URL https://www.thehindu.com/news/national/uttarakhand/two-men-who-opposed-harassment-of-muslim-shopkeeper-booked-in-uttarakhand/article70579252.ece already exists.
2026-02-01 21:54:17,023 - INFO - [The Hindu] Early skip: URL https://www.thehindu.com/news/national/telangana/union-budget-continuation-of-injustice-to-telangana-say-brs-leaders-ktr-harish-rao/article70579937.ece already exists.
2026-02-01 21:54:17,233 - INFO - [The Hindu] Article: https://www.thehindu.com/videos/watch-union-budget-proposals-spark-political-debate-ahead-of-west-bengal-polls/article70580115.ece
2026-02-01 21:54:17,233 - INFO - [The Hindu] Attempt 1/1: Trying with 'selenium_browser' strategy...
2026-02-01 21:54:17,824 - INFO - [Times of India] Early skip: URL https://timesofindia.indiatimes.com/etimes/trending/drunk-passenger-who-jumped-100-feet-off-cruise-ship-recounts-cement-like-impact-in-shark-infested-waters/articleshow/127847720.cms already exists.
2026-02-01 21:54:18,074 - INFO - [Times of India] Early skip: URL https://timesofindia.indiatimes.com/world/us-streamers/popular-rapper-and-twitch-streamer-snoop-doggs-daughter-cori-announces-heartbreaking-loss-of-newborn-daughter/articleshow/127847745.cms already exists.
2026-02-01 21:54:18,339 - INFO - [Times of India] Early skip: URL https://timesofindia.indiatimes.com/world/us/indian-manager-teaching-maths-while-serving-food-in-taco-bell-us-immigration-expert-says-diversity-is-our-strength/articleshow/127847551.cms already exists.
2026-02-01 21:54:18,527 - INFO - [Times of India] Early skip: URL https://timesofindia.indiatimes.com/world/us-streamers/its-a-scam-adin-ross-sparks-debate-by-demanding-proof-on-mrbeasts-teamwater-charity/articleshow/127833252.cms already exists.
2026-02-01 21:54:18,759 - INFO - [Times of India] Article: https://timesofindia.indiatimes.com/world/us-streamers/tectone-loses-civil-court-case-filed-by-ex-girlfriend-pinkchyu-in-texas/articleshow/127847512.cms
2026-02-01 21:54:18,759 - INFO - [Times of India] Attempt 1/1: Trying with 'selenium_browser' strategy...
2026-02-01 21:54:19,328 - INFO - [The Hindu] Page content loaded.
2026-02-01 21:54:19,495 - INFO - [The Hindu] Success with 'selenium_browser'. Found content (145 words).
2026-02-01 21:54:27,935 - INFO - [Times of India] Page content loaded.
2026-02-01 21:54:28,228 - INFO - [Times of India] Success with 'selenium_browser'. Found content (454 words).
2026-02-01 21:55:08,425 - INFO - DEDUPLICATION: Found match (Score: 0.73). Linking to Cluster ID: 0e2b5d4a-24b5-43f7-9f07-5c74b7f1f1f4
2026-02-01 21:55:08,429 - INFO - Saved article: Watch: Union Budget proposals spark political debate ahead of West Bengal polls - The Hindu from The Hindu (145 words)
2026-02-01 21:55:51,379 - INFO - Saved article: Tectone Loses Civil Court Case Filed by Ex-Girlfriend Pinkchyu in Texas - The Times of India from Times of India (454 words)
2026-02-01 21:55:51,379 - INFO - [The Hindu] Early skip: URL https://www.thehindu.com/news/national/maharashtra/praful-patel-denies-piyush-goyals-claim-that-he-has-been-appointed-ncp-chief/article70579295.ece already exists.
2026-02-01 21:55:51,638 - INFO - [The Hindu] Article: https://www.thehindu.com/business/budget/union-budget-2026-agri-ministry-allocation-up-26-farm-outfits-say-fm-ignored-their-demands/article70578805.ece
2026-02-01 21:55:51,638 - INFO - [The Hindu] Attempt 1/1: Trying with 'selenium_browser' strategy...
2026-02-01 21:55:52,171 - INFO - [Times of India] Early skip: URL https://timesofindia.indiatimes.com/world/us/zohran-mamdani-appoints-ex-prisoner-to-lead-new-york-citys-jail-system-who-is-stanley-richards/articleshow/127847175.cms already exists.
2026-02-01 21:55:52,314 - INFO - [Times of India] Article: https://timesofindia.indiatimes.com/world/us/indians-dumping-trash-in-fields-living-in-maga-commentator-says-frisco-residents-are-sick-of-it-amid-indian-takeover-row/articleshow/127845991.cms
2026-02-01 21:55:52,315 - INFO - [Times of India] Attempt 1/1: Trying with 'selenium_browser' strategy...
2026-02-01 21:55:52,712 - INFO - [The Hindu] Page content loaded.
2026-02-01 21:55:52,973 - INFO - [The Hindu] Success with 'selenium_browser'. Found content (511 words).
2026-02-01 21:55:53,638 - INFO - [Times of India] Page content loaded.
2026-02-01 21:55:53,893 - INFO - [Times of India] Success with 'selenium_browser'. Found content (173 words).
2026-02-01 21:56:40,577 - INFO - DEDUPLICATION: Found match (Score: 0.74). Linking to Cluster ID: ecb0d611-0c33-42b3-823e-3af3fbdd1c46
2026-02-01 21:56:40,580 - INFO - Saved article: Union Budget 2026: Agri Ministry allocation up 2.6%; farm outfits say FM ignored their demands - The Hindu from The Hindu (511 words)
2026-02-01 21:56:54,163 - CRITICAL - --- TIMEOUT: 2 scrape jobs did not complete in 300s. ---
2026-02-01 21:56:54,163 - ERROR - A thread has timed out and will be abandoned.
2026-02-01 21:56:54,163 - ERROR - A thread has timed out and will be abandoned.
2026-02-01 21:56:54,163 - INFO - Shutting down thread pool (wait=False)...
2026-02-01 21:56:54,164 - INFO - Scraped: 1 The Guardian, 0 BBC, 2 Timed_Out_Jobs articles. (Total saved: 1)
2026-02-01 21:56:54,166 - INFO - --- Scraping job finished ---
2026-02-01 21:56:54,167 - INFO - --- Scraper service stopped and database connection closed. ---
2026-02-01 21:56:54,167 - INFO - --- Main thread finished. Forcing process exit to kill zombie threads. ---
