2026-01-06 11:44:17,312 - INFO - Loading AI Semantic Model (all-MiniLM-L6-v2)...
2026-01-06 11:44:17,312 - INFO - Use pytorch device_name: cpu
2026-01-06 11:44:17,312 - INFO - Load pretrained SentenceTransformer: all-MiniLM-L6-v2
2026-01-06 11:44:17,819 - INFO - AI Model loaded successfully.
2026-01-06 11:44:17,820 - INFO - --- Scraper service started (CI Mode: Run Once) ---
2026-01-06 11:44:17,820 - INFO - --- Starting new scraping job (Parallel Mode) ---
2026-01-06 11:44:17,820 - INFO - Creating new robust session with 3 retries on 5xx/connection/read errors.
2026-01-06 11:44:17,820 - INFO - Proxy is DISABLED.
2026-01-06 11:44:17,820 - INFO - Starting scrape for BBC RSS feed: http://feeds.bbci.co.uk/news/world/rss.xml
2026-01-06 11:44:17,821 - INFO - [Times of India] (Thread) requires Selenium. Initializing driver...
2026-01-06 11:44:17,822 - INFO - Starting scrape for The Guardian RSS feed: https://www.theguardian.com/world/rss
2026-01-06 11:44:17,823 - INFO - [The Hindu] (Thread) requires Selenium. Initializing driver...
2026-01-06 11:44:17,823 - INFO - Submitted 4 jobs to thread pool. Waiting up to 300s for completion...
2026-01-06 11:44:17,970 - INFO - Found 45 articles in The Guardian RSS feed. Processing up to 30.
2026-01-06 11:44:17,971 - INFO - [The Guardian] Early skip: URL https://www.theguardian.com/world/2026/jan/02/anthony-joshuas-driver-charged-with-dangerous-driving-after-fatal-crash-in-nigeria already exists.
2026-01-06 11:44:18,118 - INFO - [The Guardian] Early skip: URL https://www.theguardian.com/science/2026/jan/01/cremation-pyre-in-africa-thought-to-be-worlds-oldest-containing-adult-remains already exists.
2026-01-06 11:44:18,286 - INFO - [The Guardian] Early skip: URL https://www.theguardian.com/global-development/2026/jan/01/us-aid-cuts-conditions-un-humanitarian-pledge-ocha already exists.
2026-01-06 11:44:18,434 - INFO - [The Guardian] Early skip: URL https://www.theguardian.com/world/2025/dec/31/guinea-junta-chief-mamady-doumbouya-elected-president-after-opposition-boycott already exists.
2026-01-06 11:44:18,488 - INFO - Found 30 articles in BBC RSS feed. Processing up to 30.
2026-01-06 11:44:18,628 - INFO - [BBC] Early skip: URL https://www.bbc.com/news/articles/c74vx4n003xo?at_medium=RSS&at_campaign=rss already exists.
2026-01-06 11:44:18,859 - INFO - [The Guardian] Early skip: URL https://www.theguardian.com/world/2025/dec/30/saudi-arabia-uae-tension-future-yemen-boiling-point already exists.
2026-01-06 11:44:18,999 - INFO - [BBC] Early skip: URL https://www.bbc.com/news/articles/cdx4zxk1np0o?at_medium=RSS&at_campaign=rss already exists.
2026-01-06 11:44:19,263 - INFO - [The Guardian] Early skip: URL https://www.theguardian.com/world/live/2026/jan/06/venezuela-live-updates-maduro-trump-us-attack-opposition-machado-return already exists.
2026-01-06 11:44:19,539 - INFO - [BBC] Article: https://www.bbc.com/news/videos/cdxj907qgvzo?at_medium=RSS&at_campaign=rss
2026-01-06 11:44:19,539 - INFO - [BBC] Attempt 1/1: Trying with 'requests_browser' strategy...
2026-01-06 11:44:19,540 - INFO - [The Guardian] Early skip: URL https://www.theguardian.com/world/2026/jan/06/wes-streeting-venezuela-disintegration-rules-based-world-order already exists.
2026-01-06 11:44:19,733 - INFO - [The Guardian] Early skip: URL https://www.theguardian.com/us-news/2026/jan/06/barry-pollack-nicolas-maduro-lawyer already exists.
2026-01-06 11:44:19,950 - INFO - [The Guardian] Early skip: URL https://www.theguardian.com/us-news/2026/jan/05/maduro-pleads-not-guilty already exists.
2026-01-06 11:44:20,026 - WARNING - [BBC] FAILED with 'requests_browser' (content was too short: 77 words).
2026-01-06 11:44:20,026 - ERROR - [BBC] All scrape strategies failed for https://www.bbc.com/news/videos/cdxj907qgvzo?at_medium=RSS&at_campaign=rss. Falling back to RSS description.
2026-01-06 11:44:20,026 - WARNING - SKIPPED (GLOBAL WORD LIMIT): Article 'Skiers create heart-shaped tribute for Switzerland fire victims' from BBC has only 25 words (Min: 90).
2026-01-06 11:44:20,114 - INFO - [The Guardian] Early skip: URL https://www.theguardian.com/world/live/2026/jan/05/venezuela-live-updates-trump-us-interim-president-collaborate already exists.
2026-01-06 11:44:20,222 - INFO - [The Guardian] Early skip: URL https://www.theguardian.com/world/2026/jan/06/papua-new-guinea-internet-starlink-shut-down already exists.
2026-01-06 11:44:20,453 - INFO - [The Guardian] Early skip: URL https://www.theguardian.com/world/2026/jan/06/what-us-action-in-venezuela-means-for-taiwan already exists.
2026-01-06 11:44:20,697 - INFO - [The Guardian] Early skip: URL https://www.theguardian.com/world/2026/jan/05/venezuela-trump-attack-china-interests-analysis already exists.
2026-01-06 11:44:20,860 - INFO - [The Guardian] Early skip: URL https://www.theguardian.com/world/2026/jan/05/giant-bluefin-tuna-sold-record-amount-tokyo-auction-kiyoshi-kimura already exists.
2026-01-06 11:44:20,963 - INFO - [The Guardian] Early skip: URL https://www.theguardian.com/environment/2026/jan/05/weather-tracker-arctic-air-grips-europe-winds-corsica already exists.
2026-01-06 11:44:21,169 - INFO - [The Guardian] Early skip: URL https://www.theguardian.com/australia-news/2026/jan/06/man-arrested-over-alleged-melbourne-arson-attack-on-car-with-hanukah-decorations-ntwnfb already exists.
2026-01-06 11:44:21,295 - INFO - [The Guardian] Early skip: URL https://www.theguardian.com/society/2026/jan/05/domestic-violence-survivors-strangulation-brain-trauma already exists.
2026-01-06 11:44:21,535 - INFO - [BBC] Early skip: URL https://www.bbc.com/news/articles/c70lw9x581no?at_medium=RSS&at_campaign=rss already exists.
2026-01-06 11:44:21,779 - INFO - [The Guardian] Early skip: URL https://www.theguardian.com/australia-news/2026/jan/06/man-dies-in-sydney-after-being-pepper-sprayed-by-nsw-police-during-arrest-ntwnfb already exists.
2026-01-06 11:44:22,056 - INFO - [BBC] Early skip: URL https://www.bbc.com/news/articles/c0jv1vd571wo?at_medium=RSS&at_campaign=rss already exists.
2026-01-06 11:44:22,184 - INFO - [The Guardian] Early skip: URL https://www.theguardian.com/australia-news/2026/jan/06/sydney-protest-restrictions-extended-for-14-days-as-activist-group-vows-to-file-legal-challenge-this-week-ntwnfb already exists.
2026-01-06 11:44:22,309 - INFO - [BBC] Early skip: URL https://www.bbc.com/news/articles/cx2yvx8gnnpo?at_medium=RSS&at_campaign=rss already exists.
2026-01-06 11:44:22,546 - INFO - [The Guardian] Early skip: URL https://www.theguardian.com/australia-news/live/2026/jan/06/australia-news-live-anthony-albanese-floods-queensland-bondi-shooting-royal-commission-antisemitism-inquiry-ntwnfb already exists.
2026-01-06 11:44:22,763 - INFO - [BBC] Article: https://www.bbc.com/news/articles/cql45lykx5eo?at_medium=RSS&at_campaign=rss
2026-01-06 11:44:22,764 - INFO - [BBC] Attempt 1/1: Trying with 'requests_browser' strategy...
2026-01-06 11:44:22,765 - INFO - [The Guardian] Early skip: URL https://www.theguardian.com/world/live/2026/jan/06/coalition-willing-paris-ukraine-zelenskyy-greenland-denmark-venezuela-trump-latest-news-updates already exists.
2026-01-06 11:44:22,792 - INFO - [BBC] Success with 'requests_browser'. Found content (329 words).
2026-01-06 11:44:26,576 - INFO - Selenium driver initialized successfully.
2026-01-06 11:44:26,576 - INFO - Selenium driver initialized successfully.
2026-01-06 11:44:26,577 - INFO - Starting scrape for Times of India RSS feed: https://timesofindia.indiatimes.com/rssfeeds/296589292.cms
2026-01-06 11:44:26,577 - INFO - Starting scrape for The Hindu RSS feed: https://www.thehindu.com/news/national/feeder/default.rss
2026-01-06 11:44:26,724 - INFO - Found 100 articles in The Hindu RSS feed. Processing up to 30.
2026-01-06 11:44:26,822 - INFO - Found 20 articles in Times of India RSS feed. Processing up to 30.
2026-01-06 11:45:08,065 - INFO - Saved article: Tomorrowland to hold its first-ever Asia festival in Thailand from BBC (329 words)
2026-01-06 11:45:08,065 - INFO - [The Guardian] Early skip: URL https://www.theguardian.com/politics/2026/jan/06/keir-starmer-parliamentary-battle-over-eu-reset-policy already exists.
2026-01-06 11:45:08,210 - INFO - [The Hindu] Article: https://www.thehindu.com/shorts/watch-siddaramaiah-becomes-karnatakas-longest-serving-chief-minister/article70477785.ece
2026-01-06 11:45:08,210 - INFO - [The Hindu] Attempt 1/1: Trying with 'selenium_browser' strategy...
2026-01-06 11:45:08,211 - INFO - [Times of India] Article: https://timesofindia.indiatimes.com/world/middle-east/kuwait-announces-public-holiday-on-january-18-for-isra-and-miraj/articleshow/126372863.cms
2026-01-06 11:45:08,211 - INFO - [Times of India] Attempt 1/1: Trying with 'selenium_browser' strategy...
2026-01-06 11:45:08,212 - INFO - [The Guardian] Early skip: URL https://www.theguardian.com/world/2026/jan/05/trump-must-give-up-fantasies-about-annexation-says-greenland-pm already exists.
2026-01-06 11:45:08,348 - INFO - [The Guardian] Early skip: URL https://www.theguardian.com/us-news/2026/jan/05/a-warning-not-an-insult-us-doubles-down-on-attack-on-europe already exists.
2026-01-06 11:45:08,524 - INFO - [The Guardian] Early skip: URL https://www.theguardian.com/uk-news/2026/jan/05/one-in-one-out-asylum-seekers-accuse-uk-degrading-treatment already exists.
2026-01-06 11:45:08,638 - INFO - [The Guardian] Early skip: URL https://www.theguardian.com/world/2026/jan/05/iran-try-risky-economic-changes-quell-protesters-anger already exists.
2026-01-06 11:45:08,864 - INFO - [BBC] Early skip: URL https://www.bbc.com/news/articles/c0q40xg3j0jo?at_medium=RSS&at_campaign=rss already exists.
2026-01-06 11:45:09,145 - INFO - [BBC] Early skip: URL https://www.bbc.com/news/articles/c87r891gv1ro?at_medium=RSS&at_campaign=rss already exists.
2026-01-06 11:45:09,348 - INFO - [The Guardian] Early skip: URL https://www.theguardian.com/world/2026/jan/05/palestine-ambassador-uk-hails-embassy-proof-identity already exists.
2026-01-06 11:45:09,508 - INFO - [BBC] Early skip: URL https://www.bbc.com/news/articles/c301n41518do?at_medium=RSS&at_campaign=rss already exists.
2026-01-06 11:45:09,798 - INFO - [The Guardian] Early skip: URL https://www.theguardian.com/global-development/2026/jan/05/children-killed-iran-protests-security-forces already exists.
2026-01-06 11:45:10,080 - INFO - [BBC] Early skip: URL https://www.bbc.com/sport/tennis/articles/cm24e6rzmpeo?at_medium=RSS&at_campaign=rss already exists.
2026-01-06 11:45:10,316 - INFO - [BBC] Early skip: URL https://www.bbc.com/news/articles/c24gngzr4ero?at_medium=RSS&at_campaign=rss already exists.
2026-01-06 11:45:10,485 - INFO - [BBC] Early skip: URL https://www.bbc.com/news/articles/c78v6z7597yo?at_medium=RSS&at_campaign=rss already exists.
2026-01-06 11:45:10,666 - INFO - [The Guardian] Early skip: URL https://www.theguardian.com/world/2026/jan/05/syria-businesses-tourism-wineries-bars-shops-ntwnfb already exists.
2026-01-06 11:45:10,877 - INFO - [The Guardian] Early skip: URL https://www.theguardian.com/world/2026/jan/03/british-and-french-aircraft-attack-underground-isis-weapons-store-in-syria already exists.
2026-01-06 11:45:11,051 - INFO - [BBC] Early skip: URL https://www.bbc.com/news/articles/cj9r0eyw0jno?at_medium=RSS&at_campaign=rss already exists.
2026-01-06 11:45:11,325 - INFO - [BBC] Early skip: URL https://www.bbc.com/news/articles/c62w3zpl4ldo?at_medium=RSS&at_campaign=rss already exists.
2026-01-06 11:45:11,466 - INFO - [BBC] Early skip: URL https://www.bbc.com/news/articles/cz9vg0w9w28o?at_medium=RSS&at_campaign=rss already exists.
2026-01-06 11:45:11,666 - INFO - [BBC] Early skip: URL https://www.bbc.com/news/articles/cd0ye72r4vpo?at_medium=RSS&at_campaign=rss already exists.
2026-01-06 11:45:11,838 - INFO - [BBC] Article: https://www.bbc.com/news/articles/cx2drqwg32do?at_medium=RSS&at_campaign=rss
2026-01-06 11:45:11,838 - INFO - [BBC] Attempt 1/1: Trying with 'requests_browser' strategy...
2026-01-06 11:45:11,932 - INFO - [BBC] Success with 'requests_browser'. Found content (868 words).
2026-01-06 11:45:19,750 - WARNING - [The Hindu] Page timed out (10s). Proceeding anyway.
2026-01-06 11:45:20,324 - WARNING - [The Hindu] FAILED with 'selenium_browser' (content was too short: 44 words).
2026-01-06 11:45:20,324 - ERROR - [The Hindu] All scrape strategies failed for https://www.thehindu.com/shorts/watch-siddaramaiah-becomes-karnatakas-longest-serving-chief-minister/article70477785.ece. Falling back to RSS description.
2026-01-06 11:45:20,324 - WARNING - SKIPPED (GLOBAL WORD LIMIT): Article 'Watch: Siddaramaiah becomes Karnataka’s longest-serving Chief Minister' from The Hindu has only 3 words (Min: 90).
2026-01-06 11:46:06,816 - INFO - Saved article: South Africa criminal justice system: Anguish of families waiting for cases to be resolved from BBC (868 words)
2026-01-06 11:46:06,819 - INFO - [The Hindu] Early skip: URL https://www.thehindu.com/news/national/tamil-nadu/thirupparankundram-row-tn-government-to-appeal-in-supreme-court-against-madras-hc-order-says-minister-regupathy/article70477657.ece already exists.
2026-01-06 11:46:07,014 - INFO - [The Hindu] Article: https://www.thehindu.com/news/cities/Delhi/caqm-failing-in-its-duty-sc-after-pollution-watchdog-seeks-two-month-adjournment-on-toll-plaza-issue/article70477676.ece
2026-01-06 11:46:07,014 - INFO - [The Hindu] Attempt 1/1: Trying with 'selenium_browser' strategy...
2026-01-06 11:46:08,165 - INFO - [BBC] Article: https://www.bbc.com/news/articles/clyxln49760o?at_medium=RSS&at_campaign=rss
2026-01-06 11:46:08,165 - INFO - [BBC] Attempt 1/1: Trying with 'requests_browser' strategy...
2026-01-06 11:46:08,225 - INFO - [BBC] Success with 'requests_browser'. Found content (971 words).
2026-01-06 11:46:10,284 - INFO - [The Hindu] Page content loaded.
2026-01-06 11:46:10,362 - INFO - [The Hindu] Success with 'selenium_browser'. Found content (217 words).
2026-01-06 11:47:03,207 - INFO - Saved article: Indian farmers turn to 'magical' butterfly pea flower from BBC (971 words)
2026-01-06 11:47:13,790 - ERROR - [Times of India] Request failed for strategy 'selenium_browser' on URL https://timesofindia.indiatimes.com/world/middle-east/kuwait-announces-public-holiday-on-january-18-for-isra-and-miraj/articleshow/126372863.cms: HTTPConnectionPool(host='localhost', port=57497): Read timed out. (read timeout=120)
2026-01-06 11:47:13,790 - ERROR - [Times of India] All scrape strategies failed for https://timesofindia.indiatimes.com/world/middle-east/kuwait-announces-public-holiday-on-january-18-for-isra-and-miraj/articleshow/126372863.cms. Falling back to RSS description.
2026-01-06 11:47:13,790 - WARNING - SKIPPED (GLOBAL WORD LIMIT): Article 'Kuwait announces public holiday on January 18 for Isra and Miraj' from Times of India has only 56 words (Min: 90).
2026-01-06 11:47:50,811 - INFO - Saved article: CAQM failing in its duty: SC after pollution watchdog seeks two-month adjournment on toll plaza issue - The Hindu from The Hindu (217 words)
2026-01-06 11:47:50,811 - INFO - [BBC] Article: https://www.bbc.com/news/articles/cn564q0vgvxo?at_medium=RSS&at_campaign=rss
2026-01-06 11:47:50,811 - INFO - [BBC] Attempt 1/1: Trying with 'requests_browser' strategy...
2026-01-06 11:47:50,813 - INFO - [Times of India] Article: https://timesofindia.indiatimes.com/world/middle-east/hajj-2026-deadline-alert-travel-agencies-to-face-penalties-after-jan-12-if-pilgrim-contracts-not-secured-egypt-warns/articleshow/126372431.cms
2026-01-06 11:47:50,813 - INFO - [Times of India] Attempt 1/1: Trying with 'selenium_browser' strategy...
2026-01-06 11:47:50,842 - INFO - [BBC] Success with 'requests_browser'. Found content (992 words).
2026-01-06 11:48:38,917 - INFO - DEDUPLICATION: Found match (Score: 0.80). Linking to Cluster ID: 36df5af5-ce04-4aae-b52a-2db24af3144a
2026-01-06 11:48:38,919 - INFO - Saved article: Protests shake Iran at its weakest point in years from BBC (992 words)
2026-01-06 11:48:38,920 - INFO - [The Hindu] Article: https://www.thehindu.com/news/national/karnataka/confident-of-completing-full-term-but-decision-left-to-high-command-asserts-siddaramaiah/article70477178.ece
2026-01-06 11:48:38,920 - INFO - [The Hindu] Attempt 1/1: Trying with 'selenium_browser' strategy...
2026-01-06 11:48:40,070 - INFO - [BBC] Early skip: URL https://www.bbc.com/news/articles/c74x4m71pmjo?at_medium=RSS&at_campaign=rss already exists.
2026-01-06 11:48:40,268 - INFO - [BBC] Article: https://www.bbc.com/news/videos/cy05933de12o?at_medium=RSS&at_campaign=rss
2026-01-06 11:48:40,269 - INFO - [BBC] Attempt 1/1: Trying with 'requests_browser' strategy...
2026-01-06 11:48:40,334 - WARNING - [BBC] FAILED with 'requests_browser' (content was too short: 82 words).
2026-01-06 11:48:40,334 - ERROR - [BBC] All scrape strategies failed for https://www.bbc.com/news/videos/cy05933de12o?at_medium=RSS&at_campaign=rss. Falling back to RSS description.
2026-01-06 11:48:40,334 - WARNING - SKIPPED (GLOBAL WORD LIMIT): Article 'Watch: What it was like in the courtroom at Maduro's hearing' from BBC has only 16 words (Min: 90).
2026-01-06 11:48:41,093 - INFO - [BBC] Early skip: URL https://www.bbc.com/news/videos/cly308pn4r8o?at_medium=RSS&at_campaign=rss already exists.
2026-01-06 11:48:41,233 - INFO - [BBC] Article: https://www.bbc.com/news/videos/c5y2xqgjd7eo?at_medium=RSS&at_campaign=rss
2026-01-06 11:48:41,233 - INFO - [BBC] Attempt 1/1: Trying with 'requests_browser' strategy...
2026-01-06 11:48:41,246 - INFO - [The Hindu] Page content loaded.
2026-01-06 11:48:41,321 - INFO - [The Hindu] Success with 'selenium_browser'. Found content (318 words).
2026-01-06 11:48:41,393 - WARNING - [BBC] FAILED with 'requests_browser' (content was too short: 50 words).
2026-01-06 11:48:41,393 - ERROR - [BBC] All scrape strategies failed for https://www.bbc.com/news/videos/c5y2xqgjd7eo?at_medium=RSS&at_campaign=rss. Falling back to RSS description.
2026-01-06 11:48:41,393 - WARNING - SKIPPED (GLOBAL WORD LIMIT): Article 'Watch: 'I'm so happy' - Venezuelans in the US react to Maduro's capture' from BBC has only 19 words (Min: 90).
2026-01-06 11:49:17,824 - CRITICAL - --- TIMEOUT: 3 scrape jobs did not complete in 300s. ---
2026-01-06 11:49:17,824 - ERROR - A thread has timed out and will be abandoned.
2026-01-06 11:49:17,824 - ERROR - A thread has timed out and will be abandoned.
2026-01-06 11:49:17,824 - ERROR - A thread has timed out and will be abandoned.
2026-01-06 11:49:17,824 - INFO - Shutting down thread pool (wait=False)...
2026-01-06 11:49:17,824 - INFO - Scraped: 0 The Guardian, 3 Timed_Out_Jobs articles. (Total saved: 0)
2026-01-06 11:49:17,824 - INFO - --- Scraping job finished ---
2026-01-06 11:49:17,825 - INFO - --- Scraper service stopped and database connection closed. ---
2026-01-06 11:49:17,825 - INFO - --- Main thread finished. Forcing process exit to kill zombie threads. ---
