2025-12-21 10:46:12,333 - INFO - Loading AI Semantic Model (all-MiniLM-L6-v2)...
2025-12-21 10:46:12,334 - INFO - Use pytorch device_name: cpu
2025-12-21 10:46:12,334 - INFO - Load pretrained SentenceTransformer: all-MiniLM-L6-v2
2025-12-21 10:46:13,056 - INFO - AI Model loaded successfully.
2025-12-21 10:46:13,057 - INFO - --- Scraper service started (CI Mode: Run Once) ---
2025-12-21 10:46:13,057 - INFO - --- Starting new scraping job (Parallel Mode) ---
2025-12-21 10:46:13,057 - INFO - Creating new robust session with 3 retries on 5xx/connection/read errors.
2025-12-21 10:46:13,057 - INFO - Proxy is DISABLED.
2025-12-21 10:46:13,057 - INFO - Starting scrape for BBC RSS feed: http://feeds.bbci.co.uk/news/world/rss.xml
2025-12-21 10:46:13,059 - INFO - [Times of India] (Thread) requires Selenium. Initializing driver...
2025-12-21 10:46:13,059 - INFO - Starting scrape for The Guardian RSS feed: https://www.theguardian.com/world/rss
2025-12-21 10:46:13,060 - INFO - [The Hindu] (Thread) requires Selenium. Initializing driver...
2025-12-21 10:46:13,061 - INFO - Submitted 4 jobs to thread pool. Waiting up to 300s for completion...
2025-12-21 10:46:13,258 - INFO - Found 45 articles in The Guardian RSS feed. Processing up to 30.
2025-12-21 10:46:13,258 - INFO - [The Guardian] Early skip: URL https://www.theguardian.com/society/2025/dec/19/hepatitis-b-vaccine-study-guinea-bissau-rfk already exists.
2025-12-21 10:46:13,425 - INFO - Found 24 articles in BBC RSS feed. Processing up to 30.
2025-12-21 10:46:13,550 - INFO - [BBC] Early skip: URL https://www.bbc.com/news/articles/c5ydzl0nwqeo?at_medium=RSS&at_campaign=rss already exists.
2025-12-21 10:46:13,749 - INFO - [The Guardian] Early skip: URL https://www.theguardian.com/global-development/2025/dec/19/colombian-mercenaries-sudan-rsf-us-sanctions-recruited-uk-registered-firms-investigation already exists.
2025-12-21 10:46:14,028 - INFO - [BBC] Early skip: URL https://www.bbc.com/news/articles/c79xyxdpzrxo?at_medium=RSS&at_campaign=rss already exists.
2025-12-21 10:46:14,249 - INFO - [The Guardian] Early skip: URL https://www.theguardian.com/global-development/2025/dec/18/morocco-genz212-protests-police-mass-arrests-beatings-detentions-rights already exists.
2025-12-21 10:46:14,387 - INFO - [BBC] Early skip: URL https://www.bbc.com/news/articles/c0mpy1ynnzzo?at_medium=RSS&at_campaign=rss already exists.
2025-12-21 10:46:14,645 - INFO - [The Guardian] Early skip: URL https://www.theguardian.com/world/2025/dec/16/five-key-moments-in-the-assault-on-the-rights-of-women-and-girls-in-2025 already exists.
2025-12-21 10:46:14,750 - INFO - [BBC] Early skip: URL https://www.bbc.com/news/articles/cm20ppy0rreo?at_medium=RSS&at_campaign=rss already exists.
2025-12-21 10:46:14,956 - INFO - [The Guardian] Early skip: URL https://www.theguardian.com/world/2025/dec/16/south-africa-russia-men-tricked-fighting-ukraine already exists.
2025-12-21 10:46:15,197 - INFO - [BBC] Early skip: URL https://www.bbc.com/news/articles/c14vy02847vo?at_medium=RSS&at_campaign=rss already exists.
2025-12-21 10:46:15,409 - INFO - [The Guardian] Early skip: URL https://www.theguardian.com/us-news/2025/dec/20/us-second-merchant-vessel-venezuela already exists.
2025-12-21 10:46:15,609 - INFO - [BBC] Early skip: URL https://www.bbc.com/news/articles/c9qe2yln2nlo?at_medium=RSS&at_campaign=rss already exists.
2025-12-21 10:46:15,855 - INFO - [The Guardian] Early skip: URL https://www.theguardian.com/us-news/2025/dec/19/trump-venezuela-war already exists.
2025-12-21 10:46:16,084 - INFO - [BBC] Early skip: URL https://www.bbc.com/news/articles/c5y9z0g7lleo?at_medium=RSS&at_campaign=rss already exists.
2025-12-21 10:46:16,367 - INFO - [The Guardian] Early skip: URL https://www.theguardian.com/world/2025/dec/19/montreal-grocery-store-santas-elves-robbery already exists.
2025-12-21 10:46:16,567 - INFO - [BBC] Early skip: URL https://www.bbc.com/news/articles/c8r38ne1x2mo?at_medium=RSS&at_campaign=rss already exists.
2025-12-21 10:46:16,815 - INFO - [The Guardian] Early skip: URL https://www.theguardian.com/world/2025/dec/19/colombia-eln-guerrilla-group-attack-military-base already exists.
2025-12-21 10:46:17,102 - INFO - [BBC] Early skip: URL https://www.bbc.com/news/articles/c62vx2pgl0eo?at_medium=RSS&at_campaign=rss already exists.
2025-12-21 10:46:17,341 - INFO - [The Guardian] Early skip: URL https://www.theguardian.com/world/2025/dec/19/i-cant-think-of-a-place-more-pristine-133000-hectares-of-chilean-patagonia-preserved-after-local-fundraising already exists.
2025-12-21 10:46:17,523 - INFO - [BBC] Early skip: URL https://www.bbc.com/news/articles/c5yq7zzw618o?at_medium=RSS&at_campaign=rss already exists.
2025-12-21 10:46:17,760 - INFO - [The Guardian] Early skip: URL https://www.theguardian.com/world/2025/dec/19/mass-stabbing-tapei already exists.
2025-12-21 10:46:17,902 - INFO - [BBC] Early skip: URL https://www.bbc.com/news/articles/cp89p082y2xo?at_medium=RSS&at_campaign=rss already exists.
2025-12-21 10:46:18,084 - INFO - [The Guardian] Early skip: URL https://www.theguardian.com/technology/2025/dec/19/uk-foreign-office-victim-cyber-attack-october- already exists.
2025-12-21 10:46:18,376 - INFO - [BBC] Early skip: URL https://www.bbc.com/news/articles/cx251p7k23mo?at_medium=RSS&at_campaign=rss already exists.
2025-12-21 10:46:18,514 - INFO - [The Guardian] Early skip: URL https://www.theguardian.com/technology/2025/dec/18/tiktok-signs-deal-us-entity-sale already exists.
2025-12-21 10:46:18,675 - INFO - [BBC] Early skip: URL https://www.bbc.com/news/articles/c5yqr485d84o?at_medium=RSS&at_campaign=rss already exists.
2025-12-21 10:46:18,901 - INFO - [The Guardian] Early skip: URL https://www.theguardian.com/world/2025/dec/19/south-korean-president-urges-public-health-cover-hair-loss already exists.
2025-12-21 10:46:19,128 - INFO - [BBC] Early skip: URL https://www.bbc.com/news/articles/c4gp4v32z0lo?at_medium=RSS&at_campaign=rss already exists.
2025-12-21 10:46:19,279 - INFO - [The Guardian] Early skip: URL https://www.theguardian.com/world/2025/dec/18/us-announces-more-than-10bn-of-arms-sales-to-taiwan already exists.
2025-12-21 10:46:19,577 - INFO - [BBC] Early skip: URL https://www.bbc.com/news/articles/c8dy8r7lq0go?at_medium=RSS&at_campaign=rss already exists.
2025-12-21 10:46:19,722 - INFO - [The Guardian] Early skip: URL https://www.theguardian.com/australia-news/live/2025/dec/21/bondi-beach-terror-attack-one-week-anniversary-day-of-reflection-reactions-sydney-vigil-memorial-nsw-protest-laws-police-powers-anthony-albanese-labor-sussan-ley-coalition-ntwnfb already exists.
2025-12-21 10:46:19,900 - INFO - [BBC] Early skip: URL https://www.bbc.com/news/articles/c5y9ed5d1r4o?at_medium=RSS&at_campaign=rss already exists.
2025-12-21 10:46:20,067 - INFO - [The Guardian] Early skip: URL https://www.theguardian.com/australia-news/2025/dec/21/we-are-unbreakable-defiance-marks-bondi-attack-commemoration-after-pm-is-booed already exists.
2025-12-21 10:46:20,277 - INFO - [BBC] Early skip: URL https://www.bbc.com/news/articles/c5y27ekr26xo?at_medium=RSS&at_campaign=rss already exists.
2025-12-21 10:46:20,541 - INFO - [The Guardian] Early skip: URL https://www.theguardian.com/australia-news/2025/dec/21/albanese-announces-review-of-intelligence-and-policing-processes-in-lead-up-to-bondi-beach-attack-ntwnfb already exists.
2025-12-21 10:46:20,753 - INFO - [BBC] Early skip: URL https://www.bbc.com/news/articles/cedx6vn5202o?at_medium=RSS&at_campaign=rss already exists.
2025-12-21 10:46:20,979 - INFO - [The Guardian] Early skip: URL https://www.theguardian.com/australia-news/2025/dec/21/bom-christmas-weather-forecast-perth-brisbane-melbourne-sydney-adelaide-hobart-darwin-canberra already exists.
2025-12-21 10:46:21,176 - INFO - [BBC] Early skip: URL https://www.bbc.com/news/articles/cwyp8erjp82o?at_medium=RSS&at_campaign=rss already exists.
2025-12-21 10:46:21,456 - INFO - [The Guardian] Early skip: URL https://www.theguardian.com/australia-news/2025/dec/21/gun-law-reform-after-port-arthur-national-forearms-register-ntwnfb already exists.
2025-12-21 10:46:21,575 - INFO - [BBC] Early skip: URL https://www.bbc.com/news/videos/cn7kpnjnmklo?at_medium=RSS&at_campaign=rss already exists.
2025-12-21 10:46:21,831 - INFO - [The Guardian] Early skip: URL https://www.theguardian.com/world/2025/dec/21/denmark-postnord-postal-delivery-letters-society already exists.
2025-12-21 10:46:21,982 - INFO - [BBC] Article: https://www.bbc.com/news/videos/cj01pdve7rpo?at_medium=RSS&at_campaign=rss
2025-12-21 10:46:21,983 - INFO - [BBC] Attempt 1/1: Trying with 'requests_browser' strategy...
2025-12-21 10:46:21,984 - INFO - [The Guardian] Early skip: URL https://www.theguardian.com/world/2025/dec/21/spain-ruling-party-regional-poll-extremadura-pedro-sanchez already exists.
2025-12-21 10:46:22,200 - INFO - [The Guardian] Early skip: URL https://www.theguardian.com/politics/2025/dec/20/uk-aid-cuts-take-40-from-funds-to-counter-russian-threat-in-western-balkans already exists.
2025-12-21 10:46:22,317 - WARNING - [BBC] FAILED with 'requests_browser' (content was too short: 80 words).
2025-12-21 10:46:22,317 - ERROR - [BBC] All scrape strategies failed for https://www.bbc.com/news/videos/cj01pdve7rpo?at_medium=RSS&at_campaign=rss. Falling back to RSS description.
2025-12-21 10:46:22,317 - WARNING - SKIPPED (GLOBAL WORD LIMIT): Article 'Putin tells BBC Western leaders deceived Russia' from BBC has only 21 words (Min: 90).
2025-12-21 10:46:22,350 - INFO - [The Guardian] Early skip: URL https://www.theguardian.com/world/2025/dec/20/brussels-bike-ban-plan-for-pedestrian-zone-dangerous-and-absurd already exists.
2025-12-21 10:46:22,477 - INFO - [The Guardian] Early skip: URL https://www.theguardian.com/world/live/2025/dec/19/ukraine-war-live-zelenskyy-european-union-agreement-90bn-loan-deal-kyiv already exists.
2025-12-21 10:46:22,774 - INFO - [The Guardian] Early skip: URL https://www.theguardian.com/world/2025/dec/20/israeli-troops-kill-palestinians-sheltering-in-gaza-school-hospital-chiefs already exists.
2025-12-21 10:46:23,071 - INFO - [The Guardian] Early skip: URL https://www.theguardian.com/world/2025/dec/19/gaza-famine-hunger-food-shortages-winter-flooding-un already exists.
2025-12-21 10:46:23,336 - INFO - [BBC] Early skip: URL https://www.bbc.com/news/videos/cly5p1vkm39o?at_medium=RSS&at_campaign=rss already exists.
2025-12-21 10:46:23,513 - INFO - [The Guardian] Early skip: URL https://www.theguardian.com/global-development/2025/dec/19/gaza-phd-student-manar-al-houbi-granted-access-to-uk-but-others-remain-stranded already exists.
2025-12-21 10:46:23,711 - INFO - [BBC] Article: https://www.bbc.com/news/videos/c5yje8pvg8jo?at_medium=RSS&at_campaign=rss
2025-12-21 10:46:23,711 - INFO - [BBC] Attempt 1/1: Trying with 'requests_browser' strategy...
2025-12-21 10:46:23,713 - INFO - [The Guardian] Early skip: URL https://www.theguardian.com/global-development/2025/dec/19/iranian-boxing-champion-mohammad-javad-vafaei-sani-risk-of-execution-retrial-request-rejected already exists.
2025-12-21 10:46:23,847 - WARNING - [BBC] FAILED with 'requests_browser' (content was too short: 74 words).
2025-12-21 10:46:23,847 - ERROR - [BBC] All scrape strategies failed for https://www.bbc.com/news/videos/c5yje8pvg8jo?at_medium=RSS&at_campaign=rss. Falling back to RSS description.
2025-12-21 10:46:23,847 - WARNING - SKIPPED (GLOBAL WORD LIMIT): Article 'What does TikTok's deal mean for America's users?' from BBC has only 21 words (Min: 90).
2025-12-21 10:46:23,966 - INFO - [The Guardian] Early skip: URL https://www.theguardian.com/world/2025/dec/18/rainfall-iran-hormuz-island-red-beach already exists.
2025-12-21 10:46:25,240 - INFO - [BBC] Early skip: URL https://www.bbc.com/news/videos/cjdrpx4yjv5o?at_medium=RSS&at_campaign=rss already exists.
2025-12-21 10:46:31,006 - INFO - Selenium driver initialized successfully.
2025-12-21 10:46:31,006 - INFO - Starting scrape for Times of India RSS feed: https://timesofindia.indiatimes.com/rssfeeds/296589292.cms
2025-12-21 10:46:31,007 - INFO - Selenium driver initialized successfully.
2025-12-21 10:46:31,007 - INFO - Starting scrape for The Hindu RSS feed: https://www.thehindu.com/news/national/feeder/default.rss
2025-12-21 10:46:31,184 - INFO - Found 100 articles in The Hindu RSS feed. Processing up to 30.
2025-12-21 10:46:31,184 - INFO - [The Hindu] Article: https://www.thehindu.com/news/national/indian-railways-hike-in-fares-from-december-26/article70422489.ece
2025-12-21 10:46:31,184 - INFO - [The Hindu] Attempt 1/1: Trying with 'selenium_browser' strategy...
2025-12-21 10:46:31,496 - INFO - Found 20 articles in Times of India RSS feed. Processing up to 30.
2025-12-21 10:46:31,497 - INFO - [Times of India] Article: https://timesofindia.indiatimes.com/world/rest-of-world/thousands-gather-at-bondi-beach-to-mourn-victims-of-antisemitic-attack/articleshow/126104371.cms
2025-12-21 10:46:31,497 - INFO - [Times of India] Attempt 1/1: Trying with 'selenium_browser' strategy...
2025-12-21 10:46:36,129 - INFO - [The Hindu] Page content loaded.
2025-12-21 10:46:36,252 - INFO - [The Hindu] Success with 'selenium_browser'. Found content (303 words).
2025-12-21 10:47:43,412 - INFO - DEDUPLICATION: Found match (Score: 0.85). Linking to Cluster ID: 243ad8e3-1b58-4779-97a7-64d2d6b5027d
2025-12-21 10:47:43,414 - INFO - Saved article: Railways announces fare hike from Dec. 26: What you need to know - The Hindu from The Hindu (303 words)
2025-12-21 10:47:44,851 - INFO - [The Hindu] Article: https://www.thehindu.com/news/national/centre-has-practically-ended-mgnrega-with-vb-g-ram-g-bill-prashant-bhushan/article70422462.ece
2025-12-21 10:47:44,851 - INFO - [The Hindu] Attempt 1/1: Trying with 'selenium_browser' strategy...
2025-12-21 10:47:46,913 - INFO - [The Hindu] Page content loaded.
2025-12-21 10:47:47,124 - INFO - [The Hindu] Success with 'selenium_browser'. Found content (340 words).
2025-12-21 10:48:31,598 - ERROR - [Times of India] Request failed for strategy 'selenium_browser' on URL https://timesofindia.indiatimes.com/world/rest-of-world/thousands-gather-at-bondi-beach-to-mourn-victims-of-antisemitic-attack/articleshow/126104371.cms: HTTPConnectionPool(host='localhost', port=46703): Read timed out. (read timeout=120)
2025-12-21 10:48:31,598 - ERROR - [Times of India] All scrape strategies failed for https://timesofindia.indiatimes.com/world/rest-of-world/thousands-gather-at-bondi-beach-to-mourn-victims-of-antisemitic-attack/articleshow/126104371.cms. Falling back to RSS description.
2025-12-21 10:48:31,598 - WARNING - SKIPPED (GLOBAL WORD LIMIT): Article 'Thousands gather at Bondi Beach to mourn victims of antisemitic attack' from Times of India has only 43 words (Min: 90).
2025-12-21 10:48:35,368 - INFO - DEDUPLICATION: Found match (Score: 0.85). Linking to Cluster ID: 6564af97-04c6-4bda-8318-766e89793c12
2025-12-21 10:48:35,371 - INFO - Saved article: Centre has practically ended MGNREGA with VB-G RAM G Bill: Prashant Bhushan - The Hindu from The Hindu (340 words)
2025-12-21 10:48:35,371 - INFO - [Times of India] Article: https://timesofindia.indiatimes.com/world/us/san-francisco-blackout-power-outage-leaves-nearly-a-third-of-city-in-darkness-transport-businesses-hit/articleshow/126104027.cms
2025-12-21 10:48:35,371 - INFO - [Times of India] Attempt 1/1: Trying with 'selenium_browser' strategy...
2025-12-21 10:48:35,916 - INFO - [The Hindu] Article: https://www.thehindu.com/news/national/telangana/cm-revanth-reddy-releases-poster-of-the-biggest-tribal-festival/article70422310.ece
2025-12-21 10:48:35,916 - INFO - [The Hindu] Attempt 1/1: Trying with 'selenium_browser' strategy...
2025-12-21 10:48:37,310 - INFO - [The Hindu] Page content loaded.
2025-12-21 10:48:37,438 - INFO - [The Hindu] Success with 'selenium_browser'. Found content (242 words).
2025-12-21 10:49:23,055 - INFO - Saved article: CM Revanth Reddy releases poster of the biggest tribal festival - The Hindu from The Hindu (242 words)
2025-12-21 10:49:23,651 - INFO - [The Hindu] Article: https://www.thehindu.com/news/national/telangana/modi-government-killing-rural-employment-scheme-congress-mp-hooda/article70422460.ece
2025-12-21 10:49:23,651 - INFO - [The Hindu] Attempt 1/1: Trying with 'selenium_browser' strategy...
2025-12-21 10:49:24,925 - INFO - [The Hindu] Page content loaded.
2025-12-21 10:49:24,992 - INFO - [The Hindu] Success with 'selenium_browser'. Found content (299 words).
2025-12-21 10:50:11,229 - INFO - DEDUPLICATION: Found match (Score: 0.78). Linking to Cluster ID: 9f5446f1-48f1-49bd-90b6-30e4ca2242e7
2025-12-21 10:50:11,232 - INFO - Saved article: Modi government ‘killing’ rural employment scheme: Congress MP Hooda - The Hindu from The Hindu (299 words)
2025-12-21 10:50:11,820 - INFO - [The Hindu] Early skip: URL https://www.thehindu.com/news/international/indian-visa-applications-suspended-indefinitely-in-bangladeshs-chittagong/article70422408.ece already exists.
2025-12-21 10:50:12,061 - INFO - [The Hindu] Early skip: URL https://www.thehindu.com/news/national/misleading-propaganda-says-delhi-after-dhaka-reports-cite-threat-to-life-of-bangladesh-envoy/article70422394.ece already exists.
2025-12-21 10:50:12,259 - INFO - [The Hindu] Article: https://www.thehindu.com/news/national/kerala/christmas-celebrations-in-kerala-schools-caught-in-the-sangh-parivars-crosshairs-says-government/article70422275.ece
2025-12-21 10:50:12,259 - INFO - [The Hindu] Attempt 1/1: Trying with 'selenium_browser' strategy...
2025-12-21 10:50:13,734 - INFO - [The Hindu] Page content loaded.
2025-12-21 10:50:13,845 - INFO - [The Hindu] Success with 'selenium_browser'. Found content (364 words).
2025-12-21 10:50:35,472 - ERROR - [Times of India] Request failed for strategy 'selenium_browser' on URL https://timesofindia.indiatimes.com/world/us/san-francisco-blackout-power-outage-leaves-nearly-a-third-of-city-in-darkness-transport-businesses-hit/articleshow/126104027.cms: HTTPConnectionPool(host='localhost', port=46703): Read timed out. (read timeout=120)
2025-12-21 10:50:35,472 - ERROR - [Times of India] All scrape strategies failed for https://timesofindia.indiatimes.com/world/us/san-francisco-blackout-power-outage-leaves-nearly-a-third-of-city-in-darkness-transport-businesses-hit/articleshow/126104027.cms. Falling back to RSS description.
2025-12-21 10:50:35,472 - WARNING - SKIPPED (GLOBAL WORD LIMIT): Article 'San Francisco blackout: Power outage leaves nearly a third of city in darkness' from Times of India has only 45 words (Min: 90).
2025-12-21 10:50:58,841 - INFO - Saved article: Christmas celebrations in Kerala schools caught in the Sangh Parivar’s crosshairs, says government - The Hindu from The Hindu (364 words)
2025-12-21 10:50:58,842 - INFO - [Times of India] Article: https://timesofindia.indiatimes.com/world/rest-of-world/australia-probes-security-services-after-bondi-beach-attack/articleshow/126104290.cms
2025-12-21 10:50:58,842 - INFO - [Times of India] Attempt 1/1: Trying with 'selenium_browser' strategy...
2025-12-21 10:51:00,068 - INFO - [The Hindu] Article: https://www.thehindu.com/news/cities/Thiruvananthapuram/thiruvananthapuram-assembly-polls-2026-cpim-accuses-bjp-of-stacking-voters-from-other-districts-in-rental-addresses/article70422329.ece
2025-12-21 10:51:00,068 - INFO - [The Hindu] Attempt 1/1: Trying with 'selenium_browser' strategy...
2025-12-21 10:51:01,454 - INFO - [The Hindu] Page content loaded.
2025-12-21 10:51:01,508 - INFO - [The Hindu] Success with 'selenium_browser'. Found content (481 words).
2025-12-21 10:51:13,061 - CRITICAL - --- TIMEOUT: 2 scrape jobs did not complete in 300s. ---
2025-12-21 10:51:13,061 - ERROR - A thread has timed out and will be abandoned.
2025-12-21 10:51:13,061 - ERROR - A thread has timed out and will be abandoned.
2025-12-21 10:51:13,061 - INFO - Shutting down thread pool (wait=False)...
2025-12-21 10:51:13,062 - INFO - Scraped: 0 The Guardian, 0 BBC, 2 Timed_Out_Jobs articles. (Total saved: 0)
2025-12-21 10:51:13,062 - INFO - --- Scraping job finished ---
2025-12-21 10:51:13,062 - INFO - --- Scraper service stopped and database connection closed. ---
2025-12-21 10:51:13,062 - INFO - --- Main thread finished. Forcing process exit to kill zombie threads. ---
