2025-12-26 09:29:02,409 - INFO - Loading AI Semantic Model (all-MiniLM-L6-v2)...
2025-12-26 09:29:02,409 - INFO - Use pytorch device_name: cpu
2025-12-26 09:29:02,409 - INFO - Load pretrained SentenceTransformer: all-MiniLM-L6-v2
2025-12-26 09:29:02,903 - INFO - AI Model loaded successfully.
2025-12-26 09:29:02,903 - INFO - --- Scraper service started (CI Mode: Run Once) ---
2025-12-26 09:29:02,903 - INFO - --- Starting new scraping job (Parallel Mode) ---
2025-12-26 09:29:02,904 - INFO - Creating new robust session with 3 retries on 5xx/connection/read errors.
2025-12-26 09:29:02,904 - INFO - Proxy is DISABLED.
2025-12-26 09:29:02,904 - INFO - Starting scrape for BBC RSS feed: http://feeds.bbci.co.uk/news/world/rss.xml
2025-12-26 09:29:02,905 - INFO - [Times of India] (Thread) requires Selenium. Initializing driver...
2025-12-26 09:29:02,905 - INFO - Starting scrape for The Guardian RSS feed: https://www.theguardian.com/world/rss
2025-12-26 09:29:02,907 - INFO - [The Hindu] (Thread) requires Selenium. Initializing driver...
2025-12-26 09:29:02,907 - INFO - Submitted 4 jobs to thread pool. Waiting up to 300s for completion...
2025-12-26 09:29:03,158 - INFO - Found 45 articles in The Guardian RSS feed. Processing up to 30.
2025-12-26 09:29:03,159 - INFO - [The Guardian] Early skip: URL https://www.theguardian.com/us-news/2025/dec/25/us-carries-out-airstrikes-against-islamic-state-terrorist-scum-in-nigeria-trump-says already exists.
2025-12-26 09:29:03,179 - INFO - Found 27 articles in BBC RSS feed. Processing up to 30.
2025-12-26 09:29:03,453 - INFO - [BBC] Early skip: URL https://www.bbc.com/news/articles/cj69j8l918do?at_medium=RSS&at_campaign=rss already exists.
2025-12-26 09:29:03,589 - INFO - [The Guardian] Early skip: URL https://www.theguardian.com/world/2025/dec/25/displaced-islamic-state-insurgency-mozambique already exists.
2025-12-26 09:29:03,883 - INFO - [BBC] Early skip: URL https://www.bbc.com/news/articles/c4g413yz9g5o?at_medium=RSS&at_campaign=rss already exists.
2025-12-26 09:29:04,155 - INFO - [The Guardian] Early skip: URL https://www.theguardian.com/world/2025/dec/24/algeria-passes-law-declaring-french-colonisation-crime already exists.
2025-12-26 09:29:04,410 - INFO - [BBC] Early skip: URL https://www.bbc.com/news/articles/c1lr3p7n87yo?at_medium=RSS&at_campaign=rss already exists.
2025-12-26 09:29:04,579 - INFO - [The Guardian] Early skip: URL https://www.theguardian.com/world/2025/dec/23/libyas-army-chief-dies-in-plane-crash-in-turkey already exists.
2025-12-26 09:29:04,772 - INFO - [BBC] Early skip: URL https://www.bbc.com/news/articles/ckgzwqjpzp4o?at_medium=RSS&at_campaign=rss already exists.
2025-12-26 09:29:04,935 - INFO - [The Guardian] Early skip: URL https://www.theguardian.com/world/2025/dec/22/freed-nigerian-schoolchildren-set-to-be-reunited-with-families already exists.
2025-12-26 09:29:05,176 - INFO - [BBC] Early skip: URL https://www.bbc.com/news/articles/cm21728nwxlo?at_medium=RSS&at_campaign=rss already exists.
2025-12-26 09:29:05,443 - INFO - [The Guardian] Early skip: URL https://www.theguardian.com/environment/2025/dec/25/they-are-scared-of-us-now-how-one-tropical-forest-turned-the-tide-on-loggers already exists.
2025-12-26 09:29:05,615 - INFO - [BBC] Early skip: URL https://www.bbc.com/news/articles/cn98w93l8plo?at_medium=RSS&at_campaign=rss already exists.
2025-12-26 09:29:05,807 - INFO - [The Guardian] Early skip: URL https://www.theguardian.com/world/2025/dec/25/cape-froward-new-national-park-patagonia-chile already exists.
2025-12-26 09:29:06,059 - INFO - [BBC] Early skip: URL https://www.bbc.com/news/articles/c898zxyznxpo?at_medium=RSS&at_campaign=rss already exists.
2025-12-26 09:29:06,237 - INFO - [The Guardian] Early skip: URL https://www.theguardian.com/world/2025/dec/24/honduras-nasry-tito-asfura-declared-president-donald-trump-backed already exists.
2025-12-26 09:29:06,534 - INFO - [BBC] Early skip: URL https://www.bbc.com/news/articles/c33mx6j5jrvo?at_medium=RSS&at_campaign=rss already exists.
2025-12-26 09:29:06,761 - INFO - [The Guardian] Early skip: URL https://www.theguardian.com/media/2025/dec/23/60-minutes-cecot-appears-online already exists.
2025-12-26 09:29:06,865 - INFO - [BBC] Early skip: URL https://www.bbc.com/news/articles/crk733k1k1eo?at_medium=RSS&at_campaign=rss already exists.
2025-12-26 09:29:07,007 - INFO - [The Guardian] Early skip: URL https://www.theguardian.com/world/2025/dec/23/brazil-jair-bolsonaro-eduardo-havaianas-television-ad-fernanda-torres already exists.
2025-12-26 09:29:07,304 - INFO - [BBC] Early skip: URL https://www.bbc.com/news/articles/c14vdpyj1vjo?at_medium=RSS&at_campaign=rss already exists.
2025-12-26 09:29:07,416 - INFO - [The Guardian] Early skip: URL https://www.theguardian.com/world/2025/dec/26/former-malaysian-pm-najib-razak-found-guilty-of-abuse-of-power-in-latest-1mdb-trial already exists.
2025-12-26 09:29:07,658 - INFO - [BBC] Early skip: URL https://www.bbc.com/news/articles/c5yqe4j15lzo?at_medium=RSS&at_campaign=rss already exists.
2025-12-26 09:29:07,886 - INFO - [The Guardian] Early skip: URL https://www.theguardian.com/world/2025/dec/26/cambodia-accuses-thailand-of-launching-strikes-during-border-peace-talks already exists.
2025-12-26 09:29:08,005 - INFO - [BBC] Early skip: URL https://www.bbc.com/news/articles/czdgz84dn35o?at_medium=RSS&at_campaign=rss already exists.
2025-12-26 09:29:08,071 - INFO - Selenium driver initialized successfully.
2025-12-26 09:29:08,071 - INFO - Starting scrape for The Hindu RSS feed: https://www.thehindu.com/news/national/feeder/default.rss
2025-12-26 09:29:08,072 - INFO - Selenium driver initialized successfully.
2025-12-26 09:29:08,072 - INFO - Starting scrape for Times of India RSS feed: https://timesofindia.indiatimes.com/rssfeeds/296589292.cms
2025-12-26 09:29:08,146 - INFO - [The Guardian] Early skip: URL https://www.theguardian.com/world/2025/dec/26/japan-defence-budget-china already exists.
2025-12-26 09:29:08,263 - INFO - Found 100 articles in The Hindu RSS feed. Processing up to 30.
2025-12-26 09:29:08,276 - INFO - Found 20 articles in Times of India RSS feed. Processing up to 30.
2025-12-26 09:29:08,395 - INFO - [BBC] Early skip: URL https://www.bbc.com/news/articles/cyvgz1jn368o?at_medium=RSS&at_campaign=rss already exists.
2025-12-26 09:29:08,632 - INFO - [The Hindu] Article: https://www.thehindu.com/news/national/bar-council-of-indias-national-conference-and-symposium-on-mediation-in-south-goa-cji-surya-kant/article70439364.ece
2025-12-26 09:29:08,632 - INFO - [The Hindu] Attempt 1/1: Trying with 'selenium_browser' strategy...
2025-12-26 09:29:08,633 - INFO - [Times of India] Article: https://timesofindia.indiatimes.com/world/middle-east/saudi-arabia-man-jumps-off-grand-mosque-in-makkah-in-apparent-suicide-attempt/articleshow/126185716.cms
2025-12-26 09:29:08,633 - INFO - [Times of India] Attempt 1/1: Trying with 'selenium_browser' strategy...
2025-12-26 09:29:08,634 - INFO - [The Guardian] Early skip: URL https://www.theguardian.com/world/2025/dec/26/myanmar-junta-prepares-elections-legitimise-power already exists.
2025-12-26 09:29:08,735 - INFO - [BBC] Early skip: URL https://www.bbc.com/news/articles/c75v0kwy017o?at_medium=RSS&at_campaign=rss already exists.
2025-12-26 09:29:08,962 - INFO - [The Guardian] Early skip: URL https://www.theguardian.com/world/2025/dec/24/thailand-and-cambodia-begin-talks-to-end-deadly-clashes-after-venue-row already exists.
2025-12-26 09:29:09,082 - INFO - [BBC] Early skip: URL https://www.bbc.com/news/articles/cp39kngz008o?at_medium=RSS&at_campaign=rss already exists.
2025-12-26 09:29:09,337 - INFO - [The Guardian] Early skip: URL https://www.theguardian.com/australia-news/2025/dec/26/paddle-boarders-rescued-port-phillip-bay-melbourne already exists.
2025-12-26 09:29:09,454 - INFO - [BBC] Early skip: URL https://www.bbc.com/news/articles/c623rvzjjd2o?at_medium=RSS&at_campaign=rss already exists.
2025-12-26 09:29:09,601 - INFO - [BBC] Early skip: URL https://www.bbc.com/news/articles/cd6x75x4j02o?at_medium=RSS&at_campaign=rss already exists.
2025-12-26 09:29:09,817 - INFO - [The Guardian] Early skip: URL https://www.theguardian.com/australia-news/2025/dec/26/victoria-police-happy-chanukah-car-fire-st-kilda-melbourne-ntwnfb already exists.
2025-12-26 09:29:09,949 - INFO - [BBC] Early skip: URL https://www.bbc.com/news/articles/ce8nep787pyo?at_medium=RSS&at_campaign=rss already exists.
2025-12-26 09:29:10,226 - INFO - [BBC] Early skip: URL https://www.bbc.com/news/articles/c5yj4yvx80do?at_medium=RSS&at_campaign=rss already exists.
2025-12-26 09:29:10,485 - INFO - [BBC] Early skip: URL https://www.bbc.com/news/articles/clyd12d38jgo?at_medium=RSS&at_campaign=rss already exists.
2025-12-26 09:29:10,731 - INFO - [BBC] Early skip: URL https://www.bbc.com/news/articles/cvg1361d32ro?at_medium=RSS&at_campaign=rss already exists.
2025-12-26 09:29:10,982 - INFO - [BBC] Early skip: URL https://www.bbc.com/news/videos/clyx049x0z7o?at_medium=RSS&at_campaign=rss already exists.
2025-12-26 09:29:11,111 - INFO - [BBC] Early skip: URL https://www.bbc.com/news/videos/cqxqvd0z5gno?at_medium=RSS&at_campaign=rss already exists.
2025-12-26 09:29:11,274 - INFO - [BBC] Article: https://www.bbc.com/news/videos/c30j52jrp84o?at_medium=RSS&at_campaign=rss
2025-12-26 09:29:11,274 - INFO - [BBC] Attempt 1/1: Trying with 'requests_browser' strategy...
2025-12-26 09:29:11,276 - INFO - [The Guardian] Early skip: URL https://www.theguardian.com/australia-news/2025/dec/26/homes-threatened-as-bushfire-rages-south-east-of-perth-and-storms-hit-queensland-and-northern-territory already exists.
2025-12-26 09:29:11,502 - INFO - [The Guardian] Early skip: URL https://www.theguardian.com/australia-news/2025/dec/26/man-charged-after-allegedly-performing-nazi-salutes-at-canberra-shopping-centres-ntwnfb already exists.
2025-12-26 09:29:11,700 - WARNING - [BBC] FAILED with 'requests_browser' (content was too short: 84 words).
2025-12-26 09:29:11,700 - ERROR - [BBC] All scrape strategies failed for https://www.bbc.com/news/videos/c30j52jrp84o?at_medium=RSS&at_campaign=rss. Falling back to RSS description.
2025-12-26 09:29:11,701 - WARNING - SKIPPED (GLOBAL WORD LIMIT): Article 'Watch: Moment robbers rip ATM from inside Texas store' from BBC has only 10 words (Min: 90).
2025-12-26 09:29:11,746 - INFO - [The Guardian] Early skip: URL https://www.theguardian.com/australia-news/2025/dec/25/sydney-to-hobart-yacht-race-forecast-to-be-cold-wet-and-bumpy-as-australias-west-faces-cyclone-and-bushfire-threat already exists.
2025-12-26 09:29:11,907 - INFO - [The Guardian] Article: https://www.theguardian.com/world/2025/dec/26/russia-selling-personal-data-leaks-probiv-ukraine-spies
2025-12-26 09:29:11,907 - INFO - [The Guardian] Attempt 1/1: Trying with 'requests_browser' strategy...
2025-12-26 09:29:12,251 - INFO - [The Guardian] Success with 'requests_browser'. Found content (689 words).
2025-12-26 09:29:14,141 - INFO - [The Hindu] Page content loaded.
2025-12-26 09:29:14,370 - INFO - [The Hindu] Success with 'selenium_browser'. Found content (689 words).
2025-12-26 09:30:17,741 - INFO - Saved article: ‘All brakes are off’: Russia’s attempt to rein in illicit market for leaked data backfires | Russia | The Guardian from The Guardian (689 words)
2025-12-26 09:30:17,742 - INFO - [BBC] Article: https://www.bbc.com/news/videos/c8dy3772m1lo?at_medium=RSS&at_campaign=rss
2025-12-26 09:30:17,742 - INFO - [BBC] Attempt 1/1: Trying with 'requests_browser' strategy...
2025-12-26 09:30:18,015 - WARNING - [BBC] FAILED with 'requests_browser' (content was too short: 59 words).
2025-12-26 09:30:18,015 - ERROR - [BBC] All scrape strategies failed for https://www.bbc.com/news/videos/c8dy3772m1lo?at_medium=RSS&at_campaign=rss. Falling back to RSS description.
2025-12-26 09:30:18,015 - WARNING - SKIPPED (GLOBAL WORD LIMIT): Article 'Ho Ho No! Santa pulled over for speeding in Ohio  ' from BBC has only 20 words (Min: 90).
2025-12-26 09:31:07,524 - INFO - Saved article: CJI Surya Kant pitches for ‘multi-door courthouse’ for comprehensive dispute resolution - The Hindu from The Hindu (689 words)
2025-12-26 09:31:07,524 - INFO - [The Guardian] Early skip: URL https://www.theguardian.com/us-news/2025/dec/26/brown-shooting-suspect-gruelling-academic-climate-claudio-valente-mental-toll-ex-classmates already exists.
2025-12-26 09:31:07,651 - INFO - [BBC] Article: https://www.bbc.com/news/videos/clydk6vd4rzo?at_medium=RSS&at_campaign=rss
2025-12-26 09:31:07,651 - INFO - [BBC] Attempt 1/1: Trying with 'requests_browser' strategy...
2025-12-26 09:31:07,652 - INFO - [The Guardian] Early skip: URL https://www.theguardian.com/world/2025/dec/26/older-swedes-reap-benefits-late-life-education already exists.
2025-12-26 09:31:07,709 - WARNING - [BBC] FAILED with 'requests_browser' (content was too short: 73 words).
2025-12-26 09:31:07,709 - ERROR - [BBC] All scrape strategies failed for https://www.bbc.com/news/videos/clydk6vd4rzo?at_medium=RSS&at_campaign=rss. Falling back to RSS description.
2025-12-26 09:31:07,709 - WARNING - SKIPPED (GLOBAL WORD LIMIT): Article 'Watch: Huge fireball as tanker explodes on Italian motorway' from BBC has only 21 words (Min: 90).
2025-12-26 09:31:07,889 - INFO - [The Guardian] Early skip: URL https://www.theguardian.com/world/2025/dec/25/sergei-udaltsov-terrorism already exists.
2025-12-26 09:31:08,057 - INFO - [The Guardian] Early skip: URL https://www.theguardian.com/society/2025/dec/25/blood-test-predict-risk-inherited-heart-condition-hypertrophic-cardiomyopathy already exists.
2025-12-26 09:31:08,336 - INFO - [The Guardian] Early skip: URL https://www.theguardian.com/world/2025/dec/24/israel-condemned-approval-19-settlements-occupied-west-bank already exists.
2025-12-26 09:31:08,527 - INFO - [BBC] Early skip: URL https://www.bbc.com/news/videos/c0edjv3jr3po?at_medium=RSS&at_campaign=rss already exists.
2025-12-26 09:31:08,733 - ERROR - [Times of India] Request failed for strategy 'selenium_browser' on URL https://timesofindia.indiatimes.com/world/middle-east/saudi-arabia-man-jumps-off-grand-mosque-in-makkah-in-apparent-suicide-attempt/articleshow/126185716.cms: HTTPConnectionPool(host='localhost', port=34931): Read timed out. (read timeout=120)
2025-12-26 09:31:08,733 - ERROR - [Times of India] All scrape strategies failed for https://timesofindia.indiatimes.com/world/middle-east/saudi-arabia-man-jumps-off-grand-mosque-in-makkah-in-apparent-suicide-attempt/articleshow/126185716.cms. Falling back to RSS description.
2025-12-26 09:31:08,733 - WARNING - SKIPPED (GLOBAL WORD LIMIT): Article 'Saudi Arabia: Man jumps off Grand Mosque in Makkah in apparent suicide attempt' from Times of India has only 58 words (Min: 90).
2025-12-26 09:31:08,827 - INFO - [The Guardian] Early skip: URL https://www.theguardian.com/world/2025/dec/24/israel-strikes-southern-lebanon-as-deadline-to-disarm-hezbollah-nears already exists.
2025-12-26 09:31:09,023 - INFO - [The Hindu] Article: https://www.thehindu.com/news/national/uttar-pradesh/sambhal-court-directs-fir-against-13-cops-for-fake-encounter-police-say-will-challenge-order/article70439354.ece
2025-12-26 09:31:09,023 - INFO - [The Hindu] Attempt 1/1: Trying with 'selenium_browser' strategy...
2025-12-26 09:31:09,023 - INFO - [The Guardian] Early skip: URL https://www.theguardian.com/uk-news/2025/dec/22/families-of-palestine-action-hunger-strikers-seek-urgent-meeting-with-lammy already exists.
2025-12-26 09:31:09,150 - INFO - [The Guardian] Early skip: URL https://www.theguardian.com/world/2025/dec/21/israel-approves-new-jewish-settlements-occupied-west-bank already exists.
2025-12-26 09:31:09,435 - INFO - [The Guardian] Early skip: URL https://www.theguardian.com/world/2025/dec/20/israeli-troops-kill-palestinians-sheltering-in-gaza-school-hospital-chiefs already exists.
2025-12-26 09:31:09,655 - INFO - [Times of India] Article: https://timesofindia.indiatimes.com/world/us/merry-christmas-to-all-us-releases-footage-of-strikes-against-isis-in-nigeria-watch/articleshow/126181153.cms
2025-12-26 09:31:09,655 - INFO - [Times of India] Attempt 1/1: Trying with 'selenium_browser' strategy...
2025-12-26 09:31:11,254 - INFO - [The Hindu] Page content loaded.
2025-12-26 09:31:11,470 - INFO - [The Hindu] Success with 'selenium_browser'. Found content (396 words).
2025-12-26 09:32:02,532 - INFO - Saved article: Sambhal court directs FIR against 13 cops for fake encounter; police say 'will challenge order' - The Hindu from The Hindu (396 words)
2025-12-26 09:32:03,621 - INFO - [The Hindu] Article: https://www.thehindu.com/news/national/tripura/tripura-assembly-speaker-biswa-bandhu-sen-dies-at-72/article70439331.ece
2025-12-26 09:32:03,621 - INFO - [The Hindu] Attempt 1/1: Trying with 'selenium_browser' strategy...
2025-12-26 09:32:04,816 - INFO - [The Hindu] Page content loaded.
2025-12-26 09:32:04,918 - INFO - [The Hindu] Success with 'selenium_browser'. Found content (251 words).
2025-12-26 09:32:54,184 - INFO - Saved article: Tripura Assembly Speaker Biswa Bandhu Sen dies at 72 - The Hindu from The Hindu (251 words)
2025-12-26 09:32:55,634 - INFO - [The Hindu] Article: https://www.thehindu.com/news/cities/Hyderabad/12-new-ghmc-zonal-commissioners-take-charge/article70439320.ece
2025-12-26 09:32:55,634 - INFO - [The Hindu] Attempt 1/1: Trying with 'selenium_browser' strategy...
2025-12-26 09:32:57,022 - INFO - [The Hindu] Page content loaded.
2025-12-26 09:32:57,092 - INFO - [The Hindu] Success with 'selenium_browser'. Found content (422 words).
2025-12-26 09:33:09,756 - ERROR - [Times of India] Request failed for strategy 'selenium_browser' on URL https://timesofindia.indiatimes.com/world/us/merry-christmas-to-all-us-releases-footage-of-strikes-against-isis-in-nigeria-watch/articleshow/126181153.cms: HTTPConnectionPool(host='localhost', port=34931): Read timed out. (read timeout=120)
2025-12-26 09:33:09,756 - ERROR - [Times of India] All scrape strategies failed for https://timesofindia.indiatimes.com/world/us/merry-christmas-to-all-us-releases-footage-of-strikes-against-isis-in-nigeria-watch/articleshow/126181153.cms. Falling back to RSS description.
2025-12-26 09:33:09,756 - WARNING - SKIPPED (GLOBAL WORD LIMIT): Article ''Merry Christmas to all': US releases footage of strikes against ISIS in Nigeria — watch' from Times of India has only 42 words (Min: 90).
2025-12-26 09:33:44,194 - INFO - DEDUPLICATION: Found match (Score: 0.79). Linking to Cluster ID: a2e33eac-2e30-4499-ab02-acf90916bc9c
2025-12-26 09:33:44,198 - INFO - Saved article: 12 new GHMC Zonal Commissioners take charge - The Hindu from The Hindu (422 words)
2025-12-26 09:33:44,198 - INFO - [Times of India] Early skip: URL https://timesofindia.indiatimes.com/world/middle-east/saudi-halal-centre-unveils-new-halal-mark-with-esg-standards/articleshow/126184489.cms already exists.
2025-12-26 09:33:44,490 - INFO - [Times of India] Early skip: URL https://timesofindia.indiatimes.com/world/middle-east/saudi-arabia-introduces-new-white-land-rules-imposes-fines-up-to-100-on-undeveloped-plots/articleshow/126184174.cms already exists.
2025-12-26 09:33:44,679 - INFO - [Times of India] Early skip: URL https://timesofindia.indiatimes.com/world/middle-east/uae-sharjah-grants-government-employee-status-to-imams-and-muezzins-across-all-mosques/articleshow/126183032.cms already exists.
2025-12-26 09:33:44,796 - INFO - [Times of India] Early skip: URL https://timesofindia.indiatimes.com/world/us/enjoy-what-may-be-your-last-trumps-christmas-message-for-sleazebags-who-loved-jeffrey-epstein-warning-shot-fired/articleshow/126181193.cms already exists.
2025-12-26 09:33:45,048 - INFO - [Times of India] Early skip: URL https://timesofindia.indiatimes.com/world/us-streamers/viral-video-shows-clavicular-and-n3on-attacked-with-red-liquid-as-past-crash-livestream-resurfaces-amid-ongoing-kick-ban/articleshow/126179032.cms already exists.
2025-12-26 09:33:45,242 - INFO - [The Hindu] Early skip: URL https://www.thehindu.com/news/cities/kozhikode/attack-on-gatekeeper-thikkodi-native-nabbed/article70439123.ece already exists.
2025-12-26 09:33:45,535 - INFO - [Times of India] Early skip: URL https://timesofindia.indiatimes.com/world/us-streamers/adin-ross-confirms-person-allegedly-hit-by-claviculars-tesla-cybertruck-is-alive/articleshow/126178855.cms already exists.
2025-12-26 09:33:45,713 - INFO - [The Hindu] Early skip: URL https://www.thehindu.com/news/national/congress-pays-tribute-to-former-pm-manmohan-singh-on-death-anniversary/article70439206.ece already exists.
2025-12-26 09:33:45,837 - INFO - [Times of India] Early skip: URL https://timesofindia.indiatimes.com/world/us-streamers/clavicular-breaks-silence-with-self-defense-claim-following-disturbing-cybertruck-livestream-moment/articleshow/126180932.cms already exists.
2025-12-26 09:33:46,106 - INFO - [The Hindu] Early skip: URL https://www.thehindu.com/news/national/kerala/congress-councillor-alleges-mayoral-post-sold-for-cash-in-thrissur/article70439023.ece already exists.
2025-12-26 09:33:46,244 - INFO - [Times of India] Early skip: URL https://timesofindia.indiatimes.com/world/us-streamers/mrbeast-net-worth-in-2025-youtube-earnings-endorsements-business-empire-investments-and-more/articleshow/126180719.cms already exists.
2025-12-26 09:33:46,506 - INFO - [The Hindu] Early skip: URL https://www.thehindu.com/news/national/telangana/gloom-pervades-kagaznagar-as-four-local-residents-killed-in-maharashtra-road-accident/article70437511.ece already exists.
2025-12-26 09:33:46,621 - INFO - [Times of India] Early skip: URL https://timesofindia.indiatimes.com/world/us-streamers/kick-bans-streamer-braden-clavicular-after-shocking-tesla-cybertruck-incident-caught-on-live-stream-where-he-allegedly-killed-a-man/articleshow/126174535.cms already exists.
2025-12-26 09:33:46,794 - INFO - [The Hindu] Early skip: URL https://www.thehindu.com/news/national/karnataka/foundation-stone-laid-for-museum-dedicated-to-former-karnataka-cm-n-dharam-singh/article70438986.ece already exists.
2025-12-26 09:33:46,940 - INFO - [Times of India] Article: https://timesofindia.indiatimes.com/world/us-streamers/absent-of-any-logic-candace-owens-takes-aim-at-erika-kirk-accusing-her-of-misplaced-priorities-and-weak-leadership/articleshow/126180755.cms
2025-12-26 09:33:46,940 - INFO - [Times of India] Attempt 1/1: Trying with 'selenium_browser' strategy...
2025-12-26 09:33:46,941 - INFO - [The Hindu] Early skip: URL https://www.thehindu.com/news/national/kerala/theft-at-sabarimala-sannidhanam-one-arrested/article70436825.ece already exists.
2025-12-26 09:33:47,086 - INFO - [The Hindu] Early skip: URL https://www.thehindu.com/news/national/telangana/telangana-hc-sets-aside-karimnagar-collectors-order-over-kothapally-lands/article70437564.ece already exists.
2025-12-26 09:33:47,276 - INFO - [The Hindu] Early skip: URL https://www.thehindu.com/news/national/karnataka/bjp-stages-protest-against-hate-speech-bill-in-kalaburagi/article70438989.ece already exists.
2025-12-26 09:33:47,434 - INFO - [The Hindu] Article: https://www.thehindu.com/news/national/west-bengal/two-bjp-workers-killed-in-north-bengal-six-people-arrested-including-trinamool-boothpresident/article70439020.ece
2025-12-26 09:33:47,434 - INFO - [The Hindu] Attempt 1/1: Trying with 'selenium_browser' strategy...
2025-12-26 09:33:49,037 - INFO - [The Hindu] Page content loaded.
2025-12-26 09:33:49,127 - INFO - [The Hindu] Success with 'selenium_browser'. Found content (287 words).
2025-12-26 09:34:02,907 - CRITICAL - --- TIMEOUT: 2 scrape jobs did not complete in 300s. ---
2025-12-26 09:34:02,908 - ERROR - A thread has timed out and will be abandoned.
2025-12-26 09:34:02,908 - ERROR - A thread has timed out and will be abandoned.
2025-12-26 09:34:02,908 - INFO - Shutting down thread pool (wait=False)...
2025-12-26 09:34:02,908 - INFO - Scraped: 1 The Guardian, 0 BBC, 2 Timed_Out_Jobs articles. (Total saved: 1)
2025-12-26 09:34:02,908 - INFO - --- Scraping job finished ---
2025-12-26 09:34:02,908 - INFO - --- Scraper service stopped and database connection closed. ---
2025-12-26 09:34:02,911 - INFO - --- Main thread finished. Forcing process exit to kill zombie threads. ---
