2026-01-11 20:48:06,181 - INFO - Loading AI Semantic Model (all-MiniLM-L6-v2)...
2026-01-11 20:48:06,181 - INFO - Use pytorch device_name: cpu
2026-01-11 20:48:06,181 - INFO - Load pretrained SentenceTransformer: all-MiniLM-L6-v2
2026-01-11 20:48:06,717 - INFO - AI Model loaded successfully.
2026-01-11 20:48:06,717 - INFO - --- Scraper service started (CI Mode: Run Once) ---
2026-01-11 20:48:06,717 - INFO - --- Starting new scraping job (Parallel Mode) ---
2026-01-11 20:48:06,717 - INFO - Creating new robust session with 3 retries on 5xx/connection/read errors.
2026-01-11 20:48:06,717 - INFO - Proxy is DISABLED.
2026-01-11 20:48:06,718 - INFO - Starting scrape for BBC RSS feed: http://feeds.bbci.co.uk/news/world/rss.xml
2026-01-11 20:48:06,719 - INFO - [Times of India] (Thread) requires Selenium. Initializing driver...
2026-01-11 20:48:06,719 - INFO - Starting scrape for The Guardian RSS feed: https://www.theguardian.com/world/rss
2026-01-11 20:48:06,720 - INFO - [The Hindu] (Thread) requires Selenium. Initializing driver...
2026-01-11 20:48:06,720 - INFO - Submitted 4 jobs to thread pool. Waiting up to 300s for completion...
2026-01-11 20:48:06,867 - INFO - Found 45 articles in The Guardian RSS feed. Processing up to 30.
2026-01-11 20:48:06,867 - INFO - [The Guardian] Early skip: URL https://www.theguardian.com/global-development/2026/jan/09/the-gambia-female-genital-mutilation-fgm-supreme-court-case-overturn-ban already exists.
2026-01-11 20:48:07,113 - INFO - [The Guardian] Early skip: URL https://www.theguardian.com/world/2026/jan/08/questions-targeting-impact-us-airstrikes-in-nigeria already exists.
2026-01-11 20:48:07,161 - INFO - Found 27 articles in BBC RSS feed. Processing up to 30.
2026-01-11 20:48:07,249 - INFO - [BBC] Early skip: URL https://www.bbc.com/news/articles/cm2jek15m8no?at_medium=RSS&at_campaign=rss already exists.
2026-01-11 20:48:07,443 - INFO - [The Guardian] Early skip: URL https://www.theguardian.com/world/2026/jan/02/anthony-joshuas-driver-charged-with-dangerous-driving-after-fatal-crash-in-nigeria already exists.
2026-01-11 20:48:07,625 - INFO - [BBC] Early skip: URL https://www.bbc.com/news/articles/cx2kv2gn62vo?at_medium=RSS&at_campaign=rss already exists.
2026-01-11 20:48:07,783 - INFO - [The Guardian] Early skip: URL https://www.theguardian.com/science/2026/jan/01/cremation-pyre-in-africa-thought-to-be-worlds-oldest-containing-adult-remains already exists.
2026-01-11 20:48:08,021 - INFO - [BBC] Early skip: URL https://www.bbc.com/news/articles/cvgpnwnqygro?at_medium=RSS&at_campaign=rss already exists.
2026-01-11 20:48:08,276 - INFO - [The Guardian] Early skip: URL https://www.theguardian.com/global-development/2026/jan/01/us-aid-cuts-conditions-un-humanitarian-pledge-ocha already exists.
2026-01-11 20:48:08,571 - INFO - [BBC] Early skip: URL https://www.bbc.com/news/articles/cly95x9qe4ko?at_medium=RSS&at_campaign=rss already exists.
2026-01-11 20:48:08,860 - INFO - [The Guardian] Early skip: URL https://www.theguardian.com/us-news/2026/jan/11/trump-tells-cuba-to-make-a-deal-or-face-the-consequences already exists.
2026-01-11 20:48:09,141 - INFO - [BBC] Early skip: URL https://www.bbc.com/news/articles/c75xdg2p36lo?at_medium=RSS&at_campaign=rss already exists.
2026-01-11 20:48:09,366 - INFO - [The Guardian] Early skip: URL https://www.theguardian.com/us-news/2026/jan/11/ice-death-costa-rica-randall-gamboa-esquivel already exists.
2026-01-11 20:48:09,466 - INFO - [BBC] Early skip: URL https://www.bbc.com/news/articles/c4gr7nlx421o?at_medium=RSS&at_campaign=rss already exists.
2026-01-11 20:48:09,740 - INFO - [The Guardian] Early skip: URL https://www.theguardian.com/us-news/2026/jan/10/us-citizens-venezuela-paramilitaries already exists.
2026-01-11 20:48:10,007 - INFO - [BBC] Early skip: URL https://www.bbc.com/news/articles/ckgn5g90lggo?at_medium=RSS&at_campaign=rss already exists.
2026-01-11 20:48:10,253 - INFO - [The Guardian] Early skip: URL https://www.theguardian.com/world/2026/jan/10/nicaraguan-authorities-arrests-dozens-for-reportedly-supporting-maduro-capture already exists.
2026-01-11 20:48:10,401 - INFO - [BBC] Early skip: URL https://www.bbc.com/news/articles/cly9597r4qpo?at_medium=RSS&at_campaign=rss already exists.
2026-01-11 20:48:10,690 - INFO - [The Guardian] Early skip: URL https://www.theguardian.com/news/ng-interactive/2026/jan/10/trump-territorial-ambition-imperialism already exists.
2026-01-11 20:48:10,920 - INFO - [BBC] Early skip: URL https://www.bbc.com/news/articles/cx2p84xleg2o?at_medium=RSS&at_campaign=rss already exists.
2026-01-11 20:48:11,121 - INFO - [The Guardian] Early skip: URL https://www.theguardian.com/world/2026/jan/11/underground-church-early-rain-leaders-detained-china-crackdown already exists.
2026-01-11 20:48:11,393 - INFO - [BBC] Early skip: URL https://www.bbc.com/news/articles/c0lx09e618yo?at_medium=RSS&at_campaign=rss already exists.
2026-01-11 20:48:11,589 - INFO - [The Guardian] Early skip: URL https://www.theguardian.com/world/2026/jan/10/indonesia-blocks-musks-grok-chatbot-due-to-risk-of-pornographic-content already exists.
2026-01-11 20:48:11,772 - INFO - [BBC] Early skip: URL https://www.bbc.com/news/articles/cly95lpwl1ro?at_medium=RSS&at_campaign=rss already exists.
2026-01-11 20:48:11,941 - INFO - [The Guardian] Early skip: URL https://www.theguardian.com/world/2026/jan/08/alleged-scam-kingpin-chen-zhi-extradited-china-cambodia-arrest already exists.
2026-01-11 20:48:12,102 - INFO - [BBC] Early skip: URL https://www.bbc.com/news/articles/cn42jqlqy4xo?at_medium=RSS&at_campaign=rss already exists.
2026-01-11 20:48:12,216 - INFO - [The Guardian] Early skip: URL https://www.theguardian.com/world/2026/jan/06/papua-new-guinea-internet-starlink-shut-down already exists.
2026-01-11 20:48:12,387 - INFO - [BBC] Early skip: URL https://www.bbc.com/news/articles/ce3kqzepp5zo?at_medium=RSS&at_campaign=rss already exists.
2026-01-11 20:48:12,534 - INFO - [The Guardian] Early skip: URL https://www.theguardian.com/world/2026/jan/06/what-us-action-in-venezuela-means-for-taiwan already exists.
2026-01-11 20:48:12,757 - INFO - [BBC] Early skip: URL https://www.bbc.com/news/articles/c8d04zp8m26o?at_medium=RSS&at_campaign=rss already exists.
2026-01-11 20:48:12,923 - INFO - [The Guardian] Early skip: URL https://www.theguardian.com/australia-news/live/2026/jan/12/victoria-bushfires-adelaide-festival-writers-week-board-chair-resigns-anthony-albanese-labor-sussan-ley-coalition-ntwnfb already exists.
2026-01-11 20:48:13,046 - INFO - [BBC] Early skip: URL https://www.bbc.com/news/articles/c1dz0dz0zkvo?at_medium=RSS&at_campaign=rss already exists.
2026-01-11 20:48:13,303 - INFO - [The Guardian] Early skip: URL https://www.theguardian.com/culture/2026/jan/11/three-board-members-resign-from-adelaide-festival-as-randa-abdel-fattah-sends-legal-notice-ntwnfb already exists.
2026-01-11 20:48:13,489 - INFO - [BBC] Early skip: URL https://www.bbc.com/news/articles/c623r47d67lo?at_medium=RSS&at_campaign=rss already exists.
2026-01-11 20:48:13,648 - INFO - [The Guardian] Early skip: URL https://www.theguardian.com/australia-news/2026/jan/12/almost-twice-as-many-australian-gp-clinics-bulk-billing-since-medicare-incentive-changes-analysis-suggests already exists.
2026-01-11 20:48:13,901 - INFO - [BBC] Early skip: URL https://www.bbc.com/news/articles/cz7ndzw28v4o?at_medium=RSS&at_campaign=rss already exists.
2026-01-11 20:48:14,186 - INFO - [The Guardian] Early skip: URL https://www.theguardian.com/australia-news/2026/jan/11/weve-got-your-back-australian-pm-visits-bushfire-ravaged-towns-as-300-structures-destroyed-and-350000-hectares-burned already exists.
2026-01-11 20:48:14,376 - INFO - [BBC] Early skip: URL https://www.bbc.com/news/articles/cj9rengvnp9o?at_medium=RSS&at_campaign=rss already exists.
2026-01-11 20:48:14,674 - INFO - [The Guardian] Early skip: URL https://www.theguardian.com/culture/2026/jan/11/adelaide-festival-did-not-not-dump-jewish-columnist-from-2024-program-despite-request-from-randa-abdel-fattah-and-others already exists.
2026-01-11 20:48:14,878 - INFO - [BBC] Early skip: URL https://www.bbc.com/news/articles/cz0pr807yz7o?at_medium=RSS&at_campaign=rss already exists.
2026-01-11 20:48:14,999 - INFO - [The Guardian] Early skip: URL https://www.theguardian.com/sport/2026/jan/11/avalanche-kills-british-skier-in-la-plagne-in-the-french-alps already exists.
2026-01-11 20:48:15,035 - INFO - Selenium driver initialized successfully.
2026-01-11 20:48:15,035 - INFO - Starting scrape for The Hindu RSS feed: https://www.thehindu.com/news/national/feeder/default.rss
2026-01-11 20:48:15,036 - INFO - Selenium driver initialized successfully.
2026-01-11 20:48:15,036 - INFO - Starting scrape for Times of India RSS feed: https://timesofindia.indiatimes.com/rssfeeds/296589292.cms
2026-01-11 20:48:15,159 - INFO - Found 100 articles in The Hindu RSS feed. Processing up to 30.
2026-01-11 20:48:15,159 - INFO - [BBC] Early skip: URL https://www.bbc.com/news/articles/c338d55p0k6o?at_medium=RSS&at_campaign=rss already exists.
2026-01-11 20:48:15,318 - INFO - Found 20 articles in Times of India RSS feed. Processing up to 30.
2026-01-11 20:48:15,380 - INFO - [The Hindu] Early skip: URL https://www.thehindu.com/news/national/kerala/parties-ask-candidates-tosubmit-election-expenses/article70495198.ece already exists.
2026-01-11 20:48:15,580 - INFO - [The Guardian] Early skip: URL https://www.theguardian.com/business/2026/jan/11/3000-jobs-at-risk-unless-mod-signs-helicopter-order-sources-say already exists.
2026-01-11 20:48:15,729 - INFO - [Times of India] Article: https://timesofindia.indiatimes.com/world/us/i-love-criminals-i-love-immigrants-swedish-singer-zara-larsson-slams-ice-explains-why-partner-is-barred-from-us/articleshow/126470867.cms
2026-01-11 20:48:15,729 - INFO - [Times of India] Attempt 1/1: Trying with 'selenium_browser' strategy...
2026-01-11 20:48:15,730 - INFO - [BBC] Early skip: URL https://www.bbc.com/news/articles/c1dz0dz0zkvo?at_medium=RSS&at_campaign=rss already exists.
2026-01-11 20:48:15,920 - INFO - [The Hindu] Early skip: URL https://www.thehindu.com/news/national/telangana/cm-betraying-people-with-honesty-as-hes-not-spared-any-section-ktr/article70498461.ece already exists.
2026-01-11 20:48:16,086 - INFO - [The Guardian] Early skip: URL https://www.theguardian.com/us-news/2026/jan/11/germany-rejects-rfk-jr-claims-about-covid-vaccine-exemption-prosecutions already exists.
2026-01-11 20:48:16,224 - INFO - [BBC] Early skip: URL https://www.bbc.com/news/videos/c78veq59823o?at_medium=RSS&at_campaign=rss already exists.
2026-01-11 20:48:16,505 - INFO - [The Hindu] Early skip: URL https://www.thehindu.com/news/cities/Delhi/ayushmanbharat-ceos-order-for-live-feed-breach-of-patient-privacy-haryanaima/article70498387.ece already exists.
2026-01-11 20:48:16,708 - INFO - [The Guardian] Early skip: URL https://www.theguardian.com/world/2026/jan/11/denmark-fateful-moment-donald-trump-threats-greenland-mette-frederiksen already exists.
2026-01-11 20:48:16,822 - INFO - [BBC] Article: https://www.bbc.com/news/videos/c78e9vmn7dgo?at_medium=RSS&at_campaign=rss
2026-01-11 20:48:16,822 - INFO - [BBC] Attempt 1/1: Trying with 'requests_browser' strategy...
2026-01-11 20:48:16,823 - INFO - [The Hindu] Early skip: URL https://www.thehindu.com/news/national/tamil-nadu/curb-sale-of-ganja-with-an-iron-fist-dhinakaran-tells-tn-govt/article70497564.ece already exists.
2026-01-11 20:48:17,008 - INFO - [The Guardian] Early skip: URL https://www.theguardian.com/sport/2026/jan/11/guard-winter-olympic-construction-site-freezing-death already exists.
2026-01-11 20:48:17,168 - INFO - [The Hindu] Early skip: URL https://www.thehindu.com/news/national/tamil-nadu/extend-benefits-of-taps-to-panchayat-secretaries-vasan/article70497541.ece already exists.
2026-01-11 20:48:17,211 - WARNING - [BBC] FAILED with 'requests_browser' (content was too short: 77 words).
2026-01-11 20:48:17,211 - ERROR - [BBC] All scrape strategies failed for https://www.bbc.com/news/videos/c78e9vmn7dgo?at_medium=RSS&at_campaign=rss. Falling back to RSS description.
2026-01-11 20:48:17,211 - WARNING - SKIPPED (GLOBAL WORD LIMIT): Article 'Watch: Buildings in Tehran set on fire as demonstrations spread across Iran' from BBC has only 15 words (Min: 90).
2026-01-11 20:48:17,363 - INFO - [The Guardian] Early skip: URL https://www.theguardian.com/world/2026/jan/11/iran-protests-gather-momentum-demonstrators-protest-movement already exists.
2026-01-11 20:48:17,601 - INFO - [The Hindu] Early skip: URL https://www.thehindu.com/news/national/tamil-nadu/ramadoss-urges-ec-to-take-action-against-anbumani/article70498051.ece already exists.
2026-01-11 20:48:17,755 - INFO - [The Guardian] Article: https://www.theguardian.com/world/2026/jan/11/trump-wants-to-help-iranian-protesters-but-his-advice-is-conflicted
2026-01-11 20:48:17,755 - INFO - [The Guardian] Attempt 1/1: Trying with 'requests_browser' strategy...
2026-01-11 20:48:17,757 - INFO - [The Hindu] Early skip: URL https://www.thehindu.com/news/national/tamil-nadu/need-at-least-dmks-verbal-assurance-on-share-in-power/article70498467.ece already exists.
2026-01-11 20:48:17,803 - INFO - [The Guardian] Success with 'requests_browser'. Found content (986 words).
2026-01-11 20:48:17,986 - INFO - [The Hindu] Article: https://www.thehindu.com/news/national/tamil-nadu/deputy-cm-stresses-diasporas-role-in-tns-economic-growth/article70497397.ece
2026-01-11 20:48:17,986 - INFO - [The Hindu] Attempt 1/1: Trying with 'selenium_browser' strategy...
2026-01-11 20:48:24,039 - INFO - [The Hindu] Page content loaded.
2026-01-11 20:48:26,219 - INFO - [The Hindu] Success with 'selenium_browser'. Found content (394 words).
2026-01-11 20:49:26,365 - INFO - DEDUPLICATION: Found match (Score: 0.72). Linking to Cluster ID: 36df5af5-ce04-4aae-b52a-2db24af3144a
2026-01-11 20:49:26,368 - INFO - Saved article: Unpredictable Trump weighs up Iranian pleas for help against calls for restraint | Iran | The Guardian from The Guardian (986 words)
2026-01-11 20:49:26,368 - INFO - [BBC] Article: https://www.bbc.com/news/videos/c394vjengdgo?at_medium=RSS&at_campaign=rss
2026-01-11 20:49:26,371 - INFO - [BBC] Attempt 1/1: Trying with 'requests_browser' strategy...
2026-01-11 20:49:26,648 - WARNING - [BBC] FAILED with 'requests_browser' (content was too short: 44 words).
2026-01-11 20:49:26,648 - ERROR - [BBC] All scrape strategies failed for https://www.bbc.com/news/videos/c394vjengdgo?at_medium=RSS&at_campaign=rss. Falling back to RSS description.
2026-01-11 20:49:26,649 - WARNING - SKIPPED (GLOBAL WORD LIMIT): Article 'Watch: Eyewitnesses recount deadly ICE shooting' from BBC has only 15 words (Min: 90).
2026-01-11 20:50:15,830 - ERROR - [Times of India] Request failed for strategy 'selenium_browser' on URL https://timesofindia.indiatimes.com/world/us/i-love-criminals-i-love-immigrants-swedish-singer-zara-larsson-slams-ice-explains-why-partner-is-barred-from-us/articleshow/126470867.cms: HTTPConnectionPool(host='localhost', port=56311): Read timed out. (read timeout=120)
2026-01-11 20:50:15,830 - ERROR - [Times of India] All scrape strategies failed for https://timesofindia.indiatimes.com/world/us/i-love-criminals-i-love-immigrants-swedish-singer-zara-larsson-slams-ice-explains-why-partner-is-barred-from-us/articleshow/126470867.cms. Falling back to RSS description.
2026-01-11 20:50:15,830 - WARNING - SKIPPED (GLOBAL WORD LIMIT): Article '‘I love immigrants’: Swedish singer slams ICE, explains why partner is barred from US' from Times of India has only 3 words (Min: 90).
2026-01-11 20:50:16,125 - INFO - Saved article: Deputy CM stresses diaspora’s role in T.N.’s economic growth - The Hindu from The Hindu (394 words)
2026-01-11 20:50:16,126 - INFO - [The Guardian] Early skip: URL https://www.theguardian.com/world/2026/jan/11/iran-arrests-protest-leaders-as-crackdown-intensifies-amid-threat-of-us-intervention already exists.
2026-01-11 20:50:16,383 - INFO - [The Guardian] Early skip: URL https://www.theguardian.com/world/2026/jan/11/syrian-forces-expel-kurdish-fighters-as-us-strikes-islamic-state-targets already exists.
2026-01-11 20:50:16,528 - INFO - [BBC] Article: https://www.bbc.com/news/videos/cx2ypz4zjvxo?at_medium=RSS&at_campaign=rss
2026-01-11 20:50:16,528 - INFO - [BBC] Attempt 1/1: Trying with 'requests_browser' strategy...
2026-01-11 20:50:16,529 - INFO - [The Guardian] Early skip: URL https://www.theguardian.com/global-development/2026/jan/10/iran-protesters-tell-of-brutal-police-response-deaths-and-forced-confessions already exists.
2026-01-11 20:50:16,592 - WARNING - [BBC] FAILED with 'requests_browser' (content was too short: 79 words).
2026-01-11 20:50:16,592 - ERROR - [BBC] All scrape strategies failed for https://www.bbc.com/news/videos/cx2ypz4zjvxo?at_medium=RSS&at_campaign=rss. Falling back to RSS description.
2026-01-11 20:50:16,592 - WARNING - SKIPPED (GLOBAL WORD LIMIT): Article 'Video shows moment US immigration agent fatally shoots woman' from BBC has only 20 words (Min: 90).
2026-01-11 20:50:16,782 - INFO - [Times of India] Article: https://timesofindia.indiatimes.com/world/us/elon-musks-alleged-ex-speaks-on-h-1b-her-sons-sister-as-people-call-her-irrelavant/articleshow/126470820.cms
2026-01-11 20:50:16,782 - INFO - [Times of India] Attempt 1/1: Trying with 'selenium_browser' strategy...
2026-01-11 20:50:17,175 - INFO - [The Hindu] Article: https://www.thehindu.com/news/national/tamil-nadu/nlcil-wins-skoch-gold-award-for-financial-performance/article70497284.ece
2026-01-11 20:50:17,176 - INFO - [The Hindu] Attempt 1/1: Trying with 'selenium_browser' strategy...
2026-01-11 20:50:17,708 - INFO - [BBC] Article: https://www.bbc.com/news/videos/cx2gm7109rwo?at_medium=RSS&at_campaign=rss
2026-01-11 20:50:17,708 - INFO - [BBC] Attempt 1/1: Trying with 'requests_browser' strategy...
2026-01-11 20:50:17,896 - WARNING - [BBC] FAILED with 'requests_browser' (content was too short: 40 words).
2026-01-11 20:50:17,896 - ERROR - [BBC] All scrape strategies failed for https://www.bbc.com/news/videos/cx2gm7109rwo?at_medium=RSS&at_campaign=rss. Falling back to RSS description.
2026-01-11 20:50:17,896 - WARNING - SKIPPED (GLOBAL WORD LIMIT): Article 'Tracking the oil tankers seized by the US' from BBC has only 31 words (Min: 90).
2026-01-11 20:50:19,205 - INFO - [BBC] Early skip: URL https://www.bbc.com/news/videos/c1jegxw1rxwo?at_medium=RSS&at_campaign=rss already exists.
2026-01-11 20:50:19,958 - INFO - [The Hindu] Page content loaded.
2026-01-11 20:50:20,529 - WARNING - [The Hindu] FAILED with 'selenium_browser' (content was too short: 80 words).
2026-01-11 20:50:20,529 - ERROR - [The Hindu] All scrape strategies failed for https://www.thehindu.com/news/national/tamil-nadu/nlcil-wins-skoch-gold-award-for-financial-performance/article70497284.ece. Falling back to RSS description.
2026-01-11 20:50:20,529 - WARNING - SKIPPED (GLOBAL WORD LIMIT): Article 'NLCIL wins SKOCH Gold award for financial performance' from The Hindu has only 3 words (Min: 90).
2026-01-11 20:50:21,307 - INFO - [The Hindu] Early skip: URL https://www.thehindu.com/news/national/tamil-nadu/case-booked-against-father-after-minor-son-riding-two-wheeler-hits-pedestrian/article70497553.ece already exists.
2026-01-11 20:50:21,516 - INFO - [The Hindu] Early skip: URL https://www.thehindu.com/news/cities/chennai/chennai-bengaluru-expressway-project-stalls-due-to-delay-on-stretch-from-arakkonam-to-kancheepuram/article70498953.ece already exists.
2026-01-11 20:50:21,712 - INFO - [The Hindu] Early skip: URL https://www.thehindu.com/news/national/tamil-nadu/cash-to-the-tune-of-5587-crore-disbursed-for-pongal-till-january-11-minister/article70498568.ece already exists.
2026-01-11 20:50:21,979 - INFO - [The Hindu] Early skip: URL https://www.thehindu.com/opinion/op-ed/tamil-nadu-where-cinema-and-politics-meet/article70497718.ece already exists.
2026-01-11 20:50:22,191 - INFO - [The Hindu] Early skip: URL https://www.thehindu.com/news/national/gujarat/pm-modi-flags-off-phase-ii-stretch-of-ahmedabadgandhinagar-metro/article70498862.ece already exists.
2026-01-11 20:50:22,324 - INFO - [The Hindu] Early skip: URL https://www.thehindu.com/news/national/andhra-pradesh/luxury-houseboats-set-to-transform-krishna-river/article70498518.ece already exists.
2026-01-11 20:50:22,581 - INFO - [The Hindu] Early skip: URL https://www.thehindu.com/news/national/andhra-pradesh/superstar-krishnas-bond-with-vijayawada-cast-in-bronze-at-lenin-centre/article70498654.ece already exists.
2026-01-11 20:50:22,776 - INFO - [The Hindu] Article: https://www.thehindu.com/sci-tech/energy-and-environment/tribal-affairs-ministry-in-talks-with-environment-ministry-to-fund-community-forest-resource-management-committees/article70482858.ece
2026-01-11 20:50:22,776 - INFO - [The Hindu] Attempt 1/1: Trying with 'selenium_browser' strategy...
2026-01-11 20:50:23,581 - INFO - [The Hindu] Page content loaded.
2026-01-11 20:50:23,713 - INFO - [The Hindu] Success with 'selenium_browser'. Found content (636 words).
2026-01-11 20:51:12,037 - INFO - Saved article: Environment Ministry funds sought for forest management committees - The Hindu from The Hindu (636 words)
2026-01-11 20:51:12,633 - INFO - [The Hindu] Early skip: URL https://www.thehindu.com/news/national/andhra-pradesh/right-time-to-buy-immovable-property-in-andhra-pradesh-says-rera-chairman/article70498555.ece already exists.
2026-01-11 20:51:12,750 - INFO - [The Hindu] Early skip: URL https://www.thehindu.com/news/cities/chennai/chennai-metro-rail-train-chugs-along-from-porur-to-vadapalani/article70497617.ece already exists.
2026-01-11 20:51:12,977 - INFO - [The Hindu] Early skip: URL https://www.thehindu.com/news/national/six-years-after-law-amended-centre-yet-to-constitute-arbitration-council-of-india/article70497804.ece already exists.
2026-01-11 20:51:13,145 - INFO - [The Hindu] Early skip: URL https://www.thehindu.com/news/national/andhra-pradesh/ap-health-minister-urges-youth-to-actively-participate-in-blood-donation-camps/article70498670.ece already exists.
2026-01-11 20:51:13,387 - INFO - [The Hindu] Early skip: URL https://www.thehindu.com/news/national/rss-evolving-with-time-taking-new-forms-mohan-bhagwat/article70498057.ece already exists.
2026-01-11 20:51:13,648 - INFO - [The Hindu] Article: https://www.thehindu.com/news/national/west-bengal/trinamools-campaign-song-for-assembly-election-plays-up-bengali-identity-language/article70498638.ece
2026-01-11 20:51:13,648 - INFO - [The Hindu] Attempt 1/1: Trying with 'selenium_browser' strategy...
2026-01-11 20:51:14,851 - INFO - [The Hindu] Page content loaded.
2026-01-11 20:51:14,940 - INFO - [The Hindu] Success with 'selenium_browser'. Found content (459 words).
2026-01-11 20:52:02,077 - INFO - Saved article: Trinamool’s campaign song for Assembly election plays up Bengali identity, language - The Hindu from The Hindu (459 words)
2026-01-11 20:52:03,362 - INFO - [The Hindu] Article: https://www.thehindu.com/news/national/jammu-and-kashmir/mehbooba-mufti-takes-exception-to-nsa-ajit-dovals-revenge-for-history-remark/article70498688.ece
2026-01-11 20:52:03,362 - INFO - [The Hindu] Attempt 1/1: Trying with 'selenium_browser' strategy...
2026-01-11 20:52:09,706 - INFO - [The Hindu] Page content loaded.
2026-01-11 20:52:09,801 - INFO - [The Hindu] Success with 'selenium_browser'. Found content (234 words).
2026-01-11 20:52:16,883 - ERROR - [Times of India] Request failed for strategy 'selenium_browser' on URL https://timesofindia.indiatimes.com/world/us/elon-musks-alleged-ex-speaks-on-h-1b-her-sons-sister-as-people-call-her-irrelavant/articleshow/126470820.cms: HTTPConnectionPool(host='localhost', port=56311): Read timed out. (read timeout=120)
2026-01-11 20:52:16,883 - ERROR - [Times of India] All scrape strategies failed for https://timesofindia.indiatimes.com/world/us/elon-musks-alleged-ex-speaks-on-h-1b-her-sons-sister-as-people-call-her-irrelavant/articleshow/126470820.cms. Falling back to RSS description.
2026-01-11 20:52:16,883 - WARNING - SKIPPED (GLOBAL WORD LIMIT): Article 'Elon Musk's alleged ex speaks on H-1B, her 'son's sister' as people call her 'irrelavant'' from Times of India has only 3 words (Min: 90).
2026-01-11 20:52:57,862 - INFO - Saved article: Mehbooba Mufti takes exception to NSA Ajit Doval’s ‘revenge for history’ remark - The Hindu from The Hindu (234 words)
2026-01-11 20:52:57,863 - INFO - [Times of India] Article: https://timesofindia.indiatimes.com/world/us/his-own-wife-isnt-white-christian-nationalist-author-says-interracial-marriages-are-not-ideal-draws-ire/articleshow/126470591.cms
2026-01-11 20:52:57,863 - INFO - [Times of India] Attempt 1/1: Trying with 'selenium_browser' strategy...
2026-01-11 20:52:59,229 - INFO - [The Hindu] Article: https://www.thehindu.com/news/national/andhra-pradesh/nse-ceo-visits-tirumala/article70498565.ece
2026-01-11 20:52:59,229 - INFO - [The Hindu] Attempt 1/1: Trying with 'selenium_browser' strategy...
2026-01-11 20:53:01,214 - INFO - [The Hindu] Page content loaded.
2026-01-11 20:53:01,278 - WARNING - [The Hindu] FAILED with 'selenium_browser' (content was too short: 71 words).
2026-01-11 20:53:01,278 - ERROR - [The Hindu] All scrape strategies failed for https://www.thehindu.com/news/national/andhra-pradesh/nse-ceo-visits-tirumala/article70498565.ece. Falling back to RSS description.
2026-01-11 20:53:01,278 - WARNING - SKIPPED (GLOBAL WORD LIMIT): Article 'National Stock Exchange CEO visits Tirumala' from The Hindu has only 3 words (Min: 90).
2026-01-11 20:53:02,149 - INFO - [The Hindu] Article: https://www.thehindu.com/business/Economy/faster-demand-led-approach-needed-for-pse-privatisation-cii/article70498231.ece
2026-01-11 20:53:02,149 - INFO - [The Hindu] Attempt 1/1: Trying with 'selenium_browser' strategy...
2026-01-11 20:53:02,711 - INFO - [The Hindu] Page content loaded.
2026-01-11 20:53:02,776 - INFO - [The Hindu] Success with 'selenium_browser'. Found content (622 words).
2026-01-11 20:53:06,721 - CRITICAL - --- TIMEOUT: 2 scrape jobs did not complete in 300s. ---
2026-01-11 20:53:06,721 - ERROR - A thread has timed out and will be abandoned.
2026-01-11 20:53:06,721 - ERROR - A thread has timed out and will be abandoned.
2026-01-11 20:53:06,721 - INFO - Shutting down thread pool (wait=False)...
2026-01-11 20:53:06,721 - INFO - Scraped: 1 The Guardian, 0 BBC, 2 Timed_Out_Jobs articles. (Total saved: 1)
2026-01-11 20:53:06,721 - INFO - --- Scraping job finished ---
2026-01-11 20:53:06,722 - INFO - --- Scraper service stopped and database connection closed. ---
2026-01-11 20:53:06,722 - INFO - --- Main thread finished. Forcing process exit to kill zombie threads. ---
