2026-01-30 13:07:34,234 - INFO - Loading AI Semantic Model (all-MiniLM-L6-v2)...
2026-01-30 13:07:34,235 - INFO - Use pytorch device_name: cpu
2026-01-30 13:07:34,235 - INFO - Load pretrained SentenceTransformer: all-MiniLM-L6-v2
2026-01-30 13:07:34,374 - INFO - HTTP Request: HEAD https://huggingface.co/sentence-transformers/all-MiniLM-L6-v2/resolve/main/modules.json "HTTP/1.1 307 Temporary Redirect"
2026-01-30 13:07:34,390 - INFO - HTTP Request: HEAD https://huggingface.co/api/resolve-cache/models/sentence-transformers/all-MiniLM-L6-v2/c9745ed1d9f207416be6d2e6f8de32d1f16199bf/modules.json "HTTP/1.1 200 OK"
2026-01-30 13:07:34,430 - INFO - HTTP Request: HEAD https://huggingface.co/sentence-transformers/all-MiniLM-L6-v2/resolve/main/config_sentence_transformers.json "HTTP/1.1 307 Temporary Redirect"
2026-01-30 13:07:34,445 - INFO - HTTP Request: HEAD https://huggingface.co/api/resolve-cache/models/sentence-transformers/all-MiniLM-L6-v2/c9745ed1d9f207416be6d2e6f8de32d1f16199bf/config_sentence_transformers.json "HTTP/1.1 200 OK"
2026-01-30 13:07:34,490 - INFO - HTTP Request: HEAD https://huggingface.co/sentence-transformers/all-MiniLM-L6-v2/resolve/main/config_sentence_transformers.json "HTTP/1.1 307 Temporary Redirect"
2026-01-30 13:07:34,505 - INFO - HTTP Request: HEAD https://huggingface.co/api/resolve-cache/models/sentence-transformers/all-MiniLM-L6-v2/c9745ed1d9f207416be6d2e6f8de32d1f16199bf/config_sentence_transformers.json "HTTP/1.1 200 OK"
2026-01-30 13:07:34,550 - INFO - HTTP Request: HEAD https://huggingface.co/sentence-transformers/all-MiniLM-L6-v2/resolve/main/README.md "HTTP/1.1 307 Temporary Redirect"
2026-01-30 13:07:34,565 - INFO - HTTP Request: HEAD https://huggingface.co/api/resolve-cache/models/sentence-transformers/all-MiniLM-L6-v2/c9745ed1d9f207416be6d2e6f8de32d1f16199bf/README.md "HTTP/1.1 200 OK"
2026-01-30 13:07:34,608 - INFO - HTTP Request: HEAD https://huggingface.co/sentence-transformers/all-MiniLM-L6-v2/resolve/main/modules.json "HTTP/1.1 307 Temporary Redirect"
2026-01-30 13:07:34,624 - INFO - HTTP Request: HEAD https://huggingface.co/api/resolve-cache/models/sentence-transformers/all-MiniLM-L6-v2/c9745ed1d9f207416be6d2e6f8de32d1f16199bf/modules.json "HTTP/1.1 200 OK"
2026-01-30 13:07:34,679 - INFO - HTTP Request: HEAD https://huggingface.co/sentence-transformers/all-MiniLM-L6-v2/resolve/main/sentence_bert_config.json "HTTP/1.1 307 Temporary Redirect"
2026-01-30 13:07:34,694 - INFO - HTTP Request: HEAD https://huggingface.co/api/resolve-cache/models/sentence-transformers/all-MiniLM-L6-v2/c9745ed1d9f207416be6d2e6f8de32d1f16199bf/sentence_bert_config.json "HTTP/1.1 200 OK"
2026-01-30 13:07:34,738 - INFO - HTTP Request: HEAD https://huggingface.co/sentence-transformers/all-MiniLM-L6-v2/resolve/main/adapter_config.json "HTTP/1.1 404 Not Found"
2026-01-30 13:07:34,828 - INFO - HTTP Request: HEAD https://huggingface.co/sentence-transformers/all-MiniLM-L6-v2/resolve/main/config.json "HTTP/1.1 307 Temporary Redirect"
2026-01-30 13:07:34,843 - INFO - HTTP Request: HEAD https://huggingface.co/api/resolve-cache/models/sentence-transformers/all-MiniLM-L6-v2/c9745ed1d9f207416be6d2e6f8de32d1f16199bf/config.json "HTTP/1.1 200 OK"
2026-01-30 13:07:34,971 - WARNING - BertModel LOAD REPORT from: sentence-transformers/all-MiniLM-L6-v2
Key                     | Status     |  | 
------------------------+------------+--+-
embeddings.position_ids | UNEXPECTED |  | 

Notes:
- UNEXPECTED	:can be ignored when loading from different task/architecture; not ok if you expect identical arch.
2026-01-30 13:07:35,013 - INFO - HTTP Request: HEAD https://huggingface.co/sentence-transformers/all-MiniLM-L6-v2/resolve/main/config.json "HTTP/1.1 307 Temporary Redirect"
2026-01-30 13:07:35,028 - INFO - HTTP Request: HEAD https://huggingface.co/api/resolve-cache/models/sentence-transformers/all-MiniLM-L6-v2/c9745ed1d9f207416be6d2e6f8de32d1f16199bf/config.json "HTTP/1.1 200 OK"
2026-01-30 13:07:35,074 - INFO - HTTP Request: HEAD https://huggingface.co/sentence-transformers/all-MiniLM-L6-v2/resolve/main/tokenizer_config.json "HTTP/1.1 307 Temporary Redirect"
2026-01-30 13:07:35,089 - INFO - HTTP Request: HEAD https://huggingface.co/api/resolve-cache/models/sentence-transformers/all-MiniLM-L6-v2/c9745ed1d9f207416be6d2e6f8de32d1f16199bf/tokenizer_config.json "HTTP/1.1 200 OK"
2026-01-30 13:07:35,136 - INFO - HTTP Request: GET https://huggingface.co/api/models/sentence-transformers/all-MiniLM-L6-v2/tree/main/additional_chat_templates?recursive=false&expand=false "HTTP/1.1 404 Not Found"
2026-01-30 13:07:35,193 - INFO - HTTP Request: GET https://huggingface.co/api/models/sentence-transformers/all-MiniLM-L6-v2/tree/main?recursive=true&expand=false "HTTP/1.1 200 OK"
2026-01-30 13:07:35,287 - INFO - HTTP Request: HEAD https://huggingface.co/sentence-transformers/all-MiniLM-L6-v2/resolve/main/1_Pooling/config.json "HTTP/1.1 307 Temporary Redirect"
2026-01-30 13:07:35,303 - INFO - HTTP Request: HEAD https://huggingface.co/api/resolve-cache/models/sentence-transformers/all-MiniLM-L6-v2/c9745ed1d9f207416be6d2e6f8de32d1f16199bf/1_Pooling%2Fconfig.json "HTTP/1.1 200 OK"
2026-01-30 13:07:35,351 - INFO - HTTP Request: GET https://huggingface.co/api/models/sentence-transformers/all-MiniLM-L6-v2 "HTTP/1.1 200 OK"
2026-01-30 13:07:35,355 - INFO - AI Model loaded successfully.
2026-01-30 13:07:35,355 - INFO - --- Scraper service started (CI Mode: Run Once) ---
2026-01-30 13:07:35,355 - INFO - --- Starting new scraping job (Parallel Mode) ---
2026-01-30 13:07:35,355 - INFO - Creating new robust session with 3 retries on 5xx/connection/read errors.
2026-01-30 13:07:35,356 - INFO - Proxy is DISABLED.
2026-01-30 13:07:35,356 - INFO - Starting scrape for BBC RSS feed: http://feeds.bbci.co.uk/news/world/rss.xml
2026-01-30 13:07:35,356 - INFO - [Times of India] (Thread) requires Selenium. Initializing driver...
2026-01-30 13:07:35,357 - INFO - Starting scrape for The Guardian RSS feed: https://www.theguardian.com/world/rss
2026-01-30 13:07:35,357 - INFO - [The Hindu] (Thread) requires Selenium. Initializing driver...
2026-01-30 13:07:35,357 - INFO - Submitted 4 jobs to thread pool. Waiting up to 300s for completion...
2026-01-30 13:07:35,517 - INFO - Found 45 articles in The Guardian RSS feed. Processing up to 30.
2026-01-30 13:07:35,518 - INFO - [The Guardian] Early skip: URL https://www.theguardian.com/world/2026/jan/29/gunfire-blasts-heard-airport-niamey-niger-planes-hit-reports already exists.
2026-01-30 13:07:35,594 - INFO - Found 26 articles in BBC RSS feed. Processing up to 30.
2026-01-30 13:07:35,752 - INFO - [BBC] Article: https://www.bbc.com/news/articles/cz0pj0n0yk3o?at_medium=RSS&at_campaign=rss
2026-01-30 13:07:35,752 - INFO - [BBC] Attempt 1/1: Trying with 'requests_browser' strategy...
2026-01-30 13:07:35,753 - INFO - [The Guardian] Early skip: URL https://www.theguardian.com/world/2026/jan/26/hundreds-feared-dead-after-attempting-to-cross-mediterranean-amid-cyclone-harry already exists.
2026-01-30 13:07:35,977 - INFO - [The Guardian] Early skip: URL https://www.theguardian.com/world/2026/jan/26/crocodile-warnings-floods-devastate-southern-africa already exists.
2026-01-30 13:07:36,150 - INFO - [BBC] Success with 'requests_browser'. Found content (440 words).
2026-01-30 13:07:42,444 - INFO - Selenium driver initialized successfully.
2026-01-30 13:07:42,444 - INFO - Starting scrape for The Hindu RSS feed: https://www.thehindu.com/news/national/feeder/default.rss
2026-01-30 13:07:42,445 - INFO - Selenium driver initialized successfully.
2026-01-30 13:07:42,445 - INFO - Starting scrape for Times of India RSS feed: https://timesofindia.indiatimes.com/rssfeeds/296589292.cms
2026-01-30 13:07:42,766 - INFO - Found 100 articles in The Hindu RSS feed. Processing up to 30.
2026-01-30 13:07:42,868 - INFO - Found 20 articles in Times of India RSS feed. Processing up to 30.
2026-01-30 13:08:16,246 - INFO - DEDUPLICATION: Found match (Score: 0.86). Linking to Cluster ID: 4b7251dd-3e95-4a21-b2b2-d4b1f43b5ecb
2026-01-30 13:08:16,248 - INFO - Saved article: Syrian government reaches deal with Kurdish forces from BBC (440 words)
2026-01-30 13:08:16,249 - INFO - [The Guardian] Early skip: URL https://www.theguardian.com/world/2026/jan/23/guinea-bissau-hepatitis-b-vaccine-study already exists.
2026-01-30 13:08:16,515 - INFO - [The Hindu] Article: https://www.thehindu.com/news/national/karnataka/tridasha-sambhrama-in-hubballi-tomorrow/article70569894.ece
2026-01-30 13:08:16,515 - INFO - [The Hindu] Attempt 1/1: Trying with 'selenium_browser' strategy...
2026-01-30 13:08:16,516 - INFO - [Times of India] Article: https://timesofindia.indiatimes.com/etimes/trending/uk-mother-of-two-blows-life-savings-and-left-homeless-after-giving-250000-to-hollywood-stars/articleshow/127798833.cms
2026-01-30 13:08:16,516 - INFO - [Times of India] Attempt 1/1: Trying with 'selenium_browser' strategy...
2026-01-30 13:08:16,517 - INFO - [The Guardian] Early skip: URL https://www.theguardian.com/global-development/2026/jan/22/actionaid-rethink-child-sponsorship-decolonise-funding already exists.
2026-01-30 13:08:16,805 - INFO - [The Guardian] Article: https://www.theguardian.com/world/2026/jan/30/venezuela-approves-bill-to-open-oil-sector-to-foreign-investment-after-us-pressure
2026-01-30 13:08:16,805 - INFO - [The Guardian] Attempt 1/1: Trying with 'requests_browser' strategy...
2026-01-30 13:08:17,075 - INFO - [BBC] Early skip: URL https://www.bbc.com/news/articles/c394ymdpjwvo?at_medium=RSS&at_campaign=rss already exists.
2026-01-30 13:08:17,179 - INFO - [The Guardian] Success with 'requests_browser'. Found content (829 words).
2026-01-30 13:08:21,798 - INFO - [The Hindu] Page content loaded.
2026-01-30 13:08:23,108 - WARNING - [The Hindu] FAILED with 'selenium_browser' (content was too short: 83 words).
2026-01-30 13:08:23,108 - ERROR - [The Hindu] All scrape strategies failed for https://www.thehindu.com/news/national/karnataka/tridasha-sambhrama-in-hubballi-tomorrow/article70569894.ece. Falling back to RSS description.
2026-01-30 13:08:23,108 - WARNING - SKIPPED (GLOBAL WORD LIMIT): Article 'Tridasha Sambhrama in Hubballi tomorrow' from The Hindu has only 3 words (Min: 90).
2026-01-30 13:08:31,410 - INFO - [Times of India] Page content loaded.
2026-01-30 13:08:31,672 - INFO - [Times of India] Success with 'selenium_browser'. Found content (881 words).
2026-01-30 13:09:08,347 - INFO - Saved article: Venezuela approves bill to open oil sector to foreign investment after US pressure | Venezuela | The Guardian from The Guardian (829 words)
2026-01-30 13:09:08,348 - INFO - [BBC] Early skip: URL https://www.bbc.com/news/articles/c4g4yj92kwro?at_medium=RSS&at_campaign=rss already exists.
2026-01-30 13:09:08,558 - INFO - [The Hindu] Article: https://www.thehindu.com/news/national/kerala/dumpling-armenian-production-turns-biting-satire-into-vibrant-theatrical-experience/article70570209.ece
2026-01-30 13:09:08,558 - INFO - [The Hindu] Attempt 1/1: Trying with 'selenium_browser' strategy...
2026-01-30 13:09:17,204 - INFO - [The Hindu] Page content loaded.
2026-01-30 13:09:17,313 - INFO - [The Hindu] Success with 'selenium_browser'. Found content (444 words).
2026-01-30 13:09:53,361 - INFO - Saved article: UK mother of two blows life savings and left homeless after giving £250,000 to ‘Hollywood stars’ | - The Times of India from Times of India (881 words)
2026-01-30 13:09:53,361 - INFO - [BBC] Early skip: URL https://www.bbc.com/news/articles/c338ygzl7meo?at_medium=RSS&at_campaign=rss already exists.
2026-01-30 13:09:53,507 - INFO - [The Guardian] Early skip: URL https://www.theguardian.com/us-news/2026/jan/30/weather-tracker-winter-storms-cause-death-and-outages-across-eastern-north-america already exists.
2026-01-30 13:10:37,784 - INFO - Saved article: Dumpling: Armenian production turns biting satire into vibrant theatrical experience - The Hindu from The Hindu (444 words)
2026-01-30 13:10:37,784 - INFO - [BBC] Early skip: URL https://www.bbc.com/news/articles/cevnlv9my1no?at_medium=RSS&at_campaign=rss already exists.
2026-01-30 13:10:37,926 - INFO - [The Guardian] Early skip: URL https://www.theguardian.com/us-news/2026/jan/29/trump-tariffs-cuba-oil already exists.
2026-01-30 13:10:38,142 - INFO - [Times of India] Article: https://timesofindia.indiatimes.com/world/us/55-million-scam-targeting-seniors-two-indian-jewelry-stores-raided-in-texas-victims-were-told-to-buy-gold-to-evade-arrest/articleshow/127800409.cms
2026-01-30 13:10:38,142 - INFO - [Times of India] Attempt 1/1: Trying with 'selenium_browser' strategy...
2026-01-30 13:10:38,143 - INFO - [BBC] Early skip: URL https://www.bbc.com/news/articles/c23ryyrx40yo?at_medium=RSS&at_campaign=rss already exists.
2026-01-30 13:10:38,313 - INFO - [The Guardian] Early skip: URL https://www.theguardian.com/world/2026/jan/29/trump-reopens-commercial-airspace-venezuela already exists.
2026-01-30 13:10:38,486 - INFO - [BBC] Article: https://www.bbc.com/news/articles/cvgn8ejljqwo?at_medium=RSS&at_campaign=rss
2026-01-30 13:10:38,487 - INFO - [BBC] Attempt 1/1: Trying with 'requests_browser' strategy...
2026-01-30 13:10:38,487 - INFO - [The Guardian] Early skip: URL https://www.theguardian.com/world/2026/jan/29/david-eby-alberta-separatism-treason already exists.
2026-01-30 13:10:38,533 - INFO - [BBC] Success with 'requests_browser'. Found content (203 words).
2026-01-30 13:10:43,293 - INFO - [Times of India] Page content loaded.
2026-01-30 13:10:43,739 - INFO - [Times of India] Success with 'selenium_browser'. Found content (348 words).
2026-01-30 13:11:27,150 - INFO - Saved article: Ariel Siedman: South Africa expels top Israeli diplomat from BBC (203 words)
2026-01-30 13:11:27,150 - INFO - [The Guardian] Early skip: URL https://www.theguardian.com/world/2026/jan/30/trump-dangerous-uk-china-starmer-xi-jinping-beijing already exists.
2026-01-30 13:11:27,398 - INFO - [The Hindu] Article: https://www.thehindu.com/news/national/telangana/uoh-nin-sign-pact-to-offer-joint-education-and-training-programmes/article70570100.ece
2026-01-30 13:11:27,398 - INFO - [The Hindu] Attempt 1/1: Trying with 'selenium_browser' strategy...
2026-01-30 13:11:31,417 - INFO - [The Hindu] Page content loaded.
2026-01-30 13:11:31,505 - INFO - [The Hindu] Success with 'selenium_browser'. Found content (122 words).
2026-01-30 13:12:10,758 - INFO - Saved article: $55 million scam targeting seniors: Two Indian jewelry stores raided in Texas, victims were told to buy gold to evade arrest - The Times of India from Times of India (348 words)
2026-01-30 13:12:10,758 - INFO - [The Guardian] Early skip: URL https://www.theguardian.com/politics/live/2026/jan/30/donald-trump-keir-starmer-china-uk-us-trade-deals-tariffs-latest-news already exists.
2026-01-30 13:12:11,042 - INFO - [BBC] Early skip: URL https://www.bbc.com/news/articles/czx1207757xo?at_medium=RSS&at_campaign=rss already exists.
2026-01-30 13:12:35,359 - CRITICAL - --- TIMEOUT: 4 scrape jobs did not complete in 300s. ---
2026-01-30 13:12:35,359 - ERROR - A thread has timed out and will be abandoned.
2026-01-30 13:12:35,360 - ERROR - A thread has timed out and will be abandoned.
2026-01-30 13:12:35,360 - ERROR - A thread has timed out and will be abandoned.
2026-01-30 13:12:35,360 - ERROR - A thread has timed out and will be abandoned.
2026-01-30 13:12:35,360 - INFO - Shutting down thread pool (wait=False)...
2026-01-30 13:12:35,360 - INFO - Scraped: 4 Timed_Out_Jobs articles. (Total saved: 0)
2026-01-30 13:12:35,360 - INFO - --- Scraping job finished ---
2026-01-30 13:12:35,360 - INFO - --- Scraper service stopped and database connection closed. ---
2026-01-30 13:12:35,360 - INFO - --- Main thread finished. Forcing process exit to kill zombie threads. ---
