2025-12-12 20:48:45,331 - INFO - Loading AI Semantic Model (all-MiniLM-L6-v2)...
2025-12-12 20:48:45,332 - INFO - Use pytorch device_name: cpu
2025-12-12 20:48:45,332 - INFO - Load pretrained SentenceTransformer: all-MiniLM-L6-v2
2025-12-12 20:48:46,847 - INFO - AI Model loaded successfully.
2025-12-12 20:48:46,847 - INFO - --- Scraper service started (CI Mode: Run Once) ---
2025-12-12 20:48:46,847 - INFO - --- Starting new scraping job (Parallel Mode) ---
2025-12-12 20:48:46,848 - INFO - Creating new robust session with 3 retries on 5xx/connection/read errors.
2025-12-12 20:48:46,848 - INFO - Proxy is DISABLED.
2025-12-12 20:48:46,848 - INFO - Starting scrape for BBC RSS feed: http://feeds.bbci.co.uk/news/world/rss.xml
2025-12-12 20:48:46,849 - INFO - [Times of India] (Thread) requires Selenium. Initializing driver...
2025-12-12 20:48:46,850 - INFO - Starting scrape for The Guardian RSS feed: https://www.theguardian.com/world/rss
2025-12-12 20:48:46,851 - INFO - [The Hindu] (Thread) requires Selenium. Initializing driver...
2025-12-12 20:48:46,851 - INFO - Submitted 4 jobs to thread pool. Waiting up to 300s for completion...
2025-12-12 20:48:46,966 - INFO - Found 45 articles in The Guardian RSS feed. Processing up to 30.
2025-12-12 20:48:46,967 - INFO - [The Guardian] Early skip: URL https://www.theguardian.com/us-news/2025/dec/12/trump-ends-temporary-legal-status-ethiopia already exists.
2025-12-12 20:48:47,104 - INFO - [The Guardian] Early skip: URL https://www.theguardian.com/world/2025/dec/12/uk-sanctions-four-rsf-commanders-heinous-violence-against-sudan-civilians already exists.
2025-12-12 20:48:47,130 - INFO - Found 28 articles in BBC RSS feed. Processing up to 30.
2025-12-12 20:48:47,401 - INFO - [BBC] Early skip: URL https://www.bbc.com/news/articles/cvgrrnylzzyo?at_medium=RSS&at_campaign=rss already exists.
2025-12-12 20:48:47,563 - INFO - [The Guardian] Early skip: URL https://www.theguardian.com/world/2025/dec/11/fate-of-11-nigerian-troops-unclear-after-unauthorised-plane-landing-in-burkina-faso already exists.
2025-12-12 20:48:47,850 - INFO - [BBC] Early skip: URL https://www.bbc.com/news/articles/c98nnd01g91o?at_medium=RSS&at_campaign=rss already exists.
2025-12-12 20:48:48,119 - INFO - [The Guardian] Early skip: URL https://www.theguardian.com/world/2025/dec/10/burkina-faso-releases-nigerian-troops-unauthorised-emergency-landing already exists.
2025-12-12 20:48:48,337 - INFO - [BBC] Early skip: URL https://www.bbc.com/news/articles/c2lvplrxpe9o?at_medium=RSS&at_campaign=rss already exists.
2025-12-12 20:48:48,440 - INFO - [The Guardian] Early skip: URL https://www.theguardian.com/world/2025/dec/09/drc-fighting-forces-200000-to-flee-just-days-after-washington-peace-deal already exists.
2025-12-12 20:48:48,669 - INFO - [BBC] Early skip: URL https://www.bbc.com/news/articles/cly559exm87o?at_medium=RSS&at_campaign=rss already exists.
2025-12-12 20:48:48,835 - INFO - [The Guardian] Early skip: URL https://www.theguardian.com/world/2025/dec/12/brazilian-judge-sanction-lifted-bolsonaro already exists.
2025-12-12 20:48:49,026 - INFO - [BBC] Early skip: URL https://www.bbc.com/news/articles/cm211xz0vl8o?at_medium=RSS&at_campaign=rss already exists.
2025-12-12 20:48:49,247 - INFO - [The Guardian] Early skip: URL https://www.theguardian.com/world/2025/dec/12/colombia-eln-guerrilla-rebels-trump already exists.
2025-12-12 20:48:49,377 - INFO - [BBC] Early skip: URL https://www.bbc.com/news/articles/cly555k8de3o?at_medium=RSS&at_campaign=rss already exists.
2025-12-12 20:48:49,659 - INFO - [The Guardian] Early skip: URL https://www.theguardian.com/world/2025/dec/12/canada-liberals-government-majority-conservative-michael-ma already exists.
2025-12-12 20:48:49,837 - INFO - [BBC] Early skip: URL https://www.bbc.com/news/articles/c1kpwmezkpdo?at_medium=RSS&at_campaign=rss already exists.
2025-12-12 20:48:50,098 - INFO - [The Guardian] Early skip: URL https://www.theguardian.com/us-news/2025/dec/12/flood-water-rain-pacific-northwest-washington already exists.
2025-12-12 20:48:50,378 - INFO - [BBC] Article: https://www.bbc.com/news/articles/cd0kkyx3vvxo?at_medium=RSS&at_campaign=rss
2025-12-12 20:48:50,378 - INFO - [BBC] Attempt 1/1: Trying with 'requests_browser' strategy...
2025-12-12 20:48:50,379 - INFO - [The Guardian] Early skip: URL https://www.theguardian.com/world/2025/dec/12/maria-corina-machado-escape-venezuela-us-norway already exists.
2025-12-12 20:48:50,519 - INFO - [BBC] Success with 'requests_browser'. Found content (267 words).
2025-12-12 20:48:54,473 - INFO - Selenium driver initialized successfully.
2025-12-12 20:48:54,473 - INFO - Starting scrape for Times of India RSS feed: https://timesofindia.indiatimes.com/rssfeeds/296589292.cms
2025-12-12 20:48:54,475 - INFO - Selenium driver initialized successfully.
2025-12-12 20:48:54,475 - INFO - Starting scrape for The Hindu RSS feed: https://www.thehindu.com/news/national/feeder/default.rss
2025-12-12 20:48:54,679 - INFO - Found 100 articles in The Hindu RSS feed. Processing up to 30.
2025-12-12 20:48:54,738 - INFO - Found 20 articles in Times of India RSS feed. Processing up to 30.
2025-12-12 20:49:23,599 - INFO - DEDUPLICATION: Found match (Score: 0.89). Linking to Cluster ID: 25b648c4-6922-4fa9-a2dc-ba60b0c9d91f
2025-12-12 20:49:23,602 - INFO - Saved article: Thailand and Cambodia agree to halt fighting, Trump says from BBC (267 words)
2025-12-12 20:49:23,602 - INFO - [The Guardian] Early skip: URL https://www.theguardian.com/world/2025/dec/12/thailand-and-cambodia-agree-to-restart-ceasefire-brokered-by-us-says-trump already exists.
2025-12-12 20:49:23,890 - INFO - [The Hindu] Article: https://www.thehindu.com/news/national/chhattisgarh/need-to-take-development-to-maoist-affected-areas-says-cm-sai/article70389879.ece
2025-12-12 20:49:23,890 - INFO - [The Hindu] Attempt 1/1: Trying with 'selenium_browser' strategy...
2025-12-12 20:49:23,891 - INFO - [Times of India] Article: https://timesofindia.indiatimes.com/world/us/any-company-abusing-h-1b-us-labor-secretary-says-american-jobs-must-go-to-americans-first/articleshow/125940068.cms
2025-12-12 20:49:23,891 - INFO - [Times of India] Attempt 1/1: Trying with 'selenium_browser' strategy...
2025-12-12 20:49:23,892 - INFO - [The Guardian] Early skip: URL https://www.theguardian.com/world/2025/dec/12/indonesia-floods-extinction-level-rare-orangutan-tapanuli already exists.
2025-12-12 20:49:24,150 - INFO - [The Guardian] Early skip: URL https://www.theguardian.com/world/2025/dec/12/south-korea-exam-chief-quits-after-complaints-english-test-was-too-hard already exists.
2025-12-12 20:49:24,313 - INFO - [The Guardian] Early skip: URL https://www.theguardian.com/technology/2025/dec/12/do-kwon-cryptocurrency-terraform-labs-co-founder-prison-fraud already exists.
2025-12-12 20:49:24,542 - INFO - [BBC] Early skip: URL https://www.bbc.com/news/articles/czxgnqx1yplo?at_medium=RSS&at_campaign=rss already exists.
2025-12-12 20:49:24,751 - INFO - [The Guardian] Early skip: URL https://www.theguardian.com/world/2025/dec/12/thailand-set-for-early-elections-cambodia-clashes already exists.
2025-12-12 20:49:24,922 - INFO - [BBC] Early skip: URL https://www.bbc.com/news/articles/c4g99kp897do?at_medium=RSS&at_campaign=rss already exists.
2025-12-12 20:49:25,147 - INFO - [The Guardian] Early skip: URL https://www.theguardian.com/environment/2025/dec/13/opening-up-victorias-otway-basin-to-offshore-gas-exploration-an-environmental-betrayal-greens-say already exists.
2025-12-12 20:49:25,331 - INFO - [The Guardian] Early skip: URL https://www.theguardian.com/australia-news/2025/dec/13/ato-external-outsourcing-reduction-union-presumed-typo already exists.
2025-12-12 20:49:25,476 - INFO - [BBC] Early skip: URL https://www.bbc.com/news/videos/cjwyy65ne62o?at_medium=RSS&at_campaign=rss already exists.
2025-12-12 20:49:25,663 - INFO - [The Guardian] Early skip: URL https://www.theguardian.com/australia-news/2025/dec/13/nsw-coalmine-expansions-would-breach-climate-targets already exists.
2025-12-12 20:49:25,943 - INFO - [The Guardian] Early skip: URL https://www.theguardian.com/australia-news/2025/dec/12/outback-wrangler-star-matt-wright-sentenced-to-10-months-jail-after-fatal-helicopter-crash-ntwnfb already exists.
2025-12-12 20:49:26,067 - INFO - [The Guardian] Early skip: URL https://www.theguardian.com/environment/2025/dec/12/weather-tracker-australia-bushfires-most-dangerous-since-black-summer already exists.
2025-12-12 20:49:26,203 - INFO - [BBC] Early skip: URL https://www.bbc.com/news/articles/c3w792x0ggyo?at_medium=RSS&at_campaign=rss already exists.
2025-12-12 20:49:26,489 - INFO - [BBC] Early skip: URL https://www.bbc.com/news/articles/c0q5504vv0ko?at_medium=RSS&at_campaign=rss already exists.
2025-12-12 20:49:26,663 - INFO - [BBC] Early skip: URL https://www.bbc.com/news/articles/c0jeeq6xnvpo?at_medium=RSS&at_campaign=rss already exists.
2025-12-12 20:49:26,852 - INFO - [The Guardian] Early skip: URL https://www.theguardian.com/world/2025/dec/12/eu-to-freeze-210bn-in-russian-assets-indefinitely already exists.
2025-12-12 20:49:26,987 - INFO - [BBC] Early skip: URL https://www.bbc.com/news/articles/clykk2yrl9ko?at_medium=RSS&at_campaign=rss already exists.
2025-12-12 20:49:27,141 - INFO - [The Guardian] Early skip: URL https://www.theguardian.com/world/live/2025/dec/12/von-der-leyen-trump-ukraine-belgium-russian-assets-starmer-latest-news-updates already exists.
2025-12-12 20:49:27,286 - INFO - [The Guardian] Early skip: URL https://www.theguardian.com/world/2025/dec/12/giorgia-meloni-atreju-brothers-of-italy-far-right already exists.
2025-12-12 20:49:27,516 - INFO - [BBC] Early skip: URL https://www.bbc.com/news/articles/cn81x8py3j5o?at_medium=RSS&at_campaign=rss already exists.
2025-12-12 20:49:27,723 - INFO - [BBC] Early skip: URL https://www.bbc.com/news/articles/cz688jp90epo?at_medium=RSS&at_campaign=rss already exists.
2025-12-12 20:49:27,943 - INFO - [BBC] Early skip: URL https://www.bbc.com/news/articles/c4g990exxq4o?at_medium=RSS&at_campaign=rss already exists.
2025-12-12 20:49:28,052 - INFO - [BBC] Early skip: URL https://www.bbc.com/news/articles/c5y2qd1795yo?at_medium=RSS&at_campaign=rss already exists.
2025-12-12 20:49:28,194 - INFO - [The Guardian] Early skip: URL https://www.theguardian.com/business/2025/dec/12/eu-2035-petrol-diesel-car-ban-mep-green-deal already exists.
2025-12-12 20:49:28,399 - INFO - [The Guardian] Early skip: URL https://www.theguardian.com/world/2025/dec/11/us-wants-ukraine-to-withdraw-from-donbas-and-create-free-economic-zone-says-zelenskyy already exists.
2025-12-12 20:49:28,677 - INFO - [BBC] Early skip: URL https://www.bbc.com/news/articles/cy95pr790pro?at_medium=RSS&at_campaign=rss already exists.
2025-12-12 20:49:28,831 - INFO - [BBC] Early skip: URL https://www.bbc.com/news/articles/cj4q1l0ly7wo?at_medium=RSS&at_campaign=rss already exists.
2025-12-12 20:49:28,996 - INFO - [The Guardian] Early skip: URL https://www.theguardian.com/world/2025/dec/12/nobel-peace-prize-laureate-narges-mohammadi-arrested-iran already exists.
2025-12-12 20:49:29,129 - INFO - [BBC] Early skip: URL https://www.bbc.com/news/articles/cr7l0ljvvejo?at_medium=RSS&at_campaign=rss already exists.
2025-12-12 20:49:29,332 - INFO - [BBC] Article: https://www.bbc.com/news/videos/cy0ppq8yye4o?at_medium=RSS&at_campaign=rss
2025-12-12 20:49:29,333 - INFO - [BBC] Attempt 1/1: Trying with 'requests_browser' strategy...
2025-12-12 20:49:29,339 - INFO - [The Guardian] Early skip: URL https://www.theguardian.com/tv-and-radio/2025/dec/11/nemo-eurovision-winner-2024-hand-back-trophy-protest-israel-taking-part-2025 already exists.
2025-12-12 20:49:29,592 - INFO - [The Guardian] Early skip: URL https://www.theguardian.com/global-development/2025/dec/11/child-bride-spared-execution-iran-blood-money-goli-kouhkan already exists.
2025-12-12 20:49:29,611 - WARNING - [BBC] FAILED with 'requests_browser' (content was too short: 72 words).
2025-12-12 20:49:29,611 - ERROR - [BBC] All scrape strategies failed for https://www.bbc.com/news/videos/cy0ppq8yye4o?at_medium=RSS&at_campaign=rss. Falling back to RSS description.
2025-12-12 20:49:29,612 - WARNING - SKIPPED (GLOBAL WORD LIMIT): Article ''It was little kids': Taylor Swift breaks down as she talks of Southport attack' from BBC has only 19 words (Min: 90).
2025-12-12 20:49:29,807 - INFO - [The Guardian] Early skip: URL https://www.theguardian.com/world/2025/dec/10/countries-push-to-return-syrians-home-fall-of-assad already exists.
2025-12-12 20:49:29,939 - INFO - [The Guardian] Early skip: URL https://www.theguardian.com/world/2025/dec/09/children-gaza-hospitalised-acute-malnutrition-un-says already exists.
2025-12-12 20:49:30,861 - INFO - [BBC] Early skip: URL https://www.bbc.com/news/videos/ce91de8x9p1o?at_medium=RSS&at_campaign=rss already exists.
2025-12-12 20:49:31,026 - INFO - [BBC] Article: https://www.bbc.com/news/videos/c898197j8nyo?at_medium=RSS&at_campaign=rss
2025-12-12 20:49:31,026 - INFO - [BBC] Attempt 1/1: Trying with 'requests_browser' strategy...
2025-12-12 20:49:31,445 - WARNING - [BBC] FAILED with 'requests_browser' (content was too short: 73 words).
2025-12-12 20:49:31,445 - ERROR - [BBC] All scrape strategies failed for https://www.bbc.com/news/videos/c898197j8nyo?at_medium=RSS&at_campaign=rss. Falling back to RSS description.
2025-12-12 20:49:31,445 - WARNING - SKIPPED (GLOBAL WORD LIMIT): Article 'Watch: Canadians and Americans on a social media ban for everyone under 16' from BBC has only 24 words (Min: 90).
2025-12-12 20:49:31,893 - INFO - [The Hindu] Page content loaded.
2025-12-12 20:49:32,422 - INFO - [The Hindu] Success with 'selenium_browser'. Found content (343 words).
2025-12-12 20:49:32,428 - INFO - [BBC] Article: https://www.bbc.com/news/videos/c74x0430vggo?at_medium=RSS&at_campaign=rss
2025-12-12 20:49:32,428 - INFO - [BBC] Attempt 1/1: Trying with 'requests_browser' strategy...
2025-12-12 20:49:32,993 - WARNING - [BBC] FAILED with 'requests_browser' (content was too short: 79 words).
2025-12-12 20:49:32,994 - ERROR - [BBC] All scrape strategies failed for https://www.bbc.com/news/videos/c74x0430vggo?at_medium=RSS&at_campaign=rss. Falling back to RSS description.
2025-12-12 20:49:32,994 - WARNING - SKIPPED (GLOBAL WORD LIMIT): Article 'Watch: Moment hiker is rescued from quicksand in Utah' from BBC has only 24 words (Min: 90).
2025-12-12 20:49:35,145 - INFO - [Times of India] Page content loaded.
2025-12-12 20:49:35,638 - INFO - [Times of India] Success with 'selenium_browser'. Found content (275 words).
2025-12-12 20:50:11,789 - INFO - Saved article: Need to take development to Maoist-affected areas, says CM Sai - The Hindu from The Hindu (343 words)
2025-12-12 20:50:11,789 - INFO - [BBC] Early skip: URL https://www.bbc.com/news/videos/ceq1000742go?at_medium=RSS&at_campaign=rss already exists.
2025-12-12 20:50:47,936 - INFO - Saved article: 'Any company abusing H-1B...': US labor secretary says 'American jobs must go to Americans first' - The Times of India from Times of India (275 words)
2025-12-12 20:50:47,936 - INFO - [BBC] Article: https://www.bbc.com/news/videos/cx2ey15l4zro?at_medium=RSS&at_campaign=rss
2025-12-12 20:50:47,937 - INFO - [BBC] Attempt 1/1: Trying with 'requests_browser' strategy...
2025-12-12 20:50:47,938 - INFO - [The Hindu] Early skip: URL https://www.thehindu.com/news/national/very-optimistic-india-on-possibility-of-sealing-trade-deal-with-oman-during-pm-modis-visit/article70390362.ece already exists.
2025-12-12 20:50:48,044 - INFO - [The Hindu] Early skip: URL https://www.thehindu.com/news/national/west-bengal/kolkata-gears-up-for-messis-goat-india-tour/article70388734.ece already exists.
2025-12-12 20:50:48,120 - WARNING - [BBC] FAILED with 'requests_browser' (content was too short: 74 words).
2025-12-12 20:50:48,120 - ERROR - [BBC] All scrape strategies failed for https://www.bbc.com/news/videos/cx2ey15l4zro?at_medium=RSS&at_campaign=rss. Falling back to RSS description.
2025-12-12 20:50:48,120 - WARNING - SKIPPED (GLOBAL WORD LIMIT): Article 'Moment skydiver's parachute wraps around plane tail' from BBC has only 16 words (Min: 90).
2025-12-12 20:50:48,159 - INFO - [The Hindu] Early skip: URL https://www.thehindu.com/news/national/rajasthan/70-of-poll-promises-fulfilled-in-two-years-says-rajasthan-cm/article70389426.ece already exists.
2025-12-12 20:50:48,455 - INFO - [The Hindu] Early skip: URL https://www.thehindu.com/news/national/maharashtra/central-funds-forjaljeevanmission-pending-since-oct-2024-maharashtra-minister-tells-assembly/article70389390.ece already exists.
2025-12-12 20:50:48,726 - INFO - [The Hindu] Early skip: URL https://www.thehindu.com/news/national/chhattisgarh/congress-to-boycott-first-day-of-chhattisgarh-assembly-session-lop-mahant/article70390192.ece already exists.
2025-12-12 20:50:48,840 - INFO - [The Hindu] Early skip: URL https://www.thehindu.com/news/national/tamil-nadu/around-10-mous-to-be-signed-at-uef-trade-summit-2025/article70389814.ece already exists.
2025-12-12 20:50:48,999 - INFO - [Times of India] Article: https://timesofindia.indiatimes.com/world/us-streamers/cdawgva-criticizes-modern-irl-streaming-and-raises-concerns-about-public-harassment-and-consent/articleshow/125940064.cms
2025-12-12 20:50:48,999 - INFO - [Times of India] Attempt 1/1: Trying with 'selenium_browser' strategy...
2025-12-12 20:50:49,000 - INFO - [The Hindu] Early skip: URL https://www.thehindu.com/news/national/tamil-nadu/ramadoss-appeals-to-cm-to-conduct-caste-census/article70388874.ece already exists.
2025-12-12 20:50:49,149 - INFO - [The Hindu] Article: https://www.thehindu.com/news/national/kerala/key-fronts-eagerly-await-electoral-outcomes-in-municipalities-across-ernakulam/article70388922.ece
2025-12-12 20:50:49,149 - INFO - [The Hindu] Attempt 1/1: Trying with 'selenium_browser' strategy...
2025-12-12 20:50:54,376 - INFO - [The Hindu] Page content loaded.
2025-12-12 20:50:54,593 - INFO - [The Hindu] Success with 'selenium_browser'. Found content (319 words).
2025-12-12 20:51:09,055 - ERROR - [Times of India] Request failed for strategy 'selenium_browser' on URL https://timesofindia.indiatimes.com/world/us-streamers/cdawgva-criticizes-modern-irl-streaming-and-raises-concerns-about-public-harassment-and-consent/articleshow/125940064.cms: Message: timeout: Timed out receiving message from renderer: 19.915
  (Session info: chrome=143.0.7499.40)
Stacktrace:
#0 0x5610595c819a <unknown>
#1 0x561059045c4b <unknown>
#2 0x56105902dcf3 <unknown>
#3 0x56105902d9d6 <unknown>
#4 0x56105902b897 <unknown>
#5 0x56105902c1af <unknown>
#6 0x56105903a970 <unknown>
#7 0x561059054017 <unknown>
#8 0x56105905a6cb <unknown>
#9 0x56105902c8d8 <unknown>
#10 0x561059053dc3 <unknown>
#11 0x5610590e2f60 <unknown>
#12 0x561059089c42 <unknown>
#13 0x56105908a8f1 <unknown>
#14 0x561059590f39 <unknown>
#15 0x561059593e7d <unknown>
#16 0x561059579c81 <unknown>
#17 0x561059594a5b <unknown>
#18 0x561059560a50 <unknown>
#19 0x5610595b5aa8 <unknown>
#20 0x5610595b5c79 <unknown>
#21 0x5610595c74f3 <unknown>
#22 0x7fa80a49caa4 <unknown>
#23 0x7fa80a529c6c <unknown>

2025-12-12 20:51:09,055 - ERROR - [Times of India] All scrape strategies failed for https://timesofindia.indiatimes.com/world/us-streamers/cdawgva-criticizes-modern-irl-streaming-and-raises-concerns-about-public-harassment-and-consent/articleshow/125940064.cms. Falling back to RSS description.
2025-12-12 20:51:09,055 - WARNING - SKIPPED (GLOBAL WORD LIMIT): Article 'CDawgVA criticizes modern IRL streaming and raises concerns about public harassment and consent' from Times of India has only 51 words (Min: 90).
2025-12-12 20:51:40,484 - INFO - DEDUPLICATION: Found match (Score: 0.79). Linking to Cluster ID: 763fa57c-6ed0-44f8-bed4-0cec8f37c833
2025-12-12 20:51:40,487 - INFO - Saved article: Key fronts eagerly await electoral outcomes in municipalities across Ernakulam - The Hindu from The Hindu (319 words)
2025-12-12 20:51:40,488 - INFO - [Times of India] Article: https://timesofindia.indiatimes.com/world/us/row-erupts-after-pro-israel-congressman-calls-praying-muslimsbarbarians-dangerous-dehumanizing-/articleshow/125939918.cms
2025-12-12 20:51:40,488 - INFO - [Times of India] Attempt 1/1: Trying with 'selenium_browser' strategy...
2025-12-12 20:51:41,248 - INFO - [Times of India] Page content loaded.
2025-12-12 20:51:41,379 - INFO - [Times of India] Success with 'selenium_browser'. Found content (340 words).
2025-12-12 20:52:21,349 - INFO - Saved article: Row erupts after pro-Israel Congressman calls praying Muslims 'barbarians': 'Dangerous, dehumanizing...' - The Times of India from Times of India (340 words)
2025-12-12 20:52:21,350 - INFO - [The Hindu] Article: https://www.thehindu.com/news/national/tamil-nadu/state-level-ncc-fest-at-dg-vaishnav-college-gets-underway/article70389662.ece
2025-12-12 20:52:21,350 - INFO - [The Hindu] Attempt 1/1: Trying with 'selenium_browser' strategy...
2025-12-12 20:52:22,269 - INFO - [Times of India] Early skip: URL https://timesofindia.indiatimes.com/world/us-streamers/its-not-my-community-theburntpeanut-denies-fans-targeted-ironmouse-as-vtuber-awards-controversy-unfolds/articleshow/125939751.cms already exists.
2025-12-12 20:52:22,398 - INFO - [The Hindu] Page content loaded.
2025-12-12 20:52:22,495 - INFO - [Times of India] Early skip: URL https://timesofindia.indiatimes.com/world/us/voted-for-impeachment-of-trump-indian-origin-congressman-shri-thanedar-says-us-president-commits-more-crime-each-month/articleshow/125939669.cms already exists.
2025-12-12 20:52:22,529 - INFO - [The Hindu] Success with 'selenium_browser'. Found content (111 words).
2025-12-12 20:52:58,480 - INFO - Saved article: State-level NCC fest begins at DG Vaishnav College - The Hindu from The Hindu (111 words)
2025-12-12 20:52:58,481 - INFO - [Times of India] Early skip: URL https://timesofindia.indiatimes.com/world/us-streamers/rakais-rise-overshadowed-by-controversy-ranking-17-year-old-streamers-mounting-criticism-moments-of-2025/articleshow/125934274.cms already exists.
2025-12-12 20:52:58,735 - INFO - [Times of India] Early skip: URL https://timesofindia.indiatimes.com/world/europe/black-sea-attack-russian-missile-hits-turkish-vessel-erdogan-presses-putin/articleshow/125939272.cms already exists.
2025-12-12 20:52:58,837 - INFO - [Times of India] Early skip: URL https://timesofindia.indiatimes.com/world/pakistan/former-pakistan-pm-imran-khans-ex-wife-jemima-khan-appeals-to-elon-musk-my-sons-have-not-seen-him-in-22-months/articleshow/125938841.cms already exists.
2025-12-12 20:52:58,988 - INFO - [Times of India] Early skip: URL https://timesofindia.indiatimes.com/world/us/who-is-harshkumar-patel-indian-national-convicted-of-human-smuggling-linked-to-familys-freezing-deaths-seeks-to-represent-himself-in-us-court/articleshow/125936249.cms already exists.
2025-12-12 20:52:59,269 - INFO - [The Hindu] Article: https://www.thehindu.com/news/national/tamil-nadu/1694-lakh-more-women-to-benefit-as-state-govt-expandskalaignar-magalir-urimai-thittam/article70389837.ece
2025-12-12 20:52:59,269 - INFO - [The Hindu] Attempt 1/1: Trying with 'selenium_browser' strategy...
2025-12-12 20:52:59,269 - INFO - [Times of India] Early skip: URL https://timesofindia.indiatimes.com/world/us/indian-origin-menka-soni-hails-zohran-mamdanis-nyc-win-celebrates-indian-representation-in-us-you-have-to-connect-/articleshow/125935863.cms already exists.
2025-12-12 20:52:59,370 - INFO - [Times of India] Early skip: URL https://timesofindia.indiatimes.com/world/pakistan/sanskrit-in-pakistani-university-in-a-1st-since-partition-ancient-language-to-be-taught-in-college-mahabharat-gita-on-the-cards/articleshow/125935966.cms already exists.
2025-12-12 20:52:59,534 - INFO - [Times of India] Early skip: URL https://timesofindia.indiatimes.com/etimes/trending/everyone-except-the-indian-popular-entertainment-account-called-out-for-not-naming-dhalsim-actor-vidyut-jamwal-in-street-fighter-cast-reveal/articleshow/125935433.cms already exists.
2025-12-12 20:52:59,762 - INFO - [Times of India] Early skip: URL https://timesofindia.indiatimes.com/world/us/triple-homicide-15-year-old-texas-boy-kills-ex-girlfriends-younger-siblings-and-mother/articleshow/125935731.cms already exists.
2025-12-12 20:53:00,037 - INFO - [Times of India] Early skip: URL https://timesofindia.indiatimes.com/world/us/tourists-visiting-us-to-submit-five-years-of-social-media-history-is-it-because-of-jd-vance-memes/articleshow/125935020.cms already exists.
2025-12-12 20:53:00,186 - INFO - [The Hindu] Page content loaded.
2025-12-12 20:53:00,188 - INFO - [Times of India] Early skip: URL https://timesofindia.indiatimes.com/world/us/maga-influencer-claims-third-world-non-white-people-have-low-average-iq-you-see-india-africa-/articleshow/125934910.cms already exists.
2025-12-12 20:53:00,279 - INFO - [The Hindu] Success with 'selenium_browser'. Found content (337 words).
2025-12-12 20:53:00,327 - INFO - [Times of India] Early skip: URL https://timesofindia.indiatimes.com/world/middle-east/birthday-gone-wrong-young-man-arrested-by-dubai-police-for-setting-street-on-fire/articleshow/125934296.cms already exists.
2025-12-12 20:53:37,564 - INFO - Saved article: 16.94 lakh more women to benefit as State govt. expands Kalaignar Magalir Urimai Thittam - The Hindu from The Hindu (337 words)
2025-12-12 20:53:37,564 - INFO - [Times of India] Early skip: URL https://timesofindia.indiatimes.com/world/middle-east/israel-bans-mobile-phones-in-primary-schools/articleshow/125933735.cms already exists.
2025-12-12 20:53:37,755 - INFO - [Times of India] Early skip: URL https://timesofindia.indiatimes.com/world/us/h1-b-can-be-brought-to-its-knees-us-pollster-says-visa-programme-is-fragile-as-hundreds-remain-stranded-in-india/articleshow/125933937.cms already exists.
2025-12-12 20:53:37,946 - INFO - [Times of India] Article: https://timesofindia.indiatimes.com/world/middle-east/uae-declares-paid-new-year-holiday-for-private-sector-employees/articleshow/125933033.cms
2025-12-12 20:53:37,946 - INFO - [Times of India] Attempt 1/1: Trying with 'selenium_browser' strategy...
2025-12-12 20:53:38,464 - INFO - [The Hindu] Early skip: URL https://www.thehindu.com/news/national/telangana/waqf-tribunal-grants-telangana-board-three-month-extension-for-umeed-portal/article70389608.ece already exists.
2025-12-12 20:53:38,753 - INFO - [The Hindu] Article: https://www.thehindu.com/news/national/tamil-nadu/madras-high-court-clears-decks-for-evicting-st-peters-matriculation-school-in-st-thomas-mount/article70389107.ece
2025-12-12 20:53:38,753 - INFO - [The Hindu] Attempt 1/1: Trying with 'selenium_browser' strategy...
2025-12-12 20:53:40,206 - INFO - [The Hindu] Page content loaded.
2025-12-12 20:53:40,293 - INFO - [The Hindu] Success with 'selenium_browser'. Found content (434 words).
2025-12-12 20:53:46,320 - INFO - [Times of India] Page content loaded.
2025-12-12 20:53:46,854 - CRITICAL - --- TIMEOUT: 2 scrape jobs did not complete in 300s. ---
2025-12-12 20:53:46,858 - ERROR - A thread has timed out and will be abandoned.
2025-12-12 20:53:46,858 - ERROR - A thread has timed out and will be abandoned.
2025-12-12 20:53:46,858 - INFO - Shutting down thread pool (wait=False)...
2025-12-12 20:53:46,858 - INFO - Scraped: 0 The Guardian, 1 BBC, 2 Timed_Out_Jobs articles. (Total saved: 1)
2025-12-12 20:53:46,858 - INFO - --- Scraping job finished ---
2025-12-12 20:53:46,858 - INFO - --- Scraper service stopped and database connection closed. ---
2025-12-12 20:53:46,858 - INFO - --- Main thread finished. Forcing process exit to kill zombie threads. ---
