2026-03-02 08:07:01,368 - INFO - Loading AI Semantic Model (all-MiniLM-L4-v2)...
2026-03-02 08:07:01,368 - INFO - Use pytorch device_name: cpu
2026-03-02 08:07:01,368 - INFO - Load pretrained SentenceTransformer: all-MiniLM-L4-v2
2026-03-02 08:07:01,527 - INFO - HTTP Request: HEAD https://huggingface.co/sentence-transformers/all-MiniLM-L4-v2/resolve/main/modules.json "HTTP/1.1 401 Unauthorized"
2026-03-02 08:07:01,528 - WARNING - No sentence-transformers model found with name sentence-transformers/all-MiniLM-L4-v2. Creating a new one with mean pooling.
2026-03-02 08:07:01,590 - INFO - HTTP Request: HEAD https://huggingface.co/sentence-transformers/all-MiniLM-L4-v2/resolve/main/adapter_config.json "HTTP/1.1 401 Unauthorized"
2026-03-02 08:07:01,591 - CRITICAL - Failed to load AI model: sentence-transformers/all-MiniLM-L4-v2 is not a local folder and is not a valid model identifier listed on 'https://huggingface.co/models'
If this is a private repository, make sure to pass a token having permission to this repo either by logging in with `hf auth login` or by passing `token=<your_token>`. Clustering is disabled.
2026-03-02 08:07:01,591 - INFO - --- Scraper service started (CI Mode: Run Once) ---
2026-03-02 08:07:01,591 - INFO - --- Starting new scraping job (Parallel Mode) ---
2026-03-02 08:07:01,591 - INFO - Creating new robust session with 3 retries on 5xx/connection/read errors.
2026-03-02 08:07:01,591 - INFO - Proxy is DISABLED.
2026-03-02 08:07:01,592 - INFO - Starting scrape for BBC RSS feed: http://feeds.bbci.co.uk/news/world/rss.xml
2026-03-02 08:07:01,593 - INFO - [Times of India] (Thread) requires Selenium. Initializing driver...
2026-03-02 08:07:01,594 - INFO - Starting scrape for TechCrunch RSS feed: https://techcrunch.com/feed/
2026-03-02 08:07:01,595 - INFO - Starting scrape for The Guardian RSS feed: https://www.theguardian.com/world/rss
2026-03-02 08:07:01,596 - INFO - [The Hindu] (Thread) requires Selenium. Initializing driver...
2026-03-02 08:07:01,596 - INFO - Submitted 5 jobs to thread pool. Waiting up to 300s for completion...
2026-03-02 08:07:01,857 - INFO - Found 45 articles in The Guardian RSS feed. Processing until 20 new articles are saved.
2026-03-02 08:07:01,857 - INFO - [The Guardian] Early skip: URL https://www.theguardian.com/world/2026/feb/27/ghana-men-killed-fight-russia-ukraine already exists.
2026-03-02 08:07:01,858 - INFO - [The Guardian] Early skip: URL https://www.theguardian.com/global-development/2026/feb/27/rising-anger-over-lop-sided-immoral-us-health-funding-pacts-africa-countries already exists.
2026-03-02 08:07:01,860 - INFO - [The Guardian] Early skip: URL https://www.theguardian.com/global-development/2026/feb/26/women-arrested-uganda-kissing-public-lgbtq-laws already exists.
2026-03-02 08:07:01,861 - INFO - [The Guardian] Early skip: URL https://www.theguardian.com/world/2026/feb/26/recent-mediterranean-storms-tragedies-spain-portugal-morocco already exists.
2026-03-02 08:07:01,862 - INFO - [The Guardian] Early skip: URL https://www.theguardian.com/global-development/2026/feb/25/zambia-us-health-aid-deal-exploitation-mining-concessions-data-sharing-targets already exists.
2026-03-02 08:07:01,864 - INFO - [The Guardian] Early skip: URL https://www.theguardian.com/world/2026/feb/28/miami-exiled-cubans-speedboat-shootout already exists.
2026-03-02 08:07:01,865 - INFO - [The Guardian] Early skip: URL https://www.theguardian.com/world/2026/feb/28/at-least-15-killed-as-cash-laden-military-cargo-plane-crashes-in-bolivia already exists.
2026-03-02 08:07:01,866 - INFO - [The Guardian] Early skip: URL https://www.theguardian.com/us-news/2026/feb/27/trump-cuba-regime-change already exists.
2026-03-02 08:07:01,867 - INFO - [The Guardian] Early skip: URL https://www.theguardian.com/us-news/2026/feb/27/cbp-border-drone-military-democrats already exists.
2026-03-02 08:07:01,868 - INFO - [The Guardian] Early skip: URL https://www.theguardian.com/world/2026/feb/27/argentina-labor-law-overhaul already exists.
2026-03-02 08:07:01,870 - INFO - [The Guardian] Early skip: URL https://www.theguardian.com/world/2026/mar/02/new-caledonia-shark-attack-culling already exists.
2026-03-02 08:07:01,871 - INFO - [The Guardian] Early skip: URL https://www.theguardian.com/world/2026/feb/28/bangkok-police-arrests-in-disguise already exists.
2026-03-02 08:07:01,872 - INFO - [The Guardian] Early skip: URL https://www.theguardian.com/world/2026/feb/27/north-korea-kim-jong-un-daughter-ju-ae-succession already exists.
2026-03-02 08:07:01,873 - INFO - [The Guardian] Early skip: URL https://www.theguardian.com/australia-news/2026/feb/27/boss-of-theatre-hosting-chinese-dance-group-shen-yun-in-sydney-wont-be-intimidated-by-outrageous-threats already exists.
2026-03-02 08:07:01,874 - INFO - [The Guardian] Early skip: URL https://www.theguardian.com/world/2026/feb/26/jacinda-ardern-living-in-australia-former-nz-new-zealand-pm already exists.
2026-03-02 08:07:01,876 - INFO - [The Guardian] Article: https://www.theguardian.com/australia-news/2026/mar/02/former-nsw-premier-nick-greiner-warned-executive-of-internal-backlash-over-burying-of-election-defeat-review
2026-03-02 08:07:01,876 - INFO - [The Guardian] Attempt 1/1: Trying with 'requests_browser' strategy...
2026-03-02 08:07:01,946 - INFO - Found 28 articles in BBC RSS feed. Processing until 20 new articles are saved.
2026-03-02 08:07:01,946 - INFO - [BBC] Early skip: URL https://www.bbc.com/news/articles/c1jk922dgjgo?at_medium=RSS&at_campaign=rss already exists.
2026-03-02 08:07:01,947 - INFO - [BBC] Early skip: URL https://www.bbc.com/news/articles/c75evve6l63o?at_medium=RSS&at_campaign=rss already exists.
2026-03-02 08:07:01,948 - INFO - [BBC] Early skip: URL https://www.bbc.com/news/articles/c0lj18d5lx3o?at_medium=RSS&at_campaign=rss already exists.
2026-03-02 08:07:01,950 - INFO - [BBC] Early skip: URL https://www.bbc.com/news/articles/cgjzdlx983po?at_medium=RSS&at_campaign=rss already exists.
2026-03-02 08:07:01,951 - INFO - [BBC] Early skip: URL https://www.bbc.com/news/articles/clyzklvk79yo?at_medium=RSS&at_campaign=rss already exists.
2026-03-02 08:07:01,952 - INFO - [BBC] Early skip: URL https://www.bbc.com/news/articles/c1l7rvqq51eo?at_medium=RSS&at_campaign=rss already exists.
2026-03-02 08:07:01,953 - INFO - [BBC] Early skip: URL https://www.bbc.com/news/articles/c363zkp1pgxo?at_medium=RSS&at_campaign=rss already exists.
2026-03-02 08:07:01,955 - INFO - [BBC] Early skip: URL https://www.bbc.com/news/articles/cgjznzgly0po?at_medium=RSS&at_campaign=rss already exists.
2026-03-02 08:07:01,956 - INFO - [BBC] Early skip: URL https://www.bbc.com/news/articles/c5y6jvlv83ro?at_medium=RSS&at_campaign=rss already exists.
2026-03-02 08:07:01,957 - INFO - [BBC] Early skip: URL https://www.bbc.com/news/articles/cp81wegj123o?at_medium=RSS&at_campaign=rss already exists.
2026-03-02 08:07:01,959 - INFO - [BBC] Early skip: URL https://www.bbc.com/news/articles/cx2dyz6p3weo?at_medium=RSS&at_campaign=rss already exists.
2026-03-02 08:07:01,960 - INFO - [BBC] Early skip: URL https://www.bbc.com/news/articles/cvg345qvld5o?at_medium=RSS&at_campaign=rss already exists.
2026-03-02 08:07:01,961 - INFO - [BBC] Early skip: URL https://www.bbc.com/news/articles/cd6z382de8yo?at_medium=RSS&at_campaign=rss already exists.
2026-03-02 08:07:01,962 - INFO - [BBC] Early skip: URL https://www.bbc.com/news/articles/c0rjpxxpp49o?at_medium=RSS&at_campaign=rss already exists.
2026-03-02 08:07:01,963 - INFO - [BBC] Early skip: URL https://www.bbc.com/news/articles/cx2lgvg5rl1o?at_medium=RSS&at_campaign=rss already exists.
2026-03-02 08:07:01,964 - INFO - [BBC] Early skip: URL https://www.bbc.com/news/articles/c86y5540vnno?at_medium=RSS&at_campaign=rss already exists.
2026-03-02 08:07:01,966 - INFO - [BBC] Early skip: URL https://www.bbc.com/news/articles/c3gdnpjvj4ko?at_medium=RSS&at_campaign=rss already exists.
2026-03-02 08:07:01,967 - INFO - [BBC] Early skip: URL https://www.bbc.com/news/articles/cgqgl3j5nj4o?at_medium=RSS&at_campaign=rss already exists.
2026-03-02 08:07:01,968 - INFO - [BBC] Early skip: URL https://www.bbc.com/news/articles/cwy8ppn4142o?at_medium=RSS&at_campaign=rss already exists.
2026-03-02 08:07:01,969 - INFO - [BBC] Early skip: URL https://www.bbc.com/news/articles/cdr268m5pxro?at_medium=RSS&at_campaign=rss already exists.
2026-03-02 08:07:01,971 - INFO - [BBC] Early skip: URL https://www.bbc.com/news/articles/c9q5wdeg4j8o?at_medium=RSS&at_campaign=rss already exists.
2026-03-02 08:07:01,972 - INFO - [BBC] Early skip: URL https://www.bbc.com/news/articles/c20j5n2w4q6o?at_medium=RSS&at_campaign=rss already exists.
2026-03-02 08:07:01,973 - INFO - [BBC] Early skip: URL https://www.bbc.com/news/articles/cdjmrxkwk3mo?at_medium=RSS&at_campaign=rss already exists.
2026-03-02 08:07:01,975 - INFO - [BBC] Early skip: URL https://www.bbc.com/news/articles/cp85jdqdyq7o?at_medium=RSS&at_campaign=rss already exists.
2026-03-02 08:07:01,976 - INFO - [BBC] Early skip: URL https://www.bbc.com/news/videos/cvgk8vj56v1o?at_medium=RSS&at_campaign=rss already exists.
2026-03-02 08:07:01,978 - INFO - [BBC] Article: https://www.bbc.com/news/videos/clyxdnxe1qvo?at_medium=RSS&at_campaign=rss
2026-03-02 08:07:01,978 - INFO - [BBC] Attempt 1/1: Trying with 'requests_browser' strategy...
2026-03-02 08:07:02,024 - INFO - [The Guardian] Success with 'requests_browser'. Found content (555 words).
2026-03-02 08:07:02,063 - INFO - Saved article: Former NSW Liberal premier Nick Greiner warned executive of internal backlash over burying of election defeat review | Liberal party | The Guardian from The Guardian (555 words)
2026-03-02 08:07:02,312 - WARNING - [BBC] FAILED with 'requests_browser' (content was too short: 89 words).
2026-03-02 08:07:02,312 - ERROR - [BBC] All scrape strategies failed for https://www.bbc.com/news/videos/clyxdnxe1qvo?at_medium=RSS&at_campaign=rss. Falling back to RSS description.
2026-03-02 08:07:02,312 - WARNING - SKIPPED (GLOBAL WORD LIMIT): Article 'Watch: Moment Iran's state TV announces Supreme Leader has been killed' from BBC has only 13 words (Min: 90).
2026-03-02 08:07:03,145 - INFO - Found 0 articles in TechCrunch RSS feed. Processing until 20 new articles are saved.
2026-03-02 08:07:03,166 - INFO - [The Guardian] Early skip: URL https://www.theguardian.com/australia-news/live/2026/mar/02/politics-updates-federal-parliament-anthony-albanese-labor-angus-taylor-coalition-nsw-budget-estimates-iran-war-reactions-ntwnfb already exists.
2026-03-02 08:07:03,168 - INFO - [The Guardian] Early skip: URL https://www.theguardian.com/australia-news/2026/mar/02/pauline-hanson-expected-censure-motion-senate-australian-muslim-comments-ntwnfb already exists.
2026-03-02 08:07:03,169 - INFO - [The Guardian] Early skip: URL https://www.theguardian.com/australia-news/2026/mar/02/angus-taylor-islamic-state-syria-comments-ntwnfb already exists.
2026-03-02 08:07:03,170 - INFO - [The Guardian] Early skip: URL https://www.theguardian.com/australia-news/2026/mar/02/australia-house-prices-interest-rates-buyers already exists.
2026-03-02 08:07:03,171 - INFO - [The Guardian] Early skip: URL https://www.theguardian.com/film/2026/mar/02/teacher-putin-primary-school-propoganda-mr-nobody-against-putin-pavel-talankin already exists.
2026-03-02 08:07:03,173 - INFO - [The Guardian] Early skip: URL https://www.theguardian.com/business/2026/mar/02/rolls-royce-germany-uk-fighter-jet-tufan-erginbilgic already exists.
2026-03-02 08:07:03,174 - INFO - [The Guardian] Early skip: URL https://www.theguardian.com/uk-news/2026/mar/01/shabana-mahmood-denmark-uk-immigration already exists.
2026-03-02 08:07:03,175 - INFO - [The Guardian] Early skip: URL https://www.theguardian.com/world/2026/mar/01/suspected-russian-shadow-fleet-tanker-seized-north-sea already exists.
2026-03-02 08:07:03,176 - INFO - [The Guardian] Early skip: URL https://www.theguardian.com/business/2026/mar/01/investment-ai-resistant-halo-companies-uk-eu-markets-goldman-sachs already exists.
2026-03-02 08:07:03,178 - INFO - [The Guardian] Early skip: URL https://www.theguardian.com/world/live/2026/mar/02/us-israel-war-iran-live-updates-attacks-strikes-tehran-lebanon-beirut-hezbollah-dubai-latest-news already exists.
2026-03-02 08:07:03,179 - INFO - [The Guardian] Early skip: URL https://www.theguardian.com/world/2026/mar/02/uk-airbase-raf-akrotiri-cyprus-suspected-drone-strike already exists.
2026-03-02 08:07:03,180 - INFO - [The Guardian] Early skip: URL https://www.theguardian.com/world/2026/mar/02/flights-cancelled-middle-east-travel-chaos-us-israeli-iran-conflictflights-cancelled-middle-east-travel-chaos-us-israeli-iran-conflict already exists.
2026-03-02 08:07:03,181 - INFO - [The Guardian] Early skip: URL https://www.theguardian.com/world/2026/mar/02/monday-briefing-what-does-the-escalation-in-the-middle-east-mean-for-global-stability already exists.
2026-03-02 08:07:03,183 - INFO - [The Guardian] Early skip: URL https://www.theguardian.com/world/2026/mar/01/trump-open-to-talks-with-iran-as-conflict-deepens-in-middle-east already exists.
2026-03-02 08:07:03,184 - INFO - [The Guardian] Early skip: URL https://www.theguardian.com/world/2026/mar/02/afghanistan-pakistan-airstrikes-bagram-airbase already exists.
2026-03-02 08:07:03,185 - INFO - [The Guardian] Early skip: URL https://www.theguardian.com/world/2026/feb/28/us-backs-pakistans-right-to-defend-itself-against-taliban-after-strikes-on-afghanistan already exists.
2026-03-02 08:07:03,186 - INFO - [The Guardian] Early skip: URL https://www.theguardian.com/world/2026/feb/27/pakistan-miscalculation-taliban-afghanistan already exists.
2026-03-02 08:07:03,187 - INFO - [The Guardian] Early skip: URL https://www.theguardian.com/world/2026/feb/27/pakistan-declares-state-of-open-war-after-bombing-major-afghan-cities already exists.
2026-03-02 08:07:03,188 - INFO - [The Guardian] Early skip: URL https://www.theguardian.com/world/live/2026/feb/27/pakistan-afghanistan-taliban-war-cross-border-kabul-latest-news-updates already exists.
2026-03-02 08:07:03,190 - INFO - [The Guardian] Early skip: URL https://www.theguardian.com/society/2026/mar/02/senior-council-officers-building-work-hit-by-delays already exists.
2026-03-02 08:07:03,191 - INFO - [The Guardian] Early skip: URL https://www.theguardian.com/society/2026/mar/02/labour-council-minister-steve-reed-moral-bankruptcy-social-care-dispute already exists.
2026-03-02 08:07:03,192 - INFO - [The Guardian] Early skip: URL https://www.theguardian.com/society/2026/mar/01/menopause-mental-illness-royal-college-of-psychiatrists-poll already exists.
2026-03-02 08:07:03,193 - INFO - [The Guardian] Early skip: URL https://www.theguardian.com/uk-news/2026/mar/01/uk-teenagers-pilot-social-media-ban-smartphone-restrictions already exists.
2026-03-02 08:07:03,194 - INFO - [The Guardian] Early skip: URL https://www.theguardian.com/uk-news/2026/mar/01/shabana-mahmood-to-limit-refugees-to-30-months-in-uk already exists.
2026-03-02 08:07:03,195 - INFO - [The Guardian] Early skip: URL https://www.theguardian.com/us-news/2026/mar/01/texas-bar-shooting already exists.
2026-03-02 08:07:03,196 - INFO - [The Guardian] Early skip: URL https://www.theguardian.com/us-news/2026/mar/01/trump-more-deaths-military-iran already exists.
2026-03-02 08:07:03,198 - INFO - [The Guardian] Early skip: URL https://www.theguardian.com/film/2026/mar/01/delroy-lindo-baftas-support-michael-b-jordan already exists.
2026-03-02 08:07:03,199 - INFO - [The Guardian] Early skip: URL https://www.theguardian.com/us-news/2026/mar/01/arkansas-police-trooper-car-ramming-pit already exists.
2026-03-02 08:07:03,201 - INFO - [The Guardian] Article: https://www.theguardian.com/politics/audio/2026/mar/01/peacemaker-trump-starts-war-with-iran-podcast
2026-03-02 08:07:03,201 - INFO - [The Guardian] Attempt 1/1: Trying with 'requests_browser' strategy...
2026-03-02 08:07:03,238 - WARNING - [The Guardian] FAILED with 'requests_browser' (content was too short: 44 words).
2026-03-02 08:07:03,238 - ERROR - [The Guardian] All scrape strategies failed for https://www.theguardian.com/politics/audio/2026/mar/01/peacemaker-trump-starts-war-with-iran-podcast. Falling back to RSS description.
2026-03-02 08:07:03,238 - WARNING - SKIPPED (GLOBAL WORD LIMIT): Article '‘Peacemaker’ Trump starts a war with Iran – podcast' from The Guardian has only 89 words (Min: 90).
2026-03-02 08:07:03,586 - INFO - [BBC] Early skip: URL https://www.bbc.com/news/videos/clyv5rnd8r0o?at_medium=RSS&at_campaign=rss already exists.
2026-03-02 08:07:03,588 - INFO - [BBC] Article: https://www.bbc.com/news/videos/c2d1zj43zr6o?at_medium=RSS&at_campaign=rss
2026-03-02 08:07:03,588 - INFO - [BBC] Attempt 1/1: Trying with 'requests_browser' strategy...
2026-03-02 08:07:03,652 - WARNING - [BBC] FAILED with 'requests_browser' (content was too short: 65 words).
2026-03-02 08:07:03,652 - ERROR - [BBC] All scrape strategies failed for https://www.bbc.com/news/videos/c2d1zj43zr6o?at_medium=RSS&at_campaign=rss. Falling back to RSS description.
2026-03-02 08:07:03,652 - WARNING - SKIPPED (GLOBAL WORD LIMIT): Article 'Celebrations around the world after strikes on Iran' from BBC has only 17 words (Min: 90).
2026-03-02 08:07:10,754 - INFO - Selenium driver initialized successfully.
2026-03-02 08:07:10,754 - INFO - Starting scrape for The Hindu RSS feed: https://www.thehindu.com/news/national/feeder/default.rss
2026-03-02 08:07:10,755 - INFO - Selenium driver initialized successfully.
2026-03-02 08:07:10,755 - INFO - Starting scrape for Times of India RSS feed: https://timesofindia.indiatimes.com/rssfeeds/296589292.cms
2026-03-02 08:07:10,924 - INFO - Found 100 articles in The Hindu RSS feed. Processing until 20 new articles are saved.
2026-03-02 08:07:10,924 - INFO - [The Hindu] Article: https://www.thehindu.com/entertainment/movies/vishwanath-amp-sons-suriya-venky-atluri-film-title-suriya-46-mamitha-baiju-july-2026-release/article70694371.ece
2026-03-02 08:07:10,924 - INFO - [The Hindu] Attempt 1/1: Trying with 'selenium_browser' strategy...
2026-03-02 08:07:11,069 - INFO - Found 20 articles in Times of India RSS feed. Processing until 20 new articles are saved.
2026-03-02 08:07:11,070 - INFO - [Times of India] Article: https://timesofindia.indiatimes.com/world/middle-east/uae-gold-prices-jump-over-dh10-as-usiran-tensions-escalate-in-middle-east/articleshow/128940683.cms
2026-03-02 08:07:11,070 - INFO - [Times of India] Attempt 1/1: Trying with 'selenium_browser' strategy...
2026-03-02 08:07:30,983 - ERROR - [The Hindu] Request failed for strategy 'selenium_browser' on URL https://www.thehindu.com/entertainment/movies/vishwanath-amp-sons-suriya-venky-atluri-film-title-suriya-46-mamitha-baiju-july-2026-release/article70694371.ece: Message: timeout: Timed out receiving message from renderer: 19.770
  (Session info: chrome=145.0.7632.116)
Stacktrace:
#0 0x55df26bdcb6a <unknown>
#1 0x55df265efa32 <unknown>
#2 0x55df265d7007 <unknown>
#3 0x55df265d6c16 <unknown>
#4 0x55df265d4731 <unknown>
#5 0x55df265d50bf <unknown>
#6 0x55df265e4560 <unknown>
#7 0x55df265fe707 <unknown>
#8 0x55df266058db <unknown>
#9 0x55df265d5829 <unknown>
#10 0x55df265fe49c <unknown>
#11 0x55df2668d6e1 <unknown>
#12 0x55df26636c0f <unknown>
#13 0x55df266379d1 <unknown>
#14 0x55df26ba16b9 <unknown>
#15 0x55df26ba45c1 <unknown>
#16 0x55df26b8de29 <unknown>
#17 0x55df26ba517e <unknown>
#18 0x55df26b744b0 <unknown>
#19 0x55df26bc9578 <unknown>
#20 0x55df26bc974b <unknown>
#21 0x55df26bdb1a3 <unknown>
#22 0x7fac6e69caa4 <unknown>
#23 0x7fac6e729c6c <unknown>

2026-03-02 08:07:30,983 - ERROR - [The Hindu] All scrape strategies failed for https://www.thehindu.com/entertainment/movies/vishwanath-amp-sons-suriya-venky-atluri-film-title-suriya-46-mamitha-baiju-july-2026-release/article70694371.ece. Falling back to RSS description.
2026-03-02 08:07:30,985 - WARNING - SKIPPED (GLOBAL WORD LIMIT): Article '‘Vishwanath & Sons’: Suriya-Venky Atluri film gets a title' from The Hindu has only 29 words (Min: 90).
2026-03-02 08:07:31,756 - INFO - [The Hindu] Article: https://www.thehindu.com/news/national/kerala/israel-iran-conflict-keralite-expatriates-in-gulf-face-heightened-anxiety-and-fear-amid-escalating-tensions-in-west-asia/article70694285.ece
2026-03-02 08:07:31,756 - INFO - [The Hindu] Attempt 1/1: Trying with 'selenium_browser' strategy...
2026-03-02 08:07:37,720 - INFO - [The Hindu] Page content loaded.
2026-03-02 08:07:37,912 - INFO - [The Hindu] Success with 'selenium_browser'. Found content (842 words).
2026-03-02 08:07:38,268 - INFO - Saved article: Israel-Iran conflict: Keralite expatriates in Gulf face heightened anxiety and fear amid escalating tensions in West Asia - The Hindu from The Hindu (842 words)
2026-03-02 08:07:39,167 - INFO - [The Hindu] Article: https://www.thehindu.com/news/national/uttar-pradesh/girl-administered-injection-at-medical-store-in-ups-gorakhpur-dies/article70694345.ece
2026-03-02 08:07:39,167 - INFO - [The Hindu] Attempt 1/1: Trying with 'selenium_browser' strategy...
2026-03-02 08:07:40,786 - INFO - [The Hindu] Page content loaded.
2026-03-02 08:07:41,067 - INFO - [The Hindu] Success with 'selenium_browser'. Found content (260 words).
2026-03-02 08:07:41,190 - INFO - Saved article: Girl administered injection at medical store in UP's Gorakhpur, dies - The Hindu from The Hindu (260 words)
2026-03-02 08:07:41,782 - INFO - [The Hindu] Article: https://www.thehindu.com/news/national/pm-modi-holds-bilateral-talks-with-mark-carney-reviews-progress-of-india-canada-strategic-ties/article70694239.ece
2026-03-02 08:07:41,783 - INFO - [The Hindu] Attempt 1/1: Trying with 'selenium_browser' strategy...
2026-03-02 08:07:50,954 - ERROR - [Times of India] Request failed for strategy 'selenium_browser' on URL https://timesofindia.indiatimes.com/world/middle-east/uae-gold-prices-jump-over-dh10-as-usiran-tensions-escalate-in-middle-east/articleshow/128940683.cms: Message: timeout: Timed out receiving message from renderer: 19.269
  (Session info: chrome=145.0.7632.116)
Stacktrace:
#0 0x563f9b240b6a <unknown>
#1 0x563f9ac53a32 <unknown>
#2 0x563f9ac3b007 <unknown>
#3 0x563f9ac3ac16 <unknown>
#4 0x563f9ac38731 <unknown>
#5 0x563f9ac390bf <unknown>
#6 0x563f9ac48560 <unknown>
#7 0x563f9ac62707 <unknown>
#8 0x563f9ac698db <unknown>
#9 0x563f9ac39829 <unknown>
#10 0x563f9ac6249c <unknown>
#11 0x563f9acf16e1 <unknown>
#12 0x563f9ac9ac0f <unknown>
#13 0x563f9ac9b9d1 <unknown>
#14 0x563f9b2056b9 <unknown>
#15 0x563f9b2085c1 <unknown>
#16 0x563f9b1f1e29 <unknown>
#17 0x563f9b20917e <unknown>
#18 0x563f9b1d84b0 <unknown>
#19 0x563f9b22d578 <unknown>
#20 0x563f9b22d74b <unknown>
#21 0x563f9b23f1a3 <unknown>
#22 0x7f939409caa4 <unknown>
#23 0x7f9394129c6c <unknown>

2026-03-02 08:07:50,954 - ERROR - [Times of India] All scrape strategies failed for https://timesofindia.indiatimes.com/world/middle-east/uae-gold-prices-jump-over-dh10-as-usiran-tensions-escalate-in-middle-east/articleshow/128940683.cms. Falling back to RSS description.
2026-03-02 08:07:50,954 - WARNING - SKIPPED (GLOBAL WORD LIMIT): Article 'UAE gold prices jump over Dh10 as US–Iran tensions escalate in Middle East' from Times of India has only 53 words (Min: 90).
2026-03-02 08:07:51,648 - INFO - [Times of India] Article: https://timesofindia.indiatimes.com/world/us/shooting-in-us-one-killed-during-opening-of-nipsey-hussles-marathon-burger/articleshow/128938666.cms
2026-03-02 08:07:51,648 - INFO - [Times of India] Attempt 1/1: Trying with 'selenium_browser' strategy...
2026-03-02 08:07:56,184 - INFO - [The Hindu] Page content loaded.
2026-03-02 08:07:56,429 - INFO - [The Hindu] Success with 'selenium_browser'. Found content (419 words).
2026-03-02 08:07:56,535 - INFO - Saved article: PM Modi holds bilateral talks with Canada PM Mark Carney, reviews progress of India-Canada strategic ties - The Hindu from The Hindu (419 words)
2026-03-02 08:07:57,558 - INFO - [The Hindu] Article: https://www.thehindu.com/news/national/tamil-nadu/vck-leader-thirumavalavan-confident-congress-will-remain-in-dmk-led-alliance/article70694275.ece
2026-03-02 08:07:57,558 - INFO - [The Hindu] Attempt 1/1: Trying with 'selenium_browser' strategy...
2026-03-02 08:07:59,553 - INFO - [The Hindu] Page content loaded.
2026-03-02 08:07:59,775 - INFO - [The Hindu] Success with 'selenium_browser'. Found content (336 words).
2026-03-02 08:07:59,984 - INFO - Saved article: VCK leader Thirumavalavan confident Congress will remain in DMK-led alliance - The Hindu from The Hindu (336 words)
2026-03-02 08:08:00,928 - INFO - [The Hindu] Article: https://www.thehindu.com/news/national/telangana/rahul-gandhi-in-telanganas-vikarabad-to-attend-congress-meetings/article70694130.ece
2026-03-02 08:08:00,929 - INFO - [The Hindu] Attempt 1/1: Trying with 'selenium_browser' strategy...
2026-03-02 08:08:05,931 - INFO - [The Hindu] Page content loaded.
2026-03-02 08:08:06,079 - INFO - [The Hindu] Success with 'selenium_browser'. Found content (116 words).
2026-03-02 08:08:06,189 - INFO - Saved article: Rahul Gandhi in Telangana’s Vikarabad to attend Congress meetings - The Hindu from The Hindu (116 words)
2026-03-02 08:08:07,404 - INFO - [The Hindu] Early skip: URL https://www.thehindu.com/news/national/telangana/govt-announces-24x7-control-room-for-telangana-residents-in-affected-regions-of-west-asia/article70694213.ece already exists.
2026-03-02 08:08:07,405 - INFO - [The Hindu] Early skip: URL https://www.thehindu.com/news/national/maharashtra/ajit-pawars-son-shares-video-alleging-vsr-ventures-owner-slept-in-pilots-seat-demands-arrest/article70694139.ece already exists.
2026-03-02 08:08:07,407 - INFO - [The Hindu] Early skip: URL https://www.thehindu.com/news/national/punjab/two-schools-get-bomb-threat-emails-in-punjabs-jalandhar/article70694204.ece already exists.
2026-03-02 08:08:07,408 - INFO - [The Hindu] Early skip: URL https://www.thehindu.com/news/national/kerala/israel-iran-conflict-kerala-postpones-sslc-plus-2-examinations-in-west-asia-region/article70694124.ece already exists.
2026-03-02 08:08:07,409 - INFO - [The Hindu] Early skip: URL https://www.thehindu.com/news/national/kerala/gulf-flight-operations-from-kerala-hit-for-third-day-amid-west-asia-conflict/article70694057.ece already exists.
2026-03-02 08:08:07,411 - INFO - [The Hindu] Early skip: URL https://www.thehindu.com/news/national/maharashtra/nagpur-factory-blast-directors-arrested/article70694045.ece already exists.
2026-03-02 08:08:07,412 - INFO - [The Hindu] Early skip: URL https://www.thehindu.com/news/cities/bangalore/iran-israel-conflict24-flights-cancelled-at-bengaluru-airport/article70693995.ece already exists.
2026-03-02 08:08:07,413 - INFO - [The Hindu] Early skip: URL https://www.thehindu.com/news/national/maharashtra/ex-parliamentarian-and-academician-janardan-waghmare-dies/article70694067.ece already exists.
2026-03-02 08:08:07,414 - INFO - [The Hindu] Early skip: URL https://www.thehindu.com/news/national/karnataka/109-persons-from-karnataka-stranded-in-west-asia-as-airspace-closure-disrupts-flights/article70694065.ece already exists.
2026-03-02 08:08:07,415 - INFO - [The Hindu] Early skip: URL https://www.thehindu.com/news/national/west-bengal/panic-anger-ripple-across-matua-belt-as-sir-deletions-reopen-citizenship-faultlines-before-bengal-polls/article70694039.ece already exists.
2026-03-02 08:08:07,417 - INFO - [The Hindu] Early skip: URL https://www.thehindu.com/news/cities/Delhi/schools-in-delhi-receive-bomb-threat-security-check-underway/article70694023.ece already exists.
2026-03-02 08:08:07,418 - INFO - [The Hindu] Early skip: URL https://www.thehindu.com/news/national/jammu-and-kashmir/restrictions-imposed-in-kashmir-after-protests-over-killing-of-irans-supreme-leader-ali-khamenei/article70693917.ece already exists.
2026-03-02 08:08:07,419 - INFO - [The Hindu] Early skip: URL https://www.thehindu.com/news/national/kerala/manjummel-boys-director-chidambaram-booked-for-sexual-harassment-following-actors-complaint/article70693906.ece already exists.
2026-03-02 08:08:07,420 - INFO - [The Hindu] Early skip: URL https://www.thehindu.com/news/national/karnataka/janawadi-mahila-sanghatane-to-stage-protest-at-freedom-park-in-bengaluru-on-march-5-over-policies-impacting-women-farmers-labourers-and-senior-citizens/article70692142.ece already exists.
2026-03-02 08:08:07,421 - INFO - [The Hindu] Early skip: URL https://www.thehindu.com/sci-tech/technology/amazon-india-slashes-seller-referral-fees-in-retail-growth-push/article70693736.ece already exists.
2026-03-02 08:08:07,423 - INFO - [The Hindu] Early skip: URL https://www.thehindu.com/news/national/karnataka/aec-formulating-safety-standards-before-allowing-private-players-in-nuclear-power-sector-in-india/article70692100.ece already exists.
2026-03-02 08:08:07,424 - INFO - [The Hindu] Early skip: URL https://www.thehindu.com/news/national/odisha/odisha-police-declare-2-more-districts-maoist-free/article70693851.ece already exists.
2026-03-02 08:08:07,425 - INFO - [The Hindu] Early skip: URL https://www.thehindu.com/sci-tech/technology/airtel-google-partner-to-check-spam-in-messages/article70693776.ece already exists.
2026-03-02 08:08:07,426 - INFO - [The Hindu] Early skip: URL https://www.thehindu.com/news/national/karnataka/special-intensive-revision-is-turning-millions-of-voters-into-outsiders-in-their-own-country/article70692452.ece already exists.
2026-03-02 08:08:07,428 - INFO - [The Hindu] Early skip: URL https://www.thehindu.com/news/national/telangana/students-have-the-power-to-shape-the-nation-says-former-diplomat/article70691463.ece already exists.
2026-03-02 08:08:07,429 - INFO - [The Hindu] Early skip: URL https://www.thehindu.com/news/national/karnataka/karnataka-mla-expresses-condolences-on-death-of-irans-leader-ayatollah-syed-ali-khamenei/article70692147.ece already exists.
2026-03-02 08:08:07,430 - INFO - [The Hindu] Early skip: URL https://www.thehindu.com/news/national/kerala/keralas-peoples-plan-campaign-key-lessons-and-the-road-ahead/article70479132.ece already exists.
2026-03-02 08:08:07,431 - INFO - [The Hindu] Early skip: URL https://www.thehindu.com/news/national/telangana/brs-mla-kaushik-reddy-alleges-misuse-of-govt-vehicles-by-karimnagar-cp/article70692649.ece already exists.
2026-03-02 08:08:07,432 - INFO - [The Hindu] Early skip: URL https://www.thehindu.com/news/national/madhya-pradesh/madhya-pradesh-cm-yadav-releases-gharials-turtles-at-kuno-national-park/article70692554.ece already exists.
2026-03-02 08:08:07,433 - INFO - [The Hindu] Early skip: URL https://www.thehindu.com/business/markets/will-leverage-tech-to-crack-down-on-market-manipulators-says-sebi-chief/article70691965.ece already exists.
2026-03-02 08:08:07,435 - INFO - [The Hindu] Early skip: URL https://www.thehindu.com/news/national/pm-modi-speaks-with-netanyahu-to-discuss-current-regional-situation-in-west-asia/article70692995.ece already exists.
2026-03-02 08:08:07,436 - INFO - [The Hindu] Early skip: URL https://www.thehindu.com/news/national/tamil-nadu/riviera-2026-at-vit-concludes/article70692001.ece already exists.
2026-03-02 08:08:07,437 - INFO - [The Hindu] Early skip: URL https://www.thehindu.com/news/national/tamil-nadu/iit-madras-likely-to-fetch-70-crore-via-stake-salein-indo-mim-ipo-to-invest-in-innovation/article70692088.ece already exists.
2026-03-02 08:08:07,438 - INFO - [The Hindu] Early skip: URL https://www.thehindu.com/news/national/tamil-nadu/chief-minister-to-inaugurate-critical-care-block-in-jawadhu-hills/article70692046.ece already exists.
2026-03-02 08:08:07,439 - INFO - [The Hindu] Early skip: URL https://www.thehindu.com/news/national/dmks-offer-of-25-seats-not-acceptable-says-congress-leader/article70692887.ece already exists.
2026-03-02 08:08:07,441 - INFO - [The Hindu] Early skip: URL https://www.thehindu.com/news/cities/Delhi/work-with-courage-take-risks-face-probe-agencies-sisodia-rallies-aap-cadre/article70692866.ece already exists.
2026-03-02 08:08:07,442 - INFO - [The Hindu] Early skip: URL https://www.thehindu.com/news/national/killing-of-khamenei-and-attack-on-iran-signal-the-revival-of-regime-change-doctrine-and-coercive-unilateralism-kharge/article70692696.ece already exists.
2026-03-02 08:08:07,443 - INFO - [The Hindu] Early skip: URL https://www.thehindu.com/news/national/tamil-nadu/construction-company-penalised-for-violating-safety-norms/article70691619.ece already exists.
2026-03-02 08:08:07,444 - INFO - [The Hindu] Early skip: URL https://www.thehindu.com/news/national/tamil-nadu/naagamapp-to-list-100-snake-rescuers-more-to-be-trained-in-handling-reptiles/article70691773.ece already exists.
2026-03-02 08:08:07,445 - INFO - [The Hindu] Early skip: URL https://www.thehindu.com/news/cities/Hyderabad/middle-east-airspace-closures-trigger-flight-disruptions-at-hyderabad-airport-48-cancellations-on-march-1/article70691562.ece already exists.
2026-03-02 08:08:07,447 - INFO - [The Hindu] Early skip: URL https://www.thehindu.com/sport/cricket/from-the-valley-to-the-pinnacle-of-domestic-cricket-the-j-k-story/article70692834.ece already exists.
2026-03-02 08:08:07,448 - INFO - [The Hindu] Early skip: URL https://www.thehindu.com/news/national/andhra-pradesh/over-2500-drug-addicts-identified-during-awareness-campaign-ntr-commissioner-of-police/article70692056.ece already exists.
2026-03-02 08:08:07,449 - INFO - [The Hindu] Early skip: URL https://www.thehindu.com/news/national/andhra-pradesh/over-5000-students-showcase-industry-ready-skills-at-hackathon/article70692258.ece already exists.
2026-03-02 08:08:07,450 - INFO - [The Hindu] Early skip: URL https://www.thehindu.com/news/national/andhra-pradesh/srinivasa-kalyanam-celebrated-with-grandeur-in-vuyyuru/article70691869.ece already exists.
2026-03-02 08:08:07,451 - INFO - [The Hindu] Article: https://www.thehindu.com/news/national/kerala/ec-to-visit-kerala-on-march-6-7-to-assess-poll-preparedness/article70692821.ece
2026-03-02 08:08:07,452 - INFO - [The Hindu] Attempt 1/1: Trying with 'selenium_browser' strategy...
2026-03-02 08:08:09,840 - INFO - [The Hindu] Page content loaded.
2026-03-02 08:08:09,916 - WARNING - [The Hindu] FAILED with 'selenium_browser' (content was too short: 70 words).
2026-03-02 08:08:09,916 - ERROR - [The Hindu] All scrape strategies failed for https://www.thehindu.com/news/national/kerala/ec-to-visit-kerala-on-march-6-7-to-assess-poll-preparedness/article70692821.ece. Falling back to RSS description.
2026-03-02 08:08:09,916 - WARNING - SKIPPED (GLOBAL WORD LIMIT): Article 'EC to visit Kerala on March 6, 7 to assess poll preparedness' from The Hindu has only 3 words (Min: 90).
2026-03-02 08:08:10,683 - INFO - [The Hindu] Early skip: URL https://www.thehindu.com/news/national/telangana/government-conspiring-to-destroy-education-system-in-telangana-praveen-kumar/article70692578.ece already exists.
2026-03-02 08:08:10,685 - INFO - [The Hindu] Early skip: URL https://www.thehindu.com/news/national/india-stands-in-solidarity-pm-modi-speaks-to-uae-president-condemns-attacks-on-gulf-nation/article70692804.ece already exists.
2026-03-02 08:08:10,686 - INFO - [The Hindu] Early skip: URL https://www.thehindu.com/news/national/tamil-nadu/ficci-flo-honours-women-achievers-from-various-fields/article70692219.ece already exists.
2026-03-02 08:08:10,687 - INFO - [The Hindu] Early skip: URL https://www.thehindu.com/news/national/kerala/cpim-slams-congress-over-thalassery-riots-row/article70692042.ece already exists.
2026-03-02 08:08:10,688 - INFO - [The Hindu] Early skip: URL https://www.thehindu.com/news/national/andhra-pradesh/ekadasa-rudra-parayanam-concludes-at-srisailam-as-part-of-sri-satya-sai-baba-centenary-celebrations/article70691896.ece already exists.
2026-03-02 08:08:10,689 - INFO - [The Hindu] Early skip: URL https://www.thehindu.com/news/national/karnataka/a-map-to-guide-you-to-bengalurus-pink-tabebuia-bloom/article70692418.ece already exists.
2026-03-02 08:08:10,691 - INFO - [The Hindu] Early skip: URL https://www.thehindu.com/news/national/andhra-pradesh/fire-breaks-out-at-nellore-ggh-no-casualties-reported/article70692679.ece already exists.
2026-03-02 08:08:10,692 - INFO - [The Hindu] Early skip: URL https://www.thehindu.com/news/national/indians-among-those-injured-in-iranian-strikes-says-uae/article70692102.ece already exists.
2026-03-02 08:08:10,693 - INFO - [The Hindu] Early skip: URL https://www.thehindu.com/news/national/andhra-pradesh/anakapalli-police-conduct-raids-on-firecracker-manufacturing-units/article70692538.ece already exists.
2026-03-02 08:08:10,694 - INFO - [The Hindu] Early skip: URL https://www.thehindu.com/news/national/andhra-pradesh/9-of-10-anganwadi-demands-met-says-ap-tdp-chief/article70692618.ece already exists.
2026-03-02 08:08:10,696 - INFO - [The Hindu] Early skip: URL https://www.thehindu.com/news/cities/bangalore/463-trees-of-34-species-cost-of-orange-line-metro-realignment-in-nagarabhavi/article70691183.ece already exists.
2026-03-02 08:08:10,697 - INFO - [The Hindu] Early skip: URL https://www.thehindu.com/news/national/west-bengal/bjp-begins-campaign-for-bengal-assembly-elections-with-parivartan-yatras/article70692222.ece already exists.
2026-03-02 08:08:10,698 - INFO - [The Hindu] Early skip: URL https://www.thehindu.com/news/national/opposition-parties-condemn-killing-of-irans-leader-khamenei-as-immoral-unlawful/article70692424.ece already exists.
2026-03-02 08:08:10,699 - INFO - [The Hindu] Early skip: URL https://www.thehindu.com/news/national/tamil-nadu/mmk-condemns-attack-on-iran-and-killing-of-supreme-leader/article70692654.ece already exists.
2026-03-02 08:08:10,701 - INFO - [The Hindu] Early skip: URL https://www.thehindu.com/news/national/punjab/amit-shah-asks-punjab-govt-to-act-against-religious-conversions/article70692384.ece already exists.
2026-03-02 08:08:10,702 - INFO - [The Hindu] Early skip: URL https://www.thehindu.com/news/national/indian-airlines-cancel-350-flights-to-west-asia-and-beyond/article70692408.ece already exists.
2026-03-02 08:08:10,703 - INFO - [The Hindu] Early skip: URL https://www.thehindu.com/news/national/maharashtra/maharashtra-canada-ties-poised-for-dynamic-growth-fadnavis/article70692360.ece already exists.
2026-03-02 08:08:10,704 - INFO - [The Hindu] Early skip: URL https://www.thehindu.com/news/national/telangana/five-arrested-with-over-6-kg-ganja-in-separate-cases/article70692602.ece already exists.
2026-03-02 08:08:10,705 - INFO - [The Hindu] Early skip: URL https://www.thehindu.com/news/national/kerala/kcbc-seeks-prayers-to-end-west-asia-strife/article70692545.ece already exists.
2026-03-02 08:08:10,706 - INFO - [The Hindu] Early skip: URL https://www.thehindu.com/news/national/andhra-pradesh/infinitus-2026-concludes-on-a-high-note-at-srm-university-ap/article70692345.ece already exists.
2026-03-02 08:08:10,708 - INFO - [The Hindu] Early skip: URL https://www.thehindu.com/news/national/telangana/displaced-poor-families-pour-out-woes-before-ncst-member/article70692498.ece already exists.
2026-03-02 08:08:10,709 - INFO - [The Hindu] Early skip: URL https://www.thehindu.com/news/national/telangana/drunk-student-arrested-for-crashing-luxury-car-attempting-to-run-over-traffic-constable-in-gachibowli/article70692377.ece already exists.
2026-03-02 08:08:10,710 - INFO - [The Hindu] Early skip: URL https://www.thehindu.com/news/national/telangana/congress-team-visits-sabarmati-riverfront-and-compares-it-with-musi-rejuvenation/article70692403.ece already exists.
2026-03-02 08:08:10,711 - INFO - [The Hindu] Early skip: URL https://www.thehindu.com/news/national/andhra-pradesh/congress-slams-vijayawada-mp-over-stalled-flyovers-bypass/article70692432.ece already exists.
2026-03-02 08:08:10,713 - INFO - [The Hindu] Early skip: URL https://www.thehindu.com/news/national/mha-cautions-states-against-possible-violence-in-the-wake-of-us-israel-military-strikes-against-iran/article70692234.ece already exists.
2026-03-02 08:08:10,714 - INFO - [The Hindu] Early skip: URL https://www.thehindu.com/news/cities/Hyderabad/renowned-urdu-writer-jeelani-bano-passes-away-at-90/article70692446.ece already exists.
2026-03-02 08:08:10,715 - INFO - [The Hindu] Early skip: URL https://www.thehindu.com/news/national/karnataka/gba-and-bda-to-draft-separate-revised-master-plans/article70671023.ece already exists.
2026-03-02 08:08:10,716 - INFO - [The Hindu] Early skip: URL https://www.thehindu.com/news/national/telangana/telangana-families-worry-about-gulf-migrant-workers-amid-west-asia-tensions/article70692242.ece already exists.
2026-03-02 08:08:10,717 - INFO - [The Hindu] Early skip: URL https://www.thehindu.com/news/national/kerala/report-not-against-any-community-says-j-b-koshy/article70692333.ece already exists.
2026-03-02 08:08:10,719 - INFO - [The Hindu] Early skip: URL https://www.thehindu.com/news/national/telangana/from-panic-to-precaution-many-from-telangana-stranded-some-in-safe-zone/article70692290.ece already exists.
2026-03-02 08:08:10,720 - INFO - [The Hindu] Early skip: URL https://www.thehindu.com/news/national/telangana/telangana-dgp-advocates-tech-driven-initiatives-for-enhanced-cyber-safety-awareness/article70692279.ece already exists.
2026-03-02 08:08:10,721 - INFO - [The Hindu] Early skip: URL https://www.thehindu.com/news/national/tamil-nadu/tn-ministers-competing-among-themselves-to-indulge-in-scams-modi/article70692264.ece already exists.
2026-03-02 08:08:10,722 - INFO - [The Hindu] Early skip: URL https://www.thehindu.com/news/national/andhra-pradesh/cleaners-mandatory-in-lorries-entering-gajuwaka/article70692125.ece already exists.
2026-03-02 08:08:10,724 - INFO - [The Hindu] Early skip: URL https://www.thehindu.com/news/national/karnataka/karnataka-urges-centres-intervention-in-evacuation-of-those-stranded-in-west-asia/article70692270.ece already exists.
2026-03-02 08:08:10,725 - INFO - [The Hindu] Early skip: URL https://www.thehindu.com/news/national/andhra-pradesh/sleaze-video-ttd-chairman-br-naidu-warns-of-action-against-those-resorting-to-smear-campaign/article70692119.ece already exists.
2026-03-02 08:08:10,726 - INFO - [The Hindu] Early skip: URL https://www.thehindu.com/news/national/andhra-pradesh/kakinada-blast-cracker-unit-owners-employed-workers-stored-explosives-beyond-permissible-level-to-supply-for-weddings-local-festival/article70691796.ece already exists.
2026-03-02 08:08:10,727 - INFO - [The Hindu] Early skip: URL https://www.thehindu.com/news/national/karnataka/helpline-set-up-for-stranded-travellers-from-belagavi/article70692235.ece already exists.
2026-03-02 08:08:10,728 - INFO - [The Hindu] Early skip: URL https://www.thehindu.com/news/national/kerala/kerala-chief-ministers-moment-with-young-landslide-survivor-takes-political-turn/article70692209.ece already exists.
2026-03-02 08:08:10,730 - INFO - [The Hindu] Early skip: URL https://www.thehindu.com/news/national/karnataka/hindutva-organisations-take-out-massive-rally-in-bagalkot/article70692324.ece already exists.
2026-03-02 08:08:10,731 - INFO - [The Hindu] Early skip: URL https://www.thehindu.com/news/national/andhra-pradesh/chief-justice-of-india-surya-kant-stresses-on-building-a-mediation-culture-for-resolving-disputes-amicably/article70692158.ece already exists.
2026-03-02 08:08:10,732 - INFO - [The Hindu] Early skip: URL https://www.thehindu.com/news/national/andhra-pradesh/kakani-somireddy-trade-charges-over-100-crore-land-row-in-nellore/article70692213.ece already exists.
2026-03-02 08:08:10,733 - INFO - [The Hindu] Early skip: URL https://www.thehindu.com/news/national/kerala/297-crore-beach-circuit-project-to-link-kuzhipilly-cherai-and-munambam/article70692153.ece already exists.
2026-03-02 08:08:10,734 - INFO - [The Hindu] Early skip: URL https://www.thehindu.com/news/national/kerala/paddy-procurement-chaos-deepens-in-palakkad/article70692221.ece already exists.
2026-03-02 08:08:10,735 - INFO - [The Hindu] Early skip: URL https://www.thehindu.com/news/national/tamil-nadu/nlcil-signs-moa-with-iisc-bengaluru-for-project-on-innovation-in-mining/article70691532.ece already exists.
2026-03-02 08:08:10,737 - INFO - [The Hindu] Early skip: URL https://www.thehindu.com/news/national/andhra-pradesh/heavy-rush-at-kanaka-durga-temple-arrangements-in-place-for-maha-kumbhabhishekam/article70691295.ece already exists.
2026-03-02 08:08:10,738 - INFO - [The Hindu] Early skip: URL https://www.thehindu.com/news/cities/bangalore/swachh-bharat-who-will-empty-the-44-lakh-toilet-pits/article70687900.ece already exists.
2026-03-02 08:08:10,739 - INFO - [The Hindu] Early skip: URL https://www.thehindu.com/news/national/andhra-pradesh/andhra-pradesh-achieves-record-gst-collection-in-february-2026/article70691836.ece already exists.
2026-03-02 08:08:10,740 - INFO - [The Hindu] Early skip: URL https://www.thehindu.com/news/national/karnataka/about-200-persons-have-called-karnataka-government-seeking-help/article70692070.ece already exists.
2026-03-02 08:08:10,741 - INFO - [The Hindu] Early skip: URL https://www.thehindu.com/news/national/andhra-pradesh/ap-to-see-normal-to-above-normal-maximum-temperatures-this-summer/article70688042.ece already exists.
2026-03-02 08:08:10,743 - INFO - [The Hindu] Early skip: URL https://www.thehindu.com/news/cities/Visakhapatnam/over-800-cyclists-kick-off-fit-india-carnival-in-vizag/article70691652.ece already exists.
2026-03-02 08:08:10,744 - INFO - [The Hindu] Early skip: URL https://www.thehindu.com/news/national/telangana/ktr-assures-musi-project-victims-of-raising-issue-in-assembly/article70692150.ece already exists.
2026-03-02 08:08:10,745 - INFO - [The Hindu] Early skip: URL https://www.thehindu.com/news/national/andhra-pradesh/left-parties-condemn-military-action-by-us-and-israel-on-iran/article70691382.ece already exists.
2026-03-02 08:08:10,746 - INFO - [The Hindu] Early skip: URL https://www.thehindu.com/news/national/kerala/cpim-general-secretary-ma-baby-condemns-us-israel-attacks-on-iran-killing-of-khamenei/article70692096.ece already exists.
2026-03-02 08:08:10,747 - INFO - [The Hindu] Early skip: URL https://www.thehindu.com/news/national/telangana/cm-moving-around-with-a-crowbar-in-hand-says-ramchander-rao-bjp-chief-accuses-govt-of-violating-court-orders-in-khammam-demolition-drive/article70691768.ece already exists.
2026-03-02 08:08:10,749 - INFO - [The Hindu] (Thread) Finished. Attempting to shut down its Selenium driver.
2026-03-02 08:08:10,883 - INFO - [The Hindu] (Thread) driver.quit() successful.
2026-03-02 08:08:11,659 - ERROR - [Times of India] Request failed for strategy 'selenium_browser' on URL https://timesofindia.indiatimes.com/world/us/shooting-in-us-one-killed-during-opening-of-nipsey-hussles-marathon-burger/articleshow/128938666.cms: Message: timeout: Timed out receiving message from renderer: 19.418
  (Session info: chrome=145.0.7632.116)
Stacktrace:
#0 0x563f9b240b6a <unknown>
#1 0x563f9ac53a32 <unknown>
#2 0x563f9ac3b007 <unknown>
#3 0x563f9ac3ac16 <unknown>
#4 0x563f9ac38731 <unknown>
#5 0x563f9ac390bf <unknown>
#6 0x563f9ac48560 <unknown>
#7 0x563f9ac62707 <unknown>
#8 0x563f9ac698db <unknown>
#9 0x563f9ac39829 <unknown>
#10 0x563f9ac6249c <unknown>
#11 0x563f9acf16e1 <unknown>
#12 0x563f9ac9ac0f <unknown>
#13 0x563f9ac9b9d1 <unknown>
#14 0x563f9b2056b9 <unknown>
#15 0x563f9b2085c1 <unknown>
#16 0x563f9b1f1e29 <unknown>
#17 0x563f9b20917e <unknown>
#18 0x563f9b1d84b0 <unknown>
#19 0x563f9b22d578 <unknown>
#20 0x563f9b22d74b <unknown>
#21 0x563f9b23f1a3 <unknown>
#22 0x7f939409caa4 <unknown>
#23 0x7f9394129c6c <unknown>

2026-03-02 08:08:11,659 - ERROR - [Times of India] All scrape strategies failed for https://timesofindia.indiatimes.com/world/us/shooting-in-us-one-killed-during-opening-of-nipsey-hussles-marathon-burger/articleshow/128938666.cms. Falling back to RSS description.
2026-03-02 08:08:11,659 - WARNING - SKIPPED (GLOBAL WORD LIMIT): Article 'Shooting in US: One killed during opening of Nipsey Hussle's Marathon Burger' from Times of India has only 48 words (Min: 90).
2026-03-02 08:08:12,691 - INFO - [Times of India] Article: https://timesofindia.indiatimes.com/world/middle-east/us-f-15-down-in-kuwait-iran-shares-video-showing-fighter-jet-engulfed-in-flames-pilots-ejecting/articleshow/128938747.cms
2026-03-02 08:08:12,691 - INFO - [Times of India] Attempt 1/1: Trying with 'selenium_browser' strategy...
2026-03-02 08:08:14,191 - INFO - [Times of India] Page content loaded.
2026-03-02 08:08:14,322 - INFO - [Times of India] Success with 'selenium_browser'. Found content (636 words).
2026-03-02 08:08:14,405 - INFO - Saved article: Us F 15 Fighter Jet Crash: US F-15 down in Kuwait? Iran shares video showing fighter jet engulfed in flames, pilots ejecting - The Times of India from Times of India (636 words)
2026-03-02 08:08:15,620 - INFO - [Times of India] Early skip: URL https://timesofindia.indiatimes.com/world/middle-east/uae-issues-fraud-alert-ministry-warns-against-impersonation-calls-and-data-theft/articleshow/128938076.cms already exists.
2026-03-02 08:08:15,623 - INFO - [Times of India] Early skip: URL https://timesofindia.indiatimes.com/world/us/your-wife-is-indian-us-rep-brandon-gill-faces-backlash-over-anti-immigration-post/articleshow/128935024.cms already exists.
2026-03-02 08:08:15,627 - INFO - [Times of India] Early skip: URL https://timesofindia.indiatimes.com/world/middle-east/kuwait-interior-ministry-announces-temporary-ban-on-fishing-boats-and-outdoor-gatherings-amid-iran-israel-conflict/articleshow/128936334.cms already exists.
2026-03-02 08:08:15,630 - INFO - [Times of India] Early skip: URL https://timesofindia.indiatimes.com/world/middle-east/gave-us-free-food-and-hotel-vouchers-stranded-indian-traveller-praises-uae-support-after-airspace-shutdown/articleshow/128935937.cms already exists.
2026-03-02 08:08:15,632 - INFO - [Times of India] Early skip: URL https://timesofindia.indiatimes.com/world/middle-east/satellite-images-show-impact-of-iran-missile-and-drone-attacks-on-dubai/articleshow/128935750.cms already exists.
2026-03-02 08:08:15,633 - INFO - [Times of India] Early skip: URL https://timesofindia.indiatimes.com/world/pakistan/taliban-strike-multiple-military-bases-in-pakistan-strategic-nur-khan-airbase-in-rawalpindi-hit/articleshow/128935227.cms already exists.
2026-03-02 08:08:15,634 - INFO - [Times of India] Early skip: URL https://timesofindia.indiatimes.com/world/middle-east/safe-haven-image-cracks-as-iran-drones-target-us-gulf-allies-dubai-hotel-airport-hit/articleshow/128934030.cms already exists.
2026-03-02 08:08:15,635 - INFO - [Times of India] Early skip: URL https://timesofindia.indiatimes.com/world/middle-east/all-expenses-paid-uae-covers-accommodation-meals-flights-for-20000-stranded-travellers-in-emirates-amid-iranusisrael-war/articleshow/128933522.cms already exists.
2026-03-02 08:08:15,637 - INFO - [Times of India] Early skip: URL https://timesofindia.indiatimes.com/world/middle-east/khamenei-sought-to-turn-iran-into-a-regional-powerhouse/articleshow/128933878.cms already exists.
2026-03-02 08:08:15,638 - INFO - [Times of India] Early skip: URL https://timesofindia.indiatimes.com/world/middle-east/iran-war-khamenei-had-planned-for-transition-of-power/articleshow/128933831.cms already exists.
2026-03-02 08:08:15,641 - INFO - [Times of India] Early skip: URL https://timesofindia.indiatimes.com/world/middle-east/israel-iran-war-news-live-udates-conflict-attack-middle-east-state-of-emergency-explosions-tehran-gulf-countries-trump-us-ali-khamenei/liveblog/128933029.cms already exists.
2026-03-02 08:08:15,643 - INFO - [Times of India] Early skip: URL https://timesofindia.indiatimes.com/world/middle-east/uae-intercepts-drone-debris-injures-civilians-as-it-hits-etihad-towers-in-abu-dhabi-amid-iranusisrael-conflict/articleshow/128932729.cms already exists.
2026-03-02 08:08:15,644 - INFO - [Times of India] Early skip: URL https://timesofindia.indiatimes.com/world/middle-east/middle-east-tensions-surge-saudi-arabia-summons-iran-envoy-in-escalating-gulf-crisis-amid-us-israel-attacks/articleshow/128932382.cms already exists.
2026-03-02 08:08:15,646 - INFO - [Times of India] Early skip: URL https://timesofindia.indiatimes.com/world/us/4000-year-old-36-swords-seized-at-a-us-port-in-philadelphia-in-a-bizarre-smuggling-case/articleshow/128931238.cms already exists.
2026-03-02 08:08:15,647 - INFO - [Times of India] Article: https://timesofindia.indiatimes.com/world/middle-east/israel-iran-war-gccs-largest-container-port-jebel-ali-shut-for-bit-says-report/articleshow/128930009.cms
2026-03-02 08:08:15,647 - INFO - [Times of India] Attempt 1/1: Trying with 'selenium_browser' strategy...
2026-03-02 08:08:16,622 - INFO - [Times of India] Page content loaded.
2026-03-02 08:08:16,761 - INFO - [Times of India] Success with 'selenium_browser'. Found content (429 words).
2026-03-02 08:08:16,827 - INFO - Saved article: Explained: Why Jebel Ali port operations were briefly suspended amid Iran–US–Israel escalation - The Times of India from Times of India (429 words)
2026-03-02 08:08:17,562 - INFO - [Times of India] Early skip: URL https://timesofindia.indiatimes.com/world/middle-east/refunds-free-hotels-rebooking-food-provisions-uae-survival-guide-for-tourists-stuck-in-emirates-amid-iran-and-usisrael-war/articleshow/128929208.cms already exists.
2026-03-02 08:08:17,563 - INFO - [Times of India] Early skip: URL https://timesofindia.indiatimes.com/world/middle-east/usisrael-war-on-iran-day-2-dos-donts-missile-alerts-school-closures-other-critical-updates-for-uae-residents-as-emirates-on-high-alert/articleshow/128928208.cms already exists.
2026-03-02 08:08:17,565 - INFO - [Times of India] (Thread) Finished. Attempting to shut down its Selenium driver.
2026-03-02 08:08:17,685 - INFO - [Times of India] (Thread) driver.quit() successful.
2026-03-02 08:08:17,686 - INFO - Shutting down thread pool (wait=False)...
2026-03-02 08:08:17,686 - INFO - Scraped: 2 Times of India, 5 The Hindu, 0 BBC, 1 The Guardian, 0 TechCrunch articles. (Total saved: 8)
2026-03-02 08:08:17,686 - INFO - --- Scraping job finished ---
2026-03-02 08:08:17,692 - INFO - --- Scraper service stopped and database connection closed. ---
2026-03-02 08:08:17,692 - INFO - --- Main thread finished. Forcing process exit to kill zombie threads. ---
