2025-12-26 21:23:31,920 - INFO - Loading AI Semantic Model (all-MiniLM-L6-v2)...
2025-12-26 21:23:31,920 - INFO - Use pytorch device_name: cpu
2025-12-26 21:23:31,920 - INFO - Load pretrained SentenceTransformer: all-MiniLM-L6-v2
2025-12-26 21:23:32,468 - INFO - AI Model loaded successfully.
2025-12-26 21:23:32,469 - INFO - --- Scraper service started (CI Mode: Run Once) ---
2025-12-26 21:23:32,469 - INFO - --- Starting new scraping job (Parallel Mode) ---
2025-12-26 21:23:32,469 - INFO - Creating new robust session with 3 retries on 5xx/connection/read errors.
2025-12-26 21:23:32,469 - INFO - Proxy is DISABLED.
2025-12-26 21:23:32,469 - INFO - Starting scrape for BBC RSS feed: http://feeds.bbci.co.uk/news/world/rss.xml
2025-12-26 21:23:32,470 - INFO - [Times of India] (Thread) requires Selenium. Initializing driver...
2025-12-26 21:23:32,470 - INFO - Starting scrape for The Guardian RSS feed: https://www.theguardian.com/world/rss
2025-12-26 21:23:32,471 - INFO - [The Hindu] (Thread) requires Selenium. Initializing driver...
2025-12-26 21:23:32,472 - INFO - Submitted 4 jobs to thread pool. Waiting up to 300s for completion...
2025-12-26 21:23:32,765 - INFO - Found 45 articles in The Guardian RSS feed. Processing up to 30.
2025-12-26 21:23:32,765 - INFO - [The Guardian] Early skip: URL https://www.theguardian.com/world/2025/dec/26/british-egyptian-activist-alaa-abd-el-fattah-arrives-in-uk-after-travel-ban-lifted already exists.
2025-12-26 21:23:32,918 - INFO - [The Guardian] Early skip: URL https://www.theguardian.com/us-news/2025/dec/26/trump-supporters-nigeria-airstrikes already exists.
2025-12-26 21:23:32,937 - INFO - Found 26 articles in BBC RSS feed. Processing up to 30.
2025-12-26 21:23:33,197 - INFO - [The Guardian] Early skip: URL https://www.theguardian.com/world/2025/dec/26/israel-first-country-to-recognise-somaliland-sovereign-state already exists.
2025-12-26 21:23:33,399 - INFO - [BBC] Early skip: URL https://www.bbc.com/news/articles/cp8zg25p26zo?at_medium=RSS&at_campaign=rss already exists.
2025-12-26 21:23:33,557 - INFO - [The Guardian] Early skip: URL https://www.theguardian.com/us-news/live/2025/dec/26/us-nigeria-strikes-militants-donald-trump-zelenskyy-ukraine-epstein-us-politics-latest-news-updates already exists.
2025-12-26 21:23:33,848 - INFO - [BBC] Early skip: URL https://www.bbc.com/news/articles/cj69j8l918do?at_medium=RSS&at_campaign=rss already exists.
2025-12-26 21:23:34,144 - INFO - [The Guardian] Early skip: URL https://www.theguardian.com/world/2025/dec/26/us-warns-of-more-nigeria-strikes-as-abuja-talks-of-joint-ongoing-operations already exists.
2025-12-26 21:23:34,291 - INFO - [BBC] Early skip: URL https://www.bbc.com/news/articles/cx25387dj8no?at_medium=RSS&at_campaign=rss already exists.
2025-12-26 21:23:34,585 - INFO - [The Guardian] Early skip: URL https://www.theguardian.com/world/2025/dec/26/venezuela-political-prisoner-release already exists.
2025-12-26 21:23:34,860 - INFO - [BBC] Early skip: URL https://www.bbc.com/news/articles/c9d9znp22pyo?at_medium=RSS&at_campaign=rss already exists.
2025-12-26 21:23:35,066 - INFO - [The Guardian] Early skip: URL https://www.theguardian.com/world/2025/dec/26/weather-tracker-deep-freeze-canada-us-records-warmest-christmas already exists.
2025-12-26 21:23:35,285 - INFO - [BBC] Early skip: URL https://www.bbc.com/news/articles/c4gk15x85jlo?at_medium=RSS&at_campaign=rss already exists.
2025-12-26 21:23:35,450 - INFO - [The Guardian] Early skip: URL https://www.theguardian.com/environment/2025/dec/25/they-are-scared-of-us-now-how-one-tropical-forest-turned-the-tide-on-loggers already exists.
2025-12-26 21:23:35,589 - INFO - [BBC] Early skip: URL https://www.bbc.com/news/articles/c4g417md05go?at_medium=RSS&at_campaign=rss already exists.
2025-12-26 21:23:35,846 - INFO - [The Guardian] Early skip: URL https://www.theguardian.com/world/2025/dec/25/cape-froward-new-national-park-patagonia-chile already exists.
2025-12-26 21:23:36,067 - INFO - [BBC] Early skip: URL https://www.bbc.com/news/articles/crk7y27vp1eo?at_medium=RSS&at_campaign=rss already exists.
2025-12-26 21:23:36,196 - INFO - [The Guardian] Early skip: URL https://www.theguardian.com/world/2025/dec/24/honduras-nasry-tito-asfura-declared-president-donald-trump-backed already exists.
2025-12-26 21:23:36,487 - INFO - [BBC] Early skip: URL https://www.bbc.com/news/articles/c1lr3p7n87yo?at_medium=RSS&at_campaign=rss already exists.
2025-12-26 21:23:36,699 - INFO - [The Guardian] Early skip: URL https://www.theguardian.com/world/2025/dec/26/former-malaysian-pm-najib-razak-found-guilty-of-abuse-of-power-in-latest-1mdb-trial already exists.
2025-12-26 21:23:36,999 - INFO - [BBC] Early skip: URL https://www.bbc.com/news/articles/ckgzwqjpzp4o?at_medium=RSS&at_campaign=rss already exists.
2025-12-26 21:23:37,111 - INFO - [The Guardian] Early skip: URL https://www.theguardian.com/world/2025/dec/26/china-imposes-sanctions-on-us-defence-firms-over-taiwan-arms-deal already exists.
2025-12-26 21:23:37,296 - INFO - [BBC] Early skip: URL https://www.bbc.com/news/articles/cm21728nwxlo?at_medium=RSS&at_campaign=rss already exists.
2025-12-26 21:23:37,553 - INFO - [The Guardian] Early skip: URL https://www.theguardian.com/world/2025/dec/26/cambodia-accuses-thailand-of-launching-strikes-during-border-peace-talks already exists.
2025-12-26 21:23:37,747 - INFO - [BBC] Early skip: URL https://www.bbc.com/news/articles/c33mx6j5jrvo?at_medium=RSS&at_campaign=rss already exists.
2025-12-26 21:23:38,047 - INFO - [The Guardian] Early skip: URL https://www.theguardian.com/world/2025/dec/26/japan-defence-budget-china already exists.
2025-12-26 21:23:38,188 - INFO - [BBC] Early skip: URL https://www.bbc.com/news/articles/cn98w93l8plo?at_medium=RSS&at_campaign=rss already exists.
2025-12-26 21:23:38,314 - INFO - [The Guardian] Early skip: URL https://www.theguardian.com/world/2025/dec/26/myanmar-junta-prepares-elections-legitimise-power already exists.
2025-12-26 21:23:38,468 - INFO - [BBC] Early skip: URL https://www.bbc.com/news/articles/c898zxyznxpo?at_medium=RSS&at_campaign=rss already exists.
2025-12-26 21:23:38,620 - INFO - [The Guardian] Early skip: URL https://www.theguardian.com/australia-news/2025/dec/26/paddle-boarders-rescued-port-phillip-bay-melbourne already exists.
2025-12-26 21:23:38,783 - INFO - [BBC] Early skip: URL https://www.bbc.com/news/articles/crk733k1k1eo?at_medium=RSS&at_campaign=rss already exists.
2025-12-26 21:23:38,969 - INFO - [The Guardian] Early skip: URL https://www.theguardian.com/australia-news/2025/dec/26/victoria-police-happy-chanukah-car-fire-st-kilda-melbourne-ntwnfb already exists.
2025-12-26 21:23:39,247 - INFO - [BBC] Early skip: URL https://www.bbc.com/news/articles/c623rvzjjd2o?at_medium=RSS&at_campaign=rss already exists.
2025-12-26 21:23:39,351 - INFO - Selenium driver initialized successfully.
2025-12-26 21:23:39,351 - INFO - Starting scrape for Times of India RSS feed: https://timesofindia.indiatimes.com/rssfeeds/296589292.cms
2025-12-26 21:23:39,352 - INFO - Selenium driver initialized successfully.
2025-12-26 21:23:39,352 - INFO - Starting scrape for The Hindu RSS feed: https://www.thehindu.com/news/national/feeder/default.rss
2025-12-26 21:23:39,396 - INFO - [The Guardian] Early skip: URL https://www.theguardian.com/australia-news/2025/dec/26/homes-threatened-as-bushfire-rages-south-east-of-perth-and-storms-hit-queensland-and-northern-territory already exists.
2025-12-26 21:23:39,483 - INFO - Found 100 articles in The Hindu RSS feed. Processing up to 30.
2025-12-26 21:23:39,520 - INFO - Found 20 articles in Times of India RSS feed. Processing up to 30.
2025-12-26 21:23:39,645 - INFO - [BBC] Early skip: URL https://www.bbc.com/news/articles/cd6x75x4j02o?at_medium=RSS&at_campaign=rss already exists.
2025-12-26 21:23:39,810 - INFO - [The Hindu] Article: https://www.thehindu.com/news/national/odisha/disintegration-talk-is-rumour-mongering-bjd-will-survive-for-generations-naveen-patnaik/article70440098.ece
2025-12-26 21:23:39,810 - INFO - [The Hindu] Attempt 1/1: Trying with 'selenium_browser' strategy...
2025-12-26 21:23:39,811 - INFO - [Times of India] Article: https://timesofindia.indiatimes.com/world/us-streamers/nina-lin-unbanned-again-as-twitch-faces-backlash-over-repeated-bans-shoplifting-claims-and-rising-anger-online/articleshow/126195939.cms
2025-12-26 21:23:39,811 - INFO - [Times of India] Attempt 1/1: Trying with 'selenium_browser' strategy...
2025-12-26 21:23:39,812 - INFO - [The Guardian] Early skip: URL https://www.theguardian.com/australia-news/2025/dec/26/man-charged-after-allegedly-performing-nazi-salutes-at-canberra-shopping-centres-ntwnfb already exists.
2025-12-26 21:23:40,066 - INFO - [BBC] Early skip: URL https://www.bbc.com/news/articles/ce8nep787pyo?at_medium=RSS&at_campaign=rss already exists.
2025-12-26 21:23:40,324 - INFO - [The Guardian] Early skip: URL https://www.theguardian.com/australia-news/2025/dec/25/sydney-to-hobart-yacht-race-forecast-to-be-cold-wet-and-bumpy-as-australias-west-faces-cyclone-and-bushfire-threat already exists.
2025-12-26 21:23:40,470 - INFO - [BBC] Early skip: URL https://www.bbc.com/news/articles/c5yj4yvx80do?at_medium=RSS&at_campaign=rss already exists.
2025-12-26 21:23:40,579 - INFO - [The Guardian] Early skip: URL https://www.theguardian.com/world/2025/dec/26/zelenskyy-to-meet-trump-in-coming-days-as-us-steps-up-push-for-ukraine-peace-deal already exists.
2025-12-26 21:23:40,845 - INFO - [The Guardian] Early skip: URL https://www.theguardian.com/world/2025/dec/26/russia-selling-personal-data-leaks-probiv-ukraine-spies already exists.
2025-12-26 21:23:40,968 - INFO - [BBC] Early skip: URL https://www.bbc.com/news/articles/clyd12d38jgo?at_medium=RSS&at_campaign=rss already exists.
2025-12-26 21:23:41,158 - INFO - [The Guardian] Early skip: URL https://www.theguardian.com/us-news/2025/dec/26/brown-shooting-suspect-gruelling-academic-climate-claudio-valente-mental-toll-ex-classmates already exists.
2025-12-26 21:23:41,396 - INFO - [The Guardian] Early skip: URL https://www.theguardian.com/world/2025/dec/26/older-swedes-reap-benefits-late-life-education already exists.
2025-12-26 21:23:41,644 - INFO - [The Guardian] Early skip: URL https://www.theguardian.com/world/2025/dec/25/sergei-udaltsov-terrorism already exists.
2025-12-26 21:23:41,794 - INFO - [BBC] Early skip: URL https://www.bbc.com/news/articles/cvg1361d32ro?at_medium=RSS&at_campaign=rss already exists.
2025-12-26 21:23:41,901 - INFO - [BBC] Early skip: URL https://www.bbc.com/news/videos/clyx049x0z7o?at_medium=RSS&at_campaign=rss already exists.
2025-12-26 21:23:42,150 - INFO - [BBC] Early skip: URL https://www.bbc.com/news/videos/cqxqvd0z5gno?at_medium=RSS&at_campaign=rss already exists.
2025-12-26 21:23:42,366 - INFO - [The Guardian] Early skip: URL https://www.theguardian.com/world/2025/dec/26/palestinian-man-kills-two-in-northern-israel-car-ramming-and-stabbing-attack-police-say already exists.
2025-12-26 21:23:42,554 - INFO - [The Guardian] Early skip: URL https://www.theguardian.com/world/2025/dec/26/southern-separatists-on-rise-in-yemen-report-saudi-airstrikes-near-positions already exists.
2025-12-26 21:23:42,742 - INFO - [BBC] Article: https://www.bbc.com/news/videos/c30j52jrp84o?at_medium=RSS&at_campaign=rss
2025-12-26 21:23:42,743 - INFO - [BBC] Attempt 1/1: Trying with 'requests_browser' strategy...
2025-12-26 21:23:42,744 - INFO - [The Guardian] Early skip: URL https://www.theguardian.com/world/2025/dec/24/israel-condemned-approval-19-settlements-occupied-west-bank already exists.
2025-12-26 21:23:42,865 - INFO - [The Guardian] Early skip: URL https://www.theguardian.com/world/2025/dec/24/israel-strikes-southern-lebanon-as-deadline-to-disarm-hezbollah-nears already exists.
2025-12-26 21:23:42,978 - INFO - [The Guardian] Early skip: URL https://www.theguardian.com/uk-news/2025/dec/22/families-of-palestine-action-hunger-strikers-seek-urgent-meeting-with-lammy already exists.
2025-12-26 21:23:43,259 - INFO - [The Hindu] Page content loaded.
2025-12-26 21:23:43,430 - INFO - [The Hindu] Success with 'selenium_browser'. Found content (371 words).
2025-12-26 21:24:03,062 - WARNING - Retrying (Retry(total=2, connect=True, read=0, redirect=None, status=None)) after connection broken by 'ReadTimeoutError("HTTPSConnectionPool(host='www.bbc.com', port=443): Read timed out. (read timeout=20)")': /news/videos/c30j52jrp84o?at_medium=RSS&at_campaign=rss
2025-12-26 21:24:18,562 - WARNING - [BBC] FAILED with 'requests_browser' (content was too short: 84 words).
2025-12-26 21:24:18,563 - ERROR - [BBC] All scrape strategies failed for https://www.bbc.com/news/videos/c30j52jrp84o?at_medium=RSS&at_campaign=rss. Falling back to RSS description.
2025-12-26 21:24:18,563 - WARNING - SKIPPED (GLOBAL WORD LIMIT): Article 'Watch: Moment robbers rip ATM from inside Texas store' from BBC has only 10 words (Min: 90).
2025-12-26 21:24:46,815 - INFO - Saved article: Disintegration talk is rumour-mongering, BJD will survive for generations: Naveen Patnaik - The Hindu from The Hindu (371 words)
2025-12-26 21:24:46,816 - INFO - [BBC] Article: https://www.bbc.com/news/videos/c8dy3772m1lo?at_medium=RSS&at_campaign=rss
2025-12-26 21:24:46,816 - INFO - [BBC] Attempt 1/1: Trying with 'requests_browser' strategy...
2025-12-26 21:24:46,873 - WARNING - [BBC] FAILED with 'requests_browser' (content was too short: 59 words).
2025-12-26 21:24:46,873 - ERROR - [BBC] All scrape strategies failed for https://www.bbc.com/news/videos/c8dy3772m1lo?at_medium=RSS&at_campaign=rss. Falling back to RSS description.
2025-12-26 21:24:46,873 - WARNING - SKIPPED (GLOBAL WORD LIMIT): Article 'Ho Ho No! Santa pulled over for speeding in Ohio  ' from BBC has only 20 words (Min: 90).
2025-12-26 21:24:47,425 - INFO - [BBC] Article: https://www.bbc.com/news/videos/clydk6vd4rzo?at_medium=RSS&at_campaign=rss
2025-12-26 21:24:47,425 - INFO - [BBC] Attempt 1/1: Trying with 'requests_browser' strategy...
2025-12-26 21:24:47,475 - WARNING - [BBC] FAILED with 'requests_browser' (content was too short: 73 words).
2025-12-26 21:24:47,475 - ERROR - [BBC] All scrape strategies failed for https://www.bbc.com/news/videos/clydk6vd4rzo?at_medium=RSS&at_campaign=rss. Falling back to RSS description.
2025-12-26 21:24:47,475 - WARNING - SKIPPED (GLOBAL WORD LIMIT): Article 'Watch: Huge fireball as tanker explodes on Italian motorway' from BBC has only 21 words (Min: 90).
2025-12-26 21:24:47,577 - INFO - [The Hindu] Early skip: URL https://www.thehindu.com/news/national/kerala/fire-engulfs-plywood-factory-in-perumbavoor/article70440804.ece already exists.
2025-12-26 21:24:47,782 - INFO - [The Hindu] Early skip: URL https://www.thehindu.com/news/national/kerala/theatre-camp-begins-in-kozhikode/article70440304.ece already exists.
2025-12-26 21:24:48,017 - INFO - [The Hindu] Early skip: URL https://www.thehindu.com/news/national/kerala/shrc-seeks-action-against-road-safety-violations-in-city/article70441254.ece already exists.
2025-12-26 21:24:48,152 - INFO - [The Hindu] Early skip: URL https://www.thehindu.com/news/national/kerala/special-drive-under-way-to-track-drunk-driving-in-kozhikode-city/article70439599.ece already exists.
2025-12-26 21:24:48,394 - INFO - [BBC] Early skip: URL https://www.bbc.com/news/videos/c0edjv3jr3po?at_medium=RSS&at_campaign=rss already exists.
2025-12-26 21:24:48,685 - INFO - [The Hindu] Early skip: URL https://www.thehindu.com/news/national/andhra-pradesh/veer-bal-diwas-observed-at-fbs-business-schools/article70440438.ece already exists.
2025-12-26 21:24:48,864 - INFO - [The Hindu] Early skip: URL https://www.thehindu.com/news/national/kerala/mla-told-to-vacate-office/article70440654.ece already exists.
2025-12-26 21:24:49,072 - INFO - [The Hindu] Early skip: URL https://www.thehindu.com/news/national/chhattisgarh/chhattisgarh-liquor-scam-ed-files-final-prosecution-complaint/article70441160.ece already exists.
2025-12-26 21:24:49,358 - INFO - [The Hindu] Early skip: URL https://www.thehindu.com/news/national/kerala/kerala-cm-slams-karnataka-demolitions-calls-it-bulldozer-justice/article70441313.ece already exists.
2025-12-26 21:24:49,494 - INFO - [The Hindu] Early skip: URL https://www.thehindu.com/news/national/tamil-nadu/tamil-nadu-will-teach-befitting-lesson-to-those-who-spread-hatred-cpi-leader-veerapandian/article70439893.ece already exists.
2025-12-26 21:24:49,666 - INFO - [The Hindu] Early skip: URL https://www.thehindu.com/news/national/tamil-nadu/nainar-nagenthran-anbumani-condemn-dmk-govt-for-detaining-protesting-secondary-grade-teachers/article70439975.ece already exists.
2025-12-26 21:24:49,820 - INFO - [The Hindu] Article: https://www.thehindu.com/news/national/tamil-nadu/madras-high-court-grants-interim-bail-to-savukku-shankar-in-17-criminal-cases/article70440811.ece
2025-12-26 21:24:49,820 - INFO - [The Hindu] Attempt 1/1: Trying with 'selenium_browser' strategy...
2025-12-26 21:24:51,705 - INFO - [The Hindu] Page content loaded.
2025-12-26 21:24:51,761 - INFO - [The Hindu] Success with 'selenium_browser'. Found content (540 words).
2025-12-26 21:25:39,860 - INFO - Saved article: Madras High Court grants interim bail to ‘Savukku’ Shankar in 17 criminal cases - The Hindu from The Hindu (540 words)
2025-12-26 21:25:39,861 - ERROR - [Times of India] Request failed for strategy 'selenium_browser' on URL https://timesofindia.indiatimes.com/world/us-streamers/nina-lin-unbanned-again-as-twitch-faces-backlash-over-repeated-bans-shoplifting-claims-and-rising-anger-online/articleshow/126195939.cms: HTTPConnectionPool(host='localhost', port=56747): Read timed out. (read timeout=120)
2025-12-26 21:25:39,862 - ERROR - [Times of India] All scrape strategies failed for https://timesofindia.indiatimes.com/world/us-streamers/nina-lin-unbanned-again-as-twitch-faces-backlash-over-repeated-bans-shoplifting-claims-and-rising-anger-online/articleshow/126195939.cms. Falling back to RSS description.
2025-12-26 21:25:39,862 - WARNING - SKIPPED (GLOBAL WORD LIMIT): Article 'Nina Lin unbanned again as Twitch faces backlash over repeated bans, shoplifting claims' from Times of India has only 51 words (Min: 90).
2025-12-26 21:25:40,390 - INFO - [The Hindu] Article: https://www.thehindu.com/news/national/madhya-pradesh/after-jabalpur-christmas-celebration-disrupted-in-indore-mob-vandalises-decorations/article70440464.ece
2025-12-26 21:25:40,390 - INFO - [The Hindu] Attempt 1/1: Trying with 'selenium_browser' strategy...
2025-12-26 21:25:40,817 - INFO - [Times of India] Article: https://timesofindia.indiatimes.com/world/us/us-influencer-says-indian-man-who-died-at-canada-hospital-after-8-hour-wait-could-have-stayed-in-mumbai/articleshow/126195940.cms
2025-12-26 21:25:40,817 - INFO - [Times of India] Attempt 1/1: Trying with 'selenium_browser' strategy...
2025-12-26 21:25:41,659 - INFO - [The Hindu] Page content loaded.
2025-12-26 21:25:41,747 - INFO - [The Hindu] Success with 'selenium_browser'. Found content (375 words).
2025-12-26 21:26:32,392 - INFO - DEDUPLICATION: Found match (Score: 0.74). Linking to Cluster ID: d9500cac-57b9-475a-b7ec-7209098547b9
2025-12-26 21:26:32,395 - INFO - Saved article: After Jabalpur, Christmas celebration disrupted in Indore; mob vandalises decorations - The Hindu from The Hindu (375 words)
2025-12-26 21:26:33,272 - INFO - [The Hindu] Article: https://www.thehindu.com/news/national/tripura-youth-dies-after-assault-over-racial-slurs-in-dehradun/article70441127.ece
2025-12-26 21:26:33,273 - INFO - [The Hindu] Attempt 1/1: Trying with 'selenium_browser' strategy...
2025-12-26 21:26:34,827 - INFO - [The Hindu] Page content loaded.
2025-12-26 21:26:34,933 - INFO - [The Hindu] Success with 'selenium_browser'. Found content (294 words).
2025-12-26 21:27:24,748 - INFO - Saved article: Tripura youth dies after assault over racial slurs in Dehradun - The Hindu from The Hindu (294 words)
2025-12-26 21:27:25,899 - INFO - [The Hindu] Article: https://www.thehindu.com/news/national/tamil-nadu/ed-dismisses-allegations-that-sand-mining-survey-is-illegal/article70440501.ece
2025-12-26 21:27:25,899 - INFO - [The Hindu] Attempt 1/1: Trying with 'selenium_browser' strategy...
2025-12-26 21:27:27,314 - INFO - [The Hindu] Page content loaded.
2025-12-26 21:27:27,416 - INFO - [The Hindu] Success with 'selenium_browser'. Found content (704 words).
2025-12-26 21:27:40,870 - ERROR - [Times of India] Request failed for strategy 'selenium_browser' on URL https://timesofindia.indiatimes.com/world/us/us-influencer-says-indian-man-who-died-at-canada-hospital-after-8-hour-wait-could-have-stayed-in-mumbai/articleshow/126195940.cms: HTTPConnectionPool(host='localhost', port=56747): Read timed out. (read timeout=120)
2025-12-26 21:27:40,870 - ERROR - [Times of India] All scrape strategies failed for https://timesofindia.indiatimes.com/world/us/us-influencer-says-indian-man-who-died-at-canada-hospital-after-8-hour-wait-could-have-stayed-in-mumbai/articleshow/126195940.cms. Falling back to RSS description.
2025-12-26 21:27:40,870 - WARNING - SKIPPED (GLOBAL WORD LIMIT): Article 'US influencer says Indian man who died at Canada hospital after 8-hour wait 'could have stayed in Mumbai'' from Times of India has only 3 words (Min: 90).
2025-12-26 21:28:15,062 - INFO - DEDUPLICATION: Found match (Score: 0.83). Linking to Cluster ID: 28a98a34-97de-41a7-a96d-eb28c5851e2f
2025-12-26 21:28:15,065 - INFO - Saved article: ED dismisses allegations that sand mining survey is illegal - The Hindu from The Hindu (704 words)
2025-12-26 21:28:15,065 - INFO - [Times of India] Article: https://timesofindia.indiatimes.com/world/us-streamers/plaqueboymax-speaks-out-about-leaving-faze-clan-and-lacy-getting-kicked/articleshow/126195887.cms
2025-12-26 21:28:15,065 - INFO - [Times of India] Attempt 1/1: Trying with 'selenium_browser' strategy...
2025-12-26 21:28:16,055 - INFO - [The Hindu] Early skip: URL https://www.thehindu.com/news/national/tamil-nadu/toddler-dies-after-falling-into-water-tank-near-gudiyatham/article70439761.ece already exists.
2025-12-26 21:28:16,215 - INFO - [The Hindu] Article: https://www.thehindu.com/news/national/telangana/two-year-old-boy-dies-of-suffocation-in-ac-fire-in-kacheguda/article70441287.ece
2025-12-26 21:28:16,216 - INFO - [The Hindu] Attempt 1/1: Trying with 'selenium_browser' strategy...
2025-12-26 21:28:17,527 - INFO - [The Hindu] Page content loaded.
2025-12-26 21:28:17,578 - INFO - [The Hindu] Success with 'selenium_browser'. Found content (146 words).
2025-12-26 21:28:32,472 - CRITICAL - --- TIMEOUT: 2 scrape jobs did not complete in 300s. ---
2025-12-26 21:28:32,472 - ERROR - A thread has timed out and will be abandoned.
2025-12-26 21:28:32,472 - ERROR - A thread has timed out and will be abandoned.
2025-12-26 21:28:32,472 - INFO - Shutting down thread pool (wait=False)...
2025-12-26 21:28:32,472 - INFO - Scraped: 0 The Guardian, 0 BBC, 2 Timed_Out_Jobs articles. (Total saved: 0)
2025-12-26 21:28:32,472 - INFO - --- Scraping job finished ---
2025-12-26 21:28:32,473 - INFO - --- Scraper service stopped and database connection closed. ---
2025-12-26 21:28:32,473 - INFO - --- Main thread finished. Forcing process exit to kill zombie threads. ---
