2025-12-10 15:33:35,198 - INFO - Loading AI Semantic Model (all-MiniLM-L6-v2)...
2025-12-10 15:33:35,199 - INFO - Use pytorch device_name: cpu
2025-12-10 15:33:35,199 - INFO - Load pretrained SentenceTransformer: all-MiniLM-L6-v2
2025-12-10 15:33:36,173 - INFO - AI Model loaded successfully.
2025-12-10 15:33:36,174 - INFO - --- Scraper service started (CI Mode: Run Once) ---
2025-12-10 15:33:36,174 - INFO - --- Starting new scraping job (Parallel Mode) ---
2025-12-10 15:33:36,174 - INFO - Creating new robust session with 3 retries on 5xx/connection/read errors.
2025-12-10 15:33:36,174 - INFO - Proxy is DISABLED.
2025-12-10 15:33:36,174 - INFO - Starting scrape for BBC RSS feed: http://feeds.bbci.co.uk/news/world/rss.xml
2025-12-10 15:33:36,175 - INFO - [Times of India] (Thread) requires Selenium. Initializing driver...
2025-12-10 15:33:36,176 - INFO - Starting scrape for The Guardian RSS feed: https://www.theguardian.com/world/rss
2025-12-10 15:33:36,177 - INFO - [The Hindu] (Thread) requires Selenium. Initializing driver...
2025-12-10 15:33:36,177 - INFO - Submitted 4 jobs to thread pool. Waiting up to 300s for completion...
2025-12-10 15:33:36,310 - INFO - Found 45 articles in The Guardian RSS feed. Processing up to 30.
2025-12-10 15:33:36,310 - INFO - [The Guardian] Early skip: URL https://www.theguardian.com/world/2025/dec/10/burkina-faso-releases-nigerian-troops-unauthorised-emergency-landing already exists.
2025-12-10 15:33:36,387 - INFO - Found 50 articles in BBC RSS feed. Processing up to 30.
2025-12-10 15:33:36,561 - INFO - [BBC] Early skip: URL https://www.bbc.com/news/articles/cwyv5gw95ypo?at_medium=RSS&at_campaign=rss already exists.
2025-12-10 15:33:36,833 - INFO - [The Guardian] Early skip: URL https://www.theguardian.com/world/2025/dec/09/drc-fighting-forces-200000-to-flee-just-days-after-washington-peace-deal already exists.
2025-12-10 15:33:37,062 - INFO - [BBC] Early skip: URL https://www.bbc.com/news/articles/c1dz0g2ykpeo?at_medium=RSS&at_campaign=rss already exists.
2025-12-10 15:33:37,219 - INFO - [The Guardian] Early skip: URL https://www.theguardian.com/world/2025/dec/09/colombian-mercenaries-sudan-sanctions already exists.
2025-12-10 15:33:37,508 - INFO - [BBC] Article: https://www.bbc.com/news/articles/clyz2vyzek9o?at_medium=RSS&at_campaign=rss
2025-12-10 15:33:37,509 - INFO - [BBC] Attempt 1/1: Trying with 'requests_browser' strategy...
2025-12-10 15:33:37,510 - INFO - [The Guardian] Early skip: URL https://www.theguardian.com/world/2025/dec/09/nigeria-troops-held-burkina-faso-emergency-landing already exists.
2025-12-10 15:33:37,722 - INFO - [The Guardian] Early skip: URL https://www.theguardian.com/world/2025/dec/08/white-supremacist-notions-threaten-sovereignty-of-south-africa-ramaphosa already exists.
2025-12-10 15:33:37,837 - INFO - [BBC] Success with 'requests_browser'. Found content (179 words).
2025-12-10 15:33:42,913 - INFO - Selenium driver initialized successfully.
2025-12-10 15:33:42,913 - INFO - Starting scrape for Times of India RSS feed: https://timesofindia.indiatimes.com/rssfeeds/296589292.cms
2025-12-10 15:33:42,915 - INFO - Selenium driver initialized successfully.
2025-12-10 15:33:42,916 - INFO - Starting scrape for The Hindu RSS feed: https://www.thehindu.com/news/national/feeder/default.rss
2025-12-10 15:33:43,125 - INFO - Found 100 articles in The Hindu RSS feed. Processing up to 30.
2025-12-10 15:33:43,253 - INFO - Found 20 articles in Times of India RSS feed. Processing up to 30.
2025-12-10 15:33:43,284 - INFO - DEDUPLICATION: Found match (Score: 0.83). Linking to Cluster ID: 847cb18e-618f-411e-929f-735a2c1774b6
2025-12-10 15:33:43,285 - INFO - Saved article: Judge rules Epstein grand jury records from 2019 can be released from BBC (179 words)
2025-12-10 15:33:43,286 - INFO - [The Guardian] Early skip: URL https://www.theguardian.com/world/2025/dec/10/venezuelan-nobel-peace-prize-winner-maria-corina-machado-not-attend-ceremony-oslo already exists.
2025-12-10 15:33:43,453 - INFO - [The Hindu] Article: https://www.thehindu.com/news/national/andhra-pradesh/koti-santhakala-sekarana-reaches-tirupati/article70381278.ece
2025-12-10 15:33:43,454 - INFO - [The Hindu] Attempt 1/1: Trying with 'selenium_browser' strategy...
2025-12-10 15:33:43,454 - INFO - [Times of India] Article: https://timesofindia.indiatimes.com/world/us/3-months-h-1b-appointment-delay-for-social-media-vetting-expert-says-its-just-an-excuse-they-would-obviously-use-ai/articleshow/125893253.cms
2025-12-10 15:33:43,455 - INFO - [Times of India] Attempt 1/1: Trying with 'selenium_browser' strategy...
2025-12-10 15:33:43,455 - INFO - [The Guardian] Early skip: URL https://www.theguardian.com/us-news/live/2025/dec/09/hegseth-rubio-venezuela-trump-tariffs-pennsylvania-nvidia-china-us-politics-latest-news-updates already exists.
2025-12-10 15:33:43,590 - INFO - [The Guardian] Early skip: URL https://www.theguardian.com/world/2025/dec/09/honduras-president-alleges-electoral-coup-under-way-amid-trump-interference already exists.
2025-12-10 15:33:43,811 - INFO - [The Guardian] Early skip: URL https://www.theguardian.com/world/2025/dec/09/nobel-peace-prize-maria-corina-machado-venezuela-oslo already exists.
2025-12-10 15:33:44,055 - INFO - [The Guardian] Early skip: URL https://www.theguardian.com/us-news/2025/dec/08/trump-mexico-tariffs-water-dispute already exists.
2025-12-10 15:33:44,185 - INFO - [The Guardian] Article: https://www.theguardian.com/film/2025/dec/10/documentary-china-baby-ruth-villaramas-food-delivery-fresh-from-the-west-philippine-sea
2025-12-10 15:33:44,185 - INFO - [The Guardian] Attempt 1/1: Trying with 'requests_browser' strategy...
2025-12-10 15:33:44,424 - INFO - [The Guardian] Success with 'requests_browser'. Found content (655 words).
2025-12-10 15:33:54,470 - INFO - [The Hindu] Page content loaded.
2025-12-10 15:33:54,678 - INFO - [The Hindu] Success with 'selenium_browser'. Found content (166 words).
2025-12-10 15:34:03,098 - INFO - Saved article: ‘The bullying can’t go on’: the film-maker following Filipino fishers under siege by China | Movies | The Guardian from The Guardian (655 words)
2025-12-10 15:34:03,100 - INFO - [BBC] Early skip: URL https://www.bbc.com/news/articles/ckgmy90z991o?at_medium=RSS&at_campaign=rss already exists.
2025-12-10 15:34:03,377 - INFO - [BBC] Early skip: URL https://www.bbc.com/news/articles/cn5l1474yv7o?at_medium=RSS&at_campaign=rss already exists.
2025-12-10 15:34:10,121 - INFO - Saved article: ‘Koti Santhakala Sekarana’ reaches Tirupati - The Hindu from The Hindu (166 words)
2025-12-10 15:34:10,122 - INFO - [BBC] Early skip: URL https://www.bbc.com/news/articles/cly59283d7ko?at_medium=RSS&at_campaign=rss already exists.
2025-12-10 15:34:10,410 - INFO - [The Guardian] Early skip: URL https://www.theguardian.com/world/2025/dec/10/trump-says-end-hostilities-thailand-cambodia already exists.
2025-12-10 15:34:10,677 - INFO - [BBC] Early skip: URL https://www.bbc.com/news/articles/c0edxgx31zdo?at_medium=RSS&at_campaign=rss already exists.
2025-12-10 15:34:10,963 - INFO - [The Guardian] Early skip: URL https://www.theguardian.com/stage/2025/dec/10/japan-releases-playwright-jeremy-o-harris-drug-arrest-ntwnfb already exists.
2025-12-10 15:34:11,201 - INFO - [BBC] Early skip: URL https://www.bbc.com/news/articles/cedx6lqy967o?at_medium=RSS&at_campaign=rss already exists.
2025-12-10 15:34:11,354 - INFO - [The Hindu] Article: https://www.thehindu.com/news/cities/Hyderabad/shop-worker-stabbed-to-death-in-kamatipura/article70380969.ece
2025-12-10 15:34:11,354 - INFO - [The Hindu] Attempt 1/1: Trying with 'selenium_browser' strategy...
2025-12-10 15:34:11,355 - INFO - [The Guardian] Early skip: URL https://www.theguardian.com/technology/2025/dec/08/trump-nvidia-ai-chips-china already exists.
2025-12-10 15:34:11,463 - INFO - [The Guardian] Early skip: URL https://www.theguardian.com/world/2025/dec/09/fatal-thailand-cambodia-clashes-spread-along-contested-border-area already exists.
2025-12-10 15:34:11,609 - INFO - [The Guardian] Early skip: URL https://www.theguardian.com/australia-news/2025/dec/10/australia-senior-politicians-can-claim-unlimited-travel-expenses-for-their-spouse-watchdog-rules-say already exists.
2025-12-10 15:34:11,770 - INFO - [BBC] Early skip: URL https://www.bbc.com/news/articles/c74x03zy19wo?at_medium=RSS&at_campaign=rss already exists.
2025-12-10 15:34:11,936 - INFO - [BBC] Article: https://www.bbc.com/news/articles/c93nxqw00xxo?at_medium=RSS&at_campaign=rss
2025-12-10 15:34:11,937 - INFO - [BBC] Attempt 1/1: Trying with 'requests_browser' strategy...
2025-12-10 15:34:11,946 - INFO - [The Guardian] Early skip: URL https://www.theguardian.com/music/2025/dec/10/king-gizzard-and-the-lizard-wizard-despair-at-ai-clone-appearing-on-spotify already exists.
2025-12-10 15:34:12,063 - INFO - [BBC] Success with 'requests_browser'. Found content (707 words).
2025-12-10 15:34:12,199 - INFO - [The Guardian] Early skip: URL https://www.theguardian.com/australia-news/2025/dec/10/deaths-after-deaths-after-deaths-indigenous-deaths-in-custody-reach-their-highest-level-since-1980 already exists.
2025-12-10 15:34:16,550 - INFO - [The Hindu] Page content loaded.
2025-12-10 15:34:16,938 - INFO - [The Hindu] Success with 'selenium_browser'. Found content (127 words).
2025-12-10 15:34:19,454 - INFO - DEDUPLICATION: Found match (Score: 0.87). Linking to Cluster ID: e613bdbb-e617-4cfe-829e-554aa442271d
2025-12-10 15:34:19,456 - INFO - Saved article: US sanctions network it says recruits Colombian fighters for Sudan's civil war from BBC (707 words)
2025-12-10 15:34:19,456 - INFO - [The Guardian] Early skip: URL https://www.theguardian.com/australia-news/2025/dec/10/how-the-world-media-covered-australias-under-16s-social-media-ban already exists.
2025-12-10 15:34:24,983 - INFO - Saved article: Shop worker stabbed to death in Kamatipura - The Hindu from The Hindu (127 words)
2025-12-10 15:34:24,984 - INFO - [The Guardian] Early skip: URL https://www.theguardian.com/australia-news/live/2025/dec/10/under-16s-social-media-ban-reaction-victoria-vce-atar-results-queensland-parliament-mcphillamys-goldmine-federal-court-hearing-anthony-albanese-labor-sussan-ley-coalition-migration-policy-ntwnfb already exists.
2025-12-10 15:34:25,160 - INFO - [BBC] Early skip: URL https://www.bbc.com/news/articles/cvgrkev9erpo?at_medium=RSS&at_campaign=rss already exists.
2025-12-10 15:34:25,315 - INFO - [The Guardian] Early skip: URL https://www.theguardian.com/world/live/2025/dec/10/volodymyr-zelenskyy-ukraine-election-russia-europe-latest-news-updates already exists.
2025-12-10 15:34:25,589 - INFO - [BBC] Early skip: URL https://www.bbc.com/news/articles/cz7nrze7g8wo?at_medium=RSS&at_campaign=rss already exists.
2025-12-10 15:34:25,853 - INFO - [The Guardian] Early skip: URL https://www.theguardian.com/uk-news/2025/dec/10/british-solider-killed-on-duty-in-ukraine-named-at-lcpl-george-hooley already exists.
2025-12-10 15:34:26,003 - INFO - [BBC] Early skip: URL https://www.bbc.com/news/articles/cgl6gkd7pz6o?at_medium=RSS&at_campaign=rss already exists.
2025-12-10 15:34:26,172 - INFO - [The Hindu] Article: https://www.thehindu.com/news/national/telangana/three-killed-one-injured-as-car-overturns-in-adilabad-district/article70380419.ece
2025-12-10 15:34:26,172 - INFO - [The Hindu] Attempt 1/1: Trying with 'selenium_browser' strategy...
2025-12-10 15:34:26,172 - INFO - [The Guardian] Early skip: URL https://www.theguardian.com/world/2025/dec/10/eu-proposes-exempting-ai-gigafactories-from-environmental-assessments already exists.
2025-12-10 15:34:26,386 - INFO - [BBC] Early skip: URL https://www.bbc.com/news/articles/c80x35dek82o?at_medium=RSS&at_campaign=rss already exists.
2025-12-10 15:34:26,655 - INFO - [The Guardian] Early skip: URL https://www.theguardian.com/world/2025/dec/10/louvre-thieves-evaded-police-with-30-seconds-to-spare-investigation-finds already exists.
2025-12-10 15:34:26,866 - INFO - [The Hindu] Page content loaded.
2025-12-10 15:34:26,910 - INFO - [The Guardian] Early skip: URL https://www.theguardian.com/world/2025/dec/10/italy-cuisine-first-unesco-heritage-recognition already exists.
2025-12-10 15:34:26,942 - INFO - [The Hindu] Success with 'selenium_browser'. Found content (171 words).
2025-12-10 15:34:27,145 - INFO - [BBC] Early skip: URL https://www.bbc.com/news/articles/ckgl63lrpkmo?at_medium=RSS&at_campaign=rss already exists.
2025-12-10 15:34:27,300 - INFO - [BBC] Early skip: URL https://www.bbc.com/news/articles/cqxq38028djo?at_medium=RSS&at_campaign=rss already exists.
2025-12-10 15:34:27,496 - INFO - [BBC] Early skip: URL https://www.bbc.com/news/articles/cvg8m5lj2lzo?at_medium=RSS&at_campaign=rss already exists.
2025-12-10 15:34:27,653 - INFO - [BBC] Early skip: URL https://www.bbc.com/news/articles/cx2pn5dxd0go?at_medium=RSS&at_campaign=rss already exists.
2025-12-10 15:34:27,907 - INFO - [The Guardian] Early skip: URL https://www.theguardian.com/world/2025/dec/09/children-gaza-hospitalised-acute-malnutrition-un-says already exists.
2025-12-10 15:34:34,276 - INFO - Saved article: Three killed, one injured as car overturns in Adilabad district - The Hindu from The Hindu (171 words)
2025-12-10 15:34:34,276 - INFO - [BBC] Early skip: URL https://www.bbc.com/news/articles/cwyx8yj410po?at_medium=RSS&at_campaign=rss already exists.
2025-12-10 15:34:34,486 - INFO - [The Guardian] Early skip: URL https://www.theguardian.com/world/2025/dec/08/yellow-line-that-divides-gaza-under-trump-plan-is-new-border-for-israel-says-military-chief already exists.
2025-12-10 15:34:34,728 - INFO - [The Guardian] Early skip: URL https://www.theguardian.com/politics/2025/dec/08/tony-blair-reportedly-dropped-from-donald-trump-gaza-board-of-peace-shortlist already exists.
2025-12-10 15:34:34,835 - INFO - [BBC] Early skip: URL https://www.bbc.com/news/articles/clydlwldkvko?at_medium=RSS&at_campaign=rss already exists.
2025-12-10 15:34:35,073 - INFO - [The Guardian] Early skip: URL https://www.theguardian.com/world/2025/dec/08/can-syria-president-ahmed-al-sharaa-turn-goodwill-into-tangible-results already exists.
2025-12-10 15:34:35,178 - INFO - [The Hindu] Article: https://www.thehindu.com/news/national/telangana/flagrant-tree-felling-in-new-mla-quarters-goes-unpunished/article70381032.ece
2025-12-10 15:34:35,178 - INFO - [The Hindu] Attempt 1/1: Trying with 'selenium_browser' strategy...
2025-12-10 15:34:35,179 - INFO - [BBC] Early skip: URL https://www.bbc.com/news/articles/c208vd511ljo?at_medium=RSS&at_campaign=rss already exists.
2025-12-10 15:34:35,429 - INFO - [The Guardian] Early skip: URL https://www.theguardian.com/world/2025/dec/08/stalled-justice-violence-syria-assad-one-year-on already exists.
2025-12-10 15:34:35,656 - INFO - [BBC] Early skip: URL https://www.bbc.com/news/articles/c773de38p2go?at_medium=RSS&at_campaign=rss already exists.
2025-12-10 15:34:35,913 - INFO - [BBC] Early skip: URL https://www.bbc.com/news/articles/cx2e0n3p9vvo?at_medium=RSS&at_campaign=rss already exists.
2025-12-10 15:34:36,077 - INFO - [BBC] Early skip: URL https://www.bbc.com/news/articles/crl95eg33k1o?at_medium=RSS&at_campaign=rss already exists.
2025-12-10 15:34:36,270 - INFO - [The Hindu] Page content loaded.
2025-12-10 15:34:36,320 - INFO - [The Hindu] Success with 'selenium_browser'. Found content (359 words).
2025-12-10 15:34:36,333 - INFO - [BBC] Early skip: URL https://www.bbc.com/news/articles/c5yq5zdv907o?at_medium=RSS&at_campaign=rss already exists.
2025-12-10 15:34:42,956 - INFO - Saved article: Flagrant tree felling in New MLA Quarters goes unpunished - The Hindu from The Hindu (359 words)
2025-12-10 15:34:42,957 - INFO - [BBC] Early skip: URL https://www.bbc.com/news/articles/ckg9e1nl40wo?at_medium=RSS&at_campaign=rss already exists.
2025-12-10 15:34:43,140 - INFO - [BBC] Early skip: URL https://www.bbc.com/news/articles/c62vnlg6v6wo?at_medium=RSS&at_campaign=rss already exists.
2025-12-10 15:34:43,296 - INFO - [BBC] Early skip: URL https://www.bbc.com/news/articles/cyvgq5nr05yo?at_medium=RSS&at_campaign=rss already exists.
2025-12-10 15:34:43,481 - INFO - [BBC] Early skip: URL https://www.bbc.com/news/articles/cd6x3vv7y60o?at_medium=RSS&at_campaign=rss already exists.
2025-12-10 15:34:43,690 - INFO - [BBC] Early skip: URL https://www.bbc.com/news/articles/cdjxje2pje1o?at_medium=RSS&at_campaign=rss already exists.
2025-12-10 15:34:43,936 - INFO - [The Hindu] Article: https://www.thehindu.com/news/national/andhra-pradesh/vijayawada-airport-weathered-indigo-crisis-well-says-director/article70380851.ece
2025-12-10 15:34:43,936 - INFO - [The Hindu] Attempt 1/1: Trying with 'selenium_browser' strategy...
2025-12-10 15:34:45,075 - INFO - [The Hindu] Page content loaded.
2025-12-10 15:34:45,170 - INFO - [The Hindu] Success with 'selenium_browser'. Found content (316 words).
2025-12-10 15:34:51,903 - INFO - Saved article: Vijayawada airport weathered IndiGo crisis well, says Director - The Hindu from The Hindu (316 words)
2025-12-10 15:34:52,897 - INFO - [The Hindu] Article: https://www.thehindu.com/news/national/andhra-pradesh/tourism-sector-attracted-30000-cr-investments-in-16-months-kandula-durgesh/article70381163.ece
2025-12-10 15:34:52,897 - INFO - [The Hindu] Attempt 1/1: Trying with 'selenium_browser' strategy...
2025-12-10 15:34:56,241 - INFO - [The Hindu] Page content loaded.
2025-12-10 15:34:56,396 - INFO - [The Hindu] Success with 'selenium_browser'. Found content (308 words).
2025-12-10 15:35:02,504 - INFO - Saved article: Tourism sector attracted ₹30,000 cr. investments in 16 months: Kandula Durgesh - The Hindu from The Hindu (308 words)
2025-12-10 15:35:03,197 - INFO - [The Hindu] Article: https://www.thehindu.com/news/national/kerala/a-day-after-polling-coalitions-start-weighing-up-possibilities/article70380506.ece
2025-12-10 15:35:03,198 - INFO - [The Hindu] Attempt 1/1: Trying with 'selenium_browser' strategy...
2025-12-10 15:35:03,964 - INFO - [The Hindu] Page content loaded.
2025-12-10 15:35:04,005 - INFO - [The Hindu] Success with 'selenium_browser'. Found content (488 words).
2025-12-10 15:35:11,034 - INFO - Saved article: A day after polling, coalitions start weighing up possibilities - The Hindu from The Hindu (488 words)
2025-12-10 15:35:11,884 - INFO - [The Hindu] Article: https://www.thehindu.com/news/cities/Hyderabad/tight-security-in-place-as-state-goes-for-first-phase-of-gram-panchayat-polls/article70380881.ece
2025-12-10 15:35:11,884 - INFO - [The Hindu] Attempt 1/1: Trying with 'selenium_browser' strategy...
2025-12-10 15:35:12,937 - INFO - [The Hindu] Page content loaded.
2025-12-10 15:35:12,981 - INFO - [The Hindu] Success with 'selenium_browser'. Found content (284 words).
2025-12-10 15:35:19,331 - INFO - Saved article: Tight security in place as State goes for first phase of Gram Panchayat polls - The Hindu from The Hindu (284 words)
2025-12-10 15:35:20,011 - INFO - [The Hindu] Article: https://www.thehindu.com/news/national/andhra-pradesh/stage-set-for-kadapa-mayor-election-on-december-11/article70380986.ece
2025-12-10 15:35:20,012 - INFO - [The Hindu] Attempt 1/1: Trying with 'selenium_browser' strategy...
2025-12-10 15:35:20,984 - INFO - [The Hindu] Page content loaded.
2025-12-10 15:35:21,028 - INFO - [The Hindu] Success with 'selenium_browser'. Found content (312 words).
2025-12-10 15:35:27,732 - INFO - Saved article: Stage set for Kadapa Mayor election on December 11 - The Hindu from The Hindu (312 words)
2025-12-10 15:35:28,658 - INFO - [The Hindu] Article: https://www.thehindu.com/news/national/kerala/do-not-delay-anti-ragging-law-kerala-high-court-tells-state-government/article70381191.ece
2025-12-10 15:35:28,659 - INFO - [The Hindu] Attempt 1/1: Trying with 'selenium_browser' strategy...
2025-12-10 15:35:29,629 - INFO - [The Hindu] Page content loaded.
2025-12-10 15:35:29,672 - INFO - [The Hindu] Success with 'selenium_browser'. Found content (301 words).
2025-12-10 15:35:36,510 - INFO - Saved article: Do not delay anti-ragging law, Kerala High Court tells State government - The Hindu from The Hindu (301 words)
2025-12-10 15:35:37,556 - INFO - [The Hindu] Article: https://www.thehindu.com/news/cities/bangalore/skyrocketing-egg-prices-burn-teachers-pockets-to-fuel-midday-meals-in-karnataka/article70380971.ece
2025-12-10 15:35:37,556 - INFO - [The Hindu] Attempt 1/1: Trying with 'selenium_browser' strategy...
2025-12-10 15:35:38,603 - INFO - [The Hindu] Page content loaded.
2025-12-10 15:35:38,646 - INFO - [The Hindu] Success with 'selenium_browser'. Found content (440 words).
2025-12-10 15:35:43,555 - ERROR - [Times of India] Request failed for strategy 'selenium_browser' on URL https://timesofindia.indiatimes.com/world/us/3-months-h-1b-appointment-delay-for-social-media-vetting-expert-says-its-just-an-excuse-they-would-obviously-use-ai/articleshow/125893253.cms: HTTPConnectionPool(host='localhost', port=56635): Read timed out. (read timeout=120)
2025-12-10 15:35:43,555 - ERROR - [Times of India] All scrape strategies failed for https://timesofindia.indiatimes.com/world/us/3-months-h-1b-appointment-delay-for-social-media-vetting-expert-says-its-just-an-excuse-they-would-obviously-use-ai/articleshow/125893253.cms. Falling back to RSS description.
2025-12-10 15:35:43,556 - WARNING - SKIPPED (GLOBAL WORD LIMIT): Article '3 months' delay for H-1B social media vetting? Expert says it's just an excuse, they would obviously use AI' from Times of India has only 3 words (Min: 90).
2025-12-10 15:35:45,188 - INFO - Saved article: Skyrocketing egg prices burn teachers’ pockets to fuel midday meals in Karnataka - The Hindu from The Hindu (440 words)
2025-12-10 15:35:45,188 - INFO - [Times of India] Article: https://timesofindia.indiatimes.com/world/rest-of-world/indian-origin-man-arrested-in-canada-for-faking-medical-condition-to-have-female-physicians-touch-him-used-a-fake-sikh-name/articleshow/125892530.cms
2025-12-10 15:35:45,188 - INFO - [Times of India] Attempt 1/1: Trying with 'selenium_browser' strategy...
2025-12-10 15:35:45,978 - INFO - [The Hindu] Article: https://www.thehindu.com/news/national/west-bengal/row-erupts-over-non-veg-food-sale-at-gita-chanting-event-in-kolkata/article70380616.ece
2025-12-10 15:35:45,978 - INFO - [The Hindu] Attempt 1/1: Trying with 'selenium_browser' strategy...
2025-12-10 15:35:47,003 - INFO - [The Hindu] Page content loaded.
2025-12-10 15:35:47,047 - INFO - [The Hindu] Success with 'selenium_browser'. Found content (580 words).
2025-12-10 15:35:53,528 - INFO - Saved article: Row erupts over non-veg food sale at Gita chanting event in Kolkata - The Hindu from The Hindu (580 words)
2025-12-10 15:35:54,782 - INFO - [The Hindu] Article: https://www.thehindu.com/news/national/karnataka/panchamasali-community-protests-for-reservation/article70381170.ece
2025-12-10 15:35:54,782 - INFO - [The Hindu] Attempt 1/1: Trying with 'selenium_browser' strategy...
2025-12-10 15:35:55,795 - INFO - [The Hindu] Page content loaded.
2025-12-10 15:35:55,839 - INFO - [The Hindu] Success with 'selenium_browser'. Found content (331 words).
2025-12-10 15:36:02,676 - INFO - Saved article: Panchamasali community protests for reservation - The Hindu from The Hindu (331 words)
2025-12-10 15:36:03,685 - INFO - [The Hindu] Article: https://www.thehindu.com/news/national/kerala/human-rights-always-evolving-minister/article70380984.ece
2025-12-10 15:36:03,685 - INFO - [The Hindu] Attempt 1/1: Trying with 'selenium_browser' strategy...
2025-12-10 15:36:04,635 - INFO - [The Hindu] Page content loaded.
2025-12-10 15:36:04,685 - INFO - [The Hindu] Success with 'selenium_browser'. Found content (592 words).
2025-12-10 15:36:11,769 - INFO - Saved article: Human rights always evolving: Minister - The Hindu from The Hindu (592 words)
2025-12-10 15:36:12,812 - INFO - [The Hindu] Article: https://www.thehindu.com/news/cities/Hyderabad/fire-breaks-out-at-ameerpet-coaching-institute-no-injuries-reported/article70381067.ece
2025-12-10 15:36:12,812 - INFO - [The Hindu] Attempt 1/1: Trying with 'selenium_browser' strategy...
2025-12-10 15:36:15,332 - INFO - [The Hindu] Page content loaded.
2025-12-10 15:36:15,648 - INFO - [The Hindu] Success with 'selenium_browser'. Found content (109 words).
2025-12-10 15:36:22,188 - INFO - Saved article: Fire breaks out at Ameerpet coaching institute; no injuries reported - The Hindu from The Hindu (109 words)
2025-12-10 15:36:23,501 - INFO - [The Hindu] Article: https://www.thehindu.com/news/national/karnataka/police-arrest-leaders-to-prevent-job-aspirants-protest-action-condemned/article70381102.ece
2025-12-10 15:36:23,501 - INFO - [The Hindu] Attempt 1/1: Trying with 'selenium_browser' strategy...
2025-12-10 15:36:24,161 - INFO - [The Hindu] Page content loaded.
2025-12-10 15:36:24,203 - INFO - [The Hindu] Success with 'selenium_browser'. Found content (388 words).
2025-12-10 15:36:30,893 - INFO - Saved article: Police arrest leaders to prevent job aspirants’ protest; action condemned - The Hindu from The Hindu (388 words)
2025-12-10 15:36:31,585 - INFO - [The Hindu] Article: https://www.thehindu.com/news/national/andhra-pradesh/pawan-kalyan-underscores-sweeping-reforms-in-panchayat-raj-department-vows-stronger-support-for-employees/article70381041.ece
2025-12-10 15:36:31,585 - INFO - [The Hindu] Attempt 1/1: Trying with 'selenium_browser' strategy...
2025-12-10 15:36:32,529 - INFO - [The Hindu] Page content loaded.
2025-12-10 15:36:32,572 - INFO - [The Hindu] Success with 'selenium_browser'. Found content (370 words).
2025-12-10 15:36:39,416 - INFO - Saved article: Pawan Kalyan underscores sweeping reforms in Panchayat Raj Department, vows stronger support for employees - The Hindu from The Hindu (370 words)
2025-12-10 15:36:40,168 - INFO - [The Hindu] Article: https://www.thehindu.com/news/national/tamil-nadu/coimbatore-gang-rape-three-accused-men-given-copies-of-charge-sheet/article70380673.ece
2025-12-10 15:36:40,168 - INFO - [The Hindu] Attempt 1/1: Trying with 'selenium_browser' strategy...
2025-12-10 15:36:41,194 - INFO - [The Hindu] Page content loaded.
2025-12-10 15:36:41,238 - INFO - [The Hindu] Success with 'selenium_browser'. Found content (279 words).
2025-12-10 15:36:48,491 - INFO - DEDUPLICATION: Found match (Score: 0.70). Linking to Cluster ID: 9b10664d-d0d5-4389-af3d-47f913122ed5
2025-12-10 15:36:48,493 - INFO - Saved article: Coimbatore gang-rape: Three accused men given copies of charge-sheet - The Hindu from The Hindu (279 words)
2025-12-10 15:36:49,852 - INFO - [The Hindu] Article: https://www.thehindu.com/news/cities/bangalore/mobile-phones-weapons-recovered-in-latest-raid-at-bengaluru-central-prison/article70381159.ece
2025-12-10 15:36:49,852 - INFO - [The Hindu] Attempt 1/1: Trying with 'selenium_browser' strategy...
2025-12-10 15:36:50,865 - INFO - [The Hindu] Page content loaded.
2025-12-10 15:36:50,906 - INFO - [The Hindu] Success with 'selenium_browser'. Found content (186 words).
2025-12-10 15:36:58,042 - INFO - Saved article: Mobile phones, weapons recovered in latest raid at Bengaluru Central Prison - The Hindu from The Hindu (186 words)
2025-12-10 15:36:59,234 - INFO - [The Hindu] Article: https://www.thehindu.com/news/national/kerala/complaint-against-evm/article70380823.ece
2025-12-10 15:36:59,234 - INFO - [The Hindu] Attempt 1/1: Trying with 'selenium_browser' strategy...
2025-12-10 15:37:00,235 - INFO - [The Hindu] Page content loaded.
2025-12-10 15:37:00,277 - INFO - [The Hindu] Success with 'selenium_browser'. Found content (153 words).
2025-12-10 15:37:07,471 - INFO - Saved article: Complaint against EVM - The Hindu from The Hindu (153 words)
2025-12-10 15:37:08,272 - INFO - [The Hindu] Article: https://www.thehindu.com/news/national/telangana/name-srsp-after-telangana-armed-struggle-leader-bheemireddy-narsimha-reddy/article70380916.ece
2025-12-10 15:37:08,273 - INFO - [The Hindu] Attempt 1/1: Trying with 'selenium_browser' strategy...
2025-12-10 15:37:09,308 - INFO - [The Hindu] Page content loaded.
2025-12-10 15:37:09,350 - INFO - [The Hindu] Success with 'selenium_browser'. Found content (401 words).
2025-12-10 15:37:16,282 - INFO - Saved article: Name SRSP after Telangana armed struggle leader Bheemireddy Narsimha Reddy - The Hindu from The Hindu (401 words)
2025-12-10 15:37:17,192 - INFO - [The Hindu] Article: https://www.thehindu.com/news/national/jharkhand/bjp-mlas-take-kya-hua-tera-wada-swipe-at-soren-government-in-jharkhand/article70380466.ece
2025-12-10 15:37:17,192 - INFO - [The Hindu] Attempt 1/1: Trying with 'selenium_browser' strategy...
2025-12-10 15:37:18,174 - INFO - [The Hindu] Page content loaded.
2025-12-10 15:37:18,223 - INFO - [The Hindu] Success with 'selenium_browser'. Found content (546 words).
2025-12-10 15:37:25,145 - INFO - Saved article: BJP MLAs take Kya Hua Tera Wada swipe at Soren government in Jharkhand - The Hindu from The Hindu (546 words)
2025-12-10 15:37:26,222 - INFO - [The Hindu] Article: https://www.thehindu.com/news/cities/bangalore/bengaluru-police-intensify-anti-drug-drive-ahead-of-new-year-six-arrested/article70380794.ece
2025-12-10 15:37:26,222 - INFO - [The Hindu] Attempt 1/1: Trying with 'selenium_browser' strategy...
2025-12-10 15:37:27,182 - INFO - [The Hindu] Page content loaded.
2025-12-10 15:37:27,228 - INFO - [The Hindu] Success with 'selenium_browser'. Found content (317 words).
2025-12-10 15:37:34,966 - INFO - Saved article: Bengaluru police intensify anti-drug drive ahead of New Year; six arrested - The Hindu from The Hindu (317 words)
2025-12-10 15:37:35,769 - INFO - [The Hindu] Article: https://www.thehindu.com/news/national/kerala/satheesan-challenges-cm-to-open-debate-issues-detailed-rebuttal-to-cms-posers/article70380630.ece
2025-12-10 15:37:35,769 - INFO - [The Hindu] Attempt 1/1: Trying with 'selenium_browser' strategy...
2025-12-10 15:37:38,181 - INFO - [The Hindu] Page content loaded.
2025-12-10 15:37:38,482 - INFO - [The Hindu] Success with 'selenium_browser'. Found content (488 words).
2025-12-10 15:37:45,065 - INFO - Saved article: Satheesan challenges Pinarayi Vijayan to open debate; issues detailed rebuttal to CM’s posers - The Hindu from The Hindu (488 words)
2025-12-10 15:37:45,194 - ERROR - [Times of India] Request failed for strategy 'selenium_browser' on URL https://timesofindia.indiatimes.com/world/rest-of-world/indian-origin-man-arrested-in-canada-for-faking-medical-condition-to-have-female-physicians-touch-him-used-a-fake-sikh-name/articleshow/125892530.cms: HTTPConnectionPool(host='localhost', port=56635): Read timed out. (read timeout=120)
2025-12-10 15:37:45,195 - ERROR - [Times of India] All scrape strategies failed for https://timesofindia.indiatimes.com/world/rest-of-world/indian-origin-man-arrested-in-canada-for-faking-medical-condition-to-have-female-physicians-touch-him-used-a-fake-sikh-name/articleshow/125892530.cms. Falling back to RSS description.
2025-12-10 15:37:45,195 - WARNING - SKIPPED (GLOBAL WORD LIMIT): Article 'Indian-origin man arrested in Canada for faking medical condition to have female physicians touch him, used a fake Sikh name' from Times of India has only 3 words (Min: 90).
2025-12-10 15:37:46,267 - INFO - [The Hindu] Article: https://www.thehindu.com/news/national/assam/assams-bodoland-conditionally-accepts-st-status-for-six-communities/article70380825.ece
2025-12-10 15:37:46,267 - INFO - [The Hindu] Attempt 1/1: Trying with 'selenium_browser' strategy...
2025-12-10 15:37:46,461 - INFO - [Times of India] Early skip: URL https://timesofindia.indiatimes.com/world/us/zohran-mamdani-is-moving-to-gracie-mansion-all-you-need-to-know-about-the-11000-square-foot-historic-residence/articleshow/125891990.cms already exists.
2025-12-10 15:37:46,701 - INFO - [Times of India] Early skip: URL https://timesofindia.indiatimes.com/world/us/us-techie-says-he-wont-apologize-for-imagine-the-smell-comment-as-it-was-a-harmless-joke-nothing-against-indians/articleshow/125891848.cms already exists.
2025-12-10 15:37:46,917 - INFO - [The Hindu] Page content loaded.
2025-12-10 15:37:46,949 - INFO - [Times of India] Early skip: URL https://timesofindia.indiatimes.com/science/longest-solar-eclipse-in-100-years-to-occur-in-2027-when-where-to-watch-rare-celestial-event-india-visibility-and-viewing-tips/articleshow/125886783.cms already exists.
2025-12-10 15:37:46,962 - INFO - [The Hindu] Success with 'selenium_browser'. Found content (285 words).
2025-12-10 15:37:47,207 - INFO - [Times of India] Early skip: URL https://timesofindia.indiatimes.com/world/us/dont-travel-right-now-immigration-attorneys-advice-to-indian-h-1bs-amid-mass-appointment-rescheduling/articleshow/125890893.cms already exists.
2025-12-10 15:37:47,317 - INFO - [Times of India] Early skip: URL https://timesofindia.indiatimes.com/world/middle-east/emirates-rolls-out-worldwide-christmas-menus-and-festive-experiences-across-its-network/articleshow/125890549.cms already exists.
2025-12-10 15:37:47,513 - INFO - [Times of India] Early skip: URL https://timesofindia.indiatimes.com/world/us-streamers/worlds-most-popular-youtuber-mrbeast-names-the-best-platform-to-build-a-strong-creator-community/articleshow/125889255.cms already exists.
2025-12-10 15:37:54,466 - INFO - Saved article: Assam’s Bodoland conditionally accepts ST status for six communities - The Hindu from The Hindu (285 words)
2025-12-10 15:37:54,466 - INFO - [Times of India] Early skip: URL https://timesofindia.indiatimes.com/world/middle-east/dubai-ruler-names-egyptian-professor-abbas-el-gamal-the-winner-of-the-2025-great-arab-minds-award/articleshow/125889538.cms already exists.
2025-12-10 15:37:54,624 - INFO - [Times of India] Early skip: URL https://timesofindia.indiatimes.com/science/nasa-shows-how-air-travel-can-be-made-safer-for-future/articleshow/125888143.cms already exists.
2025-12-10 15:37:54,798 - INFO - [Times of India] Early skip: URL https://timesofindia.indiatimes.com/world/middle-east/saudi-arabia-updates-corporate-rules-to-identify-beneficial-owners-in-companies/articleshow/125888218.cms already exists.
2025-12-10 15:37:54,973 - INFO - [Times of India] Early skip: URL https://timesofindia.indiatimes.com/science/nasa-astronaut-jonny-kim-returns-after-8-months-in-space-heres-what-he-brought-back-for-humanity/articleshow/125887672.cms already exists.
2025-12-10 15:37:55,205 - INFO - [Times of India] Early skip: URL https://timesofindia.indiatimes.com/world/middle-east/uae-pledges-550-million-in-major-early-commitment-to-uns-2026-humanitarian-appeal/articleshow/125889604.cms already exists.
2025-12-10 15:37:55,504 - INFO - [Times of India] Early skip: URL https://timesofindia.indiatimes.com/world/rest-of-world/japan-quake-authorities-warn-of-earthquake-of-greater-magnitude-injured-toll-rises-to-51/articleshow/125888300.cms already exists.
2025-12-10 15:37:55,762 - INFO - [Times of India] Early skip: URL https://timesofindia.indiatimes.com/world/china/political-manipulation-china-slams-uk-sanctions-on-cyber-firms-london-cites-hybrid-threat/articleshow/125888074.cms already exists.
2025-12-10 15:37:55,970 - INFO - [The Hindu] Article: https://www.thehindu.com/news/national/telangana/kavitha-to-produce-evidence-against-kukatpally-mla/article70380957.ece
2025-12-10 15:37:55,970 - INFO - [The Hindu] Attempt 1/1: Trying with 'selenium_browser' strategy...
2025-12-10 15:37:55,971 - INFO - [Times of India] Early skip: URL https://timesofindia.indiatimes.com/world/middle-east/uae-traffic-alert-key-emirates-road-link-to-shut-from-dec-11/articleshow/125888586.cms already exists.
2025-12-10 15:37:56,258 - INFO - [Times of India] Early skip: URL https://timesofindia.indiatimes.com/world/middle-east/bahrain-announces-public-holidays-for-national-day-and-accession-day-2025/articleshow/125886917.cms already exists.
2025-12-10 15:37:56,483 - INFO - [Times of India] Early skip: URL https://timesofindia.indiatimes.com/world/middle-east/uae-weather-alert-scattered-rain-gusty-winds-and-choppy-seas-expected-from-december-12-to-19/articleshow/125885184.cms already exists.
2025-12-10 15:37:56,716 - INFO - [Times of India] Early skip: URL https://timesofindia.indiatimes.com/world/middle-east/uae-central-bank-clarifies-loan-eligibility-new-nafis-rules-explained-for-loan-seekers/articleshow/125884453.cms already exists.
2025-12-10 15:37:56,963 - INFO - [Times of India] Early skip: URL https://timesofindia.indiatimes.com/world/middle-east/oman-air-expands-network-in-saudi-arabia-with-new-muscattaif-flights-starting-january-2026/articleshow/125884254.cms already exists.
2025-12-10 15:37:56,981 - INFO - [The Hindu] Page content loaded.
2025-12-10 15:37:57,023 - INFO - [The Hindu] Success with 'selenium_browser'. Found content (205 words).
2025-12-10 15:37:57,074 - INFO - [Times of India] (Thread) Finished. Attempting to shut down its Selenium driver.
2025-12-10 15:38:04,963 - INFO - Saved article: Kavitha to produce evidence against Kukatpally MLA - The Hindu from The Hindu (205 words)
2025-12-10 15:38:06,158 - INFO - [The Hindu] Article: https://www.thehindu.com/news/national/kerala/36-lakh-voters-to-elect-their-representatives-to-local-bodies-in-malappuram-on-dec-11/article70381144.ece
2025-12-10 15:38:06,159 - INFO - [The Hindu] Attempt 1/1: Trying with 'selenium_browser' strategy...
2025-12-10 15:38:07,310 - INFO - [The Hindu] Page content loaded.
2025-12-10 15:38:07,353 - INFO - [The Hindu] Success with 'selenium_browser'. Found content (369 words).
2025-12-10 15:38:15,020 - INFO - Saved article: 36 lakh voters to elect their representatives to local bodies in Malappuram on Dec. 11 - The Hindu from The Hindu (369 words)
2025-12-10 15:38:15,690 - INFO - [The Hindu] Article: https://www.thehindu.com/news/national/karnataka/hyderabadhubballi-express-to-run-with-lhb-coaches-and-revised-timings/article70381046.ece
2025-12-10 15:38:15,690 - INFO - [The Hindu] Attempt 1/1: Trying with 'selenium_browser' strategy...
2025-12-10 15:38:16,722 - INFO - [The Hindu] Page content loaded.
2025-12-10 15:38:16,764 - INFO - [The Hindu] Success with 'selenium_browser'. Found content (229 words).
2025-12-10 15:38:24,725 - INFO - Saved article: Hyderabad–Hubballi Express to run with LHB coaches and revised timings - The Hindu from The Hindu (229 words)
2025-12-10 15:38:25,692 - INFO - [The Hindu] Article: https://www.thehindu.com/news/cities/Hyderabad/the-hindu-lit-for-life-dialogue-2025-returns-to-hyderabad-on-dec-12-for-an-evening-of-conversation-and-ideas/article70380653.ece
2025-12-10 15:38:25,692 - INFO - [The Hindu] Attempt 1/1: Trying with 'selenium_browser' strategy...
2025-12-10 15:38:32,436 - INFO - [The Hindu] Page content loaded.
2025-12-10 15:38:32,555 - INFO - [The Hindu] Success with 'selenium_browser'. Found content (280 words).
2025-12-10 15:38:36,177 - CRITICAL - --- TIMEOUT: 2 scrape jobs did not complete in 300s. ---
2025-12-10 15:38:36,177 - ERROR - A thread has timed out and will be abandoned.
2025-12-10 15:38:36,177 - ERROR - A thread has timed out and will be abandoned.
2025-12-10 15:38:36,177 - INFO - Shutting down thread pool (wait=False)...
2025-12-10 15:38:36,178 - INFO - Scraped: 1 The Guardian, 2 BBC, 2 Timed_Out_Jobs articles. (Total saved: 3)
2025-12-10 15:38:36,178 - INFO - --- Scraping job finished ---
2025-12-10 15:38:36,178 - INFO - --- Scraper service stopped and database connection closed. ---
2025-12-10 15:38:36,178 - INFO - --- Main thread finished. Forcing process exit to kill zombie threads. ---
