2025-12-22 18:38:07,524 - INFO - Loading AI Semantic Model (all-MiniLM-L6-v2)...
2025-12-22 18:38:07,525 - INFO - Use pytorch device_name: cpu
2025-12-22 18:38:07,525 - INFO - Load pretrained SentenceTransformer: all-MiniLM-L6-v2
2025-12-22 18:38:08,081 - INFO - AI Model loaded successfully.
2025-12-22 18:38:08,082 - INFO - --- Scraper service started (CI Mode: Run Once) ---
2025-12-22 18:38:08,082 - INFO - --- Starting new scraping job (Parallel Mode) ---
2025-12-22 18:38:08,082 - INFO - Creating new robust session with 3 retries on 5xx/connection/read errors.
2025-12-22 18:38:08,082 - INFO - Proxy is DISABLED.
2025-12-22 18:38:08,082 - INFO - Starting scrape for BBC RSS feed: http://feeds.bbci.co.uk/news/world/rss.xml
2025-12-22 18:38:08,083 - INFO - [Times of India] (Thread) requires Selenium. Initializing driver...
2025-12-22 18:38:08,084 - INFO - Starting scrape for The Guardian RSS feed: https://www.theguardian.com/world/rss
2025-12-22 18:38:08,085 - INFO - [The Hindu] (Thread) requires Selenium. Initializing driver...
2025-12-22 18:38:08,085 - INFO - Submitted 4 jobs to thread pool. Waiting up to 300s for completion...
2025-12-22 18:38:08,276 - INFO - Found 45 articles in The Guardian RSS feed. Processing up to 30.
2025-12-22 18:38:08,276 - INFO - [The Guardian] Early skip: URL https://www.theguardian.com/world/2025/dec/22/freed-nigerian-schoolchildren-set-to-be-reunited-with-families already exists.
2025-12-22 18:38:08,354 - INFO - Found 32 articles in BBC RSS feed. Processing up to 30.
2025-12-22 18:38:08,403 - INFO - [BBC] Early skip: URL https://www.bbc.com/news/articles/ckgmd132ge4o?at_medium=RSS&at_campaign=rss already exists.
2025-12-22 18:38:08,626 - INFO - [The Guardian] Early skip: URL https://www.theguardian.com/world/2025/dec/21/more-kidnapped-schoolchildren-freed-in-nigeria already exists.
2025-12-22 18:38:08,763 - INFO - [BBC] Early skip: URL https://www.bbc.com/news/articles/c8jwn9wznx1o?at_medium=RSS&at_campaign=rss already exists.
2025-12-22 18:38:08,875 - INFO - [The Guardian] Early skip: URL https://www.theguardian.com/uk-news/2025/dec/21/manchester-museum-uncover-hidden-histories-africa-hub already exists.
2025-12-22 18:38:08,993 - INFO - [BBC] Early skip: URL https://www.bbc.com/news/articles/c2084n1pyvdo?at_medium=RSS&at_campaign=rss already exists.
2025-12-22 18:38:09,165 - INFO - [The Guardian] Early skip: URL https://www.theguardian.com/global-development/2025/dec/21/sweden-and-germany-slash-aid-budgets-to-focus-on-ukraine-and-defence-spending already exists.
2025-12-22 18:38:09,456 - INFO - [BBC] Early skip: URL https://www.bbc.com/news/articles/cz0n51p00jmo?at_medium=RSS&at_campaign=rss already exists.
2025-12-22 18:38:09,572 - INFO - [The Guardian] Early skip: URL https://www.theguardian.com/world/2025/dec/21/gunmen-johannesburg-township-in-south-africas-second-mass-shooting-within-weeks already exists.
2025-12-22 18:38:09,772 - INFO - [BBC] Early skip: URL https://www.bbc.com/news/articles/c5ydej888n9o?at_medium=RSS&at_campaign=rss already exists.
2025-12-22 18:38:09,917 - INFO - [The Guardian] Article: https://www.theguardian.com/world/2025/dec/22/ecuador-guayaquil-four-military-sentenced
2025-12-22 18:38:09,917 - INFO - [The Guardian] Attempt 1/1: Trying with 'requests_browser' strategy...
2025-12-22 18:38:09,918 - INFO - [BBC] Early skip: URL https://www.bbc.com/news/articles/ce86l95gx5po?at_medium=RSS&at_campaign=rss already exists.
2025-12-22 18:38:10,037 - INFO - [The Guardian] Success with 'requests_browser'. Found content (578 words).
2025-12-22 18:38:10,070 - INFO - [BBC] Early skip: URL https://www.bbc.com/news/articles/cd74ldr2zryo?at_medium=RSS&at_campaign=rss already exists.
2025-12-22 18:38:13,504 - INFO - Selenium driver initialized successfully.
2025-12-22 18:38:13,504 - INFO - Starting scrape for Times of India RSS feed: https://timesofindia.indiatimes.com/rssfeeds/296589292.cms
2025-12-22 18:38:13,506 - INFO - Selenium driver initialized successfully.
2025-12-22 18:38:13,506 - INFO - Starting scrape for The Hindu RSS feed: https://www.thehindu.com/news/national/feeder/default.rss
2025-12-22 18:38:13,742 - INFO - Found 100 articles in The Hindu RSS feed. Processing up to 30.
2025-12-22 18:38:13,834 - INFO - Found 20 articles in Times of India RSS feed. Processing up to 30.
2025-12-22 18:38:53,238 - INFO - Saved article: Ecuador court sentences 11 air force troops over disappearance of four boys | Ecuador | The Guardian from The Guardian (578 words)
2025-12-22 18:38:53,238 - INFO - [BBC] Article: https://www.bbc.com/news/articles/c5y2veyg1pno?at_medium=RSS&at_campaign=rss
2025-12-22 18:38:53,239 - INFO - [BBC] Attempt 1/1: Trying with 'requests_browser' strategy...
2025-12-22 18:38:53,240 - INFO - [The Hindu] Article: https://www.thehindu.com/news/national/andhra-pradesh/govt-committed-to-welfare-of-christians-says-ap-cm-naidu/article70427204.ece
2025-12-22 18:38:53,240 - INFO - [The Hindu] Attempt 1/1: Trying with 'selenium_browser' strategy...
2025-12-22 18:38:53,241 - INFO - [Times of India] Article: https://timesofindia.indiatimes.com/world/us/marjorie-taylor-greene-says-venezuelas-maduro-critical-of-israel-opposition-maria-corina-machado-backs-strong-ties-with-jerusalem/articleshow/126125928.cms
2025-12-22 18:38:53,241 - INFO - [Times of India] Attempt 1/1: Trying with 'selenium_browser' strategy...
2025-12-22 18:38:53,555 - INFO - [BBC] Success with 'requests_browser'. Found content (529 words).
2025-12-22 18:38:57,769 - INFO - [The Hindu] Page content loaded.
2025-12-22 18:38:58,013 - INFO - [The Hindu] Success with 'selenium_browser'. Found content (144 words).
2025-12-22 18:39:06,575 - INFO - [Times of India] Page content loaded.
2025-12-22 18:39:07,533 - INFO - [Times of India] Success with 'selenium_browser'. Found content (282 words).
2025-12-22 18:39:53,414 - INFO - Saved article: Detty December: Ghana diaspora official doesn't want term linked to his country from BBC (529 words)
2025-12-22 18:39:53,415 - INFO - [The Guardian] Article: https://www.theguardian.com/media/2025/dec/22/cbs-pulls-60-minutes-segment-el-salvador-prison
2025-12-22 18:39:53,415 - INFO - [The Guardian] Attempt 1/1: Trying with 'requests_browser' strategy...
2025-12-22 18:39:53,589 - INFO - [The Guardian] Success with 'requests_browser'. Found content (1190 words).
2025-12-22 18:40:40,569 - INFO - Saved article: Govt. committed to welfare of Christians, says A.P. CM Naidu - The Hindu from The Hindu (144 words)
2025-12-22 18:41:29,903 - INFO - Saved article: Marjorie Taylor Greene says Venezuela’s Maduro critical of Israel, opposition Maria Corina Machado backs strong ties with Jerusalem - The Times of India from Times of India (282 words)
2025-12-22 18:42:20,433 - INFO - DEDUPLICATION: Found match (Score: 0.87). Linking to Cluster ID: 403daa9f-7ef2-4c0c-928a-e075bd796666
2025-12-22 18:42:20,436 - INFO - Saved article: Outrage after CBS pulls 60 Minutes segment on El Salvador’s Cecot prison | CBS | The Guardian from The Guardian (1190 words)
2025-12-22 18:42:20,436 - INFO - [BBC] Early skip: URL https://www.bbc.com/news/articles/cdd5j9jdvy9o?at_medium=RSS&at_campaign=rss already exists.
2025-12-22 18:42:20,676 - INFO - [The Hindu] Article: https://www.thehindu.com/news/national/andhra-pradesh/fetal-anomalies-scanning-unit-set-up-in-7-secondary-hospitals-in-state/article70427145.ece
2025-12-22 18:42:20,676 - INFO - [The Hindu] Attempt 1/1: Trying with 'selenium_browser' strategy...
2025-12-22 18:42:20,677 - INFO - [Times of India] Article: https://timesofindia.indiatimes.com/world/us/disturbing-new-epstein-photos-spark-outrage-what-us-doj-has-released-whats-still-hidden/articleshow/126125797.cms
2025-12-22 18:42:20,677 - INFO - [Times of India] Attempt 1/1: Trying with 'selenium_browser' strategy...
2025-12-22 18:42:20,677 - INFO - [BBC] Early skip: URL https://www.bbc.com/news/articles/cn5lnzlvqg2o?at_medium=RSS&at_campaign=rss already exists.
2025-12-22 18:42:20,952 - INFO - [BBC] Early skip: URL https://www.bbc.com/news/articles/cj9ydj7y0vvo?at_medium=RSS&at_campaign=rss already exists.
2025-12-22 18:42:21,102 - INFO - [BBC] Early skip: URL https://www.bbc.com/news/articles/c99722j4lkgo?at_medium=RSS&at_campaign=rss already exists.
2025-12-22 18:42:21,304 - INFO - [BBC] Early skip: URL https://www.bbc.com/news/articles/c3d03943zg8o?at_medium=RSS&at_campaign=rss already exists.
2025-12-22 18:42:21,420 - INFO - [BBC] Early skip: URL https://www.bbc.com/news/articles/cqjg18xe0wwo?at_medium=RSS&at_campaign=rss already exists.
2025-12-22 18:42:21,669 - INFO - [BBC] Early skip: URL https://www.bbc.com/news/articles/cg5m49j14pyo?at_medium=RSS&at_campaign=rss already exists.
2025-12-22 18:42:21,772 - INFO - [BBC] Early skip: URL https://www.bbc.com/news/articles/cm20ppy0rreo?at_medium=RSS&at_campaign=rss already exists.
2025-12-22 18:42:22,023 - INFO - [BBC] Early skip: URL https://www.bbc.com/news/articles/c79xyxdpzrxo?at_medium=RSS&at_campaign=rss already exists.
2025-12-22 18:42:22,293 - INFO - [BBC] Early skip: URL https://www.bbc.com/news/articles/c9qe2yln2nlo?at_medium=RSS&at_campaign=rss already exists.
2025-12-22 18:42:22,458 - INFO - [The Guardian] Early skip: URL https://www.theguardian.com/media/2025/dec/22/cbs-news-delays-60-minutes-segment-featuring-investigation-into-cecot-megaprison already exists.
2025-12-22 18:42:22,600 - INFO - [BBC] Early skip: URL https://www.bbc.com/news/articles/c14vy02847vo?at_medium=RSS&at_campaign=rss already exists.
2025-12-22 18:42:22,642 - INFO - [Times of India] Page content loaded.
2025-12-22 18:42:22,728 - INFO - [The Guardian] Early skip: URL https://www.theguardian.com/world/2025/dec/22/man-jailed-1335-years-el-salvador-sentences-ms-13-gang-members already exists.
2025-12-22 18:42:22,880 - INFO - [The Guardian] Early skip: URL https://www.theguardian.com/us-news/2025/dec/21/coast-guard-pursuing-oil-tanker-venezuela-coast already exists.
2025-12-22 18:42:23,010 - INFO - [The Guardian] Early skip: URL https://www.theguardian.com/business/2025/dec/22/china-hits-eu-dairy-industry-with-tariffs already exists.
2025-12-22 18:42:23,125 - INFO - [Times of India] Success with 'selenium_browser'. Found content (771 words).
2025-12-22 18:42:23,254 - INFO - [BBC] Early skip: URL https://www.bbc.com/news/articles/cjrjpdz33vxo?at_medium=RSS&at_campaign=rss already exists.
2025-12-22 18:42:23,408 - INFO - [BBC] Early skip: URL https://www.bbc.com/news/articles/cn8eknv7zkyo?at_medium=RSS&at_campaign=rss already exists.
2025-12-22 18:42:23,545 - INFO - [BBC] Early skip: URL https://www.bbc.com/news/articles/c93nwrzgypqo?at_medium=RSS&at_campaign=rss already exists.
2025-12-22 18:42:23,898 - INFO - [The Hindu] Page content loaded.
2025-12-22 18:42:24,435 - INFO - [The Hindu] Success with 'selenium_browser'. Found content (195 words).
2025-12-22 18:43:08,088 - CRITICAL - --- TIMEOUT: 4 scrape jobs did not complete in 300s. ---
2025-12-22 18:43:08,088 - ERROR - A thread has timed out and will be abandoned.
2025-12-22 18:43:08,088 - ERROR - A thread has timed out and will be abandoned.
2025-12-22 18:43:08,088 - ERROR - A thread has timed out and will be abandoned.
2025-12-22 18:43:08,088 - ERROR - A thread has timed out and will be abandoned.
2025-12-22 18:43:08,088 - INFO - Shutting down thread pool (wait=False)...
2025-12-22 18:43:08,088 - INFO - Scraped: 4 Timed_Out_Jobs articles. (Total saved: 0)
2025-12-22 18:43:08,088 - INFO - --- Scraping job finished ---
2025-12-22 18:43:08,088 - INFO - --- Scraper service stopped and database connection closed. ---
2025-12-22 18:43:08,088 - INFO - --- Main thread finished. Forcing process exit to kill zombie threads. ---
