2026-02-12 08:56:40,017 - INFO - Loading AI Semantic Model (all-MiniLM-L4-v2)...
2026-02-12 08:56:40,018 - INFO - Use pytorch device_name: cpu
2026-02-12 08:56:40,018 - INFO - Load pretrained SentenceTransformer: all-MiniLM-L4-v2
2026-02-12 08:56:40,088 - INFO - HTTP Request: HEAD https://huggingface.co/sentence-transformers/all-MiniLM-L4-v2/resolve/main/modules.json "HTTP/1.1 401 Unauthorized"
2026-02-12 08:56:40,089 - WARNING - No sentence-transformers model found with name sentence-transformers/all-MiniLM-L4-v2. Creating a new one with mean pooling.
2026-02-12 08:56:40,122 - INFO - HTTP Request: HEAD https://huggingface.co/sentence-transformers/all-MiniLM-L4-v2/resolve/main/adapter_config.json "HTTP/1.1 401 Unauthorized"
2026-02-12 08:56:40,123 - CRITICAL - Failed to load AI model: sentence-transformers/all-MiniLM-L4-v2 is not a local folder and is not a valid model identifier listed on 'https://huggingface.co/models'
If this is a private repository, make sure to pass a token having permission to this repo either by logging in with `hf auth login` or by passing `token=<your_token>`. Clustering is disabled.
2026-02-12 08:56:40,123 - INFO - --- Scraper service started (CI Mode: Run Once) ---
2026-02-12 08:56:40,123 - INFO - --- Starting new scraping job (Parallel Mode) ---
2026-02-12 08:56:40,123 - INFO - Creating new robust session with 3 retries on 5xx/connection/read errors.
2026-02-12 08:56:40,123 - INFO - Proxy is DISABLED.
2026-02-12 08:56:40,124 - INFO - Starting scrape for BBC RSS feed: http://feeds.bbci.co.uk/news/world/rss.xml
2026-02-12 08:56:40,125 - INFO - [Times of India] (Thread) requires Selenium. Initializing driver...
2026-02-12 08:56:40,126 - INFO - Starting scrape for TechCrunch RSS feed: https://techcrunch.com/feed/
2026-02-12 08:56:40,126 - INFO - Starting scrape for The Guardian RSS feed: https://www.theguardian.com/world/rss
2026-02-12 08:56:40,127 - INFO - [The Hindu] (Thread) requires Selenium. Initializing driver...
2026-02-12 08:56:40,128 - INFO - Submitted 5 jobs to thread pool. Waiting up to 300s for completion...
2026-02-12 08:56:40,236 - INFO - Found 45 articles in The Guardian RSS feed. Processing until 20 new articles are saved.
2026-02-12 08:56:40,236 - INFO - [The Guardian] Early skip: URL https://www.theguardian.com/world/2026/feb/09/deaths-migrant-boat-capsizes-mediterranean-libya already exists.
2026-02-12 08:56:40,238 - INFO - [The Guardian] Early skip: URL https://www.theguardian.com/music/2026/feb/09/ebo-taylor-ghanaian-highlife-pioneer-dies-age-90 already exists.
2026-02-12 08:56:40,240 - INFO - [The Guardian] Early skip: URL https://www.theguardian.com/environment/2026/feb/09/weather-tracker-spain-and-portugal-hit-by-third-fatal-storm already exists.
2026-02-12 08:56:40,241 - INFO - [The Guardian] Early skip: URL https://www.theguardian.com/world/2026/feb/07/sudan-rsf-drone-attack-rahad-kills-displaced-people already exists.
2026-02-12 08:56:40,242 - INFO - [The Guardian] Early skip: URL https://www.theguardian.com/global-development/2026/feb/07/businesses-close-protest-malawi-tax-changes-electronic-invoicing-system already exists.
2026-02-12 08:56:40,243 - INFO - [The Guardian] Early skip: URL https://www.theguardian.com/world/2026/feb/11/tumbler-ridge-canada-shooting-school-mark-carney already exists.
2026-02-12 08:56:40,244 - INFO - [The Guardian] Early skip: URL https://www.theguardian.com/us-news/2026/feb/11/us-house-vote-trump-canada-tariffs already exists.
2026-02-12 08:56:40,246 - INFO - [The Guardian] Early skip: URL https://www.theguardian.com/world/live/2026/feb/11/tumbler-ridge-school-shooting-live-updates-number-dead-suspect-deceased already exists.
2026-02-12 08:56:40,248 - INFO - [The Guardian] Early skip: URL https://www.theguardian.com/world/2026/feb/11/canada-school-shooting-ten-dead-including-suspect-in-attack-on-tumbler-ridge-secondary-school-and-residence-police-say already exists.
2026-02-12 08:56:40,250 - INFO - [The Guardian] Early skip: URL https://www.theguardian.com/world/2026/feb/11/mexican-cartel-drones-el-paso already exists.
2026-02-12 08:56:40,251 - INFO - [The Guardian] Early skip: URL https://www.theguardian.com/world/2026/feb/11/kwok-yin-sang-father-hong-kong-activist-anna-kwok-convicted already exists.
2026-02-12 08:56:40,252 - INFO - [The Guardian] Early skip: URL https://www.theguardian.com/world/2026/feb/10/greek-air-force-officer-arrested-on-suspicion-of-spying-for-china already exists.
2026-02-12 08:56:40,254 - INFO - [The Guardian] Early skip: URL https://www.theguardian.com/world/2026/feb/10/jimmy-lai-jail-sentence-hong-kong-press already exists.
2026-02-12 08:56:40,255 - INFO - [The Guardian] Early skip: URL https://www.theguardian.com/world/2026/feb/10/parents-of-melbourne-methanol-poisoning-victims-shocked-by-185-fines-handed-to-laos-hostel-staff already exists.
2026-02-12 08:56:40,256 - INFO - [The Guardian] Early skip: URL https://www.theguardian.com/books/2026/feb/09/us-judges-lawsuits-neil-gaiman already exists.
2026-02-12 08:56:40,257 - INFO - [The Guardian] Early skip: URL https://www.theguardian.com/australia-news/live/2026/feb/12/australia-politics-live-liberals-leadership-spill-challenge-angus-taylor-sussan-ley-libspill-question-time-anthony-albanese-senate-estimates-ntwnfb already exists.
2026-02-12 08:56:40,259 - INFO - [The Guardian] Article: https://www.theguardian.com/australia-news/2026/feb/12/liberal-party-on-brink-of-dumping-first-female-leader-with-taylors-backers-confident-of-defeating-ley
2026-02-12 08:56:40,259 - INFO - [The Guardian] Attempt 1/1: Trying with 'requests_browser' strategy...
2026-02-12 08:56:40,646 - INFO - [The Guardian] Success with 'requests_browser'. Found content (676 words).
2026-02-12 08:56:40,820 - INFO - Saved article: Liberal party on brink of dumping first female leader with Taylor’s backers confident of defeating Ley | Liberal party | The Guardian from The Guardian (676 words)
2026-02-12 08:56:41,122 - INFO - Found 34 articles in BBC RSS feed. Processing until 20 new articles are saved.
2026-02-12 08:56:41,122 - INFO - [BBC] Early skip: URL https://www.bbc.com/news/articles/ce8w95knp55o?at_medium=RSS&at_campaign=rss already exists.
2026-02-12 08:56:41,123 - INFO - [BBC] Early skip: URL https://www.bbc.com/news/articles/cddn078mnn5o?at_medium=RSS&at_campaign=rss already exists.
2026-02-12 08:56:41,125 - INFO - [BBC] Early skip: URL https://www.bbc.com/news/articles/cdjm33kwxx4o?at_medium=RSS&at_campaign=rss already exists.
2026-02-12 08:56:41,126 - INFO - [BBC] Early skip: URL https://www.bbc.com/news/articles/cg5n7064p9eo?at_medium=RSS&at_campaign=rss already exists.
2026-02-12 08:56:41,127 - INFO - [BBC] Early skip: URL https://www.bbc.com/news/articles/clygd10pg5lo?at_medium=RSS&at_campaign=rss already exists.
2026-02-12 08:56:41,128 - INFO - [BBC] Early skip: URL https://www.bbc.com/news/articles/cewz2yr47dvo?at_medium=RSS&at_campaign=rss already exists.
2026-02-12 08:56:41,129 - INFO - [BBC] Early skip: URL https://www.bbc.com/news/articles/c931zzzep0eo?at_medium=RSS&at_campaign=rss already exists.
2026-02-12 08:56:41,130 - INFO - [BBC] Early skip: URL https://www.bbc.com/news/articles/c05vzjp7v3do?at_medium=RSS&at_campaign=rss already exists.
2026-02-12 08:56:41,131 - INFO - [BBC] Early skip: URL https://www.bbc.com/news/articles/clyz2142e77o?at_medium=RSS&at_campaign=rss already exists.
2026-02-12 08:56:41,133 - INFO - [BBC] Early skip: URL https://www.bbc.com/news/articles/cj32mj3xzd1o?at_medium=RSS&at_campaign=rss already exists.
2026-02-12 08:56:41,134 - INFO - [BBC] Early skip: URL https://www.bbc.com/news/articles/c0k1j2j4607o?at_medium=RSS&at_campaign=rss already exists.
2026-02-12 08:56:41,135 - INFO - [BBC] Early skip: URL https://www.bbc.com/news/articles/crm820dp0yro?at_medium=RSS&at_campaign=rss already exists.
2026-02-12 08:56:41,136 - INFO - [BBC] Early skip: URL https://www.bbc.com/news/articles/cq6ql2n917zo?at_medium=RSS&at_campaign=rss already exists.
2026-02-12 08:56:41,137 - INFO - [BBC] Early skip: URL https://www.bbc.com/news/articles/cr5l4yy3ezmo?at_medium=RSS&at_campaign=rss already exists.
2026-02-12 08:56:41,138 - INFO - [BBC] Early skip: URL https://www.bbc.com/news/articles/cgqg8xegxqxo?at_medium=RSS&at_campaign=rss already exists.
2026-02-12 08:56:41,140 - INFO - [BBC] Early skip: URL https://www.bbc.com/news/articles/cqxdwjn578do?at_medium=RSS&at_campaign=rss already exists.
2026-02-12 08:56:41,141 - INFO - [BBC] Early skip: URL https://www.bbc.com/news/articles/cx2gmde0vjlo?at_medium=RSS&at_campaign=rss already exists.
2026-02-12 08:56:41,142 - INFO - [BBC] Early skip: URL https://www.bbc.com/news/articles/cx2y85xdyw3o?at_medium=RSS&at_campaign=rss already exists.
2026-02-12 08:56:41,143 - INFO - [BBC] Early skip: URL https://www.bbc.com/news/articles/c1e98w35qyjo?at_medium=RSS&at_campaign=rss already exists.
2026-02-12 08:56:41,144 - INFO - [BBC] Early skip: URL https://www.bbc.com/news/articles/cwy8eyz4ee0o?at_medium=RSS&at_campaign=rss already exists.
2026-02-12 08:56:41,145 - INFO - [BBC] Early skip: URL https://www.bbc.com/news/articles/c07jnmgy8jmo?at_medium=RSS&at_campaign=rss already exists.
2026-02-12 08:56:41,147 - INFO - [BBC] Early skip: URL https://www.bbc.com/news/articles/cdex1nlrj07o?at_medium=RSS&at_campaign=rss already exists.
2026-02-12 08:56:41,148 - INFO - [BBC] Early skip: URL https://www.bbc.com/news/articles/c5yk3d56dgwo?at_medium=RSS&at_campaign=rss already exists.
2026-02-12 08:56:41,149 - INFO - [BBC] Early skip: URL https://www.bbc.com/news/articles/c24dp6veylqo?at_medium=RSS&at_campaign=rss already exists.
2026-02-12 08:56:41,150 - INFO - [BBC] Early skip: URL https://www.bbc.com/sport/articles/c5yk9k1x715o?at_medium=RSS&at_campaign=rss already exists.
2026-02-12 08:56:41,151 - INFO - [BBC] Early skip: URL https://www.bbc.com/news/articles/cn71y2l51zno?at_medium=RSS&at_campaign=rss already exists.
2026-02-12 08:56:41,153 - INFO - [BBC] Early skip: URL https://www.bbc.com/news/articles/cgrzjv1kykxo?at_medium=RSS&at_campaign=rss already exists.
2026-02-12 08:56:41,154 - INFO - [BBC] Early skip: URL https://www.bbc.com/news/articles/c5y6534y3y5o?at_medium=RSS&at_campaign=rss already exists.
2026-02-12 08:56:41,155 - INFO - [BBC] Early skip: URL https://www.bbc.com/sport/ice-hockey/articles/cx2p1empyn3o?at_medium=RSS&at_campaign=rss already exists.
2026-02-12 08:56:41,156 - INFO - [BBC] Article: https://www.bbc.com/news/videos/c2047rm71npo?at_medium=RSS&at_campaign=rss
2026-02-12 08:56:41,156 - INFO - [BBC] Attempt 1/1: Trying with 'requests_browser' strategy...
2026-02-12 08:56:41,377 - WARNING - [BBC] FAILED with 'requests_browser' (content was too short: 46 words).
2026-02-12 08:56:41,377 - ERROR - [BBC] All scrape strategies failed for https://www.bbc.com/news/videos/c2047rm71npo?at_medium=RSS&at_campaign=rss. Falling back to RSS description.
2026-02-12 08:56:41,377 - WARNING - SKIPPED (GLOBAL WORD LIMIT): Article 'Three issues that matter to voters in the Bangladesh election' from BBC has only 18 words (Min: 90).
2026-02-12 08:56:41,600 - INFO - [The Guardian] Early skip: URL https://www.theguardian.com/australia-news/2026/feb/12/anthony-albanese-isaac-herzog-bulldozed-australian-war-graves-gaza already exists.
2026-02-12 08:56:41,602 - INFO - [The Guardian] Early skip: URL https://www.theguardian.com/australia-news/2026/feb/12/nigel-dalton-mp-queensland-lnp-abortion-ntwnfb already exists.
2026-02-12 08:56:41,603 - INFO - [The Guardian] Early skip: URL https://www.theguardian.com/australia-news/2026/feb/12/angus-taylor-liberal-party-spill-motion-sussan-ley already exists.
2026-02-12 08:56:41,604 - INFO - [The Guardian] Article: https://www.theguardian.com/world/live/2026/feb/12/ukraine-russia-strikes-odesa-power-drone-strikes-zelenskyy-putin-portugal-floods-europe-live-news
2026-02-12 08:56:41,605 - INFO - [The Guardian] Attempt 1/1: Trying with 'requests_browser' strategy...
2026-02-12 08:56:41,786 - INFO - [The Guardian] Success with 'requests_browser'. Found content (306 words).
2026-02-12 08:56:41,826 - INFO - Saved article: Nearly 300,000 people in Ukrainian city of Odesa without power or water after Russian drone strikes - Europe live | Ukraine | The Guardian from The Guardian (306 words)
2026-02-12 08:56:42,132 - INFO - Found 0 articles in TechCrunch RSS feed. Processing until 20 new articles are saved.
2026-02-12 08:56:42,369 - INFO - [BBC] Early skip: URL https://www.bbc.com/news/videos/cewz2lxq2gvo?at_medium=RSS&at_campaign=rss already exists.
2026-02-12 08:56:42,371 - INFO - [BBC] Early skip: URL https://www.bbc.com/news/videos/cy8g741k920o?at_medium=RSS&at_campaign=rss already exists.
2026-02-12 08:56:42,372 - INFO - [BBC] Article: https://www.bbc.com/news/videos/cdxzl7n9w0vo?at_medium=RSS&at_campaign=rss
2026-02-12 08:56:42,372 - INFO - [BBC] Attempt 1/1: Trying with 'requests_browser' strategy...
2026-02-12 08:56:42,419 - WARNING - [BBC] FAILED with 'requests_browser' (content was too short: 49 words).
2026-02-12 08:56:42,419 - ERROR - [BBC] All scrape strategies failed for https://www.bbc.com/news/videos/cdxzl7n9w0vo?at_medium=RSS&at_campaign=rss. Falling back to RSS description.
2026-02-12 08:56:42,419 - WARNING - SKIPPED (GLOBAL WORD LIMIT): Article 'BBC reports from outside court after Jimmy Lai sentencing' from BBC has only 17 words (Min: 90).
2026-02-12 08:56:43,041 - INFO - [The Guardian] Early skip: URL https://www.theguardian.com/world/2026/feb/12/eu-leaders-clash-buy-european-belgium-summit already exists.
2026-02-12 08:56:43,042 - INFO - [The Guardian] Early skip: URL https://www.theguardian.com/world/2026/feb/12/switzerland-to-vote-on-far-right-proposal-to-cap-population-at-10-million already exists.
2026-02-12 08:56:43,043 - INFO - [The Guardian] Early skip: URL https://www.theguardian.com/world/2026/feb/12/russia-attempt-block-whatsapp-meta-says already exists.
2026-02-12 08:56:43,044 - INFO - [The Guardian] Early skip: URL https://www.theguardian.com/books/2026/feb/11/cees-nooteboom-dutch-author-dies-aged-92 already exists.
2026-02-12 08:56:43,046 - INFO - [The Guardian] Early skip: URL https://www.theguardian.com/world/2026/feb/11/marwan-barghouti-son-uk-father-release-palestine-renewal already exists.
2026-02-12 08:56:43,047 - INFO - [The Guardian] Early skip: URL https://www.theguardian.com/world/2026/feb/11/iran-president-denies-it-seeks-nuclear-weapon-admits-shame-after-protests already exists.
2026-02-12 08:56:43,048 - INFO - [The Guardian] Early skip: URL https://www.theguardian.com/global-development/2026/feb/11/family-worker-killed-saudi-world-cup-site-still-waiting-compensation-year-mohammad-arshad already exists.
2026-02-12 08:56:43,049 - INFO - [The Guardian] Early skip: URL https://www.theguardian.com/world/2026/feb/10/israel-west-bank-plans-global-backlash already exists.
2026-02-12 08:56:43,050 - INFO - [The Guardian] Early skip: URL https://www.theguardian.com/world/2026/feb/10/iran-tells-us-not-to-let-netanyahu-thwart-nuclear-talks-before-trump-meeting already exists.
2026-02-12 08:56:43,052 - INFO - [The Guardian] Early skip: URL https://www.theguardian.com/world/2026/feb/12/tarique-rahman-bnp-bangladesh-election already exists.
2026-02-12 08:56:43,053 - INFO - [The Guardian] Early skip: URL https://www.theguardian.com/world/2026/feb/11/bangladesh-election-islamist-party-women-freedoms already exists.
2026-02-12 08:56:43,054 - INFO - [The Guardian] Early skip: URL https://www.theguardian.com/global-development/2026/feb/10/traditional-food-could-help-reverse-nepals-diabetes-epidemic-studies-suggest already exists.
2026-02-12 08:56:43,055 - INFO - [The Guardian] Early skip: URL https://www.theguardian.com/world/2026/feb/07/one-person-dead-from-nipah-virus-in-bangladesh-who-says already exists.
2026-02-12 08:56:43,056 - INFO - [The Guardian] Early skip: URL https://www.theguardian.com/world/2026/feb/06/bombing-explosion-shia-mosque-pakistan-islamabad already exists.
2026-02-12 08:56:43,058 - INFO - [The Guardian] Early skip: URL https://www.theguardian.com/business/2026/feb/12/uk-economy-grows-rachel-reeves-budget-ons-gdp-growth already exists.
2026-02-12 08:56:43,059 - INFO - [The Guardian] Early skip: URL https://www.theguardian.com/society/2026/feb/12/struggle-to-keep-youth-services-alive-knowsley already exists.
2026-02-12 08:56:43,060 - INFO - [The Guardian] Early skip: URL https://www.theguardian.com/politics/2026/feb/12/vetting-process-mandelson-epstein-awkward-questions-expert already exists.
2026-02-12 08:56:43,061 - INFO - [The Guardian] Early skip: URL https://www.theguardian.com/society/2026/feb/12/youth-work-cuts-england-map-study already exists.
2026-02-12 08:56:43,062 - INFO - [The Guardian] Early skip: URL https://www.theguardian.com/politics/2026/feb/12/antonia-romeo-and-tipped-next-cabinet-secretary already exists.
2026-02-12 08:56:43,063 - INFO - [The Guardian] Early skip: URL https://www.theguardian.com/us-news/live/2026/feb/11/donald-trump-benjamin-netanyahu-israel-iran-jeffrey-epstein-jobs-economy-us-politics-live-news-updates already exists.
2026-02-12 08:56:43,065 - INFO - [The Guardian] Early skip: URL https://www.theguardian.com/us-news/2026/feb/11/salesforce-marc-benioff-ice-joke-employees already exists.
2026-02-12 08:56:43,066 - INFO - [The Guardian] Early skip: URL https://www.theguardian.com/us-news/2026/feb/11/buddhist-monks-peace-walk-washington-dc already exists.
2026-02-12 08:56:43,067 - INFO - [The Guardian] Early skip: URL https://www.theguardian.com/us-news/2026/feb/11/faa-close-airspace-el-paso-texas-airport already exists.
2026-02-12 08:56:43,068 - INFO - [The Guardian] Early skip: URL https://www.theguardian.com/us-news/2026/feb/12/james-van-der-beek-fundraiser-wife-kimberly-children already exists.
2026-02-12 08:56:43,149 - INFO - [BBC] Article: https://www.bbc.com/news/videos/c30934lqv68o?at_medium=RSS&at_campaign=rss
2026-02-12 08:56:43,149 - INFO - [BBC] Attempt 1/1: Trying with 'requests_browser' strategy...
2026-02-12 08:56:43,194 - WARNING - [BBC] FAILED with 'requests_browser' (content was too short: 82 words).
2026-02-12 08:56:43,194 - ERROR - [BBC] All scrape strategies failed for https://www.bbc.com/news/videos/c30934lqv68o?at_medium=RSS&at_campaign=rss. Falling back to RSS description.
2026-02-12 08:56:43,194 - WARNING - SKIPPED (GLOBAL WORD LIMIT): Article ''Super exciting!' - Seahawks fans celebrate Super Bowl win' from BBC has only 14 words (Min: 90).
2026-02-12 08:56:48,511 - INFO - Selenium driver initialized successfully.
2026-02-12 08:56:48,511 - INFO - Starting scrape for Times of India RSS feed: https://timesofindia.indiatimes.com/rssfeeds/296589292.cms
2026-02-12 08:56:48,512 - INFO - Selenium driver initialized successfully.
2026-02-12 08:56:48,512 - INFO - Starting scrape for The Hindu RSS feed: https://www.thehindu.com/news/national/feeder/default.rss
2026-02-12 08:56:48,690 - INFO - Found 100 articles in The Hindu RSS feed. Processing until 20 new articles are saved.
2026-02-12 08:56:48,690 - INFO - [The Hindu] Article: https://www.thehindu.com/news/national/karnataka/consultative-meet-of-badanavalu-satyagrahis-in-mysuru-on-february-14-to-highlight-demand-to-strengthen-rural-economy/article70623198.ece
2026-02-12 08:56:48,691 - INFO - [The Hindu] Attempt 1/1: Trying with 'selenium_browser' strategy...
2026-02-12 08:56:48,743 - INFO - Found 20 articles in Times of India RSS feed. Processing until 20 new articles are saved.
2026-02-12 08:56:48,743 - INFO - [Times of India] Article: https://timesofindia.indiatimes.com/world/middle-east/saudi-arabias-oil-giant-saudi-aramco-crosses-70-localisation-milestone-280-billion-boost-to-gdp-global-firms-rush-in-as-iktva-creates-over-200000-jobs/articleshow/128244788.cms
2026-02-12 08:56:48,743 - INFO - [Times of India] Attempt 1/1: Trying with 'selenium_browser' strategy...
2026-02-12 08:56:53,315 - INFO - [The Hindu] Page content loaded.
2026-02-12 08:56:53,789 - INFO - [The Hindu] Success with 'selenium_browser'. Found content (216 words).
2026-02-12 08:56:54,050 - INFO - Saved article: Badanavalu Satyagrahis to meet in Mysuru on Feb 14 to highlight demand to strengthen rural economy - The Hindu from The Hindu (216 words)
2026-02-12 08:56:54,998 - INFO - [The Hindu] Article: https://www.thehindu.com/news/national/joint-parliamentary-panel-gets-time-till-monsoon-session-to-submit-report-on-bill-to-replace-ugc/article70623252.ece
2026-02-12 08:56:54,998 - INFO - [The Hindu] Attempt 1/1: Trying with 'selenium_browser' strategy...
2026-02-12 08:57:06,712 - INFO - [The Hindu] Page content loaded.
2026-02-12 08:57:06,773 - INFO - [The Hindu] Success with 'selenium_browser'. Found content (491 words).
2026-02-12 08:57:06,843 - INFO - Saved article: Joint parliamentary panel gets time till Monsoon Session to submit report on Bill to replace UGC - The Hindu from The Hindu (491 words)
2026-02-12 08:57:07,720 - INFO - [The Hindu] Article: https://www.thehindu.com/news/national/kerala/kerala-police-intensify-d-dad-drive-to-tackle-digital-addiction-among-children/article70623144.ece
2026-02-12 08:57:07,720 - INFO - [The Hindu] Attempt 1/1: Trying with 'selenium_browser' strategy...
2026-02-12 08:57:08,771 - ERROR - [Times of India] Request failed for strategy 'selenium_browser' on URL https://timesofindia.indiatimes.com/world/middle-east/saudi-arabias-oil-giant-saudi-aramco-crosses-70-localisation-milestone-280-billion-boost-to-gdp-global-firms-rush-in-as-iktva-creates-over-200000-jobs/articleshow/128244788.cms: Message: timeout: Timed out receiving message from renderer: 19.758
  (Session info: chrome=144.0.7559.109)
Stacktrace:
#0 0x559696388a4a <unknown>
#1 0x559695da16a2 <unknown>
#2 0x559695d88d87 <unknown>
#3 0x559695d88996 <unknown>
#4 0x559695d864a1 <unknown>
#5 0x559695d86e2f <unknown>
#6 0x559695d96360 <unknown>
#7 0x559695db0357 <unknown>
#8 0x559695db756b <unknown>
#9 0x559695d87599 <unknown>
#10 0x559695db00ec <unknown>
#11 0x559695e3fb68 <unknown>
#12 0x559695de88b2 <unknown>
#13 0x559695de96a1 <unknown>
#14 0x55969634e8a9 <unknown>
#15 0x5596963517b1 <unknown>
#16 0x55969633aea9 <unknown>
#17 0x55969635236e <unknown>
#18 0x559696321410 <unknown>
#19 0x5596963760c8 <unknown>
#20 0x55969637629b <unknown>
#21 0x559696387db8 <unknown>
#22 0x7fbb3e69caa4 <unknown>
#23 0x7fbb3e729c6c <unknown>

2026-02-12 08:57:08,771 - ERROR - [Times of India] All scrape strategies failed for https://timesofindia.indiatimes.com/world/middle-east/saudi-arabias-oil-giant-saudi-aramco-crosses-70-localisation-milestone-280-billion-boost-to-gdp-global-firms-rush-in-as-iktva-creates-over-200000-jobs/articleshow/128244788.cms. Falling back to RSS description.
2026-02-12 08:57:08,771 - WARNING - SKIPPED (GLOBAL WORD LIMIT): Article 'Saudi oil giant gives $280 billion boost to GDP, creates 200,000 jobs' from Times of India has only 57 words (Min: 90).
2026-02-12 08:57:09,387 - INFO - [Times of India] Article: https://timesofindia.indiatimes.com/world/south-asia/bangladesh-elections-bnp-leader-dies-at-polling-station-after-allegedly-being-pushed-hit-head-on-tree/articleshow/128246913.cms
2026-02-12 08:57:09,387 - INFO - [Times of India] Attempt 1/1: Trying with 'selenium_browser' strategy...
2026-02-12 08:57:09,849 - INFO - [The Hindu] Page content loaded.
2026-02-12 08:57:09,953 - INFO - [The Hindu] Success with 'selenium_browser'. Found content (299 words).
2026-02-12 08:57:10,198 - INFO - Saved article: Kerala Police to intensify ‘D-Dad’ drive to tackle digital addiction among children - The Hindu from The Hindu (299 words)
2026-02-12 08:57:11,510 - INFO - [The Hindu] Article: https://www.thehindu.com/news/national/vijay-mallya-bombay-high-court-fugitive-economic-offenders-fugitive-tag/article70623215.ece
2026-02-12 08:57:11,510 - INFO - [The Hindu] Attempt 1/1: Trying with 'selenium_browser' strategy...
2026-02-12 08:57:13,072 - INFO - [The Hindu] Page content loaded.
2026-02-12 08:57:13,156 - INFO - [The Hindu] Success with 'selenium_browser'. Found content (527 words).
2026-02-12 08:57:13,244 - INFO - Saved article: Will not hear plea against fugitive tag if Vijay Mallya does not return to India, warns Bombay HC - The Hindu from The Hindu (527 words)
2026-02-12 08:57:13,881 - INFO - [The Hindu] Article: https://www.thehindu.com/news/national/kerala/gang-rape-at-thiruvalla-spa-not-linked-to-any-quotation-say-kerala-police/article70623006.ece
2026-02-12 08:57:13,881 - INFO - [The Hindu] Attempt 1/1: Trying with 'selenium_browser' strategy...
2026-02-12 08:57:14,255 - INFO - [Times of India] Page content loaded.
2026-02-12 08:57:14,712 - INFO - [Times of India] Success with 'selenium_browser'. Found content (357 words).
2026-02-12 08:57:14,847 - INFO - Saved article: Bangladesh elections: BNP leader dies at polling station after allegedly being pushed; hit head on tree - The Times of India from Times of India (357 words)
2026-02-12 08:57:15,089 - INFO - [The Hindu] Page content loaded.
2026-02-12 08:57:15,532 - INFO - [The Hindu] Success with 'selenium_browser'. Found content (337 words).
2026-02-12 08:57:15,744 - INFO - Saved article: Gang rape at Thiruvalla spa not linked to any quotation, say Kerala Police - The Hindu from The Hindu (337 words)
2026-02-12 08:57:16,061 - INFO - [Times of India] Article: https://timesofindia.indiatimes.com/science/nasas-spherex-mission-observes-interstellar-comet-3i/atlas-brightening-in-a-surprising-solar-outburst/articleshow/128241511.cms
2026-02-12 08:57:16,061 - INFO - [Times of India] Attempt 1/1: Trying with 'selenium_browser' strategy...
2026-02-12 08:57:16,284 - INFO - [The Hindu] Article: https://www.thehindu.com/news/cities/Hyderabad/prohibitory-orders-imposed-around-counting-centres-in-malkajgiri-and-cyberabad/article70623027.ece
2026-02-12 08:57:16,284 - INFO - [The Hindu] Attempt 1/1: Trying with 'selenium_browser' strategy...
2026-02-12 08:57:19,443 - INFO - [The Hindu] Page content loaded.
2026-02-12 08:57:19,684 - INFO - [The Hindu] Success with 'selenium_browser'. Found content (329 words).
2026-02-12 08:57:19,801 - INFO - Saved article: Prohibitory orders imposed around counting centres in Malkajgiri and Cyberabad - The Hindu from The Hindu (329 words)
2026-02-12 08:57:20,393 - INFO - [The Hindu] Article: https://www.thehindu.com/news/national/kerala/forest-fire-rages-unchecked-in-konnakkad-kommadi-area-of-keralas-kasaragod-efforts-on-to-protect-habitations/article70623044.ece
2026-02-12 08:57:20,393 - INFO - [The Hindu] Attempt 1/1: Trying with 'selenium_browser' strategy...
2026-02-12 08:57:24,211 - INFO - [Times of India] Page content loaded.
2026-02-12 08:57:24,428 - INFO - [Times of India] Success with 'selenium_browser'. Found content (321 words).
2026-02-12 08:57:24,508 - INFO - Saved article: NASA's SPHEREx mission observes interstellar comet 3I/ATLAS brightening in a surprising solar outburst | - The Times of India from Times of India (321 words)
2026-02-12 08:57:25,071 - INFO - [Times of India] Article: https://timesofindia.indiatimes.com/world/middle-east/indian-expat-wins-1-million-dubai-duty-free-jackpot-days-after-79th-birthday/articleshow/128243394.cms
2026-02-12 08:57:25,073 - INFO - [Times of India] Attempt 1/1: Trying with 'selenium_browser' strategy...
2026-02-12 08:57:26,148 - INFO - [Times of India] Page content loaded.
2026-02-12 08:57:26,279 - INFO - [Times of India] Success with 'selenium_browser'. Found content (574 words).
2026-02-12 08:57:26,360 - INFO - Saved article: Indian expat wins $1 million Dubai duty free jackpot days after 79th birthday | World News - The Times of India from Times of India (574 words)
2026-02-12 08:57:27,304 - INFO - [Times of India] Article: https://timesofindia.indiatimes.com/world/middle-east/sharjah-retro-festival-2026-biggest-90s-inspired-nostalgic-celebration-of-pop-culture-kickstarts-in-uae-emirate-with-music-movies-and-more/articleshow/128234403.cms
2026-02-12 08:57:27,304 - INFO - [Times of India] Attempt 1/1: Trying with 'selenium_browser' strategy...
2026-02-12 08:57:31,506 - INFO - [Times of India] Page content loaded.
2026-02-12 08:57:31,730 - INFO - [Times of India] Success with 'selenium_browser'. Found content (787 words).
2026-02-12 08:57:32,012 - INFO - Saved article: Sharjah retro festival 2026: Biggest 90s-inspired nostalgic celebration of pop culture kickstarts in UAE emirate with music, movies and more - The Times of India from Times of India (787 words)
2026-02-12 08:57:32,785 - INFO - [Times of India] Early skip: URL https://timesofindia.indiatimes.com/science/nasa-proceeds-for-launch-with-spacex-crew-12-after-weather-delay/articleshow/128242750.cms already exists.
2026-02-12 08:57:32,789 - INFO - [Times of India] Early skip: URL https://timesofindia.indiatimes.com/world/middle-east/uae-schools-ban-sugary-food-fizzy-drinks-lunchbox-guidelines-snacks-rules-parents-and-students-should-know/articleshow/128234352.cms already exists.
2026-02-12 08:57:32,791 - INFO - [Times of India] Early skip: URL https://timesofindia.indiatimes.com/world/middle-east/oman-officially-confirms-ramadan-2026-to-begin-on-february-19/articleshow/128240721.cms already exists.
2026-02-12 08:57:32,793 - INFO - [Times of India] Early skip: URL https://timesofindia.indiatimes.com/science/the-indian-ocean-is-becoming-less-salty-scientists-say-the-consequences-could-be-massive/articleshow/128237303.cms already exists.
2026-02-12 08:57:32,797 - INFO - [Times of India] Early skip: URL https://timesofindia.indiatimes.com/science/nasa-hubble-space-telescope-captures-rare-view-of-dying-star-1000-light-years-away-in-the-egg-nebula/articleshow/128240601.cms already exists.
2026-02-12 08:57:32,799 - INFO - [Times of India] Early skip: URL https://timesofindia.indiatimes.com/world/middle-east/saudi-arabias-early-hajj-2026-visa-explained-deadlines-vaccines-biometric-rules-8-things-pilgrims-need-to-know/articleshow/128234320.cms already exists.
2026-02-12 08:57:32,801 - INFO - [Times of India] Early skip: URL https://timesofindia.indiatimes.com/world/uk/manchester-united-co-owner-says-uk-colonised-by-immigrants-jim-ratcliffe-sparks-outrage-brit-pm-keir-starmer-demands-apology/articleshow/128237416.cms already exists.
2026-02-12 08:57:32,804 - INFO - [Times of India] Early skip: URL https://timesofindia.indiatimes.com/world/middle-east/kuwaits-new-residency-fees-and-conditions-for-expats-explained-whats-changed-in-2026/articleshow/128234256.cms already exists.
2026-02-12 08:57:32,806 - INFO - [Times of India] Early skip: URL https://timesofindia.indiatimes.com/world/middle-east/indias-new-e-passport-what-it-is-and-why-uae-based-indians-should-apply-now/articleshow/128234158.cms already exists.
2026-02-12 08:57:32,808 - INFO - [Times of India] Early skip: URL https://timesofindia.indiatimes.com/world/middle-east/how-to-book-emirates-flights-at-lower-fares-in-2026-best-time-for-booking-cheapest-tickets-other-tips-for-savvy-travellers/articleshow/128234185.cms already exists.
2026-02-12 08:57:32,809 - INFO - [Times of India] Early skip: URL https://timesofindia.indiatimes.com/world/south-asia/bangladesh-polls-un-notes-concerns-of-womens-groups/articleshow/128234034.cms already exists.
2026-02-12 08:57:32,811 - INFO - [Times of India] Early skip: URL https://timesofindia.indiatimes.com/etimes/trending/the-myth-of-albert-pike-did-a-19th-century-freemason-really-predict-world-war-3-between-islam-and-zionism/articleshow/128155954.cms already exists.
2026-02-12 08:57:32,812 - INFO - [Times of India] Early skip: URL https://timesofindia.indiatimes.com/world/rest-of-world/shooter-in-canada-kills-9-hurts-27-at-school-home/articleshow/128226235.cms already exists.
2026-02-12 08:57:32,814 - INFO - [Times of India] Early skip: URL https://timesofindia.indiatimes.com/world/us-streamers/are-kyedae-shymko-and-sakura-shymko-related-breaking-down-their-splits-with-tenz-and-jasontheween/articleshow/128225331.cms already exists.
2026-02-12 08:57:32,815 - INFO - [Times of India] Early skip: URL https://timesofindia.indiatimes.com/world/us-streamers/what-really-happened-when-mrbeast-offered-1-million-dollars-to-contestants-in-beast-games-season-2/articleshow/128224779.cms already exists.
2026-02-12 08:57:32,817 - INFO - [Times of India] (Thread) Finished. Attempting to shut down its Selenium driver.
2026-02-12 08:57:32,973 - INFO - [Times of India] (Thread) driver.quit() successful.
2026-02-12 08:57:34,273 - INFO - [The Hindu] Page content loaded.
2026-02-12 08:57:34,346 - INFO - [The Hindu] Success with 'selenium_browser'. Found content (153 words).
2026-02-12 08:57:34,434 - INFO - Saved article: Forest fire rages unchecked in Konnakkad-Kommadi area of Kerala’s Kasaragod; efforts on to protect habitations - The Hindu from The Hindu (153 words)
2026-02-12 08:57:34,953 - INFO - [The Hindu] Article: https://www.thehindu.com/news/national/supreme-court-refuses-to-entertain-jairam-rameshs-plea-on-retrospective-environmental-clearances/article70623140.ece
2026-02-12 08:57:34,953 - INFO - [The Hindu] Attempt 1/1: Trying with 'selenium_browser' strategy...
2026-02-12 08:57:36,721 - INFO - [The Hindu] Page content loaded.
2026-02-12 08:57:36,814 - INFO - [The Hindu] Success with 'selenium_browser'. Found content (455 words).
2026-02-12 08:57:36,878 - INFO - Saved article: Supreme Court refuses to entertain Jairam Ramesh's plea on retrospective environmental clearances - The Hindu from The Hindu (455 words)
2026-02-12 08:57:37,439 - INFO - [The Hindu] Article: https://www.thehindu.com/news/national/tamil-nadu/ms-dhoni-to-pay-10-lakh-for-transcribing-translating-documents-in-ipl-betting-scam-defamation-case-at-madras-high-court/article70622992.ece
2026-02-12 08:57:37,439 - INFO - [The Hindu] Attempt 1/1: Trying with 'selenium_browser' strategy...
2026-02-12 08:57:38,056 - INFO - [The Hindu] Page content loaded.
2026-02-12 08:57:38,161 - INFO - [The Hindu] Success with 'selenium_browser'. Found content (491 words).
2026-02-12 08:57:38,236 - INFO - Saved article: MS Dhoni to pay ₹10 lakh for transcribing, translating documents in IPL betting scam defamation case at Madras High Court - The Hindu from The Hindu (491 words)
2026-02-12 08:57:38,756 - INFO - [The Hindu] Early skip: URL https://www.thehindu.com/news/national/you-cant-denigrate-section-of-society-by-such-title-supreme-court-raps-neeraj-pandey-on-ghooskhor-pandat/article70623114.ece already exists.
2026-02-12 08:57:38,758 - INFO - [The Hindu] Early skip: URL https://www.thehindu.com/news/national/tamil-nadu/from-behind-bars-to-books-novel-initiative-to-train-cuddalore-prison-inmates-as-writers/article70622684.ece already exists.
2026-02-12 08:57:38,759 - INFO - [The Hindu] Early skip: URL https://www.thehindu.com/news/national/tamil-nadu/attempts-being-made-to-oust-me-from-politics-using-false-narratives-pmk-founder-s-ramadoss/article70622976.ece already exists.
2026-02-12 08:57:38,764 - INFO - [The Hindu] Article: https://www.thehindu.com/news/cities/bangalore/711-crore-atm-van-robbery-case-bengaluru-police-file-chargesheet-against-nine-accused/article70622830.ece
2026-02-12 08:57:38,764 - INFO - [The Hindu] Attempt 1/1: Trying with 'selenium_browser' strategy...
2026-02-12 08:57:41,285 - INFO - [The Hindu] Page content loaded.
2026-02-12 08:57:41,394 - INFO - [The Hindu] Success with 'selenium_browser'. Found content (195 words).
2026-02-12 08:57:41,606 - INFO - Saved article: ₹7.11 crore ATM van robbery: Bengaluru police file chargesheet against 9 accused - The Hindu from The Hindu (195 words)
2026-02-12 08:57:42,992 - INFO - [The Hindu] Early skip: URL https://www.thehindu.com/news/national/supreme-court-refuses-to-intervene-in-karnataka-high-courts-refusal-to-grant-mla-byrathi-basavaraj-pre-arrest-bail/article70622993.ece already exists.
2026-02-12 08:57:42,993 - INFO - [The Hindu] Article: https://www.thehindu.com/news/cities/bangalore/trade-union-strike-in-bengaluru-workers-protesting-around-town-hall-arrested-taken-away-from-spot/article70622988.ece
2026-02-12 08:57:42,993 - INFO - [The Hindu] Attempt 1/1: Trying with 'selenium_browser' strategy...
2026-02-12 08:57:44,628 - INFO - [The Hindu] Page content loaded.
2026-02-12 08:57:45,169 - INFO - [The Hindu] Success with 'selenium_browser'. Found content (236 words).
2026-02-12 08:57:45,228 - INFO - Saved article: Workers converge around Town Hall in Bengaluru for protest rally against new labour codes - The Hindu from The Hindu (236 words)
2026-02-12 08:57:46,304 - INFO - [The Hindu] Early skip: URL https://www.thehindu.com/news/national/did-not-abuse-anyone-says-priyanka-gandhi-rejects-rijijus-charge-of-instigating-mps/article70622994.ece already exists.
2026-02-12 08:57:46,305 - INFO - [The Hindu] Early skip: URL https://www.thehindu.com/news/national/kerala/bharat-bandh-trade-union-strike-paralyses-life-in-kannur-kasaragod-districts-of-kerala/article70623001.ece already exists.
2026-02-12 08:57:46,306 - INFO - [The Hindu] Early skip: URL https://www.thehindu.com/news/national/andhra-pradesh/bharat-bandh-sparks-protests-in-parts-of-andhra-pradesh/article70622923.ece already exists.
2026-02-12 08:57:46,308 - INFO - [The Hindu] Article: https://www.thehindu.com/news/national/karnataka/special-intensive-revision-sir-by-election-commission-of-india-eci-is-clandestine-attempt-by-bjp-to-prepare-national-register-of-citizens-claims-activist-shiv-sundar/article70620739.ece
2026-02-12 08:57:46,308 - INFO - [The Hindu] Attempt 1/1: Trying with 'selenium_browser' strategy...
2026-02-12 08:57:47,434 - INFO - [The Hindu] Page content loaded.
2026-02-12 08:57:47,497 - INFO - [The Hindu] Success with 'selenium_browser'. Found content (742 words).
2026-02-12 08:57:47,584 - INFO - Saved article: SIR by ECI is clandestine attempt by BJP to prepare National Register of Citizens: Activist Shiv Sundar - The Hindu from The Hindu (742 words)
2026-02-12 08:57:48,904 - INFO - [The Hindu] Early skip: URL https://www.thehindu.com/news/national/kerala/kerala-opposition-leader-vd-satheesan-says-udf-will-increase-allocation-for-health-in-state-budget/article70622840.ece already exists.
2026-02-12 08:57:48,905 - INFO - [The Hindu] Early skip: URL https://www.thehindu.com/news/national/telangana/telangana-cm-invites-defence-minister-to-gandhi-sarovar-foundation-laying-ceremony-in-late-february/article70622887.ece already exists.
2026-02-12 08:57:48,907 - INFO - [The Hindu] Early skip: URL https://www.thehindu.com/news/national/tamil-nadu/tn-to-formulate-state-level-public-sector-innovation-policystate-innovation-index/article70619224.ece already exists.
2026-02-12 08:57:48,908 - INFO - [The Hindu] Early skip: URL https://www.thehindu.com/news/national/tamil-nadu/madras-high-court-clears-decks-for-elections-to-tamil-film-producers-council/article70622636.ece already exists.
2026-02-12 08:57:48,909 - INFO - [The Hindu] Early skip: URL https://www.thehindu.com/news/national/bjp-mp-nishikant-dubey-lok-sabha-rahul-gandhi-notice-to-move-motion/article70622899.ece already exists.
2026-02-12 08:57:48,910 - INFO - [The Hindu] Early skip: URL https://www.thehindu.com/news/national/tamil-nadu/ahead-of-tvk-chief-vijays-visit-a-look-at-salem-districts-voting-pattern/article70620787.ece already exists.
2026-02-12 08:57:48,912 - INFO - [The Hindu] Early skip: URL https://www.thehindu.com/news/national/kiren-rijiju-reiterates-claim-of-congress-mps-abusing-lok-sabha-speaker-om-birla/article70622848.ece already exists.
2026-02-12 08:57:48,913 - INFO - [The Hindu] Early skip: URL https://www.thehindu.com/news/national/aap-mp-sanjay-singh-gives-zero-hour-notice-in-rajya-sabha-on-demand-for-strong-road-safety-laws/article70622842.ece already exists.
2026-02-12 08:57:48,914 - INFO - [The Hindu] Early skip: URL https://www.thehindu.com/news/national/haryana/woman-dies-after-car-driven-by-haryana-cop-runs-her-over/article70622816.ece already exists.
2026-02-12 08:57:48,915 - INFO - [The Hindu] Early skip: URL https://www.thehindu.com/news/national/assam/assam-bjp-social-media-co-convenor-removed-for-uploading-controversial-video/article70622778.ece already exists.
2026-02-12 08:57:48,916 - INFO - [The Hindu] Early skip: URL https://www.thehindu.com/news/national/kerala/kerala-hc-grants-anticipatory-bail-to-mla-rahul-mamkootathil-in-first-rape-case/article70622782.ece already exists.
2026-02-12 08:57:48,918 - INFO - [The Hindu] Early skip: URL https://www.thehindu.com/news/national/telangana/tiger-on-the-move-in-northern-telangana-is-not-from-tipeshwar-say-maharashtra-forest-officials/article70621119.ece already exists.
2026-02-12 08:57:48,919 - INFO - [The Hindu] Early skip: URL https://www.thehindu.com/news/cities/Visakhapatnam/protest-in-visakhapatnam-against-central-governments-anti-labour-policies/article70622659.ece already exists.
2026-02-12 08:57:48,920 - INFO - [The Hindu] Early skip: URL https://www.thehindu.com/food/features/ayurvod-the-herbal-liqueur-from-poland-blends-ayurvedic-flavours-with-polish-vodka/article70619282.ece already exists.
2026-02-12 08:57:48,921 - INFO - [The Hindu] Early skip: URL https://www.thehindu.com/news/national/ed-summons-former-punjab-cm-amarinder-singh-son-in-fema-case/article70622613.ece already exists.
2026-02-12 08:57:48,922 - INFO - [The Hindu] Early skip: URL https://www.thehindu.com/news/national/kerala/bharat-bandh-trade-union-strike-disrupts-normal-life-in-kerala-transport-services-hit/article70622608.ece already exists.
2026-02-12 08:57:48,923 - INFO - [The Hindu] Early skip: URL https://www.thehindu.com/news/national/parliament-budget-session-lok-sabha-rajya-sabha-live-updates-february-12-2026/article70622601.ece already exists.
2026-02-12 08:57:48,925 - INFO - [The Hindu] Early skip: URL https://www.thehindu.com/news/national/bharat-bandh-nationwide-strike-trade-union-farmer-employees-live-updates-february-12/article70622572.ece already exists.
2026-02-12 08:57:48,926 - INFO - [The Hindu] Early skip: URL https://www.thehindu.com/news/national/shivam-mishra-arrested-in-kanpur-luxury-car-crash-case/article70622592.ece already exists.
2026-02-12 08:57:48,927 - INFO - [The Hindu] Early skip: URL https://www.thehindu.com/news/cities/Visakhapatnam/international-fleet-review-vizag-beach-road-to-get-enclosures-for-audience/article70619253.ece already exists.
2026-02-12 08:57:48,928 - INFO - [The Hindu] Early skip: URL https://www.thehindu.com/news/national/karnataka/strike-banking-may-be-hit-transport-and-schools-to-function-as-usual/article70621117.ece already exists.
2026-02-12 08:57:48,929 - INFO - [The Hindu] Early skip: URL https://www.thehindu.com/news/national/maharashtra/ajit-pawar-plane-crash-site-baramati-dgca-team/article70622447.ece already exists.
2026-02-12 08:57:48,931 - INFO - [The Hindu] Early skip: URL https://www.thehindu.com/news/national/have-states-gained-from-the-16th-fc-explained/article70621192.ece already exists.
2026-02-12 08:57:48,932 - INFO - [The Hindu] Early skip: URL https://www.thehindu.com/news/cities/mumbai/bombay-hc-reduces-life-term-of-rape-convict-to-12-years-cites-his-age-at-time-of-crime-essay-on-gandhiji/article70622381.ece already exists.
2026-02-12 08:57:48,933 - INFO - [The Hindu] Early skip: URL https://www.thehindu.com/data/less-than-half-of-those-trained-under-pm-daksh-scheme-for-scs-bcs-dnts-got-jobs/article70620661.ece already exists.
2026-02-12 08:57:48,934 - INFO - [The Hindu] Early skip: URL https://www.thehindu.com/data/over-60-went-missing-each-day-in-delhi-including-16-children-data/article70621183.ece already exists.
2026-02-12 08:57:48,935 - INFO - [The Hindu] Early skip: URL https://www.thehindu.com/news/national/union-minister-shivraj-singh-chauhan-graces-janpratinidhi-sammelan-in-agartala/article70622369.ece already exists.
2026-02-12 08:57:48,937 - INFO - [The Hindu] Early skip: URL https://www.thehindu.com/data/pm-modis-foreign-visits-cost-462-crores-in-2021-25/article70620183.ece already exists.
2026-02-12 08:57:48,938 - INFO - [The Hindu] Early skip: URL https://www.thehindu.com/news/national/odisha/villagers-skip-meeting-convened-by-odisha-govt-over-anganwadi-boycott-row/article70620490.ece already exists.
2026-02-12 08:57:48,939 - INFO - [The Hindu] Early skip: URL https://www.thehindu.com/news/national/construction-of-babri-masjid-begins-at-murshidabad/article70620557.ece already exists.
2026-02-12 08:57:48,940 - INFO - [The Hindu] Early skip: URL https://www.thehindu.com/sci-tech/science/darwin-day-antimicrobial-resistance-adaptation-india-drug-policy/article70607352.ece already exists.
2026-02-12 08:57:48,942 - INFO - [The Hindu] Early skip: URL https://www.thehindu.com/news/cities/Delhi/delhi-high-court-asks-centre-to-respond-to-plea-on-surge-in-missing-person-cases/article70620484.ece already exists.
2026-02-12 08:57:48,943 - INFO - [The Hindu] Early skip: URL https://www.thehindu.com/news/national/tamil-nadu/anna-university-inaugurates-state-of-the-art-ai-lab/article70620137.ece already exists.
2026-02-12 08:57:48,944 - INFO - [The Hindu] Early skip: URL https://www.thehindu.com/news/national/uttar-pradesh/up-budget-2026-bjps-farewell-budget-lacks-focus-says-opposition/article70620603.ece already exists.
2026-02-12 08:57:48,946 - INFO - [The Hindu] Early skip: URL https://www.thehindu.com/news/national/west-bengal/west-bengal-bjp-welcomes-mha-directive-of-singing-all-stanzas-of-vande-mataram/article70620844.ece already exists.
2026-02-12 08:57:48,947 - INFO - [The Hindu] Early skip: URL https://www.thehindu.com/news/national/madhya-pradesh/protest-against-ken-betwa-river-link-project-turns-violent-in-mp/article70620687.ece already exists.
2026-02-12 08:57:48,948 - INFO - [The Hindu] Early skip: URL https://www.thehindu.com/news/national/haryana/haryana-citizens-send-11000-suggestions-to-govts-ai-based-portal-for-state-budget/article70621372.ece already exists.
2026-02-12 08:57:48,949 - INFO - [The Hindu] Early skip: URL https://www.thehindu.com/opinion/op-ed/a-battle-over-the-title-of-jatipita/article70618382.ece already exists.
2026-02-12 08:57:48,950 - INFO - [The Hindu] Early skip: URL https://www.thehindu.com/news/national/maharashtra/salman-khans-brother-in-law-aayush-sharma-gets-threat-email/article70621336.ece already exists.
2026-02-12 08:57:48,952 - INFO - [The Hindu] Early skip: URL https://www.thehindu.com/news/national/kerala/kmrl-gets-nod-to-seek-1016-cr-loan-for-kochi-metro-phase-2/article70620388.ece already exists.
2026-02-12 08:57:48,953 - INFO - [The Hindu] Early skip: URL https://www.thehindu.com/news/national/kerala/kerala-high-court-orders-high-level-probe-into-suraj-lamas-death/article70620750.ece already exists.
2026-02-12 08:57:48,954 - INFO - [The Hindu] Early skip: URL https://www.thehindu.com/news/national/kerala/use-of-minimum-corporal-punishment-not-an-offence-kerala-high-court/article70620396.ece already exists.
2026-02-12 08:57:48,955 - INFO - [The Hindu] Early skip: URL https://www.thehindu.com/news/cities/chennai/silk-saree-production-hit-in-kancheepuram/article70620639.ece already exists.
2026-02-12 08:57:48,956 - INFO - [The Hindu] Early skip: URL https://www.thehindu.com/news/national/kerala/man-allegedly-assaulted-for-good-samaritan-act/article70620796.ece already exists.
2026-02-12 08:57:48,957 - INFO - [The Hindu] Early skip: URL https://www.thehindu.com/news/national/tamil-nadu/kadalukku-oru-kaditham-when-the-sea-waits-for-letters/article70620266.ece already exists.
2026-02-12 08:57:48,959 - INFO - [The Hindu] Early skip: URL https://www.thehindu.com/news/national/karnataka/karnataka-revenue-department-makes-plea-to-high-court/article70620997.ece already exists.
2026-02-12 08:57:48,960 - INFO - [The Hindu] Early skip: URL https://www.thehindu.com/news/national/karnataka/congress-legislators-to-tour-australia-new-zealand-from-february-16/article70619836.ece already exists.
2026-02-12 08:57:48,961 - INFO - [The Hindu] Early skip: URL https://www.thehindu.com/news/national/karnataka/karnataka-high-court-defers-cross-examination-of-witnesses-in-murder-case-to-prevent-exposure-of-defence-strategy/article70620885.ece already exists.
2026-02-12 08:57:48,962 - INFO - [The Hindu] Early skip: URL https://www.thehindu.com/news/national/karnataka/ordi-to-organise-racefor7-on-february-22-to-create-rare-disease-awareness/article70619751.ece already exists.
2026-02-12 08:57:48,963 - INFO - [The Hindu] Early skip: URL https://www.thehindu.com/news/national/sc-adjourns-hearing-in-case-against-stalins-2011-poll-win/article70621096.ece already exists.
2026-02-12 08:57:48,965 - INFO - [The Hindu] Early skip: URL https://www.thehindu.com/news/national/supreme-court-agrees-to-list-another-plea-against-assam-cm-for-alleged-hate-speeches/article70621278.ece already exists.
2026-02-12 08:57:48,966 - INFO - [The Hindu] Early skip: URL https://www.thehindu.com/news/national/tamil-nadu/over-13-crore-disbursed-for-students-under-vits-scholarship-scheme-chancellor/article70619834.ece already exists.
2026-02-12 08:57:48,967 - INFO - [The Hindu] Early skip: URL https://www.thehindu.com/news/national/andhra-pradesh/apsrtc-to-induct-750-electric-buses-in-gcc-mode-staff-union-flays-move/article70620619.ece already exists.
2026-02-12 08:57:48,968 - INFO - [The Hindu] Early skip: URL https://www.thehindu.com/news/national/andhra-pradesh/fervour-marks-brahmotsavams-at-srinivasa-mangapuram-kapila-theertham/article70620602.ece already exists.
2026-02-12 08:57:48,969 - INFO - [The Hindu] Early skip: URL https://www.thehindu.com/news/national/tamil-nadu/tribal-hamlets-atop-jarthankollai-hillock-in-vellore-get-first-bitumen-road/article70619847.ece already exists.
2026-02-12 08:57:48,970 - INFO - [The Hindu] Early skip: URL https://www.thehindu.com/news/national/tamil-nadu/three-bridges-across-cheyyar-river-near-chengam-polur-towns-inaugurated/article70619869.ece already exists.
2026-02-12 08:57:48,972 - INFO - [The Hindu] Early skip: URL https://www.thehindu.com/news/national/tamil-nadu/over-800-haj-pilgrims-vaccinated-in-vellore-nearby-districts/article70619858.ece already exists.
2026-02-12 08:57:48,973 - INFO - [The Hindu] Early skip: URL https://www.thehindu.com/news/national/karnataka/retired-navy-captain-dentist-wife-stabbed-to-death-by-son/article70621168.ece already exists.
2026-02-12 08:57:48,974 - INFO - [The Hindu] Early skip: URL https://www.thehindu.com/news/national/telangana/hydraa-fences-pragathi-nagar-lake/article70620845.ece already exists.
2026-02-12 08:57:48,975 - INFO - [The Hindu] Early skip: URL https://www.thehindu.com/news/national/andhra-pradesh/ap-discoms-told-to-ensure-uninterrupted-power-supply-during-sivaratri-festival/article70620500.ece already exists.
2026-02-12 08:57:48,976 - INFO - [The Hindu] Early skip: URL https://www.thehindu.com/news/national/tamil-nadu/loco-pilot-walks-the-extra-mile-to-save-a-life/article70619463.ece already exists.
2026-02-12 08:57:48,977 - INFO - [The Hindu] Early skip: URL https://www.thehindu.com/news/national/andhra-pradesh/global-meet-on-eco-adaptive-research-at-srr-and-cvr-college/article70620716.ece already exists.
2026-02-12 08:57:48,979 - INFO - [The Hindu] Early skip: URL https://www.thehindu.com/news/national/by-next-academic-year-government-wants-ai-to-become-part-of-teaching-learning-at-all-levels-of-education/article70621052.ece already exists.
2026-02-12 08:57:48,980 - INFO - [The Hindu] Early skip: URL https://www.thehindu.com/news/national/andhra-pradesh/brain-dead-engineering-students-organs-give-new-lease-of-life-to-several-patients/article70620693.ece already exists.
2026-02-12 08:57:48,981 - INFO - [The Hindu] Early skip: URL https://www.thehindu.com/news/national/andhra-pradesh/ap-bar-council-elections-tomorrow/article70621102.ece already exists.
2026-02-12 08:57:48,982 - INFO - [The Hindu] Early skip: URL https://www.thehindu.com/news/national/tamil-nadu/tamil-brahmi-inscriptions-found-in-egypts-valley-of-the-kings-shed-light-on-ancient-trade-links/article70619929.ece already exists.
2026-02-12 08:57:48,983 - INFO - [The Hindu] Early skip: URL https://www.thehindu.com/news/national/andhra-pradesh/praja-arogya-vedika-seeks-higher-health-outlay-in-2026-27-budget/article70620578.ece already exists.
2026-02-12 08:57:48,984 - INFO - [The Hindu] Early skip: URL https://www.thehindu.com/news/national/opposition-targets-centre-over-inequality-of-income-atmosphere-of-fear-in-budget-discussion/article70620991.ece already exists.
2026-02-12 08:57:48,986 - INFO - [The Hindu] Early skip: URL https://www.thehindu.com/news/national/odisha/ahead-of-march-31-deadline-odisha-revises-surrender-and-rehabilitation-scheme-for-surrendering-maoists/article70620211.ece already exists.
2026-02-12 08:57:48,987 - INFO - [The Hindu] Early skip: URL https://www.thehindu.com/news/national/karnataka/mp-lahar-singh-siroya-pushes-for-crafts-village-near-channapatna/article70620859.ece already exists.
2026-02-12 08:57:48,988 - INFO - [The Hindu] Early skip: URL https://www.thehindu.com/news/national/defence-ministry-plans-fresh-guidelines-publishing-book-naravane-memoir-row/article70620377.ece already exists.
2026-02-12 08:57:48,989 - INFO - [The Hindu] Early skip: URL https://www.thehindu.com/news/national/calling-rafale-the-hero-of-operation-sindoor-vice-chief-of-air-staff-seeks-more-fighter-planes-for-iaf/article70620746.ece already exists.
2026-02-12 08:57:48,990 - INFO - [The Hindu] Early skip: URL https://www.thehindu.com/sci-tech/energy-and-environment/study-reveals-surprising-rise-of-lion%E2%80%90tailed-macaques-in-human-dominated-landscapes/article70620249.ece already exists.
2026-02-12 08:57:48,991 - INFO - [The Hindu] Early skip: URL https://www.thehindu.com/news/national/tamil-nadu/the-hindu-group-to-host-two-day-tech-summit-on-feb-12-13/article70620579.ece already exists.
2026-02-12 08:57:48,993 - INFO - [The Hindu] Early skip: URL https://www.thehindu.com/news/national/supreme-court-orders-completion-of-aaib-probe-into-ai-171-flight-crash-in-three-weeks/article70621017.ece already exists.
2026-02-12 08:57:48,994 - INFO - [The Hindu] Early skip: URL https://www.thehindu.com/news/national/vande-mataram-to-be-played-before-jana-gana-mana-says-centre-to-states-and-government-bodies/article70620756.ece already exists.
2026-02-12 08:57:48,995 - INFO - [The Hindu] Article: https://www.thehindu.com/news/national/jammu-and-kashmir/landmine-explosion-civilian-injured-jammu-kashmir-poonch/article70620912.ece
2026-02-12 08:57:48,995 - INFO - [The Hindu] Attempt 1/1: Trying with 'selenium_browser' strategy...
2026-02-12 08:57:49,933 - INFO - [The Hindu] Page content loaded.
2026-02-12 08:57:50,004 - INFO - [The Hindu] Success with 'selenium_browser'. Found content (101 words).
2026-02-12 08:57:50,070 - INFO - Saved article: Civilian injured in landmine explosion in Jammu and Kashmir’s Poonch district - The Hindu from The Hindu (101 words)
2026-02-12 08:57:50,622 - INFO - [The Hindu] Early skip: URL https://www.thehindu.com/news/national/telangana/congress-will-bag-80-of-civic-bodies-in-telangana-says-ponnam-prabhakar/article70621003.ece already exists.
2026-02-12 08:57:50,624 - INFO - [The Hindu] Early skip: URL https://www.thehindu.com/news/national/andhra-pradesh/humpback-dolphin-found-dead-on-perupalem-beach-in-west-godavari-district/article70620749.ece already exists.
2026-02-12 08:57:50,625 - INFO - [The Hindu] Early skip: URL https://www.thehindu.com/news/national/andhra-pradesh/gunadala-matha-annual-fete-concludes-amid-huge-turnout/article70620766.ece already exists.
2026-02-12 08:57:50,626 - INFO - [The Hindu] Early skip: URL https://www.thehindu.com/news/national/build-memorial-for-bengal-revolutionaries-who-never-wrote-mercy-petitions-trinamool-congress-mp/article70620734.ece already exists.
2026-02-12 08:57:50,627 - INFO - [The Hindu] (Thread) Finished. Attempting to shut down its Selenium driver.
2026-02-12 08:57:50,732 - INFO - [The Hindu] (Thread) driver.quit() successful.
2026-02-12 08:57:50,736 - INFO - Shutting down thread pool (wait=False)...
2026-02-12 08:57:50,736 - INFO - Scraped: 2 The Guardian, 4 Times of India, 0 BBC, 0 TechCrunch, 13 The Hindu articles. (Total saved: 19)
2026-02-12 08:57:50,736 - INFO - --- Scraping job finished ---
2026-02-12 08:57:50,741 - INFO - --- Scraper service stopped and database connection closed. ---
2026-02-12 08:57:50,741 - INFO - --- Main thread finished. Forcing process exit to kill zombie threads. ---
