2026-02-18 20:06:00,147 - INFO - Loading AI Semantic Model (all-MiniLM-L4-v2)...
2026-02-18 20:06:00,147 - INFO - Use pytorch device_name: cpu
2026-02-18 20:06:00,147 - INFO - Load pretrained SentenceTransformer: all-MiniLM-L4-v2
2026-02-18 20:06:00,300 - INFO - HTTP Request: HEAD https://huggingface.co/sentence-transformers/all-MiniLM-L4-v2/resolve/main/modules.json "HTTP/1.1 401 Unauthorized"
2026-02-18 20:06:00,301 - WARNING - No sentence-transformers model found with name sentence-transformers/all-MiniLM-L4-v2. Creating a new one with mean pooling.
2026-02-18 20:06:00,396 - INFO - HTTP Request: HEAD https://huggingface.co/sentence-transformers/all-MiniLM-L4-v2/resolve/main/adapter_config.json "HTTP/1.1 401 Unauthorized"
2026-02-18 20:06:00,397 - CRITICAL - Failed to load AI model: sentence-transformers/all-MiniLM-L4-v2 is not a local folder and is not a valid model identifier listed on 'https://huggingface.co/models'
If this is a private repository, make sure to pass a token having permission to this repo either by logging in with `hf auth login` or by passing `token=<your_token>`. Clustering is disabled.
2026-02-18 20:06:00,397 - INFO - --- Scraper service started (CI Mode: Run Once) ---
2026-02-18 20:06:00,397 - INFO - --- Starting new scraping job (Parallel Mode) ---
2026-02-18 20:06:00,397 - INFO - Creating new robust session with 3 retries on 5xx/connection/read errors.
2026-02-18 20:06:00,397 - INFO - Proxy is DISABLED.
2026-02-18 20:06:00,398 - INFO - Starting scrape for BBC RSS feed: http://feeds.bbci.co.uk/news/world/rss.xml
2026-02-18 20:06:00,398 - INFO - [Times of India] (Thread) requires Selenium. Initializing driver...
2026-02-18 20:06:00,399 - INFO - Starting scrape for TechCrunch RSS feed: https://techcrunch.com/feed/
2026-02-18 20:06:00,401 - INFO - Starting scrape for The Guardian RSS feed: https://www.theguardian.com/world/rss
2026-02-18 20:06:00,402 - INFO - [The Hindu] (Thread) requires Selenium. Initializing driver...
2026-02-18 20:06:00,402 - INFO - Submitted 5 jobs to thread pool. Waiting up to 300s for completion...
2026-02-18 20:06:00,492 - INFO - Found 44 articles in BBC RSS feed. Processing until 20 new articles are saved.
2026-02-18 20:06:00,493 - INFO - [BBC] Article: https://www.bbc.com/news/articles/c309qqyer8yo?at_medium=RSS&at_campaign=rss
2026-02-18 20:06:00,493 - INFO - [BBC] Attempt 1/1: Trying with 'requests_browser' strategy...
2026-02-18 20:06:00,625 - INFO - Found 45 articles in The Guardian RSS feed. Processing until 20 new articles are saved.
2026-02-18 20:06:00,626 - INFO - [The Guardian] Early skip: URL https://www.theguardian.com/politics/2026/feb/18/countries-do-not-embrace-ai-left-behind-george-osborne already exists.
2026-02-18 20:06:00,627 - INFO - [The Guardian] Early skip: URL https://www.theguardian.com/world/2026/feb/17/trim-slugs-to-kenya-authorities-israel-tech-crack-activists-phone-report already exists.
2026-02-18 20:06:00,629 - INFO - [The Guardian] Early skip: URL https://www.theguardian.com/news/audio/2026/feb/16/how-an-undercover-cop-foiled-an-is-plot-to-massacre-britains-jews-podcast already exists.
2026-02-18 20:06:00,630 - INFO - [The Guardian] Early skip: URL https://www.theguardian.com/world/2026/feb/14/assailants-kill-raids-northwest-nigeria-villages-residents-say already exists.
2026-02-18 20:06:00,631 - INFO - [The Guardian] Early skip: URL https://www.theguardian.com/world/2026/feb/09/deaths-migrant-boat-capsizes-mediterranean-libya already exists.
2026-02-18 20:06:00,632 - INFO - [The Guardian] Early skip: URL https://www.theguardian.com/law/2026/feb/18/international-criminal-court-icc-judges-trump-sanctions already exists.
2026-02-18 20:06:00,634 - INFO - [The Guardian] Early skip: URL https://www.theguardian.com/us-news/2026/feb/17/us-military-boats-strikes already exists.
2026-02-18 20:06:00,635 - INFO - [The Guardian] Early skip: URL https://www.theguardian.com/world/2026/feb/17/perus-president-ousted-in-express-impeachment-after-just-four-months already exists.
2026-02-18 20:06:00,636 - INFO - [The Guardian] Early skip: URL https://www.theguardian.com/world/2026/feb/17/mexican-president-challenges-uk-asylum-given-to-woman-accused-of-corruption already exists.
2026-02-18 20:06:00,637 - INFO - [The Guardian] Early skip: URL https://www.theguardian.com/world/2026/feb/16/mexico-disappearances-increase already exists.
2026-02-18 20:06:00,638 - INFO - [The Guardian] Early skip: URL https://www.theguardian.com/world/2026/feb/18/philippine-vice-president-sara-duterte-announces-2028-presidential-bid already exists.
2026-02-18 20:06:00,640 - INFO - [The Guardian] Early skip: URL https://www.theguardian.com/business/2026/feb/18/us-japan-critical-minerals-agreement-oil-gas-projects-deal already exists.
2026-02-18 20:06:00,641 - INFO - [The Guardian] Early skip: URL https://www.theguardian.com/world/2026/feb/18/china-dancing-humanoid-robots-festival-show already exists.
2026-02-18 20:06:00,642 - INFO - [The Guardian] Early skip: URL https://www.theguardian.com/world/2026/feb/18/radio-free-asia-china-broadcasts already exists.
2026-02-18 20:06:00,643 - INFO - [The Guardian] Early skip: URL https://www.theguardian.com/world/2026/feb/18/new-zealand-golden-visa-applications-america-china already exists.
2026-02-18 20:06:00,645 - INFO - [The Guardian] Article: https://www.theguardian.com/australia-news/live/2026/feb/19/tony-burke-syria-camp-jobs-figures-angus-taylor-anthony-albanese-coalition-labor-accc-coles-ntwnfb
2026-02-18 20:06:00,645 - INFO - [The Guardian] Attempt 1/1: Trying with 'requests_browser' strategy...
2026-02-18 20:06:00,931 - INFO - [BBC] Success with 'requests_browser'. Found content (440 words).
2026-02-18 20:06:01,157 - INFO - Saved article: Do not give away Diego Garcia, says Trump from BBC (440 words)
2026-02-18 20:06:01,428 - INFO - [The Guardian] Success with 'requests_browser'. Found content (930 words).
2026-02-18 20:06:01,500 - INFO - Saved article: Australia news live: Tony Burke accuses Coalition of ‘silly hypocrisy’ on Syria camp group | Australia news | The Guardian from The Guardian (930 words)
2026-02-18 20:06:01,714 - INFO - Found 0 articles in TechCrunch RSS feed. Processing until 20 new articles are saved.
2026-02-18 20:06:02,517 - INFO - [BBC] Early skip: URL https://www.bbc.com/news/articles/c0k1xj0d708o?at_medium=RSS&at_campaign=rss already exists.
2026-02-18 20:06:02,519 - INFO - [BBC] Early skip: URL https://www.bbc.com/news/articles/cly8q62qe71o?at_medium=RSS&at_campaign=rss already exists.
2026-02-18 20:06:02,520 - INFO - [BBC] Early skip: URL https://www.bbc.com/news/articles/cwyk6nr80kxo?at_medium=RSS&at_campaign=rss already exists.
2026-02-18 20:06:02,521 - INFO - [BBC] Early skip: URL https://www.bbc.com/news/articles/c5y42znjnjvo?at_medium=RSS&at_campaign=rss already exists.
2026-02-18 20:06:02,522 - INFO - [BBC] Early skip: URL https://www.bbc.com/news/articles/cly23mrv68ro?at_medium=RSS&at_campaign=rss already exists.
2026-02-18 20:06:02,524 - INFO - [BBC] Early skip: URL https://www.bbc.com/news/articles/c0lj0plkg09o?at_medium=RSS&at_campaign=rss already exists.
2026-02-18 20:06:02,525 - INFO - [BBC] Early skip: URL https://www.bbc.com/news/articles/cpd8zx4qdz6o?at_medium=RSS&at_campaign=rss already exists.
2026-02-18 20:06:02,526 - INFO - [BBC] Early skip: URL https://www.bbc.com/news/articles/c62dzgy0q37o?at_medium=RSS&at_campaign=rss already exists.
2026-02-18 20:06:02,527 - INFO - [BBC] Early skip: URL https://www.bbc.com/news/articles/c0q3nwdk315o?at_medium=RSS&at_campaign=rss already exists.
2026-02-18 20:06:02,528 - INFO - [BBC] Early skip: URL https://www.bbc.com/news/articles/c5yv9plyjgpo?at_medium=RSS&at_campaign=rss already exists.
2026-02-18 20:06:02,530 - INFO - [BBC] Early skip: URL https://www.bbc.com/sport/football/articles/cx24vnm4dp5o?at_medium=RSS&at_campaign=rss already exists.
2026-02-18 20:06:02,531 - INFO - [BBC] Early skip: URL https://www.bbc.com/news/articles/c4g2dgjrx75o?at_medium=RSS&at_campaign=rss already exists.
2026-02-18 20:06:02,532 - INFO - [BBC] Early skip: URL https://www.bbc.com/news/articles/cge8nd5ve00o?at_medium=RSS&at_campaign=rss already exists.
2026-02-18 20:06:02,533 - INFO - [BBC] Early skip: URL https://www.bbc.com/news/articles/cze0dk3yd5eo?at_medium=RSS&at_campaign=rss already exists.
2026-02-18 20:06:02,534 - INFO - [BBC] Early skip: URL https://www.bbc.com/news/articles/cz7gvdx457vo?at_medium=RSS&at_campaign=rss already exists.
2026-02-18 20:06:02,536 - INFO - [BBC] Early skip: URL https://www.bbc.com/news/articles/cn5g207k7d5o?at_medium=RSS&at_campaign=rss already exists.
2026-02-18 20:06:02,537 - INFO - [BBC] Early skip: URL https://www.bbc.com/news/articles/cx2rg2vndk1o?at_medium=RSS&at_campaign=rss already exists.
2026-02-18 20:06:02,538 - INFO - [BBC] Early skip: URL https://www.bbc.com/news/articles/cy4wvk9vn40o?at_medium=RSS&at_campaign=rss already exists.
2026-02-18 20:06:02,539 - INFO - [BBC] Early skip: URL https://www.bbc.com/sport/football/articles/cpv843x1zgzo?at_medium=RSS&at_campaign=rss already exists.
2026-02-18 20:06:02,540 - INFO - [BBC] Early skip: URL https://www.bbc.com/news/articles/cj0dqp9pleeo?at_medium=RSS&at_campaign=rss already exists.
2026-02-18 20:06:02,542 - INFO - [BBC] Early skip: URL https://www.bbc.com/news/articles/cwyknjnd706o?at_medium=RSS&at_campaign=rss already exists.
2026-02-18 20:06:02,543 - INFO - [BBC] Early skip: URL https://www.bbc.com/news/articles/cvgj1qrqd47o?at_medium=RSS&at_campaign=rss already exists.
2026-02-18 20:06:02,544 - INFO - [BBC] Early skip: URL https://www.bbc.com/news/articles/cp81l0e1eg5o?at_medium=RSS&at_campaign=rss already exists.
2026-02-18 20:06:02,545 - INFO - [BBC] Early skip: URL https://www.bbc.com/news/articles/ckg18yqwlplo?at_medium=RSS&at_campaign=rss already exists.
2026-02-18 20:06:02,546 - INFO - [BBC] Early skip: URL https://www.bbc.com/news/articles/cr7321n1n0eo?at_medium=RSS&at_campaign=rss already exists.
2026-02-18 20:06:02,548 - INFO - [BBC] Early skip: URL https://www.bbc.com/news/articles/cn87rv0jdy1o?at_medium=RSS&at_campaign=rss already exists.
2026-02-18 20:06:02,549 - INFO - [BBC] Early skip: URL https://www.bbc.com/news/articles/c9dne6z4p9qo?at_medium=RSS&at_campaign=rss already exists.
2026-02-18 20:06:02,550 - INFO - [BBC] Early skip: URL https://www.bbc.com/news/articles/cn5g751pl7lo?at_medium=RSS&at_campaign=rss already exists.
2026-02-18 20:06:02,551 - INFO - [BBC] Early skip: URL https://www.bbc.com/news/articles/cwykn2endnyo?at_medium=RSS&at_campaign=rss already exists.
2026-02-18 20:06:02,552 - INFO - [BBC] Early skip: URL https://www.bbc.com/news/articles/c1mjrgkk1m8o?at_medium=RSS&at_campaign=rss already exists.
2026-02-18 20:06:02,554 - INFO - [BBC] Early skip: URL https://www.bbc.com/news/articles/cp81kw4pzd2o?at_medium=RSS&at_campaign=rss already exists.
2026-02-18 20:06:02,555 - INFO - [BBC] Early skip: URL https://www.bbc.com/news/articles/cvgveqzld59o?at_medium=RSS&at_campaign=rss already exists.
2026-02-18 20:06:02,556 - INFO - [BBC] Article: https://www.bbc.com/news/articles/cn8z9qq25jno?at_medium=RSS&at_campaign=rss
2026-02-18 20:06:02,556 - INFO - [BBC] Attempt 1/1: Trying with 'requests_browser' strategy...
2026-02-18 20:06:02,585 - WARNING - [BBC] FAILED with 'requests_browser' (content was too short: 70 words).
2026-02-18 20:06:02,585 - ERROR - [BBC] All scrape strategies failed for https://www.bbc.com/news/articles/cn8z9qq25jno?at_medium=RSS&at_campaign=rss. Falling back to RSS description.
2026-02-18 20:06:02,585 - WARNING - SKIPPED (GLOBAL WORD LIMIT): Article ''We're going to always be grateful' - Chicagoans mourn loss of Jesse Jackson' from BBC has only 23 words (Min: 90).
2026-02-18 20:06:02,643 - INFO - [The Guardian] Early skip: URL https://www.theguardian.com/australia-news/2026/feb/18/consumer-watchdog-concerned-by-rise-of-per-item-prices-at-australian-supermarkets already exists.
2026-02-18 20:06:02,644 - INFO - [The Guardian] Early skip: URL https://www.theguardian.com/australia-news/2026/feb/18/childcare-australia-children-with-complex-needs-funding-inclusion-support-program already exists.
2026-02-18 20:06:02,646 - INFO - [The Guardian] Early skip: URL https://www.theguardian.com/australia-news/2026/feb/18/i-will-do-you-and-him-in-julian-ingram-threatened-former-de-facto-partner-a-decade-before-lake-cargelligo-murders-court-documents-say-ntwnfb already exists.
2026-02-18 20:06:02,647 - INFO - [The Guardian] Early skip: URL https://www.theguardian.com/australia-news/2026/feb/19/australian-private-health-insurance-premiums-increase-will-policies-deliver-cost-more already exists.
2026-02-18 20:06:02,648 - INFO - [The Guardian] Early skip: URL https://www.theguardian.com/world/2026/feb/18/climber-manslaughter-charge-girlfriend-austria-highest-peak already exists.
2026-02-18 20:06:02,649 - INFO - [The Guardian] Early skip: URL https://www.theguardian.com/world/live/2026/feb/18/ukraine-russia-peace-talks-zelenskyy-trump-putin-denmark-greenland-europe-live already exists.
2026-02-18 20:06:02,651 - INFO - [The Guardian] Early skip: URL https://www.theguardian.com/artanddesign/2026/feb/18/chalet-barcelona-confirmed-gaudi-xalet-del-catllaras already exists.
2026-02-18 20:06:02,652 - INFO - [The Guardian] Early skip: URL https://www.theguardian.com/world/2026/feb/18/belgium-investigation-jewish-men-diplomatic-row-us-ambassador already exists.
2026-02-18 20:06:02,653 - INFO - [The Guardian] Early skip: URL https://www.theguardian.com/money/2026/feb/18/britons-living-in-europe-face-repayment-hikes-amid-reeves-student-loans-row already exists.
2026-02-18 20:06:02,655 - INFO - [The Guardian] Article: https://www.theguardian.com/us-news/2026/feb/18/trump-board-of-peace-first-meeting
2026-02-18 20:06:02,655 - INFO - [The Guardian] Attempt 1/1: Trying with 'requests_browser' strategy...
2026-02-18 20:06:02,821 - INFO - [The Guardian] Success with 'requests_browser'. Found content (1267 words).
2026-02-18 20:06:02,860 - INFO - Saved article: Major European allies decline to join first meeting of Trump’s Board of Peace | Trump administration | The Guardian from The Guardian (1267 words)
2026-02-18 20:06:03,689 - INFO - [BBC] Article: https://www.bbc.com/news/articles/cn0zjz58nzqo?at_medium=RSS&at_campaign=rss
2026-02-18 20:06:03,689 - INFO - [BBC] Attempt 1/1: Trying with 'requests_browser' strategy...
2026-02-18 20:06:03,721 - WARNING - [BBC] FAILED with 'requests_browser' (content was too short: 60 words).
2026-02-18 20:06:03,721 - ERROR - [BBC] All scrape strategies failed for https://www.bbc.com/news/articles/cn0zjz58nzqo?at_medium=RSS&at_campaign=rss. Falling back to RSS description.
2026-02-18 20:06:03,721 - WARNING - SKIPPED (GLOBAL WORD LIMIT): Article 'Jesse Jackson: A life in pictures' from BBC has only 19 words (Min: 90).
2026-02-18 20:06:03,861 - INFO - [The Guardian] Early skip: URL https://www.theguardian.com/film/2026/feb/18/mehdi-mahmoudian-it-was-just-an-accident-co-writer-released-from-iranian-prison already exists.
2026-02-18 20:06:03,862 - INFO - [The Guardian] Early skip: URL https://www.theguardian.com/culture/2026/feb/17/javier-bardem-and-tilda-swinton-among-those-to-condemn-berlinales-silence-on-gaza already exists.
2026-02-18 20:06:03,863 - INFO - [The Guardian] Early skip: URL https://www.theguardian.com/world/2026/feb/17/hamdan-ballal-brother-no-other-land-injured-israeli-settler-attack already exists.
2026-02-18 20:06:03,865 - INFO - [The Guardian] Early skip: URL https://www.theguardian.com/world/2026/feb/17/iran-us-nuclear-talks-open-geneva already exists.
2026-02-18 20:06:03,866 - INFO - [The Guardian] Early skip: URL https://www.theguardian.com/technology/2026/feb/18/delhi-ai-expo-modi-jostles-lead-south already exists.
2026-02-18 20:06:03,867 - INFO - [The Guardian] Early skip: URL https://www.theguardian.com/world/2026/feb/17/tarique-rahman-sworn-in-bangladesh-prime-minister already exists.
2026-02-18 20:06:03,868 - INFO - [The Guardian] Early skip: URL https://www.theguardian.com/us-news/2026/feb/15/bhutanese-nepali-refugee-ice-trump-immigration already exists.
2026-02-18 20:06:03,869 - INFO - [The Guardian] Early skip: URL https://www.theguardian.com/world/2026/feb/13/bangladesh-election-bnp-wins already exists.
2026-02-18 20:06:03,871 - INFO - [The Guardian] Early skip: URL https://www.theguardian.com/global-development/2026/feb/13/invisible-children-born-in-the-brothels-of-bangladesh-finally-get-birth-certificates already exists.
2026-02-18 20:06:03,872 - INFO - [The Guardian] Early skip: URL https://www.theguardian.com/uk-news/2026/feb/18/ryanair-may-let-dual-nationals-board-uk-flights-without-a-british-passport already exists.
2026-02-18 20:06:03,873 - INFO - [The Guardian] Early skip: URL https://www.theguardian.com/stage/2026/feb/18/rsc-game-of-thrones-mad-king-george-rr-martin already exists.
2026-02-18 20:06:03,874 - INFO - [The Guardian] Early skip: URL https://www.theguardian.com/society/2026/feb/18/nhs-hip-and-knee-operations-threatened-by-bone-cement-supply-shortage already exists.
2026-02-18 20:06:03,876 - INFO - [The Guardian] Early skip: URL https://www.theguardian.com/politics/live/2026/feb/18/keir-starmer-labour-youth-unemployment-minimum-wage-eluned-morgan-wales-robert-jenrick-reform-conservatives-kemi-badenoch-uk-politics-latest already exists.
2026-02-18 20:06:03,877 - INFO - [The Guardian] Early skip: URL https://www.theguardian.com/uk-news/2026/feb/18/reform-run-lancashire-council-says-free-library-scheme-refugees-not-value-for-money already exists.
2026-02-18 20:06:03,879 - INFO - [The Guardian] Article: https://www.theguardian.com/technology/2026/feb/18/mark-zuckerberg-meta-trial-testimony
2026-02-18 20:06:03,879 - INFO - [The Guardian] Attempt 1/1: Trying with 'requests_browser' strategy...
2026-02-18 20:06:04,165 - INFO - [The Guardian] Success with 'requests_browser'. Found content (952 words).
2026-02-18 20:06:04,206 - INFO - Saved article: Zuckerberg grilled in landmark social media trial over teen mental health | Technology | The Guardian from The Guardian (952 words)
2026-02-18 20:06:05,001 - INFO - [BBC] Early skip: URL https://www.bbc.com/news/articles/cx77214zz9eo?at_medium=RSS&at_campaign=rss already exists.
2026-02-18 20:06:05,002 - INFO - [BBC] Early skip: URL https://www.bbc.com/news/articles/cx2gn239exlo?at_medium=RSS&at_campaign=rss already exists.
2026-02-18 20:06:05,004 - INFO - [BBC] Early skip: URL https://www.bbc.com/news/articles/c1d64p3q2d0o?at_medium=RSS&at_campaign=rss already exists.
2026-02-18 20:06:05,005 - INFO - [BBC] Early skip: URL https://www.bbc.com/news/videos/cnv6zy10vz4o?at_medium=RSS&at_campaign=rss already exists.
2026-02-18 20:06:05,006 - INFO - [BBC] Early skip: URL https://www.bbc.com/news/videos/cgjz234pj3lo?at_medium=RSS&at_campaign=rss already exists.
2026-02-18 20:06:05,007 - INFO - [BBC] Early skip: URL https://www.bbc.com/news/videos/c1e9z8jw93yo?at_medium=RSS&at_campaign=rss already exists.
2026-02-18 20:06:05,009 - INFO - [BBC] Early skip: URL https://www.bbc.com/news/videos/crmlgpnnzyxo?at_medium=RSS&at_campaign=rss already exists.
2026-02-18 20:06:05,010 - INFO - [BBC] Early skip: URL https://www.bbc.com/news/videos/c93wgxnk351o?at_medium=RSS&at_campaign=rss already exists.
2026-02-18 20:06:05,011 - INFO - [BBC] Early skip: URL https://www.bbc.com/news/videos/c80jvkem8lro?at_medium=RSS&at_campaign=rss already exists.
2026-02-18 20:06:05,573 - INFO - [The Guardian] Article: https://www.theguardian.com/tv-and-radio/2026/feb/18/fcc-brendan-carr-stephen-colbert
2026-02-18 20:06:05,573 - INFO - [The Guardian] Attempt 1/1: Trying with 'requests_browser' strategy...
2026-02-18 20:06:05,765 - INFO - [The Guardian] Success with 'requests_browser'. Found content (1028 words).
2026-02-18 20:06:05,806 - INFO - Saved article: FCC chair Brendan Carr says media were ‘lied to’ over Stephen Colbert controversy | Stephen Colbert | The Guardian from The Guardian (1028 words)
2026-02-18 20:06:06,815 - INFO - Selenium driver initialized successfully.
2026-02-18 20:06:06,815 - INFO - Starting scrape for Times of India RSS feed: https://timesofindia.indiatimes.com/rssfeeds/296589292.cms
2026-02-18 20:06:06,816 - INFO - Selenium driver initialized successfully.
2026-02-18 20:06:06,816 - INFO - Starting scrape for The Hindu RSS feed: https://www.thehindu.com/news/national/feeder/default.rss
2026-02-18 20:06:06,886 - INFO - Found 20 articles in Times of India RSS feed. Processing until 20 new articles are saved.
2026-02-18 20:06:06,886 - INFO - [Times of India] Article: https://timesofindia.indiatimes.com/world/us/is-donald-trump-eyeing-social-media-ban-for-teens-daughter-in-law-lara-says-hes-shown-keen-interest/articleshow/128523371.cms
2026-02-18 20:06:06,886 - INFO - [Times of India] Attempt 1/1: Trying with 'selenium_browser' strategy...
2026-02-18 20:06:06,926 - INFO - Found 100 articles in The Hindu RSS feed. Processing until 20 new articles are saved.
2026-02-18 20:06:06,926 - INFO - [The Hindu] Article: https://www.thehindu.com/news/national/maharashtra/what-the-scrapping-of-reservation-means-for-muslims-in-maharashtra/article70648652.ece
2026-02-18 20:06:06,926 - INFO - [The Hindu] Attempt 1/1: Trying with 'selenium_browser' strategy...
2026-02-18 20:06:06,956 - INFO - [The Guardian] Early skip: URL https://www.theguardian.com/us-news/live/2026/feb/18/us-politics-latest-news-updates-donald-trump-colbert-cbs already exists.
2026-02-18 20:06:06,958 - INFO - [The Guardian] Article: https://www.theguardian.com/us-news/2026/feb/18/trump-new-york-jersey-gateway-tunnel
2026-02-18 20:06:06,958 - INFO - [The Guardian] Attempt 1/1: Trying with 'requests_browser' strategy...
2026-02-18 20:06:07,115 - INFO - [The Guardian] Success with 'requests_browser'. Found content (453 words).
2026-02-18 20:06:07,171 - INFO - Saved article: Trump administration releases funds for New York-New Jersey tunnel project | Trump administration | The Guardian from The Guardian (453 words)
2026-02-18 20:06:08,577 - INFO - [The Guardian] Early skip: URL https://www.theguardian.com/us-news/2026/feb/18/missing-skiers-avalanche-lake-tahoe already exists.
2026-02-18 20:06:26,935 - ERROR - [Times of India] Request failed for strategy 'selenium_browser' on URL https://timesofindia.indiatimes.com/world/us/is-donald-trump-eyeing-social-media-ban-for-teens-daughter-in-law-lara-says-hes-shown-keen-interest/articleshow/128523371.cms: Message: timeout: Timed out receiving message from renderer: 19.738
  (Session info: chrome=144.0.7559.132)
Stacktrace:
#0 0x562d8e2a2a4a <unknown>
#1 0x562d8dcbb6a2 <unknown>
#2 0x562d8dca2d87 <unknown>
#3 0x562d8dca2996 <unknown>
#4 0x562d8dca04a1 <unknown>
#5 0x562d8dca0e2f <unknown>
#6 0x562d8dcb0360 <unknown>
#7 0x562d8dcca357 <unknown>
#8 0x562d8dcd156b <unknown>
#9 0x562d8dca1599 <unknown>
#10 0x562d8dcca0ec <unknown>
#11 0x562d8dd59b68 <unknown>
#12 0x562d8dd028b2 <unknown>
#13 0x562d8dd036a1 <unknown>
#14 0x562d8e2688a9 <unknown>
#15 0x562d8e26b7b1 <unknown>
#16 0x562d8e254ea9 <unknown>
#17 0x562d8e26c36e <unknown>
#18 0x562d8e23b410 <unknown>
#19 0x562d8e2900c8 <unknown>
#20 0x562d8e29029b <unknown>
#21 0x562d8e2a1db8 <unknown>
#22 0x7f6802e9caa4 <unknown>
#23 0x7f6802f29c6c <unknown>

2026-02-18 20:06:26,935 - ERROR - [Times of India] All scrape strategies failed for https://timesofindia.indiatimes.com/world/us/is-donald-trump-eyeing-social-media-ban-for-teens-daughter-in-law-lara-says-hes-shown-keen-interest/articleshow/128523371.cms. Falling back to RSS description.
2026-02-18 20:06:26,935 - WARNING - SKIPPED (GLOBAL WORD LIMIT): Article 'Is Donald Trump eyeing social media ban for teens? Daughter-in-law Lara says he’s ‘very interested’' from Times of India has only 3 words (Min: 90).
2026-02-18 20:06:26,964 - ERROR - [The Hindu] Request failed for strategy 'selenium_browser' on URL https://www.thehindu.com/news/national/maharashtra/what-the-scrapping-of-reservation-means-for-muslims-in-maharashtra/article70648652.ece: Message: timeout: Timed out receiving message from renderer: 19.858
  (Session info: chrome=144.0.7559.132)
Stacktrace:
#0 0x564ce05dba4a <unknown>
#1 0x564cdfff46a2 <unknown>
#2 0x564cdffdbd87 <unknown>
#3 0x564cdffdb996 <unknown>
#4 0x564cdffd94a1 <unknown>
#5 0x564cdffd9e2f <unknown>
#6 0x564cdffe9360 <unknown>
#7 0x564ce0003357 <unknown>
#8 0x564ce000a56b <unknown>
#9 0x564cdffda599 <unknown>
#10 0x564ce00030ec <unknown>
#11 0x564ce0092b68 <unknown>
#12 0x564ce003b8b2 <unknown>
#13 0x564ce003c6a1 <unknown>
#14 0x564ce05a18a9 <unknown>
#15 0x564ce05a47b1 <unknown>
#16 0x564ce058dea9 <unknown>
#17 0x564ce05a536e <unknown>
#18 0x564ce0574410 <unknown>
#19 0x564ce05c90c8 <unknown>
#20 0x564ce05c929b <unknown>
#21 0x564ce05dadb8 <unknown>
#22 0x7f3414e9caa4 <unknown>
#23 0x7f3414f29c6c <unknown>

2026-02-18 20:06:26,964 - ERROR - [The Hindu] All scrape strategies failed for https://www.thehindu.com/news/national/maharashtra/what-the-scrapping-of-reservation-means-for-muslims-in-maharashtra/article70648652.ece. Falling back to RSS description.
2026-02-18 20:06:26,964 - WARNING - SKIPPED (GLOBAL WORD LIMIT): Article 'What the scrapping of reservation means for Muslims in Maharashtra' from The Hindu has only 32 words (Min: 90).
2026-02-18 20:06:27,550 - INFO - [The Hindu] Article: https://www.thehindu.com/news/cities/chennai/fishermen-take-oath-to-oppose-coastal-projects/article70648913.ece
2026-02-18 20:06:27,551 - INFO - [The Hindu] Attempt 1/1: Trying with 'selenium_browser' strategy...
2026-02-18 20:06:28,399 - INFO - [Times of India] Article: https://timesofindia.indiatimes.com/world/rest-of-world/aunties-to-play-matchmakers-for-single-americans-singapores-new-tourism-campaign-replaces-dating-apps/articleshow/128522230.cms
2026-02-18 20:06:28,399 - INFO - [Times of India] Attempt 1/1: Trying with 'selenium_browser' strategy...
2026-02-18 20:06:29,019 - INFO - [The Hindu] Page content loaded.
2026-02-18 20:06:29,256 - INFO - [The Hindu] Success with 'selenium_browser'. Found content (180 words).
2026-02-18 20:06:29,481 - INFO - Saved article: Fishermen take oath to oppose coastal projects - The Hindu from The Hindu (180 words)
2026-02-18 20:06:30,474 - INFO - [The Hindu] Article: https://www.thehindu.com/news/national/tamil-nadu/cultural-fest-at-vit-chennai-turns-the-clock-back-withtent-kottai/article70648460.ece
2026-02-18 20:06:30,476 - INFO - [The Hindu] Attempt 1/1: Trying with 'selenium_browser' strategy...
2026-02-18 20:06:32,698 - INFO - [The Hindu] Page content loaded.
2026-02-18 20:06:32,837 - INFO - [The Hindu] Success with 'selenium_browser'. Found content (328 words).
2026-02-18 20:06:32,970 - INFO - Saved article: Cultural fest at VIT Chennai turns the clock back with tent kottai - The Hindu from The Hindu (328 words)
2026-02-18 20:06:33,943 - INFO - [The Hindu] Article: https://www.thehindu.com/news/national/tamil-nadu/demonte-road-renamed-as-ms-viswanathan-salai/article70648575.ece
2026-02-18 20:06:33,943 - INFO - [The Hindu] Attempt 1/1: Trying with 'selenium_browser' strategy...
2026-02-18 20:06:47,136 - INFO - [The Hindu] Page content loaded.
2026-02-18 20:06:47,241 - WARNING - [The Hindu] FAILED with 'selenium_browser' (content was too short: 87 words).
2026-02-18 20:06:47,241 - ERROR - [The Hindu] All scrape strategies failed for https://www.thehindu.com/news/national/tamil-nadu/demonte-road-renamed-as-ms-viswanathan-salai/article70648575.ece. Falling back to RSS description.
2026-02-18 20:06:47,241 - WARNING - SKIPPED (GLOBAL WORD LIMIT): Article 'Demonte Road renamed as “M.S. Viswanathan Salai”' from The Hindu has only 3 words (Min: 90).
2026-02-18 20:06:47,833 - INFO - [The Hindu] Article: https://www.thehindu.com/news/national/uttar-pradesh/india-will-lead-the-global-south-one-day-mohan-bhagwat-in-lucknow/article70649192.ece
2026-02-18 20:06:47,833 - INFO - [The Hindu] Attempt 1/1: Trying with 'selenium_browser' strategy...
2026-02-18 20:06:48,444 - ERROR - [Times of India] Request failed for strategy 'selenium_browser' on URL https://timesofindia.indiatimes.com/world/rest-of-world/aunties-to-play-matchmakers-for-single-americans-singapores-new-tourism-campaign-replaces-dating-apps/articleshow/128522230.cms: Message: timeout: Timed out receiving message from renderer: 19.185
  (Session info: chrome=144.0.7559.132)
Stacktrace:
#0 0x562d8e2a2a4a <unknown>
#1 0x562d8dcbb6a2 <unknown>
#2 0x562d8dca2d87 <unknown>
#3 0x562d8dca2996 <unknown>
#4 0x562d8dca04a1 <unknown>
#5 0x562d8dca0e2f <unknown>
#6 0x562d8dcb0360 <unknown>
#7 0x562d8dcca357 <unknown>
#8 0x562d8dcd156b <unknown>
#9 0x562d8dca1599 <unknown>
#10 0x562d8dcca0ec <unknown>
#11 0x562d8dd59b68 <unknown>
#12 0x562d8dd028b2 <unknown>
#13 0x562d8dd036a1 <unknown>
#14 0x562d8e2688a9 <unknown>
#15 0x562d8e26b7b1 <unknown>
#16 0x562d8e254ea9 <unknown>
#17 0x562d8e26c36e <unknown>
#18 0x562d8e23b410 <unknown>
#19 0x562d8e2900c8 <unknown>
#20 0x562d8e29029b <unknown>
#21 0x562d8e2a1db8 <unknown>
#22 0x7f6802e9caa4 <unknown>
#23 0x7f6802f29c6c <unknown>

2026-02-18 20:06:48,444 - ERROR - [Times of India] All scrape strategies failed for https://timesofindia.indiatimes.com/world/rest-of-world/aunties-to-play-matchmakers-for-single-americans-singapores-new-tourism-campaign-replaces-dating-apps/articleshow/128522230.cms. Falling back to RSS description.
2026-02-18 20:06:48,444 - WARNING - SKIPPED (GLOBAL WORD LIMIT): Article 'Aunties to play matchmakers for single Americans: Singapore’s new tourism campaign replaces dating apps' from Times of India has only 55 words (Min: 90).
2026-02-18 20:06:48,654 - INFO - [The Hindu] Page content loaded.
2026-02-18 20:06:48,761 - INFO - [The Hindu] Success with 'selenium_browser'. Found content (581 words).
2026-02-18 20:06:48,834 - INFO - Saved article: India will lead the Global South one day: Mohan Bhagwat in Lucknow - The Hindu from The Hindu (581 words)
2026-02-18 20:06:49,195 - INFO - [Times of India] Article: https://timesofindia.indiatimes.com/world/us-streamers/does-shia-labeouf-have-a-twin-sister-viral-tiktoker-anya-wick-makes-shocking-birth-claim-as-arrest-news-surfaces/articleshow/128521099.cms
2026-02-18 20:06:49,195 - INFO - [Times of India] Attempt 1/1: Trying with 'selenium_browser' strategy...
2026-02-18 20:06:50,235 - INFO - [The Hindu] Article: https://www.thehindu.com/news/national/kerala/176-grams-of-suspected-mdma-seized-in-major-drug-bust/article70648195.ece
2026-02-18 20:06:50,235 - INFO - [The Hindu] Attempt 1/1: Trying with 'selenium_browser' strategy...
2026-02-18 20:06:51,959 - INFO - [The Hindu] Page content loaded.
2026-02-18 20:06:52,062 - INFO - [The Hindu] Success with 'selenium_browser'. Found content (151 words).
2026-02-18 20:06:52,170 - INFO - Saved article: 176 grams of suspected MDMA seized in major drug bust - The Hindu from The Hindu (151 words)
2026-02-18 20:06:52,855 - INFO - [The Hindu] Article: https://www.thehindu.com/news/national/tamil-nadu/madras-university-kvb-establish-lab-to-study-endangered-indigenous-languages/article70647745.ece
2026-02-18 20:06:52,856 - INFO - [The Hindu] Attempt 1/1: Trying with 'selenium_browser' strategy...
2026-02-18 20:06:54,326 - INFO - [Times of India] Page content loaded.
2026-02-18 20:06:54,822 - INFO - [Times of India] Success with 'selenium_browser'. Found content (424 words).
2026-02-18 20:06:54,884 - INFO - [The Hindu] Page content loaded.
2026-02-18 20:06:55,354 - INFO - Saved article: Does Shia LaBeouf have a twin sister? Viral TikToker Anya Wick makes shocking birth claim as arrest news surfaces - The Times of India from Times of India (424 words)
2026-02-18 20:06:55,432 - INFO - [The Hindu] Success with 'selenium_browser'. Found content (253 words).
2026-02-18 20:06:55,672 - INFO - Saved article: Madras University, Karur Vysya Bank jointly launch Indigenous and Endangered Languages Lab - The Hindu from The Hindu (253 words)
2026-02-18 20:06:56,542 - INFO - [Times of India] Early skip: URL https://timesofindia.indiatimes.com/world/us/rhode-island-hockey-arena-shooting-suspect-robert-dorgan-wore-miniskirts-and-heels-to-work-colleagues-say/articleshow/128517864.cms already exists.
2026-02-18 20:06:56,544 - INFO - [Times of India] Early skip: URL https://timesofindia.indiatimes.com/world/us/les-wexner-faces-closed-door-deposition-over-epstein-ties-as-new-doj-files-emerge/articleshow/128515348.cms already exists.
2026-02-18 20:06:56,546 - INFO - [Times of India] Early skip: URL https://timesofindia.indiatimes.com/world/us/the-regime-has-to-go-rubio-in-secret-talks-with-cubas-raul-guillermo-rodriguez-grandson-of-castro/articleshow/128509950.cms already exists.
2026-02-18 20:06:56,547 - INFO - [Times of India] Early skip: URL https://timesofindia.indiatimes.com/world/rest-of-world/go-back-indian-dog-22-year-old-sikh-nurse-left-with-broken-nose-after-racist-attack-in-australia/articleshow/128513344.cms already exists.
2026-02-18 20:06:56,551 - INFO - [Times of India] Early skip: URL https://timesofindia.indiatimes.com/world/us-streamers/things-were-different-larry-wheels-breaks-silence-after-viral-deenthegreat-livestream-incident/articleshow/128513365.cms already exists.
2026-02-18 20:06:56,555 - INFO - [Times of India] Early skip: URL https://timesofindia.indiatimes.com/world/us/yann-lecun-spotted-at-ai-impact-summit-why-ex-meta-chief-scientist-is-called-father-of-ai/articleshow/128511761.cms already exists.
2026-02-18 20:06:56,556 - INFO - [Times of India] Early skip: URL https://timesofindia.indiatimes.com/world/us/there-isnt-any-conflict-jd-vance-dismisses-rift-with-marco-rubio-amid-2028-election-speculation/articleshow/128509119.cms already exists.
2026-02-18 20:06:56,558 - INFO - [Times of India] Early skip: URL https://timesofindia.indiatimes.com/world/europe/india-ai-impact-summit-2026-swedens-deputy-pm-ebba-busch-backs-indias-ai-leadership-hails-eu-deal-who-is-she/articleshow/128508155.cms already exists.
2026-02-18 20:06:56,560 - INFO - [Times of India] Early skip: URL https://timesofindia.indiatimes.com/world/us/two-month-old-baby-treated-for-bronchitis-deported-after-three-weeks-in-ice-custody-texas-congressman-castro/articleshow/128506944.cms already exists.
2026-02-18 20:06:56,564 - INFO - [Times of India] Early skip: URL https://timesofindia.indiatimes.com/science/can-humans-cause-earthquakes-and-can-they-ever-be-prevented/articleshow/128506114.cms already exists.
2026-02-18 20:06:56,567 - INFO - [Times of India] Early skip: URL https://timesofindia.indiatimes.com/world/us-streamers/he-was-my-security-guard-clavicular-fuels-controversy-after-brianna-chickenfry-questions-his-real-age-and-past-security-job/articleshow/128498824.cms already exists.
2026-02-18 20:06:56,569 - INFO - [Times of India] Early skip: URL https://timesofindia.indiatimes.com/world/middle-east/saudi-arabia-founding-day-2026-date-history-significance-and-celebration-of-300-years-of-statehood/articleshow/128505240.cms already exists.
2026-02-18 20:06:56,570 - INFO - [Times of India] Early skip: URL https://timesofindia.indiatimes.com/world/middle-east/emirates-cfo-michael-doersam-announces-retirement-whos-next-in-line/articleshow/128504714.cms already exists.
2026-02-18 20:06:56,571 - INFO - [Times of India] Early skip: URL https://timesofindia.indiatimes.com/world/middle-east/lake-tahoe-avalanche-10-skiers-missing-after-castle-peak-slide-amidst-severe-winter-storm-in-us/articleshow/128497021.cms already exists.
2026-02-18 20:06:56,577 - INFO - [Times of India] Early skip: URL https://timesofindia.indiatimes.com/world/us-streamers/witches-put-a-spell-on-him-candace-owens-sparks-backlash-after-claiming-witches-cursed-charlie-kirk-before-his-death/articleshow/128497391.cms already exists.
2026-02-18 20:06:56,578 - INFO - [Times of India] Early skip: URL https://timesofindia.indiatimes.com/world/rest-of-world/recent-data-shows-that-canadas-tightening-of-international-student-inflows-has-resulted-in-a-sharp-decline/articleshow/128502904.cms already exists.
2026-02-18 20:06:56,584 - INFO - [Times of India] Early skip: URL https://timesofindia.indiatimes.com/world/middle-east/ramadan-2026-moon-sighted-in-india-iraq-us-uk-turkey-oman-hilal-sighting-committees-to-confirm-first-day-of-fasting-is-it-from-february-19-or-20-and-why-is-crescent-timing-significant/articleshow/128499386.cms already exists.
2026-02-18 20:06:56,586 - INFO - [Times of India] (Thread) Finished. Attempting to shut down its Selenium driver.
2026-02-18 20:06:56,885 - INFO - [The Hindu] Article: https://www.thehindu.com/news/national/chhattisgarh/blow-to-justice-say-kin-after-17-acquitted-in-chhattisgarh-father-son-murder-case/article70649191.ece
2026-02-18 20:06:56,885 - INFO - [The Hindu] Attempt 1/1: Trying with 'selenium_browser' strategy...
2026-02-18 20:06:56,982 - INFO - [Times of India] (Thread) driver.quit() successful.
2026-02-18 20:06:57,836 - INFO - [The Hindu] Page content loaded.
2026-02-18 20:06:57,908 - INFO - [The Hindu] Success with 'selenium_browser'. Found content (521 words).
2026-02-18 20:06:57,999 - INFO - Saved article: Blow to justice, say kin after 17 acquitted in Chhattisgarh father-son murder case - The Hindu from The Hindu (521 words)
2026-02-18 20:06:59,118 - INFO - [The Hindu] Article: https://www.thehindu.com/news/national/tamil-nadu/dmk-alliance-remains-intact-vck-leader-thol-thirumavalavan/article70647321.ece
2026-02-18 20:06:59,119 - INFO - [The Hindu] Attempt 1/1: Trying with 'selenium_browser' strategy...
2026-02-18 20:07:00,014 - INFO - [The Hindu] Page content loaded.
2026-02-18 20:07:00,087 - INFO - [The Hindu] Success with 'selenium_browser'. Found content (394 words).
2026-02-18 20:07:00,184 - INFO - Saved article: DMK alliance remains intact: VCK leader Thol. Thirumavalavan - The Hindu from The Hindu (394 words)
2026-02-18 20:07:01,575 - INFO - [The Hindu] Article: https://www.thehindu.com/news/national/karnataka/1250-functionaries-to-participate-at-bjp-state-executive-on-february-19-with-focus-on-local-body-polls/article70648681.ece
2026-02-18 20:07:01,576 - INFO - [The Hindu] Attempt 1/1: Trying with 'selenium_browser' strategy...
2026-02-18 20:07:02,733 - INFO - [The Hindu] Page content loaded.
2026-02-18 20:07:02,872 - INFO - [The Hindu] Success with 'selenium_browser'. Found content (382 words).
2026-02-18 20:07:03,212 - INFO - Saved article: 1,250 functionaries to participate at BJP State executive ON February 19 with focus on local body polls - The Hindu from The Hindu (382 words)
2026-02-18 20:07:03,830 - INFO - [The Hindu] Article: https://www.thehindu.com/news/national/tamil-nadu/rs-polls-on-march-16-dmk-aiadmk-to-accommodate-allies/article70648415.ece
2026-02-18 20:07:03,830 - INFO - [The Hindu] Attempt 1/1: Trying with 'selenium_browser' strategy...
2026-02-18 20:07:04,690 - INFO - [The Hindu] Page content loaded.
2026-02-18 20:07:04,741 - INFO - [The Hindu] Success with 'selenium_browser'. Found content (389 words).
2026-02-18 20:07:04,819 - INFO - Saved article: RS polls on March 16; DMK, AIADMK to accommodate allies - The Hindu from The Hindu (389 words)
2026-02-18 20:07:05,433 - INFO - [The Hindu] Article: https://www.thehindu.com/opinion/editorial/troubled-waters-on-the-great-nicobar-project/article70648264.ece
2026-02-18 20:07:05,433 - INFO - [The Hindu] Attempt 1/1: Trying with 'selenium_browser' strategy...
2026-02-18 20:07:06,435 - INFO - [The Hindu] Page content loaded.
2026-02-18 20:07:06,522 - INFO - [The Hindu] Success with 'selenium_browser'. Found content (459 words).
2026-02-18 20:07:06,625 - INFO - Saved article: ​Troubled waters: On the Great Nicobar Project - The Hindu from The Hindu (459 words)
2026-02-18 20:07:07,144 - INFO - [The Hindu] Article: https://www.thehindu.com/opinion/editorial/kashmir-revival-on-the-path-of-tourism/article70648291.ece
2026-02-18 20:07:07,144 - INFO - [The Hindu] Attempt 1/1: Trying with 'selenium_browser' strategy...
2026-02-18 20:07:08,239 - INFO - [The Hindu] Page content loaded.
2026-02-18 20:07:08,372 - INFO - [The Hindu] Success with 'selenium_browser'. Found content (374 words).
2026-02-18 20:07:08,462 - INFO - Saved article: Kashmir revival: On the path of tourism - The Hindu from The Hindu (374 words)
2026-02-18 20:07:09,031 - INFO - [The Hindu] Early skip: URL https://www.thehindu.com/news/national/kerala/hindu-religion-had-no-castes-britishers-introduced-it-kerala-governor/article70649156.ece already exists.
2026-02-18 20:07:09,033 - INFO - [The Hindu] Article: https://www.thehindu.com/news/national/kerala/ima-postpones-dharna/article70648836.ece
2026-02-18 20:07:09,033 - INFO - [The Hindu] Attempt 1/1: Trying with 'selenium_browser' strategy...
2026-02-18 20:07:10,085 - INFO - [The Hindu] Page content loaded.
2026-02-18 20:07:10,197 - INFO - [The Hindu] Success with 'selenium_browser'. Found content (92 words).
2026-02-18 20:07:10,264 - INFO - Saved article: IMA postpones dharna - The Hindu from The Hindu (92 words)
2026-02-18 20:07:11,452 - INFO - [The Hindu] Early skip: URL https://www.thehindu.com/news/national/andhra-pradesh/multi-speciality-hospitals-to-be-set-up-in-state-under-ppp-model/article70647582.ece already exists.
2026-02-18 20:07:11,453 - INFO - [The Hindu] Article: https://www.thehindu.com/news/national/andhra-pradesh/bill-passed-allowing-voter-registration-in-pr-institutions-four-times-a-year/article70648191.ece
2026-02-18 20:07:11,454 - INFO - [The Hindu] Attempt 1/1: Trying with 'selenium_browser' strategy...
2026-02-18 20:07:12,479 - INFO - [The Hindu] Page content loaded.
2026-02-18 20:07:12,564 - INFO - [The Hindu] Success with 'selenium_browser'. Found content (288 words).
2026-02-18 20:07:12,636 - INFO - Saved article: Bill passed allowing voter registration in PR institutions four times a year - The Hindu from The Hindu (288 words)
2026-02-18 20:07:14,035 - INFO - [The Hindu] Article: https://www.thehindu.com/news/national/andhra-pradesh/govt-to-further-simplify-process-of-deleting-private-lands-from-22a-list/article70648247.ece
2026-02-18 20:07:14,035 - INFO - [The Hindu] Attempt 1/1: Trying with 'selenium_browser' strategy...
2026-02-18 20:07:15,066 - INFO - [The Hindu] Page content loaded.
2026-02-18 20:07:15,117 - INFO - [The Hindu] Success with 'selenium_browser'. Found content (259 words).
2026-02-18 20:07:15,205 - INFO - Saved article: Govt. to further simplify process of deleting private lands from 22A list - The Hindu from The Hindu (259 words)
2026-02-18 20:07:16,502 - INFO - [The Hindu] Early skip: URL https://www.thehindu.com/news/national/andhra-pradesh/assembly-passes-two-bills-removing-leprosy-references-from-state-laws/article70648218.ece already exists.
2026-02-18 20:07:16,504 - INFO - [The Hindu] Early skip: URL https://www.thehindu.com/news/cities/Hyderabad/89-double-bedroom-houses-distributed-to-scst-atrocity-victims/article70648347.ece already exists.
2026-02-18 20:07:16,505 - INFO - [The Hindu] Early skip: URL https://www.thehindu.com/news/cities/Hyderabad/myghmc-replaced-with-mycure-app/article70648884.ece already exists.
2026-02-18 20:07:16,506 - INFO - [The Hindu] Early skip: URL https://www.thehindu.com/news/cities/bangalore/road-transport-corporation-employees-call-for-bengaluru-chalo-protest-despite-partial-arrears-release/article70648953.ece already exists.
2026-02-18 20:07:16,507 - INFO - [The Hindu] Early skip: URL https://www.thehindu.com/news/cities/Hyderabad/two-killed-three-injured-in-road-accident-on-nh-44-near-shadnagar/article70648499.ece already exists.
2026-02-18 20:07:16,509 - INFO - [The Hindu] Early skip: URL https://www.thehindu.com/news/national/maharashtra/police-crpf-raze-maoist-built-monuments-in-gadchiroli/article70648787.ece already exists.
2026-02-18 20:07:16,510 - INFO - [The Hindu] Early skip: URL https://www.thehindu.com/news/national/kerala/kerala-government-moves-supreme-court-after-high-court-stalls-public-survey/article70648867.ece already exists.
2026-02-18 20:07:16,512 - INFO - [The Hindu] Early skip: URL https://www.thehindu.com/news/national/karnataka/court-order-violated-at-aland-shrine-site-alleges-siddalinga-swami/article70648707.ece already exists.
2026-02-18 20:07:16,513 - INFO - [The Hindu] Early skip: URL https://www.thehindu.com/news/national/india-stays-out-of-joint-statement-criticising-israels-west-bank-plans/article70648900.ece already exists.
2026-02-18 20:07:16,516 - INFO - [The Hindu] Early skip: URL https://www.thehindu.com/news/national/kerala/kerala-hc-expresses-shock-at-alleged-misappropriation-of-funds-at-ghee-sale-counter-in-sabarimala/article70648877.ece already exists.
2026-02-18 20:07:16,518 - INFO - [The Hindu] Early skip: URL https://www.thehindu.com/news/national/centre-to-bring-border-villages-under-development-scheme/article70648203.ece already exists.
2026-02-18 20:07:16,519 - INFO - [The Hindu] Early skip: URL https://www.thehindu.com/news/national/karnataka/three-killed-in-separate-accidents-in-bengaluru/article70647234.ece already exists.
2026-02-18 20:07:16,520 - INFO - [The Hindu] Early skip: URL https://www.thehindu.com/news/national/karnataka/three-held-for-kidnapping-spa-owner-for-2-lakh-ransom-victim-rescued/article70647811.ece already exists.
2026-02-18 20:07:16,522 - INFO - [The Hindu] Early skip: URL https://www.thehindu.com/news/national/karnataka/ncb-seizes-47-kg-of-cocaine-worth-2388-crore-at-kia-brazilian-national-held/article70648310.ece already exists.
2026-02-18 20:07:16,523 - INFO - [The Hindu] Early skip: URL https://www.thehindu.com/news/national/kerala/cm-urges-caution-against-the-kerala-story-sequel/article70648567.ece already exists.
2026-02-18 20:07:16,525 - INFO - [The Hindu] Early skip: URL https://www.thehindu.com/news/national/nearly-2000-security-personnel-launch-anti-maoist-operation-along-chhattisgarh-telangana-border/article70648621.ece already exists.
2026-02-18 20:07:16,528 - INFO - [The Hindu] Article: https://www.thehindu.com/videos/watch-anganwadi-workers-across-tn-intensify-protest-over-pay-and-job-regularisation/article70648988.ece
2026-02-18 20:07:16,528 - INFO - [The Hindu] Attempt 1/1: Trying with 'selenium_browser' strategy...
2026-02-18 20:07:17,681 - INFO - [The Hindu] Page content loaded.
2026-02-18 20:07:17,784 - WARNING - [The Hindu] FAILED with 'selenium_browser' (content was too short: 46 words).
2026-02-18 20:07:17,784 - ERROR - [The Hindu] All scrape strategies failed for https://www.thehindu.com/videos/watch-anganwadi-workers-across-tn-intensify-protest-over-pay-and-job-regularisation/article70648988.ece. Falling back to RSS description.
2026-02-18 20:07:17,784 - WARNING - SKIPPED (GLOBAL WORD LIMIT): Article 'Watch: Anganwadi workers across T.N. intensify protest over pay and job regularisation' from The Hindu has only 31 words (Min: 90).
2026-02-18 20:07:18,877 - INFO - [The Hindu] Early skip: URL https://www.thehindu.com/news/national/andhra-pradesh/ap-sipb-approves-27-projects-withinvestments-of-29021-crore/article70648785.ece already exists.
2026-02-18 20:07:18,878 - INFO - [The Hindu] Early skip: URL https://www.thehindu.com/news/national/kerala/doctors-strike-disrupts-op-services-at-kozhikode-mch/article70648227.ece already exists.
2026-02-18 20:07:18,880 - INFO - [The Hindu] Early skip: URL https://www.thehindu.com/news/national/tamil-nadu/vit-organises-gst-20-summit-to-strengthen-tax-compliance/article70647294.ece already exists.
2026-02-18 20:07:18,881 - INFO - [The Hindu] Early skip: URL https://www.thehindu.com/news/national/congress-slams-tax-on-disability-pension-seeks-rollback-of-policy/article70648760.ece already exists.
2026-02-18 20:07:18,882 - INFO - [The Hindu] Early skip: URL https://www.thehindu.com/news/national/kerala/ernakulam-district-panchayat-budget-to-give-thrust-to-welfare-measures/article70648131.ece already exists.
2026-02-18 20:07:18,883 - INFO - [The Hindu] Early skip: URL https://www.thehindu.com/news/national/karnataka/hospital-staff-go-on-snap-strike/article70648446.ece already exists.
2026-02-18 20:07:18,884 - INFO - [The Hindu] Early skip: URL https://www.thehindu.com/news/national/kerala/did-marine-algal-toxins-cause-vizhinjam-seafood-deaths/article70648699.ece already exists.
2026-02-18 20:07:18,886 - INFO - [The Hindu] Early skip: URL https://www.thehindu.com/news/national/look-into-plea-for-special-law-on-hate-crimes-sc-to-attorney-general/article70648511.ece already exists.
2026-02-18 20:07:18,887 - INFO - [The Hindu] Early skip: URL https://www.thehindu.com/news/national/tamil-nadu/madras-high-court-denies-interim-relief-to-political-parties-de-registered-for-not-contesting-elections-in-last-six-years/article70647885.ece already exists.
2026-02-18 20:07:18,888 - INFO - [The Hindu] Early skip: URL https://www.thehindu.com/news/national/assam/target-50-votes-per-booth-bjp-chief-nitin-nabin-tells-assam-party-workers/article70648192.ece already exists.
2026-02-18 20:07:18,889 - INFO - [The Hindu] Early skip: URL https://www.thehindu.com/news/national/telangana/forgery-case-complainant-emerges-false-charge-suspect/article70648530.ece already exists.
2026-02-18 20:07:18,891 - INFO - [The Hindu] Early skip: URL https://www.thehindu.com/news/national/kerala/quantum-century-science-expo-begins-on-thursday/article70648807.ece already exists.
2026-02-18 20:07:18,892 - INFO - [The Hindu] Article: https://www.thehindu.com/news/national/telangana/revanth-attends-dinner-hosted-by-modi/article70648894.ece
2026-02-18 20:07:18,892 - INFO - [The Hindu] Attempt 1/1: Trying with 'selenium_browser' strategy...
2026-02-18 20:07:19,449 - INFO - [The Hindu] Page content loaded.
2026-02-18 20:07:19,527 - WARNING - [The Hindu] FAILED with 'selenium_browser' (content was too short: 88 words).
2026-02-18 20:07:19,527 - ERROR - [The Hindu] All scrape strategies failed for https://www.thehindu.com/news/national/telangana/revanth-attends-dinner-hosted-by-modi/article70648894.ece. Falling back to RSS description.
2026-02-18 20:07:19,527 - WARNING - SKIPPED (GLOBAL WORD LIMIT): Article 'Revanth attends dinner hosted by Modi' from The Hindu has only 3 words (Min: 90).
2026-02-18 20:07:20,898 - INFO - [The Hindu] Early skip: URL https://www.thehindu.com/sci-tech/technology/pm-address-ai-summit-on-february-19-world-leaders-gather/article70648563.ece already exists.
2026-02-18 20:07:20,900 - INFO - [The Hindu] Early skip: URL https://www.thehindu.com/news/national/telangana/education-and-healthcare-are-our-top-priorities-dy-cm-bhatti-vikramarka/article70648873.ece already exists.
2026-02-18 20:07:20,901 - INFO - [The Hindu] Early skip: URL https://www.thehindu.com/news/national/telangana/brs-leader-suman-arrested-amidst-high-drama/article70648819.ece already exists.
2026-02-18 20:07:20,902 - INFO - [The Hindu] Early skip: URL https://www.thehindu.com/news/national/karnataka/ii-pu-student-jumps-to-death-from-college-building-in-kanakapura/article70648342.ece already exists.
2026-02-18 20:07:20,903 - INFO - [The Hindu] Early skip: URL https://www.thehindu.com/news/national/tamil-nadu/lion-tailed-macaques-form-large-groups-outside-protected-areas-in-valparai-plateau/article70648557.ece already exists.
2026-02-18 20:07:20,904 - INFO - [The Hindu] Early skip: URL https://www.thehindu.com/news/national/kerala/junior-artiste-held-with-52-litres-of-liquor-from-kochi/article70647957.ece already exists.
2026-02-18 20:07:20,906 - INFO - [The Hindu] Early skip: URL https://www.thehindu.com/news/national/culture-ministry-funded-event-platformed-incendiary-hate-speech-congress/article70648225.ece already exists.
2026-02-18 20:07:20,907 - INFO - [The Hindu] Early skip: URL https://www.thehindu.com/news/national/karnataka/sop-to-verify-authenticity-of-academic-and-other-certificates-of-guest-faculty-of-degree-colleges/article70647792.ece already exists.
2026-02-18 20:07:20,908 - INFO - [The Hindu] Early skip: URL https://www.thehindu.com/news/national/simultaneous-polls-panel-weighs-bar-on-no-confidence-motions-in-final-year-of-governments-term/article70648147.ece already exists.
2026-02-18 20:07:20,910 - INFO - [The Hindu] Early skip: URL https://www.thehindu.com/news/national/andhra-pradesh/bsnl-pensioners-discuss-welfare-legal-developments-during-conference/article70648661.ece already exists.
2026-02-18 20:07:20,911 - INFO - [The Hindu] Article: https://www.thehindu.com/news/national/tamil-nadu/st-joseph-college-of-engineering-celebrates-tamil-language-and-history/article70647354.ece
2026-02-18 20:07:20,911 - INFO - [The Hindu] Attempt 1/1: Trying with 'selenium_browser' strategy...
2026-02-18 20:07:22,116 - INFO - [The Hindu] Page content loaded.
2026-02-18 20:07:22,156 - INFO - [The Hindu] Success with 'selenium_browser'. Found content (112 words).
2026-02-18 20:07:22,208 - INFO - Saved article: St. Joseph College of Engineering celebrates Tamil language and history - The Hindu from The Hindu (112 words)
2026-02-18 20:07:22,825 - INFO - [The Hindu] Early skip: URL https://www.thehindu.com/news/national/tamil-nadu/japanese-academics-visit-vedavalli-vidyalaya-in-ranipet/article70647614.ece already exists.
2026-02-18 20:07:22,827 - INFO - [The Hindu] Early skip: URL https://www.thehindu.com/news/national/telangana/brs-flays-congress-for-holding-telangana-governments-performance-review-in-delhi/article70648653.ece already exists.
2026-02-18 20:07:22,829 - INFO - [The Hindu] Early skip: URL https://www.thehindu.com/news/national/andhra-pradesh/works-on-bridge-across-vasista-to-begin-soon-union-minister-b-srinivas-varma/article70648462.ece already exists.
2026-02-18 20:07:22,831 - INFO - [The Hindu] Early skip: URL https://www.thehindu.com/news/national/tamil-nadu/minister-distributes-project-completion-certificates-to-students-of-north-chennai-government-schools/article70647456.ece already exists.
2026-02-18 20:07:22,837 - INFO - [The Hindu] Early skip: URL https://www.thehindu.com/news/national/ed-attaches-properties-worth-1002146-crore-in-pacl-case/article70647893.ece already exists.
2026-02-18 20:07:22,841 - INFO - [The Hindu] Article: https://www.thehindu.com/news/national/andhra-pradesh/saap-league-state-level-chess-event-to-be-held-in-tirupati-on-feb-21/article70648525.ece
2026-02-18 20:07:22,841 - INFO - [The Hindu] Attempt 1/1: Trying with 'selenium_browser' strategy...
2026-02-18 20:07:23,885 - INFO - [The Hindu] Page content loaded.
2026-02-18 20:07:23,982 - INFO - [The Hindu] Success with 'selenium_browser'. Found content (141 words).
2026-02-18 20:07:24,073 - INFO - Saved article: SAAP League: State-level chess event to be held in Tirupati on Feb. 21 - The Hindu from The Hindu (141 words)
2026-02-18 20:07:24,838 - INFO - [The Hindu] Early skip: URL https://www.thehindu.com/news/national/andhra-pradesh/kspl-plans-200-crore-expansion-of-offshore-supply-vessel-complex/article70646661.ece already exists.
2026-02-18 20:07:24,839 - INFO - [The Hindu] Early skip: URL https://www.thehindu.com/news/national/karnataka/ed-attaches-505-crore-in-foreign-accounts-linked-to-winzo-under-pmla/article70647886.ece already exists.
2026-02-18 20:07:24,840 - INFO - [The Hindu] Early skip: URL https://www.thehindu.com/news/national/andhra-pradesh/student-organisations-oppose-rss-activities-at-educational-institutions/article70648403.ece already exists.
2026-02-18 20:07:24,842 - INFO - [The Hindu] Early skip: URL https://www.thehindu.com/news/national/andhra-pradesh/100-students-undergo-hearing-examinations-at-ongole-ggh/article70648410.ece already exists.
2026-02-18 20:07:24,843 - INFO - [The Hindu] Early skip: URL https://www.thehindu.com/news/national/karnataka/opposition-boycotts-kalaburagi-city-corporation-meeting/article70648526.ece already exists.
2026-02-18 20:07:24,844 - INFO - [The Hindu] Early skip: URL https://www.thehindu.com/news/national/kerala/urumi-swish-draws-crowd-to-11thponnyathankam/article70644537.ece already exists.
2026-02-18 20:07:24,846 - INFO - [The Hindu] Early skip: URL https://www.thehindu.com/news/national/telangana/congress-mp-alleges-defeats-in-bhongir-due-to-covert-elements/article70648620.ece already exists.
2026-02-18 20:07:24,847 - INFO - [The Hindu] Early skip: URL https://www.thehindu.com/news/national/kerala/state-to-regularise-over-20000-teacher-posts/article70648498.ece already exists.
2026-02-18 20:07:24,849 - INFO - [The Hindu] Early skip: URL https://www.thehindu.com/news/national/andhra-pradesh/sita-rama-kalyanam-set-for-april-1-at-vontimitta-temple/article70648176.ece already exists.
2026-02-18 20:07:24,850 - INFO - [The Hindu] Early skip: URL https://www.thehindu.com/news/national/kerala/no-talks-with-opposition-on-bar-timing-extension-says-kerala-leader-of-the-opposition/article70648109.ece already exists.
2026-02-18 20:07:24,851 - INFO - [The Hindu] Early skip: URL https://www.thehindu.com/news/national/kerala/hematologist-ka-salim-passes-away/article70647749.ece already exists.
2026-02-18 20:07:24,853 - INFO - [The Hindu] Early skip: URL https://www.thehindu.com/news/national/karnataka/man-sentenced-to-10-years-of-ri-for-sexual-assault-on-minor/article70648472.ece already exists.
2026-02-18 20:07:24,854 - INFO - [The Hindu] Early skip: URL https://www.thehindu.com/news/national/andhra-pradesh/above-5300-acres-set-for-exclusion-from-kolleru-lake-in-west-godavari/article70647951.ece already exists.
2026-02-18 20:07:24,855 - INFO - [The Hindu] Early skip: URL https://www.thehindu.com/news/national/kerala/higher-education-minister-r-bindu-inaugurates-major-college-infrastructure-projects-across-state/article70648388.ece already exists.
2026-02-18 20:07:24,856 - INFO - [The Hindu] Early skip: URL https://www.thehindu.com/news/national/tamil-nadu/tn-police-book-first-case-in-villupuram-district-under-tamil-nadu-money-lending-entities-act-2025/article70646848.ece already exists.
2026-02-18 20:07:24,858 - INFO - [The Hindu] Article: https://www.thehindu.com/news/national/telangana/big-push-for-rrr-ham-roads-in-new-budget-proposals-komatireddy/article70648464.ece
2026-02-18 20:07:24,858 - INFO - [The Hindu] Attempt 1/1: Trying with 'selenium_browser' strategy...
2026-02-18 20:07:27,554 - INFO - [The Hindu] Page content loaded.
2026-02-18 20:07:27,712 - INFO - [The Hindu] Success with 'selenium_browser'. Found content (259 words).
2026-02-18 20:07:27,818 - INFO - Saved article: Big push for RRR, HAM roads in new budget proposals: Komatireddy - The Hindu from The Hindu (259 words)
2026-02-18 20:07:28,440 - INFO - [The Hindu] Early skip: URL https://www.thehindu.com/news/national/kerala/pwd-blames-thodupuzha-municipality-for-roadside-pit-accident-death/article70648273.ece already exists.
2026-02-18 20:07:28,441 - INFO - [The Hindu] Early skip: URL https://www.thehindu.com/news/national/andhra-pradesh/vmc-launches-infrared-machine-to-fix-potholes-uneven-roads-in-city/article70648333.ece already exists.
2026-02-18 20:07:28,444 - INFO - [The Hindu] Early skip: URL https://www.thehindu.com/news/national/andhra-pradesh/sri-ramakrishna-jayanti-celebrated-with-procession-in-tirupati/article70648360.ece already exists.
2026-02-18 20:07:28,446 - INFO - [The Hindu] Early skip: URL https://www.thehindu.com/news/national/telangana/tribal-students-excel-in-jee-under-stem-60-programme/article70648334.ece already exists.
2026-02-18 20:07:28,448 - INFO - [The Hindu] Early skip: URL https://www.thehindu.com/news/national/telangana/traffic-curbs-for-chatrapathi-shivaji-jayanthi-processions/article70648219.ece already exists.
2026-02-18 20:07:28,449 - INFO - [The Hindu] Early skip: URL https://www.thehindu.com/news/national/karnataka/people-of-the-state-want-hdk-as-cm-claims-nikhil/article70648494.ece already exists.
2026-02-18 20:07:28,451 - INFO - [The Hindu] Early skip: URL https://www.thehindu.com/news/national/andhra-pradesh/india-uk-resolve-to-deepen-cooperation-in-ai-next-generation-telecommunications/article70648077.ece already exists.
2026-02-18 20:07:28,452 - INFO - [The Hindu] Early skip: URL https://www.thehindu.com/news/national/andhra-pradesh/kalyanotsavam-celebrated-at-srikalahasti-temple/article70648295.ece already exists.
2026-02-18 20:07:28,454 - INFO - [The Hindu] Early skip: URL https://www.thehindu.com/news/national/karnataka/safari-in-bandipur-and-nagarahole-to-resume-with-fewer-trips/article70648294.ece already exists.
2026-02-18 20:07:28,456 - INFO - [The Hindu] Early skip: URL https://www.thehindu.com/news/cities/Hyderabad/three-arrested-368-kg-ganja-seized-by-eagle-force-in-warangal/article70643026.ece already exists.
2026-02-18 20:07:28,457 - INFO - [The Hindu] Early skip: URL https://www.thehindu.com/news/national/andhra-pradesh/ap-budget-termed-as-debt-driven-unrealistic/article70648288.ece already exists.
2026-02-18 20:07:28,458 - INFO - [The Hindu] Early skip: URL https://www.thehindu.com/news/national/andhra-pradesh/ttd-chairman-rubbishes-bhumanas-claim-on-supply-of-ghee-by-indapur-dairy/article70648087.ece already exists.
2026-02-18 20:07:28,459 - INFO - [The Hindu] Early skip: URL https://www.thehindu.com/news/national/kerala/ramzan-begins-as-muslims-unite-in-fasting-spiritual-reflection/article70648440.ece already exists.
2026-02-18 20:07:28,461 - INFO - [The Hindu] Early skip: URL https://www.thehindu.com/news/national/kerala/temporary-approval-for-teachers-without-k-tet/article70647947.ece already exists.
2026-02-18 20:07:28,462 - INFO - [The Hindu] Early skip: URL https://www.thehindu.com/news/national/kerala/kerala-has-sufficient-land-for-industrial-development-balagopal/article70648362.ece already exists.
2026-02-18 20:07:28,463 - INFO - [The Hindu] Early skip: URL https://www.thehindu.com/news/national/andhra-pradesh/huge-turnout-for-chakrateertham-festival-in-srikakulam/article70647747.ece already exists.
2026-02-18 20:07:28,465 - INFO - [The Hindu] Article: https://www.thehindu.com/news/national/andhra-pradesh/tdp-ysrcp-lock-horns-ahead-of-nellore-mayoral-polls-on-february-26/article70647876.ece
2026-02-18 20:07:28,465 - INFO - [The Hindu] Attempt 1/1: Trying with 'selenium_browser' strategy...
2026-02-18 20:07:29,128 - INFO - [The Hindu] Page content loaded.
2026-02-18 20:07:29,249 - INFO - [The Hindu] Success with 'selenium_browser'. Found content (238 words).
2026-02-18 20:07:29,329 - INFO - Saved article: TDP, YSRCP gear up for Nellore Mayoral polls on February 26 - The Hindu from The Hindu (238 words)
2026-02-18 20:07:30,415 - INFO - [The Hindu] Early skip: URL https://www.thehindu.com/news/national/telangana/crescent-moon-sighted-signaling-start-of-ramzan/article70648301.ece already exists.
2026-02-18 20:07:30,417 - INFO - [The Hindu] Early skip: URL https://www.thehindu.com/news/national/telangana/telangana-launches-welfare-schemes-for-minority-communities/article70648354.ece already exists.
2026-02-18 20:07:30,418 - INFO - [The Hindu] (Thread) Finished. Attempting to shut down its Selenium driver.
2026-02-18 20:07:30,574 - INFO - [The Hindu] (Thread) driver.quit() successful.
2026-02-18 20:07:30,575 - INFO - Shutting down thread pool (wait=False)...
2026-02-18 20:07:30,575 - INFO - Scraped: 18 The Hindu, 1 BBC, 1 Times of India, 0 TechCrunch, 5 The Guardian articles. (Total saved: 25)
2026-02-18 20:07:30,575 - INFO - --- Scraping job finished ---
2026-02-18 20:07:30,581 - INFO - --- Scraper service stopped and database connection closed. ---
2026-02-18 20:07:30,581 - INFO - --- Main thread finished. Forcing process exit to kill zombie threads. ---
