2026-01-09 05:32:03,412 - INFO - Loading AI Semantic Model (all-MiniLM-L6-v2)...
2026-01-09 05:32:03,413 - INFO - Use pytorch device_name: cpu
2026-01-09 05:32:03,413 - INFO - Load pretrained SentenceTransformer: all-MiniLM-L6-v2
2026-01-09 05:32:04,257 - INFO - AI Model loaded successfully.
2026-01-09 05:32:04,257 - INFO - --- Scraper service started (CI Mode: Run Once) ---
2026-01-09 05:32:04,257 - INFO - --- Starting new scraping job (Parallel Mode) ---
2026-01-09 05:32:04,257 - INFO - Creating new robust session with 3 retries on 5xx/connection/read errors.
2026-01-09 05:32:04,257 - INFO - Proxy is DISABLED.
2026-01-09 05:32:04,258 - INFO - Starting scrape for BBC RSS feed: http://feeds.bbci.co.uk/news/world/rss.xml
2026-01-09 05:32:04,259 - INFO - [Times of India] (Thread) requires Selenium. Initializing driver...
2026-01-09 05:32:04,259 - INFO - Starting scrape for The Guardian RSS feed: https://www.theguardian.com/world/rss
2026-01-09 05:32:04,260 - INFO - [The Hindu] (Thread) requires Selenium. Initializing driver...
2026-01-09 05:32:04,261 - INFO - Submitted 4 jobs to thread pool. Waiting up to 300s for completion...
2026-01-09 05:32:04,422 - INFO - Found 45 articles in The Guardian RSS feed. Processing up to 30.
2026-01-09 05:32:04,422 - INFO - [The Guardian] Early skip: URL https://www.theguardian.com/world/2026/jan/08/questions-targeting-impact-us-airstrikes-in-nigeria already exists.
2026-01-09 05:32:04,513 - INFO - Found 33 articles in BBC RSS feed. Processing up to 30.
2026-01-09 05:32:04,678 - INFO - [BBC] Early skip: URL https://www.bbc.com/news/articles/cg7y0579lp8o?at_medium=RSS&at_campaign=rss already exists.
2026-01-09 05:32:04,931 - INFO - [The Guardian] Early skip: URL https://www.theguardian.com/world/2026/jan/02/anthony-joshuas-driver-charged-with-dangerous-driving-after-fatal-crash-in-nigeria already exists.
2026-01-09 05:32:05,142 - INFO - [BBC] Article: https://www.bbc.com/news/videos/c78e9vmn7dgo?at_medium=RSS&at_campaign=rss
2026-01-09 05:32:05,142 - INFO - [BBC] Attempt 1/1: Trying with 'requests_browser' strategy...
2026-01-09 05:32:05,143 - INFO - [The Guardian] Early skip: URL https://www.theguardian.com/science/2026/jan/01/cremation-pyre-in-africa-thought-to-be-worlds-oldest-containing-adult-remains already exists.
2026-01-09 05:32:05,290 - WARNING - [BBC] FAILED with 'requests_browser' (content was too short: 84 words).
2026-01-09 05:32:05,291 - ERROR - [BBC] All scrape strategies failed for https://www.bbc.com/news/videos/c78e9vmn7dgo?at_medium=RSS&at_campaign=rss. Falling back to RSS description.
2026-01-09 05:32:05,291 - WARNING - SKIPPED (GLOBAL WORD LIMIT): Article 'Watch: Buildings in Tehran set on fire as demonstrations spread across Iran' from BBC has only 15 words (Min: 90).
2026-01-09 05:32:05,335 - INFO - [The Guardian] Early skip: URL https://www.theguardian.com/global-development/2026/jan/01/us-aid-cuts-conditions-un-humanitarian-pledge-ocha already exists.
2026-01-09 05:32:05,633 - INFO - [The Guardian] Early skip: URL https://www.theguardian.com/world/2025/dec/31/guinea-junta-chief-mamady-doumbouya-elected-president-after-opposition-boycott already exists.
2026-01-09 05:32:05,833 - INFO - [The Guardian] Article: https://www.theguardian.com/world/2026/jan/09/trump-venezuela-leadership-meeting-opposition-machado
2026-01-09 05:32:05,833 - INFO - [The Guardian] Attempt 1/1: Trying with 'requests_browser' strategy...
2026-01-09 05:32:05,855 - INFO - [BBC] Early skip: URL https://www.bbc.com/news/articles/c99knmrx71go?at_medium=RSS&at_campaign=rss already exists.
2026-01-09 05:32:05,859 - INFO - [The Guardian] Success with 'requests_browser'. Found content (529 words).
2026-01-09 05:32:20,284 - INFO - Selenium driver initialized successfully.
2026-01-09 05:32:20,284 - INFO - Starting scrape for The Hindu RSS feed: https://www.thehindu.com/news/national/feeder/default.rss
2026-01-09 05:32:20,286 - INFO - Selenium driver initialized successfully.
2026-01-09 05:32:20,286 - INFO - Starting scrape for Times of India RSS feed: https://timesofindia.indiatimes.com/rssfeeds/296589292.cms
2026-01-09 05:32:20,437 - INFO - Found 20 articles in Times of India RSS feed. Processing up to 30.
2026-01-09 05:32:20,540 - INFO - Found 100 articles in The Hindu RSS feed. Processing up to 30.
2026-01-09 05:32:38,854 - INFO - DEDUPLICATION: Found match (Score: 0.89). Linking to Cluster ID: 9a5e444c-5b8b-480a-8481-42b48981765b
2026-01-09 05:32:38,856 - INFO - Saved article: Trump says he will meet Venezuela opposition leader Machado, and threatens drug cartel land strikes | Venezuela | The Guardian from The Guardian (529 words)
2026-01-09 05:32:38,856 - INFO - [BBC] Early skip: URL https://www.bbc.com/news/articles/c0mkwl2g499o?at_medium=RSS&at_campaign=rss already exists.
2026-01-09 05:32:39,058 - INFO - [Times of India] Article: https://timesofindia.indiatimes.com/world/middle-east/flying-to-uk-from-uae-emirates-warns-new-digital-rules-could-stop-you-from-boarding/articleshow/126427081.cms
2026-01-09 05:32:39,058 - INFO - [Times of India] Attempt 1/1: Trying with 'selenium_browser' strategy...
2026-01-09 05:32:39,058 - INFO - [The Hindu] Article: https://www.thehindu.com/news/national/land-for-jobs-case-delhi-court-frames-charges-against-lalu-prasad/article70489533.ece
2026-01-09 05:32:39,059 - INFO - [The Hindu] Attempt 1/1: Trying with 'selenium_browser' strategy...
2026-01-09 05:32:39,059 - INFO - [BBC] Early skip: URL https://www.bbc.com/news/articles/c2lgjd51v95o?at_medium=RSS&at_campaign=rss already exists.
2026-01-09 05:32:39,245 - INFO - [BBC] Early skip: URL https://www.bbc.com/news/articles/cp80ln97py5o?at_medium=RSS&at_campaign=rss already exists.
2026-01-09 05:32:39,489 - INFO - [BBC] Early skip: URL https://www.bbc.com/news/articles/c5y2v2p3nl8o?at_medium=RSS&at_campaign=rss already exists.
2026-01-09 05:32:39,661 - INFO - [BBC] Early skip: URL https://www.bbc.com/news/articles/ckgl8jgdxypo?at_medium=RSS&at_campaign=rss already exists.
2026-01-09 05:32:39,952 - INFO - [The Guardian] Early skip: URL https://www.theguardian.com/world/2026/jan/08/venezuela-to-release-important-number-of-detainees already exists.
2026-01-09 05:32:40,097 - INFO - [BBC] Early skip: URL https://www.bbc.com/sport/tennis/articles/cx2gr00ndmyo?at_medium=RSS&at_campaign=rss already exists.
2026-01-09 05:32:40,350 - INFO - [The Guardian] Early skip: URL https://www.theguardian.com/world/2026/jan/08/brazil-president-lula-vetoes-bill-jair-bolsonaro-prison-sentence already exists.
2026-01-09 05:32:40,522 - INFO - [BBC] Early skip: URL https://www.bbc.com/news/articles/c78e99pzr25o?at_medium=RSS&at_campaign=rss already exists.
2026-01-09 05:32:40,698 - INFO - [The Guardian] Early skip: URL https://www.theguardian.com/world/2026/jan/08/venezuela-oil-deal-rodriguez-trump-vance-claims-us-control already exists.
2026-01-09 05:32:40,850 - INFO - [BBC] Early skip: URL https://www.bbc.com/news/articles/cevnxz24rldo?at_medium=RSS&at_campaign=rss already exists.
2026-01-09 05:32:41,039 - INFO - [The Guardian] Early skip: URL https://www.theguardian.com/business/2026/jan/08/shadow-fleet-ships-sanctioned-oil-reflagged-russia-lloyds-list-analysis already exists.
2026-01-09 05:32:41,231 - INFO - [BBC] Article: https://www.bbc.com/news/articles/c17zqz5pprwo?at_medium=RSS&at_campaign=rss
2026-01-09 05:32:41,232 - INFO - [BBC] Attempt 1/1: Trying with 'requests_browser' strategy...
2026-01-09 05:32:41,233 - INFO - [The Guardian] Early skip: URL https://www.theguardian.com/world/2026/jan/08/alleged-scam-kingpin-chen-zhi-extradited-china-cambodia-arrest already exists.
2026-01-09 05:32:41,260 - INFO - [BBC] Success with 'requests_browser'. Found content (224 words).
2026-01-09 05:32:45,722 - INFO - [The Hindu] Page content loaded.
2026-01-09 05:32:46,353 - INFO - [The Hindu] Success with 'selenium_browser'. Found content (175 words).
2026-01-09 05:32:52,849 - INFO - [Times of India] Page content loaded.
2026-01-09 05:32:53,991 - INFO - [Times of India] Success with 'selenium_browser'. Found content (618 words).
2026-01-09 05:33:35,883 - INFO - Saved article: Philippines: One dead, 38 missing after massive landfill collapses in Cebu from BBC (224 words)
2026-01-09 05:33:35,883 - INFO - [The Guardian] Early skip: URL https://www.theguardian.com/world/2026/jan/06/papua-new-guinea-internet-starlink-shut-down already exists.
2026-01-09 05:34:12,639 - INFO - DEDUPLICATION: Found match (Score: 0.78). Linking to Cluster ID: 10e1e6b2-5af6-4560-9f29-c01d25bdaee7
2026-01-09 05:34:12,641 - INFO - Saved article: Land-for-jobs case: Delhi court frames charges against Lalu Prasad - The Hindu from The Hindu (175 words)
2026-01-09 05:34:51,865 - INFO - Saved article: Flying to UK from UAE? Emirates warns new digital rules could stop you from boarding | World News - The Times of India from Times of India (618 words)
2026-01-09 05:34:51,865 - INFO - [The Guardian] Early skip: URL https://www.theguardian.com/world/2026/jan/06/what-us-action-in-venezuela-means-for-taiwan already exists.
2026-01-09 05:34:52,056 - INFO - [BBC] Early skip: URL https://www.bbc.com/news/articles/cx20gyn8qvvo?at_medium=RSS&at_campaign=rss already exists.
2026-01-09 05:34:52,308 - INFO - [The Hindu] Article: https://www.thehindu.com/news/national/karnataka/preparations-underway-for-6-day-sri-mailaralingeshwar-annual-festival-in-mailapur-in-yadgir-district-of-karnataka/article70486619.ece
2026-01-09 05:34:52,308 - INFO - [The Hindu] Attempt 1/1: Trying with 'selenium_browser' strategy...
2026-01-09 05:34:52,309 - INFO - [The Guardian] Early skip: URL https://www.theguardian.com/world/2026/jan/05/venezuela-trump-attack-china-interests-analysis already exists.
2026-01-09 05:34:52,469 - INFO - [BBC] Early skip: URL https://www.bbc.com/news/articles/cj4ln977w0jo?at_medium=RSS&at_campaign=rss already exists.
2026-01-09 05:34:52,581 - INFO - [The Guardian] Early skip: URL https://www.theguardian.com/world/2026/jan/05/giant-bluefin-tuna-sold-record-amount-tokyo-auction-kiyoshi-kimura already exists.
2026-01-09 05:34:52,810 - INFO - [The Guardian] Early skip: URL https://www.theguardian.com/australia-news/live/2026/jan/09/australia-news-live-victoria-catastrophic-bushfire-fire-ban-heatwave-tropical-cyclone-floods-royal-commission-antisemitism-bondi-anthony-albanese-ntwnfb already exists.
2026-01-09 05:34:53,041 - INFO - [BBC] Early skip: URL https://www.bbc.com/news/articles/ckgn1lpq52ko?at_medium=RSS&at_campaign=rss already exists.
2026-01-09 05:34:53,311 - INFO - [The Guardian] Article: https://www.theguardian.com/australia-news/2026/jan/09/sussan-ley-won-royal-commission-argument-ntwnfb
2026-01-09 05:34:53,311 - INFO - [The Guardian] Attempt 1/1: Trying with 'requests_browser' strategy...
2026-01-09 05:34:53,314 - INFO - [Times of India] Article: https://timesofindia.indiatimes.com/etimes/trending/will-jesus-return-by-2026-prediction-markets-are-taking-real-money-bets-on-the-second-coming/articleshow/126425750.cms
2026-01-09 05:34:53,314 - INFO - [Times of India] Attempt 1/1: Trying with 'selenium_browser' strategy...
2026-01-09 05:34:53,314 - INFO - [BBC] Early skip: URL https://www.bbc.com/news/articles/c5y2mvp3r2do?at_medium=RSS&at_campaign=rss already exists.
2026-01-09 05:34:53,377 - INFO - [The Guardian] Success with 'requests_browser'. Found content (823 words).
2026-01-09 05:34:53,544 - INFO - [BBC] Early skip: URL https://www.bbc.com/news/articles/cj0nqqgy77ro?at_medium=RSS&at_campaign=rss already exists.
2026-01-09 05:34:58,050 - INFO - [The Hindu] Page content loaded.
2026-01-09 05:34:58,269 - INFO - [The Hindu] Success with 'selenium_browser'. Found content (501 words).
2026-01-09 05:35:08,213 - WARNING - [Times of India] Page timed out (10s). Proceeding anyway.
2026-01-09 05:35:08,430 - INFO - [Times of India] Success with 'selenium_browser'. Found content (981 words).
2026-01-09 05:35:31,348 - INFO - DEDUPLICATION: Found match (Score: 0.70). Linking to Cluster ID: b1f403b7-fc3a-4108-a393-565558bb0d21
2026-01-09 05:35:31,350 - INFO - Saved article: Sussan Ley won the royal commission argument. For the sake of unity, will she lower the temperature? | Sussan Ley | The Guardian from The Guardian (823 words)
2026-01-09 05:35:31,350 - INFO - [BBC] Early skip: URL https://www.bbc.com/news/articles/c8x94lz0gevo?at_medium=RSS&at_campaign=rss already exists.
2026-01-09 05:36:05,824 - INFO - Saved article: 6-day Sri Mailaralingeshwar annual festival in Yadgir district to begin on Jan 12 - The Hindu from The Hindu (501 words)
2026-01-09 05:36:39,806 - INFO - Saved article: Will Jesus return by 2026? Prediction markets are taking real money bets on the Second Coming! | - The Times of India from Times of India (981 words)
2026-01-09 05:36:39,806 - INFO - [BBC] Early skip: URL https://www.bbc.com/news/articles/cgk8jv4r8nmo?at_medium=RSS&at_campaign=rss already exists.
2026-01-09 05:36:40,101 - INFO - [The Guardian] Early skip: URL https://www.theguardian.com/australia-news/2026/jan/09/ten-properties-in-ruffy-destroyed-including-firefighters-home-as-fire-hits-victorian-town-like-a-bomb already exists.
2026-01-09 05:36:40,233 - INFO - [The Hindu] Article: https://www.thehindu.com/news/national/kerala/lighter-school-bags-classrooms-without-backbenchers-keralas-new-lesson-plan/article70489437.ece
2026-01-09 05:36:40,233 - INFO - [The Hindu] Attempt 1/1: Trying with 'selenium_browser' strategy...
2026-01-09 05:36:40,234 - INFO - [BBC] Article: https://www.bbc.com/news/articles/c931qx3lepro?at_medium=RSS&at_campaign=rss
2026-01-09 05:36:40,234 - INFO - [BBC] Attempt 1/1: Trying with 'requests_browser' strategy...
2026-01-09 05:36:40,235 - INFO - [The Guardian] Early skip: URL https://www.theguardian.com/australia-news/2026/jan/09/victoria-police-revokes-powers-to-allow-warrantless-pat-downs-across-inner-melbourne already exists.
2026-01-09 05:36:40,265 - INFO - [BBC] Success with 'requests_browser'. Found content (1040 words).
2026-01-09 05:36:40,344 - INFO - [The Guardian] Early skip: URL https://www.theguardian.com/australia-news/2026/jan/09/luxury-yachts-sydney-harbour-fire-mosman already exists.
2026-01-09 05:36:41,276 - INFO - [The Hindu] Page content loaded.
2026-01-09 05:36:41,413 - INFO - [The Hindu] Success with 'selenium_browser'. Found content (262 words).
2026-01-09 05:37:04,262 - CRITICAL - --- TIMEOUT: 4 scrape jobs did not complete in 300s. ---
2026-01-09 05:37:04,262 - ERROR - A thread has timed out and will be abandoned.
2026-01-09 05:37:04,262 - ERROR - A thread has timed out and will be abandoned.
2026-01-09 05:37:04,262 - ERROR - A thread has timed out and will be abandoned.
2026-01-09 05:37:04,262 - ERROR - A thread has timed out and will be abandoned.
2026-01-09 05:37:04,262 - INFO - Shutting down thread pool (wait=False)...
2026-01-09 05:37:04,262 - INFO - Scraped: 4 Timed_Out_Jobs articles. (Total saved: 0)
2026-01-09 05:37:04,262 - INFO - --- Scraping job finished ---
2026-01-09 05:37:04,263 - INFO - --- Scraper service stopped and database connection closed. ---
2026-01-09 05:37:04,263 - INFO - --- Main thread finished. Forcing process exit to kill zombie threads. ---
