2026-01-29 19:55:08,046 - INFO - Loading AI Semantic Model (all-MiniLM-L6-v2)...
2026-01-29 19:55:08,047 - INFO - Use pytorch device_name: cpu
2026-01-29 19:55:08,047 - INFO - Load pretrained SentenceTransformer: all-MiniLM-L6-v2
2026-01-29 19:55:08,113 - INFO - HTTP Request: HEAD https://huggingface.co/sentence-transformers/all-MiniLM-L6-v2/resolve/main/modules.json "HTTP/1.1 307 Temporary Redirect"
2026-01-29 19:55:08,120 - INFO - HTTP Request: HEAD https://huggingface.co/api/resolve-cache/models/sentence-transformers/all-MiniLM-L6-v2/c9745ed1d9f207416be6d2e6f8de32d1f16199bf/modules.json "HTTP/1.1 200 OK"
2026-01-29 19:55:08,159 - INFO - HTTP Request: HEAD https://huggingface.co/sentence-transformers/all-MiniLM-L6-v2/resolve/main/config_sentence_transformers.json "HTTP/1.1 307 Temporary Redirect"
2026-01-29 19:55:08,164 - INFO - HTTP Request: HEAD https://huggingface.co/api/resolve-cache/models/sentence-transformers/all-MiniLM-L6-v2/c9745ed1d9f207416be6d2e6f8de32d1f16199bf/config_sentence_transformers.json "HTTP/1.1 200 OK"
2026-01-29 19:55:08,203 - INFO - HTTP Request: HEAD https://huggingface.co/sentence-transformers/all-MiniLM-L6-v2/resolve/main/config_sentence_transformers.json "HTTP/1.1 307 Temporary Redirect"
2026-01-29 19:55:08,203 - WARNING - Warning: You are sending unauthenticated requests to the HF Hub. Please set a HF_TOKEN to enable higher rate limits and faster downloads.
2026-01-29 19:55:08,208 - INFO - HTTP Request: HEAD https://huggingface.co/api/resolve-cache/models/sentence-transformers/all-MiniLM-L6-v2/c9745ed1d9f207416be6d2e6f8de32d1f16199bf/config_sentence_transformers.json "HTTP/1.1 200 OK"
2026-01-29 19:55:08,242 - INFO - HTTP Request: HEAD https://huggingface.co/sentence-transformers/all-MiniLM-L6-v2/resolve/main/README.md "HTTP/1.1 307 Temporary Redirect"
2026-01-29 19:55:08,250 - INFO - HTTP Request: HEAD https://huggingface.co/api/resolve-cache/models/sentence-transformers/all-MiniLM-L6-v2/c9745ed1d9f207416be6d2e6f8de32d1f16199bf/README.md "HTTP/1.1 200 OK"
2026-01-29 19:55:08,284 - INFO - HTTP Request: HEAD https://huggingface.co/sentence-transformers/all-MiniLM-L6-v2/resolve/main/modules.json "HTTP/1.1 307 Temporary Redirect"
2026-01-29 19:55:08,289 - INFO - HTTP Request: HEAD https://huggingface.co/api/resolve-cache/models/sentence-transformers/all-MiniLM-L6-v2/c9745ed1d9f207416be6d2e6f8de32d1f16199bf/modules.json "HTTP/1.1 200 OK"
2026-01-29 19:55:08,325 - INFO - HTTP Request: HEAD https://huggingface.co/sentence-transformers/all-MiniLM-L6-v2/resolve/main/sentence_bert_config.json "HTTP/1.1 307 Temporary Redirect"
2026-01-29 19:55:08,331 - INFO - HTTP Request: HEAD https://huggingface.co/api/resolve-cache/models/sentence-transformers/all-MiniLM-L6-v2/c9745ed1d9f207416be6d2e6f8de32d1f16199bf/sentence_bert_config.json "HTTP/1.1 200 OK"
2026-01-29 19:55:08,367 - INFO - HTTP Request: HEAD https://huggingface.co/sentence-transformers/all-MiniLM-L6-v2/resolve/main/adapter_config.json "HTTP/1.1 404 Not Found"
2026-01-29 19:55:08,407 - INFO - HTTP Request: HEAD https://huggingface.co/sentence-transformers/all-MiniLM-L6-v2/resolve/main/config.json "HTTP/1.1 307 Temporary Redirect"
2026-01-29 19:55:08,414 - INFO - HTTP Request: HEAD https://huggingface.co/api/resolve-cache/models/sentence-transformers/all-MiniLM-L6-v2/c9745ed1d9f207416be6d2e6f8de32d1f16199bf/config.json "HTTP/1.1 200 OK"
2026-01-29 19:55:08,547 - WARNING - BertModel LOAD REPORT from: sentence-transformers/all-MiniLM-L6-v2
Key                     | Status     |  | 
------------------------+------------+--+-
embeddings.position_ids | UNEXPECTED |  | 

Notes:
- UNEXPECTED	:can be ignored when loading from different task/architecture; not ok if you expect identical arch.
2026-01-29 19:55:08,583 - INFO - HTTP Request: HEAD https://huggingface.co/sentence-transformers/all-MiniLM-L6-v2/resolve/main/config.json "HTTP/1.1 307 Temporary Redirect"
2026-01-29 19:55:08,589 - INFO - HTTP Request: HEAD https://huggingface.co/api/resolve-cache/models/sentence-transformers/all-MiniLM-L6-v2/c9745ed1d9f207416be6d2e6f8de32d1f16199bf/config.json "HTTP/1.1 200 OK"
2026-01-29 19:55:08,626 - INFO - HTTP Request: HEAD https://huggingface.co/sentence-transformers/all-MiniLM-L6-v2/resolve/main/tokenizer_config.json "HTTP/1.1 307 Temporary Redirect"
2026-01-29 19:55:08,632 - INFO - HTTP Request: HEAD https://huggingface.co/api/resolve-cache/models/sentence-transformers/all-MiniLM-L6-v2/c9745ed1d9f207416be6d2e6f8de32d1f16199bf/tokenizer_config.json "HTTP/1.1 200 OK"
2026-01-29 19:55:08,670 - INFO - HTTP Request: GET https://huggingface.co/api/models/sentence-transformers/all-MiniLM-L6-v2/tree/main/additional_chat_templates?recursive=false&expand=false "HTTP/1.1 404 Not Found"
2026-01-29 19:55:08,711 - INFO - HTTP Request: GET https://huggingface.co/api/models/sentence-transformers/all-MiniLM-L6-v2/tree/main?recursive=true&expand=false "HTTP/1.1 200 OK"
2026-01-29 19:55:08,801 - INFO - HTTP Request: HEAD https://huggingface.co/sentence-transformers/all-MiniLM-L6-v2/resolve/main/1_Pooling/config.json "HTTP/1.1 307 Temporary Redirect"
2026-01-29 19:55:08,808 - INFO - HTTP Request: HEAD https://huggingface.co/api/resolve-cache/models/sentence-transformers/all-MiniLM-L6-v2/c9745ed1d9f207416be6d2e6f8de32d1f16199bf/1_Pooling%2Fconfig.json "HTTP/1.1 200 OK"
2026-01-29 19:55:08,850 - INFO - HTTP Request: GET https://huggingface.co/api/models/sentence-transformers/all-MiniLM-L6-v2 "HTTP/1.1 200 OK"
2026-01-29 19:55:08,854 - INFO - AI Model loaded successfully.
2026-01-29 19:55:08,854 - INFO - --- Scraper service started (CI Mode: Run Once) ---
2026-01-29 19:55:08,854 - INFO - --- Starting new scraping job (Parallel Mode) ---
2026-01-29 19:55:08,854 - INFO - Creating new robust session with 3 retries on 5xx/connection/read errors.
2026-01-29 19:55:08,855 - INFO - Proxy is DISABLED.
2026-01-29 19:55:08,855 - INFO - Starting scrape for BBC RSS feed: http://feeds.bbci.co.uk/news/world/rss.xml
2026-01-29 19:55:08,855 - INFO - [Times of India] (Thread) requires Selenium. Initializing driver...
2026-01-29 19:55:08,857 - INFO - Starting scrape for The Guardian RSS feed: https://www.theguardian.com/world/rss
2026-01-29 19:55:08,858 - INFO - [The Hindu] (Thread) requires Selenium. Initializing driver...
2026-01-29 19:55:08,859 - INFO - Submitted 4 jobs to thread pool. Waiting up to 300s for completion...
2026-01-29 19:55:08,964 - INFO - Found 45 articles in The Guardian RSS feed. Processing up to 30.
2026-01-29 19:55:08,965 - INFO - [The Guardian] Early skip: URL https://www.theguardian.com/world/2026/jan/29/gunfire-blasts-heard-airport-niamey-niger-planes-hit-reports already exists.
2026-01-29 19:55:09,131 - INFO - [The Guardian] Early skip: URL https://www.theguardian.com/world/2026/jan/26/hundreds-feared-dead-after-attempting-to-cross-mediterranean-amid-cyclone-harry already exists.
2026-01-29 19:55:09,140 - INFO - Found 36 articles in BBC RSS feed. Processing up to 30.
2026-01-29 19:55:09,411 - INFO - [BBC] Early skip: URL https://www.bbc.com/news/articles/c20gypw8enjo?at_medium=RSS&at_campaign=rss already exists.
2026-01-29 19:55:09,628 - INFO - [The Guardian] Early skip: URL https://www.theguardian.com/world/2026/jan/26/crocodile-warnings-floods-devastate-southern-africa already exists.
2026-01-29 19:55:09,730 - INFO - [BBC] Early skip: URL https://www.bbc.com/news/articles/c8rm20gm364o?at_medium=RSS&at_campaign=rss already exists.
2026-01-29 19:55:09,983 - INFO - [The Guardian] Early skip: URL https://www.theguardian.com/world/2026/jan/23/guinea-bissau-hepatitis-b-vaccine-study already exists.
2026-01-29 19:55:10,088 - INFO - [BBC] Early skip: URL https://www.bbc.com/news/articles/cgjwxdz45ywo?at_medium=RSS&at_campaign=rss already exists.
2026-01-29 19:55:10,344 - INFO - [The Guardian] Early skip: URL https://www.theguardian.com/global-development/2026/jan/22/actionaid-rethink-child-sponsorship-decolonise-funding already exists.
2026-01-29 19:55:10,617 - INFO - [BBC] Early skip: URL https://www.bbc.com/news/articles/c5y2zqer8j2o?at_medium=RSS&at_campaign=rss already exists.
2026-01-29 19:55:10,886 - INFO - [The Guardian] Article: https://www.theguardian.com/world/2026/jan/29/trump-reopens-commercial-airspace-venezuela
2026-01-29 19:55:10,886 - INFO - [The Guardian] Attempt 1/1: Trying with 'requests_browser' strategy...
2026-01-29 19:55:10,888 - INFO - [BBC] Article: https://www.bbc.com/news/articles/cvgpd1x00exo?at_medium=RSS&at_campaign=rss
2026-01-29 19:55:10,888 - INFO - [BBC] Attempt 1/1: Trying with 'requests_browser' strategy...
2026-01-29 19:55:10,912 - INFO - [The Guardian] Success with 'requests_browser'. Found content (519 words).
2026-01-29 19:55:11,202 - INFO - [BBC] Success with 'requests_browser'. Found content (260 words).
2026-01-29 19:55:20,024 - INFO - Selenium driver initialized successfully.
2026-01-29 19:55:20,024 - INFO - Starting scrape for The Hindu RSS feed: https://www.thehindu.com/news/national/feeder/default.rss
2026-01-29 19:55:20,026 - INFO - Selenium driver initialized successfully.
2026-01-29 19:55:20,026 - INFO - Starting scrape for Times of India RSS feed: https://timesofindia.indiatimes.com/rssfeeds/296589292.cms
2026-01-29 19:55:20,137 - INFO - Found 20 articles in Times of India RSS feed. Processing up to 30.
2026-01-29 19:55:20,173 - INFO - Found 100 articles in The Hindu RSS feed. Processing up to 30.
2026-01-29 19:55:52,875 - INFO - Saved article: Trump orders immediate reopening of commercial airspace over Venezuela | Venezuela | The Guardian from The Guardian (519 words)
2026-01-29 19:56:34,428 - INFO - Saved article: Israeli media cite official accepting Hamas figure of 70,000 war dead from BBC (260 words)
2026-01-29 19:56:34,429 - INFO - [Times of India] Article: https://timesofindia.indiatimes.com/world/us/they-came-here-had-babies-texas-gov-called-out-for-h-1b-crackdown-reminded-he-praised-indian-investment-in-2024/articleshow/127784657.cms
2026-01-29 19:56:34,429 - INFO - [Times of India] Attempt 1/1: Trying with 'selenium_browser' strategy...
2026-01-29 19:56:34,430 - INFO - [The Hindu] Article: https://www.thehindu.com/news/national/tamil-nadu/hc-questions-govt-for-not-setting-up-heritage-commission/article70565678.ece
2026-01-29 19:56:34,430 - INFO - [The Hindu] Attempt 1/1: Trying with 'selenium_browser' strategy...
2026-01-29 19:56:34,430 - INFO - [The Guardian] Early skip: URL https://www.theguardian.com/world/2026/jan/29/david-eby-alberta-separatism-treason already exists.
2026-01-29 19:56:34,540 - INFO - [The Guardian] Early skip: URL https://www.theguardian.com/us-news/live/2026/jan/28/ilhan-omar-attack-trump-minneapolis-ecuador-embassy-rubio-venezuela-machado-iran-iraq-latest-news-updates already exists.
2026-01-29 19:56:34,826 - INFO - [The Guardian] Early skip: URL https://www.theguardian.com/world/2026/jan/28/can-venezuelas-delcy-rodriguez-become-a-latin-american-deng-xiaoping already exists.
2026-01-29 19:56:34,996 - INFO - [The Guardian] Early skip: URL https://www.theguardian.com/world/2026/jan/27/mexico-cuba-trump-oil already exists.
2026-01-29 19:56:35,104 - INFO - [The Guardian] Early skip: URL https://www.theguardian.com/politics/2026/jan/29/keir-starmer-opens-door-to-uk-visit-by-xi-jinping-after-bilateral-talks already exists.
2026-01-29 19:56:35,245 - INFO - [The Guardian] Early skip: URL https://www.theguardian.com/politics/2026/jan/29/xi-didnt-really-see-a-point-to-keir-visit-but-hey-let-a-hundred-flowers-bloom already exists.
2026-01-29 19:56:35,454 - INFO - [The Guardian] Early skip: URL https://www.theguardian.com/politics/live/2026/jan/29/starmer-xi-jinping-meeting-uk-china-relationship-live already exists.
2026-01-29 19:56:35,686 - INFO - [The Guardian] Early skip: URL https://www.theguardian.com/politics/2026/jan/29/xi-starmer-china-uk-meeting-chinese-leader-rise-above-differences-sophisticated already exists.
2026-01-29 19:56:35,837 - INFO - [The Guardian] Early skip: URL https://www.theguardian.com/world/2026/jan/29/thursday-briefing-will-keir-starmers-cautious-china-gamble-pay-off already exists.
2026-01-29 19:56:35,998 - INFO - [BBC] Early skip: URL https://www.bbc.com/news/articles/c89q287qxelo?at_medium=RSS&at_campaign=rss already exists.
2026-01-29 19:56:36,152 - INFO - [BBC] Early skip: URL https://www.bbc.com/news/articles/cvgp47neze4o?at_medium=RSS&at_campaign=rss already exists.
2026-01-29 19:56:36,355 - INFO - [BBC] Early skip: URL https://www.bbc.com/news/articles/cn9zp0nyvxdo?at_medium=RSS&at_campaign=rss already exists.
2026-01-29 19:56:36,585 - INFO - [The Guardian] Early skip: URL https://www.theguardian.com/australia-news/2026/jan/29/australia-tax-breaks-landlords-more-spending-than-social-housing-homelessness-rent-assistance-combined already exists.
2026-01-29 19:56:36,780 - INFO - [The Guardian] Early skip: URL https://www.theguardian.com/australia-news/2026/jan/29/australia-immigration-detention-company-involved-trump-ice-migrant-crackdown already exists.
2026-01-29 19:56:36,946 - INFO - [BBC] Early skip: URL https://www.bbc.com/news/articles/cp87l604nx8o?at_medium=RSS&at_campaign=rss already exists.
2026-01-29 19:56:37,109 - INFO - [BBC] Early skip: URL https://www.bbc.com/news/articles/cp9jl8vxdy9o?at_medium=RSS&at_campaign=rss already exists.
2026-01-29 19:56:37,231 - INFO - [BBC] Early skip: URL https://www.bbc.com/news/articles/cq8413k1xvno?at_medium=RSS&at_campaign=rss already exists.
2026-01-29 19:56:37,480 - INFO - [BBC] Early skip: URL https://www.bbc.com/news/articles/cx2gdrvy9gjo?at_medium=RSS&at_campaign=rss already exists.
2026-01-29 19:56:37,731 - INFO - [BBC] Early skip: URL https://www.bbc.com/news/articles/cn40r3v770lo?at_medium=RSS&at_campaign=rss already exists.
2026-01-29 19:56:37,981 - INFO - [BBC] Early skip: URL https://www.bbc.com/news/articles/cddgpp7jpm8o?at_medium=RSS&at_campaign=rss already exists.
2026-01-29 19:56:38,214 - INFO - [The Guardian] Early skip: URL https://www.theguardian.com/australia-news/2026/jan/29/australian-workplace-relations-department-replacing-short-term-staff-third-party-contractor already exists.
2026-01-29 19:56:38,453 - INFO - [The Guardian] Early skip: URL https://www.theguardian.com/environment/2026/jan/29/skink-endangered-alpine-lizard-numbers-alpine-national-park-victoria already exists.
2026-01-29 19:56:38,595 - INFO - [BBC] Early skip: URL https://www.bbc.com/news/articles/cvgnq54v79xo?at_medium=RSS&at_campaign=rss already exists.
2026-01-29 19:56:38,842 - INFO - [BBC] Early skip: URL https://www.bbc.com/news/articles/c205yl3kvzmo?at_medium=RSS&at_campaign=rss already exists.
2026-01-29 19:56:38,990 - INFO - [BBC] Early skip: URL https://www.bbc.com/news/articles/cly5pd459gko?at_medium=RSS&at_campaign=rss already exists.
2026-01-29 19:56:39,247 - INFO - [The Guardian] Early skip: URL https://www.theguardian.com/australia-news/2026/jan/29/a-cabal-of-male-liberals-signals-leys-reign-is-ending-but-the-day-of-a-colleagues-memorial-is-obscene-timing already exists.
2026-01-29 19:56:39,355 - INFO - [The Guardian] Article: https://www.theguardian.com/world/2026/jan/29/trump-claims-putin-agreed-to-halt-ukraine-energy-strikes-amid-extreme-cold
2026-01-29 19:56:39,355 - INFO - [The Guardian] Attempt 1/1: Trying with 'requests_browser' strategy...
2026-01-29 19:56:39,357 - INFO - [BBC] Early skip: URL https://www.bbc.com/news/articles/czej2z3zz9jo?at_medium=RSS&at_campaign=rss already exists.
2026-01-29 19:56:39,505 - INFO - [The Hindu] Page content loaded.
2026-01-29 19:56:39,555 - INFO - [The Guardian] Success with 'requests_browser'. Found content (611 words).
2026-01-29 19:56:40,469 - INFO - [The Hindu] Success with 'selenium_browser'. Found content (537 words).
2026-01-29 19:56:58,421 - ERROR - [Times of India] Request failed for strategy 'selenium_browser' on URL https://timesofindia.indiatimes.com/world/us/they-came-here-had-babies-texas-gov-called-out-for-h-1b-crackdown-reminded-he-praised-indian-investment-in-2024/articleshow/127784657.cms: Message: timeout: Timed out receiving message from renderer: 19.736
  (Session info: chrome=144.0.7559.96)
Stacktrace:
#0 0x558ac7ade4ba <unknown>
#1 0x558ac7547492 <unknown>
#2 0x558ac752eb47 <unknown>
#3 0x558ac752e756 <unknown>
#4 0x558ac752c271 <unknown>
#5 0x558ac752cbff <unknown>
#6 0x558ac753c150 <unknown>
#7 0x558ac7556147 <unknown>
#8 0x558ac755d34b <unknown>
#9 0x558ac752d369 <unknown>
#10 0x558ac7555eda <unknown>
#11 0x558ac75e5a78 <unknown>
#12 0x558ac758e6a2 <unknown>
#13 0x558ac758f491 <unknown>
#14 0x558ac7aa4479 <unknown>
#15 0x558ac7aa7391 <unknown>
#16 0x558ac7a90a89 <unknown>
#17 0x558ac7aa7f4e <unknown>
#18 0x558ac7a77070 <unknown>
#19 0x558ac7acbca8 <unknown>
#20 0x558ac7acbe78 <unknown>
#21 0x558ac7add828 <unknown>
#22 0x7f3bea89caa4 <unknown>
#23 0x7f3bea929c6c <unknown>

2026-01-29 19:56:58,421 - ERROR - [Times of India] All scrape strategies failed for https://timesofindia.indiatimes.com/world/us/they-came-here-had-babies-texas-gov-called-out-for-h-1b-crackdown-reminded-he-praised-indian-investment-in-2024/articleshow/127784657.cms. Falling back to RSS description.
2026-01-29 19:56:58,421 - WARNING - SKIPPED (GLOBAL WORD LIMIT): Article ''They came here, had babies': Texas gov called out for H-1B crackdown; reminded he praised Indian investment in 2024' from Times of India has only 3 words (Min: 90).
2026-01-29 19:57:37,879 - INFO - DEDUPLICATION: Found match (Score: 0.72). Linking to Cluster ID: 57523970-b82d-4478-8ccf-1b1404eadfc8
2026-01-29 19:57:37,881 - INFO - Saved article: Trump claims Putin agreed to halt Ukraine energy strikes amid extreme cold | Ukraine | The Guardian from The Guardian (611 words)
2026-01-29 19:57:37,881 - INFO - [BBC] Early skip: URL https://www.bbc.com/news/articles/cx20199qzj9o?at_medium=RSS&at_campaign=rss already exists.
2026-01-29 19:58:21,855 - INFO - Saved article: Do you want to constitute a heritage commission or not? Madras HC asks Tamil Nadu government - The Hindu from The Hindu (537 words)
2026-01-29 19:58:21,856 - INFO - [Times of India] Article: https://timesofindia.indiatimes.com/world/rest-of-world/you-dont-belong-in-this-country-police-kick-use-racist-slurs-against-muslim-women-in-netherlands/articleshow/127784091.cms
2026-01-29 19:58:21,856 - INFO - [Times of India] Attempt 1/1: Trying with 'selenium_browser' strategy...
2026-01-29 19:58:21,857 - INFO - [BBC] Early skip: URL https://www.bbc.com/news/articles/cx2l1xpz03no?at_medium=RSS&at_campaign=rss already exists.
2026-01-29 19:58:22,062 - INFO - [The Guardian] Article: https://www.theguardian.com/world/2026/jan/29/greenland-nuuk-comedian-flag-stunt-mayor
2026-01-29 19:58:22,062 - INFO - [The Guardian] Attempt 1/1: Trying with 'requests_browser' strategy...
2026-01-29 19:58:22,064 - INFO - [BBC] Early skip: URL https://www.bbc.com/news/articles/ce3kenge1k9o?at_medium=RSS&at_campaign=rss already exists.
2026-01-29 19:58:22,112 - INFO - [The Guardian] Success with 'requests_browser'. Found content (339 words).
2026-01-29 19:58:23,117 - INFO - [Times of India] Page content loaded.
2026-01-29 19:58:23,427 - INFO - [Times of India] Success with 'selenium_browser'. Found content (345 words).
2026-01-29 19:59:10,658 - INFO - Saved article: Greenland threats no laughing matter, says mayor after comic’s flag stunt | Greenland | The Guardian from The Guardian (339 words)
2026-01-29 19:59:10,658 - INFO - [BBC] Early skip: URL https://www.bbc.com/news/articles/cgjwpq4pggjo?at_medium=RSS&at_campaign=rss already exists.
2026-01-29 19:59:10,820 - INFO - [The Hindu] Article: https://www.thehindu.com/news/national/tamil-nadu/stalin-unveils-foundation-forintegrated-development-of-multi-modal-facility-complex-with-kuralagam-at-broadway/article70565019.ece
2026-01-29 19:59:10,821 - INFO - [The Hindu] Attempt 1/1: Trying with 'selenium_browser' strategy...
2026-01-29 19:59:30,844 - ERROR - [The Hindu] Request failed for strategy 'selenium_browser' on URL https://www.thehindu.com/news/national/tamil-nadu/stalin-unveils-foundation-forintegrated-development-of-multi-modal-facility-complex-with-kuralagam-at-broadway/article70565019.ece: Message: timeout: Timed out receiving message from renderer: 19.893
  (Session info: chrome=144.0.7559.96)
Stacktrace:
#0 0x5623f501b4ba <unknown>
#1 0x5623f4a84492 <unknown>
#2 0x5623f4a6bb47 <unknown>
#3 0x5623f4a6b756 <unknown>
#4 0x5623f4a69271 <unknown>
#5 0x5623f4a69bff <unknown>
#6 0x5623f4a79150 <unknown>
#7 0x5623f4a93147 <unknown>
#8 0x5623f4a9a34b <unknown>
#9 0x5623f4a6a369 <unknown>
#10 0x5623f4a92eda <unknown>
#11 0x5623f4b22a78 <unknown>
#12 0x5623f4acb6a2 <unknown>
#13 0x5623f4acc491 <unknown>
#14 0x5623f4fe1479 <unknown>
#15 0x5623f4fe4391 <unknown>
#16 0x5623f4fcda89 <unknown>
#17 0x5623f4fe4f4e <unknown>
#18 0x5623f4fb4070 <unknown>
#19 0x5623f5008ca8 <unknown>
#20 0x5623f5008e78 <unknown>
#21 0x5623f501a828 <unknown>
#22 0x7fd94f09caa4 <unknown>
#23 0x7fd94f129c6c <unknown>

2026-01-29 19:59:30,844 - ERROR - [The Hindu] All scrape strategies failed for https://www.thehindu.com/news/national/tamil-nadu/stalin-unveils-foundation-forintegrated-development-of-multi-modal-facility-complex-with-kuralagam-at-broadway/article70565019.ece. Falling back to RSS description.
2026-01-29 19:59:30,844 - WARNING - SKIPPED (GLOBAL WORD LIMIT): Article 'Stalin unveils foundation for integrated development of multi-modal facility complex with Kuralagam at Broadway' from The Hindu has only 3 words (Min: 90).
2026-01-29 20:00:00,808 - INFO - Saved article: 'You don’t belong in this country': Police kick, use racist slurs against Muslim women in Netherlands - The Times of India from Times of India (345 words)
2026-01-29 20:00:00,808 - INFO - [BBC] Early skip: URL https://www.bbc.com/news/articles/c1evy87qd1no?at_medium=RSS&at_campaign=rss already exists.
2026-01-29 20:00:00,940 - INFO - [The Guardian] Early skip: URL https://www.theguardian.com/world/2026/jan/29/eu-formally-designates-iran-irgc-revolutionary-guards-terrorist-organisation already exists.
2026-01-29 20:00:01,168 - INFO - [The Hindu] Article: https://www.thehindu.com/news/national/tamil-nadu/cm-lays-foundation-stone-for-tamil-nadu-knowledge-city-oversees-mou-exchange/article70565507.ece
2026-01-29 20:00:01,168 - INFO - [The Hindu] Attempt 1/1: Trying with 'selenium_browser' strategy...
2026-01-29 20:00:01,169 - INFO - [BBC] Early skip: URL https://www.bbc.com/news/articles/cly5pd98z87o?at_medium=RSS&at_campaign=rss already exists.
2026-01-29 20:00:01,331 - INFO - [BBC] Early skip: URL https://www.bbc.com/news/articles/cz9v42ep8n0o?at_medium=RSS&at_campaign=rss already exists.
2026-01-29 20:00:01,443 - INFO - [BBC] Early skip: URL https://www.bbc.com/news/articles/c3wz2x7ppz7o?at_medium=RSS&at_campaign=rss already exists.
2026-01-29 20:00:01,631 - INFO - [The Guardian] Early skip: URL https://www.theguardian.com/world/live/2026/jan/29/denmark-us-greenland-ukraine-russia-germany-friedrich-merz-poland-europe-latest-news already exists.
2026-01-29 20:00:01,782 - INFO - [BBC] Early skip: URL https://www.bbc.com/news/articles/cj3vpe8zme8o?at_medium=RSS&at_campaign=rss already exists.
2026-01-29 20:00:02,001 - INFO - [Times of India] Early skip: URL https://timesofindia.indiatimes.com/etimes/trending/devastated-uk-family-watches-5-year-old-dying-from-rare-childhood-dementia-hundreds-of-seizures-daily/articleshow/127780869.cms already exists.
2026-01-29 20:00:02,226 - INFO - [The Hindu] Page content loaded.
2026-01-29 20:00:02,243 - INFO - [Times of India] Article: https://timesofindia.indiatimes.com/world/us/can-you-travel-to-puerto-rico-with-an-expired-h-1b-stamping-immigration-attorney-explains-when-its-risk-free/articleshow/127783301.cms
2026-01-29 20:00:02,243 - INFO - [Times of India] Attempt 1/1: Trying with 'selenium_browser' strategy...
2026-01-29 20:00:02,244 - INFO - [The Guardian] Early skip: URL https://www.theguardian.com/world/2026/jan/29/criminal-investigation-crans-montana-officials-swiss-fire already exists.
2026-01-29 20:00:02,406 - INFO - [The Hindu] Success with 'selenium_browser'. Found content (462 words).
2026-01-29 20:00:02,527 - INFO - [The Guardian] Early skip: URL https://www.theguardian.com/politics/2026/jan/29/britain-unlikely-assist-us-attack-iran-gulf-retaliated already exists.
2026-01-29 20:00:02,661 - INFO - [The Guardian] Article: https://www.theguardian.com/world/audio/2026/jan/29/is-trump-about-to-attack-iran-the-latest
2026-01-29 20:00:02,664 - INFO - [The Guardian] Attempt 1/1: Trying with 'requests_browser' strategy...
2026-01-29 20:00:02,851 - INFO - [The Guardian] Success with 'requests_browser'. Found content (107 words).
2026-01-29 20:00:05,921 - INFO - [Times of India] Page content loaded.
2026-01-29 20:00:06,079 - INFO - [Times of India] Success with 'selenium_browser'. Found content (414 words).
2026-01-29 20:00:08,859 - CRITICAL - --- TIMEOUT: 4 scrape jobs did not complete in 300s. ---
2026-01-29 20:00:08,859 - ERROR - A thread has timed out and will be abandoned.
2026-01-29 20:00:08,860 - ERROR - A thread has timed out and will be abandoned.
2026-01-29 20:00:08,860 - ERROR - A thread has timed out and will be abandoned.
2026-01-29 20:00:08,860 - ERROR - A thread has timed out and will be abandoned.
2026-01-29 20:00:08,860 - INFO - Shutting down thread pool (wait=False)...
2026-01-29 20:00:08,860 - INFO - Scraped: 4 Timed_Out_Jobs articles. (Total saved: 0)
2026-01-29 20:00:08,860 - INFO - --- Scraping job finished ---
2026-01-29 20:00:08,860 - INFO - --- Scraper service stopped and database connection closed. ---
2026-01-29 20:00:08,860 - INFO - --- Main thread finished. Forcing process exit to kill zombie threads. ---
