2026-02-04 05:20:35,225 - INFO - Loading AI Semantic Model (all-MiniLM-L6-v2)...
2026-02-04 05:20:35,226 - INFO - Use pytorch device_name: cpu
2026-02-04 05:20:35,226 - INFO - Load pretrained SentenceTransformer: all-MiniLM-L6-v2
2026-02-04 05:20:35,312 - INFO - HTTP Request: HEAD https://huggingface.co/sentence-transformers/all-MiniLM-L6-v2/resolve/main/modules.json "HTTP/1.1 307 Temporary Redirect"
2026-02-04 05:20:35,317 - INFO - HTTP Request: HEAD https://huggingface.co/api/resolve-cache/models/sentence-transformers/all-MiniLM-L6-v2/c9745ed1d9f207416be6d2e6f8de32d1f16199bf/modules.json "HTTP/1.1 200 OK"
2026-02-04 05:20:35,331 - INFO - HTTP Request: HEAD https://huggingface.co/sentence-transformers/all-MiniLM-L6-v2/resolve/main/config_sentence_transformers.json "HTTP/1.1 307 Temporary Redirect"
2026-02-04 05:20:35,336 - INFO - HTTP Request: HEAD https://huggingface.co/api/resolve-cache/models/sentence-transformers/all-MiniLM-L6-v2/c9745ed1d9f207416be6d2e6f8de32d1f16199bf/config_sentence_transformers.json "HTTP/1.1 200 OK"
2026-02-04 05:20:35,350 - INFO - HTTP Request: HEAD https://huggingface.co/sentence-transformers/all-MiniLM-L6-v2/resolve/main/config_sentence_transformers.json "HTTP/1.1 307 Temporary Redirect"
2026-02-04 05:20:35,355 - INFO - HTTP Request: HEAD https://huggingface.co/api/resolve-cache/models/sentence-transformers/all-MiniLM-L6-v2/c9745ed1d9f207416be6d2e6f8de32d1f16199bf/config_sentence_transformers.json "HTTP/1.1 200 OK"
2026-02-04 05:20:35,376 - INFO - HTTP Request: HEAD https://huggingface.co/sentence-transformers/all-MiniLM-L6-v2/resolve/main/README.md "HTTP/1.1 307 Temporary Redirect"
2026-02-04 05:20:35,381 - INFO - HTTP Request: HEAD https://huggingface.co/api/resolve-cache/models/sentence-transformers/all-MiniLM-L6-v2/c9745ed1d9f207416be6d2e6f8de32d1f16199bf/README.md "HTTP/1.1 200 OK"
2026-02-04 05:20:35,395 - INFO - HTTP Request: HEAD https://huggingface.co/sentence-transformers/all-MiniLM-L6-v2/resolve/main/modules.json "HTTP/1.1 307 Temporary Redirect"
2026-02-04 05:20:35,400 - INFO - HTTP Request: HEAD https://huggingface.co/api/resolve-cache/models/sentence-transformers/all-MiniLM-L6-v2/c9745ed1d9f207416be6d2e6f8de32d1f16199bf/modules.json "HTTP/1.1 200 OK"
2026-02-04 05:20:35,413 - INFO - HTTP Request: HEAD https://huggingface.co/sentence-transformers/all-MiniLM-L6-v2/resolve/main/sentence_bert_config.json "HTTP/1.1 307 Temporary Redirect"
2026-02-04 05:20:35,421 - INFO - HTTP Request: HEAD https://huggingface.co/api/resolve-cache/models/sentence-transformers/all-MiniLM-L6-v2/c9745ed1d9f207416be6d2e6f8de32d1f16199bf/sentence_bert_config.json "HTTP/1.1 200 OK"
2026-02-04 05:20:35,436 - INFO - HTTP Request: HEAD https://huggingface.co/sentence-transformers/all-MiniLM-L6-v2/resolve/main/adapter_config.json "HTTP/1.1 404 Not Found"
2026-02-04 05:20:35,450 - INFO - HTTP Request: HEAD https://huggingface.co/sentence-transformers/all-MiniLM-L6-v2/resolve/main/config.json "HTTP/1.1 307 Temporary Redirect"
2026-02-04 05:20:35,455 - INFO - HTTP Request: HEAD https://huggingface.co/api/resolve-cache/models/sentence-transformers/all-MiniLM-L6-v2/c9745ed1d9f207416be6d2e6f8de32d1f16199bf/config.json "HTTP/1.1 200 OK"
2026-02-04 05:20:35,591 - WARNING - BertModel LOAD REPORT from: sentence-transformers/all-MiniLM-L6-v2
Key                     | Status     |  | 
------------------------+------------+--+-
embeddings.position_ids | UNEXPECTED |  | 

Notes:
- UNEXPECTED	:can be ignored when loading from different task/architecture; not ok if you expect identical arch.
2026-02-04 05:20:35,606 - INFO - HTTP Request: HEAD https://huggingface.co/sentence-transformers/all-MiniLM-L6-v2/resolve/main/config.json "HTTP/1.1 307 Temporary Redirect"
2026-02-04 05:20:35,611 - INFO - HTTP Request: HEAD https://huggingface.co/api/resolve-cache/models/sentence-transformers/all-MiniLM-L6-v2/c9745ed1d9f207416be6d2e6f8de32d1f16199bf/config.json "HTTP/1.1 200 OK"
2026-02-04 05:20:35,625 - INFO - HTTP Request: HEAD https://huggingface.co/sentence-transformers/all-MiniLM-L6-v2/resolve/main/tokenizer_config.json "HTTP/1.1 307 Temporary Redirect"
2026-02-04 05:20:35,629 - INFO - HTTP Request: HEAD https://huggingface.co/api/resolve-cache/models/sentence-transformers/all-MiniLM-L6-v2/c9745ed1d9f207416be6d2e6f8de32d1f16199bf/tokenizer_config.json "HTTP/1.1 200 OK"
2026-02-04 05:20:35,650 - INFO - HTTP Request: GET https://huggingface.co/api/models/sentence-transformers/all-MiniLM-L6-v2/tree/main/additional_chat_templates?recursive=false&expand=false "HTTP/1.1 404 Not Found"
2026-02-04 05:20:35,670 - INFO - HTTP Request: GET https://huggingface.co/api/models/sentence-transformers/all-MiniLM-L6-v2/tree/main?recursive=true&expand=false "HTTP/1.1 200 OK"
2026-02-04 05:20:35,736 - INFO - HTTP Request: HEAD https://huggingface.co/sentence-transformers/all-MiniLM-L6-v2/resolve/main/1_Pooling/config.json "HTTP/1.1 307 Temporary Redirect"
2026-02-04 05:20:35,741 - INFO - HTTP Request: HEAD https://huggingface.co/api/resolve-cache/models/sentence-transformers/all-MiniLM-L6-v2/c9745ed1d9f207416be6d2e6f8de32d1f16199bf/1_Pooling%2Fconfig.json "HTTP/1.1 200 OK"
2026-02-04 05:20:35,827 - INFO - HTTP Request: GET https://huggingface.co/api/models/sentence-transformers/all-MiniLM-L6-v2 "HTTP/1.1 200 OK"
2026-02-04 05:20:35,831 - INFO - AI Model loaded successfully.
2026-02-04 05:20:35,832 - INFO - --- Scraper service started (CI Mode: Run Once) ---
2026-02-04 05:20:35,832 - INFO - --- Starting new scraping job (Parallel Mode) ---
2026-02-04 05:20:35,832 - INFO - Creating new robust session with 3 retries on 5xx/connection/read errors.
2026-02-04 05:20:35,832 - INFO - Proxy is DISABLED.
2026-02-04 05:20:35,832 - INFO - Starting scrape for BBC RSS feed: http://feeds.bbci.co.uk/news/world/rss.xml
2026-02-04 05:20:35,833 - INFO - [Times of India] (Thread) requires Selenium. Initializing driver...
2026-02-04 05:20:35,833 - INFO - Starting scrape for The Guardian RSS feed: https://www.theguardian.com/world/rss
2026-02-04 05:20:35,835 - INFO - [The Hindu] (Thread) requires Selenium. Initializing driver...
2026-02-04 05:20:35,836 - INFO - Submitted 4 jobs to thread pool. Waiting up to 300s for completion...
2026-02-04 05:20:36,009 - INFO - Found 45 articles in The Guardian RSS feed. Processing until 5 new articles are saved.
2026-02-04 05:20:36,009 - INFO - [The Guardian] Early skip: URL https://www.theguardian.com/global-development/2026/feb/04/trump-us-china-russia-democratic-recession-peril-human-rights-watch already exists.
2026-02-04 05:20:36,027 - INFO - [The Guardian] Early skip: URL https://www.theguardian.com/world/2026/feb/02/israel-agrees-to-limited-reopening-of-rafah-border-crossing-in-gaza already exists.
2026-02-04 05:20:36,074 - INFO - [The Guardian] Early skip: URL https://www.theguardian.com/environment/2026/feb/02/weather-tracker-cyclone-fytia-madagascar-floods already exists.
2026-02-04 05:20:36,096 - INFO - [The Guardian] Early skip: URL https://www.theguardian.com/law/2026/feb/02/more-than-100000-civilians-killed-war-crimes-out-of-control-study already exists.
2026-02-04 05:20:36,129 - INFO - [The Guardian] Early skip: URL https://www.theguardian.com/world/2026/jan/30/more-than-200-killed-in-coltan-mine-collapse-in-eastern-drc-officials-say already exists.
2026-02-04 05:20:36,132 - INFO - Found 34 articles in BBC RSS feed. Processing until 5 new articles are saved.
2026-02-04 05:20:36,164 - INFO - [BBC] Early skip: URL https://www.bbc.com/news/articles/cn0k65pnxjxo?at_medium=RSS&at_campaign=rss already exists.
2026-02-04 05:20:36,182 - INFO - [The Guardian] Early skip: URL https://www.theguardian.com/news/audio/2026/feb/04/the-people-betting-on-catastrophic-world-events-podcast already exists.
2026-02-04 05:20:36,204 - INFO - [The Guardian] Early skip: URL https://www.theguardian.com/world/2026/feb/03/colombian-president-and-trump-put-aside-insults-for-amicable-white-house-meeting already exists.
2026-02-04 05:20:36,243 - INFO - [BBC] Early skip: URL https://www.bbc.com/news/articles/c3dmjn7n985o?at_medium=RSS&at_campaign=rss already exists.
2026-02-04 05:20:36,263 - INFO - [The Guardian] Early skip: URL https://www.theguardian.com/us-news/2026/feb/02/trump-administration-blocked-tps-haitians already exists.
2026-02-04 05:20:36,286 - INFO - [BBC] Early skip: URL https://www.bbc.com/news/articles/cp37g4xgkxdo?at_medium=RSS&at_campaign=rss already exists.
2026-02-04 05:20:36,320 - INFO - [The Guardian] Early skip: URL https://www.theguardian.com/world/2026/feb/02/claudia-sheinbaum-mexico-oil-cuba-trump already exists.
2026-02-04 05:20:36,354 - INFO - [BBC] Early skip: URL https://www.bbc.com/news/articles/cdx43rxgyk1o?at_medium=RSS&at_campaign=rss already exists.
2026-02-04 05:20:36,385 - INFO - [The Guardian] Early skip: URL https://www.theguardian.com/us-news/2026/feb/02/rightwing-brazilian-influencer-junior-pena-arrested-by-ice already exists.
2026-02-04 05:20:36,406 - INFO - [BBC] Early skip: URL https://www.bbc.com/news/articles/c04105ywkkqo?at_medium=RSS&at_campaign=rss already exists.
2026-02-04 05:20:36,437 - INFO - [The Guardian] Early skip: URL https://www.theguardian.com/environment/2026/feb/03/china-to-ban-hidden-car-door-handles-evs already exists.
2026-02-04 05:20:36,483 - INFO - [The Guardian] Early skip: URL https://www.theguardian.com/us-news/2026/feb/03/trump-critical-minerals-stockpile-project-vault already exists.
2026-02-04 05:20:36,502 - INFO - [BBC] Early skip: URL https://www.bbc.com/news/articles/c5y2nddvmryo?at_medium=RSS&at_campaign=rss already exists.
2026-02-04 05:20:36,523 - INFO - [The Guardian] Early skip: URL https://www.theguardian.com/business/2026/feb/01/us-uk-eu-australia-critical-minerals-rare-earths-g7-minimum-price already exists.
2026-02-04 05:20:36,569 - INFO - [The Guardian] Early skip: URL https://www.theguardian.com/world/2026/feb/01/living-hell-of-north-koreas-paradise-on-earth-scheme-back-in-spotlight-in-japan already exists.
2026-02-04 05:20:36,619 - INFO - [BBC] Early skip: URL https://www.bbc.com/news/articles/cdre825p110o?at_medium=RSS&at_campaign=rss already exists.
2026-02-04 05:20:36,645 - INFO - [The Guardian] Early skip: URL https://www.theguardian.com/world/2026/jan/31/starmer-hopes-his-china-trip-will-begin-the-thaw-after-recent-ice-age already exists.
2026-02-04 05:20:36,662 - INFO - [BBC] Early skip: URL https://www.bbc.com/news/articles/cly90xyp6k6o?at_medium=RSS&at_campaign=rss already exists.
2026-02-04 05:20:36,709 - INFO - [BBC] Early skip: URL https://www.bbc.com/news/articles/cly3ezj3rg3o?at_medium=RSS&at_campaign=rss already exists.
2026-02-04 05:20:36,753 - INFO - [BBC] Early skip: URL https://www.bbc.com/news/articles/c5yd3x7yreno?at_medium=RSS&at_campaign=rss already exists.
2026-02-04 05:20:36,764 - INFO - [BBC] Early skip: URL https://www.bbc.com/news/articles/c14r685mne4o?at_medium=RSS&at_campaign=rss already exists.
2026-02-04 05:20:36,769 - INFO - Selenium driver initialized successfully.
2026-02-04 05:20:36,769 - INFO - Selenium driver initialized successfully.
2026-02-04 05:20:36,769 - INFO - Starting scrape for Times of India RSS feed: https://timesofindia.indiatimes.com/rssfeeds/296589292.cms
2026-02-04 05:20:36,770 - INFO - Starting scrape for The Hindu RSS feed: https://www.thehindu.com/news/national/feeder/default.rss
2026-02-04 05:20:36,814 - INFO - [The Guardian] Article: https://www.theguardian.com/australia-news/2026/feb/04/banned-surgeon-clinical-safety-role-queensland-health-ntwnfb
2026-02-04 05:20:36,814 - INFO - [The Guardian] Attempt 1/1: Trying with 'requests_browser' strategy...
2026-02-04 05:20:36,815 - INFO - [BBC] Early skip: URL https://www.bbc.com/news/articles/cpwng25114ro?at_medium=RSS&at_campaign=rss already exists.
2026-02-04 05:20:36,848 - INFO - [BBC] Early skip: URL https://www.bbc.com/news/articles/c7v0p818g91o?at_medium=RSS&at_campaign=rss already exists.
2026-02-04 05:20:36,852 - INFO - [The Guardian] Success with 'requests_browser'. Found content (501 words).
2026-02-04 05:20:36,906 - INFO - [BBC] Early skip: URL https://www.bbc.com/news/articles/cwygrkm7k0yo?at_medium=RSS&at_campaign=rss already exists.
2026-02-04 05:20:37,114 - INFO - Found 100 articles in The Hindu RSS feed. Processing until 5 new articles are saved.
2026-02-04 05:20:37,317 - INFO - Found 20 articles in Times of India RSS feed. Processing until 5 new articles are saved.
2026-02-04 05:22:02,212 - INFO - Saved article: Doctor previously banned from complex surgery in NSW given senior clinical safety role with Queensland Health | Health | The Guardian from The Guardian (501 words)
2026-02-04 05:22:02,212 - INFO - [BBC] Early skip: URL https://www.bbc.com/news/articles/cq6vn5j312lo?at_medium=RSS&at_campaign=rss already exists.
2026-02-04 05:22:02,243 - INFO - [The Hindu] Article: https://www.thehindu.com/shorts/watch-water-ambulance-to-save-fishermens-lives-in-mangaluru/article70590339.ece
2026-02-04 05:22:02,243 - INFO - [The Hindu] Attempt 1/1: Trying with 'selenium_browser' strategy...
2026-02-04 05:22:02,244 - INFO - [Times of India] Article: https://timesofindia.indiatimes.com/world/middle-east/watch-dubais-craziest-jaw-dropping-stunt-xdubai-wingsuit-daredevils-fly-through-worlds-tallest-hotel-at-200km/h/articleshow/127899332.cms
2026-02-04 05:22:02,244 - INFO - [Times of India] Attempt 1/1: Trying with 'selenium_browser' strategy...
2026-02-04 05:22:02,244 - INFO - [BBC] Early skip: URL https://www.bbc.com/news/articles/ce3ex92557jo?at_medium=RSS&at_campaign=rss already exists.
2026-02-04 05:22:02,272 - INFO - [BBC] Early skip: URL https://www.bbc.com/news/articles/crkryz35246o?at_medium=RSS&at_campaign=rss already exists.
2026-02-04 05:22:02,307 - INFO - [BBC] Early skip: URL https://www.bbc.com/news/articles/cy4g3rne4n7o?at_medium=RSS&at_campaign=rss already exists.
2026-02-04 05:22:02,328 - INFO - [BBC] Early skip: URL https://www.bbc.com/news/articles/cy8pleg24rvo?at_medium=RSS&at_campaign=rss already exists.
2026-02-04 05:22:02,353 - INFO - [BBC] Early skip: URL https://www.bbc.com/news/articles/c0jvy09dvw9o?at_medium=RSS&at_campaign=rss already exists.
2026-02-04 05:22:02,372 - INFO - [BBC] Early skip: URL https://www.bbc.com/news/articles/ce3epxznyzzo?at_medium=RSS&at_campaign=rss already exists.
2026-02-04 05:22:02,407 - INFO - [BBC] Early skip: URL https://www.bbc.com/news/articles/cpwnlwj80p8o?at_medium=RSS&at_campaign=rss already exists.
2026-02-04 05:22:02,457 - INFO - [BBC] Early skip: URL https://www.bbc.com/news/articles/c20g25w8j0xo?at_medium=RSS&at_campaign=rss already exists.
2026-02-04 05:22:02,502 - INFO - [BBC] Early skip: URL https://www.bbc.com/news/articles/cj0n3j16p8lo?at_medium=RSS&at_campaign=rss already exists.
2026-02-04 05:22:02,547 - INFO - [BBC] Early skip: URL https://www.bbc.com/news/articles/cew8qzdxnnjo?at_medium=RSS&at_campaign=rss already exists.
2026-02-04 05:22:02,583 - INFO - [BBC] Early skip: URL https://www.bbc.com/news/articles/ckglwnrx437o?at_medium=RSS&at_campaign=rss already exists.
2026-02-04 05:22:02,603 - INFO - [BBC] Early skip: URL https://www.bbc.com/news/articles/cy8p27vmyvmo?at_medium=RSS&at_campaign=rss already exists.
2026-02-04 05:22:02,640 - INFO - [BBC] Early skip: URL https://www.bbc.com/news/videos/cp9jg1kr9pjo?at_medium=RSS&at_campaign=rss already exists.
2026-02-04 05:22:02,672 - INFO - [BBC] Article: https://www.bbc.com/news/videos/c23rd925knxo?at_medium=RSS&at_campaign=rss
2026-02-04 05:22:02,672 - INFO - [BBC] Attempt 1/1: Trying with 'requests_browser' strategy...
2026-02-04 05:22:02,756 - INFO - [The Guardian] Early skip: URL https://www.theguardian.com/australia-news/live/2026/feb/04/australian-politics-live-labor-liberal-anthony-albanese-sussan-ley-leadership-challenge-coalition-littleproud-chalmers-interest-rates-rise-rba-ntwfb already exists.
2026-02-04 05:22:02,779 - INFO - [The Guardian] Early skip: URL https://www.theguardian.com/australia-news/2026/feb/04/i-dont-think-this-was-a-good-decision-labors-ed-husic-expresses-concerns-over-israel-president-isaac-herzogs-visit-ntwnfb already exists.
2026-02-04 05:22:02,831 - INFO - [The Guardian] Early skip: URL https://www.theguardian.com/world/2026/feb/04/australian-man-dies-skiing-in-japan-niseko already exists.
2026-02-04 05:22:02,866 - INFO - [The Guardian] Article: https://www.theguardian.com/australia-news/2026/feb/04/israel-president-isaac-herzog-visit-labor-backbenchers
2026-02-04 05:22:02,866 - INFO - [The Guardian] Attempt 1/1: Trying with 'requests_browser' strategy...
2026-02-04 05:22:02,929 - INFO - [BBC] Success with 'requests_browser'. Found content (125 words).
2026-02-04 05:22:02,984 - INFO - [The Guardian] Success with 'requests_browser'. Found content (965 words).
2026-02-04 05:22:14,087 - WARNING - [The Hindu] Page timed out (10s). Proceeding anyway.
2026-02-04 05:22:14,817 - WARNING - [The Hindu] FAILED with 'selenium_browser' (content was too short: 53 words).
2026-02-04 05:22:14,820 - ERROR - [The Hindu] All scrape strategies failed for https://www.thehindu.com/shorts/watch-water-ambulance-to-save-fishermens-lives-in-mangaluru/article70590339.ece. Falling back to RSS description.
2026-02-04 05:22:14,820 - WARNING - SKIPPED (GLOBAL WORD LIMIT): Article 'Watch: Water ambulance to save fishermen’s lives in Mangaluru' from The Hindu has only 3 words (Min: 90).
2026-02-04 05:22:23,120 - ERROR - [Times of India] Request failed for strategy 'selenium_browser' on URL https://timesofindia.indiatimes.com/world/middle-east/watch-dubais-craziest-jaw-dropping-stunt-xdubai-wingsuit-daredevils-fly-through-worlds-tallest-hotel-at-200km/h/articleshow/127899332.cms: Message: timeout: Timed out receiving message from renderer: 19.810
  (Session info: chrome=144.0.7559.96)
Stacktrace:
#0 0x55d1a4098a4a <unknown>
#1 0x55d1a3ab16a2 <unknown>
#2 0x55d1a3a98d87 <unknown>
#3 0x55d1a3a98996 <unknown>
#4 0x55d1a3a964a1 <unknown>
#5 0x55d1a3a96e2f <unknown>
#6 0x55d1a3aa6360 <unknown>
#7 0x55d1a3ac0357 <unknown>
#8 0x55d1a3ac756b <unknown>
#9 0x55d1a3a97599 <unknown>
#10 0x55d1a3ac00ec <unknown>
#11 0x55d1a3b4fb68 <unknown>
#12 0x55d1a3af88b2 <unknown>
#13 0x55d1a3af96a1 <unknown>
#14 0x55d1a405e8a9 <unknown>
#15 0x55d1a40617b1 <unknown>
#16 0x55d1a404aea9 <unknown>
#17 0x55d1a406236e <unknown>
#18 0x55d1a4031410 <unknown>
#19 0x55d1a40860c8 <unknown>
#20 0x55d1a408629b <unknown>
#21 0x55d1a4097db8 <unknown>
#22 0x7fc40a49caa4 <unknown>
#23 0x7fc40a529c6c <unknown>

2026-02-04 05:22:23,120 - ERROR - [Times of India] All scrape strategies failed for https://timesofindia.indiatimes.com/world/middle-east/watch-dubais-craziest-jaw-dropping-stunt-xdubai-wingsuit-daredevils-fly-through-worlds-tallest-hotel-at-200km/h/articleshow/127899332.cms. Falling back to RSS description.
2026-02-04 05:22:23,120 - WARNING - SKIPPED (GLOBAL WORD LIMIT): Article 'Watch Dubai’s craziest jaw-dropping stunt: 5 men fly through world's tallest hotel at 200km/h' from Times of India has only 52 words (Min: 90).
2026-02-04 05:23:55,732 - INFO - Saved article: Florida iguanas are 'cold stunned' and falling from trees from BBC (125 words)
2026-02-04 05:25:29,473 - INFO - DEDUPLICATION: Found match (Score: 0.87). Linking to Cluster ID: 19b1a5fc-5ecc-4964-b64c-01cacde93340
2026-02-04 05:25:29,476 - INFO - Saved article: NSW Labor backbenchers to protest Israel president Isaac Herzog’s visit in defiance of premier | New South Wales | The Guardian from The Guardian (965 words)
2026-02-04 05:25:29,476 - INFO - [The Hindu] Article: https://www.thehindu.com/news/national/west-bengal-sir-hearing-supreme-court-mamata-banerjee-live-updates-february-4-2026/article70590299.ece
2026-02-04 05:25:29,476 - INFO - [The Hindu] Attempt 1/1: Trying with 'selenium_browser' strategy...
2026-02-04 05:25:29,477 - INFO - [Times of India] Article: https://timesofindia.indiatimes.com/defence/international/us-russia-nuclear-treaty-nears-expiry-kremlin-warns-of-dangerous-moment-why-new-start-matters-for-global-security/articleshow/127897834.cms
2026-02-04 05:25:29,477 - INFO - [Times of India] Attempt 1/1: Trying with 'selenium_browser' strategy...
2026-02-04 05:25:29,478 - INFO - [BBC] Article: https://www.bbc.com/news/videos/cd9e3nzzw3zo?at_medium=RSS&at_campaign=rss
2026-02-04 05:25:29,478 - INFO - [BBC] Attempt 1/1: Trying with 'requests_browser' strategy...
2026-02-04 05:25:29,552 - WARNING - [BBC] FAILED with 'requests_browser' (content was too short: 80 words).
2026-02-04 05:25:29,552 - ERROR - [BBC] All scrape strategies failed for https://www.bbc.com/news/videos/cd9e3nzzw3zo?at_medium=RSS&at_campaign=rss. Falling back to RSS description.
2026-02-04 05:25:29,553 - WARNING - SKIPPED (GLOBAL WORD LIMIT): Article 'Watch: Why is no-one being prosecuted over the Epstein files?' from BBC has only 17 words (Min: 90).
2026-02-04 05:25:30,756 - INFO - [The Guardian] Article: https://www.theguardian.com/media/2026/feb/04/spain-under-16-social-media-ban-elon-musk-insults
2026-02-04 05:25:30,756 - INFO - [The Guardian] Attempt 1/1: Trying with 'requests_browser' strategy...
2026-02-04 05:25:30,799 - INFO - [The Guardian] Success with 'requests_browser'. Found content (570 words).
2026-02-04 05:25:34,343 - INFO - [The Hindu] Page content loaded.
2026-02-04 05:25:34,460 - INFO - [The Hindu] Success with 'selenium_browser'. Found content (138 words).
2026-02-04 05:25:42,110 - INFO - [Times of India] Page content loaded.
2026-02-04 05:25:43,469 - INFO - [Times of India] Success with 'selenium_browser'. Found content (740 words).
2026-02-04 05:27:07,185 - INFO - Saved article: Elon Musk calls Spanish PM a ‘tyrant’ over plan to ban under-16s from social media and curb hateful content | Social media | The Guardian from The Guardian (570 words)
2026-02-04 05:27:07,185 - INFO - [BBC] Early skip: URL https://www.bbc.com/news/videos/c1m7vmzynzvo?at_medium=RSS&at_campaign=rss already exists.
2026-02-04 05:28:35,948 - INFO - DEDUPLICATION: Found match (Score: 0.87). Linking to Cluster ID: 46774e6b-4e33-47eb-a5b7-816072fcd0b7
2026-02-04 05:28:35,950 - INFO - Saved article: West Bengal SIR hearing LIVE: Mamata Banerjee to appear in person in Supreme Court - The Hindu from The Hindu (138 words)
2026-02-04 05:30:06,736 - INFO - Saved article: US-Russia nuclear treaty nears expiry, Kremlin warns of 'dangerous' moment: Why New START matters for global security - The Times of India from Times of India (740 words)
2026-02-04 05:30:06,736 - INFO - [BBC] Article: https://www.bbc.com/news/videos/cgqed5qeqx4o?at_medium=RSS&at_campaign=rss
2026-02-04 05:30:06,737 - INFO - [BBC] Attempt 1/1: Trying with 'requests_browser' strategy...
2026-02-04 05:30:06,738 - INFO - [The Guardian] Article: https://www.theguardian.com/world/2026/feb/03/collision-between-greek-coastguard-patrol-and-boat-carrying-migrants
2026-02-04 05:30:06,738 - INFO - [The Guardian] Attempt 1/1: Trying with 'requests_browser' strategy...
2026-02-04 05:30:06,740 - INFO - [The Hindu] Article: https://www.thehindu.com/news/international/india-us-trade-deal-america-industrial-agriculture-goods/article70590290.ece
2026-02-04 05:30:06,740 - INFO - [The Hindu] Attempt 1/1: Trying with 'selenium_browser' strategy...
2026-02-04 05:30:06,771 - INFO - [The Guardian] Success with 'requests_browser'. Found content (287 words).
2026-02-04 05:30:06,869 - WARNING - [BBC] FAILED with 'requests_browser' (content was too short: 85 words).
2026-02-04 05:30:06,869 - ERROR - [BBC] All scrape strategies failed for https://www.bbc.com/news/videos/cgqed5qeqx4o?at_medium=RSS&at_campaign=rss. Falling back to RSS description.
2026-02-04 05:30:06,869 - WARNING - SKIPPED (GLOBAL WORD LIMIT): Article ''Pay and smile' - Rome visitors face Trevi Fountain charge' from BBC has only 24 words (Min: 90).
2026-02-04 05:30:08,999 - INFO - [The Hindu] Page content loaded.
2026-02-04 05:30:09,137 - INFO - [The Hindu] Success with 'selenium_browser'. Found content (826 words).
2026-02-04 05:30:35,836 - CRITICAL - --- TIMEOUT: 4 scrape jobs did not complete in 300s. ---
2026-02-04 05:30:35,836 - ERROR - A thread has timed out and will be abandoned.
2026-02-04 05:30:35,836 - ERROR - A thread has timed out and will be abandoned.
2026-02-04 05:30:35,836 - ERROR - A thread has timed out and will be abandoned.
2026-02-04 05:30:35,836 - ERROR - A thread has timed out and will be abandoned.
2026-02-04 05:30:35,836 - INFO - Shutting down thread pool (wait=False)...
2026-02-04 05:30:35,836 - INFO - Scraped: 4 Timed_Out_Jobs articles. (Total saved: 0)
2026-02-04 05:30:35,836 - INFO - --- Scraping job finished ---
2026-02-04 05:30:35,837 - INFO - --- Scraper service stopped and database connection closed. ---
2026-02-04 05:30:35,837 - INFO - --- Main thread finished. Forcing process exit to kill zombie threads. ---
