2026-01-20 18:46:51,896 - INFO - Loading AI Semantic Model (all-MiniLM-L6-v2)...
2026-01-20 18:46:51,897 - INFO - Use pytorch device_name: cpu
2026-01-20 18:46:51,897 - INFO - Load pretrained SentenceTransformer: all-MiniLM-L6-v2
2026-01-20 18:46:52,670 - INFO - AI Model loaded successfully.
2026-01-20 18:46:52,670 - INFO - --- Scraper service started (CI Mode: Run Once) ---
2026-01-20 18:46:52,670 - INFO - --- Starting new scraping job (Parallel Mode) ---
2026-01-20 18:46:52,670 - INFO - Creating new robust session with 3 retries on 5xx/connection/read errors.
2026-01-20 18:46:52,670 - INFO - Proxy is DISABLED.
2026-01-20 18:46:52,671 - INFO - Starting scrape for BBC RSS feed: http://feeds.bbci.co.uk/news/world/rss.xml
2026-01-20 18:46:52,672 - INFO - [Times of India] (Thread) requires Selenium. Initializing driver...
2026-01-20 18:46:52,672 - INFO - Starting scrape for The Guardian RSS feed: https://www.theguardian.com/world/rss
2026-01-20 18:46:52,673 - INFO - [The Hindu] (Thread) requires Selenium. Initializing driver...
2026-01-20 18:46:52,674 - INFO - Submitted 4 jobs to thread pool. Waiting up to 300s for completion...
2026-01-20 18:46:52,854 - INFO - Found 45 articles in The Guardian RSS feed. Processing up to 30.
2026-01-20 18:46:52,854 - INFO - [The Guardian] Early skip: URL https://www.theguardian.com/us-news/2026/jan/20/us-diplomats-urged-to-remind-african-leaders-of-us-generosity-despite-usaid-closing already exists.
2026-01-20 18:46:52,874 - INFO - Found 35 articles in BBC RSS feed. Processing up to 30.
2026-01-20 18:46:52,993 - INFO - [BBC] Early skip: URL https://www.bbc.com/news/articles/c0mkp021rvro?at_medium=RSS&at_campaign=rss already exists.
2026-01-20 18:46:53,239 - INFO - [The Guardian] Early skip: URL https://www.theguardian.com/global-development/2026/jan/19/brazen-political-influence-rich-laid-bare-wealth-billionaires-inequality-poverty-instability-oxfam already exists.
2026-01-20 18:46:53,366 - INFO - [BBC] Early skip: URL https://www.bbc.com/news/articles/c4gwp2me3gzo?at_medium=RSS&at_campaign=rss already exists.
2026-01-20 18:46:53,643 - INFO - [The Guardian] Early skip: URL https://www.theguardian.com/world/2026/jan/18/ugandas-president-calls-opponents-terrorists-in-victory-speech already exists.
2026-01-20 18:46:53,863 - INFO - [The Guardian] Early skip: URL https://www.theguardian.com/world/2026/jan/17/yoweri-museveni-wins-ugandan-election-as-opponent-condemns-fake-result already exists.
2026-01-20 18:46:53,982 - INFO - [BBC] Article: https://www.bbc.com/news/articles/crle9k2gw6jo?at_medium=RSS&at_campaign=rss
2026-01-20 18:46:53,982 - INFO - [BBC] Attempt 1/1: Trying with 'requests_browser' strategy...
2026-01-20 18:46:53,983 - INFO - [The Guardian] Early skip: URL https://www.theguardian.com/uk-news/2026/jan/17/afcon-little-morocco-london-confidence-high already exists.
2026-01-20 18:46:54,198 - INFO - [The Guardian] Early skip: URL https://www.theguardian.com/us-news/2026/jan/20/catholic-cardinals-trump-foreign-policy already exists.
2026-01-20 18:46:54,200 - INFO - [BBC] Success with 'requests_browser'. Found content (722 words).
2026-01-20 18:46:54,262 - INFO - Selenium driver initialized successfully.
2026-01-20 18:46:54,262 - INFO - Starting scrape for The Hindu RSS feed: https://www.thehindu.com/news/national/feeder/default.rss
2026-01-20 18:46:54,264 - INFO - Selenium driver initialized successfully.
2026-01-20 18:46:54,264 - INFO - Starting scrape for Times of India RSS feed: https://timesofindia.indiatimes.com/rssfeeds/296589292.cms
2026-01-20 18:46:54,360 - INFO - Found 20 articles in Times of India RSS feed. Processing up to 30.
2026-01-20 18:46:54,432 - INFO - Found 100 articles in The Hindu RSS feed. Processing up to 30.
2026-01-20 18:47:37,256 - INFO - DEDUPLICATION: Found match (Score: 0.84). Linking to Cluster ID: 9d8d42dc-f420-43e7-baef-c61aa2e491cb
2026-01-20 18:47:37,258 - INFO - Saved article: Spain train crash: Shock and confusion as officials struggle for answers from BBC (722 words)
2026-01-20 18:47:37,259 - INFO - [Times of India] Article: https://timesofindia.indiatimes.com/world/europe/from-red-maga-cap-to-mocking-videos-heres-how-greenland-responds-to-donald-trumps-threat/articleshow/126848346.cms
2026-01-20 18:47:37,259 - INFO - [Times of India] Attempt 1/1: Trying with 'selenium_browser' strategy...
2026-01-20 18:47:37,259 - INFO - [The Hindu] Article: https://www.thehindu.com/news/national/kerala/vinod-tawde-appointed-bjp-in-charge-for-kerala-assembly-polls/article70531011.ece
2026-01-20 18:47:37,259 - INFO - [The Hindu] Attempt 1/1: Trying with 'selenium_browser' strategy...
2026-01-20 18:47:37,260 - INFO - [The Guardian] Early skip: URL https://www.theguardian.com/world/2026/jan/20/colombia-ex-paramilitary-leader-salvatore-mancuso-jailed-crimes-against-indigenous-groups already exists.
2026-01-20 18:47:37,490 - INFO - [The Guardian] Early skip: URL https://www.theguardian.com/world/2026/jan/20/trial-peru-amazon-quinto-inuma-alvarado-indigenous-leader already exists.
2026-01-20 18:47:37,693 - INFO - [The Guardian] Early skip: URL https://www.theguardian.com/world/2026/jan/19/guatemala-state-of-emergency-police-officers-killed-prison-gang-violence already exists.
2026-01-20 18:47:37,906 - INFO - [The Guardian] Early skip: URL https://www.theguardian.com/world/2026/jan/18/chile-president-declares-state-of-catastrophe-as-wildfires-kill already exists.
2026-01-20 18:47:38,053 - INFO - [The Guardian] Early skip: URL https://www.theguardian.com/uk-news/2026/jan/20/china-mega-embassy-approved-london already exists.
2026-01-20 18:47:38,307 - INFO - [The Guardian] Early skip: URL https://www.theguardian.com/world/2026/jan/20/kim-jong-un-fires-vice-premier-yang-sung-ho-goat-ox-cart already exists.
2026-01-20 18:47:38,418 - INFO - [The Guardian] Early skip: URL https://www.theguardian.com/world/2026/jan/20/chinese-japan-tourist-numbers-halve-wake-taiwan-invasion-row already exists.
2026-01-20 18:47:38,676 - INFO - [The Guardian] Early skip: URL https://www.theguardian.com/world/2026/jan/19/china-population-falls-again-birthrate-record-low already exists.
2026-01-20 18:47:38,860 - INFO - [The Guardian] Early skip: URL https://www.theguardian.com/world/2026/jan/19/japan-snap-election-sanae-takaichi-ldp already exists.
2026-01-20 18:47:38,982 - INFO - [BBC] Early skip: URL https://www.bbc.com/news/articles/cwy1lpgqenxo?at_medium=RSS&at_campaign=rss already exists.
2026-01-20 18:47:39,254 - INFO - [BBC] Early skip: URL https://www.bbc.com/news/articles/c4g39w8k8zwo?at_medium=RSS&at_campaign=rss already exists.
2026-01-20 18:47:39,468 - INFO - [BBC] Early skip: URL https://www.bbc.com/news/articles/cj0n127y74go?at_medium=RSS&at_campaign=rss already exists.
2026-01-20 18:47:39,655 - INFO - [BBC] Early skip: URL https://www.bbc.com/news/articles/c338mdg1gn5o?at_medium=RSS&at_campaign=rss already exists.
2026-01-20 18:47:39,894 - INFO - [The Guardian] Early skip: URL https://www.theguardian.com/australia-news/2026/jan/20/ndis-tool-to-determine-support-not-tested-on-variety-of-disability-types-including-diverse-autism-experts-warn already exists.
2026-01-20 18:47:39,949 - INFO - [The Hindu] Page content loaded.
2026-01-20 18:47:40,082 - INFO - [The Guardian] Early skip: URL https://www.theguardian.com/australia-news/2026/jan/20/labor-albanese-hate-speech-laws-expected-pass-parliament already exists.
2026-01-20 18:47:40,154 - INFO - [The Hindu] Success with 'selenium_browser'. Found content (94 words).
2026-01-20 18:47:40,197 - INFO - [The Guardian] Early skip: URL https://www.theguardian.com/australia-news/2026/jan/20/dame-marie-bashir-former-nsw-governor-and-distinguished-psychiatrist-dies-age-95 already exists.
2026-01-20 18:47:40,319 - INFO - [The Guardian] Early skip: URL https://www.theguardian.com/australia-news/2026/jan/20/shark-attack-nsw-coast-fourth-incident-man-surfer already exists.
2026-01-20 18:48:51,814 - INFO - Saved article: Vinod Tawde appointed BJP in-charge for Kerala Assembly polls - The Hindu from The Hindu (94 words)
2026-01-20 18:48:51,814 - INFO - [BBC] Article: https://www.bbc.com/news/articles/c20ge5qwdl2o?at_medium=RSS&at_campaign=rss
2026-01-20 18:48:51,814 - INFO - [BBC] Attempt 1/1: Trying with 'requests_browser' strategy...
2026-01-20 18:48:51,815 - INFO - [The Guardian] Early skip: URL https://www.theguardian.com/australia-news/2026/jan/20/gun-buyback-bondi-queensland-lnp-labor-wieambilla-ntwnfb already exists.
2026-01-20 18:48:51,852 - INFO - [BBC] Success with 'requests_browser'. Found content (613 words).
2026-01-20 18:49:37,360 - ERROR - [Times of India] Request failed for strategy 'selenium_browser' on URL https://timesofindia.indiatimes.com/world/europe/from-red-maga-cap-to-mocking-videos-heres-how-greenland-responds-to-donald-trumps-threat/articleshow/126848346.cms: HTTPConnectionPool(host='localhost', port=37469): Read timed out. (read timeout=120)
2026-01-20 18:49:37,361 - ERROR - [Times of India] All scrape strategies failed for https://timesofindia.indiatimes.com/world/europe/from-red-maga-cap-to-mocking-videos-heres-how-greenland-responds-to-donald-trumps-threat/articleshow/126848346.cms. Falling back to RSS description.
2026-01-20 18:49:37,361 - WARNING - SKIPPED (GLOBAL WORD LIMIT): Article 'From Red MAGA cap to mocking videos: Here's how Greenland responds to Donald Trump's threat' from Times of India has only 40 words (Min: 90).
2026-01-20 18:49:41,594 - INFO - DEDUPLICATION: Found match (Score: 0.75). Linking to Cluster ID: f126cf43-1740-4624-8307-91fac26b94fd
2026-01-20 18:49:41,597 - INFO - Saved article: Australia parliament passes gun reform and anti-hate bills after Bondi shooting from BBC (613 words)
2026-01-20 18:49:41,597 - INFO - [The Guardian] Early skip: URL https://www.theguardian.com/business/2026/jan/20/stock-markets-trump-greenland-tariff-ftse-100-gold already exists.
2026-01-20 18:49:41,854 - INFO - [The Hindu] Article: https://www.thehindu.com/news/national/karnataka/lokayukta-takes-suo-motu-case-over-polluted-lakes-in-doddaballapur/article70530451.ece
2026-01-20 18:49:41,854 - INFO - [The Hindu] Attempt 1/1: Trying with 'selenium_browser' strategy...
2026-01-20 18:49:41,855 - INFO - [Times of India] Article: https://timesofindia.indiatimes.com/world/us/if-i-didnt-come-along-there-would-be-no-nato-trump-takes-credit-for-natos-existence-as-europe-bristles-over-greenland/articleshow/126844389.cms
2026-01-20 18:49:41,855 - INFO - [Times of India] Attempt 1/1: Trying with 'selenium_browser' strategy...
2026-01-20 18:49:41,855 - INFO - [The Guardian] Early skip: URL https://www.theguardian.com/world/live/2026/jan/20/europe-greenland-donald-trump-davos-europe-live-latest-updates already exists.
2026-01-20 18:49:42,040 - INFO - [The Guardian] Early skip: URL https://www.theguardian.com/world/2026/jan/20/trump-tariffs-over-greenland-are-an-error-says-ursula-von-der-leyen already exists.
2026-01-20 18:49:42,216 - INFO - [The Guardian] Article: https://www.theguardian.com/world/2026/jan/20/marine-le-pen-appeal-trial-european-parliament-funds
2026-01-20 18:49:42,216 - INFO - [The Guardian] Attempt 1/1: Trying with 'requests_browser' strategy...
2026-01-20 18:49:42,347 - INFO - [The Guardian] Success with 'requests_browser'. Found content (643 words).
2026-01-20 18:49:42,376 - INFO - [BBC] Article: https://www.bbc.com/news/articles/cddg5ermzn7o?at_medium=RSS&at_campaign=rss
2026-01-20 18:49:42,381 - INFO - [BBC] Attempt 1/1: Trying with 'requests_browser' strategy...
2026-01-20 18:49:42,656 - INFO - [BBC] Success with 'requests_browser'. Found content (466 words).
2026-01-20 18:49:44,616 - INFO - [The Hindu] Page content loaded.
2026-01-20 18:49:44,960 - INFO - [The Hindu] Success with 'selenium_browser'. Found content (194 words).
2026-01-20 18:50:35,214 - INFO - Saved article: My party had no ‘system’ to misuse EU funds, Marine Le Pen tells appeal trial | Marine Le Pen | The Guardian from The Guardian (643 words)
2026-01-20 18:51:24,122 - INFO - Saved article: Burkina Faso's Sandaogo Damiba: Ex-president accused of murder plot expelled from Togo from BBC (466 words)
2026-01-20 18:51:41,955 - ERROR - [Times of India] Request failed for strategy 'selenium_browser' on URL https://timesofindia.indiatimes.com/world/us/if-i-didnt-come-along-there-would-be-no-nato-trump-takes-credit-for-natos-existence-as-europe-bristles-over-greenland/articleshow/126844389.cms: HTTPConnectionPool(host='localhost', port=37469): Read timed out. (read timeout=120)
2026-01-20 18:51:41,955 - ERROR - [Times of India] All scrape strategies failed for https://timesofindia.indiatimes.com/world/us/if-i-didnt-come-along-there-would-be-no-nato-trump-takes-credit-for-natos-existence-as-europe-bristles-over-greenland/articleshow/126844389.cms. Falling back to RSS description.
2026-01-20 18:51:41,955 - WARNING - SKIPPED (GLOBAL WORD LIMIT): Article ''If I didn’t come along, there would be no ... ': Trump takes credit as Europe bristles over Greenland' from Times of India has only 41 words (Min: 90).
2026-01-20 18:51:52,674 - CRITICAL - --- TIMEOUT: 4 scrape jobs did not complete in 300s. ---
2026-01-20 18:51:52,674 - ERROR - A thread has timed out and will be abandoned.
2026-01-20 18:51:52,674 - ERROR - A thread has timed out and will be abandoned.
2026-01-20 18:51:52,674 - ERROR - A thread has timed out and will be abandoned.
2026-01-20 18:51:52,674 - ERROR - A thread has timed out and will be abandoned.
2026-01-20 18:51:52,674 - INFO - Shutting down thread pool (wait=False)...
2026-01-20 18:51:52,674 - INFO - Scraped: 4 Timed_Out_Jobs articles. (Total saved: 0)
2026-01-20 18:51:52,674 - INFO - --- Scraping job finished ---
2026-01-20 18:51:52,675 - INFO - --- Scraper service stopped and database connection closed. ---
2026-01-20 18:51:52,675 - INFO - --- Main thread finished. Forcing process exit to kill zombie threads. ---
