2026-01-23 23:28:30,114 - INFO - Loading AI Semantic Model (all-MiniLM-L6-v2)...
2026-01-23 23:28:30,115 - INFO - Use pytorch device_name: cpu
2026-01-23 23:28:30,115 - INFO - Load pretrained SentenceTransformer: all-MiniLM-L6-v2
2026-01-23 23:28:31,006 - INFO - AI Model loaded successfully.
2026-01-23 23:28:31,006 - INFO - --- Scraper service started (CI Mode: Run Once) ---
2026-01-23 23:28:31,006 - INFO - --- Starting new scraping job (Parallel Mode) ---
2026-01-23 23:28:31,006 - INFO - Creating new robust session with 3 retries on 5xx/connection/read errors.
2026-01-23 23:28:31,006 - INFO - Proxy is DISABLED.
2026-01-23 23:28:31,007 - INFO - Starting scrape for BBC RSS feed: http://feeds.bbci.co.uk/news/world/rss.xml
2026-01-23 23:28:31,008 - INFO - [Times of India] (Thread) requires Selenium. Initializing driver...
2026-01-23 23:28:31,008 - INFO - Starting scrape for The Guardian RSS feed: https://www.theguardian.com/world/rss
2026-01-23 23:28:31,010 - INFO - [The Hindu] (Thread) requires Selenium. Initializing driver...
2026-01-23 23:28:31,010 - INFO - Submitted 4 jobs to thread pool. Waiting up to 300s for completion...
2026-01-23 23:28:31,107 - INFO - Found 45 articles in The Guardian RSS feed. Processing up to 30.
2026-01-23 23:28:31,108 - INFO - [The Guardian] Early skip: URL https://www.theguardian.com/world/2026/jan/23/guinea-bissau-hepatitis-b-vaccine-study already exists.
2026-01-23 23:28:31,225 - INFO - Found 32 articles in BBC RSS feed. Processing up to 30.
2026-01-23 23:28:31,236 - INFO - [BBC] Early skip: URL https://www.bbc.com/news/articles/clym2l7d75eo?at_medium=RSS&at_campaign=rss already exists.
2026-01-23 23:28:31,411 - INFO - [BBC] Early skip: URL https://www.bbc.com/news/articles/cj3v2mlvzdvo?at_medium=RSS&at_campaign=rss already exists.
2026-01-23 23:28:31,564 - INFO - [The Guardian] Early skip: URL https://www.theguardian.com/global-development/2026/jan/22/actionaid-rethink-child-sponsorship-decolonise-funding already exists.
2026-01-23 23:28:31,691 - INFO - [BBC] Early skip: URL https://www.bbc.com/news/articles/c3edde1pwx8o?at_medium=RSS&at_campaign=rss already exists.
2026-01-23 23:28:31,914 - INFO - [BBC] Early skip: URL https://www.bbc.com/news/articles/c3r117w55q4o?at_medium=RSS&at_campaign=rss already exists.
2026-01-23 23:28:32,201 - INFO - [The Guardian] Early skip: URL https://www.theguardian.com/us-news/2026/jan/20/us-diplomats-urged-to-remind-african-leaders-of-us-generosity-despite-usaid-closing already exists.
2026-01-23 23:28:32,398 - INFO - [BBC] Early skip: URL https://www.bbc.com/news/articles/c1m77dmxlvlo?at_medium=RSS&at_campaign=rss already exists.
2026-01-23 23:28:32,603 - INFO - [The Guardian] Early skip: URL https://www.theguardian.com/global-development/2026/jan/19/brazen-political-influence-rich-laid-bare-wealth-billionaires-inequality-poverty-instability-oxfam already exists.
2026-01-23 23:28:32,902 - INFO - [BBC] Early skip: URL https://www.bbc.com/news/articles/c0r44l05q52o?at_medium=RSS&at_campaign=rss already exists.
2026-01-23 23:28:33,129 - INFO - [The Guardian] Early skip: URL https://www.theguardian.com/world/2026/jan/18/ugandas-president-calls-opponents-terrorists-in-victory-speech already exists.
2026-01-23 23:28:33,330 - INFO - [BBC] Early skip: URL https://www.bbc.com/news/articles/c9dvvzzpwylo?at_medium=RSS&at_campaign=rss already exists.
2026-01-23 23:28:33,613 - INFO - [The Guardian] Early skip: URL https://www.theguardian.com/world/2026/jan/23/spanish-prosecutors-drop-julio-iglesias-complaint already exists.
2026-01-23 23:28:33,795 - INFO - [BBC] Early skip: URL https://www.bbc.com/news/articles/cj0nd8z1z59o?at_medium=RSS&at_campaign=rss already exists.
2026-01-23 23:28:33,997 - INFO - [The Guardian] Early skip: URL https://www.theguardian.com/world/2026/jan/23/ryan-wedding-arrested already exists.
2026-01-23 23:28:34,133 - INFO - [BBC] Early skip: URL https://www.bbc.com/news/articles/c78ejd0xmp0o?at_medium=RSS&at_campaign=rss already exists.
2026-01-23 23:28:34,305 - INFO - [The Guardian] Early skip: URL https://www.theguardian.com/world/2026/jan/23/venezuela-leaked-video-delcy-rodriguez-maduro already exists.
2026-01-23 23:28:34,441 - INFO - [BBC] Early skip: URL https://www.bbc.com/news/articles/cje11eg7lp5o?at_medium=RSS&at_campaign=rss already exists.
2026-01-23 23:28:34,615 - INFO - [The Guardian] Early skip: URL https://www.theguardian.com/us-news/2026/jan/22/trump-withdraws-invitation-canada already exists.
2026-01-23 23:28:34,828 - INFO - [BBC] Early skip: URL https://www.bbc.com/news/articles/cp822g353y6o?at_medium=RSS&at_campaign=rss already exists.
2026-01-23 23:28:34,943 - INFO - [The Guardian] Early skip: URL https://www.theguardian.com/us-news/2026/jan/22/house-war-powers-resolution-trump-military-venezuela already exists.
2026-01-23 23:28:35,173 - INFO - [BBC] Early skip: URL https://www.bbc.com/news/articles/c7011pllqe7o?at_medium=RSS&at_campaign=rss already exists.
2026-01-23 23:28:35,345 - INFO - [The Guardian] Early skip: URL https://www.theguardian.com/environment/2026/jan/23/tapanuli-orangutans-floods-indonesia-government-mining-extraction-companies-aoe already exists.
2026-01-23 23:28:35,588 - INFO - [BBC] Early skip: URL https://www.bbc.com/news/articles/c9vx0p3gl71o?at_medium=RSS&at_campaign=rss already exists.
2026-01-23 23:28:35,724 - INFO - [The Guardian] Early skip: URL https://www.theguardian.com/world/2026/jan/23/two-confirmed-dead-and-more-presumed-buried-after-landslides-hit-house-and-campground-in-new-zealand already exists.
2026-01-23 23:28:35,848 - INFO - [BBC] Early skip: URL https://www.bbc.com/news/articles/c8rmmzr87x0o?at_medium=RSS&at_campaign=rss already exists.
2026-01-23 23:28:36,114 - INFO - [The Guardian] Early skip: URL https://www.theguardian.com/world/2026/jan/23/japan-pauses-kashiwazaki-kariwa-worlds-largest-nuclear-power-plant already exists.
2026-01-23 23:28:36,325 - INFO - [BBC] Early skip: URL https://www.bbc.com/news/articles/c1evv6dz3e9o?at_medium=RSS&at_campaign=rss already exists.
2026-01-23 23:28:36,430 - INFO - [The Guardian] Early skip: URL https://www.theguardian.com/world/2026/jan/22/frenchie-mae-cumpio-philippine-journalist-found-guilty already exists.
2026-01-23 23:28:36,658 - INFO - [BBC] Early skip: URL https://www.bbc.com/news/articles/cwy11485jeno?at_medium=RSS&at_campaign=rss already exists.
2026-01-23 23:28:36,761 - INFO - [The Guardian] Early skip: URL https://www.theguardian.com/world/2026/jan/22/hong-kong-national-security-trial-pro-democracy-activists-chow-hang-tung-lee-cheuk-yan-albert-ho already exists.
2026-01-23 23:28:36,981 - INFO - [BBC] Early skip: URL https://www.bbc.com/news/articles/cn7jjp8gl0jo?at_medium=RSS&at_campaign=rss already exists.
2026-01-23 23:28:37,155 - INFO - [The Guardian] Article: https://www.theguardian.com/australia-news/2026/jan/24/lake-cargelligo-julian-ingram-search-widens-nsw-police-ntwnfb
2026-01-23 23:28:37,155 - INFO - [The Guardian] Attempt 1/1: Trying with 'requests_browser' strategy...
2026-01-23 23:28:37,157 - INFO - [BBC] Early skip: URL https://www.bbc.com/news/articles/cly9230yw15o?at_medium=RSS&at_campaign=rss already exists.
2026-01-23 23:28:37,268 - INFO - [The Guardian] Success with 'requests_browser'. Found content (950 words).
2026-01-23 23:28:40,444 - INFO - Selenium driver initialized successfully.
2026-01-23 23:28:40,444 - INFO - Starting scrape for The Hindu RSS feed: https://www.thehindu.com/news/national/feeder/default.rss
2026-01-23 23:28:40,445 - INFO - Selenium driver initialized successfully.
2026-01-23 23:28:40,445 - INFO - Starting scrape for Times of India RSS feed: https://timesofindia.indiatimes.com/rssfeeds/296589292.cms
2026-01-23 23:28:40,652 - INFO - Found 100 articles in The Hindu RSS feed. Processing up to 30.
2026-01-23 23:28:40,735 - INFO - Found 20 articles in Times of India RSS feed. Processing up to 30.
2026-01-23 23:29:11,013 - INFO - DEDUPLICATION: Found match (Score: 0.74). Linking to Cluster ID: f009fb78-9e23-4150-8bc9-247cbb0588c5
2026-01-23 23:29:11,016 - INFO - Saved article: Manhunt widens for alleged triple murderer accused of shooting pregnant woman in remote NSW | New South Wales | The Guardian from The Guardian (950 words)
2026-01-23 23:29:11,016 - INFO - [BBC] Early skip: URL https://www.bbc.com/news/articles/cn422q1py95o?at_medium=RSS&at_campaign=rss already exists.
2026-01-23 23:29:11,138 - INFO - [The Hindu] Article: https://www.thehindu.com/news/national/kerala/kerala-mans-death-trial-by-social-media/article70543262.ece
2026-01-23 23:29:11,138 - INFO - [The Hindu] Attempt 1/1: Trying with 'selenium_browser' strategy...
2026-01-23 23:29:11,139 - INFO - [Times of India] Article: https://timesofindia.indiatimes.com/world/us/whatever-happened-to-global-warming-trump-called-imbecile-as-he-mocks-environment-activists-ahead-of-massive-winter-storm/articleshow/127331212.cms
2026-01-23 23:29:11,139 - INFO - [Times of India] Attempt 1/1: Trying with 'selenium_browser' strategy...
2026-01-23 23:29:11,140 - INFO - [BBC] Early skip: URL https://www.bbc.com/news/articles/cx2yy4n1vlgo?at_medium=RSS&at_campaign=rss already exists.
2026-01-23 23:29:11,370 - INFO - [BBC] Early skip: URL https://www.bbc.com/news/articles/cn8jj228g2vo?at_medium=RSS&at_campaign=rss already exists.
2026-01-23 23:29:11,578 - INFO - [BBC] Early skip: URL https://www.bbc.com/news/articles/cp3zzv40422o?at_medium=RSS&at_campaign=rss already exists.
2026-01-23 23:29:11,806 - INFO - [BBC] Early skip: URL https://www.bbc.com/news/articles/c20zzq8we8wo?at_medium=RSS&at_campaign=rss already exists.
2026-01-23 23:29:12,002 - INFO - [BBC] Early skip: URL https://www.bbc.com/news/articles/c6200mz054yo?at_medium=RSS&at_campaign=rss already exists.
2026-01-23 23:29:12,115 - INFO - [The Guardian] Early skip: URL https://www.theguardian.com/australia-news/2026/jan/23/the-capsicum-paradox-new-australian-supermarket-pricing-a-massive-transparency-fail-for-customers already exists.
2026-01-23 23:29:12,359 - INFO - [The Guardian] Early skip: URL https://www.theguardian.com/australia-news/2026/jan/23/piper-james-backpacker-kgari-dingoes-coroner-autopsy-evidence-drowning-dingo-bites already exists.
2026-01-23 23:29:12,561 - INFO - [The Guardian] Early skip: URL https://www.theguardian.com/australia-news/2026/jan/23/sussan-ley-confident-she-will-survive-as-opposition-leader-and-says-door-is-open-to-nationals-rejoining-coalition already exists.
2026-01-23 23:29:12,697 - INFO - [The Guardian] Early skip: URL https://www.theguardian.com/environment/2026/jan/23/intense-heat-across-south-east-australia-could-shatter-temperature-records-in-coming-days already exists.
2026-01-23 23:29:12,913 - INFO - [BBC] Early skip: URL https://www.bbc.com/news/articles/c86vvjxe9z7o?at_medium=RSS&at_campaign=rss already exists.
2026-01-23 23:29:13,144 - INFO - [BBC] Early skip: URL https://www.bbc.com/news/articles/c9311l0d40qo?at_medium=RSS&at_campaign=rss already exists.
2026-01-23 23:29:13,280 - INFO - [The Guardian] Early skip: URL https://www.theguardian.com/world/2026/jan/23/spain-train-collision-investigators-examine-rail-damage-theory already exists.
2026-01-23 23:29:13,439 - INFO - [BBC] Article: https://www.bbc.com/news/videos/c20dlr9kn37o?at_medium=RSS&at_campaign=rss
2026-01-23 23:29:13,440 - INFO - [BBC] Attempt 1/1: Trying with 'requests_browser' strategy...
2026-01-23 23:29:13,442 - INFO - [The Guardian] Early skip: URL https://www.theguardian.com/world/2026/jan/23/us-ukraine-russia-abu-dhabi-talks-putin-witkoff-kushner already exists.
2026-01-23 23:29:13,638 - INFO - [The Guardian] Early skip: URL https://www.theguardian.com/politics/2026/jan/23/france-calais-ban-british-far-right-activists-operation-overlord already exists.
2026-01-23 23:29:13,901 - INFO - [The Guardian] Early skip: URL https://www.theguardian.com/world/live/2026/jan/23/ukraine-war-russia-us-trilateral-talks-latest-updates-news already exists.
2026-01-23 23:29:13,911 - WARNING - [BBC] FAILED with 'requests_browser' (content was too short: 51 words).
2026-01-23 23:29:13,912 - ERROR - [BBC] All scrape strategies failed for https://www.bbc.com/news/videos/c20dlr9kn37o?at_medium=RSS&at_campaign=rss. Falling back to RSS description.
2026-01-23 23:29:13,912 - WARNING - SKIPPED (GLOBAL WORD LIMIT): Article 'Could trilateral talks yield a breakthrough in Ukraine-Russia war?' from BBC has only 21 words (Min: 90).
2026-01-23 23:29:14,016 - INFO - [The Guardian] Early skip: URL https://www.theguardian.com/world/2026/jan/23/israeli-palestinian-restaurant-kanaan-berlin-to-close-tv-series already exists.
2026-01-23 23:29:14,126 - INFO - [The Guardian] Early skip: URL https://www.theguardian.com/world/2026/jan/23/uae-funds-gaza-community already exists.
2026-01-23 23:29:14,245 - INFO - [The Guardian] Early skip: URL https://www.theguardian.com/world/2026/jan/23/trump-says-us-armada-heading-middle-east-iran-death-toll already exists.
2026-01-23 23:29:14,415 - INFO - [The Guardian] Early skip: URL https://www.theguardian.com/world/2026/jan/23/spanish-court-drops-pegasus-spyware-case-again-israel-spain-nso already exists.
2026-01-23 23:29:14,612 - INFO - [The Guardian] Early skip: URL https://www.theguardian.com/world/2026/jan/22/trump-kushner-gaza-blueprint-rafah already exists.
2026-01-23 23:29:14,890 - INFO - [The Guardian] Early skip: URL https://www.theguardian.com/politics/2026/jan/22/uk-not-ready-sign-trump-board-of-peace-treaty-yvette-cooper already exists.
2026-01-23 23:29:15,053 - INFO - [BBC] Article: https://www.bbc.com/news/videos/cew88vjjrlxo?at_medium=RSS&at_campaign=rss
2026-01-23 23:29:15,053 - INFO - [BBC] Attempt 1/1: Trying with 'requests_browser' strategy...
2026-01-23 23:29:15,316 - WARNING - [BBC] FAILED with 'requests_browser' (content was too short: 67 words).
2026-01-23 23:29:15,317 - ERROR - [BBC] All scrape strategies failed for https://www.bbc.com/news/videos/cew88vjjrlxo?at_medium=RSS&at_campaign=rss. Falling back to RSS description.
2026-01-23 23:29:15,320 - WARNING - SKIPPED (GLOBAL WORD LIMIT): Article 'Liz Hurley and Anna Wintour among mourners at Valentino's funeral in Rome' from BBC has only 21 words (Min: 90).
2026-01-23 23:29:15,356 - INFO - [The Hindu] Page content loaded.
2026-01-23 23:29:15,542 - INFO - [The Hindu] Success with 'selenium_browser'. Found content (2226 words).
2026-01-23 23:29:41,265 - ERROR - [Times of India] Request failed for strategy 'selenium_browser' on URL https://timesofindia.indiatimes.com/world/us/whatever-happened-to-global-warming-trump-called-imbecile-as-he-mocks-environment-activists-ahead-of-massive-winter-storm/articleshow/127331212.cms: Message: timeout: Timed out receiving message from renderer: 19.740
  (Session info: chrome=144.0.7559.59)
Stacktrace:
#0 0x559d4db2fafa <unknown>
#1 0x559d4d54960f <unknown>
#2 0x559d4d530d11 <unknown>
#3 0x559d4d530936 <unknown>
#4 0x559d4d52e44b <unknown>
#5 0x559d4d52edcf <unknown>
#6 0x559d4d53e2e0 <unknown>
#7 0x559d4d5582b7 <unknown>
#8 0x559d4d55f4bb <unknown>
#9 0x559d4d52f539 <unknown>
#10 0x559d4d55804c <unknown>
#11 0x559d4d5e79a3 <unknown>
#12 0x559d4d590842 <unknown>
#13 0x559d4d591631 <unknown>
#14 0x559d4daf5689 <unknown>
#15 0x559d4daf8581 <unknown>
#16 0x559d4dae1ca9 <unknown>
#17 0x559d4daf913e <unknown>
#18 0x559d4dac83a0 <unknown>
#19 0x559d4db1cfc8 <unknown>
#20 0x559d4db1d19b <unknown>
#21 0x559d4db2ee68 <unknown>
#22 0x7fa3fce9caa4 <unknown>
#23 0x7fa3fcf29c6c <unknown>

2026-01-23 23:29:41,265 - ERROR - [Times of India] All scrape strategies failed for https://timesofindia.indiatimes.com/world/us/whatever-happened-to-global-warming-trump-called-imbecile-as-he-mocks-environment-activists-ahead-of-massive-winter-storm/articleshow/127331212.cms. Falling back to RSS description.
2026-01-23 23:29:41,265 - WARNING - SKIPPED (GLOBAL WORD LIMIT): Article ''Whatever happened to global warming': Trump called 'imbecile' as he mocks environment activists ahead of massive winter storm' from Times of India has only 3 words (Min: 90).
2026-01-23 23:30:14,260 - INFO - Saved article: Kerala man’s death: Trial by social media - The Hindu from The Hindu (2226 words)
2026-01-23 23:30:14,261 - INFO - [BBC] Article: https://www.bbc.com/news/videos/c5y33mll93do?at_medium=RSS&at_campaign=rss
2026-01-23 23:30:14,261 - INFO - [BBC] Attempt 1/1: Trying with 'requests_browser' strategy...
2026-01-23 23:30:14,262 - INFO - [Times of India] Early skip: URL https://timesofindia.indiatimes.com/world/us/50000-extra-green-cards-next-year-because-of-immigrant-visa-pause-on-75-countries-what-immigration-experts-said/articleshow/127328980.cms already exists.
2026-01-23 23:30:14,312 - WARNING - [BBC] FAILED with 'requests_browser' (content was too short: 49 words).
2026-01-23 23:30:14,312 - ERROR - [BBC] All scrape strategies failed for https://www.bbc.com/news/videos/c5y33mll93do?at_medium=RSS&at_campaign=rss. Falling back to RSS description.
2026-01-23 23:30:14,312 - WARNING - SKIPPED (GLOBAL WORD LIMIT): Article 'Does TikTok's US deal threaten the company's global ambitions?' from BBC has only 36 words (Min: 90).
2026-01-23 23:30:14,555 - INFO - [Times of India] Early skip: URL https://timesofindia.indiatimes.com/world/us/why-do-you-have-indian-donors-who-dont-live-here-frisco-mayor-asked-at-council-meeting/articleshow/127323313.cms already exists.
2026-01-23 23:30:14,730 - INFO - [Times of India] Early skip: URL https://timesofindia.indiatimes.com/world/us/its-not-about-india-but-about-his-distaste-for-immigration-indian-american-constitutional-scholar-over-h-1b-programme/articleshow/127316316.cms already exists.
2026-01-23 23:30:14,918 - INFO - [Times of India] Early skip: URL https://timesofindia.indiatimes.com/world/us/irans-shadow-fleet-nine-tankers-sanctioned-by-us-over-oil-trade/articleshow/127316122.cms already exists.
2026-01-23 23:30:15,097 - INFO - [BBC] Early skip: URL https://www.bbc.com/news/videos/c78vvvn4qnlo?at_medium=RSS&at_campaign=rss already exists.
2026-01-23 23:30:15,296 - INFO - [Times of India] Early skip: URL https://timesofindia.indiatimes.com/world/us/modern-day-pablo-escobar-fbi-director-kash-patel-briefs-how-former-canada-olympian-ryan-wedding-got-arrested-in-mexico/articleshow/127313106.cms already exists.
2026-01-23 23:30:15,455 - INFO - [Times of India] Early skip: URL https://timesofindia.indiatimes.com/world/us/winter-storm-alert-7-things-americans-need-to-know-as-the-extremely-dangerous-storm-approaches/articleshow/127309455.cms already exists.
2026-01-23 23:30:15,637 - INFO - [The Hindu] Article: https://www.thehindu.com/news/national/poll-bodies-of-42-nations-to-work-together-on-key-issues/article70542765.ece
2026-01-23 23:30:15,637 - INFO - [The Hindu] Attempt 1/1: Trying with 'selenium_browser' strategy...
2026-01-23 23:30:15,638 - INFO - [Times of India] Early skip: URL https://timesofindia.indiatimes.com/world/us/podcaster-joe-rogan-slams-ice-raids-says-non-criminal-migrants-are-being-targeted/articleshow/127303464.cms already exists.
2026-01-23 23:30:15,897 - INFO - [Times of India] Early skip: URL https://timesofindia.indiatimes.com/world/us/but-you-are-indian-texas-republican-leader-calls-for-h-1b-ban-like-florida-universities-social-media-asks-him-to-go-back/articleshow/127310519.cms already exists.
2026-01-23 23:30:16,098 - INFO - [Times of India] Early skip: URL https://timesofindia.indiatimes.com/world/us/trump-returns-home-to-cold-reception-to-his-davos-success-that-critics-say-was-a-debacle/articleshow/127310152.cms already exists.
2026-01-23 23:30:16,257 - INFO - [Times of India] Early skip: URL https://timesofindia.indiatimes.com/world/middle-east/expats-in-the-uae-check-if-you-can-exchange-your-driving-licence-without-a-test/articleshow/127302453.cms already exists.
2026-01-23 23:30:16,444 - INFO - [Times of India] Early skip: URL https://timesofindia.indiatimes.com/world/us/every-door-i-knocked-an-indian-answered-texas-maga-man-called-out-for-demonic-elephant-idols-jibe/articleshow/127303072.cms already exists.
2026-01-23 23:30:16,559 - INFO - [Times of India] Early skip: URL https://timesofindia.indiatimes.com/world/us/cosmic-poetic-justice-donald-trumps-estranged-niece-says-uncle-was-humiliating-himself-on-daily-basis/articleshow/127297506.cms already exists.
2026-01-23 23:30:16,808 - INFO - [Times of India] Early skip: URL https://timesofindia.indiatimes.com/world/europe/how-to-buy-emmanuel-macrons-sunglasses/articleshow/127298460.cms already exists.
2026-01-23 23:30:17,002 - INFO - [Times of India] Early skip: URL https://timesofindia.indiatimes.com/world/us/kash-patels-reaction-after-charlie-kirks-death-was-i-am-gonna-tweet-this-claims-fbi-insider/articleshow/127293814.cms already exists.
2026-01-23 23:30:17,212 - INFO - [Times of India] Early skip: URL https://timesofindia.indiatimes.com/world/us/over-rs-1-5-lakh-for-90-minute-er-visit-indian-man-breaks-down-the-cost-of-us-medical-care/articleshow/127290498.cms already exists.
2026-01-23 23:30:17,356 - INFO - [Times of India] Early skip: URL https://timesofindia.indiatimes.com/etimes/trending/little-piece-of-greenland-elon-musk-takes-a-swipe-at-trumps-board-of-peace-as-he-references-the-satirical-song-naughty-nazis/articleshow/127283118.cms already exists.
2026-01-23 23:30:17,489 - INFO - [Times of India] Early skip: URL https://timesofindia.indiatimes.com/world/us/don-lemon-pam-bondi-minneapolis-ice-donald-trump/articleshow/127284482.cms already exists.
2026-01-23 23:30:17,626 - INFO - [The Hindu] Page content loaded.
2026-01-23 23:30:17,670 - INFO - [Times of India] Early skip: URL https://timesofindia.indiatimes.com/world/middle-east/six-months-2000-buyers-dubai-first-time-scheme-sparks-aed3-25bn-in-sales/articleshow/127285717.cms already exists.
2026-01-23 23:30:17,683 - INFO - [The Hindu] Success with 'selenium_browser'. Found content (302 words).
2026-01-23 23:30:56,771 - INFO - Saved article: Poll bodies of 42 nations to work together on key issues - The Hindu from The Hindu (302 words)
2026-01-23 23:30:56,771 - INFO - [Times of India] Early skip: URL https://timesofindia.indiatimes.com/world/us/it-was-abuse-paris-hilton-joins-hands-with-aoc-and-laurel-lee-pushes-to-pass-defiance-act/articleshow/127272613.cms already exists.
2026-01-23 23:30:56,886 - INFO - [Times of India] (Thread) Finished. Attempting to shut down its Selenium driver.
2026-01-23 23:30:57,116 - INFO - [Times of India] (Thread) driver.quit() successful.
2026-01-23 23:30:57,475 - INFO - [The Hindu] Early skip: URL https://www.thehindu.com/news/national/tamil-nadu/upcoming-assembly-election-will-be-the-last-for-dmk-says-palaniswami/article70542983.ece already exists.
2026-01-23 23:30:57,745 - INFO - [The Hindu] Early skip: URL https://www.thehindu.com/news/national/tamil-nadu/aiadmks-rb-udhayakumar-flays-dmk-for-not-distributing-5000-for-pongal-this-year/article70543553.ece already exists.
2026-01-23 23:30:57,901 - INFO - [The Hindu] Early skip: URL https://www.thehindu.com/news/national/tamil-nadu/govt-to-restrict-service-candidates-from-availing-preferential-appointment/article70541734.ece already exists.
2026-01-23 23:30:58,144 - INFO - [The Hindu] Article: https://www.thehindu.com/news/cities/Kochi/award-for-researcher/article70543257.ece
2026-01-23 23:30:58,145 - INFO - [The Hindu] Attempt 1/1: Trying with 'selenium_browser' strategy...
2026-01-23 23:30:59,282 - INFO - [The Hindu] Page content loaded.
2026-01-23 23:30:59,409 - WARNING - [The Hindu] FAILED with 'selenium_browser' (content was too short: 78 words).
2026-01-23 23:30:59,409 - ERROR - [The Hindu] All scrape strategies failed for https://www.thehindu.com/news/cities/Kochi/award-for-researcher/article70543257.ece. Falling back to RSS description.
2026-01-23 23:30:59,409 - WARNING - SKIPPED (GLOBAL WORD LIMIT): Article 'Award for researcher' from The Hindu has only 3 words (Min: 90).
2026-01-23 23:31:00,279 - INFO - [The Hindu] Early skip: URL https://www.thehindu.com/news/national/kerala/iwdc-puts-kerala-in-focus-with-major-waterway-projects/article70542945.ece already exists.
2026-01-23 23:31:00,403 - INFO - [The Hindu] Early skip: URL https://www.thehindu.com/news/national/rajasthan/bjp-turning-rajasthan-into-laboratory-for-communal-experiments-says-gehlot/article70543254.ece already exists.
2026-01-23 23:31:00,618 - INFO - [The Hindu] Early skip: URL https://www.thehindu.com/opinion/editorial/mindless-killing-on-manipur-meitei-mans-killing/article70543494.ece already exists.
2026-01-23 23:31:00,904 - INFO - [The Hindu] Early skip: URL https://www.thehindu.com/news/national/telangana/harish-rao-alleges-more-scams-in-singareni-demands-judicial-or-cbi-probe/article70543590.ece already exists.
2026-01-23 23:31:01,038 - INFO - [The Hindu] Early skip: URL https://www.thehindu.com/opinion/lead/delimitation-after-2027-redrawing-power-in-india/article70543757.ece already exists.
2026-01-23 23:31:01,224 - INFO - [The Hindu] Early skip: URL https://www.thehindu.com/opinion/editorial/right-to-dignity-on-asha-and-anganwadi-workers-protests/article70542869.ece already exists.
2026-01-23 23:31:01,395 - INFO - [The Hindu] Early skip: URL https://www.thehindu.com/opinion/op-ed/india-and-the-eu-a-fit-partnership-in-a-divided-world/article70543777.ece already exists.
2026-01-23 23:31:01,510 - INFO - [The Hindu] Early skip: URL https://www.thehindu.com/news/national/karnataka/state-publishes-draft-industrial-relations-rules-invites-feedback/article70543733.ece already exists.
2026-01-23 23:31:01,760 - INFO - [The Hindu] Article: https://www.thehindu.com/news/national/telangana/postal-department-to-distribute-books-on-philately/article70543820.ece
2026-01-23 23:31:01,760 - INFO - [The Hindu] Attempt 1/1: Trying with 'selenium_browser' strategy...
2026-01-23 23:31:02,970 - INFO - [The Hindu] Page content loaded.
2026-01-23 23:31:03,115 - WARNING - [The Hindu] FAILED with 'selenium_browser' (content was too short: 73 words).
2026-01-23 23:31:03,115 - ERROR - [The Hindu] All scrape strategies failed for https://www.thehindu.com/news/national/telangana/postal-department-to-distribute-books-on-philately/article70543820.ece. Falling back to RSS description.
2026-01-23 23:31:03,115 - WARNING - SKIPPED (GLOBAL WORD LIMIT): Article 'Postal department to distribute books on philately' from The Hindu has only 3 words (Min: 90).
2026-01-23 23:31:04,609 - INFO - [The Hindu] Early skip: URL https://www.thehindu.com/news/national/kerala/woman-held-for-allegedly-assaulting-elderly-mother/article70543460.ece already exists.
2026-01-23 23:31:04,793 - INFO - [The Hindu] Early skip: URL https://www.thehindu.com/news/national/karnataka/state-introduces-automatic-land-conversion-system-for-renewable-energy-projects/article70543524.ece already exists.
2026-01-23 23:31:04,920 - INFO - [The Hindu] Early skip: URL https://www.thehindu.com/news/national/kerala/six-alleged-drug-peddlers-land-in-excise-police-nets-in-a-day-in-ernakulam/article70539408.ece already exists.
2026-01-23 23:31:05,158 - INFO - [The Hindu] Early skip: URL https://www.thehindu.com/news/national/karnataka/south-indias-tier-2-tier-3-residential-sales-value-crosses-20000-cr-in-2025/article70543290.ece already exists.
2026-01-23 23:31:05,378 - INFO - [The Hindu] Early skip: URL https://www.thehindu.com/news/national/telangana/aidwa-national-conference-from-tomorrow/article70543652.ece already exists.
2026-01-23 23:31:05,639 - INFO - [The Hindu] Early skip: URL https://www.thehindu.com/news/national/kerala/kerala-declares-bacillus-subtilis-state-microbe/article70543855.ece already exists.
2026-01-23 23:31:05,904 - INFO - [The Hindu] Article: https://www.thehindu.com/news/national/kerala/death-of-one-year-old-boy-police-arrest-father/article70543952.ece
2026-01-23 23:31:05,904 - INFO - [The Hindu] Attempt 1/1: Trying with 'selenium_browser' strategy...
2026-01-23 23:31:06,891 - INFO - [The Hindu] Page content loaded.
2026-01-23 23:31:07,025 - WARNING - [The Hindu] FAILED with 'selenium_browser' (content was too short: 87 words).
2026-01-23 23:31:07,026 - ERROR - [The Hindu] All scrape strategies failed for https://www.thehindu.com/news/national/kerala/death-of-one-year-old-boy-police-arrest-father/article70543952.ece. Falling back to RSS description.
2026-01-23 23:31:07,026 - WARNING - SKIPPED (GLOBAL WORD LIMIT): Article 'Death of one-year-old boy: police arrest father' from The Hindu has only 3 words (Min: 90).
2026-01-23 23:31:07,986 - INFO - [The Hindu] Early skip: URL https://www.thehindu.com/news/national/diversify-your-fish-basket-to-woo-new-markets-from-rohu-catla-to-scampi-tilapia-pangasius/article70543381.ece already exists.
2026-01-23 23:31:08,280 - INFO - [The Hindu] Early skip: URL https://www.thehindu.com/news/national/india-eu-to-upgrade-ties-at-delhi-summit-but-still-working-out-trade-deal/article70543217.ece already exists.
2026-01-23 23:31:08,458 - INFO - [The Hindu] Early skip: URL https://www.thehindu.com/news/national/union-home-secretary-asks-states-to-not-affect-any-jurisdictional-changes-till-march-31-2027/article70543459.ece already exists.
2026-01-23 23:31:08,655 - INFO - [The Hindu] Early skip: URL https://www.thehindu.com/news/national/71-fugitives-located-abroad-in-2024-25-highest-in-12-years/article70542781.ece already exists.
2026-01-23 23:31:08,803 - INFO - [The Hindu] Early skip: URL https://www.thehindu.com/news/national/tamil-nadu/the-hindu-vit-chennai-to-organise-webinar-series-on-careers-in-biotechnology-in-industry/article70543103.ece already exists.
2026-01-23 23:31:08,930 - INFO - [The Hindu] Early skip: URL https://www.thehindu.com/news/national/netajis-strategic-vision-more-relevant-than-ever-in-todays-unstable-world-cds-general-anil-chauhan/article70543427.ece already exists.
2026-01-23 23:31:09,064 - INFO - [The Hindu] Early skip: URL https://www.thehindu.com/news/national/jammu-and-kashmir/top-jem-terrorist-killed-in-encounter-in-jks-kathua/article70543690.ece already exists.
2026-01-23 23:31:09,172 - INFO - [The Hindu] Early skip: URL https://www.thehindu.com/news/national/walkouts-a-departure-from-limited-freewheeling-permitted-to-governors/article70543495.ece already exists.
2026-01-23 23:31:09,442 - INFO - [The Hindu] (Thread) Finished. Attempting to shut down its Selenium driver.
2026-01-23 23:31:09,578 - INFO - [The Hindu] (Thread) driver.quit() successful.
2026-01-23 23:31:09,578 - INFO - Shutting down thread pool (wait=False)...
2026-01-23 23:31:09,578 - INFO - Scraped: 1 The Guardian, 0 BBC, 2 The Hindu, 0 Times of India articles. (Total saved: 3)
2026-01-23 23:31:09,578 - INFO - --- Scraping job finished ---
2026-01-23 23:31:09,587 - INFO - --- Scraper service stopped and database connection closed. ---
2026-01-23 23:31:09,587 - INFO - --- Main thread finished. Forcing process exit to kill zombie threads. ---
