2026-01-08 08:38:29,018 - INFO - Loading AI Semantic Model (all-MiniLM-L6-v2)...
2026-01-08 08:38:29,019 - INFO - Use pytorch device_name: cpu
2026-01-08 08:38:29,019 - INFO - Load pretrained SentenceTransformer: all-MiniLM-L6-v2
2026-01-08 08:38:29,770 - INFO - AI Model loaded successfully.
2026-01-08 08:38:29,770 - INFO - --- Scraper service started (CI Mode: Run Once) ---
2026-01-08 08:38:29,770 - INFO - --- Starting new scraping job (Parallel Mode) ---
2026-01-08 08:38:29,770 - INFO - Creating new robust session with 3 retries on 5xx/connection/read errors.
2026-01-08 08:38:29,770 - INFO - Proxy is DISABLED.
2026-01-08 08:38:29,770 - INFO - Starting scrape for BBC RSS feed: http://feeds.bbci.co.uk/news/world/rss.xml
2026-01-08 08:38:29,772 - INFO - [Times of India] (Thread) requires Selenium. Initializing driver...
2026-01-08 08:38:29,772 - INFO - Starting scrape for The Guardian RSS feed: https://www.theguardian.com/world/rss
2026-01-08 08:38:29,773 - INFO - [The Hindu] (Thread) requires Selenium. Initializing driver...
2026-01-08 08:38:29,774 - INFO - Submitted 4 jobs to thread pool. Waiting up to 300s for completion...
2026-01-08 08:38:29,936 - INFO - Found 45 articles in The Guardian RSS feed. Processing up to 30.
2026-01-08 08:38:29,936 - INFO - [The Guardian] Early skip: URL https://www.theguardian.com/world/2026/jan/08/questions-targeting-impact-us-airstrikes-in-nigeria already exists.
2026-01-08 08:38:30,085 - INFO - [The Guardian] Early skip: URL https://www.theguardian.com/world/2026/jan/02/anthony-joshuas-driver-charged-with-dangerous-driving-after-fatal-crash-in-nigeria already exists.
2026-01-08 08:38:30,225 - INFO - [The Guardian] Early skip: URL https://www.theguardian.com/science/2026/jan/01/cremation-pyre-in-africa-thought-to-be-worlds-oldest-containing-adult-remains already exists.
2026-01-08 08:38:30,361 - INFO - Found 36 articles in BBC RSS feed. Processing up to 30.
2026-01-08 08:38:30,459 - INFO - [BBC] Early skip: URL https://www.bbc.com/news/articles/c0jvnl4j1n4o?at_medium=RSS&at_campaign=rss already exists.
2026-01-08 08:38:30,715 - INFO - [The Guardian] Early skip: URL https://www.theguardian.com/global-development/2026/jan/01/us-aid-cuts-conditions-un-humanitarian-pledge-ocha already exists.
2026-01-08 08:38:30,843 - INFO - [BBC] Early skip: URL https://www.bbc.com/news/articles/c5y2v8ngl14o?at_medium=RSS&at_campaign=rss already exists.
2026-01-08 08:38:30,997 - INFO - [The Guardian] Early skip: URL https://www.theguardian.com/world/2025/dec/31/guinea-junta-chief-mamady-doumbouya-elected-president-after-opposition-boycott already exists.
2026-01-08 08:38:31,273 - INFO - [BBC] Early skip: URL https://www.bbc.com/news/articles/cgm4y0ewe93o?at_medium=RSS&at_campaign=rss already exists.
2026-01-08 08:38:31,380 - INFO - [The Guardian] Early skip: URL https://www.theguardian.com/world/2026/jan/08/venezuela-oil-deal-rodriguez-trump-vance-claims-us-control already exists.
2026-01-08 08:38:31,491 - INFO - [BBC] Early skip: URL https://www.bbc.com/news/articles/cp80ln97py5o?at_medium=RSS&at_campaign=rss already exists.
2026-01-08 08:38:31,696 - INFO - [The Guardian] Early skip: URL https://www.theguardian.com/us-news/live/2026/jan/07/donald-trump-venezuela-greenland-oil-childcare-us-politics-live already exists.
2026-01-08 08:38:31,839 - INFO - [BBC] Early skip: URL https://www.bbc.com/news/articles/cy4q8e88n2vo?at_medium=RSS&at_campaign=rss already exists.
2026-01-08 08:38:32,054 - INFO - [The Guardian] Early skip: URL https://www.theguardian.com/world/2026/jan/07/russia-submarine-escort-shadow-fleet-tanker-us-sanctions already exists.
2026-01-08 08:38:32,243 - INFO - [BBC] Early skip: URL https://www.bbc.com/news/articles/cgk8jv4r8nmo?at_medium=RSS&at_campaign=rss already exists.
2026-01-08 08:38:32,394 - INFO - [The Guardian] Early skip: URL https://www.theguardian.com/us-news/2026/jan/07/trump-maduro-diosdado-cabello already exists.
2026-01-08 08:38:32,589 - INFO - [BBC] Early skip: URL https://www.bbc.com/news/articles/cy4q898dkwxo?at_medium=RSS&at_campaign=rss already exists.
2026-01-08 08:38:32,866 - INFO - [The Guardian] Early skip: URL https://www.theguardian.com/environment/2026/jan/07/us-venezuela-south-america-mineral-wealth-rare-earths-oil already exists.
2026-01-08 08:38:33,063 - INFO - [BBC] Early skip: URL https://www.bbc.com/news/articles/c8x94lz0gevo?at_medium=RSS&at_campaign=rss already exists.
2026-01-08 08:38:33,165 - INFO - [The Guardian] Early skip: URL https://www.theguardian.com/world/2026/jan/08/alleged-scam-kingpin-chen-zhi-extradited-china-cambodia-arrest already exists.
2026-01-08 08:38:33,313 - INFO - [BBC] Early skip: URL https://www.bbc.com/news/articles/cgez1drnzxdo?at_medium=RSS&at_campaign=rss already exists.
2026-01-08 08:38:33,593 - INFO - [The Guardian] Early skip: URL https://www.theguardian.com/world/2026/jan/06/papua-new-guinea-internet-starlink-shut-down already exists.
2026-01-08 08:38:33,750 - INFO - [BBC] Early skip: URL https://www.bbc.com/news/articles/c0ke5lx6kyno?at_medium=RSS&at_campaign=rss already exists.
2026-01-08 08:38:33,874 - INFO - [The Guardian] Early skip: URL https://www.theguardian.com/world/2026/jan/06/what-us-action-in-venezuela-means-for-taiwan already exists.
2026-01-08 08:38:33,988 - INFO - [BBC] Early skip: URL https://www.bbc.com/news/articles/c9dv5zdl7ydo?at_medium=RSS&at_campaign=rss already exists.
2026-01-08 08:38:34,187 - INFO - [The Guardian] Early skip: URL https://www.theguardian.com/world/2026/jan/05/venezuela-trump-attack-china-interests-analysis already exists.
2026-01-08 08:38:34,329 - INFO - [BBC] Early skip: URL https://www.bbc.com/news/articles/c86v3y45pyyo?at_medium=RSS&at_campaign=rss already exists.
2026-01-08 08:38:34,502 - INFO - [The Guardian] Early skip: URL https://www.theguardian.com/world/2026/jan/05/giant-bluefin-tuna-sold-record-amount-tokyo-auction-kiyoshi-kimura already exists.
2026-01-08 08:38:34,755 - INFO - [BBC] Early skip: URL https://www.bbc.com/news/articles/cly39pgmvrzo?at_medium=RSS&at_campaign=rss already exists.
2026-01-08 08:38:35,020 - INFO - [The Guardian] Early skip: URL https://www.theguardian.com/australia-news/live/2026/jan/08/australia-news-live-bluescope-stokes-extreme-weather-heatwave-bushfire-bondi-royal-commission-anthony-albanese-antisemitism-ntwnfb already exists.
2026-01-08 08:38:35,160 - INFO - [BBC] Early skip: URL https://www.bbc.com/news/articles/c98py70npj9o?at_medium=RSS&at_campaign=rss already exists.
2026-01-08 08:38:35,429 - INFO - [The Guardian] Early skip: URL https://www.theguardian.com/australia-news/2026/jan/08/bondi-shooting-royal-commission-attack-australia-pm-albanese-ntwnfb already exists.
2026-01-08 08:38:35,573 - INFO - [BBC] Early skip: URL https://www.bbc.com/news/articles/cy59kxl2xwzo?at_medium=RSS&at_campaign=rss already exists.
2026-01-08 08:38:35,699 - INFO - [The Guardian] Early skip: URL https://www.theguardian.com/australia-news/2026/jan/08/adelaide-writers-week-dumps-prominent-academic-randa-abdel-fattah-over-cultural-sensitivity-concerns-after-bondi-attack-ntwnfb already exists.
2026-01-08 08:38:35,810 - INFO - [BBC] Early skip: URL https://www.bbc.com/news/articles/cy59k13e7eqo?at_medium=RSS&at_campaign=rss already exists.
2026-01-08 08:38:35,940 - INFO - [The Guardian] Early skip: URL https://www.theguardian.com/environment/2026/jan/08/australia-heatwave-bushfires-victoria-catostrophic-conditions already exists.
2026-01-08 08:38:36,223 - INFO - [BBC] Early skip: URL https://www.bbc.com/news/articles/cvgrpzn6gz4o?at_medium=RSS&at_campaign=rss already exists.
2026-01-08 08:38:36,360 - INFO - [The Guardian] Early skip: URL https://www.theguardian.com/australia-news/2026/jan/08/nsw-car-park-scam-elderly-women-men-charged-ntwnfb already exists.
2026-01-08 08:38:36,558 - INFO - [BBC] Early skip: URL https://www.bbc.com/news/articles/c74weknjzzno?at_medium=RSS&at_campaign=rss already exists.
2026-01-08 08:38:36,686 - INFO - [The Guardian] Early skip: URL https://www.theguardian.com/world/live/2026/jan/07/europe-greenland-denmark-us-france-trade-weather-latest-news-updates already exists.
2026-01-08 08:38:36,942 - INFO - [BBC] Early skip: URL https://www.bbc.com/news/articles/cly9erv6p15o?at_medium=RSS&at_campaign=rss already exists.
2026-01-08 08:38:37,055 - INFO - [The Guardian] Early skip: URL https://www.theguardian.com/world/2026/jan/08/eu-accused-of-fuelling-putins-war-by-importing-russian-liquefied-natural-gas already exists.
2026-01-08 08:38:37,159 - INFO - [BBC] Early skip: URL https://www.bbc.com/news/articles/c74wexkd598o?at_medium=RSS&at_campaign=rss already exists.
2026-01-08 08:38:37,299 - INFO - [The Guardian] Early skip: URL https://www.theguardian.com/world/2026/jan/07/france-and-allies-discuss-possible-response-to-donald-trump-us-invasion-of-greenland already exists.
2026-01-08 08:38:37,489 - INFO - [BBC] Early skip: URL https://www.bbc.com/news/articles/cy4q8e88n2vo?at_medium=RSS&at_campaign=rss already exists.
2026-01-08 08:38:37,678 - INFO - [The Guardian] Early skip: URL https://www.theguardian.com/world/2026/jan/07/marinera-seized-tanker-atlantic-us-uk-russia already exists.
2026-01-08 08:38:37,911 - INFO - [BBC] Early skip: URL https://www.bbc.com/news/articles/cgm4yeexmg2o?at_medium=RSS&at_campaign=rss already exists.
2026-01-08 08:38:38,086 - INFO - [The Guardian] Early skip: URL https://www.theguardian.com/uk-news/2026/jan/07/uk-helped-us-seize-russian-flagged-tanker-defence-ministry-says already exists.
2026-01-08 08:38:38,274 - INFO - [BBC] Early skip: URL https://www.bbc.com/news/articles/c77krp7m362o?at_medium=RSS&at_campaign=rss already exists.
2026-01-08 08:38:38,562 - INFO - [The Guardian] Early skip: URL https://www.theguardian.com/world/2026/jan/07/they-are-killing-us-authorities-use-force-against-protesters-in-kurdish-regions-of-iran already exists.
2026-01-08 08:38:38,716 - INFO - [BBC] Early skip: URL https://www.bbc.com/news/articles/c62vmn30j3yo?at_medium=RSS&at_campaign=rss already exists.
2026-01-08 08:38:38,963 - INFO - [The Guardian] Early skip: URL https://www.theguardian.com/world/2026/jan/07/yemen-saudi-arabia-united-arab-emirates already exists.
2026-01-08 08:38:39,198 - INFO - [BBC] Early skip: URL https://www.bbc.com/news/articles/cvgx8w4pgk0o?at_medium=RSS&at_campaign=rss already exists.
2026-01-08 08:38:39,370 - INFO - [The Guardian] Early skip: URL https://www.theguardian.com/world/2026/jan/06/iranian-security-forces-clash-protesters-tehran-grand-bazaar already exists.
2026-01-08 08:38:39,531 - INFO - [BBC] Early skip: URL https://www.bbc.com/news/articles/c62r6dvpl5ro?at_medium=RSS&at_campaign=rss already exists.
2026-01-08 08:38:39,728 - INFO - [The Guardian] Early skip: URL https://www.theguardian.com/world/2026/jan/06/israel-vast-illegal-settlement-west-bank already exists.
2026-01-08 08:38:39,883 - INFO - [BBC] Article: https://www.bbc.com/news/articles/clydprd9kgxo?at_medium=RSS&at_campaign=rss
2026-01-08 08:38:39,883 - INFO - [BBC] Attempt 1/1: Trying with 'requests_browser' strategy...
2026-01-08 08:38:39,884 - INFO - [The Guardian] Early skip: URL https://www.theguardian.com/world/2026/jan/05/iran-try-risky-economic-changes-quell-protesters-anger already exists.
2026-01-08 08:38:40,019 - INFO - [BBC] Success with 'requests_browser'. Found content (1147 words).
2026-01-08 08:38:49,342 - INFO - Selenium driver initialized successfully.
2026-01-08 08:38:49,343 - INFO - Selenium driver initialized successfully.
2026-01-08 08:38:49,343 - INFO - Starting scrape for Times of India RSS feed: https://timesofindia.indiatimes.com/rssfeeds/296589292.cms
2026-01-08 08:38:49,343 - INFO - Starting scrape for The Hindu RSS feed: https://www.thehindu.com/news/national/feeder/default.rss
2026-01-08 08:38:49,492 - INFO - Found 100 articles in The Hindu RSS feed. Processing up to 30.
2026-01-08 08:38:49,691 - INFO - Found 20 articles in Times of India RSS feed. Processing up to 30.
2026-01-08 08:39:25,796 - INFO - Saved article: Rezang La: Bollywood film 120 Bahadur spotlights a forgotten battle from 1962 India-China war from BBC (1147 words)
2026-01-08 08:39:25,797 - INFO - [The Hindu] Article: https://www.thehindu.com/news/national/west-bengal/ed-ipac-office-pratik-jain-raid-in-kolkata-mamata-banerjee-updates-on-december-8/article70485702.ece
2026-01-08 08:39:25,797 - INFO - [The Hindu] Attempt 1/1: Trying with 'selenium_browser' strategy...
2026-01-08 08:39:25,798 - INFO - [Times of India] Article: https://timesofindia.indiatimes.com/world/pakistan/gen-z-uprising-in-pakistan-phd-students-article-challenges-those-in-power-why-it-was-taken-down/articleshow/126409692.cms
2026-01-08 08:39:25,798 - INFO - [Times of India] Attempt 1/1: Trying with 'selenium_browser' strategy...
2026-01-08 08:39:27,113 - INFO - [BBC] Article: https://www.bbc.com/news/articles/czejp3gep63o?at_medium=RSS&at_campaign=rss
2026-01-08 08:39:27,113 - INFO - [BBC] Attempt 1/1: Trying with 'requests_browser' strategy...
2026-01-08 08:39:27,154 - INFO - [BBC] Success with 'requests_browser'. Found content (1427 words).
2026-01-08 08:39:32,752 - INFO - [The Hindu] Page content loaded.
2026-01-08 08:39:33,035 - INFO - [The Hindu] Success with 'selenium_browser'. Found content (508 words).
2026-01-08 08:40:38,712 - INFO - Saved article: How tariffs will continue to reshape the global economy in 2026 from BBC (1427 words)
2026-01-08 08:41:25,898 - ERROR - [Times of India] Request failed for strategy 'selenium_browser' on URL https://timesofindia.indiatimes.com/world/pakistan/gen-z-uprising-in-pakistan-phd-students-article-challenges-those-in-power-why-it-was-taken-down/articleshow/126409692.cms: HTTPConnectionPool(host='localhost', port=55035): Read timed out. (read timeout=120)
2026-01-08 08:41:25,898 - ERROR - [Times of India] All scrape strategies failed for https://timesofindia.indiatimes.com/world/pakistan/gen-z-uprising-in-pakistan-phd-students-article-challenges-those-in-power-why-it-was-taken-down/articleshow/126409692.cms. Falling back to RSS description.
2026-01-08 08:41:25,898 - WARNING - SKIPPED (GLOBAL WORD LIMIT): Article 'Gen Z uprising in Pakistan? PhD student's article challenges those in power — why it was taken down' from Times of India has only 48 words (Min: 90).
2026-01-08 08:41:29,955 - INFO - Saved article: ED searches I-PAC office in Kolkata; CM Mamata alleges agency tried to seize TMC’s internal data - The Hindu from The Hindu (508 words)
2026-01-08 08:41:29,956 - INFO - [BBC] Early skip: URL https://www.bbc.com/news/articles/c0q4w1xnv35o?at_medium=RSS&at_campaign=rss already exists.
2026-01-08 08:41:30,225 - INFO - [Times of India] Article: https://timesofindia.indiatimes.com/world/us/a-writer-and-poet-who-was-renee-nicole-good-37-year-old-shot-dead-by-ice-agent/articleshow/126409969.cms
2026-01-08 08:41:30,225 - INFO - [Times of India] Attempt 1/1: Trying with 'selenium_browser' strategy...
2026-01-08 08:41:30,226 - INFO - [BBC] Early skip: URL https://www.bbc.com/news/articles/c62077l3m7eo?at_medium=RSS&at_campaign=rss already exists.
2026-01-08 08:41:30,603 - INFO - [The Hindu] Article: https://www.thehindu.com/news/national/telangana/applications-open-for-admissions-to-telangana-social-welfare-schools-for-academic-year-2026-27/article70485515.ece
2026-01-08 08:41:30,603 - INFO - [The Hindu] Attempt 1/1: Trying with 'selenium_browser' strategy...
2026-01-08 08:41:32,959 - INFO - [The Hindu] Page content loaded.
2026-01-08 08:41:33,001 - INFO - [The Hindu] Success with 'selenium_browser'. Found content (140 words).
2026-01-08 08:42:21,772 - INFO - Saved article: Applications open for admissions to Telangana Social Welfare Schools for academic year 2026-27; deadline is January 21 - The Hindu from The Hindu (140 words)
2026-01-08 08:42:22,717 - INFO - [The Hindu] Article: https://www.thehindu.com/news/national/tamil-nadu/jana-nayagan-release-row-congress-leaders-criticise-delay-of-censor-board-clearance-for-vijay-last-movie/article70485614.ece
2026-01-08 08:42:22,717 - INFO - [The Hindu] Attempt 1/1: Trying with 'selenium_browser' strategy...
2026-01-08 08:42:24,014 - INFO - [The Hindu] Page content loaded.
2026-01-08 08:42:24,327 - INFO - [The Hindu] Success with 'selenium_browser'. Found content (374 words).
2026-01-08 08:43:12,223 - INFO - Saved article: Jana Nayagan movie release row: Congress leaders criticise delay of censor board clearance for Vijay-starrer - The Hindu from The Hindu (374 words)
2026-01-08 08:43:13,344 - INFO - [The Hindu] Article: https://www.thehindu.com/news/cities/Hyderabad/driving-test-candidates-turn-first-aid-and-cpr-trainees-at-hyderabad-rta/article70485591.ece
2026-01-08 08:43:13,344 - INFO - [The Hindu] Attempt 1/1: Trying with 'selenium_browser' strategy...
2026-01-08 08:43:14,316 - INFO - [The Hindu] Page content loaded.
2026-01-08 08:43:14,398 - INFO - [The Hindu] Success with 'selenium_browser'. Found content (522 words).
2026-01-08 08:43:29,774 - CRITICAL - --- TIMEOUT: 2 scrape jobs did not complete in 300s. ---
2026-01-08 08:43:29,774 - ERROR - A thread has timed out and will be abandoned.
2026-01-08 08:43:29,774 - ERROR - A thread has timed out and will be abandoned.
2026-01-08 08:43:29,774 - INFO - Shutting down thread pool (wait=False)...
2026-01-08 08:43:29,774 - INFO - Scraped: 2 BBC, 0 The Guardian, 2 Timed_Out_Jobs articles. (Total saved: 2)
2026-01-08 08:43:29,774 - INFO - --- Scraping job finished ---
2026-01-08 08:43:29,775 - INFO - --- Scraper service stopped and database connection closed. ---
2026-01-08 08:43:29,775 - INFO - --- Main thread finished. Forcing process exit to kill zombie threads. ---
