2026-01-04 10:26:24,282 - INFO - Loading AI Semantic Model (all-MiniLM-L6-v2)...
2026-01-04 10:26:24,283 - INFO - Use pytorch device_name: cpu
2026-01-04 10:26:24,283 - INFO - Load pretrained SentenceTransformer: all-MiniLM-L6-v2
2026-01-04 10:26:25,267 - INFO - AI Model loaded successfully.
2026-01-04 10:26:25,267 - INFO - --- Scraper service started (CI Mode: Run Once) ---
2026-01-04 10:26:25,267 - INFO - --- Starting new scraping job (Parallel Mode) ---
2026-01-04 10:26:25,267 - INFO - Creating new robust session with 3 retries on 5xx/connection/read errors.
2026-01-04 10:26:25,267 - INFO - Proxy is DISABLED.
2026-01-04 10:26:25,268 - INFO - Starting scrape for BBC RSS feed: http://feeds.bbci.co.uk/news/world/rss.xml
2026-01-04 10:26:25,269 - INFO - [Times of India] (Thread) requires Selenium. Initializing driver...
2026-01-04 10:26:25,269 - INFO - Starting scrape for The Guardian RSS feed: https://www.theguardian.com/world/rss
2026-01-04 10:26:25,270 - INFO - [The Hindu] (Thread) requires Selenium. Initializing driver...
2026-01-04 10:26:25,270 - INFO - Submitted 4 jobs to thread pool. Waiting up to 300s for completion...
2026-01-04 10:26:25,505 - INFO - Found 45 articles in The Guardian RSS feed. Processing up to 30.
2026-01-04 10:26:25,506 - INFO - [The Guardian] Early skip: URL https://www.theguardian.com/world/2026/jan/02/anthony-joshuas-driver-charged-with-dangerous-driving-after-fatal-crash-in-nigeria already exists.
2026-01-04 10:26:25,669 - INFO - [The Guardian] Early skip: URL https://www.theguardian.com/science/2026/jan/01/cremation-pyre-in-africa-thought-to-be-worlds-oldest-containing-adult-remains already exists.
2026-01-04 10:26:25,722 - INFO - Found 30 articles in BBC RSS feed. Processing up to 30.
2026-01-04 10:26:25,774 - INFO - [BBC] Early skip: URL https://www.bbc.com/news/articles/cd9enjeey3go?at_medium=RSS&at_campaign=rss already exists.
2026-01-04 10:26:25,999 - INFO - [The Guardian] Early skip: URL https://www.theguardian.com/global-development/2026/jan/01/us-aid-cuts-conditions-un-humanitarian-pledge-ocha already exists.
2026-01-04 10:26:26,187 - INFO - [BBC] Early skip: URL https://www.bbc.com/news/articles/cdred61epg4o?at_medium=RSS&at_campaign=rss already exists.
2026-01-04 10:26:26,435 - INFO - [The Guardian] Early skip: URL https://www.theguardian.com/world/2025/dec/31/guinea-junta-chief-mamady-doumbouya-elected-president-after-opposition-boycott already exists.
2026-01-04 10:26:26,644 - INFO - [BBC] Early skip: URL https://www.bbc.com/news/articles/czx1rpxzyx9o?at_medium=RSS&at_campaign=rss already exists.
2026-01-04 10:26:26,790 - INFO - [The Guardian] Early skip: URL https://www.theguardian.com/world/2025/dec/30/saudi-arabia-uae-tension-future-yemen-boiling-point already exists.
2026-01-04 10:26:26,952 - INFO - [BBC] Early skip: URL https://www.bbc.com/news/articles/c86vq753nwpo?at_medium=RSS&at_campaign=rss already exists.
2026-01-04 10:26:27,131 - INFO - [The Guardian] Early skip: URL https://www.theguardian.com/world/live/2026/jan/04/nicolas-maduro-jailed-us-attack-venezuela-donald-trump-reaction-latest-news-updates-live already exists.
2026-01-04 10:26:27,351 - INFO - [BBC] Early skip: URL https://www.bbc.com/news/articles/c3vel0xvlvgo?at_medium=RSS&at_campaign=rss already exists.
2026-01-04 10:26:27,585 - INFO - [The Guardian] Early skip: URL https://www.theguardian.com/world/live/2026/jan/03/caracas-explosions-venezuela-maduro-latest-news-updates-live already exists.
2026-01-04 10:26:27,724 - INFO - [BBC] Article: https://www.bbc.com/news/articles/c5y2r0yvj25o?at_medium=RSS&at_campaign=rss
2026-01-04 10:26:27,724 - INFO - [BBC] Attempt 1/1: Trying with 'requests_browser' strategy...
2026-01-04 10:26:27,725 - INFO - [The Guardian] Early skip: URL https://www.theguardian.com/world/2026/jan/03/venezuela-attack-what-we-know-so-far-as-trump-claims-maduro-captured already exists.
2026-01-04 10:26:27,898 - INFO - [The Guardian] Early skip: URL https://www.theguardian.com/us-news/2026/jan/03/trump-venezuela-oil-industry already exists.
2026-01-04 10:26:28,094 - INFO - [BBC] Success with 'requests_browser'. Found content (624 words).
2026-01-04 10:26:31,285 - INFO - Selenium driver initialized successfully.
2026-01-04 10:26:31,285 - INFO - Starting scrape for The Hindu RSS feed: https://www.thehindu.com/news/national/feeder/default.rss
2026-01-04 10:26:31,287 - INFO - Selenium driver initialized successfully.
2026-01-04 10:26:31,287 - INFO - Starting scrape for Times of India RSS feed: https://timesofindia.indiatimes.com/rssfeeds/296589292.cms
2026-01-04 10:26:31,500 - INFO - Found 100 articles in The Hindu RSS feed. Processing up to 30.
2026-01-04 10:26:31,553 - INFO - Found 20 articles in Times of India RSS feed. Processing up to 30.
2026-01-04 10:27:13,039 - INFO - Saved article: Wicked composer latest to cancel Kennedy Center gig after Trump name change from BBC (624 words)
2026-01-04 10:27:13,039 - INFO - [The Guardian] Early skip: URL https://www.theguardian.com/world/2026/jan/03/putin-russia-us-foreign-policy-venezuela already exists.
2026-01-04 10:27:13,173 - INFO - [The Hindu] Article: https://www.thehindu.com/news/national/himachal-pradesh/himachal-student-death-cm-talks-to-bereaved-family-pledges-fair-probe/article70470472.ece
2026-01-04 10:27:13,173 - INFO - [The Hindu] Attempt 1/1: Trying with 'selenium_browser' strategy...
2026-01-04 10:27:13,174 - INFO - [Times of India] Article: https://timesofindia.indiatimes.com/world/us/historic-leadership-netanyahu-congratulates-trump-on-venezuela-operation-applauds-brilliant-action-of-us-forces/articleshow/126333502.cms
2026-01-04 10:27:13,174 - INFO - [Times of India] Attempt 1/1: Trying with 'selenium_browser' strategy...
2026-01-04 10:27:13,175 - INFO - [The Guardian] Early skip: URL https://www.theguardian.com/world/2026/jan/03/north-korea-has-fired-ballistic-missile-towards-the-sea-of-japan already exists.
2026-01-04 10:27:13,333 - INFO - [The Guardian] Early skip: URL https://www.theguardian.com/world/2026/jan/02/kim-jong-un-daughter-ju-ae-north-korean-ruler-speculation already exists.
2026-01-04 10:27:13,552 - INFO - [The Guardian] Early skip: URL https://www.theguardian.com/music/2026/jan/01/newjeans-member-danielle-sued-for-millions-after-bitter-feud-with-k-pop-record-label already exists.
2026-01-04 10:27:13,778 - INFO - [BBC] Article: https://www.bbc.com/news/articles/c4g4vypvqvxo?at_medium=RSS&at_campaign=rss
2026-01-04 10:27:13,778 - INFO - [BBC] Attempt 1/1: Trying with 'requests_browser' strategy...
2026-01-04 10:27:13,779 - INFO - [The Guardian] Early skip: URL https://www.theguardian.com/world/2025/dec/31/xi-jinping-vows-reunification-china-taiwan-new-years-eve-speech already exists.
2026-01-04 10:27:13,820 - INFO - [BBC] Success with 'requests_browser'. Found content (401 words).
2026-01-04 10:27:19,456 - INFO - [The Hindu] Page content loaded.
2026-01-04 10:27:21,375 - INFO - [The Hindu] Success with 'selenium_browser'. Found content (404 words).
2026-01-04 10:28:29,352 - INFO - DEDUPLICATION: Found match (Score: 0.89). Linking to Cluster ID: 11dc3477-60ac-4073-8011-88c0b626c3bf
2026-01-04 10:28:29,354 - INFO - Saved article: Brigitte Bardot Foundation issues warning about scam memorabilia from BBC (401 words)
2026-01-04 10:28:29,354 - INFO - [The Guardian] Early skip: URL https://www.theguardian.com/business/2025/dec/31/china-forecast-to-have-sold-one-in-every-10-new-cars-in-uk-in-2025 already exists.
2026-01-04 10:29:13,275 - ERROR - [Times of India] Request failed for strategy 'selenium_browser' on URL https://timesofindia.indiatimes.com/world/us/historic-leadership-netanyahu-congratulates-trump-on-venezuela-operation-applauds-brilliant-action-of-us-forces/articleshow/126333502.cms: HTTPConnectionPool(host='localhost', port=42507): Read timed out. (read timeout=120)
2026-01-04 10:29:13,275 - ERROR - [Times of India] All scrape strategies failed for https://timesofindia.indiatimes.com/world/us/historic-leadership-netanyahu-congratulates-trump-on-venezuela-operation-applauds-brilliant-action-of-us-forces/articleshow/126333502.cms. Falling back to RSS description.
2026-01-04 10:29:13,275 - WARNING - SKIPPED (GLOBAL WORD LIMIT): Article ''Historic leadership': Netanyahu congratulates Trump on Venezuela operation; applauds 'brilliant action' of US forces' from Times of India has only 51 words (Min: 90).
2026-01-04 10:29:19,368 - INFO - DEDUPLICATION: Found match (Score: 0.71). Linking to Cluster ID: 9001f38d-f9d6-473e-9b86-655eb4ad5aa1
2026-01-04 10:29:19,371 - INFO - Saved article: Himachal student death: CM talks to bereaved family, pledges fair probe - The Hindu from The Hindu (404 words)
2026-01-04 10:29:19,371 - INFO - [The Guardian] Early skip: URL https://www.theguardian.com/australia-news/2026/jan/04/police-call-off-seperate-searches-for-missing-teen-boy-and-another-man-off-two-sydney-beaches already exists.
2026-01-04 10:29:19,473 - INFO - [BBC] Early skip: URL https://www.bbc.com/news/articles/c2057md3gvro?at_medium=RSS&at_campaign=rss already exists.
2026-01-04 10:29:19,706 - INFO - [Times of India] Article: https://timesofindia.indiatimes.com/world/china/stop-toppling-venezuela-government-china-demands-release-of-maduro-his-wife-calls-it-breach-of-international-law/articleshow/126333288.cms
2026-01-04 10:29:19,706 - INFO - [Times of India] Attempt 1/1: Trying with 'selenium_browser' strategy...
2026-01-04 10:29:19,707 - INFO - [The Guardian] Early skip: URL https://www.theguardian.com/australia-news/2026/jan/04/crowd-roars-in-standing-ovation-for-bondi-hero-ahmed-al-ahmed-at-sold-out-ashes-test-in-sydney-ntwnfb already exists.
2026-01-04 10:29:19,872 - INFO - [BBC] Early skip: URL https://www.bbc.com/news/articles/c1m7l8keyexo?at_medium=RSS&at_campaign=rss already exists.
2026-01-04 10:29:20,113 - INFO - [The Guardian] Early skip: URL https://www.theguardian.com/australia-news/2026/jan/04/more-than-60-prominent-sportspeople-call-for-federal-royal-commission-after-bondi-attack-ntwnfb already exists.
2026-01-04 10:29:20,299 - INFO - [BBC] Early skip: URL https://www.bbc.com/news/articles/cj3vmekg7ddo?at_medium=RSS&at_campaign=rss already exists.
2026-01-04 10:29:20,415 - INFO - [The Guardian] Early skip: URL https://www.theguardian.com/world/2026/jan/04/albanese-calls-for-peaceful-democratic-transition-of-power-in-venezuela-after-us-capture-of-nicolas-maduro already exists.
2026-01-04 10:29:20,665 - INFO - [BBC] Early skip: URL https://www.bbc.com/news/articles/cjrz34qdr9no?at_medium=RSS&at_campaign=rss already exists.
2026-01-04 10:29:20,818 - INFO - [The Hindu] Article: https://www.thehindu.com/news/national/maharashtra/peoples-mandate-will-prevail-even-if-opposition-moves-court-fadnavis-on-unopposed-civic-poll-wins/article70470423.ece
2026-01-04 10:29:20,818 - INFO - [The Hindu] Attempt 1/1: Trying with 'selenium_browser' strategy...
2026-01-04 10:29:20,818 - INFO - [The Guardian] Early skip: URL https://www.theguardian.com/australia-news/2026/jan/04/missing-worker-found-dead-after-roof-collapse-deep-underground-at-queensland-coalmine-ntwnfb already exists.
2026-01-04 10:29:21,097 - INFO - [BBC] Early skip: URL https://www.bbc.com/news/articles/cx2lnk3486xo?at_medium=RSS&at_campaign=rss already exists.
2026-01-04 10:29:21,243 - INFO - [The Guardian] Article: https://www.theguardian.com/world/2026/jan/04/leading-uk-far-right-activist-russian-nationalist-event-mark-collett
2026-01-04 10:29:21,243 - INFO - [The Guardian] Attempt 1/1: Trying with 'requests_browser' strategy...
2026-01-04 10:29:21,245 - INFO - [BBC] Early skip: URL https://www.bbc.com/news/articles/c1ev7ly35neo?at_medium=RSS&at_campaign=rss already exists.
2026-01-04 10:29:21,282 - INFO - [The Guardian] Success with 'requests_browser'. Found content (792 words).
2026-01-04 10:29:23,787 - INFO - [The Hindu] Page content loaded.
2026-01-04 10:29:23,865 - INFO - [The Hindu] Success with 'selenium_browser'. Found content (359 words).
2026-01-04 10:30:12,539 - INFO - Saved article: Leading UK far-right activist spoke at Russian extreme nationalist event | The far right | The Guardian from The Guardian (792 words)
2026-01-04 10:30:12,539 - INFO - [BBC] Early skip: URL https://www.bbc.com/news/articles/cjdjl303zxlo?at_medium=RSS&at_campaign=rss already exists.
2026-01-04 10:31:01,655 - INFO - DEDUPLICATION: Found match (Score: 0.73). Linking to Cluster ID: 4a6fcb7c-0fed-4dbf-852a-461169656eea
2026-01-04 10:31:01,663 - INFO - Saved article: People’s mandate will prevail even if Opposition moves court: Fadnavis on unopposed civic poll wins - The Hindu from The Hindu (359 words)
2026-01-04 10:31:01,663 - INFO - [BBC] Early skip: URL https://www.bbc.com/news/articles/c1ev8el75gyo?at_medium=RSS&at_campaign=rss already exists.
2026-01-04 10:31:01,953 - INFO - [The Guardian] Early skip: URL https://www.theguardian.com/world/2026/jan/04/difficult-to-live-hungarian-krasznahorkai-writers-bemoan-hostile-environment already exists.
2026-01-04 10:31:02,159 - INFO - [BBC] Early skip: URL https://www.bbc.com/news/articles/c8e5k7p5222o?at_medium=RSS&at_campaign=rss already exists.
2026-01-04 10:31:02,447 - INFO - [The Guardian] Early skip: URL https://www.theguardian.com/news/ng-interactive/2026/jan/04/sex-object-animal-rights-activist-racist-paradox-brigitte-bardot already exists.
2026-01-04 10:31:02,741 - INFO - [BBC] Early skip: URL https://www.bbc.com/news/articles/crmlz7r0zrxo?at_medium=RSS&at_campaign=rss already exists.
2026-01-04 10:31:02,874 - INFO - [The Guardian] Early skip: URL https://www.theguardian.com/world/2026/jan/04/business-as-usual-boss-bombed-ukrainian-vodka-maker-intent-on-expanding-exports already exists.
2026-01-04 10:31:03,092 - INFO - [BBC] Early skip: URL https://www.bbc.com/news/articles/c0q4dg1kn8vo?at_medium=RSS&at_campaign=rss already exists.
2026-01-04 10:31:03,264 - INFO - [The Hindu] Early skip: URL https://www.thehindu.com/news/national/maharashtra/scrap-civic-polls-with-unopposed-wins-restart-process-in-those-wards-uddhav-to-sec/article70470422.ece already exists.
2026-01-04 10:31:03,533 - INFO - [The Guardian] Early skip: URL https://www.theguardian.com/world/2026/jan/03/swiss-prosecutors-place-bar-managers-investigation-deadly-fire already exists.
2026-01-04 10:31:03,823 - INFO - [BBC] Early skip: URL https://www.bbc.com/news/articles/c93n4nx5yqro?at_medium=RSS&at_campaign=rss already exists.
2026-01-04 10:31:04,067 - INFO - [The Hindu] Early skip: URL https://www.thehindu.com/sport/other-sports/pm-modi-72nd-senior-national-volleyball-championship-2036-olympics/article70470408.ece already exists.
2026-01-04 10:31:04,356 - INFO - [The Guardian] Early skip: URL https://www.theguardian.com/world/2026/jan/03/british-and-french-aircraft-attack-underground-isis-weapons-store-in-syria already exists.
2026-01-04 10:31:04,611 - INFO - [BBC] Early skip: URL https://www.bbc.com/news/articles/cj0e36p74v1o?at_medium=RSS&at_campaign=rss already exists.
2026-01-04 10:31:04,876 - INFO - [The Hindu] Article: https://www.thehindu.com/news/national/jammu-and-kashmir/jammu-bans-courier-companies-transport-from-transporting-narcotics-drugs-bharatiya-nagarik-suraksha-sanhita-bnss-ndps-rules-strict-action/article70470358.ece
2026-01-04 10:31:04,876 - INFO - [The Hindu] Attempt 1/1: Trying with 'selenium_browser' strategy...
2026-01-04 10:31:04,877 - INFO - [The Guardian] Early skip: URL https://www.theguardian.com/world/2026/jan/03/no-future-for-us-disaffected-iranians-say-its-now-or-never-to-topple-regime already exists.
2026-01-04 10:31:05,057 - INFO - [BBC] Early skip: URL https://www.bbc.com/news/articles/cqxq32zzq8eo?at_medium=RSS&at_campaign=rss already exists.
2026-01-04 10:31:05,348 - INFO - [BBC] Early skip: URL https://www.bbc.com/news/articles/ce8edj7y5z9o?at_medium=RSS&at_campaign=rss already exists.
2026-01-04 10:31:05,610 - INFO - [The Guardian] Early skip: URL https://www.theguardian.com/world/2026/jan/03/tents-supplied-to-displaced-palestinians-inadequate-for-gaza-winter already exists.
2026-01-04 10:31:05,879 - INFO - [BBC] Early skip: URL https://www.bbc.com/news/videos/c368px35ly8o?at_medium=RSS&at_campaign=rss already exists.
2026-01-04 10:31:06,141 - INFO - [The Guardian] Early skip: URL https://www.theguardian.com/world/2026/jan/02/saudi-warplanes-kill-uae-backed-yemeni-separatists already exists.
2026-01-04 10:31:06,150 - INFO - [The Hindu] Page content loaded.
2026-01-04 10:31:06,251 - INFO - [The Hindu] Success with 'selenium_browser'. Found content (426 words).
2026-01-04 10:31:06,327 - INFO - [BBC] Article: https://www.bbc.com/news/videos/c20zgq02jp0o?at_medium=RSS&at_campaign=rss
2026-01-04 10:31:06,327 - INFO - [BBC] Attempt 1/1: Trying with 'requests_browser' strategy...
2026-01-04 10:31:06,329 - INFO - [The Guardian] Early skip: URL https://www.theguardian.com/media/2026/jan/02/bbc-settles-with-7-october-survivors-for-filming-home-without-permission already exists.
2026-01-04 10:31:06,485 - WARNING - [BBC] FAILED with 'requests_browser' (content was too short: 59 words).
2026-01-04 10:31:06,486 - ERROR - [BBC] All scrape strategies failed for https://www.bbc.com/news/videos/c20zgq02jp0o?at_medium=RSS&at_campaign=rss. Falling back to RSS description.
2026-01-04 10:31:06,486 - WARNING - SKIPPED (GLOBAL WORD LIMIT): Article 'Explosions and smoke at La Guaira port' from BBC has only 11 words (Min: 90).
2026-01-04 10:31:19,807 - ERROR - [Times of India] Request failed for strategy 'selenium_browser' on URL https://timesofindia.indiatimes.com/world/china/stop-toppling-venezuela-government-china-demands-release-of-maduro-his-wife-calls-it-breach-of-international-law/articleshow/126333288.cms: HTTPConnectionPool(host='localhost', port=42507): Read timed out. (read timeout=120)
2026-01-04 10:31:19,807 - ERROR - [Times of India] All scrape strategies failed for https://timesofindia.indiatimes.com/world/china/stop-toppling-venezuela-government-china-demands-release-of-maduro-his-wife-calls-it-breach-of-international-law/articleshow/126333288.cms. Falling back to RSS description.
2026-01-04 10:31:19,807 - WARNING - SKIPPED (GLOBAL WORD LIMIT): Article ''Stop toppling Venezuela government': China demands release of Maduro, his wife; calls it breach of international law' from Times of India has only 59 words (Min: 90).
2026-01-04 10:31:25,271 - CRITICAL - --- TIMEOUT: 3 scrape jobs did not complete in 300s. ---
2026-01-04 10:31:25,271 - ERROR - A thread has timed out and will be abandoned.
2026-01-04 10:31:25,271 - ERROR - A thread has timed out and will be abandoned.
2026-01-04 10:31:25,271 - ERROR - A thread has timed out and will be abandoned.
2026-01-04 10:31:25,271 - INFO - Shutting down thread pool (wait=False)...
2026-01-04 10:31:25,272 - INFO - Scraped: 1 The Guardian, 3 Timed_Out_Jobs articles. (Total saved: 1)
2026-01-04 10:31:25,272 - INFO - --- Scraping job finished ---
2026-01-04 10:31:25,272 - INFO - --- Scraper service stopped and database connection closed. ---
2026-01-04 10:31:25,272 - INFO - --- Main thread finished. Forcing process exit to kill zombie threads. ---
