2026-03-02 17:26:49,830 - INFO - Loading AI Semantic Model (all-MiniLM-L4-v2)...
2026-03-02 17:26:49,830 - INFO - Use pytorch device_name: cpu
2026-03-02 17:26:49,830 - INFO - Load pretrained SentenceTransformer: all-MiniLM-L4-v2
2026-03-02 17:26:49,952 - INFO - HTTP Request: HEAD https://huggingface.co/sentence-transformers/all-MiniLM-L4-v2/resolve/main/modules.json "HTTP/1.1 401 Unauthorized"
2026-03-02 17:26:49,953 - WARNING - No sentence-transformers model found with name sentence-transformers/all-MiniLM-L4-v2. Creating a new one with mean pooling.
2026-03-02 17:26:49,989 - INFO - HTTP Request: HEAD https://huggingface.co/sentence-transformers/all-MiniLM-L4-v2/resolve/main/adapter_config.json "HTTP/1.1 401 Unauthorized"
2026-03-02 17:26:49,989 - CRITICAL - Failed to load AI model: sentence-transformers/all-MiniLM-L4-v2 is not a local folder and is not a valid model identifier listed on 'https://huggingface.co/models'
If this is a private repository, make sure to pass a token having permission to this repo either by logging in with `hf auth login` or by passing `token=<your_token>`. Clustering is disabled.
2026-03-02 17:26:49,989 - INFO - --- Scraper service started (CI Mode: Run Once) ---
2026-03-02 17:26:49,989 - INFO - --- Starting new scraping job (Parallel Mode) ---
2026-03-02 17:26:49,990 - INFO - Creating new robust session with 3 retries on 5xx/connection/read errors.
2026-03-02 17:26:49,990 - INFO - Proxy is DISABLED.
2026-03-02 17:26:49,990 - INFO - Starting scrape for BBC RSS feed: http://feeds.bbci.co.uk/news/world/rss.xml
2026-03-02 17:26:49,990 - INFO - [Times of India] (Thread) requires Selenium. Initializing driver...
2026-03-02 17:26:49,991 - INFO - Starting scrape for TechCrunch RSS feed: https://techcrunch.com/feed/
2026-03-02 17:26:49,991 - INFO - Starting scrape for The Guardian RSS feed: https://www.theguardian.com/world/rss
2026-03-02 17:26:49,992 - INFO - [The Hindu] (Thread) requires Selenium. Initializing driver...
2026-03-02 17:26:49,992 - INFO - Submitted 5 jobs to thread pool. Waiting up to 300s for completion...
2026-03-02 17:26:50,137 - INFO - Found 45 articles in The Guardian RSS feed. Processing until 20 new articles are saved.
2026-03-02 17:26:50,138 - INFO - [The Guardian] Early skip: URL https://www.theguardian.com/world/2026/feb/27/ghana-men-killed-fight-russia-ukraine already exists.
2026-03-02 17:26:50,139 - INFO - [The Guardian] Early skip: URL https://www.theguardian.com/global-development/2026/feb/27/rising-anger-over-lop-sided-immoral-us-health-funding-pacts-africa-countries already exists.
2026-03-02 17:26:50,142 - INFO - [The Guardian] Early skip: URL https://www.theguardian.com/global-development/2026/feb/26/women-arrested-uganda-kissing-public-lgbtq-laws already exists.
2026-03-02 17:26:50,143 - INFO - [The Guardian] Early skip: URL https://www.theguardian.com/world/2026/feb/26/recent-mediterranean-storms-tragedies-spain-portugal-morocco already exists.
2026-03-02 17:26:50,145 - INFO - [The Guardian] Early skip: URL https://www.theguardian.com/global-development/2026/feb/25/zambia-us-health-aid-deal-exploitation-mining-concessions-data-sharing-targets already exists.
2026-03-02 17:26:50,146 - INFO - [The Guardian] Early skip: URL https://www.theguardian.com/world/2026/feb/28/miami-exiled-cubans-speedboat-shootout already exists.
2026-03-02 17:26:50,148 - INFO - [The Guardian] Early skip: URL https://www.theguardian.com/world/2026/feb/28/at-least-15-killed-as-cash-laden-military-cargo-plane-crashes-in-bolivia already exists.
2026-03-02 17:26:50,149 - INFO - [The Guardian] Early skip: URL https://www.theguardian.com/us-news/2026/feb/27/trump-cuba-regime-change already exists.
2026-03-02 17:26:50,151 - INFO - [The Guardian] Early skip: URL https://www.theguardian.com/us-news/2026/feb/27/cbp-border-drone-military-democrats already exists.
2026-03-02 17:26:50,152 - INFO - [The Guardian] Early skip: URL https://www.theguardian.com/world/2026/feb/27/argentina-labor-law-overhaul already exists.
2026-03-02 17:26:50,156 - INFO - [The Guardian] Early skip: URL https://www.theguardian.com/world/2026/mar/02/new-caledonia-shark-attack-culling already exists.
2026-03-02 17:26:50,157 - INFO - [The Guardian] Early skip: URL https://www.theguardian.com/world/2026/feb/28/bangkok-police-arrests-in-disguise already exists.
2026-03-02 17:26:50,159 - INFO - [The Guardian] Early skip: URL https://www.theguardian.com/world/2026/feb/27/north-korea-kim-jong-un-daughter-ju-ae-succession already exists.
2026-03-02 17:26:50,160 - INFO - [The Guardian] Early skip: URL https://www.theguardian.com/australia-news/2026/feb/27/boss-of-theatre-hosting-chinese-dance-group-shen-yun-in-sydney-wont-be-intimidated-by-outrageous-threats already exists.
2026-03-02 17:26:50,161 - INFO - [The Guardian] Early skip: URL https://www.theguardian.com/world/2026/feb/26/jacinda-ardern-living-in-australia-former-nz-new-zealand-pm already exists.
2026-03-02 17:26:50,163 - INFO - [The Guardian] Early skip: URL https://www.theguardian.com/australia-news/2026/mar/02/sydney-new-suburb-bays-west-glebe-island already exists.
2026-03-02 17:26:50,164 - INFO - [The Guardian] Early skip: URL https://www.theguardian.com/world/2026/mar/02/iran-strait-hormuz-oil-global-prices-cost-of-living already exists.
2026-03-02 17:26:50,165 - INFO - [The Guardian] Early skip: URL https://www.theguardian.com/environment/2026/mar/03/australian-wildlife-in-harms-way-with-volunteers-left-to-pick-up-the-pieces-amid-climate-crisis-fires-and-floods already exists.
2026-03-02 17:26:50,166 - INFO - [The Guardian] Early skip: URL https://www.theguardian.com/business/2026/mar/02/australia-gender-pay-gap-men-top-salaries already exists.
2026-03-02 17:26:50,168 - INFO - [The Guardian] Early skip: URL https://www.theguardian.com/australia-news/2026/mar/02/pauline-hanson-one-nation-claimed-taxpayer-funded-trips-australia-ntwnfb already exists.
2026-03-02 17:26:50,169 - INFO - [The Guardian] Early skip: URL https://www.theguardian.com/world/live/2026/mar/02/eu-response-middle-east-conflict-evacuate-citizens-europe-live-latest-news already exists.
2026-03-02 17:26:50,170 - INFO - [The Guardian] Early skip: URL https://www.theguardian.com/world/2026/mar/02/spain-denies-united-states-permission-military-bases-iran-pedro-sanchez already exists.
2026-03-02 17:26:50,172 - INFO - [The Guardian] Early skip: URL https://www.theguardian.com/film/2026/mar/02/cesar-awards-boss-rejects-jim-carrey-clone-conspiracy-theories already exists.
2026-03-02 17:26:50,173 - INFO - [The Guardian] Early skip: URL https://www.theguardian.com/artanddesign/2026/mar/02/rijksmuseum-painting-early-work-rembrandt-van-rijn-amsterdam already exists.
2026-03-02 17:26:50,174 - INFO - [The Guardian] Early skip: URL https://www.theguardian.com/world/2026/mar/02/uk-airbase-raf-akrotiri-cyprus-suspected-drone-strike already exists.
2026-03-02 17:26:50,177 - INFO - [The Guardian] Article: https://www.theguardian.com/world/2026/mar/02/dubai-private-jet-prices-soar-tourists-stuck-wealthy-leave
2026-03-02 17:26:50,177 - INFO - [The Guardian] Attempt 1/1: Trying with 'requests_browser' strategy...
2026-03-02 17:26:50,206 - INFO - [The Guardian] Success with 'requests_browser'. Found content (920 words).
2026-03-02 17:26:50,302 - INFO - Saved article: Private jet prices soar as wealthy scramble to leave Dubai | US-Israel war on Iran | The Guardian from The Guardian (920 words)
2026-03-02 17:26:50,346 - INFO - Found 32 articles in BBC RSS feed. Processing until 20 new articles are saved.
2026-03-02 17:26:50,346 - INFO - [BBC] Article: https://www.bbc.com/news/articles/c5y4v8g13wxo?at_medium=RSS&at_campaign=rss
2026-03-02 17:26:50,346 - INFO - [BBC] Attempt 1/1: Trying with 'requests_browser' strategy...
2026-03-02 17:26:50,475 - INFO - [BBC] Success with 'requests_browser'. Found content (1457 words).
2026-03-02 17:26:50,527 - INFO - Saved article: Israel strikes Lebanon after Hezbollah rocket fire as Iran conflict widens from BBC (1457 words)
2026-03-02 17:26:51,232 - INFO - [BBC] Article: https://www.bbc.com/news/articles/cx2jyv3jp01o?at_medium=RSS&at_campaign=rss
2026-03-02 17:26:51,232 - INFO - [BBC] Attempt 1/1: Trying with 'requests_browser' strategy...
2026-03-02 17:26:51,271 - INFO - [BBC] Success with 'requests_browser'. Found content (425 words).
2026-03-02 17:26:51,462 - INFO - Saved article: 'The house was shaking': Iranians describe impact of US-Israel attacks from BBC (425 words)
2026-03-02 17:26:51,468 - INFO - Found 0 articles in TechCrunch RSS feed. Processing until 20 new articles are saved.
2026-03-02 17:26:51,669 - INFO - [The Guardian] Early skip: URL https://www.theguardian.com/world/live/2026/mar/02/us-israel-war-iran-live-updates-attacks-strikes-tehran-lebanon-beirut-hezbollah-dubai-latest-news already exists.
2026-03-02 17:26:51,671 - INFO - [The Guardian] Early skip: URL https://www.theguardian.com/us-news/live/2026/mar/02/democrats-to-force-vote-in-congress-to-limit-trumps-war-powers-against-iran-us-politics-live already exists.
2026-03-02 17:26:51,672 - INFO - [The Guardian] Early skip: URL https://www.theguardian.com/politics/live/2026/mar/02/raf-cyprus-yvette-cooper-keir-starmer-us-iran-israel-uk-politics-latest-news already exists.
2026-03-02 17:26:51,674 - INFO - [The Guardian] Article: https://www.theguardian.com/politics/2026/mar/02/uk-will-not-join-offensive-strikes-against-iran-says-keir-starmer
2026-03-02 17:26:51,674 - INFO - [The Guardian] Attempt 1/1: Trying with 'requests_browser' strategy...
2026-03-02 17:26:51,793 - INFO - [The Guardian] Success with 'requests_browser'. Found content (750 words).
2026-03-02 17:26:51,842 - INFO - Saved article: Starmer says UK will not join ‘regime change from the skies’ on Iran | Foreign policy | The Guardian from The Guardian (750 words)
2026-03-02 17:26:52,552 - INFO - [BBC] Article: https://www.bbc.com/news/articles/cx24gl7jrgno?at_medium=RSS&at_campaign=rss
2026-03-02 17:26:52,552 - INFO - [BBC] Attempt 1/1: Trying with 'requests_browser' strategy...
2026-03-02 17:26:52,588 - INFO - [BBC] Success with 'requests_browser'. Found content (756 words).
2026-03-02 17:26:52,631 - INFO - Saved article: India and Canada reset ties with 'landmark' nuclear energy deal from BBC (756 words)
2026-03-02 17:26:53,174 - INFO - [The Guardian] Early skip: URL https://www.theguardian.com/world/2026/mar/02/afghanistan-pakistan-airstrikes-bagram-airbase already exists.
2026-03-02 17:26:53,175 - INFO - [The Guardian] Early skip: URL https://www.theguardian.com/world/2026/feb/28/us-backs-pakistans-right-to-defend-itself-against-taliban-after-strikes-on-afghanistan already exists.
2026-03-02 17:26:53,176 - INFO - [The Guardian] Early skip: URL https://www.theguardian.com/world/2026/feb/27/pakistan-miscalculation-taliban-afghanistan already exists.
2026-03-02 17:26:53,177 - INFO - [The Guardian] Early skip: URL https://www.theguardian.com/world/2026/feb/27/pakistan-declares-state-of-open-war-after-bombing-major-afghan-cities already exists.
2026-03-02 17:26:53,178 - INFO - [The Guardian] Early skip: URL https://www.theguardian.com/world/live/2026/feb/27/pakistan-afghanistan-taliban-war-cross-border-kabul-latest-news-updates already exists.
2026-03-02 17:26:53,180 - INFO - [The Guardian] Article: https://www.theguardian.com/media/2026/mar/02/daily-mail-royal-editor-denies-using-private-investigator-to-blag-harry-information
2026-03-02 17:26:53,180 - INFO - [The Guardian] Attempt 1/1: Trying with 'requests_browser' strategy...
2026-03-02 17:26:53,210 - INFO - [The Guardian] Success with 'requests_browser'. Found content (669 words).
2026-03-02 17:26:53,259 - INFO - Saved article: Daily Mail royal editor denies using private investigator to ‘blag’ Harry information | Associated Newspapers | The Guardian from The Guardian (669 words)
2026-03-02 17:26:54,032 - INFO - [The Guardian] Article: https://www.theguardian.com/politics/2026/mar/02/mps-salary-pay-house-of-commons-watchdog-abuse-workload
2026-03-02 17:26:54,032 - INFO - [The Guardian] Attempt 1/1: Trying with 'requests_browser' strategy...
2026-03-02 17:26:54,084 - INFO - [BBC] Article: https://www.bbc.com/news/articles/c0mgkvy4wr8o?at_medium=RSS&at_campaign=rss
2026-03-02 17:26:54,084 - INFO - [BBC] Attempt 1/1: Trying with 'requests_browser' strategy...
2026-03-02 17:26:54,121 - INFO - [BBC] Success with 'requests_browser'. Found content (641 words).
2026-03-02 17:26:54,167 - INFO - Saved article: South Sudan attack in Ruweng kills at least 169 people from BBC (641 words)
2026-03-02 17:26:54,180 - INFO - [The Guardian] Success with 'requests_browser'. Found content (455 words).
2026-03-02 17:26:54,218 - INFO - Saved article: MPs’ basic salary to rise to £110,000 by end of parliament, watchdog says | House of Commons | The Guardian from The Guardian (455 words)
2026-03-02 17:26:55,007 - INFO - [The Guardian] Article: https://www.theguardian.com/politics/2026/mar/02/nigel-farage-emulating-his-hero-trump-gorton-and-denton-byelection-hannah-spencer
2026-03-02 17:26:55,008 - INFO - [The Guardian] Attempt 1/1: Trying with 'requests_browser' strategy...
2026-03-02 17:26:55,038 - INFO - [The Guardian] Success with 'requests_browser'. Found content (562 words).
2026-03-02 17:26:55,099 - INFO - Saved article: Farage emulating ‘his hero Trump’ in deriding byelection results, says new Green MP | Green party | The Guardian from The Guardian (562 words)
2026-03-02 17:26:55,488 - INFO - [BBC] Article: https://www.bbc.com/news/articles/c1kgln0yg3po?at_medium=RSS&at_campaign=rss
2026-03-02 17:26:55,489 - INFO - [BBC] Attempt 1/1: Trying with 'requests_browser' strategy...
2026-03-02 17:26:55,523 - INFO - [BBC] Success with 'requests_browser'. Found content (517 words).
2026-03-02 17:26:55,577 - INFO - Saved article: Rembrandt's Vision of Zacharias in the Temple rediscovered after 65 years from BBC (517 words)
2026-03-02 17:26:56,200 - INFO - Selenium driver initialized successfully.
2026-03-02 17:26:56,201 - INFO - Starting scrape for Times of India RSS feed: https://timesofindia.indiatimes.com/rssfeeds/296589292.cms
2026-03-02 17:26:56,202 - INFO - Selenium driver initialized successfully.
2026-03-02 17:26:56,202 - INFO - Starting scrape for The Hindu RSS feed: https://www.thehindu.com/news/national/feeder/default.rss
2026-03-02 17:26:56,293 - INFO - Found 100 articles in The Hindu RSS feed. Processing until 20 new articles are saved.
2026-03-02 17:26:56,293 - INFO - [The Hindu] Article: https://www.thehindu.com/news/national/uttar-pradesh/religious-leader-announces-gau-pratistha-dharmayuddh-march-to-lucknow/article70695890.ece
2026-03-02 17:26:56,293 - INFO - [The Hindu] Attempt 1/1: Trying with 'selenium_browser' strategy...
2026-03-02 17:26:56,416 - INFO - Found 20 articles in Times of India RSS feed. Processing until 20 new articles are saved.
2026-03-02 17:26:56,416 - INFO - [Times of India] Article: https://timesofindia.indiatimes.com/world/middle-east/usisrael-war-with-iran-did-iranian-state-media-post-ayatollah-ali-khamenei-in-heaven-with-72-virgins/articleshow/128951877.cms
2026-03-02 17:26:56,416 - INFO - [Times of India] Attempt 1/1: Trying with 'selenium_browser' strategy...
2026-03-02 17:26:56,435 - INFO - [BBC] Article: https://www.bbc.com/news/articles/c8r137lkj5zo?at_medium=RSS&at_campaign=rss
2026-03-02 17:26:56,436 - INFO - [BBC] Attempt 1/1: Trying with 'requests_browser' strategy...
2026-03-02 17:26:56,475 - INFO - [BBC] Success with 'requests_browser'. Found content (1009 words).
2026-03-02 17:26:56,503 - INFO - [The Guardian] Article: https://www.theguardian.com/environment/2026/mar/02/uk-slashes-climate-aid-developing-countries
2026-03-02 17:26:56,508 - INFO - [The Guardian] Attempt 1/1: Trying with 'requests_browser' strategy...
2026-03-02 17:26:56,533 - INFO - Saved article: Balen Shah: Rap star hopes to unseat former PM Oli in Nepal's Gen Z election from BBC (1009 words)
2026-03-02 17:26:56,632 - INFO - [The Guardian] Success with 'requests_browser'. Found content (1234 words).
2026-03-02 17:26:56,708 - INFO - Saved article: UK slashes climate aid programmes for developing countries | Climate crisis | The Guardian from The Guardian (1234 words)
2026-03-02 17:26:57,829 - INFO - [BBC] Early skip: URL https://www.bbc.com/news/articles/c75evve6l63o?at_medium=RSS&at_campaign=rss already exists.
2026-03-02 17:26:57,831 - INFO - [BBC] Article: https://www.bbc.com/news/articles/c05v0ln6nq3o?at_medium=RSS&at_campaign=rss
2026-03-02 17:26:57,831 - INFO - [BBC] Attempt 1/1: Trying with 'requests_browser' strategy...
2026-03-02 17:26:57,927 - INFO - [BBC] Success with 'requests_browser'. Found content (734 words).
2026-03-02 17:26:58,008 - INFO - Saved article: Saturday Night Live criticised by charity for 'hurtful' Tourette's sketch from BBC (734 words)
2026-03-02 17:26:58,172 - INFO - [The Guardian] Article: https://www.theguardian.com/business/2026/mar/02/brewdog-us-cannabis-drinks-500-jobs
2026-03-02 17:26:58,172 - INFO - [The Guardian] Attempt 1/1: Trying with 'requests_browser' strategy...
2026-03-02 17:26:58,561 - INFO - [The Guardian] Success with 'requests_browser'. Found content (792 words).
2026-03-02 17:26:58,767 - INFO - Saved article: BrewDog bought by US cannabis and drinks firm for £33m, costing nearly 500 jobs | BrewDog | The Guardian from The Guardian (792 words)
2026-03-02 17:26:59,078 - INFO - [BBC] Early skip: URL https://www.bbc.com/news/articles/cgjznzgly0po?at_medium=RSS&at_campaign=rss already exists.
2026-03-02 17:26:59,081 - INFO - [BBC] Article: https://www.bbc.com/news/articles/cj3286ym802o?at_medium=RSS&at_campaign=rss
2026-03-02 17:26:59,082 - INFO - [BBC] Attempt 1/1: Trying with 'requests_browser' strategy...
2026-03-02 17:26:59,179 - INFO - [BBC] Success with 'requests_browser'. Found content (112 words).
2026-03-02 17:26:59,379 - INFO - Saved article: Actor Awards red carpet: Timothée Chalamet, Emma Stone and Michael B Jordan from BBC (112 words)
2026-03-02 17:27:00,046 - INFO - [The Guardian] Article: https://www.theguardian.com/us-news/2026/mar/02/austin-bar-shooting-investigation-potential-terrorism
2026-03-02 17:27:00,046 - INFO - [The Guardian] Attempt 1/1: Trying with 'requests_browser' strategy...
2026-03-02 17:27:00,116 - INFO - [The Guardian] Success with 'requests_browser'. Found content (873 words).
2026-03-02 17:27:00,218 - INFO - Saved article: Authorities investigate mass shooting at Austin bar as potential act of terrorism | Texas | The Guardian from The Guardian (873 words)
2026-03-02 17:27:00,731 - INFO - [BBC] Article: https://www.bbc.com/news/articles/c0j59vydxj9o?at_medium=RSS&at_campaign=rss
2026-03-02 17:27:00,731 - INFO - [BBC] Attempt 1/1: Trying with 'requests_browser' strategy...
2026-03-02 17:27:00,837 - INFO - [BBC] Success with 'requests_browser'. Found content (918 words).
2026-03-02 17:27:00,984 - INFO - Saved article: Deepfake attack: 'Many people could have been cheated' from BBC (918 words)
2026-03-02 17:27:01,411 - INFO - [The Guardian] Article: https://www.theguardian.com/world/2026/mar/02/iran-attack-fourth-us-service-member-killed
2026-03-02 17:27:01,411 - INFO - [The Guardian] Attempt 1/1: Trying with 'requests_browser' strategy...
2026-03-02 17:27:01,577 - INFO - [The Guardian] Success with 'requests_browser'. Found content (746 words).
2026-03-02 17:27:01,701 - INFO - Saved article: Fourth American service member killed in Iran operation | US-Israel war on Iran | The Guardian from The Guardian (746 words)
2026-03-02 17:27:01,741 - INFO - [BBC] Early skip: URL https://www.bbc.com/news/articles/c5y6jvlv83ro?at_medium=RSS&at_campaign=rss already exists.
2026-03-02 17:27:01,744 - INFO - [BBC] Early skip: URL https://www.bbc.com/news/articles/cp81wegj123o?at_medium=RSS&at_campaign=rss already exists.
2026-03-02 17:27:01,750 - INFO - [BBC] Early skip: URL https://www.bbc.com/news/articles/cx2lgvg5rl1o?at_medium=RSS&at_campaign=rss already exists.
2026-03-02 17:27:01,752 - INFO - [BBC] Early skip: URL https://www.bbc.com/news/articles/cgjzdlx983po?at_medium=RSS&at_campaign=rss already exists.
2026-03-02 17:27:01,753 - INFO - [BBC] Early skip: URL https://www.bbc.com/news/articles/clyzklvk79yo?at_medium=RSS&at_campaign=rss already exists.
2026-03-02 17:27:01,758 - INFO - [BBC] Early skip: URL https://www.bbc.com/news/articles/c0lj18d5lx3o?at_medium=RSS&at_campaign=rss already exists.
2026-03-02 17:27:01,759 - INFO - [BBC] Early skip: URL https://www.bbc.com/news/articles/c86y5540vnno?at_medium=RSS&at_campaign=rss already exists.
2026-03-02 17:27:01,764 - INFO - [BBC] Early skip: URL https://www.bbc.com/news/articles/c3gdnpjvj4ko?at_medium=RSS&at_campaign=rss already exists.
2026-03-02 17:27:01,766 - INFO - [BBC] Early skip: URL https://www.bbc.com/news/articles/cgqgl3j5nj4o?at_medium=RSS&at_campaign=rss already exists.
2026-03-02 17:27:01,767 - INFO - [BBC] Early skip: URL https://www.bbc.com/news/articles/cwy8ppn4142o?at_medium=RSS&at_campaign=rss already exists.
2026-03-02 17:27:01,769 - INFO - [BBC] Early skip: URL https://www.bbc.com/news/articles/cdr268m5pxro?at_medium=RSS&at_campaign=rss already exists.
2026-03-02 17:27:01,772 - INFO - [BBC] Early skip: URL https://www.bbc.com/news/articles/c9q5wdeg4j8o?at_medium=RSS&at_campaign=rss already exists.
2026-03-02 17:27:01,774 - INFO - [BBC] Early skip: URL https://www.bbc.com/news/articles/c20j5n2w4q6o?at_medium=RSS&at_campaign=rss already exists.
2026-03-02 17:27:01,775 - INFO - [BBC] Early skip: URL https://www.bbc.com/news/articles/cdjmrxkwk3mo?at_medium=RSS&at_campaign=rss already exists.
2026-03-02 17:27:01,776 - INFO - [BBC] Early skip: URL https://www.bbc.com/news/articles/cp85jdqdyq7o?at_medium=RSS&at_campaign=rss already exists.
2026-03-02 17:27:01,780 - INFO - [BBC] Article: https://www.bbc.com/news/videos/cn71jg14dnyo?at_medium=RSS&at_campaign=rss
2026-03-02 17:27:01,780 - INFO - [BBC] Attempt 1/1: Trying with 'requests_browser' strategy...
2026-03-02 17:27:01,943 - INFO - [BBC] Success with 'requests_browser'. Found content (112 words).
2026-03-02 17:27:03,043 - INFO - [The Guardian] Article: https://www.theguardian.com/us-news/2026/mar/02/us-department-of-education-charlie-kirk-banner
2026-03-02 17:27:03,043 - INFO - [The Guardian] Attempt 1/1: Trying with 'requests_browser' strategy...
2026-03-02 17:27:03,360 - INFO - [The Guardian] Success with 'requests_browser'. Found content (394 words).
2026-03-02 17:27:03,388 - INFO - Saved article: Hegseth on Iran attacks: 'This is not Iraq, this is not endless' from BBC (112 words)
2026-03-02 17:27:03,610 - INFO - Saved article: US Department of Education hangs Charlie Kirk banner outside DC building | Washington DC | The Guardian from The Guardian (394 words)
2026-03-02 17:27:04,376 - INFO - [BBC] Article: https://www.bbc.com/news/videos/ce8wed33e07o?at_medium=RSS&at_campaign=rss
2026-03-02 17:27:04,376 - INFO - [BBC] Attempt 1/1: Trying with 'requests_browser' strategy...
2026-03-02 17:27:04,470 - INFO - [The Guardian] Early skip: URL https://www.theguardian.com/world/2026/mar/02/war-middle-east-maps-video-photos-us-israel-iran already exists.
2026-03-02 17:27:04,471 - INFO - [The Guardian] Early skip: URL https://www.theguardian.com/world/2026/mar/02/us-fighter-jets-kuwait already exists.
2026-03-02 17:27:04,572 - WARNING - [BBC] FAILED with 'requests_browser' (content was too short: 86 words).
2026-03-02 17:27:04,572 - ERROR - [BBC] All scrape strategies failed for https://www.bbc.com/news/videos/ce8wed33e07o?at_medium=RSS&at_campaign=rss. Falling back to RSS description.
2026-03-02 17:27:04,572 - WARNING - SKIPPED (GLOBAL WORD LIMIT): Article 'Watch: Video appears to show US F-15 fighter jet crashing in Kuwait' from BBC has only 23 words (Min: 90).
2026-03-02 17:27:05,454 - INFO - [BBC] Early skip: URL https://www.bbc.com/news/videos/cvgk8vj56v1o?at_medium=RSS&at_campaign=rss already exists.
2026-03-02 17:27:05,459 - INFO - [BBC] Article: https://www.bbc.com/news/videos/clyxdnxe1qvo?at_medium=RSS&at_campaign=rss
2026-03-02 17:27:05,459 - INFO - [BBC] Attempt 1/1: Trying with 'requests_browser' strategy...
2026-03-02 17:27:05,709 - WARNING - [BBC] FAILED with 'requests_browser' (content was too short: 89 words).
2026-03-02 17:27:05,713 - ERROR - [BBC] All scrape strategies failed for https://www.bbc.com/news/videos/clyxdnxe1qvo?at_medium=RSS&at_campaign=rss. Falling back to RSS description.
2026-03-02 17:27:05,713 - WARNING - SKIPPED (GLOBAL WORD LIMIT): Article 'Watch: Moment Iran's state TV announces Supreme Leader has been killed' from BBC has only 13 words (Min: 90).
2026-03-02 17:27:07,085 - INFO - [BBC] Early skip: URL https://www.bbc.com/news/videos/clyv5rnd8r0o?at_medium=RSS&at_campaign=rss already exists.
2026-03-02 17:27:07,087 - INFO - [BBC] Article: https://www.bbc.com/news/videos/c2d1zj43zr6o?at_medium=RSS&at_campaign=rss
2026-03-02 17:27:07,088 - INFO - [BBC] Attempt 1/1: Trying with 'requests_browser' strategy...
2026-03-02 17:27:07,253 - WARNING - [BBC] FAILED with 'requests_browser' (content was too short: 65 words).
2026-03-02 17:27:07,254 - ERROR - [BBC] All scrape strategies failed for https://www.bbc.com/news/videos/c2d1zj43zr6o?at_medium=RSS&at_campaign=rss. Falling back to RSS description.
2026-03-02 17:27:07,254 - WARNING - SKIPPED (GLOBAL WORD LIMIT): Article 'Celebrations around the world after strikes on Iran' from BBC has only 17 words (Min: 90).
2026-03-02 17:27:12,791 - INFO - [The Hindu] Page content loaded.
2026-03-02 17:27:13,079 - INFO - [The Hindu] Success with 'selenium_browser'. Found content (406 words).
2026-03-02 17:27:13,248 - INFO - Saved article: Religious leader announces Gau Pratistha Dharmayuddh march to Lucknow - The Hindu from The Hindu (406 words)
2026-03-02 17:27:14,630 - INFO - [The Hindu] Article: https://www.thehindu.com/news/national/maharashtra/toxic-gas-leaks-from-palghar-chemical-unit-2600-evacuated-3-persons-complain-of-eye-irritation/article70696591.ece
2026-03-02 17:27:14,630 - INFO - [The Hindu] Attempt 1/1: Trying with 'selenium_browser' strategy...
2026-03-02 17:27:17,545 - INFO - [The Hindu] Page content loaded.
2026-03-02 17:27:17,811 - INFO - [The Hindu] Success with 'selenium_browser'. Found content (305 words).
2026-03-02 17:27:18,019 - INFO - Saved article: Toxic gas leaks from Palghar chemical unit; 2,600 evacuated, 3 persons complain of eye irritation - The Hindu from The Hindu (305 words)
2026-03-02 17:27:18,944 - INFO - [The Hindu] Article: https://www.thehindu.com/news/national/karnataka/senior-executive-of-a-private-hospital-booked-for-rape/article70696559.ece
2026-03-02 17:27:18,945 - INFO - [The Hindu] Attempt 1/1: Trying with 'selenium_browser' strategy...
2026-03-02 17:27:24,357 - ERROR - [Times of India] Request failed for strategy 'selenium_browser' on URL https://timesofindia.indiatimes.com/world/middle-east/usisrael-war-with-iran-did-iranian-state-media-post-ayatollah-ali-khamenei-in-heaven-with-72-virgins/articleshow/128951877.cms: Message: timeout: Timed out receiving message from renderer: 19.759
  (Session info: chrome=145.0.7632.116)
Stacktrace:
#0 0x55f1ba8fbb6a <unknown>
#1 0x55f1ba30ea32 <unknown>
#2 0x55f1ba2f6007 <unknown>
#3 0x55f1ba2f5c16 <unknown>
#4 0x55f1ba2f3731 <unknown>
#5 0x55f1ba2f40bf <unknown>
#6 0x55f1ba303560 <unknown>
#7 0x55f1ba31d707 <unknown>
#8 0x55f1ba3248db <unknown>
#9 0x55f1ba2f4829 <unknown>
#10 0x55f1ba31d49c <unknown>
#11 0x55f1ba3ac6e1 <unknown>
#12 0x55f1ba355c0f <unknown>
#13 0x55f1ba3569d1 <unknown>
#14 0x55f1ba8c06b9 <unknown>
#15 0x55f1ba8c35c1 <unknown>
#16 0x55f1ba8ace29 <unknown>
#17 0x55f1ba8c417e <unknown>
#18 0x55f1ba8934b0 <unknown>
#19 0x55f1ba8e8578 <unknown>
#20 0x55f1ba8e874b <unknown>
#21 0x55f1ba8fa1a3 <unknown>
#22 0x7fe8b589caa4 <unknown>
#23 0x7fe8b5929c6c <unknown>

2026-03-02 17:27:24,358 - ERROR - [Times of India] All scrape strategies failed for https://timesofindia.indiatimes.com/world/middle-east/usisrael-war-with-iran-did-iranian-state-media-post-ayatollah-ali-khamenei-in-heaven-with-72-virgins/articleshow/128951877.cms. Falling back to RSS description.
2026-03-02 17:27:24,358 - WARNING - SKIPPED (GLOBAL WORD LIMIT): Article 'US–Israel war with Iran: Did Iranian state media post Ayatollah Ali Khamenei in ‘heaven’ with 72 virgins?' from Times of India has only 45 words (Min: 90).
2026-03-02 17:27:25,701 - INFO - [Times of India] Article: https://timesofindia.indiatimes.com/world/us/dog-bless-barron-satire-website-calls-for-presidents-son-barron-trump-to-go-to-war/articleshow/128951176.cms
2026-03-02 17:27:25,701 - INFO - [Times of India] Attempt 1/1: Trying with 'selenium_browser' strategy...
2026-03-02 17:27:30,737 - INFO - [Times of India] Page content loaded.
2026-03-02 17:27:31,046 - INFO - [Times of India] Success with 'selenium_browser'. Found content (342 words).
2026-03-02 17:27:31,184 - INFO - Saved article: 'Dog bless Barron': Satire website calls for President's son Barron Trump to go to war - The Times of India from Times of India (342 words)
2026-03-02 17:27:32,004 - INFO - [Times of India] Article: https://timesofindia.indiatimes.com/world/us/us-israel-war-with-iran-a-beginners-guide-to-how-hamas-terror-attack-on-oct-7-changed-the-middle-east/articleshow/128951093.cms
2026-03-02 17:27:32,004 - INFO - [Times of India] Attempt 1/1: Trying with 'selenium_browser' strategy...
2026-03-02 17:27:33,292 - INFO - [Times of India] Page content loaded.
2026-03-02 17:27:33,485 - INFO - [Times of India] Success with 'selenium_browser'. Found content (1683 words).
2026-03-02 17:27:33,580 - INFO - Saved article: US-Israel War with Iran: A beginner's guide to how Hamas terror attack on Oct 7 changed the Middle East | World News - The Times of India from Times of India (1683 words)
2026-03-02 17:27:34,118 - INFO - [Times of India] Article: https://timesofindia.indiatimes.com/world/us/right-time-to-stay-in-india-h-1b-redditor-asks-if-people-working-in-india-are-saving-more-than-those-in-us/articleshow/128950576.cms
2026-03-02 17:27:34,118 - INFO - [Times of India] Attempt 1/1: Trying with 'selenium_browser' strategy...
2026-03-02 17:27:35,179 - INFO - [Times of India] Page content loaded.
2026-03-02 17:27:35,293 - INFO - [Times of India] Success with 'selenium_browser'. Found content (369 words).
2026-03-02 17:27:35,358 - INFO - Saved article: 'Right time to stay in India': H-1B Redditor asks if people working in India are saving more than those in US - The Times of India from Times of India (369 words)
2026-03-02 17:27:36,829 - INFO - [Times of India] Article: https://timesofindia.indiatimes.com/world/us/pakistani-connection-of-texas-medical-board-members-on-radar-dual-role-advising-foreign-students/articleshow/128949204.cms
2026-03-02 17:27:36,829 - INFO - [Times of India] Attempt 1/1: Trying with 'selenium_browser' strategy...
2026-03-02 17:27:38,210 - INFO - [Times of India] Page content loaded.
2026-03-02 17:27:38,312 - INFO - [Times of India] Success with 'selenium_browser'. Found content (323 words).
2026-03-02 17:27:38,386 - INFO - Saved article: Pakistani connection of Texas Medical Board members on radar: Dual role, advising foreign students - The Times of India from Times of India (323 words)
2026-03-02 17:27:38,976 - ERROR - [The Hindu] Request failed for strategy 'selenium_browser' on URL https://www.thehindu.com/news/national/karnataka/senior-executive-of-a-private-hospital-booked-for-rape/article70696559.ece: Message: timeout: Timed out receiving message from renderer: 19.175
  (Session info: chrome=145.0.7632.116)
Stacktrace:
#0 0x55a7235ffb6a <unknown>
#1 0x55a723012a32 <unknown>
#2 0x55a722ffa007 <unknown>
#3 0x55a722ff9c16 <unknown>
#4 0x55a722ff7731 <unknown>
#5 0x55a722ff80bf <unknown>
#6 0x55a723007560 <unknown>
#7 0x55a723021707 <unknown>
#8 0x55a7230288db <unknown>
#9 0x55a722ff8829 <unknown>
#10 0x55a72302149c <unknown>
#11 0x55a7230b06e1 <unknown>
#12 0x55a723059c0f <unknown>
#13 0x55a72305a9d1 <unknown>
#14 0x55a7235c46b9 <unknown>
#15 0x55a7235c75c1 <unknown>
#16 0x55a7235b0e29 <unknown>
#17 0x55a7235c817e <unknown>
#18 0x55a7235974b0 <unknown>
#19 0x55a7235ec578 <unknown>
#20 0x55a7235ec74b <unknown>
#21 0x55a7235fe1a3 <unknown>
#22 0x7fc0c089caa4 <unknown>
#23 0x7fc0c0929c6c <unknown>

2026-03-02 17:27:38,977 - ERROR - [The Hindu] All scrape strategies failed for https://www.thehindu.com/news/national/karnataka/senior-executive-of-a-private-hospital-booked-for-rape/article70696559.ece. Falling back to RSS description.
2026-03-02 17:27:38,977 - WARNING - SKIPPED (GLOBAL WORD LIMIT): Article 'Senior executive of a private hospital booked for rape' from The Hindu has only 3 words (Min: 90).
2026-03-02 17:27:39,475 - INFO - [Times of India] Early skip: URL https://timesofindia.indiatimes.com/world/uk/edinburgh-horror-man-armed-with-blood-stained-knives-leaves-2-injured-schools-closed/articleshow/128948068.cms already exists.
2026-03-02 17:27:39,477 - INFO - [Times of India] Early skip: URL https://timesofindia.indiatimes.com/world/middle-east/us-israel-war-with-iran-iranians-celebrate-with-ymca-dance-with-us-israel-and-iran-flags-after-khameneis-death/articleshow/128947935.cms already exists.
2026-03-02 17:27:39,478 - INFO - [Times of India] Early skip: URL https://timesofindia.indiatimes.com/world/rest-of-world/how-switzerland-became-the-worlds-most-nuclear-bunker-ready-nation/articleshow/128944146.cms already exists.
2026-03-02 17:27:39,481 - INFO - [Times of India] Early skip: URL https://timesofindia.indiatimes.com/world/uk/we-heard-from-them-but-family-of-british-couple-jailed-in-iran-on-charges-of-espionage-says-they-are-extremely-worried/articleshow/128947779.cms already exists.
2026-03-02 17:27:39,483 - INFO - [Times of India] Early skip: URL https://timesofindia.indiatimes.com/world/us-streamers/fact-check-is-kai-cenat-starring-in-scary-movie-6-viral-trailer-cameo-sparks-speculation/articleshow/128938961.cms already exists.
2026-03-02 17:27:39,484 - INFO - [Times of India] Early skip: URL https://timesofindia.indiatimes.com/world/us/watch-cbs-austin-reporter-asked-not-to-focus-on-pro-trump-iran-rally-well-i-am/articleshow/128946343.cms already exists.
2026-03-02 17:27:39,485 - INFO - [Times of India] Early skip: URL https://timesofindia.indiatimes.com/world/middle-east/us-iran-war-kuwait-mistakenly-shoots-down-three-american-f-15s-in-friendly-fire-incident/articleshow/128945810.cms already exists.
2026-03-02 17:27:39,487 - INFO - [Times of India] Early skip: URL https://timesofindia.indiatimes.com/world/middle-east/us-israel-wipe-out-key-iranian-leaders-in-attack-blitz-how-it-may-be-a-tactical-blunder/articleshow/128944047.cms already exists.
2026-03-02 17:27:39,488 - INFO - [Times of India] Early skip: URL https://timesofindia.indiatimes.com/world/middle-east/us-iran-war-several-american-warplanes-crash-in-kuwait-crew-survive/articleshow/128944648.cms already exists.
2026-03-02 17:27:39,489 - INFO - [Times of India] Early skip: URL https://timesofindia.indiatimes.com/world/us-streamers/he-was-going-to-get-killed-pastor-speaks-out-after-candace-owens-suggests-charlie-kirk-feared-assassination/articleshow/128936450.cms already exists.
2026-03-02 17:27:39,490 - INFO - [Times of India] Early skip: URL https://timesofindia.indiatimes.com/science/total-lunar-eclipse-on-march-3-2026-will-be-the-last-one-visible-until-2029/articleshow/128943979.cms already exists.
2026-03-02 17:27:39,492 - INFO - [Times of India] Early skip: URL https://timesofindia.indiatimes.com/world/middle-east/irans-natanz-nuclear-site-hit-tehran-vows-to-rebuild-facility-iaea-flags-radiation-risk/articleshow/128943563.cms already exists.
2026-03-02 17:27:39,493 - INFO - [Times of India] Early skip: URL https://timesofindia.indiatimes.com/world/rest-of-world/burn-in-hell-escaped-iranian-australian-news-host-reacts-to-khameneis-death-video/articleshow/128942932.cms already exists.
2026-03-02 17:27:39,494 - INFO - [Times of India] Early skip: URL https://timesofindia.indiatimes.com/world/middle-east/typo-or-insult-arab-man-faces-sharjah-court-over-whatsapp-spelling-error/articleshow/128941598.cms already exists.
2026-03-02 17:27:39,496 - INFO - [Times of India] Early skip: URL https://timesofindia.indiatimes.com/world/middle-east/watch-saudi-aramco-oil-refinery-one-of-the-middle-easts-largest-hubs-hit-by-iranian-drone/articleshow/128941724.cms already exists.
2026-03-02 17:27:39,497 - INFO - [Times of India] (Thread) Finished. Attempting to shut down its Selenium driver.
2026-03-02 17:27:39,670 - INFO - [Times of India] (Thread) driver.quit() successful.
2026-03-02 17:27:39,900 - INFO - [The Hindu] Article: https://www.thehindu.com/news/national/tamil-nadu/madras-high-court-sets-aside-order-to-extend-thalikku-thangam-scheme-to-those-who-earn-up-to-12000-a-month/article70695569.ece
2026-03-02 17:27:39,901 - INFO - [The Hindu] Attempt 1/1: Trying with 'selenium_browser' strategy...
2026-03-02 17:27:40,916 - INFO - [The Hindu] Page content loaded.
2026-03-02 17:27:40,984 - INFO - [The Hindu] Success with 'selenium_browser'. Found content (470 words).
2026-03-02 17:27:41,056 - INFO - Saved article: Madras High Court sets aside order to extend Thalikku Thangam scheme to those who earn up to ₹12,000 a month - The Hindu from The Hindu (470 words)
2026-03-02 17:27:42,197 - INFO - [The Hindu] Article: https://www.thehindu.com/news/national/andhra-pradesh/bank-retirees-stage-dharna-in-vijayawada-over-failure-to-update-pensions/article70696712.ece
2026-03-02 17:27:42,197 - INFO - [The Hindu] Attempt 1/1: Trying with 'selenium_browser' strategy...
2026-03-02 17:27:43,098 - INFO - [The Hindu] Page content loaded.
2026-03-02 17:27:43,228 - INFO - [The Hindu] Success with 'selenium_browser'. Found content (234 words).
2026-03-02 17:27:43,316 - INFO - Saved article: Bank retirees stage dharna, seek revision of pensions - The Hindu from The Hindu (234 words)
2026-03-02 17:27:44,350 - INFO - [The Hindu] Article: https://www.thehindu.com/news/national/karnataka/peace-is-not-only-a-moral-imperative-it-is-an-economic-necessity/article70696608.ece
2026-03-02 17:27:44,350 - INFO - [The Hindu] Attempt 1/1: Trying with 'selenium_browser' strategy...
2026-03-02 17:27:45,303 - INFO - [The Hindu] Page content loaded.
2026-03-02 17:27:45,572 - INFO - [The Hindu] Success with 'selenium_browser'. Found content (412 words).
2026-03-02 17:27:45,649 - INFO - Saved article: ‘Peace is not only a moral imperative, it is an economic necessity’ - The Hindu from The Hindu (412 words)
2026-03-02 17:27:47,044 - INFO - [The Hindu] Article: https://www.thehindu.com/news/national/telangana/congress-says-ktr-suffering-from-corruption-jaundice/article70696754.ece
2026-03-02 17:27:47,044 - INFO - [The Hindu] Attempt 1/1: Trying with 'selenium_browser' strategy...
2026-03-02 17:28:07,064 - ERROR - [The Hindu] Request failed for strategy 'selenium_browser' on URL https://www.thehindu.com/news/national/telangana/congress-says-ktr-suffering-from-corruption-jaundice/article70696754.ece: Message: timeout: Timed out receiving message from renderer: 19.638
  (Session info: chrome=145.0.7632.116)
Stacktrace:
#0 0x55a7235ffb6a <unknown>
#1 0x55a723012a32 <unknown>
#2 0x55a722ffa007 <unknown>
#3 0x55a722ff9c16 <unknown>
#4 0x55a722ff7731 <unknown>
#5 0x55a722ff80bf <unknown>
#6 0x55a723007560 <unknown>
#7 0x55a723021707 <unknown>
#8 0x55a7230288db <unknown>
#9 0x55a722ff8829 <unknown>
#10 0x55a72302149c <unknown>
#11 0x55a7230b06e1 <unknown>
#12 0x55a723059c0f <unknown>
#13 0x55a72305a9d1 <unknown>
#14 0x55a7235c46b9 <unknown>
#15 0x55a7235c75c1 <unknown>
#16 0x55a7235b0e29 <unknown>
#17 0x55a7235c817e <unknown>
#18 0x55a7235974b0 <unknown>
#19 0x55a7235ec578 <unknown>
#20 0x55a7235ec74b <unknown>
#21 0x55a7235fe1a3 <unknown>
#22 0x7fc0c089caa4 <unknown>
#23 0x7fc0c0929c6c <unknown>

2026-03-02 17:28:07,064 - ERROR - [The Hindu] All scrape strategies failed for https://www.thehindu.com/news/national/telangana/congress-says-ktr-suffering-from-corruption-jaundice/article70696754.ece. Falling back to RSS description.
2026-03-02 17:28:07,064 - WARNING - SKIPPED (GLOBAL WORD LIMIT): Article 'Congress says KTR suffering from ‘corruption jaundice’' from The Hindu has only 3 words (Min: 90).
2026-03-02 17:28:08,565 - INFO - [The Hindu] Article: https://www.thehindu.com/news/national/ed-attaches-assets-worth-1810-crore-in-illegal-betting-app-case/article70695630.ece
2026-03-02 17:28:08,565 - INFO - [The Hindu] Attempt 1/1: Trying with 'selenium_browser' strategy...
2026-03-02 17:28:09,449 - INFO - [The Hindu] Page content loaded.
2026-03-02 17:28:09,578 - INFO - [The Hindu] Success with 'selenium_browser'. Found content (288 words).
2026-03-02 17:28:09,669 - INFO - Saved article: ED attaches assets worth ₹18.10 crore in ‘illegal’ betting app case - The Hindu from The Hindu (288 words)
2026-03-02 17:28:10,447 - INFO - [The Hindu] Article: https://www.thehindu.com/sci-tech/health/supreme-court-to-look-into-feasibility-of-nat-for-blood-transfusion/article70696607.ece
2026-03-02 17:28:10,447 - INFO - [The Hindu] Attempt 1/1: Trying with 'selenium_browser' strategy...
2026-03-02 17:28:11,373 - INFO - [The Hindu] Page content loaded.
2026-03-02 17:28:11,557 - INFO - [The Hindu] Success with 'selenium_browser'. Found content (470 words).
2026-03-02 17:28:11,638 - INFO - Saved article: Supreme Court to look into feasibility of NAT for blood transfusion - The Hindu from The Hindu (470 words)
2026-03-02 17:28:12,346 - INFO - [The Hindu] Article: https://www.thehindu.com/news/national/telangana/buddhavanam-will-be-developed-as-global-centre-for-peace-and-spiritual-tourism-says-jupally-krishna-rao/article70696570.ece
2026-03-02 17:28:12,346 - INFO - [The Hindu] Attempt 1/1: Trying with 'selenium_browser' strategy...
2026-03-02 17:28:13,116 - INFO - [The Hindu] Page content loaded.
2026-03-02 17:28:13,192 - INFO - [The Hindu] Success with 'selenium_browser'. Found content (232 words).
2026-03-02 17:28:13,283 - INFO - Saved article: Buddhavanam will be developed as global centre for peace and spiritual tourism, says Jupally Krishna Rao - The Hindu from The Hindu (232 words)
2026-03-02 17:28:14,716 - INFO - [The Hindu] Article: https://www.thehindu.com/news/national/telangana/congress-will-seek-power-with-public-consent-and-not-by-spreading-hate-rahul-gandhi/article70696683.ece
2026-03-02 17:28:14,716 - INFO - [The Hindu] Attempt 1/1: Trying with 'selenium_browser' strategy...
2026-03-02 17:28:15,841 - INFO - [The Hindu] Page content loaded.
2026-03-02 17:28:16,190 - INFO - [The Hindu] Success with 'selenium_browser'. Found content (343 words).
2026-03-02 17:28:16,660 - INFO - Saved article: Congress seeks power only with public consent, not by spreading hate: Rahul Gandhi - The Hindu from The Hindu (343 words)
2026-03-02 17:28:17,466 - INFO - [The Hindu] Article: https://www.thehindu.com/news/national/west-bengal/post-sir-centre-forms-two-more-panels-to-fast-track-caa-applications-in-west-bengal/article70696163.ece
2026-03-02 17:28:17,466 - INFO - [The Hindu] Attempt 1/1: Trying with 'selenium_browser' strategy...
2026-03-02 17:28:37,484 - ERROR - [The Hindu] Request failed for strategy 'selenium_browser' on URL https://www.thehindu.com/news/national/west-bengal/post-sir-centre-forms-two-more-panels-to-fast-track-caa-applications-in-west-bengal/article70696163.ece: Message: timeout: Timed out receiving message from renderer: 19.618
  (Session info: chrome=145.0.7632.116)
Stacktrace:
#0 0x55a7235ffb6a <unknown>
#1 0x55a723012a32 <unknown>
#2 0x55a722ffa007 <unknown>
#3 0x55a722ff9c16 <unknown>
#4 0x55a722ff7731 <unknown>
#5 0x55a722ff80bf <unknown>
#6 0x55a723007560 <unknown>
#7 0x55a723021707 <unknown>
#8 0x55a7230288db <unknown>
#9 0x55a722ff8829 <unknown>
#10 0x55a72302149c <unknown>
#11 0x55a7230b06e1 <unknown>
#12 0x55a723059c0f <unknown>
#13 0x55a72305a9d1 <unknown>
#14 0x55a7235c46b9 <unknown>
#15 0x55a7235c75c1 <unknown>
#16 0x55a7235b0e29 <unknown>
#17 0x55a7235c817e <unknown>
#18 0x55a7235974b0 <unknown>
#19 0x55a7235ec578 <unknown>
#20 0x55a7235ec74b <unknown>
#21 0x55a7235fe1a3 <unknown>
#22 0x7fc0c089caa4 <unknown>
#23 0x7fc0c0929c6c <unknown>

2026-03-02 17:28:37,485 - ERROR - [The Hindu] All scrape strategies failed for https://www.thehindu.com/news/national/west-bengal/post-sir-centre-forms-two-more-panels-to-fast-track-caa-applications-in-west-bengal/article70696163.ece. Falling back to RSS description.
2026-03-02 17:28:37,485 - WARNING - SKIPPED (GLOBAL WORD LIMIT): Article 'Post-SIR, Centre forms two more panels to fast-track CAA applications in West Bengal' from The Hindu has only 23 words (Min: 90).
2026-03-02 17:28:38,110 - INFO - [The Hindu] Article: https://www.thehindu.com/news/national/andhra-pradesh/andhra-pradesh-sees-44-drop-in-crimes-against-women-says-home-minister/article70696620.ece
2026-03-02 17:28:38,110 - INFO - [The Hindu] Attempt 1/1: Trying with 'selenium_browser' strategy...
2026-03-02 17:28:58,132 - ERROR - [The Hindu] Request failed for strategy 'selenium_browser' on URL https://www.thehindu.com/news/national/andhra-pradesh/andhra-pradesh-sees-44-drop-in-crimes-against-women-says-home-minister/article70696620.ece: Message: timeout: Timed out receiving message from renderer: 19.965
  (Session info: chrome=145.0.7632.116)
Stacktrace:
#0 0x55a7235ffb6a <unknown>
#1 0x55a723012a32 <unknown>
#2 0x55a722ffa007 <unknown>
#3 0x55a722ff9c16 <unknown>
#4 0x55a722ff7731 <unknown>
#5 0x55a722ff80bf <unknown>
#6 0x55a723007560 <unknown>
#7 0x55a723021707 <unknown>
#8 0x55a7230288db <unknown>
#9 0x55a722ff8829 <unknown>
#10 0x55a72302149c <unknown>
#11 0x55a7230b06e1 <unknown>
#12 0x55a723059c0f <unknown>
#13 0x55a72305a9d1 <unknown>
#14 0x55a7235c46b9 <unknown>
#15 0x55a7235c75c1 <unknown>
#16 0x55a7235b0e29 <unknown>
#17 0x55a7235c817e <unknown>
#18 0x55a7235974b0 <unknown>
#19 0x55a7235ec578 <unknown>
#20 0x55a7235ec74b <unknown>
#21 0x55a7235fe1a3 <unknown>
#22 0x7fc0c089caa4 <unknown>
#23 0x7fc0c0929c6c <unknown>

2026-03-02 17:28:58,132 - ERROR - [The Hindu] All scrape strategies failed for https://www.thehindu.com/news/national/andhra-pradesh/andhra-pradesh-sees-44-drop-in-crimes-against-women-says-home-minister/article70696620.ece. Falling back to RSS description.
2026-03-02 17:28:58,132 - WARNING - SKIPPED (GLOBAL WORD LIMIT): Article 'Andhra Pradesh sees 4.4% drop in crimes against women, says Home Minister' from The Hindu has only 3 words (Min: 90).
2026-03-02 17:28:59,167 - INFO - [The Hindu] Article: https://www.thehindu.com/news/cities/Hyderabad/hysea-to-host-annual-summit-on-march-5/article70696556.ece
2026-03-02 17:28:59,168 - INFO - [The Hindu] Attempt 1/1: Trying with 'selenium_browser' strategy...
2026-03-02 17:29:19,187 - ERROR - [The Hindu] Request failed for strategy 'selenium_browser' on URL https://www.thehindu.com/news/cities/Hyderabad/hysea-to-host-annual-summit-on-march-5/article70696556.ece: Message: timeout: Timed out receiving message from renderer: 19.867
  (Session info: chrome=145.0.7632.116)
Stacktrace:
#0 0x55a7235ffb6a <unknown>
#1 0x55a723012a32 <unknown>
#2 0x55a722ffa007 <unknown>
#3 0x55a722ff9c16 <unknown>
#4 0x55a722ff7731 <unknown>
#5 0x55a722ff80bf <unknown>
#6 0x55a723007560 <unknown>
#7 0x55a723021707 <unknown>
#8 0x55a7230288db <unknown>
#9 0x55a722ff8829 <unknown>
#10 0x55a72302149c <unknown>
#11 0x55a7230b06e1 <unknown>
#12 0x55a723059c0f <unknown>
#13 0x55a72305a9d1 <unknown>
#14 0x55a7235c46b9 <unknown>
#15 0x55a7235c75c1 <unknown>
#16 0x55a7235b0e29 <unknown>
#17 0x55a7235c817e <unknown>
#18 0x55a7235974b0 <unknown>
#19 0x55a7235ec578 <unknown>
#20 0x55a7235ec74b <unknown>
#21 0x55a7235fe1a3 <unknown>
#22 0x7fc0c089caa4 <unknown>
#23 0x7fc0c0929c6c <unknown>

2026-03-02 17:29:19,187 - ERROR - [The Hindu] All scrape strategies failed for https://www.thehindu.com/news/cities/Hyderabad/hysea-to-host-annual-summit-on-march-5/article70696556.ece. Falling back to RSS description.
2026-03-02 17:29:19,187 - WARNING - SKIPPED (GLOBAL WORD LIMIT): Article 'HYSEA to host annual summit on March 5' from The Hindu has only 3 words (Min: 90).
2026-03-02 17:29:20,628 - INFO - [The Hindu] Early skip: URL https://www.thehindu.com/news/national/west-bengal/amit-shah-promises-seventh-pay-commission-to-west-bengal-government-employees/article70695917.ece already exists.
2026-03-02 17:29:20,629 - INFO - [The Hindu] Early skip: URL https://www.thehindu.com/news/national/karnataka/reshme-krishi-mela-to-be-held-in-mysuru-on-march-3/article70696358.ece already exists.
2026-03-02 17:29:20,630 - INFO - [The Hindu] Early skip: URL https://www.thehindu.com/news/national/karnataka/docs-health-staff-threaten-strike-from-march-16-opd-services-to-be-hit/article70696239.ece already exists.
2026-03-02 17:29:20,631 - INFO - [The Hindu] Early skip: URL https://www.thehindu.com/news/national/karnataka/begin-road-works-at-the-earliest-in-the-city-minister-mahadevappa-instructs-officials/article70696305.ece already exists.
2026-03-02 17:29:20,632 - INFO - [The Hindu] Early skip: URL https://www.thehindu.com/news/cities/Hyderabad/fund-to-promote-women-youth-led-rural-enterprises-launched-entries-invited/article70696527.ece already exists.
2026-03-02 17:29:20,634 - INFO - [The Hindu] Article: https://www.thehindu.com/news/national/andhra-pradesh/left-parties-stage-protest-condemn-us-israel-attack-on-iran/article70696519.ece
2026-03-02 17:29:20,634 - INFO - [The Hindu] Attempt 1/1: Trying with 'selenium_browser' strategy...
2026-03-02 17:29:21,304 - INFO - [The Hindu] Page content loaded.
2026-03-02 17:29:21,479 - INFO - [The Hindu] Success with 'selenium_browser'. Found content (179 words).
2026-03-02 17:29:21,592 - INFO - Saved article: Left parties stage protest, condemn U.S.-Israel attack on Iran - The Hindu from The Hindu (179 words)
2026-03-02 17:29:22,976 - INFO - [The Hindu] Early skip: URL https://www.thehindu.com/news/national/karnataka/gangrape-accused-had-allegedly-organised-multiple-parties-earlier-too/article70694906.ece already exists.
2026-03-02 17:29:22,977 - INFO - [The Hindu] Early skip: URL https://www.thehindu.com/news/national/andhra-pradesh/elderly-woman-thanks-collector-for-swift-property-restoration-in-nellore/article70696300.ece already exists.
2026-03-02 17:29:22,979 - INFO - [The Hindu] Article: https://www.thehindu.com/news/national/kerala/passport-office-in-kochi-receives-hoax-bomb-threat/article70696454.ece
2026-03-02 17:29:22,979 - INFO - [The Hindu] Attempt 1/1: Trying with 'selenium_browser' strategy...
2026-03-02 17:29:23,953 - INFO - [The Hindu] Page content loaded.
2026-03-02 17:29:24,121 - INFO - [The Hindu] Success with 'selenium_browser'. Found content (137 words).
2026-03-02 17:29:24,198 - INFO - Saved article: Passport office in Kochi receives hoax bomb threat - The Hindu from The Hindu (137 words)
2026-03-02 17:29:25,455 - INFO - [The Hindu] Early skip: URL https://www.thehindu.com/news/national/karnataka/steps-taken-to-ensure-peaceful-holi-in-belagavi-district/article70696468.ece already exists.
2026-03-02 17:29:25,456 - INFO - [The Hindu] Article: https://www.thehindu.com/news/national/andhra-pradesh/k-vijayanand-takes-charge-as-ex-officio-special-cs-to-cm/article70695664.ece
2026-03-02 17:29:25,456 - INFO - [The Hindu] Attempt 1/1: Trying with 'selenium_browser' strategy...
2026-03-02 17:29:27,139 - INFO - [The Hindu] Page content loaded.
2026-03-02 17:29:27,200 - WARNING - [The Hindu] FAILED with 'selenium_browser' (content was too short: 80 words).
2026-03-02 17:29:27,200 - ERROR - [The Hindu] All scrape strategies failed for https://www.thehindu.com/news/national/andhra-pradesh/k-vijayanand-takes-charge-as-ex-officio-special-cs-to-cm/article70695664.ece. Falling back to RSS description.
2026-03-02 17:29:27,200 - WARNING - SKIPPED (GLOBAL WORD LIMIT): Article 'K. Vijayanand takes charge as ex-officio Special CS to CM' from The Hindu has only 3 words (Min: 90).
2026-03-02 17:29:27,826 - INFO - [The Hindu] Early skip: URL https://www.thehindu.com/news/national/kerala/assess-environmental-compensation-from-those-responsible-for-pollution-of-kadambrayar-ngt-tells-pcb/article70696226.ece already exists.
2026-03-02 17:29:27,827 - INFO - [The Hindu] Early skip: URL https://www.thehindu.com/news/national/andhra-pradesh/andhra-pradesh-govt-forms-spv-for-mega-shipbuilding-hub-at-dugarajapatnam/article70695823.ece already exists.
2026-03-02 17:29:27,828 - INFO - [The Hindu] Early skip: URL https://www.thehindu.com/news/national/kerala/festive-mood-grips-the-city-ahead-of-attukal-pongala-on-tuesday/article70696351.ece already exists.
2026-03-02 17:29:27,829 - INFO - [The Hindu] Early skip: URL https://www.thehindu.com/news/national/kerala/12-crore-non-plan-grant-for-ssus/article70696007.ece already exists.
2026-03-02 17:29:27,831 - INFO - [The Hindu] Early skip: URL https://www.thehindu.com/news/national/kerala/unfinished-seat-sharing-clouds-udfs-campaign-rollout-in-kottayam/article70695900.ece already exists.
2026-03-02 17:29:27,832 - INFO - [The Hindu] Early skip: URL https://www.thehindu.com/news/national/andhra-pradesh/karunakar-reddy-renews-call-for-ttd-chairmans-resignation-cites-new-evidence/article70695814.ece already exists.
2026-03-02 17:29:27,833 - INFO - [The Hindu] Early skip: URL https://www.thehindu.com/news/national/tamil-nadu/sastra-team-wins-national-tamil-trial-advocacy-competition/article70696339.ece already exists.
2026-03-02 17:29:27,834 - INFO - [The Hindu] Early skip: URL https://www.thehindu.com/news/national/kerala/beach-clean-up-drive-held-at-shanghumughom/article70696149.ece already exists.
2026-03-02 17:29:27,835 - INFO - [The Hindu] Early skip: URL https://www.thehindu.com/news/national/indian-warships-in-the-gulf-on-standby-for-humanitarian-operations/article70696250.ece already exists.
2026-03-02 17:29:27,837 - INFO - [The Hindu] Early skip: URL https://www.thehindu.com/news/national/karnataka/enough-stocks-of-dates-and-dry-fruits-for-ramzan-month-if-crisis-persists-beyond-that-supply-to-be-hit/article70696164.ece already exists.
2026-03-02 17:29:27,838 - INFO - [The Hindu] Early skip: URL https://www.thehindu.com/news/national/telangana/srr-govt-degree-college-signs-mou-partners-with-career-quotient-to-enhance-student-employability/article70696373.ece already exists.
2026-03-02 17:29:27,839 - INFO - [The Hindu] Article: https://www.thehindu.com/news/national/kerala/global-ayyappa-sangamam-kerala-hc-seeks-records-on-audit-of-expenses/article70696237.ece
2026-03-02 17:29:27,839 - INFO - [The Hindu] Attempt 1/1: Trying with 'selenium_browser' strategy...
2026-03-02 17:29:37,894 - INFO - [The Hindu] Page content loaded.
2026-03-02 17:29:37,967 - INFO - [The Hindu] Success with 'selenium_browser'. Found content (486 words).
2026-03-02 17:29:38,071 - INFO - Saved article: Global Ayyappa Sangamam: Kerala HC seeks records on audit of expenses - The Hindu from The Hindu (486 words)
2026-03-02 17:29:38,616 - INFO - [The Hindu] Early skip: URL https://www.thehindu.com/news/national/kerala/heated-political-exchanges-over-thiruvananthapuram-corporations-preparedness-ahead-of-pongala/article70696225.ece already exists.
2026-03-02 17:29:38,617 - INFO - [The Hindu] Article: https://www.thehindu.com/news/national/andhra-pradesh/andhra-pradesh-bjp-chief-demands-jagans-arrest-in-liquor-scam/article70696152.ece
2026-03-02 17:29:38,618 - INFO - [The Hindu] Attempt 1/1: Trying with 'selenium_browser' strategy...
2026-03-02 17:29:39,454 - INFO - [The Hindu] Page content loaded.
2026-03-02 17:29:39,569 - INFO - [The Hindu] Success with 'selenium_browser'. Found content (269 words).
2026-03-02 17:29:39,659 - INFO - Saved article: Andhra Pradesh BJP chief demands Jagan’s arrest in liquor scam - The Hindu from The Hindu (269 words)
2026-03-02 17:29:40,289 - INFO - [The Hindu] Article: https://www.thehindu.com/news/national/andhra-pradesh/sp-emphasises-womens-safety-at-a-rally/article70696307.ece
2026-03-02 17:29:40,289 - INFO - [The Hindu] Attempt 1/1: Trying with 'selenium_browser' strategy...
2026-03-02 17:30:00,318 - ERROR - [The Hindu] Request failed for strategy 'selenium_browser' on URL https://www.thehindu.com/news/national/andhra-pradesh/sp-emphasises-womens-safety-at-a-rally/article70696307.ece: Message: timeout: Timed out receiving message from renderer: 19.678
  (Session info: chrome=145.0.7632.116)
Stacktrace:
#0 0x55a7235ffb6a <unknown>
#1 0x55a723012a32 <unknown>
#2 0x55a722ffa007 <unknown>
#3 0x55a722ff9c16 <unknown>
#4 0x55a722ff7731 <unknown>
#5 0x55a722ff80bf <unknown>
#6 0x55a723007560 <unknown>
#7 0x55a723021707 <unknown>
#8 0x55a7230288db <unknown>
#9 0x55a722ff8829 <unknown>
#10 0x55a72302149c <unknown>
#11 0x55a7230b06e1 <unknown>
#12 0x55a723059c0f <unknown>
#13 0x55a72305a9d1 <unknown>
#14 0x55a7235c46b9 <unknown>
#15 0x55a7235c75c1 <unknown>
#16 0x55a7235b0e29 <unknown>
#17 0x55a7235c817e <unknown>
#18 0x55a7235974b0 <unknown>
#19 0x55a7235ec578 <unknown>
#20 0x55a7235ec74b <unknown>
#21 0x55a7235fe1a3 <unknown>
#22 0x7fc0c089caa4 <unknown>
#23 0x7fc0c0929c6c <unknown>

2026-03-02 17:30:00,318 - ERROR - [The Hindu] All scrape strategies failed for https://www.thehindu.com/news/national/andhra-pradesh/sp-emphasises-womens-safety-at-a-rally/article70696307.ece. Falling back to RSS description.
2026-03-02 17:30:00,318 - WARNING - SKIPPED (GLOBAL WORD LIMIT): Article 'SP emphasises women’s safety at a rally' from The Hindu has only 3 words (Min: 90).
2026-03-02 17:30:01,376 - INFO - [The Hindu] Article: https://www.thehindu.com/news/national/kerala/ai-enabled-mvd-vehicle-flags-nearly-6500-speed-violations-in-kochi-city-two-months/article70695979.ece
2026-03-02 17:30:01,376 - INFO - [The Hindu] Attempt 1/1: Trying with 'selenium_browser' strategy...
2026-03-02 17:30:02,208 - INFO - [The Hindu] Page content loaded.
2026-03-02 17:30:02,271 - INFO - [The Hindu] Success with 'selenium_browser'. Found content (342 words).
2026-03-02 17:30:02,358 - INFO - Saved article: AI-enabled MVD vehicle flags nearly 6,500 speed violations in Kochi city two months - The Hindu from The Hindu (342 words)
2026-03-02 17:30:03,842 - INFO - [The Hindu] Article: https://www.thehindu.com/news/national/telangana/r-krishnaiah-calls-for-state-wide-boycott-of-classes-for-rtfscholarship-dues/article70696297.ece
2026-03-02 17:30:03,842 - INFO - [The Hindu] Attempt 1/1: Trying with 'selenium_browser' strategy...
2026-03-02 17:30:23,862 - ERROR - [The Hindu] Request failed for strategy 'selenium_browser' on URL https://www.thehindu.com/news/national/telangana/r-krishnaiah-calls-for-state-wide-boycott-of-classes-for-rtfscholarship-dues/article70696297.ece: Message: timeout: Timed out receiving message from renderer: 19.505
  (Session info: chrome=145.0.7632.116)
Stacktrace:
#0 0x55a7235ffb6a <unknown>
#1 0x55a723012a32 <unknown>
#2 0x55a722ffa007 <unknown>
#3 0x55a722ff9c16 <unknown>
#4 0x55a722ff7731 <unknown>
#5 0x55a722ff80bf <unknown>
#6 0x55a723007560 <unknown>
#7 0x55a723021707 <unknown>
#8 0x55a7230288db <unknown>
#9 0x55a722ff8829 <unknown>
#10 0x55a72302149c <unknown>
#11 0x55a7230b06e1 <unknown>
#12 0x55a723059c0f <unknown>
#13 0x55a72305a9d1 <unknown>
#14 0x55a7235c46b9 <unknown>
#15 0x55a7235c75c1 <unknown>
#16 0x55a7235b0e29 <unknown>
#17 0x55a7235c817e <unknown>
#18 0x55a7235974b0 <unknown>
#19 0x55a7235ec578 <unknown>
#20 0x55a7235ec74b <unknown>
#21 0x55a7235fe1a3 <unknown>
#22 0x7fc0c089caa4 <unknown>
#23 0x7fc0c0929c6c <unknown>

2026-03-02 17:30:23,862 - ERROR - [The Hindu] All scrape strategies failed for https://www.thehindu.com/news/national/telangana/r-krishnaiah-calls-for-state-wide-boycott-of-classes-for-rtfscholarship-dues/article70696297.ece. Falling back to RSS description.
2026-03-02 17:30:23,862 - WARNING - SKIPPED (GLOBAL WORD LIMIT): Article 'R. Krishnaiah calls for State-wide boycott of classes for RTF/Scholarship dues' from The Hindu has only 3 words (Min: 90).
2026-03-02 17:30:24,891 - INFO - [The Hindu] Article: https://www.thehindu.com/news/national/karnataka/pvt-school-staff-booked-for-harassing-five-minor-girls-in-kalaburagi/article70696139.ece
2026-03-02 17:30:24,891 - INFO - [The Hindu] Attempt 1/1: Trying with 'selenium_browser' strategy...
2026-03-02 17:30:26,820 - INFO - [The Hindu] Page content loaded.
2026-03-02 17:30:26,866 - INFO - [The Hindu] Success with 'selenium_browser'. Found content (212 words).
2026-03-02 17:30:26,919 - INFO - Saved article: Pvt. school staff booked for harassing five minor girls in Kalaburagi - The Hindu from The Hindu (212 words)
2026-03-02 17:30:27,772 - INFO - [The Hindu] Article: https://www.thehindu.com/news/national/tamil-nadu/three-spectators-gored-to-death-by-bulls-during-manjuvirattu-at-sivaganga-in-tamil-nadu/article70695463.ece
2026-03-02 17:30:27,772 - INFO - [The Hindu] Attempt 1/1: Trying with 'selenium_browser' strategy...
2026-03-02 17:30:28,364 - INFO - [The Hindu] Page content loaded.
2026-03-02 17:30:28,453 - INFO - [The Hindu] Success with 'selenium_browser'. Found content (223 words).
2026-03-02 17:30:28,557 - INFO - Saved article: Three spectators gored to death by bulls during manjuvirattu at Sivaganga in Tamil Nadu - The Hindu from The Hindu (223 words)
2026-03-02 17:30:29,148 - INFO - [The Hindu] Article: https://www.thehindu.com/news/national/andhra-pradesh/cm-directs-officials-to-increase-administrative-efficiency-using-ai/article70695526.ece
2026-03-02 17:30:29,148 - INFO - [The Hindu] Attempt 1/1: Trying with 'selenium_browser' strategy...
2026-03-02 17:30:30,878 - INFO - [The Hindu] Page content loaded.
2026-03-02 17:30:30,945 - INFO - [The Hindu] Success with 'selenium_browser'. Found content (240 words).
2026-03-02 17:30:31,021 - INFO - Saved article: CM directs officials to increase administrative efficiency using AI - The Hindu from The Hindu (240 words)
2026-03-02 17:30:32,335 - INFO - [The Hindu] Article: https://www.thehindu.com/news/national/telangana/rahul-gandhi-signals-willingness-for-prime-ministerial-role/article70696313.ece
2026-03-02 17:30:32,335 - INFO - [The Hindu] Attempt 1/1: Trying with 'selenium_browser' strategy...
2026-03-02 17:30:33,212 - INFO - [The Hindu] Page content loaded.
2026-03-02 17:30:33,283 - INFO - [The Hindu] Success with 'selenium_browser'. Found content (261 words).
2026-03-02 17:30:33,357 - INFO - Saved article: Rahul Gandhi signals willingness for Prime Ministerial role - The Hindu from The Hindu (261 words)
2026-03-02 17:30:33,995 - INFO - [The Hindu] Article: https://www.thehindu.com/opinion/op-ed/breaking-the-cycle-of-violence-against-women/article70696363.ece
2026-03-02 17:30:33,995 - INFO - [The Hindu] Attempt 1/1: Trying with 'selenium_browser' strategy...
2026-03-02 17:30:35,018 - INFO - [The Hindu] Page content loaded.
2026-03-02 17:30:35,081 - INFO - [The Hindu] Success with 'selenium_browser'. Found content (1248 words).
2026-03-02 17:30:35,144 - INFO - Saved article: Breaking the cycle of violence against women - The Hindu from The Hindu (1248 words)
2026-03-02 17:30:36,345 - INFO - [The Hindu] Article: https://www.thehindu.com/news/national/kerala/wages-of-workers-under-clean-destination-scheme-hiked-to-500/article70696188.ece
2026-03-02 17:30:36,345 - INFO - [The Hindu] Attempt 1/1: Trying with 'selenium_browser' strategy...
2026-03-02 17:30:56,365 - ERROR - [The Hindu] Request failed for strategy 'selenium_browser' on URL https://www.thehindu.com/news/national/kerala/wages-of-workers-under-clean-destination-scheme-hiked-to-500/article70696188.ece: Message: timeout: Timed out receiving message from renderer: 19.302
  (Session info: chrome=145.0.7632.116)
Stacktrace:
#0 0x55a7235ffb6a <unknown>
#1 0x55a723012a32 <unknown>
#2 0x55a722ffa007 <unknown>
#3 0x55a722ff9c16 <unknown>
#4 0x55a722ff7731 <unknown>
#5 0x55a722ff80bf <unknown>
#6 0x55a723007560 <unknown>
#7 0x55a723021707 <unknown>
#8 0x55a7230288db <unknown>
#9 0x55a722ff8829 <unknown>
#10 0x55a72302149c <unknown>
#11 0x55a7230b06e1 <unknown>
#12 0x55a723059c0f <unknown>
#13 0x55a72305a9d1 <unknown>
#14 0x55a7235c46b9 <unknown>
#15 0x55a7235c75c1 <unknown>
#16 0x55a7235b0e29 <unknown>
#17 0x55a7235c817e <unknown>
#18 0x55a7235974b0 <unknown>
#19 0x55a7235ec578 <unknown>
#20 0x55a7235ec74b <unknown>
#21 0x55a7235fe1a3 <unknown>
#22 0x7fc0c089caa4 <unknown>
#23 0x7fc0c0929c6c <unknown>

2026-03-02 17:30:56,365 - ERROR - [The Hindu] All scrape strategies failed for https://www.thehindu.com/news/national/kerala/wages-of-workers-under-clean-destination-scheme-hiked-to-500/article70696188.ece. Falling back to RSS description.
2026-03-02 17:30:56,365 - WARNING - SKIPPED (GLOBAL WORD LIMIT): Article 'Wages of workers under clean destination scheme hiked to ₹500' from The Hindu has only 3 words (Min: 90).
2026-03-02 17:30:57,759 - INFO - [The Hindu] Early skip: URL https://www.thehindu.com/news/national/andhra-pradesh/svu-launches-dgca-approved-drone-pilot-training-course/article70696178.ece already exists.
2026-03-02 17:30:57,760 - INFO - [The Hindu] Early skip: URL https://www.thehindu.com/news/national/karnataka/supporters-of-mallikarjun-mutya-stage-protest-seeking-withdrawal-of-case/article70696181.ece already exists.
2026-03-02 17:30:57,762 - INFO - [The Hindu] Early skip: URL https://www.thehindu.com/news/national/andhra-pradesh/new-road-opens-in-sivanandapuram-ending-a-40-year-wait-for-residents/article70696264.ece already exists.
2026-03-02 17:30:57,763 - INFO - [The Hindu] Early skip: URL https://www.thehindu.com/news/national/kerala/udf-allies-voice-disquiet-over-prolonged-seat-sharing-delays/article70695653.ece already exists.
2026-03-02 17:30:57,764 - INFO - [The Hindu] Early skip: URL https://www.thehindu.com/news/national/dubai-abu-dhabi-carriers-to-restart-flights-after-two-day-standstill/article70695997.ece already exists.
2026-03-02 17:30:57,765 - INFO - [The Hindu] Early skip: URL https://www.thehindu.com/news/national/karnataka/case-registered-against-mutya-in-a-hurry-says-minister/article70695691.ece already exists.
2026-03-02 17:30:57,767 - INFO - [The Hindu] Article: https://www.thehindu.com/news/cities/Visakhapatnam/student-unions-urge-cm-to-address-communal-harmony-issues-at-au/article70696012.ece
2026-03-02 17:30:57,767 - INFO - [The Hindu] Attempt 1/1: Trying with 'selenium_browser' strategy...
2026-03-02 17:30:59,505 - INFO - [The Hindu] Page content loaded.
2026-03-02 17:30:59,547 - INFO - [The Hindu] Success with 'selenium_browser'. Found content (223 words).
2026-03-02 17:30:59,599 - INFO - Saved article: Student unions urge CM to take action against RSS to ensure communal harmony at AU - The Hindu from The Hindu (223 words)
2026-03-02 17:31:00,215 - INFO - [The Hindu] Target reached: Successfully saved 20 new articles.
2026-03-02 17:31:00,216 - INFO - [The Hindu] (Thread) Finished. Attempting to shut down its Selenium driver.
2026-03-02 17:31:00,404 - INFO - [The Hindu] (Thread) driver.quit() successful.
2026-03-02 17:31:00,404 - INFO - Shutting down thread pool (wait=False)...
2026-03-02 17:31:00,405 - INFO - Scraped: 20 The Hindu, 4 Times of India, 10 BBC, 10 The Guardian, 0 TechCrunch articles. (Total saved: 44)
2026-03-02 17:31:00,405 - INFO - --- Scraping job finished ---
2026-03-02 17:31:00,411 - INFO - --- Scraper service stopped and database connection closed. ---
2026-03-02 17:31:00,411 - INFO - --- Main thread finished. Forcing process exit to kill zombie threads. ---
