2026-01-15 19:30:09,126 - INFO - Loading AI Semantic Model (all-MiniLM-L6-v2)...
2026-01-15 19:30:09,127 - INFO - Use pytorch device_name: cpu
2026-01-15 19:30:09,127 - INFO - Load pretrained SentenceTransformer: all-MiniLM-L6-v2
2026-01-15 19:30:10,362 - INFO - AI Model loaded successfully.
2026-01-15 19:30:10,363 - INFO - --- Scraper service started (CI Mode: Run Once) ---
2026-01-15 19:30:10,363 - INFO - --- Starting new scraping job (Parallel Mode) ---
2026-01-15 19:30:10,363 - INFO - Creating new robust session with 3 retries on 5xx/connection/read errors.
2026-01-15 19:30:10,363 - INFO - Proxy is DISABLED.
2026-01-15 19:30:10,363 - INFO - Starting scrape for BBC RSS feed: http://feeds.bbci.co.uk/news/world/rss.xml
2026-01-15 19:30:10,364 - INFO - [Times of India] (Thread) requires Selenium. Initializing driver...
2026-01-15 19:30:10,365 - INFO - Starting scrape for The Guardian RSS feed: https://www.theguardian.com/world/rss
2026-01-15 19:30:10,366 - INFO - [The Hindu] (Thread) requires Selenium. Initializing driver...
2026-01-15 19:30:10,366 - INFO - Submitted 4 jobs to thread pool. Waiting up to 300s for completion...
2026-01-15 19:30:10,609 - INFO - Found 45 articles in The Guardian RSS feed. Processing up to 30.
2026-01-15 19:30:10,610 - INFO - [The Guardian] Early skip: URL https://www.theguardian.com/us-news/2026/jan/15/hepatitis-b-vaccines-study-africa-cancel already exists.
2026-01-15 19:30:10,822 - INFO - [The Guardian] Early skip: URL https://www.theguardian.com/world/2026/jan/15/uganda-vote-election-yoweri-museveni-bobi-wine already exists.
2026-01-15 19:30:10,925 - INFO - Found 23 articles in BBC RSS feed. Processing up to 30.
2026-01-15 19:30:10,933 - INFO - [BBC] Early skip: URL https://www.bbc.com/news/articles/cd0ydjvxpejo?at_medium=RSS&at_campaign=rss already exists.
2026-01-15 19:30:11,104 - INFO - [The Guardian] Early skip: URL https://www.theguardian.com/us-news/2026/jan/13/trump-administration-ends-tps-somalia already exists.
2026-01-15 19:30:11,273 - INFO - [BBC] Early skip: URL https://www.bbc.com/news/articles/c205r8n0276o?at_medium=RSS&at_campaign=rss already exists.
2026-01-15 19:30:11,462 - INFO - [The Guardian] Early skip: URL https://www.theguardian.com/business/2026/jan/13/developing-countries-poorer-world-bank-report already exists.
2026-01-15 19:30:11,582 - INFO - [BBC] Early skip: URL https://www.bbc.com/news/articles/cp80zjx091yo?at_medium=RSS&at_campaign=rss already exists.
2026-01-15 19:30:11,769 - INFO - [The Guardian] Early skip: URL https://www.theguardian.com/books/2026/jan/12/chimamanda-ngozi-adichie-accuses-lagos-hospital-negligence-son-death already exists.
2026-01-15 19:30:11,924 - INFO - [BBC] Early skip: URL https://www.bbc.com/news/articles/cg7vdpy1l2vo?at_medium=RSS&at_campaign=rss already exists.
2026-01-15 19:30:12,099 - INFO - [The Guardian] Early skip: URL https://www.theguardian.com/us-news/live/2026/jan/15/us-politics-latest-news-updates-donald-trump-venezuela-maria-corina-machado already exists.
2026-01-15 19:30:12,239 - INFO - [BBC] Early skip: URL https://www.bbc.com/news/articles/cy4qdnj5vl9o?at_medium=RSS&at_campaign=rss already exists.
2026-01-15 19:30:12,357 - INFO - [The Guardian] Early skip: URL https://www.theguardian.com/us-news/2026/jan/15/trump-maria-corina-machado-venezuela already exists.
2026-01-15 19:30:12,581 - INFO - [BBC] Early skip: URL https://www.bbc.com/news/articles/cp3z7441nz7o?at_medium=RSS&at_campaign=rss already exists.
2026-01-15 19:30:12,842 - INFO - [The Guardian] Early skip: URL https://www.theguardian.com/business/2026/jan/15/trump-big-oil-venezuela already exists.
2026-01-15 19:30:13,017 - INFO - [BBC] Early skip: URL https://www.bbc.com/news/articles/cly56w0p9e1o?at_medium=RSS&at_campaign=rss already exists.
2026-01-15 19:30:13,238 - INFO - [The Guardian] Early skip: URL https://www.theguardian.com/world/2026/jan/14/venezuelan-political-prisoners-released already exists.
2026-01-15 19:30:13,478 - INFO - [BBC] Early skip: URL https://www.bbc.com/news/articles/czr46ypzl4yo?at_medium=RSS&at_campaign=rss already exists.
2026-01-15 19:30:13,652 - INFO - [The Guardian] Early skip: URL https://www.theguardian.com/world/2026/jan/14/quebec-premier-francois-legault-resigns already exists.
2026-01-15 19:30:13,801 - INFO - [BBC] Early skip: URL https://www.bbc.com/news/articles/cx2xn1yvgr4o?at_medium=RSS&at_campaign=rss already exists.
2026-01-15 19:30:13,956 - INFO - [The Guardian] Early skip: URL https://www.theguardian.com/world/2026/jan/14/thailand-train-crane-accident-deaths already exists.
2026-01-15 19:30:14,189 - INFO - [BBC] Early skip: URL https://www.bbc.com/news/articles/cm2xv0w07dgo?at_medium=RSS&at_campaign=rss already exists.
2026-01-15 19:30:14,372 - INFO - [The Guardian] Early skip: URL https://www.theguardian.com/world/2026/jan/14/china-reports-record-trillion-dollar-trade-surplus-despite-trump-tariffs already exists.
2026-01-15 19:30:14,622 - INFO - [BBC] Early skip: URL https://www.bbc.com/news/articles/c205677pxvxo?at_medium=RSS&at_campaign=rss already exists.
2026-01-15 19:30:14,786 - INFO - [The Guardian] Early skip: URL https://www.theguardian.com/world/2026/jan/13/south-korean-prosecutors-demand-death-penalty-for-former-president-yoon-suk-yeol already exists.
2026-01-15 19:30:15,042 - INFO - [BBC] Early skip: URL https://www.bbc.com/news/articles/cq6vm677z76o?at_medium=RSS&at_campaign=rss already exists.
2026-01-15 19:30:15,304 - INFO - [The Guardian] Early skip: URL https://www.theguardian.com/music/2026/jan/14/bts-announces-return-with-new-world-tourm-includin-in-2026-and-2027 already exists.
2026-01-15 19:30:15,499 - INFO - [BBC] Early skip: URL https://www.bbc.com/news/articles/cp80217r1kpo?at_medium=RSS&at_campaign=rss already exists.
2026-01-15 19:30:15,759 - INFO - [The Guardian] Early skip: URL https://www.theguardian.com/world/2026/jan/13/workers-at-chinese-factory-that-produces-labubu-toys-are-being-exploited-says-ngo already exists.
2026-01-15 19:30:16,036 - INFO - [BBC] Early skip: URL https://www.bbc.com/news/articles/c3r197we875o?at_medium=RSS&at_campaign=rss already exists.
2026-01-15 19:30:16,328 - INFO - [The Guardian] Early skip: URL https://www.theguardian.com/culture/2026/jan/15/british-indie-band-pulp-agree-to-play-adelaide-festival-after-boycott-u-turn already exists.
2026-01-15 19:30:16,626 - INFO - [BBC] Early skip: URL https://www.bbc.com/news/articles/cm2yvnen1qyo?at_medium=RSS&at_campaign=rss already exists.
2026-01-15 19:30:16,907 - INFO - [The Guardian] Early skip: URL https://www.theguardian.com/australia-news/2026/jan/15/australia-u16-social-media-ban-millions-accounts-blocked already exists.
2026-01-15 19:30:17,187 - INFO - [BBC] Early skip: URL https://www.bbc.com/news/articles/c801p8jppv5o?at_medium=RSS&at_campaign=rss already exists.
2026-01-15 19:30:17,365 - INFO - [The Guardian] Early skip: URL https://www.theguardian.com/australia-news/2026/jan/15/hand-sanitiser-recall-dr-schwartz-hotel-chain-accc already exists.
2026-01-15 19:30:17,603 - INFO - [BBC] Early skip: URL https://www.bbc.com/news/articles/c8e54zp5j6no?at_medium=RSS&at_campaign=rss already exists.
2026-01-15 19:30:17,609 - INFO - Selenium driver initialized successfully.
2026-01-15 19:30:17,609 - INFO - Starting scrape for Times of India RSS feed: https://timesofindia.indiatimes.com/rssfeeds/296589292.cms
2026-01-15 19:30:17,610 - INFO - Selenium driver initialized successfully.
2026-01-15 19:30:17,610 - INFO - Starting scrape for The Hindu RSS feed: https://www.thehindu.com/news/national/feeder/default.rss
2026-01-15 19:30:17,780 - INFO - Found 100 articles in The Hindu RSS feed. Processing up to 30.
2026-01-15 19:30:17,877 - INFO - [The Guardian] Early skip: URL https://www.theguardian.com/culture/2026/jan/15/jewish-american-columnist-thomas-friedman-says-he-was-uninvited-from-2024-adelaide-writers-week-ntwnfb already exists.
2026-01-15 19:30:18,003 - INFO - [The Hindu] Article: https://www.thehindu.com/news/national/west-bengal/govt-offices-attacked-during-sir-hearings-in-west-bengal/article70513027.ece
2026-01-15 19:30:18,004 - INFO - [The Hindu] Attempt 1/1: Trying with 'selenium_browser' strategy...
2026-01-15 19:30:18,005 - INFO - [BBC] Early skip: URL https://www.bbc.com/news/articles/c99k4jxz0ndo?at_medium=RSS&at_campaign=rss already exists.
2026-01-15 19:30:18,007 - INFO - Found 20 articles in Times of India RSS feed. Processing up to 30.
2026-01-15 19:30:18,297 - INFO - [The Guardian] Early skip: URL https://www.theguardian.com/australia-news/live/2026/jan/15/victoria-bushfires-school-data-hack-adelaide-writers-week-peter-malinauskas-labor-hate-speech-laws-political-reaction-anthony-albanese-sussan-ley-coalition-ntwnfb already exists.
2026-01-15 19:30:18,524 - INFO - [Times of India] Article: https://timesofindia.indiatimes.com/world/us/not-made-in-us-trumps-t1-gold-phones-speculated-to-be-made-in-china-as-maga-supporters-wait-for-delivery/articleshow/126552379.cms
2026-01-15 19:30:18,524 - INFO - [Times of India] Attempt 1/1: Trying with 'selenium_browser' strategy...
2026-01-15 19:30:18,525 - INFO - [BBC] Early skip: URL https://www.bbc.com/news/videos/c89q0y5xd79o?at_medium=RSS&at_campaign=rss already exists.
2026-01-15 19:30:18,753 - INFO - [The Guardian] Article: https://www.theguardian.com/world/2026/jan/15/anger-iceland-incoming-us-ambassador-52nd-state-joke
2026-01-15 19:30:18,753 - INFO - [BBC] Article: https://www.bbc.com/news/videos/c1wz807vpglo?at_medium=RSS&at_campaign=rss
2026-01-15 19:30:18,753 - INFO - [BBC] Attempt 1/1: Trying with 'requests_browser' strategy...
2026-01-15 19:30:18,753 - INFO - [The Guardian] Attempt 1/1: Trying with 'requests_browser' strategy...
2026-01-15 19:30:18,808 - INFO - [The Guardian] Success with 'requests_browser'. Found content (564 words).
2026-01-15 19:30:19,246 - WARNING - [BBC] FAILED with 'requests_browser' (content was too short: 82 words).
2026-01-15 19:30:19,246 - ERROR - [BBC] All scrape strategies failed for https://www.bbc.com/news/videos/c1wz807vpglo?at_medium=RSS&at_campaign=rss. Falling back to RSS description.
2026-01-15 19:30:19,246 - WARNING - SKIPPED (GLOBAL WORD LIMIT): Article 'Watch: Aerial footage shows cars swept away by flash floods in Australia' from BBC has only 15 words (Min: 90).
2026-01-15 19:30:38,030 - ERROR - [The Hindu] Request failed for strategy 'selenium_browser' on URL https://www.thehindu.com/news/national/west-bengal/govt-offices-attacked-during-sir-hearings-in-west-bengal/article70513027.ece: Message: timeout: Timed out receiving message from renderer: 19.819
  (Session info: chrome=143.0.7499.192)
Stacktrace:
#0 0x5641fb22d40a <unknown>
#1 0x5641fac6176b <unknown>
#2 0x5641fac4980a <unknown>
#3 0x5641fac494ed <unknown>
#4 0x5641fac473a7 <unknown>
#5 0x5641fac47cbf <unknown>
#6 0x5641fac56480 <unknown>
#7 0x5641fac6fb47 <unknown>
#8 0x5641fac761fb <unknown>
#9 0x5641fac483e8 <unknown>
#10 0x5641fac6f8f8 <unknown>
#11 0x5641facfead8 <unknown>
#12 0x5641faca57b2 <unknown>
#13 0x5641faca6461 <unknown>
#14 0x5641fb1f5df9 <unknown>
#15 0x5641fb1f8d5d <unknown>
#16 0x5641fb1deb41 <unknown>
#17 0x5641fb1f993b <unknown>
#18 0x5641fb1c5870 <unknown>
#19 0x5641fb21a828 <unknown>
#20 0x5641fb21a9fc <unknown>
#21 0x5641fb22c763 <unknown>
#22 0x7ffa65e9caa4 <unknown>
#23 0x7ffa65f29c6c <unknown>

2026-01-15 19:30:38,030 - ERROR - [The Hindu] All scrape strategies failed for https://www.thehindu.com/news/national/west-bengal/govt-offices-attacked-during-sir-hearings-in-west-bengal/article70513027.ece. Falling back to RSS description.
2026-01-15 19:30:38,030 - WARNING - SKIPPED (GLOBAL WORD LIMIT): Article 'Govt offices attacked during SIR hearings in West Bengal' from The Hindu has only 25 words (Min: 90).
2026-01-15 19:31:21,921 - INFO - Saved article: Anger in Iceland over incoming US ambassador’s ‘52nd state’ joke | Iceland | The Guardian from The Guardian (564 words)
2026-01-15 19:31:21,921 - INFO - [BBC] Early skip: URL https://www.bbc.com/news/videos/c3wz4v8xl8wo?at_medium=RSS&at_campaign=rss already exists.
2026-01-15 19:31:22,172 - INFO - [The Hindu] Early skip: URL https://www.thehindu.com/news/cities/mumbai/maharashtra-civic-polls-young-voters-left-confused-over-new-alliances-in-mumbai/article70512642.ece already exists.
2026-01-15 19:31:22,441 - INFO - [BBC] Early skip: URL https://www.bbc.com/news/videos/cd7z8p0nq8jo?at_medium=RSS&at_campaign=rss already exists.
2026-01-15 19:31:22,647 - INFO - [The Hindu] Early skip: URL https://www.thehindu.com/news/national/punjab/punjab-cm-mann-appears-before-akal-takht-secretariat-to-clarify-remarks-on-sikh-traditions/article70512956.ece already exists.
2026-01-15 19:31:22,941 - INFO - [BBC] Article: https://www.bbc.com/news/videos/c4g0d892p7go?at_medium=RSS&at_campaign=rss
2026-01-15 19:31:22,941 - INFO - [BBC] Attempt 1/1: Trying with 'requests_browser' strategy...
2026-01-15 19:31:22,942 - INFO - [The Hindu] Article: https://www.thehindu.com/news/national/india-planning-evacuation-of-nationals-from-iran-official-sources/article70512927.ece
2026-01-15 19:31:22,942 - INFO - [The Hindu] Attempt 1/1: Trying with 'selenium_browser' strategy...
2026-01-15 19:31:23,030 - WARNING - [BBC] FAILED with 'requests_browser' (content was too short: 68 words).
2026-01-15 19:31:23,030 - ERROR - [BBC] All scrape strategies failed for https://www.bbc.com/news/videos/c4g0d892p7go?at_medium=RSS&at_campaign=rss. Falling back to RSS description.
2026-01-15 19:31:23,030 - WARNING - SKIPPED (GLOBAL WORD LIMIT): Article 'Trump vows 'very strong action' if Iran executes protesters' from BBC has only 22 words (Min: 90).
2026-01-15 19:31:23,285 - INFO - [The Guardian] Early skip: URL https://www.theguardian.com/tv-and-radio/2026/jan/15/eurovision-song-contest-tour-celebrate-70th-anniversary already exists.
2026-01-15 19:31:23,483 - INFO - [The Guardian] Early skip: URL https://www.theguardian.com/world/2026/jan/15/prado-director-madrid-art-museum-visitors already exists.
2026-01-15 19:31:23,592 - INFO - [The Guardian] Early skip: URL https://www.theguardian.com/uk-news/2026/jan/15/dutch-far-right-influencer-eva-vlaardingerbroek-banned already exists.
2026-01-15 19:31:23,892 - INFO - [The Guardian] Early skip: URL https://www.theguardian.com/world/2026/jan/15/paulus-potter-the-bull-mauritshuis-dutch-painting-testicles already exists.
2026-01-15 19:31:24,132 - INFO - [The Guardian] Early skip: URL https://www.theguardian.com/world/live/2026/jan/15/trump-iran-protests-usa-response-airspace-killings-live-updates already exists.
2026-01-15 19:31:24,324 - INFO - [The Guardian] Article: https://www.theguardian.com/world/2026/jan/15/iran-protests-appear-to-slow-under-weight-of-brutal-crackdown
2026-01-15 19:31:24,324 - INFO - [The Guardian] Attempt 1/1: Trying with 'requests_browser' strategy...
2026-01-15 19:31:24,492 - INFO - [The Hindu] Page content loaded.
2026-01-15 19:31:24,501 - INFO - [The Guardian] Success with 'requests_browser'. Found content (965 words).
2026-01-15 19:31:24,636 - INFO - [The Hindu] Success with 'selenium_browser'. Found content (301 words).
2026-01-15 19:32:12,459 - INFO - DEDUPLICATION: Found match (Score: 0.88). Linking to Cluster ID: 0cbd29fb-44f6-4330-9a25-400ab6ebc01f
2026-01-15 19:32:12,462 - INFO - Saved article: Iran protests appear to slow under weight of brutal crackdown | Iran | The Guardian from The Guardian (965 words)
2026-01-15 19:32:18,625 - ERROR - [Times of India] Request failed for strategy 'selenium_browser' on URL https://timesofindia.indiatimes.com/world/us/not-made-in-us-trumps-t1-gold-phones-speculated-to-be-made-in-china-as-maga-supporters-wait-for-delivery/articleshow/126552379.cms: HTTPConnectionPool(host='localhost', port=48439): Read timed out. (read timeout=120)
2026-01-15 19:32:18,625 - ERROR - [Times of India] All scrape strategies failed for https://timesofindia.indiatimes.com/world/us/not-made-in-us-trumps-t1-gold-phones-speculated-to-be-made-in-china-as-maga-supporters-wait-for-delivery/articleshow/126552379.cms. Falling back to RSS description.
2026-01-15 19:32:18,625 - WARNING - SKIPPED (GLOBAL WORD LIMIT): Article 'Not made in US? Trump’s ‘T1’ gold phones speculated to be made in China' from Times of India has only 3 words (Min: 90).
2026-01-15 19:32:58,292 - INFO - DEDUPLICATION: Found match (Score: 0.74). Linking to Cluster ID: 44b8920c-3a5f-4811-9851-4e7143693d41
2026-01-15 19:32:58,294 - INFO - Saved article: India planning evacuation of nationals from Iran: Official sources - The Hindu from The Hindu (301 words)
2026-01-15 19:32:58,295 - INFO - [The Guardian] Early skip: URL https://www.theguardian.com/world/2026/jan/15/iran-protest-killings-trump-tehran-claims-no-executions already exists.
2026-01-15 19:32:58,473 - INFO - [Times of India] Article: https://timesofindia.indiatimes.com/world/us/india-low-on-using-immigration-attorney-on-whether-india-could-face-a-visa-freeze-ever-in-future/articleshow/126552220.cms
2026-01-15 19:32:58,473 - INFO - [Times of India] Attempt 1/1: Trying with 'selenium_browser' strategy...
2026-01-15 19:32:58,474 - INFO - [The Guardian] Early skip: URL https://www.theguardian.com/world/2026/jan/15/how-day-zero-water-shortages-in-iran-are-fuelling-protests already exists.
2026-01-15 19:32:58,589 - INFO - [The Guardian] Early skip: URL https://www.theguardian.com/world/live/2026/jan/14/iran-protests-live-updates-trump-us-action-death-toll-protester-executions-erfan-soltani already exists.
2026-01-15 19:32:58,973 - INFO - [The Hindu] Article: https://www.thehindu.com/news/national/tripura/tripura-cm-ready-to-accept-roman-script-for-kokborok-language-tipra-motha-claims/article70512954.ece
2026-01-15 19:32:58,973 - INFO - [The Hindu] Attempt 1/1: Trying with 'selenium_browser' strategy...
2026-01-15 19:33:00,027 - INFO - [The Hindu] Page content loaded.
2026-01-15 19:33:00,071 - INFO - [The Hindu] Success with 'selenium_browser'. Found content (233 words).
2026-01-15 19:33:47,327 - INFO - Saved article: Tripura CM ready to accept Roman script for Kokborok language, Tipra Motha claims - The Hindu from The Hindu (233 words)
2026-01-15 19:33:48,359 - INFO - [The Hindu] Early skip: URL https://www.thehindu.com/news/national/sir-citizenship-election-commission-sc-petitioner-query/article70512859.ece already exists.
2026-01-15 19:33:48,650 - INFO - [The Hindu] Early skip: URL https://www.thehindu.com/entertainment/ar-rahman-says-hindi-film-industry-has-changed-over-past-eight-years-it-could-be-a-communal-thing/article70512923.ece already exists.
2026-01-15 19:33:48,936 - INFO - [The Hindu] Article: https://www.thehindu.com/shorts/firecrackers-hidden-in-parcels-spark-major-lorry-fire-in-thrissur/article70512919.ece
2026-01-15 19:33:48,936 - INFO - [The Hindu] Attempt 1/1: Trying with 'selenium_browser' strategy...
2026-01-15 19:34:00,076 - WARNING - [The Hindu] Page timed out (10s). Proceeding anyway.
2026-01-15 19:34:00,240 - WARNING - [The Hindu] FAILED with 'selenium_browser' (content was too short: 45 words).
2026-01-15 19:34:00,240 - ERROR - [The Hindu] All scrape strategies failed for https://www.thehindu.com/shorts/firecrackers-hidden-in-parcels-spark-major-lorry-fire-in-thrissur/article70512919.ece. Falling back to RSS description.
2026-01-15 19:34:00,241 - WARNING - SKIPPED (GLOBAL WORD LIMIT): Article 'Firecrackers hidden in parcels spark major lorry fire in Thrissur' from The Hindu has only 3 words (Min: 90).
2026-01-15 19:34:01,377 - INFO - [The Hindu] Article: https://www.thehindu.com/news/cities/mumbai/maharashtra-civic-body-election-exit-poll-predictions-bjp-shiv-sena/article70512892.ece
2026-01-15 19:34:01,377 - INFO - [The Hindu] Attempt 1/1: Trying with 'selenium_browser' strategy...
2026-01-15 19:34:02,043 - INFO - [The Hindu] Page content loaded.
2026-01-15 19:34:02,334 - INFO - [The Hindu] Success with 'selenium_browser'. Found content (531 words).
2026-01-15 19:34:51,334 - INFO - DEDUPLICATION: Found match (Score: 0.80). Linking to Cluster ID: 0e2b5d4a-24b5-43f7-9f07-5c74b7f1f1f4
2026-01-15 19:34:51,337 - INFO - Saved article: Maharashtra civic polls: In battle for Mumbai, exit polls predict clear win for BJP-Shiv Sena alliance - The Hindu from The Hindu (531 words)
2026-01-15 19:34:52,214 - INFO - [The Hindu] Article: https://www.thehindu.com/shorts/sec-rejects-claims-of-ink-fraud-in-mumbai-civic-polls/article70512901.ece
2026-01-15 19:34:52,214 - INFO - [The Hindu] Attempt 1/1: Trying with 'selenium_browser' strategy...
2026-01-15 19:34:58,509 - ERROR - [Times of India] Request failed for strategy 'selenium_browser' on URL https://timesofindia.indiatimes.com/world/us/india-low-on-using-immigration-attorney-on-whether-india-could-face-a-visa-freeze-ever-in-future/articleshow/126552220.cms: HTTPConnectionPool(host='localhost', port=48439): Read timed out. (read timeout=120)
2026-01-15 19:34:58,509 - ERROR - [Times of India] All scrape strategies failed for https://timesofindia.indiatimes.com/world/us/india-low-on-using-immigration-attorney-on-whether-india-could-face-a-visa-freeze-ever-in-future/articleshow/126552220.cms. Falling back to RSS description.
2026-01-15 19:34:58,509 - WARNING - SKIPPED (GLOBAL WORD LIMIT): Article ''India low on using...': Immigration attorney on whether India could face a visa freeze ever in future' from Times of India has only 3 words (Min: 90).
2026-01-15 19:34:59,688 - INFO - [Times of India] Article: https://timesofindia.indiatimes.com/etimes/trending/after-52-years-hunting-top-expert-delivers-final-verdict-on-the-loch-ness-monster/articleshow/126551752.cms
2026-01-15 19:34:59,688 - INFO - [Times of India] Attempt 1/1: Trying with 'selenium_browser' strategy...
2026-01-15 19:35:03,567 - WARNING - [The Hindu] Page timed out (10s). Proceeding anyway.
2026-01-15 19:35:03,591 - WARNING - [The Hindu] FAILED with 'selenium_browser' (content was too short: 60 words).
2026-01-15 19:35:03,591 - ERROR - [The Hindu] All scrape strategies failed for https://www.thehindu.com/shorts/sec-rejects-claims-of-ink-fraud-in-mumbai-civic-polls/article70512901.ece. Falling back to RSS description.
2026-01-15 19:35:03,591 - WARNING - SKIPPED (GLOBAL WORD LIMIT): Article 'SEC rejects claims of ‘ink fraud’ in Mumbai civic polls' from The Hindu has only 3 words (Min: 90).
2026-01-15 19:35:04,752 - INFO - [The Hindu] Article: https://www.thehindu.com/shorts/ink-used-in-bmc-elections-can-be-easily-removed-sachin-sawant/article70512896.ece
2026-01-15 19:35:04,752 - INFO - [The Hindu] Attempt 1/1: Trying with 'selenium_browser' strategy...
2026-01-15 19:35:10,367 - CRITICAL - --- TIMEOUT: 2 scrape jobs did not complete in 300s. ---
2026-01-15 19:35:10,367 - ERROR - A thread has timed out and will be abandoned.
2026-01-15 19:35:10,367 - ERROR - A thread has timed out and will be abandoned.
2026-01-15 19:35:10,367 - INFO - Shutting down thread pool (wait=False)...
2026-01-15 19:35:10,367 - INFO - Scraped: 2 The Guardian, 0 BBC, 2 Timed_Out_Jobs articles. (Total saved: 2)
2026-01-15 19:35:10,367 - INFO - --- Scraping job finished ---
2026-01-15 19:35:10,367 - INFO - --- Scraper service stopped and database connection closed. ---
2026-01-15 19:35:10,367 - INFO - --- Main thread finished. Forcing process exit to kill zombie threads. ---
