2026-02-13 08:53:28,071 - INFO - Loading AI Semantic Model (all-MiniLM-L4-v2)...
2026-02-13 08:53:28,072 - INFO - Use pytorch device_name: cpu
2026-02-13 08:53:28,072 - INFO - Load pretrained SentenceTransformer: all-MiniLM-L4-v2
2026-02-13 08:53:28,186 - INFO - HTTP Request: HEAD https://huggingface.co/sentence-transformers/all-MiniLM-L4-v2/resolve/main/modules.json "HTTP/1.1 401 Unauthorized"
2026-02-13 08:53:28,186 - WARNING - No sentence-transformers model found with name sentence-transformers/all-MiniLM-L4-v2. Creating a new one with mean pooling.
2026-02-13 08:53:28,221 - INFO - HTTP Request: HEAD https://huggingface.co/sentence-transformers/all-MiniLM-L4-v2/resolve/main/adapter_config.json "HTTP/1.1 401 Unauthorized"
2026-02-13 08:53:28,221 - CRITICAL - Failed to load AI model: sentence-transformers/all-MiniLM-L4-v2 is not a local folder and is not a valid model identifier listed on 'https://huggingface.co/models'
If this is a private repository, make sure to pass a token having permission to this repo either by logging in with `hf auth login` or by passing `token=<your_token>`. Clustering is disabled.
2026-02-13 08:53:28,222 - INFO - --- Scraper service started (CI Mode: Run Once) ---
2026-02-13 08:53:28,222 - INFO - --- Starting new scraping job (Parallel Mode) ---
2026-02-13 08:53:28,222 - INFO - Creating new robust session with 3 retries on 5xx/connection/read errors.
2026-02-13 08:53:28,222 - INFO - Proxy is DISABLED.
2026-02-13 08:53:28,222 - INFO - Starting scrape for BBC RSS feed: http://feeds.bbci.co.uk/news/world/rss.xml
2026-02-13 08:53:28,224 - INFO - [Times of India] (Thread) requires Selenium. Initializing driver...
2026-02-13 08:53:28,225 - INFO - Starting scrape for TechCrunch RSS feed: https://techcrunch.com/feed/
2026-02-13 08:53:28,226 - INFO - Starting scrape for The Guardian RSS feed: https://www.theguardian.com/world/rss
2026-02-13 08:53:28,227 - INFO - [The Hindu] (Thread) requires Selenium. Initializing driver...
2026-02-13 08:53:28,227 - INFO - Submitted 5 jobs to thread pool. Waiting up to 300s for completion...
2026-02-13 08:53:28,392 - INFO - Found 25 articles in BBC RSS feed. Processing until 20 new articles are saved.
2026-02-13 08:53:28,413 - INFO - [BBC] Early skip: URL https://www.bbc.com/news/articles/cn0zdd7yl4vo?at_medium=RSS&at_campaign=rss already exists.
2026-02-13 08:53:28,416 - INFO - [BBC] Early skip: URL https://www.bbc.com/news/articles/cvg8xjm8932o?at_medium=RSS&at_campaign=rss already exists.
2026-02-13 08:53:28,417 - INFO - [BBC] Early skip: URL https://www.bbc.com/news/articles/c2lr9w29zwyo?at_medium=RSS&at_campaign=rss already exists.
2026-02-13 08:53:28,419 - INFO - [BBC] Early skip: URL https://www.bbc.com/news/articles/cn0e1g7kwglo?at_medium=RSS&at_campaign=rss already exists.
2026-02-13 08:53:28,421 - INFO - [BBC] Early skip: URL https://www.bbc.com/news/articles/cwygxz81330o?at_medium=RSS&at_campaign=rss already exists.
2026-02-13 08:53:28,423 - INFO - [BBC] Early skip: URL https://www.bbc.com/news/articles/c2e4791re38o?at_medium=RSS&at_campaign=rss already exists.
2026-02-13 08:53:28,425 - INFO - [BBC] Early skip: URL https://www.bbc.com/news/articles/clyz2x4yzqgo?at_medium=RSS&at_campaign=rss already exists.
2026-02-13 08:53:28,428 - INFO - [BBC] Early skip: URL https://www.bbc.com/news/articles/cr5lmg9l1y7o?at_medium=RSS&at_campaign=rss already exists.
2026-02-13 08:53:28,430 - INFO - [BBC] Early skip: URL https://www.bbc.com/news/articles/c5yqr8eggvwo?at_medium=RSS&at_campaign=rss already exists.
2026-02-13 08:53:28,436 - INFO - [BBC] Early skip: URL https://www.bbc.com/news/articles/cr5lmgdmy9mo?at_medium=RSS&at_campaign=rss already exists.
2026-02-13 08:53:28,438 - INFO - [BBC] Early skip: URL https://www.bbc.com/news/articles/cpv8zwxwp2eo?at_medium=RSS&at_campaign=rss already exists.
2026-02-13 08:53:28,441 - INFO - [BBC] Early skip: URL https://www.bbc.com/news/articles/c931zzzep0eo?at_medium=RSS&at_campaign=rss already exists.
2026-02-13 08:53:28,446 - INFO - [BBC] Early skip: URL https://www.bbc.com/news/articles/cvgk4vl30vko?at_medium=RSS&at_campaign=rss already exists.
2026-02-13 08:53:28,447 - INFO - [BBC] Early skip: URL https://www.bbc.com/news/articles/c5y2ypzn1g5o?at_medium=RSS&at_campaign=rss already exists.
2026-02-13 08:53:28,449 - INFO - [BBC] Early skip: URL https://www.bbc.com/news/articles/czj17z7l9jmo?at_medium=RSS&at_campaign=rss already exists.
2026-02-13 08:53:28,450 - INFO - [BBC] Early skip: URL https://www.bbc.com/news/articles/c4g5pjn3p50o?at_medium=RSS&at_campaign=rss already exists.
2026-02-13 08:53:28,451 - INFO - [BBC] Early skip: URL https://www.bbc.com/news/articles/c0rjg9ddgkqo?at_medium=RSS&at_campaign=rss already exists.
2026-02-13 08:53:28,453 - INFO - [BBC] Early skip: URL https://www.bbc.com/news/articles/c2d7wk98xkko?at_medium=RSS&at_campaign=rss already exists.
2026-02-13 08:53:28,454 - INFO - [BBC] Early skip: URL https://www.bbc.com/news/articles/crk845r4vlyo?at_medium=RSS&at_campaign=rss already exists.
2026-02-13 08:53:28,456 - INFO - [BBC] Article: https://www.bbc.com/news/videos/c99jr58m4z4o?at_medium=RSS&at_campaign=rss
2026-02-13 08:53:28,456 - INFO - [BBC] Attempt 1/1: Trying with 'requests_browser' strategy...
2026-02-13 08:53:28,477 - INFO - Found 45 articles in The Guardian RSS feed. Processing until 20 new articles are saved.
2026-02-13 08:53:28,477 - INFO - [The Guardian] Early skip: URL https://www.theguardian.com/world/2026/feb/09/deaths-migrant-boat-capsizes-mediterranean-libya already exists.
2026-02-13 08:53:28,479 - INFO - [The Guardian] Early skip: URL https://www.theguardian.com/music/2026/feb/09/ebo-taylor-ghanaian-highlife-pioneer-dies-age-90 already exists.
2026-02-13 08:53:28,480 - INFO - [The Guardian] Early skip: URL https://www.theguardian.com/environment/2026/feb/09/weather-tracker-spain-and-portugal-hit-by-third-fatal-storm already exists.
2026-02-13 08:53:28,481 - INFO - [The Guardian] Early skip: URL https://www.theguardian.com/world/2026/feb/07/sudan-rsf-drone-attack-rahad-kills-displaced-people already exists.
2026-02-13 08:53:28,482 - INFO - [The Guardian] Early skip: URL https://www.theguardian.com/global-development/2026/feb/07/businesses-close-protest-malawi-tax-changes-electronic-invoicing-system already exists.
2026-02-13 08:53:28,484 - INFO - [The Guardian] Early skip: URL https://www.theguardian.com/world/2026/feb/13/tumbler-ridge-shooting-victims-remembered-canada already exists.
2026-02-13 08:53:28,485 - INFO - [The Guardian] Early skip: URL https://www.theguardian.com/world/2026/feb/12/police-visited-home-of-tumbler-ridge-suspect-multiple-times-over-mental-health-concerns already exists.
2026-02-13 08:53:28,486 - INFO - [The Guardian] Early skip: URL https://www.theguardian.com/world/2026/feb/12/mexico-cuba-aid-oil-trump already exists.
2026-02-13 08:53:28,487 - INFO - [The Guardian] Early skip: URL https://www.theguardian.com/world/2026/feb/12/venezuela-protests-activists-nicolas-maduro-donald-trump-caracas already exists.
2026-02-13 08:53:28,489 - INFO - [The Guardian] Early skip: URL https://www.theguardian.com/world/2026/feb/12/sao-paulo-law-dogs-bond already exists.
2026-02-13 08:53:28,490 - INFO - [The Guardian] Early skip: URL https://www.theguardian.com/world/2026/feb/13/japan-seizes-chinese-fishing-boat already exists.
2026-02-13 08:53:28,495 - INFO - [The Guardian] Early skip: URL https://www.theguardian.com/world/2026/feb/12/kim-jong-un-daughter-future-leader-north-korea-south already exists.
2026-02-13 08:53:28,497 - INFO - [The Guardian] Early skip: URL https://www.theguardian.com/world/2026/feb/11/kwok-yin-sang-father-hong-kong-activist-anna-kwok-convicted already exists.
2026-02-13 08:53:28,498 - INFO - [The Guardian] Early skip: URL https://www.theguardian.com/world/2026/feb/10/greek-air-force-officer-arrested-on-suspicion-of-spying-for-china already exists.
2026-02-13 08:53:28,499 - INFO - [The Guardian] Early skip: URL https://www.theguardian.com/world/2026/feb/10/jimmy-lai-jail-sentence-hong-kong-press already exists.
2026-02-13 08:53:28,500 - INFO - [The Guardian] Early skip: URL https://www.theguardian.com/environment/2026/feb/13/qld-coalmine-expansion-approved-by-albanese-government-will-clear-habitat-and-fuel-climate-crisis-scientists-say already exists.
2026-02-13 08:53:28,501 - INFO - [The Guardian] Early skip: URL https://www.theguardian.com/australia-news/live/2026/feb/13/australia-politics-live-liberals-leadership-spill-vote-angus-taylor-sussan-ley-libspill-anthony-albanese-indigenous-apology-anniversary-ntwnfb already exists.
2026-02-13 08:53:28,503 - INFO - [The Guardian] Early skip: URL https://www.theguardian.com/australia-news/2026/feb/13/sydney-shuttle-bus-swimwear-ban already exists.
2026-02-13 08:53:28,504 - INFO - [The Guardian] Early skip: URL https://www.theguardian.com/australia-news/2026/feb/13/us-man-linked-to-wieambilla-shooters-jailed-years-ntwnfb already exists.
2026-02-13 08:53:28,505 - INFO - [The Guardian] Early skip: URL https://www.theguardian.com/australia-news/2026/feb/13/police-watchdog-to-investigate-alleged-police-brutality-at-sydney-protest-against-isaac-herzog-ntwnfb already exists.
2026-02-13 08:53:28,506 - INFO - [The Guardian] Early skip: URL https://www.theguardian.com/us-news/2026/feb/13/democrats-munich-security-conference-urge-europe-stand-up-to-trump already exists.
2026-02-13 08:53:28,507 - INFO - [The Guardian] Early skip: URL https://www.theguardian.com/world/2026/feb/13/everything-is-frozen-bitter-winter-drags-on-for-kyiv-residents-as-russia-wipes-out-power already exists.
2026-02-13 08:53:28,509 - INFO - [The Guardian] Early skip: URL https://www.theguardian.com/world/2026/feb/13/food-firms-urge-europe-not-to-ban-calling-non-meat-products-sausages already exists.
2026-02-13 08:53:28,510 - INFO - [The Guardian] Early skip: URL https://www.theguardian.com/world/2026/feb/12/eu-leaders-clash-buy-european-belgium-summit already exists.
2026-02-13 08:53:28,511 - INFO - [The Guardian] Early skip: URL https://www.theguardian.com/world/2026/feb/12/pentagon-policy-chief-tells-european-nato-members-to-step-up-combat-capabilities already exists.
2026-02-13 08:53:28,512 - INFO - [The Guardian] Early skip: URL https://www.theguardian.com/world/2026/feb/13/israeli-journalists-fear-press-freedom-uk-billionaire-sells-tv-channel-stake already exists.
2026-02-13 08:53:28,513 - INFO - [The Guardian] Early skip: URL https://www.theguardian.com/business/2026/feb/13/tony-blair-oil-lobbying-fossil-fuel-industry-renewables-energy-bills already exists.
2026-02-13 08:53:28,515 - INFO - [The Guardian] Early skip: URL https://www.theguardian.com/world/2026/feb/12/five-plots-to-kill-syrian-president-or-ministers-were-foiled-last-year-says-un already exists.
2026-02-13 08:53:28,516 - INFO - [The Guardian] Early skip: URL https://www.theguardian.com/world/2026/feb/11/marwan-barghouti-son-uk-father-release-palestine-renewal already exists.
2026-02-13 08:53:28,517 - INFO - [The Guardian] Early skip: URL https://www.theguardian.com/world/2026/feb/11/iran-president-denies-it-seeks-nuclear-weapon-admits-shame-after-protests already exists.
2026-02-13 08:53:28,518 - INFO - [The Guardian] Early skip: URL https://www.theguardian.com/global-development/2026/feb/13/invisible-children-born-in-the-brothels-of-bangladesh-finally-get-birth-certificates already exists.
2026-02-13 08:53:28,520 - INFO - [The Guardian] Early skip: URL https://www.theguardian.com/world/2026/feb/13/bangladesh-election-bnp-wins already exists.
2026-02-13 08:53:28,521 - INFO - [The Guardian] Early skip: URL https://www.theguardian.com/world/2026/feb/12/tarique-rahman-bnp-bangladesh-election already exists.
2026-02-13 08:53:28,522 - INFO - [The Guardian] Early skip: URL https://www.theguardian.com/world/2026/feb/11/bangladesh-election-islamist-party-women-freedoms already exists.
2026-02-13 08:53:28,523 - INFO - [The Guardian] Early skip: URL https://www.theguardian.com/global-development/2026/feb/10/traditional-food-could-help-reverse-nepals-diabetes-epidemic-studies-suggest already exists.
2026-02-13 08:53:28,525 - INFO - [The Guardian] Article: https://www.theguardian.com/politics/2026/feb/13/reform-uk-kent-council-extreme-risk-pass-first-budget
2026-02-13 08:53:28,525 - INFO - [The Guardian] Attempt 1/1: Trying with 'requests_browser' strategy...
2026-02-13 08:53:28,728 - WARNING - [BBC] FAILED with 'requests_browser' (content was too short: 71 words).
2026-02-13 08:53:28,729 - ERROR - [BBC] All scrape strategies failed for https://www.bbc.com/news/videos/c99jr58m4z4o?at_medium=RSS&at_campaign=rss. Falling back to RSS description.
2026-02-13 08:53:28,729 - WARNING - SKIPPED (GLOBAL WORD LIMIT): Article ''My son is dead': Swiss bar owners confronted by fire victim families' from BBC has only 20 words (Min: 90).
2026-02-13 08:53:28,786 - INFO - [The Guardian] Success with 'requests_browser'. Found content (454 words).
2026-02-13 08:53:29,062 - INFO - Saved article: Reform UK’s Kent council faces ‘extreme risk’ after passing first budget | Reform UK | The Guardian from The Guardian (454 words)
2026-02-13 08:53:29,075 - INFO - Selenium driver initialized successfully.
2026-02-13 08:53:29,075 - INFO - Starting scrape for Times of India RSS feed: https://timesofindia.indiatimes.com/rssfeeds/296589292.cms
2026-02-13 08:53:29,077 - INFO - Selenium driver initialized successfully.
2026-02-13 08:53:29,077 - INFO - Starting scrape for The Hindu RSS feed: https://www.thehindu.com/news/national/feeder/default.rss
2026-02-13 08:53:29,284 - INFO - Found 100 articles in The Hindu RSS feed. Processing until 20 new articles are saved.
2026-02-13 08:53:29,285 - INFO - [The Hindu] Article: https://www.thehindu.com/news/national/father-of-jaahnavi-kandula-dies-before-death-settlement/article70627566.ece
2026-02-13 08:53:29,285 - INFO - [The Hindu] Attempt 1/1: Trying with 'selenium_browser' strategy...
2026-02-13 08:53:29,480 - INFO - Found 20 articles in Times of India RSS feed. Processing until 20 new articles are saved.
2026-02-13 08:53:29,480 - INFO - [Times of India] Article: https://timesofindia.indiatimes.com/world/rest-of-world/egypt-lifts-massive-stones-from-the-2000-year-old-lighthouse-of-alexandria-buried-beneath-the-sea/articleshow/128293331.cms
2026-02-13 08:53:29,480 - INFO - [Times of India] Attempt 1/1: Trying with 'selenium_browser' strategy...
2026-02-13 08:53:29,661 - INFO - Found 0 articles in TechCrunch RSS feed. Processing until 20 new articles are saved.
2026-02-13 08:53:29,675 - INFO - [BBC] Article: https://www.bbc.com/news/videos/c2047rm71npo?at_medium=RSS&at_campaign=rss
2026-02-13 08:53:29,675 - INFO - [BBC] Attempt 1/1: Trying with 'requests_browser' strategy...
2026-02-13 08:53:29,745 - WARNING - [BBC] FAILED with 'requests_browser' (content was too short: 46 words).
2026-02-13 08:53:29,745 - ERROR - [BBC] All scrape strategies failed for https://www.bbc.com/news/videos/c2047rm71npo?at_medium=RSS&at_campaign=rss. Falling back to RSS description.
2026-02-13 08:53:29,745 - WARNING - SKIPPED (GLOBAL WORD LIMIT): Article 'Three issues that matter to voters in the Bangladesh election' from BBC has only 18 words (Min: 90).
2026-02-13 08:53:30,211 - INFO - [The Guardian] Early skip: URL https://www.theguardian.com/environment/2026/feb/13/river-thames-ham-london-swimming-bathing-water already exists.
2026-02-13 08:53:30,212 - INFO - [The Guardian] Early skip: URL https://www.theguardian.com/money/2026/feb/13/first-time-buyers-low-deposit-mortgages-uk-banks-building-societies already exists.
2026-02-13 08:53:30,213 - INFO - [The Guardian] Early skip: URL https://www.theguardian.com/environment/2026/feb/13/small-signs-of-recovery-scotland-rare-capercaillie-bird already exists.
2026-02-13 08:53:30,215 - INFO - [The Guardian] Early skip: URL https://www.theguardian.com/news/audio/2026/feb/13/wes-streeting-keir-starmer-next-prime-minister-podcast already exists.
2026-02-13 08:53:30,216 - INFO - [The Guardian] Early skip: URL https://www.theguardian.com/us-news/live/2026/feb/12/trump-tariffs-canada-republicans-democrats-ice-bovino-pam-bondi-jeffrey-epstein-latest-news-updates already exists.
2026-02-13 08:53:30,217 - INFO - [The Guardian] Early skip: URL https://www.theguardian.com/us-news/2026/feb/12/goldman-sachs-lawyer-resigns-jeffrey-epstein already exists.
2026-02-13 08:53:30,218 - INFO - [The Guardian] Early skip: URL https://www.theguardian.com/us-news/2026/feb/12/pride-flag-reinstated-stonewall already exists.
2026-02-13 08:53:30,220 - INFO - [The Guardian] Early skip: URL https://www.theguardian.com/us-news/2026/feb/12/trump-racist-video-staffer already exists.
2026-02-13 08:53:30,221 - INFO - [The Guardian] Early skip: URL https://www.theguardian.com/us-news/2026/feb/12/florida-pickleball-brawl already exists.
2026-02-13 08:53:30,602 - INFO - [BBC] Early skip: URL https://www.bbc.com/news/videos/cewz2lxq2gvo?at_medium=RSS&at_campaign=rss already exists.
2026-02-13 08:53:30,604 - INFO - [BBC] Early skip: URL https://www.bbc.com/news/videos/cy8g741k920o?at_medium=RSS&at_campaign=rss already exists.
2026-02-13 08:53:30,606 - INFO - [BBC] Article: https://www.bbc.com/news/videos/cdxzl7n9w0vo?at_medium=RSS&at_campaign=rss
2026-02-13 08:53:30,606 - INFO - [BBC] Attempt 1/1: Trying with 'requests_browser' strategy...
2026-02-13 08:53:30,681 - WARNING - [BBC] FAILED with 'requests_browser' (content was too short: 49 words).
2026-02-13 08:53:30,681 - ERROR - [BBC] All scrape strategies failed for https://www.bbc.com/news/videos/cdxzl7n9w0vo?at_medium=RSS&at_campaign=rss. Falling back to RSS description.
2026-02-13 08:53:30,681 - WARNING - SKIPPED (GLOBAL WORD LIMIT): Article 'BBC reports from outside court after Jimmy Lai sentencing' from BBC has only 17 words (Min: 90).
2026-02-13 08:53:31,858 - INFO - [BBC] Article: https://www.bbc.com/news/videos/c30934lqv68o?at_medium=RSS&at_campaign=rss
2026-02-13 08:53:31,861 - INFO - [BBC] Attempt 1/1: Trying with 'requests_browser' strategy...
2026-02-13 08:53:32,093 - WARNING - [BBC] FAILED with 'requests_browser' (content was too short: 82 words).
2026-02-13 08:53:32,093 - ERROR - [BBC] All scrape strategies failed for https://www.bbc.com/news/videos/c30934lqv68o?at_medium=RSS&at_campaign=rss. Falling back to RSS description.
2026-02-13 08:53:32,093 - WARNING - SKIPPED (GLOBAL WORD LIMIT): Article ''Super exciting!' - Seahawks fans celebrate Super Bowl win' from BBC has only 14 words (Min: 90).
2026-02-13 08:53:35,542 - INFO - [The Hindu] Page content loaded.
2026-02-13 08:53:35,633 - INFO - [The Hindu] Success with 'selenium_browser'. Found content (175 words).
2026-02-13 08:53:35,798 - INFO - Saved article: Father of Indian student killed in U.S. dies just before $29 million settlement - The Hindu from The Hindu (175 words)
2026-02-13 08:53:37,280 - INFO - [The Hindu] Article: https://www.thehindu.com/news/national/tamil-nadu/youth-plays-vijay-movie-song-over-palani-temple-pa-system-loudspeaker-police-case-registered/article70627575.ece
2026-02-13 08:53:37,280 - INFO - [The Hindu] Attempt 1/1: Trying with 'selenium_browser' strategy...
2026-02-13 08:53:40,501 - INFO - [The Hindu] Page content loaded.
2026-02-13 08:53:40,701 - INFO - [The Hindu] Success with 'selenium_browser'. Found content (217 words).
2026-02-13 08:53:40,879 - INFO - Saved article: Youth booked for playing Vijay’s film song over Palani temple’s public address system - The Hindu from The Hindu (217 words)
2026-02-13 08:53:41,474 - INFO - [The Hindu] Article: https://www.thehindu.com/news/national/himachal-pradesh/supreme-court-asks-himachal-pradesh-govt-sec-to-hold-local-body-polls-by-may-31/article70627549.ece
2026-02-13 08:53:41,474 - INFO - [The Hindu] Attempt 1/1: Trying with 'selenium_browser' strategy...
2026-02-13 08:53:44,152 - INFO - [The Hindu] Page content loaded.
2026-02-13 08:53:44,310 - INFO - [The Hindu] Success with 'selenium_browser'. Found content (299 words).
2026-02-13 08:53:44,392 - INFO - Saved article: Supreme Court asks Himachal Pradesh govt, SEC to hold local body polls by May 31 - The Hindu from The Hindu (299 words)
2026-02-13 08:53:44,602 - INFO - [Times of India] Page content loaded.
2026-02-13 08:53:45,181 - INFO - [Times of India] Success with 'selenium_browser'. Found content (514 words).
2026-02-13 08:53:45,576 - INFO - [The Hindu] Article: https://www.thehindu.com/news/national/aiming-for-50-more-airports-in-5-years-will-provide-huge-real-estate-opportunities-aviation-minister-naidu/article70627522.ece
2026-02-13 08:53:45,576 - INFO - [The Hindu] Attempt 1/1: Trying with 'selenium_browser' strategy...
2026-02-13 08:53:45,671 - INFO - Saved article: Egypt lifts massive stones from the 2,000-year-old Lighthouse of Alexandria buried beneath the sea | World News - The Times of India from Times of India (514 words)
2026-02-13 08:53:46,649 - INFO - [The Hindu] Page content loaded.
2026-02-13 08:53:46,727 - INFO - [The Hindu] Success with 'selenium_browser'. Found content (251 words).
2026-02-13 08:53:46,838 - INFO - Saved article: Aiming for 50 more airports in 5 years, will provide huge real estate opportunities: Aviation Minister Naidu - The Hindu from The Hindu (251 words)
2026-02-13 08:53:47,027 - INFO - [Times of India] Article: https://timesofindia.indiatimes.com/world/middle-east/bharat-mela-2026-coming-to-kuwait-700-artists-set-to-showcase-indias-vibrant-heritage-at-green-island/articleshow/128293803.cms
2026-02-13 08:53:47,027 - INFO - [Times of India] Attempt 1/1: Trying with 'selenium_browser' strategy...
2026-02-13 08:53:48,321 - INFO - [The Hindu] Article: https://www.thehindu.com/news/national/what-is-a-substantive-motion-why-bjp-wants-rahul-gandhi-disqualified-from-lok-sabha/article70627499.ece
2026-02-13 08:53:48,321 - INFO - [The Hindu] Attempt 1/1: Trying with 'selenium_browser' strategy...
2026-02-13 08:53:50,816 - INFO - [The Hindu] Page content loaded.
2026-02-13 08:53:50,994 - INFO - [The Hindu] Success with 'selenium_browser'. Found content (557 words).
2026-02-13 08:53:51,088 - INFO - Saved article: What is a Substantive Motion, under which BJP MP is seeking Rahul Gandhi’s disqualification - The Hindu from The Hindu (557 words)
2026-02-13 08:53:52,000 - INFO - [The Hindu] Article: https://www.thehindu.com/news/national/tamil-nadu/with-33-donors-january-2026-sets-a-record-in-deceased-organ-donations-in-tn/article70624667.ece
2026-02-13 08:53:52,000 - INFO - [The Hindu] Attempt 1/1: Trying with 'selenium_browser' strategy...
2026-02-13 08:53:54,701 - INFO - [The Hindu] Page content loaded.
2026-02-13 08:53:55,250 - INFO - [The Hindu] Success with 'selenium_browser'. Found content (364 words).
2026-02-13 08:53:55,395 - INFO - Saved article: With 33 donors, January 2026 sets a record in deceased organ donations in Tamil Nadu - The Hindu from The Hindu (364 words)
2026-02-13 08:53:56,544 - INFO - [The Hindu] Article: https://www.thehindu.com/news/national/tamil-nadu/high-courts-cannot-order-conduct-of-counselling-beyond-admission-deadline-even-if-medical-seats-go-vacant-madras-hc/article70627193.ece
2026-02-13 08:53:56,545 - INFO - [The Hindu] Attempt 1/1: Trying with 'selenium_browser' strategy...
2026-02-13 08:53:59,771 - INFO - [The Hindu] Page content loaded.
2026-02-13 08:53:59,864 - INFO - [The Hindu] Success with 'selenium_browser'. Found content (660 words).
2026-02-13 08:53:59,976 - INFO - Saved article: High Courts cannot order conduct of counselling beyond admission deadline even if medical seats go vacant: Madras HC - The Hindu from The Hindu (660 words)
2026-02-13 08:54:01,101 - INFO - [The Hindu] Early skip: URL https://www.thehindu.com/news/national/andhra-pradesh/nara-lokesh-says-govt-schools-will-be-upgraded-to-be-on-par-with-private-ones/article70627227.ece already exists.
2026-02-13 08:54:01,102 - INFO - [The Hindu] Early skip: URL https://www.thehindu.com/news/national/andhra-pradesh/software-engineer-killed-in-road-accident-in-chittoor/article70627439.ece already exists.
2026-02-13 08:54:01,104 - INFO - [The Hindu] Early skip: URL https://www.thehindu.com/news/national/tamil-nadu/teenage-brothers-killed-in-roof-collapse-in-tiruvannamalai/article70627282.ece already exists.
2026-02-13 08:54:01,105 - INFO - [The Hindu] Early skip: URL https://www.thehindu.com/news/national/supreme-court-grants-interim-bail-to-filmmaker-vikram-bhatts-wife-in-fraud-case/article70627434.ece already exists.
2026-02-13 08:54:01,108 - INFO - [The Hindu] Early skip: URL https://www.thehindu.com/news/national/tamil-nadu/state-highways-begins-work-on-outer-ring-road-in-tirupattur-town/article70624649.ece already exists.
2026-02-13 08:54:01,109 - INFO - [The Hindu] Early skip: URL https://www.thehindu.com/news/national/karnataka/prisoners-in-karnataka-sing-national-anthem-naada-geethe-twice-daily-to-promote-harmony-discipline-and-positivity/article70627320.ece already exists.
2026-02-13 08:54:01,111 - INFO - [The Hindu] Early skip: URL https://www.thehindu.com/videos/shows/what-explains-bengaluru-metro-annual-fare-hike-decode-karnataka/article70627428.ece already exists.
2026-02-13 08:54:01,116 - INFO - [The Hindu] Article: https://www.thehindu.com/shorts/there-is-no-way-anyone-can-decry-saying-this-economy-is-probably-dead-nirmala/article70627419.ece
2026-02-13 08:54:01,116 - INFO - [The Hindu] Attempt 1/1: Trying with 'selenium_browser' strategy...
2026-02-13 08:54:07,065 - ERROR - [Times of India] Request failed for strategy 'selenium_browser' on URL https://timesofindia.indiatimes.com/world/middle-east/bharat-mela-2026-coming-to-kuwait-700-artists-set-to-showcase-indias-vibrant-heritage-at-green-island/articleshow/128293803.cms: Message: timeout: Timed out receiving message from renderer: 19.952
  (Session info: chrome=144.0.7559.132)
Stacktrace:
#0 0x55ce30231a4a <unknown>
#1 0x55ce2fc4a6a2 <unknown>
#2 0x55ce2fc31d87 <unknown>
#3 0x55ce2fc31996 <unknown>
#4 0x55ce2fc2f4a1 <unknown>
#5 0x55ce2fc2fe2f <unknown>
#6 0x55ce2fc3f360 <unknown>
#7 0x55ce2fc59357 <unknown>
#8 0x55ce2fc6056b <unknown>
#9 0x55ce2fc30599 <unknown>
#10 0x55ce2fc590ec <unknown>
#11 0x55ce2fce8b68 <unknown>
#12 0x55ce2fc918b2 <unknown>
#13 0x55ce2fc926a1 <unknown>
#14 0x55ce301f78a9 <unknown>
#15 0x55ce301fa7b1 <unknown>
#16 0x55ce301e3ea9 <unknown>
#17 0x55ce301fb36e <unknown>
#18 0x55ce301ca410 <unknown>
#19 0x55ce3021f0c8 <unknown>
#20 0x55ce3021f29b <unknown>
#21 0x55ce30230db8 <unknown>
#22 0x7fe96489caa4 <unknown>
#23 0x7fe964929c6c <unknown>

2026-02-13 08:54:07,065 - ERROR - [Times of India] All scrape strategies failed for https://timesofindia.indiatimes.com/world/middle-east/bharat-mela-2026-coming-to-kuwait-700-artists-set-to-showcase-indias-vibrant-heritage-at-green-island/articleshow/128293803.cms. Falling back to RSS description.
2026-02-13 08:54:07,065 - WARNING - SKIPPED (GLOBAL WORD LIMIT): Article 'Bharat Mela 2026 coming to Kuwait: 700+ artists set to showcase India’s vibrant heritage at Green Island' from Times of India has only 45 words (Min: 90).
2026-02-13 08:54:07,849 - INFO - [Times of India] Article: https://timesofindia.indiatimes.com/world/rest-of-world/icelands-iconic-black-sand-beach-is-vanishing-in-a-shocking-transformation-heres-why/articleshow/128292303.cms
2026-02-13 08:54:07,849 - INFO - [Times of India] Attempt 1/1: Trying with 'selenium_browser' strategy...
2026-02-13 08:54:08,499 - INFO - [Times of India] Page content loaded.
2026-02-13 08:54:08,590 - INFO - [Times of India] Success with 'selenium_browser'. Found content (382 words).
2026-02-13 08:54:08,675 - INFO - Saved article: Iceland’s iconic black sand beach is vanishing in a shocking transformation; here’s why | World News - The Times of India from Times of India (382 words)
2026-02-13 08:54:09,434 - INFO - [Times of India] Early skip: URL https://timesofindia.indiatimes.com/world/middle-east/uae-updates-foundation-stage-admission-criteria-for-british-schools-key-changes-explained/articleshow/128290637.cms already exists.
2026-02-13 08:54:09,435 - INFO - [Times of India] Early skip: URL https://timesofindia.indiatimes.com/world/middle-east/uae-announces-reduced-working-hours-for-public-and-private-sector-employees-this-ramadan/articleshow/128288948.cms already exists.
2026-02-13 08:54:09,437 - INFO - [Times of India] Early skip: URL https://timesofindia.indiatimes.com/world/middle-east/uae-ministry-of-education-announces-friday-remote-learning-during-ramadan/articleshow/128287727.cms already exists.
2026-02-13 08:54:09,438 - INFO - [Times of India] Early skip: URL https://timesofindia.indiatimes.com/world/us-streamers/plaqueboymax-reveals-tyla-dms-live-on-twitch-then-deletes-valentine-voice-note-before-nba-all-star-weekend/articleshow/128281384.cms already exists.
2026-02-13 08:54:09,439 - INFO - [Times of India] Early skip: URL https://timesofindia.indiatimes.com/world/us-streamers/clavicular-breaks-silence-after-felony-forgery-and-drug-charges-dropped-in-arizona-state-university-arrest-case/articleshow/128280631.cms already exists.
2026-02-13 08:54:09,440 - INFO - [Times of India] Early skip: URL https://timesofindia.indiatimes.com/world/us-streamers/its-still-on-the-studio-shelf-tpusa-clears-air-after-candace-owens-speculates-on-charlie-kirk-wedding-photo-moved-by-erika-kirk/articleshow/128278890.cms already exists.
2026-02-13 08:54:09,442 - INFO - [Times of India] Early skip: URL https://timesofindia.indiatimes.com/etimes/trending/doj-files-reveal-exactly-how-jeffrey-epstein-makes-his-coffee-full-step-by-step-guide-inside/articleshow/128276173.cms already exists.
2026-02-13 08:54:09,443 - INFO - [Times of India] Early skip: URL https://timesofindia.indiatimes.com/science/water-and-oxygen-arent-enough-scientists-reveal-two-must-have-ingredients-for-life-on-other-planets/articleshow/128272637.cms already exists.
2026-02-13 08:54:09,444 - INFO - [Times of India] Early skip: URL https://timesofindia.indiatimes.com/world/us/republican-slams-purdue-university-for-hiring-h-1b-worker-for-149000-software-engineer-role-are-there-no-qualified-americans/articleshow/128274771.cms already exists.
2026-02-13 08:54:09,445 - INFO - [Times of India] Early skip: URL https://timesofindia.indiatimes.com/world/uk/major-row-over-britains-nato-envoy-angus-lapsley-bringing-intern-girlfriend-half-his-age-to-official-residence-they-are-not-hiding-it/articleshow/128274284.cms already exists.
2026-02-13 08:54:09,446 - INFO - [Times of India] Early skip: URL https://timesofindia.indiatimes.com/world/uk/british-indians-have-continually-helped-british-economy-prosper-since-wwii-report/articleshow/128273774.cms already exists.
2026-02-13 08:54:09,448 - INFO - [Times of India] Early skip: URL https://timesofindia.indiatimes.com/world/us/you-should-resign-shouting-match-erupts-between-josh-hawley-and-keith-ellison-over-fraud-probe/articleshow/128273768.cms already exists.
2026-02-13 08:54:09,449 - INFO - [Times of India] Early skip: URL https://timesofindia.indiatimes.com/world/uk/bangladeshi-migrant-avoids-deportation-from-uk-over-20-year-jail-sentence-imposed-under-sheikh-hasinas-regime-in-dhaka/articleshow/128273210.cms already exists.
2026-02-13 08:54:09,450 - INFO - [Times of India] Early skip: URL https://timesofindia.indiatimes.com/world/us/one-man-in-pakistan-second-in-texas-how-two-foreigners-duped-us-medicare-of-10-million/articleshow/128271991.cms already exists.
2026-02-13 08:54:09,452 - INFO - [Times of India] Early skip: URL https://timesofindia.indiatimes.com/world/us/who-is-andrew-paul-johnson-january-6-rioter-pardoned-by-trump-found-guilty-of-child-sex-abuse/articleshow/128270597.cms already exists.
2026-02-13 08:54:09,453 - INFO - [Times of India] Early skip: URL https://timesofindia.indiatimes.com/world/rest-of-world/she-was-the-last-person-to-deserve-this-father-recalls-final-moments-with-12-year-old-lgbtq-supporter-daughter-killed-by-trans-in-canada-shooting/articleshow/128268362.cms already exists.
2026-02-13 08:54:09,454 - INFO - [Times of India] Early skip: URL https://timesofindia.indiatimes.com/world/us/new-rules-limit-which-foreigners-will-get-a-commercial-driving-license-in-us-only-h-2a-h-2b-and-e-2-visa-holders/articleshow/128268194.cms already exists.
2026-02-13 08:54:09,455 - INFO - [Times of India] (Thread) Finished. Attempting to shut down its Selenium driver.
2026-02-13 08:54:09,708 - INFO - [Times of India] (Thread) driver.quit() successful.
2026-02-13 08:54:12,779 - WARNING - [The Hindu] Page timed out (10s). Proceeding anyway.
2026-02-13 08:54:12,926 - WARNING - [The Hindu] FAILED with 'selenium_browser' (content was too short: 48 words).
2026-02-13 08:54:12,926 - ERROR - [The Hindu] All scrape strategies failed for https://www.thehindu.com/shorts/there-is-no-way-anyone-can-decry-saying-this-economy-is-probably-dead-nirmala/article70627419.ece. Falling back to RSS description.
2026-02-13 08:54:12,926 - WARNING - SKIPPED (GLOBAL WORD LIMIT): Article 'There is no way anyone can decry saying this economy is probably dead: Nirmala' from The Hindu has only 3 words (Min: 90).
2026-02-13 08:54:13,649 - INFO - [The Hindu] Early skip: URL https://www.thehindu.com/news/national/kerala/kerala-motivational-speaker-and-former-police-officer-philip-mampad-detained-in-pocso-case/article70627315.ece already exists.
2026-02-13 08:54:13,650 - INFO - [The Hindu] Early skip: URL https://www.thehindu.com/news/national/telangana/telangana-municipal-poll-initial-results-indicate-congress-in-lead-brs-in-second-position/article70627302.ece already exists.
2026-02-13 08:54:13,651 - INFO - [The Hindu] Early skip: URL https://www.thehindu.com/news/national/parliament-budget-session-day-12-opposition-protest-lok-sabha/article70627287.ece already exists.
2026-02-13 08:54:13,652 - INFO - [The Hindu] Early skip: URL https://www.thehindu.com/news/national/opposition-mps-demand-hardeep-puris-resignation-over-alleged-links-with-epstein/article70627293.ece already exists.
2026-02-13 08:54:13,654 - INFO - [The Hindu] Early skip: URL https://www.thehindu.com/news/national/kerala/elephant-tusks-worth-2-crore-stolen-from-pangode-military-station-in-kerala/article70627254.ece already exists.
2026-02-13 08:54:13,655 - INFO - [The Hindu] Early skip: URL https://www.thehindu.com/news/cities/Coimbatore/bjp-to-begin-talks-on-seat-allocation-in-a-month-nainar-nagenthran/article70624981.ece already exists.
2026-02-13 08:54:13,656 - INFO - [The Hindu] Early skip: URL https://www.thehindu.com/news/national/tamil-nadu/dhinakaran-calls-for-regularisation-of-328-temporary-teaching-staff-in-anna-university-constituent-colleges/article70623646.ece already exists.
2026-02-13 08:54:13,657 - INFO - [The Hindu] Early skip: URL https://www.thehindu.com/news/cities/Hyderabad/love-in-the-time-of-quick-commerce-how-valentines-week-is-driving-pressure-and-loneliness/article70626932.ece already exists.
2026-02-13 08:54:13,659 - INFO - [The Hindu] Early skip: URL https://www.thehindu.com/news/national/maharashtra/workers-join-bharat-bandh-in-maharashtra-demand-to-scrap-new-labour-codes/article70625057.ece already exists.
2026-02-13 08:54:13,660 - INFO - [The Hindu] Early skip: URL https://www.thehindu.com/news/national/karnataka/congress-mlc-channaraj-hattiholi-dismisses-rumours-that-deputy-cm-dk-shivakumar-is-planning-coup-in-karnataka/article70625591.ece already exists.
2026-02-13 08:54:13,661 - INFO - [The Hindu] Early skip: URL https://www.thehindu.com/news/national/andhra-pradesh/gangavaram-police-station-si-station-writer-under-acb-special-court-investigation/article70627097.ece already exists.
2026-02-13 08:54:13,662 - INFO - [The Hindu] Early skip: URL https://www.thehindu.com/news/national/maharashtra/shiv-sena-ubt-mayor-elected-in-parbhani-municipal-corporation-bjp-slams-uddhav-thackeray-on-his-candidature/article70625102.ece already exists.
2026-02-13 08:54:13,663 - INFO - [The Hindu] Early skip: URL https://www.thehindu.com/society/history-and-culture/in-visakhapatnam-activity-groups-turn-cafes-and-parks-into-weekend-cultural-hubs/article70622936.ece already exists.
2026-02-13 08:54:13,665 - INFO - [The Hindu] Early skip: URL https://www.thehindu.com/news/national/karnataka/pwd-engineer-has-assets-amounting-to-1129-crore-karnataka-lokayukta/article70627095.ece already exists.
2026-02-13 08:54:13,666 - INFO - [The Hindu] Early skip: URL https://www.thehindu.com/news/cities/mumbai/maharashtra-govt-to-hold-artificial-intelligence-in-agriculture-and-investment-summit-on-feb-22/article70625226.ece already exists.
2026-02-13 08:54:13,667 - INFO - [The Hindu] Early skip: URL https://www.thehindu.com/news/national/parliament-budget-session-lok-sabha-rajya-sabha-live-updates-february-13-2026/article70626977.ece already exists.
2026-02-13 08:54:13,668 - INFO - [The Hindu] Early skip: URL https://www.thehindu.com/news/national/maharashtra/19-government-school-students-hospitalised-after-taking-excessive-dose-of-iron-tablets/article70627024.ece already exists.
2026-02-13 08:54:13,670 - INFO - [The Hindu] Article: https://www.thehindu.com/news/cities/bangalore/seven-persons-killed-in-multi-vehicle-collision-near-bengaluru-in-karnataka/article70627031.ece
2026-02-13 08:54:13,670 - INFO - [The Hindu] Attempt 1/1: Trying with 'selenium_browser' strategy...
2026-02-13 08:54:14,741 - INFO - [The Hindu] Page content loaded.
2026-02-13 08:54:14,909 - INFO - [The Hindu] Success with 'selenium_browser'. Found content (302 words).
2026-02-13 08:54:15,014 - INFO - Saved article: 7 persons killed in multi-vehicle collision near Bengaluru in Karnataka - The Hindu from The Hindu (302 words)
2026-02-13 08:54:16,153 - INFO - [The Hindu] Early skip: URL https://www.thehindu.com/news/international/unsc-panel-notes-pak-based-terror-group-jems-reported-link-to-red-fort-attack/article70627015.ece already exists.
2026-02-13 08:54:16,154 - INFO - [The Hindu] Early skip: URL https://www.thehindu.com/news/national/telangana/strict-action-against-attacks-on-poll-staff-cautions-telangana-dgp-shivadhar-reddy/article70626983.ece already exists.
2026-02-13 08:54:16,155 - INFO - [The Hindu] Early skip: URL https://www.thehindu.com/news/national/karnataka/25-crore-sanctioned-for-setting-up-2500-coffee-kiosks-akka-cafe-in-karnataka-to-be-operated-by-women-minister-mb-patil/article70625622.ece already exists.
2026-02-13 08:54:16,157 - INFO - [The Hindu] Early skip: URL https://www.thehindu.com/news/national/bangladesh-elections-pm-modi-congratulates-bnp-tarique-rahman/article70626988.ece already exists.
2026-02-13 08:54:16,158 - INFO - [The Hindu] Early skip: URL https://www.thehindu.com/news/national/tamil-nadu/tn-cm-stalins-surprise-bonanza-for-women-5000-credited-in-bank-accounts-of-131-crorewomen-today/article70626937.ece already exists.
2026-02-13 08:54:16,159 - INFO - [The Hindu] Early skip: URL https://www.thehindu.com/news/national/jammu-and-kashmir/why-has-jk-shelved-the-dal-lake-restoration-plan-explained/article70623948.ece already exists.
2026-02-13 08:54:16,160 - INFO - [The Hindu] Early skip: URL https://www.thehindu.com/news/national/as-multilateralism-erodes-india-must-reframe-its-foreign-policy/article70624458.ece already exists.
2026-02-13 08:54:16,162 - INFO - [The Hindu] Early skip: URL https://www.thehindu.com/news/national/telangana/telangana-municipal-polls-counting-live-updates-friday-february-13-2026/article70626920.ece already exists.
2026-02-13 08:54:16,163 - INFO - [The Hindu] Early skip: URL https://www.thehindu.com/news/national/karnataka/how-indira-canteens-lost-flavour-among-patrons-in-bengaluru/article70618952.ece already exists.
2026-02-13 08:54:16,164 - INFO - [The Hindu] Early skip: URL https://www.thehindu.com/news/national/karnataka/supreme-court-declines-to-entertain-plea-against-pujas-at-ladle-mashaq-dargah-in-aland-town-in-kalaburagi/article70624506.ece already exists.
2026-02-13 08:54:16,165 - INFO - [The Hindu] Early skip: URL https://www.thehindu.com/news/national/andhra-pradesh/vb-g-ram-g-when-a-policy-shift-meets-rural-realities/article70624961.ece already exists.
2026-02-13 08:54:16,167 - INFO - [The Hindu] Early skip: URL https://www.thehindu.com/news/national/west-bengal/student-from-kolkata-living-in-bangladesh-for-5-years-expects-peace-to-return-now-to-that-country/article70624311.ece already exists.
2026-02-13 08:54:16,168 - INFO - [The Hindu] Early skip: URL https://www.thehindu.com/news/national/telangana/telangana-spotlight-a-glittering-view-a-gasping-lake/article70625794.ece already exists.
2026-02-13 08:54:16,169 - INFO - [The Hindu] Early skip: URL https://www.thehindu.com/news/national/nagaland/nagaland-tribe-resolves-to-protect-pangolins/article70624748.ece already exists.
2026-02-13 08:54:16,170 - INFO - [The Hindu] Early skip: URL https://www.thehindu.com/news/national/tamil-nadu/traffic-diversion-in-tirupattur-on-february-14-due-to-cm-stalins-visit/article70624591.ece already exists.
2026-02-13 08:54:16,171 - INFO - [The Hindu] Early skip: URL https://www.thehindu.com/news/national/tamil-nadu/two-persons-arrested-in-vellore-for-murder/article70624635.ece already exists.
2026-02-13 08:54:16,173 - INFO - [The Hindu] Early skip: URL https://www.thehindu.com/news/national/tamil-nadu/southern-railway-installs-digital-display-boards-but-without-real-time-data-of-arrival-of-suburban-trains/article70595933.ece already exists.
2026-02-13 08:54:16,174 - INFO - [The Hindu] Article: https://www.thehindu.com/news/national/tamil-nadu/udhayanidhi-stalin-felicitates-u-19-cricketers/article70624444.ece
2026-02-13 08:54:16,174 - INFO - [The Hindu] Attempt 1/1: Trying with 'selenium_browser' strategy...
2026-02-13 08:54:17,153 - INFO - [The Hindu] Page content loaded.
2026-02-13 08:54:17,195 - WARNING - [The Hindu] FAILED with 'selenium_browser' (content was too short: 70 words).
2026-02-13 08:54:17,195 - ERROR - [The Hindu] All scrape strategies failed for https://www.thehindu.com/news/national/tamil-nadu/udhayanidhi-stalin-felicitates-u-19-cricketers/article70624444.ece. Falling back to RSS description.
2026-02-13 08:54:17,195 - WARNING - SKIPPED (GLOBAL WORD LIMIT): Article 'Udhayanidhi Stalin felicitates U-19 cricketers' from The Hindu has only 19 words (Min: 90).
2026-02-13 08:54:18,675 - INFO - [The Hindu] Early skip: URL https://www.thehindu.com/news/national/tamil-nadu/tvk-functionary-among-52-persons-booked-in-vandavasi-for-obstruction-of-traffic-movement/article70624615.ece already exists.
2026-02-13 08:54:18,676 - INFO - [The Hindu] Early skip: URL https://www.thehindu.com/news/national/chhattisgarh/midday-meal-cooks-protest-in-chhattisgarh-47-days-of-striking-for-fair-honorarium/article70622897.ece already exists.
2026-02-13 08:54:18,678 - INFO - [The Hindu] Early skip: URL https://www.thehindu.com/news/national/jammu-and-kashmir/politicians-misuse-of-social-media-needto-act-in-such-cases-jk-minister-sakina-itoo/article70625089.ece already exists.
2026-02-13 08:54:18,679 - INFO - [The Hindu] Early skip: URL https://www.thehindu.com/news/national/rajasthan/ministers-adverse-remarks-in-rajasthan-assembly-on-right-to-health-spark-controversy/article70624788.ece already exists.
2026-02-13 08:54:18,680 - INFO - [The Hindu] Early skip: URL https://www.thehindu.com/news/national/jammu-and-kashmir/jammu-invokes-section-163-to-ban-cross-gender-massage-parlours-bars-bolting-of-enclosures/article70624863.ece already exists.
2026-02-13 08:54:18,681 - INFO - [The Hindu] Early skip: URL https://www.thehindu.com/news/national/udit-narayans-first-wife-alleges-non-consensual-uterus-surgery-demands-justice/article70624382.ece already exists.
2026-02-13 08:54:18,682 - INFO - [The Hindu] Early skip: URL https://www.thehindu.com/news/national/angela-merkel-to-deliver-first-manmohan-memorial-lecture/article70624669.ece already exists.
2026-02-13 08:54:18,684 - INFO - [The Hindu] Early skip: URL https://www.thehindu.com/news/national/odisha/orissa-high-court-directs-state-government-to-tally-puri-jagannath-temples-jewellery-inventoried-in-1978/article70624993.ece already exists.
2026-02-13 08:54:18,685 - INFO - [The Hindu] Early skip: URL https://www.thehindu.com/news/national/tamil-nadu/over-73-of-mous-converted-into-investments-in-tn-says-stalin/article70624492.ece already exists.
2026-02-13 08:54:18,686 - INFO - [The Hindu] Early skip: URL https://www.thehindu.com/news/national/haryana/ex-mp-on-foot-march-in-haryana-ruffles-a-few-feathers-within-the-congress/article70625828.ece already exists.
2026-02-13 08:54:18,687 - INFO - [The Hindu] Early skip: URL https://www.thehindu.com/opinion/op-ed/is-a-double-engine-government-crucial-for-growth/article70624617.ece already exists.
2026-02-13 08:54:18,688 - INFO - [The Hindu] Early skip: URL https://www.thehindu.com/news/national/uttar-pradesh/bar-association-opposes-sc-proposal-for-allahabad-hc/article70624829.ece already exists.
2026-02-13 08:54:18,690 - INFO - [The Hindu] Early skip: URL https://www.thehindu.com/news/national/madhya-pradesh/man-arrested-for-killing-neighbours-in-suspected-human-sacrifice-inmp-village/article70624814.ece already exists.
2026-02-13 08:54:18,691 - INFO - [The Hindu] Early skip: URL https://www.thehindu.com/news/cities/chennai/fomrra-submits-peoples-manifesto-to-political-parties/article70597150.ece already exists.
2026-02-13 08:54:18,692 - INFO - [The Hindu] Article: https://www.thehindu.com/news/cities/chennai/ophthalmologist-gets-award-for-community-eye-care/article70625529.ece
2026-02-13 08:54:18,692 - INFO - [The Hindu] Attempt 1/1: Trying with 'selenium_browser' strategy...
2026-02-13 08:54:19,730 - INFO - [The Hindu] Page content loaded.
2026-02-13 08:54:19,773 - WARNING - [The Hindu] FAILED with 'selenium_browser' (content was too short: 83 words).
2026-02-13 08:54:19,773 - ERROR - [The Hindu] All scrape strategies failed for https://www.thehindu.com/news/cities/chennai/ophthalmologist-gets-award-for-community-eye-care/article70625529.ece. Falling back to RSS description.
2026-02-13 08:54:19,773 - WARNING - SKIPPED (GLOBAL WORD LIMIT): Article 'Ophthalmologist gets award for community eye care' from The Hindu has only 3 words (Min: 90).
2026-02-13 08:54:21,179 - INFO - [The Hindu] Early skip: URL https://www.thehindu.com/news/national/kerala/forest-fire-in-kasaragod-brought-under-control-10-acres-damaged/article70624670.ece already exists.
2026-02-13 08:54:21,180 - INFO - [The Hindu] Early skip: URL https://www.thehindu.com/news/national/tamil-nadu/geopolitical-changes-may-help-make-gccs-resilient-say-experts/article70624729.ece already exists.
2026-02-13 08:54:21,182 - INFO - [The Hindu] Early skip: URL https://www.thehindu.com/news/national/karnataka/giving-220-lakh-digital-title-deeds-in-unrecognised-habitations-in-two-years-is-a-record-for-karnataka-says-revenue-minister/article70624903.ece already exists.
2026-02-13 08:54:21,183 - INFO - [The Hindu] Early skip: URL https://www.thehindu.com/news/national/karnataka/karnataka-high-court-directs-state-government-to-set-up-municipal-trust-property-management-system-to-protect-public-properties/article70624402.ece already exists.
2026-02-13 08:54:21,184 - INFO - [The Hindu] Early skip: URL https://www.thehindu.com/news/national/karnataka/traffic-signal-batteries-stolen-overnight-in-electronic-city/article70624161.ece already exists.
2026-02-13 08:54:21,185 - INFO - [The Hindu] Early skip: URL https://www.thehindu.com/news/national/kerala/chennithala-chairman-tharoor-co-chairman-of-congress-campaign-committee-for-kerala-polls/article70625772.ece already exists.
2026-02-13 08:54:21,187 - INFO - [The Hindu] Early skip: URL https://www.thehindu.com/news/national/kerala/sit-starts-fresh-sample-collection-in-gold-theft-probe-at-sabarimala/article70625765.ece already exists.
2026-02-13 08:54:21,188 - INFO - [The Hindu] Early skip: URL https://www.thehindu.com/news/national/maharashtra/fire-breaks-out-in-building-in-naval-dockyard-in-south-mumbai/article70625746.ece already exists.
2026-02-13 08:54:21,189 - INFO - [The Hindu] Article: https://www.thehindu.com/news/national/karnataka/siddaramaiah-to-present-his-record-17th-budget-on-march-6/article70625730.ece
2026-02-13 08:54:21,189 - INFO - [The Hindu] Attempt 1/1: Trying with 'selenium_browser' strategy...
2026-02-13 08:54:22,368 - INFO - [The Hindu] Page content loaded.
2026-02-13 08:54:22,534 - WARNING - [The Hindu] FAILED with 'selenium_browser' (content was too short: 80 words).
2026-02-13 08:54:22,534 - ERROR - [The Hindu] All scrape strategies failed for https://www.thehindu.com/news/national/karnataka/siddaramaiah-to-present-his-record-17th-budget-on-march-6/article70625730.ece. Falling back to RSS description.
2026-02-13 08:54:22,534 - WARNING - SKIPPED (GLOBAL WORD LIMIT): Article 'Siddaramaiah to present his record 17th Budget on March 6 ' from The Hindu has only 3 words (Min: 90).
2026-02-13 08:54:23,060 - INFO - [The Hindu] Early skip: URL https://www.thehindu.com/news/national/telangana/jyothi-buddha-prakash-assumes-charges-as-singareni-cmd/article70625332.ece already exists.
2026-02-13 08:54:23,062 - INFO - [The Hindu] Early skip: URL https://www.thehindu.com/news/national/kerala/police-trace-224-missing-phones-in-10-days-through-ceir-portal/article70620387.ece already exists.
2026-02-13 08:54:23,063 - INFO - [The Hindu] Early skip: URL https://www.thehindu.com/news/national/karnataka/karnataka-govt-gives-conditional-clearance-to-ipl-matches-at-m-chinnaswamy-stadium/article70625630.ece already exists.
2026-02-13 08:54:23,064 - INFO - [The Hindu] Early skip: URL https://www.thehindu.com/news/national/karnataka/racing-activities-of-bangalore-turf-club-to-move-to-kunigal-stud-farm/article70625714.ece already exists.
2026-02-13 08:54:23,066 - INFO - [The Hindu] Early skip: URL https://www.thehindu.com/news/national/andhra-pradesh/left-parties-trade-unions-vow-to-fight-against-centres-anti-worker-policies/article70625285.ece already exists.
2026-02-13 08:54:23,067 - INFO - [The Hindu] Early skip: URL https://www.thehindu.com/news/national/andhra-pradesh/expert-calls-for-chemical-processes-to-promote-resource-efficiency/article70625343.ece already exists.
2026-02-13 08:54:23,068 - INFO - [The Hindu] Early skip: URL https://www.thehindu.com/news/national/kerala/police-bust-racket-accused-of-duping-elderly-man-by-enticing-him-with-bumper-prize/article70624257.ece already exists.
2026-02-13 08:54:23,069 - INFO - [The Hindu] Early skip: URL https://www.thehindu.com/news/national/andhra-pradesh/union-minister-lauds-states-education-reforms-at-ai-conclave-in-delhi/article70625112.ece already exists.
2026-02-13 08:54:23,072 - INFO - [The Hindu] Early skip: URL https://www.thehindu.com/news/national/kerala/install-cameras-to-prevent-waste-dumping-in-amayizhanchan-canal-shrc/article70625692.ece already exists.
2026-02-13 08:54:23,074 - INFO - [The Hindu] Early skip: URL https://www.thehindu.com/news/national/government-can-file-fir-or-move-privilege-motion-i-will-stand-with-farmers-rahul-gandhi-on-criticism-of-us-trade-deal/article70625515.ece already exists.
2026-02-13 08:54:23,075 - INFO - [The Hindu] Early skip: URL https://www.thehindu.com/news/national/assam/assam-rifles-dog-squad-tangkhul-hui-kombai-breeds/article70625192.ece already exists.
2026-02-13 08:54:23,081 - INFO - [The Hindu] Early skip: URL https://www.thehindu.com/news/national/a-case-against-the-shanti-act-explained/article70623943.ece already exists.
2026-02-13 08:54:23,082 - INFO - [The Hindu] Early skip: URL https://www.thehindu.com/news/national/muslim-bodies-oppose-vande-mataram-notification-allege-it-is-against-constitution/article70624643.ece already exists.
2026-02-13 08:54:23,085 - INFO - [The Hindu] Early skip: URL https://www.thehindu.com/news/national/congress-demands-petroleum-minister-hardeep-singh-puris-resignation/article70625398.ece already exists.
2026-02-13 08:54:23,086 - INFO - [The Hindu] Early skip: URL https://www.thehindu.com/news/national/supreme-court-underscores-tamil-nadus-due-representation-on-upsc-committee-set-to-recommend-regular-police-chief/article70624541.ece already exists.
2026-02-13 08:54:23,088 - INFO - [The Hindu] Early skip: URL https://www.thehindu.com/news/national/30-crore-workers-farmers-participated-in-general-strike-trade-unions-say/article70625346.ece already exists.
2026-02-13 08:54:23,089 - INFO - [The Hindu] Early skip: URL https://www.thehindu.com/news/national/now-airlines-oppose-relaxed-duty-norms-for-cabin-crew/article70624630.ece already exists.
2026-02-13 08:54:23,091 - INFO - [The Hindu] Early skip: URL https://www.thehindu.com/news/national/karnataka/cabinet-nod-for-shakti-scheme-smart-cards-to-streamline-zero-ticket-system/article70625463.ece already exists.
2026-02-13 08:54:23,092 - INFO - [The Hindu] Early skip: URL https://www.thehindu.com/news/national/did-sonam-wangchuk-see-videos-cited-as-proof-for-detention-under-nsa-supreme-court-asks-govt/article70625399.ece already exists.
2026-02-13 08:54:23,095 - INFO - [The Hindu] Early skip: URL https://www.thehindu.com/news/national/karnataka/childhood-cancer-cases-on-steady-rise-in-karnataka-1882-estimated-cases-in-2025-with-bengaluru-at-349/article70624880.ece already exists.
2026-02-13 08:54:23,097 - INFO - [The Hindu] Early skip: URL https://www.thehindu.com/news/national/kerala/udf-will-take-steps-to-boost-kerala-economy-satheesan/article70625338.ece already exists.
2026-02-13 08:54:23,098 - INFO - [The Hindu] Article: https://www.thehindu.com/news/national/tamil-nadu/tn-will-give-nda-a-zero-for-denying-funds-due-to-state-cm-stalin/article70625165.ece
2026-02-13 08:54:23,099 - INFO - [The Hindu] Attempt 1/1: Trying with 'selenium_browser' strategy...
2026-02-13 08:54:25,654 - INFO - [The Hindu] Page content loaded.
2026-02-13 08:54:26,061 - INFO - [The Hindu] Success with 'selenium_browser'. Found content (145 words).
2026-02-13 08:54:26,126 - INFO - Saved article: T.N. will give NDA a ‘zero’ for denying funds due to State: CM Stalin - The Hindu from The Hindu (145 words)
2026-02-13 08:54:27,204 - INFO - [The Hindu] Early skip: URL https://www.thehindu.com/news/national/kerala/hc-allows-kerala-university-students-union-to-continue-till-expiry-of-term/article70625459.ece already exists.
2026-02-13 08:54:27,205 - INFO - [The Hindu] Early skip: URL https://www.thehindu.com/news/national/kerala-disillusioned-with-ldf-udf-looking-to-bjp-nda-with-great-hope-modi/article70625198.ece already exists.
2026-02-13 08:54:27,206 - INFO - [The Hindu] Early skip: URL https://www.thehindu.com/sci-tech/technology/in-the-age-of-ai-governing-decisions-matters-more-than-governing-infra-say-experts/article70624510.ece already exists.
2026-02-13 08:54:27,207 - INFO - [The Hindu] (Thread) Finished. Attempting to shut down its Selenium driver.
2026-02-13 08:54:27,339 - INFO - [The Hindu] (Thread) driver.quit() successful.
2026-02-13 08:54:27,340 - INFO - Shutting down thread pool (wait=False)...
2026-02-13 08:54:27,340 - INFO - Scraped: 9 The Hindu, 0 TechCrunch, 1 The Guardian, 2 Times of India, 0 BBC articles. (Total saved: 12)
2026-02-13 08:54:27,340 - INFO - --- Scraping job finished ---
2026-02-13 08:54:27,346 - INFO - --- Scraper service stopped and database connection closed. ---
2026-02-13 08:54:27,346 - INFO - --- Main thread finished. Forcing process exit to kill zombie threads. ---
