2025-12-25 08:35:44,830 - INFO - Loading AI Semantic Model (all-MiniLM-L6-v2)...
2025-12-25 08:35:44,830 - INFO - Use pytorch device_name: cpu
2025-12-25 08:35:44,830 - INFO - Load pretrained SentenceTransformer: all-MiniLM-L6-v2
2025-12-25 08:35:46,074 - INFO - AI Model loaded successfully.
2025-12-25 08:35:46,074 - INFO - --- Scraper service started (CI Mode: Run Once) ---
2025-12-25 08:35:46,074 - INFO - --- Starting new scraping job (Parallel Mode) ---
2025-12-25 08:35:46,074 - INFO - Creating new robust session with 3 retries on 5xx/connection/read errors.
2025-12-25 08:35:46,074 - INFO - Proxy is DISABLED.
2025-12-25 08:35:46,075 - INFO - Starting scrape for BBC RSS feed: http://feeds.bbci.co.uk/news/world/rss.xml
2025-12-25 08:35:46,076 - INFO - [Times of India] (Thread) requires Selenium. Initializing driver...
2025-12-25 08:35:46,076 - INFO - Starting scrape for The Guardian RSS feed: https://www.theguardian.com/world/rss
2025-12-25 08:35:46,077 - INFO - [The Hindu] (Thread) requires Selenium. Initializing driver...
2025-12-25 08:35:46,077 - INFO - Submitted 4 jobs to thread pool. Waiting up to 300s for completion...
2025-12-25 08:35:46,347 - INFO - Found 45 articles in The Guardian RSS feed. Processing up to 30.
2025-12-25 08:35:46,348 - INFO - [The Guardian] Article: https://www.theguardian.com/world/2025/dec/25/displaced-islamic-state-insurgency-mozambique
2025-12-25 08:35:46,348 - INFO - [The Guardian] Attempt 1/1: Trying with 'requests_browser' strategy...
2025-12-25 08:35:46,504 - INFO - [The Guardian] Success with 'requests_browser'. Found content (767 words).
2025-12-25 08:35:46,809 - INFO - Found 23 articles in BBC RSS feed. Processing up to 30.
2025-12-25 08:35:54,495 - INFO - Selenium driver initialized successfully.
2025-12-25 08:35:54,495 - INFO - Starting scrape for The Hindu RSS feed: https://www.thehindu.com/news/national/feeder/default.rss
2025-12-25 08:35:54,497 - INFO - Selenium driver initialized successfully.
2025-12-25 08:35:54,497 - INFO - Starting scrape for Times of India RSS feed: https://timesofindia.indiatimes.com/rssfeeds/296589292.cms
2025-12-25 08:35:54,732 - INFO - Found 100 articles in The Hindu RSS feed. Processing up to 30.
2025-12-25 08:35:54,801 - INFO - Found 20 articles in Times of India RSS feed. Processing up to 30.
2025-12-25 08:36:32,384 - INFO - Saved article: Hundreds of thousands newly displaced as Islamic State insurgency expands in Mozambique | Mozambique | The Guardian from The Guardian (767 words)
2025-12-25 08:36:32,384 - INFO - [BBC] Early skip: URL https://www.bbc.com/news/articles/c9d9wg2pwl1o?at_medium=RSS&at_campaign=rss already exists.
2025-12-25 08:36:32,616 - INFO - [The Hindu] Article: https://www.thehindu.com/news/national/telangana/six-intermediate-students-injured-as-bus-overturns-on-nh44-in-mahbubnagar/article70436274.ece
2025-12-25 08:36:32,616 - INFO - [The Hindu] Attempt 1/1: Trying with 'selenium_browser' strategy...
2025-12-25 08:36:32,617 - INFO - [Times of India] Article: https://timesofindia.indiatimes.com/world/south-asia/back-in-bangladesh-skies-tarique-rahman-returns-with-wife-daughter-cat-after-years-in-exile-gets-rousing-welcome/articleshow/126171081.cms
2025-12-25 08:36:32,617 - INFO - [Times of India] Attempt 1/1: Trying with 'selenium_browser' strategy...
2025-12-25 08:36:32,618 - INFO - [BBC] Early skip: URL https://www.bbc.com/news/articles/crk733k1k1eo?at_medium=RSS&at_campaign=rss already exists.
2025-12-25 08:36:32,870 - INFO - [BBC] Early skip: URL https://www.bbc.com/news/articles/czdgz84dn35o?at_medium=RSS&at_campaign=rss already exists.
2025-12-25 08:36:33,135 - INFO - [BBC] Early skip: URL https://www.bbc.com/news/articles/cyvgz1jn368o?at_medium=RSS&at_campaign=rss already exists.
2025-12-25 08:36:33,329 - INFO - [BBC] Early skip: URL https://www.bbc.com/news/articles/c5yqe4j15lzo?at_medium=RSS&at_campaign=rss already exists.
2025-12-25 08:36:33,488 - INFO - [BBC] Early skip: URL https://www.bbc.com/news/articles/c14vdpyj1vjo?at_medium=RSS&at_campaign=rss already exists.
2025-12-25 08:36:33,626 - INFO - [The Guardian] Early skip: URL https://www.theguardian.com/world/2025/dec/24/algeria-passes-law-declaring-french-colonisation-crime already exists.
2025-12-25 08:36:33,853 - INFO - [BBC] Early skip: URL https://www.bbc.com/news/articles/c79x0x7v70go?at_medium=RSS&at_campaign=rss already exists.
2025-12-25 08:36:34,037 - INFO - [BBC] Early skip: URL https://www.bbc.com/news/articles/c75v0kwy017o?at_medium=RSS&at_campaign=rss already exists.
2025-12-25 08:36:34,198 - INFO - [The Guardian] Early skip: URL https://www.theguardian.com/world/2025/dec/23/libyas-army-chief-dies-in-plane-crash-in-turkey already exists.
2025-12-25 08:36:34,399 - INFO - [The Guardian] Early skip: URL https://www.theguardian.com/world/2025/dec/22/freed-nigerian-schoolchildren-set-to-be-reunited-with-families already exists.
2025-12-25 08:36:34,691 - INFO - [BBC] Early skip: URL https://www.bbc.com/news/articles/cp39kngz008o?at_medium=RSS&at_campaign=rss already exists.
2025-12-25 08:36:34,902 - INFO - [BBC] Early skip: URL https://www.bbc.com/news/articles/c0je3v3en01o?at_medium=RSS&at_campaign=rss already exists.
2025-12-25 08:36:35,132 - INFO - [The Guardian] Early skip: URL https://www.theguardian.com/world/2025/dec/21/more-kidnapped-schoolchildren-freed-in-nigeria already exists.
2025-12-25 08:36:35,317 - INFO - [BBC] Early skip: URL https://www.bbc.com/news/articles/cd749gqgg11o?at_medium=RSS&at_campaign=rss already exists.
2025-12-25 08:36:35,569 - INFO - [BBC] Early skip: URL https://www.bbc.com/news/articles/cyvgzyepdqno?at_medium=RSS&at_campaign=rss already exists.
2025-12-25 08:36:35,696 - INFO - [BBC] Article: https://www.bbc.com/news/articles/ce8nep787pyo?at_medium=RSS&at_campaign=rss
2025-12-25 08:36:35,696 - INFO - [BBC] Attempt 1/1: Trying with 'requests_browser' strategy...
2025-12-25 08:36:35,700 - INFO - [The Guardian] Early skip: URL https://www.theguardian.com/world/2025/dec/24/honduras-nasry-tito-asfura-declared-president-donald-trump-backed already exists.
2025-12-25 08:36:35,881 - INFO - [The Guardian] Early skip: URL https://www.theguardian.com/media/2025/dec/23/60-minutes-cecot-appears-online already exists.
2025-12-25 08:36:36,086 - INFO - [The Guardian] Early skip: URL https://www.theguardian.com/world/2025/dec/23/brazil-jair-bolsonaro-eduardo-havaianas-television-ad-fernanda-torres already exists.
2025-12-25 08:36:36,249 - INFO - [The Guardian] Early skip: URL https://www.theguardian.com/world/2025/dec/23/canada-bill-refugees already exists.
2025-12-25 08:36:36,504 - INFO - [The Guardian] Early skip: URL https://www.theguardian.com/us-news/2025/dec/23/us-trump-administration-signs-security-deals-across-latin-america already exists.
2025-12-25 08:36:36,719 - INFO - [The Guardian] Early skip: URL https://www.theguardian.com/world/2025/dec/24/thailand-and-cambodia-begin-talks-to-end-deadly-clashes-after-venue-row already exists.
2025-12-25 08:36:36,882 - INFO - [The Guardian] Early skip: URL https://www.theguardian.com/world/2025/dec/24/rare-footage-from-trial-of-chinese-general-who-defied-tiananmen-crackdown-order-leaked-online already exists.
2025-12-25 08:36:37,051 - INFO - [BBC] Success with 'requests_browser'. Found content (92 words).
2025-12-25 08:36:37,059 - INFO - [The Guardian] Early skip: URL https://www.theguardian.com/world/2025/dec/23/christians-pastors-arrested-detained-china-crackdown-house-churches already exists.
2025-12-25 08:36:37,206 - INFO - [The Guardian] Early skip: URL https://www.theguardian.com/business/2025/dec/22/china-hits-eu-dairy-industry-with-tariffs already exists.
2025-12-25 08:36:37,430 - INFO - [The Guardian] Early skip: URL https://www.theguardian.com/world/2025/dec/22/jeju-air-crash-independent-inquiry-south-korea already exists.
2025-12-25 08:36:37,619 - INFO - [The Hindu] Page content loaded.
2025-12-25 08:36:38,129 - INFO - [The Hindu] Success with 'selenium_browser'. Found content (137 words).
2025-12-25 08:36:52,648 - ERROR - [Times of India] Request failed for strategy 'selenium_browser' on URL https://timesofindia.indiatimes.com/world/south-asia/back-in-bangladesh-skies-tarique-rahman-returns-with-wife-daughter-cat-after-years-in-exile-gets-rousing-welcome/articleshow/126171081.cms: Message: timeout: Timed out receiving message from renderer: 19.630
  (Session info: chrome=143.0.7499.109)
Stacktrace:
#0 0x55a8763c861a <unknown>
#1 0x55a875e4520b <unknown>
#2 0x55a875e2d2aa <unknown>
#3 0x55a875e2cf8d <unknown>
#4 0x55a875e2ae47 <unknown>
#5 0x55a875e2b75f <unknown>
#6 0x55a875e39f20 <unknown>
#7 0x55a875e535e7 <unknown>
#8 0x55a875e59c9b <unknown>
#9 0x55a875e2be88 <unknown>
#10 0x55a875e53356 <unknown>
#11 0x55a875ee2580 <unknown>
#12 0x55a875e89232 <unknown>
#13 0x55a875e89ee1 <unknown>
#14 0x55a8763913f9 <unknown>
#15 0x55a87639434d <unknown>
#16 0x55a87637a122 <unknown>
#17 0x55a876394f2b <unknown>
#18 0x55a876360c30 <unknown>
#19 0x55a8763b5d78 <unknown>
#20 0x55a8763b5f4c <unknown>
#21 0x55a8763c7973 <unknown>
#22 0x7f5390c9caa4 <unknown>
#23 0x7f5390d29c6c <unknown>

2025-12-25 08:36:52,649 - ERROR - [Times of India] All scrape strategies failed for https://timesofindia.indiatimes.com/world/south-asia/back-in-bangladesh-skies-tarique-rahman-returns-with-wife-daughter-cat-after-years-in-exile-gets-rousing-welcome/articleshow/126171081.cms. Falling back to RSS description.
2025-12-25 08:36:52,649 - WARNING - SKIPPED (GLOBAL WORD LIMIT): Article ''Back in Bangladesh skies': Tarique Rahman returns with wife, daughter &amp; cat after years in exile; gets rousing welcome' from Times of India has only 3 words (Min: 90).
2025-12-25 08:37:32,888 - INFO - Saved article: Christmas around the world: Waterskiing Santas and giant cuts of meat from BBC (92 words)
2025-12-25 08:37:32,888 - INFO - [The Guardian] Early skip: URL https://www.theguardian.com/australia-news/2025/dec/25/sydney-to-hobart-yacht-race-forecast-to-be-cold-wet-and-bumpy-as-australias-west-faces-cyclone-and-bushfire-threat already exists.
2025-12-25 08:38:24,404 - INFO - Saved article: Six intermediate students injured as bus overturns on NH44 in Mahbubnagar - The Hindu from The Hindu (137 words)
2025-12-25 08:38:24,404 - INFO - [Times of India] Early skip: URL https://timesofindia.indiatimes.com/world/south-asia/bangladesh-unrest-ex-pm-khaleda-zias-son-tarique-rahman-returns-after-17-years-in-exile-why-it-matters/articleshow/126169018.cms already exists.
2025-12-25 08:38:24,586 - INFO - [The Guardian] Early skip: URL https://www.theguardian.com/australia-news/2025/dec/24/perth-man-charged-with-racial-harassment-for-alleged-post-backing-bondi-attack-ntwnfb already exists.
2025-12-25 08:38:24,696 - INFO - [BBC] Early skip: URL https://www.bbc.com/news/articles/c5yj4yvx80do?at_medium=RSS&at_campaign=rss already exists.
2025-12-25 08:38:24,993 - INFO - [Times of India] Early skip: URL https://timesofindia.indiatimes.com/world/china/al-qaida-warns-china-over-treatment-of-uighur-muslims/articleshow/126170155.cms already exists.
2025-12-25 08:38:25,205 - INFO - [The Guardian] Early skip: URL https://www.theguardian.com/australia-news/2025/dec/24/wounded-bondi-hero-ahmed-al-ahmed-recovering-well-and-may-soon-leave-hospital-ntwnfb already exists.
2025-12-25 08:38:25,307 - INFO - [BBC] Early skip: URL https://www.bbc.com/news/articles/clyd12d38jgo?at_medium=RSS&at_campaign=rss already exists.
2025-12-25 08:38:25,558 - INFO - [Times of India] Early skip: URL https://timesofindia.indiatimes.com/world/middle-east/saudi-arabia-proposes-up-to-5-years-jail-and-sr10-million-fine-for-manufacturing-or-importing-banned-pesticides/articleshow/126170662.cms already exists.
2025-12-25 08:38:25,748 - INFO - [The Guardian] Early skip: URL https://www.theguardian.com/australia-news/2025/dec/25/australians-expected-to-spend-big-on-boxing-day-as-shoppers-warned-of-deceptive-sales-tricks already exists.
2025-12-25 08:38:25,883 - INFO - [BBC] Early skip: URL https://www.bbc.com/news/articles/cvg1361d32ro?at_medium=RSS&at_campaign=rss already exists.
2025-12-25 08:38:26,005 - INFO - [Times of India] Early skip: URL https://timesofindia.indiatimes.com/world/us/watch-trumps-bad-santa-warning-on-christmas-eve-how-us-president-and-melania-marked-the-holiday/articleshow/126169350.cms already exists.
2025-12-25 08:38:26,125 - INFO - [The Guardian] Early skip: URL https://www.theguardian.com/australia-news/live/2025/dec/24/nsw-gun-and-protest-laws-bondi-terror-attack-hate-crime-database-anthony-albanese-sussan-ley-chris-minns-labor-coalition-ntwnfb already exists.
2025-12-25 08:38:26,298 - INFO - [The Hindu] Article: https://www.thehindu.com/news/national/atal-bihari-vajpayee-birth-anniversary-modi-tribute/article70436290.ece
2025-12-25 08:38:26,298 - INFO - [The Hindu] Attempt 1/1: Trying with 'selenium_browser' strategy...
2025-12-25 08:38:26,299 - INFO - [BBC] Early skip: URL https://www.bbc.com/news/articles/cj69d8we98jo?at_medium=RSS&at_campaign=rss already exists.
2025-12-25 08:38:26,581 - INFO - [Times of India] Early skip: URL https://timesofindia.indiatimes.com/world/middle-east/saudi-arabia-to-see-rain-across-multiple-regions-through-december-31/articleshow/126170241.cms already exists.
2025-12-25 08:38:26,712 - INFO - [The Guardian] Early skip: URL https://www.theguardian.com/world/2025/dec/24/pope-leo-christmas-message-kindness-strangers-poor already exists.
2025-12-25 08:38:26,943 - INFO - [The Guardian] Early skip: URL https://www.theguardian.com/world/2025/dec/24/three-killed-in-moscow-car-explosion-say-russian-authorities already exists.
2025-12-25 08:38:27,168 - INFO - [The Guardian] Early skip: URL https://www.theguardian.com/world/2025/dec/24/us-ukraine-edge-closer-joint-plan-end-war-moscow-response-uncertain already exists.
2025-12-25 08:38:27,276 - INFO - [The Guardian] Early skip: URL https://www.theguardian.com/technology/2025/dec/24/macron-eu-condemn-us-visa-bans-row-censorship-escalates already exists.
2025-12-25 08:38:27,405 - INFO - [Times of India] Early skip: URL https://timesofindia.indiatimes.com/world/middle-east/thousands-flock-to-bethlehem-to-revive-christmas-spirit-after-2-years-of-war-in-gaza/articleshow/126169265.cms already exists.
2025-12-25 08:38:27,652 - INFO - [BBC] Early skip: URL https://www.bbc.com/news/videos/cqxqvd0z5gno?at_medium=RSS&at_campaign=rss already exists.
2025-12-25 08:38:27,853 - INFO - [The Guardian] Early skip: URL https://www.theguardian.com/world/2025/dec/24/militia-leader-murky-death-stanislav-orlov-russia-kremlin-control already exists.
2025-12-25 08:38:27,985 - INFO - [Times of India] Early skip: URL https://timesofindia.indiatimes.com/world/south-asia/bangladesh-zias-son-returns-home-today-bnp-banking-on-him-to-tide-through-polls/articleshow/126169242.cms already exists.
2025-12-25 08:38:28,134 - INFO - [BBC] Article: https://www.bbc.com/news/videos/c30j52jrp84o?at_medium=RSS&at_campaign=rss
2025-12-25 08:38:28,134 - INFO - [BBC] Attempt 1/1: Trying with 'requests_browser' strategy...
2025-12-25 08:38:28,135 - INFO - [The Guardian] Early skip: URL https://www.theguardian.com/world/2025/dec/24/israel-condemned-approval-19-settlements-occupied-west-bank already exists.
2025-12-25 08:38:28,220 - WARNING - [BBC] FAILED with 'requests_browser' (content was too short: 84 words).
2025-12-25 08:38:28,220 - ERROR - [BBC] All scrape strategies failed for https://www.bbc.com/news/videos/c30j52jrp84o?at_medium=RSS&at_campaign=rss. Falling back to RSS description.
2025-12-25 08:38:28,220 - WARNING - SKIPPED (GLOBAL WORD LIMIT): Article 'Watch: Moment robbers rip ATM from inside Texas store' from BBC has only 10 words (Min: 90).
2025-12-25 08:38:28,431 - INFO - [Times of India] Early skip: URL https://timesofindia.indiatimes.com/world/south-asia/will-take-responsibility-of-kin-of-lynched-hindu-worker-dhaka/articleshow/126169218.cms already exists.
2025-12-25 08:38:28,659 - INFO - [Times of India] Early skip: URL https://timesofindia.indiatimes.com/world/europe/russia-ukraine-war-zelensky-says-open-to-demilitarized-zone-in-donetsk-to-reach-peace-deal/articleshow/126169152.cms already exists.
2025-12-25 08:38:28,830 - INFO - [Times of India] Early skip: URL https://timesofindia.indiatimes.com/world/south-asia/bangladesh-unrest-section-within-yunus-government-got-activist-hadi-killed-says-his-brother/articleshow/126169124.cms already exists.
2025-12-25 08:38:28,968 - INFO - [The Guardian] Early skip: URL https://www.theguardian.com/world/2025/dec/24/israel-strikes-southern-lebanon-as-deadline-to-disarm-hezbollah-nears already exists.
2025-12-25 08:38:29,072 - INFO - [The Hindu] Page content loaded.
2025-12-25 08:38:29,096 - INFO - [Times of India] Early skip: URL https://timesofindia.indiatimes.com/world/rest-of-world/dont-break-our-family-indian-origin-man-in-new-zealand-shocked-to-learn-his-5-year-old-autistic-child-could-be-deported/articleshow/126166480.cms already exists.
2025-12-25 08:38:29,135 - INFO - [The Hindu] Success with 'selenium_browser'. Found content (437 words).
2025-12-25 08:38:29,378 - INFO - [Times of India] Early skip: URL https://timesofindia.indiatimes.com/world/us/maga-in-lights-white-house-drops-christmas-video-watch/articleshow/126166362.cms already exists.
2025-12-25 08:39:19,093 - INFO - Saved article: PM Modi visit Vajpayee's memorial ‘Sadaiv Atal’; pay tributes - The Hindu from The Hindu (437 words)
2025-12-25 08:39:19,093 - INFO - [The Guardian] Early skip: URL https://www.theguardian.com/uk-news/2025/dec/22/families-of-palestine-action-hunger-strikers-seek-urgent-meeting-with-lammy already exists.
2025-12-25 08:39:19,280 - INFO - [Times of India] Early skip: URL https://timesofindia.indiatimes.com/world/us-streamers/do-you-think-ill-ever-be-real-ai-vtuber-neuro-sama-questions-her-existence-in-viral-twitch-moment/articleshow/126166375.cms already exists.
2025-12-25 08:39:19,421 - INFO - [BBC] Article: https://www.bbc.com/news/videos/c8dy3772m1lo?at_medium=RSS&at_campaign=rss
2025-12-25 08:39:19,421 - INFO - [BBC] Attempt 1/1: Trying with 'requests_browser' strategy...
2025-12-25 08:39:19,422 - INFO - [The Guardian] Early skip: URL https://www.theguardian.com/world/2025/dec/21/israel-approves-new-jewish-settlements-occupied-west-bank already exists.
2025-12-25 08:39:19,491 - WARNING - [BBC] FAILED with 'requests_browser' (content was too short: 59 words).
2025-12-25 08:39:19,491 - ERROR - [BBC] All scrape strategies failed for https://www.bbc.com/news/videos/c8dy3772m1lo?at_medium=RSS&at_campaign=rss. Falling back to RSS description.
2025-12-25 08:39:19,491 - WARNING - SKIPPED (GLOBAL WORD LIMIT): Article 'Ho Ho No! Santa pulled over for speeding in Ohio  ' from BBC has only 20 words (Min: 90).
2025-12-25 08:39:19,663 - INFO - [Times of India] Article: https://timesofindia.indiatimes.com/world/us/stop-ramaswamy-in-2026-to-stall-jd-vance-in-2028-what-nick-fuentes-latest-anti-india-rant-means/articleshow/126166321.cms
2025-12-25 08:39:19,663 - INFO - [Times of India] Attempt 1/1: Trying with 'selenium_browser' strategy...
2025-12-25 08:39:19,664 - INFO - [The Hindu] Article: https://www.thehindu.com/news/national/uttar-pradesh/school-teacher-shot-dead-on-aligarh-muslim-university-campus/article70436284.ece
2025-12-25 08:39:19,664 - INFO - [The Hindu] Attempt 1/1: Trying with 'selenium_browser' strategy...
2025-12-25 08:39:19,665 - INFO - [The Guardian] Early skip: URL https://www.theguardian.com/world/2025/dec/20/israeli-troops-kill-palestinians-sheltering-in-gaza-school-hospital-chiefs already exists.
2025-12-25 08:39:20,830 - INFO - [The Hindu] Page content loaded.
2025-12-25 08:39:20,955 - INFO - [BBC] Article: https://www.bbc.com/news/videos/clydk6vd4rzo?at_medium=RSS&at_campaign=rss
2025-12-25 08:39:20,955 - INFO - [BBC] Attempt 1/1: Trying with 'requests_browser' strategy...
2025-12-25 08:39:20,960 - INFO - [The Hindu] Success with 'selenium_browser'. Found content (233 words).
2025-12-25 08:39:21,596 - WARNING - [BBC] FAILED with 'requests_browser' (content was too short: 73 words).
2025-12-25 08:39:21,603 - ERROR - [BBC] All scrape strategies failed for https://www.bbc.com/news/videos/clydk6vd4rzo?at_medium=RSS&at_campaign=rss. Falling back to RSS description.
2025-12-25 08:39:21,609 - WARNING - SKIPPED (GLOBAL WORD LIMIT): Article 'Watch: Huge fireball as tanker explodes on Italian motorway' from BBC has only 21 words (Min: 90).
2025-12-25 08:39:21,699 - INFO - [Times of India] Page content loaded.
2025-12-25 08:39:22,331 - INFO - [Times of India] Success with 'selenium_browser'. Found content (337 words).
2025-12-25 08:40:14,652 - INFO - Saved article: School teacher shot dead on Aligarh Muslim University campus - The Hindu from The Hindu (233 words)
2025-12-25 08:40:46,078 - CRITICAL - --- TIMEOUT: 3 scrape jobs did not complete in 300s. ---
2025-12-25 08:40:46,078 - ERROR - A thread has timed out and will be abandoned.
2025-12-25 08:40:46,078 - ERROR - A thread has timed out and will be abandoned.
2025-12-25 08:40:46,078 - ERROR - A thread has timed out and will be abandoned.
2025-12-25 08:40:46,078 - INFO - Shutting down thread pool (wait=False)...
2025-12-25 08:40:46,078 - INFO - Scraped: 1 The Guardian, 3 Timed_Out_Jobs articles. (Total saved: 1)
2025-12-25 08:40:46,078 - INFO - --- Scraping job finished ---
2025-12-25 08:40:46,078 - INFO - --- Scraper service stopped and database connection closed. ---
2025-12-25 08:40:46,078 - INFO - --- Main thread finished. Forcing process exit to kill zombie threads. ---
