2025-12-11 06:45:20,157 - INFO - Loading AI Semantic Model (all-MiniLM-L6-v2)...
2025-12-11 06:45:20,158 - INFO - Use pytorch device_name: cpu
2025-12-11 06:45:20,158 - INFO - Load pretrained SentenceTransformer: all-MiniLM-L6-v2
2025-12-11 06:45:20,754 - INFO - AI Model loaded successfully.
2025-12-11 06:45:20,754 - INFO - --- Scraper service started (CI Mode: Run Once) ---
2025-12-11 06:45:20,754 - INFO - --- Starting new scraping job (Parallel Mode) ---
2025-12-11 06:45:20,755 - INFO - Creating new robust session with 3 retries on 5xx/connection/read errors.
2025-12-11 06:45:20,755 - INFO - Proxy is DISABLED.
2025-12-11 06:45:20,755 - INFO - Starting scrape for BBC RSS feed: http://feeds.bbci.co.uk/news/world/rss.xml
2025-12-11 06:45:20,756 - INFO - [Times of India] (Thread) requires Selenium. Initializing driver...
2025-12-11 06:45:20,757 - INFO - Starting scrape for The Guardian RSS feed: https://www.theguardian.com/world/rss
2025-12-11 06:45:20,758 - INFO - [The Hindu] (Thread) requires Selenium. Initializing driver...
2025-12-11 06:45:20,758 - INFO - Submitted 4 jobs to thread pool. Waiting up to 300s for completion...
2025-12-11 06:45:20,972 - INFO - Found 45 articles in The Guardian RSS feed. Processing up to 30.
2025-12-11 06:45:20,972 - INFO - [The Guardian] Early skip: URL https://www.theguardian.com/world/2025/dec/10/burkina-faso-releases-nigerian-troops-unauthorised-emergency-landing already exists.
2025-12-11 06:45:21,125 - INFO - [The Guardian] Early skip: URL https://www.theguardian.com/world/2025/dec/09/drc-fighting-forces-200000-to-flee-just-days-after-washington-peace-deal already exists.
2025-12-11 06:45:21,133 - INFO - Found 42 articles in BBC RSS feed. Processing up to 30.
2025-12-11 06:45:21,424 - INFO - [BBC] Early skip: URL https://www.bbc.com/news/articles/c0q5p43qgl1o?at_medium=RSS&at_campaign=rss already exists.
2025-12-11 06:45:21,604 - INFO - [The Guardian] Early skip: URL https://www.theguardian.com/world/2025/dec/09/colombian-mercenaries-sudan-sanctions already exists.
2025-12-11 06:45:21,749 - INFO - [BBC] Early skip: URL https://www.bbc.com/news/articles/c1w9lg11jw0o?at_medium=RSS&at_campaign=rss already exists.
2025-12-11 06:45:21,920 - INFO - [The Guardian] Early skip: URL https://www.theguardian.com/world/2025/dec/09/nigeria-troops-held-burkina-faso-emergency-landing already exists.
2025-12-11 06:45:22,023 - INFO - [BBC] Early skip: URL https://www.bbc.com/news/articles/ckgkykywp58o?at_medium=RSS&at_campaign=rss already exists.
2025-12-11 06:45:22,157 - INFO - [The Guardian] Early skip: URL https://www.theguardian.com/world/2025/dec/08/white-supremacist-notions-threaten-sovereignty-of-south-africa-ramaphosa already exists.
2025-12-11 06:45:22,386 - INFO - [BBC] Early skip: URL https://www.bbc.com/news/articles/cj4q1lddj8go?at_medium=RSS&at_campaign=rss already exists.
2025-12-11 06:45:22,545 - INFO - [The Guardian] Article: https://www.theguardian.com/politics/2025/dec/11/uk-denies-mileis-claim-of-talks-over-falklands-era-ban-on-argentina-arms-sales
2025-12-11 06:45:22,545 - INFO - [The Guardian] Attempt 1/1: Trying with 'requests_browser' strategy...
2025-12-11 06:45:22,546 - INFO - [BBC] Early skip: URL https://www.bbc.com/news/articles/cdxwrvl1734o?at_medium=RSS&at_campaign=rss already exists.
2025-12-11 06:45:22,586 - INFO - [The Guardian] Success with 'requests_browser'. Found content (270 words).
2025-12-11 06:45:36,792 - INFO - Selenium driver initialized successfully.
2025-12-11 06:45:36,792 - INFO - Selenium driver initialized successfully.
2025-12-11 06:45:36,793 - INFO - Starting scrape for Times of India RSS feed: https://timesofindia.indiatimes.com/rssfeeds/296589292.cms
2025-12-11 06:45:36,793 - INFO - Starting scrape for The Hindu RSS feed: https://www.thehindu.com/news/national/feeder/default.rss
2025-12-11 06:45:36,928 - INFO - Found 20 articles in Times of India RSS feed. Processing up to 30.
2025-12-11 06:45:36,970 - INFO - Saved article: UK denies Milei’s claim of talks over Falklands-era ban on Argentina arms sales | Foreign policy | The Guardian from The Guardian (270 words)
2025-12-11 06:45:36,972 - INFO - [BBC] Early skip: URL https://www.bbc.com/news/articles/cvg8mkz227zo?at_medium=RSS&at_campaign=rss already exists.
2025-12-11 06:45:36,981 - INFO - Found 100 articles in The Hindu RSS feed. Processing up to 30.
2025-12-11 06:45:37,213 - INFO - [Times of India] Article: https://timesofindia.indiatimes.com/world/middle-east/uae-central-bank-cuts-rates-again-making-mortgages-and-car-loans-cheaper-in-2026/articleshow/125903182.cms
2025-12-11 06:45:37,214 - INFO - [Times of India] Attempt 1/1: Trying with 'selenium_browser' strategy...
2025-12-11 06:45:37,214 - INFO - [The Hindu] Article: https://www.thehindu.com/news/national/1996-drug-seizure-case-supreme-court-rejects-sanjiv-bhatts-plea-seeking-suspension-of-sentence/article70383472.ece
2025-12-11 06:45:37,214 - INFO - [The Hindu] Attempt 1/1: Trying with 'selenium_browser' strategy...
2025-12-11 06:45:37,215 - INFO - [BBC] Early skip: URL https://www.bbc.com/news/articles/c989e9xxn5po?at_medium=RSS&at_campaign=rss already exists.
2025-12-11 06:45:37,334 - INFO - [BBC] Early skip: URL https://www.bbc.com/news/articles/cjwy9n786n0o?at_medium=RSS&at_campaign=rss already exists.
2025-12-11 06:45:37,579 - INFO - [The Guardian] Early skip: URL https://www.theguardian.com/us-news/2025/dec/10/us-forces-reportedly-seize-oil-tanker-off-venezuela-coast already exists.
2025-12-11 06:45:37,684 - INFO - [BBC] Early skip: URL https://www.bbc.com/news/articles/c36z43ll06zo?at_medium=RSS&at_campaign=rss already exists.
2025-12-11 06:45:37,916 - INFO - [The Guardian] Early skip: URL https://www.theguardian.com/world/2025/dec/11/maria-corina-machado-venezuela-nobel-peace-prize-winner-oslo-norway already exists.
2025-12-11 06:45:38,075 - INFO - [BBC] Early skip: URL https://www.bbc.com/news/articles/c80x3p331lxo?at_medium=RSS&at_campaign=rss already exists.
2025-12-11 06:45:38,367 - INFO - [The Guardian] Early skip: URL https://www.theguardian.com/world/2025/dec/10/bolivia-luis-arce already exists.
2025-12-11 06:45:38,532 - INFO - [BBC] Early skip: URL https://www.bbc.com/news/articles/c9qe1e374l1o?at_medium=RSS&at_campaign=rss already exists.
2025-12-11 06:45:38,800 - INFO - [The Guardian] Early skip: URL https://www.theguardian.com/world/2025/dec/10/venezuelan-nobel-peace-prize-winner-maria-corina-machado-not-attend-ceremony-oslo already exists.
2025-12-11 06:45:39,095 - INFO - [The Guardian] Early skip: URL https://www.theguardian.com/world/2025/dec/11/sexually-explicit-letters-deepfake-hong-kong-activists-uk-australia already exists.
2025-12-11 06:45:39,304 - INFO - [BBC] Early skip: URL https://www.bbc.com/news/articles/c5y20p7xweko?at_medium=RSS&at_campaign=rss already exists.
2025-12-11 06:45:39,478 - INFO - [BBC] Early skip: URL https://www.bbc.com/news/articles/clyz2vyzek9o?at_medium=RSS&at_campaign=rss already exists.
2025-12-11 06:45:39,593 - INFO - [The Guardian] Early skip: URL https://www.theguardian.com/environment/2025/dec/11/climate-crisis-made-monsoon-floods-asia-worse-study already exists.
2025-12-11 06:45:39,881 - INFO - [BBC] Early skip: URL https://www.bbc.com/news/articles/c1dz0g2ykpeo?at_medium=RSS&at_campaign=rss already exists.
2025-12-11 06:45:40,112 - INFO - [BBC] Early skip: URL https://www.bbc.com/news/articles/cedx6lqy967o?at_medium=RSS&at_campaign=rss already exists.
2025-12-11 06:45:40,309 - INFO - [The Guardian] Early skip: URL https://www.theguardian.com/world/2025/dec/11/thailand-cambodia-border-evacuation already exists.
2025-12-11 06:45:40,513 - INFO - [The Guardian] Early skip: URL https://www.theguardian.com/film/2025/dec/10/documentary-china-baby-ruth-villaramas-food-delivery-fresh-from-the-west-philippine-sea already exists.
2025-12-11 06:45:40,517 - INFO - [The Hindu] Page content loaded.
2025-12-11 06:45:40,735 - INFO - [BBC] Early skip: URL https://www.bbc.com/news/articles/cwyln60219qo?at_medium=RSS&at_campaign=rss already exists.
2025-12-11 06:45:40,757 - INFO - [The Hindu] Success with 'selenium_browser'. Found content (329 words).
2025-12-11 06:45:40,847 - INFO - [BBC] Early skip: URL https://www.bbc.com/news/articles/cly59283d7ko?at_medium=RSS&at_campaign=rss already exists.
2025-12-11 06:45:40,950 - INFO - [The Guardian] Early skip: URL https://www.theguardian.com/world/2025/dec/10/trump-says-end-hostilities-thailand-cambodia already exists.
2025-12-11 06:46:12,907 - INFO - Saved article: 1996 drug seizure case: Supreme Court rejects Sanjiv Bhatt's plea seeking suspension of sentence - The Hindu from The Hindu (329 words)
2025-12-11 06:46:12,907 - INFO - [BBC] Early skip: URL https://www.bbc.com/news/articles/c74x03zy19wo?at_medium=RSS&at_campaign=rss already exists.
2025-12-11 06:46:13,186 - INFO - [The Guardian] Early skip: URL https://www.theguardian.com/australia-news/live/2025/dec/11/vce-atar-results-victoria-social-media-ban-reactions-abs-employment-figures-queensland-parliament-aukus-meeting-washington-dc-anthony-albanese-labor-sussan-ley-coalition-ntwnfb already exists.
2025-12-11 06:46:13,351 - INFO - [BBC] Early skip: URL https://www.bbc.com/news/articles/c0edxgx31zdo?at_medium=RSS&at_campaign=rss already exists.
2025-12-11 06:46:13,467 - INFO - [The Guardian] Article: https://www.theguardian.com/australia-news/2025/dec/11/coalition-urged-to-ignore-opinions-of-pauline-hanson-as-it-weighs-hardline-approach-to-immigration
2025-12-11 06:46:13,467 - INFO - [The Guardian] Attempt 1/1: Trying with 'requests_browser' strategy...
2025-12-11 06:46:13,469 - INFO - [BBC] Early skip: URL https://www.bbc.com/news/articles/ckgmy90z991o?at_medium=RSS&at_campaign=rss already exists.
2025-12-11 06:46:13,637 - INFO - [BBC] Early skip: URL https://www.bbc.com/news/articles/c0r9p1yr1y7o?at_medium=RSS&at_campaign=rss already exists.
2025-12-11 06:46:13,707 - INFO - [The Guardian] Success with 'requests_browser'. Found content (815 words).
2025-12-11 06:46:30,829 - INFO - Saved article: Coalition urged to ignore ‘opinions of Pauline Hanson’ as it weighs hardline approach to immigration | Australian immigration and asylum | The Guardian from The Guardian (815 words)
2025-12-11 06:46:30,830 - INFO - [BBC] Article: https://www.bbc.com/news/articles/cr7l0nyxxygo?at_medium=RSS&at_campaign=rss
2025-12-11 06:46:30,830 - INFO - [BBC] Attempt 1/1: Trying with 'requests_browser' strategy...
2025-12-11 06:46:30,831 - INFO - [The Hindu] Article: https://www.thehindu.com/news/national/sir-hearing-supreme-court-special-intensive-revision-west-bengal-tamil-nadu-ec-live-updates-december-11-2025/article70383413.ece
2025-12-11 06:46:30,831 - INFO - [The Hindu] Attempt 1/1: Trying with 'selenium_browser' strategy...
2025-12-11 06:46:31,238 - INFO - [BBC] Success with 'requests_browser'. Found content (1630 words).
2025-12-11 06:46:34,520 - INFO - [The Hindu] Page content loaded.
2025-12-11 06:46:34,589 - INFO - [The Hindu] Success with 'selenium_browser'. Found content (144 words).
2025-12-11 06:46:49,126 - INFO - Saved article: Panic in France as children fall victim to lethal violence of Marseille drug gangs from BBC (1630 words)
2025-12-11 06:46:49,127 - INFO - [The Guardian] Article: https://www.theguardian.com/australia-news/2025/dec/11/nsw-koala-numbers-higher-than-previously-thought-but-new-data-may-not-show-true-picture
2025-12-11 06:46:49,127 - INFO - [The Guardian] Attempt 1/1: Trying with 'requests_browser' strategy...
2025-12-11 06:46:49,216 - INFO - [The Guardian] Success with 'requests_browser'. Found content (662 words).
2025-12-11 06:47:03,420 - INFO - Saved article: Supreme Court hearing on SIR LIVE: SC to continue hearing petitions challenging ECI's SIR of voter rolls - The Hindu from The Hindu (144 words)
2025-12-11 06:47:17,713 - INFO - Saved article: NSW koala numbers higher than previously thought, but new data may not show true picture | New South Wales | The Guardian from The Guardian (662 words)
2025-12-11 06:47:17,713 - INFO - [BBC] Early skip: URL https://www.bbc.com/news/articles/c0r959n91p4o?at_medium=RSS&at_campaign=rss already exists.
2025-12-11 06:47:17,970 - INFO - [The Hindu] Article: https://www.thehindu.com/news/cities/Hyderabad/teenager-killed-after-assault-at-girlfriends-home-in-ameenpur/article70383132.ece
2025-12-11 06:47:17,970 - INFO - [The Hindu] Attempt 1/1: Trying with 'selenium_browser' strategy...
2025-12-11 06:47:17,970 - INFO - [BBC] Early skip: URL https://www.bbc.com/news/articles/c39p7jkp27lo?at_medium=RSS&at_campaign=rss already exists.
2025-12-11 06:47:18,105 - INFO - [BBC] Early skip: URL https://www.bbc.com/news/articles/cd74gjw1j11o?at_medium=RSS&at_campaign=rss already exists.
2025-12-11 06:47:18,240 - INFO - [BBC] Early skip: URL https://www.bbc.com/news/articles/c8r30py751mo?at_medium=RSS&at_campaign=rss already exists.
2025-12-11 06:47:18,436 - INFO - [BBC] Early skip: URL https://www.bbc.com/news/articles/c5yq5zdv907o?at_medium=RSS&at_campaign=rss already exists.
2025-12-11 06:47:18,544 - INFO - [BBC] Early skip: URL https://www.bbc.com/news/articles/ckg9e1nl40wo?at_medium=RSS&at_campaign=rss already exists.
2025-12-11 06:47:18,660 - INFO - [The Hindu] Page content loaded.
2025-12-11 06:47:18,790 - INFO - [The Hindu] Success with 'selenium_browser'. Found content (306 words).
2025-12-11 06:47:18,803 - INFO - [BBC] Early skip: URL https://www.bbc.com/news/articles/c62vnlg6v6wo?at_medium=RSS&at_campaign=rss already exists.
2025-12-11 06:47:34,503 - INFO - Saved article: Teenager killed after assault at girlfriend’s home in Ameenpur - The Hindu from The Hindu (306 words)
2025-12-11 06:47:34,503 - INFO - [BBC] Early skip: URL https://www.bbc.com/news/articles/cyvgq5nr05yo?at_medium=RSS&at_campaign=rss already exists.
2025-12-11 06:47:34,724 - INFO - [The Guardian] Early skip: URL https://www.theguardian.com/australia-news/2025/dec/11/australia-us-tourism-new-visa-rules-social-media-history already exists.
2025-12-11 06:47:34,831 - INFO - [The Guardian] Early skip: URL https://www.theguardian.com/australia-news/2025/dec/11/nsw-workers-compensation-psychological-injury-claims already exists.
2025-12-11 06:47:34,958 - INFO - [The Guardian] Early skip: URL https://www.theguardian.com/environment/2025/dec/11/sea-urchin-species-on-brink-of-extinction-after-marine-pandemic already exists.
2025-12-11 06:47:35,111 - INFO - [The Guardian] Early skip: URL https://www.theguardian.com/business/2025/dec/11/mcdonalds-removes-ai-generated-christmas-ad-advert-backlash already exists.
2025-12-11 06:47:35,347 - INFO - [The Hindu] Article: https://www.thehindu.com/news/national/jammu-and-kashmir/temperature-drops-at-most-places-in-kashmir/article70383337.ece
2025-12-11 06:47:35,347 - INFO - [The Hindu] Attempt 1/1: Trying with 'selenium_browser' strategy...
2025-12-11 06:47:35,347 - INFO - [The Guardian] Early skip: URL https://www.theguardian.com/us-news/2025/dec/11/us-house-passes-bill-to-bolster-europes-defence-in-apparent-rebuke-to-trumps-foreign-policy-strategy already exists.
2025-12-11 06:47:35,588 - INFO - [The Guardian] Early skip: URL https://www.theguardian.com/law/2025/dec/10/labour-seeks-to-reform-human-rights-laws-in-order-to-save-them already exists.
2025-12-11 06:47:35,741 - INFO - [The Guardian] Early skip: URL https://www.theguardian.com/world/2025/dec/10/coalition-willing-nations-war-ukraine-keir-starmer-emmanuel-macron already exists.
2025-12-11 06:47:36,012 - INFO - [The Guardian] Early skip: URL https://www.theguardian.com/world/2025/dec/09/children-gaza-hospitalised-acute-malnutrition-un-says already exists.
2025-12-11 06:47:36,224 - INFO - [The Guardian] Early skip: URL https://www.theguardian.com/world/2025/dec/08/yellow-line-that-divides-gaza-under-trump-plan-is-new-border-for-israel-says-military-chief already exists.
2025-12-11 06:47:36,360 - INFO - [The Hindu] Page content loaded.
2025-12-11 06:47:36,485 - INFO - [The Hindu] Success with 'selenium_browser'. Found content (229 words).
2025-12-11 06:47:36,533 - INFO - [The Guardian] Early skip: URL https://www.theguardian.com/politics/2025/dec/08/tony-blair-reportedly-dropped-from-donald-trump-gaza-board-of-peace-shortlist already exists.
2025-12-11 06:47:37,316 - ERROR - [Times of India] Request failed for strategy 'selenium_browser' on URL https://timesofindia.indiatimes.com/world/middle-east/uae-central-bank-cuts-rates-again-making-mortgages-and-car-loans-cheaper-in-2026/articleshow/125903182.cms: HTTPConnectionPool(host='localhost', port=42263): Read timed out. (read timeout=120)
2025-12-11 06:47:37,316 - ERROR - [Times of India] All scrape strategies failed for https://timesofindia.indiatimes.com/world/middle-east/uae-central-bank-cuts-rates-again-making-mortgages-and-car-loans-cheaper-in-2026/articleshow/125903182.cms. Falling back to RSS description.
2025-12-11 06:47:37,317 - WARNING - SKIPPED (GLOBAL WORD LIMIT): Article 'UAE Central Bank cuts rates again, making mortgages and car loans cheaper in 2026' from Times of India has only 45 words (Min: 90).
2025-12-11 06:47:52,391 - INFO - Saved article: Temperature drops at most places in Kashmir - The Hindu from The Hindu (229 words)
2025-12-11 06:47:52,391 - INFO - [The Guardian] Early skip: URL https://www.theguardian.com/world/2025/dec/08/can-syria-president-ahmed-al-sharaa-turn-goodwill-into-tangible-results already exists.
2025-12-11 06:47:52,658 - INFO - [Times of India] Article: https://timesofindia.indiatimes.com/world/south-asia/myanmar-military-strike-attack-on-mrauk-u-hospital-leaves-31-dead-civil-war-intensifies/articleshow/125902161.cms
2025-12-11 06:47:52,658 - INFO - [Times of India] Attempt 1/1: Trying with 'selenium_browser' strategy...
2025-12-11 06:47:52,659 - INFO - [The Guardian] Early skip: URL https://www.theguardian.com/world/2025/dec/08/stalled-justice-violence-syria-assad-one-year-on already exists.
2025-12-11 06:47:53,371 - INFO - [The Hindu] Article: https://www.thehindu.com/news/national/telangana/telangana-gp-polls-2025-first-phase-voting-for-378-gps-begins-in-erstwhile-karimnagar/article70383249.ece
2025-12-11 06:47:53,371 - INFO - [The Hindu] Attempt 1/1: Trying with 'selenium_browser' strategy...
2025-12-11 06:47:54,843 - INFO - [The Hindu] Page content loaded.
2025-12-11 06:47:54,896 - INFO - [The Hindu] Success with 'selenium_browser'. Found content (154 words).
2025-12-11 06:48:09,907 - INFO - DEDUPLICATION: Found match (Score: 0.83). Linking to Cluster ID: e1e061ba-d4dc-4a46-b226-99273fdf8fbe
2025-12-11 06:48:09,909 - INFO - Saved article: Telangana GP Polls-2025 first phase: Voting for 378 GPs begins in erstwhile Karimnagar - The Hindu from The Hindu (154 words)
2025-12-11 06:48:10,960 - INFO - [The Hindu] Article: https://www.thehindu.com/news/national/chinese-national-deported-to-hong-kong-for-visa-violations/article70383305.ece
2025-12-11 06:48:10,961 - INFO - [The Hindu] Attempt 1/1: Trying with 'selenium_browser' strategy...
2025-12-11 06:48:12,425 - INFO - [The Hindu] Page content loaded.
2025-12-11 06:48:12,517 - INFO - [The Hindu] Success with 'selenium_browser'. Found content (147 words).
2025-12-11 06:48:28,272 - INFO - DEDUPLICATION: Found match (Score: 0.79). Linking to Cluster ID: 976900ce-f978-4d06-8b30-c2e1b34d5df4
2025-12-11 06:48:28,273 - INFO - Saved article: Chinese national deported to Hong Kong for visa violations - The Hindu from The Hindu (147 words)
2025-12-11 06:48:29,000 - INFO - [The Hindu] Article: https://www.thehindu.com/news/cities/Hyderabad/77-indigo-flights-cancelled-at-hyderabad-airport-on-december-11/article70383340.ece
2025-12-11 06:48:29,000 - INFO - [The Hindu] Attempt 1/1: Trying with 'selenium_browser' strategy...
2025-12-11 06:48:30,139 - INFO - [The Hindu] Page content loaded.
2025-12-11 06:48:30,250 - WARNING - [The Hindu] FAILED with 'selenium_browser' (content was too short: 88 words).
2025-12-11 06:48:30,250 - ERROR - [The Hindu] All scrape strategies failed for https://www.thehindu.com/news/cities/Hyderabad/77-indigo-flights-cancelled-at-hyderabad-airport-on-december-11/article70383340.ece. Falling back to RSS description.
2025-12-11 06:48:30,250 - WARNING - SKIPPED (GLOBAL WORD LIMIT): Article '77 IndiGo flights cancelled at Hyderabad airport on December 11' from The Hindu has only 3 words (Min: 90).
2025-12-11 06:48:31,530 - INFO - [The Hindu] Article: https://www.thehindu.com/news/national/goa/goa-nightclub-fire-owners-saurabh-and-gaurav-luthra-detained-in-thailand/article70383399.ece
2025-12-11 06:48:31,530 - INFO - [The Hindu] Attempt 1/1: Trying with 'selenium_browser' strategy...
2025-12-11 06:48:32,390 - INFO - [The Hindu] Page content loaded.
2025-12-11 06:48:32,488 - INFO - [The Hindu] Success with 'selenium_browser'. Found content (185 words).
2025-12-11 06:48:48,195 - INFO - DEDUPLICATION: Found match (Score: 0.86). Linking to Cluster ID: e3ef412d-b7f0-49a1-931e-e4c33ae1f806
2025-12-11 06:48:48,196 - INFO - Saved article: Goa nightclub fire: Owners Saurabh and Gaurav Luthra detained in Thailand - The Hindu from The Hindu (185 words)
2025-12-11 06:48:49,505 - INFO - [The Hindu] Article: https://www.thehindu.com/news/national/kerala/chennithala-accuses-kerala-cm-pinarayi-vijayan-of-hushing-up-sexual-harassment-complaints-since-his-cpim-secretary-tenure/article70383297.ece
2025-12-11 06:48:49,505 - INFO - [The Hindu] Attempt 1/1: Trying with 'selenium_browser' strategy...
2025-12-11 06:48:50,642 - INFO - [The Hindu] Page content loaded.
2025-12-11 06:48:50,759 - INFO - [The Hindu] Success with 'selenium_browser'. Found content (145 words).
2025-12-11 06:49:05,838 - INFO - DEDUPLICATION: Found match (Score: 0.75). Linking to Cluster ID: 57230bc8-b607-4a62-ae15-b59930d8363d
2025-12-11 06:49:05,840 - INFO - Saved article: Ramesh Chennithala accuses Kerala CM Pinarayi Vijayan of ‘hushing up’ sexual harassment complaints since his CPI(M) secretary tenure - The Hindu from The Hindu (145 words)
2025-12-11 06:49:07,141 - INFO - [The Hindu] Article: https://www.thehindu.com/news/cities/chennai/msme-sector-plays-a-vital-role-in-providing-employment-says-mp-tiruchi-siva/article70380001.ece
2025-12-11 06:49:07,141 - INFO - [The Hindu] Attempt 1/1: Trying with 'selenium_browser' strategy...
2025-12-11 06:49:08,270 - INFO - [The Hindu] Page content loaded.
2025-12-11 06:49:08,390 - INFO - [The Hindu] Success with 'selenium_browser'. Found content (132 words).
2025-12-11 06:49:24,093 - INFO - Saved article: MSME sector plays a vital role in providing employment, says MP Tiruchi Siva - The Hindu from The Hindu (132 words)
2025-12-11 06:49:24,722 - INFO - [The Hindu] Article: https://www.thehindu.com/news/national/india-calls-for-pragmatic-engagement-with-the-taliban-ambassador-harish-to-un-security-council/article70383165.ece
2025-12-11 06:49:24,722 - INFO - [The Hindu] Attempt 1/1: Trying with 'selenium_browser' strategy...
2025-12-11 06:49:25,794 - INFO - [The Hindu] Page content loaded.
2025-12-11 06:49:25,889 - INFO - [The Hindu] Success with 'selenium_browser'. Found content (729 words).
2025-12-11 06:49:41,553 - INFO - Saved article: India calls for ‘pragmatic engagement’ with the Taliban: Ambassador Harish to U.N. Security Council - The Hindu from The Hindu (729 words)
2025-12-11 06:49:42,182 - INFO - [The Hindu] Early skip: URL https://www.thehindu.com/news/national/karnataka/greater-mysuru-city-corporation-to-have-more-libraries/article70382940.ece already exists.
2025-12-11 06:49:42,365 - INFO - [The Hindu] Early skip: URL https://www.thehindu.com/news/national/kerala/sabarimala-gold-theft-will-influence-poll-verdict-says-kpcc-president-sunny-joseph/article70383193.ece already exists.
2025-12-11 06:49:42,654 - INFO - [The Hindu] Early skip: URL https://www.thehindu.com/news/national/karnataka/mmcriclearsdeck-forconstruction-of-unified-opdblock-at-kr-hospital-in-mysuru/article70382934.ece already exists.
2025-12-11 06:49:42,760 - INFO - [The Hindu] Early skip: URL https://www.thehindu.com/news/national/parliament-winter-session-lok-sabha-rajya-sabha-day-9-live-updates-december-11-2025/article70383111.ece already exists.
2025-12-11 06:49:42,921 - INFO - [The Hindu] Early skip: URL https://www.thehindu.com/news/national/telangana/a-changed-world-and-priorities-between-vision-2020-for-ap-and-vision-2047-for-telangana/article70381020.ece already exists.
2025-12-11 06:49:43,114 - INFO - [The Hindu] Early skip: URL https://www.thehindu.com/news/national/karnataka/overstay-parking-charges-implemented-at-terminal-2-of-bengaluru-airport-from-december-11/article70383168.ece already exists.
2025-12-11 06:49:43,216 - INFO - [The Hindu] Early skip: URL https://www.thehindu.com/news/national/kerala/kerala-local-body-polls-bjp-booth-agents-boycott-election-proceedings-in-karassery/article70383145.ece already exists.
2025-12-11 06:49:43,433 - INFO - [The Hindu] Early skip: URL https://www.thehindu.com/news/national/maharashtra/maharashtra-bjp-chief-meets-home-minister-in-new-delhi/article70383170.ece already exists.
2025-12-11 06:49:43,661 - INFO - [The Hindu] Early skip: URL https://www.thehindu.com/news/national/karnataka/dharmasthala-controversy-was-the-outcome-of-bjp-rss-differences-says-karnataka-deputy-cm-dk-shivakumar/article70381509.ece already exists.
2025-12-11 06:49:43,938 - INFO - [The Hindu] Article: https://www.thehindu.com/news/national/goa/fireworks-banned-at-nightclubs-hotels-other-tourist-establishments-in-north-goa/article70383183.ece
2025-12-11 06:49:43,938 - INFO - [The Hindu] Attempt 1/1: Trying with 'selenium_browser' strategy...
2025-12-11 06:49:45,785 - INFO - [The Hindu] Page content loaded.
2025-12-11 06:49:45,849 - INFO - [The Hindu] Success with 'selenium_browser'. Found content (181 words).
2025-12-11 06:49:52,758 - ERROR - [Times of India] Request failed for strategy 'selenium_browser' on URL https://timesofindia.indiatimes.com/world/south-asia/myanmar-military-strike-attack-on-mrauk-u-hospital-leaves-31-dead-civil-war-intensifies/articleshow/125902161.cms: HTTPConnectionPool(host='localhost', port=42263): Read timed out. (read timeout=120)
2025-12-11 06:49:52,759 - ERROR - [Times of India] All scrape strategies failed for https://timesofindia.indiatimes.com/world/south-asia/myanmar-military-strike-attack-on-mrauk-u-hospital-leaves-31-dead-civil-war-intensifies/articleshow/125902161.cms. Falling back to RSS description.
2025-12-11 06:49:52,759 - WARNING - SKIPPED (GLOBAL WORD LIMIT): Article 'Myanmar military strike: Attack on Mrauk-U hospital leaves 31 dead; civil war intensifies' from Times of India has only 44 words (Min: 90).
2025-12-11 06:50:01,269 - INFO - Saved article: Fireworks banned at nightclubs, hotels, other tourist establishments in North Goa - The Hindu from The Hindu (181 words)
2025-12-11 06:50:01,269 - INFO - [Times of India] Early skip: URL https://timesofindia.indiatimes.com/world/us-streamers/its-about-me-candace-owens-fires-back-hard-as-erika-kirk-asks-the-public-to-end-charlie-kirk-conspiracy-stories/articleshow/125900305.cms already exists.
2025-12-11 06:50:01,495 - INFO - [Times of India] Early skip: URL https://timesofindia.indiatimes.com/world/us/i-bet-im-the-first-singer-jelly-roll-breaks-down-as-craig-morgan-surprises-him-with-opry-invite-on-rogan-podcast-watch/articleshow/125901466.cms already exists.
2025-12-11 06:50:01,709 - INFO - [Times of India] Early skip: URL https://timesofindia.indiatimes.com/world/middle-east/etihad-cancels-abu-dhabilisbon-flights-as-portugal-national-strike-paralyzes-airports/articleshow/125902635.cms already exists.
2025-12-11 06:50:01,835 - INFO - [Times of India] Early skip: URL https://timesofindia.indiatimes.com/world/us/poster-worth-a-thousand-words-democrat-points-to-pm-modiputin-car-photo-in-us-congress-warns-trump-on-india-ties/articleshow/125901587.cms already exists.
2025-12-11 06:50:01,977 - INFO - [Times of India] Early skip: URL https://timesofindia.indiatimes.com/business/international-business/trump-unveils-1m-gold-card-visa-cost-eligibility-application-timeline-and-how-to-apply-explained/articleshow/125900386.cms already exists.
2025-12-11 06:50:02,092 - INFO - [Times of India] Early skip: URL https://timesofindia.indiatimes.com/world/us/kentucky-state-university-shooting-parent-charged-with-murder-after-on-campus-attack-kills-student/articleshow/125900474.cms already exists.
2025-12-11 06:50:02,307 - INFO - [Times of India] Early skip: URL https://timesofindia.indiatimes.com/world/us/republicans-plan-to-let-obamacare-subsidies-lapse-threatening-coverage-for-24-million-americans/articleshow/125900554.cms already exists.
2025-12-11 06:50:02,521 - INFO - [Times of India] Early skip: URL https://timesofindia.indiatimes.com/world/us-streamers/she-is-jealous-charlie-married-erika-instead-of-her-laura-loomer-blasts-candace-owens-for-attacking-erika-kirk/articleshow/125900476.cms already exists.
2025-12-11 06:50:02,730 - INFO - [Times of India] Early skip: URL https://timesofindia.indiatimes.com/world/us-streamers/when-does-rakais-twitch-ban-officially-end-ray-reveals-the-official-timeline-of-his-fellow-streamers-suspension/articleshow/125900401.cms already exists.
2025-12-11 06:50:02,878 - INFO - [The Hindu] Article: https://www.thehindu.com/news/national/kerala/kerala-local-body-elections-kannur-kasaragod-see-sluggish-start-to-polling-machine-glitches-delay-voting-in-several-booths/article70383138.ece
2025-12-11 06:50:02,879 - INFO - [The Hindu] Attempt 1/1: Trying with 'selenium_browser' strategy...
2025-12-11 06:50:02,879 - INFO - [Times of India] Early skip: URL https://timesofindia.indiatimes.com/world/us-streamers/candace-owens-intensifies-controversy-with-new-claims-dragging-charlie-kirks-security-provider-in-new-assassination-claims/articleshow/125900229.cms already exists.
2025-12-11 06:50:03,069 - INFO - [Times of India] Early skip: URL https://timesofindia.indiatimes.com/world/us-streamers/some-ignorant-black-nick-fuentes-warns-he-will-expose-candace-owens-if-tpusa-livestream-on-charlie-kirk-fails/articleshow/125899625.cms already exists.
2025-12-11 06:50:03,249 - INFO - [Times of India] Early skip: URL https://timesofindia.indiatimes.com/world/us/trump-says-us-seized-largest-ever-oil-tanker-off-venezuela-dramatic-footage-shows-operators-fast-roping-aboard-watch/articleshow/125900279.cms already exists.
2025-12-11 06:50:03,525 - INFO - [Times of India] Early skip: URL https://timesofindia.indiatimes.com/world/us-streamers/fanfan-diddy-joke-fallout-grows-as-thestockguy-reports-receiving-death-threats-for-speaking-out/articleshow/125897697.cms already exists.
2025-12-11 06:50:03,627 - INFO - [Times of India] Early skip: URL https://timesofindia.indiatimes.com/sports/international-sports/mountaineer-charged-in-girlfriends-death-says-rescue-was-impossible-as-she-froze-on-austrias-highest-peak/articleshow/125897712.cms already exists.
2025-12-11 06:50:03,667 - INFO - [The Hindu] Page content loaded.
2025-12-11 06:50:03,744 - INFO - [Times of India] Early skip: URL https://timesofindia.indiatimes.com/world/us/its-not-blackmail-former-cia-director-reveals-how-cia-scares-spies-to-keep-working-old-clip-goes-viral/articleshow/125897658.cms already exists.
2025-12-11 06:50:03,823 - INFO - [The Hindu] Success with 'selenium_browser'. Found content (234 words).
2025-12-11 06:50:03,990 - INFO - [Times of India] Early skip: URL https://timesofindia.indiatimes.com/world/europe/princess-sofia-skips-nobel-prize-ceremony-after-epstein-links-emerge-shes-the-girl-i-told-you-about/articleshow/125897627.cms already exists.
2025-12-11 06:50:19,027 - INFO - DEDUPLICATION: Found match (Score: 0.75). Linking to Cluster ID: cfa797e6-1f1a-46cf-8884-b575ca308af7
2025-12-11 06:50:19,029 - INFO - Saved article: Kerala local body elections: Kannur, Kasaragod see sluggish start to polling; machine glitches delay voting in several booths - The Hindu from The Hindu (234 words)
2025-12-11 06:50:19,029 - INFO - [Times of India] Early skip: URL https://timesofindia.indiatimes.com/world/us-streamers/who-is-mapletom-the-lol-legend-whose-twitch-channel-sparked-concern-after-a-2025-hack/articleshow/125897564.cms already exists.
2025-12-11 06:50:19,171 - INFO - [Times of India] Early skip: URL https://timesofindia.indiatimes.com/world/us-streamers/there-are-serious-security-issues-elon-musk-opens-up-on-katie-miller-podcast-about-fear-after-charlie-kirks-assassination/articleshow/125896106.cms already exists.
2025-12-11 06:50:19,415 - INFO - [Times of India] (Thread) Finished. Attempting to shut down its Selenium driver.
2025-12-11 06:50:19,738 - INFO - [The Hindu] Early skip: URL https://www.thehindu.com/news/national/ed-ats-conduct-raids-in-thane-over-suspected-terror-funding/article70383085.ece already exists.
2025-12-11 06:50:20,023 - INFO - [The Hindu] Early skip: URL https://www.thehindu.com/news/national/telangana/indian-applicants-of-h4-h1b-visas-in-a-quandary-as-us-consulates-reschedule-physical-interview-dates/article70383054.ece already exists.
2025-12-11 06:50:20,204 - INFO - [The Hindu] Early skip: URL https://www.thehindu.com/news/national/kerala/kerala-local-body-polls-cm-asserts-strong-prospects-for-ldf-defends-govts-stance-on-sabarimala-row/article70383055.ece already exists.
2025-12-11 06:50:20,494 - INFO - [The Hindu] Early skip: URL https://www.thehindu.com/news/national/odisha/odisha-forms-high-level-committee-to-address-mahanadi-river-water-dispute/article70381005.ece already exists.
2025-12-11 06:50:20,608 - INFO - [The Hindu] Early skip: URL https://www.thehindu.com/news/national/haryana/haryana-doctors-defy-esma-go-on-indefinite-stir-over-demands/article70381179.ece already exists.
2025-12-11 06:50:20,758 - CRITICAL - --- TIMEOUT: 2 scrape jobs did not complete in 300s. ---
2025-12-11 06:50:20,758 - ERROR - A thread has timed out and will be abandoned.
2025-12-11 06:50:20,758 - ERROR - A thread has timed out and will be abandoned.
2025-12-11 06:50:20,758 - INFO - Shutting down thread pool (wait=False)...
2025-12-11 06:50:20,758 - INFO - Scraped: 1 BBC, 3 The Guardian, 2 Timed_Out_Jobs articles. (Total saved: 4)
2025-12-11 06:50:20,758 - INFO - --- Scraping job finished ---
2025-12-11 06:50:20,760 - INFO - --- Scraper service stopped and database connection closed. ---
2025-12-11 06:50:20,760 - INFO - --- Main thread finished. Forcing process exit to kill zombie threads. ---
