2025-12-21 07:24:49,147 - INFO - Loading AI Semantic Model (all-MiniLM-L6-v2)...
2025-12-21 07:24:49,148 - INFO - Use pytorch device_name: cpu
2025-12-21 07:24:49,148 - INFO - Load pretrained SentenceTransformer: all-MiniLM-L6-v2
2025-12-21 07:24:49,915 - INFO - AI Model loaded successfully.
2025-12-21 07:24:49,915 - INFO - --- Scraper service started (CI Mode: Run Once) ---
2025-12-21 07:24:49,915 - INFO - --- Starting new scraping job (Parallel Mode) ---
2025-12-21 07:24:49,915 - INFO - Creating new robust session with 3 retries on 5xx/connection/read errors.
2025-12-21 07:24:49,916 - INFO - Proxy is DISABLED.
2025-12-21 07:24:49,916 - INFO - Starting scrape for BBC RSS feed: http://feeds.bbci.co.uk/news/world/rss.xml
2025-12-21 07:24:49,917 - INFO - [Times of India] (Thread) requires Selenium. Initializing driver...
2025-12-21 07:24:49,917 - INFO - Starting scrape for The Guardian RSS feed: https://www.theguardian.com/world/rss
2025-12-21 07:24:49,918 - INFO - [The Hindu] (Thread) requires Selenium. Initializing driver...
2025-12-21 07:24:49,918 - INFO - Submitted 4 jobs to thread pool. Waiting up to 300s for completion...
2025-12-21 07:24:50,055 - INFO - Found 25 articles in BBC RSS feed. Processing up to 30.
2025-12-21 07:24:50,055 - INFO - [BBC] Early skip: URL https://www.bbc.com/news/articles/c5ydzl0nwqeo?at_medium=RSS&at_campaign=rss already exists.
2025-12-21 07:24:50,194 - INFO - Found 45 articles in The Guardian RSS feed. Processing up to 30.
2025-12-21 07:24:50,242 - INFO - [The Guardian] Early skip: URL https://www.theguardian.com/society/2025/dec/19/hepatitis-b-vaccine-study-guinea-bissau-rfk already exists.
2025-12-21 07:24:50,483 - INFO - [BBC] Early skip: URL https://www.bbc.com/news/articles/c79xyxdpzrxo?at_medium=RSS&at_campaign=rss already exists.
2025-12-21 07:24:50,762 - INFO - [The Guardian] Early skip: URL https://www.theguardian.com/global-development/2025/dec/19/colombian-mercenaries-sudan-rsf-us-sanctions-recruited-uk-registered-firms-investigation already exists.
2025-12-21 07:24:50,982 - INFO - [BBC] Early skip: URL https://www.bbc.com/news/articles/c0mpy1ynnzzo?at_medium=RSS&at_campaign=rss already exists.
2025-12-21 07:24:51,214 - INFO - [The Guardian] Early skip: URL https://www.theguardian.com/global-development/2025/dec/18/morocco-genz212-protests-police-mass-arrests-beatings-detentions-rights already exists.
2025-12-21 07:24:51,404 - INFO - [BBC] Early skip: URL https://www.bbc.com/news/articles/cm20ppy0rreo?at_medium=RSS&at_campaign=rss already exists.
2025-12-21 07:24:51,674 - INFO - [The Guardian] Early skip: URL https://www.theguardian.com/world/2025/dec/16/five-key-moments-in-the-assault-on-the-rights-of-women-and-girls-in-2025 already exists.
2025-12-21 07:24:51,823 - INFO - [BBC] Early skip: URL https://www.bbc.com/news/articles/c14vy02847vo?at_medium=RSS&at_campaign=rss already exists.
2025-12-21 07:24:52,043 - INFO - [The Guardian] Early skip: URL https://www.theguardian.com/world/2025/dec/16/south-africa-russia-men-tricked-fighting-ukraine already exists.
2025-12-21 07:24:52,291 - INFO - [BBC] Early skip: URL https://www.bbc.com/news/articles/c9qe2yln2nlo?at_medium=RSS&at_campaign=rss already exists.
2025-12-21 07:24:52,433 - INFO - [The Guardian] Early skip: URL https://www.theguardian.com/us-news/2025/dec/20/us-second-merchant-vessel-venezuela already exists.
2025-12-21 07:24:52,537 - INFO - [BBC] Early skip: URL https://www.bbc.com/news/articles/c62vx2pgl0eo?at_medium=RSS&at_campaign=rss already exists.
2025-12-21 07:24:52,660 - INFO - [The Guardian] Early skip: URL https://www.theguardian.com/us-news/2025/dec/19/trump-venezuela-war already exists.
2025-12-21 07:24:52,913 - INFO - [BBC] Early skip: URL https://www.bbc.com/news/articles/c5y9z0g7lleo?at_medium=RSS&at_campaign=rss already exists.
2025-12-21 07:24:53,168 - INFO - [The Guardian] Early skip: URL https://www.theguardian.com/world/2025/dec/19/montreal-grocery-store-santas-elves-robbery already exists.
2025-12-21 07:24:53,361 - INFO - [BBC] Early skip: URL https://www.bbc.com/news/articles/c5yq7zzw618o?at_medium=RSS&at_campaign=rss already exists.
2025-12-21 07:24:53,596 - INFO - [The Guardian] Early skip: URL https://www.theguardian.com/world/2025/dec/19/colombia-eln-guerrilla-group-attack-military-base already exists.
2025-12-21 07:24:53,753 - INFO - [BBC] Early skip: URL https://www.bbc.com/news/articles/c8r38ne1x2mo?at_medium=RSS&at_campaign=rss already exists.
2025-12-21 07:24:53,991 - INFO - [The Guardian] Early skip: URL https://www.theguardian.com/world/2025/dec/19/i-cant-think-of-a-place-more-pristine-133000-hectares-of-chilean-patagonia-preserved-after-local-fundraising already exists.
2025-12-21 07:24:54,099 - INFO - [BBC] Early skip: URL https://www.bbc.com/news/articles/cp89p082y2xo?at_medium=RSS&at_campaign=rss already exists.
2025-12-21 07:24:54,247 - INFO - [The Guardian] Early skip: URL https://www.theguardian.com/world/2025/dec/19/mass-stabbing-tapei already exists.
2025-12-21 07:24:54,407 - INFO - [BBC] Early skip: URL https://www.bbc.com/news/articles/cx251p7k23mo?at_medium=RSS&at_campaign=rss already exists.
2025-12-21 07:24:54,525 - INFO - [The Guardian] Early skip: URL https://www.theguardian.com/technology/2025/dec/19/uk-foreign-office-victim-cyber-attack-october- already exists.
2025-12-21 07:24:54,755 - INFO - [BBC] Early skip: URL https://www.bbc.com/news/articles/c8dy8r7lq0go?at_medium=RSS&at_campaign=rss already exists.
2025-12-21 07:24:54,908 - INFO - [The Guardian] Early skip: URL https://www.theguardian.com/technology/2025/dec/18/tiktok-signs-deal-us-entity-sale already exists.
2025-12-21 07:24:55,016 - INFO - [BBC] Early skip: URL https://www.bbc.com/news/articles/c5yqr485d84o?at_medium=RSS&at_campaign=rss already exists.
2025-12-21 07:24:55,235 - INFO - [The Guardian] Early skip: URL https://www.theguardian.com/world/2025/dec/19/south-korean-president-urges-public-health-cover-hair-loss already exists.
2025-12-21 07:24:55,410 - INFO - [The Guardian] Early skip: URL https://www.theguardian.com/world/2025/dec/18/us-announces-more-than-10bn-of-arms-sales-to-taiwan already exists.
2025-12-21 07:24:55,517 - INFO - [BBC] Early skip: URL https://www.bbc.com/news/articles/c4gp4v32z0lo?at_medium=RSS&at_campaign=rss already exists.
2025-12-21 07:24:55,760 - INFO - [The Guardian] Early skip: URL https://www.theguardian.com/australia-news/live/2025/dec/21/bondi-beach-terror-attack-one-week-anniversary-day-of-reflection-reactions-sydney-vigil-memorial-nsw-protest-laws-police-powers-anthony-albanese-labor-sussan-ley-coalition-ntwnfb already exists.
2025-12-21 07:24:56,050 - INFO - [BBC] Early skip: URL https://www.bbc.com/news/articles/c5y9ed5d1r4o?at_medium=RSS&at_campaign=rss already exists.
2025-12-21 07:24:56,303 - INFO - [The Guardian] Early skip: URL https://www.theguardian.com/australia-news/2025/dec/21/albanese-announces-review-of-intelligence-and-policing-processes-in-lead-up-to-bondi-beach-attack-ntwnfb already exists.
2025-12-21 07:24:56,466 - INFO - Selenium driver initialized successfully.
2025-12-21 07:24:56,466 - INFO - Selenium driver initialized successfully.
2025-12-21 07:24:56,466 - INFO - Starting scrape for Times of India RSS feed: https://timesofindia.indiatimes.com/rssfeeds/296589292.cms
2025-12-21 07:24:56,466 - INFO - Starting scrape for The Hindu RSS feed: https://www.thehindu.com/news/national/feeder/default.rss
2025-12-21 07:24:56,574 - INFO - Found 20 articles in Times of India RSS feed. Processing up to 30.
2025-12-21 07:24:56,595 - INFO - [BBC] Early skip: URL https://www.bbc.com/news/articles/c5y27ekr26xo?at_medium=RSS&at_campaign=rss already exists.
2025-12-21 07:24:56,656 - INFO - Found 100 articles in The Hindu RSS feed. Processing up to 30.
2025-12-21 07:24:56,829 - INFO - [Times of India] Article: https://timesofindia.indiatimes.com/world/middle-east/saudi-arabia-mandates-official-salary-transfers-for-domestic-workers-what-it-means-for-employers-and-workers/articleshow/126101932.cms
2025-12-21 07:24:56,829 - INFO - [Times of India] Attempt 1/1: Trying with 'selenium_browser' strategy...
2025-12-21 07:24:56,830 - INFO - [The Guardian] Early skip: URL https://www.theguardian.com/australia-news/2025/dec/21/bom-christmas-weather-forecast-perth-brisbane-melbourne-sydney-adelaide-hobart-darwin-canberra already exists.
2025-12-21 07:24:57,077 - INFO - [The Hindu] Article: https://www.thehindu.com/news/national/assam/pm-pays-tribute-to-martyrs-of-assam-agitation-at-memorial-in-guwahati/article70422231.ece
2025-12-21 07:24:57,077 - INFO - [The Hindu] Attempt 1/1: Trying with 'selenium_browser' strategy...
2025-12-21 07:24:57,078 - INFO - [BBC] Early skip: URL https://www.bbc.com/news/articles/cedx6vn5202o?at_medium=RSS&at_campaign=rss already exists.
2025-12-21 07:24:57,261 - INFO - [The Guardian] Early skip: URL https://www.theguardian.com/australia-news/2025/dec/21/gun-law-reform-after-port-arthur-national-forearms-register-ntwnfb already exists.
2025-12-21 07:24:57,406 - INFO - [BBC] Early skip: URL https://www.bbc.com/news/articles/cwyp8erjp82o?at_medium=RSS&at_campaign=rss already exists.
2025-12-21 07:24:57,515 - INFO - [The Guardian] Early skip: URL https://www.theguardian.com/australia-news/2025/dec/20/lithium-battery-fire-on-truck-shuts-down-hume-highway-in-nsw-due-to-health-risk already exists.
2025-12-21 07:24:57,653 - INFO - [BBC] Early skip: URL https://www.bbc.com/news/articles/cqxql12317qo?at_medium=RSS&at_campaign=rss already exists.
2025-12-21 07:24:57,804 - INFO - [BBC] Early skip: URL https://www.bbc.com/news/videos/cn7kpnjnmklo?at_medium=RSS&at_campaign=rss already exists.
2025-12-21 07:24:57,907 - INFO - [BBC] Article: https://www.bbc.com/news/videos/cj01pdve7rpo?at_medium=RSS&at_campaign=rss
2025-12-21 07:24:57,907 - INFO - [BBC] Attempt 1/1: Trying with 'requests_browser' strategy...
2025-12-21 07:24:57,910 - INFO - [The Guardian] Article: https://www.theguardian.com/world/2025/dec/21/denmark-postnord-postal-delivery-letters-society
2025-12-21 07:24:57,910 - INFO - [The Guardian] Attempt 1/1: Trying with 'requests_browser' strategy...
2025-12-21 07:24:58,064 - INFO - [The Guardian] Success with 'requests_browser'. Found content (748 words).
2025-12-21 07:24:58,389 - WARNING - [BBC] FAILED with 'requests_browser' (content was too short: 80 words).
2025-12-21 07:24:58,389 - ERROR - [BBC] All scrape strategies failed for https://www.bbc.com/news/videos/cj01pdve7rpo?at_medium=RSS&at_campaign=rss. Falling back to RSS description.
2025-12-21 07:24:58,390 - WARNING - SKIPPED (GLOBAL WORD LIMIT): Article 'Putin tells BBC Western leaders deceived Russia' from BBC has only 21 words (Min: 90).
2025-12-21 07:25:01,620 - INFO - [The Hindu] Page content loaded.
2025-12-21 07:25:01,831 - INFO - [The Hindu] Success with 'selenium_browser'. Found content (363 words).
2025-12-21 07:26:07,777 - INFO - Saved article: Danish postal service to stop delivering letters after 400 years | Denmark | The Guardian from The Guardian (748 words)
2025-12-21 07:26:07,778 - INFO - [BBC] Early skip: URL https://www.bbc.com/news/videos/cly5p1vkm39o?at_medium=RSS&at_campaign=rss already exists.
2025-12-21 07:26:55,719 - INFO - Saved article: PM pays tribute to martyrs of Assam Agitation at memorial in Guwahati - The Hindu from The Hindu (363 words)
2025-12-21 07:26:55,719 - INFO - [BBC] Article: https://www.bbc.com/news/videos/c5yje8pvg8jo?at_medium=RSS&at_campaign=rss
2025-12-21 07:26:55,719 - INFO - [BBC] Attempt 1/1: Trying with 'requests_browser' strategy...
2025-12-21 07:26:55,720 - INFO - [The Guardian] Early skip: URL https://www.theguardian.com/world/2025/dec/21/spain-ruling-party-regional-poll-extremadura-pedro-sanchez already exists.
2025-12-21 07:26:55,774 - WARNING - [BBC] FAILED with 'requests_browser' (content was too short: 74 words).
2025-12-21 07:26:55,774 - ERROR - [BBC] All scrape strategies failed for https://www.bbc.com/news/videos/c5yje8pvg8jo?at_medium=RSS&at_campaign=rss. Falling back to RSS description.
2025-12-21 07:26:55,774 - WARNING - SKIPPED (GLOBAL WORD LIMIT): Article 'What does TikTok's deal mean for America's users?' from BBC has only 21 words (Min: 90).
2025-12-21 07:26:55,930 - INFO - [The Guardian] Early skip: URL https://www.theguardian.com/politics/2025/dec/20/uk-aid-cuts-take-40-from-funds-to-counter-russian-threat-in-western-balkans already exists.
2025-12-21 07:26:56,070 - INFO - [The Guardian] Early skip: URL https://www.theguardian.com/world/2025/dec/20/brussels-bike-ban-plan-for-pedestrian-zone-dangerous-and-absurd already exists.
2025-12-21 07:26:56,240 - INFO - [The Guardian] Early skip: URL https://www.theguardian.com/world/live/2025/dec/19/ukraine-war-live-zelenskyy-european-union-agreement-90bn-loan-deal-kyiv already exists.
2025-12-21 07:26:56,375 - INFO - [The Guardian] Early skip: URL https://www.theguardian.com/world/2025/dec/20/israeli-troops-kill-palestinians-sheltering-in-gaza-school-hospital-chiefs already exists.
2025-12-21 07:26:56,667 - INFO - [The Guardian] Early skip: URL https://www.theguardian.com/world/2025/dec/19/gaza-famine-hunger-food-shortages-winter-flooding-un already exists.
2025-12-21 07:26:56,929 - ERROR - [Times of India] Request failed for strategy 'selenium_browser' on URL https://timesofindia.indiatimes.com/world/middle-east/saudi-arabia-mandates-official-salary-transfers-for-domestic-workers-what-it-means-for-employers-and-workers/articleshow/126101932.cms: HTTPConnectionPool(host='localhost', port=38509): Read timed out. (read timeout=120)
2025-12-21 07:26:56,930 - ERROR - [Times of India] All scrape strategies failed for https://timesofindia.indiatimes.com/world/middle-east/saudi-arabia-mandates-official-salary-transfers-for-domestic-workers-what-it-means-for-employers-and-workers/articleshow/126101932.cms. Falling back to RSS description.
2025-12-21 07:26:56,930 - WARNING - SKIPPED (GLOBAL WORD LIMIT): Article 'Saudi Arabia mandates official salary transfers for domestic workers: What it means for employers and workers' from Times of India has only 59 words (Min: 90).
2025-12-21 07:26:56,967 - INFO - [BBC] Early skip: URL https://www.bbc.com/news/videos/cjdrpx4yjv5o?at_medium=RSS&at_campaign=rss already exists.
2025-12-21 07:26:57,097 - INFO - [The Guardian] Early skip: URL https://www.theguardian.com/global-development/2025/dec/19/gaza-phd-student-manar-al-houbi-granted-access-to-uk-but-others-remain-stranded already exists.
2025-12-21 07:26:57,352 - INFO - [The Hindu] Article: https://www.thehindu.com/news/national/jharkhand/nuppl-commences-mining-operations-at-pachwara-south-coal-block-in-jharkhand/article70422077.ece
2025-12-21 07:26:57,352 - INFO - [The Hindu] Attempt 1/1: Trying with 'selenium_browser' strategy...
2025-12-21 07:26:57,353 - INFO - [The Guardian] Early skip: URL https://www.theguardian.com/global-development/2025/dec/19/iranian-boxing-champion-mohammad-javad-vafaei-sani-risk-of-execution-retrial-request-rejected already exists.
2025-12-21 07:26:57,598 - INFO - [The Guardian] Early skip: URL https://www.theguardian.com/world/2025/dec/18/rainfall-iran-hormuz-island-red-beach already exists.
2025-12-21 07:26:58,070 - INFO - [Times of India] Article: https://timesofindia.indiatimes.com/world/us/im-literally-stuck-in-india-us-cancels-h-1b-interviews-abruptly-leaving-workers-stranded-back-home-but-why/articleshow/126100878.cms
2025-12-21 07:26:58,070 - INFO - [Times of India] Attempt 1/1: Trying with 'selenium_browser' strategy...
2025-12-21 07:26:59,360 - INFO - [The Hindu] Page content loaded.
2025-12-21 07:26:59,578 - INFO - [The Hindu] Success with 'selenium_browser'. Found content (243 words).
2025-12-21 07:27:45,130 - INFO - Saved article: NUPPL commences mining operations at Pachwara South coal block in Jharkhand - The Hindu from The Hindu (243 words)
2025-12-21 07:27:46,600 - INFO - [The Hindu] Article: https://www.thehindu.com/news/cities/mumbai/navi-mumbai-airport-to-offer-free-high-speed-wi-fi-digital-first-passenger-communication/article70422175.ece
2025-12-21 07:27:46,600 - INFO - [The Hindu] Attempt 1/1: Trying with 'selenium_browser' strategy...
2025-12-21 07:27:47,738 - INFO - [The Hindu] Page content loaded.
2025-12-21 07:27:47,816 - INFO - [The Hindu] Success with 'selenium_browser'. Found content (381 words).
2025-12-21 07:28:45,674 - INFO - Saved article: Navi Mumbai airport to offer free high-speed Wi-Fi, digital-first passenger communication - The Hindu from The Hindu (381 words)
2025-12-21 07:28:46,236 - INFO - [The Hindu] Article: https://www.thehindu.com/news/national/jharkhand/two-workers-trapped-after-wall-of-opencast-coal-mine-collapses-in-jharkhand/article70422167.ece
2025-12-21 07:28:46,236 - INFO - [The Hindu] Attempt 1/1: Trying with 'selenium_browser' strategy...
2025-12-21 07:28:48,950 - INFO - [The Hindu] Page content loaded.
2025-12-21 07:28:49,037 - INFO - [The Hindu] Success with 'selenium_browser'. Found content (207 words).
2025-12-21 07:28:58,171 - ERROR - [Times of India] Request failed for strategy 'selenium_browser' on URL https://timesofindia.indiatimes.com/world/us/im-literally-stuck-in-india-us-cancels-h-1b-interviews-abruptly-leaving-workers-stranded-back-home-but-why/articleshow/126100878.cms: HTTPConnectionPool(host='localhost', port=38509): Read timed out. (read timeout=120)
2025-12-21 07:28:58,171 - ERROR - [Times of India] All scrape strategies failed for https://timesofindia.indiatimes.com/world/us/im-literally-stuck-in-india-us-cancels-h-1b-interviews-abruptly-leaving-workers-stranded-back-home-but-why/articleshow/126100878.cms. Falling back to RSS description.
2025-12-21 07:28:58,171 - WARNING - SKIPPED (GLOBAL WORD LIMIT): Article '‘I’m literally stuck in India’: US cancels H-1b interviews abruptly, leaving workers stranded back home — but why?' from Times of India has only 50 words (Min: 90).
2025-12-21 07:29:35,561 - INFO - Saved article: Two workers trapped after wall of opencast coal mine collapses in Jharkhand - The Hindu from The Hindu (207 words)
2025-12-21 07:29:35,562 - INFO - [Times of India] Article: https://timesofindia.indiatimes.com/world/pakistan/prepare-for-street-movement-imran-khan-calls-for-nationwide-protests-after-17-years-sentence-claims-his-lawyers-were-not-heard-in-court/articleshow/126101430.cms
2025-12-21 07:29:35,562 - INFO - [Times of India] Attempt 1/1: Trying with 'selenium_browser' strategy...
2025-12-21 07:29:36,130 - INFO - [The Hindu] Early skip: URL https://www.thehindu.com/news/national/jammu-and-kashmir/searches-underway-after-terrorists-take-food-from-house-in-jks-udhampur/article70422147.ece already exists.
2025-12-21 07:29:36,264 - INFO - [The Hindu] Early skip: URL https://www.thehindu.com/news/national/kerala/sreenivasan-kerala-bids-farewell-to-a-legend/article70422080.ece already exists.
2025-12-21 07:29:36,451 - INFO - [The Hindu] Early skip: URL https://www.thehindu.com/news/national/jammu-and-kashmir/snow-rain-in-kashmir-chillai-kalan/article70422055.ece already exists.
2025-12-21 07:29:36,688 - INFO - [The Hindu] Article: https://www.thehindu.com/videos/karnatakas-iconic-toy-towns-why-the-next-generation-walking-away/article70422047.ece
2025-12-21 07:29:36,688 - INFO - [The Hindu] Attempt 1/1: Trying with 'selenium_browser' strategy...
2025-12-21 07:29:37,433 - INFO - [The Hindu] Page content loaded.
2025-12-21 07:29:37,502 - WARNING - [The Hindu] FAILED with 'selenium_browser' (content was too short: 68 words).
2025-12-21 07:29:37,502 - ERROR - [The Hindu] All scrape strategies failed for https://www.thehindu.com/videos/karnatakas-iconic-toy-towns-why-the-next-generation-walking-away/article70422047.ece. Falling back to RSS description.
2025-12-21 07:29:37,502 - WARNING - SKIPPED (GLOBAL WORD LIMIT): Article 'Karnataka’s iconic toy towns: Why is the next generation walking away?' from The Hindu has only 33 words (Min: 90).
2025-12-21 07:29:38,014 - INFO - [The Hindu] Early skip: URL https://www.thehindu.com/news/national/maharashtra/maharashtra-civic-polls-counting-updated-december-21/article70422041.ece already exists.
2025-12-21 07:29:38,227 - INFO - [The Hindu] Early skip: URL https://www.thehindu.com/news/national/maharashtra/maharashtra-police-helps-in-rescue-of-7-persons-from-cyber-slavery-in-myanmars-notorious-kk-park/article70422003.ece already exists.
2025-12-21 07:29:38,415 - INFO - [The Hindu] Early skip: URL https://www.thehindu.com/news/national/pm-modi-assam-visit-second-day-pariksha-pe-charcha/article70422013.ece already exists.
2025-12-21 07:29:38,567 - INFO - [The Hindu] Early skip: URL https://www.thehindu.com/photos/in-frames-grounded-in-tradition-a-kashmiri-village-endures/article70421969.ece already exists.
2025-12-21 07:29:38,852 - INFO - [The Hindu] Early skip: URL https://www.thehindu.com/news/national/uttar-pradesh/up-ministers-flay-akhilesh-yadav-over-photographs-with-cough-syrup-case-accused/article70421934.ece already exists.
2025-12-21 07:29:38,994 - INFO - [The Hindu] Early skip: URL https://www.thehindu.com/news/national/tamil-nadu/destroy-ivory-stocks-only-after-taking-samples-for-dna-tests-madras-high-court-directs-tn-forest-department/article70419984.ece already exists.
2025-12-21 07:29:39,263 - INFO - [The Hindu] Early skip: URL https://www.thehindu.com/news/national/tamil-nadu/those-fuelling-religious-conflict-are-enemies-of-the-nation-says-vaiko/article70419077.ece already exists.
2025-12-21 07:29:39,400 - INFO - [The Hindu] Early skip: URL https://www.thehindu.com/news/national/odisha/8500-candidates-appearing-on-runway-of-airstrip-for-home-guard-job-in-odisha-gone-viral/article70420362.ece already exists.
2025-12-21 07:29:39,553 - INFO - [The Hindu] Early skip: URL https://www.thehindu.com/news/national/rajasthan/rajasthan-to-strengthen-arbitration-proceedings-in-state-litigation-with-new-policy/article70420042.ece already exists.
2025-12-21 07:29:39,828 - INFO - [The Hindu] Early skip: URL https://www.thehindu.com/news/national/uttar-pradesh/opposition-expresses-concern-as-key-posts-in-up-minorities-commission-remain-vacant/article70420040.ece already exists.
2025-12-21 07:29:39,931 - INFO - [The Hindu] Early skip: URL https://www.thehindu.com/news/national/uttar-pradesh/strict-action-against-those-cheating-people-in-the-name-of-overseas-employment-says-up-cm-yogi/article70419863.ece already exists.
2025-12-21 07:29:40,073 - INFO - [The Hindu] Early skip: URL https://www.thehindu.com/news/national/why-does-the-govt-want-to-replace-mgnrega-explained/article70420658.ece already exists.
2025-12-21 07:29:40,296 - INFO - [The Hindu] Early skip: URL https://www.thehindu.com/news/national/where-does-india-stand-on-child-marriage-explained/article70420642.ece already exists.
2025-12-21 07:29:40,568 - INFO - [The Hindu] Early skip: URL https://www.thehindu.com/sci-tech/science/will-new-act-aid-indias-nuclear-development-explained/article70420637.ece already exists.
2025-12-21 07:29:40,706 - INFO - [The Hindu] Early skip: URL https://www.thehindu.com/news/national/kerala/five-held-for-alleged-abduction-of-passenger-from-airport-premises/article70420516.ece already exists.
2025-12-21 07:29:40,924 - INFO - [The Hindu] Early skip: URL https://www.thehindu.com/news/national/kerala/pt-apartment-residents-stage-protest-over-stalled-works/article70420701.ece already exists.
2025-12-21 07:29:41,045 - INFO - [The Hindu] Early skip: URL https://www.thehindu.com/news/national/tamil-nadu/madras-high-court-requests-salim-ali-centre-for-ornithology-to-study-revitalisation-of-ukkadam-and-valankulam-lakes-in-coimbatore/article70420192.ece already exists.
2025-12-21 07:29:41,321 - INFO - [The Hindu] Early skip: URL https://www.thehindu.com/news/national/kerala/clear-vote-share-lead-in-ernakulam-district-panchayat-makes-udf-dominance-evident/article70420051.ece already exists.
2025-12-21 07:29:41,452 - INFO - [The Hindu] Early skip: URL https://www.thehindu.com/news/national/the-quiet-climb-to-the-helm/article70420610.ece already exists.
2025-12-21 07:29:41,698 - INFO - [The Hindu] Early skip: URL https://www.thehindu.com/news/cities/Madurai/dmk-will-be-with-you-to-win-your-voting-right-says-stalin/article70420594.ece already exists.
2025-12-21 07:29:41,951 - INFO - [The Hindu] Early skip: URL https://www.thehindu.com/news/national/tamil-nadu/over-half-of-elector-deletions-in-tn-concentrated-in-eight-districts-in-two-clusters/article70420290.ece already exists.
2025-12-21 07:29:42,168 - INFO - [The Hindu] Early skip: URL https://www.thehindu.com/news/national/karnataka/cag-flags-gaps-in-disaster-preparedness-in-state-hospitals/article70412138.ece already exists.
2025-12-21 07:29:42,367 - INFO - [The Hindu] (Thread) Finished. Attempting to shut down its Selenium driver.
2025-12-21 07:29:42,546 - INFO - [The Hindu] (Thread) driver.quit() successful.
2025-12-21 07:29:49,919 - CRITICAL - --- TIMEOUT: 1 scrape jobs did not complete in 300s. ---
2025-12-21 07:29:49,919 - ERROR - A thread has timed out and will be abandoned.
2025-12-21 07:29:49,919 - INFO - Shutting down thread pool (wait=False)...
2025-12-21 07:29:49,919 - INFO - Scraped: 1 The Guardian, 0 BBC, 4 The Hindu, 1 Timed_Out_Jobs articles. (Total saved: 5)
2025-12-21 07:29:49,919 - INFO - --- Scraping job finished ---
2025-12-21 07:29:49,919 - INFO - --- Scraper service stopped and database connection closed. ---
2025-12-21 07:29:49,919 - INFO - --- Main thread finished. Forcing process exit to kill zombie threads. ---
