2026-01-10 23:44:00,009 - INFO - Loading AI Semantic Model (all-MiniLM-L6-v2)...
2026-01-10 23:44:00,009 - INFO - Use pytorch device_name: cpu
2026-01-10 23:44:00,010 - INFO - Load pretrained SentenceTransformer: all-MiniLM-L6-v2
2026-01-10 23:44:00,589 - INFO - AI Model loaded successfully.
2026-01-10 23:44:00,590 - INFO - --- Scraper service started (CI Mode: Run Once) ---
2026-01-10 23:44:00,590 - INFO - --- Starting new scraping job (Parallel Mode) ---
2026-01-10 23:44:00,590 - INFO - Creating new robust session with 3 retries on 5xx/connection/read errors.
2026-01-10 23:44:00,590 - INFO - Proxy is DISABLED.
2026-01-10 23:44:00,590 - INFO - Starting scrape for BBC RSS feed: http://feeds.bbci.co.uk/news/world/rss.xml
2026-01-10 23:44:00,591 - INFO - [Times of India] (Thread) requires Selenium. Initializing driver...
2026-01-10 23:44:00,592 - INFO - Starting scrape for The Guardian RSS feed: https://www.theguardian.com/world/rss
2026-01-10 23:44:00,592 - INFO - [The Hindu] (Thread) requires Selenium. Initializing driver...
2026-01-10 23:44:00,593 - INFO - Submitted 4 jobs to thread pool. Waiting up to 300s for completion...
2026-01-10 23:44:00,725 - INFO - Found 45 articles in The Guardian RSS feed. Processing up to 30.
2026-01-10 23:44:00,726 - INFO - [The Guardian] Early skip: URL https://www.theguardian.com/global-development/2026/jan/09/the-gambia-female-genital-mutilation-fgm-supreme-court-case-overturn-ban already exists.
2026-01-10 23:44:00,896 - INFO - [The Guardian] Early skip: URL https://www.theguardian.com/world/2026/jan/08/questions-targeting-impact-us-airstrikes-in-nigeria already exists.
2026-01-10 23:44:01,009 - INFO - [The Guardian] Early skip: URL https://www.theguardian.com/world/2026/jan/02/anthony-joshuas-driver-charged-with-dangerous-driving-after-fatal-crash-in-nigeria already exists.
2026-01-10 23:44:01,024 - INFO - Found 34 articles in BBC RSS feed. Processing up to 30.
2026-01-10 23:44:01,274 - INFO - [BBC] Early skip: URL https://www.bbc.com/news/articles/cj9rengvnp9o?at_medium=RSS&at_campaign=rss already exists.
2026-01-10 23:44:01,412 - INFO - [The Guardian] Early skip: URL https://www.theguardian.com/science/2026/jan/01/cremation-pyre-in-africa-thought-to-be-worlds-oldest-containing-adult-remains already exists.
2026-01-10 23:44:01,704 - INFO - [BBC] Early skip: URL https://www.bbc.com/news/articles/cly9597r4qpo?at_medium=RSS&at_campaign=rss already exists.
2026-01-10 23:44:01,840 - INFO - [The Guardian] Early skip: URL https://www.theguardian.com/global-development/2026/jan/01/us-aid-cuts-conditions-un-humanitarian-pledge-ocha already exists.
2026-01-10 23:44:02,101 - INFO - [BBC] Early skip: URL https://www.bbc.com/news/articles/cvgpnwnqygro?at_medium=RSS&at_campaign=rss already exists.
2026-01-10 23:44:02,373 - INFO - [The Guardian] Early skip: URL https://www.theguardian.com/world/2026/jan/10/nicaraguan-authorities-arrests-dozens-for-reportedly-supporting-maduro-capture already exists.
2026-01-10 23:44:02,615 - INFO - [BBC] Early skip: URL https://www.bbc.com/news/articles/cz7yv4524gqo?at_medium=RSS&at_campaign=rss already exists.
2026-01-10 23:44:02,903 - INFO - [The Guardian] Early skip: URL https://www.theguardian.com/news/ng-interactive/2026/jan/10/trump-territorial-ambition-imperialism already exists.
2026-01-10 23:44:03,066 - INFO - [BBC] Early skip: URL https://www.bbc.com/news/articles/c0lx09e618yo?at_medium=RSS&at_campaign=rss already exists.
2026-01-10 23:44:03,282 - INFO - [The Guardian] Early skip: URL https://www.theguardian.com/us-news/2026/jan/09/trump-oil-company-executives-meeting-venezuela already exists.
2026-01-10 23:44:03,425 - INFO - [BBC] Early skip: URL https://www.bbc.com/news/articles/cn42jqlqy4xo?at_medium=RSS&at_campaign=rss already exists.
2026-01-10 23:44:03,535 - INFO - [The Guardian] Early skip: URL https://www.theguardian.com/world/2026/jan/09/trump-venezuela-leadership-meeting-opposition-machado already exists.
2026-01-10 23:44:03,656 - INFO - [BBC] Early skip: URL https://www.bbc.com/news/articles/cly95lpwl1ro?at_medium=RSS&at_campaign=rss already exists.
2026-01-10 23:44:03,858 - INFO - [The Guardian] Early skip: URL https://www.theguardian.com/world/2026/jan/09/eu-states-back-controversial-mercosur-deal-with-latin-american-countries already exists.
2026-01-10 23:44:04,100 - INFO - [BBC] Early skip: URL https://www.bbc.com/news/articles/c205dx61x76o?at_medium=RSS&at_campaign=rss already exists.
2026-01-10 23:44:04,353 - INFO - [The Guardian] Early skip: URL https://www.theguardian.com/world/2026/jan/10/indonesia-blocks-musks-grok-chatbot-due-to-risk-of-pornographic-content already exists.
2026-01-10 23:44:04,475 - INFO - [BBC] Early skip: URL https://www.bbc.com/news/articles/c78vj5n7jg3o?at_medium=RSS&at_campaign=rss already exists.
2026-01-10 23:44:04,603 - INFO - [The Guardian] Early skip: URL https://www.theguardian.com/world/2026/jan/08/alleged-scam-kingpin-chen-zhi-extradited-china-cambodia-arrest already exists.
2026-01-10 23:44:04,780 - INFO - [BBC] Early skip: URL https://www.bbc.com/news/articles/ce3kqzepp5zo?at_medium=RSS&at_campaign=rss already exists.
2026-01-10 23:44:05,034 - INFO - [The Guardian] Early skip: URL https://www.theguardian.com/world/2026/jan/06/papua-new-guinea-internet-starlink-shut-down already exists.
2026-01-10 23:44:05,301 - INFO - [BBC] Early skip: URL https://www.bbc.com/news/articles/c8d04zp8m26o?at_medium=RSS&at_campaign=rss already exists.
2026-01-10 23:44:05,407 - INFO - [The Guardian] Early skip: URL https://www.theguardian.com/world/2026/jan/06/what-us-action-in-venezuela-means-for-taiwan already exists.
2026-01-10 23:44:05,616 - INFO - [BBC] Early skip: URL https://www.bbc.com/news/articles/cn7jxm7jkg1o?at_medium=RSS&at_campaign=rss already exists.
2026-01-10 23:44:05,765 - INFO - [The Guardian] Early skip: URL https://www.theguardian.com/world/2026/jan/05/venezuela-trump-attack-china-interests-analysis already exists.
2026-01-10 23:44:05,999 - INFO - [BBC] Early skip: URL https://www.bbc.com/news/articles/cdxj28xd542o?at_medium=RSS&at_campaign=rss already exists.
2026-01-10 23:44:06,276 - INFO - [The Guardian] Early skip: URL https://www.theguardian.com/environment/2026/jan/11/australia-cop31-chris-bowen-fossil-fuel-phaseout already exists.
2026-01-10 23:44:06,511 - INFO - [BBC] Early skip: URL https://www.bbc.com/news/articles/cgqe9kv9xxvo?at_medium=RSS&at_campaign=rss already exists.
2026-01-10 23:44:06,653 - INFO - [The Guardian] Early skip: URL https://www.theguardian.com/australia-news/2026/jan/11/call-centre-operator-centrelink-paid-no-tax-two-years already exists.
2026-01-10 23:44:06,876 - INFO - [BBC] Early skip: URL https://www.bbc.com/news/articles/c99kn52nx9do?at_medium=RSS&at_campaign=rss already exists.
2026-01-10 23:44:07,059 - INFO - [The Guardian] Early skip: URL https://www.theguardian.com/australia-news/live/2026/jan/10/australia-heatwave-updates-sydney-temperature-victorian-fires-bushfire-latest already exists.
2026-01-10 23:44:07,081 - INFO - Selenium driver initialized successfully.
2026-01-10 23:44:07,081 - INFO - Starting scrape for Times of India RSS feed: https://timesofindia.indiatimes.com/rssfeeds/296589292.cms
2026-01-10 23:44:07,082 - INFO - Selenium driver initialized successfully.
2026-01-10 23:44:07,082 - INFO - Starting scrape for The Hindu RSS feed: https://www.thehindu.com/news/national/feeder/default.rss
2026-01-10 23:44:07,224 - INFO - Found 100 articles in The Hindu RSS feed. Processing up to 30.
2026-01-10 23:44:07,350 - INFO - [BBC] Early skip: URL https://www.bbc.com/news/articles/c17zqz5pprwo?at_medium=RSS&at_campaign=rss already exists.
2026-01-10 23:44:07,618 - INFO - Found 20 articles in Times of India RSS feed. Processing up to 30.
2026-01-10 23:44:07,640 - INFO - [The Hindu] Early skip: URL https://www.thehindu.com/news/national/why-was-bail-denied-to-umar-and-sharjeel-explained/article70495546.ece already exists.
2026-01-10 23:44:07,778 - INFO - [The Guardian] Early skip: URL https://www.theguardian.com/australia-news/2026/jan/10/harcourt-victorian-bushfires-homes-property already exists.
2026-01-10 23:44:07,988 - INFO - [Times of India] Article: https://timesofindia.indiatimes.com/etimes/trending/do-cats-really-hate-aluminium-foil-what-makes-them-startle-and-what-science-says/articleshow/126456602.cms
2026-01-10 23:44:07,988 - INFO - [Times of India] Attempt 1/1: Trying with 'selenium_browser' strategy...
2026-01-10 23:44:07,988 - INFO - [BBC] Early skip: URL https://www.bbc.com/news/articles/ceqzj49gny4o?at_medium=RSS&at_campaign=rss already exists.
2026-01-10 23:44:08,164 - INFO - [The Hindu] Early skip: URL https://www.thehindu.com/news/national/west-bengal/bengal-lop-suvendu-adhikari-alleges-attack-by-trinamool-workers-sits-on-dharna-in-police-station/article70495630.ece already exists.
2026-01-10 23:44:08,435 - INFO - [The Guardian] Early skip: URL https://www.theguardian.com/australia-news/2026/jan/10/sa-premier-denies-pressuring-adelaide-festival-to-drop-randa-abdel-fattah-ntwnfb already exists.
2026-01-10 23:44:08,720 - INFO - [The Guardian] Early skip: URL https://www.theguardian.com/world/2026/jan/10/service-door-le-constellation-bar-where-40-died-in-fire-locked-from-inside-owner-says already exists.
2026-01-10 23:44:08,999 - INFO - [The Hindu] Early skip: URL https://www.thehindu.com/news/national/uttar-pradesh/man-detained-in-ayodhya-for-attempting-to-offer-namaz-inside-ram-temple-complex/article70495328.ece already exists.
2026-01-10 23:44:09,147 - INFO - [BBC] Early skip: URL https://www.bbc.com/news/articles/cwygjvkvpgro?at_medium=RSS&at_campaign=rss already exists.
2026-01-10 23:44:09,353 - INFO - [The Guardian] Early skip: URL https://www.theguardian.com/world/2026/jan/10/thousands-of-irish-farmers-protest-against-eu-mercosur-trade-deal already exists.
2026-01-10 23:44:09,537 - INFO - [The Hindu] Early skip: URL https://www.thehindu.com/news/national/tamil-nadu/winners-of-international-sailing-competition-felicitated/article70495404.ece already exists.
2026-01-10 23:44:09,615 - INFO - [Times of India] Page content loaded.
2026-01-10 23:44:09,725 - INFO - [Times of India] Success with 'selenium_browser'. Found content (493 words).
2026-01-10 23:44:09,799 - INFO - [BBC] Early skip: URL https://www.bbc.com/news/articles/c0mkwl2g499o?at_medium=RSS&at_campaign=rss already exists.
2026-01-10 23:44:09,927 - INFO - [The Guardian] Early skip: URL https://www.theguardian.com/us-news/2026/jan/09/trump-greenland-threats-white-house already exists.
2026-01-10 23:44:10,091 - INFO - [The Guardian] Early skip: URL https://www.theguardian.com/world/live/2026/jan/09/ukraine-russia-tanker-fleet-meloni-switzerland-fire-greenland-europe-latest-news-updates already exists.
2026-01-10 23:44:10,252 - INFO - [The Guardian] Early skip: URL https://www.theguardian.com/world/2026/jan/09/swiss-bar-fire-le-constellation-owner-arrested already exists.
2026-01-10 23:44:10,529 - INFO - [The Guardian] Early skip: URL https://www.theguardian.com/world/2026/jan/10/us-and-allies-strike-islamic-state-in-syria-after-attack-that-killed-three-americans already exists.
2026-01-10 23:44:10,817 - INFO - [The Guardian] Early skip: URL https://www.theguardian.com/global-development/2026/jan/10/iran-protesters-tell-of-brutal-police-response-deaths-and-forced-confessions already exists.
2026-01-10 23:44:11,094 - INFO - [The Guardian] Early skip: URL https://www.theguardian.com/world/2026/jan/10/irans-internet-shutdown-is-strikingly-sophisticated-and-may-last-some-time already exists.
2026-01-10 23:44:11,211 - INFO - [The Guardian] Early skip: URL https://www.theguardian.com/global-development/2026/jan/09/iran-supreme-leader-harsher-crackdown-protest-movement-swells already exists.
2026-01-10 23:45:06,915 - INFO - Saved article: Do cats really hate aluminium foil? What makes them startle and what science says | - The Times of India from Times of India (493 words)
2026-01-10 23:45:06,915 - INFO - [The Hindu] Early skip: URL https://www.thehindu.com/news/cities/chennai/glow-garden-at-mamallapuram-nearing-completion/article70495223.ece already exists.
2026-01-10 23:45:07,059 - INFO - [BBC] Early skip: URL https://www.bbc.com/news/articles/cz7ndzw28v4o?at_medium=RSS&at_campaign=rss already exists.
2026-01-10 23:45:07,226 - INFO - [The Guardian] Early skip: URL https://www.theguardian.com/world/2026/jan/09/growing-protests-in-iran-do-not-necessarily-herald-a-return-to-monarchy already exists.
2026-01-10 23:45:07,382 - INFO - [The Hindu] Early skip: URL https://www.thehindu.com/news/national/telangana/cm-tells-doctors-not-to-forget-their-social-responsibility/article70495640.ece already exists.
2026-01-10 23:45:07,487 - INFO - [BBC] Early skip: URL https://www.bbc.com/news/articles/cpwnd22lj54o?at_medium=RSS&at_campaign=rss already exists.
2026-01-10 23:45:07,769 - INFO - [The Hindu] Early skip: URL https://www.thehindu.com/news/national/tamil-nadu/forest-teams-monitor-movement-of-elephants-in-vellore/article70494856.ece already exists.
2026-01-10 23:45:07,917 - INFO - [Times of India] Early skip: URL https://timesofindia.indiatimes.com/world/us/operation-hawkeye-strike-us-carries-out-large-scale-airstrikes-on-syria-targets-isis/articleshow/126458221.cms already exists.
2026-01-10 23:45:08,148 - INFO - [BBC] Early skip: URL https://www.bbc.com/news/articles/cgrd2e7p9reo?at_medium=RSS&at_campaign=rss already exists.
2026-01-10 23:45:08,351 - INFO - [The Hindu] Early skip: URL https://www.thehindu.com/news/national/kerala/majnu-komath-architect-of-struggle-for-goshree-bridges-passes-away/article70495446.ece already exists.
2026-01-10 23:45:08,594 - INFO - [Times of India] Early skip: URL https://timesofindia.indiatimes.com/world/us-streamers/did-someone-get-shot-during-konvys-livestream-adin-ross-shares-update-after-alleged-video-of-gunshots-goes-viral/articleshow/126451701.cms already exists.
2026-01-10 23:45:08,875 - INFO - [BBC] Early skip: URL https://www.bbc.com/news/articles/c9qp4wyzvlzo?at_medium=RSS&at_campaign=rss already exists.
2026-01-10 23:45:09,131 - INFO - [The Hindu] Early skip: URL https://www.thehindu.com/news/national/tamil-nadu/congress-does-not-believe-in-backdoor-politics-says-selvaperunthagai/article70494301.ece already exists.
2026-01-10 23:45:09,430 - INFO - [Times of India] Early skip: URL https://timesofindia.indiatimes.com/world/us-streamers/ishowspeeds-lively-africa-livestreams-spark-a-welcome-change-amongst-fans-as-viral-tour-negates-long-standing-stereotypes/articleshow/126454736.cms already exists.
2026-01-10 23:45:09,607 - INFO - [BBC] Early skip: URL https://www.bbc.com/news/articles/c0mpmgn3jv2o?at_medium=RSS&at_campaign=rss already exists.
2026-01-10 23:45:09,769 - INFO - [The Hindu] Early skip: URL https://www.thehindu.com/news/national/tamil-nadu/anbumani-urges-tn-government-to-hold-talks-with-livelihood-mission-workers-fill-headmaster-vacancies/article70494296.ece already exists.
2026-01-10 23:45:09,993 - INFO - [Times of India] Early skip: URL https://timesofindia.indiatimes.com/world/us-streamers/youtuber-ksi-praises-bollywood-icon-shah-rukh-khan-calls-him-a-king/articleshow/126458023.cms already exists.
2026-01-10 23:45:10,288 - INFO - [BBC] Early skip: URL https://www.bbc.com/news/articles/c62wxezynk2o?at_medium=RSS&at_campaign=rss already exists.
2026-01-10 23:45:10,469 - INFO - [The Hindu] Early skip: URL https://www.thehindu.com/news/national/andhra-pradesh/krishna-water-to-reach-kidney-disease-affected-areas-in-ntr-district-by-january-end-collector/article70495345.ece already exists.
2026-01-10 23:45:10,735 - INFO - [Times of India] Early skip: URL https://timesofindia.indiatimes.com/world/us-streamers/dj-sbu-credits-nota-baloyi-for-ishowspeeds-viral-south-africa-tour/articleshow/126458154.cms already exists.
2026-01-10 23:45:10,943 - INFO - [BBC] Early skip: URL https://www.bbc.com/news/articles/cp37yr2xq7no?at_medium=RSS&at_campaign=rss already exists.
2026-01-10 23:45:11,241 - INFO - [The Hindu] Article: https://www.thehindu.com/news/national/andhra-pradesh/astram-project-wins-skoch-award-for-sustainable-traffic-management/article70495135.ece
2026-01-10 23:45:11,241 - INFO - [The Hindu] Attempt 1/1: Trying with 'selenium_browser' strategy...
2026-01-10 23:45:11,241 - INFO - [Times of India] Early skip: URL https://timesofindia.indiatimes.com/world/us/man-found-with-100-human-skulls-and-mummfied-bodies-in-pennsylvania-grave-robbery-case/articleshow/126457952.cms already exists.
2026-01-10 23:45:11,403 - INFO - [BBC] Early skip: URL https://www.bbc.com/news/articles/c041n3ng03no?at_medium=RSS&at_campaign=rss already exists.
2026-01-10 23:45:11,547 - INFO - [Times of India] Early skip: URL https://timesofindia.indiatimes.com/world/us/us-shields-venezuelan-oil-revenue-as-trump-signs-executive-order-for-investment-in-the-nations-oil-sector/articleshow/126456570.cms already exists.
2026-01-10 23:45:11,716 - INFO - [Times of India] Early skip: URL https://timesofindia.indiatimes.com/world/us/war-veteran-maga-supporter-and-have-filipina-wife-heres-what-we-know-about-ice-agent-jonathan-ross-who-killed-a-woman-in-minneapolis/articleshow/126455904.cms already exists.
2026-01-10 23:45:11,894 - INFO - [BBC] Early skip: URL https://www.bbc.com/news/articles/c23r4yeyxl9o?at_medium=RSS&at_campaign=rss already exists.
2026-01-10 23:45:12,088 - INFO - [BBC] Early skip: URL https://www.bbc.com/news/videos/c78veq59823o?at_medium=RSS&at_campaign=rss already exists.
2026-01-10 23:45:12,286 - INFO - [BBC] Article: https://www.bbc.com/news/videos/c78e9vmn7dgo?at_medium=RSS&at_campaign=rss
2026-01-10 23:45:12,287 - INFO - [Times of India] Early skip: URL https://timesofindia.indiatimes.com/world/middle-east/syria-clashes-security-forces-deploy-in-aleppo-dozens-killed-in-fighting-with-kurdish-forces/articleshow/126455895.cms already exists.
2026-01-10 23:45:12,287 - INFO - [BBC] Attempt 1/1: Trying with 'requests_browser' strategy...
2026-01-10 23:45:12,482 - INFO - [Times of India] Early skip: URL https://timesofindia.indiatimes.com/world/us/barron-trump-reportedly-focused-on-losing-his-slovenian-accent-to-be-more-confident/articleshow/126446532.cms already exists.
2026-01-10 23:45:12,639 - WARNING - [BBC] FAILED with 'requests_browser' (content was too short: 77 words).
2026-01-10 23:45:12,640 - ERROR - [BBC] All scrape strategies failed for https://www.bbc.com/news/videos/c78e9vmn7dgo?at_medium=RSS&at_campaign=rss. Falling back to RSS description.
2026-01-10 23:45:12,640 - WARNING - SKIPPED (GLOBAL WORD LIMIT): Article 'Watch: Buildings in Tehran set on fire as demonstrations spread across Iran' from BBC has only 15 words (Min: 90).
2026-01-10 23:45:12,677 - INFO - [Times of India] Early skip: URL https://timesofindia.indiatimes.com/world/middle-east/reza-pahlavi-why-protests-in-iran-have-revived-a-royal-question/articleshow/126454834.cms already exists.
2026-01-10 23:45:12,891 - INFO - [Times of India] Early skip: URL https://timesofindia.indiatimes.com/world/us/isnt-russia-already-americas-neighbour-the-geography-behind-trumps-dont-want-china-or-moscow-as-neighbour-remark/articleshow/126454155.cms already exists.
2026-01-10 23:45:13,102 - INFO - [Times of India] Early skip: URL https://timesofindia.indiatimes.com/world/us/donald-trump-says-us-will-take-greenland-easy-way-or-hard-way-whether-they-like-it-or-not/articleshow/126454703.cms already exists.
2026-01-10 23:45:13,257 - INFO - [Times of India] Early skip: URL https://timesofindia.indiatimes.com/world/us/happy-trump-trump-wears-own-lapel-pin-for-meeting-on-venezuelan-oil/articleshow/126454266.cms already exists.
2026-01-10 23:45:13,490 - INFO - [Times of India] Early skip: URL https://timesofindia.indiatimes.com/world/us/renee-nicole-good-shooting-ice-agent-threatens-minneapolis-women-on-camera-says-dont-make-a-bad-decision/articleshow/126453410.cms already exists.
2026-01-10 23:45:13,613 - INFO - [Times of India] Early skip: URL https://timesofindia.indiatimes.com/world/rest-of-world/viral-smoking-girl-what-we-know-and-dont-know-about-khamenei-protester-breaking-the-internet/articleshow/126453371.cms already exists.
2026-01-10 23:45:13,880 - INFO - [Times of India] Early skip: URL https://timesofindia.indiatimes.com/world/rest-of-world/four-killed-in-mine-accident-in-northern-afghanistan/articleshow/126453132.cms already exists.
2026-01-10 23:45:14,077 - INFO - [Times of India] Early skip: URL https://timesofindia.indiatimes.com/world/europe/russiaukraine-war-ukrainian-drone-strike-hits-oil-depot-in-russias-volgograd-moscow-steps-up-attacks/articleshow/126453073.cms already exists.
2026-01-10 23:45:14,353 - INFO - [Times of India] Early skip: URL https://timesofindia.indiatimes.com/world/us/plot-twist-at-the-white-house-tucker-carlson-joins-trumps-oil-pitch-video/articleshow/126452767.cms already exists.
2026-01-10 23:45:14,621 - INFO - [Times of India] (Thread) Finished. Attempting to shut down its Selenium driver.
2026-01-10 23:45:14,960 - INFO - [Times of India] (Thread) driver.quit() successful.
2026-01-10 23:45:15,262 - INFO - [The Hindu] Page content loaded.
2026-01-10 23:45:15,434 - WARNING - [The Hindu] FAILED with 'selenium_browser' (content was too short: 77 words).
2026-01-10 23:45:15,434 - ERROR - [The Hindu] All scrape strategies failed for https://www.thehindu.com/news/national/andhra-pradesh/astram-project-wins-skoch-award-for-sustainable-traffic-management/article70495135.ece. Falling back to RSS description.
2026-01-10 23:45:15,434 - WARNING - SKIPPED (GLOBAL WORD LIMIT): Article 'ASTRAM project wins Skoch Award for sustainable traffic management' from The Hindu has only 3 words (Min: 90).
2026-01-10 23:45:16,072 - INFO - [The Hindu] Early skip: URL https://www.thehindu.com/news/national/karnataka/mobility-pollution-housing-and-access-to-basic-services-shape-bengalurus-health-say-experts/article70494138.ece already exists.
2026-01-10 23:45:16,205 - INFO - [The Hindu] Early skip: URL https://www.thehindu.com/news/national/tamil-nadu/stalin-urges-modi-to-consult-states-before-finalising-caste-enumeration-rules-for-census/article70494613.ece already exists.
2026-01-10 23:45:16,315 - INFO - [The Hindu] Early skip: URL https://www.thehindu.com/news/national/kerala/set-aside-political-differences-for-development-of-capital-city-governor/article70495574.ece already exists.
2026-01-10 23:45:16,571 - INFO - [The Hindu] Early skip: URL https://www.thehindu.com/news/national/karnataka/provide-education-that-meets-industry-expectations-reduce-the-creation-of-unemployed-youth-says-visvesvaraya-technological-university-vice-chancellor/article70494758.ece already exists.
2026-01-10 23:45:16,842 - INFO - [The Hindu] Early skip: URL https://www.thehindu.com/news/national/andhra-pradesh/avakaiamaravati-festival-concludes-on-grand-note-in-vijayawada/article70495359.ece already exists.
2026-01-10 23:45:17,057 - INFO - [The Hindu] Early skip: URL https://www.thehindu.com/news/national/karnataka/contract-killing-angle-emerges-in-magadi-road-wife-murder-case/article70494329.ece already exists.
2026-01-10 23:45:17,288 - INFO - [The Hindu] Article: https://www.thehindu.com/shorts/fifa-world-cup-trophy-in-india-after-12-years/article70495798.ece
2026-01-10 23:45:17,288 - INFO - [The Hindu] Attempt 1/1: Trying with 'selenium_browser' strategy...
2026-01-10 23:45:28,142 - WARNING - [The Hindu] Page timed out (10s). Proceeding anyway.
2026-01-10 23:45:28,299 - WARNING - [The Hindu] FAILED with 'selenium_browser' (content was too short: 53 words).
2026-01-10 23:45:28,299 - ERROR - [The Hindu] All scrape strategies failed for https://www.thehindu.com/shorts/fifa-world-cup-trophy-in-india-after-12-years/article70495798.ece. Falling back to RSS description.
2026-01-10 23:45:28,299 - WARNING - SKIPPED (GLOBAL WORD LIMIT): Article 'FIFA World Cup Trophy in India after 12 years' from The Hindu has only 3 words (Min: 90).
2026-01-10 23:45:29,436 - INFO - [The Hindu] Article: https://www.thehindu.com/news/national/kerala/athi-vishisht-rail-seva-puraskar-for-two-officials/article70495507.ece
2026-01-10 23:45:29,436 - INFO - [The Hindu] Attempt 1/1: Trying with 'selenium_browser' strategy...
2026-01-10 23:45:30,816 - INFO - [The Hindu] Page content loaded.
2026-01-10 23:45:30,905 - WARNING - [The Hindu] FAILED with 'selenium_browser' (content was too short: 80 words).
2026-01-10 23:45:30,905 - ERROR - [The Hindu] All scrape strategies failed for https://www.thehindu.com/news/national/kerala/athi-vishisht-rail-seva-puraskar-for-two-officials/article70495507.ece. Falling back to RSS description.
2026-01-10 23:45:30,905 - WARNING - SKIPPED (GLOBAL WORD LIMIT): Article 'Athi Vishisht Rail Seva Puraskar for two officials' from The Hindu has only 3 words (Min: 90).
2026-01-10 23:45:32,175 - INFO - [The Hindu] Early skip: URL https://www.thehindu.com/news/national/jammu-and-kashmir/students-shocked-over-closing-of-vaishno-devi-medical-college-in-jammu-over-poor-infrastructure/article70495355.ece already exists.
2026-01-10 23:45:32,373 - INFO - [The Hindu] Early skip: URL https://www.thehindu.com/news/national/karnataka/souharda-bharata-released-simultaneously-at-23-places-across-karnataka/article70495438.ece already exists.
2026-01-10 23:45:32,566 - INFO - [The Hindu] Early skip: URL https://www.thehindu.com/news/national/centre-to-focus-on-100-high-risk-districts-to-cut-road-accident-deaths/article70495418.ece already exists.
2026-01-10 23:45:32,858 - INFO - [The Hindu] Early skip: URL https://www.thehindu.com/news/national/gujarat/somnath-is-symbol-of-civilisational-courage-says-pm-modi-as-he-arrives-for-swabhiman-parv/article70495730.ece already exists.
2026-01-10 23:45:33,000 - INFO - [The Hindu] Early skip: URL https://www.thehindu.com/news/national/kerala/udf-will-form-a-peoples-government-venugopal/article70495124.ece already exists.
2026-01-10 23:45:33,278 - INFO - [The Hindu] Early skip: URL https://www.thehindu.com/news/national/andhra-pradesh/naidu-vows-to-bring-worlds-top-universities-to-amaravati/article70495693.ece already exists.
2026-01-10 23:45:33,570 - INFO - [The Hindu] Early skip: URL https://www.thehindu.com/news/national/karnataka/state-govt-to-submit-proposal-to-nmc-for-new-medical-colleges-in-ramanagara-and-bagalkot/article70494642.ece already exists.
2026-01-10 23:45:33,856 - INFO - [The Hindu] Early skip: URL https://www.thehindu.com/news/national/andhra-pradesh/land-pooling-scheme-2-taken-up-with-undue-haste-ignoring-amaravati-farmers-sajjala/article70495591.ece already exists.
2026-01-10 23:45:34,047 - INFO - [The Hindu] Early skip: URL https://www.thehindu.com/news/national/self-reliance-in-defence-is-crucial-for-indias-strategic-autonomy-defence-secretary/article70495005.ece already exists.
2026-01-10 23:45:34,204 - INFO - [The Hindu] Early skip: URL https://www.thehindu.com/news/national/congress-launches-45-day-mgnrega-bachao-sangram-against-new-rural-jobs-legislation/article70495555.ece already exists.
2026-01-10 23:45:34,342 - INFO - [The Hindu] (Thread) Finished. Attempting to shut down its Selenium driver.
2026-01-10 23:45:34,460 - INFO - [The Hindu] (Thread) driver.quit() successful.
2026-01-10 23:45:34,460 - INFO - Shutting down thread pool (wait=False)...
2026-01-10 23:45:34,460 - INFO - Scraped: 0 The Hindu, 1 Times of India, 0 The Guardian, 0 BBC articles. (Total saved: 1)
2026-01-10 23:45:34,460 - INFO - --- Scraping job finished ---
2026-01-10 23:45:34,465 - INFO - --- Scraper service stopped and database connection closed. ---
2026-01-10 23:45:34,465 - INFO - --- Main thread finished. Forcing process exit to kill zombie threads. ---
