2026-02-05 10:11:16,482 - INFO - Loading AI Semantic Model (all-MiniLM-L4-v2)...
2026-02-05 10:11:16,483 - INFO - Use pytorch device_name: cpu
2026-02-05 10:11:16,483 - INFO - Load pretrained SentenceTransformer: all-MiniLM-L4-v2
2026-02-05 10:11:16,634 - INFO - HTTP Request: HEAD https://huggingface.co/sentence-transformers/all-MiniLM-L4-v2/resolve/main/modules.json "HTTP/1.1 401 Unauthorized"
2026-02-05 10:11:16,634 - WARNING - No sentence-transformers model found with name sentence-transformers/all-MiniLM-L4-v2. Creating a new one with mean pooling.
2026-02-05 10:11:16,717 - INFO - HTTP Request: HEAD https://huggingface.co/sentence-transformers/all-MiniLM-L4-v2/resolve/main/adapter_config.json "HTTP/1.1 401 Unauthorized"
2026-02-05 10:11:16,717 - CRITICAL - Failed to load AI model: sentence-transformers/all-MiniLM-L4-v2 is not a local folder and is not a valid model identifier listed on 'https://huggingface.co/models'
If this is a private repository, make sure to pass a token having permission to this repo either by logging in with `hf auth login` or by passing `token=<your_token>`. Clustering is disabled.
2026-02-05 10:11:16,718 - INFO - --- Scraper service started (CI Mode: Run Once) ---
2026-02-05 10:11:16,718 - INFO - --- Starting new scraping job (Parallel Mode) ---
2026-02-05 10:11:16,718 - INFO - Creating new robust session with 3 retries on 5xx/connection/read errors.
2026-02-05 10:11:16,718 - INFO - Proxy is DISABLED.
2026-02-05 10:11:16,718 - INFO - Starting scrape for BBC RSS feed: http://feeds.bbci.co.uk/news/world/rss.xml
2026-02-05 10:11:16,719 - INFO - [Times of India] (Thread) requires Selenium. Initializing driver...
2026-02-05 10:11:16,720 - INFO - Starting scrape for The Guardian RSS feed: https://www.theguardian.com/world/rss
2026-02-05 10:11:16,721 - INFO - [The Hindu] (Thread) requires Selenium. Initializing driver...
2026-02-05 10:11:16,721 - INFO - Submitted 4 jobs to thread pool. Waiting up to 300s for completion...
2026-02-05 10:11:16,928 - INFO - Found 22 articles in BBC RSS feed. Processing until 20 new articles are saved.
2026-02-05 10:11:16,928 - INFO - [BBC] Early skip: URL https://www.bbc.com/news/articles/c62wpjd3j1zo?at_medium=RSS&at_campaign=rss already exists.
2026-02-05 10:11:16,929 - INFO - [BBC] Early skip: URL https://www.bbc.com/news/articles/c5yd10yp2m1o?at_medium=RSS&at_campaign=rss already exists.
2026-02-05 10:11:16,931 - INFO - [BBC] Early skip: URL https://www.bbc.com/news/articles/c2e18wvrx9xo?at_medium=RSS&at_campaign=rss already exists.
2026-02-05 10:11:16,933 - INFO - [BBC] Early skip: URL https://www.bbc.com/news/articles/c368g5l33xzo?at_medium=RSS&at_campaign=rss already exists.
2026-02-05 10:11:16,935 - INFO - [BBC] Early skip: URL https://www.bbc.com/news/articles/cvgr25e2lj5o?at_medium=RSS&at_campaign=rss already exists.
2026-02-05 10:11:16,936 - INFO - [BBC] Early skip: URL https://www.bbc.com/news/articles/cre2gjj3pxpo?at_medium=RSS&at_campaign=rss already exists.
2026-02-05 10:11:16,938 - INFO - [BBC] Early skip: URL https://www.bbc.com/news/videos/c62wpd7wj3ro?at_medium=RSS&at_campaign=rss already exists.
2026-02-05 10:11:16,940 - INFO - [BBC] Early skip: URL https://www.bbc.com/news/articles/c5y41r5rzrno?at_medium=RSS&at_campaign=rss already exists.
2026-02-05 10:11:16,943 - INFO - [BBC] Early skip: URL https://www.bbc.com/news/articles/cy7mrx6ne1po?at_medium=RSS&at_campaign=rss already exists.
2026-02-05 10:11:16,945 - INFO - [BBC] Early skip: URL https://www.bbc.com/news/articles/ckgvllk3lx9o?at_medium=RSS&at_campaign=rss already exists.
2026-02-05 10:11:16,947 - INFO - [BBC] Early skip: URL https://www.bbc.com/news/articles/cr4kgwy3nvvo?at_medium=RSS&at_campaign=rss already exists.
2026-02-05 10:11:16,949 - INFO - [BBC] Early skip: URL https://www.bbc.com/news/articles/c4g31n4ey9go?at_medium=RSS&at_campaign=rss already exists.
2026-02-05 10:11:16,950 - INFO - [BBC] Early skip: URL https://www.bbc.com/news/articles/c0jv0j3wpgwo?at_medium=RSS&at_campaign=rss already exists.
2026-02-05 10:11:16,953 - INFO - [BBC] Early skip: URL https://www.bbc.com/news/articles/c1m7444nr3yo?at_medium=RSS&at_campaign=rss already exists.
2026-02-05 10:11:16,955 - INFO - [BBC] Early skip: URL https://www.bbc.com/news/articles/c4gv1lyvvedo?at_medium=RSS&at_campaign=rss already exists.
2026-02-05 10:11:16,957 - INFO - [BBC] Early skip: URL https://www.bbc.com/news/articles/cy4gj71z0m0o?at_medium=RSS&at_campaign=rss already exists.
2026-02-05 10:11:16,958 - INFO - [BBC] Early skip: URL https://www.bbc.com/news/articles/c9qpr37d84qo?at_medium=RSS&at_campaign=rss already exists.
2026-02-05 10:11:16,961 - INFO - [BBC] Early skip: URL https://www.bbc.com/news/articles/cy8pleg24rvo?at_medium=RSS&at_campaign=rss already exists.
2026-02-05 10:11:16,963 - INFO - [BBC] Early skip: URL https://www.bbc.com/news/videos/cql4qd7yr5do?at_medium=RSS&at_campaign=rss already exists.
2026-02-05 10:11:16,964 - INFO - [BBC] Early skip: URL https://www.bbc.com/news/videos/cm24jl73pydo?at_medium=RSS&at_campaign=rss already exists.
2026-02-05 10:11:16,967 - INFO - [BBC] Early skip: URL https://www.bbc.com/news/videos/cp9jg1kr9pjo?at_medium=RSS&at_campaign=rss already exists.
2026-02-05 10:11:16,969 - INFO - [BBC] Early skip: URL https://www.bbc.com/news/videos/c23rd925knxo?at_medium=RSS&at_campaign=rss already exists.
2026-02-05 10:11:16,978 - INFO - Found 45 articles in The Guardian RSS feed. Processing until 20 new articles are saved.
2026-02-05 10:11:16,978 - INFO - [The Guardian] Early skip: URL https://www.theguardian.com/world/2026/feb/04/gunmen-west-nigeria-attack-red-cross already exists.
2026-02-05 10:11:16,980 - INFO - [The Guardian] Early skip: URL https://www.theguardian.com/world/2026/feb/04/uganda-opposition-leader-bobi-wine-in-hiding-muhoozi-kainerugaba-feud already exists.
2026-02-05 10:11:16,981 - INFO - [The Guardian] Early skip: URL https://www.theguardian.com/global-development/2026/feb/04/death-of-nigerian-singer-highlights-crisis-of-preventable-snakebite-fatalities already exists.
2026-02-05 10:11:16,982 - INFO - [The Guardian] Early skip: URL https://www.theguardian.com/global-development/2026/feb/04/trump-us-china-russia-democratic-recession-peril-human-rights-watch already exists.
2026-02-05 10:11:16,983 - INFO - [The Guardian] Early skip: URL https://www.theguardian.com/world/2026/feb/02/israel-agrees-to-limited-reopening-of-rafah-border-crossing-in-gaza already exists.
2026-02-05 10:11:16,985 - INFO - [The Guardian] Article: https://www.theguardian.com/world/2026/feb/05/el-helicoide-delcy-rodriguez-venezuela
2026-02-05 10:11:16,985 - INFO - [The Guardian] Attempt 1/1: Trying with 'requests_browser' strategy...
2026-02-05 10:11:17,024 - INFO - [The Guardian] Success with 'requests_browser'. Found content (944 words).
2026-02-05 10:11:17,071 - INFO - Saved article: Venezuela plan to turn notorious prison into cultural centre scrubs past horrors, critics say | Venezuela | The Guardian from The Guardian (944 words)
2026-02-05 10:11:18,465 - INFO - [The Guardian] Early skip: URL https://www.theguardian.com/news/audio/2026/feb/04/the-people-betting-on-catastrophic-world-events-podcast already exists.
2026-02-05 10:11:18,466 - INFO - [The Guardian] Early skip: URL https://www.theguardian.com/world/2026/feb/03/colombian-president-and-trump-put-aside-insults-for-amicable-white-house-meeting already exists.
2026-02-05 10:11:18,468 - INFO - [The Guardian] Early skip: URL https://www.theguardian.com/us-news/2026/feb/02/trump-administration-blocked-tps-haitians already exists.
2026-02-05 10:11:18,469 - INFO - [The Guardian] Early skip: URL https://www.theguardian.com/world/2026/feb/02/claudia-sheinbaum-mexico-oil-cuba-trump already exists.
2026-02-05 10:11:18,470 - INFO - [The Guardian] Early skip: URL https://www.theguardian.com/world/2026/feb/05/xi-jinping-donald-trump-phone-call-china-us-taiwan-relationship already exists.
2026-02-05 10:11:18,471 - INFO - [The Guardian] Early skip: URL https://www.theguardian.com/world/2026/feb/05/china-green-energy-sector-investment-growth already exists.
2026-02-05 10:11:18,473 - INFO - [The Guardian] Early skip: URL https://www.theguardian.com/world/2026/feb/04/harry-potter-draco-malfoy-mascot-year-of-horse-china already exists.
2026-02-05 10:11:18,474 - INFO - [The Guardian] Early skip: URL https://www.theguardian.com/environment/2026/feb/03/china-to-ban-hidden-car-door-handles-evs already exists.
2026-02-05 10:11:18,475 - INFO - [The Guardian] Early skip: URL https://www.theguardian.com/us-news/2026/feb/03/trump-critical-minerals-stockpile-project-vault already exists.
2026-02-05 10:11:18,476 - INFO - [The Guardian] Early skip: URL https://www.theguardian.com/australia-news/2026/feb/05/wa-work-safety-watchdog-makes-inquiries-after-family-who-hired-kayak-and-paddleboards-washed-out-to-sea already exists.
2026-02-05 10:11:18,478 - INFO - [The Guardian] Early skip: URL https://www.theguardian.com/australia-news/live/2026/feb/05/australian-politics-live-anthony-albanese-sussan-ley-labor-liberal-question-time-chalmers-budget-cost-of-living-marles-defence-leadership-challenge-spill-ntwnfb already exists.
2026-02-05 10:11:18,479 - INFO - [The Guardian] Early skip: URL https://www.theguardian.com/australia-news/2026/feb/05/capital-gains-tax-discount-to-cost-australia-250bn-over-next-decade-with-retirees-and-high-income-earners-to-benefit-most already exists.
2026-02-05 10:11:18,480 - INFO - [The Guardian] Early skip: URL https://www.theguardian.com/australia-news/2026/feb/05/major-failing-in-psychiatric-care-before-joel-cauchi-stabbed-six-people-at-bondi-junction-coroner-finds already exists.
2026-02-05 10:11:18,481 - INFO - [The Guardian] Early skip: URL https://www.theguardian.com/australia-news/2026/feb/05/anti-abortion-activist-joanna-howe-foetus-photo-ntwnfb already exists.
2026-02-05 10:11:18,483 - INFO - [The Guardian] Early skip: URL https://www.theguardian.com/world/live/2026/feb/05/ukraine-russia-us-talk-end-war-abu-dhabi-live-updates-latest-news already exists.
2026-02-05 10:11:18,484 - INFO - [The Guardian] Early skip: URL https://www.theguardian.com/world/2026/feb/05/sanctions-significant-impact-russian-economy-interview-eu-special-envoy-david-osullivan already exists.
2026-02-05 10:11:18,485 - INFO - [The Guardian] Early skip: URL https://www.theguardian.com/world/2026/feb/04/ukraine-russia-second-round-peace-talks-abu-dhabi already exists.
2026-02-05 10:11:18,486 - INFO - [The Guardian] Early skip: URL https://www.theguardian.com/world/2026/feb/04/eu-deal-on-ukraine-loan-could-boost-uk-if-it-agrees-to-help-pay-costs already exists.
2026-02-05 10:11:18,488 - INFO - [The Guardian] Early skip: URL https://www.theguardian.com/world/2026/feb/04/son-of-norways-crown-princess-does-not-remember-taking-videos-of-alleged-sexual-assault already exists.
2026-02-05 10:11:18,489 - INFO - [The Guardian] Early skip: URL https://www.theguardian.com/world/2026/feb/04/us-iran-talks-risk-collapse-oman-move-rejected already exists.
2026-02-05 10:11:18,490 - INFO - [The Guardian] Early skip: URL https://www.theguardian.com/politics/2026/feb/04/peter-mandelson-palantir-jeffrey-epstein-government already exists.
2026-02-05 10:11:18,491 - INFO - [The Guardian] Early skip: URL https://www.theguardian.com/us-news/2026/feb/04/florida-ban-west-bank-schools-state-agencies-bill already exists.
2026-02-05 10:11:18,492 - INFO - [The Guardian] Early skip: URL https://www.theguardian.com/world/2026/feb/04/murdered-son-of-muammar-gaddafi-was-perceived-as-a-threat-to-libyas-elite already exists.
2026-02-05 10:11:18,494 - INFO - [The Guardian] Early skip: URL https://www.theguardian.com/world/2026/feb/04/israeli-strikes-gaza-patient-crossings-rafah-halted already exists.
2026-02-05 10:11:18,495 - INFO - [The Guardian] Early skip: URL https://www.theguardian.com/world/2026/feb/01/pakistan-targets-balochistan-separatists-after-unprecedented-assaults already exists.
2026-02-05 10:11:18,496 - INFO - [The Guardian] Early skip: URL https://www.theguardian.com/world/2026/feb/01/inside-myanmar-armed-resistance-junta-coup-photo-essay already exists.
2026-02-05 10:11:18,497 - INFO - [The Guardian] Early skip: URL https://www.theguardian.com/sport/2026/jan/30/breakdown-in-cricket-relations-with-bangladesh-rings-alarm-bells-for-indias-olympic-bid already exists.
2026-02-05 10:11:18,498 - INFO - [The Guardian] Early skip: URL https://www.theguardian.com/world/2026/jan/30/junta-backed-party-victory-myanmar-sham-election already exists.
2026-02-05 10:11:18,500 - INFO - [The Guardian] Early skip: URL https://www.theguardian.com/world/2026/jan/25/myanmar-election-enters-final-stage-amid-airstrikes-and-exclusions already exists.
2026-02-05 10:11:18,501 - INFO - [The Guardian] Article: https://www.theguardian.com/politics/live/2026/feb/05/peter-mandelson-keir-starmer-jeffrey-epstein-labour-updates-latest-news
2026-02-05 10:11:18,501 - INFO - [The Guardian] Attempt 1/1: Trying with 'requests_browser' strategy...
2026-02-05 10:11:18,676 - INFO - [The Guardian] Success with 'requests_browser'. Found content (387 words).
2026-02-05 10:11:18,728 - INFO - Saved article: Minister says Mandelson ‘conned everyone’ in defence of Keir Starmer – UK politics live | Politics | The Guardian from The Guardian (387 words)
2026-02-05 10:11:19,339 - INFO - [The Guardian] Article: https://www.theguardian.com/politics/2026/feb/05/mandelson-files-intelligence-and-security-committee-starmer-labour
2026-02-05 10:11:19,339 - INFO - [The Guardian] Attempt 1/1: Trying with 'requests_browser' strategy...
2026-02-05 10:11:19,374 - INFO - [The Guardian] Success with 'requests_browser'. Found content (701 words).
2026-02-05 10:11:19,426 - INFO - Saved article: Mandelson files will be published even if embarrassing to No 10, says ISC chair | Peter Mandelson | The Guardian from The Guardian (701 words)
2026-02-05 10:11:20,265 - INFO - [The Guardian] Article: https://www.theguardian.com/uk-news/2026/feb/05/bristol-church-repair-opens-door-to-edward-colston-exhumation
2026-02-05 10:11:20,265 - INFO - [The Guardian] Attempt 1/1: Trying with 'requests_browser' strategy...
2026-02-05 10:11:20,442 - INFO - [The Guardian] Success with 'requests_browser'. Found content (518 words).
2026-02-05 10:11:20,802 - INFO - Saved article: Bristol church repair opens door to Edward Colston exhumation | Bristol | The Guardian from The Guardian (518 words)
2026-02-05 10:11:22,045 - INFO - [The Guardian] Article: https://www.theguardian.com/environment/2026/feb/05/fumes-rats-and-maggots-peer-urges-environment-agency-to-clear-dump-in-wigan
2026-02-05 10:11:22,045 - INFO - [The Guardian] Attempt 1/1: Trying with 'requests_browser' strategy...
2026-02-05 10:11:22,212 - INFO - [The Guardian] Success with 'requests_browser'. Found content (483 words).
2026-02-05 10:11:22,404 - INFO - Saved article: Fumes, rats and maggots: peer urges Environment Agency to clear illegal dump in Wigan | Waste | The Guardian from The Guardian (483 words)
2026-02-05 10:11:23,173 - INFO - [The Guardian] Early skip: URL https://www.theguardian.com/world/2026/feb/05/thursday-briefing-will-the-epstein-files-threaten-peter-mandelsons-legacy already exists.
2026-02-05 10:11:23,174 - INFO - [The Guardian] Early skip: URL https://www.theguardian.com/us-news/2026/feb/04/illinois-world-health-organization-global-outbreak-alert-and-response-network already exists.
2026-02-05 10:11:23,176 - INFO - [The Guardian] Early skip: URL https://www.theguardian.com/us-news/2026/feb/04/savannah-guthrie-missing-mother-video already exists.
2026-02-05 10:11:23,177 - INFO - [The Guardian] Early skip: URL https://www.theguardian.com/us-news/live/2026/feb/04/donald-trump-epstein-files-us-politics-live-latest-news-updates already exists.
2026-02-05 10:11:23,178 - INFO - [The Guardian] Early skip: URL https://www.theguardian.com/us-news/2026/feb/04/nancy-pelosi-press-freedom-under-siege already exists.
2026-02-05 10:11:23,180 - INFO - [The Guardian] Early skip: URL https://www.theguardian.com/technology/2026/feb/04/google-alphabet-earnings-report already exists.
2026-02-05 10:11:24,585 - INFO - Selenium driver initialized successfully.
2026-02-05 10:11:24,585 - INFO - Starting scrape for Times of India RSS feed: https://timesofindia.indiatimes.com/rssfeeds/296589292.cms
2026-02-05 10:11:24,586 - INFO - Selenium driver initialized successfully.
2026-02-05 10:11:24,586 - INFO - Starting scrape for The Hindu RSS feed: https://www.thehindu.com/news/national/feeder/default.rss
2026-02-05 10:11:24,731 - INFO - Found 100 articles in The Hindu RSS feed. Processing until 20 new articles are saved.
2026-02-05 10:11:24,732 - INFO - [The Hindu] Article: https://www.thehindu.com/news/national/kerala/cpim-interference-delaying-sabarimala-gold-theft-probe-no-bar-on-questioning-anyone-including-sonia-gandhi-sunny-joseph/article70594702.ece
2026-02-05 10:11:24,732 - INFO - [The Hindu] Attempt 1/1: Trying with 'selenium_browser' strategy...
2026-02-05 10:11:24,872 - INFO - Found 20 articles in Times of India RSS feed. Processing until 20 new articles are saved.
2026-02-05 10:11:24,873 - INFO - [Times of India] Article: https://timesofindia.indiatimes.com/world/uk/epstein-files-fallout-why-uk-pm-keir-starmer-is-under-fire/articleshow/127927777.cms
2026-02-05 10:11:24,873 - INFO - [Times of India] Attempt 1/1: Trying with 'selenium_browser' strategy...
2026-02-05 10:11:28,755 - INFO - [The Hindu] Page content loaded.
2026-02-05 10:11:28,922 - INFO - [The Hindu] Success with 'selenium_browser'. Found content (230 words).
2026-02-05 10:11:29,067 - INFO - Saved article: CPI(M) interference delaying Sabarimala gold theft probe; no bar on questioning anyone, including Sonia Gandhi: Sunny Joseph - The Hindu from The Hindu (230 words)
2026-02-05 10:11:30,496 - INFO - [The Hindu] Article: https://www.thehindu.com/news/national/pm-modi-lok-sabha-om-birla-reply-to-motion-of-thanks-president-address/article70595173.ece
2026-02-05 10:11:30,496 - INFO - [The Hindu] Attempt 1/1: Trying with 'selenium_browser' strategy...
2026-02-05 10:11:36,040 - INFO - [The Hindu] Page content loaded.
2026-02-05 10:11:36,152 - INFO - [The Hindu] Success with 'selenium_browser'. Found content (242 words).
2026-02-05 10:11:36,237 - INFO - Saved article: Speaker Om Birla says he advised PM not to come to Lok Sabha, had ‘definite information’ of Opposition protests - The Hindu from The Hindu (242 words)
2026-02-05 10:11:37,739 - INFO - [The Hindu] Article: https://www.thehindu.com/news/national/andhra-pradesh/doubts-over-cause-of-death-of-pg-doctor-at-vijayawada-government-hospital/article70594892.ece
2026-02-05 10:11:37,739 - INFO - [The Hindu] Attempt 1/1: Trying with 'selenium_browser' strategy...
2026-02-05 10:11:39,504 - INFO - [The Hindu] Page content loaded.
2026-02-05 10:11:39,604 - INFO - [The Hindu] Success with 'selenium_browser'. Found content (139 words).
2026-02-05 10:11:39,706 - INFO - Saved article: Doubts over cause of death of PG doctor at Vijayawada Government Hospital - The Hindu from The Hindu (139 words)
2026-02-05 10:11:40,290 - INFO - [The Hindu] Article: https://www.thehindu.com/videos/kerala-assembly-disrupted-amid-sabarimala-gold-theft-row/article70594995.ece
2026-02-05 10:11:40,290 - INFO - [The Hindu] Attempt 1/1: Trying with 'selenium_browser' strategy...
2026-02-05 10:11:41,316 - INFO - [The Hindu] Page content loaded.
2026-02-05 10:11:41,379 - INFO - [The Hindu] Success with 'selenium_browser'. Found content (123 words).
2026-02-05 10:11:41,413 - INFO - Saved article: Something went wrong from The Hindu (123 words)
2026-02-05 10:11:41,964 - INFO - [The Hindu] Article: https://www.thehindu.com/news/national/andhra-pradesh/three-days-after-preying-on-a-calf-tadoba-tiger-resorts-to-fresh-kill-near-rajamahendravaram-city/article70594617.ece
2026-02-05 10:11:41,964 - INFO - [The Hindu] Attempt 1/1: Trying with 'selenium_browser' strategy...
2026-02-05 10:11:44,913 - ERROR - [Times of India] Request failed for strategy 'selenium_browser' on URL https://timesofindia.indiatimes.com/world/uk/epstein-files-fallout-why-uk-pm-keir-starmer-is-under-fire/articleshow/127927777.cms: Message: timeout: Timed out receiving message from renderer: 19.634
  (Session info: chrome=144.0.7559.96)
Stacktrace:
#0 0x564c9d08ca4a <unknown>
#1 0x564c9caa56a2 <unknown>
#2 0x564c9ca8cd87 <unknown>
#3 0x564c9ca8c996 <unknown>
#4 0x564c9ca8a4a1 <unknown>
#5 0x564c9ca8ae2f <unknown>
#6 0x564c9ca9a360 <unknown>
#7 0x564c9cab4357 <unknown>
#8 0x564c9cabb56b <unknown>
#9 0x564c9ca8b599 <unknown>
#10 0x564c9cab40ec <unknown>
#11 0x564c9cb43b68 <unknown>
#12 0x564c9caec8b2 <unknown>
#13 0x564c9caed6a1 <unknown>
#14 0x564c9d0528a9 <unknown>
#15 0x564c9d0557b1 <unknown>
#16 0x564c9d03eea9 <unknown>
#17 0x564c9d05636e <unknown>
#18 0x564c9d025410 <unknown>
#19 0x564c9d07a0c8 <unknown>
#20 0x564c9d07a29b <unknown>
#21 0x564c9d08bdb8 <unknown>
#22 0x7fcb5ba9caa4 <unknown>
#23 0x7fcb5bb29c6c <unknown>

2026-02-05 10:11:44,913 - ERROR - [Times of India] All scrape strategies failed for https://timesofindia.indiatimes.com/world/uk/epstein-files-fallout-why-uk-pm-keir-starmer-is-under-fire/articleshow/127927777.cms. Falling back to RSS description.
2026-02-05 10:11:44,913 - WARNING - SKIPPED (GLOBAL WORD LIMIT): Article 'Epstein files fallout: Why UK PM Keir Starmer is under fire' from Times of India has only 55 words (Min: 90).
2026-02-05 10:11:45,902 - INFO - [Times of India] Article: https://timesofindia.indiatimes.com/world/middle-east/kuwait-issues-new-ramadan-donation-rules-cash-banned-mosque-collection-prohibited/articleshow/127927991.cms
2026-02-05 10:11:45,902 - INFO - [Times of India] Attempt 1/1: Trying with 'selenium_browser' strategy...
2026-02-05 10:11:47,655 - INFO - [Times of India] Page content loaded.
2026-02-05 10:11:48,212 - INFO - [Times of India] Success with 'selenium_browser'. Found content (575 words).
2026-02-05 10:11:48,316 - INFO - Saved article: Kuwait issues new Ramadan donation rules: Cash banned, Mosque collection prohibited | World News - The Times of India from Times of India (575 words)
2026-02-05 10:11:49,349 - INFO - [Times of India] Article: https://timesofindia.indiatimes.com/world/rest-of-world/northern-lights-set-to-glow-over-alaska-canada-and-greenland-this-week-as-solar-activity-rises/articleshow/127928227.cms
2026-02-05 10:11:49,349 - INFO - [Times of India] Attempt 1/1: Trying with 'selenium_browser' strategy...
2026-02-05 10:12:01,982 - ERROR - [The Hindu] Request failed for strategy 'selenium_browser' on URL https://www.thehindu.com/news/national/andhra-pradesh/three-days-after-preying-on-a-calf-tadoba-tiger-resorts-to-fresh-kill-near-rajamahendravaram-city/article70594617.ece: Message: timeout: Timed out receiving message from renderer: 19.966
  (Session info: chrome=144.0.7559.96)
Stacktrace:
#0 0x5580027c0a4a <unknown>
#1 0x5580021d96a2 <unknown>
#2 0x5580021c0d87 <unknown>
#3 0x5580021c0996 <unknown>
#4 0x5580021be4a1 <unknown>
#5 0x5580021bee2f <unknown>
#6 0x5580021ce360 <unknown>
#7 0x5580021e8357 <unknown>
#8 0x5580021ef56b <unknown>
#9 0x5580021bf599 <unknown>
#10 0x5580021e80ec <unknown>
#11 0x558002277b68 <unknown>
#12 0x5580022208b2 <unknown>
#13 0x5580022216a1 <unknown>
#14 0x5580027868a9 <unknown>
#15 0x5580027897b1 <unknown>
#16 0x558002772ea9 <unknown>
#17 0x55800278a36e <unknown>
#18 0x558002759410 <unknown>
#19 0x5580027ae0c8 <unknown>
#20 0x5580027ae29b <unknown>
#21 0x5580027bfdb8 <unknown>
#22 0x7f4dc889caa4 <unknown>
#23 0x7f4dc8929c6c <unknown>

2026-02-05 10:12:01,982 - ERROR - [The Hindu] All scrape strategies failed for https://www.thehindu.com/news/national/andhra-pradesh/three-days-after-preying-on-a-calf-tadoba-tiger-resorts-to-fresh-kill-near-rajamahendravaram-city/article70594617.ece. Falling back to RSS description.
2026-02-05 10:12:01,982 - WARNING - SKIPPED (GLOBAL WORD LIMIT): Article 'Three days after preying on a calf, Tadoba tiger resorts to fresh kill near Rajamahendravaram city' from The Hindu has only 18 words (Min: 90).
2026-02-05 10:12:02,859 - INFO - [The Hindu] Article: https://www.thehindu.com/business/india-gulf-cooperation-council-ink-terms-of-reference-for-starting-fta-talks/article70594992.ece
2026-02-05 10:12:02,859 - INFO - [The Hindu] Attempt 1/1: Trying with 'selenium_browser' strategy...
2026-02-05 10:12:03,804 - INFO - [The Hindu] Page content loaded.
2026-02-05 10:12:03,879 - INFO - [The Hindu] Success with 'selenium_browser'. Found content (501 words).
2026-02-05 10:12:03,959 - INFO - Saved article: India, Gulf Cooperation Council ink terms of reference for starting FTA talks - The Hindu from The Hindu (501 words)
2026-02-05 10:12:05,307 - INFO - [The Hindu] Article: https://www.thehindu.com/news/national/kerala/if-kerala-cm-has-any-shame-he-must-refer-sabarimala-gold-theft-case-to-cbi-says-bjp-state-chief-rajeev-chandrasekhar/article70594937.ece
2026-02-05 10:12:05,307 - INFO - [The Hindu] Attempt 1/1: Trying with 'selenium_browser' strategy...
2026-02-05 10:12:06,793 - INFO - [The Hindu] Page content loaded.
2026-02-05 10:12:06,839 - INFO - [The Hindu] Success with 'selenium_browser'. Found content (428 words).
2026-02-05 10:12:06,945 - INFO - Saved article: Sabarimala Gold Theft Case: Kerala BJP chief slams CM Vijayan - The Hindu from The Hindu (428 words)
2026-02-05 10:12:08,314 - INFO - [The Hindu] Article: https://www.thehindu.com/news/national/india-energy-security-russia-oil-us-claim-mea-statement/article70595025.ece
2026-02-05 10:12:08,315 - INFO - [The Hindu] Attempt 1/1: Trying with 'selenium_browser' strategy...
2026-02-05 10:12:09,372 - ERROR - [Times of India] Request failed for strategy 'selenium_browser' on URL https://timesofindia.indiatimes.com/world/rest-of-world/northern-lights-set-to-glow-over-alaska-canada-and-greenland-this-week-as-solar-activity-rises/articleshow/127928227.cms: Message: timeout: Timed out receiving message from renderer: 19.772
  (Session info: chrome=144.0.7559.96)
Stacktrace:
#0 0x564c9d08ca4a <unknown>
#1 0x564c9caa56a2 <unknown>
#2 0x564c9ca8cd87 <unknown>
#3 0x564c9ca8c996 <unknown>
#4 0x564c9ca8a4a1 <unknown>
#5 0x564c9ca8ae2f <unknown>
#6 0x564c9ca9a360 <unknown>
#7 0x564c9cab4357 <unknown>
#8 0x564c9cabb56b <unknown>
#9 0x564c9ca8b599 <unknown>
#10 0x564c9cab40ec <unknown>
#11 0x564c9cb43b68 <unknown>
#12 0x564c9caec8b2 <unknown>
#13 0x564c9caed6a1 <unknown>
#14 0x564c9d0528a9 <unknown>
#15 0x564c9d0557b1 <unknown>
#16 0x564c9d03eea9 <unknown>
#17 0x564c9d05636e <unknown>
#18 0x564c9d025410 <unknown>
#19 0x564c9d07a0c8 <unknown>
#20 0x564c9d07a29b <unknown>
#21 0x564c9d08bdb8 <unknown>
#22 0x7fcb5ba9caa4 <unknown>
#23 0x7fcb5bb29c6c <unknown>

2026-02-05 10:12:09,372 - ERROR - [Times of India] All scrape strategies failed for https://timesofindia.indiatimes.com/world/rest-of-world/northern-lights-set-to-glow-over-alaska-canada-and-greenland-this-week-as-solar-activity-rises/articleshow/127928227.cms. Falling back to RSS description.
2026-02-05 10:12:09,372 - WARNING - SKIPPED (GLOBAL WORD LIMIT): Article 'Northern lights set to glow over Alaska, Canada and Greenland this week as solar activity rises' from Times of India has only 3 words (Min: 90).
2026-02-05 10:12:09,497 - INFO - [The Hindu] Page content loaded.
2026-02-05 10:12:09,590 - INFO - [The Hindu] Success with 'selenium_browser'. Found content (137 words).
2026-02-05 10:12:09,702 - INFO - Saved article: India speaks out on U.S. claim on Russian oil purchase - The Hindu from The Hindu (137 words)
2026-02-05 10:12:10,388 - INFO - [The Hindu] Article: https://www.thehindu.com/entertainment/movies/delay-in-vijay-starrer-jana-nayagan-release-frustrates-tamil-film-industry/article70592201.ece
2026-02-05 10:12:10,388 - INFO - [The Hindu] Attempt 1/1: Trying with 'selenium_browser' strategy...
2026-02-05 10:12:10,473 - INFO - [Times of India] Article: https://timesofindia.indiatimes.com/world/middle-east/check-in-from-anywhere-in-dubai-city-terminal-projects-airport-free-travel-plan-sounds-unreal/articleshow/127927274.cms
2026-02-05 10:12:10,473 - INFO - [Times of India] Attempt 1/1: Trying with 'selenium_browser' strategy...
2026-02-05 10:12:11,819 - INFO - [Times of India] Page content loaded.
2026-02-05 10:12:12,084 - INFO - [Times of India] Success with 'selenium_browser'. Found content (720 words).
2026-02-05 10:12:12,181 - INFO - Saved article: Check-in from anywhere in Dubai? City Terminal Project's airport-free travel plan sounds unreal - The Times of India from Times of India (720 words)
2026-02-05 10:12:13,295 - INFO - [Times of India] Early skip: URL https://timesofindia.indiatimes.com/world/middle-east/abu-dhabis-nutri-mark-initiative-explained-what-it-is-how-will-it-transform-food-labels-and-health-choices-in-2026/articleshow/127926285.cms already exists.
2026-02-05 10:12:13,296 - INFO - [Times of India] Early skip: URL https://timesofindia.indiatimes.com/world/middle-east/no-more-queues-kuwait-launches-online-passport-update-service-for-expatriates/articleshow/127926364.cms already exists.
2026-02-05 10:12:13,297 - INFO - [Times of India] Early skip: URL https://timesofindia.indiatimes.com/world/middle-east/gcc-unified-visa-2026-explained-launch-date-eligibility-fee-validity-of-schengen-style-visa-for-gulf/articleshow/127925665.cms already exists.
2026-02-05 10:12:13,299 - INFO - [Times of India] Early skip: URL https://timesofindia.indiatimes.com/world/middle-east/abu-dhabi-prince-with-20-billion-fortune-placed-car-order-so-big-it-shut-down-a-mercedes-factory/articleshow/127921030.cms already exists.
2026-02-05 10:12:13,302 - INFO - [Times of India] Early skip: URL https://timesofindia.indiatimes.com/world/middle-east/uae-abu-dhabi-launches-worlds-richest-seas-initiative-to-increase-fish-density-by-2030/articleshow/127924186.cms already exists.
2026-02-05 10:12:13,307 - INFO - [Times of India] Early skip: URL https://timesofindia.indiatimes.com/science/elon-musk-plans-solar-powered-data-centers-in-orbit-says-space-is-called-space-for-a-reason/articleshow/127925196.cms already exists.
2026-02-05 10:12:13,309 - INFO - [Times of India] Early skip: URL https://timesofindia.indiatimes.com/world/rest-of-world/zealandia-earths-hidden-continent-beneath-the-pacific/articleshow/127915213.cms already exists.
2026-02-05 10:12:13,310 - INFO - [Times of India] Early skip: URL https://timesofindia.indiatimes.com/world/middle-east/saudi-arabia-puts-women-on-frontlines-ksa-interior-ministry-graduates-328-female-security-recruits/articleshow/127924013.cms already exists.
2026-02-05 10:12:13,312 - INFO - [Times of India] Early skip: URL https://timesofindia.indiatimes.com/world/rest-of-world/this-is-the-worlds-deepest-gold-mine-where-workers-travel-2-5-miles-underground-just-to-reach-their-jobs/articleshow/127923583.cms already exists.
2026-02-05 10:12:13,316 - INFO - [Times of India] Early skip: URL https://timesofindia.indiatimes.com/world/middle-east/saudi-arabia-launches-camel-passport-digital-system-to-track-ownership-and-trade/articleshow/127923501.cms already exists.
2026-02-05 10:12:13,318 - INFO - [Times of India] Early skip: URL https://timesofindia.indiatimes.com/world/us/none-of-their-equipment-worked-donald-trump-talks-about-us-discombobulator-use-in-venezuela-during-maduros-capture/articleshow/127923010.cms already exists.
2026-02-05 10:12:13,319 - INFO - [Times of India] Early skip: URL https://timesofindia.indiatimes.com/world/rest-of-world/watch-night-of-horror-for-philippines-as-devastating-fire-leaves-thousands-homeless-in-bongao-islet/articleshow/127922250.cms already exists.
2026-02-05 10:12:13,320 - INFO - [Times of India] Early skip: URL https://timesofindia.indiatimes.com/world/middle-east/ramadan-2026-working-hours-in-the-uae-explained-penalties-and-rules-for-private-sector-and-government-employees/articleshow/127923197.cms already exists.
2026-02-05 10:12:13,322 - INFO - [Times of India] Early skip: URL https://timesofindia.indiatimes.com/world/us/should-irans-supreme-leader-khamenei-be-worried-donald-trumps-response-and-a-blunt-warning/articleshow/127922628.cms already exists.
2026-02-05 10:12:13,323 - INFO - [Times of India] Early skip: URL https://timesofindia.indiatimes.com/world/us-streamers/what-really-happened-between-jim-bent-and-jeffree-star-controversy-explored-after-viral-claims-resurface-during-beast-games-run/articleshow/127920732.cms already exists.
2026-02-05 10:12:13,331 - INFO - [Times of India] Early skip: URL https://timesofindia.indiatimes.com/world/us-streamers/brazilian-influencer-maria-luiza-costa-da-silva-dies-at-18-after-knife-attack-outside-recife-bar-by-her-boyfriends-ex-girlfriend/articleshow/127918674.cms already exists.
2026-02-05 10:12:13,332 - INFO - [Times of India] (Thread) Finished. Attempting to shut down its Selenium driver.
2026-02-05 10:12:13,804 - INFO - [Times of India] (Thread) driver.quit() successful.
2026-02-05 10:12:30,409 - ERROR - [The Hindu] Request failed for strategy 'selenium_browser' on URL https://www.thehindu.com/entertainment/movies/delay-in-vijay-starrer-jana-nayagan-release-frustrates-tamil-film-industry/article70592201.ece: Message: timeout: Timed out receiving message from renderer: 18.725
  (Session info: chrome=144.0.7559.96)
Stacktrace:
#0 0x5580027c0a4a <unknown>
#1 0x5580021d96a2 <unknown>
#2 0x5580021c0d87 <unknown>
#3 0x5580021c0996 <unknown>
#4 0x5580021be4a1 <unknown>
#5 0x5580021bee2f <unknown>
#6 0x5580021ce360 <unknown>
#7 0x5580021e8357 <unknown>
#8 0x5580021ef56b <unknown>
#9 0x5580021bf599 <unknown>
#10 0x5580021e80ec <unknown>
#11 0x558002277b68 <unknown>
#12 0x5580022208b2 <unknown>
#13 0x5580022216a1 <unknown>
#14 0x5580027868a9 <unknown>
#15 0x5580027897b1 <unknown>
#16 0x558002772ea9 <unknown>
#17 0x55800278a36e <unknown>
#18 0x558002759410 <unknown>
#19 0x5580027ae0c8 <unknown>
#20 0x5580027ae29b <unknown>
#21 0x5580027bfdb8 <unknown>
#22 0x7f4dc889caa4 <unknown>
#23 0x7f4dc8929c6c <unknown>

2026-02-05 10:12:30,410 - ERROR - [The Hindu] All scrape strategies failed for https://www.thehindu.com/entertainment/movies/delay-in-vijay-starrer-jana-nayagan-release-frustrates-tamil-film-industry/article70592201.ece. Falling back to RSS description.
2026-02-05 10:12:30,410 - WARNING - SKIPPED (GLOBAL WORD LIMIT): Article 'Delay in ‘Jana Nayagan’ release frustrates Tamil film industry' from The Hindu has only 31 words (Min: 90).
2026-02-05 10:12:31,120 - INFO - [The Hindu] Article: https://www.thehindu.com/videos/delhi-police-arrests-al-falah-universitys-chairman-in-forgery-case/article70595007.ece
2026-02-05 10:12:31,120 - INFO - [The Hindu] Attempt 1/1: Trying with 'selenium_browser' strategy...
2026-02-05 10:12:31,817 - INFO - [The Hindu] Page content loaded.
2026-02-05 10:12:31,871 - INFO - [The Hindu] Success with 'selenium_browser'. Found content (133 words).
2026-02-05 10:12:31,918 - INFO - Saved article: Watch: Delhi Police arrests Al Falah University’s chairman in forgery case - The Hindu from The Hindu (133 words)
2026-02-05 10:12:33,359 - INFO - [The Hindu] Early skip: URL https://www.thehindu.com/news/national/tamil-nadu/tn-government-constitutes-district-level-committees-to-abolish-police-orderly-system-madras-high-court-told/article70594705.ece already exists.
2026-02-05 10:12:33,361 - INFO - [The Hindu] Early skip: URL https://www.thehindu.com/news/national/kerala/ed-launches-probe-against-nedumparambil-credit-syndicate-group-in-kerala-under-pmla/article70594947.ece already exists.
2026-02-05 10:12:33,362 - INFO - [The Hindu] Early skip: URL https://www.thehindu.com/news/national/west-bengal/west-bengal-govt-moves-resolution-in-assembly-over-hardships-due-to-sir-speaker-rejects/article70594938.ece already exists.
2026-02-05 10:12:33,363 - INFO - [The Hindu] Early skip: URL https://www.thehindu.com/news/national/sc-takes-serious-note-of-delay-by-several-states-in-sending-proposal-for-dgp-appointment/article70594921.ece already exists.
2026-02-05 10:12:33,364 - INFO - [The Hindu] Early skip: URL https://www.thehindu.com/news/national/karnataka/karnataka-food-commission-chairperson-recommends-action-against-four-personnel-fair-price-shop-over-irregularities/article70594908.ece already exists.
2026-02-05 10:12:33,366 - INFO - [The Hindu] Early skip: URL https://www.thehindu.com/news/national/assam/assam-mahouts-get-australian-tips-on-handling-elephants-humanely/article70594890.ece already exists.
2026-02-05 10:12:33,367 - INFO - [The Hindu] Early skip: URL https://www.thehindu.com/news/national/kerala/deepak-death-case-shimjitha-released-in-police-custody/article70594794.ece already exists.
2026-02-05 10:12:33,368 - INFO - [The Hindu] Early skip: URL https://www.thehindu.com/business/india-us-trade-deal-piyush-goyal-tariffs-joint-statement-legal-agreement/article70594904.ece already exists.
2026-02-05 10:12:33,369 - INFO - [The Hindu] Early skip: URL https://www.thehindu.com/news/national/india-sri-lanka-connected-by-deep-civilisational-spiritual-bonds-pm-modi-on-relics-exposition/article70594851.ece already exists.
2026-02-05 10:12:33,370 - INFO - [The Hindu] Early skip: URL https://www.thehindu.com/news/national/kerala/private-bus-strike-begins-in-keralas-kannur-district-passengers-stranded-ksrtc-runs-additional-services/article70594631.ece already exists.
2026-02-05 10:12:33,372 - INFO - [The Hindu] Article: https://www.thehindu.com/news/national/kerala/elephant-tramples-mahout-to-death-at-kottoor-rehabilitation-centre-in-kerala/article70594833.ece
2026-02-05 10:12:33,372 - INFO - [The Hindu] Attempt 1/1: Trying with 'selenium_browser' strategy...
2026-02-05 10:12:33,934 - INFO - [The Hindu] Page content loaded.
2026-02-05 10:12:33,972 - INFO - [The Hindu] Success with 'selenium_browser'. Found content (108 words).
2026-02-05 10:12:34,037 - INFO - Saved article: Elephant tramples mahout to death at Kottoor rehabilitation centre in Kerala - The Hindu from The Hindu (108 words)
2026-02-05 10:12:34,989 - INFO - [The Hindu] Early skip: URL https://www.thehindu.com/news/national/jammu-and-kashmir/jammu-kashmir-govt-to-allot-land-to-calamity-hit-landless-families-on-lease-basis-cm-omar-abdullah/article70594746.ece already exists.
2026-02-05 10:12:34,990 - INFO - [The Hindu] Early skip: URL https://www.thehindu.com/news/national/telangana/telangana-unveils-ai-driven-tools-to-enhance-cyber-policing-tackle-evolving-cybercrimes/article70594786.ece already exists.
2026-02-05 10:12:34,992 - INFO - [The Hindu] Early skip: URL https://www.thehindu.com/news/national/us-shuts-down-over-200-illegal-online-pharmacies-tied-to-india-based-tco/article70594607.ece already exists.
2026-02-05 10:12:34,993 - INFO - [The Hindu] Early skip: URL https://www.thehindu.com/news/national/karnataka/25-itms-cameras-capturing-traffic-violations-on-mysuru-bengaluru-highway/article70594684.ece already exists.
2026-02-05 10:12:34,994 - INFO - [The Hindu] Early skip: URL https://www.thehindu.com/news/national/kerala/kerala-assembly-passes-resolution-demanding-withdrawal-of-vb-g-ram-g-act-and-restoration-of-mgnregs/article70594757.ece already exists.
2026-02-05 10:12:34,995 - INFO - [The Hindu] Early skip: URL https://www.thehindu.com/news/national/supreme-court-agrees-to-hear-in-march-pil-against-poll-freebies-promises-by-political-parties/article70594802.ece already exists.
2026-02-05 10:12:34,997 - INFO - [The Hindu] Early skip: URL https://www.thehindu.com/news/national/maharashtra/industrialist-takes-helicopter-after-being-stuck-for-8-hours-on-mumbai-pune-expressway/article70594760.ece already exists.
2026-02-05 10:12:34,998 - INFO - [The Hindu] Early skip: URL https://www.thehindu.com/news/national/supreme-court-stays-madras-hcs-interim-order-halting-tn-govt-provision-to-appoint-vice-chancellors/article70594769.ece already exists.
2026-02-05 10:12:34,999 - INFO - [The Hindu] Early skip: URL https://www.thehindu.com/news/national/kerala/sabarimala-gold-loss-case-kerala-court-grants-statutory-bail-to-prime-accused-unnikrishnan-potti/article70594741.ece already exists.
2026-02-05 10:12:35,000 - INFO - [The Hindu] Early skip: URL https://www.thehindu.com/news/national/telangana/telangana-assembly-speaker-dismisses-disqualification-plea-against-jagtial-mla-sanjay-kumar/article70594744.ece already exists.
2026-02-05 10:12:35,001 - INFO - [The Hindu] Early skip: URL https://www.thehindu.com/news/national/lok-sabha-passes-resolution-motion-of-thanks-on-president-address-pm-address/article70594740.ece already exists.
2026-02-05 10:12:35,003 - INFO - [The Hindu] Early skip: URL https://www.thehindu.com/news/national/bihar/50000-crore-investment-being-made-in-energy-sector-bihar-energy-minister-bijendra-prasad-yadav/article70594659.ece already exists.
2026-02-05 10:12:35,004 - INFO - [The Hindu] Early skip: URL https://www.thehindu.com/news/national/prashant-kishor-jan-suraaj-party-bihar-election-fresh-supreme-court/article70594720.ece already exists.
2026-02-05 10:12:35,005 - INFO - [The Hindu] Early skip: URL https://www.thehindu.com/news/national/kerala/kerala-assembly-ruckus-over-sabarimala-gold-theft-row-rocks-house-again-speaker-cuts-short-days-business/article70594656.ece already exists.
2026-02-05 10:12:35,006 - INFO - [The Hindu] Early skip: URL https://www.thehindu.com/sci-tech/health/india-eu-fta-access-to-medicines-medecins-sans-frontieres-letter/article70594689.ece already exists.
2026-02-05 10:12:35,007 - INFO - [The Hindu] Early skip: URL https://www.thehindu.com/news/national/chhattisgarh/maoist-killed-encounter-with-security-personnel-chhattisgarhs-bijapur/article70594619.ece already exists.
2026-02-05 10:12:35,009 - INFO - [The Hindu] Early skip: URL https://www.thehindu.com/news/national/bihar/cm-nitish-kumar-announces-opening-of-colleges-in-all-534-blocks-of-bihar/article70594541.ece already exists.
2026-02-05 10:12:35,010 - INFO - [The Hindu] Early skip: URL https://www.thehindu.com/news/national/odisha/odisha-jajpur-chennai-central-express-coaches-derail/article70594521.ece already exists.
2026-02-05 10:12:35,011 - INFO - [The Hindu] Early skip: URL https://www.thehindu.com/news/national/maharashtra/mumbai-pune-expressway-traffic-resumes-overturned-tanker-removed/article70594579.ece already exists.
2026-02-05 10:12:35,012 - INFO - [The Hindu] Early skip: URL https://www.thehindu.com/news/national/uttar-pradesh/allahabad-hc-acquits-nearly-100-year-old-man-over-four-decades-after-he-got-bail-in-murder-case/article70594517.ece already exists.
2026-02-05 10:12:35,014 - INFO - [The Hindu] Early skip: URL https://www.thehindu.com/news/national/andhra-pradesh/ambati-rambabus-daughter-alleges-tdp-mlas-role-in-attack-on-house/article70592686.ece already exists.
2026-02-05 10:12:35,015 - INFO - [The Hindu] Early skip: URL https://www.thehindu.com/news/national/i-praise-india-for-having-assumed-leadership-for-ai-impact-summit-un-chief-guterres/article70594435.ece already exists.
2026-02-05 10:12:35,016 - INFO - [The Hindu] Early skip: URL https://www.thehindu.com/news/national/andhra-pradesh/ysrcp-will-respond-firmly-if-jungle-raj-continues-in-ap-says-jagan/article70592166.ece already exists.
2026-02-05 10:12:35,017 - INFO - [The Hindu] Early skip: URL https://www.thehindu.com/news/national/parliament-budget-session-lok-sabha-rajya-sabha-the-hindu-live-updates-february-5-2026/article70594319.ece already exists.
2026-02-05 10:12:35,019 - INFO - [The Hindu] Early skip: URL https://www.thehindu.com/news/national/kerala/over-100-boxes-of-explosives-seized-from-pick-up-van-in-keralas-palakkad/article70594381.ece already exists.
2026-02-05 10:12:35,020 - INFO - [The Hindu] Early skip: URL https://www.thehindu.com/news/national/manipur/new-session-of-manipur-assembly-on-february-5-2026/article70594390.ece already exists.
2026-02-05 10:12:35,022 - INFO - [The Hindu] Article: https://www.thehindu.com/news/national/karnataka/malaysian-ideas-delegation-visits-bangalore-university/article70592750.ece
2026-02-05 10:12:35,022 - INFO - [The Hindu] Attempt 1/1: Trying with 'selenium_browser' strategy...
2026-02-05 10:12:35,951 - INFO - [The Hindu] Page content loaded.
2026-02-05 10:12:35,999 - WARNING - [The Hindu] FAILED with 'selenium_browser' (content was too short: 86 words).
2026-02-05 10:12:36,000 - ERROR - [The Hindu] All scrape strategies failed for https://www.thehindu.com/news/national/karnataka/malaysian-ideas-delegation-visits-bangalore-university/article70592750.ece. Falling back to RSS description.
2026-02-05 10:12:36,000 - WARNING - SKIPPED (GLOBAL WORD LIMIT): Article 'Malaysian IDEAS delegation visits Bangalore University' from The Hindu has only 11 words (Min: 90).
2026-02-05 10:12:37,139 - INFO - [The Hindu] Early skip: URL https://www.thehindu.com/news/national/andhra-pradesh/kotappakonda-temple-festival-arrangements/article70594201.ece already exists.
2026-02-05 10:12:37,140 - INFO - [The Hindu] Early skip: URL https://www.thehindu.com/news/cities/Delhi/delhi-police-arrests-al-falah-universitys-chairman-in-forgery-case/article70594246.ece already exists.
2026-02-05 10:12:37,142 - INFO - [The Hindu] Early skip: URL https://www.thehindu.com/news/national/andhra-pradesh/narendra-kumar-rejects-jagans-remarks-seeks-deeper-probe-into-ttd-issue/article70592290.ece already exists.
2026-02-05 10:12:37,143 - INFO - [The Hindu] Early skip: URL https://www.thehindu.com/news/national/bihar/over-283-lakh-cases-of-dog-bites-in-bihar-in-2024-25-economic-survey-report/article70591760.ece already exists.
2026-02-05 10:12:37,144 - INFO - [The Hindu] Early skip: URL https://www.thehindu.com/news/national/man-who-tried-to-shoot-trump-at-florida-golf-course-gets-life-in-prison/article70594176.ece already exists.
2026-02-05 10:12:37,145 - INFO - [The Hindu] Early skip: URL https://www.thehindu.com/data/has-the-16th-finance-commission-sidelined-the-states-and-prioritised-the-centres-needs/article70592338.ece already exists.
2026-02-05 10:12:37,146 - INFO - [The Hindu] Early skip: URL https://www.thehindu.com/news/national/odisha/odisha-govts-pending-telephone-bills-run-into-crores/article70591436.ece already exists.
2026-02-05 10:12:37,148 - INFO - [The Hindu] Early skip: URL https://www.thehindu.com/news/national/haryana/surajkund-crafts-festival-tickets-on-dmrcs-sarthi-app/article70591842.ece already exists.
2026-02-05 10:12:37,149 - INFO - [The Hindu] Early skip: URL https://www.thehindu.com/news/cities/kolkata/kolkata-book-fair-ends-on-a-happy-note-with-footfall-touching-32-lakh/article70591849.ece already exists.
2026-02-05 10:12:37,150 - INFO - [The Hindu] Early skip: URL https://www.thehindu.com/sci-tech/energy-and-environment/study-maps-future-glacial-lakes/article70556752.ece already exists.
2026-02-05 10:12:37,152 - INFO - [The Hindu] Early skip: URL https://www.thehindu.com/news/national/rajasthan/first-english-medium-playschool-in-rajasthan-village-set-to-benefit-rural-children/article70592258.ece already exists.
2026-02-05 10:12:37,153 - INFO - [The Hindu] Early skip: URL https://www.thehindu.com/news/national/commerce-minister-piyush-goyals-statement-on-trade-deal-is-a-no-statement-says-congress/article70593025.ece already exists.
2026-02-05 10:12:37,154 - INFO - [The Hindu] Early skip: URL https://www.thehindu.com/news/cities/Delhi/speaker-vijender-gupta/article70593258.ece already exists.
2026-02-05 10:12:37,155 - INFO - [The Hindu] Early skip: URL https://www.thehindu.com/opinion/op-ed/bengaluru-a-city-gridlocked-and-stranded/article70593111.ece already exists.
2026-02-05 10:12:37,156 - INFO - [The Hindu] Early skip: URL https://www.thehindu.com/news/cities/Delhi/gurgaon-mp-seeks-funds-for-aravali-conservation-waste-management-and-metro-corridor-in-haryana-budget/article70591825.ece already exists.
2026-02-05 10:12:37,158 - INFO - [The Hindu] Early skip: URL https://www.thehindu.com/news/national/uk-asks-air-india-to-explain-boeing-dreamliner-fuel-switch-incident/article70593237.ece already exists.
2026-02-05 10:12:37,159 - INFO - [The Hindu] Early skip: URL https://www.thehindu.com/news/national/tamil-nadu/woman-attender-injured-after-roof-plastering-peeled-off-at-tirupattur-gh/article70592089.ece already exists.
2026-02-05 10:12:37,160 - INFO - [The Hindu] Early skip: URL https://www.thehindu.com/news/national/karnataka/12-accused-of-disrobing-vantamuri-woman-sentenced-to-five-years-rigorous-imprisonment/article70591545.ece already exists.
2026-02-05 10:12:37,161 - INFO - [The Hindu] Early skip: URL https://www.thehindu.com/news/national/karnataka/bengaluru-east-corporation-examines-adoption-of-land-value-capture-for-hoodi-flyover/article70592541.ece already exists.
2026-02-05 10:12:37,163 - INFO - [The Hindu] Early skip: URL https://www.thehindu.com/news/national/karnataka/yatnal-alleges-bias-in-karnataka-bjps-fight-against-corruption/article70592398.ece already exists.
2026-02-05 10:12:37,164 - INFO - [The Hindu] Early skip: URL https://www.thehindu.com/news/national/karnataka/disruption-in-karnataka-assembly-over-shivalinge-gowdas-remarks/article70592184.ece already exists.
2026-02-05 10:12:37,165 - INFO - [The Hindu] Early skip: URL https://www.thehindu.com/news/national/telangana/statewide-anti-narcotics-drive-nets-75-absconding-accused-eagle-force-steps-up-enforcement/article70591848.ece already exists.
2026-02-05 10:12:37,166 - INFO - [The Hindu] Early skip: URL https://www.thehindu.com/news/cities/chennai/eminent-educationist-ss-rajagopalan-passes-away-at-95/article70591960.ece already exists.
2026-02-05 10:12:37,168 - INFO - [The Hindu] Early skip: URL https://www.thehindu.com/news/national/tamil-nadu/centre-gives-a-pittance-to-tn-despite-state-ranking-2ndon-economic-front-cm/article70591442.ece already exists.
2026-02-05 10:12:37,169 - INFO - [The Hindu] Early skip: URL https://www.thehindu.com/news/national/tamil-nadu/dvac-assures-court-of-proper-probe-into-eds-plaint-against-nehrus-dept/article70592146.ece already exists.
2026-02-05 10:12:37,170 - INFO - [The Hindu] Early skip: URL https://www.thehindu.com/news/national/andre-beteille-obituary-a-sociologist-with-rigorous-scholarship-who-laid-emphasis-on-importance-of-fieldwork/article70592202.ece already exists.
2026-02-05 10:12:37,171 - INFO - [The Hindu] Early skip: URL https://www.thehindu.com/opinion/editorial/joining-hands-on-manipur-and-y-khemchand-singh-as-new-chief-minister/article70592755.ece already exists.
2026-02-05 10:12:37,173 - INFO - [The Hindu] Early skip: URL https://www.thehindu.com/news/national/andhra-pradesh/fake-currency-racket-busted-four-arrested-in-andhra/article70592400.ece already exists.
2026-02-05 10:12:37,174 - INFO - [The Hindu] Early skip: URL https://www.thehindu.com/news/national/tamil-nadu/selvaperunthagai-to-raise-mgnrega-issue-during-padayatra/article70592538.ece already exists.
2026-02-05 10:12:37,175 - INFO - [The Hindu] Early skip: URL https://www.thehindu.com/news/national/andhra-pradesh/andhra-dgp-launches-ai4ap-police-project/article70592479.ece already exists.
2026-02-05 10:12:37,176 - INFO - [The Hindu] Early skip: URL https://www.thehindu.com/news/national/andhra-pradesh/awareness-can-prevent-cancer-says-expert/article70592389.ece already exists.
2026-02-05 10:12:37,178 - INFO - [The Hindu] Early skip: URL https://www.thehindu.com/news/national/andhra-pradesh/intermediate-board-secretary-inspects-practical-examination-centre/article70592557.ece already exists.
2026-02-05 10:12:37,179 - INFO - [The Hindu] Early skip: URL https://www.thehindu.com/news/national/karnataka/security-guards-of-the-bangalore-club-accused-of-assaulting-man/article70591919.ece already exists.
2026-02-05 10:12:37,180 - INFO - [The Hindu] Early skip: URL https://www.thehindu.com/news/national/karnataka/karnataka-opposition-continues-protest-over-excise-department-scam/article70592193.ece already exists.
2026-02-05 10:12:37,181 - INFO - [The Hindu] Early skip: URL https://www.thehindu.com/news/cities/Coimbatore/confusion-prevails-in-dmk-congress-alliance-says-nainar-nagenthran/article70592279.ece already exists.
2026-02-05 10:12:37,183 - INFO - [The Hindu] Early skip: URL https://www.thehindu.com/news/national/kerala/world-cancer-day-observed/article70592609.ece already exists.
2026-02-05 10:12:37,184 - INFO - [The Hindu] Early skip: URL https://www.thehindu.com/news/national/kerala/seven-children-rescued-from-ernakulam-south-station-in-a-week/article70592720.ece already exists.
2026-02-05 10:12:37,185 - INFO - [The Hindu] Early skip: URL https://www.thehindu.com/news/national/tamil-nadu/kamal-haasan-maiden-speech-in-rajya-sabha-special-intensive-revision-a-disease-giving-rise-to-many-living-dead/article70592787.ece already exists.
2026-02-05 10:12:37,186 - INFO - [The Hindu] Early skip: URL https://www.thehindu.com/news/national/karnataka/father-son-habitual-offenders-from-bihar-arrested-in-bengaluru-in-coordinated-effort/article70592990.ece already exists.
2026-02-05 10:12:37,187 - INFO - [The Hindu] Early skip: URL https://www.thehindu.com/news/national/tamil-nadu/sivaganga-custodial-death-theft-case-against-ajith-kumar-closed-cbi-tells-madurai-bench-of-madras-high-court/article70592608.ece already exists.
2026-02-05 10:12:37,189 - INFO - [The Hindu] Early skip: URL https://www.thehindu.com/news/national/lok-sabha-dramatic-protests-pms-reply-to-the-motion-of-thanks/article70592828.ece already exists.
2026-02-05 10:12:37,190 - INFO - [The Hindu] Early skip: URL https://www.thehindu.com/news/national/karnataka/ficci-ladies-organisation-opens-a-50-acre-industrial-park-in-gauribidanur/article70593100.ece already exists.
2026-02-05 10:12:37,191 - INFO - [The Hindu] Early skip: URL https://www.thehindu.com/news/national/karnataka/karnataka-to-roll-out-automated-land-mutation-system-statewide/article70593065.ece already exists.
2026-02-05 10:12:37,192 - INFO - [The Hindu] Early skip: URL https://www.thehindu.com/news/national/tmc-and-bjp-spar-in-rajya-sabha/article70592397.ece already exists.
2026-02-05 10:12:37,194 - INFO - [The Hindu] Early skip: URL https://www.thehindu.com/news/national/tamil-nadu/a-mischievous-case-filed-against-minister-palanivel-thiaga-rajan-says-madras-high-court/article70592471.ece already exists.
2026-02-05 10:12:37,195 - INFO - [The Hindu] Early skip: URL https://www.thehindu.com/news/national/ladakh/home-ministry-ladakh-leaders-talks-remain-inconclusive/article70593023.ece already exists.
2026-02-05 10:12:37,196 - INFO - [The Hindu] Early skip: URL https://www.thehindu.com/sci-tech/energy-and-environment/climate-models-underestimate-how-much-hotter-indian-cities-are-compared-to-rural-areas/article70592143.ece already exists.
2026-02-05 10:12:37,197 - INFO - [The Hindu] Early skip: URL https://www.thehindu.com/news/national/kerala/malappuram-man-held-for-alleged-role-in-1-crore-cyber-fraud/article70592818.ece already exists.
2026-02-05 10:12:37,198 - INFO - [The Hindu] Early skip: URL https://www.thehindu.com/news/national/kerala/hc-quashes-pocso-case-against-youth-who-married-survivor/article70592723.ece already exists.
2026-02-05 10:12:37,200 - INFO - [The Hindu] Early skip: URL https://www.thehindu.com/news/national/piyush-goyal-lost-moral-authority-to-continue-as-minister-says-samyukt-kisan-morcha/article70592447.ece already exists.
2026-02-05 10:12:37,201 - INFO - [The Hindu] Early skip: URL https://www.thehindu.com/news/national/assets-worth-2783-crore-to-be-seized-for-fema-violations/article70592718.ece already exists.
2026-02-05 10:12:37,202 - INFO - [The Hindu] Early skip: URL https://www.thehindu.com/news/cities/bangalore/karnataka-hc-says-prima-facie-in-situ-rehabilitation-may-not-be-possible-in-kogilu-govt-land/article70592592.ece already exists.
2026-02-05 10:12:37,204 - INFO - [The Hindu] (Thread) Finished. Attempting to shut down its Selenium driver.
2026-02-05 10:12:37,365 - INFO - [The Hindu] (Thread) driver.quit() successful.
2026-02-05 10:12:37,365 - INFO - Shutting down thread pool (wait=False)...
2026-02-05 10:12:37,365 - INFO - Scraped: 9 The Hindu, 2 Times of India, 0 BBC, 5 The Guardian articles. (Total saved: 16)
2026-02-05 10:12:37,365 - INFO - --- Scraping job finished ---
2026-02-05 10:12:37,369 - INFO - --- Scraper service stopped and database connection closed. ---
2026-02-05 10:12:37,370 - INFO - --- Main thread finished. Forcing process exit to kill zombie threads. ---
