2025-12-23 05:29:50,133 - INFO - Loading AI Semantic Model (all-MiniLM-L6-v2)...
2025-12-23 05:29:50,133 - INFO - Use pytorch device_name: cpu
2025-12-23 05:29:50,133 - INFO - Load pretrained SentenceTransformer: all-MiniLM-L6-v2
2025-12-23 05:30:00,319 - INFO - AI Model loaded successfully.
2025-12-23 05:30:00,320 - INFO - --- Scraper service started (CI Mode: Run Once) ---
2025-12-23 05:30:00,320 - INFO - --- Starting new scraping job (Parallel Mode) ---
2025-12-23 05:30:00,320 - INFO - Creating new robust session with 3 retries on 5xx/connection/read errors.
2025-12-23 05:30:00,320 - INFO - Proxy is DISABLED.
2025-12-23 05:30:00,320 - INFO - Starting scrape for BBC RSS feed: http://feeds.bbci.co.uk/news/world/rss.xml
2025-12-23 05:30:00,322 - INFO - [Times of India] (Thread) requires Selenium. Initializing driver...
2025-12-23 05:30:00,322 - INFO - Starting scrape for The Guardian RSS feed: https://www.theguardian.com/world/rss
2025-12-23 05:30:00,323 - INFO - [The Hindu] (Thread) requires Selenium. Initializing driver...
2025-12-23 05:30:00,323 - INFO - Submitted 4 jobs to thread pool. Waiting up to 300s for completion...
2025-12-23 05:30:00,607 - INFO - Found 45 articles in The Guardian RSS feed. Processing up to 30.
2025-12-23 05:30:00,608 - INFO - [The Guardian] Early skip: URL https://www.theguardian.com/world/2025/dec/22/freed-nigerian-schoolchildren-set-to-be-reunited-with-families already exists.
2025-12-23 05:30:00,860 - INFO - [The Guardian] Early skip: URL https://www.theguardian.com/world/2025/dec/21/more-kidnapped-schoolchildren-freed-in-nigeria already exists.
2025-12-23 05:30:00,876 - INFO - Found 36 articles in BBC RSS feed. Processing up to 30.
2025-12-23 05:30:01,093 - INFO - [BBC] Early skip: URL https://www.bbc.com/news/articles/cdxe8yqlvgzo?at_medium=RSS&at_campaign=rss already exists.
2025-12-23 05:30:01,299 - INFO - [The Guardian] Early skip: URL https://www.theguardian.com/uk-news/2025/dec/21/manchester-museum-uncover-hidden-histories-africa-hub already exists.
2025-12-23 05:30:01,447 - INFO - [BBC] Early skip: URL https://www.bbc.com/news/articles/ckgmd132ge4o?at_medium=RSS&at_campaign=rss already exists.
2025-12-23 05:30:01,686 - INFO - [The Guardian] Early skip: URL https://www.theguardian.com/global-development/2025/dec/21/sweden-and-germany-slash-aid-budgets-to-focus-on-ukraine-and-defence-spending already exists.
2025-12-23 05:30:01,805 - INFO - [BBC] Early skip: URL https://www.bbc.com/news/articles/ce86le5dyxyo?at_medium=RSS&at_campaign=rss already exists.
2025-12-23 05:30:01,970 - INFO - [The Guardian] Early skip: URL https://www.theguardian.com/world/2025/dec/21/gunmen-johannesburg-township-in-south-africas-second-mass-shooting-within-weeks already exists.
2025-12-23 05:30:02,132 - INFO - [BBC] Early skip: URL https://www.bbc.com/news/articles/c99722j4lkgo?at_medium=RSS&at_campaign=rss already exists.
2025-12-23 05:30:02,344 - INFO - [The Guardian] Early skip: URL https://www.theguardian.com/world/2025/dec/23/russia-china-support-venezuela-trump-pressure-maduro already exists.
2025-12-23 05:30:02,598 - INFO - [BBC] Early skip: URL https://www.bbc.com/news/articles/cz7ndpq42y0o?at_medium=RSS&at_campaign=rss already exists.
2025-12-23 05:30:02,760 - INFO - [The Guardian] Early skip: URL https://www.theguardian.com/world/2025/dec/23/former-blackrock-executive-mark-wiseman-named-as-canadas-next-ambassador-to-us already exists.
2025-12-23 05:30:02,868 - INFO - [BBC] Early skip: URL https://www.bbc.com/news/articles/c2084n1pyvdo?at_medium=RSS&at_campaign=rss already exists.
2025-12-23 05:30:03,167 - INFO - [The Guardian] Early skip: URL https://www.theguardian.com/media/2025/dec/22/cbs-pulls-60-minutes-segment-el-salvador-prison already exists.
2025-12-23 05:30:03,321 - INFO - [BBC] Early skip: URL https://www.bbc.com/news/articles/c2084nq2npjo?at_medium=RSS&at_campaign=rss already exists.
2025-12-23 05:30:03,614 - INFO - [The Guardian] Early skip: URL https://www.theguardian.com/world/2025/dec/22/ecuador-guayaquil-four-military-sentenced already exists.
2025-12-23 05:30:03,842 - INFO - [BBC] Article: https://www.bbc.com/news/articles/c3e0kw80wwzo?at_medium=RSS&at_campaign=rss
2025-12-23 05:30:03,842 - INFO - [BBC] Attempt 1/1: Trying with 'requests_browser' strategy...
2025-12-23 05:30:03,843 - INFO - [The Guardian] Early skip: URL https://www.theguardian.com/media/2025/dec/22/cbs-news-delays-60-minutes-segment-featuring-investigation-into-cecot-megaprison already exists.
2025-12-23 05:30:03,944 - INFO - [The Guardian] Early skip: URL https://www.theguardian.com/world/2025/dec/23/christians-pastors-arrested-detained-china-crackdown-house-churches already exists.
2025-12-23 05:30:04,214 - INFO - [BBC] Success with 'requests_browser'. Found content (371 words).
2025-12-23 05:30:04,237 - INFO - [The Guardian] Early skip: URL https://www.theguardian.com/business/2025/dec/22/china-hits-eu-dairy-industry-with-tariffs already exists.
2025-12-23 05:30:07,958 - INFO - Selenium driver initialized successfully.
2025-12-23 05:30:07,960 - INFO - Selenium driver initialized successfully.
2025-12-23 05:30:07,960 - INFO - Starting scrape for The Hindu RSS feed: https://www.thehindu.com/news/national/feeder/default.rss
2025-12-23 05:30:07,960 - INFO - Starting scrape for Times of India RSS feed: https://timesofindia.indiatimes.com/rssfeeds/296589292.cms
2025-12-23 05:30:08,296 - INFO - Found 20 articles in Times of India RSS feed. Processing up to 30.
2025-12-23 05:30:09,022 - INFO - Found 100 articles in The Hindu RSS feed. Processing up to 30.
2025-12-23 05:30:34,485 - INFO - Saved article: Amazon blocks 1,800 job applications from suspected North Korean agents from BBC (371 words)
2025-12-23 05:30:34,485 - INFO - [The Guardian] Early skip: URL https://www.theguardian.com/world/2025/dec/22/jeju-air-crash-independent-inquiry-south-korea already exists.
2025-12-23 05:30:34,784 - INFO - [The Guardian] Early skip: URL https://www.theguardian.com/world/2025/dec/22/new-zealand-christchurch-spoof-absurdist-road-signs already exists.
2025-12-23 05:30:34,983 - INFO - [The Guardian] Early skip: URL https://www.theguardian.com/environment/2025/dec/21/takahe-chick-rare-born-new-zealand already exists.
2025-12-23 05:30:35,128 - INFO - [Times of India] Article: https://timesofindia.indiatimes.com/world/us-streamers/adam-the-woo-beloved-youtuber-known-for-theme-parks-and-road-trips-passes-away-at-age-51/articleshow/126133884.cms
2025-12-23 05:30:35,128 - INFO - [Times of India] Attempt 1/1: Trying with 'selenium_browser' strategy...
2025-12-23 05:30:35,129 - INFO - [The Hindu] Article: https://www.thehindu.com/news/national/karnataka/mb-patil-to-convince-karnataka-cm-of-need-for-government-medical-college-in-vijayapura-urges-sugarcane-farmers-to-use-drip-irrigation/article70426686.ece
2025-12-23 05:30:35,130 - INFO - [The Hindu] Attempt 1/1: Trying with 'selenium_browser' strategy...
2025-12-23 05:30:35,130 - INFO - [The Guardian] Early skip: URL https://www.theguardian.com/australia-news/live/2025/dec/23/bondi-terror-attacks-response-nsw-law-changes-gun-law-reform-protest-restrictions-chris-minns-anthony-albanese-labr-sussan-ley-coalition-ntwnfb already exists.
2025-12-23 05:30:35,376 - INFO - [The Guardian] Article: https://www.theguardian.com/australia-news/2025/dec/23/australian-neo-nazi-refused-bail-a-second-time-over-alleged-threatening-messages-targeting-allegra-spender-ntwnfb
2025-12-23 05:30:35,376 - INFO - [The Guardian] Attempt 1/1: Trying with 'requests_browser' strategy...
2025-12-23 05:30:35,861 - INFO - [BBC] Early skip: URL https://www.bbc.com/news/articles/cx25rled0ylo?at_medium=RSS&at_campaign=rss already exists.
2025-12-23 05:30:35,946 - INFO - [The Guardian] Success with 'requests_browser'. Found content (440 words).
2025-12-23 05:30:39,830 - INFO - [The Hindu] Page content loaded.
2025-12-23 05:30:40,764 - INFO - [The Hindu] Success with 'selenium_browser'. Found content (383 words).
2025-12-23 05:31:34,560 - INFO - Saved article: Australian neo-Nazi refused bail a second time over alleged threatening messages targeting Allegra Spender | Far right | The Guardian from The Guardian (440 words)
2025-12-23 05:31:34,560 - INFO - [BBC] Early skip: URL https://www.bbc.com/news/articles/cx2dmj7p8y2o?at_medium=RSS&at_campaign=rss already exists.
2025-12-23 05:32:09,525 - INFO - Saved article: M.B. Patil to convince Karnataka CM of need for government medical college in Vijayapura, drop idea of PPP model - The Hindu from The Hindu (383 words)
2025-12-23 05:32:09,526 - INFO - [BBC] Early skip: URL https://www.bbc.com/news/articles/c8jwn9wznx1o?at_medium=RSS&at_campaign=rss already exists.
2025-12-23 05:32:09,637 - INFO - [The Guardian] Article: https://www.theguardian.com/australia-news/2025/dec/23/sydney-council-seeks-to-shut-down-islamic-centre-linked-to-controversial-preacher-wisam-haddad-ntwnfb
2025-12-23 05:32:09,637 - INFO - [The Guardian] Attempt 1/1: Trying with 'requests_browser' strategy...
2025-12-23 05:32:09,638 - INFO - [BBC] Early skip: URL https://www.bbc.com/news/articles/cx237k4rr04o?at_medium=RSS&at_campaign=rss already exists.
2025-12-23 05:32:09,755 - INFO - [BBC] Early skip: URL https://www.bbc.com/news/articles/cz0n51p00jmo?at_medium=RSS&at_campaign=rss already exists.
2025-12-23 05:32:09,902 - INFO - [The Guardian] Success with 'requests_browser'. Found content (604 words).
2025-12-23 05:32:35,230 - ERROR - [Times of India] Request failed for strategy 'selenium_browser' on URL https://timesofindia.indiatimes.com/world/us-streamers/adam-the-woo-beloved-youtuber-known-for-theme-parks-and-road-trips-passes-away-at-age-51/articleshow/126133884.cms: HTTPConnectionPool(host='localhost', port=44113): Read timed out. (read timeout=120)
2025-12-23 05:32:35,230 - ERROR - [Times of India] All scrape strategies failed for https://timesofindia.indiatimes.com/world/us-streamers/adam-the-woo-beloved-youtuber-known-for-theme-parks-and-road-trips-passes-away-at-age-51/articleshow/126133884.cms. Falling back to RSS description.
2025-12-23 05:32:35,230 - WARNING - SKIPPED (GLOBAL WORD LIMIT): Article 'Adam the Woo, beloved YouTuber known for theme parks and road trips, passes away at age 51' from Times of India has only 63 words (Min: 90).
2025-12-23 05:32:44,497 - INFO - Saved article: Sydney council seeks to shut down Islamic centre linked to controversial preacher Wisam Haddad | Bondi beach terror attack | The Guardian from The Guardian (604 words)
2025-12-23 05:32:44,497 - INFO - [BBC] Early skip: URL https://www.bbc.com/news/articles/c5ydej888n9o?at_medium=RSS&at_campaign=rss already exists.
2025-12-23 05:32:44,620 - INFO - [The Hindu] Article: https://www.thehindu.com/news/national/karnataka/karnataka-cm-to-launch-development-works-in-vijayapura-in-january-2026/article70426028.ece
2025-12-23 05:32:44,620 - INFO - [The Hindu] Attempt 1/1: Trying with 'selenium_browser' strategy...
2025-12-23 05:32:44,621 - INFO - [Times of India] Article: https://timesofindia.indiatimes.com/world/middle-east/uae-dubai-launches-the-regions-first-integrated-rv-route/articleshow/126133710.cms
2025-12-23 05:32:44,621 - INFO - [Times of India] Attempt 1/1: Trying with 'selenium_browser' strategy...
2025-12-23 05:32:44,621 - INFO - [BBC] Early skip: URL https://www.bbc.com/news/articles/cd74ldr2zryo?at_medium=RSS&at_campaign=rss already exists.
2025-12-23 05:32:44,841 - INFO - [BBC] Early skip: URL https://www.bbc.com/news/articles/ce86l95gx5po?at_medium=RSS&at_campaign=rss already exists.
2025-12-23 05:32:45,014 - INFO - [BBC] Early skip: URL https://www.bbc.com/news/articles/c5y2veyg1pno?at_medium=RSS&at_campaign=rss already exists.
2025-12-23 05:32:45,302 - INFO - [BBC] Early skip: URL https://www.bbc.com/news/articles/cdd5j9jdvy9o?at_medium=RSS&at_campaign=rss already exists.
2025-12-23 05:32:45,600 - INFO - [BBC] Early skip: URL https://www.bbc.com/news/articles/cj9ydj7y0vvo?at_medium=RSS&at_campaign=rss already exists.
2025-12-23 05:32:45,825 - INFO - [The Guardian] Early skip: URL https://www.theguardian.com/australia-news/2025/dec/23/government-mp-expenses-travel-entitlements-families-wound-back-albanese already exists.
2025-12-23 05:32:45,989 - INFO - [BBC] Early skip: URL https://www.bbc.com/news/articles/cn5lnzlvqg2o?at_medium=RSS&at_campaign=rss already exists.
2025-12-23 05:32:46,173 - INFO - [The Hindu] Page content loaded.
2025-12-23 05:32:46,212 - INFO - [The Guardian] Early skip: URL https://www.theguardian.com/australia-news/2025/dec/23/activist-groups-to-challenge-nsw-protest-laws-on-right-to-free-speech-grounds-ntwnfb already exists.
2025-12-23 05:32:46,253 - INFO - [The Hindu] Success with 'selenium_browser'. Found content (264 words).
2025-12-23 05:32:46,507 - INFO - [The Guardian] Early skip: URL https://www.theguardian.com/politics/2025/dec/22/keir-starmer-told-closer-eu-trade-ties-strategic-necessity-for-uk-firms already exists.
2025-12-23 05:32:46,650 - INFO - [BBC] Early skip: URL https://www.bbc.com/news/articles/c3d03943zg8o?at_medium=RSS&at_campaign=rss already exists.
2025-12-23 05:33:21,272 - INFO - Saved article: Karnataka CM to launch development works in Vijayapura in January 2026 - The Hindu from The Hindu (264 words)
2025-12-23 05:33:21,272 - INFO - [The Guardian] Early skip: URL https://www.theguardian.com/world/2025/dec/22/russian-general-fanil-sarvarov-killed-car-bomb-moscow-investigators-say already exists.
2025-12-23 05:33:21,423 - INFO - [BBC] Early skip: URL https://www.bbc.com/news/articles/cqjg18xe0wwo?at_medium=RSS&at_campaign=rss already exists.
2025-12-23 05:33:21,648 - INFO - [BBC] Early skip: URL https://www.bbc.com/news/articles/cg5m49j14pyo?at_medium=RSS&at_campaign=rss already exists.
2025-12-23 05:33:21,828 - INFO - [The Guardian] Early skip: URL https://www.theguardian.com/politics/2025/dec/22/labour-calls-rejoin-eu-customs-union-harder-starmer-resist already exists.
2025-12-23 05:33:21,944 - INFO - [BBC] Early skip: URL https://www.bbc.com/news/articles/cy95w0x9889o?at_medium=RSS&at_campaign=rss already exists.
2025-12-23 05:33:22,062 - INFO - [The Guardian] Early skip: URL https://www.theguardian.com/world/2025/dec/22/frances-national-post-office-hit-by-suspected-cyberattack already exists.
2025-12-23 05:33:22,213 - INFO - [BBC] Early skip: URL https://www.bbc.com/news/articles/cx2gk56pd5eo?at_medium=RSS&at_campaign=rss already exists.
2025-12-23 05:33:22,382 - INFO - [The Guardian] Early skip: URL https://www.theguardian.com/world/2025/dec/22/portugals-far-right-chega-party-ordered-to-take-down-posters-targeting-roma-people already exists.
2025-12-23 05:33:22,484 - INFO - [The Guardian] Early skip: URL https://www.theguardian.com/uk-news/2025/dec/22/families-of-palestine-action-hunger-strikers-seek-urgent-meeting-with-lammy already exists.
2025-12-23 05:33:22,748 - INFO - [BBC] Early skip: URL https://www.bbc.com/news/articles/c1lr980vvjpo?at_medium=RSS&at_campaign=rss already exists.
2025-12-23 05:33:22,998 - INFO - [BBC] Early skip: URL https://www.bbc.com/news/articles/cp8zd176516o?at_medium=RSS&at_campaign=rss already exists.
2025-12-23 05:33:23,196 - INFO - [The Guardian] Early skip: URL https://www.theguardian.com/world/2025/dec/21/israel-approves-new-jewish-settlements-occupied-west-bank already exists.
2025-12-23 05:33:23,493 - INFO - [The Hindu] Article: https://www.thehindu.com/news/national/nia-dg-sadanand-date-repatriated-to-parent-cadre-maharashtra/article70428469.ece
2025-12-23 05:33:23,493 - INFO - [The Hindu] Attempt 1/1: Trying with 'selenium_browser' strategy...
2025-12-23 05:33:23,493 - INFO - [BBC] Early skip: URL https://www.bbc.com/news/articles/cjrjpdz33vxo?at_medium=RSS&at_campaign=rss already exists.
2025-12-23 05:33:23,791 - INFO - [The Guardian] Early skip: URL https://www.theguardian.com/world/2025/dec/20/israeli-troops-kill-palestinians-sheltering-in-gaza-school-hospital-chiefs already exists.
2025-12-23 05:33:24,025 - INFO - [BBC] Early skip: URL https://www.bbc.com/news/articles/c93nwrzgypqo?at_medium=RSS&at_campaign=rss already exists.
2025-12-23 05:33:24,304 - INFO - [The Guardian] Early skip: URL https://www.theguardian.com/world/2025/dec/19/gaza-famine-hunger-food-shortages-winter-flooding-un already exists.
2025-12-23 05:33:24,351 - INFO - [The Hindu] Page content loaded.
2025-12-23 05:33:24,390 - INFO - [The Hindu] Success with 'selenium_browser'. Found content (119 words).
2025-12-23 05:33:24,477 - INFO - [BBC] Early skip: URL https://www.bbc.com/news/articles/c8dy5m56477o?at_medium=RSS&at_campaign=rss already exists.
2025-12-23 05:33:58,444 - INFO - Saved article: NIA DG Sadanand Date repatriated to parent cadre Maharashtra - The Hindu from The Hindu (119 words)
2025-12-23 05:33:58,444 - INFO - [The Guardian] Early skip: URL https://www.theguardian.com/global-development/2025/dec/19/gaza-phd-student-manar-al-houbi-granted-access-to-uk-but-others-remain-stranded already exists.
2025-12-23 05:33:59,212 - INFO - [The Hindu] Article: https://www.thehindu.com/news/cities/Madurai/12-fishermen-from-rameswaram-held-by-sri-lankan-navy-for-poaching-trawler-impounded/article70428386.ece
2025-12-23 05:33:59,212 - INFO - [The Hindu] Attempt 1/1: Trying with 'selenium_browser' strategy...
2025-12-23 05:34:01,756 - INFO - [The Hindu] Page content loaded.
2025-12-23 05:34:01,799 - INFO - [The Hindu] Success with 'selenium_browser'. Found content (179 words).
2025-12-23 05:34:35,067 - INFO - Saved article: 12 fishermen from Rameswaram arrested by Sri Lankan Navy; trawler impounded - The Hindu from The Hindu (179 words)
2025-12-23 05:34:36,415 - INFO - [The Hindu] Article: https://www.thehindu.com/news/national/maharashtra/nomination-process-for-municipal-corporation-elections-begins-in-maharashtra/article70428468.ece
2025-12-23 05:34:36,415 - INFO - [The Hindu] Attempt 1/1: Trying with 'selenium_browser' strategy...
2025-12-23 05:34:37,266 - INFO - [The Hindu] Page content loaded.
2025-12-23 05:34:37,307 - INFO - [The Hindu] Success with 'selenium_browser'. Found content (249 words).
2025-12-23 05:34:44,660 - ERROR - [Times of India] Request failed for strategy 'selenium_browser' on URL https://timesofindia.indiatimes.com/world/middle-east/uae-dubai-launches-the-regions-first-integrated-rv-route/articleshow/126133710.cms: HTTPConnectionPool(host='localhost', port=44113): Read timed out. (read timeout=120)
2025-12-23 05:34:44,660 - ERROR - [Times of India] All scrape strategies failed for https://timesofindia.indiatimes.com/world/middle-east/uae-dubai-launches-the-regions-first-integrated-rv-route/articleshow/126133710.cms. Falling back to RSS description.
2025-12-23 05:34:44,660 - WARNING - SKIPPED (GLOBAL WORD LIMIT): Article 'UAE: Dubai launches the region’s first integrated RV route' from Times of India has only 60 words (Min: 90).
2025-12-23 05:35:00,324 - CRITICAL - --- TIMEOUT: 2 scrape jobs did not complete in 300s. ---
2025-12-23 05:35:00,324 - ERROR - A thread has timed out and will be abandoned.
2025-12-23 05:35:00,324 - ERROR - A thread has timed out and will be abandoned.
2025-12-23 05:35:00,324 - INFO - Shutting down thread pool (wait=False)...
2025-12-23 05:35:00,324 - INFO - Scraped: 2 The Guardian, 1 BBC, 2 Timed_Out_Jobs articles. (Total saved: 3)
2025-12-23 05:35:00,324 - INFO - --- Scraping job finished ---
2025-12-23 05:35:00,324 - INFO - --- Scraper service stopped and database connection closed. ---
2025-12-23 05:35:00,324 - INFO - --- Main thread finished. Forcing process exit to kill zombie threads. ---
