2026-01-14 20:49:09,369 - INFO - Loading AI Semantic Model (all-MiniLM-L6-v2)...
2026-01-14 20:49:09,370 - INFO - Use pytorch device_name: cpu
2026-01-14 20:49:09,370 - INFO - Load pretrained SentenceTransformer: all-MiniLM-L6-v2
2026-01-14 20:49:10,614 - INFO - AI Model loaded successfully.
2026-01-14 20:49:10,615 - INFO - --- Scraper service started (CI Mode: Run Once) ---
2026-01-14 20:49:10,615 - INFO - --- Starting new scraping job (Parallel Mode) ---
2026-01-14 20:49:10,615 - INFO - Creating new robust session with 3 retries on 5xx/connection/read errors.
2026-01-14 20:49:10,615 - INFO - Proxy is DISABLED.
2026-01-14 20:49:10,615 - INFO - Starting scrape for BBC RSS feed: http://feeds.bbci.co.uk/news/world/rss.xml
2026-01-14 20:49:10,616 - INFO - [Times of India] (Thread) requires Selenium. Initializing driver...
2026-01-14 20:49:10,617 - INFO - Starting scrape for The Guardian RSS feed: https://www.theguardian.com/world/rss
2026-01-14 20:49:10,618 - INFO - [The Hindu] (Thread) requires Selenium. Initializing driver...
2026-01-14 20:49:10,618 - INFO - Submitted 4 jobs to thread pool. Waiting up to 300s for completion...
2026-01-14 20:49:10,779 - INFO - Found 45 articles in The Guardian RSS feed. Processing up to 30.
2026-01-14 20:49:10,780 - INFO - [The Guardian] Early skip: URL https://www.theguardian.com/us-news/2026/jan/13/trump-administration-ends-tps-somalia already exists.
2026-01-14 20:49:10,897 - INFO - [The Guardian] Early skip: URL https://www.theguardian.com/business/2026/jan/13/developing-countries-poorer-world-bank-report already exists.
2026-01-14 20:49:11,006 - INFO - [The Guardian] Early skip: URL https://www.theguardian.com/books/2026/jan/12/chimamanda-ngozi-adichie-accuses-lagos-hospital-negligence-son-death already exists.
2026-01-14 20:49:11,160 - INFO - Found 27 articles in BBC RSS feed. Processing up to 30.
2026-01-14 20:49:11,182 - INFO - [BBC] Early skip: URL https://www.bbc.com/news/articles/c701xywwxw8o?at_medium=RSS&at_campaign=rss already exists.
2026-01-14 20:49:11,328 - INFO - [BBC] Early skip: URL https://www.bbc.com/news/articles/c0r4veg0rrzo?at_medium=RSS&at_campaign=rss already exists.
2026-01-14 20:49:11,441 - INFO - Selenium driver initialized successfully.
2026-01-14 20:49:11,441 - INFO - Starting scrape for Times of India RSS feed: https://timesofindia.indiatimes.com/rssfeeds/296589292.cms
2026-01-14 20:49:11,442 - INFO - Selenium driver initialized successfully.
2026-01-14 20:49:11,442 - INFO - Starting scrape for The Hindu RSS feed: https://www.thehindu.com/news/national/feeder/default.rss
2026-01-14 20:49:11,525 - INFO - Found 20 articles in Times of India RSS feed. Processing up to 30.
2026-01-14 20:49:11,534 - INFO - [The Guardian] Early skip: URL https://www.theguardian.com/global-development/2026/jan/09/the-gambia-female-genital-mutilation-fgm-supreme-court-case-overturn-ban already exists.
2026-01-14 20:49:11,706 - INFO - [Times of India] Article: https://timesofindia.indiatimes.com/world/us/not-blaming-anybody-renee-goods-republican-father-in-law-speaks-out-after-fatal-ice-shooting/articleshow/126533644.cms
2026-01-14 20:49:11,707 - INFO - [Times of India] Attempt 1/1: Trying with 'selenium_browser' strategy...
2026-01-14 20:49:11,707 - INFO - [BBC] Early skip: URL https://www.bbc.com/news/articles/ceqz7v1507ro?at_medium=RSS&at_campaign=rss already exists.
2026-01-14 20:49:11,854 - INFO - [The Guardian] Early skip: URL https://www.theguardian.com/world/2026/jan/08/questions-targeting-impact-us-airstrikes-in-nigeria already exists.
2026-01-14 20:49:11,973 - INFO - [BBC] Early skip: URL https://www.bbc.com/news/articles/cy7mnzgkp7go?at_medium=RSS&at_campaign=rss already exists.
2026-01-14 20:49:12,229 - INFO - [The Guardian] Early skip: URL https://www.theguardian.com/world/2026/jan/14/venezuelan-political-prisoners-released already exists.
2026-01-14 20:49:12,360 - INFO - [BBC] Early skip: URL https://www.bbc.com/news/articles/cjw1nxe5pvlo?at_medium=RSS&at_campaign=rss already exists.
2026-01-14 20:49:12,374 - INFO - Found 100 articles in The Hindu RSS feed. Processing up to 30.
2026-01-14 20:49:12,495 - INFO - [The Guardian] Early skip: URL https://www.theguardian.com/world/2026/jan/14/quebec-premier-francois-legault-resigns already exists.
2026-01-14 20:49:12,754 - INFO - [The Hindu] Early skip: URL https://www.thehindu.com/news/national/madhya-pradesh/indore-water-contamination-medical-panel-pegs-death-toll-at-15/article70509952.ece already exists.
2026-01-14 20:49:12,908 - INFO - [BBC] Early skip: URL https://www.bbc.com/news/articles/c5yvgz7geyvo?at_medium=RSS&at_campaign=rss already exists.
2026-01-14 20:49:13,060 - INFO - [The Guardian] Early skip: URL https://www.theguardian.com/environment/2026/jan/12/us-plan-to-exploit-venezuelas-oil-could-eat-up-13-of-carbon-budget-to-keep-15c-limit already exists.
2026-01-14 20:49:13,249 - INFO - [The Hindu] Early skip: URL https://www.thehindu.com/news/national/other-states/political-parties-make-pitch-for-2027-punjab-election-at-maghi-mela/article70510159.ece already exists.
2026-01-14 20:49:13,456 - INFO - [BBC] Early skip: URL https://www.bbc.com/news/articles/c62w8exgw1zo?at_medium=RSS&at_campaign=rss already exists.
2026-01-14 20:49:13,622 - INFO - [BBC] Early skip: URL https://www.bbc.com/news/articles/cgezqvwr54no?at_medium=RSS&at_campaign=rss already exists.
2026-01-14 20:49:13,736 - INFO - [The Hindu] Early skip: URL https://www.thehindu.com/news/national/west-bengal/suvendu-warns-west-bengal-cm-of-legal-action-over-coal-scam-remarks/article70510679.ece already exists.
2026-01-14 20:49:14,006 - INFO - [The Guardian] Early skip: URL https://www.theguardian.com/world/2026/jan/12/trump-latin-america-feud-colombia-gustavo-petro already exists.
2026-01-14 20:49:14,141 - INFO - [The Guardian] Early skip: URL https://www.theguardian.com/us-news/2026/jan/12/us-oil-producers-global-supply-glut-venezuela already exists.
2026-01-14 20:49:14,244 - INFO - [The Guardian] Early skip: URL https://www.theguardian.com/world/2026/jan/14/thailand-train-crane-accident-deaths already exists.
2026-01-14 20:49:14,519 - INFO - [BBC] Early skip: URL https://www.bbc.com/news/articles/cvgp19zx3vjo?at_medium=RSS&at_campaign=rss already exists.
2026-01-14 20:49:14,712 - INFO - [The Hindu] Early skip: URL https://www.thehindu.com/news/national/bihar/tej-pratap-urges-younger-brother-tejashwi-yadav-to-merge-rjd-into-his-party/article70510106.ece already exists.
2026-01-14 20:49:14,989 - INFO - [The Guardian] Early skip: URL https://www.theguardian.com/world/2026/jan/14/china-reports-record-trillion-dollar-trade-surplus-despite-trump-tariffs already exists.
2026-01-14 20:49:15,223 - INFO - [BBC] Early skip: URL https://www.bbc.com/sport/tennis/articles/ckgyl1ndw57o?at_medium=RSS&at_campaign=rss already exists.
2026-01-14 20:49:15,439 - INFO - [The Hindu] Early skip: URL https://www.thehindu.com/news/national/kerala/save-kurinji-crusader-g-rajkumar-passes-away-at-70/article70509585.ece already exists.
2026-01-14 20:49:15,630 - INFO - [The Guardian] Early skip: URL https://www.theguardian.com/world/2026/jan/13/south-korean-prosecutors-demand-death-penalty-for-former-president-yoon-suk-yeol already exists.
2026-01-14 20:49:15,794 - INFO - [BBC] Early skip: URL https://www.bbc.com/news/articles/c62vd7542rno?at_medium=RSS&at_campaign=rss already exists.
2026-01-14 20:49:16,020 - INFO - [The Hindu] Article: https://www.thehindu.com/news/national/kerala/kerala-kalolsavam-2026-from-melody-to-motion-students-dazzle-on-festival-stage/article70510969.ece
2026-01-14 20:49:16,020 - INFO - [The Hindu] Attempt 1/1: Trying with 'selenium_browser' strategy...
2026-01-14 20:49:16,021 - INFO - [The Guardian] Early skip: URL https://www.theguardian.com/music/2026/jan/14/bts-announces-return-with-new-world-tourm-includin-in-2026-and-2027 already exists.
2026-01-14 20:49:16,249 - INFO - [BBC] Early skip: URL https://www.bbc.com/news/articles/c5y47pyp906o?at_medium=RSS&at_campaign=rss already exists.
2026-01-14 20:49:16,414 - INFO - [BBC] Early skip: URL https://www.bbc.com/news/articles/cx2wle7028ko?at_medium=RSS&at_campaign=rss already exists.
2026-01-14 20:49:16,637 - INFO - [BBC] Early skip: URL https://www.bbc.com/news/articles/c0lx49z8ly6o?at_medium=RSS&at_campaign=rss already exists.
2026-01-14 20:49:16,789 - INFO - [BBC] Early skip: URL https://www.bbc.com/news/articles/cly3xpyvxzyo?at_medium=RSS&at_campaign=rss already exists.
2026-01-14 20:49:16,895 - INFO - [The Guardian] Early skip: URL https://www.theguardian.com/world/2026/jan/13/workers-at-chinese-factory-that-produces-labubu-toys-are-being-exploited-says-ngo already exists.
2026-01-14 20:49:17,105 - INFO - [The Guardian] Early skip: URL https://www.theguardian.com/australia-news/live/2026/jan/15/victoria-bushfires-school-data-hack-adelaide-writers-week-peter-malinauskas-labor-hate-speech-laws-political-reaction-anthony-albanese-sussan-ley-coalition-ntwnfb already exists.
2026-01-14 20:49:17,253 - INFO - [The Guardian] Early skip: URL https://www.theguardian.com/australia-news/2026/jan/15/nsw-logging-halted-greater-glider-den-trees-found already exists.
2026-01-14 20:49:17,398 - INFO - [The Guardian] Early skip: URL https://www.theguardian.com/australia-news/2026/jan/15/australian-chapter-of-islamist-group-hizb-ut-tahrir-has-no-plans-to-disband-before-labors-hate-speech-laws already exists.
2026-01-14 20:49:17,531 - INFO - [BBC] Early skip: URL https://www.bbc.com/news/articles/c8x9v241z2qo?at_medium=RSS&at_campaign=rss already exists.
2026-01-14 20:49:17,720 - INFO - [BBC] Early skip: URL https://www.bbc.com/news/articles/c07xdv0mggzo?at_medium=RSS&at_campaign=rss already exists.
2026-01-14 20:49:17,965 - INFO - [BBC] Early skip: URL https://www.bbc.com/news/articles/cgm4w1g3dggo?at_medium=RSS&at_campaign=rss already exists.
2026-01-14 20:49:18,117 - INFO - [The Guardian] Early skip: URL https://www.theguardian.com/australia-news/2026/jan/14/randa-abdel-fattah-defamation-concerns-notice-peter-malinauskas-sa-premier already exists.
2026-01-14 20:49:18,225 - INFO - [The Guardian] Early skip: URL https://www.theguardian.com/australia-news/2026/jan/14/senior-liberals-urge-colleagues-to-vote-against-labors-hate-speech-and-gun-laws-in-wake-of-bondi-terror-attack-ntwnfb already exists.
2026-01-14 20:49:18,347 - INFO - [BBC] Early skip: URL https://www.bbc.com/news/articles/cedwgn4pqv4o?at_medium=RSS&at_campaign=rss already exists.
2026-01-14 20:49:18,634 - INFO - [BBC] Early skip: URL https://www.bbc.com/news/articles/c98pj370mjjo?at_medium=RSS&at_campaign=rss already exists.
2026-01-14 20:49:18,856 - INFO - [BBC] Early skip: URL https://www.bbc.com/news/articles/cj0nm44g361o?at_medium=RSS&at_campaign=rss already exists.
2026-01-14 20:49:19,094 - INFO - [BBC] Early skip: URL https://www.bbc.com/news/videos/cd7z8p0nq8jo?at_medium=RSS&at_campaign=rss already exists.
2026-01-14 20:49:19,343 - INFO - [The Guardian] Early skip: URL https://www.theguardian.com/world/live/2026/jan/14/denmark-greenland-us-latest-news-updates-europe-live-trump already exists.
2026-01-14 20:49:19,601 - INFO - [BBC] Article: https://www.bbc.com/news/videos/c4g0d892p7go?at_medium=RSS&at_campaign=rss
2026-01-14 20:49:19,601 - INFO - [BBC] Attempt 1/1: Trying with 'requests_browser' strategy...
2026-01-14 20:49:19,611 - INFO - [The Guardian] Early skip: URL https://www.theguardian.com/world/2026/jan/14/greenland-us-trump-talks-denmark already exists.
2026-01-14 20:49:19,747 - INFO - [The Guardian] Early skip: URL https://www.theguardian.com/technology/2026/jan/14/california-attorney-general-investigates-grok-ai-elon-musk already exists.
2026-01-14 20:49:19,899 - INFO - [The Guardian] Early skip: URL https://www.theguardian.com/uk-news/2026/jan/14/france-announces-ban-on-10-british-anti-migrant-activists-raise-the-colours already exists.
2026-01-14 20:49:20,062 - WARNING - [BBC] FAILED with 'requests_browser' (content was too short: 68 words).
2026-01-14 20:49:20,062 - ERROR - [BBC] All scrape strategies failed for https://www.bbc.com/news/videos/c4g0d892p7go?at_medium=RSS&at_campaign=rss. Falling back to RSS description.
2026-01-14 20:49:20,063 - WARNING - SKIPPED (GLOBAL WORD LIMIT): Article 'Trump vows 'very strong action' if Iran executes protesters' from BBC has only 22 words (Min: 90).
2026-01-14 20:49:20,122 - INFO - [The Guardian] Early skip: URL https://www.theguardian.com/world/2026/jan/14/cyprus-investigates-death-russian-diplomat-alexei-panov-alleged-gru-spy already exists.
2026-01-14 20:49:20,197 - INFO - [The Hindu] Page content loaded.
2026-01-14 20:49:20,277 - INFO - [The Guardian] Early skip: URL https://www.theguardian.com/world/live/2026/jan/14/iran-protests-live-updates-trump-us-action-death-toll-protester-executions-erfan-soltani already exists.
2026-01-14 20:49:20,383 - INFO - [The Hindu] Success with 'selenium_browser'. Found content (364 words).
2026-01-14 20:49:20,568 - INFO - [The Guardian] Early skip: URL https://www.theguardian.com/world/2026/jan/14/us-witkoff-announces-start-of-gaza-ceasefire-second-phase already exists.
2026-01-14 20:49:20,856 - INFO - [The Guardian] Early skip: URL https://www.theguardian.com/world/2026/jan/14/iran-protester-erfan-soltani-death-sentence-relative already exists.
2026-01-14 20:49:31,802 - ERROR - [Times of India] Request failed for strategy 'selenium_browser' on URL https://timesofindia.indiatimes.com/world/us/not-blaming-anybody-renee-goods-republican-father-in-law-speaks-out-after-fatal-ice-shooting/articleshow/126533644.cms: Message: timeout: Timed out receiving message from renderer: 19.641
  (Session info: chrome=143.0.7499.169)
Stacktrace:
#0 0x564be144040a <unknown>
#1 0x564be0e7476b <unknown>
#2 0x564be0e5c80a <unknown>
#3 0x564be0e5c4ed <unknown>
#4 0x564be0e5a3a7 <unknown>
#5 0x564be0e5acbf <unknown>
#6 0x564be0e69480 <unknown>
#7 0x564be0e82b47 <unknown>
#8 0x564be0e891fb <unknown>
#9 0x564be0e5b3e8 <unknown>
#10 0x564be0e828f8 <unknown>
#11 0x564be0f11ad8 <unknown>
#12 0x564be0eb87b2 <unknown>
#13 0x564be0eb9461 <unknown>
#14 0x564be1408df9 <unknown>
#15 0x564be140bd5d <unknown>
#16 0x564be13f1b41 <unknown>
#17 0x564be140c93b <unknown>
#18 0x564be13d8870 <unknown>
#19 0x564be142d828 <unknown>
#20 0x564be142d9fc <unknown>
#21 0x564be143f763 <unknown>
#22 0x7f52dbe9caa4 <unknown>
#23 0x7f52dbf29c6c <unknown>

2026-01-14 20:49:31,802 - ERROR - [Times of India] All scrape strategies failed for https://timesofindia.indiatimes.com/world/us/not-blaming-anybody-renee-goods-republican-father-in-law-speaks-out-after-fatal-ice-shooting/articleshow/126533644.cms. Falling back to RSS description.
2026-01-14 20:49:31,802 - WARNING - SKIPPED (GLOBAL WORD LIMIT): Article ''Not blaming anybody': Renee Good's Republican father-in-law speaks out after fatal ICE shooting' from Times of India has only 58 words (Min: 90).
2026-01-14 20:50:09,601 - INFO - Saved article: Kerala Kalolsavam 2026 / From melody to motion, students dazzle on festival stage - The Hindu from The Hindu (364 words)
2026-01-14 20:50:09,602 - INFO - [BBC] Early skip: URL https://www.bbc.com/news/videos/cr57v8y9r77o?at_medium=RSS&at_campaign=rss already exists.
2026-01-14 20:50:09,770 - INFO - [The Guardian] Early skip: URL https://www.theguardian.com/world/2026/jan/14/iran-protests-erfan-soltani-donald-trump-warning-executions-hangings already exists.
2026-01-14 20:50:10,059 - INFO - [Times of India] Article: https://timesofindia.indiatimes.com/world/us/maga-fumes-at-trump-administration-for-not-including-india-in-freezing-visa-processing-for-75-countries-notice-whos-not-on-the-list/articleshow/126533934.cms
2026-01-14 20:50:10,059 - INFO - [Times of India] Attempt 1/1: Trying with 'selenium_browser' strategy...
2026-01-14 20:50:10,060 - INFO - [BBC] Article: https://www.bbc.com/news/videos/c87r3122v02o?at_medium=RSS&at_campaign=rss
2026-01-14 20:50:10,060 - INFO - [BBC] Attempt 1/1: Trying with 'requests_browser' strategy...
2026-01-14 20:50:10,061 - INFO - [The Guardian] Early skip: URL https://www.theguardian.com/world/2026/jan/14/western-diplomats-wary-of-predicting-end-days-for-irans-regime already exists.
2026-01-14 20:50:10,122 - WARNING - [BBC] FAILED with 'requests_browser' (content was too short: 77 words).
2026-01-14 20:50:10,122 - ERROR - [BBC] All scrape strategies failed for https://www.bbc.com/news/videos/c87r3122v02o?at_medium=RSS&at_campaign=rss. Falling back to RSS description.
2026-01-14 20:50:10,122 - WARNING - SKIPPED (GLOBAL WORD LIMIT): Article ''Now there's the threat of executions' in Iran' from BBC has only 20 words (Min: 90).
2026-01-14 20:50:10,323 - INFO - [The Hindu] Article: https://www.thehindu.com/news/national/kashi-tamil-sangamam-celebrates-living-unity-of-indias-many-traditions-pm-modi/article70510329.ece
2026-01-14 20:50:10,324 - INFO - [The Hindu] Attempt 1/1: Trying with 'selenium_browser' strategy...
2026-01-14 20:50:11,155 - INFO - [BBC] Article: https://www.bbc.com/news/videos/c2e134xz2rjo?at_medium=RSS&at_campaign=rss
2026-01-14 20:50:11,155 - INFO - [BBC] Attempt 1/1: Trying with 'requests_browser' strategy...
2026-01-14 20:50:11,330 - WARNING - [BBC] FAILED with 'requests_browser' (content was too short: 79 words).
2026-01-14 20:50:11,330 - ERROR - [BBC] All scrape strategies failed for https://www.bbc.com/news/videos/c2e134xz2rjo?at_medium=RSS&at_campaign=rss. Falling back to RSS description.
2026-01-14 20:50:11,331 - WARNING - SKIPPED (GLOBAL WORD LIMIT): Article 'Mortuary videos show how deadly Iran crackdown has become' from BBC has only 26 words (Min: 90).
2026-01-14 20:50:12,290 - INFO - [BBC] Early skip: URL https://www.bbc.com/news/videos/czx3yn0467ro?at_medium=RSS&at_campaign=rss already exists.
2026-01-14 20:50:30,076 - ERROR - [Times of India] Request failed for strategy 'selenium_browser' on URL https://timesofindia.indiatimes.com/world/us/maga-fumes-at-trump-administration-for-not-including-india-in-freezing-visa-processing-for-75-countries-notice-whos-not-on-the-list/articleshow/126533934.cms: Message: timeout: Timed out receiving message from renderer: 19.913
  (Session info: chrome=143.0.7499.169)
Stacktrace:
#0 0x564be144040a <unknown>
#1 0x564be0e7476b <unknown>
#2 0x564be0e5c80a <unknown>
#3 0x564be0e5c4ed <unknown>
#4 0x564be0e5a3a7 <unknown>
#5 0x564be0e5acbf <unknown>
#6 0x564be0e69480 <unknown>
#7 0x564be0e82b47 <unknown>
#8 0x564be0e891fb <unknown>
#9 0x564be0e5b3e8 <unknown>
#10 0x564be0e828f8 <unknown>
#11 0x564be0f11ad8 <unknown>
#12 0x564be0eb87b2 <unknown>
#13 0x564be0eb9461 <unknown>
#14 0x564be1408df9 <unknown>
#15 0x564be140bd5d <unknown>
#16 0x564be13f1b41 <unknown>
#17 0x564be140c93b <unknown>
#18 0x564be13d8870 <unknown>
#19 0x564be142d828 <unknown>
#20 0x564be142d9fc <unknown>
#21 0x564be143f763 <unknown>
#22 0x7f52dbe9caa4 <unknown>
#23 0x7f52dbf29c6c <unknown>

2026-01-14 20:50:30,077 - ERROR - [Times of India] All scrape strategies failed for https://timesofindia.indiatimes.com/world/us/maga-fumes-at-trump-administration-for-not-including-india-in-freezing-visa-processing-for-75-countries-notice-whos-not-on-the-list/articleshow/126533934.cms. Falling back to RSS description.
2026-01-14 20:50:30,077 - WARNING - SKIPPED (GLOBAL WORD LIMIT): Article 'MAGA fumes at Trump for not including India in freezing visa processing for 75 countries' from Times of India has only 3 words (Min: 90).
2026-01-14 20:50:30,341 - ERROR - [The Hindu] Request failed for strategy 'selenium_browser' on URL https://www.thehindu.com/news/national/kashi-tamil-sangamam-celebrates-living-unity-of-indias-many-traditions-pm-modi/article70510329.ece: Message: timeout: Timed out receiving message from renderer: 19.196
  (Session info: chrome=143.0.7499.169)
Stacktrace:
#0 0x561eb8ef240a <unknown>
#1 0x561eb892676b <unknown>
#2 0x561eb890e80a <unknown>
#3 0x561eb890e4ed <unknown>
#4 0x561eb890c3a7 <unknown>
#5 0x561eb890ccbf <unknown>
#6 0x561eb891b480 <unknown>
#7 0x561eb8934b47 <unknown>
#8 0x561eb893b1fb <unknown>
#9 0x561eb890d3e8 <unknown>
#10 0x561eb89348f8 <unknown>
#11 0x561eb89c3ad8 <unknown>
#12 0x561eb896a7b2 <unknown>
#13 0x561eb896b461 <unknown>
#14 0x561eb8ebadf9 <unknown>
#15 0x561eb8ebdd5d <unknown>
#16 0x561eb8ea3b41 <unknown>
#17 0x561eb8ebe93b <unknown>
#18 0x561eb8e8a870 <unknown>
#19 0x561eb8edf828 <unknown>
#20 0x561eb8edf9fc <unknown>
#21 0x561eb8ef1763 <unknown>
#22 0x7f806769caa4 <unknown>
#23 0x7f8067729c6c <unknown>

2026-01-14 20:50:30,341 - ERROR - [The Hindu] All scrape strategies failed for https://www.thehindu.com/news/national/kashi-tamil-sangamam-celebrates-living-unity-of-indias-many-traditions-pm-modi/article70510329.ece. Falling back to RSS description.
2026-01-14 20:50:30,341 - WARNING - SKIPPED (GLOBAL WORD LIMIT): Article 'Kashi-Tamil Sangamam celebrates living unity of India’s many traditions: PM Modi' from The Hindu has only 3 words (Min: 90).
2026-01-14 20:50:30,805 - INFO - [Times of India] Article: https://timesofindia.indiatimes.com/etimes/trending/us-navy-sailor-betrays-america-jinchao-wei-sentenced-for-spying-for-china-inside-the-secret-mission/articleshow/126534032.cms
2026-01-14 20:50:30,805 - INFO - [Times of India] Attempt 1/1: Trying with 'selenium_browser' strategy...
2026-01-14 20:50:30,868 - INFO - [The Hindu] Article: https://www.thehindu.com/news/national/kerala/union-minister-welcomes-insv-kaundinya-crew-at-muscat-port/article70510049.ece
2026-01-14 20:50:30,868 - INFO - [The Hindu] Attempt 1/1: Trying with 'selenium_browser' strategy...
2026-01-14 20:50:32,244 - INFO - [The Hindu] Page content loaded.
2026-01-14 20:50:32,378 - INFO - [Times of India] Page content loaded.
2026-01-14 20:50:32,642 - INFO - [The Hindu] Success with 'selenium_browser'. Found content (183 words).
2026-01-14 20:50:32,645 - INFO - [Times of India] Success with 'selenium_browser'. Found content (459 words).
2026-01-14 20:51:23,873 - INFO - Saved article: Union Minister welcomes INSV Kaundinya crew at Muscat port - The Hindu from The Hindu (183 words)
2026-01-14 20:52:11,769 - INFO - Saved article: US Navy sailor betrays America: Jinchao Wei sentenced for spying for China – inside the secret mission - The Times of India from Times of India (459 words)
2026-01-14 20:52:11,769 - INFO - [The Hindu] Article: https://www.thehindu.com/news/national/tamil-nadu/nlcil-signs-mou-with-gujarat-for-development-of-large-scale-renewable-energy-projects/article70508717.ece
2026-01-14 20:52:11,769 - INFO - [The Hindu] Attempt 1/1: Trying with 'selenium_browser' strategy...
2026-01-14 20:52:12,300 - INFO - [Times of India] Article: https://timesofindia.indiatimes.com/world/us/watch-ice-agents-smash-window-drag-disabled-woman-from-car-in-minneapolis-protest-clash/articleshow/126533983.cms
2026-01-14 20:52:12,300 - INFO - [Times of India] Attempt 1/1: Trying with 'selenium_browser' strategy...
2026-01-14 20:52:13,382 - INFO - [The Hindu] Page content loaded.
2026-01-14 20:52:13,437 - INFO - [The Hindu] Success with 'selenium_browser'. Found content (254 words).
2026-01-14 20:52:18,172 - INFO - [Times of India] Page content loaded.
2026-01-14 20:52:18,587 - INFO - [Times of India] Success with 'selenium_browser'. Found content (434 words).
2026-01-14 20:53:06,439 - INFO - Saved article: NLCIL signs MoU with Gujarat for development of large-scale renewable energy projects - The Hindu from The Hindu (254 words)
2026-01-14 20:53:53,682 - INFO - DEDUPLICATION: Found match (Score: 0.75). Linking to Cluster ID: 45d20321-796d-4ffd-b612-092dc6be2551
2026-01-14 20:53:53,684 - INFO - Saved article: Watch: ICE agents smash window, drag 'disabled' woman from car in Minneapolis protest clash - The Times of India from Times of India (434 words)
2026-01-14 20:53:53,685 - INFO - [The Hindu] Article: https://www.thehindu.com/opinion/op-ed/bmc-polls-the-politics-of-fear-in-a-melting-pot/article70510255.ece
2026-01-14 20:53:53,685 - INFO - [The Hindu] Attempt 1/1: Trying with 'selenium_browser' strategy...
2026-01-14 20:53:54,358 - INFO - [Times of India] Article: https://timesofindia.indiatimes.com/world/us/number-one-country-to-ban-visas-from-nikki-haley-calls-for-china-first-restrictions-after-us-freezes-visas-for-75-countries/articleshow/126534014.cms
2026-01-14 20:53:54,358 - INFO - [Times of India] Attempt 1/1: Trying with 'selenium_browser' strategy...
2026-01-14 20:53:55,344 - INFO - [The Hindu] Page content loaded.
2026-01-14 20:53:55,438 - INFO - [The Hindu] Success with 'selenium_browser'. Found content (722 words).
2026-01-14 20:53:59,736 - INFO - [Times of India] Page content loaded.
2026-01-14 20:53:59,956 - INFO - [Times of India] Success with 'selenium_browser'. Found content (269 words).
2026-01-14 20:54:10,619 - CRITICAL - --- TIMEOUT: 2 scrape jobs did not complete in 300s. ---
2026-01-14 20:54:10,619 - ERROR - A thread has timed out and will be abandoned.
2026-01-14 20:54:10,619 - ERROR - A thread has timed out and will be abandoned.
2026-01-14 20:54:10,619 - INFO - Shutting down thread pool (wait=False)...
2026-01-14 20:54:10,620 - INFO - Scraped: 0 The Guardian, 0 BBC, 2 Timed_Out_Jobs articles. (Total saved: 0)
2026-01-14 20:54:10,620 - INFO - --- Scraping job finished ---
2026-01-14 20:54:10,620 - INFO - --- Scraper service stopped and database connection closed. ---
2026-01-14 20:54:10,620 - INFO - --- Main thread finished. Forcing process exit to kill zombie threads. ---
