2026-03-05 15:30:04,380 - INFO - Loading AI Semantic Model (all-MiniLM-L4-v2)...
2026-03-05 15:30:04,380 - INFO - Use pytorch device_name: cpu
2026-03-05 15:30:04,380 - INFO - Load pretrained SentenceTransformer: all-MiniLM-L4-v2
2026-03-05 15:30:04,521 - INFO - HTTP Request: HEAD https://huggingface.co/sentence-transformers/all-MiniLM-L4-v2/resolve/main/modules.json "HTTP/1.1 401 Unauthorized"
2026-03-05 15:30:04,522 - WARNING - No sentence-transformers model found with name sentence-transformers/all-MiniLM-L4-v2. Creating a new one with mean pooling.
2026-03-05 15:30:04,607 - INFO - HTTP Request: HEAD https://huggingface.co/sentence-transformers/all-MiniLM-L4-v2/resolve/main/adapter_config.json "HTTP/1.1 401 Unauthorized"
2026-03-05 15:30:04,607 - CRITICAL - Failed to load AI model: sentence-transformers/all-MiniLM-L4-v2 is not a local folder and is not a valid model identifier listed on 'https://huggingface.co/models'
If this is a private repository, make sure to pass a token having permission to this repo either by logging in with `hf auth login` or by passing `token=<your_token>`. Clustering is disabled.
2026-03-05 15:30:04,608 - INFO - --- Scraper service started (CI Mode: Run Once) ---
2026-03-05 15:30:04,608 - INFO - --- Starting new scraping job (Parallel Mode) ---
2026-03-05 15:30:04,608 - INFO - Creating new robust session with 3 retries on 5xx/connection/read errors.
2026-03-05 15:30:04,608 - INFO - Proxy is DISABLED.
2026-03-05 15:30:04,608 - INFO - Starting scrape for BBC RSS feed: http://feeds.bbci.co.uk/news/world/rss.xml
2026-03-05 15:30:04,609 - INFO - [Times of India] (Thread) requires Selenium. Initializing driver...
2026-03-05 15:30:04,609 - INFO - Starting scrape for TechCrunch RSS feed: https://techcrunch.com/feed/
2026-03-05 15:30:04,610 - INFO - Starting scrape for The Guardian RSS feed: https://www.theguardian.com/world/rss
2026-03-05 15:30:04,612 - INFO - [The Hindu] (Thread) requires Selenium. Initializing driver...
2026-03-05 15:30:04,615 - INFO - Submitted 5 jobs to thread pool. Waiting up to 300s for completion...
2026-03-05 15:30:04,789 - INFO - Found 45 articles in The Guardian RSS feed. Processing until 20 new articles are saved.
2026-03-05 15:30:04,789 - INFO - [The Guardian] Early skip: URL https://www.theguardian.com/sport/2026/mar/05/lewis-hamilton-race-africa-grand-prix-retiring-formula-one-colonial already exists.
2026-03-05 15:30:04,791 - INFO - [The Guardian] Early skip: URL https://www.theguardian.com/world/2026/mar/03/south-sudan-risks-return-civil-war-violence-escalates already exists.
2026-03-05 15:30:04,793 - INFO - [The Guardian] Early skip: URL https://www.theguardian.com/world/2026/mar/03/global-south-condemns-us-israeli-war-with-iran already exists.
2026-03-05 15:30:04,795 - INFO - [The Guardian] Early skip: URL https://www.theguardian.com/world/2026/feb/27/ghana-men-killed-fight-russia-ukraine already exists.
2026-03-05 15:30:04,797 - INFO - [The Guardian] Early skip: URL https://www.theguardian.com/global-development/2026/feb/27/rising-anger-over-lop-sided-immoral-us-health-funding-pacts-africa-countries already exists.
2026-03-05 15:30:04,798 - INFO - [The Guardian] Early skip: URL https://www.theguardian.com/environment/2026/mar/05/brazil-hiking-trails-conservation already exists.
2026-03-05 15:30:04,799 - INFO - [The Guardian] Early skip: URL https://www.theguardian.com/world/2026/mar/04/blackout-cuba-us-oil already exists.
2026-03-05 15:30:04,801 - INFO - [The Guardian] Early skip: URL https://www.theguardian.com/world/2026/mar/04/cuba-charges-six-exiles-terrorism-speedboat-attack already exists.
2026-03-05 15:30:04,802 - INFO - [The Guardian] Early skip: URL https://www.theguardian.com/us-news/2026/mar/04/us-military-action-operation-ecuador already exists.
2026-03-05 15:30:04,803 - INFO - [The Guardian] Early skip: URL https://www.theguardian.com/world/2026/feb/28/miami-exiled-cubans-speedboat-shootout already exists.
2026-03-05 15:30:04,805 - INFO - [The Guardian] Early skip: URL https://www.theguardian.com/business/2026/mar/05/oil-price-continues-to-rise-amid-middle-east-crisis-but-stock-markets-rebound-across-asia already exists.
2026-03-05 15:30:04,806 - INFO - [The Guardian] Early skip: URL https://www.theguardian.com/world/2026/mar/05/punch-the-monkey-outgrowing-ikea-plushie-djungelskog already exists.
2026-03-05 15:30:04,807 - INFO - [The Guardian] Early skip: URL https://www.theguardian.com/world/2026/mar/05/china-gdp-growth-target-economic-slowdown already exists.
2026-03-05 15:30:04,808 - INFO - [The Guardian] Early skip: URL https://www.theguardian.com/world/2026/mar/05/yao-ming-former-basketballer-china-two-sessions-meetings already exists.
2026-03-05 15:30:04,810 - INFO - [The Guardian] Early skip: URL https://www.theguardian.com/world/2026/mar/05/papua-new-guinea-cash-guns-amnesty already exists.
2026-03-05 15:30:04,811 - INFO - [The Guardian] Early skip: URL https://www.theguardian.com/australia-news/2026/mar/05/australia-aged-care-assessment-tool-designer-scared-use already exists.
2026-03-05 15:30:04,812 - INFO - [The Guardian] Early skip: URL https://www.theguardian.com/australia-news/2026/mar/05/iran-warship-australian-crew-onboard-us-submarine-foreign-minister-refuses-to-say already exists.
2026-03-05 15:30:04,813 - INFO - [The Guardian] Early skip: URL https://www.theguardian.com/australia-news/live/2026/mar/05/australia-politics-live-anthony-albanese-angus-taylor-parliament-question-time-labor-coalition-one-nation-middle-east-mark-carney-canada-iran-ntwnfb already exists.
2026-03-05 15:30:04,815 - INFO - [The Guardian] Early skip: URL https://www.theguardian.com/australia-news/2026/mar/05/queensland-police-kelly-wilkinson-turned-away-murder-inquest-ntwnfb already exists.
2026-03-05 15:30:04,816 - INFO - [The Guardian] Early skip: URL https://www.theguardian.com/australia-news/2026/mar/05/best-australian-politicians-song-stunts already exists.
2026-03-05 15:30:04,817 - INFO - [The Guardian] Early skip: URL https://www.theguardian.com/world/live/2026/mar/05/spain-us-israel-war-iran-white-house-trade-evacuations-latest-news already exists.
2026-03-05 15:30:04,819 - INFO - [The Guardian] Early skip: URL https://www.theguardian.com/world/2026/mar/05/azerbaijan-accuses-iran-drone-attack-airport-injured-people already exists.
2026-03-05 15:30:04,820 - INFO - [The Guardian] Early skip: URL https://www.theguardian.com/film/2026/mar/05/paramount-warner-bros-merger-hurdles already exists.
2026-03-05 15:30:04,821 - INFO - [The Guardian] Early skip: URL https://www.theguardian.com/world/2026/mar/05/uk-defence-minister-flies-to-cyprus-drone-strike-raf-base-iran-war-middle-east-crisis already exists.
2026-03-05 15:30:04,822 - INFO - [The Guardian] Early skip: URL https://www.theguardian.com/world/2026/mar/05/ukraine-war-briefing-putin-blames-ukraine-for-sinking-of-tanker-off-coast-of-libya already exists.
2026-03-05 15:30:04,823 - INFO - [The Guardian] Early skip: URL https://www.theguardian.com/world/live/2026/mar/05/iran-war-latest-updates-canada-carney-trump-israel-tehran-strikes already exists.
2026-03-05 15:30:04,825 - INFO - [The Guardian] Article: https://www.theguardian.com/world/2026/mar/05/delayed-uk-rescue-flight-oman-british-nationals
2026-03-05 15:30:04,825 - INFO - [The Guardian] Attempt 1/1: Trying with 'requests_browser' strategy...
2026-03-05 15:30:04,937 - INFO - Found 25 articles in BBC RSS feed. Processing until 20 new articles are saved.
2026-03-05 15:30:04,937 - INFO - [BBC] Early skip: URL https://www.bbc.com/news/articles/c2k88y1147jo?at_medium=RSS&at_campaign=rss already exists.
2026-03-05 15:30:04,938 - INFO - [BBC] Article: https://www.bbc.com/news/articles/c4gjjn41l7no?at_medium=RSS&at_campaign=rss
2026-03-05 15:30:04,938 - INFO - [BBC] Attempt 1/1: Trying with 'requests_browser' strategy...
2026-03-05 15:30:05,035 - INFO - [The Guardian] Success with 'requests_browser'. Found content (294 words).
2026-03-05 15:30:05,080 - INFO - Saved article: Delayed UK rescue flight takes off from Oman with British nationals | US-Israel war on Iran | The Guardian from The Guardian (294 words)
2026-03-05 15:30:05,149 - WARNING - [BBC] FAILED with 'requests_browser' (content was too short: 71 words).
2026-03-05 15:30:05,149 - ERROR - [BBC] All scrape strategies failed for https://www.bbc.com/news/articles/c4gjjn41l7no?at_medium=RSS&at_campaign=rss. Falling back to RSS description.
2026-03-05 15:30:05,149 - WARNING - SKIPPED (GLOBAL WORD LIMIT): Article 'Britney Spears arrested in California' from BBC has only 12 words (Min: 90).
2026-03-05 15:30:05,746 - INFO - Found 0 articles in TechCrunch RSS feed. Processing until 20 new articles are saved.
2026-03-05 15:30:05,862 - INFO - [BBC] Early skip: URL https://www.bbc.com/news/articles/c79550jrye8o?at_medium=RSS&at_campaign=rss already exists.
2026-03-05 15:30:05,863 - INFO - [BBC] Early skip: URL https://www.bbc.com/news/articles/cpqwwy8xvy3o?at_medium=RSS&at_campaign=rss already exists.
2026-03-05 15:30:05,864 - INFO - [BBC] Article: https://www.bbc.com/news/articles/cn5gg633qyzo?at_medium=RSS&at_campaign=rss
2026-03-05 15:30:05,865 - INFO - [BBC] Attempt 1/1: Trying with 'requests_browser' strategy...
2026-03-05 15:30:05,909 - INFO - [BBC] Success with 'requests_browser'. Found content (633 words).
2026-03-05 15:30:05,944 - INFO - Saved article: Texas lawmaker Tony Gonzales admits 'lapse in judgement' in affair with aide from BBC (633 words)
2026-03-05 15:30:06,296 - INFO - [The Guardian] Early skip: URL https://www.theguardian.com/money/2026/mar/05/hsbc-coventry-raise-rates-fixed-mortgages-iran-middle-east-crisis already exists.
2026-03-05 15:30:06,297 - INFO - [The Guardian] Early skip: URL https://www.theguardian.com/world/2026/mar/05/guardian-readers-us-israel-war-on-iran already exists.
2026-03-05 15:30:06,298 - INFO - [The Guardian] Early skip: URL https://www.theguardian.com/world/2026/mar/05/demand-private-jets-iran-war already exists.
2026-03-05 15:30:06,300 - INFO - [The Guardian] Early skip: URL https://www.theguardian.com/world/2026/mar/05/nepal-election-2026-voting-balen-shah-sharma-oli already exists.
2026-03-05 15:30:06,301 - INFO - [The Guardian] Early skip: URL https://www.theguardian.com/world/2026/mar/04/us-submarine-torpedo-iran-warship-sri-lanka-coast-pete-hegseth already exists.
2026-03-05 15:30:06,302 - INFO - [The Guardian] Early skip: URL https://www.theguardian.com/world/2026/mar/03/nepal-gen-z-election-popular-former-rapper-balen already exists.
2026-03-05 15:30:06,303 - INFO - [The Guardian] Early skip: URL https://www.theguardian.com/world/2026/mar/02/afghanistan-pakistan-airstrikes-bagram-airbase already exists.
2026-03-05 15:30:06,304 - INFO - [The Guardian] Early skip: URL https://www.theguardian.com/world/2026/feb/28/us-backs-pakistans-right-to-defend-itself-against-taliban-after-strikes-on-afghanistan already exists.
2026-03-05 15:30:06,305 - INFO - [The Guardian] Early skip: URL https://www.theguardian.com/politics/live/2026/mar/05/cabinet-ministers-blocked-starmer-from-letting-us-use-british-bases-for-military-operation-against-iran-on-friday-uk-politics-live already exists.
2026-03-05 15:30:06,307 - INFO - [The Guardian] Article: https://www.theguardian.com/politics/2026/mar/05/crypto-investor-christopher-harbone-reform-uk-donation
2026-03-05 15:30:06,307 - INFO - [The Guardian] Attempt 1/1: Trying with 'requests_browser' strategy...
2026-03-05 15:30:06,985 - INFO - [The Guardian] Success with 'requests_browser'. Found content (458 words).
2026-03-05 15:30:07,023 - INFO - [BBC] Early skip: URL https://www.bbc.com/news/articles/c0e55g03v2zo?at_medium=RSS&at_campaign=rss already exists.
2026-03-05 15:30:07,030 - INFO - Saved article: Crypto investor based in Thailand donates further £3m to Reform | Reform UK | The Guardian from The Guardian (458 words)
2026-03-05 15:30:07,030 - INFO - [BBC] Early skip: URL https://www.bbc.com/news/articles/cjd9jgnrdpko?at_medium=RSS&at_campaign=rss already exists.
2026-03-05 15:30:07,031 - INFO - [BBC] Early skip: URL https://www.bbc.com/news/articles/c7955g70jgjo?at_medium=RSS&at_campaign=rss already exists.
2026-03-05 15:30:07,033 - INFO - [BBC] Early skip: URL https://www.bbc.com/news/articles/c7433dz4ykwo?at_medium=RSS&at_campaign=rss already exists.
2026-03-05 15:30:07,034 - INFO - [BBC] Early skip: URL https://www.bbc.com/news/articles/cqxddwl93qjo?at_medium=RSS&at_campaign=rss already exists.
2026-03-05 15:30:07,035 - INFO - [BBC] Early skip: URL https://www.bbc.com/news/articles/cx2ggpq1742o?at_medium=RSS&at_campaign=rss already exists.
2026-03-05 15:30:07,036 - INFO - [BBC] Early skip: URL https://www.bbc.com/news/articles/c1d66k5r1x4o?at_medium=RSS&at_campaign=rss already exists.
2026-03-05 15:30:07,037 - INFO - [BBC] Early skip: URL https://www.bbc.com/news/articles/cr5ll27z52do?at_medium=RSS&at_campaign=rss already exists.
2026-03-05 15:30:07,039 - INFO - [BBC] Early skip: URL https://www.bbc.com/news/articles/c93wwq1n542o?at_medium=RSS&at_campaign=rss already exists.
2026-03-05 15:30:07,040 - INFO - [BBC] Early skip: URL https://www.bbc.com/news/articles/c89kkykg39yo?at_medium=RSS&at_campaign=rss already exists.
2026-03-05 15:30:07,041 - INFO - [BBC] Early skip: URL https://www.bbc.com/news/articles/c620n3degv2o?at_medium=RSS&at_campaign=rss already exists.
2026-03-05 15:30:07,042 - INFO - [BBC] Early skip: URL https://www.bbc.com/news/articles/czx70y0l75wo?at_medium=RSS&at_campaign=rss already exists.
2026-03-05 15:30:07,044 - INFO - [BBC] Early skip: URL https://www.bbc.com/news/articles/cdxzzqe82d2o?at_medium=RSS&at_campaign=rss already exists.
2026-03-05 15:30:07,045 - INFO - [BBC] Early skip: URL https://www.bbc.com/news/articles/cj4zze5lzjpo?at_medium=RSS&at_campaign=rss already exists.
2026-03-05 15:30:07,046 - INFO - [BBC] Early skip: URL https://www.bbc.com/sport/articles/ckgzzepvgx2o?at_medium=RSS&at_campaign=rss already exists.
2026-03-05 15:30:07,048 - INFO - [BBC] Early skip: URL https://www.bbc.com/news/articles/c2lrxyke7kro?at_medium=RSS&at_campaign=rss already exists.
2026-03-05 15:30:07,049 - INFO - [BBC] Early skip: URL https://www.bbc.com/news/videos/cze004wywz3o?at_medium=RSS&at_campaign=rss already exists.
2026-03-05 15:30:07,050 - INFO - [BBC] Early skip: URL https://www.bbc.com/news/videos/cy7jjnekeepo?at_medium=RSS&at_campaign=rss already exists.
2026-03-05 15:30:07,052 - INFO - [BBC] Article: https://www.bbc.com/news/videos/c0q338p7297o?at_medium=RSS&at_campaign=rss
2026-03-05 15:30:07,052 - INFO - [BBC] Attempt 1/1: Trying with 'requests_browser' strategy...
2026-03-05 15:30:07,111 - WARNING - [BBC] FAILED with 'requests_browser' (content was too short: 88 words).
2026-03-05 15:30:07,111 - ERROR - [BBC] All scrape strategies failed for https://www.bbc.com/news/videos/c0q338p7297o?at_medium=RSS&at_campaign=rss. Falling back to RSS description.
2026-03-05 15:30:07,111 - WARNING - SKIPPED (GLOBAL WORD LIMIT): Article 'Watch: Heavy gunfire heard as BBC reports from border of Israel and Lebanon' from BBC has only 23 words (Min: 90).
2026-03-05 15:30:07,661 - INFO - [The Guardian] Article: https://www.theguardian.com/uk-news/2026/mar/05/young-refugee-spent-winter-on-london-streets-home-office-hotel-eviction-rule
2026-03-05 15:30:07,661 - INFO - [The Guardian] Attempt 1/1: Trying with 'requests_browser' strategy...
2026-03-05 15:30:07,789 - INFO - [BBC] Early skip: URL https://www.bbc.com/news/videos/cd70zp0v3g4o?at_medium=RSS&at_campaign=rss already exists.
2026-03-05 15:30:08,216 - INFO - [The Guardian] Success with 'requests_browser'. Found content (628 words).
2026-03-05 15:30:08,250 - INFO - Saved article: Young refugee spent winter on London streets due to ‘secret’ hotel eviction rule | Immigration and asylum | The Guardian from The Guardian (628 words)
2026-03-05 15:30:09,734 - INFO - [The Guardian] Article: https://www.theguardian.com/politics/2026/mar/05/wales-senedd-elections-referendum-keir-starmer-claims-nigel-farage
2026-03-05 15:30:09,734 - INFO - [The Guardian] Attempt 1/1: Trying with 'requests_browser' strategy...
2026-03-05 15:30:09,898 - INFO - [The Guardian] Success with 'requests_browser'. Found content (519 words).
2026-03-05 15:30:10,040 - INFO - Saved article: Wales Senedd elections are a ‘referendum’ on Starmer, claims Farage | Reform UK | The Guardian from The Guardian (519 words)
2026-03-05 15:30:11,138 - INFO - [The Guardian] Article: https://www.theguardian.com/uk-news/2026/mar/05/shabana-mahmood-accused-of-mimicking-trump-as-she-announces-immigration-plans
2026-03-05 15:30:11,138 - INFO - [The Guardian] Attempt 1/1: Trying with 'requests_browser' strategy...
2026-03-05 15:30:11,300 - INFO - [The Guardian] Success with 'requests_browser'. Found content (913 words).
2026-03-05 15:30:11,339 - INFO - Saved article: Shabana Mahmood accused of mimicking Trump as she announces asylum plans | Immigration and asylum | The Guardian from The Guardian (913 words)
2026-03-05 15:30:12,745 - INFO - [The Guardian] Early skip: URL https://www.theguardian.com/us-news/live/2026/mar/05/donald-trump-war-powers-latest-news-updates already exists.
2026-03-05 15:30:12,747 - INFO - [The Guardian] Article: https://www.theguardian.com/us-news/2026/mar/05/trump-administration-texas-ice-jail
2026-03-05 15:30:12,747 - INFO - [The Guardian] Attempt 1/1: Trying with 'requests_browser' strategy...
2026-03-05 15:30:12,937 - INFO - [The Guardian] Success with 'requests_browser'. Found content (659 words).
2026-03-05 15:30:12,972 - INFO - Saved article: Trump administration to reportedly close controversial ICE jail in Texas | ICE (US Immigration and Customs Enforcement) | The Guardian from The Guardian (659 words)
2026-03-05 15:30:14,358 - INFO - [The Guardian] Article: https://www.theguardian.com/business/2026/mar/05/trump-tariff-refunds-supreme-court
2026-03-05 15:30:14,358 - INFO - [The Guardian] Attempt 1/1: Trying with 'requests_browser' strategy...
2026-03-05 15:30:14,389 - INFO - [The Guardian] Success with 'requests_browser'. Found content (561 words).
2026-03-05 15:30:14,421 - INFO - Saved article: US judge orders refunds for more than $130bn in illegal Trump tariffs | Business | The Guardian from The Guardian (561 words)
2026-03-05 15:30:15,317 - INFO - [The Guardian] Early skip: URL https://www.theguardian.com/us-news/2026/mar/05/utah-women-dead-hiking-trail already exists.
2026-03-05 15:30:15,318 - INFO - [The Guardian] Early skip: URL https://www.theguardian.com/us-news/2026/mar/05/trump-administration-measles already exists.
2026-03-05 15:30:19,698 - INFO - Selenium driver initialized successfully.
2026-03-05 15:30:19,698 - INFO - Starting scrape for Times of India RSS feed: https://timesofindia.indiatimes.com/rssfeeds/296589292.cms
2026-03-05 15:30:19,698 - INFO - Selenium driver initialized successfully.
2026-03-05 15:30:19,698 - INFO - Starting scrape for The Hindu RSS feed: https://www.thehindu.com/news/national/feeder/default.rss
2026-03-05 15:30:19,858 - INFO - Found 20 articles in Times of India RSS feed. Processing until 20 new articles are saved.
2026-03-05 15:30:19,858 - INFO - [Times of India] Article: https://timesofindia.indiatimes.com/world/middle-east/us-israel-iran-war-news-live-udates-conflict-middle-east-crisis-drone-ballistic-missile-attacks-explosions-dubai-uae-qatar-tehran-gulf-donald-trump-netanyahu-khamenei/liveblog/129061702.cms
2026-03-05 15:30:19,858 - INFO - [Times of India] Attempt 1/1: Trying with 'selenium_browser' strategy...
2026-03-05 15:30:19,929 - INFO - Found 100 articles in The Hindu RSS feed. Processing until 20 new articles are saved.
2026-03-05 15:30:19,929 - INFO - [The Hindu] Article: https://www.thehindu.com/news/national/andhra-pradesh/hotel-fined-for-throwing-garbage-on-road-in-ongole/article70708161.ece
2026-03-05 15:30:19,929 - INFO - [The Hindu] Attempt 1/1: Trying with 'selenium_browser' strategy...
2026-03-05 15:30:25,076 - INFO - [The Hindu] Page content loaded.
2026-03-05 15:30:25,974 - INFO - [The Hindu] Success with 'selenium_browser'. Found content (125 words).
2026-03-05 15:30:26,184 - INFO - Saved article: Hotel fined for throwing garbage on road in Ongole - The Hindu from The Hindu (125 words)
2026-03-05 15:30:27,414 - INFO - [The Hindu] Article: https://www.thehindu.com/news/national/kerala/cabinet-decides-to-amend-criteria-for-sports-quota-for-jobs/article70707901.ece
2026-03-05 15:30:27,414 - INFO - [The Hindu] Attempt 1/1: Trying with 'selenium_browser' strategy...
2026-03-05 15:30:30,147 - INFO - [The Hindu] Page content loaded.
2026-03-05 15:30:30,354 - INFO - [The Hindu] Success with 'selenium_browser'. Found content (338 words).
2026-03-05 15:30:30,532 - INFO - Saved article: Cabinet decides to amend criteria for sports quota for jobs - The Hindu from The Hindu (338 words)
2026-03-05 15:30:31,299 - INFO - [The Hindu] Article: https://www.thehindu.com/news/national/karnataka/karnataka-high-court-notice-to-state-and-centre-on-plea-challenging-wildlife-boards-approval-for-10000-crore-sharavathi-pumped-storage-hydroelectric-project/article70708153.ece
2026-03-05 15:30:31,299 - INFO - [The Hindu] Attempt 1/1: Trying with 'selenium_browser' strategy...
2026-03-05 15:30:34,556 - INFO - [The Hindu] Page content loaded.
2026-03-05 15:30:34,875 - INFO - [The Hindu] Success with 'selenium_browser'. Found content (444 words).
2026-03-05 15:30:34,974 - INFO - Saved article: Karnataka High Court notice to State and Centre on plea challenging wildlife boards’ approval for ₹10,000 crore Sharavathi Pumped Storage Hydroelectric project - The Hindu from The Hindu (444 words)
2026-03-05 15:30:36,168 - INFO - [The Hindu] Article: https://www.thehindu.com/news/national/andhra-pradesh/mental-well-being-equally-important-says-collector/article70704198.ece
2026-03-05 15:30:36,168 - INFO - [The Hindu] Attempt 1/1: Trying with 'selenium_browser' strategy...
2026-03-05 15:30:47,256 - ERROR - [Times of India] Request failed for strategy 'selenium_browser' on URL https://timesofindia.indiatimes.com/world/middle-east/us-israel-iran-war-news-live-udates-conflict-middle-east-crisis-drone-ballistic-missile-attacks-explosions-dubai-uae-qatar-tehran-gulf-donald-trump-netanyahu-khamenei/liveblog/129061702.cms: Message: timeout: Timed out receiving message from renderer: 19.696
  (Session info: chrome=145.0.7632.116)
Stacktrace:
#0 0x55983224eb6a <unknown>
#1 0x559831c61a32 <unknown>
#2 0x559831c49007 <unknown>
#3 0x559831c48c16 <unknown>
#4 0x559831c46731 <unknown>
#5 0x559831c470bf <unknown>
#6 0x559831c56560 <unknown>
#7 0x559831c70707 <unknown>
#8 0x559831c778db <unknown>
#9 0x559831c47829 <unknown>
#10 0x559831c7049c <unknown>
#11 0x559831cff6e1 <unknown>
#12 0x559831ca8c0f <unknown>
#13 0x559831ca99d1 <unknown>
#14 0x5598322136b9 <unknown>
#15 0x5598322165c1 <unknown>
#16 0x5598321ffe29 <unknown>
#17 0x55983221717e <unknown>
#18 0x5598321e64b0 <unknown>
#19 0x55983223b578 <unknown>
#20 0x55983223b74b <unknown>
#21 0x55983224d1a3 <unknown>
#22 0x7f5f87c9caa4 <unknown>
#23 0x7f5f87d29c6c <unknown>

2026-03-05 15:30:47,256 - ERROR - [Times of India] All scrape strategies failed for https://timesofindia.indiatimes.com/world/middle-east/us-israel-iran-war-news-live-udates-conflict-middle-east-crisis-drone-ballistic-missile-attacks-explosions-dubai-uae-qatar-tehran-gulf-donald-trump-netanyahu-khamenei/liveblog/129061702.cms. Falling back to RSS description.
2026-03-05 15:30:47,256 - WARNING - SKIPPED (GLOBAL WORD LIMIT): Article 'US-Israel-Iran War Live Updates: Tanker hit by ‘large explosion’ off Kuwait, causing oil spill; Iran launches missiles at Israel' from Times of India has only 3 words (Min: 90).
2026-03-05 15:30:48,347 - INFO - [Times of India] Article: https://timesofindia.indiatimes.com/world/us/i-made-a-mistake-rep-tony-gonzales-admits-affair-with-staffer-who-later-died-by-suicide-amid-ethics-investigation/articleshow/129095903.cms
2026-03-05 15:30:48,347 - INFO - [Times of India] Attempt 1/1: Trying with 'selenium_browser' strategy...
2026-03-05 15:30:56,198 - ERROR - [The Hindu] Request failed for strategy 'selenium_browser' on URL https://www.thehindu.com/news/national/andhra-pradesh/mental-well-being-equally-important-says-collector/article70704198.ece: Message: timeout: Timed out receiving message from renderer: 19.410
  (Session info: chrome=145.0.7632.116)
Stacktrace:
#0 0x55bb73356b6a <unknown>
#1 0x55bb72d69a32 <unknown>
#2 0x55bb72d51007 <unknown>
#3 0x55bb72d50c16 <unknown>
#4 0x55bb72d4e731 <unknown>
#5 0x55bb72d4f0bf <unknown>
#6 0x55bb72d5e560 <unknown>
#7 0x55bb72d78707 <unknown>
#8 0x55bb72d7f8db <unknown>
#9 0x55bb72d4f829 <unknown>
#10 0x55bb72d7849c <unknown>
#11 0x55bb72e076e1 <unknown>
#12 0x55bb72db0c0f <unknown>
#13 0x55bb72db19d1 <unknown>
#14 0x55bb7331b6b9 <unknown>
#15 0x55bb7331e5c1 <unknown>
#16 0x55bb73307e29 <unknown>
#17 0x55bb7331f17e <unknown>
#18 0x55bb732ee4b0 <unknown>
#19 0x55bb73343578 <unknown>
#20 0x55bb7334374b <unknown>
#21 0x55bb733551a3 <unknown>
#22 0x7fca95e9caa4 <unknown>
#23 0x7fca95f29c6c <unknown>

2026-03-05 15:30:56,198 - ERROR - [The Hindu] All scrape strategies failed for https://www.thehindu.com/news/national/andhra-pradesh/mental-well-being-equally-important-says-collector/article70704198.ece. Falling back to RSS description.
2026-03-05 15:30:56,198 - WARNING - SKIPPED (GLOBAL WORD LIMIT): Article 'Mental well-being equally important, says Collector' from The Hindu has only 3 words (Min: 90).
2026-03-05 15:30:56,769 - INFO - [The Hindu] Article: https://www.thehindu.com/news/national/karnataka/aituc-stages-protest-demanding-immediate-revision-of-minimum-wages-in-karnataka/article70708096.ece
2026-03-05 15:30:56,769 - INFO - [The Hindu] Attempt 1/1: Trying with 'selenium_browser' strategy...
2026-03-05 15:30:57,960 - INFO - [The Hindu] Page content loaded.
2026-03-05 15:30:58,019 - INFO - [The Hindu] Success with 'selenium_browser'. Found content (269 words).
2026-03-05 15:30:58,110 - INFO - Saved article: AITUC stages protest demanding immediate revision of minimum wages in Karnataka - The Hindu from The Hindu (269 words)
2026-03-05 15:30:58,652 - INFO - [The Hindu] Article: https://www.thehindu.com/news/national/tamil-nadu/foundation-stone-laid-for-international-bird-centre-at-agaram-reserve-forest-in-villupuram-district/article70706829.ece
2026-03-05 15:30:58,652 - INFO - [The Hindu] Attempt 1/1: Trying with 'selenium_browser' strategy...
2026-03-05 15:31:00,139 - INFO - [The Hindu] Page content loaded.
2026-03-05 15:31:00,290 - INFO - [The Hindu] Success with 'selenium_browser'. Found content (253 words).
2026-03-05 15:31:00,367 - INFO - Saved article: Foundation stone laid for International Bird Centre at Agaram Reserve Forest in Villupuram district - The Hindu from The Hindu (253 words)
2026-03-05 15:31:01,447 - INFO - [The Hindu] Article: https://www.thehindu.com/news/national/andhra-pradesh/ap-govt-positive-to-journalists-demands-says-minister/article70704519.ece
2026-03-05 15:31:01,447 - INFO - [The Hindu] Attempt 1/1: Trying with 'selenium_browser' strategy...
2026-03-05 15:31:02,007 - INFO - [The Hindu] Page content loaded.
2026-03-05 15:31:02,051 - INFO - [The Hindu] Success with 'selenium_browser'. Found content (212 words).
2026-03-05 15:31:02,110 - INFO - Saved article: A.P. govt. positive to journalists’ demands, says Minister - The Hindu from The Hindu (212 words)
2026-03-05 15:31:03,144 - INFO - [The Hindu] Article: https://www.thehindu.com/news/national/telangana/government-to-reach-out-to-people-for-the-third-time/article70708060.ece
2026-03-05 15:31:03,144 - INFO - [The Hindu] Attempt 1/1: Trying with 'selenium_browser' strategy...
2026-03-05 15:31:03,831 - INFO - [The Hindu] Page content loaded.
2026-03-05 15:31:03,877 - INFO - [The Hindu] Success with 'selenium_browser'. Found content (499 words).
2026-03-05 15:31:03,924 - INFO - Saved article: Government to reach out to people for the third time - The Hindu from The Hindu (499 words)
2026-03-05 15:31:04,600 - INFO - [The Hindu] Article: https://www.thehindu.com/news/national/karnataka/police-quiz-mallikarjun-mutya-for-second-day-in-pocso-act-case/article70708051.ece
2026-03-05 15:31:04,602 - INFO - [The Hindu] Attempt 1/1: Trying with 'selenium_browser' strategy...
2026-03-05 15:31:06,111 - INFO - [The Hindu] Page content loaded.
2026-03-05 15:31:06,187 - INFO - [The Hindu] Success with 'selenium_browser'. Found content (246 words).
2026-03-05 15:31:06,274 - INFO - Saved article: Police quiz Mallikarjun Mutya for second day in POCSO Act case - The Hindu from The Hindu (246 words)
2026-03-05 15:31:07,223 - INFO - [The Hindu] Article: https://www.thehindu.com/news/national/andhra-pradesh/eluru-canal-chokes-with-garbage-municipal-authorities-term-it-a-temporary-problem/article70708328.ece
2026-03-05 15:31:07,223 - INFO - [The Hindu] Attempt 1/1: Trying with 'selenium_browser' strategy...
2026-03-05 15:31:08,356 - ERROR - [Times of India] Request failed for strategy 'selenium_browser' on URL https://timesofindia.indiatimes.com/world/us/i-made-a-mistake-rep-tony-gonzales-admits-affair-with-staffer-who-later-died-by-suicide-amid-ethics-investigation/articleshow/129095903.cms: Message: timeout: Timed out receiving message from renderer: 19.952
  (Session info: chrome=145.0.7632.116)
Stacktrace:
#0 0x55983224eb6a <unknown>
#1 0x559831c61a32 <unknown>
#2 0x559831c49007 <unknown>
#3 0x559831c48c16 <unknown>
#4 0x559831c46731 <unknown>
#5 0x559831c470bf <unknown>
#6 0x559831c56560 <unknown>
#7 0x559831c70707 <unknown>
#8 0x559831c778db <unknown>
#9 0x559831c47829 <unknown>
#10 0x559831c7049c <unknown>
#11 0x559831cff6e1 <unknown>
#12 0x559831ca8c0f <unknown>
#13 0x559831ca99d1 <unknown>
#14 0x5598322136b9 <unknown>
#15 0x5598322165c1 <unknown>
#16 0x5598321ffe29 <unknown>
#17 0x55983221717e <unknown>
#18 0x5598321e64b0 <unknown>
#19 0x55983223b578 <unknown>
#20 0x55983223b74b <unknown>
#21 0x55983224d1a3 <unknown>
#22 0x7f5f87c9caa4 <unknown>
#23 0x7f5f87d29c6c <unknown>

2026-03-05 15:31:08,356 - ERROR - [Times of India] All scrape strategies failed for https://timesofindia.indiatimes.com/world/us/i-made-a-mistake-rep-tony-gonzales-admits-affair-with-staffer-who-later-died-by-suicide-amid-ethics-investigation/articleshow/129095903.cms. Falling back to RSS description.
2026-03-05 15:31:08,356 - WARNING - SKIPPED (GLOBAL WORD LIMIT): Article '‘I made a mistake’: Rep. Tony Gonzales admits affair with staffer who later died by suicide amid ethics investigation' from Times of India has only 50 words (Min: 90).
2026-03-05 15:31:09,014 - INFO - [The Hindu] Page content loaded.
2026-03-05 15:31:09,063 - INFO - [The Hindu] Success with 'selenium_browser'. Found content (375 words).
2026-03-05 15:31:09,513 - INFO - [Times of India] Article: https://timesofindia.indiatimes.com/world/us/corey-lewandowski-and-byron-noem-kristi-noems-viral-remark-about-rumored-boyfriend-at-meeting-attended-by-husband/articleshow/129096860.cms
2026-03-05 15:31:09,518 - INFO - [Times of India] Attempt 1/1: Trying with 'selenium_browser' strategy...
2026-03-05 15:31:09,523 - INFO - Saved article: Eluru canal chokes with garbage; municipal authorities term it a temporary problem - The Hindu from The Hindu (375 words)
2026-03-05 15:31:10,051 - INFO - [Times of India] Page content loaded.
2026-03-05 15:31:10,219 - INFO - [Times of India] Success with 'selenium_browser'. Found content (421 words).
2026-03-05 15:31:10,301 - INFO - Saved article: Corey Lewandowski and Byron Noem: Kristi Noem's viral remark about rumored boyfriend at meeting attended by husband - The Times of India from Times of India (421 words)
2026-03-05 15:31:10,346 - INFO - [The Hindu] Article: https://www.thehindu.com/news/national/kerala/report-conflict-in-west-asia-with-utmost-caution-says-pinarayi-vijayan/article70708127.ece
2026-03-05 15:31:10,346 - INFO - [The Hindu] Attempt 1/1: Trying with 'selenium_browser' strategy...
2026-03-05 15:31:11,313 - INFO - [The Hindu] Page content loaded.
2026-03-05 15:31:11,367 - INFO - [The Hindu] Success with 'selenium_browser'. Found content (327 words).
2026-03-05 15:31:11,455 - INFO - Saved article: Report conflict in West Asia with utmost caution, says Pinarayi Vijayan - The Hindu from The Hindu (327 words)
2026-03-05 15:31:11,492 - INFO - [Times of India] Early skip: URL https://timesofindia.indiatimes.com/world/us/dont-do-nothing-immigration-experts-to-visa-holders-unable-to-travel-owing-to-middle-east-travel-restrictions-embassy-closures/articleshow/129094565.cms already exists.
2026-03-05 15:31:11,493 - INFO - [Times of India] Early skip: URL https://timesofindia.indiatimes.com/world/us/who-is-tim-sheehy-republican-senator-who-helped-officers-remove-ex-navy-seal-brian-mcginnis-from-senate-hearing-after-disruption/articleshow/129092288.cms already exists.
2026-03-05 15:31:11,495 - INFO - [Times of India] Early skip: URL https://timesofindia.indiatimes.com/world/rest-of-world/the-mystery-of-the-babushka-lady-the-unidentified-woman-linked-to-john-f-kennedys-assassination/articleshow/129092224.cms already exists.
2026-03-05 15:31:11,496 - INFO - [Times of India] Early skip: URL https://timesofindia.indiatimes.com/science/mysterious-fireball-sonic-boom-experienced-in-vancouver-western-washington-was-indeed-a-meteor-traveling-at-33-km-per-second-speed-confirms-nasa/articleshow/129091004.cms already exists.
2026-03-05 15:31:11,498 - INFO - [Times of India] Early skip: URL https://timesofindia.indiatimes.com/world/us/former-marines-anti-iran-war-protest-sparks-clash-did-senator-tim-sheehy-break-brian-mcginnis-arm/articleshow/129088711.cms already exists.
2026-03-05 15:31:11,499 - INFO - [Times of India] Early skip: URL https://timesofindia.indiatimes.com/world/us/since-he-is-an-indian-laura-loomer-says-kash-patel-is-owned-by-muslims-over-austin-bar-shooting/articleshow/129090150.cms already exists.
2026-03-05 15:31:11,500 - INFO - [Times of India] Early skip: URL https://timesofindia.indiatimes.com/science/science-behind-the-lab-grown-diamonds-how-centuries-of-failed-experiments-led-to-affordable-gems/articleshow/129090781.cms already exists.
2026-03-05 15:31:11,502 - INFO - [Times of India] Early skip: URL https://timesofindia.indiatimes.com/world/uk/us-israel-war-with-iran-why-various-gulf-countries-are-angry-with-the-uk-and-keir-starmer/articleshow/129082094.cms already exists.
2026-03-05 15:31:11,503 - INFO - [Times of India] Early skip: URL https://timesofindia.indiatimes.com/science/nasa-seeks-cost-effective-solution-for-the-artemis-moon-mission-with-boeing-lockheed-component/articleshow/129076033.cms already exists.
2026-03-05 15:31:11,505 - INFO - [Times of India] Early skip: URL https://timesofindia.indiatimes.com/science/spacex-rocket-launch-creates-space-jellyfish-effect-in-florida-sky-during-falcon-9-mission-carrying-29-starlink-satellites/articleshow/129075417.cms already exists.
2026-03-05 15:31:11,506 - INFO - [Times of India] Early skip: URL https://timesofindia.indiatimes.com/world/middle-east/rockets-missiles-and-drones-fly-across-iran-and-israel-middle-east-remains-tense-how-the-war-is-unfolding/articleshow/129063666.cms already exists.
2026-03-05 15:31:11,507 - INFO - [Times of India] Early skip: URL https://timesofindia.indiatimes.com/world/us/watch-ex-marine-injured-as-iran-war-protest-sparks-scuffle-at-senate-hearing/articleshow/129064376.cms already exists.
2026-03-05 15:31:11,508 - INFO - [Times of India] Early skip: URL https://timesofindia.indiatimes.com/world/south-asia/no-more-nepotism-bootlicking-nepal-votes-a-year-after-violent-gen-z-protest-key-things-to-know/articleshow/129065538.cms already exists.
2026-03-05 15:31:11,510 - INFO - [Times of India] Early skip: URL https://timesofindia.indiatimes.com/science/meet-evelyn-n-wang-the-scientist-who-wants-to-make-every-home-produce-its-own-water/articleshow/129075508.cms already exists.
2026-03-05 15:31:11,512 - INFO - [Times of India] Early skip: URL https://timesofindia.indiatimes.com/world/us/watch-zohran-mamdani-makes-2k-rangoli-for-holi-shares-message-for-nycs-hindu-communities/articleshow/129073075.cms already exists.
2026-03-05 15:31:11,513 - INFO - [Times of India] Early skip: URL https://timesofindia.indiatimes.com/world/rest-of-world/joseph-kony-still-alive-know-how-ugandas-most-infamous-war-criminal-has-stayed-on-the-run-for-decades-with-his-soldiers/articleshow/129071907.cms already exists.
2026-03-05 15:31:11,515 - INFO - [Times of India] Early skip: URL https://timesofindia.indiatimes.com/world/middle-east/saudi-arabia-opens-hajj-packages-booking-for-domestic-pilgrims-with-strict-payment-timeline/articleshow/129070606.cms already exists.
2026-03-05 15:31:11,516 - INFO - [Times of India] (Thread) Finished. Attempting to shut down its Selenium driver.
2026-03-05 15:31:11,738 - INFO - [Times of India] (Thread) driver.quit() successful.
2026-03-05 15:31:12,047 - INFO - [The Hindu] Article: https://www.thehindu.com/news/national/andhra-pradesh/new-retaining-wall-along-right-margin-of-krishna-river-to-protect-20000-people-from-floods/article70707961.ece
2026-03-05 15:31:12,047 - INFO - [The Hindu] Attempt 1/1: Trying with 'selenium_browser' strategy...
2026-03-05 15:31:12,591 - INFO - [The Hindu] Page content loaded.
2026-03-05 15:31:12,643 - INFO - [The Hindu] Success with 'selenium_browser'. Found content (283 words).
2026-03-05 15:31:12,690 - INFO - Saved article: New retaining wall along right margin of Krishna river to protect 20,000 people from floods - The Hindu from The Hindu (283 words)
2026-03-05 15:31:13,273 - INFO - [The Hindu] Article: https://www.thehindu.com/news/national/tamil-nadu/madras-high-court-grants-relief-to-o-panneerselvam-h-raja-bussy-anand-in-different-criminal-cases/article70706812.ece
2026-03-05 15:31:13,273 - INFO - [The Hindu] Attempt 1/1: Trying with 'selenium_browser' strategy...
2026-03-05 15:31:14,510 - INFO - [The Hindu] Page content loaded.
2026-03-05 15:31:14,561 - INFO - [The Hindu] Success with 'selenium_browser'. Found content (482 words).
2026-03-05 15:31:14,637 - INFO - Saved article: Madras High Court grants relief to Panneerselvam, H. Raja, ‘Bussy’ Anand in different criminal cases - The Hindu from The Hindu (482 words)
2026-03-05 15:31:15,272 - INFO - [The Hindu] Article: https://www.thehindu.com/news/national/telangana/speaker-reserves-verdict-on-disqualification-petition-against-srihari-danam-nagender-seeks-time-to-appear-for-final-hearing/article70707905.ece
2026-03-05 15:31:15,272 - INFO - [The Hindu] Attempt 1/1: Trying with 'selenium_browser' strategy...
2026-03-05 15:31:15,858 - INFO - [The Hindu] Page content loaded.
2026-03-05 15:31:15,895 - INFO - [The Hindu] Success with 'selenium_browser'. Found content (273 words).
2026-03-05 15:31:15,942 - INFO - Saved article: Speaker reserves verdict on disqualification petition against Srihari; Danam Nagender seeks time to appear for final hearing - The Hindu from The Hindu (273 words)
2026-03-05 15:31:17,157 - INFO - [The Hindu] Article: https://www.thehindu.com/news/national/andhra-pradesh/police-department-launches-self-defense-training-for-girls-ahead-of-international-womens-day/article70708011.ece
2026-03-05 15:31:17,157 - INFO - [The Hindu] Attempt 1/1: Trying with 'selenium_browser' strategy...
2026-03-05 15:31:17,836 - INFO - [The Hindu] Page content loaded.
2026-03-05 15:31:17,872 - INFO - [The Hindu] Success with 'selenium_browser'. Found content (300 words).
2026-03-05 15:31:17,916 - INFO - Saved article: Police department launches self-defense training for girls ahead of International Women’s Day - The Hindu from The Hindu (300 words)
2026-03-05 15:31:19,052 - INFO - [The Hindu] Article: https://www.thehindu.com/news/national/who-will-succeed-deputy-chairman-harivansh-in-the-rajya-sabha/article70707993.ece
2026-03-05 15:31:19,052 - INFO - [The Hindu] Attempt 1/1: Trying with 'selenium_browser' strategy...
2026-03-05 15:31:19,748 - INFO - [The Hindu] Page content loaded.
2026-03-05 15:31:19,788 - INFO - [The Hindu] Success with 'selenium_browser'. Found content (469 words).
2026-03-05 15:31:19,849 - INFO - Saved article: Who will succeed Deputy Chairman Harivansh in the Rajya Sabha? - The Hindu from The Hindu (469 words)
2026-03-05 15:31:20,801 - INFO - [The Hindu] Article: https://www.thehindu.com/news/national/karnataka/police-arrest-seven-for-burglary-chain-snatching-and-bike-theft/article70708043.ece
2026-03-05 15:31:20,801 - INFO - [The Hindu] Attempt 1/1: Trying with 'selenium_browser' strategy...
2026-03-05 15:31:21,431 - INFO - [The Hindu] Page content loaded.
2026-03-05 15:31:21,468 - INFO - [The Hindu] Success with 'selenium_browser'. Found content (377 words).
2026-03-05 15:31:21,512 - INFO - Saved article: Police arrest seven for burglary, chain-snatching and bike theft - The Hindu from The Hindu (377 words)
2026-03-05 15:31:22,425 - INFO - [The Hindu] Article: https://www.thehindu.com/news/national/andhra-pradesh/excessive-explosive-material-caused-vetlapalem-blast-sp/article70707529.ece
2026-03-05 15:31:22,425 - INFO - [The Hindu] Attempt 1/1: Trying with 'selenium_browser' strategy...
2026-03-05 15:31:23,221 - INFO - [The Hindu] Page content loaded.
2026-03-05 15:31:23,263 - INFO - [The Hindu] Success with 'selenium_browser'. Found content (317 words).
2026-03-05 15:31:23,341 - INFO - Saved article: Excessive explosive material caused Vetlapalem blast: SP - The Hindu from The Hindu (317 words)
2026-03-05 15:31:23,946 - INFO - [The Hindu] Article: https://www.thehindu.com/news/national/kerala/mehealth-app-brings-health-care-facilities-info-at-the-fingertips/article70708071.ece
2026-03-05 15:31:23,946 - INFO - [The Hindu] Attempt 1/1: Trying with 'selenium_browser' strategy...
2026-03-05 15:31:24,518 - INFO - [The Hindu] Page content loaded.
2026-03-05 15:31:24,561 - INFO - [The Hindu] Success with 'selenium_browser'. Found content (343 words).
2026-03-05 15:31:24,625 - INFO - Saved article: MeHEALTH app brings health-care facilities info at the fingertips - The Hindu from The Hindu (343 words)
2026-03-05 15:31:25,830 - INFO - [The Hindu] Article: https://www.thehindu.com/news/national/kerala/friends-on-rail-bats-for-third-fourth-rail-lines-to-address-travel-woes-in-kerala/article70707881.ece
2026-03-05 15:31:25,830 - INFO - [The Hindu] Attempt 1/1: Trying with 'selenium_browser' strategy...
2026-03-05 15:31:26,512 - INFO - [The Hindu] Page content loaded.
2026-03-05 15:31:26,551 - INFO - [The Hindu] Success with 'selenium_browser'. Found content (297 words).
2026-03-05 15:31:26,606 - INFO - Saved article: ‘Friends on Rail’ bats for third, fourth rail lines to address travel woes in Kerala - The Hindu from The Hindu (297 words)
2026-03-05 15:31:27,977 - INFO - [The Hindu] Article: https://www.thehindu.com/news/national/kerala/rift-in-ncpsp-over-elathur-assembly-seat-in-kozhikode-comes-out-in-the-open-again/article70707869.ece
2026-03-05 15:31:27,977 - INFO - [The Hindu] Attempt 1/1: Trying with 'selenium_browser' strategy...
2026-03-05 15:31:29,174 - INFO - [The Hindu] Page content loaded.
2026-03-05 15:31:29,222 - INFO - [The Hindu] Success with 'selenium_browser'. Found content (377 words).
2026-03-05 15:31:29,293 - INFO - Saved article: Rift in NCP(SP) over Elathur Assembly seat in Kozhikode comes out in the open again - The Hindu from The Hindu (377 words)
2026-03-05 15:31:30,497 - INFO - [The Hindu] Target reached: Successfully saved 20 new articles.
2026-03-05 15:31:30,497 - INFO - [The Hindu] (Thread) Finished. Attempting to shut down its Selenium driver.
2026-03-05 15:31:30,611 - INFO - [The Hindu] (Thread) driver.quit() successful.
2026-03-05 15:31:30,611 - INFO - Shutting down thread pool (wait=False)...
2026-03-05 15:31:30,611 - INFO - Scraped: 20 The Hindu, 7 The Guardian, 1 BBC, 1 Times of India, 0 TechCrunch articles. (Total saved: 29)
2026-03-05 15:31:30,611 - INFO - --- Scraping job finished ---
2026-03-05 15:31:30,616 - INFO - --- Scraper service stopped and database connection closed. ---
2026-03-05 15:31:30,617 - INFO - --- Main thread finished. Forcing process exit to kill zombie threads. ---
