2026-02-02 17:12:33,199 - INFO - Loading AI Semantic Model (all-MiniLM-L6-v2)...
2026-02-02 17:12:33,199 - INFO - Use pytorch device_name: cpu
2026-02-02 17:12:33,199 - INFO - Load pretrained SentenceTransformer: all-MiniLM-L6-v2
2026-02-02 17:12:33,306 - INFO - HTTP Request: HEAD https://huggingface.co/sentence-transformers/all-MiniLM-L6-v2/resolve/main/modules.json "HTTP/1.1 307 Temporary Redirect"
2026-02-02 17:12:33,310 - INFO - HTTP Request: HEAD https://huggingface.co/api/resolve-cache/models/sentence-transformers/all-MiniLM-L6-v2/c9745ed1d9f207416be6d2e6f8de32d1f16199bf/modules.json "HTTP/1.1 200 OK"
2026-02-02 17:12:33,380 - INFO - HTTP Request: HEAD https://huggingface.co/sentence-transformers/all-MiniLM-L6-v2/resolve/main/config_sentence_transformers.json "HTTP/1.1 307 Temporary Redirect"
2026-02-02 17:12:33,386 - INFO - HTTP Request: HEAD https://huggingface.co/api/resolve-cache/models/sentence-transformers/all-MiniLM-L6-v2/c9745ed1d9f207416be6d2e6f8de32d1f16199bf/config_sentence_transformers.json "HTTP/1.1 200 OK"
2026-02-02 17:12:33,462 - INFO - HTTP Request: HEAD https://huggingface.co/sentence-transformers/all-MiniLM-L6-v2/resolve/main/config_sentence_transformers.json "HTTP/1.1 307 Temporary Redirect"
2026-02-02 17:12:33,466 - INFO - HTTP Request: HEAD https://huggingface.co/api/resolve-cache/models/sentence-transformers/all-MiniLM-L6-v2/c9745ed1d9f207416be6d2e6f8de32d1f16199bf/config_sentence_transformers.json "HTTP/1.1 200 OK"
2026-02-02 17:12:33,541 - INFO - HTTP Request: HEAD https://huggingface.co/sentence-transformers/all-MiniLM-L6-v2/resolve/main/README.md "HTTP/1.1 307 Temporary Redirect"
2026-02-02 17:12:33,546 - INFO - HTTP Request: HEAD https://huggingface.co/api/resolve-cache/models/sentence-transformers/all-MiniLM-L6-v2/c9745ed1d9f207416be6d2e6f8de32d1f16199bf/README.md "HTTP/1.1 200 OK"
2026-02-02 17:12:33,621 - INFO - HTTP Request: HEAD https://huggingface.co/sentence-transformers/all-MiniLM-L6-v2/resolve/main/modules.json "HTTP/1.1 307 Temporary Redirect"
2026-02-02 17:12:33,625 - INFO - HTTP Request: HEAD https://huggingface.co/api/resolve-cache/models/sentence-transformers/all-MiniLM-L6-v2/c9745ed1d9f207416be6d2e6f8de32d1f16199bf/modules.json "HTTP/1.1 200 OK"
2026-02-02 17:12:33,699 - INFO - HTTP Request: HEAD https://huggingface.co/sentence-transformers/all-MiniLM-L6-v2/resolve/main/sentence_bert_config.json "HTTP/1.1 307 Temporary Redirect"
2026-02-02 17:12:33,703 - INFO - HTTP Request: HEAD https://huggingface.co/api/resolve-cache/models/sentence-transformers/all-MiniLM-L6-v2/c9745ed1d9f207416be6d2e6f8de32d1f16199bf/sentence_bert_config.json "HTTP/1.1 200 OK"
2026-02-02 17:12:33,849 - INFO - HTTP Request: HEAD https://huggingface.co/sentence-transformers/all-MiniLM-L6-v2/resolve/main/adapter_config.json "HTTP/1.1 404 Not Found"
2026-02-02 17:12:33,922 - INFO - HTTP Request: HEAD https://huggingface.co/sentence-transformers/all-MiniLM-L6-v2/resolve/main/config.json "HTTP/1.1 307 Temporary Redirect"
2026-02-02 17:12:33,927 - INFO - HTTP Request: HEAD https://huggingface.co/api/resolve-cache/models/sentence-transformers/all-MiniLM-L6-v2/c9745ed1d9f207416be6d2e6f8de32d1f16199bf/config.json "HTTP/1.1 200 OK"
2026-02-02 17:12:34,060 - WARNING - BertModel LOAD REPORT from: sentence-transformers/all-MiniLM-L6-v2
Key                     | Status     |  | 
------------------------+------------+--+-
embeddings.position_ids | UNEXPECTED |  | 

Notes:
- UNEXPECTED	:can be ignored when loading from different task/architecture; not ok if you expect identical arch.
2026-02-02 17:12:34,236 - INFO - HTTP Request: HEAD https://huggingface.co/sentence-transformers/all-MiniLM-L6-v2/resolve/main/config.json "HTTP/1.1 307 Temporary Redirect"
2026-02-02 17:12:34,241 - INFO - HTTP Request: HEAD https://huggingface.co/api/resolve-cache/models/sentence-transformers/all-MiniLM-L6-v2/c9745ed1d9f207416be6d2e6f8de32d1f16199bf/config.json "HTTP/1.1 200 OK"
2026-02-02 17:12:34,316 - INFO - HTTP Request: HEAD https://huggingface.co/sentence-transformers/all-MiniLM-L6-v2/resolve/main/tokenizer_config.json "HTTP/1.1 307 Temporary Redirect"
2026-02-02 17:12:34,320 - INFO - HTTP Request: HEAD https://huggingface.co/api/resolve-cache/models/sentence-transformers/all-MiniLM-L6-v2/c9745ed1d9f207416be6d2e6f8de32d1f16199bf/tokenizer_config.json "HTTP/1.1 200 OK"
2026-02-02 17:12:34,400 - INFO - HTTP Request: GET https://huggingface.co/api/models/sentence-transformers/all-MiniLM-L6-v2/tree/main/additional_chat_templates?recursive=false&expand=false "HTTP/1.1 404 Not Found"
2026-02-02 17:12:34,477 - INFO - HTTP Request: GET https://huggingface.co/api/models/sentence-transformers/all-MiniLM-L6-v2/tree/main?recursive=true&expand=false "HTTP/1.1 200 OK"
2026-02-02 17:12:34,602 - INFO - HTTP Request: HEAD https://huggingface.co/sentence-transformers/all-MiniLM-L6-v2/resolve/main/1_Pooling/config.json "HTTP/1.1 307 Temporary Redirect"
2026-02-02 17:12:34,606 - INFO - HTTP Request: HEAD https://huggingface.co/api/resolve-cache/models/sentence-transformers/all-MiniLM-L6-v2/c9745ed1d9f207416be6d2e6f8de32d1f16199bf/1_Pooling%2Fconfig.json "HTTP/1.1 200 OK"
2026-02-02 17:12:34,685 - INFO - HTTP Request: GET https://huggingface.co/api/models/sentence-transformers/all-MiniLM-L6-v2 "HTTP/1.1 200 OK"
2026-02-02 17:12:34,689 - INFO - AI Model loaded successfully.
2026-02-02 17:12:34,689 - INFO - --- Scraper service started (CI Mode: Run Once) ---
2026-02-02 17:12:34,689 - INFO - --- Starting new scraping job (Parallel Mode) ---
2026-02-02 17:12:34,689 - INFO - Creating new robust session with 3 retries on 5xx/connection/read errors.
2026-02-02 17:12:34,689 - INFO - Proxy is DISABLED.
2026-02-02 17:12:34,690 - INFO - Starting scrape for BBC RSS feed: http://feeds.bbci.co.uk/news/world/rss.xml
2026-02-02 17:12:34,690 - INFO - [Times of India] (Thread) requires Selenium. Initializing driver...
2026-02-02 17:12:34,691 - INFO - Starting scrape for The Guardian RSS feed: https://www.theguardian.com/world/rss
2026-02-02 17:12:34,691 - INFO - [The Hindu] (Thread) requires Selenium. Initializing driver...
2026-02-02 17:12:34,691 - INFO - Submitted 4 jobs to thread pool. Waiting up to 300s for completion...
2026-02-02 17:12:34,832 - INFO - Found 36 articles in BBC RSS feed. Processing up to 30.
2026-02-02 17:12:34,833 - INFO - [BBC] Early skip: URL https://www.bbc.com/news/articles/c1508llzw4qo?at_medium=RSS&at_campaign=rss already exists.
2026-02-02 17:12:34,901 - INFO - Found 45 articles in The Guardian RSS feed. Processing up to 30.
2026-02-02 17:12:34,933 - INFO - [The Guardian] Early skip: URL https://www.theguardian.com/environment/2026/feb/02/weather-tracker-cyclone-fytia-madagascar-floods already exists.
2026-02-02 17:12:35,209 - INFO - [BBC] Early skip: URL https://www.bbc.com/news/videos/cx20zqw7v9ko?at_medium=RSS&at_campaign=rss already exists.
2026-02-02 17:12:35,342 - INFO - [The Guardian] Early skip: URL https://www.theguardian.com/world/2026/feb/02/israel-agrees-to-limited-reopening-of-rafah-border-crossing-in-gaza already exists.
2026-02-02 17:12:35,543 - INFO - [BBC] Early skip: URL https://www.bbc.com/news/articles/c20g25w8j0xo?at_medium=RSS&at_campaign=rss already exists.
2026-02-02 17:12:35,718 - INFO - [The Guardian] Early skip: URL https://www.theguardian.com/law/2026/feb/02/more-than-100000-civilians-killed-war-crimes-out-of-control-study already exists.
2026-02-02 17:12:35,959 - INFO - [BBC] Early skip: URL https://www.bbc.com/news/articles/c99kdjdj9l8o?at_medium=RSS&at_campaign=rss already exists.
2026-02-02 17:12:36,086 - INFO - [The Guardian] Early skip: URL https://www.theguardian.com/world/2026/jan/30/more-than-200-killed-in-coltan-mine-collapse-in-eastern-drc-officials-say already exists.
2026-02-02 17:12:36,253 - INFO - [BBC] Early skip: URL https://www.bbc.com/news/articles/cly94qe3yr0o?at_medium=RSS&at_campaign=rss already exists.
2026-02-02 17:12:36,504 - INFO - [The Guardian] Early skip: URL https://www.theguardian.com/world/2026/jan/30/niger-airport-airbase-attack-islamic-state already exists.
2026-02-02 17:12:36,793 - INFO - [BBC] Early skip: URL https://www.bbc.com/news/articles/c4g3v4pjwgjo?at_medium=RSS&at_campaign=rss already exists.
2026-02-02 17:12:37,029 - INFO - [The Guardian] Early skip: URL https://www.theguardian.com/us-news/2026/feb/02/rightwing-brazilian-influencer-junior-pena-arrested-by-ice already exists.
2026-02-02 17:12:37,279 - INFO - [BBC] Early skip: URL https://www.bbc.com/news/articles/c98p02yg4jro?at_medium=RSS&at_campaign=rss already exists.
2026-02-02 17:12:37,569 - INFO - [The Guardian] Early skip: URL https://www.theguardian.com/world/2026/feb/02/indigenous-views-trump-greenland-push-inuits-arctic already exists.
2026-02-02 17:12:37,692 - INFO - [BBC] Early skip: URL https://www.bbc.com/news/articles/cwy8zqn9571o?at_medium=RSS&at_campaign=rss already exists.
2026-02-02 17:12:37,981 - INFO - [The Guardian] Early skip: URL https://www.theguardian.com/world/2026/feb/02/laura-fernandez-wins-costa-rica-president-latin-america-rightwing already exists.
2026-02-02 17:12:38,164 - INFO - [BBC] Early skip: URL https://www.bbc.com/news/articles/cvgdyj5n3m6o?at_medium=RSS&at_campaign=rss already exists.
2026-02-02 17:12:38,369 - INFO - [The Guardian] Early skip: URL https://www.theguardian.com/artanddesign/2026/feb/02/lalo-de-almeida-photographer-journey-through-pantanal-wildfires-brazil already exists.
2026-02-02 17:12:38,538 - INFO - [BBC] Early skip: URL https://www.bbc.com/news/articles/ce8g7q4ymrvo?at_medium=RSS&at_campaign=rss already exists.
2026-02-02 17:12:38,792 - INFO - [The Guardian] Early skip: URL https://www.theguardian.com/us-news/2026/feb/01/mexico-moves-to-combat-pollution-following-guardian-investigations already exists.
2026-02-02 17:12:38,901 - INFO - [BBC] Early skip: URL https://www.bbc.com/news/articles/cx20zkkq54go?at_medium=RSS&at_campaign=rss already exists.
2026-02-02 17:12:39,107 - INFO - [The Guardian] Early skip: URL https://www.theguardian.com/business/2026/feb/01/us-uk-eu-australia-critical-minerals-rare-earths-g7-minimum-price already exists.
2026-02-02 17:12:39,377 - INFO - [BBC] Early skip: URL https://www.bbc.com/news/articles/cdre7me407yo?at_medium=RSS&at_campaign=rss already exists.
2026-02-02 17:12:39,492 - INFO - [The Guardian] Early skip: URL https://www.theguardian.com/world/2026/feb/01/living-hell-of-north-koreas-paradise-on-earth-scheme-back-in-spotlight-in-japan already exists.
2026-02-02 17:12:39,638 - INFO - [BBC] Early skip: URL https://www.bbc.com/news/articles/cg4e9eqz4rxo?at_medium=RSS&at_campaign=rss already exists.
2026-02-02 17:12:39,757 - INFO - [The Guardian] Early skip: URL https://www.theguardian.com/world/2026/jan/31/starmer-hopes-his-china-trip-will-begin-the-thaw-after-recent-ice-age already exists.
2026-02-02 17:12:39,876 - INFO - [BBC] Early skip: URL https://www.bbc.com/news/articles/cdre7g2je63o?at_medium=RSS&at_campaign=rss already exists.
2026-02-02 17:12:40,020 - INFO - [The Guardian] Early skip: URL https://www.theguardian.com/politics/live/2026/jan/30/donald-trump-keir-starmer-china-uk-us-trade-deals-tariffs-latest-news already exists.
2026-02-02 17:12:40,129 - INFO - [BBC] Early skip: URL https://www.bbc.com/news/articles/c3r1e9xx074o?at_medium=RSS&at_campaign=rss already exists.
2026-02-02 17:12:40,243 - INFO - [The Guardian] Early skip: URL https://www.theguardian.com/world/2026/jan/30/china-lifts-sanctions-british-mps-peers already exists.
2026-02-02 17:12:40,539 - INFO - [BBC] Early skip: URL https://www.bbc.com/news/articles/ceqz8r2j24do?at_medium=RSS&at_campaign=rss already exists.
2026-02-02 17:12:40,833 - INFO - [The Guardian] Early skip: URL https://www.theguardian.com/australia-news/2026/feb/03/coalition-chaos-has-handed-albanese-a-gift-but-hell-need-much-more-for-the-testing-times-ahead already exists.
2026-02-02 17:12:40,961 - INFO - [BBC] Early skip: URL https://www.bbc.com/news/articles/c77k0nlvx3yo?at_medium=RSS&at_campaign=rss already exists.
2026-02-02 17:12:41,176 - INFO - [The Guardian] Early skip: URL https://www.theguardian.com/australia-news/2026/feb/03/most-experts-think-the-rba-will-hike-the-cash-rate-heres-why-they-may-be-wrong already exists.
2026-02-02 17:12:41,435 - INFO - [BBC] Early skip: URL https://www.bbc.com/news/articles/c1ev53zyww2o?at_medium=RSS&at_campaign=rss already exists.
2026-02-02 17:12:41,685 - INFO - [The Guardian] Early skip: URL https://www.theguardian.com/australia-news/2026/feb/03/bradfield-mp-nicolette-boele-teal-election-campaign-donations already exists.
2026-02-02 17:12:41,826 - INFO - [BBC] Early skip: URL https://www.bbc.com/news/articles/c931vdngdd2o?at_medium=RSS&at_campaign=rss already exists.
2026-02-02 17:12:42,065 - INFO - [The Guardian] Early skip: URL https://www.theguardian.com/australia-news/2026/feb/02/david-littleproud-nationals-coalition-sussan-ley-meeting already exists.
2026-02-02 17:12:42,250 - INFO - [BBC] Early skip: URL https://www.bbc.com/news/articles/cwynzw7jd4go?at_medium=RSS&at_campaign=rss already exists.
2026-02-02 17:12:42,503 - INFO - [The Guardian] Early skip: URL https://www.theguardian.com/australia-news/2026/feb/02/jess-wilson-barnaby-joyce-one-nation-event-victoria already exists.
2026-02-02 17:12:42,700 - INFO - [BBC] Early skip: URL https://www.bbc.com/news/articles/cgqedv5elzpo?at_medium=RSS&at_campaign=rss already exists.
2026-02-02 17:12:42,832 - INFO - [The Guardian] Early skip: URL https://www.theguardian.com/world/live/2026/feb/02/eu-us-foreign-policy-shift-security-defence-latest-news-updates already exists.
2026-02-02 17:12:43,077 - INFO - [BBC] Early skip: URL https://www.bbc.com/news/articles/cn42nedxqyqo?at_medium=RSS&at_campaign=rss already exists.
2026-02-02 17:12:43,295 - INFO - [The Guardian] Article: https://www.theguardian.com/world/2026/feb/02/damning-eu-report-lays-bare-blocs-dangerous-dependence-on-critical-mineral-imports
2026-02-02 17:12:43,295 - INFO - [The Guardian] Attempt 1/1: Trying with 'requests_browser' strategy...
2026-02-02 17:12:43,296 - INFO - [BBC] Early skip: URL https://www.bbc.com/news/articles/c0mk3v2k3r0o?at_medium=RSS&at_campaign=rss already exists.
2026-02-02 17:12:43,322 - INFO - [The Guardian] Success with 'requests_browser'. Found content (609 words).
2026-02-02 17:12:45,654 - INFO - Selenium driver initialized successfully.
2026-02-02 17:12:45,654 - INFO - Starting scrape for The Hindu RSS feed: https://www.thehindu.com/news/national/feeder/default.rss
2026-02-02 17:12:45,655 - INFO - Selenium driver initialized successfully.
2026-02-02 17:12:45,656 - INFO - Starting scrape for Times of India RSS feed: https://timesofindia.indiatimes.com/rssfeeds/296589292.cms
2026-02-02 17:12:45,947 - INFO - Found 20 articles in Times of India RSS feed. Processing up to 30.
2026-02-02 17:12:45,949 - INFO - Found 100 articles in The Hindu RSS feed. Processing up to 30.
2026-02-02 17:13:22,532 - INFO - Saved article: Damning EU report lays bare bloc’s ‘dangerous dependence’ on critical mineral imports | Critical minerals | The Guardian from The Guardian (609 words)
2026-02-02 17:13:22,533 - INFO - [BBC] Early skip: URL https://www.bbc.com/news/articles/cj0n3j16p8lo?at_medium=RSS&at_campaign=rss already exists.
2026-02-02 17:13:22,806 - INFO - [Times of India] Article: https://timesofindia.indiatimes.com/world/us/celebrity-doctor-peter-attia-breaks-silence-over-crude-email-sent-to-epstein-i-had-little-exposure-his-access-felt-novel/articleshow/127867257.cms
2026-02-02 17:13:22,806 - INFO - [Times of India] Attempt 1/1: Trying with 'selenium_browser' strategy...
2026-02-02 17:13:22,807 - INFO - [The Hindu] Article: https://www.thehindu.com/news/national/andhra-pradesh/intermediate-student-dies-under-suspicious-circumstances/article70584084.ece
2026-02-02 17:13:22,807 - INFO - [The Hindu] Attempt 1/1: Trying with 'selenium_browser' strategy...
2026-02-02 17:13:22,808 - INFO - [BBC] Early skip: URL https://www.bbc.com/news/articles/cqj2kyp29l7o?at_medium=RSS&at_campaign=rss already exists.
2026-02-02 17:13:22,928 - INFO - [BBC] Early skip: URL https://www.bbc.com/news/articles/cew8qzdxnnjo?at_medium=RSS&at_campaign=rss already exists.
2026-02-02 17:13:23,120 - INFO - [BBC] Early skip: URL https://www.bbc.com/news/articles/ckglwnrx437o?at_medium=RSS&at_campaign=rss already exists.
2026-02-02 17:13:23,299 - INFO - [BBC] Early skip: URL https://www.bbc.com/news/articles/cy8p27vmyvmo?at_medium=RSS&at_campaign=rss already exists.
2026-02-02 17:13:23,578 - INFO - [The Guardian] Article: https://www.theguardian.com/world/2026/feb/02/rome-trevi-fountain-fee-tourists
2026-02-02 17:13:23,578 - INFO - [The Guardian] Attempt 1/1: Trying with 'requests_browser' strategy...
2026-02-02 17:13:23,580 - INFO - [BBC] Early skip: URL https://www.bbc.com/news/articles/cevnmxyy4wjo?at_medium=RSS&at_campaign=rss already exists.
2026-02-02 17:13:23,728 - INFO - [BBC] Early skip: URL https://www.bbc.com/news/articles/cm2xj3ykpj4o?at_medium=RSS&at_campaign=rss already exists.
2026-02-02 17:13:23,756 - INFO - [The Guardian] Success with 'requests_browser'. Found content (549 words).
2026-02-02 17:13:29,014 - INFO - [The Hindu] Page content loaded.
2026-02-02 17:13:29,226 - INFO - [The Hindu] Success with 'selenium_browser'. Found content (115 words).
2026-02-02 17:13:43,115 - ERROR - [Times of India] Request failed for strategy 'selenium_browser' on URL https://timesofindia.indiatimes.com/world/us/celebrity-doctor-peter-attia-breaks-silence-over-crude-email-sent-to-epstein-i-had-little-exposure-his-access-felt-novel/articleshow/127867257.cms: Message: timeout: Timed out receiving message from renderer: 19.760
  (Session info: chrome=144.0.7559.96)
Stacktrace:
#0 0x559c86e324ba <unknown>
#1 0x559c8689b492 <unknown>
#2 0x559c86882b47 <unknown>
#3 0x559c86882756 <unknown>
#4 0x559c86880271 <unknown>
#5 0x559c86880bff <unknown>
#6 0x559c86890150 <unknown>
#7 0x559c868aa147 <unknown>
#8 0x559c868b134b <unknown>
#9 0x559c86881369 <unknown>
#10 0x559c868a9eda <unknown>
#11 0x559c86939a78 <unknown>
#12 0x559c868e26a2 <unknown>
#13 0x559c868e3491 <unknown>
#14 0x559c86df8479 <unknown>
#15 0x559c86dfb391 <unknown>
#16 0x559c86de4a89 <unknown>
#17 0x559c86dfbf4e <unknown>
#18 0x559c86dcb070 <unknown>
#19 0x559c86e1fca8 <unknown>
#20 0x559c86e1fe78 <unknown>
#21 0x559c86e31828 <unknown>
#22 0x7f31c3c9caa4 <unknown>
#23 0x7f31c3d29c6c <unknown>

2026-02-02 17:13:43,115 - ERROR - [Times of India] All scrape strategies failed for https://timesofindia.indiatimes.com/world/us/celebrity-doctor-peter-attia-breaks-silence-over-crude-email-sent-to-epstein-i-had-little-exposure-his-access-felt-novel/articleshow/127867257.cms. Falling back to RSS description.
2026-02-02 17:13:43,115 - WARNING - SKIPPED (GLOBAL WORD LIMIT): Article 'Celebrity doctor Peter Attia breaks silence over crude email sent to Epstein: I had little exposure, his access felt novel' from Times of India has only 3 words (Min: 90).
2026-02-02 17:14:20,669 - INFO - Saved article: ‘This is history, it should be free’: Rome’s €2 Trevi fountain fee divides opinion | Italy | The Guardian from The Guardian (549 words)
2026-02-02 17:15:05,315 - INFO - Saved article: Intermediate student dies under suspicious circumstances - The Hindu from The Hindu (115 words)
2026-02-02 17:15:05,316 - INFO - [Times of India] Article: https://timesofindia.indiatimes.com/world/us/maga-melts-down-thinking-rehmet-is-indian-after-democrat-flips-texas-local-election/articleshow/127866363.cms
2026-02-02 17:15:05,316 - INFO - [Times of India] Attempt 1/1: Trying with 'selenium_browser' strategy...
2026-02-02 17:15:05,316 - INFO - [The Guardian] Early skip: URL https://www.theguardian.com/world/2026/feb/02/marius-borg-hoiby-son-of-norway-crown-princess-arrested-new-charges-before-rape-trial already exists.
2026-02-02 17:15:05,450 - INFO - [The Guardian] Article: https://www.theguardian.com/world/2026/feb/02/chumbawamba-spain-far-right-vox-song-tubthumping
2026-02-02 17:15:05,450 - INFO - [The Guardian] Attempt 1/1: Trying with 'requests_browser' strategy...
2026-02-02 17:15:05,675 - INFO - [The Guardian] Success with 'requests_browser'. Found content (463 words).
2026-02-02 17:15:07,348 - INFO - [Times of India] Page content loaded.
2026-02-02 17:15:07,793 - INFO - [Times of India] Success with 'selenium_browser'. Found content (400 words).
2026-02-02 17:15:52,610 - INFO - Saved article: Chumbawamba call on Spain’s far-right Vox to stop using their best-known song | Spain | The Guardian from The Guardian (463 words)
2026-02-02 17:15:52,611 - INFO - [The Hindu] Article: https://www.thehindu.com/news/national/donald-trump-holds-telephone-discussion-with-pm-modi-as-jaishankar-reaches-us/article70584558.ece
2026-02-02 17:15:52,611 - INFO - [The Hindu] Attempt 1/1: Trying with 'selenium_browser' strategy...
2026-02-02 17:15:55,419 - INFO - [The Hindu] Page content loaded.
2026-02-02 17:15:55,890 - INFO - [The Hindu] Success with 'selenium_browser'. Found content (430 words).
2026-02-02 17:16:35,443 - INFO - Saved article: MAGA melts down thinking 'Rehmet is Indian' after Democrat flips Texas local election - The Times of India from Times of India (400 words)
2026-02-02 17:16:35,443 - INFO - [The Guardian] Early skip: URL https://www.theguardian.com/world/live/2026/feb/02/rafah-border-egypt-gaza-israel-opens-crossing-latest-news-updates already exists.
2026-02-02 17:17:17,137 - INFO - Saved article: Donald Trump holds telephone discussion with PM Modi as Jaishankar reaches U.S. - The Hindu from The Hindu (430 words)
2026-02-02 17:17:17,137 - INFO - [The Guardian] Early skip: URL https://www.theguardian.com/world/2026/jan/31/trump-hints-at-deal-with-iran-to-avoid-military-strikes already exists.
2026-02-02 17:17:17,393 - INFO - [Times of India] Article: https://timesofindia.indiatimes.com/etimes/trending/snoop-doggs-family-mourns-as-granddaughter-passes-away-weeks-after-hospital-discharge/articleshow/127865348.cms
2026-02-02 17:17:17,393 - INFO - [Times of India] Attempt 1/1: Trying with 'selenium_browser' strategy...
2026-02-02 17:17:17,394 - INFO - [The Guardian] Early skip: URL https://www.theguardian.com/world/2026/feb/01/preparations-begin-for-reopening-of-gaza-rafah-crossing-officials-say already exists.
2026-02-02 17:17:17,683 - INFO - [The Guardian] Early skip: URL https://www.theguardian.com/world/2026/feb/01/calls-grow-in-iran-for-independent-inquiry-into-protest-death-toll already exists.
2026-02-02 17:17:17,916 - INFO - [The Guardian] Early skip: URL https://www.theguardian.com/uk-news/2026/feb/01/british-army-chief-government-drugs-mdma-therapy-veterans already exists.
2026-02-02 17:17:18,182 - INFO - [The Hindu] Article: https://www.thehindu.com/news/national/andhra-pradesh/three-youths-killed-as-bikes-collide-on-road-cum-rail-bridge-in-rajamahendravaram/article70584540.ece
2026-02-02 17:17:18,182 - INFO - [The Hindu] Attempt 1/1: Trying with 'selenium_browser' strategy...
2026-02-02 17:17:20,031 - INFO - [The Hindu] Page content loaded.
2026-02-02 17:17:20,174 - WARNING - [The Hindu] FAILED with 'selenium_browser' (content was too short: 78 words).
2026-02-02 17:17:20,174 - ERROR - [The Hindu] All scrape strategies failed for https://www.thehindu.com/news/national/andhra-pradesh/three-youths-killed-as-bikes-collide-on-road-cum-rail-bridge-in-rajamahendravaram/article70584540.ece. Falling back to RSS description.
2026-02-02 17:17:20,174 - WARNING - SKIPPED (GLOBAL WORD LIMIT): Article 'Three youths killed as bikes collide on road-cum-rail bridge in Rajamahendravaram' from The Hindu has only 3 words (Min: 90).
2026-02-02 17:17:20,225 - INFO - [Times of India] Page content loaded.
2026-02-02 17:17:20,556 - INFO - [Times of India] Success with 'selenium_browser'. Found content (624 words).
2026-02-02 17:17:34,691 - CRITICAL - --- TIMEOUT: 2 scrape jobs did not complete in 300s. ---
2026-02-02 17:17:34,692 - ERROR - A thread has timed out and will be abandoned.
2026-02-02 17:17:34,692 - ERROR - A thread has timed out and will be abandoned.
2026-02-02 17:17:34,692 - INFO - Shutting down thread pool (wait=False)...
2026-02-02 17:17:34,692 - INFO - Scraped: 0 BBC, 3 The Guardian, 2 Timed_Out_Jobs articles. (Total saved: 3)
2026-02-02 17:17:34,692 - INFO - --- Scraping job finished ---
2026-02-02 17:17:34,693 - INFO - --- Scraper service stopped and database connection closed. ---
2026-02-02 17:17:34,693 - INFO - --- Main thread finished. Forcing process exit to kill zombie threads. ---
