2026-01-15 10:55:00,679 - INFO - Loading AI Semantic Model (all-MiniLM-L6-v2)...
2026-01-15 10:55:00,680 - INFO - Use pytorch device_name: cpu
2026-01-15 10:55:00,680 - INFO - Load pretrained SentenceTransformer: all-MiniLM-L6-v2
2026-01-15 10:55:01,398 - INFO - AI Model loaded successfully.
2026-01-15 10:55:01,398 - INFO - --- Scraper service started (CI Mode: Run Once) ---
2026-01-15 10:55:01,398 - INFO - --- Starting new scraping job (Parallel Mode) ---
2026-01-15 10:55:01,398 - INFO - Creating new robust session with 3 retries on 5xx/connection/read errors.
2026-01-15 10:55:01,398 - INFO - Proxy is DISABLED.
2026-01-15 10:55:01,399 - INFO - Starting scrape for BBC RSS feed: http://feeds.bbci.co.uk/news/world/rss.xml
2026-01-15 10:55:01,400 - INFO - [Times of India] (Thread) requires Selenium. Initializing driver...
2026-01-15 10:55:01,400 - INFO - Starting scrape for The Guardian RSS feed: https://www.theguardian.com/world/rss
2026-01-15 10:55:01,401 - INFO - [The Hindu] (Thread) requires Selenium. Initializing driver...
2026-01-15 10:55:01,401 - INFO - Submitted 4 jobs to thread pool. Waiting up to 300s for completion...
2026-01-15 10:55:01,493 - INFO - Found 21 articles in BBC RSS feed. Processing up to 30.
2026-01-15 10:55:01,493 - INFO - [BBC] Early skip: URL https://www.bbc.com/news/articles/c07xpndjdd8o?at_medium=RSS&at_campaign=rss already exists.
2026-01-15 10:55:01,604 - INFO - Found 45 articles in The Guardian RSS feed. Processing up to 30.
2026-01-15 10:55:01,708 - INFO - [The Guardian] Early skip: URL https://www.theguardian.com/world/2026/jan/15/uganda-vote-election-yoweri-museveni-bobi-wine already exists.
2026-01-15 10:55:01,992 - INFO - [BBC] Early skip: URL https://www.bbc.com/news/articles/cg7vdpy1l2vo?at_medium=RSS&at_campaign=rss already exists.
2026-01-15 10:55:02,284 - INFO - [The Guardian] Early skip: URL https://www.theguardian.com/us-news/2026/jan/13/trump-administration-ends-tps-somalia already exists.
2026-01-15 10:55:02,577 - INFO - [BBC] Early skip: URL https://www.bbc.com/news/articles/cx20vzz0g8vo?at_medium=RSS&at_campaign=rss already exists.
2026-01-15 10:55:02,741 - INFO - [The Guardian] Early skip: URL https://www.theguardian.com/business/2026/jan/13/developing-countries-poorer-world-bank-report already exists.
2026-01-15 10:55:02,957 - INFO - [BBC] Early skip: URL https://www.bbc.com/news/articles/c3r197we875o?at_medium=RSS&at_campaign=rss already exists.
2026-01-15 10:55:03,100 - INFO - [The Guardian] Early skip: URL https://www.theguardian.com/books/2026/jan/12/chimamanda-ngozi-adichie-accuses-lagos-hospital-negligence-son-death already exists.
2026-01-15 10:55:03,237 - INFO - [BBC] Early skip: URL https://www.bbc.com/news/articles/cm2yvnen1qyo?at_medium=RSS&at_campaign=rss already exists.
2026-01-15 10:55:03,383 - INFO - [The Guardian] Early skip: URL https://www.theguardian.com/global-development/2026/jan/09/the-gambia-female-genital-mutilation-fgm-supreme-court-case-overturn-ban already exists.
2026-01-15 10:55:03,503 - INFO - [BBC] Early skip: URL https://www.bbc.com/news/articles/cq6vm677z76o?at_medium=RSS&at_campaign=rss already exists.
2026-01-15 10:55:03,712 - INFO - [The Guardian] Early skip: URL https://www.theguardian.com/world/2026/jan/14/venezuelan-political-prisoners-released already exists.
2026-01-15 10:55:03,913 - INFO - [BBC] Early skip: URL https://www.bbc.com/news/articles/cp80217r1kpo?at_medium=RSS&at_campaign=rss already exists.
2026-01-15 10:55:04,061 - INFO - [The Guardian] Early skip: URL https://www.theguardian.com/world/2026/jan/14/quebec-premier-francois-legault-resigns already exists.
2026-01-15 10:55:04,323 - INFO - [BBC] Early skip: URL https://www.bbc.com/news/articles/c205677pxvxo?at_medium=RSS&at_campaign=rss already exists.
2026-01-15 10:55:04,529 - INFO - [The Guardian] Early skip: URL https://www.theguardian.com/environment/2026/jan/12/us-plan-to-exploit-venezuelas-oil-could-eat-up-13-of-carbon-budget-to-keep-15c-limit already exists.
2026-01-15 10:55:04,777 - INFO - [BBC] Early skip: URL https://www.bbc.com/news/articles/cx2xn1yvgr4o?at_medium=RSS&at_campaign=rss already exists.
2026-01-15 10:55:04,952 - INFO - [The Guardian] Early skip: URL https://www.theguardian.com/world/2026/jan/12/trump-latin-america-feud-colombia-gustavo-petro already exists.
2026-01-15 10:55:05,076 - INFO - [BBC] Early skip: URL https://www.bbc.com/news/articles/cjw1nxe5pvlo?at_medium=RSS&at_campaign=rss already exists.
2026-01-15 10:55:05,281 - INFO - [The Guardian] Early skip: URL https://www.theguardian.com/us-news/2026/jan/12/us-oil-producers-global-supply-glut-venezuela already exists.
2026-01-15 10:55:05,497 - INFO - [BBC] Early skip: URL https://www.bbc.com/news/articles/c801p8jppv5o?at_medium=RSS&at_campaign=rss already exists.
2026-01-15 10:55:05,774 - INFO - [The Guardian] Early skip: URL https://www.theguardian.com/world/2026/jan/14/thailand-train-crane-accident-deaths already exists.
2026-01-15 10:55:05,926 - INFO - [BBC] Early skip: URL https://www.bbc.com/news/articles/c8e54zp5j6no?at_medium=RSS&at_campaign=rss already exists.
2026-01-15 10:55:06,035 - INFO - [The Guardian] Early skip: URL https://www.theguardian.com/world/2026/jan/14/china-reports-record-trillion-dollar-trade-surplus-despite-trump-tariffs already exists.
2026-01-15 10:55:06,316 - INFO - [BBC] Early skip: URL https://www.bbc.com/news/articles/c99k4jxz0ndo?at_medium=RSS&at_campaign=rss already exists.
2026-01-15 10:55:06,545 - INFO - [The Guardian] Early skip: URL https://www.theguardian.com/world/2026/jan/13/south-korean-prosecutors-demand-death-penalty-for-former-president-yoon-suk-yeol already exists.
2026-01-15 10:55:06,701 - INFO - [BBC] Early skip: URL https://www.bbc.com/news/articles/cn4037v0w12o?at_medium=RSS&at_campaign=rss already exists.
2026-01-15 10:55:06,973 - INFO - [The Guardian] Early skip: URL https://www.theguardian.com/music/2026/jan/14/bts-announces-return-with-new-world-tourm-includin-in-2026-and-2027 already exists.
2026-01-15 10:55:07,094 - INFO - [BBC] Early skip: URL https://www.bbc.com/news/articles/c8x9v241z2qo?at_medium=RSS&at_campaign=rss already exists.
2026-01-15 10:55:07,272 - INFO - [The Guardian] Early skip: URL https://www.theguardian.com/world/2026/jan/13/workers-at-chinese-factory-that-produces-labubu-toys-are-being-exploited-says-ngo already exists.
2026-01-15 10:55:07,567 - INFO - [BBC] Article: https://www.bbc.com/news/videos/c89q0y5xd79o?at_medium=RSS&at_campaign=rss
2026-01-15 10:55:07,567 - INFO - [BBC] Attempt 1/1: Trying with 'requests_browser' strategy...
2026-01-15 10:55:07,568 - INFO - [The Guardian] Early skip: URL https://www.theguardian.com/australia-news/2026/jan/15/hand-sanitiser-recall-dr-schwartz-hotel-chain-accc already exists.
2026-01-15 10:55:07,730 - INFO - [The Guardian] Early skip: URL https://www.theguardian.com/culture/2026/jan/15/jewish-american-columnist-thomas-friedman-says-he-was-uninvited-from-2024-adelaide-writers-week-ntwnfb already exists.
2026-01-15 10:55:07,870 - INFO - [The Guardian] Early skip: URL https://www.theguardian.com/australia-news/live/2026/jan/15/victoria-bushfires-school-data-hack-adelaide-writers-week-peter-malinauskas-labor-hate-speech-laws-political-reaction-anthony-albanese-sussan-ley-coalition-ntwnfb already exists.
2026-01-15 10:55:07,910 - INFO - [BBC] Success with 'requests_browser'. Found content (107 words).
2026-01-15 10:55:08,640 - INFO - Selenium driver initialized successfully.
2026-01-15 10:55:08,640 - INFO - Selenium driver initialized successfully.
2026-01-15 10:55:08,640 - INFO - Starting scrape for The Hindu RSS feed: https://www.thehindu.com/news/national/feeder/default.rss
2026-01-15 10:55:08,640 - INFO - Starting scrape for Times of India RSS feed: https://timesofindia.indiatimes.com/rssfeeds/296589292.cms
2026-01-15 10:55:08,845 - INFO - Found 20 articles in Times of India RSS feed. Processing up to 30.
2026-01-15 10:55:08,864 - INFO - Found 100 articles in The Hindu RSS feed. Processing up to 30.
2026-01-15 10:55:50,041 - INFO - Saved article: Watch: Astronauts return to Earth after medical evacuation from BBC (107 words)
2026-01-15 10:55:50,041 - INFO - [The Guardian] Early skip: URL https://www.theguardian.com/australia-news/2026/jan/15/river-wye-flooding-victoria-great-ocean-road-cars-washed-away already exists.
2026-01-15 10:55:50,264 - INFO - [Times of India] Article: https://timesofindia.indiatimes.com/world/us/who-is-dr-nisha-verma-us-senator-asks-indian-origin-doctor-if-men-can-get-pregnant/articleshow/126543954.cms
2026-01-15 10:55:50,264 - INFO - [Times of India] Attempt 1/1: Trying with 'selenium_browser' strategy...
2026-01-15 10:55:50,265 - INFO - [The Hindu] Article: https://www.thehindu.com/business/Economy/exports-rise-187-to-385-billion-in-december/article70512532.ece
2026-01-15 10:55:50,265 - INFO - [The Hindu] Attempt 1/1: Trying with 'selenium_browser' strategy...
2026-01-15 10:55:50,266 - INFO - [The Guardian] Early skip: URL https://www.theguardian.com/australia-news/2026/jan/15/sussan-ley-coalition-criticises-labor-hate-speech-reforms-ntwnfb already exists.
2026-01-15 10:55:50,422 - INFO - [The Guardian] Early skip: URL https://www.theguardian.com/world/2026/jan/15/british-diplomat-expelled-russia-accused-spy already exists.
2026-01-15 10:55:50,721 - INFO - [The Guardian] Early skip: URL https://www.theguardian.com/us-news/2026/jan/14/global-survey-suggests-trump-is-making-china-not-america-great-again already exists.
2026-01-15 10:55:50,880 - INFO - [The Guardian] Early skip: URL https://www.theguardian.com/world/2026/jan/14/greenland-us-trump-talks-denmark already exists.
2026-01-15 10:55:50,988 - INFO - [The Guardian] Early skip: URL https://www.theguardian.com/world/live/2026/jan/14/denmark-greenland-us-latest-news-updates-europe-live-trump already exists.
2026-01-15 10:55:51,156 - INFO - [The Guardian] Early skip: URL https://www.theguardian.com/technology/2026/jan/14/california-attorney-general-investigates-grok-ai-elon-musk already exists.
2026-01-15 10:55:51,374 - INFO - [The Guardian] Early skip: URL https://www.theguardian.com/world/live/2026/jan/15/trump-iran-protests-usa-response-airspace-killings-live-updates already exists.
2026-01-15 10:55:51,662 - INFO - [The Guardian] Early skip: URL https://www.theguardian.com/world/2026/jan/15/iran-protest-killings-trump-tehran-claims-no-executions already exists.
2026-01-15 10:55:51,817 - INFO - [BBC] Article: https://www.bbc.com/news/videos/c1wz807vpglo?at_medium=RSS&at_campaign=rss
2026-01-15 10:55:51,817 - INFO - [BBC] Attempt 1/1: Trying with 'requests_browser' strategy...
2026-01-15 10:55:51,817 - INFO - [The Guardian] Early skip: URL https://www.theguardian.com/world/live/2026/jan/14/iran-protests-live-updates-trump-us-action-death-toll-protester-executions-erfan-soltani already exists.
2026-01-15 10:55:51,923 - WARNING - [BBC] FAILED with 'requests_browser' (content was too short: 82 words).
2026-01-15 10:55:51,923 - ERROR - [BBC] All scrape strategies failed for https://www.bbc.com/news/videos/c1wz807vpglo?at_medium=RSS&at_campaign=rss. Falling back to RSS description.
2026-01-15 10:55:51,924 - WARNING - SKIPPED (GLOBAL WORD LIMIT): Article 'Watch: Aerial footage shows cars swept away by flash floods in Australia' from BBC has only 15 words (Min: 90).
2026-01-15 10:55:51,951 - INFO - [The Guardian] Early skip: URL https://www.theguardian.com/world/2026/jan/14/iran-protests-erfan-soltani-donald-trump-warning-executions-hangings already exists.
2026-01-15 10:55:52,102 - INFO - [The Guardian] Early skip: URL https://www.theguardian.com/world/2026/jan/14/iran-protester-erfan-soltani-death-sentence-relative already exists.
2026-01-15 10:55:53,245 - INFO - [BBC] Early skip: URL https://www.bbc.com/news/videos/c3wz4v8xl8wo?at_medium=RSS&at_campaign=rss already exists.
2026-01-15 10:55:53,496 - INFO - [BBC] Early skip: URL https://www.bbc.com/news/videos/cd7z8p0nq8jo?at_medium=RSS&at_campaign=rss already exists.
2026-01-15 10:55:53,732 - INFO - [BBC] Article: https://www.bbc.com/news/videos/c4g0d892p7go?at_medium=RSS&at_campaign=rss
2026-01-15 10:55:53,732 - INFO - [BBC] Attempt 1/1: Trying with 'requests_browser' strategy...
2026-01-15 10:55:53,880 - WARNING - [BBC] FAILED with 'requests_browser' (content was too short: 68 words).
2026-01-15 10:55:53,881 - ERROR - [BBC] All scrape strategies failed for https://www.bbc.com/news/videos/c4g0d892p7go?at_medium=RSS&at_campaign=rss. Falling back to RSS description.
2026-01-15 10:55:53,881 - WARNING - SKIPPED (GLOBAL WORD LIMIT): Article 'Trump vows 'very strong action' if Iran executes protesters' from BBC has only 22 words (Min: 90).
2026-01-15 10:55:53,932 - INFO - [The Hindu] Page content loaded.
2026-01-15 10:55:54,055 - INFO - [The Hindu] Success with 'selenium_browser'. Found content (91 words).
2026-01-15 10:56:02,378 - INFO - [Times of India] Page content loaded.
2026-01-15 10:56:03,839 - INFO - [Times of India] Success with 'selenium_browser'. Found content (302 words).
2026-01-15 10:56:57,696 - INFO - Saved article: Exports rise 1.87% to $38.5 billion in December - The Hindu from The Hindu (91 words)
2026-01-15 10:56:57,696 - INFO - [BBC] Early skip: URL https://www.bbc.com/news/videos/cr57v8y9r77o?at_medium=RSS&at_campaign=rss already exists.
2026-01-15 10:57:45,856 - INFO - Saved article: Who is Dr Nisha Verma? US senator asks Indian-origin doctor if men can get pregnant - The Times of India from Times of India (302 words)
2026-01-15 10:57:45,857 - INFO - [The Hindu] Article: https://www.thehindu.com/news/national/air-india-aircraft-grounded-after-engine-ingests-container/article70512544.ece
2026-01-15 10:57:45,857 - INFO - [The Hindu] Attempt 1/1: Trying with 'selenium_browser' strategy...
2026-01-15 10:57:46,377 - INFO - [Times of India] Early skip: URL https://timesofindia.indiatimes.com/world/middle-east/kuwait-launches-multiple-trip-exit-permit-what-it-is-how-to-apply-all-you-need-to-know/articleshow/126541973.cms already exists.
2026-01-15 10:57:46,609 - INFO - [Times of India] Early skip: URL https://timesofindia.indiatimes.com/world/middle-east/how-the-uae-built-the-worlds-leading-arabic-ai-model-falcon-h1-arabic-explained/articleshow/126541445.cms already exists.
2026-01-15 10:57:46,846 - INFO - [Times of India] Early skip: URL https://timesofindia.indiatimes.com/world/middle-east/saudi-arabia-plans-major-mining-bidding-rounds-to-unlock-2-5-trillion-in-minerals/articleshow/126540842.cms already exists.
2026-01-15 10:57:47,018 - INFO - [Times of India] Article: https://timesofindia.indiatimes.com/world/us/did-something-to-them-indian-origin-woman-charged-with-killing-her-2-young-sons-in-new-jersey-probe-underway/articleshow/126540893.cms
2026-01-15 10:57:47,018 - INFO - [Times of India] Attempt 1/1: Trying with 'selenium_browser' strategy...
2026-01-15 10:57:48,812 - INFO - [The Hindu] Page content loaded.
2026-01-15 10:57:48,889 - INFO - [Times of India] Page content loaded.
2026-01-15 10:57:49,132 - WARNING - [The Hindu] FAILED with 'selenium_browser' (content was too short: 83 words).
2026-01-15 10:57:49,132 - ERROR - [The Hindu] All scrape strategies failed for https://www.thehindu.com/news/national/air-india-aircraft-grounded-after-engine-ingests-container/article70512544.ece. Falling back to RSS description.
2026-01-15 10:57:49,132 - WARNING - SKIPPED (GLOBAL WORD LIMIT): Article 'Air India aircraft grounded after engine ingests container' from The Hindu has only 21 words (Min: 90).
2026-01-15 10:57:49,265 - INFO - [Times of India] Success with 'selenium_browser'. Found content (299 words).
2026-01-15 10:58:39,679 - INFO - Saved article: ‘Did something to them’: Indian-origin woman charged with killing her 2 young sons in New Jersey; probe under way - The Times of India from Times of India (299 words)
2026-01-15 10:58:39,679 - INFO - [The Hindu] Early skip: URL https://www.thehindu.com/news/national/maharashtra/uddhav-thackeray-claims-irregularities-in-maharashtra-civic-polls-calls-it-murder-of-democracy/article70512479.ece already exists.
2026-01-15 10:58:39,909 - INFO - [The Hindu] Early skip: URL https://www.thehindu.com/news/national/jammu-and-kashmir/omar-speaks-to-jaishankar-on-jk-students-caught-in-iran-turmoil/article70512460.ece already exists.
2026-01-15 10:58:40,115 - INFO - [The Hindu] Early skip: URL https://www.thehindu.com/news/national/supreme-court-reserves-verdict-on-a-plea-to-withdraw-life-sustaining-treatment-for-harish-rana/article70512419.ece already exists.
2026-01-15 10:58:40,308 - INFO - [Times of India] Article: https://timesofindia.indiatimes.com/home/environment/first-global-repository-of-ice-cores-how-antarctica-scientists-are-preserving-ice-samples-from-melting-glaciers-why-is-it-important/articleshow/126538238.cms
2026-01-15 10:58:40,308 - INFO - [Times of India] Attempt 1/1: Trying with 'selenium_browser' strategy...
2026-01-15 10:58:40,308 - INFO - [The Hindu] Early skip: URL https://www.thehindu.com/news/cities/kolkata/cbi-conducts-searches-in-various-parts-of-kolkata-in-bank-fraud-case/article70512437.ece already exists.
2026-01-15 10:58:40,459 - INFO - [The Hindu] Early skip: URL https://www.thehindu.com/news/national/uttar-pradesh/bsp-to-contest-all-elections-alone-including-2027-up-assembly-polls-mayawati/article70512424.ece already exists.
2026-01-15 10:58:40,734 - INFO - [The Hindu] Early skip: URL https://www.thehindu.com/news/national/uttar-pradesh/want-to-affix-your-nameplate-kharge-to-pm-on-manikarnika-ghat-redevelopment/article70512385.ece already exists.
2026-01-15 10:58:40,881 - INFO - [The Hindu] Article: https://www.thehindu.com/news/national/i-pac-raids-row-incident-reflects-very-shocking-pattern-ed-tells-supreme-court/article70512386.ece
2026-01-15 10:58:40,881 - INFO - [The Hindu] Attempt 1/1: Trying with 'selenium_browser' strategy...
2026-01-15 10:58:42,614 - INFO - [Times of India] Page content loaded.
2026-01-15 10:58:42,769 - INFO - [Times of India] Success with 'selenium_browser'. Found content (421 words).
2026-01-15 10:58:45,871 - INFO - [The Hindu] Page content loaded.
2026-01-15 10:58:46,221 - INFO - [The Hindu] Success with 'selenium_browser'. Found content (596 words).
2026-01-15 10:59:32,100 - INFO - Saved article: First global repository of ice cores: How Antarctica scientists are preserving ice samples from melting glaciers; why is it important? | - The Times of India from Times of India (421 words)
2026-01-15 11:00:01,402 - CRITICAL - --- TIMEOUT: 2 scrape jobs did not complete in 300s. ---
2026-01-15 11:00:01,402 - ERROR - A thread has timed out and will be abandoned.
2026-01-15 11:00:01,402 - ERROR - A thread has timed out and will be abandoned.
2026-01-15 11:00:01,402 - INFO - Shutting down thread pool (wait=False)...
2026-01-15 11:00:01,403 - INFO - Scraped: 0 The Guardian, 1 BBC, 2 Timed_Out_Jobs articles. (Total saved: 1)
2026-01-15 11:00:01,403 - INFO - --- Scraping job finished ---
2026-01-15 11:00:01,403 - INFO - --- Scraper service stopped and database connection closed. ---
2026-01-15 11:00:01,403 - INFO - --- Main thread finished. Forcing process exit to kill zombie threads. ---
