2026-01-10 02:01:42,847 - INFO - Loading AI Semantic Model (all-MiniLM-L6-v2)...
2026-01-10 02:01:42,847 - INFO - Use pytorch device_name: cpu
2026-01-10 02:01:42,847 - INFO - Load pretrained SentenceTransformer: all-MiniLM-L6-v2
2026-01-10 02:01:43,635 - INFO - AI Model loaded successfully.
2026-01-10 02:01:43,636 - INFO - --- Scraper service started (CI Mode: Run Once) ---
2026-01-10 02:01:43,636 - INFO - --- Starting new scraping job (Parallel Mode) ---
2026-01-10 02:01:43,636 - INFO - Creating new robust session with 3 retries on 5xx/connection/read errors.
2026-01-10 02:01:43,636 - INFO - Proxy is DISABLED.
2026-01-10 02:01:43,636 - INFO - Starting scrape for BBC RSS feed: http://feeds.bbci.co.uk/news/world/rss.xml
2026-01-10 02:01:43,637 - INFO - [Times of India] (Thread) requires Selenium. Initializing driver...
2026-01-10 02:01:43,638 - INFO - Starting scrape for The Guardian RSS feed: https://www.theguardian.com/world/rss
2026-01-10 02:01:43,639 - INFO - [The Hindu] (Thread) requires Selenium. Initializing driver...
2026-01-10 02:01:43,639 - INFO - Submitted 4 jobs to thread pool. Waiting up to 300s for completion...
2026-01-10 02:01:43,804 - INFO - Found 45 articles in The Guardian RSS feed. Processing up to 30.
2026-01-10 02:01:43,804 - INFO - [The Guardian] Early skip: URL https://www.theguardian.com/global-development/2026/jan/09/the-gambia-female-genital-mutilation-fgm-supreme-court-case-overturn-ban already exists.
2026-01-10 02:01:43,838 - INFO - Found 29 articles in BBC RSS feed. Processing up to 30.
2026-01-10 02:01:43,907 - INFO - [BBC] Early skip: URL https://www.bbc.com/news/articles/c78vj5n7jg3o?at_medium=RSS&at_campaign=rss already exists.
2026-01-10 02:01:44,181 - INFO - [The Guardian] Early skip: URL https://www.theguardian.com/world/2026/jan/08/questions-targeting-impact-us-airstrikes-in-nigeria already exists.
2026-01-10 02:01:44,380 - INFO - [BBC] Early skip: URL https://www.bbc.com/news/articles/c4g49djqqjgo?at_medium=RSS&at_campaign=rss already exists.
2026-01-10 02:01:44,611 - INFO - [The Guardian] Early skip: URL https://www.theguardian.com/world/2026/jan/02/anthony-joshuas-driver-charged-with-dangerous-driving-after-fatal-crash-in-nigeria already exists.
2026-01-10 02:01:44,715 - INFO - [BBC] Early skip: URL https://www.bbc.com/news/articles/cg7y0579lp8o?at_medium=RSS&at_campaign=rss already exists.
2026-01-10 02:01:44,821 - INFO - [The Guardian] Early skip: URL https://www.theguardian.com/science/2026/jan/01/cremation-pyre-in-africa-thought-to-be-worlds-oldest-containing-adult-remains already exists.
2026-01-10 02:01:45,012 - INFO - [BBC] Early skip: URL https://www.bbc.com/news/articles/cz7yv4524gqo?at_medium=RSS&at_campaign=rss already exists.
2026-01-10 02:01:45,243 - INFO - [The Guardian] Early skip: URL https://www.theguardian.com/global-development/2026/jan/01/us-aid-cuts-conditions-un-humanitarian-pledge-ocha already exists.
2026-01-10 02:01:45,517 - INFO - [BBC] Early skip: URL https://www.bbc.com/news/articles/c4g0mq520zeo?at_medium=RSS&at_campaign=rss already exists.
2026-01-10 02:01:45,658 - INFO - [The Guardian] Early skip: URL https://www.theguardian.com/us-news/2026/jan/09/trump-oil-company-executives-meeting-venezuela already exists.
2026-01-10 02:01:45,908 - INFO - [BBC] Early skip: URL https://www.bbc.com/news/articles/c205dx61x76o?at_medium=RSS&at_campaign=rss already exists.
2026-01-10 02:01:46,068 - INFO - [The Guardian] Early skip: URL https://www.theguardian.com/world/2026/jan/09/trump-venezuela-leadership-meeting-opposition-machado already exists.
2026-01-10 02:01:46,206 - INFO - [BBC] Early skip: URL https://www.bbc.com/news/articles/cgqe9kv9xxvo?at_medium=RSS&at_campaign=rss already exists.
2026-01-10 02:01:46,432 - INFO - [The Guardian] Early skip: URL https://www.theguardian.com/world/2026/jan/09/eu-states-back-controversial-mercosur-deal-with-latin-american-countries already exists.
2026-01-10 02:01:46,548 - INFO - [BBC] Early skip: URL https://www.bbc.com/news/articles/c17zqz5pprwo?at_medium=RSS&at_campaign=rss already exists.
2026-01-10 02:01:46,749 - INFO - [The Guardian] Early skip: URL https://www.theguardian.com/world/2026/jan/09/us-venezuela-oil-tanker-seizure already exists.
2026-01-10 02:01:47,014 - INFO - [BBC] Early skip: URL https://www.bbc.com/news/articles/cdxj28xd542o?at_medium=RSS&at_campaign=rss already exists.
2026-01-10 02:01:47,313 - INFO - [The Guardian] Early skip: URL https://www.theguardian.com/world/2026/jan/08/venezuela-to-release-important-number-of-detainees already exists.
2026-01-10 02:01:47,533 - INFO - [BBC] Early skip: URL https://www.bbc.com/news/articles/c99kn52nx9do?at_medium=RSS&at_campaign=rss already exists.
2026-01-10 02:01:47,768 - INFO - [The Guardian] Early skip: URL https://www.theguardian.com/world/2026/jan/08/alleged-scam-kingpin-chen-zhi-extradited-china-cambodia-arrest already exists.
2026-01-10 02:01:48,037 - INFO - [BBC] Early skip: URL https://www.bbc.com/news/articles/c8d04zp8m26o?at_medium=RSS&at_campaign=rss already exists.
2026-01-10 02:01:48,312 - INFO - [The Guardian] Early skip: URL https://www.theguardian.com/world/2026/jan/06/papua-new-guinea-internet-starlink-shut-down already exists.
2026-01-10 02:01:48,526 - INFO - [BBC] Early skip: URL https://www.bbc.com/news/articles/ceqzj49gny4o?at_medium=RSS&at_campaign=rss already exists.
2026-01-10 02:01:48,699 - INFO - [The Guardian] Early skip: URL https://www.theguardian.com/world/2026/jan/06/what-us-action-in-venezuela-means-for-taiwan already exists.
2026-01-10 02:01:48,812 - INFO - [BBC] Early skip: URL https://www.bbc.com/news/articles/cwygjvkvpgro?at_medium=RSS&at_campaign=rss already exists.
2026-01-10 02:01:48,925 - INFO - [The Guardian] Early skip: URL https://www.theguardian.com/world/2026/jan/05/venezuela-trump-attack-china-interests-analysis already exists.
2026-01-10 02:01:49,123 - INFO - [BBC] Early skip: URL https://www.bbc.com/news/articles/c0mkwl2g499o?at_medium=RSS&at_campaign=rss already exists.
2026-01-10 02:01:49,333 - INFO - [The Guardian] Early skip: URL https://www.theguardian.com/world/2026/jan/05/giant-bluefin-tuna-sold-record-amount-tokyo-auction-kiyoshi-kimura already exists.
2026-01-10 02:01:49,499 - INFO - [BBC] Early skip: URL https://www.bbc.com/news/articles/c99knmrx71go?at_medium=RSS&at_campaign=rss already exists.
2026-01-10 02:01:49,633 - INFO - [The Guardian] Early skip: URL https://www.theguardian.com/australia-news/live/2026/jan/10/australia-heatwave-updates-sydney-temperature-victorian-fires-bushfire-latest already exists.
2026-01-10 02:01:49,808 - INFO - [BBC] Early skip: URL https://www.bbc.com/news/articles/ceqzj49gny4o?at_medium=RSS&at_campaign=rss already exists.
2026-01-10 02:01:49,993 - INFO - [The Guardian] Early skip: URL https://www.theguardian.com/australia-news/2026/jan/09/ten-properties-in-ruffy-destroyed-including-firefighters-home-as-fire-hits-victorian-town-like-a-bomb already exists.
2026-01-10 02:01:50,239 - INFO - [BBC] Article: https://www.bbc.com/news/articles/c9qp4wyzvlzo?at_medium=RSS&at_campaign=rss
2026-01-10 02:01:50,239 - INFO - [BBC] Attempt 1/1: Trying with 'requests_browser' strategy...
2026-01-10 02:01:50,240 - INFO - [The Guardian] Early skip: URL https://www.theguardian.com/australia-news/2026/jan/10/victorian-liberals-year-ahead-new-leader-jess-wilson already exists.
2026-01-10 02:01:50,441 - INFO - [The Guardian] Early skip: URL https://www.theguardian.com/environment/2026/jan/09/heatwave-engulfs-south-eastern-states-as-victoria-faces-catastrophic-bushfire-conditions-not-seen-since-black-summer already exists.
2026-01-10 02:01:50,596 - INFO - [BBC] Success with 'requests_browser'. Found content (1520 words).
2026-01-10 02:01:52,214 - INFO - Selenium driver initialized successfully.
2026-01-10 02:01:52,214 - INFO - Selenium driver initialized successfully.
2026-01-10 02:01:52,214 - INFO - Starting scrape for The Hindu RSS feed: https://www.thehindu.com/news/national/feeder/default.rss
2026-01-10 02:01:52,214 - INFO - Starting scrape for Times of India RSS feed: https://timesofindia.indiatimes.com/rssfeeds/296589292.cms
2026-01-10 02:01:52,380 - INFO - Found 100 articles in The Hindu RSS feed. Processing up to 30.
2026-01-10 02:01:52,399 - INFO - Found 20 articles in Times of India RSS feed. Processing up to 30.
2026-01-10 02:02:34,476 - INFO - Saved article: Since Ukraine war started, romance and parenthood seem remote for those who stayed from BBC (1520 words)
2026-01-10 02:02:34,477 - INFO - [The Guardian] Early skip: URL https://www.theguardian.com/culture/2026/jan/09/adelaide-festival-boycott-pro-palestine-academic-randa-abdel-fattah-ntwnfb already exists.
2026-01-10 02:02:34,578 - INFO - [The Hindu] Article: https://www.thehindu.com/news/national/bihar/police-personnel-behaving-like-criminals-will-not-be-tolerated-bihar-dgp/article70491208.ece
2026-01-10 02:02:34,578 - INFO - [The Hindu] Attempt 1/1: Trying with 'selenium_browser' strategy...
2026-01-10 02:02:34,579 - INFO - [Times of India] Article: https://timesofindia.indiatimes.com/world/us/greenland-iran-colombia-whos-next-on-donald-trumps-bombing-radar/articleshow/126436006.cms
2026-01-10 02:02:34,579 - INFO - [Times of India] Attempt 1/1: Trying with 'selenium_browser' strategy...
2026-01-10 02:02:34,580 - INFO - [The Guardian] Early skip: URL https://www.theguardian.com/us-news/2026/jan/09/trump-greenland-threats-white-house already exists.
2026-01-10 02:02:34,781 - INFO - [The Guardian] Early skip: URL https://www.theguardian.com/world/live/2026/jan/09/ukraine-russia-tanker-fleet-meloni-switzerland-fire-greenland-europe-latest-news-updates already exists.
2026-01-10 02:02:35,048 - INFO - [The Guardian] Early skip: URL https://www.theguardian.com/world/2026/jan/09/swiss-bar-fire-le-constellation-owner-arrested already exists.
2026-01-10 02:02:35,239 - INFO - [The Guardian] Early skip: URL https://www.theguardian.com/world/2026/jan/09/storm-goretti-germany-heavy-snowfall-strong-winds-france-northern-europe already exists.
2026-01-10 02:02:35,480 - INFO - [The Guardian] Early skip: URL https://www.theguardian.com/artanddesign/2026/jan/09/anonymous-painting-bought-at-auction-on-hunch-identified-as-two-in-one-rubens already exists.
2026-01-10 02:02:35,696 - INFO - [The Guardian] Early skip: URL https://www.theguardian.com/global-development/2026/jan/09/iran-supreme-leader-harsher-crackdown-protest-movement-swells already exists.
2026-01-10 02:02:35,865 - INFO - [BBC] Early skip: URL https://www.bbc.com/news/articles/c0mpmgn3jv2o?at_medium=RSS&at_campaign=rss already exists.
2026-01-10 02:02:36,139 - INFO - [BBC] Article: https://www.bbc.com/news/articles/c62wxezynk2o?at_medium=RSS&at_campaign=rss
2026-01-10 02:02:36,140 - INFO - [BBC] Attempt 1/1: Trying with 'requests_browser' strategy...
2026-01-10 02:02:36,140 - INFO - [The Guardian] Early skip: URL https://www.theguardian.com/world/2026/jan/09/growing-protests-in-iran-do-not-necessarily-herald-a-return-to-monarchy already exists.
2026-01-10 02:02:36,236 - INFO - [BBC] Success with 'requests_browser'. Found content (1621 words).
2026-01-10 02:02:36,376 - INFO - [The Guardian] Early skip: URL https://www.theguardian.com/world/2026/jan/09/syria-announces-ceasefire-aleppo-clashes-kurds already exists.
2026-01-10 02:02:39,085 - INFO - [The Hindu] Page content loaded.
2026-01-10 02:02:40,231 - INFO - [The Hindu] Success with 'selenium_browser'. Found content (450 words).
2026-01-10 02:02:54,604 - ERROR - [Times of India] Request failed for strategy 'selenium_browser' on URL https://timesofindia.indiatimes.com/world/us/greenland-iran-colombia-whos-next-on-donald-trumps-bombing-radar/articleshow/126436006.cms: Message: timeout: Timed out receiving message from renderer: 19.884
  (Session info: chrome=143.0.7499.169)
Stacktrace:
#0 0x55bd9c3e140a <unknown>
#1 0x55bd9be1576b <unknown>
#2 0x55bd9bdfd80a <unknown>
#3 0x55bd9bdfd4ed <unknown>
#4 0x55bd9bdfb3a7 <unknown>
#5 0x55bd9bdfbcbf <unknown>
#6 0x55bd9be0a480 <unknown>
#7 0x55bd9be23b47 <unknown>
#8 0x55bd9be2a1fb <unknown>
#9 0x55bd9bdfc3e8 <unknown>
#10 0x55bd9be238f8 <unknown>
#11 0x55bd9beb2ad8 <unknown>
#12 0x55bd9be597b2 <unknown>
#13 0x55bd9be5a461 <unknown>
#14 0x55bd9c3a9df9 <unknown>
#15 0x55bd9c3acd5d <unknown>
#16 0x55bd9c392b41 <unknown>
#17 0x55bd9c3ad93b <unknown>
#18 0x55bd9c379870 <unknown>
#19 0x55bd9c3ce828 <unknown>
#20 0x55bd9c3ce9fc <unknown>
#21 0x55bd9c3e0763 <unknown>
#22 0x7fe90f29caa4 <unknown>
#23 0x7fe90f329c6c <unknown>

2026-01-10 02:02:54,604 - ERROR - [Times of India] All scrape strategies failed for https://timesofindia.indiatimes.com/world/us/greenland-iran-colombia-whos-next-on-donald-trumps-bombing-radar/articleshow/126436006.cms. Falling back to RSS description.
2026-01-10 02:02:54,604 - WARNING - SKIPPED (GLOBAL WORD LIMIT): Article 'Greenland, Iran, Colombia? Who's next on Donald Trump's bombing radar' from Times of India has only 50 words (Min: 90).
2026-01-10 02:03:36,579 - INFO - Saved article: South Africa's strained ties with US face new test - war games with China, Iran and Russia from BBC (1621 words)
2026-01-10 02:03:36,579 - INFO - [The Guardian] Early skip: URL https://www.theguardian.com/global-development/ng-interactive/2026/jan/09/in-isolation-well-never-flourish-what-iranians-think-about-the-protests-and-an-end-to-the-islamic-republic already exists.
2026-01-10 02:04:25,420 - INFO - Saved article: Police personnel behaving like criminals will not be tolerated: Bihar DGP - The Hindu from The Hindu (450 words)
2026-01-10 02:04:25,420 - INFO - [Times of India] Article: https://timesofindia.indiatimes.com/world/us/nobody-else-settled-wars-trump-reasserts-role-in-india-pakistan-ceasefire-makes-renewed-push-for-nobel-peace-prize/articleshow/126445671.cms
2026-01-10 02:04:25,420 - INFO - [Times of India] Attempt 1/1: Trying with 'selenium_browser' strategy...
2026-01-10 02:04:25,421 - INFO - [The Guardian] Early skip: URL https://www.theguardian.com/politics/2026/jan/09/home-office-gaza-academic-bassem-abudagga-family already exists.
2026-01-10 02:04:25,710 - INFO - [BBC] Early skip: URL https://www.bbc.com/news/articles/cp37yr2xq7no?at_medium=RSS&at_campaign=rss already exists.
2026-01-10 02:04:26,000 - INFO - [BBC] Early skip: URL https://www.bbc.com/news/articles/c041n3ng03no?at_medium=RSS&at_campaign=rss already exists.
2026-01-10 02:04:26,255 - INFO - [BBC] Early skip: URL https://www.bbc.com/news/articles/c23r4yeyxl9o?at_medium=RSS&at_campaign=rss already exists.
2026-01-10 02:04:26,399 - INFO - [The Hindu] Article: https://www.thehindu.com/news/national/rajasthan/speeding-luxury-car-mows-down-16-in-rajasthans-jaipur-1-dead/article70493538.ece
2026-01-10 02:04:26,399 - INFO - [The Hindu] Attempt 1/1: Trying with 'selenium_browser' strategy...
2026-01-10 02:04:26,400 - INFO - [BBC] Early skip: URL https://www.bbc.com/news/articles/c205dd7gjrpo?at_medium=RSS&at_campaign=rss already exists.
2026-01-10 02:04:26,507 - INFO - [BBC] Early skip: URL https://www.bbc.com/news/videos/c78veq59823o?at_medium=RSS&at_campaign=rss already exists.
2026-01-10 02:04:26,558 - INFO - [Times of India] Page content loaded.
2026-01-10 02:04:26,643 - INFO - [BBC] Article: https://www.bbc.com/news/videos/c78e9vmn7dgo?at_medium=RSS&at_campaign=rss
2026-01-10 02:04:26,643 - INFO - [BBC] Attempt 1/1: Trying with 'requests_browser' strategy...
2026-01-10 02:04:26,741 - INFO - [Times of India] Success with 'selenium_browser'. Found content (337 words).
2026-01-10 02:04:26,927 - WARNING - [BBC] FAILED with 'requests_browser' (content was too short: 77 words).
2026-01-10 02:04:26,927 - ERROR - [BBC] All scrape strategies failed for https://www.bbc.com/news/videos/c78e9vmn7dgo?at_medium=RSS&at_campaign=rss. Falling back to RSS description.
2026-01-10 02:04:26,927 - WARNING - SKIPPED (GLOBAL WORD LIMIT): Article 'Watch: Buildings in Tehran set on fire as demonstrations spread across Iran' from BBC has only 15 words (Min: 90).
2026-01-10 02:04:30,211 - INFO - [The Hindu] Page content loaded.
2026-01-10 02:04:31,285 - INFO - [The Hindu] Success with 'selenium_browser'. Found content (213 words).
2026-01-10 02:05:19,876 - INFO - Saved article: 'Nobody else settled wars': Trump reasserts role in India-Pakistan ceasefire; makes renewed push for Nobel Peace Prize | World News - The Times of India from Times of India (337 words)
2026-01-10 02:05:19,877 - INFO - [BBC] Article: https://www.bbc.com/news/videos/c394vjengdgo?at_medium=RSS&at_campaign=rss
2026-01-10 02:05:19,877 - INFO - [BBC] Attempt 1/1: Trying with 'requests_browser' strategy...
2026-01-10 02:05:20,092 - WARNING - [BBC] FAILED with 'requests_browser' (content was too short: 44 words).
2026-01-10 02:05:20,092 - ERROR - [BBC] All scrape strategies failed for https://www.bbc.com/news/videos/c394vjengdgo?at_medium=RSS&at_campaign=rss. Falling back to RSS description.
2026-01-10 02:05:20,092 - WARNING - SKIPPED (GLOBAL WORD LIMIT): Article 'Watch: Eyewitnesses recount deadly ICE shooting' from BBC has only 15 words (Min: 90).
2026-01-10 02:06:07,685 - INFO - DEDUPLICATION: Found match (Score: 0.73). Linking to Cluster ID: 7271a1e1-3326-4055-bd9f-2a26533dd16f
2026-01-10 02:06:07,687 - INFO - Saved article: Speeding luxury car mows down 16 in Rajasthan’s Jaipur; 1 dead - The Hindu from The Hindu (213 words)
2026-01-10 02:06:07,688 - INFO - [Times of India] Early skip: URL https://timesofindia.indiatimes.com/world/us/embarrassingly-obvious-h-1b-spouses-sue-us-over-ending-automatic-work-permit-extensions/articleshow/126443276.cms already exists.
2026-01-10 02:06:07,845 - INFO - [BBC] Article: https://www.bbc.com/news/videos/cx2ypz4zjvxo?at_medium=RSS&at_campaign=rss
2026-01-10 02:06:07,845 - INFO - [BBC] Attempt 1/1: Trying with 'requests_browser' strategy...
2026-01-10 02:06:07,846 - INFO - [Times of India] Early skip: URL https://timesofindia.indiatimes.com/etimes/trending/denied-job-over-travel-wheelchair-user-went-on-to-visit-55-countries-across-7-continents/articleshow/126443032.cms already exists.
2026-01-10 02:06:07,901 - WARNING - [BBC] FAILED with 'requests_browser' (content was too short: 79 words).
2026-01-10 02:06:07,902 - ERROR - [BBC] All scrape strategies failed for https://www.bbc.com/news/videos/cx2ypz4zjvxo?at_medium=RSS&at_campaign=rss. Falling back to RSS description.
2026-01-10 02:06:07,902 - WARNING - SKIPPED (GLOBAL WORD LIMIT): Article 'Video shows moment US immigration agent fatally shoots woman' from BBC has only 20 words (Min: 90).
2026-01-10 02:06:08,089 - INFO - [Times of India] Early skip: URL https://timesofindia.indiatimes.com/world/us/drive-baby-drive-row-over-new-video-of-renee-good-shooting-maga-says-minneapolis-womans-partner-should-be-arrested/articleshow/126443172.cms already exists.
2026-01-10 02:06:08,250 - INFO - [Times of India] Early skip: URL https://timesofindia.indiatimes.com/world/us-streamers/who-is-lifeismizzy-kick-streamer-goes-viral-after-fake-ticket-prank-turns-tense-and-stranger-issues-threat-on-livestream/articleshow/126443196.cms already exists.
2026-01-10 02:06:08,475 - INFO - [BBC] Article: https://www.bbc.com/news/videos/cx2gm7109rwo?at_medium=RSS&at_campaign=rss
2026-01-10 02:06:08,475 - INFO - [BBC] Attempt 1/1: Trying with 'requests_browser' strategy...
2026-01-10 02:06:08,477 - INFO - [Times of India] Early skip: URL https://timesofindia.indiatimes.com/etimes/trending/extreme-asymmetry-doctors-warn-after-influencer-spends-300-days-training-only-one-shoulder/articleshow/126441404.cms already exists.
2026-01-10 02:06:08,531 - WARNING - [BBC] FAILED with 'requests_browser' (content was too short: 40 words).
2026-01-10 02:06:08,531 - ERROR - [BBC] All scrape strategies failed for https://www.bbc.com/news/videos/cx2gm7109rwo?at_medium=RSS&at_campaign=rss. Falling back to RSS description.
2026-01-10 02:06:08,531 - WARNING - SKIPPED (GLOBAL WORD LIMIT): Article 'Tracking the oil tankers seized by the US' from BBC has only 31 words (Min: 90).
2026-01-10 02:06:08,757 - INFO - [Times of India] Early skip: URL https://timesofindia.indiatimes.com/world/us/you-wanna-come-at-us-new-cell-phone-footage-shows-renee-good-ramming-ice-agent-in-minneapolis-moment-before-she-was-shot/articleshow/126442323.cms already exists.
2026-01-10 02:06:09,051 - INFO - [The Hindu] Article: https://www.thehindu.com/news/national/jammu-and-kashmir/dangerous-precedent-mehbooba-mufti-on-cancellation-of-mbbs-course-at-jks-mata-vaishno-devi-varsity/article70491610.ece
2026-01-10 02:06:09,051 - INFO - [The Hindu] Attempt 1/1: Trying with 'selenium_browser' strategy...
2026-01-10 02:06:09,052 - INFO - [Times of India] Early skip: URL https://timesofindia.indiatimes.com/world/us/you-are-not-eligible-for-visa-at-this-time-b1/b2-visas-getting-rejected-in-india-redditor-shares-experience-of-mumbai-consulate/articleshow/126440877.cms already exists.
2026-01-10 02:06:09,279 - INFO - [BBC] Early skip: URL https://www.bbc.com/news/videos/c1jegxw1rxwo?at_medium=RSS&at_campaign=rss already exists.
2026-01-10 02:06:09,562 - INFO - [Times of India] Early skip: URL https://timesofindia.indiatimes.com/world/us/have-cancelled-trump-says-no-second-strikes-on-venezuela-pledges-100-billion-investment/articleshow/126432641.cms already exists.
2026-01-10 02:06:09,792 - INFO - [Times of India] Early skip: URL https://timesofindia.indiatimes.com/world/middle-east/iran-unrest-tehran-accuses-us-and-israel-of-stoking-protests-plays-down-risk-of-military-intervention/articleshow/126439856.cms already exists.
2026-01-10 02:06:10,033 - INFO - [Times of India] Early skip: URL https://timesofindia.indiatimes.com/world/us/presidents-priority-trump-picks-up-fox-news-call-during-new-york-times-interview/articleshow/126440221.cms already exists.
2026-01-10 02:06:10,166 - INFO - [Times of India] Early skip: URL https://timesofindia.indiatimes.com/world/middle-east/iran-protests-why-are-women-lighting-cigarettes-from-burning-khamenei-photo-see-photos/articleshow/126438275.cms already exists.
2026-01-10 02:06:10,315 - INFO - [Times of India] Early skip: URL https://timesofindia.indiatimes.com/world/us/moving-to-canada-because-of-political-situation-renee-good-woman-killed-by-ice-in-minneapolis-briefly-left-us-with-gay-partner/articleshow/126439541.cms already exists.
2026-01-10 02:06:10,600 - INFO - [Times of India] Early skip: URL https://timesofindia.indiatimes.com/world/us/trump-says-he-would-accept-nobel-peace-prize-from-machado-nobel-committee-says-its-not-possible/articleshow/126438829.cms already exists.
2026-01-10 02:06:10,773 - INFO - [Times of India] Early skip: URL https://timesofindia.indiatimes.com/world/europe/switzerland-holds-memorial-service-during-day-of-national-mourning-for-bar-fire-victims/articleshow/126438609.cms already exists.
2026-01-10 02:06:11,043 - INFO - [Times of India] Early skip: URL https://timesofindia.indiatimes.com/world/us/i-got-no-credit-i-was-criticised-trump-says-he-wont-keep-business-interests-aside/articleshow/126438403.cms already exists.
2026-01-10 02:06:11,330 - INFO - [Times of India] Early skip: URL https://timesofindia.indiatimes.com/world/uk/bangladesh-unrest-british-mp-says-attack-on-hindus-very-concerning-urges-uk-to-act/articleshow/126437938.cms already exists.
2026-01-10 02:06:11,434 - INFO - [The Hindu] Page content loaded.
2026-01-10 02:06:11,475 - INFO - [Times of India] Early skip: URL https://timesofindia.indiatimes.com/world/us/owning-the-sea-moment-us-forces-intercepted-sanctioned-oil-tanker-in-caribbean-sea-watch/articleshow/126438000.cms already exists.
2026-01-10 02:06:11,487 - INFO - [The Hindu] Success with 'selenium_browser'. Found content (425 words).
2026-01-10 02:06:43,640 - CRITICAL - --- TIMEOUT: 2 scrape jobs did not complete in 300s. ---
2026-01-10 02:06:43,640 - ERROR - A thread has timed out and will be abandoned.
2026-01-10 02:06:43,640 - ERROR - A thread has timed out and will be abandoned.
2026-01-10 02:06:43,640 - INFO - Shutting down thread pool (wait=False)...
2026-01-10 02:06:43,640 - INFO - Scraped: 2 BBC, 0 The Guardian, 2 Timed_Out_Jobs articles. (Total saved: 2)
2026-01-10 02:06:43,640 - INFO - --- Scraping job finished ---
2026-01-10 02:06:43,641 - INFO - --- Scraper service stopped and database connection closed. ---
2026-01-10 02:06:43,641 - INFO - --- Main thread finished. Forcing process exit to kill zombie threads. ---
