2026-02-03 16:28:45,340 - INFO - Loading AI Semantic Model (all-MiniLM-L6-v2)...
2026-02-03 16:28:45,341 - INFO - Use pytorch device_name: cpu
2026-02-03 16:28:45,341 - INFO - Load pretrained SentenceTransformer: all-MiniLM-L6-v2
2026-02-03 16:28:45,432 - INFO - HTTP Request: HEAD https://huggingface.co/sentence-transformers/all-MiniLM-L6-v2/resolve/main/modules.json "HTTP/1.1 307 Temporary Redirect"
2026-02-03 16:28:45,441 - INFO - HTTP Request: HEAD https://huggingface.co/api/resolve-cache/models/sentence-transformers/all-MiniLM-L6-v2/c9745ed1d9f207416be6d2e6f8de32d1f16199bf/modules.json "HTTP/1.1 200 OK"
2026-02-03 16:28:45,471 - INFO - HTTP Request: HEAD https://huggingface.co/sentence-transformers/all-MiniLM-L6-v2/resolve/main/config_sentence_transformers.json "HTTP/1.1 307 Temporary Redirect"
2026-02-03 16:28:45,479 - INFO - HTTP Request: HEAD https://huggingface.co/api/resolve-cache/models/sentence-transformers/all-MiniLM-L6-v2/c9745ed1d9f207416be6d2e6f8de32d1f16199bf/config_sentence_transformers.json "HTTP/1.1 200 OK"
2026-02-03 16:28:45,518 - INFO - HTTP Request: HEAD https://huggingface.co/sentence-transformers/all-MiniLM-L6-v2/resolve/main/config_sentence_transformers.json "HTTP/1.1 307 Temporary Redirect"
2026-02-03 16:28:45,527 - INFO - HTTP Request: HEAD https://huggingface.co/api/resolve-cache/models/sentence-transformers/all-MiniLM-L6-v2/c9745ed1d9f207416be6d2e6f8de32d1f16199bf/config_sentence_transformers.json "HTTP/1.1 200 OK"
2026-02-03 16:28:45,549 - INFO - HTTP Request: HEAD https://huggingface.co/sentence-transformers/all-MiniLM-L6-v2/resolve/main/README.md "HTTP/1.1 307 Temporary Redirect"
2026-02-03 16:28:45,558 - INFO - HTTP Request: HEAD https://huggingface.co/api/resolve-cache/models/sentence-transformers/all-MiniLM-L6-v2/c9745ed1d9f207416be6d2e6f8de32d1f16199bf/README.md "HTTP/1.1 200 OK"
2026-02-03 16:28:45,578 - INFO - HTTP Request: HEAD https://huggingface.co/sentence-transformers/all-MiniLM-L6-v2/resolve/main/modules.json "HTTP/1.1 307 Temporary Redirect"
2026-02-03 16:28:45,587 - INFO - HTTP Request: HEAD https://huggingface.co/api/resolve-cache/models/sentence-transformers/all-MiniLM-L6-v2/c9745ed1d9f207416be6d2e6f8de32d1f16199bf/modules.json "HTTP/1.1 200 OK"
2026-02-03 16:28:45,604 - INFO - HTTP Request: HEAD https://huggingface.co/sentence-transformers/all-MiniLM-L6-v2/resolve/main/sentence_bert_config.json "HTTP/1.1 307 Temporary Redirect"
2026-02-03 16:28:45,613 - INFO - HTTP Request: HEAD https://huggingface.co/api/resolve-cache/models/sentence-transformers/all-MiniLM-L6-v2/c9745ed1d9f207416be6d2e6f8de32d1f16199bf/sentence_bert_config.json "HTTP/1.1 200 OK"
2026-02-03 16:28:45,633 - INFO - HTTP Request: HEAD https://huggingface.co/sentence-transformers/all-MiniLM-L6-v2/resolve/main/adapter_config.json "HTTP/1.1 404 Not Found"
2026-02-03 16:28:45,655 - INFO - HTTP Request: HEAD https://huggingface.co/sentence-transformers/all-MiniLM-L6-v2/resolve/main/config.json "HTTP/1.1 307 Temporary Redirect"
2026-02-03 16:28:45,663 - INFO - HTTP Request: HEAD https://huggingface.co/api/resolve-cache/models/sentence-transformers/all-MiniLM-L6-v2/c9745ed1d9f207416be6d2e6f8de32d1f16199bf/config.json "HTTP/1.1 200 OK"
2026-02-03 16:28:45,798 - WARNING - BertModel LOAD REPORT from: sentence-transformers/all-MiniLM-L6-v2
Key                     | Status     |  | 
------------------------+------------+--+-
embeddings.position_ids | UNEXPECTED |  | 

Notes:
- UNEXPECTED	:can be ignored when loading from different task/architecture; not ok if you expect identical arch.
2026-02-03 16:28:45,818 - INFO - HTTP Request: HEAD https://huggingface.co/sentence-transformers/all-MiniLM-L6-v2/resolve/main/config.json "HTTP/1.1 307 Temporary Redirect"
2026-02-03 16:28:45,826 - INFO - HTTP Request: HEAD https://huggingface.co/api/resolve-cache/models/sentence-transformers/all-MiniLM-L6-v2/c9745ed1d9f207416be6d2e6f8de32d1f16199bf/config.json "HTTP/1.1 200 OK"
2026-02-03 16:28:45,846 - INFO - HTTP Request: HEAD https://huggingface.co/sentence-transformers/all-MiniLM-L6-v2/resolve/main/tokenizer_config.json "HTTP/1.1 307 Temporary Redirect"
2026-02-03 16:28:45,855 - INFO - HTTP Request: HEAD https://huggingface.co/api/resolve-cache/models/sentence-transformers/all-MiniLM-L6-v2/c9745ed1d9f207416be6d2e6f8de32d1f16199bf/tokenizer_config.json "HTTP/1.1 200 OK"
2026-02-03 16:28:45,875 - INFO - HTTP Request: GET https://huggingface.co/api/models/sentence-transformers/all-MiniLM-L6-v2/tree/main/additional_chat_templates?recursive=false&expand=false "HTTP/1.1 404 Not Found"
2026-02-03 16:28:45,897 - INFO - HTTP Request: GET https://huggingface.co/api/models/sentence-transformers/all-MiniLM-L6-v2/tree/main?recursive=true&expand=false "HTTP/1.1 200 OK"
2026-02-03 16:28:45,968 - INFO - HTTP Request: HEAD https://huggingface.co/sentence-transformers/all-MiniLM-L6-v2/resolve/main/1_Pooling/config.json "HTTP/1.1 307 Temporary Redirect"
2026-02-03 16:28:45,977 - INFO - HTTP Request: HEAD https://huggingface.co/api/resolve-cache/models/sentence-transformers/all-MiniLM-L6-v2/c9745ed1d9f207416be6d2e6f8de32d1f16199bf/1_Pooling%2Fconfig.json "HTTP/1.1 200 OK"
2026-02-03 16:28:46,003 - INFO - HTTP Request: GET https://huggingface.co/api/models/sentence-transformers/all-MiniLM-L6-v2 "HTTP/1.1 200 OK"
2026-02-03 16:28:46,007 - INFO - AI Model loaded successfully.
2026-02-03 16:28:46,008 - INFO - --- Scraper service started (CI Mode: Run Once) ---
2026-02-03 16:28:46,008 - INFO - --- Starting new scraping job (Parallel Mode) ---
2026-02-03 16:28:46,008 - INFO - Creating new robust session with 3 retries on 5xx/connection/read errors.
2026-02-03 16:28:46,008 - INFO - Proxy is DISABLED.
2026-02-03 16:28:46,008 - INFO - Starting scrape for BBC RSS feed: http://feeds.bbci.co.uk/news/world/rss.xml
2026-02-03 16:28:46,009 - INFO - [Times of India] (Thread) requires Selenium. Initializing driver...
2026-02-03 16:28:46,009 - INFO - Starting scrape for The Guardian RSS feed: https://www.theguardian.com/world/rss
2026-02-03 16:28:46,011 - INFO - [The Hindu] (Thread) requires Selenium. Initializing driver...
2026-02-03 16:28:46,011 - INFO - Submitted 4 jobs to thread pool. Waiting up to 300s for completion...
2026-02-03 16:28:46,201 - INFO - Found 45 articles in The Guardian RSS feed. Processing up to 30.
2026-02-03 16:28:46,201 - INFO - [The Guardian] Early skip: URL https://www.theguardian.com/world/2026/feb/02/israel-agrees-to-limited-reopening-of-rafah-border-crossing-in-gaza already exists.
2026-02-03 16:28:46,251 - INFO - Found 30 articles in BBC RSS feed. Processing up to 30.
2026-02-03 16:28:46,355 - INFO - [BBC] Article: https://www.bbc.com/news/articles/cn0k65pnxjxo?at_medium=RSS&at_campaign=rss
2026-02-03 16:28:46,355 - INFO - [BBC] Attempt 1/1: Trying with 'requests_browser' strategy...
2026-02-03 16:28:46,356 - INFO - [The Guardian] Early skip: URL https://www.theguardian.com/environment/2026/feb/02/weather-tracker-cyclone-fytia-madagascar-floods already exists.
2026-02-03 16:28:46,477 - INFO - [The Guardian] Early skip: URL https://www.theguardian.com/law/2026/feb/02/more-than-100000-civilians-killed-war-crimes-out-of-control-study already exists.
2026-02-03 16:28:46,482 - INFO - [BBC] Success with 'requests_browser'. Found content (691 words).
2026-02-03 16:28:54,568 - INFO - Selenium driver initialized successfully.
2026-02-03 16:28:54,568 - INFO - Starting scrape for The Hindu RSS feed: https://www.thehindu.com/news/national/feeder/default.rss
2026-02-03 16:28:54,569 - INFO - Selenium driver initialized successfully.
2026-02-03 16:28:54,569 - INFO - Starting scrape for Times of India RSS feed: https://timesofindia.indiatimes.com/rssfeeds/296589292.cms
2026-02-03 16:28:54,857 - INFO - Found 100 articles in The Hindu RSS feed. Processing up to 30.
2026-02-03 16:28:55,014 - INFO - Found 20 articles in Times of India RSS feed. Processing up to 30.
2026-02-03 16:29:24,470 - INFO - DEDUPLICATION: Found match (Score: 0.78). Linking to Cluster ID: 6ac9e41d-7530-46ce-a759-165e0d296074
2026-02-03 16:29:24,472 - INFO - Saved article: Thousands of Epstein documents taken down after victims identified from BBC (691 words)
2026-02-03 16:29:24,472 - INFO - [The Guardian] Early skip: URL https://www.theguardian.com/world/2026/jan/30/more-than-200-killed-in-coltan-mine-collapse-in-eastern-drc-officials-say already exists.
2026-02-03 16:29:24,758 - INFO - [The Hindu] Article: https://www.thehindu.com/news/national/andhra-pradesh/gsi-to-probe-land-subsidence-in-godavari-delta-in-andhra-pradesh/article70587830.ece
2026-02-03 16:29:24,758 - INFO - [The Hindu] Attempt 1/1: Trying with 'selenium_browser' strategy...
2026-02-03 16:29:24,759 - INFO - [Times of India] Article: https://timesofindia.indiatimes.com/world/us/random-musing-did-the-matrix-foreshadow-jeffrey-epstein/articleshow/127889728.cms
2026-02-03 16:29:24,759 - INFO - [Times of India] Attempt 1/1: Trying with 'selenium_browser' strategy...
2026-02-03 16:29:24,760 - INFO - [The Guardian] Early skip: URL https://www.theguardian.com/world/2026/jan/30/niger-airport-airbase-attack-islamic-state already exists.
2026-02-03 16:29:25,029 - INFO - [The Guardian] Article: https://www.theguardian.com/us-news/2026/feb/02/trump-administration-blocked-tps-haitians
2026-02-03 16:29:25,030 - INFO - [The Guardian] Attempt 1/1: Trying with 'requests_browser' strategy...
2026-02-03 16:29:25,064 - INFO - [The Guardian] Success with 'requests_browser'. Found content (475 words).
2026-02-03 16:29:30,359 - INFO - [The Hindu] Page content loaded.
2026-02-03 16:29:30,516 - INFO - [The Hindu] Success with 'selenium_browser'. Found content (401 words).
2026-02-03 16:29:46,653 - ERROR - [Times of India] Request failed for strategy 'selenium_browser' on URL https://timesofindia.indiatimes.com/world/us/random-musing-did-the-matrix-foreshadow-jeffrey-epstein/articleshow/127889728.cms: Message: timeout: Timed out receiving message from renderer: 19.575
  (Session info: chrome=144.0.7559.96)
Stacktrace:
#0 0x56133464d4ba <unknown>
#1 0x5613340b6492 <unknown>
#2 0x56133409db47 <unknown>
#3 0x56133409d756 <unknown>
#4 0x56133409b271 <unknown>
#5 0x56133409bbff <unknown>
#6 0x5613340ab150 <unknown>
#7 0x5613340c5147 <unknown>
#8 0x5613340cc34b <unknown>
#9 0x56133409c369 <unknown>
#10 0x5613340c4eda <unknown>
#11 0x561334154a78 <unknown>
#12 0x5613340fd6a2 <unknown>
#13 0x5613340fe491 <unknown>
#14 0x561334613479 <unknown>
#15 0x561334616391 <unknown>
#16 0x5613345ffa89 <unknown>
#17 0x561334616f4e <unknown>
#18 0x5613345e6070 <unknown>
#19 0x56133463aca8 <unknown>
#20 0x56133463ae78 <unknown>
#21 0x56133464c828 <unknown>
#22 0x7f8d4f69caa4 <unknown>
#23 0x7f8d4f729c6c <unknown>

2026-02-03 16:29:46,653 - ERROR - [Times of India] All scrape strategies failed for https://timesofindia.indiatimes.com/world/us/random-musing-did-the-matrix-foreshadow-jeffrey-epstein/articleshow/127889728.cms. Falling back to RSS description.
2026-02-03 16:29:46,653 - WARNING - SKIPPED (GLOBAL WORD LIMIT): Article 'Random Musing: Did 'The Matrix' foreshadow Jeffrey Epstein?' from Times of India has only 12 words (Min: 90).
2026-02-03 16:30:21,499 - INFO - DEDUPLICATION: Found match (Score: 0.81). Linking to Cluster ID: c787b2e4-4bef-4c69-877e-bbefe21181a8
2026-02-03 16:30:21,502 - INFO - Saved article: Judge blocks Trump administration’s stripping of Haitians’ protected status | US immigration | The Guardian from The Guardian (475 words)
2026-02-03 16:30:21,502 - INFO - [BBC] Early skip: URL https://www.bbc.com/news/articles/c14r685mne4o?at_medium=RSS&at_campaign=rss already exists.
2026-02-03 16:31:01,721 - INFO - Saved article: GSI to probe land subsidence in Godavari delta in Andhra Pradesh - The Hindu from The Hindu (401 words)
2026-02-03 16:31:01,721 - INFO - [Times of India] Article: https://timesofindia.indiatimes.com/world/us/three-indian-origin-men-arrested-in-us-for-stealing-two-semi-truck-trailers-with-500000-worth-of-cargo/articleshow/127889733.cms
2026-02-03 16:31:01,721 - INFO - [Times of India] Attempt 1/1: Trying with 'selenium_browser' strategy...
2026-02-03 16:31:01,722 - INFO - [BBC] Early skip: URL https://www.bbc.com/news/articles/cly3ezj3rg3o?at_medium=RSS&at_campaign=rss already exists.
2026-02-03 16:31:01,894 - INFO - [The Guardian] Early skip: URL https://www.theguardian.com/world/2026/feb/02/claudia-sheinbaum-mexico-oil-cuba-trump already exists.
2026-02-03 16:31:02,008 - INFO - [BBC] Early skip: URL https://www.bbc.com/news/articles/ce3ex92557jo?at_medium=RSS&at_campaign=rss already exists.
2026-02-03 16:31:02,270 - INFO - [The Guardian] Early skip: URL https://www.theguardian.com/us-news/2026/feb/02/rightwing-brazilian-influencer-junior-pena-arrested-by-ice already exists.
2026-02-03 16:31:02,459 - INFO - [BBC] Early skip: URL https://www.bbc.com/news/articles/cpwng25114ro?at_medium=RSS&at_campaign=rss already exists.
2026-02-03 16:31:02,664 - INFO - [The Guardian] Early skip: URL https://www.theguardian.com/world/2026/feb/02/indigenous-views-trump-greenland-push-inuits-arctic already exists.
2026-02-03 16:31:02,855 - INFO - [The Guardian] Early skip: URL https://www.theguardian.com/world/2026/feb/02/laura-fernandez-wins-costa-rica-president-latin-america-rightwing already exists.
2026-02-03 16:31:03,077 - INFO - [BBC] Article: https://www.bbc.com/news/articles/cwygrkm7k0yo?at_medium=RSS&at_campaign=rss
2026-02-03 16:31:03,077 - INFO - [BBC] Attempt 1/1: Trying with 'requests_browser' strategy...
2026-02-03 16:31:03,079 - INFO - [The Hindu] Article: https://www.thehindu.com/news/national/kerala/call-to-evolve-collective-consciousness-to-resist-violence-against-children/article70588638.ece
2026-02-03 16:31:03,079 - INFO - [The Hindu] Attempt 1/1: Trying with 'selenium_browser' strategy...
2026-02-03 16:31:03,080 - INFO - [The Guardian] Early skip: URL https://www.theguardian.com/environment/2026/feb/03/china-to-ban-hidden-car-door-handles-evs already exists.
2026-02-03 16:31:03,101 - INFO - [Times of India] Page content loaded.
2026-02-03 16:31:03,126 - INFO - [BBC] Success with 'requests_browser'. Found content (403 words).
2026-02-03 16:31:03,326 - INFO - [Times of India] Success with 'selenium_browser'. Found content (116 words).
2026-02-03 16:31:07,480 - INFO - [The Hindu] Page content loaded.
2026-02-03 16:31:08,130 - INFO - [The Hindu] Success with 'selenium_browser'. Found content (346 words).
2026-02-03 16:31:48,250 - INFO - DEDUPLICATION: Found match (Score: 0.86). Linking to Cluster ID: 88b7f06f-d7a4-478e-96ed-eb49e08bf920
2026-02-03 16:31:48,252 - INFO - Saved article: Restored angel fresco resembling Italian PM Meloni sparks investigation from BBC (403 words)
2026-02-03 16:31:48,252 - INFO - [The Guardian] Early skip: URL https://www.theguardian.com/us-news/2026/feb/03/trump-critical-minerals-stockpile-project-vault already exists.
2026-02-03 16:32:30,814 - INFO - DEDUPLICATION: Found match (Score: 0.90). Linking to Cluster ID: 81c80673-8231-4ef2-bdc9-18a543544aa4
2026-02-03 16:32:30,817 - INFO - Saved article: Three Indian-origin men arrested in US for stealing two semi-truck trailers with $500,000 worth of cargo - The Times of India from Times of India (116 words)
2026-02-03 16:33:13,216 - INFO - Saved article: Call to evolve collective consciousness to resist violence against children - The Hindu from The Hindu (346 words)
2026-02-03 16:33:13,216 - INFO - [The Guardian] Early skip: URL https://www.theguardian.com/business/2026/feb/01/us-uk-eu-australia-critical-minerals-rare-earths-g7-minimum-price already exists.
2026-02-03 16:33:13,410 - INFO - [BBC] Early skip: URL https://www.bbc.com/news/articles/ckgn8dnxjgwo?at_medium=RSS&at_campaign=rss already exists.
2026-02-03 16:33:13,517 - INFO - [Times of India] Article: https://timesofindia.indiatimes.com/world/middle-east/us-iran-tensions-tehran-signals-readiness-for-talks-amid-donald-trumps-pressure-pezeshkian-calls-for-fair-equitable-negotiations/articleshow/127888892.cms
2026-02-03 16:33:13,517 - INFO - [Times of India] Attempt 1/1: Trying with 'selenium_browser' strategy...
2026-02-03 16:33:13,518 - INFO - [The Guardian] Early skip: URL https://www.theguardian.com/world/2026/feb/01/living-hell-of-north-koreas-paradise-on-earth-scheme-back-in-spotlight-in-japan already exists.
2026-02-03 16:33:13,676 - INFO - [BBC] Article: https://www.bbc.com/news/articles/cx2w3ldex3no?at_medium=RSS&at_campaign=rss
2026-02-03 16:33:13,676 - INFO - [BBC] Attempt 1/1: Trying with 'requests_browser' strategy...
2026-02-03 16:33:13,678 - INFO - [The Guardian] Early skip: URL https://www.theguardian.com/world/2026/jan/31/starmer-hopes-his-china-trip-will-begin-the-thaw-after-recent-ice-age already exists.
2026-02-03 16:33:13,722 - INFO - [BBC] Success with 'requests_browser'. Found content (478 words).
2026-02-03 16:33:15,924 - INFO - [Times of India] Page content loaded.
2026-02-03 16:33:16,108 - INFO - [Times of India] Success with 'selenium_browser'. Found content (610 words).
2026-02-03 16:33:46,012 - CRITICAL - --- TIMEOUT: 4 scrape jobs did not complete in 300s. ---
2026-02-03 16:33:46,013 - ERROR - A thread has timed out and will be abandoned.
2026-02-03 16:33:46,013 - ERROR - A thread has timed out and will be abandoned.
2026-02-03 16:33:46,013 - ERROR - A thread has timed out and will be abandoned.
2026-02-03 16:33:46,013 - ERROR - A thread has timed out and will be abandoned.
2026-02-03 16:33:46,013 - INFO - Shutting down thread pool (wait=False)...
2026-02-03 16:33:46,013 - INFO - Scraped: 4 Timed_Out_Jobs articles. (Total saved: 0)
2026-02-03 16:33:46,013 - INFO - --- Scraping job finished ---
2026-02-03 16:33:46,013 - INFO - --- Scraper service stopped and database connection closed. ---
2026-02-03 16:33:46,013 - INFO - --- Main thread finished. Forcing process exit to kill zombie threads. ---
