2026-01-26 02:22:59,001 - INFO - Loading AI Semantic Model (all-MiniLM-L6-v2)...
2026-01-26 02:22:59,002 - INFO - Use pytorch device_name: cpu
2026-01-26 02:22:59,002 - INFO - Load pretrained SentenceTransformer: all-MiniLM-L6-v2
2026-01-26 02:23:00,225 - INFO - AI Model loaded successfully.
2026-01-26 02:23:00,225 - INFO - --- Scraper service started (CI Mode: Run Once) ---
2026-01-26 02:23:00,225 - INFO - --- Starting new scraping job (Parallel Mode) ---
2026-01-26 02:23:00,225 - INFO - Creating new robust session with 3 retries on 5xx/connection/read errors.
2026-01-26 02:23:00,225 - INFO - Proxy is DISABLED.
2026-01-26 02:23:00,226 - INFO - Starting scrape for BBC RSS feed: http://feeds.bbci.co.uk/news/world/rss.xml
2026-01-26 02:23:00,227 - INFO - [Times of India] (Thread) requires Selenium. Initializing driver...
2026-01-26 02:23:00,227 - INFO - Starting scrape for The Guardian RSS feed: https://www.theguardian.com/world/rss
2026-01-26 02:23:00,228 - INFO - [The Hindu] (Thread) requires Selenium. Initializing driver...
2026-01-26 02:23:00,228 - INFO - Submitted 4 jobs to thread pool. Waiting up to 300s for completion...
2026-01-26 02:23:00,468 - INFO - Found 45 articles in The Guardian RSS feed. Processing up to 30.
2026-01-26 02:23:00,469 - INFO - [The Guardian] Early skip: URL https://www.theguardian.com/world/2026/jan/23/guinea-bissau-hepatitis-b-vaccine-study already exists.
2026-01-26 02:23:00,481 - INFO - Found 26 articles in BBC RSS feed. Processing up to 30.
2026-01-26 02:23:00,738 - INFO - [BBC] Early skip: URL https://www.bbc.com/news/videos/cp372pqq2rlo?at_medium=RSS&at_campaign=rss already exists.
2026-01-26 02:23:00,957 - INFO - [The Guardian] Early skip: URL https://www.theguardian.com/global-development/2026/jan/22/actionaid-rethink-child-sponsorship-decolonise-funding already exists.
2026-01-26 02:23:01,135 - INFO - [BBC] Early skip: URL https://www.bbc.com/news/articles/c62r4g590wqo?at_medium=RSS&at_campaign=rss already exists.
2026-01-26 02:23:01,349 - INFO - [The Guardian] Early skip: URL https://www.theguardian.com/us-news/2026/jan/20/us-diplomats-urged-to-remind-african-leaders-of-us-generosity-despite-usaid-closing already exists.
2026-01-26 02:23:01,557 - INFO - [BBC] Article: https://www.bbc.com/news/articles/c20gg729y1yo?at_medium=RSS&at_campaign=rss
2026-01-26 02:23:01,558 - INFO - [BBC] Attempt 1/1: Trying with 'requests_browser' strategy...
2026-01-26 02:23:01,559 - INFO - [The Guardian] Early skip: URL https://www.theguardian.com/global-development/2026/jan/19/brazen-political-influence-rich-laid-bare-wealth-billionaires-inequality-poverty-instability-oxfam already exists.
2026-01-26 02:23:01,649 - INFO - [BBC] Success with 'requests_browser'. Found content (1894 words).
2026-01-26 02:23:06,308 - INFO - Selenium driver initialized successfully.
2026-01-26 02:23:06,308 - INFO - Starting scrape for The Hindu RSS feed: https://www.thehindu.com/news/national/feeder/default.rss
2026-01-26 02:23:06,310 - INFO - Selenium driver initialized successfully.
2026-01-26 02:23:06,310 - INFO - Starting scrape for Times of India RSS feed: https://timesofindia.indiatimes.com/rssfeeds/296589292.cms
2026-01-26 02:23:06,487 - INFO - Found 100 articles in The Hindu RSS feed. Processing up to 30.
2026-01-26 02:23:06,493 - INFO - Found 20 articles in Times of India RSS feed. Processing up to 30.
2026-01-26 02:23:43,825 - INFO - Saved article: Russia using Interpol's wanted list to target critics abroad, leak reveals from BBC (1894 words)
2026-01-26 02:23:43,826 - INFO - [The Guardian] Early skip: URL https://www.theguardian.com/world/2026/jan/18/ugandas-president-calls-opponents-terrorists-in-victory-speech already exists.
2026-01-26 02:23:44,105 - INFO - [The Hindu] Article: https://www.thehindu.com/data/telanganas-stunning-rise-and-its-unhinged-growth/article70536879.ece
2026-01-26 02:23:44,105 - INFO - [The Hindu] Attempt 1/1: Trying with 'selenium_browser' strategy...
2026-01-26 02:23:44,106 - INFO - [Times of India] Article: https://timesofindia.indiatimes.com/world/us/tobacco-is-responsible-for-americas-obesity-and-chronic-illness-rfk-jr-says-cigarette-giants-engineered-addictive-foods/articleshow/127514789.cms
2026-01-26 02:23:44,106 - INFO - [Times of India] Attempt 1/1: Trying with 'selenium_browser' strategy...
2026-01-26 02:23:44,107 - INFO - [The Guardian] Early skip: URL https://www.theguardian.com/us-news/2026/jan/24/trump-canada-tariff-threat-venezuela-oil already exists.
2026-01-26 02:23:44,229 - INFO - [The Guardian] Early skip: URL https://www.theguardian.com/world/2026/jan/23/spanish-prosecutors-drop-julio-iglesias-complaint already exists.
2026-01-26 02:23:44,468 - INFO - [The Guardian] Early skip: URL https://www.theguardian.com/world/2026/jan/23/ryan-wedding-arrested already exists.
2026-01-26 02:23:44,598 - INFO - [BBC] Early skip: URL https://www.bbc.com/news/articles/clymr3pz2kxo?at_medium=RSS&at_campaign=rss already exists.
2026-01-26 02:23:44,771 - INFO - [The Guardian] Early skip: URL https://www.theguardian.com/world/2026/jan/23/venezuela-leaked-video-delcy-rodriguez-maduro already exists.
2026-01-26 02:23:44,888 - INFO - [The Guardian] Early skip: URL https://www.theguardian.com/us-news/2026/jan/22/trump-withdraws-invitation-canada already exists.
2026-01-26 02:23:45,056 - INFO - [BBC] Early skip: URL https://www.bbc.com/news/articles/cddgq9z4899o?at_medium=RSS&at_campaign=rss already exists.
2026-01-26 02:23:45,287 - INFO - [The Guardian] Article: https://www.theguardian.com/world/2026/jan/26/china-top-ranking-general-zhang-youxia-investigation
2026-01-26 02:23:45,287 - INFO - [The Guardian] Attempt 1/1: Trying with 'requests_browser' strategy...
2026-01-26 02:23:45,289 - INFO - [BBC] Early skip: URL https://www.bbc.com/news/articles/c62vke5dly2o?at_medium=RSS&at_campaign=rss already exists.
2026-01-26 02:23:45,502 - INFO - [BBC] Early skip: URL https://www.bbc.com/news/articles/cpqyxew338po?at_medium=RSS&at_campaign=rss already exists.
2026-01-26 02:23:45,523 - INFO - [The Guardian] Success with 'requests_browser'. Found content (692 words).
2026-01-26 02:23:45,629 - INFO - [BBC] Early skip: URL https://www.bbc.com/news/articles/c4nnp4d064do?at_medium=RSS&at_campaign=rss already exists.
2026-01-26 02:23:45,898 - INFO - [BBC] Early skip: URL https://www.bbc.com/news/articles/c4gl0njzxjdo?at_medium=RSS&at_campaign=rss already exists.
2026-01-26 02:23:51,414 - INFO - [The Hindu] Page content loaded.
2026-01-26 02:23:51,999 - INFO - [The Hindu] Success with 'selenium_browser'. Found content (923 words).
2026-01-26 02:24:05,924 - ERROR - [Times of India] Request failed for strategy 'selenium_browser' on URL https://timesofindia.indiatimes.com/world/us/tobacco-is-responsible-for-americas-obesity-and-chronic-illness-rfk-jr-says-cigarette-giants-engineered-addictive-foods/articleshow/127514789.cms: Message: timeout: Timed out receiving message from renderer: 19.885
  (Session info: chrome=144.0.7559.59)
Stacktrace:
#0 0x55e8a14f2afa <unknown>
#1 0x55e8a0f0c60f <unknown>
#2 0x55e8a0ef3d11 <unknown>
#3 0x55e8a0ef3936 <unknown>
#4 0x55e8a0ef144b <unknown>
#5 0x55e8a0ef1dcf <unknown>
#6 0x55e8a0f012e0 <unknown>
#7 0x55e8a0f1b2b7 <unknown>
#8 0x55e8a0f224bb <unknown>
#9 0x55e8a0ef2539 <unknown>
#10 0x55e8a0f1b04c <unknown>
#11 0x55e8a0faa9a3 <unknown>
#12 0x55e8a0f53842 <unknown>
#13 0x55e8a0f54631 <unknown>
#14 0x55e8a14b8689 <unknown>
#15 0x55e8a14bb581 <unknown>
#16 0x55e8a14a4ca9 <unknown>
#17 0x55e8a14bc13e <unknown>
#18 0x55e8a148b3a0 <unknown>
#19 0x55e8a14dffc8 <unknown>
#20 0x55e8a14e019b <unknown>
#21 0x55e8a14f1e68 <unknown>
#22 0x7f1774e9caa4 <unknown>
#23 0x7f1774f29c6c <unknown>

2026-01-26 02:24:05,924 - ERROR - [Times of India] All scrape strategies failed for https://timesofindia.indiatimes.com/world/us/tobacco-is-responsible-for-americas-obesity-and-chronic-illness-rfk-jr-says-cigarette-giants-engineered-addictive-foods/articleshow/127514789.cms. Falling back to RSS description.
2026-01-26 02:24:05,924 - WARNING - SKIPPED (GLOBAL WORD LIMIT): Article '‘Tobacco is responsible for America’s obesity and chronic illness’: RFK Jr. says cigarette giants engineered addictive foods' from Times of India has only 58 words (Min: 90).
2026-01-26 02:24:50,345 - INFO - DEDUPLICATION: Found match (Score: 0.89). Linking to Cluster ID: d510b8ab-1caa-4b07-aa2e-67a8f070bba4
2026-01-26 02:24:50,349 - INFO - Saved article: China’s top ranking general under investigation for alleged violations amid ongoing purge of leadership | China | The Guardian from The Guardian (692 words)
2026-01-26 02:24:50,349 - INFO - [BBC] Early skip: URL https://www.bbc.com/news/articles/cx2l6wg0p8eo?at_medium=RSS&at_campaign=rss already exists.
2026-01-26 02:25:37,228 - INFO - Saved article: Telangana’s stunning rise and its unhinged growth - The Hindu from The Hindu (923 words)
2026-01-26 02:25:37,228 - INFO - [Times of India] Article: https://timesofindia.indiatimes.com/world/us-streamers/andrew-tate-shocking-charlie-kirk-comments-hint-at-dark-truth-blame-power-games-over-candace-owens-voice/articleshow/127508796.cms
2026-01-26 02:25:37,228 - INFO - [Times of India] Attempt 1/1: Trying with 'selenium_browser' strategy...
2026-01-26 02:25:37,229 - INFO - [BBC] Early skip: URL https://www.bbc.com/sport/cycling/articles/cgez09jl05wo?at_medium=RSS&at_campaign=rss already exists.
2026-01-26 02:25:37,446 - INFO - [The Guardian] Early skip: URL https://www.theguardian.com/news/ng-interactive/2026/jan/25/china-europe-canada-charm-offensive-trump already exists.
2026-01-26 02:25:37,743 - INFO - [The Guardian] Early skip: URL https://www.theguardian.com/world/2026/jan/24/north-korea-pentagon-to-reduce-role-deterrence already exists.
2026-01-26 02:25:37,960 - INFO - [BBC] Early skip: URL https://www.bbc.com/news/articles/c3edwx37pd9o?at_medium=RSS&at_campaign=rss already exists.
2026-01-26 02:25:38,143 - INFO - [BBC] Early skip: URL https://www.bbc.com/news/articles/czx11kw42jeo?at_medium=RSS&at_campaign=rss already exists.
2026-01-26 02:25:38,316 - INFO - [BBC] Early skip: URL https://www.bbc.com/news/articles/cy4qww3w72lo?at_medium=RSS&at_campaign=rss already exists.
2026-01-26 02:25:38,574 - INFO - [The Guardian] Early skip: URL https://www.theguardian.com/world/2026/jan/24/new-zealand-landslide-rescue-efforts-called-off-for-at-least-six-people-buried-in-disaster already exists.
2026-01-26 02:25:38,723 - INFO - [The Guardian] Early skip: URL https://www.theguardian.com/environment/2026/jan/23/tapanuli-orangutans-floods-indonesia-government-mining-extraction-companies-aoe already exists.
2026-01-26 02:25:38,834 - INFO - [The Guardian] Early skip: URL https://www.theguardian.com/australia-news/live/2026/jan/26/australia-invasion-day-protest-victoria-bushfire-weather-heatwave-ntwnfb already exists.
2026-01-26 02:25:39,112 - INFO - [The Hindu] Article: https://www.thehindu.com/news/national/77th-republic-day-2026-celebrations-president-murmu-parade-kartavya-path-january-26-2026/article70550889.ece
2026-01-26 02:25:39,112 - INFO - [The Hindu] Attempt 1/1: Trying with 'selenium_browser' strategy...
2026-01-26 02:25:39,113 - INFO - [BBC] Early skip: URL https://www.bbc.com/news/articles/c99kkerr93ko?at_medium=RSS&at_campaign=rss already exists.
2026-01-26 02:25:39,388 - INFO - [The Guardian] Article: https://www.theguardian.com/australia-news/2026/jan/26/chris-minns-nsw-protests-crackdown-sydney-ntwnfb
2026-01-26 02:25:39,388 - INFO - [The Guardian] Attempt 1/1: Trying with 'requests_browser' strategy...
2026-01-26 02:25:39,390 - INFO - [BBC] Early skip: URL https://www.bbc.com/news/articles/c20zjyxep99o?at_medium=RSS&at_campaign=rss already exists.
2026-01-26 02:25:39,528 - INFO - [BBC] Early skip: URL https://www.bbc.com/news/articles/c9wxx29yknpo?at_medium=RSS&at_campaign=rss already exists.
2026-01-26 02:25:39,636 - INFO - [The Guardian] Success with 'requests_browser'. Found content (541 words).
2026-01-26 02:25:39,773 - INFO - [BBC] Early skip: URL https://www.bbc.com/news/articles/c338jpk8r1vo?at_medium=RSS&at_campaign=rss already exists.
2026-01-26 02:25:39,970 - INFO - [BBC] Early skip: URL https://www.bbc.com/news/articles/c0err023g5lo?at_medium=RSS&at_campaign=rss already exists.
2026-01-26 02:25:45,619 - INFO - [Times of India] Page content loaded.
2026-01-26 02:25:45,841 - INFO - [The Hindu] Page content loaded.
2026-01-26 02:25:45,995 - INFO - [Times of India] Success with 'selenium_browser'. Found content (377 words).
2026-01-26 02:25:46,262 - INFO - [The Hindu] Success with 'selenium_browser'. Found content (204 words).
2026-01-26 02:26:29,625 - INFO - DEDUPLICATION: Found match (Score: 0.79). Linking to Cluster ID: 19b1a5fc-5ecc-4964-b64c-01cacde93340
2026-01-26 02:26:29,628 - INFO - Saved article: Chris Minns flags further crackdown on protests in central Sydney | New South Wales politics | The Guardian from The Guardian (541 words)
2026-01-26 02:26:29,628 - INFO - [BBC] Early skip: URL https://www.bbc.com/news/articles/c0keelnyrvro?at_medium=RSS&at_campaign=rss already exists.
2026-01-26 02:27:14,851 - INFO - Saved article: Andrew Tate's shocking Charlie Kirk comments hint at dark truth blame power games over Candace Owens voice - The Times of India from Times of India (377 words)
2026-01-26 02:27:59,429 - INFO - DEDUPLICATION: Found match (Score: 0.74). Linking to Cluster ID: 3907bdcb-64ce-496b-8cfd-2cf715617e18
2026-01-26 02:27:59,432 - INFO - Saved article: 77th Republic Day 2026 LIVE: India to display military might, growth story at Republic Day parade - The Hindu from The Hindu (204 words)
2026-01-26 02:27:59,432 - INFO - [BBC] Early skip: URL https://www.bbc.com/news/articles/cd9eeyz933jo?at_medium=RSS&at_campaign=rss already exists.
2026-01-26 02:27:59,606 - INFO - [The Guardian] Article: https://www.theguardian.com/environment/2026/jan/26/severe-heatwave-envelops-south-australia-as-victoria-braces-for-record-breaking-weather
2026-01-26 02:27:59,606 - INFO - [The Guardian] Attempt 1/1: Trying with 'requests_browser' strategy...
2026-01-26 02:27:59,607 - INFO - [Times of India] Early skip: URL https://timesofindia.indiatimes.com/world/us/spent-3-25-million-hiring-h-1b-workers-texas-university-draws-backlash-over-foreign-hiring-and-claims-of-importing-labour/articleshow/127509480.cms already exists.
2026-01-26 02:27:59,714 - INFO - [BBC] Early skip: URL https://www.bbc.com/news/articles/c9vx0p77pn8o?at_medium=RSS&at_campaign=rss already exists.
2026-01-26 02:27:59,786 - INFO - [The Guardian] Success with 'requests_browser'. Found content (559 words).
2026-01-26 02:27:59,982 - INFO - [Times of India] Early skip: URL https://timesofindia.indiatimes.com/world/europe/sweden-unearths-a-5000-year-old-dog-buried-with-a-dagger-hints-at-elite-treatment/articleshow/127505466.cms already exists.
2026-01-26 02:28:00,229 - CRITICAL - --- TIMEOUT: 4 scrape jobs did not complete in 300s. ---
2026-01-26 02:28:00,229 - ERROR - A thread has timed out and will be abandoned.
2026-01-26 02:28:00,229 - ERROR - A thread has timed out and will be abandoned.
2026-01-26 02:28:00,229 - ERROR - A thread has timed out and will be abandoned.
2026-01-26 02:28:00,229 - ERROR - A thread has timed out and will be abandoned.
2026-01-26 02:28:00,229 - INFO - Shutting down thread pool (wait=False)...
2026-01-26 02:28:00,229 - INFO - Scraped: 4 Timed_Out_Jobs articles. (Total saved: 0)
2026-01-26 02:28:00,229 - INFO - --- Scraping job finished ---
2026-01-26 02:28:00,229 - INFO - --- Scraper service stopped and database connection closed. ---
2026-01-26 02:28:00,229 - INFO - --- Main thread finished. Forcing process exit to kill zombie threads. ---
