2025-12-19 14:49:48,860 - INFO - Loading AI Semantic Model (all-MiniLM-L6-v2)...
2025-12-19 14:49:48,860 - INFO - Use pytorch device_name: cpu
2025-12-19 14:49:48,860 - INFO - Load pretrained SentenceTransformer: all-MiniLM-L6-v2
2025-12-19 14:49:50,302 - INFO - AI Model loaded successfully.
2025-12-19 14:49:50,302 - INFO - --- Scraper service started (CI Mode: Run Once) ---
2025-12-19 14:49:50,302 - INFO - --- Starting new scraping job (Parallel Mode) ---
2025-12-19 14:49:50,303 - INFO - Creating new robust session with 3 retries on 5xx/connection/read errors.
2025-12-19 14:49:50,303 - INFO - Proxy is DISABLED.
2025-12-19 14:49:50,303 - INFO - Starting scrape for BBC RSS feed: http://feeds.bbci.co.uk/news/world/rss.xml
2025-12-19 14:49:50,304 - INFO - [Times of India] (Thread) requires Selenium. Initializing driver...
2025-12-19 14:49:50,305 - INFO - Starting scrape for The Guardian RSS feed: https://www.theguardian.com/world/rss
2025-12-19 14:49:50,306 - INFO - [The Hindu] (Thread) requires Selenium. Initializing driver...
2025-12-19 14:49:50,306 - INFO - Submitted 4 jobs to thread pool. Waiting up to 300s for completion...
2025-12-19 14:49:50,440 - INFO - Found 45 articles in The Guardian RSS feed. Processing up to 30.
2025-12-19 14:49:50,440 - INFO - [The Guardian] Early skip: URL https://www.theguardian.com/global-development/2025/dec/19/colombian-mercenaries-sudan-rsf-us-sanctions-recruited-uk-registered-firms-investigation already exists.
2025-12-19 14:49:50,511 - INFO - Found 29 articles in BBC RSS feed. Processing up to 30.
2025-12-19 14:49:50,627 - INFO - [BBC] Early skip: URL https://www.bbc.com/news/articles/c3e025vyppeo?at_medium=RSS&at_campaign=rss already exists.
2025-12-19 14:49:50,825 - INFO - [The Guardian] Early skip: URL https://www.theguardian.com/global-development/2025/dec/18/morocco-genz212-protests-police-mass-arrests-beatings-detentions-rights already exists.
2025-12-19 14:49:51,033 - INFO - [BBC] Early skip: URL https://www.bbc.com/news/articles/c4gp4ze002mo?at_medium=RSS&at_campaign=rss already exists.
2025-12-19 14:49:51,240 - INFO - [The Guardian] Early skip: URL https://www.theguardian.com/world/2025/dec/16/five-key-moments-in-the-assault-on-the-rights-of-women-and-girls-in-2025 already exists.
2025-12-19 14:49:51,390 - INFO - [BBC] Early skip: URL https://www.bbc.com/news/articles/cn09p4kjj4wo?at_medium=RSS&at_campaign=rss already exists.
2025-12-19 14:49:51,676 - INFO - [The Guardian] Early skip: URL https://www.theguardian.com/world/2025/dec/16/south-africa-russia-men-tricked-fighting-ukraine already exists.
2025-12-19 14:49:51,785 - INFO - [BBC] Early skip: URL https://www.bbc.com/news/articles/c2462r82864o?at_medium=RSS&at_campaign=rss already exists.
2025-12-19 14:49:51,978 - INFO - [The Guardian] Early skip: URL https://www.theguardian.com/world/2025/dec/16/libya-national-museum-reopens already exists.
2025-12-19 14:49:52,081 - INFO - [BBC] Early skip: URL https://www.bbc.com/news/articles/cgexp1q8wn1o?at_medium=RSS&at_campaign=rss already exists.
2025-12-19 14:49:52,336 - INFO - [The Guardian] Article: https://www.theguardian.com/world/2025/dec/19/colombia-eln-guerrilla-group-attack-military-base
2025-12-19 14:49:52,336 - INFO - [The Guardian] Attempt 1/1: Trying with 'requests_browser' strategy...
2025-12-19 14:49:52,337 - INFO - [BBC] Early skip: URL https://www.bbc.com/news/articles/ckgdpz0gp3jo?at_medium=RSS&at_campaign=rss already exists.
2025-12-19 14:49:52,367 - INFO - [The Guardian] Success with 'requests_browser'. Found content (320 words).
2025-12-19 14:50:15,052 - INFO - Selenium driver initialized successfully.
2025-12-19 14:50:15,052 - INFO - Starting scrape for The Hindu RSS feed: https://www.thehindu.com/news/national/feeder/default.rss
2025-12-19 14:50:15,053 - INFO - Selenium driver initialized successfully.
2025-12-19 14:50:15,053 - INFO - Starting scrape for Times of India RSS feed: https://timesofindia.indiatimes.com/rssfeeds/296589292.cms
2025-12-19 14:50:15,266 - INFO - Found 100 articles in The Hindu RSS feed. Processing up to 30.
2025-12-19 14:50:15,526 - INFO - Found 20 articles in Times of India RSS feed. Processing up to 30.
2025-12-19 14:50:36,200 - INFO - DEDUPLICATION: Found match (Score: 0.82). Linking to Cluster ID: 99fd3654-e204-46b3-9f47-446b664c77b7
2025-12-19 14:50:36,204 - INFO - Saved article: Six Colombian troops killed in attack by rebels on military base near Venezuela | Colombia | The Guardian from The Guardian (320 words)
2025-12-19 14:50:36,204 - INFO - [BBC] Early skip: URL https://www.bbc.com/news/articles/c741r9ve3z7o?at_medium=RSS&at_campaign=rss already exists.
2025-12-19 14:50:36,360 - INFO - [The Hindu] Article: https://www.thehindu.com/news/national/karnataka/doctors-should-follow-ethical-principles-of-sympathy-and-kindness-says-nmcmarb-chairman/article70415649.ece
2025-12-19 14:50:36,360 - INFO - [The Hindu] Attempt 1/1: Trying with 'selenium_browser' strategy...
2025-12-19 14:50:36,361 - INFO - [Times of India] Article: https://timesofindia.indiatimes.com/world/us/donald-trump-and-the-art-of-adding-your-name-next-to-kennedy/articleshow/126079374.cms
2025-12-19 14:50:36,361 - INFO - [Times of India] Attempt 1/1: Trying with 'selenium_browser' strategy...
2025-12-19 14:50:36,362 - INFO - [BBC] Article: https://www.bbc.com/news/articles/cy842jdw98vo?at_medium=RSS&at_campaign=rss
2025-12-19 14:50:36,362 - INFO - [BBC] Attempt 1/1: Trying with 'requests_browser' strategy...
2025-12-19 14:50:36,555 - INFO - [BBC] Success with 'requests_browser'. Found content (586 words).
2025-12-19 14:50:56,407 - ERROR - [The Hindu] Request failed for strategy 'selenium_browser' on URL https://www.thehindu.com/news/national/karnataka/doctors-should-follow-ethical-principles-of-sympathy-and-kindness-says-nmcmarb-chairman/article70415649.ece: Message: timeout: Timed out receiving message from renderer: 19.734
  (Session info: chrome=143.0.7499.109)
Stacktrace:
#0 0x56142563c61a <unknown>
#1 0x5614250b920b <unknown>
#2 0x5614250a12aa <unknown>
#3 0x5614250a0f8d <unknown>
#4 0x56142509ee47 <unknown>
#5 0x56142509f75f <unknown>
#6 0x5614250adf20 <unknown>
#7 0x5614250c75e7 <unknown>
#8 0x5614250cdc9b <unknown>
#9 0x56142509fe88 <unknown>
#10 0x5614250c7356 <unknown>
#11 0x561425156580 <unknown>
#12 0x5614250fd232 <unknown>
#13 0x5614250fdee1 <unknown>
#14 0x5614256053f9 <unknown>
#15 0x56142560834d <unknown>
#16 0x5614255ee122 <unknown>
#17 0x561425608f2b <unknown>
#18 0x5614255d4c30 <unknown>
#19 0x561425629d78 <unknown>
#20 0x561425629f4c <unknown>
#21 0x56142563b973 <unknown>
#22 0x7f4cfc49caa4 <unknown>
#23 0x7f4cfc529c6c <unknown>

2025-12-19 14:50:56,407 - ERROR - [The Hindu] All scrape strategies failed for https://www.thehindu.com/news/national/karnataka/doctors-should-follow-ethical-principles-of-sympathy-and-kindness-says-nmcmarb-chairman/article70415649.ece. Falling back to RSS description.
2025-12-19 14:50:56,407 - WARNING - SKIPPED (GLOBAL WORD LIMIT): Article 'Doctors should practice sympathy and kindness, says NMCMARB chairman' from The Hindu has only 3 words (Min: 90).
2025-12-19 14:51:36,000 - INFO - Saved article: Lawrence Ampe: Uganda prison officer sacked for 'politicking' on TikTok from BBC (586 words)
2025-12-19 14:51:36,000 - INFO - [The Guardian] Early skip: URL https://www.theguardian.com/world/2025/dec/19/i-cant-think-of-a-place-more-pristine-133000-hectares-of-chilean-patagonia-preserved-after-local-fundraising already exists.
2025-12-19 14:51:36,237 - INFO - [The Hindu] Article: https://www.thehindu.com/news/national/karnataka/govinda-rao-panel-report-on-regional-imbalances-will-be-implemented-says-cm/article70416073.ece
2025-12-19 14:51:36,237 - INFO - [The Hindu] Attempt 1/1: Trying with 'selenium_browser' strategy...
2025-12-19 14:51:36,238 - INFO - [The Guardian] Early skip: URL https://www.theguardian.com/world/2025/dec/18/brazilian-congress-passes-bill-cut-jair-bolsonaro-prison-term already exists.
2025-12-19 14:51:36,357 - INFO - [The Guardian] Early skip: URL https://www.theguardian.com/world/2025/dec/18/canada-immigration-population-analysis already exists.
2025-12-19 14:51:36,606 - INFO - [The Guardian] Early skip: URL https://www.theguardian.com/us-news/2025/dec/17/military-strike-pacific-hegseth already exists.
2025-12-19 14:51:36,785 - INFO - [BBC] Early skip: URL https://www.bbc.com/news/articles/cy472pygwljo?at_medium=RSS&at_campaign=rss already exists.
2025-12-19 14:51:37,022 - INFO - [The Guardian] Early skip: URL https://www.theguardian.com/technology/2025/dec/19/uk-foreign-office-victim-cyber-attack-october- already exists.
2025-12-19 14:51:37,214 - INFO - [BBC] Early skip: URL https://www.bbc.com/news/articles/cj69px875ewo?at_medium=RSS&at_campaign=rss already exists.
2025-12-19 14:51:37,368 - INFO - [The Guardian] Early skip: URL https://www.theguardian.com/technology/2025/dec/18/tiktok-signs-deal-us-entity-sale already exists.
2025-12-19 14:51:37,539 - INFO - [BBC] Early skip: URL https://www.bbc.com/news/articles/c4g94ywgxd6o?at_medium=RSS&at_campaign=rss already exists.
2025-12-19 14:51:37,668 - INFO - [BBC] Early skip: URL https://www.bbc.com/news/articles/cg7vp937jyxo?at_medium=RSS&at_campaign=rss already exists.
2025-12-19 14:51:37,885 - INFO - [The Guardian] Early skip: URL https://www.theguardian.com/world/2025/dec/19/south-korean-president-urges-public-health-cover-hair-loss already exists.
2025-12-19 14:51:38,132 - INFO - [BBC] Early skip: URL https://www.bbc.com/news/articles/c8983vzg79go?at_medium=RSS&at_campaign=rss already exists.
2025-12-19 14:51:38,264 - INFO - [The Guardian] Early skip: URL https://www.theguardian.com/world/2025/dec/18/us-announces-more-than-10bn-of-arms-sales-to-taiwan already exists.
2025-12-19 14:51:38,523 - INFO - [BBC] Early skip: URL https://www.bbc.com/news/articles/c93wxp2p05xo?at_medium=RSS&at_campaign=rss already exists.
2025-12-19 14:51:38,786 - INFO - [The Guardian] Early skip: URL https://www.theguardian.com/environment/2025/dec/18/smart-bins-measuring-food-waste-south-korea already exists.
2025-12-19 14:51:39,063 - INFO - [BBC] Early skip: URL https://www.bbc.com/news/articles/cp8z684r6vlo?at_medium=RSS&at_campaign=rss already exists.
2025-12-19 14:51:39,240 - INFO - [The Guardian] Early skip: URL https://www.theguardian.com/australia-news/2025/dec/20/some-will-take-their-own-lives-puberty-blocker-bans-in-queensland-and-nz-risk-extreme-harm-to-trans-youth-uk-expert-warns already exists.
2025-12-19 14:51:39,389 - INFO - [BBC] Early skip: URL https://www.bbc.com/news/articles/c2epv08xwz7o?at_medium=RSS&at_campaign=rss already exists.
2025-12-19 14:51:39,571 - INFO - [The Guardian] Early skip: URL https://www.theguardian.com/australia-news/2025/dec/20/victoria-police-welfare-policy-detainees-tired-fair-trial already exists.
2025-12-19 14:51:39,847 - INFO - [BBC] Early skip: URL https://www.bbc.com/news/articles/cgmneem1e89o?at_medium=RSS&at_campaign=rss already exists.
2025-12-19 14:51:40,076 - INFO - [The Guardian] Early skip: URL https://www.theguardian.com/australia-news/2025/dec/19/bom-christmas-day-weather-forecast-australia-extreme-heatwave already exists.
2025-12-19 14:51:40,348 - INFO - [BBC] Early skip: URL https://www.bbc.com/news/articles/cp9kv9lld38o?at_medium=RSS&at_campaign=rss already exists.
2025-12-19 14:51:40,589 - INFO - [The Guardian] Early skip: URL https://www.theguardian.com/australia-news/2025/dec/19/anthony-albanese-attends-sydney-synagogue-to-honour-memory-of-bondi-attack-victims already exists.
2025-12-19 14:51:40,864 - INFO - [BBC] Early skip: URL https://www.bbc.com/news/articles/ce86j7n6d3do?at_medium=RSS&at_campaign=rss already exists.
2025-12-19 14:51:41,109 - INFO - [The Guardian] Early skip: URL https://www.theguardian.com/australia-news/2025/dec/19/alleged-bondi-beach-gunman-visited-firearms-shop-during-philippines-visit-local-police-say already exists.
2025-12-19 14:51:41,314 - INFO - [BBC] Early skip: URL https://www.bbc.com/news/articles/cwypp1jwjz1o?at_medium=RSS&at_campaign=rss already exists.
2025-12-19 14:51:41,505 - INFO - [The Guardian] Early skip: URL https://www.theguardian.com/world/2025/dec/19/ukraine-attacks-russian-shadow-tanker-off-libyan-coast already exists.
2025-12-19 14:51:41,661 - INFO - [BBC] Early skip: URL https://www.bbc.com/news/articles/czxp998rd9ko?at_medium=RSS&at_campaign=rss already exists.
2025-12-19 14:51:41,834 - INFO - [The Guardian] Early skip: URL https://www.theguardian.com/world/live/2025/dec/19/ukraine-war-live-zelenskyy-european-union-agreement-90bn-loan-deal-kyiv already exists.
2025-12-19 14:51:42,084 - INFO - [The Guardian] Article: https://www.theguardian.com/world/2025/dec/19/eu-ukraine-loan-plan-b-frozen-russian-assets
2025-12-19 14:51:42,084 - INFO - [The Guardian] Attempt 1/1: Trying with 'requests_browser' strategy...
2025-12-19 14:51:42,086 - INFO - [BBC] Early skip: URL https://www.bbc.com/news/articles/c773mnpre07o?at_medium=RSS&at_campaign=rss already exists.
2025-12-19 14:51:42,245 - INFO - [The Guardian] Success with 'requests_browser'. Found content (756 words).
2025-12-19 14:51:56,278 - ERROR - [The Hindu] Request failed for strategy 'selenium_browser' on URL https://www.thehindu.com/news/national/karnataka/govinda-rao-panel-report-on-regional-imbalances-will-be-implemented-says-cm/article70416073.ece: Message: timeout: Timed out receiving message from renderer: 20.000
  (Session info: chrome=143.0.7499.109)
Stacktrace:
#0 0x56142563c61a <unknown>
#1 0x5614250b920b <unknown>
#2 0x5614250a12aa <unknown>
#3 0x5614250a0f8d <unknown>
#4 0x56142509ee47 <unknown>
#5 0x56142509f75f <unknown>
#6 0x5614250adf20 <unknown>
#7 0x5614250c75e7 <unknown>
#8 0x5614250cdc9b <unknown>
#9 0x56142509fe88 <unknown>
#10 0x5614250c7356 <unknown>
#11 0x5614251560de <unknown>
#12 0x5614250fd232 <unknown>
#13 0x5614250fdee1 <unknown>
#14 0x5614256053f9 <unknown>
#15 0x56142560834d <unknown>
#16 0x5614255ee122 <unknown>
#17 0x561425608f2b <unknown>
#18 0x5614255d4c30 <unknown>
#19 0x561425629d78 <unknown>
#20 0x561425629f4c <unknown>
#21 0x56142563b973 <unknown>
#22 0x7f4cfc49caa4 <unknown>
#23 0x7f4cfc529c6c <unknown>

2025-12-19 14:51:56,278 - ERROR - [The Hindu] All scrape strategies failed for https://www.thehindu.com/news/national/karnataka/govinda-rao-panel-report-on-regional-imbalances-will-be-implemented-says-cm/article70416073.ece. Falling back to RSS description.
2025-12-19 14:51:56,278 - WARNING - SKIPPED (GLOBAL WORD LIMIT): Article 'Govinda Rao panel report on regional imbalances will be implemented, says CM ' from The Hindu has only 3 words (Min: 90).
2025-12-19 14:52:29,534 - INFO - DEDUPLICATION: Found match (Score: 0.92). Linking to Cluster ID: 46019211-7900-496d-8969-5e9d4d4e4e60
2025-12-19 14:52:29,537 - INFO - Saved article: EU’s Ukraine loan may have been Plan B, but don’t underestimate its significance to the bloc | Ukraine | The Guardian from The Guardian (756 words)
2025-12-19 14:52:29,537 - INFO - [BBC] Early skip: URL https://www.bbc.com/news/articles/cze80j943zlo?at_medium=RSS&at_campaign=rss already exists.
2025-12-19 14:52:29,763 - INFO - [The Hindu] Article: https://www.thehindu.com/news/national/kerala/ernakulam-collector-sends-sabari-rail-land-acquisition-proposal-to-state/article70415862.ece
2025-12-19 14:52:29,763 - INFO - [The Hindu] Attempt 1/1: Trying with 'selenium_browser' strategy...
2025-12-19 14:52:29,763 - INFO - [BBC] Early skip: URL https://www.bbc.com/news/articles/c1dz6wgn2w9o?at_medium=RSS&at_campaign=rss already exists.
2025-12-19 14:52:29,898 - INFO - [BBC] Early skip: URL https://www.bbc.com/news/articles/cgl66ez489po?at_medium=RSS&at_campaign=rss already exists.
2025-12-19 14:52:30,073 - INFO - [BBC] Article: https://www.bbc.com/news/videos/c5yje8pvg8jo?at_medium=RSS&at_campaign=rss
2025-12-19 14:52:30,073 - INFO - [BBC] Attempt 1/1: Trying with 'requests_browser' strategy...
2025-12-19 14:52:30,133 - WARNING - [BBC] FAILED with 'requests_browser' (content was too short: 74 words).
2025-12-19 14:52:30,133 - ERROR - [BBC] All scrape strategies failed for https://www.bbc.com/news/videos/c5yje8pvg8jo?at_medium=RSS&at_campaign=rss. Falling back to RSS description.
2025-12-19 14:52:30,133 - WARNING - SKIPPED (GLOBAL WORD LIMIT): Article 'What does TikTok's deal mean for America's users?' from BBC has only 21 words (Min: 90).
2025-12-19 14:52:30,466 - INFO - [The Guardian] Early skip: URL https://www.theguardian.com/world/2025/dec/19/ukraine-deal-latest-europe-leaders-loan-zelenskyy already exists.
2025-12-19 14:52:30,684 - INFO - [The Guardian] Early skip: URL https://www.theguardian.com/environment/2025/dec/19/weather-tracker-early-snowfall-new-york-storm-rips-down-lights-spain already exists.
2025-12-19 14:52:30,811 - INFO - [The Guardian] Early skip: URL https://www.theguardian.com/global-development/2025/dec/19/gaza-phd-student-manar-al-houbi-granted-access-to-uk-but-others-remain-stranded already exists.
2025-12-19 14:52:30,962 - INFO - [The Guardian] Early skip: URL https://www.theguardian.com/global-development/2025/dec/19/iranian-boxing-champion-mohammad-javad-vafaei-sani-risk-of-execution-retrial-request-rejected already exists.
2025-12-19 14:52:31,183 - INFO - [The Guardian] Early skip: URL https://www.theguardian.com/world/2025/dec/18/rainfall-iran-hormuz-island-red-beach already exists.
2025-12-19 14:52:31,438 - INFO - [BBC] Early skip: URL https://www.bbc.com/news/videos/cjdrpx4yjv5o?at_medium=RSS&at_campaign=rss already exists.
2025-12-19 14:52:31,700 - INFO - [The Guardian] Early skip: URL https://www.theguardian.com/world/2025/dec/18/saudi-backed-forces-yemen-border-separatists-stc already exists.
2025-12-19 14:52:31,931 - INFO - [BBC] Early skip: URL https://www.bbc.com/news/videos/clyx60v23g6o?at_medium=RSS&at_campaign=rss already exists.
2025-12-19 14:52:32,230 - INFO - [The Guardian] Early skip: URL https://www.theguardian.com/us-news/2025/dec/17/peter-arnett-dead-vietnam-gulf-war already exists.
2025-12-19 14:52:32,350 - INFO - [BBC] Article: https://www.bbc.com/news/videos/cn81dzj79glo?at_medium=RSS&at_campaign=rss
2025-12-19 14:52:32,350 - INFO - [BBC] Attempt 1/1: Trying with 'requests_browser' strategy...
2025-12-19 14:52:32,407 - WARNING - [BBC] FAILED with 'requests_browser' (content was too short: 63 words).
2025-12-19 14:52:32,407 - ERROR - [BBC] All scrape strategies failed for https://www.bbc.com/news/videos/cn81dzj79glo?at_medium=RSS&at_campaign=rss. Falling back to RSS description.
2025-12-19 14:52:32,407 - WARNING - SKIPPED (GLOBAL WORD LIMIT): Article 'Watch: Moment Nick Reiner is arrested after being seen in convenience store' from BBC has only 25 words (Min: 90).
2025-12-19 14:52:36,460 - ERROR - [Times of India] Request failed for strategy 'selenium_browser' on URL https://timesofindia.indiatimes.com/world/us/donald-trump-and-the-art-of-adding-your-name-next-to-kennedy/articleshow/126079374.cms: HTTPConnectionPool(host='localhost', port=35167): Read timed out. (read timeout=120)
2025-12-19 14:52:36,460 - ERROR - [Times of India] All scrape strategies failed for https://timesofindia.indiatimes.com/world/us/donald-trump-and-the-art-of-adding-your-name-next-to-kennedy/articleshow/126079374.cms. Falling back to RSS description.
2025-12-19 14:52:36,460 - WARNING - SKIPPED (GLOBAL WORD LIMIT): Article 'Donald Trump and the art of adding your name next to Kennedy' from Times of India has only 55 words (Min: 90).
2025-12-19 14:52:36,966 - INFO - [Times of India] Article: https://timesofindia.indiatimes.com/world/rest-of-world/taiwan-eight-injured-in-smoke-grenade-knife-attacks-at-taipei-metro-stations-three-suffer-cardiac-arrest/articleshow/126078672.cms
2025-12-19 14:52:36,966 - INFO - [Times of India] Attempt 1/1: Trying with 'selenium_browser' strategy...
2025-12-19 14:52:49,776 - ERROR - [The Hindu] Request failed for strategy 'selenium_browser' on URL https://www.thehindu.com/news/national/kerala/ernakulam-collector-sends-sabari-rail-land-acquisition-proposal-to-state/article70415862.ece: Message: timeout: Timed out receiving message from renderer: 20.000
  (Session info: chrome=143.0.7499.109)
Stacktrace:
#0 0x56142563c61a <unknown>
#1 0x5614250b920b <unknown>
#2 0x5614250a12aa <unknown>
#3 0x5614250a0f8d <unknown>
#4 0x56142509ee47 <unknown>
#5 0x56142509f75f <unknown>
#6 0x5614250adf20 <unknown>
#7 0x5614250c75e7 <unknown>
#8 0x5614250cdc9b <unknown>
#9 0x56142509fe88 <unknown>
#10 0x5614250c7356 <unknown>
#11 0x5614251560de <unknown>
#12 0x5614250fd232 <unknown>
#13 0x5614250fdee1 <unknown>
#14 0x5614256053f9 <unknown>
#15 0x56142560834d <unknown>
#16 0x5614255ee122 <unknown>
#17 0x561425608f2b <unknown>
#18 0x5614255d4c30 <unknown>
#19 0x561425629d78 <unknown>
#20 0x561425629f4c <unknown>
#21 0x56142563b973 <unknown>
#22 0x7f4cfc49caa4 <unknown>
#23 0x7f4cfc529c6c <unknown>

2025-12-19 14:52:49,776 - ERROR - [The Hindu] All scrape strategies failed for https://www.thehindu.com/news/national/kerala/ernakulam-collector-sends-sabari-rail-land-acquisition-proposal-to-state/article70415862.ece. Falling back to RSS description.
2025-12-19 14:52:49,776 - WARNING - SKIPPED (GLOBAL WORD LIMIT): Article 'Ernakulam collector sends Sabari rail land acquisition proposal to State' from The Hindu has only 19 words (Min: 90).
2025-12-19 14:52:50,946 - INFO - [The Hindu] Article: https://www.thehindu.com/news/national/telangana/short-film-festival-inaugurated-komatireddy-reaffirms-support-to-film-industry/article70415861.ece
2025-12-19 14:52:50,946 - INFO - [The Hindu] Attempt 1/1: Trying with 'selenium_browser' strategy...
2025-12-19 14:53:10,960 - ERROR - [The Hindu] Request failed for strategy 'selenium_browser' on URL https://www.thehindu.com/news/national/telangana/short-film-festival-inaugurated-komatireddy-reaffirms-support-to-film-industry/article70415861.ece: Message: timeout: Timed out receiving message from renderer: 20.000
  (Session info: chrome=143.0.7499.109)
Stacktrace:
#0 0x56142563c61a <unknown>
#1 0x5614250b920b <unknown>
#2 0x5614250a12aa <unknown>
#3 0x5614250a0f8d <unknown>
#4 0x56142509ee47 <unknown>
#5 0x56142509f75f <unknown>
#6 0x5614250adf20 <unknown>
#7 0x5614250c75e7 <unknown>
#8 0x5614250cdc9b <unknown>
#9 0x56142509fe88 <unknown>
#10 0x5614250c7356 <unknown>
#11 0x5614251560de <unknown>
#12 0x5614250fd232 <unknown>
#13 0x5614250fdee1 <unknown>
#14 0x5614256053f9 <unknown>
#15 0x56142560834d <unknown>
#16 0x5614255ee122 <unknown>
#17 0x561425608f2b <unknown>
#18 0x5614255d4c30 <unknown>
#19 0x561425629d78 <unknown>
#20 0x561425629f4c <unknown>
#21 0x56142563b973 <unknown>
#22 0x7f4cfc49caa4 <unknown>
#23 0x7f4cfc529c6c <unknown>

2025-12-19 14:53:10,960 - ERROR - [The Hindu] All scrape strategies failed for https://www.thehindu.com/news/national/telangana/short-film-festival-inaugurated-komatireddy-reaffirms-support-to-film-industry/article70415861.ece. Falling back to RSS description.
2025-12-19 14:53:10,960 - WARNING - SKIPPED (GLOBAL WORD LIMIT): Article 'Short film festival inaugurated; Komatireddy reaffirms support to film industry' from The Hindu has only 3 words (Min: 90).
2025-12-19 14:53:11,822 - INFO - [The Hindu] Article: https://www.thehindu.com/news/national/tamil-nadu/over-2-lakh-voters-deleted-as-part-of-sir-in-cuddalore-district/article70415701.ece
2025-12-19 14:53:11,822 - INFO - [The Hindu] Attempt 1/1: Trying with 'selenium_browser' strategy...
2025-12-19 14:53:31,834 - ERROR - [The Hindu] Request failed for strategy 'selenium_browser' on URL https://www.thehindu.com/news/national/tamil-nadu/over-2-lakh-voters-deleted-as-part-of-sir-in-cuddalore-district/article70415701.ece: Message: timeout: Timed out receiving message from renderer: 20.000
  (Session info: chrome=143.0.7499.109)
Stacktrace:
#0 0x56142563c61a <unknown>
#1 0x5614250b920b <unknown>
#2 0x5614250a12aa <unknown>
#3 0x5614250a0f8d <unknown>
#4 0x56142509ee47 <unknown>
#5 0x56142509f75f <unknown>
#6 0x5614250adf20 <unknown>
#7 0x5614250c75e7 <unknown>
#8 0x5614250cdc9b <unknown>
#9 0x56142509fe88 <unknown>
#10 0x5614250c7356 <unknown>
#11 0x5614251560de <unknown>
#12 0x5614250fd232 <unknown>
#13 0x5614250fdee1 <unknown>
#14 0x5614256053f9 <unknown>
#15 0x56142560834d <unknown>
#16 0x5614255ee122 <unknown>
#17 0x561425608f2b <unknown>
#18 0x5614255d4c30 <unknown>
#19 0x561425629d78 <unknown>
#20 0x561425629f4c <unknown>
#21 0x56142563b973 <unknown>
#22 0x7f4cfc49caa4 <unknown>
#23 0x7f4cfc529c6c <unknown>

2025-12-19 14:53:31,834 - ERROR - [The Hindu] All scrape strategies failed for https://www.thehindu.com/news/national/tamil-nadu/over-2-lakh-voters-deleted-as-part-of-sir-in-cuddalore-district/article70415701.ece. Falling back to RSS description.
2025-12-19 14:53:31,834 - WARNING - SKIPPED (GLOBAL WORD LIMIT): Article 'Over 2 lakh voters deleted as part of SIR in Cuddalore district' from The Hindu has only 3 words (Min: 90).
2025-12-19 14:53:32,467 - INFO - [The Hindu] Article: https://www.thehindu.com/news/national/kerala/thiruvambady-ekadasi-sangeethotsavam-begins/article70416126.ece
2025-12-19 14:53:32,467 - INFO - [The Hindu] Attempt 1/1: Trying with 'selenium_browser' strategy...
2025-12-19 14:53:52,479 - ERROR - [The Hindu] Request failed for strategy 'selenium_browser' on URL https://www.thehindu.com/news/national/kerala/thiruvambady-ekadasi-sangeethotsavam-begins/article70416126.ece: Message: timeout: Timed out receiving message from renderer: 20.000
  (Session info: chrome=143.0.7499.109)
Stacktrace:
#0 0x56142563c61a <unknown>
#1 0x5614250b920b <unknown>
#2 0x5614250a12aa <unknown>
#3 0x5614250a0f8d <unknown>
#4 0x56142509ee47 <unknown>
#5 0x56142509f75f <unknown>
#6 0x5614250adf20 <unknown>
#7 0x5614250c75e7 <unknown>
#8 0x5614250cdc9b <unknown>
#9 0x56142509fe88 <unknown>
#10 0x5614250c7356 <unknown>
#11 0x5614251560de <unknown>
#12 0x5614250fd232 <unknown>
#13 0x5614250fdee1 <unknown>
#14 0x5614256053f9 <unknown>
#15 0x56142560834d <unknown>
#16 0x5614255ee122 <unknown>
#17 0x561425608f2b <unknown>
#18 0x5614255d4c30 <unknown>
#19 0x561425629d78 <unknown>
#20 0x561425629f4c <unknown>
#21 0x56142563b973 <unknown>
#22 0x7f4cfc49caa4 <unknown>
#23 0x7f4cfc529c6c <unknown>

2025-12-19 14:53:52,480 - ERROR - [The Hindu] All scrape strategies failed for https://www.thehindu.com/news/national/kerala/thiruvambady-ekadasi-sangeethotsavam-begins/article70416126.ece. Falling back to RSS description.
2025-12-19 14:53:52,480 - WARNING - SKIPPED (GLOBAL WORD LIMIT): Article 'Thiruvambady Ekadasi Sangeethotsavam begins' from The Hindu has only 3 words (Min: 90).
2025-12-19 14:53:53,341 - INFO - [The Hindu] Article: https://www.thehindu.com/news/national/kerala/marottichal-riju-murder-case-three-accused-sentenced-to-life-imprisonment/article70416282.ece
2025-12-19 14:53:53,341 - INFO - [The Hindu] Attempt 1/1: Trying with 'selenium_browser' strategy...
2025-12-19 14:54:13,354 - ERROR - [The Hindu] Request failed for strategy 'selenium_browser' on URL https://www.thehindu.com/news/national/kerala/marottichal-riju-murder-case-three-accused-sentenced-to-life-imprisonment/article70416282.ece: Message: timeout: Timed out receiving message from renderer: 20.000
  (Session info: chrome=143.0.7499.109)
Stacktrace:
#0 0x56142563c61a <unknown>
#1 0x5614250b920b <unknown>
#2 0x5614250a12aa <unknown>
#3 0x5614250a0f8d <unknown>
#4 0x56142509ee47 <unknown>
#5 0x56142509f75f <unknown>
#6 0x5614250adf20 <unknown>
#7 0x5614250c75e7 <unknown>
#8 0x5614250cdc9b <unknown>
#9 0x56142509fe88 <unknown>
#10 0x5614250c7356 <unknown>
#11 0x5614251560de <unknown>
#12 0x5614250fd232 <unknown>
#13 0x5614250fdee1 <unknown>
#14 0x5614256053f9 <unknown>
#15 0x56142560834d <unknown>
#16 0x5614255ee122 <unknown>
#17 0x561425608f2b <unknown>
#18 0x5614255d4c30 <unknown>
#19 0x561425629d78 <unknown>
#20 0x561425629f4c <unknown>
#21 0x56142563b973 <unknown>
#22 0x7f4cfc49caa4 <unknown>
#23 0x7f4cfc529c6c <unknown>

2025-12-19 14:54:13,354 - ERROR - [The Hindu] All scrape strategies failed for https://www.thehindu.com/news/national/kerala/marottichal-riju-murder-case-three-accused-sentenced-to-life-imprisonment/article70416282.ece. Falling back to RSS description.
2025-12-19 14:54:13,354 - WARNING - SKIPPED (GLOBAL WORD LIMIT): Article 'Marottichal Riju murder case: three accused sentenced to life imprisonment' from The Hindu has only 23 words (Min: 90).
2025-12-19 14:54:14,511 - INFO - [The Hindu] Article: https://www.thehindu.com/news/national/karnataka/hate-speech-bill-passed-in-council-after-over-six-hours-of-debate-amid-bjp-protest/article70415736.ece
2025-12-19 14:54:14,511 - INFO - [The Hindu] Attempt 1/1: Trying with 'selenium_browser' strategy...
2025-12-19 14:54:34,525 - ERROR - [The Hindu] Request failed for strategy 'selenium_browser' on URL https://www.thehindu.com/news/national/karnataka/hate-speech-bill-passed-in-council-after-over-six-hours-of-debate-amid-bjp-protest/article70415736.ece: Message: timeout: Timed out receiving message from renderer: 20.000
  (Session info: chrome=143.0.7499.109)
Stacktrace:
#0 0x56142563c61a <unknown>
#1 0x5614250b920b <unknown>
#2 0x5614250a12aa <unknown>
#3 0x5614250a0f8d <unknown>
#4 0x56142509ee47 <unknown>
#5 0x56142509f75f <unknown>
#6 0x5614250adf20 <unknown>
#7 0x5614250c75e7 <unknown>
#8 0x5614250cdc9b <unknown>
#9 0x56142509fe88 <unknown>
#10 0x5614250c7356 <unknown>
#11 0x5614251560de <unknown>
#12 0x5614250fd232 <unknown>
#13 0x5614250fdee1 <unknown>
#14 0x5614256053f9 <unknown>
#15 0x56142560834d <unknown>
#16 0x5614255ee122 <unknown>
#17 0x561425608f2b <unknown>
#18 0x5614255d4c30 <unknown>
#19 0x561425629d78 <unknown>
#20 0x561425629f4c <unknown>
#21 0x56142563b973 <unknown>
#22 0x7f4cfc49caa4 <unknown>
#23 0x7f4cfc529c6c <unknown>

2025-12-19 14:54:34,525 - ERROR - [The Hindu] All scrape strategies failed for https://www.thehindu.com/news/national/karnataka/hate-speech-bill-passed-in-council-after-over-six-hours-of-debate-amid-bjp-protest/article70415736.ece. Falling back to RSS description.
2025-12-19 14:54:34,525 - WARNING - SKIPPED (GLOBAL WORD LIMIT): Article 'Hate Speech Bill passed in Council after over six hours of debate, amid BJP protest ' from The Hindu has only 3 words (Min: 90).
2025-12-19 14:54:35,784 - INFO - [The Hindu] Article: https://www.thehindu.com/news/national/parliament-winter-session-7-out-of-10-bills-tabled-pass-both-houses-two-sent-to-standing-committee/article70415280.ece
2025-12-19 14:54:35,784 - INFO - [The Hindu] Attempt 1/1: Trying with 'selenium_browser' strategy...
2025-12-19 14:54:37,067 - ERROR - [Times of India] Request failed for strategy 'selenium_browser' on URL https://timesofindia.indiatimes.com/world/rest-of-world/taiwan-eight-injured-in-smoke-grenade-knife-attacks-at-taipei-metro-stations-three-suffer-cardiac-arrest/articleshow/126078672.cms: HTTPConnectionPool(host='localhost', port=35167): Read timed out. (read timeout=120)
2025-12-19 14:54:37,068 - ERROR - [Times of India] All scrape strategies failed for https://timesofindia.indiatimes.com/world/rest-of-world/taiwan-eight-injured-in-smoke-grenade-knife-attacks-at-taipei-metro-stations-three-suffer-cardiac-arrest/articleshow/126078672.cms. Falling back to RSS description.
2025-12-19 14:54:37,068 - WARNING - SKIPPED (GLOBAL WORD LIMIT): Article 'Taiwan: Eight injured in smoke grenade, knife attacks at Taipei metro stations; three suffer cardiac arrest' from Times of India has only 48 words (Min: 90).
2025-12-19 14:54:37,586 - INFO - [Times of India] Early skip: URL https://timesofindia.indiatimes.com/world/rest-of-world/8-indian-origin-people-among-20-arrested-in-canada-as-cops-bust-huge-auto-theft-gang-306-stolen-cars-recovered/articleshow/126078860.cms already exists.
2025-12-19 14:54:37,781 - INFO - [Times of India] Article: https://timesofindia.indiatimes.com/world/us/brown-university-shooting-how-a-single-reddit-post-helped-fbi-capture-gunman-claudio-manuel-neves-valente/articleshow/126078550.cms
2025-12-19 14:54:37,782 - INFO - [Times of India] Attempt 1/1: Trying with 'selenium_browser' strategy...
2025-12-19 14:54:50,307 - CRITICAL - --- TIMEOUT: 2 scrape jobs did not complete in 300s. ---
2025-12-19 14:54:50,307 - ERROR - A thread has timed out and will be abandoned.
2025-12-19 14:54:50,307 - ERROR - A thread has timed out and will be abandoned.
2025-12-19 14:54:50,307 - INFO - Shutting down thread pool (wait=False)...
2025-12-19 14:54:50,307 - INFO - Scraped: 2 The Guardian, 1 BBC, 2 Timed_Out_Jobs articles. (Total saved: 3)
2025-12-19 14:54:50,307 - INFO - --- Scraping job finished ---
2025-12-19 14:54:50,308 - INFO - --- Scraper service stopped and database connection closed. ---
2025-12-19 14:54:50,308 - INFO - --- Main thread finished. Forcing process exit to kill zombie threads. ---
