2026-01-24 18:37:51,964 - INFO - Loading AI Semantic Model (all-MiniLM-L6-v2)...
2026-01-24 18:37:51,964 - INFO - Use pytorch device_name: cpu
2026-01-24 18:37:51,965 - INFO - Load pretrained SentenceTransformer: all-MiniLM-L6-v2
2026-01-24 18:37:53,394 - INFO - AI Model loaded successfully.
2026-01-24 18:37:53,394 - INFO - --- Scraper service started (CI Mode: Run Once) ---
2026-01-24 18:37:53,394 - INFO - --- Starting new scraping job (Parallel Mode) ---
2026-01-24 18:37:53,394 - INFO - Creating new robust session with 3 retries on 5xx/connection/read errors.
2026-01-24 18:37:53,394 - INFO - Proxy is DISABLED.
2026-01-24 18:37:53,395 - INFO - Starting scrape for BBC RSS feed: http://feeds.bbci.co.uk/news/world/rss.xml
2026-01-24 18:37:53,396 - INFO - [Times of India] (Thread) requires Selenium. Initializing driver...
2026-01-24 18:37:53,396 - INFO - Starting scrape for The Guardian RSS feed: https://www.theguardian.com/world/rss
2026-01-24 18:37:53,397 - INFO - [The Hindu] (Thread) requires Selenium. Initializing driver...
2026-01-24 18:37:53,398 - INFO - Submitted 4 jobs to thread pool. Waiting up to 300s for completion...
2026-01-24 18:37:53,620 - INFO - Found 36 articles in BBC RSS feed. Processing up to 30.
2026-01-24 18:37:53,621 - INFO - [BBC] Early skip: URL https://www.bbc.com/news/articles/cy4qww3w72lo?at_medium=RSS&at_campaign=rss already exists.
2026-01-24 18:37:53,628 - INFO - Found 45 articles in The Guardian RSS feed. Processing up to 30.
2026-01-24 18:37:53,873 - INFO - [The Guardian] Early skip: URL https://www.theguardian.com/world/2026/jan/23/guinea-bissau-hepatitis-b-vaccine-study already exists.
2026-01-24 18:37:53,999 - INFO - [BBC] Early skip: URL https://www.bbc.com/news/articles/cwyr6p30054o?at_medium=RSS&at_campaign=rss already exists.
2026-01-24 18:37:54,153 - INFO - [BBC] Early skip: URL https://www.bbc.com/news/articles/c338jpk8r1vo?at_medium=RSS&at_campaign=rss already exists.
2026-01-24 18:37:54,259 - INFO - [The Guardian] Early skip: URL https://www.theguardian.com/global-development/2026/jan/22/actionaid-rethink-child-sponsorship-decolonise-funding already exists.
2026-01-24 18:37:54,513 - INFO - [BBC] Early skip: URL https://www.bbc.com/news/articles/c701kr5zqdqo?at_medium=RSS&at_campaign=rss already exists.
2026-01-24 18:37:54,704 - INFO - [The Guardian] Early skip: URL https://www.theguardian.com/us-news/2026/jan/20/us-diplomats-urged-to-remind-african-leaders-of-us-generosity-despite-usaid-closing already exists.
2026-01-24 18:37:54,926 - INFO - [BBC] Early skip: URL https://www.bbc.com/news/articles/c8rm135lnneo?at_medium=RSS&at_campaign=rss already exists.
2026-01-24 18:37:55,132 - INFO - [The Guardian] Early skip: URL https://www.theguardian.com/global-development/2026/jan/19/brazen-political-influence-rich-laid-bare-wealth-billionaires-inequality-poverty-instability-oxfam already exists.
2026-01-24 18:37:55,310 - INFO - [BBC] Early skip: URL https://www.bbc.com/news/articles/cj9r8ezym3ro?at_medium=RSS&at_campaign=rss already exists.
2026-01-24 18:37:55,497 - INFO - [The Guardian] Early skip: URL https://www.theguardian.com/world/2026/jan/18/ugandas-president-calls-opponents-terrorists-in-victory-speech already exists.
2026-01-24 18:37:55,769 - INFO - [BBC] Early skip: URL https://www.bbc.com/news/articles/c2k98ql703no?at_medium=RSS&at_campaign=rss already exists.
2026-01-24 18:37:56,059 - INFO - [The Guardian] Early skip: URL https://www.theguardian.com/us-news/2026/jan/24/trump-canada-tariff-threat-venezuela-oil already exists.
2026-01-24 18:37:56,335 - INFO - [BBC] Early skip: URL https://www.bbc.com/news/articles/c050vnl7p10o?at_medium=RSS&at_campaign=rss already exists.
2026-01-24 18:37:56,504 - INFO - [The Guardian] Early skip: URL https://www.theguardian.com/world/2026/jan/23/spanish-prosecutors-drop-julio-iglesias-complaint already exists.
2026-01-24 18:37:56,667 - INFO - [BBC] Early skip: URL https://www.bbc.com/news/articles/c78ejd0xmp0o?at_medium=RSS&at_campaign=rss already exists.
2026-01-24 18:37:56,951 - INFO - [The Guardian] Early skip: URL https://www.theguardian.com/world/2026/jan/23/ryan-wedding-arrested already exists.
2026-01-24 18:37:57,159 - INFO - [BBC] Early skip: URL https://www.bbc.com/news/articles/c1dk67g4q91o?at_medium=RSS&at_campaign=rss already exists.
2026-01-24 18:37:57,262 - INFO - [The Guardian] Early skip: URL https://www.theguardian.com/world/2026/jan/23/venezuela-leaked-video-delcy-rodriguez-maduro already exists.
2026-01-24 18:37:57,370 - INFO - [BBC] Early skip: URL https://www.bbc.com/news/articles/c87r53y4dx0o?at_medium=RSS&at_campaign=rss already exists.
2026-01-24 18:37:57,489 - INFO - [BBC] Early skip: URL https://www.bbc.com/news/articles/clym2l7d75eo?at_medium=RSS&at_campaign=rss already exists.
2026-01-24 18:37:57,613 - INFO - [The Guardian] Early skip: URL https://www.theguardian.com/us-news/2026/jan/22/trump-withdraws-invitation-canada already exists.
2026-01-24 18:37:57,861 - INFO - [BBC] Early skip: URL https://www.bbc.com/news/articles/cvgnj7v2rr5o?at_medium=RSS&at_campaign=rss already exists.
2026-01-24 18:37:58,097 - INFO - [The Guardian] Early skip: URL https://www.theguardian.com/world/2026/jan/24/north-korea-pentagon-to-reduce-role-deterrence already exists.
2026-01-24 18:37:58,298 - INFO - [BBC] Early skip: URL https://www.bbc.com/news/articles/cy8ylqx0zw4o?at_medium=RSS&at_campaign=rss already exists.
2026-01-24 18:37:58,433 - INFO - [The Guardian] Early skip: URL https://www.theguardian.com/world/2026/jan/24/new-zealand-landslide-rescue-efforts-called-off-for-at-least-six-people-buried-in-disaster already exists.
2026-01-24 18:37:58,587 - INFO - [BBC] Early skip: URL https://www.bbc.com/news/articles/cj0nd8z1z59o?at_medium=RSS&at_campaign=rss already exists.
2026-01-24 18:37:58,798 - INFO - [The Guardian] Early skip: URL https://www.theguardian.com/environment/2026/jan/23/tapanuli-orangutans-floods-indonesia-government-mining-extraction-companies-aoe already exists.
2026-01-24 18:37:58,962 - INFO - [BBC] Early skip: URL https://www.bbc.com/news/articles/c3edde1pwx8o?at_medium=RSS&at_campaign=rss already exists.
2026-01-24 18:37:59,131 - INFO - [The Guardian] Early skip: URL https://www.theguardian.com/world/2026/jan/23/two-confirmed-dead-and-more-presumed-buried-after-landslides-hit-house-and-campground-in-new-zealand already exists.
2026-01-24 18:37:59,365 - INFO - [BBC] Early skip: URL https://www.bbc.com/news/articles/c9dvvzzpwylo?at_medium=RSS&at_campaign=rss already exists.
2026-01-24 18:37:59,555 - INFO - [The Guardian] Early skip: URL https://www.theguardian.com/world/2026/jan/23/japan-pauses-kashiwazaki-kariwa-worlds-largest-nuclear-power-plant already exists.
2026-01-24 18:37:59,834 - INFO - [BBC] Early skip: URL https://www.bbc.com/news/articles/cp822g353y6o?at_medium=RSS&at_campaign=rss already exists.
2026-01-24 18:38:00,098 - INFO - [The Guardian] Early skip: URL https://www.theguardian.com/music/2026/jan/24/olivia-dean-man-i-need-triple-j-hottest-100-winner-australia already exists.
2026-01-24 18:38:00,381 - INFO - [BBC] Early skip: URL https://www.bbc.com/news/articles/c0err023g5lo?at_medium=RSS&at_campaign=rss already exists.
2026-01-24 18:38:00,515 - INFO - [The Guardian] Early skip: URL https://www.theguardian.com/us-news/2026/jan/24/unfathomable-australian-veterans-disgusted-by-trumps-claim-allied-troops-stayed-a-little-back-from-frontline already exists.
2026-01-24 18:38:00,691 - INFO - [BBC] Early skip: URL https://www.bbc.com/news/articles/cj3v2mlvzdvo?at_medium=RSS&at_campaign=rss already exists.
2026-01-24 18:38:00,845 - INFO - [The Guardian] Early skip: URL https://www.theguardian.com/australia-news/2026/jan/24/nico-antic-12-dies-in-hospital-after-being-attacked-by-a-shark-in-sydney already exists.
2026-01-24 18:38:01,063 - INFO - [BBC] Early skip: URL https://www.bbc.com/news/articles/c0keelnyrvro?at_medium=RSS&at_campaign=rss already exists.
2026-01-24 18:38:01,172 - INFO - Selenium driver initialized successfully.
2026-01-24 18:38:01,173 - INFO - Selenium driver initialized successfully.
2026-01-24 18:38:01,173 - INFO - Starting scrape for Times of India RSS feed: https://timesofindia.indiatimes.com/rssfeeds/296589292.cms
2026-01-24 18:38:01,173 - INFO - Starting scrape for The Hindu RSS feed: https://www.thehindu.com/news/national/feeder/default.rss
2026-01-24 18:38:01,356 - INFO - [The Guardian] Early skip: URL https://www.theguardian.com/australia-news/2026/jan/24/lake-cargelligo-julian-ingram-search-widens-nsw-police-ntwnfb already exists.
2026-01-24 18:38:01,483 - INFO - Found 20 articles in Times of India RSS feed. Processing up to 30.
2026-01-24 18:38:01,547 - INFO - [The Guardian] Early skip: URL https://www.theguardian.com/australia-news/2026/jan/23/the-capsicum-paradox-new-australian-supermarket-pricing-a-massive-transparency-fail-for-customers already exists.
2026-01-24 18:38:01,836 - INFO - [Times of India] Article: https://timesofindia.indiatimes.com/world/us/armed-with-gun-two-magazines-dhs-reacts-to-ice-agents-shooting-minneapolis-man-in-viral-video/articleshow/127417529.cms
2026-01-24 18:38:01,836 - INFO - [Times of India] Attempt 1/1: Trying with 'selenium_browser' strategy...
2026-01-24 18:38:01,836 - INFO - [BBC] Early skip: URL https://www.bbc.com/news/articles/cd9eeyz933jo?at_medium=RSS&at_campaign=rss already exists.
2026-01-24 18:38:01,949 - INFO - [The Guardian] Early skip: URL https://www.theguardian.com/world/2026/jan/24/russia-launches-deadly-strikes-on-kyiv-and-kharkiv-ahead-of-day-two-of-peace-talks already exists.
2026-01-24 18:38:02,070 - INFO - [BBC] Early skip: URL https://www.bbc.com/news/articles/c9vx0p77pn8o?at_medium=RSS&at_campaign=rss already exists.
2026-01-24 18:38:02,111 - INFO - Found 100 articles in The Hindu RSS feed. Processing up to 30.
2026-01-24 18:38:02,210 - INFO - [The Guardian] Early skip: URL https://www.theguardian.com/world/2026/jan/24/a-lot-of-fear-the-families-bearing-brunt-of-swedens-immigration-crackdown already exists.
2026-01-24 18:38:02,486 - INFO - [The Hindu] Article: https://www.thehindu.com/news/national/kerala/three-youth-congress-activists-held-for-waving-black-flags-at-cm/article70547482.ece
2026-01-24 18:38:02,486 - INFO - [The Hindu] Attempt 1/1: Trying with 'selenium_browser' strategy...
2026-01-24 18:38:02,487 - INFO - [BBC] Early skip: URL https://www.bbc.com/news/articles/c3r117w55q4o?at_medium=RSS&at_campaign=rss already exists.
2026-01-24 18:38:02,696 - INFO - [The Guardian] Early skip: URL https://www.theguardian.com/world/live/2026/jan/24/ukraine-russia-war-us-talks-uae-europe-live-latest-news-updates already exists.
2026-01-24 18:38:02,831 - INFO - [BBC] Early skip: URL https://www.bbc.com/news/articles/cly9230yw15o?at_medium=RSS&at_campaign=rss already exists.
2026-01-24 18:38:03,052 - INFO - [BBC] Early skip: URL https://www.bbc.com/news/articles/cn422q1py95o?at_medium=RSS&at_campaign=rss already exists.
2026-01-24 18:38:03,277 - INFO - [BBC] Early skip: URL https://www.bbc.com/news/articles/cx2yy4n1vlgo?at_medium=RSS&at_campaign=rss already exists.
2026-01-24 18:38:03,517 - INFO - [BBC] Early skip: URL https://www.bbc.com/news/articles/cn8jj228g2vo?at_medium=RSS&at_campaign=rss already exists.
2026-01-24 18:38:03,696 - INFO - [BBC] Early skip: URL https://www.bbc.com/news/articles/cp3zzv40422o?at_medium=RSS&at_campaign=rss already exists.
2026-01-24 18:38:03,877 - INFO - [The Guardian] Early skip: URL https://www.theguardian.com/world/2026/jan/24/repatriate-the-gold-german-economists-advise-withdrawal-from-us-vaults already exists.
2026-01-24 18:38:04,077 - INFO - [The Guardian] Early skip: URL https://www.theguardian.com/world/2026/jan/23/spain-train-collision-investigators-examine-rail-damage-theory already exists.
2026-01-24 18:38:04,196 - INFO - [The Guardian] Early skip: URL https://www.theguardian.com/world/2026/jan/24/syria-kurdish-military-extend-ceasefire-war already exists.
2026-01-24 18:38:04,480 - INFO - [The Guardian] Early skip: URL https://www.theguardian.com/world/2026/jan/23/trump-says-us-armada-heading-middle-east-iran-death-toll already exists.
2026-01-24 18:38:04,686 - INFO - [The Guardian] Early skip: URL https://www.theguardian.com/world/2026/jan/23/uae-funds-gaza-community already exists.
2026-01-24 18:38:04,841 - INFO - [The Guardian] Early skip: URL https://www.theguardian.com/world/2026/jan/23/spanish-court-drops-pegasus-spyware-case-again-israel-spain-nso already exists.
2026-01-24 18:38:04,950 - INFO - [BBC] Early skip: URL https://www.bbc.com/news/articles/c20zzq8we8wo?at_medium=RSS&at_campaign=rss already exists.
2026-01-24 18:38:05,100 - INFO - [The Guardian] Early skip: URL https://www.theguardian.com/world/2026/jan/22/trump-kushner-gaza-blueprint-rafah already exists.
2026-01-24 18:38:07,593 - INFO - [The Hindu] Page content loaded.
2026-01-24 18:38:07,711 - INFO - [The Hindu] Success with 'selenium_browser'. Found content (155 words).
2026-01-24 18:38:22,354 - ERROR - [Times of India] Request failed for strategy 'selenium_browser' on URL https://timesofindia.indiatimes.com/world/us/armed-with-gun-two-magazines-dhs-reacts-to-ice-agents-shooting-minneapolis-man-in-viral-video/articleshow/127417529.cms: Message: timeout: Timed out receiving message from renderer: 19.765
  (Session info: chrome=144.0.7559.59)
Stacktrace:
#0 0x5643c0971afa <unknown>
#1 0x5643c038b60f <unknown>
#2 0x5643c0372d11 <unknown>
#3 0x5643c0372936 <unknown>
#4 0x5643c037044b <unknown>
#5 0x5643c0370dcf <unknown>
#6 0x5643c03802e0 <unknown>
#7 0x5643c039a2b7 <unknown>
#8 0x5643c03a14bb <unknown>
#9 0x5643c0371539 <unknown>
#10 0x5643c039a04c <unknown>
#11 0x5643c04299a3 <unknown>
#12 0x5643c03d2842 <unknown>
#13 0x5643c03d3631 <unknown>
#14 0x5643c0937689 <unknown>
#15 0x5643c093a581 <unknown>
#16 0x5643c0923ca9 <unknown>
#17 0x5643c093b13e <unknown>
#18 0x5643c090a3a0 <unknown>
#19 0x5643c095efc8 <unknown>
#20 0x5643c095f19b <unknown>
#21 0x5643c0970e68 <unknown>
#22 0x7f349ee9caa4 <unknown>
#23 0x7f349ef29c6c <unknown>

2026-01-24 18:38:22,355 - ERROR - [Times of India] All scrape strategies failed for https://timesofindia.indiatimes.com/world/us/armed-with-gun-two-magazines-dhs-reacts-to-ice-agents-shooting-minneapolis-man-in-viral-video/articleshow/127417529.cms. Falling back to RSS description.
2026-01-24 18:38:22,355 - WARNING - SKIPPED (GLOBAL WORD LIMIT): Article '‘Armed with gun, two magazines’: DHS reacts to ICE agents shooting Minneapolis man' from Times of India has only 3 words (Min: 90).
2026-01-24 18:38:51,881 - INFO - Saved article: Three Youth Congress activists held for waving black flags at CM - The Hindu from The Hindu (155 words)
2026-01-24 18:38:51,881 - INFO - [Times of India] Article: https://timesofindia.indiatimes.com/world/us/more-tech-growth-in-india-less-visa-dependency-in-us-american-investor-weighs-in-on-reverse-migration-amid-h-1b-uncertainty/articleshow/127414852.cms
2026-01-24 18:38:51,881 - INFO - [Times of India] Attempt 1/1: Trying with 'selenium_browser' strategy...
2026-01-24 18:38:53,049 - INFO - [The Hindu] Article: https://www.thehindu.com/news/national/tamil-nadu/women-employees-entitled-to-maternity-leave-for-third-pregnancy-too-reiterates-madras-high-court/article70546578.ece
2026-01-24 18:38:53,049 - INFO - [The Hindu] Attempt 1/1: Trying with 'selenium_browser' strategy...
2026-01-24 18:38:54,978 - INFO - [Times of India] Page content loaded.
2026-01-24 18:38:55,201 - INFO - [Times of India] Success with 'selenium_browser'. Found content (489 words).
2026-01-24 18:38:58,240 - INFO - [The Hindu] Page content loaded.
2026-01-24 18:38:58,326 - INFO - [The Hindu] Success with 'selenium_browser'. Found content (419 words).
2026-01-24 18:39:30,611 - INFO - DEDUPLICATION: Found match (Score: 0.88). Linking to Cluster ID: d9954d71-b673-4ff8-bd05-1ec7ce64cc5d
2026-01-24 18:39:30,613 - INFO - Saved article: ‘More tech growth in India, less visa dependency in US’: American investor weighs in on reverse migration amid H-1B uncertainty - The Times of India from Times of India (489 words)
2026-01-24 18:40:01,576 - INFO - Saved article: Women employees entitled to maternity leave for third pregnancy too, reiterates Madras High Court - The Hindu from The Hindu (419 words)
2026-01-24 18:40:01,576 - INFO - [Times of India] Article: https://timesofindia.indiatimes.com/world/us/man-shot-by-us-agents-minnesota-has-had-it-says-guv-waltz-comes-weeks-after-killing-of-renee-good/articleshow/127409771.cms
2026-01-24 18:40:01,576 - INFO - [Times of India] Attempt 1/1: Trying with 'selenium_browser' strategy...
2026-01-24 18:40:02,875 - INFO - [The Hindu] Article: https://www.thehindu.com/news/national/tamil-nadu/mnm-forms-five-member-election-committee-for-assembly-poll/article70546284.ece
2026-01-24 18:40:02,876 - INFO - [The Hindu] Attempt 1/1: Trying with 'selenium_browser' strategy...
2026-01-24 18:40:03,719 - INFO - [The Hindu] Page content loaded.
2026-01-24 18:40:03,811 - INFO - [The Hindu] Success with 'selenium_browser'. Found content (207 words).
2026-01-24 18:40:11,678 - INFO - [Times of India] Page content loaded.
2026-01-24 18:40:12,042 - INFO - [Times of India] Success with 'selenium_browser'. Found content (328 words).
2026-01-24 18:40:35,814 - INFO - Saved article: MNM forms five-member election committee for Assembly poll - The Hindu from The Hindu (207 words)
2026-01-24 18:41:05,377 - INFO - Saved article: Man shot by US agents: 'Minnesota has had it', says Governor Waltz; comes weeks after killing of Renee Good - The Times of India from Times of India (328 words)
2026-01-24 18:41:05,377 - INFO - [The Hindu] Article: https://www.thehindu.com/news/national/kerala/s-siri-jagan-former-kerala-high-court-judge-passes-away/article70547504.ece
2026-01-24 18:41:05,378 - INFO - [The Hindu] Attempt 1/1: Trying with 'selenium_browser' strategy...
2026-01-24 18:41:06,695 - INFO - [Times of India] Early skip: URL https://timesofindia.indiatimes.com/world/us/not-going-to-ask-immigration-status-zohran-mamdani-announces-healthcare-of-new-yorks-children-undocumented-included/articleshow/127409261.cms already exists.
2026-01-24 18:41:06,976 - INFO - [Times of India] Early skip: URL https://timesofindia.indiatimes.com/world/us/i-wish-karoline-leavitt-florida-nurse-fired-for-pregnancy-post-on-white-house-press-secretary/articleshow/127392968.cms already exists.
2026-01-24 18:41:07,086 - INFO - [Times of India] Early skip: URL https://timesofindia.indiatimes.com/world/us/kash-patel-prioritised-jet-skiing-football-over-top-secret-meetings-fbi-boss-hates-office-settings-claims-source/articleshow/127406222.cms already exists.
2026-01-24 18:41:07,327 - INFO - [Times of India] Early skip: URL https://timesofindia.indiatimes.com/world/us/40-increase-in-tech-professionals-moving-from-us-to-india-amid-h-1b-row-linkedin-data-shows/articleshow/127402038.cms already exists.
2026-01-24 18:41:07,480 - INFO - [Times of India] Early skip: URL https://timesofindia.indiatimes.com/world/europe/italian-pm-meloni-says-trump-deserves-nobel-peace-prize-but-sets-ukraine-condition-watch/articleshow/127400673.cms already exists.
2026-01-24 18:41:07,666 - INFO - [Times of India] Early skip: URL https://timesofindia.indiatimes.com/world/rest-of-world/autopsy-of-canadian-teen-found-on-australian-beach-points-to-drowning-dingo-bites-likely-after-death/articleshow/127395343.cms already exists.
2026-01-24 18:41:07,951 - INFO - [Times of India] Early skip: URL https://timesofindia.indiatimes.com/world/us/who-is-tracee-mergen-fbi-agent-resigned-after-seeking-probe-into-fatal-ice-shooting-in-minneapolis/articleshow/127400307.cms already exists.
2026-01-24 18:41:08,108 - INFO - [Times of India] Early skip: URL https://timesofindia.indiatimes.com/world/us/travel-to-us-obtain-birth-certificate-return-to-china-author-says-beijing-is-weaponising-american-citizenship-through-manchurian-generation/articleshow/127395557.cms already exists.
2026-01-24 18:41:08,361 - INFO - [Times of India] Early skip: URL https://timesofindia.indiatimes.com/world/us-streamers/the-biggest-lie-ever-adin-ross-turns-casual-livestream-moment-into-viral-hygiene-debate/articleshow/127370854.cms already exists.
2026-01-24 18:41:08,561 - INFO - [Times of India] Early skip: URL https://timesofindia.indiatimes.com/world/us/if-an-h-1b-holder-is-working-remotely-journalist-who-claimed-to-expose-visa-fraud-in-texas-responds-to-employees-working-from-home/articleshow/127394760.cms already exists.
2026-01-24 18:41:08,802 - INFO - [Times of India] Early skip: URL https://timesofindia.indiatimes.com/world/us-streamers/you-always-hate-on-them-ddg-slams-haters-criticizing-kai-cenat-for-stepping-into-the-fashion-world/articleshow/127359282.cms already exists.
2026-01-24 18:41:08,913 - INFO - [Times of India] Early skip: URL https://timesofindia.indiatimes.com/world/us/100-million-theft-suspect-in-largest-jewelry-heist-in-us-history-deported-avoids-trial/articleshow/127385646.cms already exists.
2026-01-24 18:41:09,179 - INFO - [Times of India] Early skip: URL https://timesofindia.indiatimes.com/world/us/indian-national-killed-in-us-over-family-dispute-how-a-call-from-12-year-old-in-closet-saved-three-children/articleshow/127388827.cms already exists.
2026-01-24 18:41:09,284 - INFO - [Times of India] Early skip: URL https://timesofindia.indiatimes.com/etimes/trending/can-extreme-winter-really-cause-trees-to-explode-the-science-behind-the-viral-phenomenon/articleshow/127380324.cms already exists.
2026-01-24 18:41:09,500 - INFO - [Times of India] Early skip: URL https://timesofindia.indiatimes.com/world/middle-east/uae-emirates-cancels-multiple-dubaius-flights-due-to-winter-storm-fern/articleshow/127382351.cms already exists.
2026-01-24 18:41:09,633 - INFO - [Times of India] Early skip: URL https://timesofindia.indiatimes.com/world/europe/russia-launches-370-drones-21-missiles-ukraine-says-strikes-hit-negotiation-table/articleshow/127381032.cms already exists.
2026-01-24 18:41:09,927 - INFO - [Times of India] Early skip: URL https://timesofindia.indiatimes.com/world/middle-east/next-stop-parenthood-saudi-arabia-records-first-ever-birth-on-the-riyadh-metro-network/articleshow/127376105.cms already exists.
2026-01-24 18:41:10,133 - INFO - [Times of India] (Thread) Finished. Attempting to shut down its Selenium driver.
2026-01-24 18:41:10,390 - INFO - [Times of India] (Thread) driver.quit() successful.
2026-01-24 18:41:25,385 - ERROR - [The Hindu] Request failed for strategy 'selenium_browser' on URL https://www.thehindu.com/news/national/kerala/s-siri-jagan-former-kerala-high-court-judge-passes-away/article70547504.ece: Message: timeout: Timed out receiving message from renderer: 19.730
  (Session info: chrome=144.0.7559.59)
Stacktrace:
#0 0x5611df71dafa <unknown>
#1 0x5611df13760f <unknown>
#2 0x5611df11ed11 <unknown>
#3 0x5611df11e936 <unknown>
#4 0x5611df11c44b <unknown>
#5 0x5611df11cdcf <unknown>
#6 0x5611df12c2e0 <unknown>
#7 0x5611df1462b7 <unknown>
#8 0x5611df14d4bb <unknown>
#9 0x5611df11d539 <unknown>
#10 0x5611df14604c <unknown>
#11 0x5611df1d59a3 <unknown>
#12 0x5611df17e842 <unknown>
#13 0x5611df17f631 <unknown>
#14 0x5611df6e3689 <unknown>
#15 0x5611df6e6581 <unknown>
#16 0x5611df6cfca9 <unknown>
#17 0x5611df6e713e <unknown>
#18 0x5611df6b63a0 <unknown>
#19 0x5611df70afc8 <unknown>
#20 0x5611df70b19b <unknown>
#21 0x5611df71ce68 <unknown>
#22 0x7f9a1ec9caa4 <unknown>
#23 0x7f9a1ed29c6c <unknown>

2026-01-24 18:41:25,386 - ERROR - [The Hindu] All scrape strategies failed for https://www.thehindu.com/news/national/kerala/s-siri-jagan-former-kerala-high-court-judge-passes-away/article70547504.ece. Falling back to RSS description.
2026-01-24 18:41:25,386 - WARNING - SKIPPED (GLOBAL WORD LIMIT): Article 'S. Siri Jagan, former Kerala High Court judge, passes away' from The Hindu has only 3 words (Min: 90).
2026-01-24 18:41:25,935 - INFO - [The Hindu] Article: https://www.thehindu.com/news/national/kerala/call-for-community-led-interventions-to-tackle-lifestyle-diseases/article70547159.ece
2026-01-24 18:41:25,935 - INFO - [The Hindu] Attempt 1/1: Trying with 'selenium_browser' strategy...
2026-01-24 18:41:26,495 - INFO - [The Hindu] Page content loaded.
2026-01-24 18:41:26,532 - INFO - [The Hindu] Success with 'selenium_browser'. Found content (290 words).
2026-01-24 18:41:56,154 - INFO - Saved article: Call for community-led interventions to tackle lifestyle diseases - The Hindu from The Hindu (290 words)
2026-01-24 18:41:56,744 - INFO - [The Hindu] Article: https://www.thehindu.com/news/national/tamil-nadu/chief-minister-stalin-opposes-neet-for-allied-and-health-care-courses/article70546682.ece
2026-01-24 18:41:56,744 - INFO - [The Hindu] Attempt 1/1: Trying with 'selenium_browser' strategy...
2026-01-24 18:41:57,573 - INFO - [The Hindu] Page content loaded.
2026-01-24 18:41:57,615 - INFO - [The Hindu] Success with 'selenium_browser'. Found content (372 words).
2026-01-24 18:42:25,930 - INFO - Saved article: Chief Minister Stalin opposes NEET for Allied and Health Care Courses - The Hindu from The Hindu (372 words)
2026-01-24 18:42:26,590 - INFO - [The Hindu] Article: https://www.thehindu.com/news/national/karnataka/constable-arrested-under-pocso-act/article70547415.ece
2026-01-24 18:42:26,590 - INFO - [The Hindu] Attempt 1/1: Trying with 'selenium_browser' strategy...
2026-01-24 18:42:27,382 - INFO - [The Hindu] Page content loaded.
2026-01-24 18:42:27,420 - INFO - [The Hindu] Success with 'selenium_browser'. Found content (132 words).
2026-01-24 18:42:53,398 - CRITICAL - --- TIMEOUT: 1 scrape jobs did not complete in 300s. ---
2026-01-24 18:42:53,398 - ERROR - A thread has timed out and will be abandoned.
2026-01-24 18:42:53,398 - INFO - Shutting down thread pool (wait=False)...
2026-01-24 18:42:53,398 - INFO - Scraped: 0 The Guardian, 0 BBC, 2 Times of India, 1 Timed_Out_Jobs articles. (Total saved: 2)
2026-01-24 18:42:53,398 - INFO - --- Scraping job finished ---
2026-01-24 18:42:53,399 - INFO - --- Scraper service stopped and database connection closed. ---
2026-01-24 18:42:53,399 - INFO - --- Main thread finished. Forcing process exit to kill zombie threads. ---
