2025-12-23 05:51:41,552 - INFO - Loading AI Semantic Model (all-MiniLM-L6-v2)...
2025-12-23 05:51:41,552 - INFO - Use pytorch device_name: cpu
2025-12-23 05:51:41,552 - INFO - Load pretrained SentenceTransformer: all-MiniLM-L6-v2
2025-12-23 05:51:44,698 - INFO - AI Model loaded successfully.
2025-12-23 05:51:44,699 - INFO - --- Scraper service started (CI Mode: Run Once) ---
2025-12-23 05:51:44,699 - INFO - --- Starting new scraping job (Parallel Mode) ---
2025-12-23 05:51:44,699 - INFO - Creating new robust session with 3 retries on 5xx/connection/read errors.
2025-12-23 05:51:44,699 - INFO - Proxy is DISABLED.
2025-12-23 05:51:44,699 - INFO - Starting scrape for BBC RSS feed: http://feeds.bbci.co.uk/news/world/rss.xml
2025-12-23 05:51:44,700 - INFO - [Times of India] (Thread) requires Selenium. Initializing driver...
2025-12-23 05:51:44,701 - INFO - Starting scrape for The Guardian RSS feed: https://www.theguardian.com/world/rss
2025-12-23 05:51:44,702 - INFO - [The Hindu] (Thread) requires Selenium. Initializing driver...
2025-12-23 05:51:44,702 - INFO - Submitted 4 jobs to thread pool. Waiting up to 300s for completion...
2025-12-23 05:51:44,877 - INFO - Found 45 articles in The Guardian RSS feed. Processing up to 30.
2025-12-23 05:51:44,878 - INFO - [The Guardian] Early skip: URL https://www.theguardian.com/world/2025/dec/22/freed-nigerian-schoolchildren-set-to-be-reunited-with-families already exists.
2025-12-23 05:51:45,077 - INFO - [The Guardian] Early skip: URL https://www.theguardian.com/world/2025/dec/21/more-kidnapped-schoolchildren-freed-in-nigeria already exists.
2025-12-23 05:51:45,200 - INFO - [The Guardian] Early skip: URL https://www.theguardian.com/uk-news/2025/dec/21/manchester-museum-uncover-hidden-histories-africa-hub already exists.
2025-12-23 05:51:45,498 - INFO - [The Guardian] Early skip: URL https://www.theguardian.com/global-development/2025/dec/21/sweden-and-germany-slash-aid-budgets-to-focus-on-ukraine-and-defence-spending already exists.
2025-12-23 05:51:45,632 - INFO - [The Guardian] Early skip: URL https://www.theguardian.com/world/2025/dec/21/gunmen-johannesburg-township-in-south-africas-second-mass-shooting-within-weeks already exists.
2025-12-23 05:51:45,656 - INFO - Found 36 articles in BBC RSS feed. Processing up to 30.
2025-12-23 05:51:45,795 - INFO - [BBC] Early skip: URL https://www.bbc.com/news/articles/cdxe8yqlvgzo?at_medium=RSS&at_campaign=rss already exists.
2025-12-23 05:51:46,026 - INFO - [The Guardian] Early skip: URL https://www.theguardian.com/world/2025/dec/23/russia-china-support-venezuela-trump-pressure-maduro already exists.
2025-12-23 05:51:46,300 - INFO - [BBC] Early skip: URL https://www.bbc.com/news/articles/ckgmd132ge4o?at_medium=RSS&at_campaign=rss already exists.
2025-12-23 05:51:46,424 - INFO - [The Guardian] Early skip: URL https://www.theguardian.com/world/2025/dec/23/former-blackrock-executive-mark-wiseman-named-as-canadas-next-ambassador-to-us already exists.
2025-12-23 05:51:46,557 - INFO - [BBC] Early skip: URL https://www.bbc.com/news/articles/ce86le5dyxyo?at_medium=RSS&at_campaign=rss already exists.
2025-12-23 05:51:46,790 - INFO - [The Guardian] Early skip: URL https://www.theguardian.com/media/2025/dec/22/cbs-pulls-60-minutes-segment-el-salvador-prison already exists.
2025-12-23 05:51:46,906 - INFO - [BBC] Early skip: URL https://www.bbc.com/news/articles/c99722j4lkgo?at_medium=RSS&at_campaign=rss already exists.
2025-12-23 05:51:47,131 - INFO - [The Guardian] Early skip: URL https://www.theguardian.com/world/2025/dec/22/ecuador-guayaquil-four-military-sentenced already exists.
2025-12-23 05:51:47,415 - INFO - [BBC] Early skip: URL https://www.bbc.com/news/articles/cz7ndpq42y0o?at_medium=RSS&at_campaign=rss already exists.
2025-12-23 05:51:47,587 - INFO - [The Guardian] Early skip: URL https://www.theguardian.com/media/2025/dec/22/cbs-news-delays-60-minutes-segment-featuring-investigation-into-cecot-megaprison already exists.
2025-12-23 05:51:47,729 - INFO - [BBC] Early skip: URL https://www.bbc.com/news/articles/c2084n1pyvdo?at_medium=RSS&at_campaign=rss already exists.
2025-12-23 05:51:47,867 - INFO - [The Guardian] Early skip: URL https://www.theguardian.com/world/2025/dec/23/christians-pastors-arrested-detained-china-crackdown-house-churches already exists.
2025-12-23 05:51:48,069 - INFO - [BBC] Early skip: URL https://www.bbc.com/news/articles/c2084nq2npjo?at_medium=RSS&at_campaign=rss already exists.
2025-12-23 05:51:48,317 - INFO - [The Guardian] Early skip: URL https://www.theguardian.com/business/2025/dec/22/china-hits-eu-dairy-industry-with-tariffs already exists.
2025-12-23 05:51:48,471 - INFO - [BBC] Early skip: URL https://www.bbc.com/news/articles/c3e0kw80wwzo?at_medium=RSS&at_campaign=rss already exists.
2025-12-23 05:51:48,656 - INFO - [The Guardian] Early skip: URL https://www.theguardian.com/world/2025/dec/22/jeju-air-crash-independent-inquiry-south-korea already exists.
2025-12-23 05:51:48,806 - INFO - [BBC] Early skip: URL https://www.bbc.com/news/articles/cx25rled0ylo?at_medium=RSS&at_campaign=rss already exists.
2025-12-23 05:51:49,104 - INFO - [The Guardian] Early skip: URL https://www.theguardian.com/world/2025/dec/22/new-zealand-christchurch-spoof-absurdist-road-signs already exists.
2025-12-23 05:51:49,314 - INFO - [BBC] Early skip: URL https://www.bbc.com/news/articles/cx2dmj7p8y2o?at_medium=RSS&at_campaign=rss already exists.
2025-12-23 05:51:49,457 - INFO - [The Guardian] Early skip: URL https://www.theguardian.com/environment/2025/dec/21/takahe-chick-rare-born-new-zealand already exists.
2025-12-23 05:51:49,747 - INFO - [BBC] Early skip: URL https://www.bbc.com/news/articles/c8jwn9wznx1o?at_medium=RSS&at_campaign=rss already exists.
2025-12-23 05:51:49,852 - INFO - [The Guardian] Early skip: URL https://www.theguardian.com/australia-news/live/2025/dec/23/bondi-terror-attacks-response-nsw-law-changes-gun-law-reform-protest-restrictions-chris-minns-anthony-albanese-labr-sussan-ley-coalition-ntwnfb already exists.
2025-12-23 05:51:49,960 - INFO - [BBC] Early skip: URL https://www.bbc.com/news/articles/cx237k4rr04o?at_medium=RSS&at_campaign=rss already exists.
2025-12-23 05:51:50,237 - INFO - [The Guardian] Early skip: URL https://www.theguardian.com/australia-news/2025/dec/23/australian-neo-nazi-refused-bail-a-second-time-over-alleged-threatening-messages-targeting-allegra-spender-ntwnfb already exists.
2025-12-23 05:51:50,435 - INFO - [BBC] Early skip: URL https://www.bbc.com/news/articles/cz0n51p00jmo?at_medium=RSS&at_campaign=rss already exists.
2025-12-23 05:51:50,705 - INFO - [The Guardian] Early skip: URL https://www.theguardian.com/australia-news/2025/dec/23/sydney-council-seeks-to-shut-down-islamic-centre-linked-to-controversial-preacher-wisam-haddad-ntwnfb already exists.
2025-12-23 05:51:50,993 - INFO - [BBC] Early skip: URL https://www.bbc.com/news/articles/c5ydej888n9o?at_medium=RSS&at_campaign=rss already exists.
2025-12-23 05:51:51,100 - INFO - [The Guardian] Early skip: URL https://www.theguardian.com/australia-news/2025/dec/23/government-mp-expenses-travel-entitlements-families-wound-back-albanese already exists.
2025-12-23 05:51:51,340 - INFO - [BBC] Early skip: URL https://www.bbc.com/news/articles/cd74ldr2zryo?at_medium=RSS&at_campaign=rss already exists.
2025-12-23 05:51:51,549 - INFO - [The Guardian] Early skip: URL https://www.theguardian.com/australia-news/2025/dec/23/activist-groups-to-challenge-nsw-protest-laws-on-right-to-free-speech-grounds-ntwnfb already exists.
2025-12-23 05:51:51,706 - INFO - Selenium driver initialized successfully.
2025-12-23 05:51:51,706 - INFO - Starting scrape for Times of India RSS feed: https://timesofindia.indiatimes.com/rssfeeds/296589292.cms
2025-12-23 05:51:51,707 - INFO - Selenium driver initialized successfully.
2025-12-23 05:51:51,708 - INFO - Starting scrape for The Hindu RSS feed: https://www.thehindu.com/news/national/feeder/default.rss
2025-12-23 05:51:51,768 - INFO - Found 20 articles in Times of India RSS feed. Processing up to 30.
2025-12-23 05:51:51,810 - INFO - [BBC] Early skip: URL https://www.bbc.com/news/articles/ce86l95gx5po?at_medium=RSS&at_campaign=rss already exists.
2025-12-23 05:51:51,935 - INFO - Found 100 articles in The Hindu RSS feed. Processing up to 30.
2025-12-23 05:51:51,949 - INFO - [Times of India] Article: https://timesofindia.indiatimes.com/world/us-streamers/adam-the-woo-beloved-youtuber-known-for-theme-parks-and-road-trips-passes-away-at-age-51/articleshow/126133884.cms
2025-12-23 05:51:51,949 - INFO - [Times of India] Attempt 1/1: Trying with 'selenium_browser' strategy...
2025-12-23 05:51:51,949 - INFO - [The Guardian] Early skip: URL https://www.theguardian.com/politics/2025/dec/22/keir-starmer-told-closer-eu-trade-ties-strategic-necessity-for-uk-firms already exists.
2025-12-23 05:51:52,229 - INFO - [The Hindu] Article: https://www.thehindu.com/news/national/telangana/panchayat-resolves-to-provide-funeral-services-at-a-nominal-cost-of-1/article70427088.ece
2025-12-23 05:51:52,229 - INFO - [The Hindu] Attempt 1/1: Trying with 'selenium_browser' strategy...
2025-12-23 05:51:52,230 - INFO - [BBC] Early skip: URL https://www.bbc.com/news/articles/c5y2veyg1pno?at_medium=RSS&at_campaign=rss already exists.
2025-12-23 05:51:52,472 - INFO - [The Guardian] Early skip: URL https://www.theguardian.com/world/2025/dec/22/russian-general-fanil-sarvarov-killed-car-bomb-moscow-investigators-say already exists.
2025-12-23 05:51:52,638 - INFO - [BBC] Early skip: URL https://www.bbc.com/news/articles/cdd5j9jdvy9o?at_medium=RSS&at_campaign=rss already exists.
2025-12-23 05:51:52,905 - INFO - [The Guardian] Early skip: URL https://www.theguardian.com/politics/2025/dec/22/labour-calls-rejoin-eu-customs-union-harder-starmer-resist already exists.
2025-12-23 05:51:53,087 - INFO - [The Guardian] Early skip: URL https://www.theguardian.com/world/2025/dec/22/frances-national-post-office-hit-by-suspected-cyberattack already exists.
2025-12-23 05:51:53,347 - INFO - [The Guardian] Early skip: URL https://www.theguardian.com/world/2025/dec/22/portugals-far-right-chega-party-ordered-to-take-down-posters-targeting-roma-people already exists.
2025-12-23 05:51:53,636 - INFO - [BBC] Early skip: URL https://www.bbc.com/news/articles/cj9ydj7y0vvo?at_medium=RSS&at_campaign=rss already exists.
2025-12-23 05:51:53,774 - INFO - [BBC] Early skip: URL https://www.bbc.com/news/articles/cn5lnzlvqg2o?at_medium=RSS&at_campaign=rss already exists.
2025-12-23 05:51:53,921 - INFO - [The Guardian] Early skip: URL https://www.theguardian.com/uk-news/2025/dec/22/families-of-palestine-action-hunger-strikers-seek-urgent-meeting-with-lammy already exists.
2025-12-23 05:51:54,066 - INFO - [BBC] Early skip: URL https://www.bbc.com/news/articles/c3d03943zg8o?at_medium=RSS&at_campaign=rss already exists.
2025-12-23 05:51:54,347 - INFO - [The Guardian] Early skip: URL https://www.theguardian.com/world/2025/dec/21/israel-approves-new-jewish-settlements-occupied-west-bank already exists.
2025-12-23 05:51:54,528 - INFO - [The Guardian] Early skip: URL https://www.theguardian.com/world/2025/dec/20/israeli-troops-kill-palestinians-sheltering-in-gaza-school-hospital-chiefs already exists.
2025-12-23 05:51:54,683 - INFO - [The Guardian] Early skip: URL https://www.theguardian.com/world/2025/dec/19/gaza-famine-hunger-food-shortages-winter-flooding-un already exists.
2025-12-23 05:51:54,928 - INFO - [The Guardian] Early skip: URL https://www.theguardian.com/global-development/2025/dec/19/gaza-phd-student-manar-al-houbi-granted-access-to-uk-but-others-remain-stranded already exists.
2025-12-23 05:51:55,037 - INFO - [BBC] Early skip: URL https://www.bbc.com/news/articles/cqjg18xe0wwo?at_medium=RSS&at_campaign=rss already exists.
2025-12-23 05:51:55,182 - INFO - [BBC] Early skip: URL https://www.bbc.com/news/articles/cg5m49j14pyo?at_medium=RSS&at_campaign=rss already exists.
2025-12-23 05:51:55,450 - INFO - [BBC] Early skip: URL https://www.bbc.com/news/articles/cy95w0x9889o?at_medium=RSS&at_campaign=rss already exists.
2025-12-23 05:51:55,584 - INFO - [BBC] Early skip: URL https://www.bbc.com/news/articles/cx2gk56pd5eo?at_medium=RSS&at_campaign=rss already exists.
2025-12-23 05:51:55,848 - INFO - [BBC] Early skip: URL https://www.bbc.com/news/articles/c1lr980vvjpo?at_medium=RSS&at_campaign=rss already exists.
2025-12-23 05:51:56,089 - INFO - [BBC] Early skip: URL https://www.bbc.com/news/articles/cp8zd176516o?at_medium=RSS&at_campaign=rss already exists.
2025-12-23 05:51:56,176 - INFO - [The Hindu] Page content loaded.
2025-12-23 05:51:56,298 - INFO - [BBC] Early skip: URL https://www.bbc.com/news/articles/cjrjpdz33vxo?at_medium=RSS&at_campaign=rss already exists.
2025-12-23 05:51:56,371 - INFO - [The Hindu] Success with 'selenium_browser'. Found content (99 words).
2025-12-23 05:51:56,513 - INFO - [BBC] Early skip: URL https://www.bbc.com/news/articles/c93nwrzgypqo?at_medium=RSS&at_campaign=rss already exists.
2025-12-23 05:51:56,689 - INFO - [BBC] Early skip: URL https://www.bbc.com/news/articles/c8dy5m56477o?at_medium=RSS&at_campaign=rss already exists.
2025-12-23 05:52:56,109 - INFO - Saved article: Panchayat resolves to provide funeral services at a nominal cost of ₹1 - The Hindu from The Hindu (99 words)
2025-12-23 05:52:56,828 - INFO - [The Hindu] Article: https://www.thehindu.com/news/national/rahul-gandhi-is-anti-india-leader-bjp-mp-slams-lok-sabha-lop-over-his-remarks-in-germany/article70428542.ece
2025-12-23 05:52:56,828 - INFO - [The Hindu] Attempt 1/1: Trying with 'selenium_browser' strategy...
2025-12-23 05:52:59,384 - INFO - [The Hindu] Page content loaded.
2025-12-23 05:52:59,622 - INFO - [The Hindu] Success with 'selenium_browser'. Found content (362 words).
2025-12-23 05:53:50,034 - INFO - Saved article: Rahul Gandhi is anti-India leader: BJP MP slams Lok Sabha LoP over his remarks in Germany - The Hindu from The Hindu (362 words)
2025-12-23 05:53:50,603 - INFO - [The Hindu] Article: https://www.thehindu.com/news/national/india-announces-450-million-relief-package-for-sri-lankas-post-cyclone-recovery/article70428547.ece
2025-12-23 05:53:50,603 - INFO - [The Hindu] Attempt 1/1: Trying with 'selenium_browser' strategy...
2025-12-23 05:53:51,874 - INFO - [The Hindu] Page content loaded.
2025-12-23 05:53:51,939 - INFO - [The Hindu] Success with 'selenium_browser'. Found content (124 words).
2025-12-23 05:53:52,058 - ERROR - [Times of India] Request failed for strategy 'selenium_browser' on URL https://timesofindia.indiatimes.com/world/us-streamers/adam-the-woo-beloved-youtuber-known-for-theme-parks-and-road-trips-passes-away-at-age-51/articleshow/126133884.cms: HTTPConnectionPool(host='localhost', port=50911): Read timed out. (read timeout=120)
2025-12-23 05:53:52,058 - ERROR - [Times of India] All scrape strategies failed for https://timesofindia.indiatimes.com/world/us-streamers/adam-the-woo-beloved-youtuber-known-for-theme-parks-and-road-trips-passes-away-at-age-51/articleshow/126133884.cms. Falling back to RSS description.
2025-12-23 05:53:52,058 - WARNING - SKIPPED (GLOBAL WORD LIMIT): Article 'Adam the Woo, beloved YouTuber known for theme parks and road trips, passes away at age 51' from Times of India has only 63 words (Min: 90).
2025-12-23 05:54:40,382 - INFO - Saved article: India announces $450 million relief package for Sri Lanka’s post-cyclone recovery - The Hindu from The Hindu (124 words)
2025-12-23 05:54:40,382 - INFO - [Times of India] Article: https://timesofindia.indiatimes.com/world/middle-east/uae-dubai-launches-the-regions-first-integrated-rv-route/articleshow/126133710.cms
2025-12-23 05:54:40,382 - INFO - [Times of India] Attempt 1/1: Trying with 'selenium_browser' strategy...
2025-12-23 05:54:41,649 - INFO - [The Hindu] Article: https://www.thehindu.com/news/cities/bangalore/how-bengaluru-celebrated-christmas-in-the-80s-and-90s-a-look-at-bygone-days/article70425090.ece
2025-12-23 05:54:41,649 - INFO - [The Hindu] Attempt 1/1: Trying with 'selenium_browser' strategy...
2025-12-23 05:54:42,778 - INFO - [The Hindu] Page content loaded.
2025-12-23 05:54:42,881 - INFO - [The Hindu] Success with 'selenium_browser'. Found content (605 words).
2025-12-23 05:55:29,956 - INFO - Saved article: How Bengaluru celebrated Christmas in the ‘80s and ‘90s - The Hindu from The Hindu (605 words)
2025-12-23 05:55:31,128 - INFO - [The Hindu] Early skip: URL https://www.thehindu.com/news/national/karnataka/mb-patil-to-convince-karnataka-cm-of-need-for-government-medical-college-in-vijayapura-urges-sugarcane-farmers-to-use-drip-irrigation/article70426686.ece already exists.
2025-12-23 05:55:31,378 - INFO - [The Hindu] Early skip: URL https://www.thehindu.com/news/national/karnataka/karnataka-cm-to-launch-development-works-in-vijayapura-in-january-2026/article70426028.ece already exists.
2025-12-23 05:55:31,556 - INFO - [The Hindu] Early skip: URL https://www.thehindu.com/news/national/nia-dg-sadanand-date-repatriated-to-parent-cadre-maharashtra/article70428469.ece already exists.
2025-12-23 05:55:31,716 - INFO - [The Hindu] Early skip: URL https://www.thehindu.com/news/cities/Madurai/12-fishermen-from-rameswaram-held-by-sri-lankan-navy-for-poaching-trawler-impounded/article70428386.ece already exists.
2025-12-23 05:55:31,970 - INFO - [The Hindu] Article: https://www.thehindu.com/news/national/maharashtra/nomination-process-for-municipal-corporation-elections-begins-in-maharashtra/article70428468.ece
2025-12-23 05:55:31,970 - INFO - [The Hindu] Attempt 1/1: Trying with 'selenium_browser' strategy...
2025-12-23 05:55:33,016 - INFO - [The Hindu] Page content loaded.
2025-12-23 05:55:33,059 - INFO - [The Hindu] Success with 'selenium_browser'. Found content (249 words).
2025-12-23 05:56:20,229 - INFO - DEDUPLICATION: Found match (Score: 0.76). Linking to Cluster ID: 874a8867-61c1-4e78-9775-9d8b09b78573
2025-12-23 05:56:20,232 - INFO - Saved article: Nomination process for Municipal Corporation elections begins in Maharashtra - The Hindu from The Hindu (249 words)
2025-12-23 05:56:21,190 - INFO - [The Hindu] Article: https://www.thehindu.com/news/national/tamil-nadu/move-away-from-reels-and-shorts-addiction-and-take-up-reading-says-tn-cm-stalin/article70428435.ece
2025-12-23 05:56:21,190 - INFO - [The Hindu] Attempt 1/1: Trying with 'selenium_browser' strategy...
2025-12-23 05:56:22,274 - INFO - [The Hindu] Page content loaded.
2025-12-23 05:56:22,318 - INFO - [The Hindu] Success with 'selenium_browser'. Found content (255 words).
2025-12-23 05:56:40,483 - ERROR - [Times of India] Request failed for strategy 'selenium_browser' on URL https://timesofindia.indiatimes.com/world/middle-east/uae-dubai-launches-the-regions-first-integrated-rv-route/articleshow/126133710.cms: HTTPConnectionPool(host='localhost', port=50911): Read timed out. (read timeout=120)
2025-12-23 05:56:40,483 - ERROR - [Times of India] All scrape strategies failed for https://timesofindia.indiatimes.com/world/middle-east/uae-dubai-launches-the-regions-first-integrated-rv-route/articleshow/126133710.cms. Falling back to RSS description.
2025-12-23 05:56:40,483 - WARNING - SKIPPED (GLOBAL WORD LIMIT): Article 'UAE: Dubai launches the region’s first integrated RV route' from Times of India has only 60 words (Min: 90).
2025-12-23 05:56:44,702 - CRITICAL - --- TIMEOUT: 2 scrape jobs did not complete in 300s. ---
2025-12-23 05:56:44,703 - ERROR - A thread has timed out and will be abandoned.
2025-12-23 05:56:44,703 - ERROR - A thread has timed out and will be abandoned.
2025-12-23 05:56:44,703 - INFO - Shutting down thread pool (wait=False)...
2025-12-23 05:56:44,703 - INFO - Scraped: 0 BBC, 0 The Guardian, 2 Timed_Out_Jobs articles. (Total saved: 0)
2025-12-23 05:56:44,703 - INFO - --- Scraping job finished ---
2025-12-23 05:56:44,703 - INFO - --- Scraper service stopped and database connection closed. ---
2025-12-23 05:56:44,703 - INFO - --- Main thread finished. Forcing process exit to kill zombie threads. ---
