2025-12-28 22:45:56,091 - INFO - Loading AI Semantic Model (all-MiniLM-L6-v2)...
2025-12-28 22:45:56,092 - INFO - Use pytorch device_name: cpu
2025-12-28 22:45:56,092 - INFO - Load pretrained SentenceTransformer: all-MiniLM-L6-v2
2025-12-28 22:45:56,548 - INFO - AI Model loaded successfully.
2025-12-28 22:45:56,549 - INFO - --- Scraper service started (CI Mode: Run Once) ---
2025-12-28 22:45:56,549 - INFO - --- Starting new scraping job (Parallel Mode) ---
2025-12-28 22:45:56,549 - INFO - Creating new robust session with 3 retries on 5xx/connection/read errors.
2025-12-28 22:45:56,549 - INFO - Proxy is DISABLED.
2025-12-28 22:45:56,549 - INFO - Starting scrape for BBC RSS feed: http://feeds.bbci.co.uk/news/world/rss.xml
2025-12-28 22:45:56,550 - INFO - [Times of India] (Thread) requires Selenium. Initializing driver...
2025-12-28 22:45:56,550 - INFO - Starting scrape for The Guardian RSS feed: https://www.theguardian.com/world/rss
2025-12-28 22:45:56,552 - INFO - [The Hindu] (Thread) requires Selenium. Initializing driver...
2025-12-28 22:45:56,552 - INFO - Submitted 4 jobs to thread pool. Waiting up to 300s for completion...
2025-12-28 22:45:56,731 - INFO - Found 45 articles in The Guardian RSS feed. Processing up to 30.
2025-12-28 22:45:56,731 - INFO - [The Guardian] Early skip: URL https://www.theguardian.com/world/2025/dec/28/central-african-republic-goes-to-polls-as-president-seeks-third-term already exists.
2025-12-28 22:45:56,974 - INFO - [The Guardian] Early skip: URL https://www.theguardian.com/world/2025/dec/27/guinea-junta-leader-mamady-doumbouya-frontrunner-president-election already exists.
2025-12-28 22:45:57,097 - INFO - Found 28 articles in BBC RSS feed. Processing up to 30.
2025-12-28 22:45:57,177 - INFO - [BBC] Early skip: URL https://www.bbc.com/news/articles/cly92pr8qryo?at_medium=RSS&at_campaign=rss already exists.
2025-12-28 22:45:57,473 - INFO - [The Guardian] Early skip: URL https://www.theguardian.com/world/2025/dec/26/israel-first-country-to-recognise-somaliland-sovereign-state already exists.
2025-12-28 22:45:57,726 - INFO - [BBC] Early skip: URL https://www.bbc.com/news/articles/c888rzkd0dzo?at_medium=RSS&at_campaign=rss already exists.
2025-12-28 22:45:57,840 - INFO - [The Guardian] Early skip: URL https://www.theguardian.com/world/2025/dec/26/british-egyptian-activist-alaa-abd-el-fattah-arrives-in-uk-after-travel-ban-lifted already exists.
2025-12-28 22:45:58,038 - INFO - [BBC] Early skip: URL https://www.bbc.com/news/articles/cy7vly6gm76o?at_medium=RSS&at_campaign=rss already exists.
2025-12-28 22:45:58,285 - INFO - [The Guardian] Early skip: URL https://www.theguardian.com/us-news/2025/dec/26/trump-supporters-nigeria-airstrikes already exists.
2025-12-28 22:45:58,513 - INFO - [BBC] Early skip: URL https://www.bbc.com/news/articles/cdj817m37rgo?at_medium=RSS&at_campaign=rss already exists.
2025-12-28 22:45:58,781 - INFO - [The Guardian] Early skip: URL https://www.theguardian.com/world/2025/dec/26/venezuela-political-prisoner-release already exists.
2025-12-28 22:45:59,032 - INFO - [BBC] Early skip: URL https://www.bbc.com/news/videos/c05834pp6jno?at_medium=RSS&at_campaign=rss already exists.
2025-12-28 22:45:59,139 - INFO - [The Guardian] Early skip: URL https://www.theguardian.com/world/2025/dec/26/weather-tracker-deep-freeze-canada-us-records-warmest-christmas already exists.
2025-12-28 22:45:59,377 - INFO - [BBC] Early skip: URL https://www.bbc.com/news/articles/cp8966ew7y7o?at_medium=RSS&at_campaign=rss already exists.
2025-12-28 22:45:59,567 - INFO - [The Guardian] Early skip: URL https://www.theguardian.com/environment/2025/dec/25/they-are-scared-of-us-now-how-one-tropical-forest-turned-the-tide-on-loggers already exists.
2025-12-28 22:45:59,756 - INFO - [BBC] Early skip: URL https://www.bbc.com/news/articles/c3r7ge7937qo?at_medium=RSS&at_campaign=rss already exists.
2025-12-28 22:45:59,926 - INFO - [The Guardian] Early skip: URL https://www.theguardian.com/world/2025/dec/25/cape-froward-new-national-park-patagonia-chile already exists.
2025-12-28 22:46:00,089 - INFO - [BBC] Early skip: URL https://www.bbc.com/news/articles/cqxq59np394o?at_medium=RSS&at_campaign=rss already exists.
2025-12-28 22:46:00,352 - INFO - [The Guardian] Early skip: URL https://www.theguardian.com/world/2025/dec/24/honduras-nasry-tito-asfura-declared-president-donald-trump-backed already exists.
2025-12-28 22:46:00,609 - INFO - [BBC] Early skip: URL https://www.bbc.com/news/articles/c3v1g227p4xo?at_medium=RSS&at_campaign=rss already exists.
2025-12-28 22:46:00,880 - INFO - [The Guardian] Early skip: URL https://www.theguardian.com/world/2025/dec/28/myanmar-elections-voting-begins-under-junta-stranglehold-with-aung-san-suu-kyi-banned already exists.
2025-12-28 22:46:01,102 - INFO - [BBC] Early skip: URL https://www.bbc.com/news/articles/cd9z1k4g40jo?at_medium=RSS&at_campaign=rss already exists.
2025-12-28 22:46:01,276 - INFO - [The Guardian] Early skip: URL https://www.theguardian.com/world/2025/dec/28/myanmar-is-going-to-the-polls-but-its-not-the-people-who-hold-the-power-its-china already exists.
2025-12-28 22:46:01,561 - INFO - [BBC] Early skip: URL https://www.bbc.com/news/articles/cde61jz5653o?at_medium=RSS&at_campaign=rss already exists.
2025-12-28 22:46:01,789 - INFO - [The Guardian] Early skip: URL https://www.theguardian.com/world/2025/dec/27/thailand-and-cambodia-agree-immediate-ceasefire-after-weeks-of-deadly-border-clashes already exists.
2025-12-28 22:46:01,927 - INFO - [BBC] Early skip: URL https://www.bbc.com/news/articles/cpvd90k2zn4o?at_medium=RSS&at_campaign=rss already exists.
2025-12-28 22:46:02,147 - INFO - [The Guardian] Early skip: URL https://www.theguardian.com/world/2025/dec/26/former-malaysian-pm-najib-razak-found-guilty-of-abuse-of-power-in-latest-1mdb-trial already exists.
2025-12-28 22:46:02,337 - INFO - [BBC] Early skip: URL https://www.bbc.com/news/articles/cz68q3p8xqxo?at_medium=RSS&at_campaign=rss already exists.
2025-12-28 22:46:02,502 - INFO - [The Guardian] Early skip: URL https://www.theguardian.com/world/2025/dec/26/china-imposes-sanctions-on-us-defence-firms-over-taiwan-arms-deal already exists.
2025-12-28 22:46:02,683 - INFO - [BBC] Early skip: URL https://www.bbc.com/news/articles/c0q5je8048xo?at_medium=RSS&at_campaign=rss already exists.
2025-12-28 22:46:02,915 - INFO - Selenium driver initialized successfully.
2025-12-28 22:46:02,915 - INFO - Starting scrape for Times of India RSS feed: https://timesofindia.indiatimes.com/rssfeeds/296589292.cms
2025-12-28 22:46:02,916 - INFO - Selenium driver initialized successfully.
2025-12-28 22:46:02,916 - INFO - Starting scrape for The Hindu RSS feed: https://www.thehindu.com/news/national/feeder/default.rss
2025-12-28 22:46:02,922 - INFO - [The Guardian] Early skip: URL https://www.theguardian.com/world/2025/dec/28/australian-cruise-ship-investigated-after-leaving-passenger-behind-runs-aground-off-png-with-120-people-on-board already exists.
2025-12-28 22:46:03,082 - INFO - Found 100 articles in The Hindu RSS feed. Processing up to 30.
2025-12-28 22:46:03,093 - INFO - Found 20 articles in Times of India RSS feed. Processing up to 30.
2025-12-28 22:46:03,198 - INFO - [BBC] Early skip: URL https://www.bbc.com/news/articles/cj69j8l918do?at_medium=RSS&at_campaign=rss already exists.
2025-12-28 22:46:03,342 - INFO - [The Hindu] Early skip: URL https://www.thehindu.com/news/national/amit-shahs-arrival-in-guwahati-postponed-as-his-flight-cancelled-due-to-dense-fog/article70447403.ece already exists.
2025-12-28 22:46:03,636 - INFO - [Times of India] Article: https://timesofindia.indiatimes.com/business/international-business/i-will-miss-them-very-much-ro-khanna-mocks-peter-thiel-larry-page-as-they-consider-leaving-california-over-billionaire-tax/articleshow/126219993.cms
2025-12-28 22:46:03,636 - INFO - [Times of India] Attempt 1/1: Trying with 'selenium_browser' strategy...
2025-12-28 22:46:03,637 - INFO - [The Guardian] Early skip: URL https://www.theguardian.com/australia-news/2025/dec/28/minns-government-actively-considering-if-jewish-security-group-should-be-armed-after-bondi-attack-ntwnfb already exists.
2025-12-28 22:46:03,807 - INFO - [BBC] Early skip: URL https://www.bbc.com/news/articles/c20p78kp8pgo?at_medium=RSS&at_campaign=rss already exists.
2025-12-28 22:46:03,997 - INFO - [The Hindu] Early skip: URL https://www.thehindu.com/news/national/uttar-pradesh/nearly-200-up-villagers-get-rabies-shots-after-consuming-curd-from-buffalo-that-died-after-dog-bite/article70447429.ece already exists.
2025-12-28 22:46:04,134 - INFO - [The Guardian] Early skip: URL https://www.theguardian.com/australia-news/2025/dec/28/queensland-braces-for-days-of-heavy-rain-as-bom-issues-flood-warnings-for-parts-of-state already exists.
2025-12-28 22:46:04,328 - INFO - [BBC] Early skip: URL https://www.bbc.com/news/articles/c4g6xgv1n41o?at_medium=RSS&at_campaign=rss already exists.
2025-12-28 22:46:04,485 - INFO - [The Hindu] Early skip: URL https://www.thehindu.com/news/national/haryana/haryana-police-draws-up-an-expanded-crime-and-security-strategy-for-2026-with-a-focus-on-violent-offenders/article70446374.ece already exists.
2025-12-28 22:46:04,719 - INFO - [The Guardian] Early skip: URL https://www.theguardian.com/australia-news/2025/dec/28/man-charged-with-displaying-nazi-hate-symbol-after-showing-off-tattoos-at-nsw-beach-ntwnfb already exists.
2025-12-28 22:46:05,016 - INFO - [BBC] Early skip: URL https://www.bbc.com/news/articles/cn987yqnee9o?at_medium=RSS&at_campaign=rss already exists.
2025-12-28 22:46:05,216 - INFO - [The Hindu] Early skip: URL https://www.thehindu.com/news/national/maharashtra/parivar-together-ajit-pawar-announces-ncp-ncp-sp-alliance-for-pimpri-chinchwad-civic-polls/article70447373.ece already exists.
2025-12-28 22:46:05,461 - INFO - [The Hindu] Early skip: URL https://www.thehindu.com/opinion/op-ed/tamil-nadu-needs-to-think-beyond-the-metro/article70445866.ece already exists.
2025-12-28 22:46:05,757 - INFO - [The Hindu] Early skip: URL https://www.thehindu.com/opinion/op-ed/bihars-unrealised-potential/article70445988.ece already exists.
2025-12-28 22:46:05,889 - INFO - [The Guardian] Early skip: URL https://www.theguardian.com/australia-news/2025/dec/28/man-arrested-after-woman-found-dead-at-sydney-home-and-another-man-critically-injured-from-stab-wounds-ntwnfb already exists.
2025-12-28 22:46:06,129 - INFO - [The Guardian] Early skip: URL https://www.theguardian.com/world/live/2025/dec/28/ukraine-war-live-russia-zelenskyy-trump-meeting-florida-kyiv-latest-news-updates already exists.
2025-12-28 22:46:06,305 - INFO - [The Hindu] Early skip: URL https://www.thehindu.com/news/cities/chennai/work-starts-to-widen-25-km-long-section-of-sardar-patel-road/article70446877.ece already exists.
2025-12-28 22:46:06,532 - INFO - [BBC] Early skip: URL https://www.bbc.com/news/articles/c93wjn1y72vo?at_medium=RSS&at_campaign=rss already exists.
2025-12-28 22:46:06,714 - INFO - [BBC] Early skip: URL https://www.bbc.com/news/articles/cy073xp2yj0o?at_medium=RSS&at_campaign=rss already exists.
2025-12-28 22:46:06,965 - INFO - [The Hindu] Early skip: URL https://www.thehindu.com/news/national/tamil-nadu/aiadmk-to-hold-district-secretaries-meeting-on-december-31/article70445966.ece already exists.
2025-12-28 22:46:07,238 - INFO - [The Guardian] Early skip: URL https://www.theguardian.com/film/2025/dec/28/brigitte-bardot-french-screen-legend-and-animal-rights-activist-dies already exists.
2025-12-28 22:46:07,490 - INFO - [BBC] Early skip: URL https://www.bbc.com/news/articles/cpwk9grv290o?at_medium=RSS&at_campaign=rss already exists.
2025-12-28 22:46:07,727 - INFO - [The Hindu] Early skip: URL https://www.thehindu.com/news/national/kerala/draft-voters-list-out-blos-still-busy-with-mapping-exercise/article70446943.ece already exists.
2025-12-28 22:46:07,971 - INFO - [The Hindu] Early skip: URL https://www.thehindu.com/news/national/tamil-nadu/udhayanidhi-stalin-lays-foundation-for-mudhalvar-padaippagam-at-harbour-constituency/article70447069.ece already exists.
2025-12-28 22:46:08,188 - INFO - [BBC] Early skip: URL https://www.bbc.com/news/articles/cwyxller1j5o?at_medium=RSS&at_campaign=rss already exists.
2025-12-28 22:46:08,380 - INFO - [The Guardian] Early skip: URL https://www.theguardian.com/film/2025/dec/28/off-the-shoulder-tops-and-a-signature-hair-do-brigitte-bardot-style-legacy already exists.
2025-12-28 22:46:08,628 - INFO - [The Guardian] Early skip: URL https://www.theguardian.com/world/2025/dec/28/trump-zelenskyy-talks-amid-heavy-russian-airstrikes-on-ukraine already exists.
2025-12-28 22:46:08,916 - INFO - [The Guardian] Early skip: URL https://www.theguardian.com/world/2025/dec/27/zelenskyy-to-meet-european-leaders-and-trump-for-ukraine-peace-talks-amid-fresh-strikes-on-kyiv already exists.
2025-12-28 22:46:09,092 - INFO - [The Hindu] Early skip: URL https://www.thehindu.com/news/national/tamil-nadu/indigo-to-begin-flight-services-from-tamil-nadu-to-navi-mumbai-airport-from-december-29-2025/article70445969.ece already exists.
2025-12-28 22:46:09,216 - INFO - [The Hindu] Early skip: URL https://www.thehindu.com/news/national/kerala/district-police-chief-promises-proper-probe-into-bike-accident/article70446669.ece already exists.
2025-12-28 22:46:09,404 - INFO - [The Guardian] Early skip: URL https://www.theguardian.com/world/2025/dec/26/palestinian-man-kills-two-in-northern-israel-car-ramming-and-stabbing-attack-police-say already exists.
2025-12-28 22:46:09,508 - INFO - [BBC] Early skip: URL https://www.bbc.com/news/articles/cx276v1yvryo?at_medium=RSS&at_campaign=rss already exists.
2025-12-28 22:46:09,610 - INFO - [BBC] Early skip: URL https://www.bbc.com/news/videos/crl9gpynrdno?at_medium=RSS&at_campaign=rss already exists.
2025-12-28 22:46:09,822 - INFO - [BBC] Article: https://www.bbc.com/news/videos/cz7n4px7e41o?at_medium=RSS&at_campaign=rss
2025-12-28 22:46:09,824 - INFO - [The Hindu] Early skip: URL https://www.thehindu.com/videos/watch-pakistan-president-zardari-reveals-he-was-advised-to-hide-in-a-bunker-during-operation-sindoor/article70447328.ece already exists.
2025-12-28 22:46:09,824 - INFO - [BBC] Attempt 1/1: Trying with 'requests_browser' strategy...
2025-12-28 22:46:10,119 - INFO - [The Hindu] Early skip: URL https://www.thehindu.com/news/national/kerala/cops-rescue-migrant-worker-who-fell-into-canal/article70446969.ece already exists.
2025-12-28 22:46:10,240 - INFO - [The Guardian] Early skip: URL https://www.theguardian.com/world/2025/dec/26/southern-separatists-on-rise-in-yemen-report-saudi-airstrikes-near-positions already exists.
2025-12-28 22:46:10,242 - WARNING - [BBC] FAILED with 'requests_browser' (content was too short: 86 words).
2025-12-28 22:46:10,242 - ERROR - [BBC] All scrape strategies failed for https://www.bbc.com/news/videos/cz7n4px7e41o?at_medium=RSS&at_campaign=rss. Falling back to RSS description.
2025-12-28 22:46:10,243 - WARNING - SKIPPED (GLOBAL WORD LIMIT): Article 'Snow-capped Mount Etna erupts as skiers glide down slopes' from BBC has only 19 words (Min: 90).
2025-12-28 22:46:10,368 - INFO - [The Guardian] Early skip: URL https://www.theguardian.com/world/2025/dec/24/israel-condemned-approval-19-settlements-occupied-west-bank already exists.
2025-12-28 22:46:10,556 - INFO - [The Guardian] Early skip: URL https://www.theguardian.com/world/2025/dec/24/israel-strikes-southern-lebanon-as-deadline-to-disarm-hezbollah-nears already exists.
2025-12-28 22:46:10,712 - INFO - [The Guardian] Early skip: URL https://www.theguardian.com/world/2025/dec/23/libyas-army-chief-dies-in-plane-crash-in-turkey already exists.
2025-12-28 22:46:10,974 - INFO - [The Hindu] Early skip: URL https://www.thehindu.com/news/national/tamil-nadu/punch-marked-gold-coins-from-vijayanagara-era-unearthed-near-jolarpet/article70446420.ece already exists.
2025-12-28 22:46:11,259 - INFO - [BBC] Article: https://www.bbc.com/news/videos/cn4dexwzejeo?at_medium=RSS&at_campaign=rss
2025-12-28 22:46:11,259 - INFO - [BBC] Attempt 1/1: Trying with 'requests_browser' strategy...
2025-12-28 22:46:11,260 - INFO - [The Hindu] Early skip: URL https://www.thehindu.com/news/national/andhra-pradesh/h-1b-visa-reflects-race-class-dynamics-of-modern-diaspora-says-former-jnu-professor/article70447022.ece already exists.
2025-12-28 22:46:11,318 - WARNING - [BBC] FAILED with 'requests_browser' (content was too short: 59 words).
2025-12-28 22:46:11,318 - ERROR - [BBC] All scrape strategies failed for https://www.bbc.com/news/videos/cn4dexwzejeo?at_medium=RSS&at_campaign=rss. Falling back to RSS description.
2025-12-28 22:46:11,318 - WARNING - SKIPPED (GLOBAL WORD LIMIT): Article 'Watch: Meteor lights up sky over Japan's Mount Fuji' from BBC has only 14 words (Min: 90).
2025-12-28 22:46:11,400 - INFO - [The Hindu] Early skip: URL https://www.thehindu.com/news/national/tamil-nadu/winter-bird-count-conducted-in-vellore-and-nearby-districts/article70446450.ece already exists.
2025-12-28 22:46:11,520 - INFO - [The Hindu] Early skip: URL https://www.thehindu.com/entertainment/movies/inspired-by-deeply-personal-memories-says-maker-of-telugu-short-selected-for-sundance-film-festival/article70446836.ece already exists.
2025-12-28 22:46:11,678 - INFO - [The Hindu] Early skip: URL https://www.thehindu.com/news/national/tamil-nadu/dmk-govt-revived-laptop-scheme-for-electoral-gain-eps/article70446683.ece already exists.
2025-12-28 22:46:11,838 - INFO - [The Hindu] Early skip: URL https://www.thehindu.com/news/national/andhra-pradesh/national-badminton-tournament-in-vijayawada-concludes/article70447226.ece already exists.
2025-12-28 22:46:11,948 - INFO - [The Hindu] Early skip: URL https://www.thehindu.com/news/national/what-election-rules-miss-about-shadow-campaigns-in-india/article70446121.ece already exists.
2025-12-28 22:46:12,113 - INFO - [The Hindu] Early skip: URL https://www.thehindu.com/news/national/karnataka/ny-celebrations-20000-police-personnel-deployed-in-bengaluru-heat-map-system-to-monitor-crowd-density/article70446147.ece already exists.
2025-12-28 22:46:12,314 - INFO - [The Hindu] Early skip: URL https://www.thehindu.com/news/national/kerala/vice-president-to-arrive-in-thiruvananthapuram-on-december-29/article70447193.ece already exists.
2025-12-28 22:46:12,436 - INFO - [The Hindu] Early skip: URL https://www.thehindu.com/news/national/pm-calls-for-human-capital-driven-reforms-at-chief-secretaries-conference/article70447115.ece already exists.
2025-12-28 22:46:12,581 - INFO - [BBC] Early skip: URL https://www.bbc.com/news/videos/clyx049x0z7o?at_medium=RSS&at_campaign=rss already exists.
2025-12-28 22:46:12,719 - INFO - [The Hindu] Early skip: URL https://www.thehindu.com/entertainment/movies/krishnaswamy-associates-s-krishnaswamy-obituary/article70447172.ece already exists.
2025-12-28 22:46:13,015 - INFO - [The Hindu] Article: https://www.thehindu.com/shorts/three-tamil-nadu-fishermen-arrested-by-sri-lankan-navy/article70447205.ece
2025-12-28 22:46:13,015 - INFO - [The Hindu] Attempt 1/1: Trying with 'selenium_browser' strategy...
2025-12-28 22:46:13,016 - INFO - [BBC] Early skip: URL https://www.bbc.com/news/videos/cqxqvd0z5gno?at_medium=RSS&at_campaign=rss already exists.
2025-12-28 22:46:13,165 - INFO - [Times of India] Page content loaded.
2025-12-28 22:46:13,630 - INFO - [Times of India] Success with 'selenium_browser'. Found content (345 words).
2025-12-28 22:46:24,586 - WARNING - [The Hindu] Page timed out (10s). Proceeding anyway.
2025-12-28 22:46:24,785 - WARNING - [The Hindu] FAILED with 'selenium_browser' (content was too short: 50 words).
2025-12-28 22:46:24,785 - ERROR - [The Hindu] All scrape strategies failed for https://www.thehindu.com/shorts/three-tamil-nadu-fishermen-arrested-by-sri-lankan-navy/article70447205.ece. Falling back to RSS description.
2025-12-28 22:46:24,785 - WARNING - SKIPPED (GLOBAL WORD LIMIT): Article 'Three Tamil Nadu fishermen arrested by Sri Lankan Navy' from The Hindu has only 3 words (Min: 90).
2025-12-28 22:47:05,889 - INFO - Saved article: 'I will miss them very much': Ro Khanna mocks Peter Thiel, Larry Page as they consider leaving California over 'Billionaire tax' - The Times of India from Times of India (345 words)
2025-12-28 22:47:05,889 - INFO - [The Hindu] Early skip: URL https://www.thehindu.com/news/national/west-bengal/matua-community-one-of-the-most-affected-groups-in-sir-process-in-west-bengal-says-study/article70447097.ece already exists.
2025-12-28 22:47:06,187 - INFO - [The Hindu] Early skip: URL https://www.thehindu.com/news/national/red-fort-blast-victims-yet-to-get-govt-compensation/article70447096.ece already exists.
2025-12-28 22:47:06,328 - INFO - [The Hindu] Early skip: URL https://www.thehindu.com/news/national/uttar-pradesh/uttar-pradesh-sir-nearly-289-crore-names-deleted-from-draft-voter-list/article70447105.ece already exists.
2025-12-28 22:47:06,466 - INFO - [The Hindu] Early skip: URL https://www.thehindu.com/news/cities/Coimbatore/nainar-nagenthran-claims-government-responsible-for-karur-stampede/article70446346.ece already exists.
2025-12-28 22:47:06,601 - INFO - [The Hindu] (Thread) Finished. Attempting to shut down its Selenium driver.
2025-12-28 22:47:06,602 - INFO - [Times of India] Early skip: URL https://timesofindia.indiatimes.com/world/us/would-you-like-foodor-is-that-a-bribe-trump-mocks-media-jokes-about-feeding-the-fake-news-watch-video/articleshow/126219954.cms already exists.
2025-12-28 22:47:06,676 - INFO - [The Hindu] (Thread) driver.quit() successful.
2025-12-28 22:47:06,827 - INFO - [Times of India] Early skip: URL https://timesofindia.indiatimes.com/world/us/empty-daycare-misspelled-sign-and-4m-in-funding-put-minnesota-governor-tim-walz-in-spotlight-heres-what-we-know-about-fraud/articleshow/126219442.cms already exists.
2025-12-28 22:47:07,070 - INFO - [Times of India] Early skip: URL https://timesofindia.indiatimes.com/world/rest-of-world/you-remind-me-of-my-mother-indian-origin-electrician-rapes-75-year-old-woman-in-sydney-says-his-wife-never-has-sex-with-him/articleshow/126219957.cms already exists.
2025-12-28 22:47:07,193 - INFO - [Times of India] Early skip: URL https://timesofindia.indiatimes.com/world/us/is-moving-to-germany-safer-than-us-h-1b-redditors-viral-question-amid-visa-delay-in-india/articleshow/126219513.cms already exists.
2025-12-28 22:47:07,432 - INFO - [Times of India] Early skip: URL https://timesofindia.indiatimes.com/world/us-streamers/twitch-streamer-cloakzy-raises-concerns-over-viewbotting-after-spotting-unknown-high-viewership-channels/articleshow/126219383.cms already exists.
2025-12-28 22:47:07,699 - INFO - [Times of India] Early skip: URL https://timesofindia.indiatimes.com/sports/international-sports/top-10-most-searched-athletes-of-2025-across-all-sports/articleshow/126217197.cms already exists.
2025-12-28 22:47:07,870 - INFO - [Times of India] Early skip: URL https://timesofindia.indiatimes.com/world/us/watch-two-helicopters-collide-mid-air-and-crash-in-us-video-shows-thick-smoke-billowing-from-ground/articleshow/126218329.cms already exists.
2025-12-28 22:47:08,096 - INFO - [Times of India] Early skip: URL https://timesofindia.indiatimes.com/world/us/kash-patel-says-minnesota-fraud-as-exposed-by-youtuber-nick-shirley-is-tip-of-iceberg-convicted-will-be-deported/articleshow/126217998.cms already exists.
2025-12-28 22:47:08,280 - INFO - [Times of India] Early skip: URL https://timesofindia.indiatimes.com/world/us/after-the-storm-barron-trump-spotted-at-mar-a-lago-weeks-after-tate-linked-controversy-and-manosphere-scrutiny/articleshow/126217883.cms already exists.
2025-12-28 22:47:08,493 - INFO - [Times of India] Early skip: URL https://timesofindia.indiatimes.com/world/us/unimaginable-a-year-ago-indians-in-us-raise-concern-over-online-hatred-as-vivek-ramaswamys-kids-come-under-attack/articleshow/126217531.cms already exists.
2025-12-28 22:47:08,618 - INFO - [Times of India] Early skip: URL https://timesofindia.indiatimes.com/world/rest-of-world/over-10000-people-displaced-in-3-days-in-sudan-un/articleshow/126217044.cms already exists.
2025-12-28 22:47:08,757 - INFO - [Times of India] Early skip: URL https://timesofindia.indiatimes.com/world/us/indian-origin-startup-ceo-claims-his-company-is-being-extorted-for-3-million-illegally-obtained-confidential-information/articleshow/126216275.cms already exists.
2025-12-28 22:47:09,000 - INFO - [Times of India] Early skip: URL https://timesofindia.indiatimes.com/world/us/canadians-are-dying-mark-carneys-2-5-billion-aid-to-ukraine-draws-backlash-online/articleshow/126216873.cms already exists.
2025-12-28 22:47:09,297 - INFO - [Times of India] Early skip: URL https://timesofindia.indiatimes.com/world/us/can-you-get-married-in-the-us-on-a-visitor-visa-and-apply-for-green-card-heres-the-most-crucial-90-day-rule/articleshow/126216851.cms already exists.
2025-12-28 22:47:09,540 - INFO - [Times of India] Early skip: URL https://timesofindia.indiatimes.com/world/us/about-90-ready-trump-zelenskyy-florida-meet-on-ukraine-peace-deal-amid-renewed-russian-attacks-whats-on-agenda/articleshow/126216529.cms already exists.
2025-12-28 22:47:09,743 - INFO - [Times of India] Early skip: URL https://timesofindia.indiatimes.com/world/us/if-h-1b-becomes-wage-based-what-is-o-1-visa-for-immigration-attorney-says-new-rule-may-run-into-legal-hurdles/articleshow/126216490.cms already exists.
2025-12-28 22:47:09,937 - INFO - [Times of India] Article: https://timesofindia.indiatimes.com/world/middle-east/freezing-rain-floods-gaza-camps-and-leaves-displaced-palestinians-in-dire-conditions/articleshow/126216397.cms
2025-12-28 22:47:09,937 - INFO - [Times of India] Attempt 1/1: Trying with 'selenium_browser' strategy...
2025-12-28 22:47:11,297 - INFO - [Times of India] Page content loaded.
2025-12-28 22:47:11,468 - INFO - [Times of India] Success with 'selenium_browser'. Found content (762 words).
2025-12-28 22:48:01,395 - INFO - Saved article: Freezing rain floods Gaza camps and leaves displaced Palestinians in dire conditions - The Times of India from Times of India (762 words)
2025-12-28 22:48:02,091 - INFO - [Times of India] Early skip: URL https://timesofindia.indiatimes.com/world/us/when-he-attacks-american-kids-india-hating-x-account-defends-picking-on-vivek-ramaswamys-children-amid-major-outrage/articleshow/126215871.cms already exists.
2025-12-28 22:48:02,322 - INFO - [Times of India] Early skip: URL https://timesofindia.indiatimes.com/world/china/anti-graft-crackdown-chinas-parliament-expels-three-high-ranking-military-officials-who-are-they/articleshow/126215316.cms already exists.
2025-12-28 22:48:02,436 - INFO - [Times of India] (Thread) Finished. Attempting to shut down its Selenium driver.
2025-12-28 22:48:02,750 - INFO - [Times of India] (Thread) driver.quit() successful.
2025-12-28 22:48:02,750 - INFO - Shutting down thread pool (wait=False)...
2025-12-28 22:48:02,750 - INFO - Scraped: 0 The Guardian, 0 BBC, 0 The Hindu, 2 Times of India articles. (Total saved: 2)
2025-12-28 22:48:02,751 - INFO - --- Scraping job finished ---
2025-12-28 22:48:02,756 - INFO - --- Scraper service stopped and database connection closed. ---
2025-12-28 22:48:02,756 - INFO - --- Main thread finished. Forcing process exit to kill zombie threads. ---
