2026-01-04 08:34:43,890 - INFO - Loading AI Semantic Model (all-MiniLM-L6-v2)...
2026-01-04 08:34:43,890 - INFO - Use pytorch device_name: cpu
2026-01-04 08:34:43,891 - INFO - Load pretrained SentenceTransformer: all-MiniLM-L6-v2
2026-01-04 08:34:44,628 - INFO - AI Model loaded successfully.
2026-01-04 08:34:44,629 - INFO - --- Scraper service started (CI Mode: Run Once) ---
2026-01-04 08:34:44,629 - INFO - --- Starting new scraping job (Parallel Mode) ---
2026-01-04 08:34:44,629 - INFO - Creating new robust session with 3 retries on 5xx/connection/read errors.
2026-01-04 08:34:44,629 - INFO - Proxy is DISABLED.
2026-01-04 08:34:44,629 - INFO - Starting scrape for BBC RSS feed: http://feeds.bbci.co.uk/news/world/rss.xml
2026-01-04 08:34:44,630 - INFO - [Times of India] (Thread) requires Selenium. Initializing driver...
2026-01-04 08:34:44,631 - INFO - Starting scrape for The Guardian RSS feed: https://www.theguardian.com/world/rss
2026-01-04 08:34:44,632 - INFO - [The Hindu] (Thread) requires Selenium. Initializing driver...
2026-01-04 08:34:44,632 - INFO - Submitted 4 jobs to thread pool. Waiting up to 300s for completion...
2026-01-04 08:34:44,796 - INFO - Found 45 articles in The Guardian RSS feed. Processing up to 30.
2026-01-04 08:34:44,797 - INFO - [The Guardian] Early skip: URL https://www.theguardian.com/world/2026/jan/02/anthony-joshuas-driver-charged-with-dangerous-driving-after-fatal-crash-in-nigeria already exists.
2026-01-04 08:34:44,851 - INFO - Found 29 articles in BBC RSS feed. Processing up to 30.
2026-01-04 08:34:45,041 - INFO - [BBC] Early skip: URL https://www.bbc.com/news/articles/cd9enjeey3go?at_medium=RSS&at_campaign=rss already exists.
2026-01-04 08:34:45,246 - INFO - [The Guardian] Early skip: URL https://www.theguardian.com/science/2026/jan/01/cremation-pyre-in-africa-thought-to-be-worlds-oldest-containing-adult-remains already exists.
2026-01-04 08:34:45,544 - INFO - [BBC] Early skip: URL https://www.bbc.com/news/articles/cdred61epg4o?at_medium=RSS&at_campaign=rss already exists.
2026-01-04 08:34:45,784 - INFO - [The Guardian] Early skip: URL https://www.theguardian.com/global-development/2026/jan/01/us-aid-cuts-conditions-un-humanitarian-pledge-ocha already exists.
2026-01-04 08:34:46,001 - INFO - [BBC] Early skip: URL https://www.bbc.com/news/articles/czx1rpxzyx9o?at_medium=RSS&at_campaign=rss already exists.
2026-01-04 08:34:46,296 - INFO - [The Guardian] Early skip: URL https://www.theguardian.com/world/2025/dec/31/guinea-junta-chief-mamady-doumbouya-elected-president-after-opposition-boycott already exists.
2026-01-04 08:34:46,515 - INFO - [BBC] Early skip: URL https://www.bbc.com/news/articles/c86vq753nwpo?at_medium=RSS&at_campaign=rss already exists.
2026-01-04 08:34:46,652 - INFO - [The Guardian] Early skip: URL https://www.theguardian.com/world/2025/dec/30/saudi-arabia-uae-tension-future-yemen-boiling-point already exists.
2026-01-04 08:34:46,909 - INFO - [BBC] Early skip: URL https://www.bbc.com/news/articles/crmlz7r0zrxo?at_medium=RSS&at_campaign=rss already exists.
2026-01-04 08:34:47,028 - INFO - [The Guardian] Early skip: URL https://www.theguardian.com/world/live/2026/jan/04/nicolas-maduro-jailed-us-attack-venezuela-donald-trump-reaction-latest-news-updates-live already exists.
2026-01-04 08:34:47,186 - INFO - [BBC] Early skip: URL https://www.bbc.com/news/articles/cjdjl303zxlo?at_medium=RSS&at_campaign=rss already exists.
2026-01-04 08:34:47,316 - INFO - [The Guardian] Early skip: URL https://www.theguardian.com/world/live/2026/jan/03/caracas-explosions-venezuela-maduro-latest-news-updates-live already exists.
2026-01-04 08:34:47,471 - INFO - [BBC] Early skip: URL https://www.bbc.com/news/articles/c1m7l8keyexo?at_medium=RSS&at_campaign=rss already exists.
2026-01-04 08:34:47,718 - INFO - [The Guardian] Early skip: URL https://www.theguardian.com/world/2026/jan/03/venezuela-attack-what-we-know-so-far-as-trump-claims-maduro-captured already exists.
2026-01-04 08:34:48,005 - INFO - [BBC] Early skip: URL https://www.bbc.com/news/articles/c2057md3gvro?at_medium=RSS&at_campaign=rss already exists.
2026-01-04 08:34:48,256 - INFO - [The Guardian] Early skip: URL https://www.theguardian.com/us-news/2026/jan/03/trump-venezuela-oil-industry already exists.
2026-01-04 08:34:48,442 - INFO - [BBC] Early skip: URL https://www.bbc.com/news/articles/cj3vmekg7ddo?at_medium=RSS&at_campaign=rss already exists.
2026-01-04 08:34:48,558 - INFO - [The Guardian] Early skip: URL https://www.theguardian.com/world/2026/jan/03/putin-russia-us-foreign-policy-venezuela already exists.
2026-01-04 08:34:48,761 - INFO - [BBC] Early skip: URL https://www.bbc.com/news/articles/cjrz34qdr9no?at_medium=RSS&at_campaign=rss already exists.
2026-01-04 08:34:48,920 - INFO - [The Guardian] Early skip: URL https://www.theguardian.com/world/2026/jan/03/north-korea-has-fired-ballistic-missile-towards-the-sea-of-japan already exists.
2026-01-04 08:34:49,064 - INFO - [BBC] Early skip: URL https://www.bbc.com/news/articles/cx2lnk3486xo?at_medium=RSS&at_campaign=rss already exists.
2026-01-04 08:34:49,259 - INFO - [The Guardian] Early skip: URL https://www.theguardian.com/world/2026/jan/02/kim-jong-un-daughter-ju-ae-north-korean-ruler-speculation already exists.
2026-01-04 08:34:49,514 - INFO - [BBC] Early skip: URL https://www.bbc.com/news/articles/c1ev7ly35neo?at_medium=RSS&at_campaign=rss already exists.
2026-01-04 08:34:49,652 - INFO - [The Guardian] Early skip: URL https://www.theguardian.com/music/2026/jan/01/newjeans-member-danielle-sued-for-millions-after-bitter-feud-with-k-pop-record-label already exists.
2026-01-04 08:34:49,945 - INFO - [BBC] Early skip: URL https://www.bbc.com/news/articles/c1ev8el75gyo?at_medium=RSS&at_campaign=rss already exists.
2026-01-04 08:34:50,137 - INFO - [The Guardian] Early skip: URL https://www.theguardian.com/world/2025/dec/31/xi-jinping-vows-reunification-china-taiwan-new-years-eve-speech already exists.
2026-01-04 08:34:50,256 - INFO - [BBC] Early skip: URL https://www.bbc.com/news/articles/c8e5k7p5222o?at_medium=RSS&at_campaign=rss already exists.
2026-01-04 08:34:50,437 - INFO - [The Guardian] Early skip: URL https://www.theguardian.com/business/2025/dec/31/china-forecast-to-have-sold-one-in-every-10-new-cars-in-uk-in-2025 already exists.
2026-01-04 08:34:50,591 - INFO - [BBC] Early skip: URL https://www.bbc.com/news/articles/c0q4dg1kn8vo?at_medium=RSS&at_campaign=rss already exists.
2026-01-04 08:34:50,761 - INFO - [The Guardian] Early skip: URL https://www.theguardian.com/australia-news/2026/jan/04/police-call-off-seperate-searches-for-missing-teen-boy-and-another-man-off-two-sydney-beaches already exists.
2026-01-04 08:34:50,862 - INFO - [BBC] Early skip: URL https://www.bbc.com/news/articles/c93n4nx5yqro?at_medium=RSS&at_campaign=rss already exists.
2026-01-04 08:34:51,043 - INFO - [The Guardian] Early skip: URL https://www.theguardian.com/australia-news/2026/jan/04/crowd-roars-in-standing-ovation-for-bondi-hero-ahmed-al-ahmed-at-sold-out-ashes-test-in-sydney-ntwnfb already exists.
2026-01-04 08:34:51,167 - INFO - [BBC] Early skip: URL https://www.bbc.com/news/articles/cj0e36p74v1o?at_medium=RSS&at_campaign=rss already exists.
2026-01-04 08:34:51,284 - INFO - [The Guardian] Early skip: URL https://www.theguardian.com/australia-news/2026/jan/04/more-than-60-prominent-sportspeople-call-for-federal-royal-commission-after-bondi-attack-ntwnfb already exists.
2026-01-04 08:34:51,479 - INFO - [BBC] Early skip: URL https://www.bbc.com/news/articles/c20gjlpw9l3o?at_medium=RSS&at_campaign=rss already exists.
2026-01-04 08:34:51,701 - INFO - [The Guardian] Early skip: URL https://www.theguardian.com/world/2026/jan/04/albanese-calls-for-peaceful-democratic-transition-of-power-in-venezuela-after-us-capture-of-nicolas-maduro already exists.
2026-01-04 08:34:51,773 - INFO - Selenium driver initialized successfully.
2026-01-04 08:34:51,773 - INFO - Starting scrape for The Hindu RSS feed: https://www.thehindu.com/news/national/feeder/default.rss
2026-01-04 08:34:51,774 - INFO - Selenium driver initialized successfully.
2026-01-04 08:34:51,774 - INFO - Starting scrape for Times of India RSS feed: https://timesofindia.indiatimes.com/rssfeeds/296589292.cms
2026-01-04 08:34:51,933 - INFO - Found 20 articles in Times of India RSS feed. Processing up to 30.
2026-01-04 08:34:51,959 - INFO - [BBC] Early skip: URL https://www.bbc.com/news/articles/cqxq32zzq8eo?at_medium=RSS&at_campaign=rss already exists.
2026-01-04 08:34:51,982 - INFO - Found 100 articles in The Hindu RSS feed. Processing up to 30.
2026-01-04 08:34:52,074 - INFO - [Times of India] Article: https://timesofindia.indiatimes.com/world/us/pinpoint-planning-how-maduro-his-wife-were-captured-from-highly-guarded-fortress-key-details/articleshow/126332517.cms
2026-01-04 08:34:52,074 - INFO - [Times of India] Attempt 1/1: Trying with 'selenium_browser' strategy...
2026-01-04 08:34:52,075 - INFO - [The Guardian] Early skip: URL https://www.theguardian.com/australia-news/2026/jan/04/missing-worker-found-dead-after-roof-collapse-deep-underground-at-queensland-coalmine-ntwnfb already exists.
2026-01-04 08:34:52,185 - INFO - [The Hindu] Article: https://www.thehindu.com/news/national/recent-developments-in-venezuela-a-matter-of-deep-concern-mea/article70470314.ece
2026-01-04 08:34:52,185 - INFO - [The Hindu] Attempt 1/1: Trying with 'selenium_browser' strategy...
2026-01-04 08:34:52,186 - INFO - [BBC] Early skip: URL https://www.bbc.com/news/articles/ce8edj7y5z9o?at_medium=RSS&at_campaign=rss already exists.
2026-01-04 08:34:52,315 - INFO - [The Guardian] Article: https://www.theguardian.com/world/2026/jan/04/difficult-to-live-hungarian-krasznahorkai-writers-bemoan-hostile-environment
2026-01-04 08:34:52,315 - INFO - [The Guardian] Attempt 1/1: Trying with 'requests_browser' strategy...
2026-01-04 08:34:52,316 - INFO - [BBC] Early skip: URL https://www.bbc.com/news/articles/ce8n8eye1vjo?at_medium=RSS&at_campaign=rss already exists.
2026-01-04 08:34:52,429 - INFO - [The Guardian] Success with 'requests_browser'. Found content (905 words).
2026-01-04 08:34:57,158 - INFO - [The Hindu] Page content loaded.
2026-01-04 08:34:57,861 - INFO - [The Hindu] Success with 'selenium_browser'. Found content (155 words).
2026-01-04 08:35:59,930 - INFO - Saved article: ‘It has become difficult to live’: Hungarian writers bemoan country’s hostile environment | Hungary | The Guardian from The Guardian (905 words)
2026-01-04 08:35:59,930 - INFO - [BBC] Early skip: URL https://www.bbc.com/news/videos/c368px35ly8o?at_medium=RSS&at_campaign=rss already exists.
2026-01-04 08:36:00,061 - INFO - [BBC] Article: https://www.bbc.com/news/videos/c20zgq02jp0o?at_medium=RSS&at_campaign=rss
2026-01-04 08:36:00,061 - INFO - [BBC] Attempt 1/1: Trying with 'requests_browser' strategy...
2026-01-04 08:36:00,620 - WARNING - [BBC] FAILED with 'requests_browser' (content was too short: 59 words).
2026-01-04 08:36:00,620 - ERROR - [BBC] All scrape strategies failed for https://www.bbc.com/news/videos/c20zgq02jp0o?at_medium=RSS&at_campaign=rss. Falling back to RSS description.
2026-01-04 08:36:00,620 - WARNING - SKIPPED (GLOBAL WORD LIMIT): Article 'Explosions and smoke at La Guaira port' from BBC has only 11 words (Min: 90).
2026-01-04 08:36:48,818 - INFO - DEDUPLICATION: Found match (Score: 0.83). Linking to Cluster ID: 9a5e444c-5b8b-480a-8481-42b48981765b
2026-01-04 08:36:48,821 - INFO - Saved article: Recent developments in Venezuela a matter of deep concern: MEA - The Hindu from The Hindu (155 words)
2026-01-04 08:36:48,821 - INFO - [The Guardian] Early skip: URL https://www.theguardian.com/news/ng-interactive/2026/jan/04/sex-object-animal-rights-activist-racist-paradox-brigitte-bardot already exists.
2026-01-04 08:36:48,985 - INFO - [BBC] Article: https://www.bbc.com/news/videos/cx2x7e6xlwwo?at_medium=RSS&at_campaign=rss
2026-01-04 08:36:48,985 - INFO - [BBC] Attempt 1/1: Trying with 'requests_browser' strategy...
2026-01-04 08:36:48,986 - INFO - [The Guardian] Early skip: URL https://www.theguardian.com/world/2026/jan/04/business-as-usual-boss-bombed-ukrainian-vodka-maker-intent-on-expanding-exports already exists.
2026-01-04 08:36:49,035 - WARNING - [BBC] FAILED with 'requests_browser' (content was too short: 48 words).
2026-01-04 08:36:49,035 - ERROR - [BBC] All scrape strategies failed for https://www.bbc.com/news/videos/cx2x7e6xlwwo?at_medium=RSS&at_campaign=rss. Falling back to RSS description.
2026-01-04 08:36:49,035 - WARNING - SKIPPED (GLOBAL WORD LIMIT): Article 'Reporter in Caracas describes hearing loud bangs and planes' from BBC has only 16 words (Min: 90).
2026-01-04 08:36:49,194 - INFO - [The Guardian] Early skip: URL https://www.theguardian.com/world/2026/jan/03/swiss-prosecutors-place-bar-managers-investigation-deadly-fire already exists.
2026-01-04 08:36:49,406 - INFO - [The Guardian] Early skip: URL https://www.theguardian.com/world/2026/jan/03/berlin-power-outage-hits-homes-suspected-arson-attack already exists.
2026-01-04 08:36:49,511 - INFO - [The Guardian] Early skip: URL https://www.theguardian.com/world/2026/jan/03/british-and-french-aircraft-attack-underground-isis-weapons-store-in-syria already exists.
2026-01-04 08:36:49,654 - INFO - [The Guardian] Early skip: URL https://www.theguardian.com/world/2026/jan/03/no-future-for-us-disaffected-iranians-say-its-now-or-never-to-topple-regime already exists.
2026-01-04 08:36:49,832 - INFO - [The Guardian] Early skip: URL https://www.theguardian.com/world/2026/jan/03/tents-supplied-to-displaced-palestinians-inadequate-for-gaza-winter already exists.
2026-01-04 08:36:50,095 - INFO - [BBC] Article: https://www.bbc.com/news/videos/c9vxnn419mro?at_medium=RSS&at_campaign=rss
2026-01-04 08:36:50,095 - INFO - [BBC] Attempt 1/1: Trying with 'requests_browser' strategy...
2026-01-04 08:36:50,097 - INFO - [The Guardian] Early skip: URL https://www.theguardian.com/world/2026/jan/02/saudi-warplanes-kill-uae-backed-yemeni-separatists already exists.
2026-01-04 08:36:50,143 - WARNING - [BBC] FAILED with 'requests_browser' (content was too short: 87 words).
2026-01-04 08:36:50,143 - ERROR - [BBC] All scrape strategies failed for https://www.bbc.com/news/videos/c9vxnn419mro?at_medium=RSS&at_campaign=rss. Falling back to RSS description.
2026-01-04 08:36:50,143 - WARNING - SKIPPED (GLOBAL WORD LIMIT): Article 'Watch: Over 100 firefighters on the scene of Denver blaze' from BBC has only 17 words (Min: 90).
2026-01-04 08:36:50,265 - INFO - [The Guardian] Early skip: URL https://www.theguardian.com/media/2026/jan/02/bbc-settles-with-7-october-survivors-for-filming-home-without-permission already exists.
2026-01-04 08:36:50,443 - INFO - [The Hindu] Article: https://www.thehindu.com/news/national/jammu-and-kashmir/rpf-constable-injured-in-accidental-firing-in-jks-kathua/article70470309.ece
2026-01-04 08:36:50,443 - INFO - [The Hindu] Attempt 1/1: Trying with 'selenium_browser' strategy...
2026-01-04 08:36:50,835 - INFO - [BBC] Early skip: URL https://www.bbc.com/news/videos/ckgkn3v8mndo?at_medium=RSS&at_campaign=rss already exists.
2026-01-04 08:36:50,943 - INFO - [BBC] Early skip: URL https://www.bbc.com/news/videos/cj6wew4958eo?at_medium=RSS&at_campaign=rss already exists.
2026-01-04 08:36:51,176 - INFO - [BBC] Early skip: URL https://www.bbc.com/news/videos/czjg9ge7vdeo?at_medium=RSS&at_campaign=rss already exists.
2026-01-04 08:36:51,374 - INFO - [BBC] Article: https://www.bbc.com/news/videos/czdqp29gz51o?at_medium=RSS&at_campaign=rss
2026-01-04 08:36:51,374 - INFO - [BBC] Attempt 1/1: Trying with 'requests_browser' strategy...
2026-01-04 08:36:51,549 - WARNING - [BBC] FAILED with 'requests_browser' (content was too short: 67 words).
2026-01-04 08:36:51,549 - ERROR - [BBC] All scrape strategies failed for https://www.bbc.com/news/videos/czdqp29gz51o?at_medium=RSS&at_campaign=rss. Falling back to RSS description.
2026-01-04 08:36:51,552 - WARNING - SKIPPED (GLOBAL WORD LIMIT): Article 'What are Russians hoping for in 2026, asks Steve Rosenberg' from BBC has only 19 words (Min: 90).
2026-01-04 08:36:52,150 - ERROR - [Times of India] Request failed for strategy 'selenium_browser' on URL https://timesofindia.indiatimes.com/world/us/pinpoint-planning-how-maduro-his-wife-were-captured-from-highly-guarded-fortress-key-details/articleshow/126332517.cms: HTTPConnectionPool(host='localhost', port=37285): Read timed out. (read timeout=120)
2026-01-04 08:36:52,150 - ERROR - [Times of India] All scrape strategies failed for https://timesofindia.indiatimes.com/world/us/pinpoint-planning-how-maduro-his-wife-were-captured-from-highly-guarded-fortress-key-details/articleshow/126332517.cms. Falling back to RSS description.
2026-01-04 08:36:52,150 - WARNING - SKIPPED (GLOBAL WORD LIMIT): Article ''Pinpoint' planning: How Maduro, his wife were captured from ‘highly guarded fortress’ — key details' from Times of India has only 55 words (Min: 90).
2026-01-04 08:36:52,923 - INFO - [The Hindu] Page content loaded.
2026-01-04 08:36:52,980 - WARNING - [The Hindu] FAILED with 'selenium_browser' (content was too short: 86 words).
2026-01-04 08:36:52,980 - ERROR - [The Hindu] All scrape strategies failed for https://www.thehindu.com/news/national/jammu-and-kashmir/rpf-constable-injured-in-accidental-firing-in-jks-kathua/article70470309.ece. Falling back to RSS description.
2026-01-04 08:36:52,980 - WARNING - SKIPPED (GLOBAL WORD LIMIT): Article 'RPF constable injured in accidental firing in J&K’s Kathua' from The Hindu has only 33 words (Min: 90).
2026-01-04 08:36:53,537 - INFO - [Times of India] Early skip: URL https://timesofindia.indiatimes.com/world/rest-of-world/flew-about-900km-north-korea-launches-ballistic-missiles-toward-sea-timing-coincides-with-seoul-leaders-china-trip/articleshow/126331384.cms already exists.
2026-01-04 08:36:53,704 - INFO - [Times of India] Early skip: URL https://timesofindia.indiatimes.com/world/us/behind-the-scenes-white-house-releases-images-of-donald-trump-monitoring-nicols-maduros-capture-see-pics/articleshow/126331164.cms already exists.
2026-01-04 08:36:53,931 - INFO - [Times of India] Early skip: URL https://timesofindia.indiatimes.com/world/middle-east/saudi-finance-minister-approves-sr217-57-9-billion-borrowing-plan-for-2026/articleshow/126331367.cms already exists.
2026-01-04 08:36:54,175 - INFO - [The Hindu] Article: https://www.thehindu.com/news/national/tamil-nadu/tamil-nadu-government-announces-3000-pongal-gift-for-all-rice-ration-card-holders/article70470252.ece
2026-01-04 08:36:54,175 - INFO - [The Hindu] Attempt 1/1: Trying with 'selenium_browser' strategy...
2026-01-04 08:36:54,176 - INFO - [Times of India] Early skip: URL https://timesofindia.indiatimes.com/world/us/us-strikes-in-venezuela-did-trump-have-authority-to-capture-maduro-what-the-law-says/articleshow/126330958.cms already exists.
2026-01-04 08:36:54,369 - INFO - [Times of India] Early skip: URL https://timesofindia.indiatimes.com/world/us/drugs-oil-illegal-immigration-why-donald-trump-ordered-venezuela-strikes-what-we-know-so-far/articleshow/126330472.cms already exists.
2026-01-04 08:36:54,646 - INFO - [Times of India] Early skip: URL https://timesofindia.indiatimes.com/world/us/escorted-off-plane-in-handcuffs-video-shows-maduro-in-us-custody-happy-new-year-moment-at-dea-office/articleshow/126330367.cms already exists.
2026-01-04 08:36:54,769 - INFO - [Times of India] Early skip: URL https://timesofindia.indiatimes.com/world/us/viveks-net-worth-is-1-8-billion-row-over-ramaswamy-promising-to-put-money-back-in-citizens-pockets-if-elected-ohio-governor/articleshow/126330500.cms already exists.
2026-01-04 08:36:55,008 - INFO - [Times of India] Early skip: URL https://timesofindia.indiatimes.com/world/us/called-trump-directly-to-register-my-opposition-mamdani-condemns-us-strikes-on-venezuela-calls-it-an-act-of-war/articleshow/126330265.cms already exists.
2026-01-04 08:36:55,175 - INFO - [Times of India] Early skip: URL https://timesofindia.indiatimes.com/world/europe/if-its-possible-to-deal-with-dictators-zelenskyy-reacts-to-trump-attacking-venezuela-and-says-us-knows-what-to-do-next/articleshow/126330134.cms already exists.
2026-01-04 08:36:55,280 - INFO - [The Hindu] Page content loaded.
2026-01-04 08:36:55,348 - INFO - [Times of India] Article: https://timesofindia.indiatimes.com/world/us/nicols-maduro-could-be-held-at-new-yorks-hell-on-earth-jail-that-once-housed-sean-diddy-combs/articleshow/126329968.cms
2026-01-04 08:36:55,348 - INFO - [Times of India] Attempt 1/1: Trying with 'selenium_browser' strategy...
2026-01-04 08:36:55,414 - INFO - [The Hindu] Success with 'selenium_browser'. Found content (112 words).
2026-01-04 08:37:44,459 - INFO - DEDUPLICATION: Found match (Score: 0.77). Linking to Cluster ID: 714b4921-fed0-49e5-a8a0-c66dda8ff0cd
2026-01-04 08:37:44,461 - INFO - Saved article: Tamil Nadu government announces ₹3,000 Pongal gift for all rice ration card holders - The Hindu from The Hindu (112 words)
2026-01-04 08:37:45,290 - INFO - [The Hindu] Article: https://www.thehindu.com/news/national/maharashtra/forged-documents-submitted-in-thane-court-for-bail-in-drugs-case-fir-lodged/article70470299.ece
2026-01-04 08:37:45,290 - INFO - [The Hindu] Attempt 1/1: Trying with 'selenium_browser' strategy...
2026-01-04 08:37:46,658 - INFO - [The Hindu] Page content loaded.
2026-01-04 08:37:46,739 - INFO - [The Hindu] Success with 'selenium_browser'. Found content (183 words).
2026-01-04 08:38:36,224 - INFO - Saved article: Forged documents submitted in Thane court for bail in drugs case; FIR lodged - The Hindu from The Hindu (183 words)
2026-01-04 08:38:36,884 - INFO - [The Hindu] Article: https://www.thehindu.com/news/national/tamil-nadu/tn-cm-stalin-to-launch-distribution-of-free-laptops-to-students-on-january-5/article70470256.ece
2026-01-04 08:38:36,884 - INFO - [The Hindu] Attempt 1/1: Trying with 'selenium_browser' strategy...
2026-01-04 08:38:38,237 - INFO - [The Hindu] Page content loaded.
2026-01-04 08:38:38,317 - INFO - [The Hindu] Success with 'selenium_browser'. Found content (163 words).
2026-01-04 08:38:55,449 - ERROR - [Times of India] Request failed for strategy 'selenium_browser' on URL https://timesofindia.indiatimes.com/world/us/nicols-maduro-could-be-held-at-new-yorks-hell-on-earth-jail-that-once-housed-sean-diddy-combs/articleshow/126329968.cms: HTTPConnectionPool(host='localhost', port=37285): Read timed out. (read timeout=120)
2026-01-04 08:38:55,449 - ERROR - [Times of India] All scrape strategies failed for https://timesofindia.indiatimes.com/world/us/nicols-maduro-could-be-held-at-new-yorks-hell-on-earth-jail-that-once-housed-sean-diddy-combs/articleshow/126329968.cms. Falling back to RSS description.
2026-01-04 08:38:55,449 - WARNING - SKIPPED (GLOBAL WORD LIMIT): Article 'Maduro could be held at New York’s ‘hell on earth’ jail that once housed Diddy' from Times of India has only 3 words (Min: 90).
2026-01-04 08:39:25,954 - INFO - Saved article: T.N. CM Stalin to launch distribution of free laptops to students on January 5 - The Hindu from The Hindu (163 words)
2026-01-04 08:39:25,955 - INFO - [Times of India] Article: https://timesofindia.indiatimes.com/world/us/tulsi-gabbards-old-post-saying-us-should-stay-out-of-venezuela-goes-viral-after-maduros-capture-didnt-age-well/articleshow/126329919.cms
2026-01-04 08:39:25,955 - INFO - [Times of India] Attempt 1/1: Trying with 'selenium_browser' strategy...
2026-01-04 08:39:26,469 - INFO - [The Hindu] Article: https://www.thehindu.com/news/national/karnataka/two-more-arrested-for-posting-obscene-content-against-arrested-actor-darshans-wife/article70470183.ece
2026-01-04 08:39:26,469 - INFO - [The Hindu] Attempt 1/1: Trying with 'selenium_browser' strategy...
2026-01-04 08:39:27,683 - INFO - [The Hindu] Page content loaded.
2026-01-04 08:39:27,822 - INFO - [The Hindu] Success with 'selenium_browser'. Found content (207 words).
2026-01-04 08:39:44,632 - CRITICAL - --- TIMEOUT: 2 scrape jobs did not complete in 300s. ---
2026-01-04 08:39:44,632 - ERROR - A thread has timed out and will be abandoned.
2026-01-04 08:39:44,632 - ERROR - A thread has timed out and will be abandoned.
2026-01-04 08:39:44,632 - INFO - Shutting down thread pool (wait=False)...
2026-01-04 08:39:44,632 - INFO - Scraped: 0 BBC, 1 The Guardian, 2 Timed_Out_Jobs articles. (Total saved: 1)
2026-01-04 08:39:44,632 - INFO - --- Scraping job finished ---
2026-01-04 08:39:44,633 - INFO - --- Scraper service stopped and database connection closed. ---
2026-01-04 08:39:44,633 - INFO - --- Main thread finished. Forcing process exit to kill zombie threads. ---
