2026-03-04 02:32:31,871 - INFO - Loading AI Semantic Model (all-MiniLM-L4-v2)...
2026-03-04 02:32:31,872 - INFO - Use pytorch device_name: cpu
2026-03-04 02:32:31,872 - INFO - Load pretrained SentenceTransformer: all-MiniLM-L4-v2
2026-03-04 02:32:32,041 - INFO - HTTP Request: HEAD https://huggingface.co/sentence-transformers/all-MiniLM-L4-v2/resolve/main/modules.json "HTTP/1.1 401 Unauthorized"
2026-03-04 02:32:32,041 - WARNING - No sentence-transformers model found with name sentence-transformers/all-MiniLM-L4-v2. Creating a new one with mean pooling.
2026-03-04 02:32:32,137 - INFO - HTTP Request: HEAD https://huggingface.co/sentence-transformers/all-MiniLM-L4-v2/resolve/main/adapter_config.json "HTTP/1.1 401 Unauthorized"
2026-03-04 02:32:32,137 - CRITICAL - Failed to load AI model: sentence-transformers/all-MiniLM-L4-v2 is not a local folder and is not a valid model identifier listed on 'https://huggingface.co/models'
If this is a private repository, make sure to pass a token having permission to this repo either by logging in with `hf auth login` or by passing `token=<your_token>`. Clustering is disabled.
2026-03-04 02:32:32,138 - INFO - --- Scraper service started (CI Mode: Run Once) ---
2026-03-04 02:32:32,138 - INFO - --- Starting new scraping job (Parallel Mode) ---
2026-03-04 02:32:32,138 - INFO - Creating new robust session with 3 retries on 5xx/connection/read errors.
2026-03-04 02:32:32,138 - INFO - Proxy is DISABLED.
2026-03-04 02:32:32,138 - INFO - Starting scrape for BBC RSS feed: http://feeds.bbci.co.uk/news/world/rss.xml
2026-03-04 02:32:32,139 - INFO - [Times of India] (Thread) requires Selenium. Initializing driver...
2026-03-04 02:32:32,139 - INFO - Starting scrape for TechCrunch RSS feed: https://techcrunch.com/feed/
2026-03-04 02:32:32,140 - INFO - Starting scrape for The Guardian RSS feed: https://www.theguardian.com/world/rss
2026-03-04 02:32:32,142 - INFO - [The Hindu] (Thread) requires Selenium. Initializing driver...
2026-03-04 02:32:32,142 - INFO - Submitted 5 jobs to thread pool. Waiting up to 300s for completion...
2026-03-04 02:32:32,498 - INFO - Found 44 articles in BBC RSS feed. Processing until 20 new articles are saved.
2026-03-04 02:32:32,498 - INFO - [BBC] Early skip: URL https://www.bbc.com/news/articles/cr5lz0vgy52o?at_medium=RSS&at_campaign=rss already exists.
2026-03-04 02:32:32,500 - INFO - [BBC] Early skip: URL https://www.bbc.com/news/articles/c8r1mzd8vygo?at_medium=RSS&at_campaign=rss already exists.
2026-03-04 02:32:32,539 - INFO - [BBC] Early skip: URL https://www.bbc.com/news/articles/c4g74npdwnyo?at_medium=RSS&at_campaign=rss already exists.
2026-03-04 02:32:32,540 - INFO - [BBC] Early skip: URL https://www.bbc.com/news/articles/c4gq3ykg7pvo?at_medium=RSS&at_campaign=rss already exists.
2026-03-04 02:32:32,541 - INFO - [BBC] Early skip: URL https://www.bbc.com/news/articles/c4gq33ynl07o?at_medium=RSS&at_campaign=rss already exists.
2026-03-04 02:32:32,543 - INFO - [BBC] Early skip: URL https://www.bbc.com/news/articles/cn8z5zvlz5yo?at_medium=RSS&at_campaign=rss already exists.
2026-03-04 02:32:32,544 - INFO - [BBC] Early skip: URL https://www.bbc.com/news/articles/c2lrgwl8n7go?at_medium=RSS&at_campaign=rss already exists.
2026-03-04 02:32:32,545 - INFO - [BBC] Early skip: URL https://www.bbc.com/news/articles/clyv10dre79o?at_medium=RSS&at_campaign=rss already exists.
2026-03-04 02:32:32,546 - INFO - [BBC] Early skip: URL https://www.bbc.com/news/articles/c0e5r28y3xqo?at_medium=RSS&at_campaign=rss already exists.
2026-03-04 02:32:32,547 - INFO - [BBC] Early skip: URL https://www.bbc.com/news/articles/cpv87wwmd0lo?at_medium=RSS&at_campaign=rss already exists.
2026-03-04 02:32:32,549 - INFO - [BBC] Early skip: URL https://www.bbc.com/news/articles/cd9gepe7z4yo?at_medium=RSS&at_campaign=rss already exists.
2026-03-04 02:32:32,550 - INFO - [BBC] Early skip: URL https://www.bbc.com/news/articles/c0j5v6e2py6o?at_medium=RSS&at_campaign=rss already exists.
2026-03-04 02:32:32,551 - INFO - [BBC] Early skip: URL https://www.bbc.com/news/articles/c3rz1nd0egro?at_medium=RSS&at_campaign=rss already exists.
2026-03-04 02:32:32,552 - INFO - [BBC] Early skip: URL https://www.bbc.com/news/articles/c178zzw780xo?at_medium=RSS&at_campaign=rss already exists.
2026-03-04 02:32:32,554 - INFO - [BBC] Early skip: URL https://www.bbc.com/news/articles/c77ek5gpl7lo?at_medium=RSS&at_campaign=rss already exists.
2026-03-04 02:32:32,555 - INFO - [BBC] Early skip: URL https://www.bbc.com/news/articles/c1kglr2dvk9o?at_medium=RSS&at_campaign=rss already exists.
2026-03-04 02:32:32,556 - INFO - [BBC] Early skip: URL https://www.bbc.com/news/articles/cr5l7zdnjgpo?at_medium=RSS&at_campaign=rss already exists.
2026-03-04 02:32:32,557 - INFO - [BBC] Early skip: URL https://www.bbc.com/news/articles/c0mgkvy4wr8o?at_medium=RSS&at_campaign=rss already exists.
2026-03-04 02:32:32,559 - INFO - [BBC] Early skip: URL https://www.bbc.com/news/articles/cj4zlnezrl7o?at_medium=RSS&at_campaign=rss already exists.
2026-03-04 02:32:32,560 - INFO - [BBC] Early skip: URL https://www.bbc.com/news/articles/cx24gl7jrgno?at_medium=RSS&at_campaign=rss already exists.
2026-03-04 02:32:32,561 - INFO - [BBC] Early skip: URL https://www.bbc.com/news/articles/cgjznzgly0po?at_medium=RSS&at_campaign=rss already exists.
2026-03-04 02:32:32,563 - INFO - [BBC] Early skip: URL https://www.bbc.com/news/articles/c05v0ln6nq3o?at_medium=RSS&at_campaign=rss already exists.
2026-03-04 02:32:32,564 - INFO - [BBC] Early skip: URL https://www.bbc.com/news/articles/c1kgln0yg3po?at_medium=RSS&at_campaign=rss already exists.
2026-03-04 02:32:32,565 - INFO - [BBC] Early skip: URL https://www.bbc.com/news/articles/c15x38x7z8xo?at_medium=RSS&at_campaign=rss already exists.
2026-03-04 02:32:32,568 - INFO - [BBC] Early skip: URL https://www.bbc.com/news/articles/cvg35401nrqo?at_medium=RSS&at_campaign=rss already exists.
2026-03-04 02:32:32,569 - INFO - [BBC] Early skip: URL https://www.bbc.com/news/articles/cx2dyz6p3weo?at_medium=RSS&at_campaign=rss already exists.
2026-03-04 02:32:32,571 - INFO - [BBC] Early skip: URL https://www.bbc.com/news/articles/c8r137lkj5zo?at_medium=RSS&at_campaign=rss already exists.
2026-03-04 02:32:32,574 - INFO - [BBC] Early skip: URL https://www.bbc.com/news/articles/cgjzdlx983po?at_medium=RSS&at_campaign=rss already exists.
2026-03-04 02:32:32,576 - INFO - [BBC] Early skip: URL https://www.bbc.com/news/articles/cx2jyv3jp01o?at_medium=RSS&at_campaign=rss already exists.
2026-03-04 02:32:32,577 - INFO - [BBC] Early skip: URL https://www.bbc.com/news/articles/c0lj18d5lx3o?at_medium=RSS&at_campaign=rss already exists.
2026-03-04 02:32:32,579 - INFO - [BBC] Early skip: URL https://www.bbc.com/news/articles/clyzklvk79yo?at_medium=RSS&at_campaign=rss already exists.
2026-03-04 02:32:32,581 - INFO - [BBC] Early skip: URL https://www.bbc.com/news/articles/c86y5540vnno?at_medium=RSS&at_campaign=rss already exists.
2026-03-04 02:32:32,583 - INFO - [BBC] Early skip: URL https://www.bbc.com/news/articles/c3gdnpjvj4ko?at_medium=RSS&at_campaign=rss already exists.
2026-03-04 02:32:32,584 - INFO - [BBC] Early skip: URL https://www.bbc.com/news/articles/cgqgl3j5nj4o?at_medium=RSS&at_campaign=rss already exists.
2026-03-04 02:32:32,586 - INFO - [BBC] Early skip: URL https://www.bbc.com/news/articles/cwy8ppn4142o?at_medium=RSS&at_campaign=rss already exists.
2026-03-04 02:32:32,587 - INFO - [BBC] Early skip: URL https://www.bbc.com/news/articles/cdr268m5pxro?at_medium=RSS&at_campaign=rss already exists.
2026-03-04 02:32:32,589 - INFO - [BBC] Early skip: URL https://www.bbc.com/news/articles/c9q5wdeg4j8o?at_medium=RSS&at_campaign=rss already exists.
2026-03-04 02:32:32,592 - INFO - [BBC] Early skip: URL https://www.bbc.com/news/articles/c20j5n2w4q6o?at_medium=RSS&at_campaign=rss already exists.
2026-03-04 02:32:32,594 - INFO - [BBC] Early skip: URL https://www.bbc.com/news/articles/cdjmrxkwk3mo?at_medium=RSS&at_campaign=rss already exists.
2026-03-04 02:32:32,598 - INFO - [BBC] Early skip: URL https://www.bbc.com/news/articles/cp85jdqdyq7o?at_medium=RSS&at_campaign=rss already exists.
2026-03-04 02:32:32,600 - INFO - [BBC] Early skip: URL https://www.bbc.com/news/videos/cd70zp0v3g4o?at_medium=RSS&at_campaign=rss already exists.
2026-03-04 02:32:32,602 - INFO - [BBC] Early skip: URL https://www.bbc.com/news/videos/cgml4ldzyxyo?at_medium=RSS&at_campaign=rss already exists.
2026-03-04 02:32:32,604 - INFO - [BBC] Article: https://www.bbc.com/news/videos/cvgjnv2y90wo?at_medium=RSS&at_campaign=rss
2026-03-04 02:32:32,604 - INFO - [BBC] Attempt 1/1: Trying with 'requests_browser' strategy...
2026-03-04 02:32:32,613 - INFO - Found 45 articles in The Guardian RSS feed. Processing until 20 new articles are saved.
2026-03-04 02:32:32,613 - INFO - [The Guardian] Early skip: URL https://www.theguardian.com/world/2026/mar/03/south-sudan-risks-return-civil-war-violence-escalates already exists.
2026-03-04 02:32:32,614 - INFO - [The Guardian] Early skip: URL https://www.theguardian.com/world/2026/mar/03/global-south-condemns-us-israeli-war-with-iran already exists.
2026-03-04 02:32:32,615 - INFO - [The Guardian] Early skip: URL https://www.theguardian.com/world/2026/feb/27/ghana-men-killed-fight-russia-ukraine already exists.
2026-03-04 02:32:32,616 - INFO - [The Guardian] Early skip: URL https://www.theguardian.com/global-development/2026/feb/27/rising-anger-over-lop-sided-immoral-us-health-funding-pacts-africa-countries already exists.
2026-03-04 02:32:32,618 - INFO - [The Guardian] Early skip: URL https://www.theguardian.com/global-development/2026/feb/26/women-arrested-uganda-kissing-public-lgbtq-laws already exists.
2026-03-04 02:32:32,619 - INFO - [The Guardian] Early skip: URL https://www.theguardian.com/world/2026/feb/28/miami-exiled-cubans-speedboat-shootout already exists.
2026-03-04 02:32:32,620 - INFO - [The Guardian] Early skip: URL https://www.theguardian.com/world/2026/feb/28/at-least-15-killed-as-cash-laden-military-cargo-plane-crashes-in-bolivia already exists.
2026-03-04 02:32:32,621 - INFO - [The Guardian] Early skip: URL https://www.theguardian.com/us-news/2026/feb/27/trump-cuba-regime-change already exists.
2026-03-04 02:32:32,622 - INFO - [The Guardian] Early skip: URL https://www.theguardian.com/us-news/2026/feb/27/cbp-border-drone-military-democrats already exists.
2026-03-04 02:32:32,624 - INFO - [The Guardian] Early skip: URL https://www.theguardian.com/world/2026/feb/27/argentina-labor-law-overhaul already exists.
2026-03-04 02:32:32,625 - INFO - [The Guardian] Article: https://www.theguardian.com/world/2026/mar/04/china-two-sessions-2026-meeting-what-are-they-when-is-it-explainer
2026-03-04 02:32:32,625 - INFO - [The Guardian] Attempt 1/1: Trying with 'requests_browser' strategy...
2026-03-04 02:32:33,080 - INFO - [The Guardian] Success with 'requests_browser'. Found content (452 words).
2026-03-04 02:32:33,129 - INFO - Saved article: China’s Two Sessions: what are the meetings and why do they matter? | China | The Guardian from The Guardian (452 words)
2026-03-04 02:32:33,274 - WARNING - [BBC] FAILED with 'requests_browser' (content was too short: 68 words).
2026-03-04 02:32:33,274 - ERROR - [BBC] All scrape strategies failed for https://www.bbc.com/news/videos/cvgjnv2y90wo?at_medium=RSS&at_campaign=rss. Falling back to RSS description.
2026-03-04 02:32:33,274 - WARNING - SKIPPED (GLOBAL WORD LIMIT): Article 'Watch: How the US-Israel war with Iran is jeopardising shipping' from BBC has only 20 words (Min: 90).
2026-03-04 02:32:33,613 - INFO - Found 0 articles in TechCrunch RSS feed. Processing until 20 new articles are saved.
2026-03-04 02:32:33,771 - INFO - [The Guardian] Early skip: URL https://www.theguardian.com/world/2026/mar/04/new-zealand-english-official-language-bill already exists.
2026-03-04 02:32:33,772 - INFO - [The Guardian] Early skip: URL https://www.theguardian.com/business/2026/mar/03/china-calls-protection-vessels-strait-hormuz-amid-soaring-shipping-costs already exists.
2026-03-04 02:32:33,773 - INFO - [The Guardian] Early skip: URL https://www.theguardian.com/world/2026/mar/03/china-two-sessions-president-xi-economy-defence-technology already exists.
2026-03-04 02:32:33,774 - INFO - [The Guardian] Early skip: URL https://www.theguardian.com/world/2026/mar/03/trump-us-iran-middle-east-china already exists.
2026-03-04 02:32:33,776 - INFO - [The Guardian] Early skip: URL https://www.theguardian.com/australia-news/live/2026/mar/04/politics-live-albanese-prime-minister-question-time-angus-taylor-cost-of-living-middle-east-work-from-home-victoria-ntwnfb already exists.
2026-03-04 02:32:33,777 - INFO - [The Guardian] Early skip: URL https://www.theguardian.com/australia-news/2026/mar/04/australian-chloe-jeffries-dies-japan-snowmobile-accident already exists.
2026-03-04 02:32:33,778 - INFO - [The Guardian] Early skip: URL https://www.theguardian.com/australia-news/2026/mar/03/oil-gas-lng-prices-iran-war-middle-east-conflict-bills-australia-ntwnfb already exists.
2026-03-04 02:32:33,779 - INFO - [The Guardian] Early skip: URL https://www.theguardian.com/environment/2026/mar/04/wild-birds-teach-honeyeaters-sing-songs already exists.
2026-03-04 02:32:33,780 - INFO - [The Guardian] Early skip: URL https://www.theguardian.com/australia-news/2026/mar/03/officer-didnt-have-time-to-turn-on-body-worn-camera-before-shooting-sydney-man-having-psychotic-episode-inquest-hears-ntwnfb already exists.
2026-03-04 02:32:33,782 - INFO - [The Guardian] Article: https://www.theguardian.com/politics/2026/mar/04/mps-say-starmers-uk-eu-reset-lacks-direction-definition-and-drive
2026-03-04 02:32:33,782 - INFO - [The Guardian] Attempt 1/1: Trying with 'requests_browser' strategy...
2026-03-04 02:32:33,790 - INFO - [BBC] Early skip: URL https://www.bbc.com/news/videos/cn71jg14dnyo?at_medium=RSS&at_campaign=rss already exists.
2026-03-04 02:32:33,943 - INFO - [The Guardian] Success with 'requests_browser'. Found content (550 words).
2026-03-04 02:32:33,989 - INFO - Saved article: MPs say Starmer’s UK-EU reset lacks ‘direction, definition and drive’ | Brexit | The Guardian from The Guardian (550 words)
2026-03-04 02:32:34,845 - INFO - [The Guardian] Early skip: URL https://www.theguardian.com/world/2026/mar/03/italian-ambulance-driver-investigated-on-suspicion-of-murdering-five-patients already exists.
2026-03-04 02:32:34,847 - INFO - [The Guardian] Early skip: URL https://www.theguardian.com/world/live/2026/mar/03/european-travel-flights-iran-middle-east-freidrich-merz-europe-latest-news-updates already exists.
2026-03-04 02:32:34,848 - INFO - [The Guardian] Early skip: URL https://www.theguardian.com/world/2026/mar/03/benedetto-santapaola-italian-mafia-boss-dies-cosa-nostra already exists.
2026-03-04 02:32:34,849 - INFO - [The Guardian] Early skip: URL https://www.theguardian.com/environment/2026/mar/02/ferries-emissions-sulphur-pollution-cars-eu-capitals already exists.
2026-03-04 02:32:34,850 - INFO - [The Guardian] Early skip: URL https://www.theguardian.com/world/live/2026/mar/03/us-israel-war-iran-live-updates-attacks-strikes-trump-netanyahu-lebanon-middle-east-latest-news already exists.
2026-03-04 02:32:34,852 - INFO - [The Guardian] Article: https://www.theguardian.com/us-news/2026/mar/03/pentagon-us-soldiers-kuwait-strike
2026-03-04 02:32:34,852 - INFO - [The Guardian] Attempt 1/1: Trying with 'requests_browser' strategy...
2026-03-04 02:32:34,888 - INFO - [The Guardian] Success with 'requests_browser'. Found content (370 words).
2026-03-04 02:32:35,061 - INFO - Saved article: Pentagon names four of six US soldiers killed in Iranian strike on Kuwait base | US military | The Guardian from The Guardian (370 words)
2026-03-04 02:32:35,905 - INFO - [The Guardian] Early skip: URL https://www.theguardian.com/us-news/live/2026/mar/03/donald-trump-iran-war-powers-kristi-noem-primaries-friedrich-merz-latest-news-updates already exists.
2026-03-04 02:32:35,906 - INFO - [The Guardian] Early skip: URL https://www.theguardian.com/world/2026/mar/03/us-israel-iran-war-christian-rhetoric already exists.
2026-03-04 02:32:35,907 - INFO - [The Guardian] Early skip: URL https://www.theguardian.com/world/2026/mar/03/dubai-us-consulate-fire-drone-strike already exists.
2026-03-04 02:32:35,908 - INFO - [The Guardian] Early skip: URL https://www.theguardian.com/world/2026/mar/03/nepal-gen-z-election-popular-former-rapper-balen already exists.
2026-03-04 02:32:35,910 - INFO - [The Guardian] Early skip: URL https://www.theguardian.com/world/2026/mar/02/afghanistan-pakistan-airstrikes-bagram-airbase already exists.
2026-03-04 02:32:35,911 - INFO - [The Guardian] Early skip: URL https://www.theguardian.com/world/2026/feb/28/us-backs-pakistans-right-to-defend-itself-against-taliban-after-strikes-on-afghanistan already exists.
2026-03-04 02:32:35,912 - INFO - [The Guardian] Early skip: URL https://www.theguardian.com/world/2026/feb/27/pakistan-miscalculation-taliban-afghanistan already exists.
2026-03-04 02:32:35,913 - INFO - [The Guardian] Early skip: URL https://www.theguardian.com/world/2026/feb/27/pakistan-declares-state-of-open-war-after-bombing-major-afghan-cities already exists.
2026-03-04 02:32:35,915 - INFO - [The Guardian] Article: https://www.theguardian.com/uk-news/2026/mar/03/uk-puts-emergency-brake-on-study-visas-for-four-countries-nationals
2026-03-04 02:32:35,915 - INFO - [The Guardian] Attempt 1/1: Trying with 'requests_browser' strategy...
2026-03-04 02:32:35,958 - INFO - [The Guardian] Success with 'requests_browser'. Found content (343 words).
2026-03-04 02:32:36,008 - INFO - Saved article: UK puts emergency brake on study visas for four countries’ nationals | Immigration and asylum | The Guardian from The Guardian (343 words)
2026-03-04 02:32:37,073 - INFO - [The Guardian] Early skip: URL https://www.theguardian.com/politics/2026/mar/03/half-reform-voters-believe-non-white-british-citizens-forced-encouraged-leave already exists.
2026-03-04 02:32:37,075 - INFO - [The Guardian] Early skip: URL https://www.theguardian.com/uk-news/2026/mar/03/parliament-suicides-domestic-abuse-homicide already exists.
2026-03-04 02:32:37,076 - INFO - [The Guardian] Early skip: URL https://www.theguardian.com/us-news/2026/mar/03/trump-rebukes-starmer-again-for-not-letting-us-attack-iran-from-uk-bases already exists.
2026-03-04 02:32:37,077 - INFO - [The Guardian] Early skip: URL https://www.theguardian.com/us-news/2026/mar/03/half-truths-and-no-truths-trumps-latest-claims-on-the-uk-factchecked already exists.
2026-03-04 02:32:37,079 - INFO - [The Guardian] Article: https://www.theguardian.com/us-news/2026/mar/03/texas-primary-election-results
2026-03-04 02:32:37,079 - INFO - [The Guardian] Attempt 1/1: Trying with 'requests_browser' strategy...
2026-03-04 02:32:37,119 - INFO - [The Guardian] Success with 'requests_browser'. Found content (800 words).
2026-03-04 02:32:37,219 - INFO - Saved article: Texas polls begin to close as Democratic rivals battle in Senate primary | Texas | The Guardian from The Guardian (800 words)
2026-03-04 02:32:37,914 - INFO - [The Guardian] Early skip: URL https://www.theguardian.com/us-news/2026/mar/03/north-carolina-democratic-republican-primaries-senate already exists.
2026-03-04 02:32:37,915 - INFO - [The Guardian] Article: https://www.theguardian.com/us-news/2026/mar/03/texas-republicans-senate-john-cornyn-ken-paxton
2026-03-04 02:32:37,915 - INFO - [The Guardian] Attempt 1/1: Trying with 'requests_browser' strategy...
2026-03-04 02:32:37,954 - INFO - [The Guardian] Success with 'requests_browser'. Found content (449 words).
2026-03-04 02:32:37,992 - INFO - Saved article: Fight between Texas Republicans for US Senate seat leaves party on edge | Texas | The Guardian from The Guardian (449 words)
2026-03-04 02:32:39,204 - INFO - [The Guardian] Article: https://www.theguardian.com/us-news/2026/mar/03/california-governor-democrats-gavin-newsom
2026-03-04 02:32:39,204 - INFO - [The Guardian] Attempt 1/1: Trying with 'requests_browser' strategy...
2026-03-04 02:32:39,250 - INFO - [The Guardian] Success with 'requests_browser'. Found content (1661 words).
2026-03-04 02:32:39,290 - INFO - Saved article: Can’t win? Drop out: California Democrats plead with governor hopefuls as party fears Republican surge | California | The Guardian from The Guardian (1661 words)
2026-03-04 02:32:39,669 - INFO - Selenium driver initialized successfully.
2026-03-04 02:32:39,669 - INFO - Starting scrape for The Hindu RSS feed: https://www.thehindu.com/news/national/feeder/default.rss
2026-03-04 02:32:39,669 - INFO - Selenium driver initialized successfully.
2026-03-04 02:32:39,670 - INFO - Starting scrape for Times of India RSS feed: https://timesofindia.indiatimes.com/rssfeeds/296589292.cms
2026-03-04 02:32:39,880 - INFO - Found 100 articles in The Hindu RSS feed. Processing until 20 new articles are saved.
2026-03-04 02:32:39,881 - INFO - [The Hindu] Article: https://www.thehindu.com/news/national/on-indias-fighter-jet-acquisitions/article70699109.ece
2026-03-04 02:32:39,881 - INFO - [The Hindu] Attempt 1/1: Trying with 'selenium_browser' strategy...
2026-03-04 02:32:40,051 - INFO - Found 20 articles in Times of India RSS feed. Processing until 20 new articles are saved.
2026-03-04 02:32:40,051 - INFO - [Times of India] Article: https://timesofindia.indiatimes.com/world/middle-east/us-israel-iran-war-news-live-udates-conflict-attack-middle-east-state-dubai-qatar-airways-of-emergency-explosions-tehran-gulf-countries-netanyahu-trump-us-ali-khamenei/liveblog/128959227.cms
2026-03-04 02:32:40,051 - INFO - [Times of India] Attempt 1/1: Trying with 'selenium_browser' strategy...
2026-03-04 02:32:40,737 - INFO - [The Guardian] Early skip: URL https://www.theguardian.com/us-news/2026/mar/03/trump-israel-iran-war already exists.
2026-03-04 02:33:05,097 - ERROR - [The Hindu] Request failed for strategy 'selenium_browser' on URL https://www.thehindu.com/news/national/on-indias-fighter-jet-acquisitions/article70699109.ece: Message: timeout: Timed out receiving message from renderer: 19.010
  (Session info: chrome=145.0.7632.116)
Stacktrace:
#0 0x55c683f3db6a <unknown>
#1 0x55c683950a32 <unknown>
#2 0x55c683938007 <unknown>
#3 0x55c683937c16 <unknown>
#4 0x55c683935731 <unknown>
#5 0x55c6839360bf <unknown>
#6 0x55c683945560 <unknown>
#7 0x55c68395f707 <unknown>
#8 0x55c6839668db <unknown>
#9 0x55c683936829 <unknown>
#10 0x55c68395f49c <unknown>
#11 0x55c6839ee6e1 <unknown>
#12 0x55c683997c0f <unknown>
#13 0x55c6839989d1 <unknown>
#14 0x55c683f026b9 <unknown>
#15 0x55c683f055c1 <unknown>
#16 0x55c683eeee29 <unknown>
#17 0x55c683f0617e <unknown>
#18 0x55c683ed54b0 <unknown>
#19 0x55c683f2a578 <unknown>
#20 0x55c683f2a74b <unknown>
#21 0x55c683f3c1a3 <unknown>
#22 0x7fe27809caa4 <unknown>
#23 0x7fe278129c6c <unknown>

2026-03-04 02:33:05,097 - ERROR - [The Hindu] All scrape strategies failed for https://www.thehindu.com/news/national/on-indias-fighter-jet-acquisitions/article70699109.ece. Falling back to RSS description.
2026-03-04 02:33:05,097 - WARNING - SKIPPED (GLOBAL WORD LIMIT): Article 'On India’s fighter jet acquisitions' from The Hindu has only 48 words (Min: 90).
2026-03-04 02:33:06,353 - INFO - [The Hindu] Article: https://www.thehindu.com/news/national/finland-president-alexander-stubb-is-in-india-from-march-4-to-7/article70701860.ece
2026-03-04 02:33:06,354 - INFO - [The Hindu] Attempt 1/1: Trying with 'selenium_browser' strategy...
2026-03-04 02:33:09,696 - ERROR - [Times of India] Request failed for strategy 'selenium_browser' on URL https://timesofindia.indiatimes.com/world/middle-east/us-israel-iran-war-news-live-udates-conflict-attack-middle-east-state-dubai-qatar-airways-of-emergency-explosions-tehran-gulf-countries-netanyahu-trump-us-ali-khamenei/liveblog/128959227.cms: Message: timeout: Timed out receiving message from renderer: 19.562
  (Session info: chrome=145.0.7632.116)
Stacktrace:
#0 0x563744d09b6a <unknown>
#1 0x56374471ca32 <unknown>
#2 0x563744704007 <unknown>
#3 0x563744703c16 <unknown>
#4 0x563744701731 <unknown>
#5 0x5637447020bf <unknown>
#6 0x563744711560 <unknown>
#7 0x56374472b707 <unknown>
#8 0x5637447328db <unknown>
#9 0x563744702829 <unknown>
#10 0x56374472b49c <unknown>
#11 0x5637447ba6e1 <unknown>
#12 0x563744763c0f <unknown>
#13 0x5637447649d1 <unknown>
#14 0x563744cce6b9 <unknown>
#15 0x563744cd15c1 <unknown>
#16 0x563744cbae29 <unknown>
#17 0x563744cd217e <unknown>
#18 0x563744ca14b0 <unknown>
#19 0x563744cf6578 <unknown>
#20 0x563744cf674b <unknown>
#21 0x563744d081a3 <unknown>
#22 0x7f2e3769caa4 <unknown>
#23 0x7f2e37729c6c <unknown>

2026-03-04 02:33:09,696 - ERROR - [Times of India] All scrape strategies failed for https://timesofindia.indiatimes.com/world/middle-east/us-israel-iran-war-news-live-udates-conflict-attack-middle-east-state-dubai-qatar-airways-of-emergency-explosions-tehran-gulf-countries-netanyahu-trump-us-ali-khamenei/liveblog/128959227.cms. Falling back to RSS description.
2026-03-04 02:33:09,696 - WARNING - SKIPPED (GLOBAL WORD LIMIT): Article 'Ayatollah's son Mojtaba Khamenei elected as Iran's next Supreme Leader: Report' from Times of India has only 3 words (Min: 90).
2026-03-04 02:33:10,165 - INFO - [The Hindu] Page content loaded.
2026-03-04 02:33:10,540 - INFO - [The Hindu] Success with 'selenium_browser'. Found content (525 words).
2026-03-04 02:33:10,610 - INFO - Saved article: Finland President Alexander Stubb is in India from March 4 to 7 - The Hindu from The Hindu (525 words)
2026-03-04 02:33:11,155 - INFO - [Times of India] Article: https://timesofindia.indiatimes.com/world/middle-east/middle-east-crisis-irans-20k-drones-take-on-defences-of-us-worth-4-million/articleshow/129000886.cms
2026-03-04 02:33:11,156 - INFO - [Times of India] Attempt 1/1: Trying with 'selenium_browser' strategy...
2026-03-04 02:33:11,687 - INFO - [The Hindu] Article: https://www.thehindu.com/sci-tech/energy-and-environment/in-assam-paper-is-made-from-water-hyacinth-to-clear-lakes/article70646879.ece
2026-03-04 02:33:11,687 - INFO - [The Hindu] Attempt 1/1: Trying with 'selenium_browser' strategy...
2026-03-04 02:33:13,478 - INFO - [The Hindu] Page content loaded.
2026-03-04 02:33:13,741 - INFO - [The Hindu] Success with 'selenium_browser'. Found content (870 words).
2026-03-04 02:33:13,857 - INFO - Saved article: In Assam paper is made from water hyacinth to clear lakes - The Hindu from The Hindu (870 words)
2026-03-04 02:33:14,421 - INFO - [The Hindu] Article: https://www.thehindu.com/news/national/assam/orchid-park-added-to-kazirangas-attractions-in-assam/article70700241.ece
2026-03-04 02:33:14,421 - INFO - [The Hindu] Attempt 1/1: Trying with 'selenium_browser' strategy...
2026-03-04 02:33:19,913 - INFO - [The Hindu] Page content loaded.
2026-03-04 02:33:20,076 - INFO - [The Hindu] Success with 'selenium_browser'. Found content (251 words).
2026-03-04 02:33:20,233 - INFO - Saved article: Orchid Park added to Kaziranga’s attractions in Assam - The Hindu from The Hindu (251 words)
2026-03-04 02:33:21,712 - INFO - [The Hindu] Article: https://www.thehindu.com/news/national/bihar/bihar-cm-nitish-kumars-son-likely-to-join-active-politics-soon-jdu-leaders/article70700153.ece
2026-03-04 02:33:21,712 - INFO - [The Hindu] Attempt 1/1: Trying with 'selenium_browser' strategy...
2026-03-04 02:33:22,699 - INFO - [The Hindu] Page content loaded.
2026-03-04 02:33:23,015 - INFO - [The Hindu] Success with 'selenium_browser'. Found content (744 words).
2026-03-04 02:33:23,039 - WARNING - [Times of India] Page timed out (10s). Proceeding anyway.
2026-03-04 02:33:23,129 - INFO - Saved article: Bihar CM Nitish Kumar’s son Shrawan Kumar likely to join active politics soon: JD(U) leaders - The Hindu from The Hindu (744 words)
2026-03-04 02:33:23,326 - INFO - [Times of India] Success with 'selenium_browser'. Found content (129 words).
2026-03-04 02:33:23,447 - INFO - Saved article: Iran Drones: Middle East tensions: Iran's $20k drones take on defences of US worth $4 million - The Times of India from Times of India (129 words)
2026-03-04 02:33:24,158 - INFO - [Times of India] Article: https://timesofindia.indiatimes.com/world/middle-east/top-iran-official-vows-attacks-on-tankers-using-strait-of-hormuz/articleshow/129000654.cms
2026-03-04 02:33:24,158 - INFO - [Times of India] Attempt 1/1: Trying with 'selenium_browser' strategy...
2026-03-04 02:33:24,363 - INFO - [The Hindu] Article: https://www.thehindu.com/news/national/west-bengal/trinamool-cries-foul-over-tea-garden-workers-struck-off-electoral-rolls-or-kept-in-adjudication-list/article70700183.ece
2026-03-04 02:33:24,363 - INFO - [The Hindu] Attempt 1/1: Trying with 'selenium_browser' strategy...
2026-03-04 02:33:25,615 - INFO - [Times of India] Page content loaded.
2026-03-04 02:33:25,776 - INFO - [Times of India] Success with 'selenium_browser'. Found content (202 words).
2026-03-04 02:33:25,947 - INFO - Saved article: Strait Of Hormuz: Top Iran official vows attacks on tankers using Strait of Hormuz - The Times of India from Times of India (202 words)
2026-03-04 02:33:26,273 - INFO - [The Hindu] Page content loaded.
2026-03-04 02:33:26,434 - INFO - [The Hindu] Success with 'selenium_browser'. Found content (336 words).
2026-03-04 02:33:26,595 - INFO - Saved article: Trinamool cries foul over tea garden workers struck off electoral rolls or kept in adjudication list - The Hindu from The Hindu (336 words)
2026-03-04 02:33:27,193 - INFO - [Times of India] Article: https://timesofindia.indiatimes.com/world/middle-east/irans-strategy-expand-war-increase-cost-outlast-donald-trump/articleshow/129000469.cms
2026-03-04 02:33:27,193 - INFO - [Times of India] Attempt 1/1: Trying with 'selenium_browser' strategy...
2026-03-04 02:33:27,225 - INFO - [The Hindu] Article: https://www.thehindu.com/news/national/congress-mp-imran-masood-meets-representative-of-irans-late-supreme-leader-offers-condolences/article70700507.ece
2026-03-04 02:33:27,225 - INFO - [The Hindu] Attempt 1/1: Trying with 'selenium_browser' strategy...
2026-03-04 02:33:28,635 - INFO - [The Hindu] Page content loaded.
2026-03-04 02:33:28,758 - INFO - [The Hindu] Success with 'selenium_browser'. Found content (273 words).
2026-03-04 02:33:28,924 - INFO - Saved article: Congress MP Imran Masood meets representative of Iran’s late Supreme leader, offers condolences - The Hindu from The Hindu (273 words)
2026-03-04 02:33:30,252 - INFO - [The Hindu] Article: https://www.thehindu.com/news/national/tamil-nadu/the-1995-caste-reprisals-that-scarred-southern-tn-also-touched-communist-leader-nallakannus-life/article70695051.ece
2026-03-04 02:33:30,252 - INFO - [The Hindu] Attempt 1/1: Trying with 'selenium_browser' strategy...
2026-03-04 02:33:31,812 - INFO - [The Hindu] Page content loaded.
2026-03-04 02:33:31,941 - INFO - [The Hindu] Success with 'selenium_browser'. Found content (878 words).
2026-03-04 02:33:32,327 - INFO - Saved article: The 1995 caste reprisals that scarred southern T.N. also touched Communist leader Nallakannu’s life - The Hindu from The Hindu (878 words)
2026-03-04 02:33:32,997 - INFO - [The Hindu] Article: https://www.thehindu.com/news/national/tamil-nadu/tamil-nadus-saga-of-controversial-governors-begins-with-sri-prakasa-of-the-1950s/article70698930.ece
2026-03-04 02:33:32,997 - INFO - [The Hindu] Attempt 1/1: Trying with 'selenium_browser' strategy...
2026-03-04 02:33:36,055 - INFO - [The Hindu] Page content loaded.
2026-03-04 02:33:36,125 - INFO - [The Hindu] Success with 'selenium_browser'. Found content (1091 words).
2026-03-04 02:33:36,222 - INFO - Saved article: Tamil Nadu’s saga of controversial Governors begins with Sri Prakasa of the 1950s - The Hindu from The Hindu (1091 words)
2026-03-04 02:33:37,689 - INFO - [The Hindu] Article: https://www.thehindu.com/news/national/tamil-nadu/traffic-diversion-in-katpadi-on-march-5-due-to-bull-race-event/article70700039.ece
2026-03-04 02:33:37,689 - INFO - [The Hindu] Attempt 1/1: Trying with 'selenium_browser' strategy...
2026-03-04 02:33:40,904 - INFO - [The Hindu] Page content loaded.
2026-03-04 02:33:41,277 - INFO - [The Hindu] Success with 'selenium_browser'. Found content (184 words).
2026-03-04 02:33:41,403 - INFO - Saved article: Traffic diversion in Katpadi on March 5 due to bull race event - The Hindu from The Hindu (184 words)
2026-03-04 02:33:42,455 - INFO - [The Hindu] Article: https://www.thehindu.com/news/cities/chennai/over-1000-entries-received-for-the-hindu-margazhi-music-contest/article70700208.ece
2026-03-04 02:33:42,455 - INFO - [The Hindu] Attempt 1/1: Trying with 'selenium_browser' strategy...
2026-03-04 02:33:48,566 - WARNING - [Times of India] Page timed out (10s). Proceeding anyway.
2026-03-04 02:33:48,753 - INFO - [Times of India] Success with 'selenium_browser'. Found content (637 words).
2026-03-04 02:33:48,852 - INFO - Saved article: Iran Strategy: Iran's strategy: Expand war, increase cost, outlast Donald Trump - The Times of India from Times of India (637 words)
2026-03-04 02:33:49,614 - INFO - [Times of India] Early skip: URL https://timesofindia.indiatimes.com/world/us/was-the-us-attack-on-iran-predicted-just-days-before-ex-cia-officer-john-kiriakous-shocking-warning/articleshow/128992084.cms already exists.
2026-03-04 02:33:49,615 - INFO - [Times of India] Early skip: URL https://timesofindia.indiatimes.com/world/us/im-not-happy-with-the-uk-donald-trump-criticizes-keir-starmer-over-military-access/articleshow/128990391.cms already exists.
2026-03-04 02:33:49,616 - INFO - [Times of India] Early skip: URL https://timesofindia.indiatimes.com/world/us/4-days-without-a-plan-trump-admin-slammed-as-it-issues-helpline-numbers-for-americans-stranded-in-middle-east/articleshow/128990370.cms already exists.
2026-03-04 02:33:49,618 - INFO - [Times of India] Early skip: URL https://timesofindia.indiatimes.com/world/us/hearts-broken-beyond-words-indian-origin-savitha-shans-parents-breaks-silence-after-daughter-killed-in-austin-shooting/articleshow/128989489.cms already exists.
2026-03-04 02:33:49,619 - INFO - [Times of India] Early skip: URL https://timesofindia.indiatimes.com/world/us/kash-patel-fires-fbi-agents-with-iran-expertise-days-before-tehran-strike-also-ousts-members-who-investigated-trump-report/articleshow/128988022.cms already exists.
2026-03-04 02:33:49,620 - INFO - [Times of India] Early skip: URL https://timesofindia.indiatimes.com/world/us/craziest-experience-trump-adviser-dallas-dog-walker-rescued-from-middle-east-on-private-jet-while-thousands-stranded-amid-iran-crisis/articleshow/128987648.cms already exists.
2026-03-04 02:33:49,621 - INFO - [Times of India] Early skip: URL https://timesofindia.indiatimes.com/world/us/texas-bar-shooting-suspect-ndiaga-diagne-previously-posted-misogynistic-antisemitic-and-racist-remarks-praised-islamic-revolution-report-claims/articleshow/128986030.cms already exists.
2026-03-04 02:33:49,623 - INFO - [Times of India] Early skip: URL https://timesofindia.indiatimes.com/world/rest-of-world/japans-snow-monsters-the-frozen-giants-of-zao-that-only-appear-for-weeks-and-locals-say-theyre-slowly-disappearing/articleshow/128986727.cms already exists.
2026-03-04 02:33:49,624 - INFO - [Times of India] Early skip: URL https://timesofindia.indiatimes.com/world/us/everything-knocked-out-trump-on-iran-strikes-says-he-might-have-forced-israels-hand/articleshow/128984143.cms already exists.
2026-03-04 02:33:49,625 - INFO - [Times of India] Early skip: URL https://timesofindia.indiatimes.com/world/us/kristi-noem-under-fire-for-300-million-dhs-jet-spending-amid-border-funding-fight/articleshow/128981407.cms already exists.
2026-03-04 02:33:49,626 - INFO - [Times of India] Early skip: URL https://timesofindia.indiatimes.com/world/us/us-air-force-sergeant-in-uniform-makes-video-ranting-against-us-who-is-melissa-mece/articleshow/128982505.cms already exists.
2026-03-04 02:33:49,628 - INFO - [Times of India] Early skip: URL https://timesofindia.indiatimes.com/world/us/after-solving-eight-wars-trump-gives-ten-interviews-to-explain-initiating-ninth-i-got-khamenei-before-he-got-me/articleshow/128981348.cms already exists.
2026-03-04 02:33:49,629 - INFO - [Times of India] Early skip: URL https://timesofindia.indiatimes.com/world/us/small-plane-makes-emergency-landing-in-frigid-hudson-river-and-the-2-people-aboard-swim-to-safety/articleshow/128980415.cms already exists.
2026-03-04 02:33:49,630 - INFO - [Times of India] Early skip: URL https://timesofindia.indiatimes.com/world/us/dishonoring-the-fallen-megyn-kelly-trolled-after-saying-us-troops-died-for-iran-or-israel/articleshow/128979242.cms already exists.
2026-03-04 02:33:49,631 - INFO - [Times of India] Early skip: URL https://timesofindia.indiatimes.com/world/us/if-only-she-stayed-in-the-safety-of-india-racist-trolling-over-indian-origin-of-texas-victim-savitha-shan/articleshow/128978637.cms already exists.
2026-03-04 02:33:49,633 - INFO - [Times of India] Early skip: URL https://timesofindia.indiatimes.com/world/uk/irony-much-this-jewish-british-billionaire-wants-to-move-to-germany-over-uks-anti-jew-stance/articleshow/128977221.cms already exists.
2026-03-04 02:33:49,634 - INFO - [Times of India] (Thread) Finished. Attempting to shut down its Selenium driver.
2026-03-04 02:33:50,086 - INFO - [Times of India] (Thread) driver.quit() successful.
2026-03-04 02:34:02,483 - ERROR - [The Hindu] Request failed for strategy 'selenium_browser' on URL https://www.thehindu.com/news/cities/chennai/over-1000-entries-received-for-the-hindu-margazhi-music-contest/article70700208.ece: Message: timeout: Timed out receiving message from renderer: 18.518
  (Session info: chrome=145.0.7632.116)
Stacktrace:
#0 0x55c683f3db6a <unknown>
#1 0x55c683950a32 <unknown>
#2 0x55c683938007 <unknown>
#3 0x55c683937c16 <unknown>
#4 0x55c683935731 <unknown>
#5 0x55c6839360bf <unknown>
#6 0x55c683945560 <unknown>
#7 0x55c68395f707 <unknown>
#8 0x55c6839668db <unknown>
#9 0x55c683936829 <unknown>
#10 0x55c68395f49c <unknown>
#11 0x55c6839ee6e1 <unknown>
#12 0x55c683997c0f <unknown>
#13 0x55c6839989d1 <unknown>
#14 0x55c683f026b9 <unknown>
#15 0x55c683f055c1 <unknown>
#16 0x55c683eeee29 <unknown>
#17 0x55c683f0617e <unknown>
#18 0x55c683ed54b0 <unknown>
#19 0x55c683f2a578 <unknown>
#20 0x55c683f2a74b <unknown>
#21 0x55c683f3c1a3 <unknown>
#22 0x7fe27809caa4 <unknown>
#23 0x7fe278129c6c <unknown>

2026-03-04 02:34:02,483 - ERROR - [The Hindu] All scrape strategies failed for https://www.thehindu.com/news/cities/chennai/over-1000-entries-received-for-the-hindu-margazhi-music-contest/article70700208.ece. Falling back to RSS description.
2026-03-04 02:34:02,483 - WARNING - SKIPPED (GLOBAL WORD LIMIT): Article 'Over 1,000 entries received for The Hindu Margazhi Music Contest' from The Hindu has only 20 words (Min: 90).
2026-03-04 02:34:03,902 - INFO - [The Hindu] Article: https://www.thehindu.com/news/national/tamil-nadu/water-released-from-kuppanatham-dam-in-tiruvannamalai-for-irrigation/article70700081.ece
2026-03-04 02:34:03,902 - INFO - [The Hindu] Attempt 1/1: Trying with 'selenium_browser' strategy...
2026-03-04 02:34:04,564 - INFO - [The Hindu] Page content loaded.
2026-03-04 02:34:04,604 - INFO - [The Hindu] Success with 'selenium_browser'. Found content (278 words).
2026-03-04 02:34:04,695 - INFO - Saved article: Water released from Kuppanatham dam in Tiruvannamalai for irrigation - The Hindu from The Hindu (278 words)
2026-03-04 02:34:06,163 - INFO - [The Hindu] Article: https://www.thehindu.com/news/national/tamil-nadu/two-viewpoint-towers-in-katpadi-jamunamarathur-inaugurated/article70700059.ece
2026-03-04 02:34:06,163 - INFO - [The Hindu] Attempt 1/1: Trying with 'selenium_browser' strategy...
2026-03-04 02:34:07,640 - INFO - [The Hindu] Page content loaded.
2026-03-04 02:34:07,685 - INFO - [The Hindu] Success with 'selenium_browser'. Found content (374 words).
2026-03-04 02:34:07,773 - INFO - Saved article: Two viewpoint towers in Katpadi, Jamunamarathur inaugurated - The Hindu from The Hindu (374 words)
2026-03-04 02:34:08,847 - INFO - [The Hindu] Article: https://www.thehindu.com/news/national/tamil-nadu/state-highways-installs-led-streetlights-on-chennai-chittoor-bengaluru-highway-near-walajah-to-prevent-accidents/article70700071.ece
2026-03-04 02:34:08,847 - INFO - [The Hindu] Attempt 1/1: Trying with 'selenium_browser' strategy...
2026-03-04 02:34:10,136 - INFO - [The Hindu] Page content loaded.
2026-03-04 02:34:10,190 - INFO - [The Hindu] Success with 'selenium_browser'. Found content (408 words).
2026-03-04 02:34:10,289 - INFO - Saved article: State Highways installs LED streetlights on Chennai - Chittoor - Bengaluru Highway near Walajah to prevent accidents - The Hindu from The Hindu (408 words)
2026-03-04 02:34:11,235 - INFO - [The Hindu] Early skip: URL https://www.thehindu.com/news/national/jammu-and-kashmir/jk-police-lodge-fir-against-kashmir-mp-ruhullah-former-srinagar-mayor-mattu/article70700941.ece already exists.
2026-03-04 02:34:11,238 - INFO - [The Hindu] Early skip: URL https://www.thehindu.com/news/national/kerala/district-administration-offers-comprehensive-assistance-to-aneeshs-family/article70700334.ece already exists.
2026-03-04 02:34:11,242 - INFO - [The Hindu] Early skip: URL https://www.thehindu.com/news/national/tamil-nadu/madras-high-court-grants-bail-to-woman-accused-of-sponsoring-bsp-leader-armstrongs-murder/article70699907.ece already exists.
2026-03-04 02:34:11,247 - INFO - [The Hindu] Early skip: URL https://www.thehindu.com/news/national/kerala/human-animal-conflict-at-aralam-farm-hc-directs-chief-secretary-to-submit-roadmap/article70696424.ece already exists.
2026-03-04 02:34:11,249 - INFO - [The Hindu] Early skip: URL https://www.thehindu.com/news/national/tamil-nadu/tvk-yet-to-transform-into-political-party-karti-chidambaram/article70699567.ece already exists.
2026-03-04 02:34:11,252 - INFO - [The Hindu] Early skip: URL https://www.thehindu.com/news/national/tamil-nadu/stalin-thanks-siddaramaiah-for-karnatakas-support-to-call-for-renewed-national-conversation-on-union-state-relations/article70699525.ece already exists.
2026-03-04 02:34:11,258 - INFO - [The Hindu] Early skip: URL https://www.thehindu.com/news/national/indian-airlines-plan-to-operate-58-flights-to-west-asia-on-march-4-govt/article70700968.ece already exists.
2026-03-04 02:34:11,260 - INFO - [The Hindu] Early skip: URL https://www.thehindu.com/news/national/karnataka/siddaramaiah-rubbishes-allegations-of-spying-on-dk-shivakumar-loyalists/article70700262.ece already exists.
2026-03-04 02:34:11,261 - INFO - [The Hindu] Early skip: URL https://www.thehindu.com/news/national/karnataka/under-pressure-from-the-dalit-left-recruitment-go-likely-to-come-up-for-discussion-again-in-karnataka-cabinet/article70700472.ece already exists.
2026-03-04 02:34:11,263 - INFO - [The Hindu] Early skip: URL https://www.thehindu.com/news/national/karnataka/dk-shivakumar-urges-karnataka-mps-to-put-pressure-on-centre-to-seek-approval-to-raise-almatti-dam-height/article70700459.ece already exists.
2026-03-04 02:34:11,267 - INFO - [The Hindu] Early skip: URL https://www.thehindu.com/news/national/kerala/bomb-hoax-at-high-court/article70700533.ece already exists.
2026-03-04 02:34:11,269 - INFO - [The Hindu] Early skip: URL https://www.thehindu.com/news/cities/Hyderabad/kavitha-detained-during-protest-in-narsingi/article70700704.ece already exists.
2026-03-04 02:34:11,271 - INFO - [The Hindu] Early skip: URL https://www.thehindu.com/opinion/op-ed/projecting-a-muslim-centric-opposition/article70700870.ece already exists.
2026-03-04 02:34:11,272 - INFO - [The Hindu] Early skip: URL https://www.thehindu.com/news/national/telangana/rahul-pats-tpcc-chief-for-successful-conduct-of-dcc-presidents-training-camp/article70700130.ece already exists.
2026-03-04 02:34:11,274 - INFO - [The Hindu] Early skip: URL https://www.thehindu.com/news/national/telangana/states-stakeholders-urged-to-adopt-energy-saving-initiatives-of-mission-life/article70700737.ece already exists.
2026-03-04 02:34:11,280 - INFO - [The Hindu] Early skip: URL https://www.thehindu.com/news/national/kerala/ernakulam-ghs-new-gastroenterology-unit-faces-fund-crunch-staff-shortage/article70648651.ece already exists.
2026-03-04 02:34:11,281 - INFO - [The Hindu] Early skip: URL https://www.thehindu.com/news/national/kerala/thrust-on-education-in-kannur-district-panchayat-budget/article70700269.ece already exists.
2026-03-04 02:34:11,282 - INFO - [The Hindu] Early skip: URL https://www.thehindu.com/news/national/andhra-pradesh/holi-turns-tragic-as-three-boys-drown-in-tank-in-krishna-district/article70700902.ece already exists.
2026-03-04 02:34:11,284 - INFO - [The Hindu] Early skip: URL https://www.thehindu.com/news/national/kerala/ancient-laterite-rock-cut-chamber-unearthed-at-panayal-in-kasaragod/article70694853.ece already exists.
2026-03-04 02:34:11,285 - INFO - [The Hindu] Early skip: URL https://www.thehindu.com/news/national/telangana/stray-dogs-injure-15-people-in-vemulawada/article70700659.ece already exists.
2026-03-04 02:34:11,286 - INFO - [The Hindu] Early skip: URL https://www.thehindu.com/news/cities/Hyderabad/two-jewellers-arrested-for-cheating-man-of-101-grams-of-gold-with-false-promise-of-high-returns/article70700353.ece already exists.
2026-03-04 02:34:11,289 - INFO - [The Hindu] Early skip: URL https://www.thehindu.com/news/national/canada-pms-visit-to-india-built-strong-foundation-for-truly-renewed-partnership-modi/article70700904.ece already exists.
2026-03-04 02:34:11,291 - INFO - [The Hindu] Early skip: URL https://www.thehindu.com/news/national/kerala/organs-of-19-year-old-kochi-accident-victim-donated-to-save-four-lives/article70700281.ece already exists.
2026-03-04 02:34:11,296 - INFO - [The Hindu] Early skip: URL https://www.thehindu.com/news/national/andhra-pradesh/experts-urge-early-hearing-detection-to-prevent-childhood-hearing-loss/article70700639.ece already exists.
2026-03-04 02:34:11,297 - INFO - [The Hindu] Early skip: URL https://www.thehindu.com/news/national/karnataka/karnataka-hc-directs-state-government-to-formulate-policy-for-accurate-content-management-on-govt-websites/article70700366.ece already exists.
2026-03-04 02:34:11,299 - INFO - [The Hindu] Early skip: URL https://www.thehindu.com/news/national/ibc-represents-legislative-choice-to-privilege-speed-over-exhaustive-judicial-scrutiny-supreme-court-judgment/article70700619.ece already exists.
2026-03-04 02:34:11,300 - INFO - [The Hindu] Early skip: URL https://www.thehindu.com/elections/assam-assembly/gaurav-gogoi-among-42-candidates-in-congress-first-list-for-assam-polls/article70700762.ece already exists.
2026-03-04 02:34:11,301 - INFO - [The Hindu] Early skip: URL https://www.thehindu.com/news/national/karnataka/nia-court-convicts-seven-including-two-from-karnataka-in-2015-fake-currency-case/article70700623.ece already exists.
2026-03-04 02:34:11,304 - INFO - [The Hindu] Early skip: URL https://www.thehindu.com/news/national/andhra-pradesh/govt-moves-to-help-stranded-telugus-in-bahrain-other-gulf-nations/article70700586.ece already exists.
2026-03-04 02:34:11,306 - INFO - [The Hindu] Early skip: URL https://www.thehindu.com/news/national/andhra-pradesh/teachers-union-slams-government-for-delay-in-resolution-of-issues/article70700513.ece already exists.
2026-03-04 02:34:11,307 - INFO - [The Hindu] Early skip: URL https://www.thehindu.com/news/national/west-bengal/mamata-stresses-on-secularism-suvendu-raises-hindutva-pitch/article70700521.ece already exists.
2026-03-04 02:34:11,309 - INFO - [The Hindu] Early skip: URL https://www.thehindu.com/news/national/kerala/police-mvd-inform-shrc-of-steps-taken-to-address-traffic-woes-in-kochi-city/article70700344.ece already exists.
2026-03-04 02:34:11,311 - INFO - [The Hindu] Early skip: URL https://www.thehindu.com/news/national/jammu-and-kashmir/saba-shawl-becomes-first-kashmiri-woman-superintendent-of-srinagarcentral-jail/article70700240.ece already exists.
2026-03-04 02:34:11,312 - INFO - [The Hindu] Early skip: URL https://www.thehindu.com/elections/tamil-nadu-assembly/tamil-nadu-assembly-election-dmk-congress-seat-sharing-talks/article70700733.ece already exists.
2026-03-04 02:34:11,315 - INFO - [The Hindu] Early skip: URL https://www.thehindu.com/news/national/andhra-pradesh/leaders-call-for-swift-action-to-combat-rising-drug-crisis/article70700279.ece already exists.
2026-03-04 02:34:11,317 - INFO - [The Hindu] Early skip: URL https://www.thehindu.com/news/national/kerala/72-year-old-man-loses-81-lakh-in-alleged-cyber-fraud-in-kochi/article70700387.ece already exists.
2026-03-04 02:34:11,321 - INFO - [The Hindu] Early skip: URL https://www.thehindu.com/news/national/jammu-and-kashmir/meta-takes-down-social-media-handles-of-prominent-jammu-and-kashmir-news-outlets/article70700067.ece already exists.
2026-03-04 02:34:11,322 - INFO - [The Hindu] Early skip: URL https://www.thehindu.com/news/national/workers-flag-glitches-in-job-scheme-app/article70699998.ece already exists.
2026-03-04 02:34:11,323 - INFO - [The Hindu] Early skip: URL https://www.thehindu.com/news/national/kerala/mother-and-child-super-speciality-block-inaugurated-at-ernakulam-mch/article70700479.ece already exists.
2026-03-04 02:34:11,326 - INFO - [The Hindu] Early skip: URL https://www.thehindu.com/news/national/manipur/manipur-cm-flags-off-multi-community-national-integration-tour/article70700064.ece already exists.
2026-03-04 02:34:11,327 - INFO - [The Hindu] Early skip: URL https://www.thehindu.com/news/national/left-parties-slam-governments-silence-on-iran-attack-khamenei-killing/article70700278.ece already exists.
2026-03-04 02:34:11,331 - INFO - [The Hindu] Early skip: URL https://www.thehindu.com/news/national/bjp-leader-ravi-shankar-prasad-to-head-lok-sabhas-privileges-committee/article70699692.ece already exists.
2026-03-04 02:34:11,333 - INFO - [The Hindu] Early skip: URL https://www.thehindu.com/news/national/odisha/boy-lynched-over-suspicion-of-stealing-goats-in-odisha/article70700218.ece already exists.
2026-03-04 02:34:11,334 - INFO - [The Hindu] Early skip: URL https://www.thehindu.com/news/cities/Hyderabad/after-days-of-uncertainty-passengers-stranded-in-west-asia-land-in-hyderabad-on-special-flights/article70700726.ece already exists.
2026-03-04 02:34:11,335 - INFO - [The Hindu] Early skip: URL https://www.thehindu.com/news/national/andhra-pradesh/union-minister-requests-new-trains-to-secunderabad-and-tirupati-from-srikakulam/article70700531.ece already exists.
2026-03-04 02:34:11,337 - INFO - [The Hindu] Early skip: URL https://www.thehindu.com/news/national/karnataka/child-care-leave-can-be-availed-even-for-preparing-child-for-exams-karnataka-high-court/article70700638.ece already exists.
2026-03-04 02:34:11,339 - INFO - [The Hindu] Early skip: URL https://www.thehindu.com/news/national/telangana/race-hots-up-in-congress-for-rajya-sabha-seat/article70700691.ece already exists.
2026-03-04 02:34:11,340 - INFO - [The Hindu] Early skip: URL https://www.thehindu.com/news/national/kerala/cm-to-open-district-police-chiefs-office-complex-in-kannur/article70700423.ece already exists.
2026-03-04 02:34:11,342 - INFO - [The Hindu] Early skip: URL https://www.thehindu.com/news/national/telangana/peak-load-of-power-in-telangana-crosses-18k-mw-mark-braces-for-higher-demand-in-summer/article70700693.ece already exists.
2026-03-04 02:34:11,343 - INFO - [The Hindu] Early skip: URL https://www.thehindu.com/sci-tech/health/healthcare-workers-use-of-genai-platforms-might-risk-leaks-of-sensitive-patient-data-study/article70699644.ece already exists.
2026-03-04 02:34:11,345 - INFO - [The Hindu] Early skip: URL https://www.thehindu.com/news/national/andhra-pradesh/andhra-pradesh-ranks-sixth-in-organ-donation-health-minister/article70699795.ece already exists.
2026-03-04 02:34:11,347 - INFO - [The Hindu] Early skip: URL https://www.thehindu.com/news/cities/bangalore/kerc-hikes-commercial-industrial-power-tariffs-agri-pump-set-rate-cut/article70700546.ece already exists.
2026-03-04 02:34:11,348 - INFO - [The Hindu] Early skip: URL https://www.thehindu.com/news/cities/Hyderabad/woman-two-kids-found-dead-in-bibinagar-dowry-harassment-angle-under-probe/article70699928.ece already exists.
2026-03-04 02:34:11,350 - INFO - [The Hindu] Early skip: URL https://www.thehindu.com/news/national/kerala/3000-sanitation-workers-remove-waste-after-pongala-separate-squads-retrieve-bricks-to-be-used-for-corporations-housing-projects/article70700369.ece already exists.
2026-03-04 02:34:11,351 - INFO - [The Hindu] Early skip: URL https://www.thehindu.com/news/national/kerala/father-son-electrocuted-in-illegal-electric-fence-in-nagaroor/article70700535.ece already exists.
2026-03-04 02:34:11,352 - INFO - [The Hindu] Early skip: URL https://www.thehindu.com/news/national/kerala/arjun-pandian-takes-charge-as-kasaragod-collector/article70700475.ece already exists.
2026-03-04 02:34:11,354 - INFO - [The Hindu] Early skip: URL https://www.thehindu.com/news/national/andhra-pradesh/couple-found-dead-on-rapur-ghat/article70700417.ece already exists.
2026-03-04 02:34:11,355 - INFO - [The Hindu] Early skip: URL https://www.thehindu.com/news/national/assam/bjp-names-two-from-eastern-assam-as-rs-poll-candidates/article70700100.ece already exists.
2026-03-04 02:34:11,359 - INFO - [The Hindu] Early skip: URL https://www.thehindu.com/news/national/kerala/heavy-deployment-effective-control-mark-incident-free-pongala/article70700307.ece already exists.
2026-03-04 02:34:11,360 - INFO - [The Hindu] Early skip: URL https://www.thehindu.com/news/national/kerala/tributes-pour-in-for-former-union-minister-kp-unnikrishnan/article70700253.ece already exists.
2026-03-04 02:34:11,361 - INFO - [The Hindu] Early skip: URL https://www.thehindu.com/news/national/andhra-pradesh/srisailam-temple-reopens-after-lunar-eclipse/article70700356.ece already exists.
2026-03-04 02:34:11,363 - INFO - [The Hindu] Early skip: URL https://www.thehindu.com/news/national/odisha/with-hotelier-dilip-ray-in-the-fray-rajya-sabha-contest-in-odisha-sparks-interest/article70699468.ece already exists.
2026-03-04 02:34:11,364 - INFO - [The Hindu] Early skip: URL https://www.thehindu.com/news/cities/Hyderabad/three-held-for-selling-fake-tea-detergent-and-mosquito-repellents-in-hyderabad/article70699991.ece already exists.
2026-03-04 02:34:11,365 - INFO - [The Hindu] Early skip: URL https://www.thehindu.com/news/national/andhra-pradesh/rahu-ketu-kshetram-srikalahasti-temple-remains-open-during-lunar-eclipse/article70700355.ece already exists.
2026-03-04 02:34:11,369 - INFO - [The Hindu] Early skip: URL https://www.thehindu.com/news/national/tamil-nadu/dmk-allots-one-rajya-sabha-seat-to-dmdk/article70700532.ece already exists.
2026-03-04 02:34:11,370 - INFO - [The Hindu] Early skip: URL https://www.thehindu.com/news/national/kerala/flames-of-devotion-burn-bright-at-attukal-pongala/article70700276.ece already exists.
2026-03-04 02:34:11,372 - INFO - [The Hindu] Early skip: URL https://www.thehindu.com/news/national/kerala/mk-raghavan-urges-centre-to-ensure-safety-of-indian-expatriates-amid-gulf-tensions/article70700189.ece already exists.
2026-03-04 02:34:11,374 - INFO - [The Hindu] Early skip: URL https://www.thehindu.com/news/cities/Hyderabad/nurse-found-dead-in-miyapur-hostel-room-police-probe-relationship-angle/article70699087.ece already exists.
2026-03-04 02:34:11,375 - INFO - [The Hindu] Early skip: URL https://www.thehindu.com/news/national/kerala/new-managing-director-for-oil-palm-india/article70699780.ece already exists.
2026-03-04 02:34:11,377 - INFO - [The Hindu] Article: https://www.thehindu.com/news/national/karnataka/vice-president-cp-radhakrishnan-to-attend-temple-event-in-belagavi/article70700386.ece
2026-03-04 02:34:11,377 - INFO - [The Hindu] Attempt 1/1: Trying with 'selenium_browser' strategy...
2026-03-04 02:34:12,734 - INFO - [The Hindu] Page content loaded.
2026-03-04 02:34:12,777 - WARNING - [The Hindu] FAILED with 'selenium_browser' (content was too short: 88 words).
2026-03-04 02:34:12,777 - ERROR - [The Hindu] All scrape strategies failed for https://www.thehindu.com/news/national/karnataka/vice-president-cp-radhakrishnan-to-attend-temple-event-in-belagavi/article70700386.ece. Falling back to RSS description.
2026-03-04 02:34:12,777 - WARNING - SKIPPED (GLOBAL WORD LIMIT): Article 'Vice-President C.P. Radhakrishnan to attend temple event in Belagavi' from The Hindu has only 3 words (Min: 90).
2026-03-04 02:34:13,334 - INFO - [The Hindu] Early skip: URL https://www.thehindu.com/news/national/judicial-independence-extends-to-freedom-of-a-judge-to-dissent-or-diverge-from-colleagues-says-j-nagarathna/article70700336.ece already exists.
2026-03-04 02:34:13,340 - INFO - [The Hindu] Early skip: URL https://www.thehindu.com/news/national/kerala/verdict-on-bail-application-of-former-travancore-devaswom-board-president-expected-on-march-4/article70700185.ece already exists.
2026-03-04 02:34:13,342 - INFO - [The Hindu] Early skip: URL https://www.thehindu.com/news/national/telangana/banyan-trees-axed-between-jagtial-karimnagar-for-highway-expansion/article70700270.ece already exists.
2026-03-04 02:34:13,344 - INFO - [The Hindu] Early skip: URL https://www.thehindu.com/news/national/kerala/two-stabbed-during-chinakkathoor-pooram/article70700266.ece already exists.
2026-03-04 02:34:13,345 - INFO - [The Hindu] Early skip: URL https://www.thehindu.com/news/cities/Hyderabad/six-held-with-over-25-kg-bhang-in-separate-cases-during-holi-checks/article70700298.ece already exists.
2026-03-04 02:34:13,351 - INFO - [The Hindu] Early skip: URL https://www.thehindu.com/news/national/karnataka/holi-celebrated-with-joy-in-belagavi/article70700327.ece already exists.
2026-03-04 02:34:13,353 - INFO - [The Hindu] Early skip: URL https://www.thehindu.com/news/national/tamil-nadu/seven-held-for-murdering-2-persons-in-indiscriminate-attack-in-nanguneri/article70700299.ece already exists.
2026-03-04 02:34:13,355 - INFO - [The Hindu] Early skip: URL https://www.thehindu.com/news/national/andhra-pradesh/nellore-police-bust-international-betting-racket-seize3465-lakh/article70700287.ece already exists.
2026-03-04 02:34:13,358 - INFO - [The Hindu] Early skip: URL https://www.thehindu.com/news/national/tamil-nadu/350-cadets-pass-out-with-diploma-in-it-and-cyber-security-jointly-curated-by-srmist-and-ota/article70699909.ece already exists.
2026-03-04 02:34:13,359 - INFO - [The Hindu] Early skip: URL https://www.thehindu.com/news/national/kerala/pil-seeks-removal-of-kerala-from-the-title-of-the-kerala-story-2-goes-beyond/article70700061.ece already exists.
2026-03-04 02:34:13,361 - INFO - [The Hindu] Early skip: URL https://www.thehindu.com/news/cities/bangalore/garbage-woes-building-violations-take-centre-stage-at-east-corporation-meeting/article70700204.ece already exists.
2026-03-04 02:34:13,362 - INFO - [The Hindu] Early skip: URL https://www.thehindu.com/news/national/telangana/praja-palana-pragati-pranalika-detailed-programme/article70700159.ece already exists.
2026-03-04 02:34:13,363 - INFO - [The Hindu] Early skip: URL https://www.thehindu.com/news/cities/Hyderabad/traffic-diversions-for-holi-procession-from-central-gurudwara-on-march-4/article70700213.ece already exists.
2026-03-04 02:34:13,365 - INFO - [The Hindu] Early skip: URL https://www.thehindu.com/news/national/karnataka/tension-in-belagavi-district-court-following-bomb-threat/article70700256.ece already exists.
2026-03-04 02:34:13,366 - INFO - [The Hindu] Early skip: URL https://www.thehindu.com/news/national/karnataka/super-speciality-hospital-gets-hi-tech-equipment-upgrade/article70700357.ece already exists.
2026-03-04 02:34:13,367 - INFO - [The Hindu] Early skip: URL https://www.thehindu.com/news/national/tamil-nadu/ethiraj-college-for-women-opens-startup-incubation-centre/article70699956.ece already exists.
2026-03-04 02:34:13,371 - INFO - [The Hindu] (Thread) Finished. Attempting to shut down its Selenium driver.
2026-03-04 02:34:13,565 - INFO - [The Hindu] (Thread) driver.quit() successful.
2026-03-04 02:34:13,565 - INFO - Shutting down thread pool (wait=False)...
2026-03-04 02:34:13,565 - INFO - Scraped: 7 The Guardian, 12 The Hindu, 0 TechCrunch, 3 Times of India, 0 BBC articles. (Total saved: 22)
2026-03-04 02:34:13,565 - INFO - --- Scraping job finished ---
2026-03-04 02:34:13,571 - INFO - --- Scraper service stopped and database connection closed. ---
2026-03-04 02:34:13,572 - INFO - --- Main thread finished. Forcing process exit to kill zombie threads. ---
