2026-01-17 10:27:23,183 - INFO - Loading AI Semantic Model (all-MiniLM-L6-v2)...
2026-01-17 10:27:23,184 - INFO - Use pytorch device_name: cpu
2026-01-17 10:27:23,184 - INFO - Load pretrained SentenceTransformer: all-MiniLM-L6-v2
2026-01-17 10:27:24,345 - INFO - AI Model loaded successfully.
2026-01-17 10:27:24,345 - INFO - --- Scraper service started (CI Mode: Run Once) ---
2026-01-17 10:27:24,345 - INFO - --- Starting new scraping job (Parallel Mode) ---
2026-01-17 10:27:24,345 - INFO - Creating new robust session with 3 retries on 5xx/connection/read errors.
2026-01-17 10:27:24,345 - INFO - Proxy is DISABLED.
2026-01-17 10:27:24,345 - INFO - Starting scrape for BBC RSS feed: http://feeds.bbci.co.uk/news/world/rss.xml
2026-01-17 10:27:24,346 - INFO - [Times of India] (Thread) requires Selenium. Initializing driver...
2026-01-17 10:27:24,347 - INFO - Starting scrape for The Guardian RSS feed: https://www.theguardian.com/world/rss
2026-01-17 10:27:24,348 - INFO - [The Hindu] (Thread) requires Selenium. Initializing driver...
2026-01-17 10:27:24,348 - INFO - Submitted 4 jobs to thread pool. Waiting up to 300s for completion...
2026-01-17 10:27:24,507 - INFO - Found 45 articles in The Guardian RSS feed. Processing up to 30.
2026-01-17 10:27:24,507 - INFO - [The Guardian] Early skip: URL https://www.theguardian.com/environment/2026/jan/17/twin-baby-mountain-gorilla-virunga-drc-survival-conservation-aoe already exists.
2026-01-17 10:27:24,687 - INFO - [The Guardian] Early skip: URL https://www.theguardian.com/world/2026/jan/16/uganda-election-early-results-show-museveni-in-lead-as-violence-reported already exists.
2026-01-17 10:27:24,836 - INFO - [The Guardian] Early skip: URL https://www.theguardian.com/us-news/2026/jan/15/hepatitis-b-vaccines-study-africa-cancel already exists.
2026-01-17 10:27:25,005 - INFO - Found 36 articles in BBC RSS feed. Processing up to 30.
2026-01-17 10:27:25,134 - INFO - [BBC] Early skip: URL https://www.bbc.com/news/articles/c07xv92vrz2o?at_medium=RSS&at_campaign=rss already exists.
2026-01-17 10:27:25,361 - INFO - [The Guardian] Early skip: URL https://www.theguardian.com/environment/2026/jan/16/weather-tracer-extreme-rainfall-inundates-south-africa-mozambique-flood-warning already exists.
2026-01-17 10:27:25,499 - INFO - [BBC] Early skip: URL https://www.bbc.com/news/articles/c70lx085z85o?at_medium=RSS&at_campaign=rss already exists.
2026-01-17 10:27:25,722 - INFO - [The Guardian] Early skip: URL https://www.theguardian.com/global-development/2026/jan/16/cloth-wraps-treated-with-insecticide-cut-malaria-cases-in-babies already exists.
2026-01-17 10:27:25,829 - INFO - [BBC] Early skip: URL https://www.bbc.com/news/articles/czx1wgvpr1zo?at_medium=RSS&at_campaign=rss already exists.
2026-01-17 10:27:26,034 - INFO - [The Guardian] Early skip: URL https://www.theguardian.com/us-news/2026/jan/16/trump-administration-mistake-college-student-detained already exists.
2026-01-17 10:27:26,294 - INFO - [BBC] Early skip: URL https://www.bbc.com/news/articles/czejwl2z80lo?at_medium=RSS&at_campaign=rss already exists.
2026-01-17 10:27:26,562 - INFO - [The Guardian] Early skip: URL https://www.theguardian.com/world/2026/jan/16/cia-chief-visits-maduro-successor-as-machado-vows-to-become-venezuelas-president already exists.
2026-01-17 10:27:26,776 - INFO - [BBC] Early skip: URL https://www.bbc.com/news/articles/c74vdgkw1kzo?at_medium=RSS&at_campaign=rss already exists.
2026-01-17 10:27:26,978 - INFO - [The Guardian] Early skip: URL https://www.theguardian.com/world/2026/jan/16/brazil-jair-bolsonaro-reduce-sentence-reading-books already exists.
2026-01-17 10:27:27,125 - INFO - [BBC] Early skip: URL https://www.bbc.com/news/articles/czx1wgvpr1zo?at_medium=RSS&at_campaign=rss already exists.
2026-01-17 10:27:27,242 - INFO - [The Guardian] Early skip: URL https://www.theguardian.com/world/2026/jan/16/china-canada-partnership-new-global-realities-carney-xi-jinping already exists.
2026-01-17 10:27:27,517 - INFO - [BBC] Early skip: URL https://www.bbc.com/news/articles/c20z3nx4xwqo?at_medium=RSS&at_campaign=rss already exists.
2026-01-17 10:27:27,750 - INFO - [The Guardian] Early skip: URL https://www.theguardian.com/world/2026/jan/16/julio-iglesias-denies-sexual-abuse-claims-of-two-former-female-employees already exists.
2026-01-17 10:27:27,992 - INFO - [BBC] Early skip: URL https://www.bbc.com/news/articles/c9qpy952xvno?at_medium=RSS&at_campaign=rss already exists.
2026-01-17 10:27:28,184 - INFO - [The Guardian] Early skip: URL https://www.theguardian.com/world/2026/jan/16/south-korea-sentences-ex-president-yoon-suk-yeol-five-years-first-martial-law-verdict already exists.
2026-01-17 10:27:28,393 - INFO - [BBC] Early skip: URL https://www.bbc.com/news/articles/cj3vlgrl4r2o?at_medium=RSS&at_campaign=rss already exists.
2026-01-17 10:27:28,610 - INFO - [The Guardian] Early skip: URL https://www.theguardian.com/us-news/2026/jan/15/us-taiwan-tariff-deal already exists.
2026-01-17 10:27:28,804 - INFO - [BBC] Article: https://www.bbc.com/news/articles/clyn0ek5rdpo?at_medium=RSS&at_campaign=rss
2026-01-17 10:27:28,805 - INFO - [BBC] Attempt 1/1: Trying with 'requests_browser' strategy...
2026-01-17 10:27:28,806 - INFO - [The Guardian] Early skip: URL https://www.theguardian.com/world/2026/jan/14/thailand-train-crane-accident-deaths already exists.
2026-01-17 10:27:28,939 - INFO - [BBC] Success with 'requests_browser'. Found content (424 words).
2026-01-17 10:27:30,130 - INFO - Selenium driver initialized successfully.
2026-01-17 10:27:30,131 - INFO - Starting scrape for Times of India RSS feed: https://timesofindia.indiatimes.com/rssfeeds/296589292.cms
2026-01-17 10:27:30,132 - INFO - Selenium driver initialized successfully.
2026-01-17 10:27:30,132 - INFO - Starting scrape for The Hindu RSS feed: https://www.thehindu.com/news/national/feeder/default.rss
2026-01-17 10:27:30,275 - INFO - Found 100 articles in The Hindu RSS feed. Processing up to 30.
2026-01-17 10:27:30,349 - INFO - Found 20 articles in Times of India RSS feed. Processing up to 30.
2026-01-17 10:28:10,716 - INFO - Saved article: Google appeals landmark antitrust verdict over search monopoly from BBC (424 words)
2026-01-17 10:28:10,716 - INFO - [The Guardian] Early skip: URL https://www.theguardian.com/world/2026/jan/14/china-reports-record-trillion-dollar-trade-surplus-despite-trump-tariffs already exists.
2026-01-17 10:28:11,014 - INFO - [The Hindu] Article: https://www.thehindu.com/news/national/andhra-pradesh/ap-liquor-scam-ed-summons-former-mp-vijayasai-reddy/article70518259.ece
2026-01-17 10:28:11,014 - INFO - [The Hindu] Attempt 1/1: Trying with 'selenium_browser' strategy...
2026-01-17 10:28:11,015 - INFO - [Times of India] Article: https://timesofindia.indiatimes.com/world/middle-east/emirates-first-direct-dubai-helsinki-flights-fly-from-uaes-desert-heat-to-finlands-northern-lights-sauna-culture-snowy-escapes/articleshow/126607839.cms
2026-01-17 10:28:11,015 - INFO - [Times of India] Attempt 1/1: Trying with 'selenium_browser' strategy...
2026-01-17 10:28:11,016 - INFO - [The Guardian] Early skip: URL https://www.theguardian.com/world/2026/jan/13/south-korean-prosecutors-demand-death-penalty-for-former-president-yoon-suk-yeol already exists.
2026-01-17 10:28:11,225 - INFO - [The Guardian] Article: https://www.theguardian.com/sport/2026/jan/17/damien-martyn-declares-im-back-after-leaving-hospital-following-meningitis
2026-01-17 10:28:11,225 - INFO - [The Guardian] Attempt 1/1: Trying with 'requests_browser' strategy...
2026-01-17 10:28:11,265 - INFO - [The Guardian] Success with 'requests_browser'. Found content (377 words).
2026-01-17 10:28:21,281 - INFO - [The Hindu] Page content loaded.
2026-01-17 10:28:21,629 - INFO - [The Hindu] Success with 'selenium_browser'. Found content (174 words).
2026-01-17 10:28:32,633 - ERROR - [Times of India] Request failed for strategy 'selenium_browser' on URL https://timesofindia.indiatimes.com/world/middle-east/emirates-first-direct-dubai-helsinki-flights-fly-from-uaes-desert-heat-to-finlands-northern-lights-sauna-culture-snowy-escapes/articleshow/126607839.cms: Message: timeout: Timed out receiving message from renderer: 19.868
  (Session info: chrome=143.0.7499.192)
Stacktrace:
#0 0x5617438d440a <unknown>
#1 0x56174330876b <unknown>
#2 0x5617432f080a <unknown>
#3 0x5617432f04ed <unknown>
#4 0x5617432ee3a7 <unknown>
#5 0x5617432eecbf <unknown>
#6 0x5617432fd480 <unknown>
#7 0x561743316b47 <unknown>
#8 0x56174331d1fb <unknown>
#9 0x5617432ef3e8 <unknown>
#10 0x5617433168f8 <unknown>
#11 0x5617433a5ad8 <unknown>
#12 0x56174334c7b2 <unknown>
#13 0x56174334d461 <unknown>
#14 0x56174389cdf9 <unknown>
#15 0x56174389fd5d <unknown>
#16 0x561743885b41 <unknown>
#17 0x5617438a093b <unknown>
#18 0x56174386c870 <unknown>
#19 0x5617438c1828 <unknown>
#20 0x5617438c19fc <unknown>
#21 0x5617438d3763 <unknown>
#22 0x7f11b2c9caa4 <unknown>
#23 0x7f11b2d29c6c <unknown>

2026-01-17 10:28:32,634 - ERROR - [Times of India] All scrape strategies failed for https://timesofindia.indiatimes.com/world/middle-east/emirates-first-direct-dubai-helsinki-flights-fly-from-uaes-desert-heat-to-finlands-northern-lights-sauna-culture-snowy-escapes/articleshow/126607839.cms. Falling back to RSS description.
2026-01-17 10:28:32,634 - WARNING - SKIPPED (GLOBAL WORD LIMIT): Article 'Emirates' first direct Dubai-Helsinki flights: Fly from UAE's desert heat to Finland's northern lights, sauna culture, snowy escapes' from Times of India has only 51 words (Min: 90).
2026-01-17 10:29:13,102 - INFO - Saved article: Damien Martyn declares ‘I’m back!’ after leaving hospital following meningitis | Australia cricket team | The Guardian from The Guardian (377 words)
2026-01-17 10:29:13,102 - INFO - [BBC] Early skip: URL https://www.bbc.com/news/articles/cz7y14ypg2qo?at_medium=RSS&at_campaign=rss already exists.
2026-01-17 10:29:13,278 - INFO - [BBC] Early skip: URL https://www.bbc.com/news/articles/cpv70mek448o?at_medium=RSS&at_campaign=rss already exists.
2026-01-17 10:29:13,381 - INFO - [Times of India] Article: https://timesofindia.indiatimes.com/world/middle-east/never-seen-before-cheetah-mummies-found-in-saudi-caves-a-first-for-naturally-mummified-large-cats/articleshow/126608625.cms
2026-01-17 10:29:13,382 - INFO - [Times of India] Attempt 1/1: Trying with 'selenium_browser' strategy...
2026-01-17 10:29:17,467 - INFO - [Times of India] Page content loaded.
2026-01-17 10:29:18,021 - INFO - [Times of India] Success with 'selenium_browser'. Found content (364 words).
2026-01-17 10:30:02,095 - INFO - Saved article: A.P. liquor scam: ED summons former MP Vijayasai Reddy - The Hindu from The Hindu (174 words)
2026-01-17 10:30:02,096 - INFO - [BBC] Early skip: URL https://www.bbc.com/news/articles/cvgjn5yyeljo?at_medium=RSS&at_campaign=rss already exists.
2026-01-17 10:30:02,330 - INFO - [The Guardian] Early skip: URL https://www.theguardian.com/australia-news/2026/jan/17/filipino-migrant-workers-death-in-nsw-referred-to-federal-police already exists.
2026-01-17 10:30:52,621 - INFO - Saved article: 'Never seen before': Cheetah mummies found in Saudi caves - a first for naturally mummified large cats - The Times of India from Times of India (364 words)
2026-01-17 10:30:52,622 - INFO - [BBC] Early skip: URL https://www.bbc.com/news/articles/cy59pvkqvl5o?at_medium=RSS&at_campaign=rss already exists.
2026-01-17 10:30:52,777 - INFO - [The Guardian] Early skip: URL https://www.theguardian.com/australia-news/2026/jan/16/warnings-for-flash-floods-on-victorias-surf-coast-were-not-issued-late-authorities-say already exists.
2026-01-17 10:30:52,960 - INFO - [The Hindu] Article: https://www.thehindu.com/news/national/kerala/kerala-opposition-leader-says-udf-never-campaigned-against-making-contributions-to-cmdrf/article70518196.ece
2026-01-17 10:30:52,960 - INFO - [The Hindu] Attempt 1/1: Trying with 'selenium_browser' strategy...
2026-01-17 10:30:52,961 - INFO - [BBC] Early skip: URL https://www.bbc.com/news/articles/c1wz8vyq54xo?at_medium=RSS&at_campaign=rss already exists.
2026-01-17 10:30:53,176 - INFO - [The Guardian] Early skip: URL https://www.theguardian.com/australia-news/2026/jan/16/police-shoot-dead-man-armed-with-bow-and-arrow-in-new-south-wales already exists.
2026-01-17 10:30:53,327 - INFO - [BBC] Early skip: URL https://www.bbc.com/news/articles/c8x95nk72k2o?at_medium=RSS&at_campaign=rss already exists.
2026-01-17 10:30:53,541 - INFO - [The Guardian] Early skip: URL https://www.theguardian.com/australia-news/live/2026/jan/16/hate-speech-legislation-political-reaction-anthony-albanese-labor-sussan-ley-coalition-greens-adelaide-festival-writers-week-backlash-sydney-protest-ban-ntwnfb already exists.
2026-01-17 10:30:53,658 - INFO - [The Guardian] Early skip: URL https://www.theguardian.com/world/live/2026/jan/17/hands-off-greenland-protests-denmark-us-donald-trump-europe-latest-news-updates already exists.
2026-01-17 10:30:53,934 - INFO - [The Guardian] Early skip: URL https://www.theguardian.com/world/2026/jan/17/greenland-crisis-europe-needs-trump-but-it-also-needs-to-stand-up-to-him already exists.
2026-01-17 10:30:54,127 - INFO - [Times of India] Early skip: URL https://timesofindia.indiatimes.com/world/middle-east/saudi-arabia-self-employed-expats-could-face-50000-riyal-fine-jail-and-deportation/articleshow/126607449.cms already exists.
2026-01-17 10:30:54,333 - INFO - [BBC] Early skip: URL https://www.bbc.com/news/articles/cy4qdpxp78po?at_medium=RSS&at_campaign=rss already exists.
2026-01-17 10:30:54,570 - INFO - [The Guardian] Early skip: URL https://www.theguardian.com/society/2026/jan/16/study-debunks-trump-claim-paracetamol-causes-autism-pregnancy already exists.
2026-01-17 10:30:54,816 - INFO - [The Guardian] Early skip: URL https://www.theguardian.com/technology/2026/jan/16/partly-ai-generated-folk-pop-hit-barred-from-swedens-official-charts already exists.
2026-01-17 10:30:54,927 - INFO - [The Guardian] Early skip: URL https://www.theguardian.com/world/2026/jan/16/trump-greenland-envoy-us-denmark already exists.
2026-01-17 10:30:55,105 - INFO - [Times of India] Early skip: URL https://timesofindia.indiatimes.com/world/middle-east/worlds-best-cruise-destination-2025-has-been-crowned-and-its-not-caribbean-or-europe/articleshow/126606548.cms already exists.
2026-01-17 10:30:55,354 - INFO - [BBC] Early skip: URL https://www.bbc.com/news/articles/c9qpx2qqeq7o?at_medium=RSS&at_campaign=rss already exists.
2026-01-17 10:30:55,519 - INFO - [BBC] Early skip: URL https://www.bbc.com/news/articles/cj9rvkde0xxo?at_medium=RSS&at_campaign=rss already exists.
2026-01-17 10:30:55,820 - INFO - [BBC] Early skip: URL https://www.bbc.com/news/articles/cx2xpz559neo?at_medium=RSS&at_campaign=rss already exists.
2026-01-17 10:30:55,979 - INFO - [BBC] Early skip: URL https://www.bbc.com/news/articles/cdx40dxdlrqo?at_medium=RSS&at_campaign=rss already exists.
2026-01-17 10:30:56,201 - INFO - [Times of India] Early skip: URL https://timesofindia.indiatimes.com/world/rest-of-world/denmark-is-turning-its-streetlights-red-and-the-reason-will-surprise-you/articleshow/126605529.cms already exists.
2026-01-17 10:30:56,341 - INFO - [The Hindu] Page content loaded.
2026-01-17 10:30:56,356 - INFO - [The Guardian] Early skip: URL https://www.theguardian.com/world/2026/jan/17/iran-protests-opposition already exists.
2026-01-17 10:30:56,421 - INFO - [The Hindu] Success with 'selenium_browser'. Found content (392 words).
2026-01-17 10:30:56,576 - INFO - [The Guardian] Early skip: URL https://www.theguardian.com/world/2026/jan/17/iran-plans-permanent-break-from-global-internet-say-activists already exists.
2026-01-17 10:30:56,730 - INFO - [The Guardian] Early skip: URL https://www.theguardian.com/world/2026/jan/16/son-of-former-iranian-monarch-calls-for-targeted-intervention-to-hasten-regimes-collapse already exists.
2026-01-17 10:31:44,340 - INFO - Saved article: Kerala Opposition Leader says UDF never campaigned against making contributions to CMDRF - The Hindu from The Hindu (392 words)
2026-01-17 10:31:44,340 - INFO - [BBC] Early skip: URL https://www.bbc.com/news/articles/c2d70kx6nn3o?at_medium=RSS&at_campaign=rss already exists.
2026-01-17 10:31:44,564 - INFO - [Times of India] Early skip: URL https://timesofindia.indiatimes.com/world/middle-east/no-more-layovers-air-india-saudia-airline-codeshare-deal-opens-up-20-cities-overnight/articleshow/126602405.cms already exists.
2026-01-17 10:31:44,677 - INFO - [The Guardian] Early skip: URL https://www.theguardian.com/world/2026/jan/16/trump-pushes-for-disarmament-of-hamas-as-second-stage-of-gaza-ceasefire-begins already exists.
2026-01-17 10:31:44,875 - INFO - [BBC] Early skip: URL https://www.bbc.com/news/articles/c0q4l3g183jo?at_medium=RSS&at_campaign=rss already exists.
2026-01-17 10:31:45,085 - INFO - [Times of India] Early skip: URL https://timesofindia.indiatimes.com/world/middle-east/the-viral-trap-why-dubai-police-say-your-childs-next-scroll-could-be-their-last/articleshow/126602738.cms already exists.
2026-01-17 10:31:45,386 - INFO - [The Hindu] Article: https://www.thehindu.com/news/national/andhra-pradesh/vizianagaram-attracting-around-10000-crore-worth-investments-minister-for-msme-kondapalli-srinivas/article70517954.ece
2026-01-17 10:31:45,386 - INFO - [The Hindu] Attempt 1/1: Trying with 'selenium_browser' strategy...
2026-01-17 10:31:45,387 - INFO - [The Guardian] Early skip: URL https://www.theguardian.com/world/2026/jan/16/ali-khamenei-regime-will-not-be-able-to-keep-control-of-iran-says-dissenting-film-maker already exists.
2026-01-17 10:31:45,627 - INFO - [BBC] Article: https://www.bbc.com/news/articles/c62nzxqw45eo?at_medium=RSS&at_campaign=rss
2026-01-17 10:31:45,627 - INFO - [BBC] Attempt 1/1: Trying with 'requests_browser' strategy...
2026-01-17 10:31:45,630 - INFO - [Times of India] Early skip: URL https://timesofindia.indiatimes.com/world/middle-east/goodbye-bureaucracy-in-saudi-arabia-new-riyadh-digital-system-could-change-how-cities-are-built-in-middle-east/articleshow/126601770.cms already exists.
2026-01-17 10:31:45,707 - INFO - [BBC] Success with 'requests_browser'. Found content (1353 words).
2026-01-17 10:31:46,493 - INFO - [The Hindu] Page content loaded.
2026-01-17 10:31:46,745 - INFO - [The Hindu] Success with 'selenium_browser'. Found content (179 words).
2026-01-17 10:32:24,348 - CRITICAL - --- TIMEOUT: 3 scrape jobs did not complete in 300s. ---
2026-01-17 10:32:24,349 - ERROR - A thread has timed out and will be abandoned.
2026-01-17 10:32:24,349 - ERROR - A thread has timed out and will be abandoned.
2026-01-17 10:32:24,349 - ERROR - A thread has timed out and will be abandoned.
2026-01-17 10:32:24,349 - INFO - Shutting down thread pool (wait=False)...
2026-01-17 10:32:24,349 - INFO - Scraped: 1 The Guardian, 3 Timed_Out_Jobs articles. (Total saved: 1)
2026-01-17 10:32:24,349 - INFO - --- Scraping job finished ---
2026-01-17 10:32:24,349 - INFO - --- Scraper service stopped and database connection closed. ---
2026-01-17 10:32:24,349 - INFO - --- Main thread finished. Forcing process exit to kill zombie threads. ---
