2025-12-25 22:46:25,316 - INFO - Loading AI Semantic Model (all-MiniLM-L6-v2)...
2025-12-25 22:46:25,316 - INFO - Use pytorch device_name: cpu
2025-12-25 22:46:25,316 - INFO - Load pretrained SentenceTransformer: all-MiniLM-L6-v2
2025-12-25 22:46:26,626 - INFO - AI Model loaded successfully.
2025-12-25 22:46:26,626 - INFO - --- Scraper service started (CI Mode: Run Once) ---
2025-12-25 22:46:26,626 - INFO - --- Starting new scraping job (Parallel Mode) ---
2025-12-25 22:46:26,626 - INFO - Creating new robust session with 3 retries on 5xx/connection/read errors.
2025-12-25 22:46:26,626 - INFO - Proxy is DISABLED.
2025-12-25 22:46:26,626 - INFO - Starting scrape for BBC RSS feed: http://feeds.bbci.co.uk/news/world/rss.xml
2025-12-25 22:46:26,628 - INFO - [Times of India] (Thread) requires Selenium. Initializing driver...
2025-12-25 22:46:26,628 - INFO - Starting scrape for The Guardian RSS feed: https://www.theguardian.com/world/rss
2025-12-25 22:46:26,629 - INFO - [The Hindu] (Thread) requires Selenium. Initializing driver...
2025-12-25 22:46:26,629 - INFO - Submitted 4 jobs to thread pool. Waiting up to 300s for completion...
2025-12-25 22:46:26,780 - INFO - Found 45 articles in The Guardian RSS feed. Processing up to 30.
2025-12-25 22:46:26,780 - INFO - [The Guardian] Early skip: URL https://www.theguardian.com/world/2025/dec/25/displaced-islamic-state-insurgency-mozambique already exists.
2025-12-25 22:46:26,946 - INFO - [The Guardian] Early skip: URL https://www.theguardian.com/world/2025/dec/24/algeria-passes-law-declaring-french-colonisation-crime already exists.
2025-12-25 22:46:27,101 - INFO - [The Guardian] Early skip: URL https://www.theguardian.com/world/2025/dec/23/libyas-army-chief-dies-in-plane-crash-in-turkey already exists.
2025-12-25 22:46:27,206 - INFO - Found 24 articles in BBC RSS feed. Processing up to 30.
2025-12-25 22:46:27,245 - INFO - [BBC] Early skip: URL https://www.bbc.com/news/articles/c4g413yz9g5o?at_medium=RSS&at_campaign=rss already exists.
2025-12-25 22:46:27,463 - INFO - [The Guardian] Early skip: URL https://www.theguardian.com/world/2025/dec/22/freed-nigerian-schoolchildren-set-to-be-reunited-with-families already exists.
2025-12-25 22:46:27,589 - INFO - [BBC] Early skip: URL https://www.bbc.com/news/articles/cm21728nwxlo?at_medium=RSS&at_campaign=rss already exists.
2025-12-25 22:46:27,672 - INFO - Selenium driver initialized successfully.
2025-12-25 22:46:27,672 - INFO - Starting scrape for The Hindu RSS feed: https://www.thehindu.com/news/national/feeder/default.rss
2025-12-25 22:46:27,673 - INFO - Selenium driver initialized successfully.
2025-12-25 22:46:27,673 - INFO - Starting scrape for Times of India RSS feed: https://timesofindia.indiatimes.com/rssfeeds/296589292.cms
2025-12-25 22:46:27,804 - INFO - [The Guardian] Early skip: URL https://www.theguardian.com/world/2025/dec/21/more-kidnapped-schoolchildren-freed-in-nigeria already exists.
2025-12-25 22:46:27,882 - INFO - Found 20 articles in Times of India RSS feed. Processing up to 30.
2025-12-25 22:46:28,037 - INFO - [BBC] Early skip: URL https://www.bbc.com/news/articles/cn98w93l8plo?at_medium=RSS&at_campaign=rss already exists.
2025-12-25 22:46:28,113 - INFO - Found 100 articles in The Hindu RSS feed. Processing up to 30.
2025-12-25 22:46:28,255 - INFO - [Times of India] Article: https://timesofindia.indiatimes.com/world/us/more-than-medicine-how-a-weight-loss-drug-helped-us-envoy-free-prisoners-in-belarus/articleshow/126179028.cms
2025-12-25 22:46:28,255 - INFO - [Times of India] Attempt 1/1: Trying with 'selenium_browser' strategy...
2025-12-25 22:46:28,255 - INFO - [The Guardian] Early skip: URL https://www.theguardian.com/environment/2025/dec/25/they-are-scared-of-us-now-how-one-tropical-forest-turned-the-tide-on-loggers already exists.
2025-12-25 22:46:28,373 - INFO - [The Hindu] Article: https://www.thehindu.com/news/national/madhya-pradesh/tightening-the-opium-belt-in-madhya-pradesh/article70433879.ece
2025-12-25 22:46:28,373 - INFO - [The Hindu] Attempt 1/1: Trying with 'selenium_browser' strategy...
2025-12-25 22:46:28,374 - INFO - [BBC] Early skip: URL https://www.bbc.com/news/articles/c898zxyznxpo?at_medium=RSS&at_campaign=rss already exists.
2025-12-25 22:46:28,519 - INFO - [The Guardian] Early skip: URL https://www.theguardian.com/world/2025/dec/25/cape-froward-new-national-park-patagonia-chile already exists.
2025-12-25 22:46:28,636 - INFO - [BBC] Early skip: URL https://www.bbc.com/news/articles/crk733k1k1eo?at_medium=RSS&at_campaign=rss already exists.
2025-12-25 22:46:28,875 - INFO - [The Guardian] Early skip: URL https://www.theguardian.com/world/2025/dec/24/honduras-nasry-tito-asfura-declared-president-donald-trump-backed already exists.
2025-12-25 22:46:29,070 - INFO - [The Guardian] Early skip: URL https://www.theguardian.com/media/2025/dec/23/60-minutes-cecot-appears-online already exists.
2025-12-25 22:46:29,271 - INFO - [The Guardian] Early skip: URL https://www.theguardian.com/world/2025/dec/23/brazil-jair-bolsonaro-eduardo-havaianas-television-ad-fernanda-torres already exists.
2025-12-25 22:46:29,544 - INFO - [BBC] Early skip: URL https://www.bbc.com/news/articles/c14vdpyj1vjo?at_medium=RSS&at_campaign=rss already exists.
2025-12-25 22:46:29,691 - INFO - [BBC] Early skip: URL https://www.bbc.com/news/articles/c5yqe4j15lzo?at_medium=RSS&at_campaign=rss already exists.
2025-12-25 22:46:29,890 - INFO - [BBC] Early skip: URL https://www.bbc.com/news/articles/czdgz84dn35o?at_medium=RSS&at_campaign=rss already exists.
2025-12-25 22:46:30,180 - INFO - [BBC] Early skip: URL https://www.bbc.com/news/articles/cyvgz1jn368o?at_medium=RSS&at_campaign=rss already exists.
2025-12-25 22:46:30,383 - INFO - [The Guardian] Early skip: URL https://www.theguardian.com/world/2025/dec/24/thailand-and-cambodia-begin-talks-to-end-deadly-clashes-after-venue-row already exists.
2025-12-25 22:46:30,612 - INFO - [The Guardian] Early skip: URL https://www.theguardian.com/world/2025/dec/24/rare-footage-from-trial-of-chinese-general-who-defied-tiananmen-crackdown-order-leaked-online already exists.
2025-12-25 22:46:30,722 - INFO - [The Guardian] Early skip: URL https://www.theguardian.com/world/2025/dec/23/christians-pastors-arrested-detained-china-crackdown-house-churches already exists.
2025-12-25 22:46:30,898 - INFO - [The Guardian] Early skip: URL https://www.theguardian.com/business/2025/dec/22/china-hits-eu-dairy-industry-with-tariffs already exists.
2025-12-25 22:46:31,116 - INFO - [The Guardian] Early skip: URL https://www.theguardian.com/world/2025/dec/22/jeju-air-crash-independent-inquiry-south-korea already exists.
2025-12-25 22:46:31,300 - INFO - [BBC] Early skip: URL https://www.bbc.com/news/articles/c75v0kwy017o?at_medium=RSS&at_campaign=rss already exists.
2025-12-25 22:46:31,495 - INFO - [BBC] Early skip: URL https://www.bbc.com/news/articles/cp39kngz008o?at_medium=RSS&at_campaign=rss already exists.
2025-12-25 22:46:31,756 - INFO - [The Guardian] Article: https://www.theguardian.com/australia-news/2025/dec/26/man-charged-after-allegedly-performing-nazi-salutes-at-canberra-shopping-centres-ntwnfb
2025-12-25 22:46:31,756 - INFO - [The Guardian] Attempt 1/1: Trying with 'requests_browser' strategy...
2025-12-25 22:46:31,760 - INFO - [BBC] Early skip: URL https://www.bbc.com/news/articles/c0je3v3en01o?at_medium=RSS&at_campaign=rss already exists.
2025-12-25 22:46:31,836 - INFO - [The Guardian] Success with 'requests_browser'. Found content (367 words).
2025-12-25 22:46:31,932 - INFO - [BBC] Early skip: URL https://www.bbc.com/news/articles/c79x0x7v70go?at_medium=RSS&at_campaign=rss already exists.
2025-12-25 22:46:32,223 - INFO - [BBC] Early skip: URL https://www.bbc.com/news/articles/ce8nep787pyo?at_medium=RSS&at_campaign=rss already exists.
2025-12-25 22:46:32,416 - INFO - [BBC] Early skip: URL https://www.bbc.com/news/articles/c5yj4yvx80do?at_medium=RSS&at_campaign=rss already exists.
2025-12-25 22:46:32,629 - INFO - [BBC] Early skip: URL https://www.bbc.com/news/articles/clyd12d38jgo?at_medium=RSS&at_campaign=rss already exists.
2025-12-25 22:46:32,761 - INFO - [BBC] Early skip: URL https://www.bbc.com/news/articles/cvg1361d32ro?at_medium=RSS&at_campaign=rss already exists.
2025-12-25 22:46:33,023 - INFO - [BBC] Early skip: URL https://www.bbc.com/news/articles/cj69d8we98jo?at_medium=RSS&at_campaign=rss already exists.
2025-12-25 22:46:33,503 - INFO - [The Hindu] Page content loaded.
2025-12-25 22:46:34,124 - INFO - [The Hindu] Success with 'selenium_browser'. Found content (2127 words).
2025-12-25 22:47:46,852 - INFO - DEDUPLICATION: Found match (Score: 0.70). Linking to Cluster ID: 8b867d22-f56a-4a53-bef8-f4bfa1748801
2025-12-25 22:47:46,855 - INFO - Saved article: Man charged after allegedly performing Nazi salutes at Canberra shopping centres | Australian Capital Territory (ACT) | The Guardian from The Guardian (367 words)
2025-12-25 22:47:46,855 - INFO - [BBC] Early skip: URL https://www.bbc.com/news/videos/clyx049x0z7o?at_medium=RSS&at_campaign=rss already exists.
2025-12-25 22:48:28,356 - ERROR - [Times of India] Request failed for strategy 'selenium_browser' on URL https://timesofindia.indiatimes.com/world/us/more-than-medicine-how-a-weight-loss-drug-helped-us-envoy-free-prisoners-in-belarus/articleshow/126179028.cms: HTTPConnectionPool(host='localhost', port=60711): Read timed out. (read timeout=120)
2025-12-25 22:48:28,356 - ERROR - [Times of India] All scrape strategies failed for https://timesofindia.indiatimes.com/world/us/more-than-medicine-how-a-weight-loss-drug-helped-us-envoy-free-prisoners-in-belarus/articleshow/126179028.cms. Falling back to RSS description.
2025-12-25 22:48:28,356 - WARNING - SKIPPED (GLOBAL WORD LIMIT): Article 'More than medicine: How a weight-loss drug helped US envoy free prisoners in Belarus' from Times of India has only 56 words (Min: 90).
2025-12-25 22:48:40,133 - INFO - Saved article: Tightening the opium belt in Madhya Pradesh - The Hindu from The Hindu (2127 words)
2025-12-25 22:48:40,133 - INFO - [BBC] Early skip: URL https://www.bbc.com/news/videos/cqxqvd0z5gno?at_medium=RSS&at_campaign=rss already exists.
2025-12-25 22:48:40,285 - INFO - [The Guardian] Early skip: URL https://www.theguardian.com/australia-news/2025/dec/25/sydney-to-hobart-yacht-race-forecast-to-be-cold-wet-and-bumpy-as-australias-west-faces-cyclone-and-bushfire-threat already exists.
2025-12-25 22:48:40,479 - INFO - [Times of India] Article: https://timesofindia.indiatimes.com/world/us/dipu-chandra-das-say-his-name-laura-loomer-attacks-islamic-hatred-after-lynching-of-hindu-man-in-bangladesh/articleshow/126178752.cms
2025-12-25 22:48:40,479 - INFO - [Times of India] Attempt 1/1: Trying with 'selenium_browser' strategy...
2025-12-25 22:48:40,480 - INFO - [BBC] Article: https://www.bbc.com/news/videos/c30j52jrp84o?at_medium=RSS&at_campaign=rss
2025-12-25 22:48:40,480 - INFO - [BBC] Attempt 1/1: Trying with 'requests_browser' strategy...
2025-12-25 22:48:40,481 - INFO - [The Guardian] Early skip: URL https://www.theguardian.com/australia-news/2025/dec/24/perth-man-charged-with-racial-harassment-for-alleged-post-backing-bondi-attack-ntwnfb already exists.
2025-12-25 22:48:40,659 - INFO - [The Guardian] Early skip: URL https://www.theguardian.com/australia-news/2025/dec/25/australians-expected-to-spend-big-on-boxing-day-as-shoppers-warned-of-deceptive-sales-tricks already exists.
2025-12-25 22:48:40,732 - WARNING - [BBC] FAILED with 'requests_browser' (content was too short: 84 words).
2025-12-25 22:48:40,732 - ERROR - [BBC] All scrape strategies failed for https://www.bbc.com/news/videos/c30j52jrp84o?at_medium=RSS&at_campaign=rss. Falling back to RSS description.
2025-12-25 22:48:40,732 - WARNING - SKIPPED (GLOBAL WORD LIMIT): Article 'Watch: Moment robbers rip ATM from inside Texas store' from BBC has only 10 words (Min: 90).
2025-12-25 22:48:40,832 - INFO - [The Guardian] Early skip: URL https://www.theguardian.com/australia-news/2025/dec/24/wounded-bondi-hero-ahmed-al-ahmed-recovering-well-and-may-soon-leave-hospital-ntwnfb already exists.
2025-12-25 22:48:40,989 - INFO - [The Guardian] Early skip: URL https://www.theguardian.com/world/2025/dec/25/sergei-udaltsov-terrorism already exists.
2025-12-25 22:48:41,265 - INFO - [The Hindu] Early skip: URL https://www.thehindu.com/news/national/tamil-nadu/iit-kanpur-survey-to-assess-extent-of-sand-mining-was-illegal-says-tn-govt/article70437383.ece already exists.
2025-12-25 22:48:41,474 - INFO - [The Guardian] Early skip: URL https://www.theguardian.com/society/2025/dec/25/blood-test-predict-risk-inherited-heart-condition-hypertrophic-cardiomyopathy already exists.
2025-12-25 22:48:41,642 - INFO - [The Guardian] Early skip: URL https://www.theguardian.com/world/2025/dec/24/pope-leo-christmas-message-kindness-strangers-poor already exists.
2025-12-25 22:48:41,862 - INFO - [The Hindu] Early skip: URL https://www.thehindu.com/news/national/jammu-and-kashmir/this-winter-christmas-festivities-liftspirit-of-moribund-kashmir-tourism/article70437521.ece already exists.
2025-12-25 22:48:42,012 - INFO - [The Guardian] Early skip: URL https://www.theguardian.com/world/2025/dec/24/three-killed-in-moscow-car-explosion-say-russian-authorities already exists.
2025-12-25 22:48:42,236 - INFO - [The Hindu] Early skip: URL https://www.thehindu.com/sci-tech/health/circulatory-system-diseases-remain-leading-cause-of-deaths-in-2023-report/article70437366.ece already exists.
2025-12-25 22:48:42,439 - INFO - [BBC] Article: https://www.bbc.com/news/videos/c8dy3772m1lo?at_medium=RSS&at_campaign=rss
2025-12-25 22:48:42,439 - INFO - [BBC] Attempt 1/1: Trying with 'requests_browser' strategy...
2025-12-25 22:48:42,440 - INFO - [The Guardian] Early skip: URL https://www.theguardian.com/world/2025/dec/24/us-ukraine-edge-closer-joint-plan-end-war-moscow-response-uncertain already exists.
2025-12-25 22:48:42,497 - WARNING - [BBC] FAILED with 'requests_browser' (content was too short: 59 words).
2025-12-25 22:48:42,497 - ERROR - [BBC] All scrape strategies failed for https://www.bbc.com/news/videos/c8dy3772m1lo?at_medium=RSS&at_campaign=rss. Falling back to RSS description.
2025-12-25 22:48:42,497 - WARNING - SKIPPED (GLOBAL WORD LIMIT): Article 'Ho Ho No! Santa pulled over for speeding in Ohio  ' from BBC has only 20 words (Min: 90).
2025-12-25 22:48:42,618 - INFO - [The Hindu] Early skip: URL https://www.thehindu.com/news/cities/Hyderabad/mild-tension-at-gandhi-darshan-amid-dispute-over-managing-committee/article70437720.ece already exists.
2025-12-25 22:48:42,895 - INFO - [The Guardian] Early skip: URL https://www.theguardian.com/world/2025/dec/24/israel-condemned-approval-19-settlements-occupied-west-bank already exists.
2025-12-25 22:48:43,024 - INFO - [The Hindu] Early skip: URL https://www.thehindu.com/news/national/karnataka/hdk-says-karnataka-on-the-downslide-under-congress-rule/article70437613.ece already exists.
2025-12-25 22:48:43,203 - INFO - [The Guardian] Early skip: URL https://www.theguardian.com/world/2025/dec/24/israel-strikes-southern-lebanon-as-deadline-to-disarm-hezbollah-nears already exists.
2025-12-25 22:48:43,470 - INFO - [The Hindu] Early skip: URL https://www.thehindu.com/news/national/tamil-nadu/toy-industry-in-the-state-is-now-worth-around-1000-crore/article70437588.ece already exists.
2025-12-25 22:48:43,708 - INFO - [BBC] Article: https://www.bbc.com/news/videos/clydk6vd4rzo?at_medium=RSS&at_campaign=rss
2025-12-25 22:48:43,708 - INFO - [BBC] Attempt 1/1: Trying with 'requests_browser' strategy...
2025-12-25 22:48:43,709 - INFO - [The Guardian] Early skip: URL https://www.theguardian.com/uk-news/2025/dec/22/families-of-palestine-action-hunger-strikers-seek-urgent-meeting-with-lammy already exists.
2025-12-25 22:48:43,760 - WARNING - [BBC] FAILED with 'requests_browser' (content was too short: 73 words).
2025-12-25 22:48:43,760 - ERROR - [BBC] All scrape strategies failed for https://www.bbc.com/news/videos/clydk6vd4rzo?at_medium=RSS&at_campaign=rss. Falling back to RSS description.
2025-12-25 22:48:43,760 - WARNING - SKIPPED (GLOBAL WORD LIMIT): Article 'Watch: Huge fireball as tanker explodes on Italian motorway' from BBC has only 21 words (Min: 90).
2025-12-25 22:48:43,820 - INFO - [The Hindu] Early skip: URL https://www.thehindu.com/news/national/tamil-nadu/aiadmk-forms-panel-to-draft-manifesto-for-2026-assembly-poll/article70437218.ece already exists.
2025-12-25 22:48:44,071 - INFO - [The Guardian] Early skip: URL https://www.theguardian.com/world/2025/dec/21/israel-approves-new-jewish-settlements-occupied-west-bank already exists.
2025-12-25 22:48:44,253 - INFO - [The Hindu] Early skip: URL https://www.thehindu.com/news/national/karnataka/ayurveda-needs-deeper-research-specialised-expertise-health-minister/article70437392.ece already exists.
2025-12-25 22:48:44,400 - INFO - [The Guardian] Early skip: URL https://www.theguardian.com/world/2025/dec/20/israeli-troops-kill-palestinians-sheltering-in-gaza-school-hospital-chiefs already exists.
2025-12-25 22:48:44,572 - INFO - [The Hindu] Early skip: URL https://www.thehindu.com/news/national/fssai-warns-food-businesses-against-labeling-herbal-infusions-as-tea/article70437559.ece already exists.
2025-12-25 22:48:44,823 - INFO - [The Hindu] Early skip: URL https://www.thehindu.com/news/national/president-murmu-releases-constitution-of-india-in-santhali-language/article70437103.ece already exists.
2025-12-25 22:48:45,101 - INFO - [BBC] Early skip: URL https://www.bbc.com/news/videos/c0edjv3jr3po?at_medium=RSS&at_campaign=rss already exists.
2025-12-25 22:48:45,293 - INFO - [The Hindu] Early skip: URL https://www.thehindu.com/news/cities/Madurai/southern-districts-of-tamil-nadu-come-alive-with-christmas-fete/article70437171.ece already exists.
2025-12-25 22:48:45,470 - INFO - [The Hindu] Early skip: URL https://www.thehindu.com/news/national/tamil-nadu/dmdk-invites-stalin-palaniswami-to-vijayakant-death-anniversary-event/article70437078.ece already exists.
2025-12-25 22:48:45,685 - INFO - [The Hindu] Early skip: URL https://www.thehindu.com/news/national/telangana/ghmc-announces-finalisation-of-delimitation-exercise/article70437769.ece already exists.
2025-12-25 22:48:45,888 - INFO - [The Hindu] Early skip: URL https://www.thehindu.com/news/national/telangana/ias-transfers-key-urban-and-ghmc-positions-rejigged/article70437811.ece already exists.
2025-12-25 22:48:46,084 - INFO - [The Hindu] Early skip: URL https://www.thehindu.com/news/national/uttar-pradesh/up-cm-yogi-signals-shift-toward-fearless-business-and-trust-of-doing-business-in-assembly-speech/article70437116.ece already exists.
2025-12-25 22:48:46,190 - INFO - [The Hindu] Early skip: URL https://www.thehindu.com/news/national/andhra-pradesh/work-on-construction-of-high-court-building-begins-in-amaravati/article70437447.ece already exists.
2025-12-25 22:48:46,325 - INFO - [The Hindu] Early skip: URL https://www.thehindu.com/news/national/west-bengal/you-have-been-integrated-with-bjp-samik-tells-suvendu-not-to-dwell-on-the-past/article70437592.ece already exists.
2025-12-25 22:48:46,581 - INFO - [The Hindu] Early skip: URL https://www.thehindu.com/news/national/andhra-pradesh/ttd-darshan-ticket-counter-at-alipiri-sees-heavy-rush/article70437751.ece already exists.
2025-12-25 22:48:46,866 - INFO - [The Hindu] Early skip: URL https://www.thehindu.com/news/national/west-bengal/migrant-worker-killed-in-odisha-trinamool-says-targeted-for-speaking-in-bengali/article70437268.ece already exists.
2025-12-25 22:48:47,120 - INFO - [The Hindu] Article: https://www.thehindu.com/shorts/watch-christmas-decorations-vandalised-at-raipur-mall-during-bandh/article70437745.ece
2025-12-25 22:48:47,121 - INFO - [The Hindu] Attempt 1/1: Trying with 'selenium_browser' strategy...
2025-12-25 22:48:58,719 - WARNING - [The Hindu] Page timed out (10s). Proceeding anyway.
2025-12-25 22:48:58,881 - WARNING - [The Hindu] FAILED with 'selenium_browser' (content was too short: 40 words).
2025-12-25 22:48:58,881 - ERROR - [The Hindu] All scrape strategies failed for https://www.thehindu.com/shorts/watch-christmas-decorations-vandalised-at-raipur-mall-during-bandh/article70437745.ece. Falling back to RSS description.
2025-12-25 22:48:58,881 - WARNING - SKIPPED (GLOBAL WORD LIMIT): Article 'Watch: Christmas decorations vandalised at Raipur mall during bandh' from The Hindu has only 3 words (Min: 90).
2025-12-25 22:48:59,898 - INFO - [The Hindu] Early skip: URL https://www.thehindu.com/news/national/tamil-nadu/thirupparankundram-deepam-row-what-sthaneeka-bhattars-testified-30-years-ago/article70437677.ece already exists.
2025-12-25 22:49:00,139 - INFO - [The Hindu] Early skip: URL https://www.thehindu.com/news/national/amit-shah-to-inaugurate-anti-terror-conference-on-december-26/article70437679.ece already exists.
2025-12-25 22:49:00,338 - INFO - [The Hindu] Early skip: URL https://www.thehindu.com/news/national/carrying-the-red-flag-into-the-next-century/article70437256.ece already exists.
2025-12-25 22:49:00,581 - INFO - [The Hindu] Early skip: URL https://www.thehindu.com/news/national/gujarat/gujarat-assembly-deputy-speaker-jethabhai-bharwad-resigns/article70437091.ece already exists.
2025-12-25 22:49:00,732 - INFO - [The Hindu] Early skip: URL https://www.thehindu.com/news/national/karnataka/one-killed-four-injured-as-gas-cylinder-explodes-near-mysuru-palace-gate/article70437695.ece already exists.
2025-12-25 22:49:00,998 - INFO - [The Hindu] Early skip: URL https://www.thehindu.com/news/national/maharashtra/villages-in-maharashtra-vow-to-stop-humiliation-of-widows/article70437563.ece already exists.
2025-12-25 22:49:01,201 - INFO - [The Hindu] Early skip: URL https://www.thehindu.com/news/national/aravalli-row-yadav-ramesh-trade-charges-over-mining-and-forest-data/article70437557.ece already exists.
2025-12-25 22:49:01,437 - INFO - [The Hindu] Early skip: URL https://www.thehindu.com/news/national/telangana/vajpayee-practised-value-based-politics-bjp/article70437604.ece already exists.
2025-12-25 22:49:01,627 - INFO - [The Hindu] Early skip: URL https://www.thehindu.com/news/national/karnataka/rri-study-may-redefine-how-the-mass-of-the-halo-around-galaxies-is-measured/article70437228.ece already exists.
2025-12-25 22:49:01,901 - INFO - [The Hindu] (Thread) Finished. Attempting to shut down its Selenium driver.
2025-12-25 22:49:02,044 - INFO - [The Hindu] (Thread) driver.quit() successful.
2025-12-25 22:50:40,573 - ERROR - [Times of India] Request failed for strategy 'selenium_browser' on URL https://timesofindia.indiatimes.com/world/us/dipu-chandra-das-say-his-name-laura-loomer-attacks-islamic-hatred-after-lynching-of-hindu-man-in-bangladesh/articleshow/126178752.cms: HTTPConnectionPool(host='localhost', port=60711): Read timed out. (read timeout=120)
2025-12-25 22:50:40,573 - ERROR - [Times of India] All scrape strategies failed for https://timesofindia.indiatimes.com/world/us/dipu-chandra-das-say-his-name-laura-loomer-attacks-islamic-hatred-after-lynching-of-hindu-man-in-bangladesh/articleshow/126178752.cms. Falling back to RSS description.
2025-12-25 22:50:40,573 - WARNING - SKIPPED (GLOBAL WORD LIMIT): Article '‘Dipu Chandra Das, say his name’: Laura Loomer attacks Islamic hatred after lynching of Hindu man in Bangladesh' from Times of India has only 51 words (Min: 90).
2025-12-25 22:50:41,582 - INFO - [Times of India] Early skip: URL https://timesofindia.indiatimes.com/world/us-streamers/youtuber-cleetus-mcfarland-goes-viral-after-gifting-his-employees-3000-mini-jeeps-for-christmas/articleshow/126178734.cms already exists.
2025-12-25 22:50:41,743 - INFO - [Times of India] Early skip: URL https://timesofindia.indiatimes.com/world/us-streamers/candace-owens-faces-pushback-as-alex-jones-questions-her-charlie-kirk-claims-after-laura-loomer-talks/articleshow/126178721.cms already exists.
2025-12-25 22:50:41,866 - INFO - [Times of India] Early skip: URL https://timesofindia.indiatimes.com/world/us/we-did-nothing-wrong-indian-truck-drivers-challenge-california-over-mass-licence-cancellations/articleshow/126177821.cms already exists.
2025-12-25 22:50:42,004 - INFO - [Times of India] Early skip: URL https://timesofindia.indiatimes.com/world/south-asia/talibanisation-of-bangladesh-awami-league-student-wing-chief-flags-yunus-govts-role-in-minority-persecution-fanning-anti-india-rhetoric/articleshow/126176720.cms already exists.
2025-12-25 22:50:42,146 - INFO - [Times of India] Early skip: URL https://timesofindia.indiatimes.com/world/us-streamers/candace-owens-sparks-outrage-after-encouraging-ben-shapiro-to-take-his-own-life-during-public-feud/articleshow/126168738.cms already exists.
2025-12-25 22:50:42,335 - INFO - [Times of India] Early skip: URL https://timesofindia.indiatimes.com/world/us-streamers/kick-bans-streamer-braden-clavicular-after-shocking-tesla-cybertruck-incident-caught-on-live-stream-where-he-allegedly-killed-a-man/articleshow/126174535.cms already exists.
2025-12-25 22:50:42,489 - INFO - [Times of India] Article: https://timesofindia.indiatimes.com/world/us-streamers/adin-ross-net-worth-in-2025-kick-earnings-cars-mansion-and-investment-portfolio/articleshow/126166544.cms
2025-12-25 22:50:42,489 - INFO - [Times of India] Attempt 1/1: Trying with 'selenium_browser' strategy...
2025-12-25 22:51:26,630 - CRITICAL - --- TIMEOUT: 1 scrape jobs did not complete in 300s. ---
2025-12-25 22:51:26,630 - ERROR - A thread has timed out and will be abandoned.
2025-12-25 22:51:26,630 - INFO - Shutting down thread pool (wait=False)...
2025-12-25 22:51:26,630 - INFO - Scraped: 0 BBC, 1 The Hindu, 1 The Guardian, 1 Timed_Out_Jobs articles. (Total saved: 2)
2025-12-25 22:51:26,630 - INFO - --- Scraping job finished ---
2025-12-25 22:51:26,630 - INFO - --- Scraper service stopped and database connection closed. ---
2025-12-25 22:51:26,630 - INFO - --- Main thread finished. Forcing process exit to kill zombie threads. ---
