2026-01-28 04:51:56,882 - INFO - Loading AI Semantic Model (all-MiniLM-L6-v2)...
2026-01-28 04:51:56,883 - INFO - Use pytorch device_name: cpu
2026-01-28 04:51:56,883 - INFO - Load pretrained SentenceTransformer: all-MiniLM-L6-v2
2026-01-28 04:51:56,996 - INFO - HTTP Request: HEAD https://huggingface.co/sentence-transformers/all-MiniLM-L6-v2/resolve/main/modules.json "HTTP/1.1 307 Temporary Redirect"
2026-01-28 04:51:57,001 - INFO - HTTP Request: HEAD https://huggingface.co/api/resolve-cache/models/sentence-transformers/all-MiniLM-L6-v2/c9745ed1d9f207416be6d2e6f8de32d1f16199bf/modules.json "HTTP/1.1 200 OK"
2026-01-28 04:51:57,075 - INFO - HTTP Request: HEAD https://huggingface.co/sentence-transformers/all-MiniLM-L6-v2/resolve/main/config_sentence_transformers.json "HTTP/1.1 307 Temporary Redirect"
2026-01-28 04:51:57,079 - INFO - HTTP Request: HEAD https://huggingface.co/api/resolve-cache/models/sentence-transformers/all-MiniLM-L6-v2/c9745ed1d9f207416be6d2e6f8de32d1f16199bf/config_sentence_transformers.json "HTTP/1.1 200 OK"
2026-01-28 04:51:57,158 - INFO - HTTP Request: HEAD https://huggingface.co/sentence-transformers/all-MiniLM-L6-v2/resolve/main/config_sentence_transformers.json "HTTP/1.1 307 Temporary Redirect"
2026-01-28 04:51:57,163 - INFO - HTTP Request: HEAD https://huggingface.co/api/resolve-cache/models/sentence-transformers/all-MiniLM-L6-v2/c9745ed1d9f207416be6d2e6f8de32d1f16199bf/config_sentence_transformers.json "HTTP/1.1 200 OK"
2026-01-28 04:51:57,241 - INFO - HTTP Request: HEAD https://huggingface.co/sentence-transformers/all-MiniLM-L6-v2/resolve/main/README.md "HTTP/1.1 307 Temporary Redirect"
2026-01-28 04:51:57,245 - INFO - HTTP Request: HEAD https://huggingface.co/api/resolve-cache/models/sentence-transformers/all-MiniLM-L6-v2/c9745ed1d9f207416be6d2e6f8de32d1f16199bf/README.md "HTTP/1.1 200 OK"
2026-01-28 04:51:57,326 - INFO - HTTP Request: HEAD https://huggingface.co/sentence-transformers/all-MiniLM-L6-v2/resolve/main/modules.json "HTTP/1.1 307 Temporary Redirect"
2026-01-28 04:51:57,330 - INFO - HTTP Request: HEAD https://huggingface.co/api/resolve-cache/models/sentence-transformers/all-MiniLM-L6-v2/c9745ed1d9f207416be6d2e6f8de32d1f16199bf/modules.json "HTTP/1.1 200 OK"
2026-01-28 04:51:57,405 - INFO - HTTP Request: HEAD https://huggingface.co/sentence-transformers/all-MiniLM-L6-v2/resolve/main/sentence_bert_config.json "HTTP/1.1 307 Temporary Redirect"
2026-01-28 04:51:57,410 - INFO - HTTP Request: HEAD https://huggingface.co/api/resolve-cache/models/sentence-transformers/all-MiniLM-L6-v2/c9745ed1d9f207416be6d2e6f8de32d1f16199bf/sentence_bert_config.json "HTTP/1.1 200 OK"
2026-01-28 04:51:57,489 - INFO - HTTP Request: HEAD https://huggingface.co/sentence-transformers/all-MiniLM-L6-v2/resolve/main/adapter_config.json "HTTP/1.1 404 Not Found"
2026-01-28 04:51:57,563 - INFO - HTTP Request: HEAD https://huggingface.co/sentence-transformers/all-MiniLM-L6-v2/resolve/main/config.json "HTTP/1.1 307 Temporary Redirect"
2026-01-28 04:51:57,563 - WARNING - Warning: You are sending unauthenticated requests to the HF Hub. Please set a HF_TOKEN to enable higher rate limits and faster downloads.
2026-01-28 04:51:57,567 - INFO - HTTP Request: HEAD https://huggingface.co/api/resolve-cache/models/sentence-transformers/all-MiniLM-L6-v2/c9745ed1d9f207416be6d2e6f8de32d1f16199bf/config.json "HTTP/1.1 200 OK"
2026-01-28 04:51:57,702 - WARNING - BertModel LOAD REPORT from: sentence-transformers/all-MiniLM-L6-v2
Key                     | Status     |  | 
------------------------+------------+--+-
embeddings.position_ids | UNEXPECTED |  | 

Notes:
- UNEXPECTED	:can be ignored when loading from different task/architecture; not ok if you expect identical arch.
2026-01-28 04:51:57,786 - INFO - HTTP Request: HEAD https://huggingface.co/sentence-transformers/all-MiniLM-L6-v2/resolve/main/config.json "HTTP/1.1 307 Temporary Redirect"
2026-01-28 04:51:57,790 - INFO - HTTP Request: HEAD https://huggingface.co/api/resolve-cache/models/sentence-transformers/all-MiniLM-L6-v2/c9745ed1d9f207416be6d2e6f8de32d1f16199bf/config.json "HTTP/1.1 200 OK"
2026-01-28 04:51:57,866 - INFO - HTTP Request: HEAD https://huggingface.co/sentence-transformers/all-MiniLM-L6-v2/resolve/main/tokenizer_config.json "HTTP/1.1 307 Temporary Redirect"
2026-01-28 04:51:57,871 - INFO - HTTP Request: HEAD https://huggingface.co/api/resolve-cache/models/sentence-transformers/all-MiniLM-L6-v2/c9745ed1d9f207416be6d2e6f8de32d1f16199bf/tokenizer_config.json "HTTP/1.1 200 OK"
2026-01-28 04:51:57,949 - INFO - HTTP Request: GET https://huggingface.co/api/models/sentence-transformers/all-MiniLM-L6-v2/tree/main/additional_chat_templates?recursive=false&expand=false "HTTP/1.1 404 Not Found"
2026-01-28 04:51:58,075 - INFO - HTTP Request: GET https://huggingface.co/api/models/sentence-transformers/all-MiniLM-L6-v2/tree/main?recursive=true&expand=false "HTTP/1.1 200 OK"
2026-01-28 04:51:58,202 - INFO - HTTP Request: HEAD https://huggingface.co/sentence-transformers/all-MiniLM-L6-v2/resolve/main/1_Pooling/config.json "HTTP/1.1 307 Temporary Redirect"
2026-01-28 04:51:58,206 - INFO - HTTP Request: HEAD https://huggingface.co/api/resolve-cache/models/sentence-transformers/all-MiniLM-L6-v2/c9745ed1d9f207416be6d2e6f8de32d1f16199bf/1_Pooling%2Fconfig.json "HTTP/1.1 200 OK"
2026-01-28 04:51:58,284 - INFO - HTTP Request: GET https://huggingface.co/api/models/sentence-transformers/all-MiniLM-L6-v2 "HTTP/1.1 200 OK"
2026-01-28 04:51:58,289 - INFO - AI Model loaded successfully.
2026-01-28 04:51:58,289 - INFO - --- Scraper service started (CI Mode: Run Once) ---
2026-01-28 04:51:58,289 - INFO - --- Starting new scraping job (Parallel Mode) ---
2026-01-28 04:51:58,289 - INFO - Creating new robust session with 3 retries on 5xx/connection/read errors.
2026-01-28 04:51:58,289 - INFO - Proxy is DISABLED.
2026-01-28 04:51:58,289 - INFO - Starting scrape for BBC RSS feed: http://feeds.bbci.co.uk/news/world/rss.xml
2026-01-28 04:51:58,290 - INFO - [Times of India] (Thread) requires Selenium. Initializing driver...
2026-01-28 04:51:58,290 - INFO - Starting scrape for The Guardian RSS feed: https://www.theguardian.com/world/rss
2026-01-28 04:51:58,291 - INFO - [The Hindu] (Thread) requires Selenium. Initializing driver...
2026-01-28 04:51:58,291 - INFO - Submitted 4 jobs to thread pool. Waiting up to 300s for completion...
2026-01-28 04:51:58,450 - INFO - Found 40 articles in BBC RSS feed. Processing up to 30.
2026-01-28 04:51:58,452 - INFO - [BBC] Early skip: URL https://www.bbc.com/news/articles/c0q425vg4qzo?at_medium=RSS&at_campaign=rss already exists.
2026-01-28 04:51:58,462 - INFO - Found 45 articles in The Guardian RSS feed. Processing up to 30.
2026-01-28 04:51:58,751 - INFO - [The Guardian] Early skip: URL https://www.theguardian.com/world/2026/jan/26/hundreds-feared-dead-after-attempting-to-cross-mediterranean-amid-cyclone-harry already exists.
2026-01-28 04:51:58,948 - INFO - [BBC] Early skip: URL https://www.bbc.com/news/articles/cn9zpee3llxo?at_medium=RSS&at_campaign=rss already exists.
2026-01-28 04:51:59,124 - INFO - [The Guardian] Early skip: URL https://www.theguardian.com/world/2026/jan/26/crocodile-warnings-floods-devastate-southern-africa already exists.
2026-01-28 04:51:59,255 - INFO - [BBC] Early skip: URL https://www.bbc.com/news/articles/cjw1pn4lwjqo?at_medium=RSS&at_campaign=rss already exists.
2026-01-28 04:51:59,386 - INFO - [The Guardian] Early skip: URL https://www.theguardian.com/world/2026/jan/23/guinea-bissau-hepatitis-b-vaccine-study already exists.
2026-01-28 04:51:59,634 - INFO - [BBC] Early skip: URL https://www.bbc.com/news/articles/cj3vp84j1l3o?at_medium=RSS&at_campaign=rss already exists.
2026-01-28 04:51:59,869 - INFO - [The Guardian] Early skip: URL https://www.theguardian.com/global-development/2026/jan/22/actionaid-rethink-child-sponsorship-decolonise-funding already exists.
2026-01-28 04:52:00,145 - INFO - [BBC] Early skip: URL https://www.bbc.com/news/articles/cy8y2jxx9ppo?at_medium=RSS&at_campaign=rss already exists.
2026-01-28 04:52:00,264 - INFO - [The Guardian] Early skip: URL https://www.theguardian.com/us-news/2026/jan/20/us-diplomats-urged-to-remind-african-leaders-of-us-generosity-despite-usaid-closing already exists.
2026-01-28 04:52:00,458 - INFO - [BBC] Early skip: URL https://www.bbc.com/news/articles/cy8p1mn3j29o?at_medium=RSS&at_campaign=rss already exists.
2026-01-28 04:52:00,640 - INFO - [The Guardian] Article: https://www.theguardian.com/world/2026/jan/28/can-venezuelas-delcy-rodriguez-become-a-latin-american-deng-xiaoping
2026-01-28 04:52:00,640 - INFO - [The Guardian] Attempt 1/1: Trying with 'requests_browser' strategy...
2026-01-28 04:52:00,641 - INFO - [BBC] Early skip: URL https://www.bbc.com/news/articles/crkrpl4ngdzo?at_medium=RSS&at_campaign=rss already exists.
2026-01-28 04:52:00,823 - INFO - [The Guardian] Success with 'requests_browser'. Found content (1260 words).
2026-01-28 04:52:04,528 - INFO - Selenium driver initialized successfully.
2026-01-28 04:52:04,528 - INFO - Starting scrape for The Hindu RSS feed: https://www.thehindu.com/news/national/feeder/default.rss
2026-01-28 04:52:04,530 - INFO - Selenium driver initialized successfully.
2026-01-28 04:52:04,531 - INFO - Starting scrape for Times of India RSS feed: https://timesofindia.indiatimes.com/rssfeeds/296589292.cms
2026-01-28 04:52:04,836 - INFO - Found 100 articles in The Hindu RSS feed. Processing up to 30.
2026-01-28 04:52:04,897 - INFO - Found 20 articles in Times of India RSS feed. Processing up to 30.
2026-01-28 04:52:44,303 - INFO - Saved article: Can Venezuela’s Delcy Rodríguez become a Latin American Deng Xiaoping? | Venezuela | The Guardian from The Guardian (1260 words)
2026-01-28 04:52:44,304 - INFO - [BBC] Article: https://www.bbc.com/news/articles/cz7y2gy4p24o?at_medium=RSS&at_campaign=rss
2026-01-28 04:52:44,304 - INFO - [BBC] Attempt 1/1: Trying with 'requests_browser' strategy...
2026-01-28 04:52:44,305 - INFO - [The Hindu] Article: https://www.thehindu.com/news/national/maharashtra/maharshtra-plane-crash-ajit-pawar-dead-updates/article70559359.ece
2026-01-28 04:52:44,305 - INFO - [The Hindu] Attempt 1/1: Trying with 'selenium_browser' strategy...
2026-01-28 04:52:44,306 - INFO - [Times of India] Article: https://timesofindia.indiatimes.com/world/uk/video-keir-starmer-dons-top-gun-aviators-to-poke-fun-at-macron-french-pm-plays-plays-along/articleshow/127672816.cms
2026-01-28 04:52:44,306 - INFO - [Times of India] Attempt 1/1: Trying with 'selenium_browser' strategy...
2026-01-28 04:52:44,678 - INFO - [BBC] Success with 'requests_browser'. Found content (366 words).
2026-01-28 04:53:07,248 - ERROR - [The Hindu] Request failed for strategy 'selenium_browser' on URL https://www.thehindu.com/news/national/maharashtra/maharshtra-plane-crash-ajit-pawar-dead-updates/article70559359.ece: Message: timeout: Timed out receiving message from renderer: 18.866
  (Session info: chrome=144.0.7559.59)
Stacktrace:
#0 0x5575956704ba <unknown>
#1 0x5575950d9492 <unknown>
#2 0x5575950c0b47 <unknown>
#3 0x5575950c0756 <unknown>
#4 0x5575950be271 <unknown>
#5 0x5575950bebff <unknown>
#6 0x5575950ce150 <unknown>
#7 0x5575950e8147 <unknown>
#8 0x5575950ef34b <unknown>
#9 0x5575950bf369 <unknown>
#10 0x5575950e7eda <unknown>
#11 0x557595177a78 <unknown>
#12 0x5575951206a2 <unknown>
#13 0x557595121491 <unknown>
#14 0x557595636479 <unknown>
#15 0x557595639391 <unknown>
#16 0x557595622a89 <unknown>
#17 0x557595639f4e <unknown>
#18 0x557595609070 <unknown>
#19 0x55759565dca8 <unknown>
#20 0x55759565de78 <unknown>
#21 0x55759566f828 <unknown>
#22 0x7f920cc9caa4 <unknown>
#23 0x7f920cd29c6c <unknown>

2026-01-28 04:53:07,248 - ERROR - [The Hindu] All scrape strategies failed for https://www.thehindu.com/news/national/maharashtra/maharshtra-plane-crash-ajit-pawar-dead-updates/article70559359.ece. Falling back to RSS description.
2026-01-28 04:53:07,248 - WARNING - SKIPPED (GLOBAL WORD LIMIT): Article 'Maharashtra Dy CM Ajit Pawar, four others, killed in Baramati plane crash | LIVE' from The Hindu has only 23 words (Min: 90).
2026-01-28 04:53:13,621 - ERROR - [Times of India] Request failed for strategy 'selenium_browser' on URL https://timesofindia.indiatimes.com/world/uk/video-keir-starmer-dons-top-gun-aviators-to-poke-fun-at-macron-french-pm-plays-plays-along/articleshow/127672816.cms: Message: timeout: Timed out receiving message from renderer: 19.754
  (Session info: chrome=144.0.7559.59)
Stacktrace:
#0 0x559d41bdc4ba <unknown>
#1 0x559d41645492 <unknown>
#2 0x559d4162cb47 <unknown>
#3 0x559d4162c756 <unknown>
#4 0x559d4162a271 <unknown>
#5 0x559d4162abff <unknown>
#6 0x559d4163a150 <unknown>
#7 0x559d41654147 <unknown>
#8 0x559d4165b34b <unknown>
#9 0x559d4162b369 <unknown>
#10 0x559d41653eda <unknown>
#11 0x559d416e3a78 <unknown>
#12 0x559d4168c6a2 <unknown>
#13 0x559d4168d491 <unknown>
#14 0x559d41ba2479 <unknown>
#15 0x559d41ba5391 <unknown>
#16 0x559d41b8ea89 <unknown>
#17 0x559d41ba5f4e <unknown>
#18 0x559d41b75070 <unknown>
#19 0x559d41bc9ca8 <unknown>
#20 0x559d41bc9e78 <unknown>
#21 0x559d41bdb828 <unknown>
#22 0x7f9c70c9caa4 <unknown>
#23 0x7f9c70d29c6c <unknown>

2026-01-28 04:53:13,621 - ERROR - [Times of India] All scrape strategies failed for https://timesofindia.indiatimes.com/world/uk/video-keir-starmer-dons-top-gun-aviators-to-poke-fun-at-macron-french-pm-plays-plays-along/articleshow/127672816.cms. Falling back to RSS description.
2026-01-28 04:53:13,621 - WARNING - SKIPPED (GLOBAL WORD LIMIT): Article 'Video: Keir Starmer dons 'Top Gun' aviators to poke fun at Macron; French PM plays plays along' from Times of India has only 54 words (Min: 90).
2026-01-28 04:53:49,567 - INFO - Saved article: Mexico president Claudia Sheinbaum asks South Korea for more BTS concerts from BBC (366 words)
2026-01-28 04:53:49,568 - INFO - [The Guardian] Early skip: URL https://www.theguardian.com/world/2026/jan/27/mexico-cuba-trump-oil already exists.
2026-01-28 04:53:49,804 - INFO - [The Hindu] Article: https://www.thehindu.com/news/national/maharashtra/maharashtra-dy-cm-ajit-pawars-aircraft-crashes-in-baramati/article70559338.ece
2026-01-28 04:53:49,804 - INFO - [The Hindu] Attempt 1/1: Trying with 'selenium_browser' strategy...
2026-01-28 04:53:49,805 - INFO - [Times of India] Article: https://timesofindia.indiatimes.com/world/us/watch-us-democratic-representative-ilhan-omar-sprayed-with-unknown-susbtance-during-speech-in-minneapolis/articleshow/127669310.cms
2026-01-28 04:53:49,805 - INFO - [Times of India] Attempt 1/1: Trying with 'selenium_browser' strategy...
2026-01-28 04:53:49,806 - INFO - [The Guardian] Early skip: URL https://www.theguardian.com/us-news/2026/jan/27/five-year-old-girl-us-citizen-and-mother-deported-honduras already exists.
2026-01-28 04:53:50,046 - INFO - [The Guardian] Early skip: URL https://www.theguardian.com/us-news/2026/jan/26/canadian-ryan-wedding-ex-olympian-drug-trafficking already exists.
2026-01-28 04:53:50,308 - INFO - [The Guardian] Early skip: URL https://www.theguardian.com/world/2026/jan/26/guyana-opposition-leader-us-extradition already exists.
2026-01-28 04:53:50,530 - INFO - [The Guardian] Early skip: URL https://www.theguardian.com/australia-news/live/2026/jan/28/australia-news-live-anthony-albanese-timor-leste-heatwave-nsw-bushfires-victoria-weather-liberals-leadership-sussan-ley-andrew-hastie-angus-taylor-ntwnfb already exists.
2026-01-28 04:53:50,825 - INFO - [BBC] Article: https://www.bbc.com/news/articles/cn0kpk3drgjo?at_medium=RSS&at_campaign=rss
2026-01-28 04:53:50,825 - INFO - [BBC] Attempt 1/1: Trying with 'requests_browser' strategy...
2026-01-28 04:53:50,826 - INFO - [The Guardian] Early skip: URL https://www.theguardian.com/world/2026/jan/28/new-zealand-landslides-climate-crisis-storms already exists.
2026-01-28 04:53:50,862 - INFO - [BBC] Success with 'requests_browser'. Found content (405 words).
2026-01-28 04:54:09,830 - ERROR - [Times of India] Request failed for strategy 'selenium_browser' on URL https://timesofindia.indiatimes.com/world/us/watch-us-democratic-representative-ilhan-omar-sprayed-with-unknown-susbtance-during-speech-in-minneapolis/articleshow/127669310.cms: Message: timeout: Timed out receiving message from renderer: 19.929
  (Session info: chrome=144.0.7559.59)
Stacktrace:
#0 0x559d41bdc4ba <unknown>
#1 0x559d41645492 <unknown>
#2 0x559d4162cb47 <unknown>
#3 0x559d4162c756 <unknown>
#4 0x559d4162a271 <unknown>
#5 0x559d4162abff <unknown>
#6 0x559d4163a150 <unknown>
#7 0x559d41654147 <unknown>
#8 0x559d4165b34b <unknown>
#9 0x559d4162b369 <unknown>
#10 0x559d41653eda <unknown>
#11 0x559d416e3a78 <unknown>
#12 0x559d4168c6a2 <unknown>
#13 0x559d4168d491 <unknown>
#14 0x559d41ba2479 <unknown>
#15 0x559d41ba5391 <unknown>
#16 0x559d41b8ea89 <unknown>
#17 0x559d41ba5f4e <unknown>
#18 0x559d41b75070 <unknown>
#19 0x559d41bc9ca8 <unknown>
#20 0x559d41bc9e78 <unknown>
#21 0x559d41bdb828 <unknown>
#22 0x7f9c70c9caa4 <unknown>
#23 0x7f9c70d29c6c <unknown>

2026-01-28 04:54:09,830 - ERROR - [Times of India] All scrape strategies failed for https://timesofindia.indiatimes.com/world/us/watch-us-democratic-representative-ilhan-omar-sprayed-with-unknown-susbtance-during-speech-in-minneapolis/articleshow/127669310.cms. Falling back to RSS description.
2026-01-28 04:54:09,830 - WARNING - SKIPPED (GLOBAL WORD LIMIT): Article 'Townhall attack: Congresswoman Ilhan Omar sprayed with unknown substance; assailant in custody' from Times of India has only 3 words (Min: 90).
2026-01-28 04:54:09,833 - ERROR - [The Hindu] Request failed for strategy 'selenium_browser' on URL https://www.thehindu.com/news/national/maharashtra/maharashtra-dy-cm-ajit-pawars-aircraft-crashes-in-baramati/article70559338.ece: Message: timeout: Timed out receiving message from renderer: 20.000
  (Session info: chrome=144.0.7559.59)
Stacktrace:
#0 0x5575956704ba <unknown>
#1 0x5575950d9492 <unknown>
#2 0x5575950c0b47 <unknown>
#3 0x5575950c0756 <unknown>
#4 0x5575950be271 <unknown>
#5 0x5575950bebff <unknown>
#6 0x5575950ce150 <unknown>
#7 0x5575950e8147 <unknown>
#8 0x5575950ef34b <unknown>
#9 0x5575950bf369 <unknown>
#10 0x5575950e7eda <unknown>
#11 0x5575951775c2 <unknown>
#12 0x5575951206a2 <unknown>
#13 0x557595121491 <unknown>
#14 0x557595636479 <unknown>
#15 0x557595639391 <unknown>
#16 0x557595622a89 <unknown>
#17 0x557595639f4e <unknown>
#18 0x557595609070 <unknown>
#19 0x55759565dca8 <unknown>
#20 0x55759565de78 <unknown>
#21 0x55759566f828 <unknown>
#22 0x7f920cc9caa4 <unknown>
#23 0x7f920cd29c6c <unknown>

2026-01-28 04:54:09,833 - ERROR - [The Hindu] All scrape strategies failed for https://www.thehindu.com/news/national/maharashtra/maharashtra-dy-cm-ajit-pawars-aircraft-crashes-in-baramati/article70559338.ece. Falling back to RSS description.
2026-01-28 04:54:09,833 - WARNING - SKIPPED (GLOBAL WORD LIMIT): Article 'Maharashtra Dy CM Ajit Pawar, four others killed after plane crash in Baramati' from The Hindu has only 11 words (Min: 90).
2026-01-28 04:54:39,253 - INFO - Saved article: Trump says US will 'no longer help Iraq' if it picks Maliki as PM from BBC (405 words)
2026-01-28 04:54:39,254 - INFO - [The Guardian] Early skip: URL https://www.theguardian.com/business/2026/jan/27/very-low-bar-analysts-say-starmer-faces-slim-pickings-in-china already exists.
2026-01-28 04:54:39,376 - INFO - [Times of India] Article: https://timesofindia.indiatimes.com/world/us/another-beautiful-armada-floating-toward-iran-donald-trump-hopes-tehran-makes-a-deal-amid-rising-tension/articleshow/127669610.cms
2026-01-28 04:54:39,376 - INFO - [Times of India] Attempt 1/1: Trying with 'selenium_browser' strategy...
2026-01-28 04:54:39,376 - INFO - [The Hindu] Early skip: URL https://www.thehindu.com/news/national/parliament-budget-session-2026-live-updates-on-jan-28-2026/article70559267.ece already exists.
2026-01-28 04:54:39,494 - INFO - [The Hindu] Early skip: URL https://www.thehindu.com/news/cities/Hyderabad/india-looking-to-deepen-global-aviation-partnerships-at-wings-india-2026-says-civil-aviation-minister-rammohan-naidu/article70559277.ece already exists.
2026-01-28 04:54:39,640 - INFO - [The Hindu] Article: https://www.thehindu.com/entertainment/movies/first-look-of-joju-george-and-lijomol-jose-starrer-aja-sundari-out/article70556949.ece
2026-01-28 04:54:39,640 - INFO - [The Hindu] Attempt 1/1: Trying with 'selenium_browser' strategy...
2026-01-28 04:54:39,641 - INFO - [The Guardian] Early skip: URL https://www.theguardian.com/world/2026/jan/27/last-of-japan-pandas-leave-china already exists.
2026-01-28 04:54:39,806 - INFO - [The Guardian] Early skip: URL https://www.theguardian.com/world/2026/jan/27/trump-raises-south-korea-tariffs-carmakers-shares-fall already exists.
2026-01-28 04:54:40,048 - INFO - [The Guardian] Article: https://www.theguardian.com/australia-news/2026/jan/28/china-ambassador-xiao-qian-port-darwin-warning
2026-01-28 04:54:40,048 - INFO - [The Guardian] Attempt 1/1: Trying with 'requests_browser' strategy...
2026-01-28 04:54:40,198 - INFO - [BBC] Article: https://www.bbc.com/news/articles/crmlpl0w2z2o?at_medium=RSS&at_campaign=rss
2026-01-28 04:54:40,198 - INFO - [BBC] Attempt 1/1: Trying with 'requests_browser' strategy...
2026-01-28 04:54:40,230 - INFO - [The Guardian] Success with 'requests_browser'. Found content (656 words).
2026-01-28 04:54:40,314 - INFO - [BBC] Success with 'requests_browser'. Found content (371 words).
2026-01-28 04:54:40,421 - INFO - [Times of India] Page content loaded.
2026-01-28 04:54:40,639 - INFO - [Times of India] Success with 'selenium_browser'. Found content (377 words).
2026-01-28 04:54:59,660 - ERROR - [The Hindu] Request failed for strategy 'selenium_browser' on URL https://www.thehindu.com/entertainment/movies/first-look-of-joju-george-and-lijomol-jose-starrer-aja-sundari-out/article70556949.ece: Message: timeout: Timed out receiving message from renderer: 20.000
  (Session info: chrome=144.0.7559.59)
Stacktrace:
#0 0x5575956704ba <unknown>
#1 0x5575950d9492 <unknown>
#2 0x5575950c0b47 <unknown>
#3 0x5575950c0756 <unknown>
#4 0x5575950be271 <unknown>
#5 0x5575950bebff <unknown>
#6 0x5575950ce150 <unknown>
#7 0x5575950e8147 <unknown>
#8 0x5575950ef34b <unknown>
#9 0x5575950bf369 <unknown>
#10 0x5575950e7eda <unknown>
#11 0x5575951775c2 <unknown>
#12 0x5575951206a2 <unknown>
#13 0x557595121491 <unknown>
#14 0x557595636479 <unknown>
#15 0x557595639391 <unknown>
#16 0x557595622a89 <unknown>
#17 0x557595639f4e <unknown>
#18 0x557595609070 <unknown>
#19 0x55759565dca8 <unknown>
#20 0x55759565de78 <unknown>
#21 0x55759566f828 <unknown>
#22 0x7f920cc9caa4 <unknown>
#23 0x7f920cd29c6c <unknown>

2026-01-28 04:54:59,660 - ERROR - [The Hindu] All scrape strategies failed for https://www.thehindu.com/entertainment/movies/first-look-of-joju-george-and-lijomol-jose-starrer-aja-sundari-out/article70556949.ece. Falling back to RSS description.
2026-01-28 04:54:59,660 - WARNING - SKIPPED (GLOBAL WORD LIMIT): Article 'First look of Joju George and Lijomol Jose starrer ‘Aja Sundari’ is out' from The Hindu has only 13 words (Min: 90).
2026-01-28 04:55:28,032 - INFO - Saved article: China’s ambassador warns Albanese reclaiming Port of Darwin will force Beijing to intervene | Foreign investment | The Guardian from The Guardian (656 words)
2026-01-28 04:56:12,662 - INFO - Saved article: Neil Young offers Greenland free access to his catalogue from BBC (371 words)
2026-01-28 04:56:57,241 - INFO - DEDUPLICATION: Found match (Score: 0.88). Linking to Cluster ID: 5ba52d80-f669-43c1-9830-278de1ba95df
2026-01-28 04:56:57,244 - INFO - Saved article: ‘Another beautiful armada floating toward Iran’: Donald Trump hopes Tehran makes a deal amid rising tension - The Times of India from Times of India (377 words)
2026-01-28 04:56:57,244 - INFO - [The Hindu] Article: https://www.thehindu.com/news/national/karnataka/karnataka-bus-fire-private-sleeper-bus-hosanagara/article70559198.ece
2026-01-28 04:56:57,244 - INFO - [The Hindu] Attempt 1/1: Trying with 'selenium_browser' strategy...
2026-01-28 04:56:57,245 - INFO - [The Guardian] Article: https://www.theguardian.com/australia-news/2026/jan/28/scott-morrison-muslim-speech-religious-freedoms-ntwnfb
2026-01-28 04:56:57,246 - INFO - [The Guardian] Attempt 1/1: Trying with 'requests_browser' strategy...
2026-01-28 04:56:57,247 - INFO - [BBC] Early skip: URL https://www.bbc.com/news/articles/c62n6gw1dp9o?at_medium=RSS&at_campaign=rss already exists.
2026-01-28 04:56:57,413 - INFO - [The Guardian] Success with 'requests_browser'. Found content (793 words).
2026-01-28 04:56:58,291 - CRITICAL - --- TIMEOUT: 4 scrape jobs did not complete in 300s. ---
2026-01-28 04:56:58,291 - ERROR - A thread has timed out and will be abandoned.
2026-01-28 04:56:58,291 - ERROR - A thread has timed out and will be abandoned.
2026-01-28 04:56:58,291 - ERROR - A thread has timed out and will be abandoned.
2026-01-28 04:56:58,291 - ERROR - A thread has timed out and will be abandoned.
2026-01-28 04:56:58,291 - INFO - Shutting down thread pool (wait=False)...
2026-01-28 04:56:58,292 - INFO - Scraped: 4 Timed_Out_Jobs articles. (Total saved: 0)
2026-01-28 04:56:58,292 - INFO - --- Scraping job finished ---
2026-01-28 04:56:58,292 - INFO - --- Scraper service stopped and database connection closed. ---
2026-01-28 04:56:58,292 - INFO - --- Main thread finished. Forcing process exit to kill zombie threads. ---
