2025-12-29 19:41:33,977 - INFO - Loading AI Semantic Model (all-MiniLM-L6-v2)...
2025-12-29 19:41:33,977 - INFO - Use pytorch device_name: cpu
2025-12-29 19:41:33,977 - INFO - Load pretrained SentenceTransformer: all-MiniLM-L6-v2
2025-12-29 19:41:34,995 - INFO - AI Model loaded successfully.
2025-12-29 19:41:34,995 - INFO - --- Scraper service started (CI Mode: Run Once) ---
2025-12-29 19:41:34,995 - INFO - --- Starting new scraping job (Parallel Mode) ---
2025-12-29 19:41:34,995 - INFO - Creating new robust session with 3 retries on 5xx/connection/read errors.
2025-12-29 19:41:34,995 - INFO - Proxy is DISABLED.
2025-12-29 19:41:34,996 - INFO - Starting scrape for BBC RSS feed: http://feeds.bbci.co.uk/news/world/rss.xml
2025-12-29 19:41:34,997 - INFO - [Times of India] (Thread) requires Selenium. Initializing driver...
2025-12-29 19:41:34,997 - INFO - Starting scrape for The Guardian RSS feed: https://www.theguardian.com/world/rss
2025-12-29 19:41:34,998 - INFO - [The Hindu] (Thread) requires Selenium. Initializing driver...
2025-12-29 19:41:34,998 - INFO - Submitted 4 jobs to thread pool. Waiting up to 300s for completion...
2025-12-29 19:41:35,232 - INFO - Found 45 articles in The Guardian RSS feed. Processing up to 30.
2025-12-29 19:41:35,232 - INFO - [The Guardian] Early skip: URL https://www.theguardian.com/world/2025/dec/29/more-than-3000-migrants-died-spain-figure-down already exists.
2025-12-29 19:41:35,491 - INFO - [The Guardian] Early skip: URL https://www.theguardian.com/sport/2025/dec/29/anthony-joshua-injured-car-crash-nigeria already exists.
2025-12-29 19:41:35,576 - INFO - Found 40 articles in BBC RSS feed. Processing up to 30.
2025-12-29 19:41:35,601 - INFO - [BBC] Early skip: URL https://www.bbc.com/news/articles/c4g4g5lgngvo?at_medium=RSS&at_campaign=rss already exists.
2025-12-29 19:41:35,800 - INFO - [The Guardian] Early skip: URL https://www.theguardian.com/world/2025/dec/28/central-african-republic-goes-to-polls-as-president-seeks-third-term already exists.
2025-12-29 19:41:36,034 - INFO - [BBC] Early skip: URL https://www.bbc.com/news/articles/c9w7wgrk01do?at_medium=RSS&at_campaign=rss already exists.
2025-12-29 19:41:36,312 - INFO - [The Guardian] Early skip: URL https://www.theguardian.com/world/2025/dec/27/guinea-junta-leader-mamady-doumbouya-frontrunner-president-election already exists.
2025-12-29 19:41:36,581 - INFO - [BBC] Early skip: URL https://www.bbc.com/news/articles/cdj8jr37y98o?at_medium=RSS&at_campaign=rss already exists.
2025-12-29 19:41:36,822 - INFO - [The Guardian] Early skip: URL https://www.theguardian.com/world/2025/dec/26/israel-first-country-to-recognise-somaliland-sovereign-state already exists.
2025-12-29 19:41:36,956 - INFO - [BBC] Early skip: URL https://www.bbc.com/news/articles/cd74pxvrp10o?at_medium=RSS&at_campaign=rss already exists.
2025-12-29 19:41:37,155 - INFO - [The Guardian] Early skip: URL https://www.theguardian.com/world/2025/dec/29/mexico-train-derailment-oaxaca already exists.
2025-12-29 19:41:37,409 - INFO - [BBC] Early skip: URL https://www.bbc.com/news/articles/cj4qp17e1lqo?at_medium=RSS&at_campaign=rss already exists.
2025-12-29 19:41:37,545 - INFO - [The Guardian] Early skip: URL https://www.theguardian.com/us-news/2025/dec/29/trump-venezuela-facility-strike already exists.
2025-12-29 19:41:37,764 - INFO - [BBC] Early skip: URL https://www.bbc.com/news/articles/cwypyq9dvggo?at_medium=RSS&at_campaign=rss already exists.
2025-12-29 19:41:37,927 - INFO - [The Guardian] Early skip: URL https://www.theguardian.com/world/2025/dec/29/brazil-ex-president-jair-bolsonaro-hiccups-treatment already exists.
2025-12-29 19:41:38,028 - INFO - [BBC] Early skip: URL https://www.bbc.com/news/articles/c87l7xjp235o?at_medium=RSS&at_campaign=rss already exists.
2025-12-29 19:41:38,165 - INFO - [The Guardian] Early skip: URL https://www.theguardian.com/world/2025/dec/26/venezuela-political-prisoner-release already exists.
2025-12-29 19:41:38,437 - INFO - [BBC] Early skip: URL https://www.bbc.com/news/articles/cx2g263v3kzo?at_medium=RSS&at_campaign=rss already exists.
2025-12-29 19:41:38,589 - INFO - [The Guardian] Early skip: URL https://www.theguardian.com/world/2025/dec/26/weather-tracker-deep-freeze-canada-us-records-warmest-christmas already exists.
2025-12-29 19:41:38,844 - INFO - [BBC] Early skip: URL https://www.bbc.com/news/articles/c0l93lx1rx3o?at_medium=RSS&at_campaign=rss already exists.
2025-12-29 19:41:39,032 - INFO - [The Guardian] Early skip: URL https://www.theguardian.com/technology/2025/dec/29/softbank-digitalbridge-deal-artificial-intelligence already exists.
2025-12-29 19:41:39,144 - INFO - [BBC] Early skip: URL https://www.bbc.com/news/articles/cly92pr8qryo?at_medium=RSS&at_campaign=rss already exists.
2025-12-29 19:41:39,340 - INFO - [The Guardian] Early skip: URL https://www.theguardian.com/world/2025/dec/29/china-live-fire-military-drills-around-taiwan already exists.
2025-12-29 19:41:39,636 - INFO - [BBC] Early skip: URL https://www.bbc.com/news/articles/ce3z3w4wy0go?at_medium=RSS&at_campaign=rss already exists.
2025-12-29 19:41:39,874 - INFO - [The Guardian] Early skip: URL https://www.theguardian.com/business/2025/dec/29/chinese-imports-uk-inflation-trump-tariffs already exists.
2025-12-29 19:41:40,001 - INFO - [BBC] Early skip: URL https://www.bbc.com/news/articles/c4g6gw30epvo?at_medium=RSS&at_campaign=rss already exists.
2025-12-29 19:41:40,119 - INFO - [The Guardian] Early skip: URL https://www.theguardian.com/world/2025/dec/29/osaki-japan-town-record-bear-encounters-2025 already exists.
2025-12-29 19:41:40,309 - INFO - [BBC] Early skip: URL https://www.bbc.com/news/articles/cx2328e70y7o?at_medium=RSS&at_campaign=rss already exists.
2025-12-29 19:41:40,548 - INFO - [BBC] Early skip: URL https://www.bbc.com/news/articles/cdj817m37rgo?at_medium=RSS&at_campaign=rss already exists.
2025-12-29 19:41:40,829 - INFO - [The Guardian] Early skip: URL https://www.theguardian.com/world/2025/dec/29/boy-5-killed-after-arm-trapped-in-ski-resort-travelator-in-japan-hokkaido already exists.
2025-12-29 19:41:41,114 - INFO - [BBC] Early skip: URL https://www.bbc.com/news/articles/cy7vly6gm76o?at_medium=RSS&at_campaign=rss already exists.
2025-12-29 19:41:41,251 - INFO - [The Guardian] Early skip: URL https://www.theguardian.com/australia-news/2025/dec/29/wounded-hero-ahmed-al-ahmed-speaks-of-saving-lives-at-bondi-beach-ntwnfb already exists.
2025-12-29 19:41:41,288 - INFO - Selenium driver initialized successfully.
2025-12-29 19:41:41,288 - INFO - Starting scrape for The Hindu RSS feed: https://www.thehindu.com/news/national/feeder/default.rss
2025-12-29 19:41:41,289 - INFO - Selenium driver initialized successfully.
2025-12-29 19:41:41,289 - INFO - Starting scrape for Times of India RSS feed: https://timesofindia.indiatimes.com/rssfeeds/296589292.cms
2025-12-29 19:41:41,482 - INFO - [BBC] Early skip: URL https://www.bbc.com/news/videos/c05834pp6jno?at_medium=RSS&at_campaign=rss already exists.
2025-12-29 19:41:41,530 - INFO - Found 100 articles in The Hindu RSS feed. Processing up to 30.
2025-12-29 19:41:41,545 - INFO - Found 20 articles in Times of India RSS feed. Processing up to 30.
2025-12-29 19:41:41,697 - INFO - [The Guardian] Early skip: URL https://www.theguardian.com/australia-news/2025/dec/30/albaneses-refusal-to-heed-families-pleas-for-bondi-inquiry-is-hard-to-understand-and-easy-for-opposition-to-attack-ntwnfb already exists.
2025-12-29 19:41:41,958 - INFO - [The Hindu] Article: https://www.thehindu.com/news/national/maharashtra/deadline-looming-parties-rush-to-name-candidates-for-maharashtra-civic-polls/article70450168.ece
2025-12-29 19:41:41,958 - INFO - [The Hindu] Attempt 1/1: Trying with 'selenium_browser' strategy...
2025-12-29 19:41:41,959 - INFO - [Times of India] Article: https://timesofindia.indiatimes.com/world/us/major-explosion-in-dock-area-us-hits-drug-boat-loading-facility-in-venezuela-trump-announces/articleshow/126238825.cms
2025-12-29 19:41:41,959 - INFO - [Times of India] Attempt 1/1: Trying with 'selenium_browser' strategy...
2025-12-29 19:41:41,959 - INFO - [BBC] Early skip: URL https://www.bbc.com/news/articles/cp8966ew7y7o?at_medium=RSS&at_campaign=rss already exists.
2025-12-29 19:41:42,124 - INFO - [The Guardian] Early skip: URL https://www.theguardian.com/australia-news/2025/dec/30/david-dungay-jr-protest-deaths-in-custody-nsw-new-laws-ntwnfb already exists.
2025-12-29 19:41:42,423 - INFO - [The Guardian] Early skip: URL https://www.theguardian.com/environment/2025/dec/30/queensland-to-continue-to-allow-farmers-to-shoot-flying-foxes-after-revoking-ban-on-controversial-practice already exists.
2025-12-29 19:41:42,590 - INFO - [BBC] Early skip: URL https://www.bbc.com/news/articles/c3r7ge7937qo?at_medium=RSS&at_campaign=rss already exists.
2025-12-29 19:41:42,805 - INFO - [The Guardian] Early skip: URL https://www.theguardian.com/australia-news/2025/dec/30/pauline-hanson-travelled-to-us-on-gina-rineharts-private-jet-to-attend-cpac already exists.
2025-12-29 19:41:42,991 - INFO - [BBC] Early skip: URL https://www.bbc.com/news/articles/cqxq59np394o?at_medium=RSS&at_campaign=rss already exists.
2025-12-29 19:41:43,260 - INFO - [The Guardian] Article: https://www.theguardian.com/film/2025/dec/29/george-clooney-wife-amal-granted-french-citizenship
2025-12-29 19:41:43,260 - INFO - [The Guardian] Attempt 1/1: Trying with 'requests_browser' strategy...
2025-12-29 19:41:43,266 - INFO - [BBC] Early skip: URL https://www.bbc.com/news/articles/c3v1g227p4xo?at_medium=RSS&at_campaign=rss already exists.
2025-12-29 19:41:43,320 - INFO - [The Guardian] Success with 'requests_browser'. Found content (312 words).
2025-12-29 19:41:43,414 - INFO - [BBC] Early skip: URL https://www.bbc.com/news/articles/cd9z1k4g40jo?at_medium=RSS&at_campaign=rss already exists.
2025-12-29 19:41:43,709 - INFO - [BBC] Early skip: URL https://www.bbc.com/news/articles/cde61jz5653o?at_medium=RSS&at_campaign=rss already exists.
2025-12-29 19:41:47,652 - INFO - [The Hindu] Page content loaded.
2025-12-29 19:41:47,922 - INFO - [The Hindu] Success with 'selenium_browser'. Found content (492 words).
2025-12-29 19:41:55,041 - INFO - [Times of India] Page content loaded.
2025-12-29 19:41:56,041 - INFO - [Times of India] Success with 'selenium_browser'. Found content (399 words).
2025-12-29 19:42:44,163 - INFO - Saved article: George Clooney and wife Amal granted French citizenship | George Clooney | The Guardian from The Guardian (312 words)
2025-12-29 19:42:44,163 - INFO - [BBC] Early skip: URL https://www.bbc.com/news/articles/cpvd90k2zn4o?at_medium=RSS&at_campaign=rss already exists.
2025-12-29 19:43:33,878 - INFO - DEDUPLICATION: Found match (Score: 0.74). Linking to Cluster ID: 874a8867-61c1-4e78-9775-9d8b09b78573
2025-12-29 19:43:33,882 - INFO - Saved article: Deadline looming, parties rush to name candidates for Maharashtra civic polls - The Hindu from The Hindu (492 words)
2025-12-29 19:44:23,655 - INFO - DEDUPLICATION: Found match (Score: 0.87). Linking to Cluster ID: 9a5e444c-5b8b-480a-8481-42b48981765b
2025-12-29 19:44:23,657 - INFO - Saved article: 'Major explosion in dock area': US hits drug boat loading facility in Venezuela, Trump announces - The Times of India from Times of India (399 words)
2025-12-29 19:44:23,658 - INFO - [BBC] Early skip: URL https://www.bbc.com/news/articles/c17x7lnd1r7o?at_medium=RSS&at_campaign=rss already exists.
2025-12-29 19:44:23,955 - INFO - [The Guardian] Early skip: URL https://www.theguardian.com/world/live/2025/dec/29/ukraine-war-russia-us-zelenskyy-trump-security-guarantees-latest-news-updates already exists.
2025-12-29 19:44:24,129 - INFO - [The Hindu] Article: https://www.thehindu.com/news/national/west-bengal/chaos-at-sir-hearings-as-trinamool-demands-inclusion-of-booth-level-agents-during-proceedings/article70449867.ece
2025-12-29 19:44:24,129 - INFO - [The Hindu] Attempt 1/1: Trying with 'selenium_browser' strategy...
2025-12-29 19:44:24,130 - INFO - [BBC] Early skip: URL https://www.bbc.com/news/articles/cp9kp2kx329o?at_medium=RSS&at_campaign=rss already exists.
2025-12-29 19:44:24,311 - INFO - [The Guardian] Early skip: URL https://www.theguardian.com/world/2025/dec/29/volodymyr-zelenskyy-donald-trump-us-security-guarantees-ukraine already exists.
2025-12-29 19:44:24,577 - INFO - [The Guardian] Early skip: URL https://www.theguardian.com/world/2025/dec/29/germanys-far-right-afd-invited-to-join-munich-security-conference-2026 already exists.
2025-12-29 19:44:24,797 - INFO - [BBC] Early skip: URL https://www.bbc.com/news/articles/cy7vr76l521o?at_medium=RSS&at_campaign=rss already exists.
2025-12-29 19:44:24,912 - INFO - [BBC] Early skip: URL https://www.bbc.com/news/articles/cdxw7593x9zo?at_medium=RSS&at_campaign=rss already exists.
2025-12-29 19:44:25,079 - INFO - [The Guardian] Early skip: URL https://www.theguardian.com/world/2025/dec/29/kosovo-prime-minister-albin-kurti-wins-snap-election-to-end-political-deadlock already exists.
2025-12-29 19:44:25,204 - INFO - [BBC] Early skip: URL https://www.bbc.com/news/articles/c0je281pnwyo?at_medium=RSS&at_campaign=rss already exists.
2025-12-29 19:44:25,445 - INFO - [Times of India] Article: https://timesofindia.indiatimes.com/world/us/internet-personality-sneako-launches-anti-india-slurs-attacks-on-jd-vance-and-usha-says-i-would-run-over-him-with-cyber-truck/articleshow/126237949.cms
2025-12-29 19:44:25,445 - INFO - [Times of India] Attempt 1/1: Trying with 'selenium_browser' strategy...
2025-12-29 19:44:25,445 - INFO - [The Guardian] Early skip: URL https://www.theguardian.com/world/2025/dec/29/netanyahu-to-meet-trump-in-us-amid-fears-of-israeli-regional-offensives already exists.
2025-12-29 19:44:25,627 - INFO - [BBC] Early skip: URL https://www.bbc.com/news/articles/c20p78kp8pgo?at_medium=RSS&at_campaign=rss already exists.
2025-12-29 19:44:25,763 - INFO - [The Hindu] Page content loaded.
2025-12-29 19:44:25,881 - INFO - [BBC] Early skip: URL https://www.bbc.com/news/articles/c888rzkd0dzo?at_medium=RSS&at_campaign=rss already exists.
2025-12-29 19:44:26,158 - INFO - [The Guardian] Early skip: URL https://www.theguardian.com/world/2025/dec/29/gaza-ceasefire-hinges-return-last-israeli-hostage-netanyahu-trump already exists.
2025-12-29 19:44:26,380 - INFO - [The Hindu] Success with 'selenium_browser'. Found content (370 words).
2025-12-29 19:44:26,444 - INFO - [The Guardian] Early skip: URL https://www.theguardian.com/world/2025/dec/29/what-did-alaa-abd-el-fattah-say-past-social-media-posts-why-backlash already exists.
2025-12-29 19:44:42,344 - INFO - [Times of India] Page content loaded.
2025-12-29 19:44:42,574 - INFO - [Times of India] Success with 'selenium_browser'. Found content (116 words).
2025-12-29 19:45:21,197 - INFO - Saved article: Chaos at SIR hearings as Trinamool demands inclusion of booth level agents during proceedings - The Hindu from The Hindu (370 words)
2025-12-29 19:45:21,197 - INFO - [The Guardian] Early skip: URL https://www.theguardian.com/world/2025/dec/29/british-egyptian-rights-activist-alaa-abd-el-fattah-apologises-for-hurtful-tweets already exists.
2025-12-29 19:46:09,711 - INFO - DEDUPLICATION: Found match (Score: 0.80). Linking to Cluster ID: b349350d-c6b6-4b68-9b54-4dc5d8d1b2d9
2025-12-29 19:46:09,714 - INFO - Saved article: Internet personality Sneako launches anti-India slurs on JD Vance and Usha, says 'I would run over him with cyber truck' - The Times of India from Times of India (116 words)
2025-12-29 19:46:09,714 - INFO - [The Guardian] Early skip: URL https://www.theguardian.com/world/2025/dec/26/palestinian-man-kills-two-in-northern-israel-car-ramming-and-stabbing-attack-police-say already exists.
2025-12-29 19:46:09,916 - INFO - [The Hindu] Article: https://www.thehindu.com/news/cities/Hyderabad/11460-crore-budget-proposals-cleared-by-the-ghmc-standing-committee/article70450336.ece
2025-12-29 19:46:09,916 - INFO - [The Hindu] Attempt 1/1: Trying with 'selenium_browser' strategy...
2025-12-29 19:46:10,880 - INFO - [Times of India] Article: https://timesofindia.indiatimes.com/world/us/lame-and-un-american-vivek-ramaswamy-breaks-silence-counters-allegations-that-he-did-business-fraud-to-become-billionaire/articleshow/126238282.cms
2025-12-29 19:46:10,880 - INFO - [Times of India] Attempt 1/1: Trying with 'selenium_browser' strategy...
2025-12-29 19:46:12,509 - INFO - [Times of India] Page content loaded.
2025-12-29 19:46:12,642 - INFO - [Times of India] Success with 'selenium_browser'. Found content (470 words).
2025-12-29 19:46:17,187 - INFO - [The Hindu] Page content loaded.
2025-12-29 19:46:17,527 - INFO - [The Hindu] Success with 'selenium_browser'. Found content (329 words).
2025-12-29 19:46:34,999 - CRITICAL - --- TIMEOUT: 2 scrape jobs did not complete in 300s. ---
2025-12-29 19:46:34,999 - ERROR - A thread has timed out and will be abandoned.
2025-12-29 19:46:34,999 - ERROR - A thread has timed out and will be abandoned.
2025-12-29 19:46:34,999 - INFO - Shutting down thread pool (wait=False)...
2025-12-29 19:46:34,999 - INFO - Scraped: 0 BBC, 1 The Guardian, 2 Timed_Out_Jobs articles. (Total saved: 1)
2025-12-29 19:46:34,999 - INFO - --- Scraping job finished ---
2025-12-29 19:46:35,000 - INFO - --- Scraper service stopped and database connection closed. ---
2025-12-29 19:46:35,000 - INFO - --- Main thread finished. Forcing process exit to kill zombie threads. ---
