2025-12-18 03:27:27,919 - INFO - Loading AI Semantic Model (all-MiniLM-L6-v2)...
2025-12-18 03:27:27,919 - INFO - Use pytorch device_name: cpu
2025-12-18 03:27:27,919 - INFO - Load pretrained SentenceTransformer: all-MiniLM-L6-v2
2025-12-18 03:27:28,727 - INFO - AI Model loaded successfully.
2025-12-18 03:27:28,727 - INFO - --- Scraper service started (CI Mode: Run Once) ---
2025-12-18 03:27:28,727 - INFO - --- Starting new scraping job (Parallel Mode) ---
2025-12-18 03:27:28,728 - INFO - Creating new robust session with 3 retries on 5xx/connection/read errors.
2025-12-18 03:27:28,728 - INFO - Proxy is DISABLED.
2025-12-18 03:27:28,728 - INFO - Starting scrape for BBC RSS feed: http://feeds.bbci.co.uk/news/world/rss.xml
2025-12-18 03:27:28,729 - INFO - [Times of India] (Thread) requires Selenium. Initializing driver...
2025-12-18 03:27:28,729 - INFO - Starting scrape for The Guardian RSS feed: https://www.theguardian.com/world/rss
2025-12-18 03:27:28,730 - INFO - [The Hindu] (Thread) requires Selenium. Initializing driver...
2025-12-18 03:27:28,731 - INFO - Submitted 4 jobs to thread pool. Waiting up to 300s for completion...
2025-12-18 03:27:28,820 - INFO - Found 32 articles in BBC RSS feed. Processing up to 30.
2025-12-18 03:27:28,820 - INFO - [BBC] Early skip: URL https://www.bbc.com/news/articles/cx239pp7gl7o?at_medium=RSS&at_campaign=rss already exists.
2025-12-18 03:27:28,983 - INFO - [BBC] Article: https://www.bbc.com/news/videos/cn81dzj79glo?at_medium=RSS&at_campaign=rss
2025-12-18 03:27:28,983 - INFO - [BBC] Attempt 1/1: Trying with 'requests_browser' strategy...
2025-12-18 03:27:29,015 - INFO - Found 45 articles in The Guardian RSS feed. Processing up to 30.
2025-12-18 03:27:29,015 - INFO - [The Guardian] Early skip: URL https://www.theguardian.com/world/2025/dec/16/five-key-moments-in-the-assault-on-the-rights-of-women-and-girls-in-2025 already exists.
2025-12-18 03:27:29,165 - INFO - [The Guardian] Early skip: URL https://www.theguardian.com/world/2025/dec/16/south-africa-russia-men-tricked-fighting-ukraine already exists.
2025-12-18 03:27:29,214 - WARNING - [BBC] FAILED with 'requests_browser' (content was too short: 63 words).
2025-12-18 03:27:29,214 - ERROR - [BBC] All scrape strategies failed for https://www.bbc.com/news/videos/cn81dzj79glo?at_medium=RSS&at_campaign=rss. Falling back to RSS description.
2025-12-18 03:27:29,214 - WARNING - SKIPPED (GLOBAL WORD LIMIT): Article 'Watch: Moment Nick Reiner is arrested after being seen in convenience store' from BBC has only 25 words (Min: 90).
2025-12-18 03:27:29,382 - INFO - [The Guardian] Early skip: URL https://www.theguardian.com/world/2025/dec/16/libya-national-museum-reopens already exists.
2025-12-18 03:27:29,626 - INFO - [The Guardian] Early skip: URL https://www.theguardian.com/education/2025/dec/14/ghana-students-uk-universities-face-deportion-funding-crisis already exists.
2025-12-18 03:27:29,839 - INFO - [The Guardian] Early skip: URL https://www.theguardian.com/science/2025/dec/15/little-foot-hominin-fossil-may-be-new-species-of-human-ancestor already exists.
2025-12-18 03:27:30,040 - INFO - [The Guardian] Article: https://www.theguardian.com/us-news/2025/dec/17/military-strike-pacific-hegseth
2025-12-18 03:27:30,040 - INFO - [The Guardian] Attempt 1/1: Trying with 'requests_browser' strategy...
2025-12-18 03:27:30,063 - INFO - [The Guardian] Success with 'requests_browser'. Found content (297 words).
2025-12-18 03:27:58,040 - INFO - Selenium driver initialized successfully.
2025-12-18 03:27:58,041 - INFO - Selenium driver initialized successfully.
2025-12-18 03:27:58,041 - INFO - Starting scrape for Times of India RSS feed: https://timesofindia.indiatimes.com/rssfeeds/296589292.cms
2025-12-18 03:27:58,041 - INFO - Starting scrape for The Hindu RSS feed: https://www.thehindu.com/news/national/feeder/default.rss
2025-12-18 03:27:58,158 - INFO - Found 100 articles in The Hindu RSS feed. Processing up to 30.
2025-12-18 03:27:58,330 - INFO - Found 20 articles in Times of India RSS feed. Processing up to 30.
2025-12-18 03:28:21,714 - INFO - DEDUPLICATION: Found match (Score: 0.88). Linking to Cluster ID: 5c8f87ba-4ce7-4580-a80b-5896986b18c4
2025-12-18 03:28:21,717 - INFO - Saved article: US military carried out lethal strike on vessel in Pacific, killing four, says Pete Hegseth | US news | The Guardian from The Guardian (297 words)
2025-12-18 03:28:21,717 - INFO - [BBC] Early skip: URL https://www.bbc.com/news/articles/c9vjlj1ezpgo?at_medium=RSS&at_campaign=rss already exists.
2025-12-18 03:28:22,004 - INFO - [The Hindu] Article: https://www.thehindu.com/news/national/pnb-scam-belgium-top-court-endorses-lower-court-view-no-risk-of-denial-of-justice-to-choksi-in-india/article70409930.ece
2025-12-18 03:28:22,004 - INFO - [The Hindu] Attempt 1/1: Trying with 'selenium_browser' strategy...
2025-12-18 03:28:22,005 - INFO - [Times of India] Article: https://timesofindia.indiatimes.com/world/us-streamers/youtuber-ross-creations-under-investigation-for-launching-opossum-in-viral-video/articleshow/126045363.cms
2025-12-18 03:28:22,005 - INFO - [Times of India] Attempt 1/1: Trying with 'selenium_browser' strategy...
2025-12-18 03:28:22,005 - INFO - [BBC] Early skip: URL https://www.bbc.com/news/articles/cvgj0p5yl92o?at_medium=RSS&at_campaign=rss already exists.
2025-12-18 03:28:22,269 - INFO - [BBC] Early skip: URL https://www.bbc.com/news/articles/cx2e6r10rdeo?at_medium=RSS&at_campaign=rss already exists.
2025-12-18 03:28:22,532 - INFO - [BBC] Early skip: URL https://www.bbc.com/news/articles/c1kpr0dg130o?at_medium=RSS&at_campaign=rss already exists.
2025-12-18 03:28:22,785 - INFO - [The Guardian] Early skip: URL https://www.theguardian.com/world/2025/dec/17/canada-population-drop-international-students already exists.
2025-12-18 03:28:22,956 - INFO - [BBC] Early skip: URL https://www.bbc.com/news/articles/c4gej5ezyypo?at_medium=RSS&at_campaign=rss already exists.
2025-12-18 03:28:23,077 - INFO - [The Guardian] Early skip: URL https://www.theguardian.com/world/2025/dec/17/canada-polar-bear-adopts-new-cub already exists.
2025-12-18 03:28:23,213 - INFO - [BBC] Early skip: URL https://www.bbc.com/news/articles/cx2p4vw595jo?at_medium=RSS&at_campaign=rss already exists.
2025-12-18 03:28:23,419 - INFO - [The Guardian] Early skip: URL https://www.theguardian.com/world/2025/dec/17/what-action-is-trump-taking-against-venezuela-oil-industry already exists.
2025-12-18 03:28:23,527 - INFO - [BBC] Early skip: URL https://www.bbc.com/news/articles/c2468q3y75vo?at_medium=RSS&at_campaign=rss already exists.
2025-12-18 03:28:23,685 - INFO - [The Guardian] Early skip: URL https://www.theguardian.com/world/2025/dec/17/british-baker-outrages-mexicans-with-attack-on-ugly-bread already exists.
2025-12-18 03:28:23,829 - INFO - [BBC] Early skip: URL https://www.bbc.com/news/articles/c98nm1ry38jo?at_medium=RSS&at_campaign=rss already exists.
2025-12-18 03:28:24,057 - INFO - [The Guardian] Early skip: URL https://www.theguardian.com/world/2025/dec/18/china-to-raise-tax-condoms-boost-birth-rate already exists.
2025-12-18 03:28:24,311 - INFO - [BBC] Early skip: URL https://www.bbc.com/news/articles/cde657xj3pxo?at_medium=RSS&at_campaign=rss already exists.
2025-12-18 03:28:24,456 - INFO - [The Guardian] Early skip: URL https://www.theguardian.com/australia-news/2025/dec/17/bondi-terror-suspects-spent-whole-philippines-visit-in-city-and-rarely-left-hotel-staff-and-police-say already exists.
2025-12-18 03:28:24,614 - INFO - [BBC] Early skip: URL https://www.bbc.com/news/articles/cvg803v3erko?at_medium=RSS&at_campaign=rss already exists.
2025-12-18 03:28:24,872 - INFO - [BBC] Early skip: URL https://www.bbc.com/news/articles/c5yj8ew1pnlo?at_medium=RSS&at_campaign=rss already exists.
2025-12-18 03:28:25,089 - INFO - [BBC] Early skip: URL https://www.bbc.com/news/articles/cm21rvdwv1ro?at_medium=RSS&at_campaign=rss already exists.
2025-12-18 03:28:25,372 - INFO - [The Guardian] Early skip: URL https://www.theguardian.com/world/2025/dec/16/trump-urges-xi-jinping-to-free-hk-pro-democracy-media-tycoon-jimmy-lai already exists.
2025-12-18 03:28:25,479 - INFO - [The Guardian] Early skip: URL https://www.theguardian.com/business/2025/dec/15/uk-south-korea-sign-new-trade-deal-cars-food-drink-pharmaceutical-exports already exists.
2025-12-18 03:28:25,681 - INFO - [BBC] Early skip: URL https://www.bbc.com/news/articles/cz687wv9vqxo?at_medium=RSS&at_campaign=rss already exists.
2025-12-18 03:28:25,853 - INFO - [The Guardian] Early skip: URL https://www.theguardian.com/world/2025/dec/15/china-uyghur-human-rights-ice already exists.
2025-12-18 03:28:26,089 - INFO - [BBC] Early skip: URL https://www.bbc.com/news/articles/cx2e64lr3zeo?at_medium=RSS&at_campaign=rss already exists.
2025-12-18 03:28:26,381 - INFO - [BBC] Early skip: URL https://www.bbc.com/news/articles/c75vkw4veq1o?at_medium=RSS&at_campaign=rss already exists.
2025-12-18 03:28:26,670 - INFO - [The Guardian] Article: https://www.theguardian.com/australia-news/2025/dec/18/meg-oneill-ceo-moves-bp-from-woodside-energy
2025-12-18 03:28:26,670 - INFO - [The Guardian] Attempt 1/1: Trying with 'requests_browser' strategy...
2025-12-18 03:28:26,680 - INFO - [BBC] Early skip: URL https://www.bbc.com/news/articles/c4gkvxlpn55o?at_medium=RSS&at_campaign=rss already exists.
2025-12-18 03:28:26,851 - INFO - [BBC] Early skip: URL https://www.bbc.com/news/articles/cj691n02g8ko?at_medium=RSS&at_campaign=rss already exists.
2025-12-18 03:28:26,936 - INFO - [The Guardian] Success with 'requests_browser'. Found content (603 words).
2025-12-18 03:28:27,115 - INFO - [BBC] Early skip: URL https://www.bbc.com/news/articles/c8dy532193do?at_medium=RSS&at_campaign=rss already exists.
2025-12-18 03:28:32,804 - INFO - [The Hindu] Page content loaded.
2025-12-18 03:28:33,220 - INFO - [The Hindu] Success with 'selenium_browser'. Found content (817 words).
2025-12-18 03:29:45,761 - INFO - Saved article: Woodside Energy’s Meg O’Neill, who criticised ‘zealous’ young climate activists, moves to BP | Woodside | The Guardian from The Guardian (603 words)
2025-12-18 03:29:45,761 - INFO - [BBC] Early skip: URL https://www.bbc.com/news/articles/crk78y7k8ezo?at_medium=RSS&at_campaign=rss already exists.
2025-12-18 03:30:22,102 - ERROR - [Times of India] Request failed for strategy 'selenium_browser' on URL https://timesofindia.indiatimes.com/world/us-streamers/youtuber-ross-creations-under-investigation-for-launching-opossum-in-viral-video/articleshow/126045363.cms: HTTPConnectionPool(host='localhost', port=37517): Read timed out. (read timeout=120)
2025-12-18 03:30:22,102 - ERROR - [Times of India] All scrape strategies failed for https://timesofindia.indiatimes.com/world/us-streamers/youtuber-ross-creations-under-investigation-for-launching-opossum-in-viral-video/articleshow/126045363.cms. Falling back to RSS description.
2025-12-18 03:30:22,102 - WARNING - SKIPPED (GLOBAL WORD LIMIT): Article 'YouTuber Ross Creations under investigation for launching opossum in viral video' from Times of India has only 59 words (Min: 90).
2025-12-18 03:30:42,441 - INFO - Saved article: PNB scam: Belgium top court endorses lower court view; no risk of denial of justice to Choksi in India - The Hindu from The Hindu (817 words)
2025-12-18 03:30:42,442 - INFO - [BBC] Early skip: URL https://www.bbc.com/news/articles/cgke26n55zgo?at_medium=RSS&at_campaign=rss already exists.
2025-12-18 03:30:42,543 - INFO - [The Guardian] Early skip: URL https://www.theguardian.com/australia-news/live/2025/dec/18/bondi-terror-attack-beach-shooting-live-updates-victims-terror-gunmen-naveed-akram-sajid-asio-antisemitism-anthony-albanese-ntwnfb already exists.
2025-12-18 03:30:42,800 - INFO - [Times of India] Article: https://timesofindia.indiatimes.com/world/us-streamers/what-happened-to-riziki-ilenre-police-look-into-tiktok-stars-death-after-troubling-fan-claims/articleshow/126048752.cms
2025-12-18 03:30:42,800 - INFO - [Times of India] Attempt 1/1: Trying with 'selenium_browser' strategy...
2025-12-18 03:30:42,801 - INFO - [BBC] Early skip: URL https://www.bbc.com/news/articles/c75veyzz2g2o?at_medium=RSS&at_campaign=rss already exists.
2025-12-18 03:30:43,103 - INFO - [The Guardian] Article: https://www.theguardian.com/australia-news/2025/dec/18/albanese-announces-new-laws-cracking-down-on-hate-speech-and-preachers-of-hate-after-bondi-beach-attack-ntwnfb
2025-12-18 03:30:43,103 - INFO - [The Guardian] Attempt 1/1: Trying with 'requests_browser' strategy...
2025-12-18 03:30:43,104 - INFO - [The Hindu] Article: https://www.thehindu.com/data/women-more-willing-to-donate-organs-posthumously-in-india/article70407501.ece
2025-12-18 03:30:43,104 - INFO - [The Hindu] Attempt 1/1: Trying with 'selenium_browser' strategy...
2025-12-18 03:30:43,105 - INFO - [BBC] Article: https://www.bbc.com/news/articles/c1dz6wgn2w9o?at_medium=RSS&at_campaign=rss
2025-12-18 03:30:43,105 - INFO - [BBC] Attempt 1/1: Trying with 'requests_browser' strategy...
2025-12-18 03:30:43,143 - INFO - [BBC] Success with 'requests_browser'. Found content (1007 words).
2025-12-18 03:30:43,420 - INFO - [The Guardian] Success with 'requests_browser'. Found content (685 words).
2025-12-18 03:30:46,147 - INFO - [The Hindu] Page content loaded.
2025-12-18 03:30:46,330 - INFO - [The Hindu] Success with 'selenium_browser'. Found content (589 words).
2025-12-18 03:31:39,303 - INFO - Saved article: In this secret missile factory, Ukraine is ramping up its domestic arms industry from BBC (1007 words)
2025-12-18 03:32:28,731 - CRITICAL - --- TIMEOUT: 4 scrape jobs did not complete in 300s. ---
2025-12-18 03:32:28,731 - ERROR - A thread has timed out and will be abandoned.
2025-12-18 03:32:28,731 - ERROR - A thread has timed out and will be abandoned.
2025-12-18 03:32:28,731 - ERROR - A thread has timed out and will be abandoned.
2025-12-18 03:32:28,731 - ERROR - A thread has timed out and will be abandoned.
2025-12-18 03:32:28,731 - INFO - Shutting down thread pool (wait=False)...
2025-12-18 03:32:28,732 - INFO - Scraped: 4 Timed_Out_Jobs articles. (Total saved: 0)
2025-12-18 03:32:28,732 - INFO - --- Scraping job finished ---
2025-12-18 03:32:28,732 - INFO - --- Scraper service stopped and database connection closed. ---
2025-12-18 03:32:28,732 - INFO - --- Main thread finished. Forcing process exit to kill zombie threads. ---
