2025-12-24 05:51:21,969 - INFO - Loading AI Semantic Model (all-MiniLM-L6-v2)...
2025-12-24 05:51:21,970 - INFO - Use pytorch device_name: cpu
2025-12-24 05:51:21,970 - INFO - Load pretrained SentenceTransformer: all-MiniLM-L6-v2
2025-12-24 05:51:23,570 - INFO - AI Model loaded successfully.
2025-12-24 05:51:23,571 - INFO - --- Scraper service started (CI Mode: Run Once) ---
2025-12-24 05:51:23,571 - INFO - --- Starting new scraping job (Parallel Mode) ---
2025-12-24 05:51:23,571 - INFO - Creating new robust session with 3 retries on 5xx/connection/read errors.
2025-12-24 05:51:23,571 - INFO - Proxy is DISABLED.
2025-12-24 05:51:23,571 - INFO - Starting scrape for BBC RSS feed: http://feeds.bbci.co.uk/news/world/rss.xml
2025-12-24 05:51:23,572 - INFO - [Times of India] (Thread) requires Selenium. Initializing driver...
2025-12-24 05:51:23,573 - INFO - Starting scrape for The Guardian RSS feed: https://www.theguardian.com/world/rss
2025-12-24 05:51:23,574 - INFO - [The Hindu] (Thread) requires Selenium. Initializing driver...
2025-12-24 05:51:23,574 - INFO - Submitted 4 jobs to thread pool. Waiting up to 300s for completion...
2025-12-24 05:51:23,706 - INFO - Found 45 articles in The Guardian RSS feed. Processing up to 30.
2025-12-24 05:51:23,707 - INFO - [The Guardian] Early skip: URL https://www.theguardian.com/world/2025/dec/23/libyas-army-chief-dies-in-plane-crash-in-turkey already exists.
2025-12-24 05:51:23,826 - INFO - [The Guardian] Early skip: URL https://www.theguardian.com/world/2025/dec/22/freed-nigerian-schoolchildren-set-to-be-reunited-with-families already exists.
2025-12-24 05:51:23,948 - INFO - Found 23 articles in BBC RSS feed. Processing up to 30.
2025-12-24 05:51:24,095 - INFO - [BBC] Early skip: URL https://www.bbc.com/news/articles/cm28g5exx09o?at_medium=RSS&at_campaign=rss already exists.
2025-12-24 05:51:24,215 - INFO - [The Guardian] Early skip: URL https://www.theguardian.com/world/2025/dec/21/more-kidnapped-schoolchildren-freed-in-nigeria already exists.
2025-12-24 05:51:24,416 - INFO - [BBC] Early skip: URL https://www.bbc.com/news/articles/c5yj4yvx80do?at_medium=RSS&at_campaign=rss already exists.
2025-12-24 05:51:24,630 - INFO - [The Guardian] Early skip: URL https://www.theguardian.com/uk-news/2025/dec/21/manchester-museum-uncover-hidden-histories-africa-hub already exists.
2025-12-24 05:51:24,884 - INFO - [BBC] Early skip: URL https://www.bbc.com/news/articles/cgke51rzpvro?at_medium=RSS&at_campaign=rss already exists.
2025-12-24 05:51:25,111 - INFO - [The Guardian] Early skip: URL https://www.theguardian.com/global-development/2025/dec/21/sweden-and-germany-slash-aid-budgets-to-focus-on-ukraine-and-defence-spending already exists.
2025-12-24 05:51:25,340 - INFO - [BBC] Early skip: URL https://www.bbc.com/news/articles/cp39kngz008o?at_medium=RSS&at_campaign=rss already exists.
2025-12-24 05:51:25,470 - INFO - [The Guardian] Early skip: URL https://www.theguardian.com/media/2025/dec/23/60-minutes-cecot-appears-online already exists.
2025-12-24 05:51:25,759 - INFO - [BBC] Early skip: URL https://www.bbc.com/news/articles/cyvgzyepdqno?at_medium=RSS&at_campaign=rss already exists.
2025-12-24 05:51:25,860 - INFO - [The Guardian] Early skip: URL https://www.theguardian.com/world/2025/dec/23/brazil-jair-bolsonaro-eduardo-havaianas-television-ad-fernanda-torres already exists.
2025-12-24 05:51:26,125 - INFO - [BBC] Early skip: URL https://www.bbc.com/news/articles/ce3wry1529wo?at_medium=RSS&at_campaign=rss already exists.
2025-12-24 05:51:26,395 - INFO - [The Guardian] Early skip: URL https://www.theguardian.com/world/2025/dec/23/canada-bill-refugees already exists.
2025-12-24 05:51:26,576 - INFO - [BBC] Early skip: URL https://www.bbc.com/news/articles/cr4d99p63y4o?at_medium=RSS&at_campaign=rss already exists.
2025-12-24 05:51:26,871 - INFO - [The Guardian] Early skip: URL https://www.theguardian.com/us-news/2025/dec/23/us-trump-administration-signs-security-deals-across-latin-america already exists.
2025-12-24 05:51:27,148 - INFO - [BBC] Early skip: URL https://www.bbc.com/news/articles/c8dy3mvye62o?at_medium=RSS&at_campaign=rss already exists.
2025-12-24 05:51:27,390 - INFO - [The Guardian] Early skip: URL https://www.theguardian.com/world/2025/dec/23/russia-china-support-venezuela-trump-pressure-maduro already exists.
2025-12-24 05:51:27,588 - INFO - [BBC] Early skip: URL https://www.bbc.com/news/articles/cwyxz5jken3o?at_medium=RSS&at_campaign=rss already exists.
2025-12-24 05:51:27,878 - INFO - [The Guardian] Early skip: URL https://www.theguardian.com/world/2025/dec/24/rare-footage-from-trial-of-chinese-general-who-defied-tiananmen-crackdown-order-leaked-online already exists.
2025-12-24 05:51:28,092 - INFO - [BBC] Early skip: URL https://www.bbc.com/news/articles/c62n9ynzrdpo?at_medium=RSS&at_campaign=rss already exists.
2025-12-24 05:51:28,218 - INFO - [The Guardian] Early skip: URL https://www.theguardian.com/world/2025/dec/23/christians-pastors-arrested-detained-china-crackdown-house-churches already exists.
2025-12-24 05:51:28,468 - INFO - [BBC] Early skip: URL https://www.bbc.com/news/articles/c87lnn09yj8o?at_medium=RSS&at_campaign=rss already exists.
2025-12-24 05:51:28,701 - INFO - [The Guardian] Early skip: URL https://www.theguardian.com/business/2025/dec/22/china-hits-eu-dairy-industry-with-tariffs already exists.
2025-12-24 05:51:28,923 - INFO - [BBC] Early skip: URL https://www.bbc.com/news/articles/cd0kxrr2jyko?at_medium=RSS&at_campaign=rss already exists.
2025-12-24 05:51:29,079 - INFO - [The Guardian] Early skip: URL https://www.theguardian.com/world/2025/dec/22/jeju-air-crash-independent-inquiry-south-korea already exists.
2025-12-24 05:51:29,216 - INFO - Selenium driver initialized successfully.
2025-12-24 05:51:29,217 - INFO - Starting scrape for Times of India RSS feed: https://timesofindia.indiatimes.com/rssfeeds/296589292.cms
2025-12-24 05:51:29,218 - INFO - Selenium driver initialized successfully.
2025-12-24 05:51:29,218 - INFO - Starting scrape for The Hindu RSS feed: https://www.thehindu.com/news/national/feeder/default.rss
2025-12-24 05:51:29,337 - INFO - [BBC] Early skip: URL https://www.bbc.com/news/articles/czj0ll7ppewo?at_medium=RSS&at_campaign=rss already exists.
2025-12-24 05:51:29,611 - INFO - [The Guardian] Early skip: URL https://www.theguardian.com/world/2025/dec/22/new-zealand-christchurch-spoof-absurdist-road-signs already exists.
2025-12-24 05:51:29,700 - INFO - Found 20 articles in Times of India RSS feed. Processing up to 30.
2025-12-24 05:51:29,768 - INFO - [BBC] Early skip: URL https://www.bbc.com/news/articles/clyd12d38jgo?at_medium=RSS&at_campaign=rss already exists.
2025-12-24 05:51:29,965 - INFO - [Times of India] Article: https://timesofindia.indiatimes.com/world/middle-east/uae-weather-alert-issued-for-dec-2529-rain-possible-in-rak-fujairah-and-sharjah/articleshow/126153492.cms
2025-12-24 05:51:29,965 - INFO - [Times of India] Attempt 1/1: Trying with 'selenium_browser' strategy...
2025-12-24 05:51:29,965 - INFO - [The Guardian] Early skip: URL https://www.theguardian.com/australia-news/live/2025/dec/24/nsw-gun-and-protest-laws-bondi-terror-attack-hate-crime-database-anthony-albanese-sussan-ley-chris-minns-labor-coalition-ntwnfb already exists.
2025-12-24 05:51:30,090 - INFO - Found 100 articles in The Hindu RSS feed. Processing up to 30.
2025-12-24 05:51:30,238 - INFO - [BBC] Early skip: URL https://www.bbc.com/news/articles/cvg1361d32ro?at_medium=RSS&at_campaign=rss already exists.
2025-12-24 05:51:30,460 - INFO - [The Hindu] Early skip: URL https://www.thehindu.com/news/national/jammu-and-kashmir/avalanche-warning-issued-for-several-districts-in-jammu-and-kashmir/article70432500.ece already exists.
2025-12-24 05:51:30,656 - INFO - [The Guardian] Early skip: URL https://www.theguardian.com/australia-news/2025/dec/24/nsw-premier-police-commissioner-protest-ban-powers-bondi-shooting-terror-attack-ntwnfb already exists.
2025-12-24 05:51:30,797 - INFO - [BBC] Early skip: URL https://www.bbc.com/news/articles/c4gekjjqn1ro?at_medium=RSS&at_campaign=rss already exists.
2025-12-24 05:51:31,073 - INFO - [BBC] Early skip: URL https://www.bbc.com/news/articles/cj69d8we98jo?at_medium=RSS&at_campaign=rss already exists.
2025-12-24 05:51:31,188 - INFO - [The Guardian] Early skip: URL https://www.theguardian.com/australia-news/2025/dec/24/retribution-fears-australian-muslims-surge-islamophobic-hate-since-bondi-terror-attack-ntwnfb already exists.
2025-12-24 05:51:31,406 - INFO - [The Hindu] Early skip: URL https://www.thehindu.com/news/national/manipur/two-militants-among-six-arrested-in-manipur/article70432481.ece already exists.
2025-12-24 05:51:31,525 - INFO - [BBC] Early skip: URL https://www.bbc.com/news/articles/cy95w0x9889o?at_medium=RSS&at_campaign=rss already exists.
2025-12-24 05:51:31,660 - INFO - [The Guardian] Early skip: URL https://www.theguardian.com/australia-news/2025/dec/24/british-man-australian-visa-cancelled-display-nazi-symbols-charge already exists.
2025-12-24 05:51:31,826 - INFO - [The Hindu] Early skip: URL https://www.thehindu.com/news/national/kerala/internal-dissent-within-congress-over-selection-of-kochi-mayor-candidate-intensifies/article70432475.ece already exists.
2025-12-24 05:51:32,008 - INFO - [The Hindu] Article: https://www.thehindu.com/news/national/maharashtra/ncp-leader-kidnapped-assaulted-over-financial-dispute-in-nanded-district-seven-held/article70432470.ece
2025-12-24 05:51:32,008 - INFO - [The Hindu] Attempt 1/1: Trying with 'selenium_browser' strategy...
2025-12-24 05:51:32,009 - INFO - [BBC] Early skip: URL https://www.bbc.com/news/videos/ce3w4x2v0xko?at_medium=RSS&at_campaign=rss already exists.
2025-12-24 05:51:32,149 - INFO - [The Guardian] Early skip: URL https://www.theguardian.com/australia-news/2025/dec/24/bondi-special-honours-list-announced-for-bravery-in-shooting-terror-attack already exists.
2025-12-24 05:51:32,436 - INFO - [The Guardian] Early skip: URL https://www.theguardian.com/world/2025/dec/24/militia-leader-murky-death-stanislav-orlov-russia-kremlin-control already exists.
2025-12-24 05:51:32,721 - INFO - [The Guardian] Early skip: URL https://www.theguardian.com/technology/2025/dec/24/us-state-department-visa-ban-former-eu-commissioner-europe already exists.
2025-12-24 05:51:32,970 - INFO - [BBC] Early skip: URL https://www.bbc.com/news/videos/cwywe5zw384o?at_medium=RSS&at_campaign=rss already exists.
2025-12-24 05:51:33,202 - INFO - [BBC] Early skip: URL https://www.bbc.com/news/videos/cn7kpnjnmklo?at_medium=RSS&at_campaign=rss already exists.
2025-12-24 05:51:33,317 - INFO - [The Guardian] Early skip: URL https://www.theguardian.com/world/2025/dec/23/ukrainian-cities-lose-power-in-winter-weather-after-russian-attacks already exists.
2025-12-24 05:51:33,460 - INFO - [The Guardian] Early skip: URL https://www.theguardian.com/business/2025/dec/23/ryanair-fined-limit-online-travel-agencies-ticket-sales-ota already exists.
2025-12-24 05:51:33,591 - INFO - [BBC] Article: https://www.bbc.com/news/videos/cj01pdve7rpo?at_medium=RSS&at_campaign=rss
2025-12-24 05:51:33,591 - INFO - [BBC] Attempt 1/1: Trying with 'requests_browser' strategy...
2025-12-24 05:51:33,594 - INFO - [The Guardian] Early skip: URL https://www.theguardian.com/world/2025/dec/23/biography-russian-telegram-founder-pavel-durov already exists.
2025-12-24 05:51:33,766 - INFO - [The Guardian] Early skip: URL https://www.theguardian.com/uk-news/2025/dec/22/families-of-palestine-action-hunger-strikers-seek-urgent-meeting-with-lammy already exists.
2025-12-24 05:51:33,944 - INFO - [The Guardian] Early skip: URL https://www.theguardian.com/world/2025/dec/21/israel-approves-new-jewish-settlements-occupied-west-bank already exists.
2025-12-24 05:51:34,052 - INFO - [The Guardian] Early skip: URL https://www.theguardian.com/world/2025/dec/20/israeli-troops-kill-palestinians-sheltering-in-gaza-school-hospital-chiefs already exists.
2025-12-24 05:51:34,174 - WARNING - [BBC] FAILED with 'requests_browser' (content was too short: 80 words).
2025-12-24 05:51:34,174 - ERROR - [BBC] All scrape strategies failed for https://www.bbc.com/news/videos/cj01pdve7rpo?at_medium=RSS&at_campaign=rss. Falling back to RSS description.
2025-12-24 05:51:34,174 - WARNING - SKIPPED (GLOBAL WORD LIMIT): Article 'Putin tells BBC Western leaders deceived Russia' from BBC has only 21 words (Min: 90).
2025-12-24 05:51:34,291 - INFO - [The Guardian] Early skip: URL https://www.theguardian.com/world/2025/dec/19/gaza-famine-hunger-food-shortages-winter-flooding-un already exists.
2025-12-24 05:51:34,472 - INFO - [The Guardian] Early skip: URL https://www.theguardian.com/global-development/2025/dec/19/gaza-phd-student-manar-al-houbi-granted-access-to-uk-but-others-remain-stranded already exists.
2025-12-24 05:51:35,657 - INFO - [BBC] Article: https://www.bbc.com/news/videos/c5yje8pvg8jo?at_medium=RSS&at_campaign=rss
2025-12-24 05:51:35,661 - INFO - [BBC] Attempt 1/1: Trying with 'requests_browser' strategy...
2025-12-24 05:51:35,851 - WARNING - [BBC] FAILED with 'requests_browser' (content was too short: 74 words).
2025-12-24 05:51:35,851 - ERROR - [BBC] All scrape strategies failed for https://www.bbc.com/news/videos/c5yje8pvg8jo?at_medium=RSS&at_campaign=rss. Falling back to RSS description.
2025-12-24 05:51:35,852 - WARNING - SKIPPED (GLOBAL WORD LIMIT): Article 'What does TikTok's deal mean for America's users?' from BBC has only 21 words (Min: 90).
2025-12-24 05:51:36,357 - INFO - [The Hindu] Page content loaded.
2025-12-24 05:51:36,585 - INFO - [The Hindu] Success with 'selenium_browser'. Found content (340 words).
2025-12-24 05:52:40,739 - INFO - Saved article: NCP leader kidnapped, assaulted over financial dispute in Nanded district; seven held - The Hindu from The Hindu (340 words)
2025-12-24 05:52:42,211 - INFO - [The Hindu] Article: https://www.thehindu.com/news/national/karnataka/e-auction-of-569-excise-licences-in-karnataka-in-january-2026/article70430514.ece
2025-12-24 05:52:42,211 - INFO - [The Hindu] Attempt 1/1: Trying with 'selenium_browser' strategy...
2025-12-24 05:52:45,315 - INFO - [The Hindu] Page content loaded.
2025-12-24 05:52:46,611 - INFO - [The Hindu] Success with 'selenium_browser'. Found content (206 words).
2025-12-24 05:53:30,066 - ERROR - [Times of India] Request failed for strategy 'selenium_browser' on URL https://timesofindia.indiatimes.com/world/middle-east/uae-weather-alert-issued-for-dec-2529-rain-possible-in-rak-fujairah-and-sharjah/articleshow/126153492.cms: HTTPConnectionPool(host='localhost', port=58433): Read timed out. (read timeout=120)
2025-12-24 05:53:30,066 - ERROR - [Times of India] All scrape strategies failed for https://timesofindia.indiatimes.com/world/middle-east/uae-weather-alert-issued-for-dec-2529-rain-possible-in-rak-fujairah-and-sharjah/articleshow/126153492.cms. Falling back to RSS description.
2025-12-24 05:53:30,066 - WARNING - SKIPPED (GLOBAL WORD LIMIT): Article 'UAE weather alert issued for Dec 25–29; Rain possible in RAK, Fujairah and Sharjah' from Times of India has only 60 words (Min: 90).
2025-12-24 05:53:34,806 - INFO - Saved article: E-auction of 569 liquor licences in Karnataka in January 2026 - The Hindu from The Hindu (206 words)
2025-12-24 05:53:34,807 - INFO - [Times of India] Article: https://timesofindia.indiatimes.com/world/rest-of-world/requested-emergency-landing-libyas-military-chief-killed-in-turkey-plane-crash-debris-located-near-village/articleshow/126151169.cms
2025-12-24 05:53:34,807 - INFO - [Times of India] Attempt 1/1: Trying with 'selenium_browser' strategy...
2025-12-24 05:53:35,781 - INFO - [The Hindu] Article: https://www.thehindu.com/news/national/karnataka/rooftop-solar-plants-commissioned-at-148-stations-across-south-western-railway/article70429910.ece
2025-12-24 05:53:35,781 - INFO - [The Hindu] Attempt 1/1: Trying with 'selenium_browser' strategy...
2025-12-24 05:53:36,620 - INFO - [The Hindu] Page content loaded.
2025-12-24 05:53:36,668 - INFO - [The Hindu] Success with 'selenium_browser'. Found content (372 words).
2025-12-24 05:54:24,260 - INFO - Saved article: Rooftop solar plants commissioned at 148 stations across South Western Railway - The Hindu from The Hindu (372 words)
2025-12-24 05:54:25,700 - INFO - [The Hindu] Early skip: URL https://www.thehindu.com/news/national/odisha/girl-raped-murdered-in-odishas-bhadrak-locals-stage-protest/article70432409.ece already exists.
2025-12-24 05:54:25,806 - INFO - [The Hindu] Early skip: URL https://www.thehindu.com/sci-tech/science/isro-bluebird-block-2-mission-rocket-launch-december-24-2025/article70432346.ece already exists.
2025-12-24 05:54:26,029 - INFO - [The Hindu] Early skip: URL https://www.thehindu.com/news/cities/Hyderabad/acb-books-deputy-transport-commissioner-in-da-case-searches-find-properties-worth-over-12-crore/article70430765.ece already exists.
2025-12-24 05:54:26,289 - INFO - [The Hindu] Article: https://www.thehindu.com/news/national/telangana/minimum-temperatures-in-telangana-likely-to-fall-below-normal-by-3c-to-4c-over-next-two-days/article70429452.ece
2025-12-24 05:54:26,290 - INFO - [The Hindu] Attempt 1/1: Trying with 'selenium_browser' strategy...
2025-12-24 05:54:27,397 - INFO - [The Hindu] Page content loaded.
2025-12-24 05:54:27,441 - INFO - [The Hindu] Success with 'selenium_browser'. Found content (412 words).
2025-12-24 05:55:16,155 - INFO - Saved article: Minimum temperatures in Telangana likely to fall below normal by 3°C to 4°C over next two days - The Hindu from The Hindu (412 words)
2025-12-24 05:55:17,166 - INFO - [The Hindu] Article: https://www.thehindu.com/news/national/how-indian-states-are-following-a-pro-incumbency-trend/article70430183.ece
2025-12-24 05:55:17,166 - INFO - [The Hindu] Attempt 1/1: Trying with 'selenium_browser' strategy...
2025-12-24 05:55:18,314 - INFO - [The Hindu] Page content loaded.
2025-12-24 05:55:18,361 - INFO - [The Hindu] Success with 'selenium_browser'. Found content (710 words).
2025-12-24 05:55:34,901 - ERROR - [Times of India] Request failed for strategy 'selenium_browser' on URL https://timesofindia.indiatimes.com/world/rest-of-world/requested-emergency-landing-libyas-military-chief-killed-in-turkey-plane-crash-debris-located-near-village/articleshow/126151169.cms: HTTPConnectionPool(host='localhost', port=58433): Read timed out. (read timeout=120)
2025-12-24 05:55:34,901 - ERROR - [Times of India] All scrape strategies failed for https://timesofindia.indiatimes.com/world/rest-of-world/requested-emergency-landing-libyas-military-chief-killed-in-turkey-plane-crash-debris-located-near-village/articleshow/126151169.cms. Falling back to RSS description.
2025-12-24 05:55:34,901 - WARNING - SKIPPED (GLOBAL WORD LIMIT): Article 'Requested emergency landing: Libya's military chief killed in Turkey plane crash; debris located near village' from Times of India has only 45 words (Min: 90).
2025-12-24 05:56:09,233 - INFO - Saved article: How Indian States are following a pro-incumbency trend - The Hindu from The Hindu (710 words)
2025-12-24 05:56:09,234 - INFO - [Times of India] Article: https://timesofindia.indiatimes.com/world/us-streamers/candace-owens-attacks-tpusa-again-after-private-erika-kirk-meeting-and-backs-tim-dillons-blunt-criticism/articleshow/126150375.cms
2025-12-24 05:56:09,234 - INFO - [Times of India] Attempt 1/1: Trying with 'selenium_browser' strategy...
2025-12-24 05:56:10,651 - INFO - [The Hindu] Article: https://www.thehindu.com/news/national/assam/assams-karbi-anglong-west-karbi-anglong-law-and-order-concerns-internet-suspended-updates/article70432316.ece
2025-12-24 05:56:10,651 - INFO - [The Hindu] Attempt 1/1: Trying with 'selenium_browser' strategy...
2025-12-24 05:56:11,943 - INFO - [The Hindu] Page content loaded.
2025-12-24 05:56:12,003 - INFO - [The Hindu] Success with 'selenium_browser'. Found content (367 words).
2025-12-24 05:56:23,574 - CRITICAL - --- TIMEOUT: 2 scrape jobs did not complete in 300s. ---
2025-12-24 05:56:23,574 - ERROR - A thread has timed out and will be abandoned.
2025-12-24 05:56:23,574 - ERROR - A thread has timed out and will be abandoned.
2025-12-24 05:56:23,574 - INFO - Shutting down thread pool (wait=False)...
2025-12-24 05:56:23,574 - INFO - Scraped: 0 BBC, 0 The Guardian, 2 Timed_Out_Jobs articles. (Total saved: 0)
2025-12-24 05:56:23,575 - INFO - --- Scraping job finished ---
2025-12-24 05:56:23,575 - INFO - --- Scraper service stopped and database connection closed. ---
2025-12-24 05:56:23,575 - INFO - --- Main thread finished. Forcing process exit to kill zombie threads. ---
