2026-02-04 05:34:41,222 - INFO - Loading AI Semantic Model (all-MiniLM-L4-v2)...
2026-02-04 05:34:41,222 - INFO - Use pytorch device_name: cpu
2026-02-04 05:34:41,222 - INFO - Load pretrained SentenceTransformer: all-MiniLM-L4-v2
2026-02-04 05:34:41,372 - INFO - HTTP Request: HEAD https://huggingface.co/sentence-transformers/all-MiniLM-L4-v2/resolve/main/modules.json "HTTP/1.1 401 Unauthorized"
2026-02-04 05:34:41,373 - WARNING - No sentence-transformers model found with name sentence-transformers/all-MiniLM-L4-v2. Creating a new one with mean pooling.
2026-02-04 05:34:41,457 - INFO - HTTP Request: HEAD https://huggingface.co/sentence-transformers/all-MiniLM-L4-v2/resolve/main/adapter_config.json "HTTP/1.1 401 Unauthorized"
2026-02-04 05:34:41,458 - CRITICAL - Failed to load AI model: sentence-transformers/all-MiniLM-L4-v2 is not a local folder and is not a valid model identifier listed on 'https://huggingface.co/models'
If this is a private repository, make sure to pass a token having permission to this repo either by logging in with `hf auth login` or by passing `token=<your_token>`. Clustering is disabled.
2026-02-04 05:34:41,458 - INFO - --- Scraper service started (CI Mode: Run Once) ---
2026-02-04 05:34:41,458 - INFO - --- Starting new scraping job (Parallel Mode) ---
2026-02-04 05:34:41,458 - INFO - Creating new robust session with 3 retries on 5xx/connection/read errors.
2026-02-04 05:34:41,458 - INFO - Proxy is DISABLED.
2026-02-04 05:34:41,459 - INFO - Starting scrape for BBC RSS feed: http://feeds.bbci.co.uk/news/world/rss.xml
2026-02-04 05:34:41,459 - INFO - [Times of India] (Thread) requires Selenium. Initializing driver...
2026-02-04 05:34:41,461 - INFO - Starting scrape for The Guardian RSS feed: https://www.theguardian.com/world/rss
2026-02-04 05:34:41,462 - INFO - [The Hindu] (Thread) requires Selenium. Initializing driver...
2026-02-04 05:34:41,462 - INFO - Submitted 4 jobs to thread pool. Waiting up to 300s for completion...
2026-02-04 05:34:41,585 - INFO - Found 45 articles in The Guardian RSS feed. Processing until 5 new articles are saved.
2026-02-04 05:34:41,585 - INFO - [The Guardian] Early skip: URL https://www.theguardian.com/global-development/2026/feb/04/trump-us-china-russia-democratic-recession-peril-human-rights-watch already exists.
2026-02-04 05:34:41,586 - INFO - [The Guardian] Early skip: URL https://www.theguardian.com/world/2026/feb/02/israel-agrees-to-limited-reopening-of-rafah-border-crossing-in-gaza already exists.
2026-02-04 05:34:41,588 - INFO - [The Guardian] Early skip: URL https://www.theguardian.com/environment/2026/feb/02/weather-tracker-cyclone-fytia-madagascar-floods already exists.
2026-02-04 05:34:41,589 - INFO - [The Guardian] Early skip: URL https://www.theguardian.com/law/2026/feb/02/more-than-100000-civilians-killed-war-crimes-out-of-control-study already exists.
2026-02-04 05:34:41,590 - INFO - [The Guardian] Early skip: URL https://www.theguardian.com/world/2026/jan/30/more-than-200-killed-in-coltan-mine-collapse-in-eastern-drc-officials-say already exists.
2026-02-04 05:34:41,591 - INFO - [The Guardian] Early skip: URL https://www.theguardian.com/news/audio/2026/feb/04/the-people-betting-on-catastrophic-world-events-podcast already exists.
2026-02-04 05:34:41,593 - INFO - [The Guardian] Early skip: URL https://www.theguardian.com/world/2026/feb/03/colombian-president-and-trump-put-aside-insults-for-amicable-white-house-meeting already exists.
2026-02-04 05:34:41,594 - INFO - [The Guardian] Early skip: URL https://www.theguardian.com/us-news/2026/feb/02/trump-administration-blocked-tps-haitians already exists.
2026-02-04 05:34:41,595 - INFO - [The Guardian] Early skip: URL https://www.theguardian.com/world/2026/feb/02/claudia-sheinbaum-mexico-oil-cuba-trump already exists.
2026-02-04 05:34:41,596 - INFO - [The Guardian] Early skip: URL https://www.theguardian.com/us-news/2026/feb/02/rightwing-brazilian-influencer-junior-pena-arrested-by-ice already exists.
2026-02-04 05:34:41,598 - INFO - [The Guardian] Early skip: URL https://www.theguardian.com/environment/2026/feb/03/china-to-ban-hidden-car-door-handles-evs already exists.
2026-02-04 05:34:41,599 - INFO - [The Guardian] Early skip: URL https://www.theguardian.com/us-news/2026/feb/03/trump-critical-minerals-stockpile-project-vault already exists.
2026-02-04 05:34:41,600 - INFO - [The Guardian] Early skip: URL https://www.theguardian.com/business/2026/feb/01/us-uk-eu-australia-critical-minerals-rare-earths-g7-minimum-price already exists.
2026-02-04 05:34:41,601 - INFO - [The Guardian] Early skip: URL https://www.theguardian.com/world/2026/feb/01/living-hell-of-north-koreas-paradise-on-earth-scheme-back-in-spotlight-in-japan already exists.
2026-02-04 05:34:41,603 - INFO - [The Guardian] Early skip: URL https://www.theguardian.com/world/2026/jan/31/starmer-hopes-his-china-trip-will-begin-the-thaw-after-recent-ice-age already exists.
2026-02-04 05:34:41,604 - INFO - [The Guardian] Early skip: URL https://www.theguardian.com/australia-news/live/2026/feb/04/australian-politics-live-labor-liberal-anthony-albanese-sussan-ley-leadership-challenge-coalition-littleproud-chalmers-interest-rates-rise-rba-ntwfb already exists.
2026-02-04 05:34:41,605 - INFO - [The Guardian] Early skip: URL https://www.theguardian.com/world/2026/feb/04/australian-man-dies-skiing-in-japan-niseko already exists.
2026-02-04 05:34:41,606 - INFO - [The Guardian] Early skip: URL https://www.theguardian.com/australia-news/2026/feb/04/banned-surgeon-clinical-safety-role-queensland-health-ntwnfb already exists.
2026-02-04 05:34:41,608 - INFO - [The Guardian] Early skip: URL https://www.theguardian.com/australia-news/2026/feb/04/i-dont-think-this-was-a-good-decision-labors-ed-husic-expresses-concerns-over-israel-president-isaac-herzogs-visit-ntwnfb already exists.
2026-02-04 05:34:41,609 - INFO - [The Guardian] Early skip: URL https://www.theguardian.com/australia-news/2026/feb/04/israel-president-isaac-herzog-visit-labor-backbenchers already exists.
2026-02-04 05:34:41,612 - INFO - [The Guardian] Early skip: URL https://www.theguardian.com/media/2026/feb/04/spain-under-16-social-media-ban-elon-musk-insults already exists.
2026-02-04 05:34:41,614 - INFO - [The Guardian] Article: https://www.theguardian.com/world/2026/feb/03/collision-between-greek-coastguard-patrol-and-boat-carrying-migrants
2026-02-04 05:34:41,614 - INFO - [The Guardian] Attempt 1/1: Trying with 'requests_browser' strategy...
2026-02-04 05:34:41,654 - INFO - [The Guardian] Success with 'requests_browser'. Found content (287 words).
2026-02-04 05:34:41,691 - INFO - Saved article: Collision between Greek coastguard patrol and migrant boat kills 14 | Migration | The Guardian from The Guardian (287 words)
2026-02-04 05:34:41,773 - INFO - Found 34 articles in BBC RSS feed. Processing until 5 new articles are saved.
2026-02-04 05:34:41,773 - INFO - [BBC] Early skip: URL https://www.bbc.com/news/articles/cn0k65pnxjxo?at_medium=RSS&at_campaign=rss already exists.
2026-02-04 05:34:41,774 - INFO - [BBC] Early skip: URL https://www.bbc.com/news/articles/c3dmjn7n985o?at_medium=RSS&at_campaign=rss already exists.
2026-02-04 05:34:41,775 - INFO - [BBC] Early skip: URL https://www.bbc.com/news/articles/cp37g4xgkxdo?at_medium=RSS&at_campaign=rss already exists.
2026-02-04 05:34:41,777 - INFO - [BBC] Early skip: URL https://www.bbc.com/news/articles/cdx43rxgyk1o?at_medium=RSS&at_campaign=rss already exists.
2026-02-04 05:34:41,778 - INFO - [BBC] Early skip: URL https://www.bbc.com/news/articles/c04105ywkkqo?at_medium=RSS&at_campaign=rss already exists.
2026-02-04 05:34:41,779 - INFO - [BBC] Early skip: URL https://www.bbc.com/news/articles/c5y2nddvmryo?at_medium=RSS&at_campaign=rss already exists.
2026-02-04 05:34:41,780 - INFO - [BBC] Early skip: URL https://www.bbc.com/news/articles/cdre825p110o?at_medium=RSS&at_campaign=rss already exists.
2026-02-04 05:34:41,781 - INFO - [BBC] Early skip: URL https://www.bbc.com/news/articles/cly90xyp6k6o?at_medium=RSS&at_campaign=rss already exists.
2026-02-04 05:34:41,783 - INFO - [BBC] Early skip: URL https://www.bbc.com/news/articles/cly3ezj3rg3o?at_medium=RSS&at_campaign=rss already exists.
2026-02-04 05:34:41,784 - INFO - [BBC] Early skip: URL https://www.bbc.com/news/articles/c5yd3x7yreno?at_medium=RSS&at_campaign=rss already exists.
2026-02-04 05:34:41,785 - INFO - [BBC] Early skip: URL https://www.bbc.com/news/articles/c14r685mne4o?at_medium=RSS&at_campaign=rss already exists.
2026-02-04 05:34:41,786 - INFO - [BBC] Early skip: URL https://www.bbc.com/news/articles/cpwng25114ro?at_medium=RSS&at_campaign=rss already exists.
2026-02-04 05:34:41,787 - INFO - [BBC] Early skip: URL https://www.bbc.com/news/articles/c7v0p818g91o?at_medium=RSS&at_campaign=rss already exists.
2026-02-04 05:34:41,788 - INFO - [BBC] Early skip: URL https://www.bbc.com/news/articles/cwygrkm7k0yo?at_medium=RSS&at_campaign=rss already exists.
2026-02-04 05:34:41,790 - INFO - [BBC] Early skip: URL https://www.bbc.com/news/articles/cq6vn5j312lo?at_medium=RSS&at_campaign=rss already exists.
2026-02-04 05:34:41,791 - INFO - [BBC] Early skip: URL https://www.bbc.com/news/articles/ce3ex92557jo?at_medium=RSS&at_campaign=rss already exists.
2026-02-04 05:34:41,792 - INFO - [BBC] Early skip: URL https://www.bbc.com/news/articles/crkryz35246o?at_medium=RSS&at_campaign=rss already exists.
2026-02-04 05:34:41,793 - INFO - [BBC] Early skip: URL https://www.bbc.com/news/articles/cy4g3rne4n7o?at_medium=RSS&at_campaign=rss already exists.
2026-02-04 05:34:41,794 - INFO - [BBC] Early skip: URL https://www.bbc.com/news/articles/cy8pleg24rvo?at_medium=RSS&at_campaign=rss already exists.
2026-02-04 05:34:41,796 - INFO - [BBC] Early skip: URL https://www.bbc.com/news/articles/c0jvy09dvw9o?at_medium=RSS&at_campaign=rss already exists.
2026-02-04 05:34:41,797 - INFO - [BBC] Early skip: URL https://www.bbc.com/news/articles/ce3epxznyzzo?at_medium=RSS&at_campaign=rss already exists.
2026-02-04 05:34:41,798 - INFO - [BBC] Early skip: URL https://www.bbc.com/news/articles/cpwnlwj80p8o?at_medium=RSS&at_campaign=rss already exists.
2026-02-04 05:34:41,799 - INFO - [BBC] Early skip: URL https://www.bbc.com/news/articles/c20g25w8j0xo?at_medium=RSS&at_campaign=rss already exists.
2026-02-04 05:34:41,800 - INFO - [BBC] Early skip: URL https://www.bbc.com/news/articles/cj0n3j16p8lo?at_medium=RSS&at_campaign=rss already exists.
2026-02-04 05:34:41,801 - INFO - [BBC] Early skip: URL https://www.bbc.com/news/articles/cew8qzdxnnjo?at_medium=RSS&at_campaign=rss already exists.
2026-02-04 05:34:41,803 - INFO - [BBC] Early skip: URL https://www.bbc.com/news/articles/ckglwnrx437o?at_medium=RSS&at_campaign=rss already exists.
2026-02-04 05:34:41,804 - INFO - [BBC] Early skip: URL https://www.bbc.com/news/articles/cy8p27vmyvmo?at_medium=RSS&at_campaign=rss already exists.
2026-02-04 05:34:41,805 - INFO - [BBC] Early skip: URL https://www.bbc.com/news/videos/cp9jg1kr9pjo?at_medium=RSS&at_campaign=rss already exists.
2026-02-04 05:34:41,806 - INFO - [BBC] Early skip: URL https://www.bbc.com/news/videos/c23rd925knxo?at_medium=RSS&at_campaign=rss already exists.
2026-02-04 05:34:41,807 - INFO - [BBC] Article: https://www.bbc.com/news/videos/cd9e3nzzw3zo?at_medium=RSS&at_campaign=rss
2026-02-04 05:34:41,807 - INFO - [BBC] Attempt 1/1: Trying with 'requests_browser' strategy...
2026-02-04 05:34:42,020 - WARNING - [BBC] FAILED with 'requests_browser' (content was too short: 80 words).
2026-02-04 05:34:42,020 - ERROR - [BBC] All scrape strategies failed for https://www.bbc.com/news/videos/cd9e3nzzw3zo?at_medium=RSS&at_campaign=rss. Falling back to RSS description.
2026-02-04 05:34:42,020 - WARNING - SKIPPED (GLOBAL WORD LIMIT): Article 'Watch: Why is no-one being prosecuted over the Epstein files?' from BBC has only 17 words (Min: 90).
2026-02-04 05:34:42,749 - INFO - [The Guardian] Early skip: URL https://www.theguardian.com/world/2026/feb/03/french-prosecutors-ask-appeal-court-to-keep-ban-on-marine-le-pen-running-for-office already exists.
2026-02-04 05:34:42,751 - INFO - [The Guardian] Early skip: URL https://www.theguardian.com/technology/2026/feb/03/french-headquarters-elon-musk-x-raided-paris-cybercrime-unit already exists.
2026-02-04 05:34:42,752 - INFO - [The Guardian] Early skip: URL https://www.theguardian.com/world/2026/feb/03/thousands-without-heating-ukraine-russia-winter-attacks-before-talks already exists.
2026-02-04 05:34:42,753 - INFO - [The Guardian] Early skip: URL https://www.theguardian.com/us-news/2026/feb/03/us-shoots-down-iranian-drone-arabian-sea-navy-says already exists.
2026-02-04 05:34:42,754 - INFO - [The Guardian] Early skip: URL https://www.theguardian.com/world/2026/feb/03/human-rights-watch-researchers-resign-palestine already exists.
2026-02-04 05:34:42,755 - INFO - [The Guardian] Early skip: URL https://www.theguardian.com/books/2026/feb/03/marwan-barghouti-palestine-mandela-publish-new-book-from-prison-unbroken-in-pursuit-of-freedom-for-palestine already exists.
2026-02-04 05:34:42,757 - INFO - [The Guardian] Early skip: URL https://www.theguardian.com/world/2026/feb/02/iran-abbas-araghchi-talks-us-nuclear-deal already exists.
2026-02-04 05:34:42,758 - INFO - [The Guardian] Early skip: URL https://www.theguardian.com/world/2026/feb/03/music-and-dancing-signify-defiance-at-celebratory-funerals-of-irans-protesters already exists.
2026-02-04 05:34:42,759 - INFO - [The Guardian] Article: https://www.theguardian.com/world/2026/feb/01/pakistan-targets-balochistan-separatists-after-unprecedented-assaults
2026-02-04 05:34:42,759 - INFO - [The Guardian] Attempt 1/1: Trying with 'requests_browser' strategy...
2026-02-04 05:34:42,925 - INFO - [The Guardian] Success with 'requests_browser'. Found content (605 words).
2026-02-04 05:34:42,957 - INFO - Saved article: Pakistan targets Balochistan separatists after ‘unprecedented’ assaults | Pakistan | The Guardian from The Guardian (605 words)
2026-02-04 05:34:43,286 - INFO - [BBC] Early skip: URL https://www.bbc.com/news/videos/c1m7vmzynzvo?at_medium=RSS&at_campaign=rss already exists.
2026-02-04 05:34:43,288 - INFO - [BBC] Article: https://www.bbc.com/news/videos/cgqed5qeqx4o?at_medium=RSS&at_campaign=rss
2026-02-04 05:34:43,288 - INFO - [BBC] Attempt 1/1: Trying with 'requests_browser' strategy...
2026-02-04 05:34:43,348 - WARNING - [BBC] FAILED with 'requests_browser' (content was too short: 85 words).
2026-02-04 05:34:43,348 - ERROR - [BBC] All scrape strategies failed for https://www.bbc.com/news/videos/cgqed5qeqx4o?at_medium=RSS&at_campaign=rss. Falling back to RSS description.
2026-02-04 05:34:43,348 - WARNING - SKIPPED (GLOBAL WORD LIMIT): Article ''Pay and smile' - Rome visitors face Trevi Fountain charge' from BBC has only 24 words (Min: 90).
2026-02-04 05:34:44,034 - INFO - [The Guardian] Article: https://www.theguardian.com/world/2026/feb/01/inside-myanmar-armed-resistance-junta-coup-photo-essay
2026-02-04 05:34:44,034 - INFO - [The Guardian] Attempt 1/1: Trying with 'requests_browser' strategy...
2026-02-04 05:34:44,234 - INFO - [The Guardian] Success with 'requests_browser'. Found content (585 words).
2026-02-04 05:34:44,272 - INFO - Saved article: Inside Myanmar’s five-year armed resistance – a photo essay | Myanmar | The Guardian from The Guardian (585 words)
2026-02-04 05:34:44,636 - INFO - [BBC] Article: https://www.bbc.com/news/videos/cvgdy0ze8eko?at_medium=RSS&at_campaign=rss
2026-02-04 05:34:44,636 - INFO - [BBC] Attempt 1/1: Trying with 'requests_browser' strategy...
2026-02-04 05:34:44,693 - WARNING - [BBC] FAILED with 'requests_browser' (content was too short: 86 words).
2026-02-04 05:34:44,693 - ERROR - [BBC] All scrape strategies failed for https://www.bbc.com/news/videos/cvgdy0ze8eko?at_medium=RSS&at_campaign=rss. Falling back to RSS description.
2026-02-04 05:34:44,693 - WARNING - SKIPPED (GLOBAL WORD LIMIT): Article 'Watch: Snake at train station scares Sydney commuters' from BBC has only 14 words (Min: 90).
2026-02-04 05:34:45,716 - INFO - [The Guardian] Article: https://www.theguardian.com/sport/2026/jan/30/breakdown-in-cricket-relations-with-bangladesh-rings-alarm-bells-for-indias-olympic-bid
2026-02-04 05:34:45,716 - INFO - [The Guardian] Attempt 1/1: Trying with 'requests_browser' strategy...
2026-02-04 05:34:45,747 - INFO - [The Guardian] Success with 'requests_browser'. Found content (621 words).
2026-02-04 05:34:45,896 - INFO - Saved article: Breakdown in cricket relations with Bangladesh rings alarm bells for India’s Olympic bid | International Olympic Committee | The Guardian from The Guardian (621 words)
2026-02-04 05:34:45,911 - INFO - [BBC] Early skip: URL https://www.bbc.com/news/videos/cly5l1yp72wo?at_medium=RSS&at_campaign=rss already exists.
2026-02-04 05:34:47,012 - INFO - [The Guardian] Article: https://www.theguardian.com/world/2026/jan/30/junta-backed-party-victory-myanmar-sham-election
2026-02-04 05:34:47,012 - INFO - [The Guardian] Attempt 1/1: Trying with 'requests_browser' strategy...
2026-02-04 05:34:47,042 - INFO - [The Guardian] Success with 'requests_browser'. Found content (519 words).
2026-02-04 05:34:47,074 - INFO - Saved article: Junta-backed party secures sweeping victory in Myanmar’s ‘sham’ election | Myanmar | The Guardian from The Guardian (519 words)
2026-02-04 05:34:48,565 - INFO - [The Guardian] Target reached: Successfully saved 5 new articles.
2026-02-04 05:34:49,392 - INFO - Selenium driver initialized successfully.
2026-02-04 05:34:49,392 - INFO - Starting scrape for Times of India RSS feed: https://timesofindia.indiatimes.com/rssfeeds/296589292.cms
2026-02-04 05:34:49,393 - INFO - Selenium driver initialized successfully.
2026-02-04 05:34:49,393 - INFO - Starting scrape for The Hindu RSS feed: https://www.thehindu.com/news/national/feeder/default.rss
2026-02-04 05:34:49,500 - INFO - Found 100 articles in The Hindu RSS feed. Processing until 5 new articles are saved.
2026-02-04 05:34:49,500 - INFO - [The Hindu] Article: https://www.thehindu.com/news/national/kerala/kerala-assembly-opposition-boycotts-proceedings-amid-heated-disputes-over-sabarimala-gold-theft/article70590331.ece
2026-02-04 05:34:49,500 - INFO - [The Hindu] Attempt 1/1: Trying with 'selenium_browser' strategy...
2026-02-04 05:34:49,628 - INFO - Found 20 articles in Times of India RSS feed. Processing until 5 new articles are saved.
2026-02-04 05:34:49,629 - INFO - [Times of India] Article: https://timesofindia.indiatimes.com/defence/news/inside-chinas-gray-zone-activities-how-beijing-is-salami-slicing-its-way-to-influence/articleshow/127881139.cms
2026-02-04 05:34:49,629 - INFO - [Times of India] Attempt 1/1: Trying with 'selenium_browser' strategy...
2026-02-04 05:34:58,625 - INFO - [The Hindu] Page content loaded.
2026-02-04 05:34:58,797 - INFO - [The Hindu] Success with 'selenium_browser'. Found content (528 words).
2026-02-04 05:34:59,228 - INFO - Saved article: Kerala Assembly: Opposition boycotts proceedings amid heated disputes over Sabarimala gold theft - The Hindu from The Hindu (528 words)
2026-02-04 05:35:00,190 - INFO - [The Hindu] Article: https://www.thehindu.com/news/national/rajasthan/enforcement-directorate-arrests-former-rajasthan-mla-in-money-laundering-case/article70590325.ece
2026-02-04 05:35:00,190 - INFO - [The Hindu] Attempt 1/1: Trying with 'selenium_browser' strategy...
2026-02-04 05:35:01,533 - INFO - [The Hindu] Page content loaded.
2026-02-04 05:35:01,620 - INFO - [The Hindu] Success with 'selenium_browser'. Found content (102 words).
2026-02-04 05:35:01,692 - INFO - Saved article: Enforcement Directorate arrests former Rajasthan MLA in money-laundering case - The Hindu from The Hindu (102 words)
2026-02-04 05:35:02,249 - INFO - [The Hindu] Article: https://www.thehindu.com/news/national/parliament-budget-session-lok-sabha-rajya-sabha-the-hindu-live-updates-february-4-2026/article70590320.ece
2026-02-04 05:35:02,249 - INFO - [The Hindu] Attempt 1/1: Trying with 'selenium_browser' strategy...
2026-02-04 05:35:05,666 - INFO - [The Hindu] Page content loaded.
2026-02-04 05:35:05,716 - INFO - [The Hindu] Success with 'selenium_browser'. Found content (236 words).
2026-02-04 05:35:05,811 - INFO - Saved article: Parliament Budget Session Day 6 LIVE: Lok Sabha adjourned after eight MPs suspended for 'unruly behaviour' - The Hindu from The Hindu (236 words)
2026-02-04 05:35:06,435 - INFO - [The Hindu] Article: https://www.thehindu.com/shorts/watch-water-ambulance-to-save-fishermens-lives-in-mangaluru/article70590339.ece
2026-02-04 05:35:06,435 - INFO - [The Hindu] Attempt 1/1: Trying with 'selenium_browser' strategy...
2026-02-04 05:35:09,657 - ERROR - [Times of India] Request failed for strategy 'selenium_browser' on URL https://timesofindia.indiatimes.com/defence/news/inside-chinas-gray-zone-activities-how-beijing-is-salami-slicing-its-way-to-influence/articleshow/127881139.cms: Message: timeout: Timed out receiving message from renderer: 19.921
  (Session info: chrome=144.0.7559.96)
Stacktrace:
#0 0x55d667baca4a <unknown>
#1 0x55d6675c56a2 <unknown>
#2 0x55d6675acd87 <unknown>
#3 0x55d6675ac996 <unknown>
#4 0x55d6675aa4a1 <unknown>
#5 0x55d6675aae2f <unknown>
#6 0x55d6675ba360 <unknown>
#7 0x55d6675d4357 <unknown>
#8 0x55d6675db56b <unknown>
#9 0x55d6675ab599 <unknown>
#10 0x55d6675d40ec <unknown>
#11 0x55d667663b68 <unknown>
#12 0x55d66760c8b2 <unknown>
#13 0x55d66760d6a1 <unknown>
#14 0x55d667b728a9 <unknown>
#15 0x55d667b757b1 <unknown>
#16 0x55d667b5eea9 <unknown>
#17 0x55d667b7636e <unknown>
#18 0x55d667b45410 <unknown>
#19 0x55d667b9a0c8 <unknown>
#20 0x55d667b9a29b <unknown>
#21 0x55d667babdb8 <unknown>
#22 0x7fa53549caa4 <unknown>
#23 0x7fa535529c6c <unknown>

2026-02-04 05:35:09,657 - ERROR - [Times of India] All scrape strategies failed for https://timesofindia.indiatimes.com/defence/news/inside-chinas-gray-zone-activities-how-beijing-is-salami-slicing-its-way-to-influence/articleshow/127881139.cms. Falling back to RSS description.
2026-02-04 05:35:09,657 - WARNING - SKIPPED (GLOBAL WORD LIMIT): Article 'Inside China’s gray zone activities: How Beijing is salami slicing its way to influence' from Times of India has only 54 words (Min: 90).
2026-02-04 05:35:10,591 - INFO - [Times of India] Article: https://timesofindia.indiatimes.com/world/europe/elon-musk-calls-spanish-pm-dirty-sanchez-for-proposing-social-media-ban-for-minors/articleshow/127898828.cms
2026-02-04 05:35:10,591 - INFO - [Times of India] Attempt 1/1: Trying with 'selenium_browser' strategy...
2026-02-04 05:35:13,784 - INFO - [Times of India] Page content loaded.
2026-02-04 05:35:14,014 - INFO - [Times of India] Success with 'selenium_browser'. Found content (501 words).
2026-02-04 05:35:14,089 - INFO - Saved article: Elon Musk calls Spanish PM 'dirty Sanchez' for proposing social media ban for minors - The Times of India from Times of India (501 words)
2026-02-04 05:35:15,026 - INFO - [Times of India] Article: https://timesofindia.indiatimes.com/world/rest-of-world/who-was-saif-al-islam-gaddafi-son-of-late-libya-dictator-moammar-gaddafi-killed-in-his-home/articleshow/127897864.cms
2026-02-04 05:35:15,026 - INFO - [Times of India] Attempt 1/1: Trying with 'selenium_browser' strategy...
2026-02-04 05:35:15,445 - INFO - [Times of India] Page content loaded.
2026-02-04 05:35:15,589 - INFO - [Times of India] Success with 'selenium_browser'. Found content (703 words).
2026-02-04 05:35:15,642 - INFO - Saved article: Who was Saif al-Islam Gaddafi? Son of late Libya dictator Moammar Gaddafi killed in his home - The Times of India from Times of India (703 words)
2026-02-04 05:35:16,794 - INFO - [Times of India] Article: https://timesofindia.indiatimes.com/world/pakistan/us-iran-tensions-pakistan-to-be-a-part-of-turkey-led-peace-talks/articleshow/127898563.cms
2026-02-04 05:35:16,795 - INFO - [Times of India] Attempt 1/1: Trying with 'selenium_browser' strategy...
2026-02-04 05:35:17,727 - INFO - [Times of India] Page content loaded.
2026-02-04 05:35:17,852 - INFO - [Times of India] Success with 'selenium_browser'. Found content (452 words).
2026-02-04 05:35:17,917 - INFO - Saved article: US-Iran tensions: Pakistan to be a part of Turkey-led peace talks - The Times of India from Times of India (452 words)
2026-02-04 05:35:18,699 - INFO - [Times of India] Article: https://timesofindia.indiatimes.com/world/middle-east/gallery-with-caf-artist-daniel-arsham-opens-new-art-driven-coffee-and-dessert-restaurant-in-dubai-mall/articleshow/127899993.cms
2026-02-04 05:35:18,699 - INFO - [Times of India] Attempt 1/1: Trying with 'selenium_browser' strategy...
2026-02-04 05:35:19,809 - WARNING - [The Hindu] Page timed out (10s). Proceeding anyway.
2026-02-04 05:35:20,065 - WARNING - [The Hindu] FAILED with 'selenium_browser' (content was too short: 53 words).
2026-02-04 05:35:20,065 - ERROR - [The Hindu] All scrape strategies failed for https://www.thehindu.com/shorts/watch-water-ambulance-to-save-fishermens-lives-in-mangaluru/article70590339.ece. Falling back to RSS description.
2026-02-04 05:35:20,065 - WARNING - SKIPPED (GLOBAL WORD LIMIT): Article 'Watch: Water ambulance to save fishermen’s lives in Mangaluru' from The Hindu has only 3 words (Min: 90).
2026-02-04 05:35:21,010 - INFO - [Times of India] Page content loaded.
2026-02-04 05:35:21,184 - INFO - [The Hindu] Early skip: URL https://www.thehindu.com/news/national/west-bengal-sir-hearing-supreme-court-mamata-banerjee-live-updates-february-4-2026/article70590299.ece already exists.
2026-02-04 05:35:21,185 - INFO - [The Hindu] Article: https://www.thehindu.com/news/international/india-us-trade-deal-america-industrial-agriculture-goods/article70590290.ece
2026-02-04 05:35:21,185 - INFO - [The Hindu] Attempt 1/1: Trying with 'selenium_browser' strategy...
2026-02-04 05:35:21,214 - INFO - [Times of India] Success with 'selenium_browser'. Found content (611 words).
2026-02-04 05:35:21,341 - INFO - Saved article: Gallery with café? Artist Daniel Arsham opens new art-driven coffee and dessert restaurant in Dubai Mall - The Times of India from Times of India (611 words)
2026-02-04 05:35:22,012 - INFO - [The Hindu] Page content loaded.
2026-02-04 05:35:22,152 - INFO - [The Hindu] Success with 'selenium_browser'. Found content (826 words).
2026-02-04 05:35:22,230 - INFO - Saved article: India will lower tariffs on wide array of American industrial, agri goods to 0%: U.S. Trade Representative - The Hindu from The Hindu (826 words)
2026-02-04 05:35:22,573 - INFO - [Times of India] Article: https://timesofindia.indiatimes.com/world/middle-east/watch-dubais-craziest-jaw-dropping-stunt-xdubai-wingsuit-daredevils-fly-through-worlds-tallest-hotel-at-200km/h/articleshow/127899332.cms
2026-02-04 05:35:22,573 - INFO - [Times of India] Attempt 1/1: Trying with 'selenium_browser' strategy...
2026-02-04 05:35:23,017 - INFO - [The Hindu] Article: https://www.thehindu.com/news/national/karnataka/2110-crore-for-redeveloping-61-railway-stations-in-karnataka/article70588085.ece
2026-02-04 05:35:23,017 - INFO - [The Hindu] Attempt 1/1: Trying with 'selenium_browser' strategy...
2026-02-04 05:35:26,294 - INFO - [The Hindu] Page content loaded.
2026-02-04 05:35:26,843 - INFO - [The Hindu] Success with 'selenium_browser'. Found content (293 words).
2026-02-04 05:35:26,948 - INFO - Saved article: ₹2,110 crore for redeveloping 61 railway stations in Karnataka - The Hindu from The Hindu (293 words)
2026-02-04 05:35:27,828 - INFO - [The Hindu] Target reached: Successfully saved 5 new articles.
2026-02-04 05:35:27,828 - INFO - [The Hindu] (Thread) Finished. Attempting to shut down its Selenium driver.
2026-02-04 05:35:27,940 - INFO - [The Hindu] (Thread) driver.quit() successful.
2026-02-04 05:35:28,506 - INFO - [Times of India] Page content loaded.
2026-02-04 05:35:28,677 - INFO - [Times of India] Success with 'selenium_browser'. Found content (784 words).
2026-02-04 05:35:28,907 - INFO - Saved article: Watch Dubai’s craziest jaw-dropping stunt: XDubai wingsuit daredevils fly through world's tallest hotel at 200km/h - The Times of India from Times of India (784 words)
2026-02-04 05:35:30,109 - INFO - [Times of India] Target reached: Successfully saved 5 new articles.
2026-02-04 05:35:30,110 - INFO - [Times of India] (Thread) Finished. Attempting to shut down its Selenium driver.
2026-02-04 05:35:30,247 - INFO - [Times of India] (Thread) driver.quit() successful.
2026-02-04 05:35:30,248 - INFO - Shutting down thread pool (wait=False)...
2026-02-04 05:35:30,248 - INFO - Scraped: 5 Times of India, 5 The Hindu, 5 The Guardian, 0 BBC articles. (Total saved: 15)
2026-02-04 05:35:30,248 - INFO - --- Scraping job finished ---
2026-02-04 05:35:30,253 - INFO - --- Scraper service stopped and database connection closed. ---
2026-02-04 05:35:30,253 - INFO - --- Main thread finished. Forcing process exit to kill zombie threads. ---
