2026-01-06 23:26:55,023 - INFO - Loading AI Semantic Model (all-MiniLM-L6-v2)...
2026-01-06 23:26:55,023 - INFO - Use pytorch device_name: cpu
2026-01-06 23:26:55,023 - INFO - Load pretrained SentenceTransformer: all-MiniLM-L6-v2
2026-01-06 23:26:55,753 - INFO - AI Model loaded successfully.
2026-01-06 23:26:55,753 - INFO - --- Scraper service started (CI Mode: Run Once) ---
2026-01-06 23:26:55,754 - INFO - --- Starting new scraping job (Parallel Mode) ---
2026-01-06 23:26:55,754 - INFO - Creating new robust session with 3 retries on 5xx/connection/read errors.
2026-01-06 23:26:55,754 - INFO - Proxy is DISABLED.
2026-01-06 23:26:55,754 - INFO - Starting scrape for BBC RSS feed: http://feeds.bbci.co.uk/news/world/rss.xml
2026-01-06 23:26:55,755 - INFO - [Times of India] (Thread) requires Selenium. Initializing driver...
2026-01-06 23:26:55,755 - INFO - Starting scrape for The Guardian RSS feed: https://www.theguardian.com/world/rss
2026-01-06 23:26:55,757 - INFO - [The Hindu] (Thread) requires Selenium. Initializing driver...
2026-01-06 23:26:55,757 - INFO - Submitted 4 jobs to thread pool. Waiting up to 300s for completion...
2026-01-06 23:26:55,844 - INFO - Found 35 articles in BBC RSS feed. Processing up to 30.
2026-01-06 23:26:55,845 - INFO - [BBC] Early skip: URL https://www.bbc.com/news/articles/c17zee20qpzo?at_medium=RSS&at_campaign=rss already exists.
2026-01-06 23:26:55,925 - INFO - Found 45 articles in The Guardian RSS feed. Processing up to 30.
2026-01-06 23:26:56,045 - INFO - [The Guardian] Early skip: URL https://www.theguardian.com/world/2026/jan/02/anthony-joshuas-driver-charged-with-dangerous-driving-after-fatal-crash-in-nigeria already exists.
2026-01-06 23:26:56,308 - INFO - [BBC] Early skip: URL https://www.bbc.com/news/articles/cd6w4y0eq70o?at_medium=RSS&at_campaign=rss already exists.
2026-01-06 23:26:56,553 - INFO - [The Guardian] Early skip: URL https://www.theguardian.com/science/2026/jan/01/cremation-pyre-in-africa-thought-to-be-worlds-oldest-containing-adult-remains already exists.
2026-01-06 23:26:56,764 - INFO - [BBC] Early skip: URL https://www.bbc.com/news/articles/c7v0deypjl4o?at_medium=RSS&at_campaign=rss already exists.
2026-01-06 23:26:57,014 - INFO - [The Guardian] Early skip: URL https://www.theguardian.com/global-development/2026/jan/01/us-aid-cuts-conditions-un-humanitarian-pledge-ocha already exists.
2026-01-06 23:26:57,129 - INFO - [BBC] Early skip: URL https://www.bbc.com/news/articles/czjg37p34r3o?at_medium=RSS&at_campaign=rss already exists.
2026-01-06 23:26:57,270 - INFO - [The Guardian] Early skip: URL https://www.theguardian.com/world/2025/dec/31/guinea-junta-chief-mamady-doumbouya-elected-president-after-opposition-boycott already exists.
2026-01-06 23:26:57,398 - INFO - [BBC] Early skip: URL https://www.bbc.com/news/articles/cre28d2j2zxo?at_medium=RSS&at_campaign=rss already exists.
2026-01-06 23:26:57,520 - INFO - [The Guardian] Early skip: URL https://www.theguardian.com/world/2025/dec/30/saudi-arabia-uae-tension-future-yemen-boiling-point already exists.
2026-01-06 23:26:57,765 - INFO - [BBC] Early skip: URL https://www.bbc.com/news/articles/c07xkeee2k3o?at_medium=RSS&at_campaign=rss already exists.
2026-01-06 23:26:58,060 - INFO - [The Guardian] Early skip: URL https://www.theguardian.com/world/live/2026/jan/06/venezuela-live-updates-maduro-trump-us-attack-opposition-machado-return already exists.
2026-01-06 23:26:58,194 - INFO - [BBC] Early skip: URL https://www.bbc.com/news/articles/c74w54783zeo?at_medium=RSS&at_campaign=rss already exists.
2026-01-06 23:26:58,309 - INFO - [The Guardian] Early skip: URL https://www.theguardian.com/world/2026/jan/06/nicolas-maduro-tries-to-imitate-my-dance-says-donald-trump already exists.
2026-01-06 23:26:58,593 - INFO - [BBC] Early skip: URL https://www.bbc.com/news/articles/cpv7myg2nw4o?at_medium=RSS&at_campaign=rss already exists.
2026-01-06 23:26:58,818 - INFO - [The Guardian] Early skip: URL https://www.theguardian.com/world/2026/jan/07/caracas-venezuela-paramilitary-groups already exists.
2026-01-06 23:26:58,945 - INFO - [BBC] Early skip: URL https://www.bbc.com/news/articles/cdx4zxk1np0o?at_medium=RSS&at_campaign=rss already exists.
2026-01-06 23:26:59,068 - INFO - [The Guardian] Early skip: URL https://www.theguardian.com/us-news/2026/jan/06/trump-oil-companies-venezuela already exists.
2026-01-06 23:26:59,361 - INFO - [BBC] Early skip: URL https://www.bbc.com/news/articles/c74vx4n003xo?at_medium=RSS&at_campaign=rss already exists.
2026-01-06 23:26:59,524 - INFO - [The Guardian] Early skip: URL https://www.theguardian.com/world/2026/jan/06/ontario-canada-crown-royal-whisky-doug-ford already exists.
2026-01-06 23:26:59,689 - INFO - [BBC] Early skip: URL https://www.bbc.com/news/articles/cgl8y4gx9lyo?at_medium=RSS&at_campaign=rss already exists.
2026-01-06 23:26:59,871 - INFO - [The Guardian] Early skip: URL https://www.theguardian.com/world/2026/jan/06/papua-new-guinea-internet-starlink-shut-down already exists.
2026-01-06 23:26:59,999 - INFO - [BBC] Early skip: URL https://www.bbc.com/news/articles/cwyrexdgzn9o?at_medium=RSS&at_campaign=rss already exists.
2026-01-06 23:27:00,251 - INFO - [The Guardian] Early skip: URL https://www.theguardian.com/world/2026/jan/06/what-us-action-in-venezuela-means-for-taiwan already exists.
2026-01-06 23:27:00,355 - INFO - [BBC] Early skip: URL https://www.bbc.com/news/articles/cx2yvx8gnnpo?at_medium=RSS&at_campaign=rss already exists.
2026-01-06 23:27:00,655 - INFO - [The Guardian] Early skip: URL https://www.theguardian.com/world/2026/jan/05/venezuela-trump-attack-china-interests-analysis already exists.
2026-01-06 23:27:00,912 - INFO - [BBC] Early skip: URL https://www.bbc.com/news/articles/c0jv1vd571wo?at_medium=RSS&at_campaign=rss already exists.
2026-01-06 23:27:01,203 - INFO - [The Guardian] Early skip: URL https://www.theguardian.com/world/2026/jan/05/giant-bluefin-tuna-sold-record-amount-tokyo-auction-kiyoshi-kimura already exists.
2026-01-06 23:27:01,416 - INFO - [BBC] Early skip: URL https://www.bbc.com/news/articles/cql45lykx5eo?at_medium=RSS&at_campaign=rss already exists.
2026-01-06 23:27:01,631 - INFO - [The Guardian] Early skip: URL https://www.theguardian.com/environment/2026/jan/05/weather-tracker-arctic-air-grips-europe-winds-corsica already exists.
2026-01-06 23:27:01,901 - INFO - [BBC] Early skip: URL https://www.bbc.com/news/articles/c87r891gv1ro?at_medium=RSS&at_campaign=rss already exists.
2026-01-06 23:27:02,197 - INFO - [The Guardian] Early skip: URL https://www.theguardian.com/australia-news/live/2026/jan/07/australia-news-live-heatwave-weather-bushfire-warning-anthony-albanese-antisemitism-bondi-royal-commission-inflation-abs-rba-interest-rates-ntwnfb already exists.
2026-01-06 23:27:02,471 - INFO - [BBC] Early skip: URL https://www.bbc.com/news/articles/c301n41518do?at_medium=RSS&at_campaign=rss already exists.
2026-01-06 23:27:02,722 - INFO - [The Guardian] Early skip: URL https://www.theguardian.com/australia-news/2026/jan/06/moira-deeming-victorian-liberal-mps-preselection-challenge-ntwnfb already exists.
2026-01-06 23:27:02,883 - INFO - [BBC] Early skip: URL https://www.bbc.com/news/articles/cpwn2wjzwndo?at_medium=RSS&at_campaign=rss already exists.
2026-01-06 23:27:02,973 - INFO - Selenium driver initialized successfully.
2026-01-06 23:27:02,973 - INFO - Starting scrape for The Hindu RSS feed: https://www.thehindu.com/news/national/feeder/default.rss
2026-01-06 23:27:02,975 - INFO - Selenium driver initialized successfully.
2026-01-06 23:27:02,975 - INFO - Starting scrape for Times of India RSS feed: https://timesofindia.indiatimes.com/rssfeeds/296589292.cms
2026-01-06 23:27:03,049 - INFO - [The Guardian] Early skip: URL https://www.theguardian.com/australia-news/2026/jan/06/protester-detained-in-sydney-for-wearing-globalise-the-intifada-jacket-says-she-should-never-have-been-arrested-ntwnfb already exists.
2026-01-06 23:27:03,070 - INFO - Found 100 articles in The Hindu RSS feed. Processing up to 30.
2026-01-06 23:27:03,187 - INFO - [BBC] Early skip: URL https://www.bbc.com/news/articles/c70lw9x581no?at_medium=RSS&at_campaign=rss already exists.
2026-01-06 23:27:03,357 - INFO - Found 20 articles in Times of India RSS feed. Processing up to 30.
2026-01-06 23:27:03,387 - INFO - [The Hindu] Early skip: URL https://www.thehindu.com/entertainment/art/in-an-age-of-nationalism-a-month-long-art-exhibition-in-kolkata-on-the-idea-of-land/article70478053.ece already exists.
2026-01-06 23:27:03,520 - INFO - [The Guardian] Early skip: URL https://www.theguardian.com/australia-news/2026/jan/06/nsw-ministers-warned-lobbyist-eamonn-fitzpatrick-watchlist-ntwnfb already exists.
2026-01-06 23:27:03,734 - INFO - [Times of India] Article: https://timesofindia.indiatimes.com/world/us/modi-maduro-and-macron-trump-makes-shocking-claims-about-world-leaders-in-fiery-gop-speech/articleshow/126382408.cms
2026-01-06 23:27:03,734 - INFO - [Times of India] Attempt 1/1: Trying with 'selenium_browser' strategy...
2026-01-06 23:27:03,735 - INFO - [BBC] Early skip: URL https://www.bbc.com/news/articles/cz9vg0w9w28o?at_medium=RSS&at_campaign=rss already exists.
2026-01-06 23:27:03,877 - INFO - [The Hindu] Early skip: URL https://www.thehindu.com/news/national/west-bengal/economist-amartya-sen-not-required-to-attend-sir-hearing-over-spelling-error-says-election-commission/article70479773.ece already exists.
2026-01-06 23:27:04,031 - INFO - [The Guardian] Early skip: URL https://www.theguardian.com/australia-news/2026/jan/07/nsw-opposition-fresh-faces-coalition-shadow-cabinet-ntwnfb already exists.
2026-01-06 23:27:04,257 - INFO - [BBC] Early skip: URL https://www.bbc.com/news/articles/cd0ye72r4vpo?at_medium=RSS&at_campaign=rss already exists.
2026-01-06 23:27:04,475 - INFO - [The Hindu] Early skip: URL https://www.thehindu.com/news/national/assam/bjp-planning-to-manipulate-electoral-rolls-delete-names-of-10000-voters-assam-mla/article70479081.ece already exists.
2026-01-06 23:27:04,628 - INFO - [The Guardian] Early skip: URL https://www.theguardian.com/world/live/2026/jan/06/coalition-willing-paris-ukraine-zelenskyy-greenland-denmark-venezuela-trump-latest-news-updates already exists.
2026-01-06 23:27:04,821 - INFO - [BBC] Early skip: URL https://www.bbc.com/news/articles/cx2drqwg32do?at_medium=RSS&at_campaign=rss already exists.
2026-01-06 23:27:05,114 - INFO - [The Hindu] Early skip: URL https://www.thehindu.com/news/national/rajasthan/data-centre-with-focus-on-e-governance-digital-inclusion-to-be-set-up-in-jaipur/article70478770.ece already exists.
2026-01-06 23:27:05,243 - INFO - [The Hindu] Early skip: URL https://www.thehindu.com/news/national/odisha/doctors-stir-odisha-govt-invokes-esma/article70478967.ece already exists.
2026-01-06 23:27:05,389 - INFO - [The Hindu] Early skip: URL https://www.thehindu.com/news/national/uttar-pradesh/bareilly-police-busthawalagstfraud-racket-2-held/article70478932.ece already exists.
2026-01-06 23:27:05,564 - INFO - [The Hindu] Early skip: URL https://www.thehindu.com/news/national/luxembourg-very-important-partner-for-india-jaishankar/article70479704.ece already exists.
2026-01-06 23:27:05,740 - INFO - [The Hindu] Early skip: URL https://www.thehindu.com/books/the-hindu-lit-for-life-returns-to-chennai-with-books-ideas-and-debate/article70478615.ece already exists.
2026-01-06 23:27:06,039 - INFO - [The Guardian] Early skip: URL https://www.theguardian.com/world/2026/jan/06/uk-france-ready-to-deploy-troops-to-ukraine-after-ceasefire already exists.
2026-01-06 23:27:06,187 - INFO - [The Guardian] Early skip: URL https://www.theguardian.com/world/2026/jan/06/stephen-miller-donald-trump-threats-take-over-greenland already exists.
2026-01-06 23:27:06,467 - INFO - [The Guardian] Early skip: URL https://www.theguardian.com/world/2026/jan/06/why-is-donald-trump-renewing-calls-for-takeover-of-greenland already exists.
2026-01-06 23:27:06,663 - INFO - [BBC] Early skip: URL https://www.bbc.com/news/articles/clyxln49760o?at_medium=RSS&at_campaign=rss already exists.
2026-01-06 23:27:06,767 - INFO - [The Hindu] Early skip: URL https://www.thehindu.com/news/national/jammu-and-kashmir/nmc-withdraws-mata-vaishno-devi-colleges-mbbs-list-with-42-muslim-candidates-citing-non-compliance-bjp-welcomes-move/article70479719.ece already exists.
2026-01-06 23:27:07,012 - INFO - [The Hindu] Early skip: URL https://www.thehindu.com/news/national/grok-obscene-ai-content-govt-gives-x-time-till-january-7-to-submit-report/article70478927.ece already exists.
2026-01-06 23:27:07,308 - INFO - [BBC] Early skip: URL https://www.bbc.com/news/articles/c74x4m71pmjo?at_medium=RSS&at_campaign=rss already exists.
2026-01-06 23:27:07,597 - INFO - [The Guardian] Early skip: URL https://www.theguardian.com/world/2026/jan/06/artists-decry-dismantling-antwerp-oldest-art-gallery already exists.
2026-01-06 23:27:07,854 - INFO - [The Hindu] Early skip: URL https://www.thehindu.com/news/national/kerala/kalamassery-municipality-seeks-easing-of-curbs-on-construction-works/article70478647.ece already exists.
2026-01-06 23:27:07,984 - INFO - [BBC] Article: https://www.bbc.com/news/videos/cly5nn5w918o?at_medium=RSS&at_campaign=rss
2026-01-06 23:27:07,984 - INFO - [BBC] Attempt 1/1: Trying with 'requests_browser' strategy...
2026-01-06 23:27:07,985 - INFO - [The Guardian] Early skip: URL https://www.theguardian.com/world/2026/jan/06/iranian-security-forces-clash-protesters-tehran-grand-bazaar already exists.
2026-01-06 23:27:08,258 - INFO - [The Hindu] Early skip: URL https://www.thehindu.com/opinion/op-ed/a-central-law-to-protect-amaravati/article70479604.ece already exists.
2026-01-06 23:27:08,263 - WARNING - [BBC] FAILED with 'requests_browser' (content was too short: 83 words).
2026-01-06 23:27:08,263 - ERROR - [BBC] All scrape strategies failed for https://www.bbc.com/news/videos/cly5nn5w918o?at_medium=RSS&at_campaign=rss. Falling back to RSS description.
2026-01-06 23:27:08,263 - WARNING - SKIPPED (GLOBAL WORD LIMIT): Article 'BBC looks into the relationship between Cuba and Venezuela' from BBC has only 17 words (Min: 90).
2026-01-06 23:27:08,445 - INFO - [The Guardian] Early skip: URL https://www.theguardian.com/world/2026/jan/06/israel-vast-illegal-settlement-west-bank already exists.
2026-01-06 23:27:08,677 - INFO - [The Guardian] Early skip: URL https://www.theguardian.com/world/2026/jan/05/iran-try-risky-economic-changes-quell-protesters-anger already exists.
2026-01-06 23:27:08,839 - INFO - [The Hindu] Early skip: URL https://www.thehindu.com/news/national/kerala/sabarimala-to-feature-devotees-original-songs-in-temple-playlist/article70479701.ece already exists.
2026-01-06 23:27:09,013 - INFO - [The Hindu] Early skip: URL https://www.thehindu.com/news/national/tamil-nadu/shoddy-waste-management-should-be-blamed-on-lack-of-proper-mechanism-experts/article70478850.ece already exists.
2026-01-06 23:27:09,179 - INFO - [The Hindu] Early skip: URL https://www.thehindu.com/news/national/kerala/archbishop-thattil-calls-unity-a-force-to-shape-history/article70479094.ece already exists.
2026-01-06 23:27:09,354 - INFO - [The Guardian] Early skip: URL https://www.theguardian.com/world/2026/jan/05/palestine-ambassador-uk-hails-embassy-proof-identity already exists.
2026-01-06 23:27:09,570 - INFO - [The Hindu] Early skip: URL https://www.thehindu.com/news/national/andhra-pradesh/no-offline-quota-of-srivani-darshan-tickets-at-tirumala-from-january-9/article70479017.ece already exists.
2026-01-06 23:27:09,763 - INFO - [BBC] Article: https://www.bbc.com/news/videos/cn42zz4ypgwo?at_medium=RSS&at_campaign=rss
2026-01-06 23:27:09,763 - INFO - [BBC] Attempt 1/1: Trying with 'requests_browser' strategy...
2026-01-06 23:27:09,766 - INFO - [The Guardian] Early skip: URL https://www.theguardian.com/global-development/2026/jan/05/children-killed-iran-protests-security-forces already exists.
2026-01-06 23:27:09,918 - WARNING - [BBC] FAILED with 'requests_browser' (content was too short: 52 words).
2026-01-06 23:27:09,919 - ERROR - [BBC] All scrape strategies failed for https://www.bbc.com/news/videos/cn42zz4ypgwo?at_medium=RSS&at_campaign=rss. Falling back to RSS description.
2026-01-06 23:27:09,919 - WARNING - SKIPPED (GLOBAL WORD LIMIT): Article ''It seems unjust to me' - views from Caracas on Maduro's seizure' from BBC has only 16 words (Min: 90).
2026-01-06 23:27:09,966 - INFO - [The Hindu] Early skip: URL https://www.thehindu.com/news/national/andhra-pradesh/fcv-tobacco-farmers-seek-review-of-tax-hike-on-cigarettes/article70478519.ece already exists.
2026-01-06 23:27:10,257 - INFO - [The Hindu] Early skip: URL https://www.thehindu.com/news/national/maharashtra/former-maharashtra-cm-prithviraj-chavans-remarks-on-pm-kidnap-sparks-a-row/article70479682.ece already exists.
2026-01-06 23:27:10,503 - INFO - [The Hindu] Early skip: URL https://www.thehindu.com/news/national/kerala/minister-calls-for-study-on-integrated-paddy-fish-farming-in-pokkali-fields/article70479139.ece already exists.
2026-01-06 23:27:10,755 - INFO - [The Hindu] Early skip: URL https://www.thehindu.com/news/national/telangana/mlc-kavithas-resignation-accepted-by-council-chairman/article70479656.ece already exists.
2026-01-06 23:27:10,932 - INFO - [BBC] Article: https://www.bbc.com/news/videos/cy05933de12o?at_medium=RSS&at_campaign=rss
2026-01-06 23:27:10,932 - INFO - [BBC] Attempt 1/1: Trying with 'requests_browser' strategy...
2026-01-06 23:27:10,934 - INFO - [The Hindu] Early skip: URL https://www.thehindu.com/news/national/kerala/acute-water-scarcity-hits-ward-15-in-chellanam-grama-panchayat/article70478680.ece already exists.
2026-01-06 23:27:11,050 - WARNING - [BBC] FAILED with 'requests_browser' (content was too short: 82 words).
2026-01-06 23:27:11,050 - ERROR - [BBC] All scrape strategies failed for https://www.bbc.com/news/videos/cy05933de12o?at_medium=RSS&at_campaign=rss. Falling back to RSS description.
2026-01-06 23:27:11,050 - WARNING - SKIPPED (GLOBAL WORD LIMIT): Article 'Watch: What it was like in the courtroom at Maduro's hearing' from BBC has only 16 words (Min: 90).
2026-01-06 23:27:11,229 - INFO - [The Hindu] Early skip: URL https://www.thehindu.com/news/national/telangana/hilt-policy-to-generate-10776-crore-deputy-cm-bhatti-vikramarka/article70479654.ece already exists.
2026-01-06 23:27:11,381 - INFO - [The Hindu] Early skip: URL https://www.thehindu.com/news/national/ed-uncovers-suspected-misuse-of-foreign-funds-to-influence-indias-energy-policy/article70479015.ece already exists.
2026-01-06 23:27:11,497 - INFO - [The Hindu] Early skip: URL https://www.thehindu.com/news/national/andhra-pradesh/apsrtc-prioritises-intra-state-services-for-sankranti-travel/article70479256.ece already exists.
2026-01-06 23:27:11,749 - INFO - [The Hindu] Article: https://www.thehindu.com/news/national/kerala/epfo-kochi-office-holds-session-with-industry-leaders/article70479126.ece
2026-01-06 23:27:11,750 - INFO - [The Hindu] Attempt 1/1: Trying with 'selenium_browser' strategy...
2026-01-06 23:27:12,388 - INFO - [BBC] Early skip: URL https://www.bbc.com/news/videos/cly308pn4r8o?at_medium=RSS&at_campaign=rss already exists.
2026-01-06 23:27:12,497 - INFO - [BBC] Article: https://www.bbc.com/news/videos/c5y2xqgjd7eo?at_medium=RSS&at_campaign=rss
2026-01-06 23:27:12,497 - INFO - [BBC] Attempt 1/1: Trying with 'requests_browser' strategy...
2026-01-06 23:27:12,602 - WARNING - [BBC] FAILED with 'requests_browser' (content was too short: 50 words).
2026-01-06 23:27:12,602 - ERROR - [BBC] All scrape strategies failed for https://www.bbc.com/news/videos/c5y2xqgjd7eo?at_medium=RSS&at_campaign=rss. Falling back to RSS description.
2026-01-06 23:27:12,602 - WARNING - SKIPPED (GLOBAL WORD LIMIT): Article 'Watch: 'I'm so happy' - Venezuelans in the US react to Maduro's capture' from BBC has only 19 words (Min: 90).
2026-01-06 23:27:13,005 - INFO - [The Hindu] Page content loaded.
2026-01-06 23:27:13,405 - INFO - [BBC] Early skip: URL https://www.bbc.com/news/videos/c368px35ly8o?at_medium=RSS&at_campaign=rss already exists.
2026-01-06 23:27:13,488 - WARNING - [The Hindu] FAILED with 'selenium_browser' (content was too short: 55 words).
2026-01-06 23:27:13,488 - ERROR - [The Hindu] All scrape strategies failed for https://www.thehindu.com/news/national/kerala/epfo-kochi-office-holds-session-with-industry-leaders/article70479126.ece. Falling back to RSS description.
2026-01-06 23:27:13,489 - WARNING - SKIPPED (GLOBAL WORD LIMIT): Article 'EPFO Kochi office holds session with industry leaders' from The Hindu has only 3 words (Min: 90).
2026-01-06 23:27:14,561 - INFO - [The Hindu] Early skip: URL https://www.thehindu.com/news/national/haryana/bjp-led-centre-undermining-haryana-says-hooda/article70479326.ece already exists.
2026-01-06 23:27:14,798 - INFO - [The Hindu] Early skip: URL https://www.thehindu.com/news/national/uttarakhand/ready-for-further-probe-in-ankita-bhandari-murder-case-dhami/article70478512.ece already exists.
2026-01-06 23:27:15,018 - INFO - [The Hindu] Early skip: URL https://www.thehindu.com/news/national/andhra-pradesh/credai-to-organise-three-day-property-show-in-vijayawada-from-january-9/article70479272.ece already exists.
2026-01-06 23:27:15,155 - INFO - [The Hindu] Early skip: URL https://www.thehindu.com/news/national/andhra-pradesh/leak-at-andhra-pradesh-natural-gas-well-partially-contained-say-officials/article70478872.ece already exists.
2026-01-06 23:27:15,417 - INFO - [The Hindu] Early skip: URL https://www.thehindu.com/news/national/andhra-pradesh/prevention-key-to-tackling-human-trafficking-says-official/article70479375.ece already exists.
2026-01-06 23:27:15,696 - INFO - [The Hindu] (Thread) Finished. Attempting to shut down its Selenium driver.
2026-01-06 23:27:15,835 - INFO - [The Hindu] (Thread) driver.quit() successful.
2026-01-06 23:27:16,036 - INFO - [Times of India] Page content loaded.
2026-01-06 23:27:16,327 - INFO - [Times of India] Success with 'selenium_browser'. Found content (724 words).
2026-01-06 23:28:05,130 - INFO - Saved article: Modi, Maduro and Macron: Trump makes shocking claims about world leaders in fiery GOP speech - The Times of India from Times of India (724 words)
2026-01-06 23:28:06,166 - INFO - [Times of India] Article: https://timesofindia.indiatimes.com/etimes/trending/photographer-behind-one-of-historys-most-tragic-images-explains-why-he-was-helpless-to-save-her/articleshow/126381875.cms
2026-01-06 23:28:06,166 - INFO - [Times of India] Attempt 1/1: Trying with 'selenium_browser' strategy...
2026-01-06 23:28:18,437 - WARNING - [Times of India] Page timed out (10s). Proceeding anyway.
2026-01-06 23:28:18,572 - INFO - [Times of India] Success with 'selenium_browser'. Found content (921 words).
2026-01-06 23:29:07,076 - INFO - Saved article: Photographer behind one of history’s most tragic images explains why he was helpless to save her | - The Times of India from Times of India (921 words)
2026-01-06 23:29:08,523 - INFO - [Times of India] Early skip: URL https://timesofindia.indiatimes.com/world/us-streamers/mrbeast-waives-copyright-for-beast-games-season-2-episode-1-to-boost-stream-reactions/articleshow/126381797.cms already exists.
2026-01-06 23:29:08,814 - INFO - [Times of India] Early skip: URL https://timesofindia.indiatimes.com/india/section-of-interim-govt-favouring-particular-party-alleges-jamaat/articleshow/126381814.cms already exists.
2026-01-06 23:29:09,100 - INFO - [Times of India] Early skip: URL https://timesofindia.indiatimes.com/etimes/trending/spanish-streamer-died-after-downing-whisky-and-taking-cocaine-as-viewers-paid-to-watch-police-say/articleshow/126381474.cms already exists.
2026-01-06 23:29:09,302 - INFO - [Times of India] Article: https://timesofindia.indiatimes.com/world/south-asia/political-vendetta-behind-hadi-killing-chargesheet/articleshow/126381809.cms
2026-01-06 23:29:09,303 - INFO - [Times of India] Attempt 1/1: Trying with 'selenium_browser' strategy...
2026-01-06 23:29:20,858 - WARNING - [Times of India] Page timed out (10s). Proceeding anyway.
2026-01-06 23:29:21,068 - INFO - [Times of India] Success with 'selenium_browser'. Found content (262 words).
2026-01-06 23:30:09,890 - INFO - Saved article: Political vendetta behind Hadi killing: Chargesheet - The Times of India from Times of India (262 words)
2026-01-06 23:30:10,939 - INFO - [Times of India] Early skip: URL https://timesofindia.indiatimes.com/world/middle-east/facing-protests-and-economic-crisis-iran-offers-citizens-monthly-payments/articleshow/126381795.cms already exists.
2026-01-06 23:30:11,134 - INFO - [Times of India] Article: https://timesofindia.indiatimes.com/world/us-streamers/she-was-a-woman-candace-owens-reacts-after-france-court-convicts-ten-over-false-online-attacks-on-brigitte-macron/articleshow/126381873.cms
2026-01-06 23:30:11,134 - INFO - [Times of India] Attempt 1/1: Trying with 'selenium_browser' strategy...
2026-01-06 23:30:11,895 - INFO - [Times of India] Page content loaded.
2026-01-06 23:30:12,035 - INFO - [Times of India] Success with 'selenium_browser'. Found content (535 words).
2026-01-06 23:31:00,339 - INFO - DEDUPLICATION: Found match (Score: 0.79). Linking to Cluster ID: 92d008b5-7ed0-4ffc-b5c7-8b50d03fa514
2026-01-06 23:31:00,341 - INFO - Saved article: “She was a woman”: Candace Owens reacts after French court convicts ten over false online attacks on Brigitte Macron - The Times of India from Times of India (535 words)
2026-01-06 23:31:01,702 - INFO - [Times of India] Article: https://timesofindia.indiatimes.com/world/us-streamers/rapper-6ix9ine-begins-three-month-jail-sentence-adin-ross-streams-final-moments/articleshow/126381872.cms
2026-01-06 23:31:01,702 - INFO - [Times of India] Attempt 1/1: Trying with 'selenium_browser' strategy...
2026-01-06 23:31:13,979 - WARNING - [Times of India] Page timed out (10s). Proceeding anyway.
2026-01-06 23:31:14,166 - INFO - [Times of India] Success with 'selenium_browser'. Found content (406 words).
2026-01-06 23:31:55,758 - CRITICAL - --- TIMEOUT: 1 scrape jobs did not complete in 300s. ---
2026-01-06 23:31:55,758 - ERROR - A thread has timed out and will be abandoned.
2026-01-06 23:31:55,758 - INFO - Shutting down thread pool (wait=False)...
2026-01-06 23:31:55,758 - INFO - Scraped: 0 The Guardian, 0 The Hindu, 0 BBC, 1 Timed_Out_Jobs articles. (Total saved: 0)
2026-01-06 23:31:55,758 - INFO - --- Scraping job finished ---
2026-01-06 23:31:55,759 - INFO - --- Scraper service stopped and database connection closed. ---
2026-01-06 23:31:55,759 - INFO - --- Main thread finished. Forcing process exit to kill zombie threads. ---
