2026-01-12 11:45:23,648 - INFO - Loading AI Semantic Model (all-MiniLM-L6-v2)...
2026-01-12 11:45:23,649 - INFO - Use pytorch device_name: cpu
2026-01-12 11:45:23,649 - INFO - Load pretrained SentenceTransformer: all-MiniLM-L6-v2
2026-01-12 11:45:24,865 - INFO - AI Model loaded successfully.
2026-01-12 11:45:24,865 - INFO - --- Scraper service started (CI Mode: Run Once) ---
2026-01-12 11:45:24,865 - INFO - --- Starting new scraping job (Parallel Mode) ---
2026-01-12 11:45:24,865 - INFO - Creating new robust session with 3 retries on 5xx/connection/read errors.
2026-01-12 11:45:24,865 - INFO - Proxy is DISABLED.
2026-01-12 11:45:24,866 - INFO - Starting scrape for BBC RSS feed: http://feeds.bbci.co.uk/news/world/rss.xml
2026-01-12 11:45:24,867 - INFO - [Times of India] (Thread) requires Selenium. Initializing driver...
2026-01-12 11:45:24,867 - INFO - Starting scrape for The Guardian RSS feed: https://www.theguardian.com/world/rss
2026-01-12 11:45:24,868 - INFO - [The Hindu] (Thread) requires Selenium. Initializing driver...
2026-01-12 11:45:24,868 - INFO - Submitted 4 jobs to thread pool. Waiting up to 300s for completion...
2026-01-12 11:45:25,023 - INFO - Found 45 articles in The Guardian RSS feed. Processing up to 30.
2026-01-12 11:45:25,023 - INFO - [The Guardian] Early skip: URL https://www.theguardian.com/global-development/2026/jan/09/the-gambia-female-genital-mutilation-fgm-supreme-court-case-overturn-ban already exists.
2026-01-12 11:45:25,041 - INFO - Found 27 articles in BBC RSS feed. Processing up to 30.
2026-01-12 11:45:25,303 - INFO - [BBC] Early skip: URL https://www.bbc.com/news/articles/czdqy3rmp78o?at_medium=RSS&at_campaign=rss already exists.
2026-01-12 11:45:25,525 - INFO - [The Guardian] Early skip: URL https://www.theguardian.com/world/2026/jan/08/questions-targeting-impact-us-airstrikes-in-nigeria already exists.
2026-01-12 11:45:25,717 - INFO - [BBC] Early skip: URL https://www.bbc.com/news/articles/c801k7rkkd7o?at_medium=RSS&at_campaign=rss already exists.
2026-01-12 11:45:25,978 - INFO - [The Guardian] Early skip: URL https://www.theguardian.com/world/2026/jan/02/anthony-joshuas-driver-charged-with-dangerous-driving-after-fatal-crash-in-nigeria already exists.
2026-01-12 11:45:26,131 - INFO - [BBC] Early skip: URL https://www.bbc.com/news/articles/cpv7knz8e8mo?at_medium=RSS&at_campaign=rss already exists.
2026-01-12 11:45:26,263 - INFO - [The Guardian] Early skip: URL https://www.theguardian.com/science/2026/jan/01/cremation-pyre-in-africa-thought-to-be-worlds-oldest-containing-adult-remains already exists.
2026-01-12 11:45:26,399 - INFO - [BBC] Early skip: URL https://www.bbc.com/news/articles/c78e07m02jzo?at_medium=RSS&at_campaign=rss already exists.
2026-01-12 11:45:26,534 - INFO - [The Guardian] Early skip: URL https://www.theguardian.com/global-development/2026/jan/01/us-aid-cuts-conditions-un-humanitarian-pledge-ocha already exists.
2026-01-12 11:45:26,799 - INFO - [BBC] Early skip: URL https://www.bbc.com/news/articles/cpqye2yygl4o?at_medium=RSS&at_campaign=rss already exists.
2026-01-12 11:45:27,085 - INFO - [The Guardian] Early skip: URL https://www.theguardian.com/us-news/2026/jan/12/us-oil-producers-global-supply-glut-venezuela already exists.
2026-01-12 11:45:27,247 - INFO - [BBC] Early skip: URL https://www.bbc.com/news/articles/c74vnxlvl40o?at_medium=RSS&at_campaign=rss already exists.
2026-01-12 11:45:27,478 - INFO - [The Guardian] Early skip: URL https://www.theguardian.com/world/2026/jan/12/carney-heads-to-beijing-as-trump-america-first-agenda-forces-canada-into-trade-rethink already exists.
2026-01-12 11:45:27,665 - INFO - [BBC] Early skip: URL https://www.bbc.com/news/articles/cx2kv2gn62vo?at_medium=RSS&at_campaign=rss already exists.
2026-01-12 11:45:27,890 - INFO - [The Guardian] Early skip: URL https://www.theguardian.com/us-news/2026/jan/12/donald-trump-threatens-block-exxonmobil-venezuela already exists.
2026-01-12 11:45:28,124 - INFO - [BBC] Early skip: URL https://www.bbc.com/news/articles/c5y2gkydpp5o?at_medium=RSS&at_campaign=rss already exists.
2026-01-12 11:45:28,363 - INFO - [The Guardian] Early skip: URL https://www.theguardian.com/us-news/2026/jan/11/trump-tells-cuba-to-make-a-deal-or-face-the-consequences already exists.
2026-01-12 11:45:28,479 - INFO - [BBC] Early skip: URL https://www.bbc.com/news/articles/cj9r3zl2ywyo?at_medium=RSS&at_campaign=rss already exists.
2026-01-12 11:45:28,678 - INFO - [The Guardian] Early skip: URL https://www.theguardian.com/us-news/2026/jan/11/ice-death-costa-rica-randall-gamboa-esquivel already exists.
2026-01-12 11:45:28,894 - INFO - [BBC] Early skip: URL https://www.bbc.com/news/articles/c75xdg2p36lo?at_medium=RSS&at_campaign=rss already exists.
2026-01-12 11:45:29,001 - INFO - [The Guardian] Early skip: URL https://www.theguardian.com/world/2026/jan/11/underground-church-early-rain-leaders-detained-china-crackdown already exists.
2026-01-12 11:45:29,146 - INFO - [BBC] Early skip: URL https://www.bbc.com/news/articles/cly95x9qe4ko?at_medium=RSS&at_campaign=rss already exists.
2026-01-12 11:45:29,372 - INFO - [The Guardian] Early skip: URL https://www.theguardian.com/world/2026/jan/10/indonesia-blocks-musks-grok-chatbot-due-to-risk-of-pornographic-content already exists.
2026-01-12 11:45:29,649 - INFO - [BBC] Early skip: URL https://www.bbc.com/news/articles/ckgn5g90lggo?at_medium=RSS&at_campaign=rss already exists.
2026-01-12 11:45:29,824 - INFO - [The Guardian] Early skip: URL https://www.theguardian.com/world/2026/jan/08/alleged-scam-kingpin-chen-zhi-extradited-china-cambodia-arrest already exists.
2026-01-12 11:45:29,943 - INFO - [BBC] Early skip: URL https://www.bbc.com/news/articles/c4gr7nlx421o?at_medium=RSS&at_campaign=rss already exists.
2026-01-12 11:45:30,207 - INFO - [The Guardian] Early skip: URL https://www.theguardian.com/world/2026/jan/06/papua-new-guinea-internet-starlink-shut-down already exists.
2026-01-12 11:45:30,399 - INFO - [BBC] Early skip: URL https://www.bbc.com/news/articles/cly9597r4qpo?at_medium=RSS&at_campaign=rss already exists.
2026-01-12 11:45:30,650 - INFO - [The Guardian] Early skip: URL https://www.theguardian.com/world/2026/jan/06/what-us-action-in-venezuela-means-for-taiwan already exists.
2026-01-12 11:45:30,872 - INFO - [BBC] Early skip: URL https://www.bbc.com/news/articles/cx2p84xleg2o?at_medium=RSS&at_campaign=rss already exists.
2026-01-12 11:45:31,037 - INFO - [The Guardian] Early skip: URL https://www.theguardian.com/australia-news/2026/jan/12/banning-globalise-the-intifada-will-unduly-impact-muslim-australians-nsw-inquiry-in-wake-of-bondi-attack-told-ntwnfb already exists.
2026-01-12 11:45:31,165 - INFO - [BBC] Early skip: URL https://www.bbc.com/news/articles/c0lx09e618yo?at_medium=RSS&at_campaign=rss already exists.
2026-01-12 11:45:31,296 - INFO - [The Guardian] Early skip: URL https://www.theguardian.com/australia-news/2026/jan/12/amy-scott-bondi-junction-stabbing-hero-police-officer-cancer already exists.
2026-01-12 11:45:31,559 - INFO - [BBC] Early skip: URL https://www.bbc.com/news/articles/cly95lpwl1ro?at_medium=RSS&at_campaign=rss already exists.
2026-01-12 11:45:31,773 - INFO - [The Guardian] Early skip: URL https://www.theguardian.com/australia-news/live/2026/jan/12/victoria-bushfires-adelaide-festival-writers-week-board-chair-resigns-anthony-albanese-labor-sussan-ley-coalition-ntwnfb already exists.
2026-01-12 11:45:31,886 - INFO - [BBC] Early skip: URL https://www.bbc.com/news/articles/cr7jep39eg4o?at_medium=RSS&at_campaign=rss already exists.
2026-01-12 11:45:32,125 - INFO - [The Guardian] Early skip: URL https://www.theguardian.com/culture/2026/jan/12/jacinda-ardern-pulls-out-of-adelaide-writers-week-as-fallout-over-randa-abdel-fattahs-axing-continues-ntwnfb already exists.
2026-01-12 11:45:32,269 - INFO - [BBC] Early skip: URL https://www.bbc.com/news/articles/c623r47d67lo?at_medium=RSS&at_campaign=rss already exists.
2026-01-12 11:45:32,522 - INFO - [The Guardian] Early skip: URL https://www.theguardian.com/environment/2026/jan/12/flying-foxes-die-in-their-thousands-in-worst-mass-mortality-event-since-australias-black-summer already exists.
2026-01-12 11:45:32,652 - INFO - [BBC] Early skip: URL https://www.bbc.com/news/articles/cz7ndzw28v4o?at_medium=RSS&at_campaign=rss already exists.
2026-01-12 11:45:32,932 - INFO - [The Guardian] Early skip: URL https://www.theguardian.com/world/live/2026/jan/12/greenland-denmark-us-donald-trump-ukraine-russia-europe-latest-news-updates already exists.
2026-01-12 11:45:33,105 - INFO - [BBC] Early skip: URL https://www.bbc.com/news/articles/cj9rengvnp9o?at_medium=RSS&at_campaign=rss already exists.
2026-01-12 11:45:33,304 - INFO - [The Guardian] Early skip: URL https://www.theguardian.com/world/2026/jan/12/french-defamation-case-perils-autofiction-cecile-desprairies already exists.
2026-01-12 11:45:33,566 - INFO - [BBC] Early skip: URL https://www.bbc.com/news/articles/c1dz0dz0zkvo?at_medium=RSS&at_campaign=rss already exists.
2026-01-12 11:45:33,742 - INFO - [The Guardian] Early skip: URL https://www.theguardian.com/sport/2026/jan/11/avalanche-kills-british-skier-in-la-plagne-in-the-french-alps already exists.
2026-01-12 11:45:33,950 - INFO - [BBC] Article: https://www.bbc.com/news/videos/czx3yn0467ro?at_medium=RSS&at_campaign=rss
2026-01-12 11:45:33,950 - INFO - [BBC] Attempt 1/1: Trying with 'requests_browser' strategy...
2026-01-12 11:45:33,952 - INFO - [The Guardian] Early skip: URL https://www.theguardian.com/business/2026/jan/11/3000-jobs-at-risk-unless-mod-signs-helicopter-order-sources-say already exists.
2026-01-12 11:45:34,142 - INFO - [The Guardian] Early skip: URL https://www.theguardian.com/us-news/2026/jan/11/germany-rejects-rfk-jr-claims-about-covid-vaccine-exemption-prosecutions already exists.
2026-01-12 11:45:34,200 - INFO - [BBC] Success with 'requests_browser'. Found content (91 words).
2026-01-12 11:45:43,698 - INFO - Selenium driver initialized successfully.
2026-01-12 11:45:43,698 - INFO - Starting scrape for Times of India RSS feed: https://timesofindia.indiatimes.com/rssfeeds/296589292.cms
2026-01-12 11:45:43,699 - INFO - Selenium driver initialized successfully.
2026-01-12 11:45:43,699 - INFO - Starting scrape for The Hindu RSS feed: https://www.thehindu.com/news/national/feeder/default.rss
2026-01-12 11:45:43,923 - INFO - Found 100 articles in The Hindu RSS feed. Processing up to 30.
2026-01-12 11:45:43,993 - INFO - Found 20 articles in Times of India RSS feed. Processing up to 30.
2026-01-12 11:46:18,192 - INFO - Saved article: Watch: Moment skier and dog swept along by avalanche from BBC (91 words)
2026-01-12 11:46:18,192 - INFO - [The Guardian] Early skip: URL https://www.theguardian.com/world/live/2026/jan/12/iran-protest-crackdown-us-donald-trump-latest-news-updates already exists.
2026-01-12 11:46:18,332 - INFO - [The Hindu] Article: https://www.thehindu.com/entertainment/movies/filmmaker-cyril-abraham-dennis-on-his-debut-watusi-zombie/article70500463.ece
2026-01-12 11:46:18,332 - INFO - [The Hindu] Attempt 1/1: Trying with 'selenium_browser' strategy...
2026-01-12 11:46:18,333 - INFO - [Times of India] Article: https://timesofindia.indiatimes.com/world/middle-east/uae-content-creators-can-now-sell-globally-on-amazon-under-new-foundry-agreement/articleshow/126482175.cms
2026-01-12 11:46:18,333 - INFO - [Times of India] Attempt 1/1: Trying with 'selenium_browser' strategy...
2026-01-12 11:46:18,334 - INFO - [The Guardian] Article: https://www.theguardian.com/global-development/2026/jan/12/iran-protests-crackdown-toll-foreign-minister
2026-01-12 11:46:18,334 - INFO - [The Guardian] Attempt 1/1: Trying with 'requests_browser' strategy...
2026-01-12 11:46:18,393 - INFO - [The Guardian] Success with 'requests_browser'. Found content (1103 words).
2026-01-12 11:46:27,943 - INFO - [The Hindu] Page content loaded.
2026-01-12 11:46:28,329 - INFO - [The Hindu] Success with 'selenium_browser'. Found content (624 words).
2026-01-12 11:46:38,373 - ERROR - [Times of India] Request failed for strategy 'selenium_browser' on URL https://timesofindia.indiatimes.com/world/middle-east/uae-content-creators-can-now-sell-globally-on-amazon-under-new-foundry-agreement/articleshow/126482175.cms: Message: timeout: Timed out receiving message from renderer: 19.366
  (Session info: chrome=143.0.7499.169)
Stacktrace:
#0 0x55b5f197b40a <unknown>
#1 0x55b5f13af76b <unknown>
#2 0x55b5f139780a <unknown>
#3 0x55b5f13974ed <unknown>
#4 0x55b5f13953a7 <unknown>
#5 0x55b5f1395cbf <unknown>
#6 0x55b5f13a4480 <unknown>
#7 0x55b5f13bdb47 <unknown>
#8 0x55b5f13c41fb <unknown>
#9 0x55b5f13963e8 <unknown>
#10 0x55b5f13bd8f8 <unknown>
#11 0x55b5f144cad8 <unknown>
#12 0x55b5f13f37b2 <unknown>
#13 0x55b5f13f4461 <unknown>
#14 0x55b5f1943df9 <unknown>
#15 0x55b5f1946d5d <unknown>
#16 0x55b5f192cb41 <unknown>
#17 0x55b5f194793b <unknown>
#18 0x55b5f1913870 <unknown>
#19 0x55b5f1968828 <unknown>
#20 0x55b5f19689fc <unknown>
#21 0x55b5f197a763 <unknown>
#22 0x7efc3c69caa4 <unknown>
#23 0x7efc3c729c6c <unknown>

2026-01-12 11:46:38,373 - ERROR - [Times of India] All scrape strategies failed for https://timesofindia.indiatimes.com/world/middle-east/uae-content-creators-can-now-sell-globally-on-amazon-under-new-foundry-agreement/articleshow/126482175.cms. Falling back to RSS description.
2026-01-12 11:46:38,373 - WARNING - SKIPPED (GLOBAL WORD LIMIT): Article 'UAE content creators can now sell globally on Amazon under new Foundry agreement' from Times of India has only 52 words (Min: 90).
2026-01-12 11:47:12,349 - INFO - DEDUPLICATION: Found match (Score: 0.81). Linking to Cluster ID: 504fdc6c-61ce-4cca-aed7-b831525faa4c
2026-01-12 11:47:12,352 - INFO - Saved article: Iran foreign minister claims protest unrest has ‘come under total control’ | Iran | The Guardian from The Guardian (1103 words)
2026-01-12 11:47:12,352 - INFO - [BBC] Early skip: URL https://www.bbc.com/news/videos/ckgnr12902no?at_medium=RSS&at_campaign=rss already exists.
2026-01-12 11:47:58,843 - INFO - Saved article: Filmmaker Cyril Abraham Dennis on his debut, ‘Watusi Zombie!’ - The Hindu from The Hindu (624 words)
2026-01-12 11:47:58,844 - INFO - [Times of India] Article: https://timesofindia.indiatimes.com/world/china/china-says-it-has-deal-with-eu-on-steps-to-resolve-their-dispute-over-ev-imports/articleshow/126481722.cms
2026-01-12 11:47:58,844 - INFO - [Times of India] Attempt 1/1: Trying with 'selenium_browser' strategy...
2026-01-12 11:47:58,845 - INFO - [BBC] Article: https://www.bbc.com/news/videos/cje1v852evlo?at_medium=RSS&at_campaign=rss
2026-01-12 11:47:58,845 - INFO - [BBC] Attempt 1/1: Trying with 'requests_browser' strategy...
2026-01-12 11:47:58,846 - INFO - [The Guardian] Early skip: URL https://www.theguardian.com/world/2026/jan/12/iran-protests-donald-trump-us-military-options already exists.
2026-01-12 11:47:58,915 - WARNING - [BBC] FAILED with 'requests_browser' (content was too short: 50 words).
2026-01-12 11:47:58,915 - ERROR - [BBC] All scrape strategies failed for https://www.bbc.com/news/videos/cje1v852evlo?at_medium=RSS&at_campaign=rss. Falling back to RSS description.
2026-01-12 11:47:58,916 - WARNING - SKIPPED (GLOBAL WORD LIMIT): Article 'Why are there huge protests going on in Iran?' from BBC has only 11 words (Min: 90).
2026-01-12 11:47:59,011 - INFO - [The Guardian] Early skip: URL https://www.theguardian.com/world/2026/jan/11/iranian-student-rubina-aminian-killed-during-protests-shot-in-head-from-close-range already exists.
2026-01-12 11:47:59,238 - INFO - [The Guardian] Early skip: URL https://www.theguardian.com/world/2026/jan/11/iran-protests-gather-momentum-demonstrators-protest-movement already exists.
2026-01-12 11:47:59,759 - INFO - [The Hindu] Article: https://www.thehindu.com/society/history-and-culture/quiz-on-163rd-birth-anniversary-swami-vivekananda/article70500166.ece
2026-01-12 11:47:59,759 - INFO - [The Hindu] Attempt 1/1: Trying with 'selenium_browser' strategy...
2026-01-12 11:48:00,078 - INFO - [BBC] Article: https://www.bbc.com/news/videos/c8x94zr8yxvo?at_medium=RSS&at_campaign=rss
2026-01-12 11:48:00,078 - INFO - [BBC] Attempt 1/1: Trying with 'requests_browser' strategy...
2026-01-12 11:48:00,202 - WARNING - [BBC] FAILED with 'requests_browser' (content was too short: 76 words).
2026-01-12 11:48:00,203 - ERROR - [BBC] All scrape strategies failed for https://www.bbc.com/news/videos/c8x94zr8yxvo?at_medium=RSS&at_campaign=rss. Falling back to RSS description.
2026-01-12 11:48:00,203 - WARNING - SKIPPED (GLOBAL WORD LIMIT): Article 'Watch: Backlash against Musk's Grok AI explained' from BBC has only 25 words (Min: 90).
2026-01-12 11:48:01,470 - INFO - [BBC] Early skip: URL https://www.bbc.com/news/videos/c78veq59823o?at_medium=RSS&at_campaign=rss already exists.
2026-01-12 11:48:01,557 - INFO - [The Hindu] Page content loaded.
2026-01-12 11:48:01,755 - INFO - [The Hindu] Success with 'selenium_browser'. Found content (243 words).
2026-01-12 11:48:19,740 - WARNING - [Times of India] Page timed out (10s). Proceeding anyway.
2026-01-12 11:48:20,199 - INFO - [Times of India] Success with 'selenium_browser'. Found content (147 words).
2026-01-12 11:48:55,979 - INFO - Saved article: Daily Quiz | On Swami Vivekananda’s 163rd birth anniversary - The Hindu from The Hindu (243 words)
2026-01-12 11:49:44,212 - INFO - Saved article: China says it has deal with EU on steps to resolve their dispute over EV imports - The Times of India from Times of India (147 words)
2026-01-12 11:49:44,213 - INFO - [The Hindu] Article: https://www.thehindu.com/news/national/kerala/no-clear-solution-for-konthuruthy-families-kochi-corporation-to-move-kerala-high-court-for-extension-of-deadline-for-eviction-and-rehabilitation/article70500937.ece
2026-01-12 11:49:44,213 - INFO - [The Hindu] Attempt 1/1: Trying with 'selenium_browser' strategy...
2026-01-12 11:49:45,061 - INFO - [Times of India] Article: https://timesofindia.indiatimes.com/world/middle-east/omans-new-labour-ban-on-expats-in-200-professions-what-it-means-for-workers-tourists/articleshow/126480007.cms
2026-01-12 11:49:45,061 - INFO - [Times of India] Attempt 1/1: Trying with 'selenium_browser' strategy...
2026-01-12 11:49:45,995 - INFO - [The Hindu] Page content loaded.
2026-01-12 11:49:46,273 - INFO - [The Hindu] Success with 'selenium_browser'. Found content (439 words).
2026-01-12 11:49:49,189 - INFO - [Times of India] Page content loaded.
2026-01-12 11:49:51,206 - INFO - [Times of India] Success with 'selenium_browser'. Found content (1439 words).
2026-01-12 11:50:24,869 - CRITICAL - --- TIMEOUT: 2 scrape jobs did not complete in 300s. ---
2026-01-12 11:50:24,869 - ERROR - A thread has timed out and will be abandoned.
2026-01-12 11:50:24,869 - ERROR - A thread has timed out and will be abandoned.
2026-01-12 11:50:24,869 - INFO - Shutting down thread pool (wait=False)...
2026-01-12 11:50:24,869 - INFO - Scraped: 1 BBC, 1 The Guardian, 2 Timed_Out_Jobs articles. (Total saved: 2)
2026-01-12 11:50:24,869 - INFO - --- Scraping job finished ---
2026-01-12 11:50:24,869 - INFO - --- Scraper service stopped and database connection closed. ---
2026-01-12 11:50:24,869 - INFO - --- Main thread finished. Forcing process exit to kill zombie threads. ---
