2025-12-24 11:24:19,062 - INFO - Loading AI Semantic Model (all-MiniLM-L6-v2)...
2025-12-24 11:24:19,063 - INFO - Use pytorch device_name: cpu
2025-12-24 11:24:19,063 - INFO - Load pretrained SentenceTransformer: all-MiniLM-L6-v2
2025-12-24 11:24:19,793 - INFO - AI Model loaded successfully.
2025-12-24 11:24:19,793 - INFO - --- Scraper service started (CI Mode: Run Once) ---
2025-12-24 11:24:19,793 - INFO - --- Starting new scraping job (Parallel Mode) ---
2025-12-24 11:24:19,793 - INFO - Creating new robust session with 3 retries on 5xx/connection/read errors.
2025-12-24 11:24:19,794 - INFO - Proxy is DISABLED.
2025-12-24 11:24:19,794 - INFO - Starting scrape for BBC RSS feed: http://feeds.bbci.co.uk/news/world/rss.xml
2025-12-24 11:24:19,795 - INFO - [Times of India] (Thread) requires Selenium. Initializing driver...
2025-12-24 11:24:19,795 - INFO - Starting scrape for The Guardian RSS feed: https://www.theguardian.com/world/rss
2025-12-24 11:24:19,797 - INFO - [The Hindu] (Thread) requires Selenium. Initializing driver...
2025-12-24 11:24:19,797 - INFO - Submitted 4 jobs to thread pool. Waiting up to 300s for completion...
2025-12-24 11:24:19,913 - INFO - Found 45 articles in The Guardian RSS feed. Processing up to 30.
2025-12-24 11:24:19,913 - INFO - [The Guardian] Early skip: URL https://www.theguardian.com/world/2025/dec/23/libyas-army-chief-dies-in-plane-crash-in-turkey already exists.
2025-12-24 11:24:20,189 - INFO - Found 25 articles in BBC RSS feed. Processing up to 30.
2025-12-24 11:24:20,191 - INFO - [BBC] Early skip: URL https://www.bbc.com/news/articles/c9d9wg2pwl1o?at_medium=RSS&at_campaign=rss already exists.
2025-12-24 11:24:20,341 - INFO - [The Guardian] Early skip: URL https://www.theguardian.com/world/2025/dec/22/freed-nigerian-schoolchildren-set-to-be-reunited-with-families already exists.
2025-12-24 11:24:20,517 - INFO - [The Guardian] Early skip: URL https://www.theguardian.com/world/2025/dec/21/more-kidnapped-schoolchildren-freed-in-nigeria already exists.
2025-12-24 11:24:20,723 - INFO - [BBC] Early skip: URL https://www.bbc.com/news/articles/cd749gqgg11o?at_medium=RSS&at_campaign=rss already exists.
2025-12-24 11:24:20,864 - INFO - Selenium driver initialized successfully.
2025-12-24 11:24:20,864 - INFO - Starting scrape for Times of India RSS feed: https://timesofindia.indiatimes.com/rssfeeds/296589292.cms
2025-12-24 11:24:20,866 - INFO - Selenium driver initialized successfully.
2025-12-24 11:24:20,866 - INFO - Starting scrape for The Hindu RSS feed: https://www.thehindu.com/news/national/feeder/default.rss
2025-12-24 11:24:20,946 - INFO - [The Guardian] Early skip: URL https://www.theguardian.com/uk-news/2025/dec/21/manchester-museum-uncover-hidden-histories-africa-hub already exists.
2025-12-24 11:24:20,997 - INFO - Found 100 articles in The Hindu RSS feed. Processing up to 30.
2025-12-24 11:24:21,006 - INFO - Found 20 articles in Times of India RSS feed. Processing up to 30.
2025-12-24 11:24:21,166 - INFO - [BBC] Early skip: URL https://www.bbc.com/news/articles/cm28g5exx09o?at_medium=RSS&at_campaign=rss already exists.
2025-12-24 11:24:21,382 - INFO - [The Hindu] Article: https://www.thehindu.com/news/national/maharashtra/alliance-of-thackerays-wont-have-much-impact-maharashtra-cm-devendra-fadnavis/article70433350.ece
2025-12-24 11:24:21,382 - INFO - [The Hindu] Attempt 1/1: Trying with 'selenium_browser' strategy...
2025-12-24 11:24:21,383 - INFO - [Times of India] Article: https://timesofindia.indiatimes.com/world/middle-east/what-cristiano-ronaldo-gets-in-saudi-arabia-breakdown-of-his-wealth-and-luxury-perks/articleshow/126158236.cms
2025-12-24 11:24:21,383 - INFO - [Times of India] Attempt 1/1: Trying with 'selenium_browser' strategy...
2025-12-24 11:24:21,383 - INFO - [The Guardian] Early skip: URL https://www.theguardian.com/global-development/2025/dec/21/sweden-and-germany-slash-aid-budgets-to-focus-on-ukraine-and-defence-spending already exists.
2025-12-24 11:24:21,606 - INFO - [BBC] Early skip: URL https://www.bbc.com/news/articles/c5yj4yvx80do?at_medium=RSS&at_campaign=rss already exists.
2025-12-24 11:24:21,727 - INFO - [The Guardian] Early skip: URL https://www.theguardian.com/media/2025/dec/23/60-minutes-cecot-appears-online already exists.
2025-12-24 11:24:22,002 - INFO - [BBC] Early skip: URL https://www.bbc.com/news/articles/cgke51rzpvro?at_medium=RSS&at_campaign=rss already exists.
2025-12-24 11:24:22,295 - INFO - [The Guardian] Early skip: URL https://www.theguardian.com/world/2025/dec/23/brazil-jair-bolsonaro-eduardo-havaianas-television-ad-fernanda-torres already exists.
2025-12-24 11:24:22,549 - INFO - [The Guardian] Early skip: URL https://www.theguardian.com/world/2025/dec/23/canada-bill-refugees already exists.
2025-12-24 11:24:22,787 - INFO - [The Guardian] Early skip: URL https://www.theguardian.com/us-news/2025/dec/23/us-trump-administration-signs-security-deals-across-latin-america already exists.
2025-12-24 11:24:22,975 - INFO - [The Guardian] Early skip: URL https://www.theguardian.com/world/2025/dec/23/russia-china-support-venezuela-trump-pressure-maduro already exists.
2025-12-24 11:24:23,218 - INFO - [The Guardian] Early skip: URL https://www.theguardian.com/world/2025/dec/24/rare-footage-from-trial-of-chinese-general-who-defied-tiananmen-crackdown-order-leaked-online already exists.
2025-12-24 11:24:23,388 - INFO - [BBC] Early skip: URL https://www.bbc.com/news/articles/cp39kngz008o?at_medium=RSS&at_campaign=rss already exists.
2025-12-24 11:24:23,654 - INFO - [BBC] Early skip: URL https://www.bbc.com/news/articles/ce3wry1529wo?at_medium=RSS&at_campaign=rss already exists.
2025-12-24 11:24:23,782 - INFO - [BBC] Early skip: URL https://www.bbc.com/news/articles/c8dy3mvye62o?at_medium=RSS&at_campaign=rss already exists.
2025-12-24 11:24:23,927 - INFO - [BBC] Early skip: URL https://www.bbc.com/news/articles/cyvgzyepdqno?at_medium=RSS&at_campaign=rss already exists.
2025-12-24 11:24:24,127 - INFO - [BBC] Early skip: URL https://www.bbc.com/news/articles/czxpz05yj5po?at_medium=RSS&at_campaign=rss already exists.
2025-12-24 11:24:24,252 - INFO - [BBC] Early skip: URL https://www.bbc.com/news/articles/cwyxz5jken3o?at_medium=RSS&at_campaign=rss already exists.
2025-12-24 11:24:24,555 - INFO - [BBC] Early skip: URL https://www.bbc.com/news/articles/c62n9ynzrdpo?at_medium=RSS&at_campaign=rss already exists.
2025-12-24 11:24:24,746 - INFO - [BBC] Early skip: URL https://www.bbc.com/news/articles/cd0kxrr2jyko?at_medium=RSS&at_campaign=rss already exists.
2025-12-24 11:24:24,788 - INFO - [The Hindu] Page content loaded.
2025-12-24 11:24:24,916 - INFO - [BBC] Early skip: URL https://www.bbc.com/news/articles/c87lnn09yj8o?at_medium=RSS&at_campaign=rss already exists.
2025-12-24 11:24:25,002 - INFO - [The Hindu] Success with 'selenium_browser'. Found content (578 words).
2025-12-24 11:24:25,042 - INFO - [The Guardian] Early skip: URL https://www.theguardian.com/world/2025/dec/23/christians-pastors-arrested-detained-china-crackdown-house-churches already exists.
2025-12-24 11:24:25,310 - INFO - [The Guardian] Early skip: URL https://www.theguardian.com/business/2025/dec/22/china-hits-eu-dairy-industry-with-tariffs already exists.
2025-12-24 11:24:25,462 - INFO - [The Guardian] Early skip: URL https://www.theguardian.com/world/2025/dec/22/jeju-air-crash-independent-inquiry-south-korea already exists.
2025-12-24 11:24:25,721 - INFO - [BBC] Early skip: URL https://www.bbc.com/news/articles/czj0ll7ppewo?at_medium=RSS&at_campaign=rss already exists.
2025-12-24 11:24:36,665 - INFO - [Times of India] Page content loaded.
2025-12-24 11:24:37,482 - INFO - [Times of India] Success with 'selenium_browser'. Found content (649 words).
2025-12-24 11:25:28,680 - INFO - DEDUPLICATION: Found match (Score: 0.79). Linking to Cluster ID: 8ccf6e9d-91d9-4723-b833-a9ddd9c176c5
2025-12-24 11:25:28,684 - INFO - Saved article: Alliance of Thackerays won't have much impact: Maharashtra CM Devendra Fadnavis - The Hindu from The Hindu (578 words)
2025-12-24 11:25:28,684 - INFO - [The Guardian] Early skip: URL https://www.theguardian.com/world/2025/dec/22/new-zealand-christchurch-spoof-absurdist-road-signs already exists.
2025-12-24 11:25:28,868 - INFO - [BBC] Early skip: URL https://www.bbc.com/news/articles/clyd12d38jgo?at_medium=RSS&at_campaign=rss already exists.
2025-12-24 11:26:19,678 - INFO - Saved article: What Cristiano Ronaldo gets in Saudi Arabia? Breakdown of his wealth and luxury perks - The Times of India from Times of India (649 words)
2025-12-24 11:26:19,679 - INFO - [The Guardian] Article: https://www.theguardian.com/australia-news/2025/dec/24/perth-man-charged-with-racial-harassment-for-alleged-post-backing-bondi-attack-ntwnfb
2025-12-24 11:26:19,679 - INFO - [The Guardian] Attempt 1/1: Trying with 'requests_browser' strategy...
2025-12-24 11:26:19,682 - INFO - [BBC] Early skip: URL https://www.bbc.com/news/articles/cvg1361d32ro?at_medium=RSS&at_campaign=rss already exists.
2025-12-24 11:26:19,942 - INFO - [The Hindu] Article: https://www.thehindu.com/news/cities/Delhi/delhi-police-arrests-alleged-kingpin-of-organised-crime-syndicate-under-mcoca/article70433469.ece
2025-12-24 11:26:19,942 - INFO - [The Hindu] Attempt 1/1: Trying with 'selenium_browser' strategy...
2025-12-24 11:26:19,943 - INFO - [BBC] Early skip: URL https://www.bbc.com/news/articles/c4gekjjqn1ro?at_medium=RSS&at_campaign=rss already exists.
2025-12-24 11:26:19,996 - INFO - [The Guardian] Success with 'requests_browser'. Found content (444 words).
2025-12-24 11:26:22,502 - INFO - [The Hindu] Page content loaded.
2025-12-24 11:26:22,827 - INFO - [The Hindu] Success with 'selenium_browser'. Found content (240 words).
2025-12-24 11:27:12,615 - INFO - DEDUPLICATION: Found match (Score: 0.73). Linking to Cluster ID: 807a2779-4d17-4400-b319-b603f89f85ff
2025-12-24 11:27:12,617 - INFO - Saved article: Perth man charged with racial harassment for alleged post backing Bondi attack | Bondi beach terror attack | The Guardian from The Guardian (444 words)
2025-12-24 11:27:12,618 - INFO - [BBC] Early skip: URL https://www.bbc.com/news/articles/cj69d8we98jo?at_medium=RSS&at_campaign=rss already exists.
2025-12-24 11:27:12,835 - INFO - [Times of India] Article: https://timesofindia.indiatimes.com/world/rest-of-world/taiwan-earthquake-6-1-magnitude-tremor-strikes-taitung-county-depth-of-11-9-kilometres/articleshow/126158383.cms
2025-12-24 11:27:12,835 - INFO - [Times of India] Attempt 1/1: Trying with 'selenium_browser' strategy...
2025-12-24 11:27:15,710 - INFO - [Times of India] Page content loaded.
2025-12-24 11:27:15,971 - WARNING - [Times of India] FAILED with 'selenium_browser' (content was too short: 80 words).
2025-12-24 11:27:15,972 - ERROR - [Times of India] All scrape strategies failed for https://timesofindia.indiatimes.com/world/rest-of-world/taiwan-earthquake-6-1-magnitude-tremor-strikes-taitung-county-depth-of-11-9-kilometres/articleshow/126158383.cms. Falling back to RSS description.
2025-12-24 11:27:15,972 - WARNING - SKIPPED (GLOBAL WORD LIMIT): Article 'Taiwan earthquake: 6.1 magnitude tremor strikes Taitung county; depth of 11.9 kilometres' from Times of India has only 3 words (Min: 90).
2025-12-24 11:28:08,015 - INFO - Saved article: Delhi Police arrests alleged kingpin of organised crime syndicate under MCOCA - The Hindu from The Hindu (240 words)
2025-12-24 11:28:08,015 - INFO - [BBC] Early skip: URL https://www.bbc.com/news/articles/cy95w0x9889o?at_medium=RSS&at_campaign=rss already exists.
2025-12-24 11:28:08,124 - INFO - [The Guardian] Early skip: URL https://www.theguardian.com/australia-news/live/2025/dec/24/nsw-gun-and-protest-laws-bondi-terror-attack-hate-crime-database-anthony-albanese-sussan-ley-chris-minns-labor-coalition-ntwnfb already exists.
2025-12-24 11:28:08,346 - INFO - [Times of India] Early skip: URL https://timesofindia.indiatimes.com/world/rest-of-world/indian-woman-murdered-in-toronto-suspect-identified-image-released-what-we-know-about-himanshi-khurana-case/articleshow/126155431.cms already exists.
2025-12-24 11:28:08,612 - INFO - [BBC] Early skip: URL https://www.bbc.com/news/videos/c0edjv3jr3po?at_medium=RSS&at_campaign=rss already exists.
2025-12-24 11:28:08,837 - INFO - [The Guardian] Early skip: URL https://www.theguardian.com/australia-news/2025/dec/24/nsw-premier-police-commissioner-protest-ban-powers-bondi-shooting-terror-attack-ntwnfb already exists.
2025-12-24 11:28:09,087 - INFO - [Times of India] Early skip: URL https://timesofindia.indiatimes.com/world/us/chinas-rejuvenation-plan-us-pentagon-flags-claim-on-arunachal-highlights-growing-bonhomie-with-pakistan/articleshow/126157297.cms already exists.
2025-12-24 11:28:09,214 - INFO - [BBC] Early skip: URL https://www.bbc.com/news/videos/ce3w4x2v0xko?at_medium=RSS&at_campaign=rss already exists.
2025-12-24 11:28:09,329 - INFO - [The Guardian] Early skip: URL https://www.theguardian.com/australia-news/2025/dec/24/retribution-fears-australian-muslims-surge-islamophobic-hate-since-bondi-terror-attack-ntwnfb already exists.
2025-12-24 11:28:09,604 - INFO - [Times of India] Article: https://timesofindia.indiatimes.com/world/europe/moscow-car-blast-two-police-officers-one-civilian-killed-russia-blames-ukraine/articleshow/126156713.cms
2025-12-24 11:28:09,605 - INFO - [Times of India] Attempt 1/1: Trying with 'selenium_browser' strategy...
2025-12-24 11:28:09,605 - INFO - [BBC] Early skip: URL https://www.bbc.com/news/videos/cwywe5zw384o?at_medium=RSS&at_campaign=rss already exists.
2025-12-24 11:28:09,807 - INFO - [The Hindu] Early skip: URL https://www.thehindu.com/news/national/himachal-pradesh/himachal-pradesh-custodial-death-case-hc-suspends-jail-term-of-former-igp-zaidi/article70433203.ece already exists.
2025-12-24 11:28:10,038 - INFO - [The Guardian] Early skip: URL https://www.theguardian.com/australia-news/2025/dec/24/british-man-australian-visa-cancelled-display-nazi-symbols-charge already exists.
2025-12-24 11:28:10,324 - INFO - [BBC] Early skip: URL https://www.bbc.com/news/videos/cn7kpnjnmklo?at_medium=RSS&at_campaign=rss already exists.
2025-12-24 11:28:10,449 - INFO - [BBC] Article: https://www.bbc.com/news/videos/cj01pdve7rpo?at_medium=RSS&at_campaign=rss
2025-12-24 11:28:10,449 - INFO - [BBC] Attempt 1/1: Trying with 'requests_browser' strategy...
2025-12-24 11:28:10,456 - INFO - [The Hindu] Early skip: URL https://www.thehindu.com/news/national/kerala/malayalam-filmmaker-anuraj-manohar-challenges-kerala-film-producers-associations-list-of-hits-and-flop-films-in-2025-questions-criteria/article70433185.ece already exists.
2025-12-24 11:28:10,604 - INFO - [The Hindu] Early skip: URL https://www.thehindu.com/books/books-authors/eminent-writer-vinod-kumar-shuklas-last-rites-performed-with-full-state-honours-in-raipur/article70433306.ece already exists.
2025-12-24 11:28:10,849 - INFO - [The Hindu] Early skip: URL https://www.thehindu.com/news/national/karnataka/three-of-family-killed-two-injured-in-road-accident-near-ballari/article70433094.ece already exists.
2025-12-24 11:28:10,863 - WARNING - [BBC] FAILED with 'requests_browser' (content was too short: 80 words).
2025-12-24 11:28:10,864 - ERROR - [BBC] All scrape strategies failed for https://www.bbc.com/news/videos/cj01pdve7rpo?at_medium=RSS&at_campaign=rss. Falling back to RSS description.
2025-12-24 11:28:10,864 - WARNING - SKIPPED (GLOBAL WORD LIMIT): Article 'Putin tells BBC Western leaders deceived Russia' from BBC has only 21 words (Min: 90).
2025-12-24 11:28:11,020 - INFO - [The Guardian] Early skip: URL https://www.theguardian.com/world/2025/dec/24/british-boy-stabbed-death-portugal already exists.
2025-12-24 11:28:11,111 - INFO - [Times of India] Page content loaded.
2025-12-24 11:28:11,322 - INFO - [The Guardian] Early skip: URL https://www.theguardian.com/world/2025/dec/24/three-killed-in-moscow-car-explosion-say-russian-authorities already exists.
2025-12-24 11:28:11,329 - INFO - [Times of India] Success with 'selenium_browser'. Found content (232 words).
2025-12-24 11:28:11,478 - INFO - [The Hindu] Early skip: URL https://www.thehindu.com/news/national/union-cabinet-approves-expansion-of-delhi-metro-rail-network/article70433290.ece already exists.
2025-12-24 11:29:03,676 - INFO - DEDUPLICATION: Found match (Score: 0.91). Linking to Cluster ID: 1b907447-1bc9-41f6-993b-8935d275dd69
2025-12-24 11:29:03,678 - INFO - Saved article: Moscow car blast: Two police officers, one civilian killed; Russia blames Ukraine - The Times of India from Times of India (232 words)
2025-12-24 11:29:03,678 - INFO - [The Guardian] Early skip: URL https://www.theguardian.com/world/2025/dec/24/militia-leader-murky-death-stanislav-orlov-russia-kremlin-control already exists.
2025-12-24 11:29:03,803 - INFO - [The Hindu] Early skip: URL https://www.thehindu.com/news/national/chhattisgarh/two-killed-one-injured-as-spark-from-motor-triggers-major-factory-fire-in-chhattisgarhs-bilaspur/article70433220.ece already exists.
2025-12-24 11:29:04,036 - INFO - [The Guardian] Early skip: URL https://www.theguardian.com/technology/2025/dec/24/us-state-department-visa-ban-former-eu-commissioner-europe already exists.
2025-12-24 11:29:04,253 - INFO - [The Hindu] Early skip: URL https://www.thehindu.com/news/national/maharashtra/tribunal-grants-6-month-extension-for-uploading-waqf-property-data-on-umeed-portal/article70433190.ece already exists.
2025-12-24 11:29:04,432 - INFO - [The Guardian] Early skip: URL https://www.theguardian.com/world/2025/dec/23/ukrainian-cities-lose-power-in-winter-weather-after-russian-attacks already exists.
2025-12-24 11:29:04,658 - INFO - [Times of India] Article: https://timesofindia.indiatimes.com/world/middle-east/the-uae-has-no-rivers-or-lakes-yet-it-somehow-supplies-water-to-millions-heres-how/articleshow/126156097.cms
2025-12-24 11:29:04,659 - INFO - [Times of India] Attempt 1/1: Trying with 'selenium_browser' strategy...
2025-12-24 11:29:04,659 - INFO - [The Hindu] Early skip: URL https://www.thehindu.com/news/national/kerala/kochi-mayor-row-congress-leaders-express-differing-opinions/article70432985.ece already exists.
2025-12-24 11:29:04,855 - INFO - [The Guardian] Early skip: URL https://www.theguardian.com/uk-news/2025/dec/22/families-of-palestine-action-hunger-strikers-seek-urgent-meeting-with-lammy already exists.
2025-12-24 11:29:05,075 - INFO - [The Guardian] Early skip: URL https://www.theguardian.com/world/2025/dec/21/israel-approves-new-jewish-settlements-occupied-west-bank already exists.
2025-12-24 11:29:05,338 - INFO - [The Hindu] Early skip: URL https://www.thehindu.com/news/national/telangana/339-one-bhk-flats-in-gachibowli-warangal-and-khammam-to-be-allotted-through-lucky-draw/article70412148.ece already exists.
2025-12-24 11:29:05,549 - INFO - [The Guardian] Early skip: URL https://www.theguardian.com/world/2025/dec/20/israeli-troops-kill-palestinians-sheltering-in-gaza-school-hospital-chiefs already exists.
2025-12-24 11:29:05,818 - INFO - [The Guardian] Early skip: URL https://www.theguardian.com/world/2025/dec/19/gaza-famine-hunger-food-shortages-winter-flooding-un already exists.
2025-12-24 11:29:05,937 - INFO - [Times of India] Page content loaded.
2025-12-24 11:29:06,083 - INFO - [Times of India] Success with 'selenium_browser'. Found content (708 words).
2025-12-24 11:29:06,139 - INFO - [The Hindu] Early skip: URL https://www.thehindu.com/videos/un-at-80-ellora-caves-host-global-cultural-celebration-with-artists-from-7-nations/article70433209.ece already exists.
2025-12-24 11:29:06,311 - INFO - [The Guardian] Early skip: URL https://www.theguardian.com/global-development/2025/dec/19/gaza-phd-student-manar-al-houbi-granted-access-to-uk-but-others-remain-stranded already exists.
2025-12-24 11:29:19,797 - CRITICAL - --- TIMEOUT: 2 scrape jobs did not complete in 300s. ---
2025-12-24 11:29:19,797 - ERROR - A thread has timed out and will be abandoned.
2025-12-24 11:29:19,797 - ERROR - A thread has timed out and will be abandoned.
2025-12-24 11:29:19,797 - INFO - Shutting down thread pool (wait=False)...
2025-12-24 11:29:19,797 - INFO - Scraped: 0 BBC, 1 The Guardian, 2 Timed_Out_Jobs articles. (Total saved: 1)
2025-12-24 11:29:19,797 - INFO - --- Scraping job finished ---
2025-12-24 11:29:19,798 - INFO - --- Scraper service stopped and database connection closed. ---
2025-12-24 11:29:19,798 - INFO - --- Main thread finished. Forcing process exit to kill zombie threads. ---
