2025-12-22 15:28:27,719 - INFO - Loading AI Semantic Model (all-MiniLM-L6-v2)...
2025-12-22 15:28:27,720 - INFO - Use pytorch device_name: cpu
2025-12-22 15:28:27,720 - INFO - Load pretrained SentenceTransformer: all-MiniLM-L6-v2
2025-12-22 15:28:28,500 - INFO - AI Model loaded successfully.
2025-12-22 15:28:28,500 - INFO - --- Scraper service started (CI Mode: Run Once) ---
2025-12-22 15:28:28,500 - INFO - --- Starting new scraping job (Parallel Mode) ---
2025-12-22 15:28:28,500 - INFO - Creating new robust session with 3 retries on 5xx/connection/read errors.
2025-12-22 15:28:28,500 - INFO - Proxy is DISABLED.
2025-12-22 15:28:28,501 - INFO - Starting scrape for BBC RSS feed: http://feeds.bbci.co.uk/news/world/rss.xml
2025-12-22 15:28:28,502 - INFO - [Times of India] (Thread) requires Selenium. Initializing driver...
2025-12-22 15:28:28,502 - INFO - Starting scrape for The Guardian RSS feed: https://www.theguardian.com/world/rss
2025-12-22 15:28:28,503 - INFO - [The Hindu] (Thread) requires Selenium. Initializing driver...
2025-12-22 15:28:28,503 - INFO - Submitted 4 jobs to thread pool. Waiting up to 300s for completion...
2025-12-22 15:28:28,647 - INFO - Found 45 articles in The Guardian RSS feed. Processing up to 30.
2025-12-22 15:28:28,648 - INFO - [The Guardian] Early skip: URL https://www.theguardian.com/world/2025/dec/22/freed-nigerian-schoolchildren-set-to-be-reunited-with-families already exists.
2025-12-22 15:28:28,678 - INFO - Found 30 articles in BBC RSS feed. Processing up to 30.
2025-12-22 15:28:28,923 - INFO - [BBC] Early skip: URL https://www.bbc.com/news/articles/ckgmd132ge4o?at_medium=RSS&at_campaign=rss already exists.
2025-12-22 15:28:29,124 - INFO - [The Guardian] Early skip: URL https://www.theguardian.com/world/2025/dec/21/more-kidnapped-schoolchildren-freed-in-nigeria already exists.
2025-12-22 15:28:29,326 - INFO - [BBC] Early skip: URL https://www.bbc.com/news/articles/ce86l95gx5po?at_medium=RSS&at_campaign=rss already exists.
2025-12-22 15:28:29,524 - INFO - [The Guardian] Early skip: URL https://www.theguardian.com/uk-news/2025/dec/21/manchester-museum-uncover-hidden-histories-africa-hub already exists.
2025-12-22 15:28:29,777 - INFO - [BBC] Early skip: URL https://www.bbc.com/news/articles/c8jwn9wznx1o?at_medium=RSS&at_campaign=rss already exists.
2025-12-22 15:28:30,006 - INFO - [The Guardian] Early skip: URL https://www.theguardian.com/global-development/2025/dec/21/sweden-and-germany-slash-aid-budgets-to-focus-on-ukraine-and-defence-spending already exists.
2025-12-22 15:28:30,112 - INFO - [BBC] Early skip: URL https://www.bbc.com/news/articles/c5ydej888n9o?at_medium=RSS&at_campaign=rss already exists.
2025-12-22 15:28:30,289 - INFO - [The Guardian] Early skip: URL https://www.theguardian.com/world/2025/dec/21/gunmen-johannesburg-township-in-south-africas-second-mass-shooting-within-weeks already exists.
2025-12-22 15:28:30,431 - INFO - [BBC] Early skip: URL https://www.bbc.com/news/articles/cd74ldr2zryo?at_medium=RSS&at_campaign=rss already exists.
2025-12-22 15:28:30,708 - INFO - [The Guardian] Early skip: URL https://www.theguardian.com/media/2025/dec/22/cbs-news-delays-60-minutes-segment-featuring-investigation-into-cecot-megaprison already exists.
2025-12-22 15:28:30,908 - INFO - [BBC] Early skip: URL https://www.bbc.com/news/articles/cdd5j9jdvy9o?at_medium=RSS&at_campaign=rss already exists.
2025-12-22 15:28:31,209 - INFO - [The Guardian] Early skip: URL https://www.theguardian.com/world/2025/dec/22/man-jailed-1335-years-el-salvador-sentences-ms-13-gang-members already exists.
2025-12-22 15:28:31,446 - INFO - [BBC] Early skip: URL https://www.bbc.com/news/articles/cj9ydj7y0vvo?at_medium=RSS&at_campaign=rss already exists.
2025-12-22 15:28:31,555 - INFO - [The Guardian] Early skip: URL https://www.theguardian.com/us-news/2025/dec/21/coast-guard-pursuing-oil-tanker-venezuela-coast already exists.
2025-12-22 15:28:31,773 - INFO - [BBC] Early skip: URL https://www.bbc.com/news/articles/cn5lnzlvqg2o?at_medium=RSS&at_campaign=rss already exists.
2025-12-22 15:28:31,887 - INFO - [The Guardian] Early skip: URL https://www.theguardian.com/us-news/2025/dec/20/us-second-merchant-vessel-venezuela already exists.
2025-12-22 15:28:32,027 - INFO - [BBC] Early skip: URL https://www.bbc.com/news/articles/c99722j4lkgo?at_medium=RSS&at_campaign=rss already exists.
2025-12-22 15:28:32,229 - INFO - [The Guardian] Early skip: URL https://www.theguardian.com/us-news/2025/dec/19/trump-venezuela-war already exists.
2025-12-22 15:28:32,490 - INFO - [BBC] Early skip: URL https://www.bbc.com/news/articles/c3d03943zg8o?at_medium=RSS&at_campaign=rss already exists.
2025-12-22 15:28:32,635 - INFO - [The Guardian] Early skip: URL https://www.theguardian.com/business/2025/dec/22/china-hits-eu-dairy-industry-with-tariffs already exists.
2025-12-22 15:28:32,882 - INFO - [BBC] Early skip: URL https://www.bbc.com/news/articles/cqjg18xe0wwo?at_medium=RSS&at_campaign=rss already exists.
2025-12-22 15:28:32,983 - INFO - [The Guardian] Early skip: URL https://www.theguardian.com/world/2025/dec/22/jeju-air-crash-independent-inquiry-south-korea already exists.
2025-12-22 15:28:33,183 - INFO - [BBC] Early skip: URL https://www.bbc.com/news/articles/cg5m49j14pyo?at_medium=RSS&at_campaign=rss already exists.
2025-12-22 15:28:33,364 - INFO - [The Guardian] Early skip: URL https://www.theguardian.com/world/2025/dec/22/new-zealand-christchurch-spoof-absurdist-road-signs already exists.
2025-12-22 15:28:33,582 - INFO - [BBC] Early skip: URL https://www.bbc.com/news/articles/cm20ppy0rreo?at_medium=RSS&at_campaign=rss already exists.
2025-12-22 15:28:33,687 - INFO - [The Guardian] Early skip: URL https://www.theguardian.com/environment/2025/dec/21/takahe-chick-rare-born-new-zealand already exists.
2025-12-22 15:28:33,928 - INFO - [BBC] Early skip: URL https://www.bbc.com/news/articles/c79xyxdpzrxo?at_medium=RSS&at_campaign=rss already exists.
2025-12-22 15:28:34,156 - INFO - [The Guardian] Early skip: URL https://www.theguardian.com/world/2025/dec/19/mass-stabbing-tapei already exists.
2025-12-22 15:28:34,277 - INFO - [BBC] Early skip: URL https://www.bbc.com/news/articles/c9qe2yln2nlo?at_medium=RSS&at_campaign=rss already exists.
2025-12-22 15:28:34,473 - INFO - [The Guardian] Early skip: URL https://www.theguardian.com/australia-news/2025/dec/22/a-champion-of-aboriginal-rights-alice-springs-leader-geoffrey-shaw-dies-aged-79 already exists.
2025-12-22 15:28:34,587 - INFO - [BBC] Early skip: URL https://www.bbc.com/news/articles/c14vy02847vo?at_medium=RSS&at_campaign=rss already exists.
2025-12-22 15:28:34,760 - INFO - [The Guardian] Early skip: URL https://www.theguardian.com/australia-news/2025/dec/22/its-understandable-the-minns-government-wants-to-take-action-but-taking-a-pause-might-be-wiser already exists.
2025-12-22 15:28:34,894 - INFO - [BBC] Early skip: URL https://www.bbc.com/news/articles/c8r38ne1x2mo?at_medium=RSS&at_campaign=rss already exists.
2025-12-22 15:28:35,120 - INFO - Selenium driver initialized successfully.
2025-12-22 15:28:35,120 - INFO - Starting scrape for The Hindu RSS feed: https://www.thehindu.com/news/national/feeder/default.rss
2025-12-22 15:28:35,121 - INFO - Selenium driver initialized successfully.
2025-12-22 15:28:35,121 - INFO - Starting scrape for Times of India RSS feed: https://timesofindia.indiatimes.com/rssfeeds/296589292.cms
2025-12-22 15:28:35,161 - INFO - [The Guardian] Early skip: URL https://www.theguardian.com/australia-news/2025/dec/22/dan-elkayam-bondi-terror-attack-victim-memorial-sydney-ntwnfb already exists.
2025-12-22 15:28:35,183 - INFO - Found 20 articles in Times of India RSS feed. Processing up to 30.
2025-12-22 15:28:35,318 - INFO - Found 100 articles in The Hindu RSS feed. Processing up to 30.
2025-12-22 15:28:35,385 - INFO - [BBC] Early skip: URL https://www.bbc.com/news/articles/cjrjpdz33vxo?at_medium=RSS&at_campaign=rss already exists.
2025-12-22 15:28:35,582 - INFO - [Times of India] Article: https://timesofindia.indiatimes.com/world/us/3000-to-leave-now-dhs-offers-christmas-gift-to-illegal-aliens-who-self-deport-how-to-claim-it/articleshow/126124005.cms
2025-12-22 15:28:35,582 - INFO - [Times of India] Attempt 1/1: Trying with 'selenium_browser' strategy...
2025-12-22 15:28:35,583 - INFO - [The Hindu] Article: https://www.thehindu.com/news/national/andhra-pradesh/acb-nabs-govt-official-while-accepting-bribe/article70426819.ece
2025-12-22 15:28:35,583 - INFO - [The Hindu] Attempt 1/1: Trying with 'selenium_browser' strategy...
2025-12-22 15:28:35,584 - INFO - [The Guardian] Early skip: URL https://www.theguardian.com/environment/2025/dec/22/weather-tracker-flood-watches-california already exists.
2025-12-22 15:28:35,699 - INFO - [BBC] Early skip: URL https://www.bbc.com/news/articles/cn8eknv7zkyo?at_medium=RSS&at_campaign=rss already exists.
2025-12-22 15:28:35,842 - INFO - [The Guardian] Early skip: URL https://www.theguardian.com/australia-news/2025/dec/22/hundreds-rally-in-sydney-against-proposed-changes-to-protest-laws already exists.
2025-12-22 15:28:36,040 - INFO - [BBC] Early skip: URL https://www.bbc.com/news/articles/c93nwrzgypqo?at_medium=RSS&at_campaign=rss already exists.
2025-12-22 15:28:36,320 - INFO - [BBC] Early skip: URL https://www.bbc.com/news/articles/c8dy5m56477o?at_medium=RSS&at_campaign=rss already exists.
2025-12-22 15:28:36,603 - INFO - [The Guardian] Early skip: URL https://www.theguardian.com/world/live/2025/dec/22/ukraine-russia-car-bomb-general-europe-latest-news-updates already exists.
2025-12-22 15:28:36,879 - INFO - [The Guardian] Article: https://www.theguardian.com/politics/2025/dec/22/britain-economy-brexit-damage-customs-union
2025-12-22 15:28:36,879 - INFO - [The Guardian] Attempt 1/1: Trying with 'requests_browser' strategy...
2025-12-22 15:28:36,885 - INFO - [BBC] Early skip: URL https://www.bbc.com/news/articles/cx25dejn4n5o?at_medium=RSS&at_campaign=rss already exists.
2025-12-22 15:28:37,065 - INFO - [BBC] Early skip: URL https://www.bbc.com/news/articles/c5yqr485d84o?at_medium=RSS&at_campaign=rss already exists.
2025-12-22 15:28:37,281 - INFO - [The Guardian] Success with 'requests_browser'. Found content (877 words).
2025-12-22 15:28:37,336 - INFO - [BBC] Early skip: URL https://www.bbc.com/news/articles/c5ye91zxqv5o?at_medium=RSS&at_campaign=rss already exists.
2025-12-22 15:28:37,454 - INFO - [BBC] Early skip: URL https://www.bbc.com/news/articles/c4gp4v32z0lo?at_medium=RSS&at_campaign=rss already exists.
2025-12-22 15:28:37,625 - INFO - [BBC] Early skip: URL https://www.bbc.com/news/videos/cn7kpnjnmklo?at_medium=RSS&at_campaign=rss already exists.
2025-12-22 15:28:37,892 - INFO - [BBC] Article: https://www.bbc.com/news/videos/cj01pdve7rpo?at_medium=RSS&at_campaign=rss
2025-12-22 15:28:37,892 - INFO - [BBC] Attempt 1/1: Trying with 'requests_browser' strategy...
2025-12-22 15:28:38,722 - WARNING - [BBC] FAILED with 'requests_browser' (content was too short: 80 words).
2025-12-22 15:28:38,723 - ERROR - [BBC] All scrape strategies failed for https://www.bbc.com/news/videos/cj01pdve7rpo?at_medium=RSS&at_campaign=rss. Falling back to RSS description.
2025-12-22 15:28:38,723 - WARNING - SKIPPED (GLOBAL WORD LIMIT): Article 'Putin tells BBC Western leaders deceived Russia' from BBC has only 21 words (Min: 90).
2025-12-22 15:28:41,385 - INFO - [The Hindu] Page content loaded.
2025-12-22 15:28:41,537 - INFO - [The Hindu] Success with 'selenium_browser'. Found content (148 words).
2025-12-22 15:29:42,223 - INFO - DEDUPLICATION: Found match (Score: 0.77). Linking to Cluster ID: 7ebf0c18-957d-413c-b523-f581388d6f41
2025-12-22 15:29:42,226 - INFO - Saved article: Britain’s economy has been damaged by Brexit. But what should ministers do about it? | Trade policy | The Guardian from The Guardian (877 words)
2025-12-22 15:29:42,226 - INFO - [BBC] Early skip: URL https://www.bbc.com/news/videos/cly5p1vkm39o?at_medium=RSS&at_campaign=rss already exists.
2025-12-22 15:30:30,245 - INFO - Saved article: ACB nabs govt. official while accepting bribe - The Hindu from The Hindu (148 words)
2025-12-22 15:30:30,245 - INFO - [BBC] Article: https://www.bbc.com/news/videos/c5yje8pvg8jo?at_medium=RSS&at_campaign=rss
2025-12-22 15:30:30,246 - INFO - [BBC] Attempt 1/1: Trying with 'requests_browser' strategy...
2025-12-22 15:30:30,247 - INFO - [The Guardian] Early skip: URL https://www.theguardian.com/world/2025/dec/22/denmark-summon-us-ambassador-trump-greenland-envoy-appointment already exists.
2025-12-22 15:30:30,303 - WARNING - [BBC] FAILED with 'requests_browser' (content was too short: 74 words).
2025-12-22 15:30:30,303 - ERROR - [BBC] All scrape strategies failed for https://www.bbc.com/news/videos/c5yje8pvg8jo?at_medium=RSS&at_campaign=rss. Falling back to RSS description.
2025-12-22 15:30:30,303 - WARNING - SKIPPED (GLOBAL WORD LIMIT): Article 'What does TikTok's deal mean for America's users?' from BBC has only 21 words (Min: 90).
2025-12-22 15:30:30,416 - INFO - [The Guardian] Early skip: URL https://www.theguardian.com/us-news/2025/dec/22/neo-nazi-terror-the-base already exists.
2025-12-22 15:30:30,547 - INFO - [The Guardian] Early skip: URL https://www.theguardian.com/world/2025/dec/22/spanish-villagers-la-baneza-win-lottery-prizes-el-gordo already exists.
2025-12-22 15:30:30,829 - INFO - [The Guardian] Early skip: URL https://www.theguardian.com/world/2025/dec/21/israel-approves-new-jewish-settlements-occupied-west-bank already exists.
2025-12-22 15:30:31,059 - INFO - [The Hindu] Article: https://www.thehindu.com/news/national/telangana/tghrc-seeks-report-from-home-department-over-alleged-custodial-death-of-youngster-in-telanganas-suryapet/article70426609.ece
2025-12-22 15:30:31,060 - INFO - [The Hindu] Attempt 1/1: Trying with 'selenium_browser' strategy...
2025-12-22 15:30:31,060 - INFO - [The Guardian] Early skip: URL https://www.theguardian.com/world/2025/dec/20/israeli-troops-kill-palestinians-sheltering-in-gaza-school-hospital-chiefs already exists.
2025-12-22 15:30:31,350 - INFO - [BBC] Early skip: URL https://www.bbc.com/news/videos/cjdrpx4yjv5o?at_medium=RSS&at_campaign=rss already exists.
2025-12-22 15:30:31,540 - INFO - [The Guardian] Early skip: URL https://www.theguardian.com/world/2025/dec/19/gaza-famine-hunger-food-shortages-winter-flooding-un already exists.
2025-12-22 15:30:31,805 - INFO - [The Guardian] Early skip: URL https://www.theguardian.com/global-development/2025/dec/19/gaza-phd-student-manar-al-houbi-granted-access-to-uk-but-others-remain-stranded already exists.
2025-12-22 15:30:31,988 - INFO - [The Guardian] Early skip: URL https://www.theguardian.com/global-development/2025/dec/19/iranian-boxing-champion-mohammad-javad-vafaei-sani-risk-of-execution-retrial-request-rejected already exists.
2025-12-22 15:30:32,841 - INFO - [The Hindu] Page content loaded.
2025-12-22 15:30:32,945 - INFO - [The Hindu] Success with 'selenium_browser'. Found content (431 words).
2025-12-22 15:30:35,681 - ERROR - [Times of India] Request failed for strategy 'selenium_browser' on URL https://timesofindia.indiatimes.com/world/us/3000-to-leave-now-dhs-offers-christmas-gift-to-illegal-aliens-who-self-deport-how-to-claim-it/articleshow/126124005.cms: HTTPConnectionPool(host='localhost', port=35137): Read timed out. (read timeout=120)
2025-12-22 15:30:35,682 - ERROR - [Times of India] All scrape strategies failed for https://timesofindia.indiatimes.com/world/us/3000-to-leave-now-dhs-offers-christmas-gift-to-illegal-aliens-who-self-deport-how-to-claim-it/articleshow/126124005.cms. Falling back to RSS description.
2025-12-22 15:30:35,682 - WARNING - SKIPPED (GLOBAL WORD LIMIT): Article '‘$3,000 exit bonus’: DHS offers ‘Christmas gift’ to illegal aliens who self-deport — how to claim it?' from Times of India has only 3 words (Min: 90).
2025-12-22 15:31:20,613 - INFO - Saved article: TGHRC seeks report from Home Department over alleged custodial death of youngster in Telangana’s Suryapet - The Hindu from The Hindu (431 words)
2025-12-22 15:31:20,613 - INFO - [Times of India] Article: https://timesofindia.indiatimes.com/world/us/if-foreigners-came-to-india-and-condemned-hindu-ness-indian-origin-venture-capitalist-defends-jd-vances-christian-nation-remarks/articleshow/126123721.cms
2025-12-22 15:31:20,613 - INFO - [Times of India] Attempt 1/1: Trying with 'selenium_browser' strategy...
2025-12-22 15:31:21,431 - INFO - [The Hindu] Article: https://www.thehindu.com/news/national/kerala/single-shift-for-passenger-reservation-centres-on-december-25/article70426801.ece
2025-12-22 15:31:21,431 - INFO - [The Hindu] Attempt 1/1: Trying with 'selenium_browser' strategy...
2025-12-22 15:31:23,469 - INFO - [The Hindu] Page content loaded.
2025-12-22 15:31:23,533 - WARNING - [The Hindu] FAILED with 'selenium_browser' (content was too short: 54 words).
2025-12-22 15:31:23,533 - ERROR - [The Hindu] All scrape strategies failed for https://www.thehindu.com/news/national/kerala/single-shift-for-passenger-reservation-centres-on-december-25/article70426801.ece. Falling back to RSS description.
2025-12-22 15:31:23,533 - WARNING - SKIPPED (GLOBAL WORD LIMIT): Article 'Single shift for passenger reservation centres on December 25' from The Hindu has only 3 words (Min: 90).
2025-12-22 15:31:24,607 - INFO - [The Hindu] Article: https://www.thehindu.com/news/national/andhra-pradesh/police-shoot-knife-wielding-suspect-after-attack-on-inspector/article70426539.ece
2025-12-22 15:31:24,607 - INFO - [The Hindu] Attempt 1/1: Trying with 'selenium_browser' strategy...
2025-12-22 15:31:25,417 - INFO - [The Hindu] Page content loaded.
2025-12-22 15:31:25,631 - INFO - [The Hindu] Success with 'selenium_browser'. Found content (506 words).
2025-12-22 15:32:11,490 - INFO - Saved article: Police shoot knife-wielding suspect after attack on inspector - The Hindu from The Hindu (506 words)
2025-12-22 15:32:12,970 - INFO - [The Hindu] Article: https://www.thehindu.com/news/national/bihar/every-mp-and-mla-takes-commission-says-union-minister-jitan-ram-manjhi/article70426092.ece
2025-12-22 15:32:12,970 - INFO - [The Hindu] Attempt 1/1: Trying with 'selenium_browser' strategy...
2025-12-22 15:32:14,147 - INFO - [The Hindu] Page content loaded.
2025-12-22 15:32:14,230 - INFO - [The Hindu] Success with 'selenium_browser'. Found content (567 words).
2025-12-22 15:32:59,826 - INFO - Saved article: Every MP and MLA takes commission, says Union Minister Jitan Ram Manjhi - The Hindu from The Hindu (567 words)
2025-12-22 15:33:00,773 - INFO - [The Hindu] Article: https://www.thehindu.com/news/national/indian-navy-receives-third-indigenous-asw-shallow-water-craft-anjadip-from-grse/article70426390.ece
2025-12-22 15:33:00,773 - INFO - [The Hindu] Attempt 1/1: Trying with 'selenium_browser' strategy...
2025-12-22 15:33:01,884 - INFO - [The Hindu] Page content loaded.
2025-12-22 15:33:02,027 - INFO - [The Hindu] Success with 'selenium_browser'. Found content (335 words).
2025-12-22 15:33:20,715 - ERROR - [Times of India] Request failed for strategy 'selenium_browser' on URL https://timesofindia.indiatimes.com/world/us/if-foreigners-came-to-india-and-condemned-hindu-ness-indian-origin-venture-capitalist-defends-jd-vances-christian-nation-remarks/articleshow/126123721.cms: HTTPConnectionPool(host='localhost', port=35137): Read timed out. (read timeout=120)
2025-12-22 15:33:20,715 - ERROR - [Times of India] All scrape strategies failed for https://timesofindia.indiatimes.com/world/us/if-foreigners-came-to-india-and-condemned-hindu-ness-indian-origin-venture-capitalist-defends-jd-vances-christian-nation-remarks/articleshow/126123721.cms. Falling back to RSS description.
2025-12-22 15:33:20,715 - WARNING - SKIPPED (GLOBAL WORD LIMIT): Article ''If foreigners came to India and condemned Hindu-ness...': Indian-origin venture capitalist defends JD Vance's 'Christian nation' remarks' from Times of India has only 3 words (Min: 90).
2025-12-22 15:33:28,504 - CRITICAL - --- TIMEOUT: 2 scrape jobs did not complete in 300s. ---
2025-12-22 15:33:28,504 - ERROR - A thread has timed out and will be abandoned.
2025-12-22 15:33:28,504 - ERROR - A thread has timed out and will be abandoned.
2025-12-22 15:33:28,504 - INFO - Shutting down thread pool (wait=False)...
2025-12-22 15:33:28,504 - INFO - Scraped: 0 BBC, 1 The Guardian, 2 Timed_Out_Jobs articles. (Total saved: 1)
2025-12-22 15:33:28,504 - INFO - --- Scraping job finished ---
2025-12-22 15:33:28,504 - INFO - --- Scraper service stopped and database connection closed. ---
2025-12-22 15:33:28,505 - INFO - --- Main thread finished. Forcing process exit to kill zombie threads. ---
