2026-01-13 02:02:34,829 - INFO - Loading AI Semantic Model (all-MiniLM-L6-v2)...
2026-01-13 02:02:34,829 - INFO - Use pytorch device_name: cpu
2026-01-13 02:02:34,829 - INFO - Load pretrained SentenceTransformer: all-MiniLM-L6-v2
2026-01-13 02:02:35,834 - INFO - AI Model loaded successfully.
2026-01-13 02:02:35,834 - INFO - --- Scraper service started (CI Mode: Run Once) ---
2026-01-13 02:02:35,834 - INFO - --- Starting new scraping job (Parallel Mode) ---
2026-01-13 02:02:35,834 - INFO - Creating new robust session with 3 retries on 5xx/connection/read errors.
2026-01-13 02:02:35,834 - INFO - Proxy is DISABLED.
2026-01-13 02:02:35,835 - INFO - Starting scrape for BBC RSS feed: http://feeds.bbci.co.uk/news/world/rss.xml
2026-01-13 02:02:35,836 - INFO - [Times of India] (Thread) requires Selenium. Initializing driver...
2026-01-13 02:02:35,836 - INFO - Starting scrape for The Guardian RSS feed: https://www.theguardian.com/world/rss
2026-01-13 02:02:35,837 - INFO - [The Hindu] (Thread) requires Selenium. Initializing driver...
2026-01-13 02:02:35,837 - INFO - Submitted 4 jobs to thread pool. Waiting up to 300s for completion...
2026-01-13 02:02:36,158 - INFO - Found 45 articles in The Guardian RSS feed. Processing up to 30.
2026-01-13 02:02:36,158 - INFO - [The Guardian] Early skip: URL https://www.theguardian.com/books/2026/jan/12/chimamanda-ngozi-adichie-accuses-lagos-hospital-negligence-son-death already exists.
2026-01-13 02:02:36,265 - INFO - Found 38 articles in BBC RSS feed. Processing up to 30.
2026-01-13 02:02:36,363 - INFO - [BBC] Early skip: URL https://www.bbc.com/news/articles/cvgp70ynx1po?at_medium=RSS&at_campaign=rss already exists.
2026-01-13 02:02:36,641 - INFO - [The Guardian] Early skip: URL https://www.theguardian.com/global-development/2026/jan/09/the-gambia-female-genital-mutilation-fgm-supreme-court-case-overturn-ban already exists.
2026-01-13 02:02:36,894 - INFO - [BBC] Early skip: URL https://www.bbc.com/news/articles/cd0yldn0n7eo?at_medium=RSS&at_campaign=rss already exists.
2026-01-13 02:02:37,082 - INFO - [The Guardian] Early skip: URL https://www.theguardian.com/world/2026/jan/08/questions-targeting-impact-us-airstrikes-in-nigeria already exists.
2026-01-13 02:02:37,221 - INFO - [BBC] Early skip: URL https://www.bbc.com/news/articles/cr7jzpr95yvo?at_medium=RSS&at_campaign=rss already exists.
2026-01-13 02:02:37,427 - INFO - [The Guardian] Early skip: URL https://www.theguardian.com/world/2026/jan/02/anthony-joshuas-driver-charged-with-dangerous-driving-after-fatal-crash-in-nigeria already exists.
2026-01-13 02:02:37,690 - INFO - [BBC] Early skip: URL https://www.bbc.com/news/articles/c394xwdve9lo?at_medium=RSS&at_campaign=rss already exists.
2026-01-13 02:02:37,901 - INFO - [The Guardian] Early skip: URL https://www.theguardian.com/science/2026/jan/01/cremation-pyre-in-africa-thought-to-be-worlds-oldest-containing-adult-remains already exists.
2026-01-13 02:02:38,175 - INFO - [BBC] Early skip: URL https://www.bbc.com/news/articles/c79re5415n2o?at_medium=RSS&at_campaign=rss already exists.
2026-01-13 02:02:38,334 - INFO - [The Guardian] Early skip: URL https://www.theguardian.com/environment/2026/jan/12/us-plan-to-exploit-venezuelas-oil-could-eat-up-13-of-carbon-budget-to-keep-15c-limit already exists.
2026-01-13 02:02:38,499 - INFO - [BBC] Early skip: URL https://www.bbc.com/news/articles/c1klvp4v8vjo?at_medium=RSS&at_campaign=rss already exists.
2026-01-13 02:02:38,718 - INFO - [The Guardian] Early skip: URL https://www.theguardian.com/world/2026/jan/12/trump-latin-america-feud-colombia-gustavo-petro already exists.
2026-01-13 02:02:39,005 - INFO - [BBC] Early skip: URL https://www.bbc.com/news/articles/c78e07m02jzo?at_medium=RSS&at_campaign=rss already exists.
2026-01-13 02:02:39,158 - INFO - [The Guardian] Early skip: URL https://www.theguardian.com/us-news/2026/jan/12/us-oil-producers-global-supply-glut-venezuela already exists.
2026-01-13 02:02:39,385 - INFO - [BBC] Early skip: URL https://www.bbc.com/news/articles/c801kypkl3ko?at_medium=RSS&at_campaign=rss already exists.
2026-01-13 02:02:39,588 - INFO - [The Guardian] Early skip: URL https://www.theguardian.com/world/2026/jan/12/carney-heads-to-beijing-as-trump-america-first-agenda-forces-canada-into-trade-rethink already exists.
2026-01-13 02:02:39,778 - INFO - [BBC] Early skip: URL https://www.bbc.com/news/articles/cpqye2yygl4o?at_medium=RSS&at_campaign=rss already exists.
2026-01-13 02:02:39,899 - INFO - [The Guardian] Early skip: URL https://www.theguardian.com/us-news/2026/jan/12/donald-trump-threatens-block-exxonmobil-venezuela already exists.
2026-01-13 02:02:40,121 - INFO - [BBC] Early skip: URL https://www.bbc.com/news/articles/c74vnxlvl40o?at_medium=RSS&at_campaign=rss already exists.
2026-01-13 02:02:40,368 - INFO - [The Guardian] Article: https://www.theguardian.com/world/2026/jan/13/china-europe-pressure-block-taiwanese-politicians-visas
2026-01-13 02:02:40,368 - INFO - [The Guardian] Attempt 1/1: Trying with 'requests_browser' strategy...
2026-01-13 02:02:40,370 - INFO - [BBC] Early skip: URL https://www.bbc.com/news/articles/cly9n3r2p7zo?at_medium=RSS&at_campaign=rss already exists.
2026-01-13 02:02:40,420 - INFO - [The Guardian] Success with 'requests_browser'. Found content (881 words).
2026-01-13 02:02:43,179 - INFO - Selenium driver initialized successfully.
2026-01-13 02:02:43,180 - INFO - Starting scrape for Times of India RSS feed: https://timesofindia.indiatimes.com/rssfeeds/296589292.cms
2026-01-13 02:02:43,194 - INFO - Selenium driver initialized successfully.
2026-01-13 02:02:43,194 - INFO - Starting scrape for The Hindu RSS feed: https://www.thehindu.com/news/national/feeder/default.rss
2026-01-13 02:02:43,464 - INFO - Found 20 articles in Times of India RSS feed. Processing up to 30.
2026-01-13 02:02:43,522 - INFO - Found 100 articles in The Hindu RSS feed. Processing up to 30.
2026-01-13 02:03:23,334 - INFO - Saved article: China pressing European countries to bar Taiwan politicians or face crossing a ‘red line’ | Taiwan | The Guardian from The Guardian (881 words)
2026-01-13 02:03:23,334 - INFO - [BBC] Early skip: URL https://www.bbc.com/news/articles/c2e13mlr17go?at_medium=RSS&at_campaign=rss already exists.
2026-01-13 02:03:23,543 - INFO - [Times of India] Article: https://timesofindia.indiatimes.com/world/south-asia/nepals-unemployed-youth-scramble-for-election-jobs/articleshow/126494926.cms
2026-01-13 02:03:23,543 - INFO - [Times of India] Attempt 1/1: Trying with 'selenium_browser' strategy...
2026-01-13 02:03:23,544 - INFO - [The Hindu] Article: https://www.thehindu.com/news/national/kerala/sabarimala-gold-theft-case-high-court-slams-tdb-flays-sit-for-not-arresting-kp-sankara-das/article70502264.ece
2026-01-13 02:03:23,544 - INFO - [The Hindu] Attempt 1/1: Trying with 'selenium_browser' strategy...
2026-01-13 02:03:23,545 - INFO - [BBC] Early skip: URL https://www.bbc.com/news/articles/cp3zq7evw21o?at_medium=RSS&at_campaign=rss already exists.
2026-01-13 02:03:23,712 - INFO - [BBC] Early skip: URL https://www.bbc.com/news/articles/c5y2gkydpp5o?at_medium=RSS&at_campaign=rss already exists.
2026-01-13 02:03:23,910 - INFO - [BBC] Early skip: URL https://www.bbc.com/news/articles/cx2kv2gn62vo?at_medium=RSS&at_campaign=rss already exists.
2026-01-13 02:03:24,130 - INFO - [BBC] Early skip: URL https://www.bbc.com/news/articles/cpv7knz8e8mo?at_medium=RSS&at_campaign=rss already exists.
2026-01-13 02:03:24,255 - INFO - [BBC] Early skip: URL https://www.bbc.com/news/articles/cj9r3zl2ywyo?at_medium=RSS&at_campaign=rss already exists.
2026-01-13 02:03:24,370 - INFO - [BBC] Early skip: URL https://www.bbc.com/news/articles/c75xdg2p36lo?at_medium=RSS&at_campaign=rss already exists.
2026-01-13 02:03:24,591 - INFO - [BBC] Early skip: URL https://www.bbc.com/news/articles/cly95x9qe4ko?at_medium=RSS&at_campaign=rss already exists.
2026-01-13 02:03:24,743 - INFO - [The Guardian] Article: https://www.theguardian.com/business/2026/jan/13/coal-power-generation-falls-china-india-since-1970s
2026-01-13 02:03:24,744 - INFO - [The Guardian] Attempt 1/1: Trying with 'requests_browser' strategy...
2026-01-13 02:03:24,745 - INFO - [BBC] Early skip: URL https://www.bbc.com/news/articles/ckgn5g90lggo?at_medium=RSS&at_campaign=rss already exists.
2026-01-13 02:03:24,782 - INFO - [The Guardian] Success with 'requests_browser'. Found content (402 words).
2026-01-13 02:03:24,902 - INFO - [BBC] Early skip: URL https://www.bbc.com/news/articles/c4gr7nlx421o?at_medium=RSS&at_campaign=rss already exists.
2026-01-13 02:04:46,623 - INFO - Saved article: Coal power generation falls in China and India for first time since 1970s | Energy industry | The Guardian from The Guardian (402 words)
2026-01-13 02:04:46,623 - INFO - [BBC] Early skip: URL https://www.bbc.com/news/articles/cly9597r4qpo?at_medium=RSS&at_campaign=rss already exists.
2026-01-13 02:04:46,771 - INFO - [BBC] Early skip: URL https://www.bbc.com/news/articles/cx2p84xleg2o?at_medium=RSS&at_campaign=rss already exists.
2026-01-13 02:04:47,036 - INFO - [BBC] Early skip: URL https://www.bbc.com/news/articles/c0lx09e618yo?at_medium=RSS&at_campaign=rss already exists.
2026-01-13 02:04:47,175 - INFO - [BBC] Early skip: URL https://www.bbc.com/news/articles/cly95lpwl1ro?at_medium=RSS&at_campaign=rss already exists.
2026-01-13 02:04:47,306 - INFO - [BBC] Early skip: URL https://www.bbc.com/news/articles/c3381r5nnn6o?at_medium=RSS&at_campaign=rss already exists.
2026-01-13 02:04:47,484 - INFO - [BBC] Early skip: URL https://www.bbc.com/news/articles/cr7jep39eg4o?at_medium=RSS&at_campaign=rss already exists.
2026-01-13 02:04:47,753 - INFO - [The Guardian] Early skip: URL https://www.theguardian.com/technology/2026/jan/12/malaysia-blocks-elon-musk-grok-ai-fake-sexualised-images-indonesia-x-chatbot already exists.
2026-01-13 02:04:47,946 - INFO - [BBC] Early skip: URL https://www.bbc.com/news/articles/c623r47d67lo?at_medium=RSS&at_campaign=rss already exists.
2026-01-13 02:04:48,165 - INFO - [The Guardian] Early skip: URL https://www.theguardian.com/world/2026/jan/11/underground-church-early-rain-leaders-detained-china-crackdown already exists.
2026-01-13 02:04:48,432 - INFO - [BBC] Early skip: URL https://www.bbc.com/news/articles/cz7ndzw28v4o?at_medium=RSS&at_campaign=rss already exists.
2026-01-13 02:04:48,683 - INFO - [The Guardian] Early skip: URL https://www.theguardian.com/world/2026/jan/10/indonesia-blocks-musks-grok-chatbot-due-to-risk-of-pornographic-content already exists.
2026-01-13 02:04:48,948 - INFO - [BBC] Early skip: URL https://www.bbc.com/news/articles/cj9rengvnp9o?at_medium=RSS&at_campaign=rss already exists.
2026-01-13 02:04:49,075 - INFO - [The Guardian] Early skip: URL https://www.theguardian.com/australia-news/live/2026/jan/13/anthony-albanese-labor-hate-speech-laws-politics-coalition-sussan-ley-adelaide-festival-writers-week-reactions-victoria-bushfires-queensland-floods-ntwnfb already exists.
2026-01-13 02:04:49,187 - INFO - [The Guardian] Early skip: URL https://www.theguardian.com/australia-news/2026/jan/13/kevin-rudd-to-step-down-as-us-ambassador-united-states already exists.
2026-01-13 02:04:49,422 - INFO - [The Guardian] Article: https://www.theguardian.com/australia-news/2026/jan/13/victorian-bushfire-threat-eases-structures-destroyed
2026-01-13 02:04:49,422 - INFO - [The Guardian] Attempt 1/1: Trying with 'requests_browser' strategy...
2026-01-13 02:04:49,542 - INFO - [The Guardian] Success with 'requests_browser'. Found content (818 words).
2026-01-13 02:05:23,645 - ERROR - [The Hindu] Request failed for strategy 'selenium_browser' on URL https://www.thehindu.com/news/national/kerala/sabarimala-gold-theft-case-high-court-slams-tdb-flays-sit-for-not-arresting-kp-sankara-das/article70502264.ece: HTTPConnectionPool(host='localhost', port=43325): Read timed out. (read timeout=120)
2026-01-13 02:05:23,645 - ERROR - [Times of India] Request failed for strategy 'selenium_browser' on URL https://timesofindia.indiatimes.com/world/south-asia/nepals-unemployed-youth-scramble-for-election-jobs/articleshow/126494926.cms: HTTPConnectionPool(host='localhost', port=47377): Read timed out. (read timeout=120)
2026-01-13 02:05:23,645 - ERROR - [The Hindu] All scrape strategies failed for https://www.thehindu.com/news/national/kerala/sabarimala-gold-theft-case-high-court-slams-tdb-flays-sit-for-not-arresting-kp-sankara-das/article70502264.ece. Falling back to RSS description.
2026-01-13 02:05:23,645 - ERROR - [Times of India] All scrape strategies failed for https://timesofindia.indiatimes.com/world/south-asia/nepals-unemployed-youth-scramble-for-election-jobs/articleshow/126494926.cms. Falling back to RSS description.
2026-01-13 02:05:23,645 - WARNING - SKIPPED (GLOBAL WORD LIMIT): Article 'Sabarimala gold theft case: High Court slams TDB, flays SIT for not arresting K.P. Sankara Das' from The Hindu has only 30 words (Min: 90).
2026-01-13 02:05:23,645 - WARNING - SKIPPED (GLOBAL WORD LIMIT): Article 'Nepal's unemployed youth scramble for election jobs' from Times of India has only 44 words (Min: 90).
2026-01-13 02:05:37,630 - INFO - DEDUPLICATION: Found match (Score: 0.81). Linking to Cluster ID: 0cdf354f-cd88-4b8c-abea-fa0884008c95
2026-01-13 02:05:37,633 - INFO - Saved article: More than 500 structures destroyed in Victoria’s bushfires as 12 major blazes continue to burn | Victoria | The Guardian from The Guardian (818 words)
2026-01-13 02:05:37,634 - INFO - [Times of India] Article: https://timesofindia.indiatimes.com/world/us/greenland-says-it-should-be-defended-by-nato-rejects-any-takeover-by-us/articleshow/126494906.cms
2026-01-13 02:05:37,634 - INFO - [Times of India] Attempt 1/1: Trying with 'selenium_browser' strategy...
2026-01-13 02:05:37,635 - INFO - [The Hindu] Article: https://www.thehindu.com/news/national/tamil-nadu/tourism-and-industrial-fair-opens-at-island-grounds/article70502111.ece
2026-01-13 02:05:37,635 - INFO - [The Hindu] Attempt 1/1: Trying with 'selenium_browser' strategy...
2026-01-13 02:05:38,871 - INFO - [The Guardian] Article: https://www.theguardian.com/australia-news/2026/jan/13/nsw-teen-charged-over-alleged-mass-shooting-hoax-usa-ntwnfb
2026-01-13 02:05:38,871 - INFO - [The Guardian] Attempt 1/1: Trying with 'requests_browser' strategy...
2026-01-13 02:05:38,908 - INFO - [The Guardian] Success with 'requests_browser'. Found content (320 words).
2026-01-13 02:06:27,584 - INFO - Saved article: ‘Anonymity online is an illusion’: NSW teen charged over alleged mass shooting hoax in US | Australia news | The Guardian from The Guardian (320 words)
2026-01-13 02:06:28,130 - INFO - [The Guardian] Early skip: URL https://www.theguardian.com/australia-news/2026/jan/12/pauline-hanson-barnaby-joyce-gina-rinehart-private-jet-flooded-parts-queensland already exists.
2026-01-13 02:06:28,396 - INFO - [The Guardian] Early skip: URL https://www.theguardian.com/world/2026/jan/12/cypriot-president-says-he-has-nothing-to-fear-over-corruption-allegations already exists.
2026-01-13 02:06:28,557 - INFO - [The Guardian] Early skip: URL https://www.theguardian.com/world/live/2026/jan/12/greenland-denmark-us-donald-trump-ukraine-russia-europe-latest-news-updates already exists.
2026-01-13 02:06:28,717 - INFO - [The Guardian] Early skip: URL https://www.theguardian.com/us-news/2026/jan/12/greenland-trump-nato-chris-murphy already exists.
2026-01-13 02:06:28,974 - INFO - [The Guardian] Early skip: URL https://www.theguardian.com/world/2026/jan/12/spain-police-seize-cocaine-ship-canary-islands already exists.
2026-01-13 02:06:29,249 - INFO - [The Guardian] Early skip: URL https://www.theguardian.com/world/2026/jan/12/hungary-grants-asylum-to-former-polish-minister-zbigniew-ziobro-abuse-of-power-investigation already exists.
2026-01-13 02:06:29,502 - INFO - [The Guardian] Article: https://www.theguardian.com/us-news/2026/jan/12/trump-tariffs-iran
2026-01-13 02:06:29,502 - INFO - [The Guardian] Attempt 1/1: Trying with 'requests_browser' strategy...
2026-01-13 02:06:29,533 - INFO - [The Guardian] Success with 'requests_browser'. Found content (444 words).
2026-01-13 02:07:17,911 - INFO - Saved article: Trump says countries doing business with Iran face 25% tariff on US trade | Trump tariffs | The Guardian from The Guardian (444 words)
2026-01-13 02:07:19,277 - INFO - [The Guardian] Early skip: URL https://www.theguardian.com/world/live/2026/jan/12/iran-protest-crackdown-us-donald-trump-latest-news-updates already exists.
2026-01-13 02:07:19,516 - INFO - [The Guardian] Early skip: URL https://www.theguardian.com/global-development/2026/jan/12/iran-protests-crackdown-toll-foreign-minister already exists.
2026-01-13 02:07:19,668 - INFO - [The Guardian] Early skip: URL https://www.theguardian.com/world/2026/jan/12/celebrities-letter-israel-attack-gaza-hospitals already exists.
2026-01-13 02:07:19,887 - INFO - [The Guardian] Early skip: URL https://www.theguardian.com/world/2026/jan/12/iran-protests-donald-trump-us-military-options already exists.
2026-01-13 02:07:35,838 - CRITICAL - --- TIMEOUT: 2 scrape jobs did not complete in 300s. ---
2026-01-13 02:07:35,838 - ERROR - A thread has timed out and will be abandoned.
2026-01-13 02:07:35,838 - ERROR - A thread has timed out and will be abandoned.
2026-01-13 02:07:35,838 - INFO - Shutting down thread pool (wait=False)...
2026-01-13 02:07:35,838 - INFO - Scraped: 5 The Guardian, 0 BBC, 2 Timed_Out_Jobs articles. (Total saved: 5)
2026-01-13 02:07:35,839 - INFO - --- Scraping job finished ---
2026-01-13 02:07:35,839 - INFO - --- Scraper service stopped and database connection closed. ---
2026-01-13 02:07:35,839 - INFO - --- Main thread finished. Forcing process exit to kill zombie threads. ---
