2026-01-30 09:46:03,671 - INFO - Loading AI Semantic Model (all-MiniLM-L6-v2)...
2026-01-30 09:46:03,672 - INFO - Use pytorch device_name: cpu
2026-01-30 09:46:03,672 - INFO - Load pretrained SentenceTransformer: all-MiniLM-L6-v2
2026-01-30 09:46:03,757 - INFO - HTTP Request: HEAD https://huggingface.co/sentence-transformers/all-MiniLM-L6-v2/resolve/main/modules.json "HTTP/1.1 307 Temporary Redirect"
2026-01-30 09:46:03,767 - INFO - HTTP Request: HEAD https://huggingface.co/api/resolve-cache/models/sentence-transformers/all-MiniLM-L6-v2/c9745ed1d9f207416be6d2e6f8de32d1f16199bf/modules.json "HTTP/1.1 200 OK"
2026-01-30 09:46:03,786 - INFO - HTTP Request: HEAD https://huggingface.co/sentence-transformers/all-MiniLM-L6-v2/resolve/main/config_sentence_transformers.json "HTTP/1.1 307 Temporary Redirect"
2026-01-30 09:46:03,795 - INFO - HTTP Request: HEAD https://huggingface.co/api/resolve-cache/models/sentence-transformers/all-MiniLM-L6-v2/c9745ed1d9f207416be6d2e6f8de32d1f16199bf/config_sentence_transformers.json "HTTP/1.1 200 OK"
2026-01-30 09:46:03,817 - INFO - HTTP Request: HEAD https://huggingface.co/sentence-transformers/all-MiniLM-L6-v2/resolve/main/config_sentence_transformers.json "HTTP/1.1 307 Temporary Redirect"
2026-01-30 09:46:03,826 - INFO - HTTP Request: HEAD https://huggingface.co/api/resolve-cache/models/sentence-transformers/all-MiniLM-L6-v2/c9745ed1d9f207416be6d2e6f8de32d1f16199bf/config_sentence_transformers.json "HTTP/1.1 200 OK"
2026-01-30 09:46:03,844 - INFO - HTTP Request: HEAD https://huggingface.co/sentence-transformers/all-MiniLM-L6-v2/resolve/main/README.md "HTTP/1.1 307 Temporary Redirect"
2026-01-30 09:46:03,854 - INFO - HTTP Request: HEAD https://huggingface.co/api/resolve-cache/models/sentence-transformers/all-MiniLM-L6-v2/c9745ed1d9f207416be6d2e6f8de32d1f16199bf/README.md "HTTP/1.1 200 OK"
2026-01-30 09:46:03,874 - INFO - HTTP Request: HEAD https://huggingface.co/sentence-transformers/all-MiniLM-L6-v2/resolve/main/modules.json "HTTP/1.1 307 Temporary Redirect"
2026-01-30 09:46:03,883 - INFO - HTTP Request: HEAD https://huggingface.co/api/resolve-cache/models/sentence-transformers/all-MiniLM-L6-v2/c9745ed1d9f207416be6d2e6f8de32d1f16199bf/modules.json "HTTP/1.1 200 OK"
2026-01-30 09:46:03,901 - INFO - HTTP Request: HEAD https://huggingface.co/sentence-transformers/all-MiniLM-L6-v2/resolve/main/sentence_bert_config.json "HTTP/1.1 307 Temporary Redirect"
2026-01-30 09:46:03,911 - INFO - HTTP Request: HEAD https://huggingface.co/api/resolve-cache/models/sentence-transformers/all-MiniLM-L6-v2/c9745ed1d9f207416be6d2e6f8de32d1f16199bf/sentence_bert_config.json "HTTP/1.1 200 OK"
2026-01-30 09:46:03,934 - INFO - HTTP Request: HEAD https://huggingface.co/sentence-transformers/all-MiniLM-L6-v2/resolve/main/adapter_config.json "HTTP/1.1 404 Not Found"
2026-01-30 09:46:03,951 - INFO - HTTP Request: HEAD https://huggingface.co/sentence-transformers/all-MiniLM-L6-v2/resolve/main/config.json "HTTP/1.1 307 Temporary Redirect"
2026-01-30 09:46:03,960 - INFO - HTTP Request: HEAD https://huggingface.co/api/resolve-cache/models/sentence-transformers/all-MiniLM-L6-v2/c9745ed1d9f207416be6d2e6f8de32d1f16199bf/config.json "HTTP/1.1 200 OK"
2026-01-30 09:46:04,096 - WARNING - BertModel LOAD REPORT from: sentence-transformers/all-MiniLM-L6-v2
Key                     | Status     |  | 
------------------------+------------+--+-
embeddings.position_ids | UNEXPECTED |  | 

Notes:
- UNEXPECTED	:can be ignored when loading from different task/architecture; not ok if you expect identical arch.
2026-01-30 09:46:04,126 - INFO - HTTP Request: HEAD https://huggingface.co/sentence-transformers/all-MiniLM-L6-v2/resolve/main/config.json "HTTP/1.1 307 Temporary Redirect"
2026-01-30 09:46:04,135 - INFO - HTTP Request: HEAD https://huggingface.co/api/resolve-cache/models/sentence-transformers/all-MiniLM-L6-v2/c9745ed1d9f207416be6d2e6f8de32d1f16199bf/config.json "HTTP/1.1 200 OK"
2026-01-30 09:46:04,155 - INFO - HTTP Request: HEAD https://huggingface.co/sentence-transformers/all-MiniLM-L6-v2/resolve/main/tokenizer_config.json "HTTP/1.1 307 Temporary Redirect"
2026-01-30 09:46:04,155 - WARNING - Warning: You are sending unauthenticated requests to the HF Hub. Please set a HF_TOKEN to enable higher rate limits and faster downloads.
2026-01-30 09:46:04,163 - INFO - HTTP Request: HEAD https://huggingface.co/api/resolve-cache/models/sentence-transformers/all-MiniLM-L6-v2/c9745ed1d9f207416be6d2e6f8de32d1f16199bf/tokenizer_config.json "HTTP/1.1 200 OK"
2026-01-30 09:46:04,189 - INFO - HTTP Request: GET https://huggingface.co/api/models/sentence-transformers/all-MiniLM-L6-v2/tree/main/additional_chat_templates?recursive=false&expand=false "HTTP/1.1 404 Not Found"
2026-01-30 09:46:04,217 - INFO - HTTP Request: GET https://huggingface.co/api/models/sentence-transformers/all-MiniLM-L6-v2/tree/main?recursive=true&expand=false "HTTP/1.1 200 OK"
2026-01-30 09:46:04,290 - INFO - HTTP Request: HEAD https://huggingface.co/sentence-transformers/all-MiniLM-L6-v2/resolve/main/1_Pooling/config.json "HTTP/1.1 307 Temporary Redirect"
2026-01-30 09:46:04,299 - INFO - HTTP Request: HEAD https://huggingface.co/api/resolve-cache/models/sentence-transformers/all-MiniLM-L6-v2/c9745ed1d9f207416be6d2e6f8de32d1f16199bf/1_Pooling%2Fconfig.json "HTTP/1.1 200 OK"
2026-01-30 09:46:04,340 - INFO - HTTP Request: GET https://huggingface.co/api/models/sentence-transformers/all-MiniLM-L6-v2 "HTTP/1.1 200 OK"
2026-01-30 09:46:04,344 - INFO - AI Model loaded successfully.
2026-01-30 09:46:04,344 - INFO - --- Scraper service started (CI Mode: Run Once) ---
2026-01-30 09:46:04,344 - INFO - --- Starting new scraping job (Parallel Mode) ---
2026-01-30 09:46:04,344 - INFO - Creating new robust session with 3 retries on 5xx/connection/read errors.
2026-01-30 09:46:04,344 - INFO - Proxy is DISABLED.
2026-01-30 09:46:04,344 - INFO - Starting scrape for BBC RSS feed: http://feeds.bbci.co.uk/news/world/rss.xml
2026-01-30 09:46:04,345 - INFO - [Times of India] (Thread) requires Selenium. Initializing driver...
2026-01-30 09:46:04,345 - INFO - Starting scrape for The Guardian RSS feed: https://www.theguardian.com/world/rss
2026-01-30 09:46:04,345 - INFO - [The Hindu] (Thread) requires Selenium. Initializing driver...
2026-01-30 09:46:04,345 - INFO - Submitted 4 jobs to thread pool. Waiting up to 300s for completion...
2026-01-30 09:46:04,548 - INFO - Found 45 articles in The Guardian RSS feed. Processing up to 30.
2026-01-30 09:46:04,548 - INFO - [The Guardian] Early skip: URL https://www.theguardian.com/world/2026/jan/29/gunfire-blasts-heard-airport-niamey-niger-planes-hit-reports already exists.
2026-01-30 09:46:04,669 - INFO - Found 26 articles in BBC RSS feed. Processing up to 30.
2026-01-30 09:46:04,813 - INFO - [BBC] Article: https://www.bbc.com/news/articles/c394ymdpjwvo?at_medium=RSS&at_campaign=rss
2026-01-30 09:46:04,813 - INFO - [The Guardian] Early skip: URL https://www.theguardian.com/world/2026/jan/26/hundreds-feared-dead-after-attempting-to-cross-mediterranean-amid-cyclone-harry already exists.
2026-01-30 09:46:04,813 - INFO - [BBC] Attempt 1/1: Trying with 'requests_browser' strategy...
2026-01-30 09:46:05,094 - INFO - [The Guardian] Early skip: URL https://www.theguardian.com/world/2026/jan/26/crocodile-warnings-floods-devastate-southern-africa already exists.
2026-01-30 09:46:05,235 - INFO - [The Guardian] Early skip: URL https://www.theguardian.com/world/2026/jan/23/guinea-bissau-hepatitis-b-vaccine-study already exists.
2026-01-30 09:46:05,368 - INFO - Selenium driver initialized successfully.
2026-01-30 09:46:05,369 - INFO - Starting scrape for The Hindu RSS feed: https://www.thehindu.com/news/national/feeder/default.rss
2026-01-30 09:46:05,371 - INFO - Selenium driver initialized successfully.
2026-01-30 09:46:05,371 - INFO - Starting scrape for Times of India RSS feed: https://timesofindia.indiatimes.com/rssfeeds/296589292.cms
2026-01-30 09:46:05,442 - INFO - [BBC] Success with 'requests_browser'. Found content (502 words).
2026-01-30 09:46:05,483 - INFO - [The Guardian] Early skip: URL https://www.theguardian.com/global-development/2026/jan/22/actionaid-rethink-child-sponsorship-decolonise-funding already exists.
2026-01-30 09:46:05,648 - INFO - Found 100 articles in The Hindu RSS feed. Processing up to 30.
2026-01-30 09:46:05,650 - INFO - Found 20 articles in Times of India RSS feed. Processing up to 30.
2026-01-30 09:46:45,746 - INFO - DEDUPLICATION: Found match (Score: 0.73). Linking to Cluster ID: 5ba52d80-f669-43c1-9830-278de1ba95df
2026-01-30 09:46:45,748 - INFO - Saved article: Trump says 'it would be great' if US 'didn't have to use' military force on Iran from BBC (502 words)
2026-01-30 09:46:45,749 - INFO - [The Hindu] Article: https://www.thehindu.com/news/national/karnataka/comedk-uget-for-engineering-seats-in-karnataka-on-may-9/article70569543.ece
2026-01-30 09:46:45,749 - INFO - [The Hindu] Attempt 1/1: Trying with 'selenium_browser' strategy...
2026-01-30 09:46:45,750 - INFO - [Times of India] Article: https://timesofindia.indiatimes.com/world/us/new-delhi-to-counter-china-us-panel-weighs-india-role-to-tilt-indo-pacific-power-balance/articleshow/127793084.cms
2026-01-30 09:46:45,750 - INFO - [Times of India] Attempt 1/1: Trying with 'selenium_browser' strategy...
2026-01-30 09:46:45,750 - INFO - [The Guardian] Early skip: URL https://www.theguardian.com/us-news/2026/jan/29/trump-tariffs-cuba-oil already exists.
2026-01-30 09:46:46,045 - INFO - [The Guardian] Early skip: URL https://www.theguardian.com/world/2026/jan/29/trump-reopens-commercial-airspace-venezuela already exists.
2026-01-30 09:46:46,260 - INFO - [The Guardian] Early skip: URL https://www.theguardian.com/world/2026/jan/29/david-eby-alberta-separatism-treason already exists.
2026-01-30 09:46:46,462 - INFO - [The Guardian] Early skip: URL https://www.theguardian.com/us-news/live/2026/jan/28/ilhan-omar-attack-trump-minneapolis-ecuador-embassy-rubio-venezuela-machado-iran-iraq-latest-news-updates already exists.
2026-01-30 09:46:46,687 - INFO - [The Guardian] Early skip: URL https://www.theguardian.com/world/2026/jan/28/can-venezuelas-delcy-rodriguez-become-a-latin-american-deng-xiaoping already exists.
2026-01-30 09:46:46,900 - INFO - [The Guardian] Early skip: URL https://www.theguardian.com/world/2026/jan/30/trump-dangerous-uk-china-starmer-xi-jinping-beijing already exists.
2026-01-30 09:46:47,088 - INFO - [The Guardian] Early skip: URL https://www.theguardian.com/world/2026/jan/30/palau-pacific-country-blocks-trump-migrant-deal already exists.
2026-01-30 09:46:47,329 - INFO - [The Guardian] Early skip: URL https://www.theguardian.com/politics/2026/jan/29/keir-starmer-opens-door-to-uk-visit-by-xi-jinping-after-bilateral-talks already exists.
2026-01-30 09:46:47,603 - INFO - [BBC] Early skip: URL https://www.bbc.com/news/articles/c4g4yj92kwro?at_medium=RSS&at_campaign=rss already exists.
2026-01-30 09:46:47,766 - INFO - [BBC] Early skip: URL https://www.bbc.com/news/articles/cvg1l8zgglpo?at_medium=RSS&at_campaign=rss already exists.
2026-01-30 09:46:48,044 - INFO - [BBC] Early skip: URL https://www.bbc.com/news/articles/c20gypw8enjo?at_medium=RSS&at_campaign=rss already exists.
2026-01-30 09:46:48,219 - INFO - [The Guardian] Early skip: URL https://www.theguardian.com/world/2026/jan/30/indonesia-sharia-law-woman-caned-140-times-faints already exists.
2026-01-30 09:46:48,494 - INFO - [The Guardian] Early skip: URL https://www.theguardian.com/politics/2026/jan/29/xi-didnt-really-see-a-point-to-keir-visit-but-hey-let-a-hundred-flowers-bloom already exists.
2026-01-30 09:46:48,659 - INFO - [The Guardian] Article: https://www.theguardian.com/australia-news/2026/jan/30/andrew-hastie-liberal-leadership-challenge-sussan-ley-angus-taylor-analysis
2026-01-30 09:46:48,659 - INFO - [The Guardian] Attempt 1/1: Trying with 'requests_browser' strategy...
2026-01-30 09:46:48,665 - INFO - [BBC] Article: https://www.bbc.com/news/articles/c23ryyrx40yo?at_medium=RSS&at_campaign=rss
2026-01-30 09:46:48,665 - INFO - [BBC] Attempt 1/1: Trying with 'requests_browser' strategy...
2026-01-30 09:46:48,772 - INFO - [BBC] Success with 'requests_browser'. Found content (462 words).
2026-01-30 09:46:48,832 - INFO - [The Guardian] Success with 'requests_browser'. Found content (679 words).
2026-01-30 09:46:53,841 - INFO - [The Hindu] Page content loaded.
2026-01-30 09:46:54,168 - INFO - [The Hindu] Success with 'selenium_browser'. Found content (177 words).
2026-01-30 09:47:05,027 - INFO - [Times of India] Page content loaded.
2026-01-30 09:47:05,317 - INFO - [Times of India] Success with 'selenium_browser'. Found content (596 words).
2026-01-30 09:47:39,247 - INFO - Saved article: Donald Trump sues IRS and US Treasury over leaked tax documents from BBC (462 words)
2026-01-30 09:48:23,261 - INFO - DEDUPLICATION: Found match (Score: 0.83). Linking to Cluster ID: e1f0be43-1a7e-491a-a097-f99b9c9d7c8c
2026-01-30 09:48:23,263 - INFO - Saved article: After feverish speculation, Andrew Hastie failed to mount a Liberal leadership challenge. So what now? | Andrew Hastie | The Guardian from The Guardian (679 words)
2026-01-30 09:49:07,359 - INFO - Saved article: COMEDK UGET for engineering seats in Karnataka on May 9 - The Hindu from The Hindu (177 words)
2026-01-30 09:49:54,566 - INFO - Saved article: New Delhi to counter China? US panel weighs India role to tilt Indo-Pacific power balance - The Times of India from Times of India (596 words)
2026-01-30 09:49:54,566 - INFO - [BBC] Early skip: URL https://www.bbc.com/news/articles/c4g0y6yp2vno?at_medium=RSS&at_campaign=rss already exists.
2026-01-30 09:49:54,761 - INFO - [The Guardian] Early skip: URL https://www.theguardian.com/australia-news/live/2026/jan/30/national-cabinet-meeting-ndis-health-funding-gun-buyback-scheme-anthony-albanese-mark-butler-labor-coalition-sussan-ley-ntwnfb already exists.
2026-01-30 09:49:54,960 - INFO - [The Hindu] Article: https://www.thehindu.com/news/national/tamil-nadu/tribal-women-in-tamil-nadus-vilankombai-seek-food-kits-amid-malnutrition-concerns/article70569284.ece
2026-01-30 09:49:54,960 - INFO - [The Hindu] Attempt 1/1: Trying with 'selenium_browser' strategy...
2026-01-30 09:49:54,961 - INFO - [BBC] Article: https://www.bbc.com/news/articles/czx1207757xo?at_medium=RSS&at_campaign=rss
2026-01-30 09:49:54,961 - INFO - [BBC] Attempt 1/1: Trying with 'requests_browser' strategy...
2026-01-30 09:49:54,963 - INFO - [The Guardian] Early skip: URL https://www.theguardian.com/australia-news/2026/jan/30/four-people-including-two-children-found-dead-in-perth-in-suspected-murder-suicide already exists.
2026-01-30 09:49:55,032 - INFO - [BBC] Success with 'requests_browser'. Found content (1323 words).
2026-01-30 09:49:55,084 - INFO - [The Guardian] Early skip: URL https://www.theguardian.com/australia-news/2026/jan/30/andrew-hastie-rules-out-challenging-sussan-ley-liberal-leadership already exists.
2026-01-30 09:49:55,277 - INFO - [The Guardian] Early skip: URL https://www.theguardian.com/australia-news/2026/jan/30/melbourne-professor-eric-descheemaeker-blak-activists-law-school-leaving-ntwnfb already exists.
2026-01-30 09:49:55,477 - INFO - [The Guardian] Article: https://www.theguardian.com/world/live/2026/jan/30/europe-ukraine-russia-eu-zelenskyy-latest-news-updates
2026-01-30 09:49:55,478 - INFO - [The Guardian] Attempt 1/1: Trying with 'requests_browser' strategy...
2026-01-30 09:49:56,115 - INFO - [The Guardian] Success with 'requests_browser'. Found content (706 words).
2026-01-30 09:49:57,120 - INFO - [The Hindu] Page content loaded.
2026-01-30 09:49:57,454 - INFO - [The Hindu] Success with 'selenium_browser'. Found content (413 words).
2026-01-30 09:50:39,289 - INFO - Saved article: Fela Kuti to receive Grammys Lifetime Achievement Award from BBC (1323 words)
2026-01-30 09:50:39,290 - INFO - [Times of India] Article: https://timesofindia.indiatimes.com/world/middle-east/54-days-of-deals-saudi-arabia-launches-massive-nationwide-ramadan-sales-season/articleshow/127795815.cms
2026-01-30 09:50:39,290 - INFO - [Times of India] Attempt 1/1: Trying with 'selenium_browser' strategy...
2026-01-30 09:50:44,181 - INFO - [Times of India] Page content loaded.
2026-01-30 09:50:44,479 - INFO - [Times of India] Success with 'selenium_browser'. Found content (356 words).
2026-01-30 09:51:04,346 - CRITICAL - --- TIMEOUT: 4 scrape jobs did not complete in 300s. ---
2026-01-30 09:51:04,346 - ERROR - A thread has timed out and will be abandoned.
2026-01-30 09:51:04,346 - ERROR - A thread has timed out and will be abandoned.
2026-01-30 09:51:04,346 - ERROR - A thread has timed out and will be abandoned.
2026-01-30 09:51:04,346 - ERROR - A thread has timed out and will be abandoned.
2026-01-30 09:51:04,346 - INFO - Shutting down thread pool (wait=False)...
2026-01-30 09:51:04,346 - INFO - Scraped: 4 Timed_Out_Jobs articles. (Total saved: 0)
2026-01-30 09:51:04,346 - INFO - --- Scraping job finished ---
2026-01-30 09:51:04,346 - INFO - --- Scraper service stopped and database connection closed. ---
2026-01-30 09:51:04,346 - INFO - --- Main thread finished. Forcing process exit to kill zombie threads. ---
