2025-12-13 05:46:51,545 - INFO - Loading AI Semantic Model (all-MiniLM-L6-v2)...
2025-12-13 05:46:51,545 - INFO - Use pytorch device_name: cpu
2025-12-13 05:46:51,545 - INFO - Load pretrained SentenceTransformer: all-MiniLM-L6-v2
2025-12-13 05:46:52,835 - INFO - AI Model loaded successfully.
2025-12-13 05:46:52,835 - INFO - --- Scraper service started (CI Mode: Run Once) ---
2025-12-13 05:46:52,835 - INFO - --- Starting new scraping job (Parallel Mode) ---
2025-12-13 05:46:52,835 - INFO - Creating new robust session with 3 retries on 5xx/connection/read errors.
2025-12-13 05:46:52,835 - INFO - Proxy is DISABLED.
2025-12-13 05:46:52,835 - INFO - Starting scrape for BBC RSS feed: http://feeds.bbci.co.uk/news/world/rss.xml
2025-12-13 05:46:52,836 - INFO - [Times of India] (Thread) requires Selenium. Initializing driver...
2025-12-13 05:46:52,837 - INFO - Starting scrape for The Guardian RSS feed: https://www.theguardian.com/world/rss
2025-12-13 05:46:52,838 - INFO - [The Hindu] (Thread) requires Selenium. Initializing driver...
2025-12-13 05:46:52,838 - INFO - Submitted 4 jobs to thread pool. Waiting up to 300s for completion...
2025-12-13 05:46:52,940 - INFO - Found 29 articles in BBC RSS feed. Processing up to 30.
2025-12-13 05:46:52,943 - INFO - [BBC] Early skip: URL https://www.bbc.com/news/articles/c0l9954yr9ko?at_medium=RSS&at_campaign=rss already exists.
2025-12-13 05:46:52,997 - INFO - Found 45 articles in The Guardian RSS feed. Processing up to 30.
2025-12-13 05:46:53,045 - INFO - [The Guardian] Early skip: URL https://www.theguardian.com/world/2025/dec/13/us-accuses-rwanda-of-violating-peace-deal already exists.
2025-12-13 05:46:53,323 - INFO - [BBC] Early skip: URL https://www.bbc.com/news/articles/crk777lj763o?at_medium=RSS&at_campaign=rss already exists.
2025-12-13 05:46:53,539 - INFO - [The Guardian] Early skip: URL https://www.theguardian.com/us-news/2025/dec/12/trump-ends-temporary-legal-status-ethiopia already exists.
2025-12-13 05:46:53,699 - INFO - [BBC] Early skip: URL https://www.bbc.com/news/articles/cd0kkyx3vvxo?at_medium=RSS&at_campaign=rss already exists.
2025-12-13 05:46:53,978 - INFO - [The Guardian] Early skip: URL https://www.theguardian.com/world/2025/dec/12/uk-sanctions-four-rsf-commanders-heinous-violence-against-sudan-civilians already exists.
2025-12-13 05:46:54,252 - INFO - [BBC] Early skip: URL https://www.bbc.com/news/articles/cqlkk9qk7vyo?at_medium=RSS&at_campaign=rss already exists.
2025-12-13 05:46:54,464 - INFO - [The Guardian] Early skip: URL https://www.theguardian.com/world/2025/dec/11/fate-of-11-nigerian-troops-unclear-after-unauthorised-plane-landing-in-burkina-faso already exists.
2025-12-13 05:46:54,601 - INFO - [BBC] Early skip: URL https://www.bbc.com/news/articles/c4gk34k9k23o?at_medium=RSS&at_campaign=rss already exists.
2025-12-13 05:46:54,717 - INFO - [The Guardian] Early skip: URL https://www.theguardian.com/world/2025/dec/10/burkina-faso-releases-nigerian-troops-unauthorised-emergency-landing already exists.
2025-12-13 05:46:55,001 - INFO - [BBC] Early skip: URL https://www.bbc.com/news/articles/c5y2271q20lo?at_medium=RSS&at_campaign=rss already exists.
2025-12-13 05:46:55,165 - INFO - [The Guardian] Early skip: URL https://www.theguardian.com/world/2025/dec/13/venezuela-oil-exports-reportedly-fall-sharply-after-us-seizure-of-tanker-skipper already exists.
2025-12-13 05:46:55,436 - INFO - [BBC] Early skip: URL https://www.bbc.com/news/articles/c5yjj2epvlro?at_medium=RSS&at_campaign=rss already exists.
2025-12-13 05:46:55,549 - INFO - [The Guardian] Early skip: URL https://www.theguardian.com/world/2025/dec/12/brazilian-judge-sanction-lifted-bolsonaro already exists.
2025-12-13 05:46:55,654 - INFO - [BBC] Early skip: URL https://www.bbc.com/news/articles/cvgrrnylzzyo?at_medium=RSS&at_campaign=rss already exists.
2025-12-13 05:46:55,776 - INFO - [The Guardian] Early skip: URL https://www.theguardian.com/world/2025/dec/12/colombia-eln-guerrilla-rebels-trump already exists.
2025-12-13 05:46:55,927 - INFO - [BBC] Early skip: URL https://www.bbc.com/news/articles/cly559exm87o?at_medium=RSS&at_campaign=rss already exists.
2025-12-13 05:46:56,074 - INFO - [The Guardian] Early skip: URL https://www.theguardian.com/world/2025/dec/12/canada-liberals-government-majority-conservative-michael-ma already exists.
2025-12-13 05:46:56,265 - INFO - [BBC] Early skip: URL https://www.bbc.com/news/articles/cm211xz0vl8o?at_medium=RSS&at_campaign=rss already exists.
2025-12-13 05:46:56,383 - INFO - [The Guardian] Early skip: URL https://www.theguardian.com/us-news/2025/dec/12/flood-water-rain-pacific-northwest-washington already exists.
2025-12-13 05:46:56,553 - INFO - [BBC] Early skip: URL https://www.bbc.com/news/articles/c1kpwmezkpdo?at_medium=RSS&at_campaign=rss already exists.
2025-12-13 05:46:56,791 - INFO - [The Guardian] Early skip: URL https://www.theguardian.com/world/2025/dec/13/north-korea-troops-cleared-landmines-russia-kim-jong-un already exists.
2025-12-13 05:46:56,920 - INFO - [BBC] Early skip: URL https://www.bbc.com/news/articles/cly555k8de3o?at_medium=RSS&at_campaign=rss already exists.
2025-12-13 05:46:57,130 - INFO - [The Guardian] Early skip: URL https://www.theguardian.com/world/2025/dec/12/thailand-and-cambodia-agree-to-restart-ceasefire-brokered-by-us-says-trump already exists.
2025-12-13 05:46:57,257 - INFO - [BBC] Early skip: URL https://www.bbc.com/news/articles/czxgnqx1yplo?at_medium=RSS&at_campaign=rss already exists.
2025-12-13 05:46:57,497 - INFO - [The Guardian] Early skip: URL https://www.theguardian.com/world/2025/dec/12/indonesia-floods-extinction-level-rare-orangutan-tapanuli already exists.
2025-12-13 05:46:57,694 - INFO - [BBC] Early skip: URL https://www.bbc.com/news/articles/c4g99kp897do?at_medium=RSS&at_campaign=rss already exists.
2025-12-13 05:46:57,855 - INFO - [The Guardian] Early skip: URL https://www.theguardian.com/world/2025/dec/12/south-korea-exam-chief-quits-after-complaints-english-test-was-too-hard already exists.
2025-12-13 05:46:58,076 - INFO - [BBC] Early skip: URL https://www.bbc.com/news/videos/cjwyy65ne62o?at_medium=RSS&at_campaign=rss already exists.
2025-12-13 05:46:58,254 - INFO - [The Guardian] Early skip: URL https://www.theguardian.com/technology/2025/dec/12/do-kwon-cryptocurrency-terraform-labs-co-founder-prison-fraud already exists.
2025-12-13 05:46:58,545 - INFO - [BBC] Early skip: URL https://www.bbc.com/news/articles/c3w792x0ggyo?at_medium=RSS&at_campaign=rss already exists.
2025-12-13 05:46:58,650 - INFO - [The Guardian] Early skip: URL https://www.theguardian.com/australia-news/2025/dec/13/will-other-countries-follow-australia-social-media-ban-under-16s already exists.
2025-12-13 05:46:58,920 - INFO - [BBC] Early skip: URL https://www.bbc.com/news/articles/c0q5504vv0ko?at_medium=RSS&at_campaign=rss already exists.
2025-12-13 05:46:59,191 - INFO - [The Guardian] Early skip: URL https://www.theguardian.com/australia-news/2025/dec/13/sydney-man-charged-with-threatening-to-kill-anika-wells-and-her-family-ntwnfb already exists.
2025-12-13 05:46:59,283 - INFO - Selenium driver initialized successfully.
2025-12-13 05:46:59,283 - INFO - Starting scrape for Times of India RSS feed: https://timesofindia.indiatimes.com/rssfeeds/296589292.cms
2025-12-13 05:46:59,284 - INFO - Selenium driver initialized successfully.
2025-12-13 05:46:59,284 - INFO - Starting scrape for The Hindu RSS feed: https://www.thehindu.com/news/national/feeder/default.rss
2025-12-13 05:46:59,360 - INFO - [BBC] Early skip: URL https://www.bbc.com/news/articles/c93w90kqgv9o?at_medium=RSS&at_campaign=rss already exists.
2025-12-13 05:46:59,390 - INFO - Found 100 articles in The Hindu RSS feed. Processing up to 30.
2025-12-13 05:46:59,399 - INFO - Found 20 articles in Times of India RSS feed. Processing up to 30.
2025-12-13 05:46:59,481 - INFO - [The Guardian] Early skip: URL https://www.theguardian.com/australia-news/2025/dec/13/bowen-says-turnbull-era-travel-expenses-rules-changed-to-simplify-them-despite-criticism-they-became-broader already exists.
2025-12-13 05:46:59,607 - INFO - [The Hindu] Article: https://www.thehindu.com/videos/kerala-local-body-election-political-fronts-on-edge-as-vote-counting-progresses/article70391606.ece
2025-12-13 05:46:59,607 - INFO - [The Hindu] Attempt 1/1: Trying with 'selenium_browser' strategy...
2025-12-13 05:46:59,608 - INFO - [Times of India] Article: https://timesofindia.indiatimes.com/world/europe/gatecrash-or-misrepresentation-did-pakistan-pm-shehbaz-sharif-interrupt-putins-closed-door-meeting-fact-check/articleshow/125943719.cms
2025-12-13 05:46:59,608 - INFO - [Times of India] Attempt 1/1: Trying with 'selenium_browser' strategy...
2025-12-13 05:46:59,609 - INFO - [BBC] Early skip: URL https://www.bbc.com/news/articles/cx2dp15zglxo?at_medium=RSS&at_campaign=rss already exists.
2025-12-13 05:46:59,860 - INFO - [The Guardian] Early skip: URL https://www.theguardian.com/australia-news/2025/dec/13/regis-resources-mining-aboriginal-heritage-protection-claims already exists.
2025-12-13 05:47:00,140 - INFO - [BBC] Early skip: URL https://www.bbc.com/news/articles/czrkkm83znpo?at_medium=RSS&at_campaign=rss already exists.
2025-12-13 05:47:00,353 - INFO - [BBC] Early skip: URL https://www.bbc.com/news/articles/c075mr3190mo?at_medium=RSS&at_campaign=rss already exists.
2025-12-13 05:47:00,560 - INFO - [BBC] Early skip: URL https://www.bbc.com/news/articles/c2lvplrxpe9o?at_medium=RSS&at_campaign=rss already exists.
2025-12-13 05:47:00,665 - INFO - [BBC] Early skip: URL https://www.bbc.com/news/articles/c4g990exxq4o?at_medium=RSS&at_campaign=rss already exists.
2025-12-13 05:47:00,903 - INFO - [The Guardian] Early skip: URL https://www.theguardian.com/australia-news/2025/dec/13/melbourne-west-gate-tunnel-opens-sunday already exists.
2025-12-13 05:47:01,150 - INFO - [The Guardian] Early skip: URL https://www.theguardian.com/world/2025/dec/12/eu-to-freeze-210bn-in-russian-assets-indefinitely already exists.
2025-12-13 05:47:01,346 - INFO - [BBC] Article: https://www.bbc.com/news/videos/cy0ppq8yye4o?at_medium=RSS&at_campaign=rss
2025-12-13 05:47:01,347 - INFO - [BBC] Attempt 1/1: Trying with 'requests_browser' strategy...
2025-12-13 05:47:01,347 - INFO - [The Guardian] Early skip: URL https://www.theguardian.com/world/live/2025/dec/12/von-der-leyen-trump-ukraine-belgium-russian-assets-starmer-latest-news-updates already exists.
2025-12-13 05:47:01,467 - INFO - [The Guardian] Early skip: URL https://www.theguardian.com/world/2025/dec/12/giorgia-meloni-atreju-brothers-of-italy-far-right already exists.
2025-12-13 05:47:01,640 - INFO - [The Guardian] Early skip: URL https://www.theguardian.com/business/2025/dec/12/eu-2035-petrol-diesel-car-ban-mep-green-deal already exists.
2025-12-13 05:47:01,659 - WARNING - [BBC] FAILED with 'requests_browser' (content was too short: 72 words).
2025-12-13 05:47:01,659 - ERROR - [BBC] All scrape strategies failed for https://www.bbc.com/news/videos/cy0ppq8yye4o?at_medium=RSS&at_campaign=rss. Falling back to RSS description.
2025-12-13 05:47:01,659 - WARNING - SKIPPED (GLOBAL WORD LIMIT): Article ''It was little kids': Taylor Swift breaks down as she talks of Southport attack' from BBC has only 19 words (Min: 90).
2025-12-13 05:47:01,805 - INFO - [The Guardian] Early skip: URL https://www.theguardian.com/world/2025/dec/11/us-wants-ukraine-to-withdraw-from-donbas-and-create-free-economic-zone-says-zelenskyy already exists.
2025-12-13 05:47:01,976 - INFO - [The Guardian] Early skip: URL https://www.theguardian.com/world/2025/dec/12/nobel-peace-prize-laureate-narges-mohammadi-arrested-iran already exists.
2025-12-13 05:47:02,086 - INFO - [The Guardian] Early skip: URL https://www.theguardian.com/tv-and-radio/2025/dec/11/nemo-eurovision-winner-2024-hand-back-trophy-protest-israel-taking-part-2025 already exists.
2025-12-13 05:47:02,310 - INFO - [The Guardian] Early skip: URL https://www.theguardian.com/global-development/2025/dec/11/child-bride-spared-execution-iran-blood-money-goli-kouhkan already exists.
2025-12-13 05:47:02,534 - INFO - [The Guardian] Early skip: URL https://www.theguardian.com/world/2025/dec/10/countries-push-to-return-syrians-home-fall-of-assad already exists.
2025-12-13 05:47:02,767 - INFO - [The Guardian] Early skip: URL https://www.theguardian.com/world/2025/dec/09/children-gaza-hospitalised-acute-malnutrition-un-says already exists.
2025-12-13 05:47:02,985 - INFO - [BBC] Early skip: URL https://www.bbc.com/news/videos/ce91de8x9p1o?at_medium=RSS&at_campaign=rss already exists.
2025-12-13 05:47:03,142 - INFO - [BBC] Article: https://www.bbc.com/news/videos/c898197j8nyo?at_medium=RSS&at_campaign=rss
2025-12-13 05:47:03,144 - INFO - [BBC] Attempt 1/1: Trying with 'requests_browser' strategy...
2025-12-13 05:47:03,530 - WARNING - [BBC] FAILED with 'requests_browser' (content was too short: 73 words).
2025-12-13 05:47:03,530 - ERROR - [BBC] All scrape strategies failed for https://www.bbc.com/news/videos/c898197j8nyo?at_medium=RSS&at_campaign=rss. Falling back to RSS description.
2025-12-13 05:47:03,531 - WARNING - SKIPPED (GLOBAL WORD LIMIT): Article 'Watch: Canadians and Americans on a social media ban for everyone under 16' from BBC has only 24 words (Min: 90).
2025-12-13 05:47:04,778 - INFO - [BBC] Article: https://www.bbc.com/news/videos/c74x0430vggo?at_medium=RSS&at_campaign=rss
2025-12-13 05:47:04,778 - INFO - [BBC] Attempt 1/1: Trying with 'requests_browser' strategy...
2025-12-13 05:47:05,514 - WARNING - [BBC] FAILED with 'requests_browser' (content was too short: 79 words).
2025-12-13 05:47:05,515 - ERROR - [BBC] All scrape strategies failed for https://www.bbc.com/news/videos/c74x0430vggo?at_medium=RSS&at_campaign=rss. Falling back to RSS description.
2025-12-13 05:47:05,515 - WARNING - SKIPPED (GLOBAL WORD LIMIT): Article 'Watch: Moment hiker is rescued from quicksand in Utah' from BBC has only 24 words (Min: 90).
2025-12-13 05:47:06,069 - INFO - [The Hindu] Page content loaded.
2025-12-13 05:47:06,322 - INFO - [The Hindu] Success with 'selenium_browser'. Found content (176 words).
2025-12-13 05:47:53,721 - INFO - DEDUPLICATION: Found match (Score: 0.84). Linking to Cluster ID: 874a8867-61c1-4e78-9775-9d8b09b78573
2025-12-13 05:47:53,723 - INFO - Saved article: Kerala local body election: Political fronts on edge as vote counting progresses - The Hindu from The Hindu (176 words)
2025-12-13 05:47:53,723 - INFO - [BBC] Early skip: URL https://www.bbc.com/news/videos/ceq1000742go?at_medium=RSS&at_campaign=rss already exists.
2025-12-13 05:47:53,849 - INFO - [BBC] Article: https://www.bbc.com/news/videos/cx2ey15l4zro?at_medium=RSS&at_campaign=rss
2025-12-13 05:47:53,849 - INFO - [BBC] Attempt 1/1: Trying with 'requests_browser' strategy...
2025-12-13 05:47:54,573 - WARNING - [BBC] FAILED with 'requests_browser' (content was too short: 74 words).
2025-12-13 05:47:54,573 - ERROR - [BBC] All scrape strategies failed for https://www.bbc.com/news/videos/cx2ey15l4zro?at_medium=RSS&at_campaign=rss. Falling back to RSS description.
2025-12-13 05:47:54,573 - WARNING - SKIPPED (GLOBAL WORD LIMIT): Article 'Moment skydiver's parachute wraps around plane tail' from BBC has only 16 words (Min: 90).
2025-12-13 05:47:55,116 - INFO - [The Hindu] Article: https://www.thehindu.com/news/national/intensity-ebbed-but-operation-sindoor-continues-says-cds-general-anil-chauhan/article70391533.ece
2025-12-13 05:47:55,116 - INFO - [The Hindu] Attempt 1/1: Trying with 'selenium_browser' strategy...
2025-12-13 05:47:57,629 - INFO - [The Hindu] Page content loaded.
2025-12-13 05:47:57,690 - INFO - [The Hindu] Success with 'selenium_browser'. Found content (414 words).
2025-12-13 05:48:38,987 - INFO - DEDUPLICATION: Found match (Score: 0.75). Linking to Cluster ID: 74b4aca0-79b0-44ac-836b-01ddb8027300
2025-12-13 05:48:38,991 - INFO - Saved article: Intensity ebbed but Operation Sindoor continues, says CDS General Anil Chauhan - The Hindu from The Hindu (414 words)
2025-12-13 05:48:40,334 - INFO - [The Hindu] Article: https://www.thehindu.com/news/national/maharashtra/bombay-hc-quashes-states-appointment-of-collector-as-administrator-of-shanishingnapurtemple-trust/article70389631.ece
2025-12-13 05:48:40,334 - INFO - [The Hindu] Attempt 1/1: Trying with 'selenium_browser' strategy...
2025-12-13 05:48:42,463 - INFO - [The Hindu] Page content loaded.
2025-12-13 05:48:42,536 - INFO - [The Hindu] Success with 'selenium_browser'. Found content (746 words).
2025-12-13 05:48:59,708 - ERROR - [Times of India] Request failed for strategy 'selenium_browser' on URL https://timesofindia.indiatimes.com/world/europe/gatecrash-or-misrepresentation-did-pakistan-pm-shehbaz-sharif-interrupt-putins-closed-door-meeting-fact-check/articleshow/125943719.cms: HTTPConnectionPool(host='localhost', port=36965): Read timed out. (read timeout=120)
2025-12-13 05:48:59,708 - ERROR - [Times of India] All scrape strategies failed for https://timesofindia.indiatimes.com/world/europe/gatecrash-or-misrepresentation-did-pakistan-pm-shehbaz-sharif-interrupt-putins-closed-door-meeting-fact-check/articleshow/125943719.cms. Falling back to RSS description.
2025-12-13 05:48:59,709 - WARNING - SKIPPED (GLOBAL WORD LIMIT): Article 'Gatecrash or misrepresentation? Did Pakistan PM Shehbaz Sharif interrupt Putin's closed-door meeting? Fact check' from Times of India has only 57 words (Min: 90).
2025-12-13 05:49:19,975 - INFO - Saved article: Bombay HC quashes State’s appointment of collector as administrator of Shani Shingnapur Temple Trust - The Hindu from The Hindu (746 words)
2025-12-13 05:49:19,976 - INFO - [Times of India] Article: https://timesofindia.indiatimes.com/world/south-asia/karkis-interim-govt-gets-4-new-ministers/articleshow/125943957.cms
2025-12-13 05:49:19,976 - INFO - [Times of India] Attempt 1/1: Trying with 'selenium_browser' strategy...
2025-12-13 05:49:20,856 - INFO - [The Hindu] Article: https://www.thehindu.com/news/cities/mumbai/bombay-high-court-stops-three-financial-firms-from-using-fedex-name/article70389092.ece
2025-12-13 05:49:20,856 - INFO - [The Hindu] Attempt 1/1: Trying with 'selenium_browser' strategy...
2025-12-13 05:49:21,918 - INFO - [The Hindu] Page content loaded.
2025-12-13 05:49:22,237 - INFO - [The Hindu] Success with 'selenium_browser'. Found content (489 words).
2025-12-13 05:49:59,744 - INFO - Saved article: Bombay High Court stops three financial firms from using ‘Fedex’ name - The Hindu from The Hindu (489 words)
2025-12-13 05:50:00,429 - INFO - [The Hindu] Early skip: URL https://www.thehindu.com/news/national/maharashtra/pune-land-deal-row-revenue-officials-should-have-refused-faulty-registrations-says-maharashtra-deputy-cm-ajit-pawar/article70391534.ece already exists.
2025-12-13 05:50:00,639 - INFO - [The Hindu] Early skip: URL https://www.thehindu.com/news/cities/Delhi/delhi-chokes-as-aqi-nears-severe-level/article70391538.ece already exists.
2025-12-13 05:50:00,935 - INFO - [The Hindu] Early skip: URL https://www.thehindu.com/news/cities/Kochi/kerala-local-body-polls-result-in-ernakulam-update-on-december-13-2025/article70391546.ece already exists.
2025-12-13 05:50:01,201 - INFO - [The Hindu] Early skip: URL https://www.thehindu.com/news/national/punjab/navjot-kaur-asks-cm-mann-to-provide-her-security/article70391539.ece already exists.
2025-12-13 05:50:01,356 - INFO - [The Hindu] Article: https://www.thehindu.com/news/national/west-bengal/hefty-price-for-lionel-messi-event-ticket-west-bengal-governor-seeks-report/article70391527.ece
2025-12-13 05:50:01,356 - INFO - [The Hindu] Attempt 1/1: Trying with 'selenium_browser' strategy...
2025-12-13 05:50:02,259 - INFO - [The Hindu] Page content loaded.
2025-12-13 05:50:02,333 - INFO - [The Hindu] Success with 'selenium_browser'. Found content (434 words).
2025-12-13 05:50:39,543 - INFO - Saved article: ‘Hefty’ price for Lionel Messi event ticket; West Bengal Governor seeks report - The Hindu from The Hindu (434 words)
2025-12-13 05:50:40,403 - INFO - [The Hindu] Early skip: URL https://www.thehindu.com/news/cities/Hyderabad/rahul-gandhi-to-meet-lionel-messi-in-hyderabad/article70391488.ece already exists.
2025-12-13 05:50:40,643 - INFO - [The Hindu] Early skip: URL https://www.thehindu.com/news/cities/Delhi/unesco-meet-in-india-ends-on-saturday-china-to-play-host-to-ich-panel-session-next-year/article70391455.ece already exists.
2025-12-13 05:50:40,867 - INFO - [The Hindu] Early skip: URL https://www.thehindu.com/news/national/uttarakhand/ucc-anti-conversion-land-laws-in-dhami-government-booklet-on-completion-of-4-years/article70391461.ece already exists.
2025-12-13 05:50:41,150 - INFO - [The Hindu] Early skip: URL https://www.thehindu.com/news/national/maharashtra/14526-children-died-in-last-three-years-in-maharashtra-state-health-minister/article70388890.ece already exists.
2025-12-13 05:50:41,365 - INFO - [The Hindu] Early skip: URL https://www.thehindu.com/news/national/kerala/kerala-local-body-polls-2025-results-live-updates/article70391419.ece already exists.
2025-12-13 05:50:41,526 - INFO - [The Hindu] Early skip: URL https://www.thehindu.com/news/national/kerala/kerala-local-body-polls-2025-results/article70391414.ece already exists.
2025-12-13 05:50:41,710 - INFO - [The Hindu] Early skip: URL https://www.thehindu.com/news/national/jammu-and-kashmir/from-jama-masjid-pulpit-mirwaiz-seeks-end-to-practice-of-arresting-leaders-in-decades-old-cases/article70389053.ece already exists.
2025-12-13 05:50:41,826 - INFO - [The Hindu] Early skip: URL https://www.thehindu.com/news/national/jammu-and-kashmir/jk-l-g-hands-over-appointment-letters-to-kin-of-nowgam-blast-victims/article70389147.ece already exists.
2025-12-13 05:50:42,033 - INFO - [The Hindu] Early skip: URL https://www.thehindu.com/news/national/punjab/bjp-leader-amarinder-singh-calls-bjp-rigid-praises-congresss-flexibility/article70389337.ece already exists.
2025-12-13 05:50:42,149 - INFO - [The Hindu] Early skip: URL https://www.thehindu.com/news/national/madhya-pradesh/mohan-yadav-says-elimination-of-maoism-his-biggest-feat-congress-rakes-up-farmer-issues-debt/article70389513.ece already exists.
2025-12-13 05:50:42,296 - INFO - [The Hindu] Early skip: URL https://www.thehindu.com/opinion/op-ed/goa-nightclub-fire-the-party-that-took-a-tragic-turn/article70389933.ece already exists.
2025-12-13 05:50:42,466 - INFO - [The Hindu] Early skip: URL https://www.thehindu.com/news/national/chhattisgarh/need-to-take-development-to-maoist-affected-areas-says-cm-sai/article70389879.ece already exists.
2025-12-13 05:50:42,714 - INFO - [The Hindu] Early skip: URL https://www.thehindu.com/news/national/very-optimistic-india-on-possibility-of-sealing-trade-deal-with-oman-during-pm-modis-visit/article70390362.ece already exists.
2025-12-13 05:50:42,834 - INFO - [The Hindu] Early skip: URL https://www.thehindu.com/news/national/west-bengal/kolkata-gears-up-for-messis-goat-india-tour/article70388734.ece already exists.
2025-12-13 05:50:43,106 - INFO - [The Hindu] Early skip: URL https://www.thehindu.com/news/national/rajasthan/70-of-poll-promises-fulfilled-in-two-years-says-rajasthan-cm/article70389426.ece already exists.
2025-12-13 05:50:43,245 - INFO - [The Hindu] Early skip: URL https://www.thehindu.com/news/national/maharashtra/central-funds-forjaljeevanmission-pending-since-oct-2024-maharashtra-minister-tells-assembly/article70389390.ece already exists.
2025-12-13 05:50:43,409 - INFO - [The Hindu] Early skip: URL https://www.thehindu.com/news/national/chhattisgarh/congress-to-boycott-first-day-of-chhattisgarh-assembly-session-lop-mahant/article70390192.ece already exists.
2025-12-13 05:50:43,688 - INFO - [The Hindu] Early skip: URL https://www.thehindu.com/news/national/tamil-nadu/around-10-mous-to-be-signed-at-uef-trade-summit-2025/article70389814.ece already exists.
2025-12-13 05:50:43,826 - INFO - [The Hindu] Early skip: URL https://www.thehindu.com/news/national/tamil-nadu/ramadoss-appeals-to-cm-to-conduct-caste-census/article70388874.ece already exists.
2025-12-13 05:50:43,981 - INFO - [The Hindu] Early skip: URL https://www.thehindu.com/news/national/kerala/key-fronts-eagerly-await-electoral-outcomes-in-municipalities-across-ernakulam/article70388922.ece already exists.
2025-12-13 05:50:44,230 - INFO - [The Hindu] Early skip: URL https://www.thehindu.com/news/national/tamil-nadu/state-level-ncc-fest-at-dg-vaishnav-college-gets-underway/article70389662.ece already exists.
2025-12-13 05:50:44,418 - INFO - [The Hindu] (Thread) Finished. Attempting to shut down its Selenium driver.
2025-12-13 05:50:44,563 - INFO - [The Hindu] (Thread) driver.quit() successful.
2025-12-13 05:51:20,077 - ERROR - [Times of India] Request failed for strategy 'selenium_browser' on URL https://timesofindia.indiatimes.com/world/south-asia/karkis-interim-govt-gets-4-new-ministers/articleshow/125943957.cms: HTTPConnectionPool(host='localhost', port=36965): Read timed out. (read timeout=120)
2025-12-13 05:51:20,077 - ERROR - [Times of India] All scrape strategies failed for https://timesofindia.indiatimes.com/world/south-asia/karkis-interim-govt-gets-4-new-ministers/articleshow/125943957.cms. Falling back to RSS description.
2025-12-13 05:51:20,077 - WARNING - SKIPPED (GLOBAL WORD LIMIT): Article 'Karki’s interim govt gets 4 new ministers' from Times of India has only 3 words (Min: 90).
2025-12-13 05:51:20,679 - INFO - [Times of India] Article: https://timesofindia.indiatimes.com/world/south-asia/anti-graft-protests-caused-loss-of-586m-says-nepal/articleshow/125943949.cms
2025-12-13 05:51:20,679 - INFO - [Times of India] Attempt 1/1: Trying with 'selenium_browser' strategy...
2025-12-13 05:51:52,839 - CRITICAL - --- TIMEOUT: 1 scrape jobs did not complete in 300s. ---
2025-12-13 05:51:52,839 - ERROR - A thread has timed out and will be abandoned.
2025-12-13 05:51:52,839 - INFO - Shutting down thread pool (wait=False)...
2025-12-13 05:51:52,839 - INFO - Scraped: 0 The Guardian, 0 BBC, 5 The Hindu, 1 Timed_Out_Jobs articles. (Total saved: 5)
2025-12-13 05:51:52,839 - INFO - --- Scraping job finished ---
2025-12-13 05:51:52,840 - INFO - --- Scraper service stopped and database connection closed. ---
2025-12-13 05:51:52,840 - INFO - --- Main thread finished. Forcing process exit to kill zombie threads. ---
