2025-12-21 08:32:37,432 - INFO - Loading AI Semantic Model (all-MiniLM-L6-v2)...
2025-12-21 08:32:37,432 - INFO - Use pytorch device_name: cpu
2025-12-21 08:32:37,432 - INFO - Load pretrained SentenceTransformer: all-MiniLM-L6-v2
2025-12-21 08:32:38,253 - INFO - AI Model loaded successfully.
2025-12-21 08:32:38,253 - INFO - --- Scraper service started (CI Mode: Run Once) ---
2025-12-21 08:32:38,253 - INFO - --- Starting new scraping job (Parallel Mode) ---
2025-12-21 08:32:38,253 - INFO - Creating new robust session with 3 retries on 5xx/connection/read errors.
2025-12-21 08:32:38,253 - INFO - Proxy is DISABLED.
2025-12-21 08:32:38,254 - INFO - Starting scrape for BBC RSS feed: http://feeds.bbci.co.uk/news/world/rss.xml
2025-12-21 08:32:38,255 - INFO - [Times of India] (Thread) requires Selenium. Initializing driver...
2025-12-21 08:32:38,255 - INFO - Starting scrape for The Guardian RSS feed: https://www.theguardian.com/world/rss
2025-12-21 08:32:38,256 - INFO - [The Hindu] (Thread) requires Selenium. Initializing driver...
2025-12-21 08:32:38,257 - INFO - Submitted 4 jobs to thread pool. Waiting up to 300s for completion...
2025-12-21 08:32:38,472 - INFO - Found 45 articles in The Guardian RSS feed. Processing up to 30.
2025-12-21 08:32:38,473 - INFO - [The Guardian] Early skip: URL https://www.theguardian.com/society/2025/dec/19/hepatitis-b-vaccine-study-guinea-bissau-rfk already exists.
2025-12-21 08:32:38,556 - INFO - Found 24 articles in BBC RSS feed. Processing up to 30.
2025-12-21 08:32:38,722 - INFO - [BBC] Early skip: URL https://www.bbc.com/news/articles/c5ydzl0nwqeo?at_medium=RSS&at_campaign=rss already exists.
2025-12-21 08:32:38,887 - INFO - [The Guardian] Early skip: URL https://www.theguardian.com/global-development/2025/dec/19/colombian-mercenaries-sudan-rsf-us-sanctions-recruited-uk-registered-firms-investigation already exists.
2025-12-21 08:32:39,168 - INFO - [BBC] Early skip: URL https://www.bbc.com/news/articles/c79xyxdpzrxo?at_medium=RSS&at_campaign=rss already exists.
2025-12-21 08:32:39,285 - INFO - [The Guardian] Early skip: URL https://www.theguardian.com/global-development/2025/dec/18/morocco-genz212-protests-police-mass-arrests-beatings-detentions-rights already exists.
2025-12-21 08:32:39,535 - INFO - [BBC] Early skip: URL https://www.bbc.com/news/articles/c0mpy1ynnzzo?at_medium=RSS&at_campaign=rss already exists.
2025-12-21 08:32:39,639 - INFO - [The Guardian] Early skip: URL https://www.theguardian.com/world/2025/dec/16/five-key-moments-in-the-assault-on-the-rights-of-women-and-girls-in-2025 already exists.
2025-12-21 08:32:39,904 - INFO - [BBC] Early skip: URL https://www.bbc.com/news/articles/cm20ppy0rreo?at_medium=RSS&at_campaign=rss already exists.
2025-12-21 08:32:40,164 - INFO - [The Guardian] Early skip: URL https://www.theguardian.com/world/2025/dec/16/south-africa-russia-men-tricked-fighting-ukraine already exists.
2025-12-21 08:32:40,426 - INFO - [BBC] Early skip: URL https://www.bbc.com/news/articles/c14vy02847vo?at_medium=RSS&at_campaign=rss already exists.
2025-12-21 08:32:40,709 - INFO - [The Guardian] Early skip: URL https://www.theguardian.com/us-news/2025/dec/20/us-second-merchant-vessel-venezuela already exists.
2025-12-21 08:32:40,814 - INFO - [BBC] Early skip: URL https://www.bbc.com/news/articles/c9qe2yln2nlo?at_medium=RSS&at_campaign=rss already exists.
2025-12-21 08:32:40,972 - INFO - [BBC] Early skip: URL https://www.bbc.com/news/articles/c5y9z0g7lleo?at_medium=RSS&at_campaign=rss already exists.
2025-12-21 08:32:41,110 - INFO - [The Guardian] Early skip: URL https://www.theguardian.com/us-news/2025/dec/19/trump-venezuela-war already exists.
2025-12-21 08:32:41,366 - INFO - [BBC] Early skip: URL https://www.bbc.com/news/articles/c8r38ne1x2mo?at_medium=RSS&at_campaign=rss already exists.
2025-12-21 08:32:41,619 - INFO - [The Guardian] Early skip: URL https://www.theguardian.com/world/2025/dec/19/montreal-grocery-store-santas-elves-robbery already exists.
2025-12-21 08:32:41,788 - INFO - [BBC] Early skip: URL https://www.bbc.com/news/articles/c62vx2pgl0eo?at_medium=RSS&at_campaign=rss already exists.
2025-12-21 08:32:42,066 - INFO - [The Guardian] Early skip: URL https://www.theguardian.com/world/2025/dec/19/colombia-eln-guerrilla-group-attack-military-base already exists.
2025-12-21 08:32:42,217 - INFO - [BBC] Early skip: URL https://www.bbc.com/news/articles/c5yq7zzw618o?at_medium=RSS&at_campaign=rss already exists.
2025-12-21 08:32:42,335 - INFO - [The Guardian] Early skip: URL https://www.theguardian.com/world/2025/dec/19/i-cant-think-of-a-place-more-pristine-133000-hectares-of-chilean-patagonia-preserved-after-local-fundraising already exists.
2025-12-21 08:32:42,584 - INFO - [BBC] Early skip: URL https://www.bbc.com/news/articles/cp89p082y2xo?at_medium=RSS&at_campaign=rss already exists.
2025-12-21 08:32:42,766 - INFO - [The Guardian] Early skip: URL https://www.theguardian.com/world/2025/dec/19/mass-stabbing-tapei already exists.
2025-12-21 08:32:42,989 - INFO - [BBC] Early skip: URL https://www.bbc.com/news/articles/cx251p7k23mo?at_medium=RSS&at_campaign=rss already exists.
2025-12-21 08:32:43,258 - INFO - [The Guardian] Early skip: URL https://www.theguardian.com/technology/2025/dec/19/uk-foreign-office-victim-cyber-attack-october- already exists.
2025-12-21 08:32:43,441 - INFO - [BBC] Early skip: URL https://www.bbc.com/news/articles/c5yqr485d84o?at_medium=RSS&at_campaign=rss already exists.
2025-12-21 08:32:43,668 - INFO - [The Guardian] Early skip: URL https://www.theguardian.com/technology/2025/dec/18/tiktok-signs-deal-us-entity-sale already exists.
2025-12-21 08:32:43,889 - INFO - [BBC] Early skip: URL https://www.bbc.com/news/articles/c4gp4v32z0lo?at_medium=RSS&at_campaign=rss already exists.
2025-12-21 08:32:44,057 - INFO - [The Guardian] Early skip: URL https://www.theguardian.com/world/2025/dec/19/south-korean-president-urges-public-health-cover-hair-loss already exists.
2025-12-21 08:32:44,259 - INFO - [BBC] Early skip: URL https://www.bbc.com/news/articles/c8dy8r7lq0go?at_medium=RSS&at_campaign=rss already exists.
2025-12-21 08:32:44,413 - INFO - [The Guardian] Early skip: URL https://www.theguardian.com/world/2025/dec/18/us-announces-more-than-10bn-of-arms-sales-to-taiwan already exists.
2025-12-21 08:32:44,535 - INFO - [BBC] Early skip: URL https://www.bbc.com/news/articles/c5y9ed5d1r4o?at_medium=RSS&at_campaign=rss already exists.
2025-12-21 08:32:44,644 - INFO - [The Guardian] Early skip: URL https://www.theguardian.com/australia-news/live/2025/dec/21/bondi-beach-terror-attack-one-week-anniversary-day-of-reflection-reactions-sydney-vigil-memorial-nsw-protest-laws-police-powers-anthony-albanese-labor-sussan-ley-coalition-ntwnfb already exists.
2025-12-21 08:32:44,836 - INFO - [BBC] Early skip: URL https://www.bbc.com/news/articles/c5y27ekr26xo?at_medium=RSS&at_campaign=rss already exists.
2025-12-21 08:32:45,040 - INFO - [The Guardian] Early skip: URL https://www.theguardian.com/australia-news/2025/dec/21/albanese-announces-review-of-intelligence-and-policing-processes-in-lead-up-to-bondi-beach-attack-ntwnfb already exists.
2025-12-21 08:32:45,334 - INFO - [BBC] Early skip: URL https://www.bbc.com/news/articles/cedx6vn5202o?at_medium=RSS&at_campaign=rss already exists.
2025-12-21 08:32:45,606 - INFO - [BBC] Early skip: URL https://www.bbc.com/news/articles/cwyp8erjp82o?at_medium=RSS&at_campaign=rss already exists.
2025-12-21 08:32:45,786 - INFO - [The Guardian] Early skip: URL https://www.theguardian.com/australia-news/2025/dec/21/bom-christmas-weather-forecast-perth-brisbane-melbourne-sydney-adelaide-hobart-darwin-canberra already exists.
2025-12-21 08:32:46,041 - INFO - [BBC] Early skip: URL https://www.bbc.com/news/videos/cn7kpnjnmklo?at_medium=RSS&at_campaign=rss already exists.
2025-12-21 08:32:46,228 - INFO - [The Guardian] Early skip: URL https://www.theguardian.com/australia-news/2025/dec/21/gun-law-reform-after-port-arthur-national-forearms-register-ntwnfb already exists.
2025-12-21 08:32:46,524 - INFO - [BBC] Article: https://www.bbc.com/news/videos/cj01pdve7rpo?at_medium=RSS&at_campaign=rss
2025-12-21 08:32:46,524 - INFO - [BBC] Attempt 1/1: Trying with 'requests_browser' strategy...
2025-12-21 08:32:46,525 - INFO - [The Guardian] Early skip: URL https://www.theguardian.com/australia-news/2025/dec/20/lithium-battery-fire-on-truck-shuts-down-hume-highway-in-nsw-due-to-health-risk already exists.
2025-12-21 08:32:46,790 - INFO - [The Guardian] Early skip: URL https://www.theguardian.com/world/2025/dec/21/denmark-postnord-postal-delivery-letters-society already exists.
2025-12-21 08:32:46,859 - WARNING - [BBC] FAILED with 'requests_browser' (content was too short: 80 words).
2025-12-21 08:32:46,859 - ERROR - [BBC] All scrape strategies failed for https://www.bbc.com/news/videos/cj01pdve7rpo?at_medium=RSS&at_campaign=rss. Falling back to RSS description.
2025-12-21 08:32:46,859 - WARNING - SKIPPED (GLOBAL WORD LIMIT): Article 'Putin tells BBC Western leaders deceived Russia' from BBC has only 21 words (Min: 90).
2025-12-21 08:32:46,988 - INFO - [The Guardian] Early skip: URL https://www.theguardian.com/world/2025/dec/21/spain-ruling-party-regional-poll-extremadura-pedro-sanchez already exists.
2025-12-21 08:32:47,228 - INFO - [The Guardian] Early skip: URL https://www.theguardian.com/politics/2025/dec/20/uk-aid-cuts-take-40-from-funds-to-counter-russian-threat-in-western-balkans already exists.
2025-12-21 08:32:47,524 - INFO - [The Guardian] Early skip: URL https://www.theguardian.com/world/2025/dec/20/brussels-bike-ban-plan-for-pedestrian-zone-dangerous-and-absurd already exists.
2025-12-21 08:32:47,696 - INFO - [BBC] Early skip: URL https://www.bbc.com/news/videos/cly5p1vkm39o?at_medium=RSS&at_campaign=rss already exists.
2025-12-21 08:32:47,890 - INFO - [The Guardian] Early skip: URL https://www.theguardian.com/world/live/2025/dec/19/ukraine-war-live-zelenskyy-european-union-agreement-90bn-loan-deal-kyiv already exists.
2025-12-21 08:32:48,005 - INFO - [BBC] Article: https://www.bbc.com/news/videos/c5yje8pvg8jo?at_medium=RSS&at_campaign=rss
2025-12-21 08:32:48,006 - INFO - [BBC] Attempt 1/1: Trying with 'requests_browser' strategy...
2025-12-21 08:32:48,007 - INFO - [The Guardian] Early skip: URL https://www.theguardian.com/world/2025/dec/20/israeli-troops-kill-palestinians-sheltering-in-gaza-school-hospital-chiefs already exists.
2025-12-21 08:32:48,053 - WARNING - [BBC] FAILED with 'requests_browser' (content was too short: 74 words).
2025-12-21 08:32:48,054 - ERROR - [BBC] All scrape strategies failed for https://www.bbc.com/news/videos/c5yje8pvg8jo?at_medium=RSS&at_campaign=rss. Falling back to RSS description.
2025-12-21 08:32:48,054 - WARNING - SKIPPED (GLOBAL WORD LIMIT): Article 'What does TikTok's deal mean for America's users?' from BBC has only 21 words (Min: 90).
2025-12-21 08:32:48,190 - INFO - [The Guardian] Early skip: URL https://www.theguardian.com/world/2025/dec/19/gaza-famine-hunger-food-shortages-winter-flooding-un already exists.
2025-12-21 08:32:48,369 - INFO - [The Guardian] Early skip: URL https://www.theguardian.com/global-development/2025/dec/19/gaza-phd-student-manar-al-houbi-granted-access-to-uk-but-others-remain-stranded already exists.
2025-12-21 08:32:48,642 - INFO - [The Guardian] Early skip: URL https://www.theguardian.com/global-development/2025/dec/19/iranian-boxing-champion-mohammad-javad-vafaei-sani-risk-of-execution-retrial-request-rejected already exists.
2025-12-21 08:32:48,935 - INFO - [The Guardian] Early skip: URL https://www.theguardian.com/world/2025/dec/18/rainfall-iran-hormuz-island-red-beach already exists.
2025-12-21 08:32:49,235 - INFO - [BBC] Early skip: URL https://www.bbc.com/news/videos/cjdrpx4yjv5o?at_medium=RSS&at_campaign=rss already exists.
2025-12-21 08:32:51,508 - INFO - Selenium driver initialized successfully.
2025-12-21 08:32:51,508 - INFO - Starting scrape for Times of India RSS feed: https://timesofindia.indiatimes.com/rssfeeds/296589292.cms
2025-12-21 08:32:51,509 - INFO - Selenium driver initialized successfully.
2025-12-21 08:32:51,509 - INFO - Starting scrape for The Hindu RSS feed: https://www.thehindu.com/news/national/feeder/default.rss
2025-12-21 08:32:51,682 - INFO - Found 100 articles in The Hindu RSS feed. Processing up to 30.
2025-12-21 08:32:51,683 - INFO - [The Hindu] Article: https://www.thehindu.com/news/national/assam/pm-narendra-modi-two-day-visit-to-assam/article70422295.ece
2025-12-21 08:32:51,683 - INFO - [The Hindu] Attempt 1/1: Trying with 'selenium_browser' strategy...
2025-12-21 08:32:51,805 - INFO - Found 20 articles in Times of India RSS feed. Processing up to 30.
2025-12-21 08:32:51,806 - INFO - [Times of India] Article: https://timesofindia.indiatimes.com/world/middle-east/uae-becomes-second-country-to-approve-gene-therapy-itvisma-for-spinal-muscular-atrophy/articleshow/126103321.cms
2025-12-21 08:32:51,806 - INFO - [Times of India] Attempt 1/1: Trying with 'selenium_browser' strategy...
2025-12-21 08:34:51,782 - ERROR - [The Hindu] Request failed for strategy 'selenium_browser' on URL https://www.thehindu.com/news/national/assam/pm-narendra-modi-two-day-visit-to-assam/article70422295.ece: HTTPConnectionPool(host='localhost', port=46533): Read timed out. (read timeout=120)
2025-12-21 08:34:51,782 - ERROR - [The Hindu] All scrape strategies failed for https://www.thehindu.com/news/national/assam/pm-narendra-modi-two-day-visit-to-assam/article70422295.ece. Falling back to RSS description.
2025-12-21 08:34:51,783 - WARNING - SKIPPED (GLOBAL WORD LIMIT): Article 'PM lays foundation stone of ₹10,601-crore fertiliser plant in Assam's Dibrugarh' from The Hindu has only 29 words (Min: 90).
2025-12-21 08:34:51,907 - ERROR - [Times of India] Request failed for strategy 'selenium_browser' on URL https://timesofindia.indiatimes.com/world/middle-east/uae-becomes-second-country-to-approve-gene-therapy-itvisma-for-spinal-muscular-atrophy/articleshow/126103321.cms: HTTPConnectionPool(host='localhost', port=57553): Read timed out. (read timeout=120)
2025-12-21 08:34:51,907 - ERROR - [Times of India] All scrape strategies failed for https://timesofindia.indiatimes.com/world/middle-east/uae-becomes-second-country-to-approve-gene-therapy-itvisma-for-spinal-muscular-atrophy/articleshow/126103321.cms. Falling back to RSS description.
2025-12-21 08:34:51,907 - WARNING - SKIPPED (GLOBAL WORD LIMIT): Article 'UAE becomes second country to approve gene therapy Itvisma for spinal muscular atrophy' from Times of India has only 58 words (Min: 90).
2025-12-21 08:34:52,914 - INFO - [The Hindu] Article: https://www.thehindu.com/news/cities/Delhi/dense-fog-delhi-airport-flights-cancelled-delayed-on-december-21-2025/article70422277.ece
2025-12-21 08:34:52,914 - INFO - [The Hindu] Attempt 1/1: Trying with 'selenium_browser' strategy...
2025-12-21 08:34:53,267 - INFO - [Times of India] Article: https://timesofindia.indiatimes.com/world/middle-east/saudi-ministry-of-interior-launches-special-stamp-to-celebrate-world-arabic-language-day/articleshow/126103360.cms
2025-12-21 08:34:53,268 - INFO - [Times of India] Attempt 1/1: Trying with 'selenium_browser' strategy...
2025-12-21 08:36:52,998 - ERROR - [The Hindu] Request failed for strategy 'selenium_browser' on URL https://www.thehindu.com/news/cities/Delhi/dense-fog-delhi-airport-flights-cancelled-delayed-on-december-21-2025/article70422277.ece: HTTPConnectionPool(host='localhost', port=46533): Read timed out. (read timeout=120)
2025-12-21 08:36:52,998 - ERROR - [The Hindu] All scrape strategies failed for https://www.thehindu.com/news/cities/Delhi/dense-fog-delhi-airport-flights-cancelled-delayed-on-december-21-2025/article70422277.ece. Falling back to RSS description.
2025-12-21 08:36:52,998 - WARNING - SKIPPED (GLOBAL WORD LIMIT): Article 'Delhi airport: 97 flights cancelled, over 200 services delayed due to fog' from The Hindu has only 30 words (Min: 90).
2025-12-21 08:36:53,368 - ERROR - [Times of India] Request failed for strategy 'selenium_browser' on URL https://timesofindia.indiatimes.com/world/middle-east/saudi-ministry-of-interior-launches-special-stamp-to-celebrate-world-arabic-language-day/articleshow/126103360.cms: HTTPConnectionPool(host='localhost', port=57553): Read timed out. (read timeout=120)
2025-12-21 08:36:53,368 - ERROR - [Times of India] All scrape strategies failed for https://timesofindia.indiatimes.com/world/middle-east/saudi-ministry-of-interior-launches-special-stamp-to-celebrate-world-arabic-language-day/articleshow/126103360.cms. Falling back to RSS description.
2025-12-21 08:36:53,368 - WARNING - SKIPPED (GLOBAL WORD LIMIT): Article 'Saudi Ministry of Interior launches special stamp to celebrate World Arabic Language Day' from Times of India has only 61 words (Min: 90).
2025-12-21 08:36:54,415 - INFO - [The Hindu] Article: https://www.thehindu.com/news/national/indian-railway-hike-in-train-fares/article70422279.ece
2025-12-21 08:36:54,415 - INFO - [The Hindu] Attempt 1/1: Trying with 'selenium_browser' strategy...
2025-12-21 08:36:54,426 - INFO - [Times of India] Article: https://timesofindia.indiatimes.com/world/rest-of-world/south-africa-shooting-10-killed-as-gunmen-open-fire-probe-under-way/articleshow/126101343.cms
2025-12-21 08:36:54,427 - INFO - [Times of India] Attempt 1/1: Trying with 'selenium_browser' strategy...
2025-12-21 08:37:38,258 - CRITICAL - --- TIMEOUT: 2 scrape jobs did not complete in 300s. ---
2025-12-21 08:37:38,258 - ERROR - A thread has timed out and will be abandoned.
2025-12-21 08:37:38,258 - ERROR - A thread has timed out and will be abandoned.
2025-12-21 08:37:38,258 - INFO - Shutting down thread pool (wait=False)...
2025-12-21 08:37:38,258 - INFO - Scraped: 0 The Guardian, 0 BBC, 2 Timed_Out_Jobs articles. (Total saved: 0)
2025-12-21 08:37:38,258 - INFO - --- Scraping job finished ---
2025-12-21 08:37:38,259 - INFO - --- Scraper service stopped and database connection closed. ---
2025-12-21 08:37:38,259 - INFO - --- Main thread finished. Forcing process exit to kill zombie threads. ---
