2026-01-10 19:41:10,026 - INFO - Loading AI Semantic Model (all-MiniLM-L6-v2)...
2026-01-10 19:41:10,026 - INFO - Use pytorch device_name: cpu
2026-01-10 19:41:10,026 - INFO - Load pretrained SentenceTransformer: all-MiniLM-L6-v2
2026-01-10 19:41:10,624 - INFO - AI Model loaded successfully.
2026-01-10 19:41:10,625 - INFO - --- Scraper service started (CI Mode: Run Once) ---
2026-01-10 19:41:10,625 - INFO - --- Starting new scraping job (Parallel Mode) ---
2026-01-10 19:41:10,625 - INFO - Creating new robust session with 3 retries on 5xx/connection/read errors.
2026-01-10 19:41:10,625 - INFO - Proxy is DISABLED.
2026-01-10 19:41:10,625 - INFO - Starting scrape for BBC RSS feed: http://feeds.bbci.co.uk/news/world/rss.xml
2026-01-10 19:41:10,626 - INFO - [Times of India] (Thread) requires Selenium. Initializing driver...
2026-01-10 19:41:10,627 - INFO - Starting scrape for The Guardian RSS feed: https://www.theguardian.com/world/rss
2026-01-10 19:41:10,627 - INFO - [The Hindu] (Thread) requires Selenium. Initializing driver...
2026-01-10 19:41:10,628 - INFO - Submitted 4 jobs to thread pool. Waiting up to 300s for completion...
2026-01-10 19:41:10,765 - INFO - Found 45 articles in The Guardian RSS feed. Processing up to 30.
2026-01-10 19:41:10,766 - INFO - [The Guardian] Early skip: URL https://www.theguardian.com/global-development/2026/jan/09/the-gambia-female-genital-mutilation-fgm-supreme-court-case-overturn-ban already exists.
2026-01-10 19:41:10,799 - INFO - Found 31 articles in BBC RSS feed. Processing up to 30.
2026-01-10 19:41:10,984 - INFO - [BBC] Early skip: URL https://www.bbc.com/news/articles/cj9rengvnp9o?at_medium=RSS&at_campaign=rss already exists.
2026-01-10 19:41:11,125 - INFO - [The Guardian] Early skip: URL https://www.theguardian.com/world/2026/jan/08/questions-targeting-impact-us-airstrikes-in-nigeria already exists.
2026-01-10 19:41:11,331 - INFO - [BBC] Early skip: URL https://www.bbc.com/news/articles/c78vj5n7jg3o?at_medium=RSS&at_campaign=rss already exists.
2026-01-10 19:41:11,543 - INFO - [The Guardian] Early skip: URL https://www.theguardian.com/world/2026/jan/02/anthony-joshuas-driver-charged-with-dangerous-driving-after-fatal-crash-in-nigeria already exists.
2026-01-10 19:41:11,748 - INFO - [BBC] Early skip: URL https://www.bbc.com/news/articles/cz7yv4524gqo?at_medium=RSS&at_campaign=rss already exists.
2026-01-10 19:41:11,873 - INFO - [The Guardian] Early skip: URL https://www.theguardian.com/science/2026/jan/01/cremation-pyre-in-africa-thought-to-be-worlds-oldest-containing-adult-remains already exists.
2026-01-10 19:41:11,980 - INFO - [BBC] Early skip: URL https://www.bbc.com/news/articles/cpwnd22lj54o?at_medium=RSS&at_campaign=rss already exists.
2026-01-10 19:41:12,216 - INFO - [The Guardian] Early skip: URL https://www.theguardian.com/global-development/2026/jan/01/us-aid-cuts-conditions-un-humanitarian-pledge-ocha already exists.
2026-01-10 19:41:12,491 - INFO - [BBC] Early skip: URL https://www.bbc.com/news/articles/cly95lpwl1ro?at_medium=RSS&at_campaign=rss already exists.
2026-01-10 19:41:12,734 - INFO - [The Guardian] Early skip: URL https://www.theguardian.com/world/2026/jan/10/nicaraguan-authorities-arrests-dozens-for-reportedly-supporting-maduro-capture already exists.
2026-01-10 19:41:13,017 - INFO - [BBC] Early skip: URL https://www.bbc.com/news/articles/c205dx61x76o?at_medium=RSS&at_campaign=rss already exists.
2026-01-10 19:41:13,300 - INFO - [The Guardian] Early skip: URL https://www.theguardian.com/news/ng-interactive/2026/jan/10/trump-territorial-ambition-imperialism already exists.
2026-01-10 19:41:13,401 - INFO - [BBC] Early skip: URL https://www.bbc.com/news/articles/cn42jqlqy4xo?at_medium=RSS&at_campaign=rss already exists.
2026-01-10 19:41:13,614 - INFO - [The Guardian] Early skip: URL https://www.theguardian.com/us-news/2026/jan/09/trump-oil-company-executives-meeting-venezuela already exists.
2026-01-10 19:41:13,893 - INFO - [BBC] Early skip: URL https://www.bbc.com/news/articles/ce3kqzepp5zo?at_medium=RSS&at_campaign=rss already exists.
2026-01-10 19:41:13,996 - INFO - [The Guardian] Early skip: URL https://www.theguardian.com/world/2026/jan/09/trump-venezuela-leadership-meeting-opposition-machado already exists.
2026-01-10 19:41:14,257 - INFO - [BBC] Early skip: URL https://www.bbc.com/news/articles/cn7jxm7jkg1o?at_medium=RSS&at_campaign=rss already exists.
2026-01-10 19:41:14,514 - INFO - [The Guardian] Early skip: URL https://www.theguardian.com/world/2026/jan/09/eu-states-back-controversial-mercosur-deal-with-latin-american-countries already exists.
2026-01-10 19:41:14,743 - INFO - [BBC] Early skip: URL https://www.bbc.com/news/articles/cdxj28xd542o?at_medium=RSS&at_campaign=rss already exists.
2026-01-10 19:41:15,037 - INFO - [The Guardian] Early skip: URL https://www.theguardian.com/world/2026/jan/10/indonesia-blocks-musks-grok-chatbot-due-to-risk-of-pornographic-content already exists.
2026-01-10 19:41:15,257 - INFO - [BBC] Early skip: URL https://www.bbc.com/news/articles/c8d04zp8m26o?at_medium=RSS&at_campaign=rss already exists.
2026-01-10 19:41:15,514 - INFO - [The Guardian] Early skip: URL https://www.theguardian.com/world/2026/jan/08/alleged-scam-kingpin-chen-zhi-extradited-china-cambodia-arrest already exists.
2026-01-10 19:41:15,703 - INFO - [BBC] Early skip: URL https://www.bbc.com/news/articles/cgqe9kv9xxvo?at_medium=RSS&at_campaign=rss already exists.
2026-01-10 19:41:15,871 - INFO - [The Guardian] Early skip: URL https://www.theguardian.com/world/2026/jan/06/papua-new-guinea-internet-starlink-shut-down already exists.
2026-01-10 19:41:16,059 - INFO - [BBC] Early skip: URL https://www.bbc.com/news/articles/c99kn52nx9do?at_medium=RSS&at_campaign=rss already exists.
2026-01-10 19:41:16,283 - INFO - [The Guardian] Early skip: URL https://www.theguardian.com/world/2026/jan/06/what-us-action-in-venezuela-means-for-taiwan already exists.
2026-01-10 19:41:16,533 - INFO - [BBC] Early skip: URL https://www.bbc.com/news/articles/c17zqz5pprwo?at_medium=RSS&at_campaign=rss already exists.
2026-01-10 19:41:16,640 - INFO - [The Guardian] Early skip: URL https://www.theguardian.com/world/2026/jan/05/venezuela-trump-attack-china-interests-analysis already exists.
2026-01-10 19:41:16,769 - INFO - [BBC] Early skip: URL https://www.bbc.com/news/articles/ceqzj49gny4o?at_medium=RSS&at_campaign=rss already exists.
2026-01-10 19:41:16,880 - INFO - [The Guardian] Early skip: URL https://www.theguardian.com/environment/2026/jan/11/australia-cop31-chris-bowen-fossil-fuel-phaseout already exists.
2026-01-10 19:41:17,166 - INFO - [BBC] Early skip: URL https://www.bbc.com/news/articles/cwygjvkvpgro?at_medium=RSS&at_campaign=rss already exists.
2026-01-10 19:41:17,275 - INFO - [The Guardian] Early skip: URL https://www.theguardian.com/australia-news/2026/jan/11/call-centre-operator-centrelink-paid-no-tax-two-years already exists.
2026-01-10 19:41:17,433 - INFO - [BBC] Early skip: URL https://www.bbc.com/news/articles/c0mkwl2g499o?at_medium=RSS&at_campaign=rss already exists.
2026-01-10 19:41:17,721 - INFO - [The Guardian] Early skip: URL https://www.theguardian.com/australia-news/live/2026/jan/10/australia-heatwave-updates-sydney-temperature-victorian-fires-bushfire-latest already exists.
2026-01-10 19:41:17,909 - INFO - [BBC] Early skip: URL https://www.bbc.com/news/articles/cgrd2e7p9reo?at_medium=RSS&at_campaign=rss already exists.
2026-01-10 19:41:18,045 - INFO - Selenium driver initialized successfully.
2026-01-10 19:41:18,045 - INFO - Starting scrape for The Hindu RSS feed: https://www.thehindu.com/news/national/feeder/default.rss
2026-01-10 19:41:18,045 - INFO - Selenium driver initialized successfully.
2026-01-10 19:41:18,045 - INFO - Starting scrape for Times of India RSS feed: https://timesofindia.indiatimes.com/rssfeeds/296589292.cms
2026-01-10 19:41:18,057 - INFO - [The Guardian] Early skip: URL https://www.theguardian.com/australia-news/2026/jan/10/harcourt-victorian-bushfires-homes-property already exists.
2026-01-10 19:41:18,248 - INFO - [BBC] Early skip: URL https://www.bbc.com/news/articles/c9qp4wyzvlzo?at_medium=RSS&at_campaign=rss already exists.
2026-01-10 19:41:18,249 - INFO - Found 20 articles in Times of India RSS feed. Processing up to 30.
2026-01-10 19:41:18,530 - INFO - [The Guardian] Early skip: URL https://www.theguardian.com/australia-news/2026/jan/10/sa-premier-denies-pressuring-adelaide-festival-to-drop-randa-abdel-fattah-ntwnfb already exists.
2026-01-10 19:41:18,676 - INFO - [Times of India] Article: https://timesofindia.indiatimes.com/world/us/us-shields-venezuelan-oil-revenue-as-trump-signs-executive-order-for-investment-in-the-nations-oil-sector/articleshow/126456570.cms
2026-01-10 19:41:18,677 - INFO - [Times of India] Attempt 1/1: Trying with 'selenium_browser' strategy...
2026-01-10 19:41:18,677 - INFO - [BBC] Early skip: URL https://www.bbc.com/news/articles/c0mpmgn3jv2o?at_medium=RSS&at_campaign=rss already exists.
2026-01-10 19:41:18,875 - INFO - [The Guardian] Early skip: URL https://www.theguardian.com/world/2026/jan/10/thousands-of-irish-farmers-protest-against-eu-mercosur-trade-deal already exists.
2026-01-10 19:41:18,893 - INFO - Found 100 articles in The Hindu RSS feed. Processing up to 30.
2026-01-10 19:41:19,026 - INFO - [BBC] Early skip: URL https://www.bbc.com/news/articles/c62wxezynk2o?at_medium=RSS&at_campaign=rss already exists.
2026-01-10 19:41:19,324 - INFO - [The Hindu] Early skip: URL https://www.thehindu.com/news/national/tamil-nadu/winners-of-international-sailing-competition-felicitated/article70495404.ece already exists.
2026-01-10 19:41:19,497 - INFO - [The Guardian] Early skip: URL https://www.theguardian.com/us-news/2026/jan/09/trump-greenland-threats-white-house already exists.
2026-01-10 19:41:19,777 - INFO - [BBC] Early skip: URL https://www.bbc.com/news/articles/cp37yr2xq7no?at_medium=RSS&at_campaign=rss already exists.
2026-01-10 19:41:19,884 - INFO - [The Hindu] Early skip: URL https://www.thehindu.com/news/cities/chennai/glow-garden-at-mamallapuram-nearing-completion/article70495223.ece already exists.
2026-01-10 19:41:19,995 - INFO - [The Guardian] Early skip: URL https://www.theguardian.com/world/live/2026/jan/09/ukraine-russia-tanker-fleet-meloni-switzerland-fire-greenland-europe-latest-news-updates already exists.
2026-01-10 19:41:20,192 - INFO - [BBC] Early skip: URL https://www.bbc.com/news/articles/c041n3ng03no?at_medium=RSS&at_campaign=rss already exists.
2026-01-10 19:41:20,393 - INFO - [BBC] Early skip: URL https://www.bbc.com/news/articles/c23r4yeyxl9o?at_medium=RSS&at_campaign=rss already exists.
2026-01-10 19:41:20,667 - INFO - [BBC] Early skip: URL https://www.bbc.com/news/articles/c205dd7gjrpo?at_medium=RSS&at_campaign=rss already exists.
2026-01-10 19:41:20,845 - INFO - [The Hindu] Early skip: URL https://www.thehindu.com/news/national/telangana/cm-tells-doctors-not-to-forget-their-social-responsibility/article70495640.ece already exists.
2026-01-10 19:41:20,979 - INFO - [The Hindu] Early skip: URL https://www.thehindu.com/news/national/tamil-nadu/forest-teams-monitor-movement-of-elephants-in-vellore/article70494856.ece already exists.
2026-01-10 19:41:21,137 - INFO - [BBC] Early skip: URL https://www.bbc.com/news/videos/c78veq59823o?at_medium=RSS&at_campaign=rss already exists.
2026-01-10 19:41:21,357 - INFO - [BBC] Article: https://www.bbc.com/news/videos/c78e9vmn7dgo?at_medium=RSS&at_campaign=rss
2026-01-10 19:41:21,357 - INFO - [BBC] Attempt 1/1: Trying with 'requests_browser' strategy...
2026-01-10 19:41:21,359 - INFO - [The Guardian] Early skip: URL https://www.theguardian.com/world/2026/jan/09/swiss-bar-fire-le-constellation-owner-arrested already exists.
2026-01-10 19:41:21,541 - INFO - [The Hindu] Early skip: URL https://www.thehindu.com/news/national/kerala/majnu-komath-architect-of-struggle-for-goshree-bridges-passes-away/article70495446.ece already exists.
2026-01-10 19:41:21,642 - WARNING - [BBC] FAILED with 'requests_browser' (content was too short: 77 words).
2026-01-10 19:41:21,642 - ERROR - [BBC] All scrape strategies failed for https://www.bbc.com/news/videos/c78e9vmn7dgo?at_medium=RSS&at_campaign=rss. Falling back to RSS description.
2026-01-10 19:41:21,643 - WARNING - SKIPPED (GLOBAL WORD LIMIT): Article 'Watch: Buildings in Tehran set on fire as demonstrations spread across Iran' from BBC has only 15 words (Min: 90).
2026-01-10 19:41:21,702 - INFO - [The Guardian] Early skip: URL https://www.theguardian.com/world/2026/jan/09/storm-goretti-germany-heavy-snowfall-strong-winds-france-northern-europe already exists.
2026-01-10 19:41:21,862 - INFO - [The Hindu] Early skip: URL https://www.thehindu.com/news/national/tamil-nadu/congress-does-not-believe-in-backdoor-politics-says-selvaperunthagai/article70494301.ece already exists.
2026-01-10 19:41:21,984 - INFO - [The Guardian] Early skip: URL https://www.theguardian.com/global-development/2026/jan/10/iran-protesters-tell-of-brutal-police-response-deaths-and-forced-confessions already exists.
2026-01-10 19:41:22,154 - INFO - [The Hindu] Early skip: URL https://www.thehindu.com/news/national/tamil-nadu/anbumani-urges-tn-government-to-hold-talks-with-livelihood-mission-workers-fill-headmaster-vacancies/article70494296.ece already exists.
2026-01-10 19:41:22,401 - INFO - [The Guardian] Early skip: URL https://www.theguardian.com/world/2026/jan/10/irans-internet-shutdown-is-strikingly-sophisticated-and-may-last-some-time already exists.
2026-01-10 19:41:22,552 - INFO - [The Hindu] Early skip: URL https://www.thehindu.com/news/national/andhra-pradesh/krishna-water-to-reach-kidney-disease-affected-areas-in-ntr-district-by-january-end-collector/article70495345.ece already exists.
2026-01-10 19:41:22,772 - INFO - [The Guardian] Early skip: URL https://www.theguardian.com/global-development/2026/jan/09/iran-supreme-leader-harsher-crackdown-protest-movement-swells already exists.
2026-01-10 19:41:22,987 - INFO - [The Hindu] Article: https://www.thehindu.com/news/national/andhra-pradesh/astram-project-wins-skoch-award-for-sustainable-traffic-management/article70495135.ece
2026-01-10 19:41:22,987 - INFO - [The Hindu] Attempt 1/1: Trying with 'selenium_browser' strategy...
2026-01-10 19:41:22,988 - INFO - [BBC] Article: https://www.bbc.com/news/videos/c394vjengdgo?at_medium=RSS&at_campaign=rss
2026-01-10 19:41:22,988 - INFO - [BBC] Attempt 1/1: Trying with 'requests_browser' strategy...
2026-01-10 19:41:22,989 - INFO - [The Guardian] Early skip: URL https://www.theguardian.com/world/2026/jan/09/growing-protests-in-iran-do-not-necessarily-herald-a-return-to-monarchy already exists.
2026-01-10 19:41:23,062 - WARNING - [BBC] FAILED with 'requests_browser' (content was too short: 44 words).
2026-01-10 19:41:23,062 - ERROR - [BBC] All scrape strategies failed for https://www.bbc.com/news/videos/c394vjengdgo?at_medium=RSS&at_campaign=rss. Falling back to RSS description.
2026-01-10 19:41:23,062 - WARNING - SKIPPED (GLOBAL WORD LIMIT): Article 'Watch: Eyewitnesses recount deadly ICE shooting' from BBC has only 15 words (Min: 90).
2026-01-10 19:41:23,109 - INFO - [The Guardian] Early skip: URL https://www.theguardian.com/world/2026/jan/09/syria-announces-ceasefire-aleppo-clashes-kurds already exists.
2026-01-10 19:41:23,860 - INFO - [BBC] Article: https://www.bbc.com/news/videos/cx2ypz4zjvxo?at_medium=RSS&at_campaign=rss
2026-01-10 19:41:23,860 - INFO - [BBC] Attempt 1/1: Trying with 'requests_browser' strategy...
2026-01-10 19:41:24,129 - WARNING - [BBC] FAILED with 'requests_browser' (content was too short: 79 words).
2026-01-10 19:41:24,129 - ERROR - [BBC] All scrape strategies failed for https://www.bbc.com/news/videos/cx2ypz4zjvxo?at_medium=RSS&at_campaign=rss. Falling back to RSS description.
2026-01-10 19:41:24,129 - WARNING - SKIPPED (GLOBAL WORD LIMIT): Article 'Video shows moment US immigration agent fatally shoots woman' from BBC has only 20 words (Min: 90).
2026-01-10 19:41:24,890 - INFO - [BBC] Article: https://www.bbc.com/news/videos/cx2gm7109rwo?at_medium=RSS&at_campaign=rss
2026-01-10 19:41:24,890 - INFO - [BBC] Attempt 1/1: Trying with 'requests_browser' strategy...
2026-01-10 19:41:25,195 - WARNING - [BBC] FAILED with 'requests_browser' (content was too short: 40 words).
2026-01-10 19:41:25,195 - ERROR - [BBC] All scrape strategies failed for https://www.bbc.com/news/videos/cx2gm7109rwo?at_medium=RSS&at_campaign=rss. Falling back to RSS description.
2026-01-10 19:41:25,195 - WARNING - SKIPPED (GLOBAL WORD LIMIT): Article 'Tracking the oil tankers seized by the US' from BBC has only 31 words (Min: 90).
2026-01-10 19:41:27,799 - INFO - [The Hindu] Page content loaded.
2026-01-10 19:41:27,978 - WARNING - [The Hindu] FAILED with 'selenium_browser' (content was too short: 77 words).
2026-01-10 19:41:27,978 - ERROR - [The Hindu] All scrape strategies failed for https://www.thehindu.com/news/national/andhra-pradesh/astram-project-wins-skoch-award-for-sustainable-traffic-management/article70495135.ece. Falling back to RSS description.
2026-01-10 19:41:27,978 - WARNING - SKIPPED (GLOBAL WORD LIMIT): Article 'ASTRAM project wins Skoch Award for sustainable traffic management' from The Hindu has only 3 words (Min: 90).
2026-01-10 19:41:28,822 - INFO - [The Hindu] Article: https://www.thehindu.com/news/national/karnataka/mobility-pollution-housing-and-access-to-basic-services-shape-bengalurus-health-say-experts/article70494138.ece
2026-01-10 19:41:28,822 - INFO - [The Hindu] Attempt 1/1: Trying with 'selenium_browser' strategy...
2026-01-10 19:41:31,323 - INFO - [The Hindu] Page content loaded.
2026-01-10 19:41:31,482 - INFO - [The Hindu] Success with 'selenium_browser'. Found content (445 words).
2026-01-10 19:41:36,113 - INFO - [Times of India] Page content loaded.
2026-01-10 19:41:36,917 - INFO - [Times of India] Success with 'selenium_browser'. Found content (390 words).
2026-01-10 19:42:27,724 - INFO - Saved article: Mobility, pollution, housing, and access to basic services shape Bengaluru’s health, say experts - The Hindu from The Hindu (445 words)
2026-01-10 19:43:16,204 - INFO - DEDUPLICATION: Found match (Score: 0.80). Linking to Cluster ID: 9a5e444c-5b8b-480a-8481-42b48981765b
2026-01-10 19:43:16,206 - INFO - Saved article: US shields Venezuelan oil revenue as Trump signs executive order for investment in the nation’s oil sector - The Times of India from Times of India (390 words)
2026-01-10 19:43:16,207 - INFO - [The Hindu] Article: https://www.thehindu.com/news/national/tamil-nadu/stalin-urges-modi-to-consult-states-before-finalising-caste-enumeration-rules-for-census/article70494613.ece
2026-01-10 19:43:16,207 - INFO - [The Hindu] Attempt 1/1: Trying with 'selenium_browser' strategy...
2026-01-10 19:43:17,149 - INFO - [Times of India] Article: https://timesofindia.indiatimes.com/world/us/war-veteran-maga-supporter-and-have-filipina-wife-heres-what-we-know-about-ice-agent-jonathan-ross-who-killed-a-woman-in-minneapolis/articleshow/126455904.cms
2026-01-10 19:43:17,149 - INFO - [Times of India] Attempt 1/1: Trying with 'selenium_browser' strategy...
2026-01-10 19:43:17,751 - INFO - [The Hindu] Page content loaded.
2026-01-10 19:43:18,004 - INFO - [The Hindu] Success with 'selenium_browser'. Found content (362 words).
2026-01-10 19:43:27,136 - INFO - [Times of India] Page content loaded.
2026-01-10 19:43:27,444 - INFO - [Times of India] Success with 'selenium_browser'. Found content (465 words).
2026-01-10 19:44:12,903 - INFO - Saved article: Stalin urges Modi to consult States before finalising caste enumeration rules for Census - The Hindu from The Hindu (362 words)
2026-01-10 19:45:00,553 - INFO - DEDUPLICATION: Found match (Score: 0.70). Linking to Cluster ID: 8b570d5a-977e-4da2-a1a5-27b85cfa9277
2026-01-10 19:45:00,556 - INFO - Saved article: War veteran, MAGA supporter and have Filipina wife? Here's what we know about ICE agent Jonathan Ross who killed a woman in Minneapolis - The Times of India from Times of India (465 words)
2026-01-10 19:45:00,557 - INFO - [The Hindu] Article: https://www.thehindu.com/news/national/kerala/set-aside-political-differences-for-development-of-capital-city-governor/article70495574.ece
2026-01-10 19:45:00,557 - INFO - [The Hindu] Attempt 1/1: Trying with 'selenium_browser' strategy...
2026-01-10 19:45:01,543 - INFO - [The Hindu] Page content loaded.
2026-01-10 19:45:01,595 - INFO - [The Hindu] Success with 'selenium_browser'. Found content (214 words).
2026-01-10 19:45:50,997 - INFO - Saved article: Set aside political differences for development of capital city: Governor - The Hindu from The Hindu (214 words)
2026-01-10 19:45:50,998 - INFO - [Times of India] Article: https://timesofindia.indiatimes.com/world/middle-east/syria-clashes-security-forces-deploy-in-aleppo-dozens-killed-in-fighting-with-kurdish-forces/articleshow/126455895.cms
2026-01-10 19:45:50,998 - INFO - [Times of India] Attempt 1/1: Trying with 'selenium_browser' strategy...
2026-01-10 19:45:51,983 - INFO - [The Hindu] Early skip: URL https://www.thehindu.com/news/national/karnataka/provide-education-that-meets-industry-expectations-reduce-the-creation-of-unemployed-youth-says-visvesvaraya-technological-university-vice-chancellor/article70494758.ece already exists.
2026-01-10 19:45:52,131 - INFO - [The Hindu] Early skip: URL https://www.thehindu.com/news/national/andhra-pradesh/avakaiamaravati-festival-concludes-on-grand-note-in-vijayawada/article70495359.ece already exists.
2026-01-10 19:45:52,209 - INFO - [Times of India] Page content loaded.
2026-01-10 19:45:52,323 - INFO - [The Hindu] Early skip: URL https://www.thehindu.com/news/national/karnataka/contract-killing-angle-emerges-in-magadi-road-wife-murder-case/article70494329.ece already exists.
2026-01-10 19:45:52,349 - INFO - [Times of India] Success with 'selenium_browser'. Found content (329 words).
2026-01-10 19:46:10,628 - CRITICAL - --- TIMEOUT: 2 scrape jobs did not complete in 300s. ---
2026-01-10 19:46:10,628 - ERROR - A thread has timed out and will be abandoned.
2026-01-10 19:46:10,628 - ERROR - A thread has timed out and will be abandoned.
2026-01-10 19:46:10,628 - INFO - Shutting down thread pool (wait=False)...
2026-01-10 19:46:10,629 - INFO - Scraped: 0 BBC, 0 The Guardian, 2 Timed_Out_Jobs articles. (Total saved: 0)
2026-01-10 19:46:10,629 - INFO - --- Scraping job finished ---
2026-01-10 19:46:10,629 - INFO - --- Scraper service stopped and database connection closed. ---
2026-01-10 19:46:10,629 - INFO - --- Main thread finished. Forcing process exit to kill zombie threads. ---
