2026-01-06 10:54:03,199 - INFO - Loading AI Semantic Model (all-MiniLM-L6-v2)...
2026-01-06 10:54:03,200 - INFO - Use pytorch device_name: cpu
2026-01-06 10:54:03,200 - INFO - Load pretrained SentenceTransformer: all-MiniLM-L6-v2
2026-01-06 10:54:04,238 - INFO - AI Model loaded successfully.
2026-01-06 10:54:04,239 - INFO - --- Scraper service started (CI Mode: Run Once) ---
2026-01-06 10:54:04,239 - INFO - --- Starting new scraping job (Parallel Mode) ---
2026-01-06 10:54:04,239 - INFO - Creating new robust session with 3 retries on 5xx/connection/read errors.
2026-01-06 10:54:04,239 - INFO - Proxy is DISABLED.
2026-01-06 10:54:04,239 - INFO - Starting scrape for BBC RSS feed: http://feeds.bbci.co.uk/news/world/rss.xml
2026-01-06 10:54:04,240 - INFO - [Times of India] (Thread) requires Selenium. Initializing driver...
2026-01-06 10:54:04,241 - INFO - Starting scrape for The Guardian RSS feed: https://www.theguardian.com/world/rss
2026-01-06 10:54:04,242 - INFO - [The Hindu] (Thread) requires Selenium. Initializing driver...
2026-01-06 10:54:04,242 - INFO - Submitted 4 jobs to thread pool. Waiting up to 300s for completion...
2026-01-06 10:54:04,515 - INFO - Found 27 articles in BBC RSS feed. Processing up to 30.
2026-01-06 10:54:04,515 - INFO - [BBC] Early skip: URL https://www.bbc.com/news/articles/cz9vg0w9w28o?at_medium=RSS&at_campaign=rss already exists.
2026-01-06 10:54:04,611 - INFO - Found 45 articles in The Guardian RSS feed. Processing up to 30.
2026-01-06 10:54:04,758 - INFO - [The Guardian] Early skip: URL https://www.theguardian.com/world/2026/jan/02/anthony-joshuas-driver-charged-with-dangerous-driving-after-fatal-crash-in-nigeria already exists.
2026-01-06 10:54:05,054 - INFO - [The Guardian] Early skip: URL https://www.theguardian.com/science/2026/jan/01/cremation-pyre-in-africa-thought-to-be-worlds-oldest-containing-adult-remains already exists.
2026-01-06 10:54:05,318 - INFO - [BBC] Article: https://www.bbc.com/news/videos/cdxj907qgvzo?at_medium=RSS&at_campaign=rss
2026-01-06 10:54:05,318 - INFO - [BBC] Attempt 1/1: Trying with 'requests_browser' strategy...
2026-01-06 10:54:05,319 - INFO - [The Guardian] Early skip: URL https://www.theguardian.com/global-development/2026/jan/01/us-aid-cuts-conditions-un-humanitarian-pledge-ocha already exists.
2026-01-06 10:54:05,606 - INFO - [The Guardian] Early skip: URL https://www.theguardian.com/world/2025/dec/31/guinea-junta-chief-mamady-doumbouya-elected-president-after-opposition-boycott already exists.
2026-01-06 10:54:05,656 - WARNING - [BBC] FAILED with 'requests_browser' (content was too short: 77 words).
2026-01-06 10:54:05,656 - ERROR - [BBC] All scrape strategies failed for https://www.bbc.com/news/videos/cdxj907qgvzo?at_medium=RSS&at_campaign=rss. Falling back to RSS description.
2026-01-06 10:54:05,656 - WARNING - SKIPPED (GLOBAL WORD LIMIT): Article 'Skiers create heart-shaped tribute for Switzerland fire victims' from BBC has only 25 words (Min: 90).
2026-01-06 10:54:05,794 - INFO - [The Guardian] Early skip: URL https://www.theguardian.com/world/2025/dec/30/saudi-arabia-uae-tension-future-yemen-boiling-point already exists.
2026-01-06 10:54:06,090 - INFO - [The Guardian] Early skip: URL https://www.theguardian.com/world/live/2026/jan/06/venezuela-live-updates-maduro-trump-us-attack-opposition-machado-return already exists.
2026-01-06 10:54:06,327 - INFO - [The Guardian] Article: https://www.theguardian.com/world/2026/jan/06/wes-streeting-venezuela-disintegration-rules-based-world-order
2026-01-06 10:54:06,327 - INFO - [The Guardian] Attempt 1/1: Trying with 'requests_browser' strategy...
2026-01-06 10:54:06,376 - INFO - [The Guardian] Success with 'requests_browser'. Found content (481 words).
2026-01-06 10:54:09,818 - INFO - Selenium driver initialized successfully.
2026-01-06 10:54:09,818 - INFO - Selenium driver initialized successfully.
2026-01-06 10:54:09,819 - INFO - Starting scrape for The Hindu RSS feed: https://www.thehindu.com/news/national/feeder/default.rss
2026-01-06 10:54:09,819 - INFO - Starting scrape for Times of India RSS feed: https://timesofindia.indiatimes.com/rssfeeds/296589292.cms
2026-01-06 10:54:10,035 - INFO - Found 20 articles in Times of India RSS feed. Processing up to 30.
2026-01-06 10:54:10,076 - INFO - Found 100 articles in The Hindu RSS feed. Processing up to 30.
2026-01-06 10:54:50,643 - INFO - Saved article: Wes Streeting warns of ‘disintegration’ of rules-based world order after Venezuela attack | US attack on Venezuela | The Guardian from The Guardian (481 words)
2026-01-06 10:54:50,643 - INFO - [BBC] Early skip: URL https://www.bbc.com/news/articles/c70lw9x581no?at_medium=RSS&at_campaign=rss already exists.
2026-01-06 10:54:50,759 - INFO - [Times of India] Article: https://timesofindia.indiatimes.com/world/middle-east/kuwait-ministry-of-interior-denies-residency-fee-exemption-claims/articleshow/126370387.cms
2026-01-06 10:54:50,759 - INFO - [Times of India] Attempt 1/1: Trying with 'selenium_browser' strategy...
2026-01-06 10:54:50,759 - INFO - [The Hindu] Article: https://www.thehindu.com/news/national/andhra-pradesh/parvatipuram-collector-launches-helping-hands-programme-in-hospitals/article70477465.ece
2026-01-06 10:54:50,759 - INFO - [The Hindu] Attempt 1/1: Trying with 'selenium_browser' strategy...
2026-01-06 10:54:50,760 - INFO - [BBC] Early skip: URL https://www.bbc.com/news/articles/c0jv1vd571wo?at_medium=RSS&at_campaign=rss already exists.
2026-01-06 10:54:50,903 - INFO - [BBC] Early skip: URL https://www.bbc.com/news/articles/cx2yvx8gnnpo?at_medium=RSS&at_campaign=rss already exists.
2026-01-06 10:54:51,100 - INFO - [BBC] Early skip: URL https://www.bbc.com/sport/tennis/articles/cm24e6rzmpeo?at_medium=RSS&at_campaign=rss already exists.
2026-01-06 10:54:51,376 - INFO - [The Guardian] Early skip: URL https://www.theguardian.com/us-news/2026/jan/06/barry-pollack-nicolas-maduro-lawyer already exists.
2026-01-06 10:54:51,673 - INFO - [The Guardian] Early skip: URL https://www.theguardian.com/us-news/2026/jan/05/maduro-pleads-not-guilty already exists.
2026-01-06 10:54:51,903 - INFO - [BBC] Early skip: URL https://www.bbc.com/news/articles/c0q40xg3j0jo?at_medium=RSS&at_campaign=rss already exists.
2026-01-06 10:54:52,197 - INFO - [The Guardian] Early skip: URL https://www.theguardian.com/world/live/2026/jan/05/venezuela-live-updates-trump-us-interim-president-collaborate already exists.
2026-01-06 10:54:52,388 - INFO - [BBC] Early skip: URL https://www.bbc.com/news/articles/c87r891gv1ro?at_medium=RSS&at_campaign=rss already exists.
2026-01-06 10:54:52,568 - INFO - [BBC] Early skip: URL https://www.bbc.com/news/articles/c301n41518do?at_medium=RSS&at_campaign=rss already exists.
2026-01-06 10:54:52,786 - INFO - [The Guardian] Early skip: URL https://www.theguardian.com/world/2026/jan/06/papua-new-guinea-internet-starlink-shut-down already exists.
2026-01-06 10:54:52,998 - INFO - [The Guardian] Early skip: URL https://www.theguardian.com/world/2026/jan/06/what-us-action-in-venezuela-means-for-taiwan already exists.
2026-01-06 10:54:53,137 - INFO - [BBC] Article: https://www.bbc.com/news/articles/c24gngzr4ero?at_medium=RSS&at_campaign=rss
2026-01-06 10:54:53,137 - INFO - [BBC] Attempt 1/1: Trying with 'requests_browser' strategy...
2026-01-06 10:54:53,139 - INFO - [The Guardian] Early skip: URL https://www.theguardian.com/world/2026/jan/05/venezuela-trump-attack-china-interests-analysis already exists.
2026-01-06 10:54:53,246 - INFO - [The Guardian] Early skip: URL https://www.theguardian.com/world/2026/jan/05/giant-bluefin-tuna-sold-record-amount-tokyo-auction-kiyoshi-kimura already exists.
2026-01-06 10:54:53,280 - INFO - [BBC] Success with 'requests_browser'. Found content (512 words).
2026-01-06 10:54:53,391 - INFO - [The Guardian] Early skip: URL https://www.theguardian.com/environment/2026/jan/05/weather-tracker-arctic-air-grips-europe-winds-corsica already exists.
2026-01-06 10:54:53,632 - INFO - [The Guardian] Early skip: URL https://www.theguardian.com/society/2026/jan/05/domestic-violence-survivors-strangulation-brain-trauma already exists.
2026-01-06 10:54:58,353 - INFO - [The Hindu] Page content loaded.
2026-01-06 10:54:58,742 - INFO - [The Hindu] Success with 'selenium_browser'. Found content (195 words).
2026-01-06 10:55:54,916 - INFO - DEDUPLICATION: Found match (Score: 0.76). Linking to Cluster ID: d785a4b9-7635-407c-871c-c7c1e02703eb
2026-01-06 10:55:54,918 - INFO - Saved article: Canada's Chrystia Freeland to quit as MP and become adviser to Zelensky from BBC (512 words)
2026-01-06 10:55:54,918 - INFO - [The Guardian] Early skip: URL https://www.theguardian.com/australia-news/2026/jan/06/man-dies-in-sydney-after-being-pepper-sprayed-by-nsw-police-during-arrest-ntwnfb already exists.
2026-01-06 10:56:43,653 - INFO - Saved article: Parvatipuram Collector launches Helping Hands programme in hospitals - The Hindu from The Hindu (195 words)
2026-01-06 10:56:43,653 - INFO - [The Guardian] Early skip: URL https://www.theguardian.com/australia-news/2026/jan/06/sydney-protest-restrictions-extended-for-14-days-as-activist-group-vows-to-file-legal-challenge-this-week-ntwnfb already exists.
2026-01-06 10:56:43,954 - INFO - [BBC] Early skip: URL https://www.bbc.com/news/articles/c78v6z7597yo?at_medium=RSS&at_campaign=rss already exists.
2026-01-06 10:56:44,155 - INFO - [The Guardian] Early skip: URL https://www.theguardian.com/australia-news/live/2026/jan/06/australia-news-live-anthony-albanese-floods-queensland-bondi-shooting-royal-commission-antisemitism-inquiry-ntwnfb already exists.
2026-01-06 10:56:44,358 - INFO - [BBC] Early skip: URL https://www.bbc.com/news/articles/cj9r0eyw0jno?at_medium=RSS&at_campaign=rss already exists.
2026-01-06 10:56:44,529 - INFO - [The Guardian] Early skip: URL https://www.theguardian.com/australia-news/2026/jan/06/albanese-softens-resistance-to-royal-commission-into-bondi-attack-as-pressure-mounts-ntwnfb already exists.
2026-01-06 10:56:44,828 - INFO - [BBC] Early skip: URL https://www.bbc.com/news/articles/c62w3zpl4ldo?at_medium=RSS&at_campaign=rss already exists.
2026-01-06 10:56:45,018 - INFO - [The Hindu] Article: https://www.thehindu.com/news/national/tamil-nadu/edappadi-palaniswami-submits-memorandum-to-tn-governor-ravi-alleging-4-lakh-crore-corruption-by-dmk-government/article70477245.ece
2026-01-06 10:56:45,018 - INFO - [The Hindu] Attempt 1/1: Trying with 'selenium_browser' strategy...
2026-01-06 10:56:45,019 - INFO - [The Guardian] Early skip: URL https://www.theguardian.com/politics/2026/jan/06/keir-starmer-parliamentary-battle-over-eu-reset-policy already exists.
2026-01-06 10:56:45,198 - INFO - [BBC] Article: https://www.bbc.com/news/articles/c74x4m71pmjo?at_medium=RSS&at_campaign=rss
2026-01-06 10:56:45,198 - INFO - [BBC] Attempt 1/1: Trying with 'requests_browser' strategy...
2026-01-06 10:56:45,199 - INFO - [The Guardian] Early skip: URL https://www.theguardian.com/world/2026/jan/05/trump-must-give-up-fantasies-about-annexation-says-greenland-pm already exists.
2026-01-06 10:56:45,253 - INFO - [BBC] Success with 'requests_browser'. Found content (1013 words).
2026-01-06 10:56:46,734 - INFO - [The Hindu] Page content loaded.
2026-01-06 10:56:47,150 - INFO - [The Hindu] Success with 'selenium_browser'. Found content (485 words).
2026-01-06 10:56:50,860 - ERROR - [Times of India] Request failed for strategy 'selenium_browser' on URL https://timesofindia.indiatimes.com/world/middle-east/kuwait-ministry-of-interior-denies-residency-fee-exemption-claims/articleshow/126370387.cms: HTTPConnectionPool(host='localhost', port=60945): Read timed out. (read timeout=120)
2026-01-06 10:56:50,860 - ERROR - [Times of India] All scrape strategies failed for https://timesofindia.indiatimes.com/world/middle-east/kuwait-ministry-of-interior-denies-residency-fee-exemption-claims/articleshow/126370387.cms. Falling back to RSS description.
2026-01-06 10:56:50,860 - WARNING - SKIPPED (GLOBAL WORD LIMIT): Article 'Kuwait: Ministry of Interior denies residency fee exemption claims' from Times of India has only 57 words (Min: 90).
2026-01-06 10:57:33,167 - INFO - DEDUPLICATION: Found match (Score: 0.86). Linking to Cluster ID: bf0205a7-951f-4f85-ab61-186c5a3dd4f7
2026-01-06 10:57:33,170 - INFO - Saved article: Why does Trump want Greenland, and could the US take it from Denmark? from BBC (1013 words)
2026-01-06 10:57:33,170 - INFO - [The Guardian] Early skip: URL https://www.theguardian.com/us-news/2026/jan/05/a-warning-not-an-insult-us-doubles-down-on-attack-on-europe already exists.
2026-01-06 10:58:19,409 - INFO - DEDUPLICATION: Found match (Score: 0.72). Linking to Cluster ID: 295e1a95-61cd-4d18-8eb2-2fbad8bdbfeb
2026-01-06 10:58:19,411 - INFO - Saved article: Edappadi Palaniswami submits memorandum to T.N. Governor Ravi alleging ₹4 lakh crore corruption by DMK government - The Hindu from The Hindu (485 words)
2026-01-06 10:58:19,412 - INFO - [Times of India] Article: https://timesofindia.indiatimes.com/world/middle-east/hajj-2026-shock-why-has-egypt-ended-free-pilgrimage-trips-new-visa-rules-lottery-paid-packages-introduced/articleshow/126370112.cms
2026-01-06 10:58:19,412 - INFO - [Times of India] Attempt 1/1: Trying with 'selenium_browser' strategy...
2026-01-06 10:58:19,412 - INFO - [The Guardian] Early skip: URL https://www.theguardian.com/uk-news/2026/jan/05/one-in-one-out-asylum-seekers-accuse-uk-degrading-treatment already exists.
2026-01-06 10:58:19,696 - INFO - [BBC] Article: https://www.bbc.com/news/articles/cx2drqwg32do?at_medium=RSS&at_campaign=rss
2026-01-06 10:58:19,696 - INFO - [BBC] Attempt 1/1: Trying with 'requests_browser' strategy...
2026-01-06 10:58:19,697 - INFO - [The Guardian] Early skip: URL https://www.theguardian.com/world/2026/jan/05/volodymr-zelenskyy-sacks-ukrainian-spy-chief-vasyl-malyuk already exists.
2026-01-06 10:58:19,739 - INFO - [BBC] Success with 'requests_browser'. Found content (868 words).
2026-01-06 10:59:04,242 - CRITICAL - --- TIMEOUT: 4 scrape jobs did not complete in 300s. ---
2026-01-06 10:59:04,242 - ERROR - A thread has timed out and will be abandoned.
2026-01-06 10:59:04,242 - ERROR - A thread has timed out and will be abandoned.
2026-01-06 10:59:04,242 - ERROR - A thread has timed out and will be abandoned.
2026-01-06 10:59:04,242 - ERROR - A thread has timed out and will be abandoned.
2026-01-06 10:59:04,242 - INFO - Shutting down thread pool (wait=False)...
2026-01-06 10:59:04,243 - INFO - Scraped: 4 Timed_Out_Jobs articles. (Total saved: 0)
2026-01-06 10:59:04,243 - INFO - --- Scraping job finished ---
2026-01-06 10:59:04,243 - INFO - --- Scraper service stopped and database connection closed. ---
2026-01-06 10:59:04,243 - INFO - --- Main thread finished. Forcing process exit to kill zombie threads. ---
