2025-12-20 19:20:18,329 - INFO - Loading AI Semantic Model (all-MiniLM-L6-v2)...
2025-12-20 19:20:18,329 - INFO - Use pytorch device_name: cpu
2025-12-20 19:20:18,329 - INFO - Load pretrained SentenceTransformer: all-MiniLM-L6-v2
2025-12-20 19:20:19,633 - INFO - AI Model loaded successfully.
2025-12-20 19:20:19,633 - INFO - --- Scraper service started (CI Mode: Run Once) ---
2025-12-20 19:20:19,633 - INFO - --- Starting new scraping job (Parallel Mode) ---
2025-12-20 19:20:19,633 - INFO - Creating new robust session with 3 retries on 5xx/connection/read errors.
2025-12-20 19:20:19,633 - INFO - Proxy is DISABLED.
2025-12-20 19:20:19,634 - INFO - Starting scrape for BBC RSS feed: http://feeds.bbci.co.uk/news/world/rss.xml
2025-12-20 19:20:19,635 - INFO - [Times of India] (Thread) requires Selenium. Initializing driver...
2025-12-20 19:20:19,635 - INFO - Starting scrape for The Guardian RSS feed: https://www.theguardian.com/world/rss
2025-12-20 19:20:19,636 - INFO - [The Hindu] (Thread) requires Selenium. Initializing driver...
2025-12-20 19:20:19,637 - INFO - Submitted 4 jobs to thread pool. Waiting up to 300s for completion...
2025-12-20 19:20:19,736 - INFO - Found 45 articles in The Guardian RSS feed. Processing up to 30.
2025-12-20 19:20:19,736 - INFO - [The Guardian] Early skip: URL https://www.theguardian.com/society/2025/dec/19/hepatitis-b-vaccine-study-guinea-bissau-rfk already exists.
2025-12-20 19:20:20,018 - INFO - [The Guardian] Early skip: URL https://www.theguardian.com/global-development/2025/dec/19/colombian-mercenaries-sudan-rsf-us-sanctions-recruited-uk-registered-firms-investigation already exists.
2025-12-20 19:20:20,175 - INFO - [The Guardian] Early skip: URL https://www.theguardian.com/global-development/2025/dec/18/morocco-genz212-protests-police-mass-arrests-beatings-detentions-rights already exists.
2025-12-20 19:20:20,217 - INFO - Found 38 articles in BBC RSS feed. Processing up to 30.
2025-12-20 19:20:20,337 - INFO - [BBC] Early skip: URL https://www.bbc.com/news/articles/c5yq7zzw618o?at_medium=RSS&at_campaign=rss already exists.
2025-12-20 19:20:20,485 - INFO - [The Guardian] Early skip: URL https://www.theguardian.com/world/2025/dec/16/five-key-moments-in-the-assault-on-the-rights-of-women-and-girls-in-2025 already exists.
2025-12-20 19:20:20,595 - INFO - [BBC] Early skip: URL https://www.bbc.com/news/articles/c62vx2pgl0eo?at_medium=RSS&at_campaign=rss already exists.
2025-12-20 19:20:20,713 - INFO - [The Guardian] Early skip: URL https://www.theguardian.com/world/2025/dec/16/south-africa-russia-men-tricked-fighting-ukraine already exists.
2025-12-20 19:20:20,908 - INFO - [BBC] Early skip: URL https://www.bbc.com/news/articles/cp89p082y2xo?at_medium=RSS&at_campaign=rss already exists.
2025-12-20 19:20:21,033 - INFO - [The Guardian] Early skip: URL https://www.theguardian.com/us-news/2025/dec/19/trump-venezuela-war already exists.
2025-12-20 19:20:21,245 - INFO - [BBC] Early skip: URL https://www.bbc.com/news/articles/c5y9ed5d1r4o?at_medium=RSS&at_campaign=rss already exists.
2025-12-20 19:20:21,362 - INFO - [The Guardian] Early skip: URL https://www.theguardian.com/world/2025/dec/19/montreal-grocery-store-santas-elves-robbery already exists.
2025-12-20 19:20:21,497 - INFO - [BBC] Article: https://www.bbc.com/news/articles/c5y9z0g7lleo?at_medium=RSS&at_campaign=rss
2025-12-20 19:20:21,498 - INFO - [BBC] Attempt 1/1: Trying with 'requests_browser' strategy...
2025-12-20 19:20:21,499 - INFO - [The Guardian] Early skip: URL https://www.theguardian.com/world/2025/dec/19/colombia-eln-guerrilla-group-attack-military-base already exists.
2025-12-20 19:20:21,623 - INFO - [BBC] Success with 'requests_browser'. Found content (441 words).
2025-12-20 19:20:21,651 - INFO - [The Guardian] Early skip: URL https://www.theguardian.com/world/2025/dec/19/i-cant-think-of-a-place-more-pristine-133000-hectares-of-chilean-patagonia-preserved-after-local-fundraising already exists.
2025-12-20 19:20:26,651 - INFO - Selenium driver initialized successfully.
2025-12-20 19:20:26,651 - INFO - Starting scrape for Times of India RSS feed: https://timesofindia.indiatimes.com/rssfeeds/296589292.cms
2025-12-20 19:20:26,652 - INFO - Selenium driver initialized successfully.
2025-12-20 19:20:26,652 - INFO - Starting scrape for The Hindu RSS feed: https://www.thehindu.com/news/national/feeder/default.rss
2025-12-20 19:20:26,760 - INFO - Found 100 articles in The Hindu RSS feed. Processing up to 30.
2025-12-20 19:20:26,850 - INFO - Found 20 articles in Times of India RSS feed. Processing up to 30.
2025-12-20 19:21:04,447 - INFO - Saved article: Blue Origin: Engineer becomes first wheelchair user to go to space from BBC (441 words)
2025-12-20 19:21:04,447 - INFO - [The Guardian] Early skip: URL https://www.theguardian.com/world/2025/dec/18/brazilian-congress-passes-bill-cut-jair-bolsonaro-prison-term already exists.
2025-12-20 19:21:04,641 - INFO - [The Hindu] Article: https://www.thehindu.com/news/national/karnataka/cag-flags-gaps-in-disaster-preparedness-in-state-hospitals/article70412138.ece
2025-12-20 19:21:04,641 - INFO - [The Hindu] Attempt 1/1: Trying with 'selenium_browser' strategy...
2025-12-20 19:21:04,642 - INFO - [Times of India] Article: https://timesofindia.indiatimes.com/etimes/trending/50-for-100-how-this-indian-origin-executive-negotiated-with-a-knife-wielding-mugger-on-his-first-day-in-us/articleshow/126097163.cms
2025-12-20 19:21:04,642 - INFO - [Times of India] Attempt 1/1: Trying with 'selenium_browser' strategy...
2025-12-20 19:21:04,642 - INFO - [The Guardian] Early skip: URL https://www.theguardian.com/world/2025/dec/19/mass-stabbing-tapei already exists.
2025-12-20 19:21:04,822 - INFO - [The Guardian] Early skip: URL https://www.theguardian.com/technology/2025/dec/19/uk-foreign-office-victim-cyber-attack-october- already exists.
2025-12-20 19:21:04,972 - INFO - [The Guardian] Early skip: URL https://www.theguardian.com/technology/2025/dec/18/tiktok-signs-deal-us-entity-sale already exists.
2025-12-20 19:21:05,162 - INFO - [The Guardian] Early skip: URL https://www.theguardian.com/world/2025/dec/19/south-korean-president-urges-public-health-cover-hair-loss already exists.
2025-12-20 19:21:05,292 - INFO - [The Guardian] Early skip: URL https://www.theguardian.com/world/2025/dec/18/us-announces-more-than-10bn-of-arms-sales-to-taiwan already exists.
2025-12-20 19:21:05,546 - INFO - [The Guardian] Article: https://www.theguardian.com/australia-news/2025/dec/21/gun-law-reform-after-port-arthur-national-forearms-register-ntwnfb
2025-12-20 19:21:05,546 - INFO - [The Guardian] Attempt 1/1: Trying with 'requests_browser' strategy...
2025-12-20 19:21:05,624 - INFO - [BBC] Early skip: URL https://www.bbc.com/news/articles/c14v23vppz8o?at_medium=RSS&at_campaign=rss already exists.
2025-12-20 19:21:05,735 - INFO - [The Guardian] Success with 'requests_browser'. Found content (891 words).
2025-12-20 19:21:05,784 - INFO - [BBC] Early skip: URL https://www.bbc.com/news/articles/cx251p7k23mo?at_medium=RSS&at_campaign=rss already exists.
2025-12-20 19:21:09,409 - INFO - [The Hindu] Page content loaded.
2025-12-20 19:21:09,788 - INFO - [The Hindu] Success with 'selenium_browser'. Found content (599 words).
2025-12-20 19:22:17,993 - INFO - DEDUPLICATION: Found match (Score: 0.85). Linking to Cluster ID: 3a306fb2-ee0c-4436-8f8a-a527b7014026
2025-12-20 19:22:17,995 - INFO - Saved article: A key piece of Port Arthur-era gun reform remains unfinished. Could it have helped prevent the Bondi attack? | Gun control | The Guardian from The Guardian (891 words)
2025-12-20 19:22:17,996 - INFO - [BBC] Early skip: URL https://www.bbc.com/news/articles/c8dy8r7lq0go?at_medium=RSS&at_campaign=rss already exists.
2025-12-20 19:23:04,742 - ERROR - [Times of India] Request failed for strategy 'selenium_browser' on URL https://timesofindia.indiatimes.com/etimes/trending/50-for-100-how-this-indian-origin-executive-negotiated-with-a-knife-wielding-mugger-on-his-first-day-in-us/articleshow/126097163.cms: HTTPConnectionPool(host='localhost', port=37275): Read timed out. (read timeout=120)
2025-12-20 19:23:04,743 - ERROR - [Times of India] All scrape strategies failed for https://timesofindia.indiatimes.com/etimes/trending/50-for-100-how-this-indian-origin-executive-negotiated-with-a-knife-wielding-mugger-on-his-first-day-in-us/articleshow/126097163.cms. Falling back to RSS description.
2025-12-20 19:23:04,743 - WARNING - SKIPPED (GLOBAL WORD LIMIT): Article '$50 for $100? How this Indian-origin executive negotiated with a knife-wielding mugger on his first day in US' from Times of India has only 50 words (Min: 90).
2025-12-20 19:23:05,857 - INFO - Saved article: CAG flags gaps in disaster preparedness in State hospitals - The Hindu from The Hindu (599 words)
2025-12-20 19:23:05,857 - INFO - [BBC] Early skip: URL https://www.bbc.com/news/articles/c8r38ne1x2mo?at_medium=RSS&at_campaign=rss already exists.
2025-12-20 19:23:06,061 - INFO - [The Guardian] Early skip: URL https://www.theguardian.com/australia-news/2025/dec/20/lithium-battery-fire-on-truck-shuts-down-hume-highway-in-nsw-due-to-health-risk already exists.
2025-12-20 19:23:06,328 - INFO - [Times of India] Article: https://timesofindia.indiatimes.com/world/us-streamers/captain-puffy-reveals-pokimane-spoke-to-her-about-ellum-allegations-before-viral-tiktok-backlash-began/articleshow/126097167.cms
2025-12-20 19:23:06,328 - INFO - [Times of India] Attempt 1/1: Trying with 'selenium_browser' strategy...
2025-12-20 19:23:06,329 - INFO - [BBC] Early skip: URL https://www.bbc.com/news/articles/cp89p41gr06o?at_medium=RSS&at_campaign=rss already exists.
2025-12-20 19:23:06,565 - INFO - [The Guardian] Early skip: URL https://www.theguardian.com/australia-news/2025/dec/20/nsw-premier-announces-new-laws-banning-hate-speech-and-symbols-in-wake-of-bondi-beach-terror-attack already exists.
2025-12-20 19:23:06,768 - INFO - [BBC] Early skip: URL https://www.bbc.com/news/articles/cp84p722m3do?at_medium=RSS&at_campaign=rss already exists.
2025-12-20 19:23:07,067 - INFO - [The Hindu] Article: https://www.thehindu.com/news/national/kerala/sreenivasan-turned-thrikkarippur-into-a-theatre-hub/article70419421.ece
2025-12-20 19:23:07,067 - INFO - [The Hindu] Attempt 1/1: Trying with 'selenium_browser' strategy...
2025-12-20 19:23:07,068 - INFO - [The Guardian] Early skip: URL https://www.theguardian.com/news/ng-interactive/2025/dec/20/a-swim-for-unity-at-bondi-beach-the-scene-of-sydneys-darkest-day-but-on-land-tensions-fray already exists.
2025-12-20 19:23:07,191 - INFO - [BBC] Early skip: URL https://www.bbc.com/news/articles/c5y9x4pj54eo?at_medium=RSS&at_campaign=rss already exists.
2025-12-20 19:23:07,398 - INFO - [The Guardian] Early skip: URL https://www.theguardian.com/science/2025/dec/19/when-attacks-unfold-what-makes-a-person-run-towards-danger already exists.
2025-12-20 19:23:07,500 - INFO - [BBC] Early skip: URL https://www.bbc.com/news/articles/c3e025vyppeo?at_medium=RSS&at_campaign=rss already exists.
2025-12-20 19:23:07,757 - INFO - [BBC] Early skip: URL https://www.bbc.com/news/articles/cpq4p535347o?at_medium=RSS&at_campaign=rss already exists.
2025-12-20 19:23:07,862 - INFO - [The Guardian] Early skip: URL https://www.theguardian.com/politics/2025/dec/20/uk-aid-cuts-take-40-from-funds-to-counter-russian-threat-in-western-balkans already exists.
2025-12-20 19:23:08,118 - INFO - [BBC] Early skip: URL https://www.bbc.com/news/articles/cm21pxen1jno?at_medium=RSS&at_campaign=rss already exists.
2025-12-20 19:23:08,327 - INFO - [BBC] Early skip: URL https://www.bbc.com/news/articles/cn98pzr8x79o?at_medium=RSS&at_campaign=rss already exists.
2025-12-20 19:23:08,574 - INFO - [The Guardian] Early skip: URL https://www.theguardian.com/world/2025/dec/20/brussels-bike-ban-plan-for-pedestrian-zone-dangerous-and-absurd already exists.
2025-12-20 19:23:08,776 - INFO - [The Guardian] Early skip: URL https://www.theguardian.com/world/live/2025/dec/19/ukraine-war-live-zelenskyy-european-union-agreement-90bn-loan-deal-kyiv already exists.
2025-12-20 19:23:08,975 - INFO - [The Guardian] Early skip: URL https://www.theguardian.com/world/2025/dec/19/ukraine-attacks-russian-shadow-tanker-off-libyan-coast already exists.
2025-12-20 19:23:09,163 - INFO - [BBC] Early skip: URL https://www.bbc.com/news/articles/c2k422e7ykvo?at_medium=RSS&at_campaign=rss already exists.
2025-12-20 19:23:09,392 - INFO - [The Guardian] Early skip: URL https://www.theguardian.com/world/2025/dec/19/eu-ukraine-loan-plan-b-frozen-russian-assets already exists.
2025-12-20 19:23:09,628 - INFO - [BBC] Early skip: URL https://www.bbc.com/news/articles/c2462r82864o?at_medium=RSS&at_campaign=rss already exists.
2025-12-20 19:23:09,768 - INFO - [The Guardian] Early skip: URL https://www.theguardian.com/world/2025/dec/20/israeli-troops-kill-palestinians-sheltering-in-gaza-school-hospital-chiefs already exists.
2025-12-20 19:23:09,979 - INFO - [BBC] Early skip: URL https://www.bbc.com/news/articles/c4gp4ze002mo?at_medium=RSS&at_campaign=rss already exists.
2025-12-20 19:23:10,166 - INFO - [The Guardian] Early skip: URL https://www.theguardian.com/world/2025/dec/19/gaza-famine-hunger-food-shortages-winter-flooding-un already exists.
2025-12-20 19:23:10,448 - INFO - [The Guardian] Early skip: URL https://www.theguardian.com/global-development/2025/dec/19/gaza-phd-student-manar-al-houbi-granted-access-to-uk-but-others-remain-stranded already exists.
2025-12-20 19:23:10,663 - INFO - [BBC] Early skip: URL https://www.bbc.com/news/articles/cj69px875ewo?at_medium=RSS&at_campaign=rss already exists.
2025-12-20 19:23:10,909 - INFO - [BBC] Early skip: URL https://www.bbc.com/news/articles/ckgdpz0gp3jo?at_medium=RSS&at_campaign=rss already exists.
2025-12-20 19:23:11,094 - INFO - [BBC] Early skip: URL https://www.bbc.com/news/articles/cgexp1q8wn1o?at_medium=RSS&at_campaign=rss already exists.
2025-12-20 19:23:11,233 - INFO - [The Guardian] Early skip: URL https://www.theguardian.com/global-development/2025/dec/19/iranian-boxing-champion-mohammad-javad-vafaei-sani-risk-of-execution-retrial-request-rejected already exists.
2025-12-20 19:23:11,377 - INFO - [The Guardian] Early skip: URL https://www.theguardian.com/world/2025/dec/18/rainfall-iran-hormuz-island-red-beach already exists.
2025-12-20 19:23:11,486 - INFO - [BBC] Early skip: URL https://www.bbc.com/news/articles/cn09p4kjj4wo?at_medium=RSS&at_campaign=rss already exists.
2025-12-20 19:23:11,704 - INFO - [BBC] Early skip: URL https://www.bbc.com/news/articles/cy842jdw98vo?at_medium=RSS&at_campaign=rss already exists.
2025-12-20 19:23:11,902 - INFO - [BBC] Early skip: URL https://www.bbc.com/news/articles/cj69px875ewo?at_medium=RSS&at_campaign=rss already exists.
2025-12-20 19:23:12,132 - INFO - [BBC] Early skip: URL https://www.bbc.com/news/articles/c4g94ywgxd6o?at_medium=RSS&at_campaign=rss already exists.
2025-12-20 19:23:12,312 - INFO - [BBC] Early skip: URL https://www.bbc.com/news/articles/c5y27ekr26xo?at_medium=RSS&at_campaign=rss already exists.
2025-12-20 19:23:12,486 - INFO - [BBC] Early skip: URL https://www.bbc.com/news/articles/cedx6vn5202o?at_medium=RSS&at_campaign=rss already exists.
2025-12-20 19:23:12,661 - INFO - [BBC] Early skip: URL https://www.bbc.com/news/articles/cwyp8erjp82o?at_medium=RSS&at_campaign=rss already exists.
2025-12-20 19:23:12,792 - INFO - [BBC] Early skip: URL https://www.bbc.com/news/articles/cqxql12317qo?at_medium=RSS&at_campaign=rss already exists.
2025-12-20 19:23:14,146 - INFO - [The Hindu] Page content loaded.
2025-12-20 19:23:14,229 - INFO - [The Hindu] Success with 'selenium_browser'. Found content (364 words).
2025-12-20 19:24:01,383 - INFO - DEDUPLICATION: Found match (Score: 0.72). Linking to Cluster ID: 67168680-0f97-4406-81a0-23783f5bbe6a
2025-12-20 19:24:01,386 - INFO - Saved article: Sreenivasan turned Thrikkarippur into a theatre hub - The Hindu from The Hindu (364 words)
2025-12-20 19:24:02,060 - INFO - [The Hindu] Article: https://www.thehindu.com/news/national/karnataka/gba-introduces-qr-code-to-help-locate-nearest-pulse-polio-centre/article70420353.ece
2025-12-20 19:24:02,060 - INFO - [The Hindu] Attempt 1/1: Trying with 'selenium_browser' strategy...
2025-12-20 19:24:22,088 - ERROR - [The Hindu] Request failed for strategy 'selenium_browser' on URL https://www.thehindu.com/news/national/karnataka/gba-introduces-qr-code-to-help-locate-nearest-pulse-polio-centre/article70420353.ece: Message: timeout: Timed out receiving message from renderer: 19.948
  (Session info: chrome=143.0.7499.109)
Stacktrace:
#0 0x55b85e88e61a <unknown>
#1 0x55b85e30b20b <unknown>
#2 0x55b85e2f32aa <unknown>
#3 0x55b85e2f2f8d <unknown>
#4 0x55b85e2f0e47 <unknown>
#5 0x55b85e2f175f <unknown>
#6 0x55b85e2fff20 <unknown>
#7 0x55b85e3195e7 <unknown>
#8 0x55b85e31fc9b <unknown>
#9 0x55b85e2f1e88 <unknown>
#10 0x55b85e319356 <unknown>
#11 0x55b85e3a8580 <unknown>
#12 0x55b85e34f232 <unknown>
#13 0x55b85e34fee1 <unknown>
#14 0x55b85e8573f9 <unknown>
#15 0x55b85e85a34d <unknown>
#16 0x55b85e840122 <unknown>
#17 0x55b85e85af2b <unknown>
#18 0x55b85e826c30 <unknown>
#19 0x55b85e87bd78 <unknown>
#20 0x55b85e87bf4c <unknown>
#21 0x55b85e88d973 <unknown>
#22 0x7f5b9129caa4 <unknown>
#23 0x7f5b91329c6c <unknown>

2025-12-20 19:24:22,089 - ERROR - [The Hindu] All scrape strategies failed for https://www.thehindu.com/news/national/karnataka/gba-introduces-qr-code-to-help-locate-nearest-pulse-polio-centre/article70420353.ece. Falling back to RSS description.
2025-12-20 19:24:22,089 - WARNING - SKIPPED (GLOBAL WORD LIMIT): Article 'GBA introduces QR-code to help locate nearest Pulse Polio centre' from The Hindu has only 3 words (Min: 90).
2025-12-20 19:24:23,433 - INFO - [The Hindu] Article: https://www.thehindu.com/news/national/tamil-nadu/complaint-filed-against-nitish-kumar-in-vaniyambadi-over-hijab-controversy/article70419826.ece
2025-12-20 19:24:23,433 - INFO - [The Hindu] Attempt 1/1: Trying with 'selenium_browser' strategy...
2025-12-20 19:24:24,153 - INFO - [The Hindu] Page content loaded.
2025-12-20 19:24:24,226 - INFO - [The Hindu] Success with 'selenium_browser'. Found content (305 words).
2025-12-20 19:25:06,394 - ERROR - [Times of India] Request failed for strategy 'selenium_browser' on URL https://timesofindia.indiatimes.com/world/us-streamers/captain-puffy-reveals-pokimane-spoke-to-her-about-ellum-allegations-before-viral-tiktok-backlash-began/articleshow/126097167.cms: HTTPConnectionPool(host='localhost', port=37275): Read timed out. (read timeout=120)
2025-12-20 19:25:06,394 - ERROR - [Times of India] All scrape strategies failed for https://timesofindia.indiatimes.com/world/us-streamers/captain-puffy-reveals-pokimane-spoke-to-her-about-ellum-allegations-before-viral-tiktok-backlash-began/articleshow/126097167.cms. Falling back to RSS description.
2025-12-20 19:25:06,394 - WARNING - SKIPPED (GLOBAL WORD LIMIT): Article 'Captain Puffy reveals Pokimane spoke to her about Ellum allegations before viral TikTok backlash began' from Times of India has only 59 words (Min: 90).
2025-12-20 19:25:11,234 - INFO - Saved article: Complaint filed against Nitish Kumar in Vaniyambadi over hijab controversy - The Hindu from The Hindu (305 words)
2025-12-20 19:25:11,234 - INFO - [Times of India] Article: https://timesofindia.indiatimes.com/world/us-streamers/envious-of-charlie-kirk-candace-owens-fires-back-at-ben-shapiro-as-amfest-clash-shakes-conservative-media/articleshow/126096896.cms
2025-12-20 19:25:11,234 - INFO - [Times of India] Attempt 1/1: Trying with 'selenium_browser' strategy...
2025-12-20 19:25:12,190 - INFO - [The Hindu] Article: https://www.thehindu.com/news/national/tamil-nadu/conference-on-radiology-held-at-cmc-in-vellore/article70419839.ece
2025-12-20 19:25:12,191 - INFO - [The Hindu] Attempt 1/1: Trying with 'selenium_browser' strategy...
2025-12-20 19:25:13,278 - INFO - [The Hindu] Page content loaded.
2025-12-20 19:25:13,323 - INFO - [The Hindu] Success with 'selenium_browser'. Found content (241 words).
2025-12-20 19:25:19,637 - CRITICAL - --- TIMEOUT: 2 scrape jobs did not complete in 300s. ---
2025-12-20 19:25:19,637 - ERROR - A thread has timed out and will be abandoned.
2025-12-20 19:25:19,637 - ERROR - A thread has timed out and will be abandoned.
2025-12-20 19:25:19,637 - INFO - Shutting down thread pool (wait=False)...
2025-12-20 19:25:19,637 - INFO - Scraped: 1 BBC, 1 The Guardian, 2 Timed_Out_Jobs articles. (Total saved: 2)
2025-12-20 19:25:19,639 - INFO - --- Scraping job finished ---
2025-12-20 19:25:19,640 - INFO - --- Scraper service stopped and database connection closed. ---
2025-12-20 19:25:19,640 - INFO - --- Main thread finished. Forcing process exit to kill zombie threads. ---
