2025-12-16 03:41:29,152 - INFO - Loading AI Semantic Model (all-MiniLM-L6-v2)...
2025-12-16 03:41:29,153 - INFO - Use pytorch device_name: cpu
2025-12-16 03:41:29,153 - INFO - Load pretrained SentenceTransformer: all-MiniLM-L6-v2
2025-12-16 03:41:30,109 - INFO - AI Model loaded successfully.
2025-12-16 03:41:30,110 - INFO - --- Scraper service started (CI Mode: Run Once) ---
2025-12-16 03:41:30,110 - INFO - --- Starting new scraping job (Parallel Mode) ---
2025-12-16 03:41:30,110 - INFO - Creating new robust session with 3 retries on 5xx/connection/read errors.
2025-12-16 03:41:30,110 - INFO - Proxy is DISABLED.
2025-12-16 03:41:30,110 - INFO - Starting scrape for BBC RSS feed: http://feeds.bbci.co.uk/news/world/rss.xml
2025-12-16 03:41:30,111 - INFO - [Times of India] (Thread) requires Selenium. Initializing driver...
2025-12-16 03:41:30,112 - INFO - Starting scrape for The Guardian RSS feed: https://www.theguardian.com/world/rss
2025-12-16 03:41:30,113 - INFO - [The Hindu] (Thread) requires Selenium. Initializing driver...
2025-12-16 03:41:30,113 - INFO - Submitted 4 jobs to thread pool. Waiting up to 300s for completion...
2025-12-16 03:41:30,400 - INFO - Found 45 articles in The Guardian RSS feed. Processing up to 30.
2025-12-16 03:41:30,400 - INFO - [The Guardian] Early skip: URL https://www.theguardian.com/education/2025/dec/14/ghana-students-uk-universities-face-deportion-funding-crisis already exists.
2025-12-16 03:41:30,409 - INFO - Found 23 articles in BBC RSS feed. Processing up to 30.
2025-12-16 03:41:30,566 - INFO - [BBC] Early skip: URL https://www.bbc.com/news/articles/ckgz15d5718o?at_medium=RSS&at_campaign=rss already exists.
2025-12-16 03:41:30,667 - INFO - [The Guardian] Early skip: URL https://www.theguardian.com/science/2025/dec/15/little-foot-hominin-fossil-may-be-new-species-of-human-ancestor already exists.
2025-12-16 03:41:30,967 - INFO - [BBC] Early skip: URL https://www.bbc.com/news/articles/c8dy54e6ljqo?at_medium=RSS&at_campaign=rss already exists.
2025-12-16 03:41:31,099 - INFO - [The Guardian] Early skip: URL https://www.theguardian.com/world/2025/dec/13/drone-strike-on-un-facility-in-war-torn-sudan-leaves-six-peacekeepers-dead already exists.
2025-12-16 03:41:31,337 - INFO - [BBC] Early skip: URL https://www.bbc.com/news/articles/cn41gqq8vyko?at_medium=RSS&at_campaign=rss already exists.
2025-12-16 03:41:31,586 - INFO - [The Guardian] Early skip: URL https://www.theguardian.com/world/2025/dec/13/us-accuses-rwanda-of-violating-peace-deal already exists.
2025-12-16 03:41:31,752 - INFO - [BBC] Early skip: URL https://www.bbc.com/news/articles/ce8qnzd680ro?at_medium=RSS&at_campaign=rss already exists.
2025-12-16 03:41:32,026 - INFO - [The Guardian] Early skip: URL https://www.theguardian.com/us-news/2025/dec/12/trump-ends-temporary-legal-status-ethiopia already exists.
2025-12-16 03:41:32,222 - INFO - [BBC] Early skip: URL https://www.bbc.com/news/articles/cjrjq2v7l3po?at_medium=RSS&at_campaign=rss already exists.
2025-12-16 03:41:32,426 - INFO - [The Guardian] Early skip: URL https://www.theguardian.com/world/2025/dec/15/trinidad-tobago-us-access-airports-venezuela-tensions-grow already exists.
2025-12-16 03:41:32,667 - INFO - [BBC] Early skip: URL https://www.bbc.com/news/articles/cp844kjj37vo?at_medium=RSS&at_campaign=rss already exists.
2025-12-16 03:41:32,900 - INFO - [The Guardian] Early skip: URL https://www.theguardian.com/world/2025/dec/15/jose-antonio-kast-chile-election-analysis already exists.
2025-12-16 03:41:33,068 - INFO - [BBC] Early skip: URL https://www.bbc.com/news/articles/c2dz15556l1o?at_medium=RSS&at_campaign=rss already exists.
2025-12-16 03:41:33,321 - INFO - [The Guardian] Early skip: URL https://www.theguardian.com/world/2025/dec/15/maria-corina-machado-venezuela-norway already exists.
2025-12-16 03:41:33,458 - INFO - [BBC] Early skip: URL https://www.bbc.com/news/articles/cjwyzlly6eno?at_medium=RSS&at_campaign=rss already exists.
2025-12-16 03:41:33,737 - INFO - [The Guardian] Early skip: URL https://www.theguardian.com/world/2025/dec/15/jose-antonio-kast-wins-election-chile-president already exists.
2025-12-16 03:41:34,030 - INFO - [BBC] Early skip: URL https://www.bbc.com/news/articles/cdxwg94v4veo?at_medium=RSS&at_campaign=rss already exists.
2025-12-16 03:41:34,291 - INFO - [The Guardian] Early skip: URL https://www.theguardian.com/us-news/2025/dec/14/jetblue-pilot-avoids-midair-collision-air-force-venezuela already exists.
2025-12-16 03:41:34,510 - INFO - [BBC] Early skip: URL https://www.bbc.com/news/articles/c0kde07lvvro?at_medium=RSS&at_campaign=rss already exists.
2025-12-16 03:41:34,782 - INFO - [The Guardian] Early skip: URL https://www.theguardian.com/world/2025/dec/16/trump-urges-xi-jinping-to-free-hk-pro-democracy-media-tycoon-jimmy-lai already exists.
2025-12-16 03:41:34,907 - INFO - [BBC] Early skip: URL https://www.bbc.com/news/articles/ckg9ll6jpl0o?at_medium=RSS&at_campaign=rss already exists.
2025-12-16 03:41:35,105 - INFO - [The Guardian] Early skip: URL https://www.theguardian.com/business/2025/dec/15/uk-south-korea-sign-new-trade-deal-cars-food-drink-pharmaceutical-exports already exists.
2025-12-16 03:41:35,260 - INFO - [BBC] Early skip: URL https://www.bbc.com/news/articles/cvg1r89m6g7o?at_medium=RSS&at_campaign=rss already exists.
2025-12-16 03:41:35,490 - INFO - [The Guardian] Early skip: URL https://www.theguardian.com/world/2025/dec/15/china-uyghur-human-rights-ice already exists.
2025-12-16 03:41:35,715 - INFO - [BBC] Early skip: URL https://www.bbc.com/news/articles/c2dz7r708dxo?at_medium=RSS&at_campaign=rss already exists.
2025-12-16 03:41:35,961 - INFO - [The Guardian] Early skip: URL https://www.theguardian.com/world/2025/dec/15/uk-condemns-hong-kongs-politically-motivated-targeting-of-jimmy-lai-after-conviction already exists.
2025-12-16 03:41:36,233 - INFO - [BBC] Early skip: URL https://www.bbc.com/news/articles/crl938n0872o?at_medium=RSS&at_campaign=rss already exists.
2025-12-16 03:41:36,374 - INFO - [The Guardian] Early skip: URL https://www.theguardian.com/world/2025/dec/15/jimmy-lai-verdict-hong-kong-judges-national-security-charges already exists.
2025-12-16 03:41:36,602 - INFO - [BBC] Early skip: URL https://www.bbc.com/news/articles/cy4709kylkxo?at_medium=RSS&at_campaign=rss already exists.
2025-12-16 03:41:36,820 - INFO - [The Guardian] Early skip: URL https://www.theguardian.com/australia-news/live/2025/dec/16/bondi-beach-shooting-live-updates-victims-terror-attack-jewish-festival-hanukah-al-ahmed-hero-gun-control-ntwnfb already exists.
2025-12-16 03:41:36,938 - INFO - [BBC] Early skip: URL https://www.bbc.com/news/articles/c20gl66r0wno?at_medium=RSS&at_campaign=rss already exists.
2025-12-16 03:41:37,122 - INFO - Selenium driver initialized successfully.
2025-12-16 03:41:37,122 - INFO - Starting scrape for Times of India RSS feed: https://timesofindia.indiatimes.com/rssfeeds/296589292.cms
2025-12-16 03:41:37,123 - INFO - Selenium driver initialized successfully.
2025-12-16 03:41:37,123 - INFO - Starting scrape for The Hindu RSS feed: https://www.thehindu.com/news/national/feeder/default.rss
2025-12-16 03:41:37,131 - INFO - [The Guardian] Article: https://www.theguardian.com/australia-news/2025/dec/16/bondi-beach-terror-attack-shooters-alleged-father-son-isis-philippines-training-ntwnfb
2025-12-16 03:41:37,131 - INFO - [The Guardian] Attempt 1/1: Trying with 'requests_browser' strategy...
2025-12-16 03:41:37,132 - INFO - [BBC] Early skip: URL https://www.bbc.com/news/articles/clyzzxggl7go?at_medium=RSS&at_campaign=rss already exists.
2025-12-16 03:41:37,175 - INFO - [The Guardian] Success with 'requests_browser'. Found content (260 words).
2025-12-16 03:41:37,499 - INFO - Found 20 articles in Times of India RSS feed. Processing up to 30.
2025-12-16 03:41:37,518 - INFO - Found 100 articles in The Hindu RSS feed. Processing up to 30.
2025-12-16 03:42:28,565 - INFO - DEDUPLICATION: Found match (Score: 0.81). Linking to Cluster ID: b1f403b7-fc3a-4108-a393-565558bb0d21
2025-12-16 03:42:28,567 - INFO - Saved article: Bondi terror attack: alleged gunmen travelled to the Philippines before ‘ISIS-inspired’ shooting | Bondi beach terror attack | The Guardian from The Guardian (260 words)
2025-12-16 03:42:28,567 - INFO - [BBC] Early skip: URL https://www.bbc.com/news/articles/ckg9l1j9wxno?at_medium=RSS&at_campaign=rss already exists.
2025-12-16 03:42:28,825 - INFO - [Times of India] Article: https://timesofindia.indiatimes.com/world/us/russia-ukraine-war-donald-trump-assures-peace-deal-closer-than-ever-watch/articleshow/125993524.cms
2025-12-16 03:42:28,826 - INFO - [Times of India] Attempt 1/1: Trying with 'selenium_browser' strategy...
2025-12-16 03:42:28,826 - INFO - [The Hindu] Early skip: URL https://www.thehindu.com/news/cities/bangalore/caught-in-a-limbo-unfinished-ramps-delay-full-benefits-of-double-decker-flyover-rotary-flyover-at-baiyappanahalli-fails-to-take-off/article70395423.ece already exists.
2025-12-16 03:42:29,042 - INFO - [BBC] Article: https://www.bbc.com/news/videos/c3e0wnv5zx2o?at_medium=RSS&at_campaign=rss
2025-12-16 03:42:29,042 - INFO - [BBC] Attempt 1/1: Trying with 'requests_browser' strategy...
2025-12-16 03:42:29,043 - INFO - [The Hindu] Early skip: URL https://www.thehindu.com/news/cities/Delhi/singapore-high-commissions-advisory-on-air-pollution-triggers-war-of-words/article70400268.ece already exists.
2025-12-16 03:42:29,316 - INFO - [The Hindu] Early skip: URL https://www.thehindu.com/news/national/army-celebrates-vijay-diwas-hails-indigenous-technology/article70400250.ece already exists.
2025-12-16 03:42:29,447 - WARNING - [BBC] FAILED with 'requests_browser' (content was too short: 79 words).
2025-12-16 03:42:29,447 - ERROR - [BBC] All scrape strategies failed for https://www.bbc.com/news/videos/c3e0wnv5zx2o?at_medium=RSS&at_campaign=rss. Falling back to RSS description.
2025-12-16 03:42:29,447 - WARNING - SKIPPED (GLOBAL WORD LIMIT): Article 'How the Bondi Beach shooting unfolded' from BBC has only 16 words (Min: 90).
2025-12-16 03:42:29,502 - INFO - [The Hindu] Early skip: URL https://www.thehindu.com/news/national/jammu-and-kashmir/act-against-oppn-mlas-behindinterference-in-power-projects-of-national-importance-in-kishtwar-omar-abdullah/article70399775.ece already exists.
2025-12-16 03:42:29,780 - INFO - [The Guardian] Article: https://www.theguardian.com/australia-news/2025/dec/16/australian-prime-minister-albanese-visits-ahmed-al-ahmed-hospital-bondi-hero-ntwnfb
2025-12-16 03:42:29,780 - INFO - [The Guardian] Attempt 1/1: Trying with 'requests_browser' strategy...
2025-12-16 03:42:29,782 - INFO - [The Hindu] Early skip: URL https://www.thehindu.com/news/national/why-full-audio-clip-on-manipur-violence-was-not-sent-to-forensics-asks-sc/article70400330.ece already exists.
2025-12-16 03:42:29,926 - INFO - [The Hindu] Early skip: URL https://www.thehindu.com/news/cities/Hyderabad/minimum-temperature-in-telangana-likely-to-dip-by-3-4c-over-next-two-days/article70399507.ece already exists.
2025-12-16 03:42:30,121 - INFO - [The Guardian] Success with 'requests_browser'. Found content (530 words).
2025-12-16 03:42:46,253 - INFO - [Times of India] Page content loaded.
2025-12-16 03:42:46,649 - INFO - [Times of India] Success with 'selenium_browser'. Found content (555 words).
2025-12-16 03:43:28,097 - INFO - DEDUPLICATION: Found match (Score: 0.84). Linking to Cluster ID: 7e82e1ee-6e7b-49dc-87a4-7dfcfbd7dfb6
2025-12-16 03:43:28,099 - INFO - Saved article: ‘Best of our country’: Australian prime minister visits Bondi hero Ahmed al-Ahmed in Sydney hospital | Bondi beach terror attack | The Guardian from The Guardian (530 words)
2025-12-16 03:43:28,099 - INFO - [The Hindu] Early skip: URL https://www.thehindu.com/news/national/kerala/youth-killed-as-bike-crashes-into-metro-pillar/article70400300.ece already exists.
2025-12-16 03:43:28,292 - INFO - [BBC] Early skip: URL https://www.bbc.com/news/videos/cy8jpzdg1y3o?at_medium=RSS&at_campaign=rss already exists.
2025-12-16 03:44:22,458 - INFO - DEDUPLICATION: Found match (Score: 0.79). Linking to Cluster ID: 18108d07-c113-4781-9548-0b8269ce6750
2025-12-16 03:44:22,460 - INFO - Saved article: Russia-Ukraine war: Donald Trump assures peace deal 'closer than ever' - watch - The Times of India from Times of India (555 words)
2025-12-16 03:44:22,460 - INFO - [The Hindu] Early skip: URL https://www.thehindu.com/news/national/kerala/suraj-lama-missing-case-police-submit-report-to-kerala-high-court/article70400317.ece already exists.
2025-12-16 03:44:22,596 - INFO - [BBC] Article: https://www.bbc.com/news/videos/c62l00q1v88o?at_medium=RSS&at_campaign=rss
2025-12-16 03:44:22,596 - INFO - [BBC] Attempt 1/1: Trying with 'requests_browser' strategy...
2025-12-16 03:44:22,598 - INFO - [The Guardian] Article: https://www.theguardian.com/australia-news/2025/dec/16/he-went-down-fighting-daughter-of-bondi-terror-victim-reuven-morrison-says-her-father-threw-bricks-at-the-alleged-gunmen-ntwnfb
2025-12-16 03:44:22,598 - INFO - [The Guardian] Attempt 1/1: Trying with 'requests_browser' strategy...
2025-12-16 03:44:22,599 - INFO - [The Hindu] Early skip: URL https://www.thehindu.com/news/national/kerala/pipeline-bursts-again-at-kaloor-residents-stage-protest/article70400449.ece already exists.
2025-12-16 03:44:22,638 - INFO - [The Guardian] Success with 'requests_browser'. Found content (441 words).
2025-12-16 03:44:22,827 - WARNING - [BBC] FAILED with 'requests_browser' (content was too short: 81 words).
2025-12-16 03:44:22,827 - ERROR - [BBC] All scrape strategies failed for https://www.bbc.com/news/videos/c62l00q1v88o?at_medium=RSS&at_campaign=rss. Falling back to RSS description.
2025-12-16 03:44:22,827 - WARNING - SKIPPED (GLOBAL WORD LIMIT): Article 'Eyewitness captures moment man tackles and disarms Bondi shooter' from BBC has only 23 words (Min: 90).
2025-12-16 03:45:16,057 - INFO - Saved article: ‘He went down fighting’: daughter of Bondi terror victim Reuven Morrison says her father threw bricks at the gunman | Bondi beach terror attack | The Guardian from The Guardian (441 words)
2025-12-16 03:45:16,058 - INFO - [The Hindu] Early skip: URL https://www.thehindu.com/news/cities/Kochi/thikkakara-municipality-sees-two-contenders-for-chairperson-post/article70399542.ece already exists.
2025-12-16 03:45:16,214 - INFO - [Times of India] Article: https://timesofindia.indiatimes.com/world/us/acted-intentionally-maliciously-trump-sues-bbc-over-edited-capitol-speech-seeks-5bn-in-defamation-claim/articleshow/125993435.cms
2025-12-16 03:45:16,214 - INFO - [Times of India] Attempt 1/1: Trying with 'selenium_browser' strategy...
2025-12-16 03:45:16,215 - INFO - [BBC] Article: https://www.bbc.com/news/videos/c8jw3841vk9o?at_medium=RSS&at_campaign=rss
2025-12-16 03:45:16,215 - INFO - [BBC] Attempt 1/1: Trying with 'requests_browser' strategy...
2025-12-16 03:45:16,216 - INFO - [The Hindu] Early skip: URL https://www.thehindu.com/news/national/kerala/in-kochi-corporation-palluruthy-is-ldfs-only-bright-spot/article70399126.ece already exists.
2025-12-16 03:45:16,283 - WARNING - [BBC] FAILED with 'requests_browser' (content was too short: 60 words).
2025-12-16 03:45:16,283 - ERROR - [BBC] All scrape strategies failed for https://www.bbc.com/news/videos/c8jw3841vk9o?at_medium=RSS&at_campaign=rss. Falling back to RSS description.
2025-12-16 03:45:16,283 - WARNING - SKIPPED (GLOBAL WORD LIMIT): Article 'BBC captures celebrations as Belarus frees political prisoners' from BBC has only 18 words (Min: 90).
2025-12-16 03:45:16,412 - INFO - [The Hindu] Early skip: URL https://www.thehindu.com/news/cities/Delhi/aqi-aqi-chants-greet-cm-rekha-gupta-at-messi-event-in-smog-hit-delhi/article70400527.ece already exists.
2025-12-16 03:45:16,639 - INFO - [The Hindu] Early skip: URL https://www.thehindu.com/news/national/karnataka/48-flights-delayed-at-bengaluru-airport-owing-to-low-visibility/article70399178.ece already exists.
2025-12-16 03:45:16,807 - INFO - [The Guardian] Early skip: URL https://www.theguardian.com/australia-news/2025/dec/15/what-we-know-about-the-victims-of-the-bondi-beach-terror-attack already exists.
2025-12-16 03:45:17,047 - INFO - [The Hindu] Early skip: URL https://www.thehindu.com/news/cities/bangalore/bengaluru-police-book-two-pubs-including-shilpa-shettyco-owned-bastian-for-staying-open-late/article70400204.ece already exists.
2025-12-16 03:45:17,237 - INFO - [The Guardian] Early skip: URL https://www.theguardian.com/world/live/2025/dec/15/ukraine-us-russia-berlin-nato-eu-russian-funds-steve-witkoff-volodymyr-zelenskyy-vladimir-putin-europe-live-news already exists.
2025-12-16 03:45:17,330 - INFO - [Times of India] Page content loaded.
2025-12-16 03:45:17,379 - INFO - [The Hindu] Early skip: URL https://www.thehindu.com/news/national/tamil-nadu/kanchi-kamakoti-peetam-moves-madras-high-court-to-take-back-its-elephants/article70399104.ece already exists.
2025-12-16 03:45:17,465 - INFO - [Times of India] Success with 'selenium_browser'. Found content (804 words).
2025-12-16 03:45:17,613 - INFO - [The Guardian] Early skip: URL https://www.theguardian.com/world/2025/dec/15/ukraine-talks-european-leaders-meet-berlin-starmer-macron-zelenskyy-merz-us-witkoff already exists.
2025-12-16 03:46:13,794 - INFO - Saved article: ‘Acted intentionally, maliciously’: Trump sues BBC over edited Jan 6 speech; seeks $10bn in defamation claim - The Times of India from Times of India (804 words)
2025-12-16 03:46:13,795 - INFO - [The Hindu] Article: https://www.thehindu.com/news/national/tamil-nadu/stalin-to-lay-foundation-for-hajj-house-near-chennai-airport/article70400117.ece
2025-12-16 03:46:13,795 - INFO - [The Hindu] Attempt 1/1: Trying with 'selenium_browser' strategy...
2025-12-16 03:46:13,796 - INFO - [BBC] Early skip: URL https://www.bbc.com/news/videos/c80xx09k485o?at_medium=RSS&at_campaign=rss already exists.
2025-12-16 03:46:14,007 - INFO - [The Guardian] Early skip: URL https://www.theguardian.com/world/2025/dec/15/spain-to-launch-60-monthly-nationwide-public-transport-pass already exists.
2025-12-16 03:46:14,145 - INFO - [The Guardian] Early skip: URL https://www.theguardian.com/world/2025/dec/15/russia-ukraine-deal-security-guarantees-starmer already exists.
2025-12-16 03:46:14,375 - INFO - [The Guardian] Early skip: URL https://www.theguardian.com/uk-news/2025/dec/15/britain-caught-in-space-between-peace-and-war-new-head-of-mi6-warns already exists.
2025-12-16 03:46:14,509 - INFO - [Times of India] Early skip: URL https://timesofindia.indiatimes.com/world/us-streamers/disturbing-influencers-cause-livestream-chaos-outside-rob-reiner-home-amid-double-murder-investigation/articleshow/125993185.cms already exists.
2025-12-16 03:46:14,733 - INFO - [The Guardian] Early skip: URL https://www.theguardian.com/world/2025/dec/15/assad-family-live-in-russian-luxury-as-bashar-brushes-up-on-ophthalmology already exists.
2025-12-16 03:46:15,019 - INFO - [Times of India] Early skip: URL https://timesofindia.indiatimes.com/world/us/this-individual-definitely-targeted-brown-university-police-release-new-footage-and-suspect-details-heres-what-we-know/articleshow/125992848.cms already exists.
2025-12-16 03:46:15,027 - INFO - [The Hindu] Page content loaded.
2025-12-16 03:46:15,133 - WARNING - [The Hindu] FAILED with 'selenium_browser' (content was too short: 81 words).
2025-12-16 03:46:15,133 - ERROR - [The Hindu] All scrape strategies failed for https://www.thehindu.com/news/national/tamil-nadu/stalin-to-lay-foundation-for-hajj-house-near-chennai-airport/article70400117.ece. Falling back to RSS description.
2025-12-16 03:46:15,133 - WARNING - SKIPPED (GLOBAL WORD LIMIT): Article 'Stalin to lay foundation for Hajj House near Chennai airport' from The Hindu has only 3 words (Min: 90).
2025-12-16 03:46:15,182 - INFO - [The Guardian] Early skip: URL https://www.theguardian.com/world/2025/dec/13/israel-says-its-military-killed-hamas-commander-raed-saed-in-gaza-city-strike already exists.
2025-12-16 03:46:15,434 - INFO - [The Guardian] Early skip: URL https://www.theguardian.com/world/2025/dec/13/new-israeli-barrier-slice-through-precious-west-bank-farmland already exists.
2025-12-16 03:46:15,733 - INFO - [Times of India] Early skip: URL https://timesofindia.indiatimes.com/world/us/watch-private-jet-crashes-during-emergency-landing-in-mexico-new-footage-shows-moments-before-deadly-crash/articleshow/125992976.cms already exists.
2025-12-16 03:46:15,970 - INFO - [The Hindu] Early skip: URL https://www.thehindu.com/news/national/tamil-nadu/chief-minister-mk-stalin-presents-muthamizh-peravai-awards-to-artistes/article70400065.ece already exists.
2025-12-16 03:46:16,250 - INFO - [The Guardian] Early skip: URL https://www.theguardian.com/world/2025/dec/12/nobel-peace-prize-laureate-narges-mohammadi-arrested-iran already exists.
2025-12-16 03:46:16,500 - INFO - [The Guardian] Early skip: URL https://www.theguardian.com/tv-and-radio/2025/dec/11/nemo-eurovision-winner-2024-hand-back-trophy-protest-israel-taking-part-2025 already exists.
2025-12-16 03:46:16,733 - INFO - [The Hindu] Early skip: URL https://www.thehindu.com/news/national/tamil-nadu/association-seeks-gi-tag-for-thoothukudi-pearls/article70399524.ece already exists.
2025-12-16 03:46:16,869 - INFO - [The Hindu] Early skip: URL https://www.thehindu.com/news/national/tamil-nadu/nlcil-receives-nod-to-build-110-mw-solar-power-project-in-uttar-pradesh/article70398884.ece already exists.
2025-12-16 03:46:17,066 - INFO - [Times of India] Early skip: URL https://timesofindia.indiatimes.com/world/us/trump-signs-executive-order-reclassifying-fentanyl-as-weapon-of-mass-destruction/articleshow/125993028.cms already exists.
2025-12-16 03:46:17,241 - INFO - [The Hindu] Early skip: URL https://www.thehindu.com/news/national/tamil-nadu/annamalai-university-faculty-get-355-crore-research-funding-from-rampd-wing-of-nlcil/article70398592.ece already exists.
2025-12-16 03:46:17,369 - INFO - [Times of India] Article: https://timesofindia.indiatimes.com/world/us/a-holiday-party-a-blow-up-and-a-murder-inside-the-rob-reiner-and-wife-michele-singer-nightmare/articleshow/125993123.cms
2025-12-16 03:46:17,369 - INFO - [Times of India] Attempt 1/1: Trying with 'selenium_browser' strategy...
2025-12-16 03:46:17,370 - INFO - [The Hindu] Article: https://www.thehindu.com/news/national/tamil-nadu/president-to-visit-vellore-on-december-17/article70399053.ece
2025-12-16 03:46:17,370 - INFO - [The Hindu] Attempt 1/1: Trying with 'selenium_browser' strategy...
2025-12-16 03:46:18,831 - INFO - [The Hindu] Page content loaded.
2025-12-16 03:46:19,076 - WARNING - [The Hindu] FAILED with 'selenium_browser' (content was too short: 59 words).
2025-12-16 03:46:19,076 - ERROR - [The Hindu] All scrape strategies failed for https://www.thehindu.com/news/national/tamil-nadu/president-to-visit-vellore-on-december-17/article70399053.ece. Falling back to RSS description.
2025-12-16 03:46:19,076 - WARNING - SKIPPED (GLOBAL WORD LIMIT): Article 'President to visit Vellore on December 17' from The Hindu has only 3 words (Min: 90).
2025-12-16 03:46:20,242 - INFO - [The Hindu] Early skip: URL https://www.thehindu.com/news/cities/bangalore/city-distillery-khoday-rejigs-its-positioning-in-alcobev-industry-after-remaining-sober-for-over-a-decade/article70399938.ece already exists.
2025-12-16 03:46:20,320 - INFO - [Times of India] Page content loaded.
2025-12-16 03:46:20,403 - INFO - [The Hindu] Early skip: URL https://www.thehindu.com/news/national/karnataka/nasscom-foundation-applied-materials-to-offer-stem-training-to-students-teachers-in-state-schools-across-malur/article70400192.ece already exists.
2025-12-16 03:46:20,455 - INFO - [Times of India] Success with 'selenium_browser'. Found content (907 words).
2025-12-16 03:46:30,114 - CRITICAL - --- TIMEOUT: 2 scrape jobs did not complete in 300s. ---
2025-12-16 03:46:30,114 - ERROR - A thread has timed out and will be abandoned.
2025-12-16 03:46:30,114 - ERROR - A thread has timed out and will be abandoned.
2025-12-16 03:46:30,114 - INFO - Shutting down thread pool (wait=False)...
2025-12-16 03:46:30,114 - INFO - Scraped: 0 BBC, 3 The Guardian, 2 Timed_Out_Jobs articles. (Total saved: 3)
2025-12-16 03:46:30,114 - INFO - --- Scraping job finished ---
2025-12-16 03:46:30,114 - INFO - --- Scraper service stopped and database connection closed. ---
2025-12-16 03:46:30,114 - INFO - --- Main thread finished. Forcing process exit to kill zombie threads. ---
