2026-01-11 06:39:44,897 - INFO - Loading AI Semantic Model (all-MiniLM-L6-v2)...
2026-01-11 06:39:44,898 - INFO - Use pytorch device_name: cpu
2026-01-11 06:39:44,898 - INFO - Load pretrained SentenceTransformer: all-MiniLM-L6-v2
2026-01-11 06:39:45,351 - INFO - AI Model loaded successfully.
2026-01-11 06:39:45,352 - INFO - --- Scraper service started (CI Mode: Run Once) ---
2026-01-11 06:39:45,352 - INFO - --- Starting new scraping job (Parallel Mode) ---
2026-01-11 06:39:45,352 - INFO - Creating new robust session with 3 retries on 5xx/connection/read errors.
2026-01-11 06:39:45,352 - INFO - Proxy is DISABLED.
2026-01-11 06:39:45,352 - INFO - Starting scrape for BBC RSS feed: http://feeds.bbci.co.uk/news/world/rss.xml
2026-01-11 06:39:45,353 - INFO - [Times of India] (Thread) requires Selenium. Initializing driver...
2026-01-11 06:39:45,353 - INFO - Starting scrape for The Guardian RSS feed: https://www.theguardian.com/world/rss
2026-01-11 06:39:45,355 - INFO - [The Hindu] (Thread) requires Selenium. Initializing driver...
2026-01-11 06:39:45,355 - INFO - Submitted 4 jobs to thread pool. Waiting up to 300s for completion...
2026-01-11 06:39:45,470 - INFO - Found 34 articles in BBC RSS feed. Processing up to 30.
2026-01-11 06:39:45,472 - INFO - [BBC] Early skip: URL https://www.bbc.com/news/articles/cm2jek15m8no?at_medium=RSS&at_campaign=rss already exists.
2026-01-11 06:39:45,501 - INFO - Found 45 articles in The Guardian RSS feed. Processing up to 30.
2026-01-11 06:39:45,686 - INFO - [The Guardian] Early skip: URL https://www.theguardian.com/global-development/2026/jan/09/the-gambia-female-genital-mutilation-fgm-supreme-court-case-overturn-ban already exists.
2026-01-11 06:39:45,980 - INFO - [BBC] Early skip: URL https://www.bbc.com/news/articles/cly9597r4qpo?at_medium=RSS&at_campaign=rss already exists.
2026-01-11 06:39:46,154 - INFO - [The Guardian] Early skip: URL https://www.theguardian.com/world/2026/jan/08/questions-targeting-impact-us-airstrikes-in-nigeria already exists.
2026-01-11 06:39:46,277 - INFO - [BBC] Early skip: URL https://www.bbc.com/news/articles/cvgpnwnqygro?at_medium=RSS&at_campaign=rss already exists.
2026-01-11 06:39:46,396 - INFO - [The Guardian] Early skip: URL https://www.theguardian.com/world/2026/jan/02/anthony-joshuas-driver-charged-with-dangerous-driving-after-fatal-crash-in-nigeria already exists.
2026-01-11 06:39:46,545 - INFO - [BBC] Early skip: URL https://www.bbc.com/news/articles/cly95x9qe4ko?at_medium=RSS&at_campaign=rss already exists.
2026-01-11 06:39:46,736 - INFO - [The Guardian] Early skip: URL https://www.theguardian.com/science/2026/jan/01/cremation-pyre-in-africa-thought-to-be-worlds-oldest-containing-adult-remains already exists.
2026-01-11 06:39:46,914 - INFO - [BBC] Early skip: URL https://www.bbc.com/news/articles/c623r47d67lo?at_medium=RSS&at_campaign=rss already exists.
2026-01-11 06:39:47,076 - INFO - [The Guardian] Early skip: URL https://www.theguardian.com/global-development/2026/jan/01/us-aid-cuts-conditions-un-humanitarian-pledge-ocha already exists.
2026-01-11 06:39:47,296 - INFO - [BBC] Early skip: URL https://www.bbc.com/news/articles/c0lx09e618yo?at_medium=RSS&at_campaign=rss already exists.
2026-01-11 06:39:47,415 - INFO - [The Guardian] Early skip: URL https://www.theguardian.com/us-news/2026/jan/10/us-citizens-venezuela-paramilitaries already exists.
2026-01-11 06:39:47,690 - INFO - [BBC] Early skip: URL https://www.bbc.com/news/articles/cn42jqlqy4xo?at_medium=RSS&at_campaign=rss already exists.
2026-01-11 06:39:47,978 - INFO - [The Guardian] Early skip: URL https://www.theguardian.com/world/2026/jan/10/nicaraguan-authorities-arrests-dozens-for-reportedly-supporting-maduro-capture already exists.
2026-01-11 06:39:48,119 - INFO - [BBC] Early skip: URL https://www.bbc.com/news/articles/cly95lpwl1ro?at_medium=RSS&at_campaign=rss already exists.
2026-01-11 06:39:48,319 - INFO - [The Guardian] Early skip: URL https://www.theguardian.com/news/ng-interactive/2026/jan/10/trump-territorial-ambition-imperialism already exists.
2026-01-11 06:39:48,593 - INFO - [BBC] Early skip: URL https://www.bbc.com/news/articles/c205dx61x76o?at_medium=RSS&at_campaign=rss already exists.
2026-01-11 06:39:48,762 - INFO - [The Guardian] Early skip: URL https://www.theguardian.com/us-news/2026/jan/09/trump-oil-company-executives-meeting-venezuela already exists.
2026-01-11 06:39:49,049 - INFO - [BBC] Early skip: URL https://www.bbc.com/news/articles/c78vj5n7jg3o?at_medium=RSS&at_campaign=rss already exists.
2026-01-11 06:39:49,248 - INFO - [The Guardian] Early skip: URL https://www.theguardian.com/world/2026/jan/09/trump-venezuela-leadership-meeting-opposition-machado already exists.
2026-01-11 06:39:49,362 - INFO - [BBC] Early skip: URL https://www.bbc.com/news/articles/ce3kqzepp5zo?at_medium=RSS&at_campaign=rss already exists.
2026-01-11 06:39:49,645 - INFO - [The Guardian] Early skip: URL https://www.theguardian.com/world/2026/jan/10/indonesia-blocks-musks-grok-chatbot-due-to-risk-of-pornographic-content already exists.
2026-01-11 06:39:49,906 - INFO - [BBC] Early skip: URL https://www.bbc.com/news/articles/c8d04zp8m26o?at_medium=RSS&at_campaign=rss already exists.
2026-01-11 06:39:50,175 - INFO - [The Guardian] Early skip: URL https://www.theguardian.com/world/2026/jan/08/alleged-scam-kingpin-chen-zhi-extradited-china-cambodia-arrest already exists.
2026-01-11 06:39:50,296 - INFO - [BBC] Early skip: URL https://www.bbc.com/news/articles/cn7jxm7jkg1o?at_medium=RSS&at_campaign=rss already exists.
2026-01-11 06:39:50,465 - INFO - [The Guardian] Early skip: URL https://www.theguardian.com/world/2026/jan/06/papua-new-guinea-internet-starlink-shut-down already exists.
2026-01-11 06:39:50,724 - INFO - [BBC] Early skip: URL https://www.bbc.com/news/articles/cdxj28xd542o?at_medium=RSS&at_campaign=rss already exists.
2026-01-11 06:39:50,961 - INFO - [The Guardian] Early skip: URL https://www.theguardian.com/world/2026/jan/06/what-us-action-in-venezuela-means-for-taiwan already exists.
2026-01-11 06:39:51,178 - INFO - [BBC] Early skip: URL https://www.bbc.com/news/articles/cgqe9kv9xxvo?at_medium=RSS&at_campaign=rss already exists.
2026-01-11 06:39:51,302 - INFO - [The Guardian] Early skip: URL https://www.theguardian.com/world/2026/jan/05/venezuela-trump-attack-china-interests-analysis already exists.
2026-01-11 06:39:51,567 - INFO - [BBC] Early skip: URL https://www.bbc.com/news/articles/c99kn52nx9do?at_medium=RSS&at_campaign=rss already exists.
2026-01-11 06:39:51,712 - INFO - [The Guardian] Early skip: URL https://www.theguardian.com/australia-news/2026/jan/11/weve-got-your-back-australian-pm-visits-bushfire-ravaged-towns-as-300-structures-destroyed-and-350000-hectares-burned already exists.
2026-01-11 06:39:51,893 - INFO - [BBC] Early skip: URL https://www.bbc.com/news/articles/c17zqz5pprwo?at_medium=RSS&at_campaign=rss already exists.
2026-01-11 06:39:52,085 - INFO - [The Guardian] Early skip: URL https://www.theguardian.com/culture/2026/jan/11/adelaide-festival-did-not-not-dump-jewish-columnist-from-2024-program-despite-request-from-randa-abdel-fattah-and-others already exists.
2026-01-11 06:39:52,323 - INFO - [BBC] Early skip: URL https://www.bbc.com/news/articles/ceqzj49gny4o?at_medium=RSS&at_campaign=rss already exists.
2026-01-11 06:39:52,527 - INFO - [The Guardian] Early skip: URL https://www.theguardian.com/environment/2026/jan/11/australia-cop31-chris-bowen-fossil-fuel-phaseout already exists.
2026-01-11 06:39:52,794 - INFO - [BBC] Early skip: URL https://www.bbc.com/news/articles/cwygjvkvpgro?at_medium=RSS&at_campaign=rss already exists.
2026-01-11 06:39:53,054 - INFO - [The Guardian] Early skip: URL https://www.theguardian.com/australia-news/2026/jan/11/call-centre-operator-centrelink-paid-no-tax-two-years already exists.
2026-01-11 06:39:53,316 - INFO - [BBC] Early skip: URL https://www.bbc.com/news/articles/cz7ndzw28v4o?at_medium=RSS&at_campaign=rss already exists.
2026-01-11 06:39:53,421 - INFO - [The Guardian] Early skip: URL https://www.theguardian.com/australia-news/live/2026/jan/10/australia-heatwave-updates-sydney-temperature-victorian-fires-bushfire-latest already exists.
2026-01-11 06:39:53,578 - INFO - [BBC] Early skip: URL https://www.bbc.com/news/articles/cz0pr807yz7o?at_medium=RSS&at_campaign=rss already exists.
2026-01-11 06:39:53,876 - INFO - [The Guardian] Early skip: URL https://www.theguardian.com/world/2026/jan/10/service-door-le-constellation-bar-where-40-died-in-fire-locked-from-inside-owner-says already exists.
2026-01-11 06:39:53,977 - INFO - [BBC] Early skip: URL https://www.bbc.com/news/articles/c338d55p0k6o?at_medium=RSS&at_campaign=rss already exists.
2026-01-11 06:39:54,138 - INFO - [The Guardian] Early skip: URL https://www.theguardian.com/world/2026/jan/10/thousands-of-irish-farmers-protest-against-eu-mercosur-trade-deal already exists.
2026-01-11 06:39:54,417 - INFO - [BBC] Early skip: URL https://www.bbc.com/news/articles/c1dz0dz0zkvo?at_medium=RSS&at_campaign=rss already exists.
2026-01-11 06:39:54,616 - INFO - [The Guardian] Early skip: URL https://www.theguardian.com/us-news/2026/jan/09/trump-greenland-threats-white-house already exists.
2026-01-11 06:39:54,901 - INFO - [BBC] Early skip: URL https://www.bbc.com/news/articles/cpwnd22lj54o?at_medium=RSS&at_campaign=rss already exists.
2026-01-11 06:39:55,107 - INFO - [The Guardian] Early skip: URL https://www.theguardian.com/world/live/2026/jan/09/ukraine-russia-tanker-fleet-meloni-switzerland-fire-greenland-europe-latest-news-updates already exists.
2026-01-11 06:39:55,391 - INFO - [BBC] Early skip: URL https://www.bbc.com/news/articles/cgrd2e7p9reo?at_medium=RSS&at_campaign=rss already exists.
2026-01-11 06:39:55,671 - INFO - [The Guardian] Early skip: URL https://www.theguardian.com/world/2026/jan/09/swiss-bar-fire-le-constellation-owner-arrested already exists.
2026-01-11 06:39:55,913 - INFO - [BBC] Early skip: URL https://www.bbc.com/news/articles/c9qp4wyzvlzo?at_medium=RSS&at_campaign=rss already exists.
2026-01-11 06:39:56,018 - INFO - [The Guardian] Early skip: URL https://www.theguardian.com/world/2026/jan/10/us-and-allies-strike-islamic-state-in-syria-after-attack-that-killed-three-americans already exists.
2026-01-11 06:39:56,304 - INFO - [BBC] Early skip: URL https://www.bbc.com/news/articles/c0mpmgn3jv2o?at_medium=RSS&at_campaign=rss already exists.
2026-01-11 06:39:56,407 - INFO - [The Guardian] Early skip: URL https://www.theguardian.com/global-development/2026/jan/10/iran-protesters-tell-of-brutal-police-response-deaths-and-forced-confessions already exists.
2026-01-11 06:39:56,521 - INFO - [BBC] Early skip: URL https://www.bbc.com/news/articles/c62wxezynk2o?at_medium=RSS&at_campaign=rss already exists.
2026-01-11 06:39:56,748 - INFO - [The Guardian] Early skip: URL https://www.theguardian.com/world/2026/jan/10/irans-internet-shutdown-is-strikingly-sophisticated-and-may-last-some-time already exists.
2026-01-11 06:39:56,942 - INFO - [BBC] Early skip: URL https://www.bbc.com/news/videos/c78veq59823o?at_medium=RSS&at_campaign=rss already exists.
2026-01-11 06:39:57,117 - INFO - [The Guardian] Early skip: URL https://www.theguardian.com/global-development/2026/jan/09/iran-supreme-leader-harsher-crackdown-protest-movement-swells already exists.
2026-01-11 06:39:57,320 - INFO - [BBC] Article: https://www.bbc.com/news/videos/c78e9vmn7dgo?at_medium=RSS&at_campaign=rss
2026-01-11 06:39:57,320 - INFO - [BBC] Attempt 1/1: Trying with 'requests_browser' strategy...
2026-01-11 06:39:57,322 - INFO - [The Guardian] Early skip: URL https://www.theguardian.com/world/2026/jan/09/growing-protests-in-iran-do-not-necessarily-herald-a-return-to-monarchy already exists.
2026-01-11 06:39:57,535 - WARNING - [BBC] FAILED with 'requests_browser' (content was too short: 77 words).
2026-01-11 06:39:57,535 - ERROR - [BBC] All scrape strategies failed for https://www.bbc.com/news/videos/c78e9vmn7dgo?at_medium=RSS&at_campaign=rss. Falling back to RSS description.
2026-01-11 06:39:57,535 - WARNING - SKIPPED (GLOBAL WORD LIMIT): Article 'Watch: Buildings in Tehran set on fire as demonstrations spread across Iran' from BBC has only 15 words (Min: 90).
2026-01-11 06:40:17,869 - INFO - Selenium driver initialized successfully.
2026-01-11 06:40:17,870 - INFO - Selenium driver initialized successfully.
2026-01-11 06:40:17,870 - INFO - Starting scrape for The Hindu RSS feed: https://www.thehindu.com/news/national/feeder/default.rss
2026-01-11 06:40:17,870 - INFO - Starting scrape for Times of India RSS feed: https://timesofindia.indiatimes.com/rssfeeds/296589292.cms
2026-01-11 06:40:17,950 - INFO - Found 100 articles in The Hindu RSS feed. Processing up to 30.
2026-01-11 06:40:17,950 - INFO - [The Hindu] Article: https://www.thehindu.com/news/national/tamil-nadu/dmk-will-win-more-than-200-seats-in-2026-elections-tamil-nadu-cm-stalin/article70494492.ece
2026-01-11 06:40:17,950 - INFO - [The Hindu] Attempt 1/1: Trying with 'selenium_browser' strategy...
2026-01-11 06:40:18,061 - INFO - Found 20 articles in Times of India RSS feed. Processing up to 30.
2026-01-11 06:40:18,061 - INFO - [Times of India] Article: https://timesofindia.indiatimes.com/world/middle-east/iran-simmers-over-100-killed-as-protests-intensify-what-military-options-is-us-considering/articleshow/126460895.cms
2026-01-11 06:40:18,061 - INFO - [Times of India] Attempt 1/1: Trying with 'selenium_browser' strategy...
2026-01-11 06:40:23,767 - INFO - [The Hindu] Page content loaded.
2026-01-11 06:40:23,913 - INFO - [The Hindu] Success with 'selenium_browser'. Found content (446 words).
2026-01-11 06:40:37,859 - INFO - [Times of India] Page content loaded.
2026-01-11 06:40:38,195 - INFO - [Times of India] Success with 'selenium_browser'. Found content (489 words).
2026-01-11 06:41:22,400 - INFO - Saved article: DMK will win more than 200 seats in 2026 elections: Tamil Nadu CM Stalin - The Hindu from The Hindu (446 words)
2026-01-11 06:42:10,229 - INFO - DEDUPLICATION: Found match (Score: 0.80). Linking to Cluster ID: 504fdc6c-61ce-4cca-aed7-b831525faa4c
2026-01-11 06:42:10,231 - INFO - Saved article: Iran simmers: Over 100 killed as protests intensify; what military options is US considering? - The Times of India from Times of India (489 words)
2026-01-11 06:42:10,232 - INFO - [The Hindu] Article: https://www.thehindu.com/news/national/tamil-nadu/tn-information-commission-raps-petitioner-for-abusing-rti-actwith-excessive-requests/article70494337.ece
2026-01-11 06:42:10,232 - INFO - [The Hindu] Attempt 1/1: Trying with 'selenium_browser' strategy...
2026-01-11 06:42:10,883 - INFO - [Times of India] Article: https://timesofindia.indiatimes.com/world/middle-east/crypto-in-2026-wont-be-won-by-luck-top-dubai-experts-reveal-cryptocurrency-trading-strategies-for-profit-that-actually-work/articleshow/126461376.cms
2026-01-11 06:42:10,883 - INFO - [Times of India] Attempt 1/1: Trying with 'selenium_browser' strategy...
2026-01-11 06:42:12,577 - INFO - [The Hindu] Page content loaded.
2026-01-11 06:42:12,864 - INFO - [The Hindu] Success with 'selenium_browser'. Found content (336 words).
2026-01-11 06:42:17,700 - INFO - [Times of India] Page content loaded.
2026-01-11 06:42:18,332 - INFO - [Times of India] Success with 'selenium_browser'. Found content (946 words).
2026-01-11 06:43:04,413 - INFO - Saved article: T.N. Information Commission raps petitioner for abusing RTI Act with excessive requests - The Hindu from The Hindu (336 words)
2026-01-11 06:43:49,662 - INFO - Saved article: Crypto in 2026 won’t be won by luck: Top Dubai experts reveal trading tips for profit that actually work - The Times of India from Times of India (946 words)
2026-01-11 06:43:49,662 - INFO - [The Hindu] Article: https://www.thehindu.com/news/national/assam/gauhati-hc-bar-association-sits-on-hunger-strike-to-boycott-cjis-function-for-new-complex/article70497075.ece
2026-01-11 06:43:49,662 - INFO - [The Hindu] Attempt 1/1: Trying with 'selenium_browser' strategy...
2026-01-11 06:43:50,222 - INFO - [Times of India] Article: https://timesofindia.indiatimes.com/world/us-streamers/twitch-ban-halts-drututts-momentum-as-league-of-legends-season-draws-massive-attention/articleshow/126460412.cms
2026-01-11 06:43:50,223 - INFO - [Times of India] Attempt 1/1: Trying with 'selenium_browser' strategy...
2026-01-11 06:43:50,825 - INFO - [The Hindu] Page content loaded.
2026-01-11 06:43:50,965 - INFO - [The Hindu] Success with 'selenium_browser'. Found content (461 words).
2026-01-11 06:43:52,867 - INFO - [Times of India] Page content loaded.
2026-01-11 06:43:53,649 - INFO - [Times of India] Success with 'selenium_browser'. Found content (340 words).
2026-01-11 06:44:40,633 - INFO - Saved article: Gauhati HC Bar Association sits on hunger strike, to boycott CJI's function for new complex - The Hindu from The Hindu (461 words)
2026-01-11 06:44:45,355 - CRITICAL - --- TIMEOUT: 2 scrape jobs did not complete in 300s. ---
2026-01-11 06:44:45,355 - ERROR - A thread has timed out and will be abandoned.
2026-01-11 06:44:45,355 - ERROR - A thread has timed out and will be abandoned.
2026-01-11 06:44:45,355 - INFO - Shutting down thread pool (wait=False)...
2026-01-11 06:44:45,355 - INFO - Scraped: 0 BBC, 0 The Guardian, 2 Timed_Out_Jobs articles. (Total saved: 0)
2026-01-11 06:44:45,355 - INFO - --- Scraping job finished ---
2026-01-11 06:44:45,356 - INFO - --- Scraper service stopped and database connection closed. ---
2026-01-11 06:44:45,356 - INFO - --- Main thread finished. Forcing process exit to kill zombie threads. ---
