2026-01-01 22:26:19,570 - INFO - Loading AI Semantic Model (all-MiniLM-L6-v2)...
2026-01-01 22:26:19,571 - INFO - Use pytorch device_name: cpu
2026-01-01 22:26:19,571 - INFO - Load pretrained SentenceTransformer: all-MiniLM-L6-v2
2026-01-01 22:26:20,993 - INFO - AI Model loaded successfully.
2026-01-01 22:26:20,993 - INFO - --- Scraper service started (CI Mode: Run Once) ---
2026-01-01 22:26:20,994 - INFO - --- Starting new scraping job (Parallel Mode) ---
2026-01-01 22:26:20,994 - INFO - Creating new robust session with 3 retries on 5xx/connection/read errors.
2026-01-01 22:26:20,994 - INFO - Proxy is DISABLED.
2026-01-01 22:26:20,994 - INFO - Starting scrape for BBC RSS feed: http://feeds.bbci.co.uk/news/world/rss.xml
2026-01-01 22:26:20,995 - INFO - [Times of India] (Thread) requires Selenium. Initializing driver...
2026-01-01 22:26:20,996 - INFO - Starting scrape for The Guardian RSS feed: https://www.theguardian.com/world/rss
2026-01-01 22:26:20,997 - INFO - [The Hindu] (Thread) requires Selenium. Initializing driver...
2026-01-01 22:26:20,997 - INFO - Submitted 4 jobs to thread pool. Waiting up to 300s for completion...
2026-01-01 22:26:21,195 - INFO - Found 45 articles in The Guardian RSS feed. Processing up to 30.
2026-01-01 22:26:21,196 - INFO - [The Guardian] Early skip: URL https://www.theguardian.com/science/2026/jan/01/cremation-pyre-in-africa-thought-to-be-worlds-oldest-containing-adult-remains already exists.
2026-01-01 22:26:21,345 - INFO - [The Guardian] Early skip: URL https://www.theguardian.com/global-development/2026/jan/01/us-aid-cuts-conditions-un-humanitarian-pledge-ocha already exists.
2026-01-01 22:26:21,435 - INFO - Found 26 articles in BBC RSS feed. Processing up to 30.
2026-01-01 22:26:21,521 - INFO - [BBC] Early skip: URL https://www.bbc.com/news/articles/cx2pmyyeg78o?at_medium=RSS&at_campaign=rss already exists.
2026-01-01 22:26:21,766 - INFO - [The Guardian] Early skip: URL https://www.theguardian.com/world/2025/dec/31/guinea-junta-chief-mamady-doumbouya-elected-president-after-opposition-boycott already exists.
2026-01-01 22:26:21,992 - INFO - [BBC] Early skip: URL https://www.bbc.com/news/articles/c36810pkz96o?at_medium=RSS&at_campaign=rss already exists.
2026-01-01 22:26:22,210 - INFO - [The Guardian] Early skip: URL https://www.theguardian.com/world/2025/dec/30/saudi-arabia-uae-tension-future-yemen-boiling-point already exists.
2026-01-01 22:26:22,483 - INFO - [BBC] Early skip: URL https://www.bbc.com/news/articles/c3r1lx75nl8o?at_medium=RSS&at_campaign=rss already exists.
2026-01-01 22:26:22,590 - INFO - [The Guardian] Early skip: URL https://www.theguardian.com/sport/2025/dec/29/anthony-joshua-injured-car-crash-nigeria already exists.
2026-01-01 22:26:22,848 - INFO - [BBC] Early skip: URL https://www.bbc.com/news/articles/cddg7100ym2o?at_medium=RSS&at_campaign=rss already exists.
2026-01-01 22:26:23,125 - INFO - [The Guardian] Early skip: URL https://www.theguardian.com/world/2025/dec/30/military-drone-strike-venezuela-trump-maduro already exists.
2026-01-01 22:26:23,340 - INFO - [BBC] Early skip: URL https://www.bbc.com/news/articles/czdq1ple2l4o?at_medium=RSS&at_campaign=rss already exists.
2026-01-01 22:26:23,521 - INFO - [The Guardian] Early skip: URL https://www.theguardian.com/world/2025/dec/29/brazil-ex-president-jair-bolsonaro-hiccups-treatment already exists.
2026-01-01 22:26:23,656 - INFO - [BBC] Early skip: URL https://www.bbc.com/news/articles/ckgl2je05j0o?at_medium=RSS&at_campaign=rss already exists.
2026-01-01 22:26:23,925 - INFO - [The Guardian] Early skip: URL https://www.theguardian.com/world/2025/dec/29/mexico-train-derailment-oaxaca already exists.
2026-01-01 22:26:24,063 - INFO - [BBC] Early skip: URL https://www.bbc.com/sport/football/articles/cqxyrj9dv5go?at_medium=RSS&at_campaign=rss already exists.
2026-01-01 22:26:24,360 - INFO - [The Guardian] Early skip: URL https://www.theguardian.com/us-news/2025/dec/29/trump-venezuela-facility-strike already exists.
2026-01-01 22:26:24,647 - INFO - [BBC] Early skip: URL https://www.bbc.com/news/articles/clyw59v8978o?at_medium=RSS&at_campaign=rss already exists.
2026-01-01 22:26:24,821 - INFO - [The Guardian] Early skip: URL https://www.theguardian.com/world/2025/dec/26/venezuela-political-prisoner-release already exists.
2026-01-01 22:26:25,051 - INFO - [BBC] Early skip: URL https://www.bbc.com/news/articles/czxpk7r8w9yo?at_medium=RSS&at_campaign=rss already exists.
2026-01-01 22:26:25,220 - INFO - [The Guardian] Early skip: URL https://www.theguardian.com/music/2026/jan/01/newjeans-member-danielle-sued-for-millions-after-bitter-feud-with-k-pop-record-label already exists.
2026-01-01 22:26:25,474 - INFO - [BBC] Early skip: URL https://www.bbc.com/news/articles/c5yvdw77j04o?at_medium=RSS&at_campaign=rss already exists.
2026-01-01 22:26:25,733 - INFO - [The Guardian] Early skip: URL https://www.theguardian.com/world/2025/dec/31/xi-jinping-vows-reunification-china-taiwan-new-years-eve-speech already exists.
2026-01-01 22:26:25,913 - INFO - [BBC] Early skip: URL https://www.bbc.com/news/articles/crlere3x28lo?at_medium=RSS&at_campaign=rss already exists.
2026-01-01 22:26:26,163 - INFO - [The Guardian] Early skip: URL https://www.theguardian.com/business/2025/dec/31/china-forecast-to-have-sold-one-in-every-10-new-cars-in-uk-in-2025 already exists.
2026-01-01 22:26:26,303 - INFO - [BBC] Early skip: URL https://www.bbc.com/news/articles/cn8jlm07nz4o?at_medium=RSS&at_campaign=rss already exists.
2026-01-01 22:26:26,533 - INFO - [The Guardian] Early skip: URL https://www.theguardian.com/world/2025/dec/31/female-lawmakers-in-japan-lobby-for-more-toilets-in-parliament already exists.
2026-01-01 22:26:26,658 - INFO - [The Guardian] Early skip: URL https://www.theguardian.com/australia-news/2025/dec/31/australia-says-deeply-concerning-destabilising-chinese-exercises-near-taiwan-risk-inflaming-regional-tension already exists.
2026-01-01 22:26:26,836 - INFO - [BBC] Early skip: URL https://www.bbc.com/news/articles/clye3xz52e5o?at_medium=RSS&at_campaign=rss already exists.
2026-01-01 22:26:27,010 - INFO - [The Guardian] Article: https://www.theguardian.com/sport/2026/jan/02/usman-khawaja-announces-retirement-from-international-cricket
2026-01-01 22:26:27,010 - INFO - [The Guardian] Attempt 1/1: Trying with 'requests_browser' strategy...
2026-01-01 22:26:27,012 - INFO - [BBC] Early skip: URL https://www.bbc.com/news/articles/crrnlw4rxeyo?at_medium=RSS&at_campaign=rss already exists.
2026-01-01 22:26:27,018 - INFO - Selenium driver initialized successfully.
2026-01-01 22:26:27,018 - INFO - Starting scrape for Times of India RSS feed: https://timesofindia.indiatimes.com/rssfeeds/296589292.cms
2026-01-01 22:26:27,019 - INFO - Selenium driver initialized successfully.
2026-01-01 22:26:27,019 - INFO - Starting scrape for The Hindu RSS feed: https://www.thehindu.com/news/national/feeder/default.rss
2026-01-01 22:26:27,154 - INFO - [BBC] Early skip: URL https://www.bbc.com/news/articles/c4gvg46dy7vo?at_medium=RSS&at_campaign=rss already exists.
2026-01-01 22:26:27,169 - INFO - [The Guardian] Success with 'requests_browser'. Found content (619 words).
2026-01-01 22:26:27,863 - INFO - Found 100 articles in The Hindu RSS feed. Processing up to 30.
2026-01-01 22:26:27,939 - INFO - Found 20 articles in Times of India RSS feed. Processing up to 30.
2026-01-01 22:27:10,406 - INFO - Saved article: Usman Khawaja announces retirement from international cricket | Usman Khawaja | The Guardian from The Guardian (619 words)
2026-01-01 22:27:10,406 - INFO - [BBC] Early skip: URL https://www.bbc.com/news/articles/c9dvyyjyj18o?at_medium=RSS&at_campaign=rss already exists.
2026-01-01 22:27:10,516 - INFO - [The Hindu] Article: https://www.thehindu.com/news/national/andhra-pradesh/ysrcp-questions-secrecy-over-naidus-foreign-tour/article70460678.ece
2026-01-01 22:27:10,516 - INFO - [The Hindu] Attempt 1/1: Trying with 'selenium_browser' strategy...
2026-01-01 22:27:10,517 - INFO - [Times of India] Article: https://timesofindia.indiatimes.com/world/us/took-50k-in-scholarship-while-earning-750000-anti-h1b-influencer-calls-vivek-ramaswamy-a-fraud-over-soros-fellowship/articleshow/126294275.cms
2026-01-01 22:27:10,517 - INFO - [BBC] Early skip: URL https://www.bbc.com/news/articles/c4gweww8rjro?at_medium=RSS&at_campaign=rss already exists.
2026-01-01 22:27:10,517 - INFO - [Times of India] Attempt 1/1: Trying with 'selenium_browser' strategy...
2026-01-01 22:27:10,645 - INFO - [BBC] Early skip: URL https://www.bbc.com/news/articles/c050j896q2do?at_medium=RSS&at_campaign=rss already exists.
2026-01-01 22:27:10,785 - INFO - [BBC] Early skip: URL https://www.bbc.com/news/articles/c78v5dj3x39o?at_medium=RSS&at_campaign=rss already exists.
2026-01-01 22:27:11,076 - INFO - [BBC] Early skip: URL https://www.bbc.com/news/articles/cwywv4ndwqxo?at_medium=RSS&at_campaign=rss already exists.
2026-01-01 22:27:11,356 - INFO - [BBC] Early skip: URL https://www.bbc.com/news/articles/c2dz5403e29o?at_medium=RSS&at_campaign=rss already exists.
2026-01-01 22:27:11,610 - INFO - [BBC] Article: https://www.bbc.com/news/videos/czdqp29gz51o?at_medium=RSS&at_campaign=rss
2026-01-01 22:27:11,610 - INFO - [The Guardian] Early skip: URL https://www.theguardian.com/australia-news/2026/jan/02/business-leaders-and-catholic-bishops-join-call-for-royal-commission-after-bondi-attack-ntwnfb already exists.
2026-01-01 22:27:11,610 - INFO - [BBC] Attempt 1/1: Trying with 'requests_browser' strategy...
2026-01-01 22:27:11,772 - INFO - [The Guardian] Early skip: URL https://www.theguardian.com/australia-news/2026/jan/01/woman-dies-after-being-swept-into-ocean-from-sydney-beach-in-early-hours-of-new-years-day already exists.
2026-01-01 22:27:11,954 - INFO - [The Guardian] Early skip: URL https://www.theguardian.com/australia-news/2026/jan/02/australian-house-prices-expected-to-rise-at-least-5-in-2026-after-jump-last-year already exists.
2026-01-01 22:27:12,069 - WARNING - [BBC] FAILED with 'requests_browser' (content was too short: 67 words).
2026-01-01 22:27:12,069 - ERROR - [BBC] All scrape strategies failed for https://www.bbc.com/news/videos/czdqp29gz51o?at_medium=RSS&at_campaign=rss. Falling back to RSS description.
2026-01-01 22:27:12,069 - WARNING - SKIPPED (GLOBAL WORD LIMIT): Article 'What are Russians hoping for in 2026, asks Steve Rosenberg' from BBC has only 19 words (Min: 90).
2026-01-01 22:27:12,216 - INFO - [The Guardian] Early skip: URL https://www.theguardian.com/australia-news/2026/jan/01/perth-teenager-charged-after-allegedly-throwing-firecracker-that-sparked-new-years-eve-bushfire already exists.
2026-01-01 22:27:12,329 - INFO - [The Guardian] Early skip: URL https://www.theguardian.com/world/2026/jan/01/new-year-drone-strike-kills-24-in-russian-occupied-ukraine-moscow-says already exists.
2026-01-01 22:27:12,492 - INFO - [The Guardian] Early skip: URL https://www.theguardian.com/world/live/2026/jan/01/switzerland-resort-explosion-dead-blast-ski-town-crans-montana-latest-news-live already exists.
2026-01-01 22:27:12,699 - INFO - [The Guardian] Early skip: URL https://www.theguardian.com/world/2026/jan/01/switzerland-to-hold-five-days-of-mourning-after-dozens-killed-in-resort-fire already exists.
2026-01-01 22:27:12,964 - INFO - [The Guardian] Early skip: URL https://www.theguardian.com/world/2026/jan/01/inferno-horror-swiss-ski-resort-le-constellation-crans-montana already exists.
2026-01-01 22:27:13,092 - INFO - [The Guardian] Early skip: URL https://www.theguardian.com/world/2026/jan/01/what-we-know-fire-swiss-ski-resort-bar-crans-montana already exists.
2026-01-01 22:27:13,254 - INFO - [BBC] Article: https://www.bbc.com/news/videos/c4glvg5yrlyo?at_medium=RSS&at_campaign=rss
2026-01-01 22:27:13,255 - INFO - [The Guardian] Early skip: URL https://www.theguardian.com/global-development/2026/jan/01/two-people-dead-iran-economic-crisis-protests-battlefield already exists.
2026-01-01 22:27:13,255 - INFO - [BBC] Attempt 1/1: Trying with 'requests_browser' strategy...
2026-01-01 22:27:13,405 - WARNING - [BBC] FAILED with 'requests_browser' (content was too short: 65 words).
2026-01-01 22:27:13,405 - ERROR - [BBC] All scrape strategies failed for https://www.bbc.com/news/videos/c4glvg5yrlyo?at_medium=RSS&at_campaign=rss. Falling back to RSS description.
2026-01-01 22:27:13,405 - WARNING - SKIPPED (GLOBAL WORD LIMIT): Article 'Zohran Mamdani sworn in as first Muslim New York City Mayor' from BBC has only 17 words (Min: 90).
2026-01-01 22:27:13,516 - INFO - [The Guardian] Early skip: URL https://www.theguardian.com/world/2026/jan/01/executions-saudi-arabia-highest-number-ever-2025 already exists.
2026-01-01 22:27:13,645 - INFO - [The Guardian] Early skip: URL https://www.theguardian.com/world/2026/jan/01/israel-allowing-traders-to-bring-into-gaza-dual-use-items-barred-from-aid-organisations already exists.
2026-01-01 22:27:13,820 - INFO - [The Guardian] Early skip: URL https://www.theguardian.com/world/2025/dec/31/we-want-the-mullahs-gone-economic-crisis-sparks-biggest-protests-in-iran-since-2022 already exists.
2026-01-01 22:27:14,117 - INFO - [BBC] Early skip: URL https://www.bbc.com/news/videos/ckgkn1xexnno?at_medium=RSS&at_campaign=rss already exists.
2026-01-01 22:27:14,252 - INFO - [BBC] Article: https://www.bbc.com/news/videos/cd6wyll5338o?at_medium=RSS&at_campaign=rss
2026-01-01 22:27:14,252 - INFO - [BBC] Attempt 1/1: Trying with 'requests_browser' strategy...
2026-01-01 22:27:14,260 - INFO - [The Guardian] Early skip: URL https://www.theguardian.com/politics/2025/dec/31/emily-thornberry-government-accused-failures-abd-el-fattah-case already exists.
2026-01-01 22:27:14,464 - WARNING - [BBC] FAILED with 'requests_browser' (content was too short: 65 words).
2026-01-01 22:27:14,469 - ERROR - [BBC] All scrape strategies failed for https://www.bbc.com/news/videos/cd6wyll5338o?at_medium=RSS&at_campaign=rss. Falling back to RSS description.
2026-01-01 22:27:14,469 - WARNING - SKIPPED (GLOBAL WORD LIMIT): Article 'Fireworks, drums and light shows: How the world is welcoming 2026' from BBC has only 14 words (Min: 90).
2026-01-01 22:27:15,132 - INFO - [BBC] Article: https://www.bbc.com/news/videos/c8xdw7j2v2go?at_medium=RSS&at_campaign=rss
2026-01-01 22:27:15,132 - INFO - [BBC] Attempt 1/1: Trying with 'requests_browser' strategy...
2026-01-01 22:27:15,240 - WARNING - [BBC] FAILED with 'requests_browser' (content was too short: 55 words).
2026-01-01 22:27:15,240 - ERROR - [BBC] All scrape strategies failed for https://www.bbc.com/news/videos/c8xdw7j2v2go?at_medium=RSS&at_campaign=rss. Falling back to RSS description.
2026-01-01 22:27:15,240 - WARNING - SKIPPED (GLOBAL WORD LIMIT): Article 'Watch: Stunning celestial events that lit up the skies in 2025' from BBC has only 16 words (Min: 90).
2026-01-01 22:27:16,470 - INFO - [The Hindu] Page content loaded.
2026-01-01 22:27:16,755 - INFO - [The Hindu] Success with 'selenium_browser'. Found content (208 words).
2026-01-01 22:27:30,542 - ERROR - [Times of India] Request failed for strategy 'selenium_browser' on URL https://timesofindia.indiatimes.com/world/us/took-50k-in-scholarship-while-earning-750000-anti-h1b-influencer-calls-vivek-ramaswamy-a-fraud-over-soros-fellowship/articleshow/126294275.cms: Message: timeout: Timed out receiving message from renderer: 19.732
  (Session info: chrome=143.0.7499.109)
Stacktrace:
#0 0x5597acb2b61a <unknown>
#1 0x5597ac5a820b <unknown>
#2 0x5597ac5902aa <unknown>
#3 0x5597ac58ff8d <unknown>
#4 0x5597ac58de47 <unknown>
#5 0x5597ac58e75f <unknown>
#6 0x5597ac59cf20 <unknown>
#7 0x5597ac5b65e7 <unknown>
#8 0x5597ac5bcc9b <unknown>
#9 0x5597ac58ee88 <unknown>
#10 0x5597ac5b6356 <unknown>
#11 0x5597ac645580 <unknown>
#12 0x5597ac5ec232 <unknown>
#13 0x5597ac5ecee1 <unknown>
#14 0x5597acaf43f9 <unknown>
#15 0x5597acaf734d <unknown>
#16 0x5597acadd122 <unknown>
#17 0x5597acaf7f2b <unknown>
#18 0x5597acac3c30 <unknown>
#19 0x5597acb18d78 <unknown>
#20 0x5597acb18f4c <unknown>
#21 0x5597acb2a973 <unknown>
#22 0x7fc732c9caa4 <unknown>
#23 0x7fc732d29c6c <unknown>

2026-01-01 22:27:30,542 - ERROR - [Times of India] All scrape strategies failed for https://timesofindia.indiatimes.com/world/us/took-50k-in-scholarship-while-earning-750000-anti-h1b-influencer-calls-vivek-ramaswamy-a-fraud-over-soros-fellowship/articleshow/126294275.cms. Falling back to RSS description.
2026-01-01 22:27:30,543 - WARNING - SKIPPED (GLOBAL WORD LIMIT): Article '‘Took $50k while earning $750,000’: Anti-H1B influencer calls Vivek Ramaswamy a ‘fraud’' from Times of India has only 60 words (Min: 90).
2026-01-01 22:28:13,628 - INFO - DEDUPLICATION: Found match (Score: 0.70). Linking to Cluster ID: 50a3cf8d-4ec6-4e41-a128-a3fef04b044d
2026-01-01 22:28:13,632 - INFO - Saved article: YSRCP questions ‘secrecy’ over Naidu’s foreign tour - The Hindu from The Hindu (208 words)
2026-01-01 22:28:13,632 - INFO - [Times of India] Article: https://timesofindia.indiatimes.com/world/us/who-is-chamath-palihapitiya-sri-lankan-born-billionaire-thinking-of-leaving-california-for-texas/articleshow/126294017.cms
2026-01-01 22:28:13,632 - INFO - [Times of India] Attempt 1/1: Trying with 'selenium_browser' strategy...
2026-01-01 22:28:14,430 - INFO - [The Hindu] Article: https://www.thehindu.com/news/national/andhra-pradesh/state-records-578-growth-in-net-gst-collections-in-december-2025/article70461107.ece
2026-01-01 22:28:14,430 - INFO - [The Hindu] Attempt 1/1: Trying with 'selenium_browser' strategy...
2026-01-01 22:28:17,158 - INFO - [The Hindu] Page content loaded.
2026-01-01 22:28:18,092 - INFO - [The Hindu] Success with 'selenium_browser'. Found content (361 words).
2026-01-01 22:28:21,262 - INFO - [Times of India] Page content loaded.
2026-01-01 22:28:21,664 - INFO - [Times of India] Success with 'selenium_browser'. Found content (348 words).
2026-01-01 22:29:07,741 - INFO - Saved article: State records 5.78% growth in net GST collections in December 2025 - The Hindu from The Hindu (361 words)
2026-01-01 22:29:54,980 - INFO - DEDUPLICATION: Found match (Score: 0.98). Linking to Cluster ID: eb389874-91f6-44bf-aaad-c928f1b8e854
2026-01-01 22:29:54,982 - INFO - Saved article: Who is Chamath Palihapitiya? Sri Lankan-born billionaire thinking of leaving California for Texas - The Times of India from Times of India (348 words)
2026-01-01 22:29:54,983 - INFO - [The Hindu] Article: https://www.thehindu.com/news/national/west-bengal/approached-hc-104-times-to-hold-rallies-in-west-bengal-bjp-leader/article70461176.ece
2026-01-01 22:29:54,983 - INFO - [The Hindu] Attempt 1/1: Trying with 'selenium_browser' strategy...
2026-01-01 22:29:55,487 - INFO - [Times of India] Early skip: URL https://timesofindia.indiatimes.com/world/rest-of-world/the-road-was-so-slippery-canadian-sikh-taxi-driver-hardeep-singh-toor-helps-deliver-baby-in-23-c/articleshow/126293847.cms already exists.
2026-01-01 22:29:55,623 - INFO - [Times of India] Early skip: URL https://timesofindia.indiatimes.com/world/us/im-going-to-be-the-mother-filmmaker-mira-nair-reacts-to-son-zohran-mamdanis-swearing-in-as-nyc-mayor/articleshow/126293719.cms already exists.
2026-01-01 22:29:55,641 - INFO - [The Hindu] Page content loaded.
2026-01-01 22:29:55,686 - INFO - [The Hindu] Success with 'selenium_browser'. Found content (199 words).
2026-01-01 22:30:45,301 - INFO - Saved article: Approached HC 104 times to hold rallies in West Bengal: BJP leader - The Hindu from The Hindu (199 words)
2026-01-01 22:30:45,301 - INFO - [Times of India] Early skip: URL https://timesofindia.indiatimes.com/world/rest-of-world/kaur-or-singh-man-claims-people-are-faking-gay-relationships-in-ontario-to-gain-canada-pr/articleshow/126293766.cms already exists.
2026-01-01 22:30:45,551 - INFO - [Times of India] Early skip: URL https://timesofindia.indiatimes.com/world/us-streamers/popular-twitch-creator-jynxzi-hits-massive-milestone-after-streaming-every-day-of-2025/articleshow/126293734.cms already exists.
2026-01-01 22:30:45,822 - INFO - [Times of India] Early skip: URL https://timesofindia.indiatimes.com/world/us-streamers/was-markie-markland-arrested-in-new-york-court-and-jail-records-spark-buzz-as-influencer-stays-quiet/articleshow/126293735.cms already exists.
2026-01-01 22:30:45,997 - INFO - [Times of India] Early skip: URL https://timesofindia.indiatimes.com/world/us/ai-generated-pakistani-propaganda-hindu-american-foundation-responds-to-historian-calling-organisation-far-right/articleshow/126293339.cms already exists.
2026-01-01 22:30:46,244 - INFO - [Times of India] Early skip: URL https://timesofindia.indiatimes.com/world/us/over-500-women-sue-virginia-hospital-over-unnecessary-operations-by-former-doctor-javaid-perwaiz-seek-10-million-each/articleshow/126292923.cms already exists.
2026-01-01 22:30:46,515 - INFO - [Times of India] Article: https://timesofindia.indiatimes.com/world/us/watch-kristi-noem-and-stephen-miller-dancing-to-ice-ice-baby-leaves-the-internet-cringing-hard/articleshow/126291431.cms
2026-01-01 22:30:46,515 - INFO - [Times of India] Attempt 1/1: Trying with 'selenium_browser' strategy...
2026-01-01 22:30:46,602 - INFO - [The Hindu] Article: https://www.thehindu.com/news/national/ed-searches-seven-locations-in-rajasthan-in-digi-mudra-scam-case/article70460698.ece
2026-01-01 22:30:46,602 - INFO - [The Hindu] Attempt 1/1: Trying with 'selenium_browser' strategy...
2026-01-01 22:30:49,697 - INFO - [Times of India] Page content loaded.
2026-01-01 22:30:49,954 - INFO - [Times of India] Success with 'selenium_browser'. Found content (329 words).
2026-01-01 22:30:50,021 - INFO - [The Hindu] Page content loaded.
2026-01-01 22:30:50,268 - INFO - [The Hindu] Success with 'selenium_browser'. Found content (309 words).
2026-01-01 22:31:20,997 - CRITICAL - --- TIMEOUT: 2 scrape jobs did not complete in 300s. ---
2026-01-01 22:31:20,998 - ERROR - A thread has timed out and will be abandoned.
2026-01-01 22:31:20,998 - ERROR - A thread has timed out and will be abandoned.
2026-01-01 22:31:20,998 - INFO - Shutting down thread pool (wait=False)...
2026-01-01 22:31:20,998 - INFO - Scraped: 1 The Guardian, 0 BBC, 2 Timed_Out_Jobs articles. (Total saved: 1)
2026-01-01 22:31:20,998 - INFO - --- Scraping job finished ---
2026-01-01 22:31:20,998 - INFO - --- Scraper service stopped and database connection closed. ---
2026-01-01 22:31:20,998 - INFO - --- Main thread finished. Forcing process exit to kill zombie threads. ---
