2025-12-23 07:29:16,309 - INFO - Loading AI Semantic Model (all-MiniLM-L6-v2)...
2025-12-23 07:29:16,310 - INFO - Use pytorch device_name: cpu
2025-12-23 07:29:16,310 - INFO - Load pretrained SentenceTransformer: all-MiniLM-L6-v2
2025-12-23 07:29:21,738 - INFO - AI Model loaded successfully.
2025-12-23 07:29:21,739 - INFO - --- Scraper service started (CI Mode: Run Once) ---
2025-12-23 07:29:21,739 - INFO - --- Starting new scraping job (Parallel Mode) ---
2025-12-23 07:29:21,739 - INFO - Creating new robust session with 3 retries on 5xx/connection/read errors.
2025-12-23 07:29:21,739 - INFO - Proxy is DISABLED.
2025-12-23 07:29:21,739 - INFO - Starting scrape for BBC RSS feed: http://feeds.bbci.co.uk/news/world/rss.xml
2025-12-23 07:29:21,740 - INFO - [Times of India] (Thread) requires Selenium. Initializing driver...
2025-12-23 07:29:21,741 - INFO - Starting scrape for The Guardian RSS feed: https://www.theguardian.com/world/rss
2025-12-23 07:29:21,742 - INFO - [The Hindu] (Thread) requires Selenium. Initializing driver...
2025-12-23 07:29:21,742 - INFO - Submitted 4 jobs to thread pool. Waiting up to 300s for completion...
2025-12-23 07:29:21,866 - INFO - Found 45 articles in The Guardian RSS feed. Processing up to 30.
2025-12-23 07:29:21,866 - INFO - [The Guardian] Early skip: URL https://www.theguardian.com/world/2025/dec/22/freed-nigerian-schoolchildren-set-to-be-reunited-with-families already exists.
2025-12-23 07:29:22,056 - INFO - [The Guardian] Early skip: URL https://www.theguardian.com/world/2025/dec/21/more-kidnapped-schoolchildren-freed-in-nigeria already exists.
2025-12-23 07:29:22,204 - INFO - [The Guardian] Early skip: URL https://www.theguardian.com/uk-news/2025/dec/21/manchester-museum-uncover-hidden-histories-africa-hub already exists.
2025-12-23 07:29:22,217 - INFO - Found 37 articles in BBC RSS feed. Processing up to 30.
2025-12-23 07:29:22,442 - INFO - [BBC] Early skip: URL https://www.bbc.com/news/articles/cdxe8yqlvgzo?at_medium=RSS&at_campaign=rss already exists.
2025-12-23 07:29:22,568 - INFO - [The Guardian] Early skip: URL https://www.theguardian.com/global-development/2025/dec/21/sweden-and-germany-slash-aid-budgets-to-focus-on-ukraine-and-defence-spending already exists.
2025-12-23 07:29:22,777 - INFO - [BBC] Early skip: URL https://www.bbc.com/news/articles/ckgmd132ge4o?at_medium=RSS&at_campaign=rss already exists.
2025-12-23 07:29:22,931 - INFO - [The Guardian] Early skip: URL https://www.theguardian.com/world/2025/dec/21/gunmen-johannesburg-township-in-south-africas-second-mass-shooting-within-weeks already exists.
2025-12-23 07:29:23,075 - INFO - [BBC] Early skip: URL https://www.bbc.com/news/articles/ce86le5dyxyo?at_medium=RSS&at_campaign=rss already exists.
2025-12-23 07:29:23,334 - INFO - [The Guardian] Early skip: URL https://www.theguardian.com/world/2025/dec/23/russia-china-support-venezuela-trump-pressure-maduro already exists.
2025-12-23 07:29:23,559 - INFO - [BBC] Early skip: URL https://www.bbc.com/news/articles/c99722j4lkgo?at_medium=RSS&at_campaign=rss already exists.
2025-12-23 07:29:23,683 - INFO - [The Guardian] Early skip: URL https://www.theguardian.com/world/2025/dec/23/former-blackrock-executive-mark-wiseman-named-as-canadas-next-ambassador-to-us already exists.
2025-12-23 07:29:23,928 - INFO - [BBC] Early skip: URL https://www.bbc.com/news/articles/cd0kxrr2jyko?at_medium=RSS&at_campaign=rss already exists.
2025-12-23 07:29:24,193 - INFO - [The Guardian] Early skip: URL https://www.theguardian.com/media/2025/dec/22/cbs-pulls-60-minutes-segment-el-salvador-prison already exists.
2025-12-23 07:29:24,467 - INFO - [BBC] Early skip: URL https://www.bbc.com/news/articles/cz7ndpq42y0o?at_medium=RSS&at_campaign=rss already exists.
2025-12-23 07:29:24,583 - INFO - [The Guardian] Early skip: URL https://www.theguardian.com/world/2025/dec/22/ecuador-guayaquil-four-military-sentenced already exists.
2025-12-23 07:29:24,848 - INFO - [BBC] Early skip: URL https://www.bbc.com/news/articles/c2084n1pyvdo?at_medium=RSS&at_campaign=rss already exists.
2025-12-23 07:29:25,061 - INFO - [The Guardian] Early skip: URL https://www.theguardian.com/media/2025/dec/22/cbs-news-delays-60-minutes-segment-featuring-investigation-into-cecot-megaprison already exists.
2025-12-23 07:29:25,290 - INFO - [BBC] Early skip: URL https://www.bbc.com/news/articles/c2084nq2npjo?at_medium=RSS&at_campaign=rss already exists.
2025-12-23 07:29:25,486 - INFO - [The Guardian] Early skip: URL https://www.theguardian.com/world/2025/dec/23/christians-pastors-arrested-detained-china-crackdown-house-churches already exists.
2025-12-23 07:29:25,604 - INFO - [BBC] Early skip: URL https://www.bbc.com/news/articles/c3e0kw80wwzo?at_medium=RSS&at_campaign=rss already exists.
2025-12-23 07:29:25,833 - INFO - [The Guardian] Early skip: URL https://www.theguardian.com/business/2025/dec/22/china-hits-eu-dairy-industry-with-tariffs already exists.
2025-12-23 07:29:25,978 - INFO - [BBC] Early skip: URL https://www.bbc.com/news/articles/cx25rled0ylo?at_medium=RSS&at_campaign=rss already exists.
2025-12-23 07:29:26,092 - INFO - [The Guardian] Early skip: URL https://www.theguardian.com/world/2025/dec/22/jeju-air-crash-independent-inquiry-south-korea already exists.
2025-12-23 07:29:26,365 - INFO - [BBC] Early skip: URL https://www.bbc.com/news/articles/cx2dmj7p8y2o?at_medium=RSS&at_campaign=rss already exists.
2025-12-23 07:29:26,520 - INFO - [The Guardian] Early skip: URL https://www.theguardian.com/world/2025/dec/22/new-zealand-christchurch-spoof-absurdist-road-signs already exists.
2025-12-23 07:29:26,677 - INFO - [BBC] Early skip: URL https://www.bbc.com/news/articles/c8jwn9wznx1o?at_medium=RSS&at_campaign=rss already exists.
2025-12-23 07:29:26,888 - INFO - [The Guardian] Early skip: URL https://www.theguardian.com/environment/2025/dec/21/takahe-chick-rare-born-new-zealand already exists.
2025-12-23 07:29:27,088 - INFO - [BBC] Early skip: URL https://www.bbc.com/news/articles/cx237k4rr04o?at_medium=RSS&at_campaign=rss already exists.
2025-12-23 07:29:27,280 - INFO - [The Guardian] Early skip: URL https://www.theguardian.com/australia-news/live/2025/dec/23/bondi-terror-attacks-response-nsw-law-changes-gun-law-reform-protest-restrictions-chris-minns-anthony-albanese-labr-sussan-ley-coalition-ntwnfb already exists.
2025-12-23 07:29:27,564 - INFO - [BBC] Early skip: URL https://www.bbc.com/news/articles/cz0n51p00jmo?at_medium=RSS&at_campaign=rss already exists.
2025-12-23 07:29:27,739 - INFO - [The Guardian] Article: https://www.theguardian.com/australia-news/2025/dec/23/arsonist-jailed-for-killing-of-young-sydney-teen-during-his-first-sleepover-in-1998-ntwnfb
2025-12-23 07:29:27,739 - INFO - [The Guardian] Attempt 1/1: Trying with 'requests_browser' strategy...
2025-12-23 07:29:27,740 - INFO - [BBC] Early skip: URL https://www.bbc.com/news/articles/c5ydej888n9o?at_medium=RSS&at_campaign=rss already exists.
2025-12-23 07:29:27,852 - INFO - [The Guardian] Success with 'requests_browser'. Found content (589 words).
2025-12-23 07:29:28,175 - INFO - Selenium driver initialized successfully.
2025-12-23 07:29:28,176 - INFO - Starting scrape for The Hindu RSS feed: https://www.thehindu.com/news/national/feeder/default.rss
2025-12-23 07:29:28,179 - INFO - Selenium driver initialized successfully.
2025-12-23 07:29:28,179 - INFO - Starting scrape for Times of India RSS feed: https://timesofindia.indiatimes.com/rssfeeds/296589292.cms
2025-12-23 07:29:28,404 - INFO - Found 100 articles in The Hindu RSS feed. Processing up to 30.
2025-12-23 07:29:28,510 - INFO - Found 20 articles in Times of India RSS feed. Processing up to 30.
2025-12-23 07:30:12,290 - INFO - Saved article: Arsonist jailed for killing of young Sydney teen during his first sleepover in 1998 | New South Wales | The Guardian from The Guardian (589 words)
2025-12-23 07:30:12,290 - INFO - [BBC] Early skip: URL https://www.bbc.com/news/articles/cd74ldr2zryo?at_medium=RSS&at_campaign=rss already exists.
2025-12-23 07:30:12,437 - INFO - [The Hindu] Article: https://www.thehindu.com/news/national/karnataka/permission-denied-for-cricket-match-at-m-chinnaswamy-stadium-in-bengaluru/article70428797.ece
2025-12-23 07:30:12,437 - INFO - [The Hindu] Attempt 1/1: Trying with 'selenium_browser' strategy...
2025-12-23 07:30:12,437 - INFO - [Times of India] Article: https://timesofindia.indiatimes.com/world/middle-east/uae-weather-winter-begins-ncm-warns-of-cold-nights-and-occasional-rain/articleshow/126134957.cms
2025-12-23 07:30:12,438 - INFO - [Times of India] Attempt 1/1: Trying with 'selenium_browser' strategy...
2025-12-23 07:30:12,439 - INFO - [BBC] Early skip: URL https://www.bbc.com/news/articles/ce86l95gx5po?at_medium=RSS&at_campaign=rss already exists.
2025-12-23 07:30:12,611 - INFO - [BBC] Early skip: URL https://www.bbc.com/news/articles/c5y2veyg1pno?at_medium=RSS&at_campaign=rss already exists.
2025-12-23 07:30:12,756 - INFO - [BBC] Early skip: URL https://www.bbc.com/news/articles/cdd5j9jdvy9o?at_medium=RSS&at_campaign=rss already exists.
2025-12-23 07:30:12,976 - INFO - [BBC] Early skip: URL https://www.bbc.com/news/articles/cj9ydj7y0vvo?at_medium=RSS&at_campaign=rss already exists.
2025-12-23 07:30:13,129 - INFO - [BBC] Early skip: URL https://www.bbc.com/news/articles/cn5lnzlvqg2o?at_medium=RSS&at_campaign=rss already exists.
2025-12-23 07:30:13,314 - INFO - [BBC] Early skip: URL https://www.bbc.com/news/articles/c3d03943zg8o?at_medium=RSS&at_campaign=rss already exists.
2025-12-23 07:30:13,612 - INFO - [BBC] Early skip: URL https://www.bbc.com/news/articles/cqjg18xe0wwo?at_medium=RSS&at_campaign=rss already exists.
2025-12-23 07:30:13,722 - INFO - [The Guardian] Early skip: URL https://www.theguardian.com/australia-news/2025/dec/23/activist-groups-to-challenge-nsw-protest-laws-on-right-to-free-speech-grounds-ntwnfb already exists.
2025-12-23 07:30:13,860 - INFO - [The Guardian] Early skip: URL https://www.theguardian.com/australia-news/2025/dec/23/sydney-council-seeks-to-shut-down-islamic-centre-linked-to-controversial-preacher-wisam-haddad-ntwnfb already exists.
2025-12-23 07:30:14,107 - INFO - [The Guardian] Early skip: URL https://www.theguardian.com/australia-news/2025/dec/23/australian-neo-nazi-refused-bail-a-second-time-over-alleged-threatening-messages-targeting-allegra-spender-ntwnfb already exists.
2025-12-23 07:30:14,335 - INFO - [BBC] Early skip: URL https://www.bbc.com/news/articles/cg5m49j14pyo?at_medium=RSS&at_campaign=rss already exists.
2025-12-23 07:30:14,519 - INFO - [BBC] Early skip: URL https://www.bbc.com/news/articles/cy95w0x9889o?at_medium=RSS&at_campaign=rss already exists.
2025-12-23 07:30:14,696 - INFO - [BBC] Early skip: URL https://www.bbc.com/news/articles/cx2gk56pd5eo?at_medium=RSS&at_campaign=rss already exists.
2025-12-23 07:30:14,930 - INFO - [BBC] Early skip: URL https://www.bbc.com/news/articles/c1lr980vvjpo?at_medium=RSS&at_campaign=rss already exists.
2025-12-23 07:30:15,042 - INFO - [The Guardian] Early skip: URL https://www.theguardian.com/politics/2025/dec/22/keir-starmer-told-closer-eu-trade-ties-strategic-necessity-for-uk-firms already exists.
2025-12-23 07:30:15,269 - INFO - [The Guardian] Early skip: URL https://www.theguardian.com/world/2025/dec/22/russian-general-fanil-sarvarov-killed-car-bomb-moscow-investigators-say already exists.
2025-12-23 07:30:15,395 - INFO - [BBC] Early skip: URL https://www.bbc.com/news/articles/cp8zd176516o?at_medium=RSS&at_campaign=rss already exists.
2025-12-23 07:30:15,674 - INFO - [BBC] Early skip: URL https://www.bbc.com/news/articles/cjrjpdz33vxo?at_medium=RSS&at_campaign=rss already exists.
2025-12-23 07:30:15,955 - INFO - [The Guardian] Early skip: URL https://www.theguardian.com/politics/2025/dec/22/labour-calls-rejoin-eu-customs-union-harder-starmer-resist already exists.
2025-12-23 07:30:16,183 - INFO - [The Guardian] Early skip: URL https://www.theguardian.com/world/2025/dec/22/frances-national-post-office-hit-by-suspected-cyberattack already exists.
2025-12-23 07:30:16,291 - INFO - [The Guardian] Early skip: URL https://www.theguardian.com/world/2025/dec/22/portugals-far-right-chega-party-ordered-to-take-down-posters-targeting-roma-people already exists.
2025-12-23 07:30:16,345 - INFO - [The Hindu] Page content loaded.
2025-12-23 07:30:16,441 - INFO - [The Guardian] Early skip: URL https://www.theguardian.com/uk-news/2025/dec/22/families-of-palestine-action-hunger-strikers-seek-urgent-meeting-with-lammy already exists.
2025-12-23 07:30:16,557 - INFO - [The Hindu] Success with 'selenium_browser'. Found content (222 words).
2025-12-23 07:30:16,571 - INFO - [BBC] Early skip: URL https://www.bbc.com/news/articles/c93nwrzgypqo?at_medium=RSS&at_campaign=rss already exists.
2025-12-23 07:30:16,760 - INFO - [The Guardian] Early skip: URL https://www.theguardian.com/world/2025/dec/21/israel-approves-new-jewish-settlements-occupied-west-bank already exists.
2025-12-23 07:30:16,925 - INFO - [The Guardian] Early skip: URL https://www.theguardian.com/world/2025/dec/20/israeli-troops-kill-palestinians-sheltering-in-gaza-school-hospital-chiefs already exists.
2025-12-23 07:30:17,047 - INFO - [The Guardian] Early skip: URL https://www.theguardian.com/world/2025/dec/19/gaza-famine-hunger-food-shortages-winter-flooding-un already exists.
2025-12-23 07:31:21,198 - INFO - Saved article: Permission denied for cricket match at M. Chinnaswamy Stadium in Bengaluru - The Hindu from The Hindu (222 words)
2025-12-23 07:31:21,198 - INFO - [The Guardian] Early skip: URL https://www.theguardian.com/global-development/2025/dec/19/gaza-phd-student-manar-al-houbi-granted-access-to-uk-but-others-remain-stranded already exists.
2025-12-23 07:31:22,536 - INFO - [The Hindu] Article: https://www.thehindu.com/news/national/karnataka/karnataka-government-will-weed-out-gruha-laxmi-beneficiaries-who-have-passed-away-says-minister/article70426405.ece
2025-12-23 07:31:22,536 - INFO - [The Hindu] Attempt 1/1: Trying with 'selenium_browser' strategy...
2025-12-23 07:31:25,779 - INFO - [The Hindu] Page content loaded.
2025-12-23 07:31:25,852 - INFO - [The Hindu] Success with 'selenium_browser'. Found content (193 words).
2025-12-23 07:32:12,539 - ERROR - [Times of India] Request failed for strategy 'selenium_browser' on URL https://timesofindia.indiatimes.com/world/middle-east/uae-weather-winter-begins-ncm-warns-of-cold-nights-and-occasional-rain/articleshow/126134957.cms: HTTPConnectionPool(host='localhost', port=33681): Read timed out. (read timeout=120)
2025-12-23 07:32:12,539 - ERROR - [Times of India] All scrape strategies failed for https://timesofindia.indiatimes.com/world/middle-east/uae-weather-winter-begins-ncm-warns-of-cold-nights-and-occasional-rain/articleshow/126134957.cms. Falling back to RSS description.
2025-12-23 07:32:12,539 - WARNING - SKIPPED (GLOBAL WORD LIMIT): Article 'UAE weather: Winter begins, NCM warns of cold nights and occasional rain' from Times of India has only 56 words (Min: 90).
2025-12-23 07:32:15,601 - INFO - Saved article: Karnataka govt will weed out Gruha Laxmi beneficiaries who have passed away: Minister - The Hindu from The Hindu (193 words)
2025-12-23 07:32:15,602 - INFO - [Times of India] Article: https://timesofindia.indiatimes.com/world/europe/russians-losing-equipment-quickly-ukrainian-drone-strikes-soldier-riding-horse-on-battlefield-watch-video/articleshow/126134637.cms
2025-12-23 07:32:15,602 - INFO - [Times of India] Attempt 1/1: Trying with 'selenium_browser' strategy...
2025-12-23 07:32:16,472 - INFO - [The Hindu] Article: https://www.thehindu.com/news/national/telangana/remove-bushes-along-tracks-to-ensure-clear-signal-visibility-scr-chief-during-winter-safety-protocols-review/article70426770.ece
2025-12-23 07:32:16,472 - INFO - [The Hindu] Attempt 1/1: Trying with 'selenium_browser' strategy...
2025-12-23 07:32:18,349 - INFO - [The Hindu] Page content loaded.
2025-12-23 07:32:18,512 - INFO - [The Hindu] Success with 'selenium_browser'. Found content (272 words).
2025-12-23 07:33:07,808 - INFO - DEDUPLICATION: Found match (Score: 0.88). Linking to Cluster ID: aa037ab5-929c-4cf3-ba80-8a67a99d2cc7
2025-12-23 07:33:07,810 - INFO - Saved article: Remove bushes along tracks to ensure clear signal visibility: SCR chief during winter safety protocols review - The Hindu from The Hindu (272 words)
2025-12-23 07:33:09,066 - INFO - [The Hindu] Article: https://www.thehindu.com/news/national/indigo-already-permitted-to-operate-5-leased-b737-planes-from-turkey-till-march-26-dgca/article70428293.ece
2025-12-23 07:33:09,066 - INFO - [The Hindu] Attempt 1/1: Trying with 'selenium_browser' strategy...
2025-12-23 07:33:09,990 - INFO - [The Hindu] Page content loaded.
2025-12-23 07:33:10,052 - INFO - [The Hindu] Success with 'selenium_browser'. Found content (382 words).
2025-12-23 07:33:59,153 - INFO - Saved article: IndiGo already permitted to operate 5 leased B737 planes from Turkey till March '26: DGCA - The Hindu from The Hindu (382 words)
2025-12-23 07:34:00,216 - INFO - [The Hindu] Article: https://www.thehindu.com/news/national/congress-attacks-modi-govt-on-aravalli-issue-asks-why-hell-bent-on-redefining-mountain-range/article70428710.ece
2025-12-23 07:34:00,216 - INFO - [The Hindu] Attempt 1/1: Trying with 'selenium_browser' strategy...
2025-12-23 07:34:01,482 - INFO - [The Hindu] Page content loaded.
2025-12-23 07:34:01,575 - INFO - [The Hindu] Success with 'selenium_browser'. Found content (587 words).
2025-12-23 07:34:15,703 - ERROR - [Times of India] Request failed for strategy 'selenium_browser' on URL https://timesofindia.indiatimes.com/world/europe/russians-losing-equipment-quickly-ukrainian-drone-strikes-soldier-riding-horse-on-battlefield-watch-video/articleshow/126134637.cms: HTTPConnectionPool(host='localhost', port=33681): Read timed out. (read timeout=120)
2025-12-23 07:34:15,703 - ERROR - [Times of India] All scrape strategies failed for https://timesofindia.indiatimes.com/world/europe/russians-losing-equipment-quickly-ukrainian-drone-strikes-soldier-riding-horse-on-battlefield-watch-video/articleshow/126134637.cms. Falling back to RSS description.
2025-12-23 07:34:15,703 - WARNING - SKIPPED (GLOBAL WORD LIMIT): Article ''Russians losing equipment quickly': Ukrainian drone strikes soldier riding horse on battlefield - watch video' from Times of India has only 50 words (Min: 90).
2025-12-23 07:34:21,743 - CRITICAL - --- TIMEOUT: 2 scrape jobs did not complete in 300s. ---
2025-12-23 07:34:21,743 - ERROR - A thread has timed out and will be abandoned.
2025-12-23 07:34:21,743 - ERROR - A thread has timed out and will be abandoned.
2025-12-23 07:34:21,743 - INFO - Shutting down thread pool (wait=False)...
2025-12-23 07:34:21,743 - INFO - Scraped: 1 The Guardian, 0 BBC, 2 Timed_Out_Jobs articles. (Total saved: 1)
2025-12-23 07:34:21,743 - INFO - --- Scraping job finished ---
2025-12-23 07:34:21,744 - INFO - --- Scraper service stopped and database connection closed. ---
2025-12-23 07:34:21,744 - INFO - --- Main thread finished. Forcing process exit to kill zombie threads. ---
