2026-02-08 11:50:28,314 - INFO - Loading AI Semantic Model (all-MiniLM-L4-v2)...
2026-02-08 11:50:28,315 - INFO - Use pytorch device_name: cpu
2026-02-08 11:50:28,315 - INFO - Load pretrained SentenceTransformer: all-MiniLM-L4-v2
2026-02-08 11:50:28,412 - INFO - HTTP Request: HEAD https://huggingface.co/sentence-transformers/all-MiniLM-L4-v2/resolve/main/modules.json "HTTP/1.1 401 Unauthorized"
2026-02-08 11:50:28,413 - WARNING - No sentence-transformers model found with name sentence-transformers/all-MiniLM-L4-v2. Creating a new one with mean pooling.
2026-02-08 11:50:28,454 - INFO - HTTP Request: HEAD https://huggingface.co/sentence-transformers/all-MiniLM-L4-v2/resolve/main/adapter_config.json "HTTP/1.1 401 Unauthorized"
2026-02-08 11:50:28,454 - CRITICAL - Failed to load AI model: sentence-transformers/all-MiniLM-L4-v2 is not a local folder and is not a valid model identifier listed on 'https://huggingface.co/models'
If this is a private repository, make sure to pass a token having permission to this repo either by logging in with `hf auth login` or by passing `token=<your_token>`. Clustering is disabled.
2026-02-08 11:50:28,454 - INFO - --- Scraper service started (CI Mode: Run Once) ---
2026-02-08 11:50:28,455 - INFO - --- Starting new scraping job (Parallel Mode) ---
2026-02-08 11:50:28,455 - INFO - Creating new robust session with 3 retries on 5xx/connection/read errors.
2026-02-08 11:50:28,455 - INFO - Proxy is DISABLED.
2026-02-08 11:50:28,455 - INFO - Starting scrape for BBC RSS feed: http://feeds.bbci.co.uk/news/world/rss.xml
2026-02-08 11:50:28,456 - INFO - [Times of India] (Thread) requires Selenium. Initializing driver...
2026-02-08 11:50:28,456 - INFO - Starting scrape for TechCrunch RSS feed: https://techcrunch.com/feed/
2026-02-08 11:50:28,457 - INFO - Starting scrape for The Guardian RSS feed: https://www.theguardian.com/world/rss
2026-02-08 11:50:28,459 - INFO - [The Hindu] (Thread) requires Selenium. Initializing driver...
2026-02-08 11:50:28,459 - INFO - Submitted 5 jobs to thread pool. Waiting up to 300s for completion...
2026-02-08 11:50:28,658 - INFO - Found 45 articles in The Guardian RSS feed. Processing until 20 new articles are saved.
2026-02-08 11:50:28,659 - INFO - [The Guardian] Early skip: URL https://www.theguardian.com/world/2026/feb/07/sudan-rsf-drone-attack-rahad-kills-displaced-people already exists.
2026-02-08 11:50:28,660 - INFO - [The Guardian] Early skip: URL https://www.theguardian.com/global-development/2026/feb/07/businesses-close-protest-malawi-tax-changes-electronic-invoicing-system already exists.
2026-02-08 11:50:28,663 - INFO - [The Guardian] Early skip: URL https://www.theguardian.com/environment/2026/feb/06/weather-tracker-storm-leonardo-europe-portugal-spain-northern-africa already exists.
2026-02-08 11:50:28,664 - INFO - [The Guardian] Early skip: URL https://www.theguardian.com/world/2026/feb/05/nigeria-sends-troops-to-villages-attacked-by-jihadist-fighters already exists.
2026-02-08 11:50:28,666 - INFO - [The Guardian] Early skip: URL https://www.theguardian.com/world/2026/feb/04/gunmen-west-nigeria-attack-red-cross already exists.
2026-02-08 11:50:28,667 - INFO - [The Guardian] Early skip: URL https://www.theguardian.com/environment/2026/feb/07/bermuda-snail-thought-to-be-extinct-now-thrives-after-a-decades-effort already exists.
2026-02-08 11:50:28,668 - INFO - [The Guardian] Early skip: URL https://www.theguardian.com/world/2026/feb/07/china-overturns-death-sentence-of-canadian-robert-lloyd-schellenberg-in-sign-of-diplomatic-thaw already exists.
2026-02-08 11:50:28,670 - INFO - [The Guardian] Early skip: URL https://www.theguardian.com/us-news/2026/feb/06/trump-proclamation-us-imports-argentine-beef already exists.
2026-02-08 11:50:28,672 - INFO - [The Guardian] Early skip: URL https://www.theguardian.com/world/2026/feb/06/canada-and-france-open-greenland-consulates-in-show-of-denmark-support already exists.
2026-02-08 11:50:28,673 - INFO - [The Guardian] Early skip: URL https://www.theguardian.com/world/2026/feb/05/trump-cuba-us-talks already exists.
2026-02-08 11:50:28,675 - INFO - [The Guardian] Article: https://www.theguardian.com/world/2026/feb/08/japan-election-conservatives-victory-sanae-takaichi
2026-02-08 11:50:28,675 - INFO - [The Guardian] Attempt 1/1: Trying with 'requests_browser' strategy...
2026-02-08 11:50:28,713 - INFO - [The Guardian] Success with 'requests_browser'. Found content (865 words).
2026-02-08 11:50:28,790 - INFO - Saved article: Japan election: Sanae Takaichi’s ruling conservatives on course for landslide victory | Japan | The Guardian from The Guardian (865 words)
2026-02-08 11:50:28,819 - INFO - Found 29 articles in BBC RSS feed. Processing until 20 new articles are saved.
2026-02-08 11:50:28,819 - INFO - [BBC] Early skip: URL https://www.bbc.com/news/articles/cx2y7d2z29xo?at_medium=RSS&at_campaign=rss already exists.
2026-02-08 11:50:28,821 - INFO - [BBC] Article: https://www.bbc.com/news/articles/cx2jn4z4eq0o?at_medium=RSS&at_campaign=rss
2026-02-08 11:50:28,821 - INFO - [BBC] Attempt 1/1: Trying with 'requests_browser' strategy...
2026-02-08 11:50:29,003 - INFO - [BBC] Success with 'requests_browser'. Found content (631 words).
2026-02-08 11:50:29,045 - INFO - Saved article: Thailand election 2026: Polls close in election that pitted reformists against conservatives from BBC (631 words)
2026-02-08 11:50:29,799 - INFO - [BBC] Article: https://www.bbc.com/news/articles/cy7j6xe8862o?at_medium=RSS&at_campaign=rss
2026-02-08 11:50:29,799 - INFO - [BBC] Attempt 1/1: Trying with 'requests_browser' strategy...
2026-02-08 11:50:29,841 - INFO - [BBC] Success with 'requests_browser'. Found content (518 words).
2026-02-08 11:50:30,030 - INFO - [The Guardian] Early skip: URL https://www.theguardian.com/world/2026/feb/06/wellington-sewage-leak-sea-new-zealand already exists.
2026-02-08 11:50:30,040 - INFO - Saved article: Vladimir Alexeyev: Three suspects in shooting of Russian general named from BBC (518 words)
2026-02-08 11:50:30,040 - INFO - [The Guardian] Early skip: URL https://www.theguardian.com/world/2026/feb/06/deaths-japan-record-breaking-snow-winter already exists.
2026-02-08 11:50:30,041 - INFO - [The Guardian] Early skip: URL https://www.theguardian.com/world/2026/feb/06/sana-mania-grips-japan-as-ultra-conservative-takaichi-expected-to-secure-election-landslide already exists.
2026-02-08 11:50:30,043 - INFO - [The Guardian] Early skip: URL https://www.theguardian.com/world/2026/feb/05/xi-jinping-donald-trump-phone-call-china-us-taiwan-relationship already exists.
2026-02-08 11:50:30,044 - INFO - [The Guardian] Early skip: URL https://www.theguardian.com/australia-news/2026/feb/08/queensland-pro-palestine-slogan-ban-proposed-hate-speech-laws-ntwnfb already exists.
2026-02-08 11:50:30,046 - INFO - [The Guardian] Early skip: URL https://www.theguardian.com/australia-news/2026/feb/08/tropical-cyclone-mitchell-pilbara-coast-western-australia-weather-emergency-warnings-rain-flooding-strong-wind-gusts already exists.
2026-02-08 11:50:30,047 - INFO - [The Guardian] Early skip: URL https://www.theguardian.com/australia-news/2026/feb/08/coalition-liberals-nationals-reunite-sussan-ley-deal-david-littleproud-end-split already exists.
2026-02-08 11:50:30,048 - INFO - [The Guardian] Early skip: URL https://www.theguardian.com/australia-news/2026/feb/08/nsw-police-illegal-ebike-seize-and-destroy-government-crackdown already exists.
2026-02-08 11:50:30,050 - INFO - [The Guardian] Early skip: URL https://www.theguardian.com/australia-news/2026/feb/08/standoff-protest-israeli-president-isaac-herzog-palestine-action-group-court-challenge-nsw-police-powers already exists.
2026-02-08 11:50:30,051 - INFO - [The Guardian] Early skip: URL https://www.theguardian.com/world/2026/feb/08/portugal-election-seguro-ventura-presidential-runoff already exists.
2026-02-08 11:50:30,053 - INFO - [The Guardian] Early skip: URL https://www.theguardian.com/world/2026/feb/07/veteran-french-politician-quits-as-head-of-prestigious-institute-after-epstein-links-revealed already exists.
2026-02-08 11:50:30,054 - INFO - [The Guardian] Early skip: URL https://www.theguardian.com/world/2026/feb/07/use-of-irish-shannon-airport-for-us-deportation-flights-to-israel-called-reprehensible already exists.
2026-02-08 11:50:30,056 - INFO - [The Guardian] Early skip: URL https://www.theguardian.com/world/2026/feb/07/volodymyr-zelenskyy-us-june-deadline-ukraine-russia-peace-deal already exists.
2026-02-08 11:50:30,057 - INFO - [The Guardian] Early skip: URL https://www.theguardian.com/environment/2026/feb/07/brexit-farm-products-sales-eu already exists.
2026-02-08 11:50:30,059 - INFO - [The Guardian] Early skip: URL https://www.theguardian.com/world/2026/feb/07/bbc-persian-journalists-say-iran-monitoring-them-targeting-families already exists.
2026-02-08 11:50:30,060 - INFO - [The Guardian] Early skip: URL https://www.theguardian.com/world/2026/feb/06/us-iran-talks-oman-nuclear-programme already exists.
2026-02-08 11:50:30,061 - INFO - [The Guardian] Early skip: URL https://www.theguardian.com/us-news/2026/feb/06/benghazi-attack-arrest-pam-bondi already exists.
2026-02-08 11:50:30,062 - INFO - [The Guardian] Early skip: URL https://www.theguardian.com/world/live/2026/feb/06/us-iran-nuclear-talks-oman-live-updates already exists.
2026-02-08 11:50:30,063 - INFO - [The Guardian] Early skip: URL https://www.theguardian.com/uk-news/2026/feb/06/andrew-vouched-for-epstein-on-state-visit-to-uae-with-queen already exists.
2026-02-08 11:50:30,065 - INFO - [The Guardian] Early skip: URL https://www.theguardian.com/world/2026/feb/07/one-person-dead-from-nipah-virus-in-bangladesh-who-says already exists.
2026-02-08 11:50:30,066 - INFO - [The Guardian] Early skip: URL https://www.theguardian.com/world/2026/feb/06/bombing-explosion-shia-mosque-pakistan-islamabad already exists.
2026-02-08 11:50:30,067 - INFO - [The Guardian] Early skip: URL https://www.theguardian.com/world/2026/feb/01/pakistan-targets-balochistan-separatists-after-unprecedented-assaults already exists.
2026-02-08 11:50:30,068 - INFO - [The Guardian] Early skip: URL https://www.theguardian.com/world/2026/feb/01/inside-myanmar-armed-resistance-junta-coup-photo-essay already exists.
2026-02-08 11:50:30,070 - INFO - [The Guardian] Early skip: URL https://www.theguardian.com/sport/2026/jan/30/breakdown-in-cricket-relations-with-bangladesh-rings-alarm-bells-for-indias-olympic-bid already exists.
2026-02-08 11:50:30,071 - INFO - [The Guardian] Early skip: URL https://www.theguardian.com/politics/live/2026/feb/08/peter-mandelson-payoff-keir-starmer-jeffrey-epstein-ambassadoruk-politics-live-news-updates already exists.
2026-02-08 11:50:30,072 - INFO - [The Guardian] Early skip: URL https://www.theguardian.com/politics/2026/feb/08/peter-mandelson-should-hand-back-us-ambassador-payout-says-cabinet-minister already exists.
2026-02-08 11:50:30,073 - INFO - [The Guardian] Early skip: URL https://www.theguardian.com/technology/2026/feb/08/i-fell-into-it-ex-criminal-hackers-urge-manchester-pupils-to-use-web-skills-for-good already exists.
2026-02-08 11:50:30,074 - INFO - [The Guardian] Early skip: URL https://www.theguardian.com/society/2026/feb/08/failure-to-compensate-pelvic-mesh-implant-victims-morally-unacceptable-say-campaigners already exists.
2026-02-08 11:50:30,076 - INFO - [The Guardian] Early skip: URL https://www.theguardian.com/business/2026/feb/08/british-steel-scunthorpe-future-unclear-uk-government-jingye-options already exists.
2026-02-08 11:50:30,077 - INFO - [The Guardian] Early skip: URL https://www.theguardian.com/us-news/2026/feb/08/bad-bunny-super-bowl-trump-maga already exists.
2026-02-08 11:50:30,078 - INFO - [The Guardian] Early skip: URL https://www.theguardian.com/news/ng-interactive/2026/feb/08/washington-post-layoffs-democracy-trump already exists.
2026-02-08 11:50:30,079 - INFO - [The Guardian] Early skip: URL https://www.theguardian.com/us-news/2026/feb/07/nsa-foreign-intelligence-trump-whistleblower already exists.
2026-02-08 11:50:30,080 - INFO - [The Guardian] Early skip: URL https://www.theguardian.com/us-news/2026/feb/07/savannah-guthrie-video-kidnapping-mother already exists.
2026-02-08 11:50:30,082 - INFO - [The Guardian] Early skip: URL https://www.theguardian.com/us-news/2026/feb/07/minneapolis-protesters-arrested-renee-good already exists.
2026-02-08 11:50:30,112 - INFO - Found 0 articles in TechCrunch RSS feed. Processing until 20 new articles are saved.
2026-02-08 11:50:31,289 - INFO - [BBC] Early skip: URL https://www.bbc.com/news/articles/cgl5293n5n9o?at_medium=RSS&at_campaign=rss already exists.
2026-02-08 11:50:31,290 - INFO - [BBC] Early skip: URL https://www.bbc.com/news/articles/ce9y99eg0nno?at_medium=RSS&at_campaign=rss already exists.
2026-02-08 11:50:31,292 - INFO - [BBC] Article: https://www.bbc.com/news/articles/c0j5pg0597po?at_medium=RSS&at_campaign=rss
2026-02-08 11:50:31,292 - INFO - [BBC] Attempt 1/1: Trying with 'requests_browser' strategy...
2026-02-08 11:50:31,336 - INFO - [BBC] Success with 'requests_browser'. Found content (479 words).
2026-02-08 11:50:31,384 - INFO - Saved article: Wiandre Pretorius: Man named in South Africa's Madlanga Commission found dead from BBC (479 words)
2026-02-08 11:50:32,372 - INFO - [BBC] Early skip: URL https://www.bbc.com/news/articles/cre2egrg5q1o?at_medium=RSS&at_campaign=rss already exists.
2026-02-08 11:50:32,374 - INFO - [BBC] Early skip: URL https://www.bbc.com/news/articles/c8e5ee39j47o?at_medium=RSS&at_campaign=rss already exists.
2026-02-08 11:50:32,375 - INFO - [BBC] Early skip: URL https://www.bbc.com/news/articles/cg7e981e4n5o?at_medium=RSS&at_campaign=rss already exists.
2026-02-08 11:50:32,376 - INFO - [BBC] Early skip: URL https://www.bbc.com/news/articles/crkrk567d7zo?at_medium=RSS&at_campaign=rss already exists.
2026-02-08 11:50:32,377 - INFO - [BBC] Early skip: URL https://www.bbc.com/news/articles/cd0y0y9z231o?at_medium=RSS&at_campaign=rss already exists.
2026-02-08 11:50:32,379 - INFO - [BBC] Early skip: URL https://www.bbc.com/news/articles/ce8r8y78g10o?at_medium=RSS&at_campaign=rss already exists.
2026-02-08 11:50:32,380 - INFO - [BBC] Early skip: URL https://www.bbc.com/news/articles/cz6y62nzjxxo?at_medium=RSS&at_campaign=rss already exists.
2026-02-08 11:50:32,381 - INFO - [BBC] Early skip: URL https://www.bbc.com/news/articles/c0q4q7w237yo?at_medium=RSS&at_campaign=rss already exists.
2026-02-08 11:50:32,382 - INFO - [BBC] Early skip: URL https://www.bbc.com/news/articles/ckgyvlgvk43o?at_medium=RSS&at_campaign=rss already exists.
2026-02-08 11:50:32,384 - INFO - [BBC] Early skip: URL https://www.bbc.com/news/videos/ckgngd10lk7o?at_medium=RSS&at_campaign=rss already exists.
2026-02-08 11:50:32,385 - INFO - [BBC] Early skip: URL https://www.bbc.com/news/articles/c1dkd5ql91lo?at_medium=RSS&at_campaign=rss already exists.
2026-02-08 11:50:32,386 - INFO - [BBC] Early skip: URL https://www.bbc.com/news/articles/cdjn1zwm0g7o?at_medium=RSS&at_campaign=rss already exists.
2026-02-08 11:50:32,387 - INFO - [BBC] Early skip: URL https://www.bbc.com/news/articles/c20zzn77w82o?at_medium=RSS&at_campaign=rss already exists.
2026-02-08 11:50:32,388 - INFO - [BBC] Early skip: URL https://www.bbc.com/news/articles/ckgl53zll3jo?at_medium=RSS&at_campaign=rss already exists.
2026-02-08 11:50:32,390 - INFO - [BBC] Early skip: URL https://www.bbc.com/news/articles/c2e1enj3vj3o?at_medium=RSS&at_campaign=rss already exists.
2026-02-08 11:50:32,391 - INFO - [BBC] Early skip: URL https://www.bbc.com/news/articles/cd0y0ld39y0o?at_medium=RSS&at_campaign=rss already exists.
2026-02-08 11:50:32,392 - INFO - [BBC] Early skip: URL https://www.bbc.com/news/articles/c86vz6v07d3o?at_medium=RSS&at_campaign=rss already exists.
2026-02-08 11:50:32,393 - INFO - [BBC] Early skip: URL https://www.bbc.com/news/articles/cvgnq9rwyqno?at_medium=RSS&at_campaign=rss already exists.
2026-02-08 11:50:32,395 - INFO - [BBC] Early skip: URL https://www.bbc.com/news/videos/c86v6p1djvqo?at_medium=RSS&at_campaign=rss already exists.
2026-02-08 11:50:32,396 - INFO - [BBC] Article: https://www.bbc.com/news/videos/cj4l415y4dno?at_medium=RSS&at_campaign=rss
2026-02-08 11:50:32,396 - INFO - [BBC] Attempt 1/1: Trying with 'requests_browser' strategy...
2026-02-08 11:50:32,455 - WARNING - [BBC] FAILED with 'requests_browser' (content was too short: 81 words).
2026-02-08 11:50:32,455 - ERROR - [BBC] All scrape strategies failed for https://www.bbc.com/news/videos/cj4l415y4dno?at_medium=RSS&at_campaign=rss. Falling back to RSS description.
2026-02-08 11:50:32,455 - WARNING - SKIPPED (GLOBAL WORD LIMIT): Article 'At the scene of deadly Pakistan mosque explosion ' from BBC has only 21 words (Min: 90).
2026-02-08 11:50:33,312 - INFO - [BBC] Early skip: URL https://www.bbc.com/news/videos/cqxyx2pl1pzo?at_medium=RSS&at_campaign=rss already exists.
2026-02-08 11:50:33,313 - INFO - [BBC] Early skip: URL https://www.bbc.com/news/videos/c4gvg772vv6o?at_medium=RSS&at_campaign=rss already exists.
2026-02-08 11:50:33,314 - INFO - [BBC] Early skip: URL https://www.bbc.com/news/videos/c2d7den70j1o?at_medium=RSS&at_campaign=rss already exists.
2026-02-08 11:50:36,241 - INFO - Selenium driver initialized successfully.
2026-02-08 11:50:36,241 - INFO - Starting scrape for The Hindu RSS feed: https://www.thehindu.com/news/national/feeder/default.rss
2026-02-08 11:50:36,242 - INFO - Selenium driver initialized successfully.
2026-02-08 11:50:36,242 - INFO - Starting scrape for Times of India RSS feed: https://timesofindia.indiatimes.com/rssfeeds/296589292.cms
2026-02-08 11:50:36,478 - INFO - Found 100 articles in The Hindu RSS feed. Processing until 20 new articles are saved.
2026-02-08 11:50:36,478 - INFO - [The Hindu] Article: https://www.thehindu.com/news/national/madhya-pradesh/madhya-pradesh-rewa-audi-car-crash-three-dead-motorcycle/article70607258.ece
2026-02-08 11:50:36,478 - INFO - [The Hindu] Attempt 1/1: Trying with 'selenium_browser' strategy...
2026-02-08 11:50:36,697 - INFO - Found 20 articles in Times of India RSS feed. Processing until 20 new articles are saved.
2026-02-08 11:50:36,697 - INFO - [Times of India] Article: https://timesofindia.indiatimes.com/world/middle-east/qatar-announces-official-holiday-for-national-sports-day-2026/articleshow/128069042.cms
2026-02-08 11:50:36,697 - INFO - [Times of India] Attempt 1/1: Trying with 'selenium_browser' strategy...
2026-02-08 11:50:45,916 - INFO - [The Hindu] Page content loaded.
2026-02-08 11:50:46,142 - INFO - [The Hindu] Success with 'selenium_browser'. Found content (166 words).
2026-02-08 11:50:46,408 - INFO - Saved article: Three people, including father and son, killed in luxury car crash in MP - The Hindu from The Hindu (166 words)
2026-02-08 11:50:47,056 - INFO - [The Hindu] Article: https://www.thehindu.com/news/national/dalai-lamas-office-says-the-spiritual-leader-has-never-met-epstein/article70607261.ece
2026-02-08 11:50:47,056 - INFO - [The Hindu] Attempt 1/1: Trying with 'selenium_browser' strategy...
2026-02-08 11:50:48,782 - INFO - [The Hindu] Page content loaded.
2026-02-08 11:50:48,932 - INFO - [The Hindu] Success with 'selenium_browser'. Found content (517 words).
2026-02-08 11:50:49,116 - INFO - Saved article: Dalai Lama's office says the spiritual leader has never met Epstein - The Hindu from The Hindu (517 words)
2026-02-08 11:50:50,419 - INFO - [The Hindu] Article: https://www.thehindu.com/news/national/west-bengal/destination-santiniketan-for-assam-initiative-to-celebrate-poets/article70607094.ece
2026-02-08 11:50:50,419 - INFO - [The Hindu] Attempt 1/1: Trying with 'selenium_browser' strategy...
2026-02-08 11:50:55,846 - INFO - [The Hindu] Page content loaded.
2026-02-08 11:50:55,941 - INFO - [The Hindu] Success with 'selenium_browser'. Found content (515 words).
2026-02-08 11:50:56,025 - INFO - Saved article: Destination Santiniketan for Assam initiative to celebrate poets - The Hindu from The Hindu (515 words)
2026-02-08 11:50:56,644 - INFO - [The Hindu] Article: https://www.thehindu.com/news/national/andhra-pradesh/thousands-participate-in-sathya-sai-run-and-cycling-event-in-vijayawada/article70607103.ece
2026-02-08 11:50:56,644 - INFO - [The Hindu] Attempt 1/1: Trying with 'selenium_browser' strategy...
2026-02-08 11:50:56,750 - ERROR - [Times of India] Request failed for strategy 'selenium_browser' on URL https://timesofindia.indiatimes.com/world/middle-east/qatar-announces-official-holiday-for-national-sports-day-2026/articleshow/128069042.cms: Message: timeout: Timed out receiving message from renderer: 19.892
  (Session info: chrome=144.0.7559.109)
Stacktrace:
#0 0x55947b9caa4a <unknown>
#1 0x55947b3e36a2 <unknown>
#2 0x55947b3cad87 <unknown>
#3 0x55947b3ca996 <unknown>
#4 0x55947b3c84a1 <unknown>
#5 0x55947b3c8e2f <unknown>
#6 0x55947b3d8360 <unknown>
#7 0x55947b3f2357 <unknown>
#8 0x55947b3f956b <unknown>
#9 0x55947b3c9599 <unknown>
#10 0x55947b3f20ec <unknown>
#11 0x55947b481b68 <unknown>
#12 0x55947b42a8b2 <unknown>
#13 0x55947b42b6a1 <unknown>
#14 0x55947b9908a9 <unknown>
#15 0x55947b9937b1 <unknown>
#16 0x55947b97cea9 <unknown>
#17 0x55947b99436e <unknown>
#18 0x55947b963410 <unknown>
#19 0x55947b9b80c8 <unknown>
#20 0x55947b9b829b <unknown>
#21 0x55947b9c9db8 <unknown>
#22 0x7fe4f729caa4 <unknown>
#23 0x7fe4f7329c6c <unknown>

2026-02-08 11:50:56,752 - ERROR - [Times of India] All scrape strategies failed for https://timesofindia.indiatimes.com/world/middle-east/qatar-announces-official-holiday-for-national-sports-day-2026/articleshow/128069042.cms. Falling back to RSS description.
2026-02-08 11:50:56,752 - WARNING - SKIPPED (GLOBAL WORD LIMIT): Article 'Qatar announces official holiday for National Sports Day 2026' from Times of India has only 49 words (Min: 90).
2026-02-08 11:50:57,396 - INFO - [The Hindu] Page content loaded.
2026-02-08 11:50:57,667 - INFO - [The Hindu] Success with 'selenium_browser'. Found content (197 words).
2026-02-08 11:50:57,756 - INFO - Saved article: Thousands participate in Sathya Sai run and cycling event in Vijayawada - The Hindu from The Hindu (197 words)
2026-02-08 11:50:57,874 - INFO - [Times of India] Article: https://timesofindia.indiatimes.com/world/middle-east/dubais-new-school-age-cut-off-explained-what-parents-need-to-know-about-kids-eligibility-for-fs1-fs2-kg-admissions-in-2026/articleshow/128069047.cms
2026-02-08 11:50:57,874 - INFO - [Times of India] Attempt 1/1: Trying with 'selenium_browser' strategy...
2026-02-08 11:50:59,018 - INFO - [The Hindu] Article: https://www.thehindu.com/news/national/pm-modi-meets-leading-business-leaders-in-malaysia-praises-their-role-in-indian-growth-story/article70607248.ece
2026-02-08 11:50:59,018 - INFO - [The Hindu] Attempt 1/1: Trying with 'selenium_browser' strategy...
2026-02-08 11:51:01,959 - INFO - [The Hindu] Page content loaded.
2026-02-08 11:51:02,169 - INFO - [The Hindu] Success with 'selenium_browser'. Found content (406 words).
2026-02-08 11:51:02,264 - INFO - Saved article: PM Modi meets leading business leaders in Malaysia, praises their role in ‘Indian growth story’ - The Hindu from The Hindu (406 words)
2026-02-08 11:51:03,616 - INFO - [The Hindu] Article: https://www.thehindu.com/news/national/karnataka/pilot-and-trainee-injured-after-aircraft-crashes-in-vijayapura-district/article70607211.ece
2026-02-08 11:51:03,616 - INFO - [The Hindu] Attempt 1/1: Trying with 'selenium_browser' strategy...
2026-02-08 11:51:03,928 - INFO - [Times of India] Page content loaded.
2026-02-08 11:51:04,395 - INFO - [Times of India] Success with 'selenium_browser'. Found content (808 words).
2026-02-08 11:51:04,672 - INFO - Saved article: Dubai’s new school age cut-off explained: What parents need to know about kids' eligibility for FS1, FS2, KG admissions in 2026 - The Times of India from Times of India (808 words)
2026-02-08 11:51:05,683 - INFO - [Times of India] Article: https://timesofindia.indiatimes.com/world/middle-east/ramadan-2026-will-fasting-be-for-29-or-30-days-moon-sighting-date-and-time-other-key-details-for-the-gulf/articleshow/128066012.cms
2026-02-08 11:51:05,683 - INFO - [Times of India] Attempt 1/1: Trying with 'selenium_browser' strategy...
2026-02-08 11:51:06,791 - INFO - [The Hindu] Page content loaded.
2026-02-08 11:51:06,961 - INFO - [Times of India] Page content loaded.
2026-02-08 11:51:07,019 - INFO - [The Hindu] Success with 'selenium_browser'. Found content (169 words).
2026-02-08 11:51:07,161 - INFO - Saved article: Pilot and trainee injured after aircraft crashes in Vijayapura district - The Hindu from The Hindu (169 words)
2026-02-08 11:51:07,280 - INFO - [Times of India] Success with 'selenium_browser'. Found content (748 words).
2026-02-08 11:51:07,382 - INFO - Saved article: Ramadan 2026: Will fasting be for 29 or 30 days? Moon sighting date and time, other key details for the Gulf - The Times of India from Times of India (748 words)
2026-02-08 11:51:07,894 - INFO - [Times of India] Article: https://timesofindia.indiatimes.com/world/us/epstein-wanted-to-impregnate-20-women-at-once-to-create-super-race-using-his-dna/articleshow/128065631.cms
2026-02-08 11:51:07,894 - INFO - [Times of India] Attempt 1/1: Trying with 'selenium_browser' strategy...
2026-02-08 11:51:07,925 - INFO - [The Hindu] Early skip: URL https://www.thehindu.com/news/national/karnataka/soundproof-barrier-planned-near-ranganathittu-for-mysurukushalnagar-highway/article70588287.ece already exists.
2026-02-08 11:51:07,927 - INFO - [The Hindu] Early skip: URL https://www.thehindu.com/news/national/india-us-trade-deal-anand-sharma-dares-goyal-to-cancel-upa-era-pacts/article70607088.ece already exists.
2026-02-08 11:51:07,931 - INFO - [The Hindu] Early skip: URL https://www.thehindu.com/news/national/rajasthan/accused-in-kanhaiyalal-murder-case-bjp-workers-family-awaiting-justice-for-4-years-ashok-gehlot/article70607165.ece already exists.
2026-02-08 11:51:07,932 - INFO - [The Hindu] Early skip: URL https://www.thehindu.com/news/national/haryana/surajkund-mela-swing-collapse-police-arrest-operator/article70607151.ece already exists.
2026-02-08 11:51:07,933 - INFO - [The Hindu] Early skip: URL https://www.thehindu.com/news/national/tamil-nadu/madras-high-court-to-hear-income-tax-appeals-against-dmk-its-charitable-trust-on-february-9/article70606949.ece already exists.
2026-02-08 11:51:07,935 - INFO - [The Hindu] Early skip: URL https://www.thehindu.com/news/national/karnataka/dc-shreeroopa-reviews-preparations-for-shivarathri-jatra-at-mm-hills/article70606813.ece already exists.
2026-02-08 11:51:07,936 - INFO - [The Hindu] Early skip: URL https://www.thehindu.com/news/national/meghalaya/meghalaya-police-told-to-hunt-down-financiers-of-illegal-coal-trade/article70607031.ece already exists.
2026-02-08 11:51:07,939 - INFO - [The Hindu] Early skip: URL https://www.thehindu.com/news/national/andhra-pradesh/three-day-cyber-safety-programme-ends-in-srikalahasti-college/article70606934.ece already exists.
2026-02-08 11:51:07,943 - INFO - [The Hindu] Early skip: URL https://www.thehindu.com/news/national/assam/assam-himanta-congress-gaurav-gogoi-wife-pakistan-agent-claims/article70607053.ece already exists.
2026-02-08 11:51:07,944 - INFO - [The Hindu] Early skip: URL https://www.thehindu.com/news/national/tamil-nadu/edappadi-palaniswami-urges-tamil-nadu-government-to-reopen-mettur-dam-to-save-standing-crop-in-delta-districts/article70606894.ece already exists.
2026-02-08 11:51:07,946 - INFO - [The Hindu] Early skip: URL https://www.thehindu.com/news/national/chhattisgarh/shah-chairs-lwe-review-meet-in-chhattisgarh-union-home-secretary-ib-chief-among-those-present/article70607038.ece already exists.
2026-02-08 11:51:07,948 - INFO - [The Hindu] Early skip: URL https://www.thehindu.com/news/national/andhra-pradesh/srinivasa-mangapuram-brahmotsavam-off-to-a-colourful-start/article70606994.ece already exists.
2026-02-08 11:51:07,949 - INFO - [The Hindu] Early skip: URL https://www.thehindu.com/news/national/india-today-negotiating-trade-deals-from-a-position-of-strength-confidence-goyal/article70607012.ece already exists.
2026-02-08 11:51:07,953 - INFO - [The Hindu] Early skip: URL https://www.thehindu.com/news/national/pm-protected-interest-of-farmers-workers-bjp-chief-on-india-us-trade-deal/article70606995.ece already exists.
2026-02-08 11:51:07,957 - INFO - [The Hindu] Early skip: URL https://www.thehindu.com/news/national/maharashtra/bjp-picked-ritu-tawde-as-mumbai-mayor-due-to-marathi-backing-for-sena-ubt-and-mns-raut/article70606968.ece already exists.
2026-02-08 11:51:07,959 - INFO - [The Hindu] Early skip: URL https://www.thehindu.com/news/national/telangana/phone-tapping-accused-should-be-suspected-in-the-telangana-fsl-fire-accident-congress-mp/article70606892.ece already exists.
2026-02-08 11:51:07,962 - INFO - [The Hindu] Early skip: URL https://www.thehindu.com/news/national/delhi-five-star-hotel-room-tariffs-skyrocket-as-ai-summit-sparks-record-demand/article70606962.ece already exists.
2026-02-08 11:51:07,964 - INFO - [The Hindu] Early skip: URL https://www.thehindu.com/news/national/tamil-nadu/tnpsc-postpones-february-8-group-2-2a-main-examination-after-allotting-wrong-centres-in-chennai-opposition-parties-flay/article70606910.ece already exists.
2026-02-08 11:51:07,967 - INFO - [The Hindu] Early skip: URL https://www.thehindu.com/news/cities/Mangalore/tourism-ministry-identifies-4-destinations-in-udupi-district-to-be-developed-to-global-standards/article70606772.ece already exists.
2026-02-08 11:51:07,970 - INFO - [The Hindu] Early skip: URL https://www.thehindu.com/news/national/ready-to-step-down-if-sangh-asks-me-to-do-so-mohan-bhagwat/article70606900.ece already exists.
2026-02-08 11:51:07,971 - INFO - [The Hindu] Early skip: URL https://www.thehindu.com/news/cities/Mangalore/old-maravoor-bridge-to-be-dismantled-to-pave-way-for-construction-of-new-one/article70606692.ece already exists.
2026-02-08 11:51:07,973 - INFO - [The Hindu] Early skip: URL https://www.thehindu.com/sport/cricket/t20-world-cup-india-match-boycott-bangladesh-pakistan-board-lahore-talks/article70606913.ece already exists.
2026-02-08 11:51:07,974 - INFO - [The Hindu] Early skip: URL https://www.thehindu.com/news/cities/Hyderabad/telangana-fsl-director-nampally-laboratory-fire-evidence-sensitive-cases/article70606832.ece already exists.
2026-02-08 11:51:07,976 - INFO - [The Hindu] Early skip: URL https://www.thehindu.com/news/national/malaysian-pm-ibrahim-like-several-of-us-in-india-is-a-big-fan-of-mgr-pm-modi/article70606830.ece already exists.
2026-02-08 11:51:07,979 - INFO - [The Hindu] Early skip: URL https://www.thehindu.com/news/national/rahul-was-coming-towards-me-after-losing-his-temper-bittu-on-face-off-with-congress-leader/article70606826.ece already exists.
2026-02-08 11:51:07,980 - INFO - [The Hindu] Early skip: URL https://www.thehindu.com/news/national/andhra-pradesh/tdp-misleading-public-with-false-information-on-tirumala-laddu-issue-says-ysrcp-leader-and-zp-chairperson/article70606541.ece already exists.
2026-02-08 11:51:07,982 - INFO - [The Hindu] Early skip: URL https://www.thehindu.com/news/national/west-bengal/west-bengal-sir-election-commission-group-b-officers-sc-hearing-mamata/article70606839.ece already exists.
2026-02-08 11:51:07,984 - INFO - [The Hindu] Early skip: URL https://www.thehindu.com/news/national/government-to-constitute-high-level-panel-on-banking-soon-finance-minister/article70606831.ece already exists.
2026-02-08 11:51:07,986 - INFO - [The Hindu] Early skip: URL https://www.thehindu.com/news/national/congress-slams-assam-bjps-point-blank-shot-video-for-targeting-minorities-asks-judiciary-to-act/article70606793.ece already exists.
2026-02-08 11:51:07,988 - INFO - [The Hindu] Early skip: URL https://www.thehindu.com/news/national/tamil-nadu/nlc-india-signs-mou-with-cuddalore-district-administration-for-infrastructure-projects/article70606569.ece already exists.
2026-02-08 11:51:07,990 - INFO - [The Hindu] Early skip: URL https://www.thehindu.com/news/national/uttar-pradesh/muzaffarnagar-riots-linked-case-up-court-acquits-22/article70606763.ece already exists.
2026-02-08 11:51:07,993 - INFO - [The Hindu] Early skip: URL https://www.thehindu.com/news/national/tamil-nadu/chidambaram-natyanjali-festival-to-begin-on-february-13/article70606674.ece already exists.
2026-02-08 11:51:07,995 - INFO - [The Hindu] Early skip: URL https://www.thehindu.com/news/national/punjab/punjab-government-suspends-2-ias-officers/article70606670.ece already exists.
2026-02-08 11:51:07,996 - INFO - [The Hindu] Early skip: URL https://www.thehindu.com/news/cities/puducherry/puducherry-government-issues-advisory-after-avian-influenza-detection-in-chennai-crow-samples/article70606562.ece already exists.
2026-02-08 11:51:07,998 - INFO - [The Hindu] Early skip: URL https://www.thehindu.com/news/national/aimsa-urges-pm-modi-to-ensure-safety-justice-for-medical-students-after-russia-stabbing-attack/article70606639.ece already exists.
2026-02-08 11:51:07,999 - INFO - [The Hindu] Early skip: URL https://www.thehindu.com/news/national/unnao-rape-sengar-moves-supreme-court-seeking-bail-in-death-case-of-survivors-father/article70606623.ece already exists.
2026-02-08 11:51:08,002 - INFO - [The Hindu] Early skip: URL https://www.thehindu.com/news/national/manipur/four-militants-arrested-in-manipur/article70606583.ece already exists.
2026-02-08 11:51:08,003 - INFO - [The Hindu] Early skip: URL https://www.thehindu.com/photos/in-frames-medaram-and-the-rhythms-of-devotion/article70606599.ece already exists.
2026-02-08 11:51:08,005 - INFO - [The Hindu] Early skip: URL https://www.thehindu.com/news/national/army-chief-reviews-counter-terror-ops-in-jammu-and-kashmir-deliberates-on-infusion-of-advanced-tech/article70606556.ece already exists.
2026-02-08 11:51:08,007 - INFO - [The Hindu] Early skip: URL https://www.thehindu.com/news/national/karnataka/shivamogga-police-open-fire-arrest-rowdy-sheeter-and-his-associates-near-bhadravathi/article70606509.ece already exists.
2026-02-08 11:51:08,011 - INFO - [The Hindu] Early skip: URL https://www.thehindu.com/news/national/tamil-nadu/cm-stalin-writes-to-pm-modi-seeking-timely-release-of-funds-for-land-acquisition-for-railway-projects-in-tamil-nadu/article70606507.ece already exists.
2026-02-08 11:51:08,014 - INFO - [The Hindu] Early skip: URL https://www.thehindu.com/news/national/tamil-nadu/16th-finance-commission-identifies-tn-as-one-of-top-three-states-sufferingheavylosses-of-public-sector-enterprises/article70604668.ece already exists.
2026-02-08 11:51:08,017 - INFO - [The Hindu] Early skip: URL https://www.thehindu.com/news/national/pm-modi-in-malaysia-live-prime-minister-holds-bilateral-talks-with-pm-anwar-ibrahim/article70606481.ece already exists.
2026-02-08 11:51:08,020 - INFO - [The Hindu] Early skip: URL https://www.thehindu.com/news/national/pm-modi-malaysia-visit-anwar-ibrahim-february-8-2026/article70606452.ece already exists.
2026-02-08 11:51:08,021 - INFO - [The Hindu] Early skip: URL https://www.thehindu.com/news/national/kerala/moolamppilly-package-revenue-officials-dismiss-need-for-monthly-meetings/article70602969.ece already exists.
2026-02-08 11:51:08,023 - INFO - [The Hindu] Early skip: URL https://www.thehindu.com/news/national/karnataka/hidden-for-decades-a-british-era-outpost-returns-to-life-in-bengaluru/article70604341.ece already exists.
2026-02-08 11:51:08,026 - INFO - [The Hindu] Early skip: URL https://www.thehindu.com/news/national/tamil-nadu/tn-government-would-like-to-take-home-again-programmes-for-mentally-ill-to-all-districts-chief-secretary/article70604194.ece already exists.
2026-02-08 11:51:08,027 - INFO - [The Hindu] Early skip: URL https://www.thehindu.com/news/national/uttar-pradesh/humiliating-allahabad-high-court-sets-aside-placard-punishment-handed-to-noida-varsity-student/article70605445.ece already exists.
2026-02-08 11:51:08,030 - INFO - [The Hindu] Early skip: URL https://www.thehindu.com/news/national/jammu-and-kashmir/gas-leak-causes-panic-in-jammu-probe-launched/article70605441.ece already exists.
2026-02-08 11:51:08,032 - INFO - [The Hindu] Early skip: URL https://www.thehindu.com/news/national/interests-of-indian-farmers-completely-protected-in-indo-us-trade-deal-shivraj-singh-chouhan/article70604733.ece already exists.
2026-02-08 11:51:08,033 - INFO - [The Hindu] Early skip: URL https://www.thehindu.com/news/national/west-bengal/bengal-cm-stole-limelight-despite-me-being-original-petitioner-cpims-mostari-banu/article70604906.ece already exists.
2026-02-08 11:51:08,034 - INFO - [The Hindu] Early skip: URL https://www.thehindu.com/sci-tech/health/how-is-india-tackling-the-mental-health-crisis-explained/article70605025.ece already exists.
2026-02-08 11:51:08,036 - INFO - [The Hindu] Early skip: URL https://www.thehindu.com/news/national/why-is-the-dreamliner-fuel-system-under-watch-explained/article70604992.ece already exists.
2026-02-08 11:51:08,038 - INFO - [The Hindu] Early skip: URL https://www.thehindu.com/news/international/stephen-miller-the-anti-immigration-czar/article70605054.ece already exists.
2026-02-08 11:51:08,039 - INFO - [The Hindu] Early skip: URL https://www.thehindu.com/news/national/gujarat/gujarat-cm-lays-foundation-stone-for-first-phase-of-shakti-corridor/article70604276.ece already exists.
2026-02-08 11:51:08,040 - INFO - [The Hindu] Early skip: URL https://www.thehindu.com/news/national/bihar/purnea-mp-arrested-in-31-year-old-case-sent-to-two-day-judicial-custody/article70603723.ece already exists.
2026-02-08 11:51:08,042 - INFO - [The Hindu] Early skip: URL https://www.thehindu.com/news/national/yumnam-khemchand-singh-crisis-time-cm/article70605063.ece already exists.
2026-02-08 11:51:08,043 - INFO - [The Hindu] Early skip: URL https://www.thehindu.com/news/national/karnataka/vaishnaw-tours-semicon-and-chip-firms-in-bengaluru/article70605115.ece already exists.
2026-02-08 11:51:08,045 - INFO - [The Hindu] Early skip: URL https://www.thehindu.com/news/national/karnataka/proposed-bill-on-menstrual-leave-in-karnataka-put-on-the-back-burner/article70600989.ece already exists.
2026-02-08 11:51:08,048 - INFO - [The Hindu] Early skip: URL https://www.thehindu.com/news/national/karnataka/sir-activists-flag-concerns-over-voter-roll-mapping/article70604541.ece already exists.
2026-02-08 11:51:08,049 - INFO - [The Hindu] Early skip: URL https://www.thehindu.com/news/national/kerala/zaman-s-khan-wins-kochi-round-of-the-hindu-businessline-cerebration-corporate-quiz-2026/article70604637.ece already exists.
2026-02-08 11:51:08,051 - INFO - [The Hindu] Early skip: URL https://www.thehindu.com/news/national/tamil-nadu/minister-opens-memorial-pillar-for-mordhana-dam-in-vellore-for-completion-of-25-years/article70604514.ece already exists.
2026-02-08 11:51:08,052 - INFO - [The Hindu] Early skip: URL https://www.thehindu.com/news/national/haryana/police-inspector-killed-and-several-injured-after-swing-collapsed-at-surajkund-mela-in-faridabad/article70604973.ece already exists.
2026-02-08 11:51:08,054 - INFO - [The Hindu] Early skip: URL https://www.thehindu.com/news/national/forgetting-hindu-sentiments-led-to-partition-rss-chief-mohan-bhagwat/article70605105.ece already exists.
2026-02-08 11:51:08,055 - INFO - [The Hindu] Early skip: URL https://www.thehindu.com/news/national/kerala/budget-allocates-30-crore-for-sma-treatment/article70604916.ece already exists.
2026-02-08 11:51:08,057 - INFO - [The Hindu] Early skip: URL https://www.thehindu.com/news/cities/Hyderabad/two-killed-five-injured-in-car-crash-on-orr-near-pocharam/article70605226.ece already exists.
2026-02-08 11:51:08,058 - INFO - [The Hindu] Early skip: URL https://www.thehindu.com/news/national/kerala/information-has-been-weaponised-kr-meera/article70605055.ece already exists.
2026-02-08 11:51:08,059 - INFO - [The Hindu] Early skip: URL https://www.thehindu.com/news/national/kerala/international-symposium-on-parkinsons-disease-in-thiruvananthapuram/article70604984.ece already exists.
2026-02-08 11:51:08,063 - INFO - [The Hindu] Early skip: URL https://www.thehindu.com/news/national/kerala/sabari-rail-govt-steps-rekindle-hopes-among-people-along-proposed-corridor/article70604969.ece already exists.
2026-02-08 11:51:08,065 - INFO - [The Hindu] Early skip: URL https://www.thehindu.com/news/national/tamil-nadu/tn-should-should-give-zero-seats-to-bjp-in-2026-assembly-election-for-providing-nothing-to-state-in-budget-cm-stalin/article70604569.ece already exists.
2026-02-08 11:51:08,067 - INFO - [The Hindu] Early skip: URL https://www.thehindu.com/news/national/karnataka/3617-govt-schools-close-in-karnataka-between-2020-21-and-2025-26/article70604394.ece already exists.
2026-02-08 11:51:08,069 - INFO - [The Hindu] Early skip: URL https://www.thehindu.com/news/national/andhra-pradesh/pard-announces-free-competitive-exam-coaching-for-underprivileged-students/article70604830.ece already exists.
2026-02-08 11:51:08,074 - INFO - [The Hindu] Early skip: URL https://www.thehindu.com/news/national/rajasthan/three-storey-building-collapse-in-rajasthans-kota/article70605167.ece already exists.
2026-02-08 11:51:08,076 - INFO - [The Hindu] Early skip: URL https://www.thehindu.com/news/cities/Hyderabad/new-barricades-installed-under-raidurg-metro-to-regulate-pedestrian-crossings/article70604456.ece already exists.
2026-02-08 11:51:08,077 - INFO - [The Hindu] Early skip: URL https://www.thehindu.com/news/national/west-bengal/sir-woes-continue-on-the-last-day-of-hearing-in-west-bengal/article70604508.ece already exists.
2026-02-08 11:51:08,079 - INFO - [The Hindu] Early skip: URL https://www.thehindu.com/news/national/people-raised-in-state-run-orphanages-and-charity-homes-struggle-with-sir-rules-on-parent-mapping/article70604610.ece already exists.
2026-02-08 11:51:08,084 - INFO - [The Hindu] Early skip: URL https://www.thehindu.com/news/national/karnataka/ram-madhavs-first-meeting-hints-at-bjp-high-command-driven-campaign-for-gba-polls-mlas-upset/article70604628.ece already exists.
2026-02-08 11:51:08,085 - INFO - [The Hindu] Early skip: URL https://www.thehindu.com/news/national/karnataka/bjp-claims-union-govt-has-put-metro-fare-hike-on-hold-bmrcl-says-no-such-direction/article70604909.ece already exists.
2026-02-08 11:51:08,086 - INFO - [The Hindu] Early skip: URL https://www.thehindu.com/news/national/samyukt-kisan-morcha-demands-goyals-resignation-asks-pm-to-refrain-from-signing-deal-with-us/article70604806.ece already exists.
2026-02-08 11:51:08,088 - INFO - [The Hindu] Early skip: URL https://www.thehindu.com/news/national/telangana/public-representatives-to-cast-vote-as-ex-officio-members-as-per-division-bench-verdict-hc/article70605020.ece already exists.
2026-02-08 11:51:08,090 - INFO - [The Hindu] Early skip: URL https://www.thehindu.com/news/national/west-bengal/west-bengal-ceo-seeks-one-week-extension-for-sir-deadline-5hearings-pending/article70604562.ece already exists.
2026-02-08 11:51:08,091 - INFO - [The Hindu] Early skip: URL https://www.thehindu.com/news/national/karnataka/state-govt-introduces-auto-conversion-of-land-use-as-per-master-plan-in-gba-area/article70604834.ece already exists.
2026-02-08 11:51:08,094 - INFO - [The Hindu] Early skip: URL https://www.thehindu.com/news/national/karnataka/karnataka-high-court-confirms-death-penalty-for-three-men-in-gang-rape-and-murder-of-minor/article70604414.ece already exists.
2026-02-08 11:51:08,095 - INFO - [The Hindu] Early skip: URL https://www.thehindu.com/news/national/karnataka/man-accused-of-nephews-murder-and-three-of-his-family-found-dead-in-bihar/article70604985.ece already exists.
2026-02-08 11:51:08,097 - INFO - [The Hindu] Early skip: URL https://www.thehindu.com/news/national/tamil-nadu/farmers-begin-kanniyakumari-kashmir-march-in-support-of-their-demands/article70604681.ece already exists.
2026-02-08 11:51:08,098 - INFO - [The Hindu] Early skip: URL https://www.thehindu.com/news/national/karnataka/karnataka-approves-ultrasound-training-for-mbbs-doctors-to-strengthen-maternal-healthcare/article70604173.ece already exists.
2026-02-08 11:51:08,100 - INFO - [The Hindu] Early skip: URL https://www.thehindu.com/news/national/punjab/aap-leader-murder-case-one-arrested-after-exchange-of-fire-in-amritsar-says-punjab-police/article70604944.ece already exists.
2026-02-08 11:51:08,102 - INFO - [The Hindu] Early skip: URL https://www.thehindu.com/news/national/andhra-pradesh/ssc-english-exam-postponed-by-a-day-due-to-id-ul-fitr-to-be-held-on-march-21/article70604854.ece already exists.
2026-02-08 11:51:08,103 - INFO - [The Hindu] Early skip: URL https://www.thehindu.com/news/national/karnataka/over-2000-medical-students-benefit-from-bengaluru-based-private-hospitals-udaan-initiative/article70604300.ece already exists.
2026-02-08 11:51:08,105 - INFO - [The Hindu] Early skip: URL https://www.thehindu.com/news/national/telangana/fadnavis-accuses-revanth-of-resorting-to-appeasement-politics-flays-brs-for-politics-of-betrayal/article70604844.ece already exists.
2026-02-08 11:51:08,108 - INFO - [The Hindu] Early skip: URL https://www.thehindu.com/news/national/andhra-pradesh/two-youths-arrested-under-pocso-for-sexually-assaulting-two-minor-girls/article70604801.ece already exists.
2026-02-08 11:51:08,109 - INFO - [The Hindu] Early skip: URL https://www.thehindu.com/news/national/tamil-nadu/india-us-trade-pact-will-hit-farmers-says-kanimozhi/article70604751.ece already exists.
2026-02-08 11:51:08,111 - INFO - [The Hindu] Early skip: URL https://www.thehindu.com/news/national/andhra-pradesh/tadoba-tigers-conduct-health-meet-ntca-protocol-for-rehabilitation-in-natural-habitat/article70604572.ece already exists.
2026-02-08 11:51:08,112 - INFO - [The Hindu] Early skip: URL https://www.thehindu.com/news/national/andhra-pradesh/over-70-tribal-ashram-school-students-fall-ill-in-polavaram-district/article70604695.ece already exists.
2026-02-08 11:51:08,114 - INFO - [The Hindu] (Thread) Finished. Attempting to shut down its Selenium driver.
2026-02-08 11:51:08,279 - INFO - [The Hindu] (Thread) driver.quit() successful.
2026-02-08 11:51:08,720 - INFO - [Times of India] Page content loaded.
2026-02-08 11:51:08,861 - INFO - [Times of India] Success with 'selenium_browser'. Found content (312 words).
2026-02-08 11:51:08,924 - INFO - Saved article: Epstein wanted to impregnate 20 women at once to create 'super race' using his DNA - The Times of India from Times of India (312 words)
2026-02-08 11:51:09,583 - INFO - [Times of India] Early skip: URL https://timesofindia.indiatimes.com/world/middle-east/buying-luxury-property-in-dubai-just-got-easier-how-buyers-can-win-big-in-market-of-high-end-homes/articleshow/128065061.cms already exists.
2026-02-08 11:51:09,586 - INFO - [Times of India] Early skip: URL https://timesofindia.indiatimes.com/world/europe/storm-martas-fury-spain-and-portugal-face-heavy-rain-emergency-worker-drowns/articleshow/128064778.cms already exists.
2026-02-08 11:51:09,587 - INFO - [Times of India] Early skip: URL https://timesofindia.indiatimes.com/world/rest-of-world/a-desert-ice-cave-in-new-mexico-that-has-stayed-below-freezing-for-3400-years/articleshow/128063767.cms already exists.
2026-02-08 11:51:09,588 - INFO - [Times of India] Early skip: URL https://timesofindia.indiatimes.com/world/middle-east/uae-green-visa-vs-golden-visa-which-long-term-residency-option-suits-you-best/articleshow/128062774.cms already exists.
2026-02-08 11:51:09,590 - INFO - [Times of India] Early skip: URL https://timesofindia.indiatimes.com/world/rest-of-world/this-is-the-worlds-only-place-where-extreme-deserts-meet-tropical-rainforests-what-makes-it-possible/articleshow/128061960.cms already exists.
2026-02-08 11:51:09,592 - INFO - [Times of India] Early skip: URL https://timesofindia.indiatimes.com/world/rest-of-world/i-think-of-you-i-love-you-1000-year-old-viking-love-messages-hidden-in-swedish-stones/articleshow/128061758.cms already exists.
2026-02-08 11:51:09,594 - INFO - [Times of India] Early skip: URL https://timesofindia.indiatimes.com/world/us/trump-wont-apologise-for-racist-clip-of-obamas/articleshow/128053223.cms already exists.
2026-02-08 11:51:09,595 - INFO - [Times of India] Early skip: URL https://timesofindia.indiatimes.com/world/middle-east/uae-redundancy-can-you-skip-your-notice-period-on-being-terminated-or-do-employees-have-to-serve-it-under-uae-labour-law/articleshow/128060052.cms already exists.
2026-02-08 11:51:09,597 - INFO - [Times of India] Early skip: URL https://timesofindia.indiatimes.com/world/us/the-epstein-files-more-names-documents-unveil-a-disturbing-picture/articleshow/128046335.cms already exists.
2026-02-08 11:51:09,599 - INFO - [Times of India] Early skip: URL https://timesofindia.indiatimes.com/world/rest-of-world/will-pm-sanae-takaichi-win-the-japan-general-elections-2026-voters-trudge-through-snow-in-rare-winter-polls/articleshow/128058540.cms already exists.
2026-02-08 11:51:09,601 - INFO - [Times of India] Early skip: URL https://timesofindia.indiatimes.com/world/us/future-of-a-giant-golden-trump-statue-don-colossus-remains-uncertain-despite-completion-heres-why/articleshow/128060007.cms already exists.
2026-02-08 11:51:09,602 - INFO - [Times of India] Early skip: URL https://timesofindia.indiatimes.com/world/middle-east/saudi-arabia-cracks-down-over-20000-arrested-for-residency-labour-and-border-law-violations/articleshow/128059665.cms already exists.
2026-02-08 11:51:09,604 - INFO - [Times of India] Early skip: URL https://timesofindia.indiatimes.com/world/middle-east/uae-2026-investment-guide-how-to-buy-an-off-plan-property-in-dubai-step-by-step-explained-with-costs-and-risks/articleshow/128059402.cms already exists.
2026-02-08 11:51:09,605 - INFO - [Times of India] Early skip: URL https://timesofindia.indiatimes.com/world/middle-east/dubais-beach-makeover-2026-explained-women-only-beaches-to-night-swimming-floating-bridges-and-mega-coastline-expansions/articleshow/128058278.cms already exists.
2026-02-08 11:51:09,607 - INFO - [Times of India] Early skip: URL https://timesofindia.indiatimes.com/world/us/the-23-million-foot-lost-michelangelo-sketch-sets-auction-record/articleshow/128059074.cms already exists.
2026-02-08 11:51:09,608 - INFO - [Times of India] Early skip: URL https://timesofindia.indiatimes.com/world/europe/wife-hunt-norways-crown-princess-faces-backlash-over-epstein-link-issues-apology/articleshow/128058240.cms already exists.
2026-02-08 11:51:09,610 - INFO - [Times of India] (Thread) Finished. Attempting to shut down its Selenium driver.
2026-02-08 11:51:09,744 - INFO - [Times of India] (Thread) driver.quit() successful.
2026-02-08 11:51:09,744 - INFO - Shutting down thread pool (wait=False)...
2026-02-08 11:51:09,744 - INFO - Scraped: 3 BBC, 6 The Hindu, 1 The Guardian, 0 TechCrunch, 3 Times of India articles. (Total saved: 13)
2026-02-08 11:51:09,744 - INFO - --- Scraping job finished ---
2026-02-08 11:51:09,751 - INFO - --- Scraper service stopped and database connection closed. ---
2026-02-08 11:51:09,751 - INFO - --- Main thread finished. Forcing process exit to kill zombie threads. ---
