2025-12-20 09:42:44,885 - INFO - Loading AI Semantic Model (all-MiniLM-L6-v2)...
2025-12-20 09:42:44,885 - INFO - Use pytorch device_name: cpu
2025-12-20 09:42:44,885 - INFO - Load pretrained SentenceTransformer: all-MiniLM-L6-v2
2025-12-20 09:42:45,626 - INFO - AI Model loaded successfully.
2025-12-20 09:42:45,626 - INFO - --- Scraper service started (CI Mode: Run Once) ---
2025-12-20 09:42:45,626 - INFO - --- Starting new scraping job (Parallel Mode) ---
2025-12-20 09:42:45,626 - INFO - Creating new robust session with 3 retries on 5xx/connection/read errors.
2025-12-20 09:42:45,627 - INFO - Proxy is DISABLED.
2025-12-20 09:42:45,627 - INFO - Starting scrape for BBC RSS feed: http://feeds.bbci.co.uk/news/world/rss.xml
2025-12-20 09:42:45,628 - INFO - [Times of India] (Thread) requires Selenium. Initializing driver...
2025-12-20 09:42:45,628 - INFO - Starting scrape for The Guardian RSS feed: https://www.theguardian.com/world/rss
2025-12-20 09:42:45,629 - INFO - [The Hindu] (Thread) requires Selenium. Initializing driver...
2025-12-20 09:42:45,630 - INFO - Submitted 4 jobs to thread pool. Waiting up to 300s for completion...
2025-12-20 09:42:45,761 - INFO - Found 36 articles in BBC RSS feed. Processing up to 30.
2025-12-20 09:42:45,761 - INFO - [BBC] Early skip: URL https://www.bbc.com/news/articles/c5yq7zzw618o?at_medium=RSS&at_campaign=rss already exists.
2025-12-20 09:42:45,802 - INFO - Found 45 articles in The Guardian RSS feed. Processing up to 30.
2025-12-20 09:42:45,979 - INFO - [The Guardian] Early skip: URL https://www.theguardian.com/society/2025/dec/19/hepatitis-b-vaccine-study-guinea-bissau-rfk already exists.
2025-12-20 09:42:46,087 - INFO - [BBC] Early skip: URL https://www.bbc.com/news/articles/cp89p082y2xo?at_medium=RSS&at_campaign=rss already exists.
2025-12-20 09:42:46,251 - INFO - [The Guardian] Early skip: URL https://www.theguardian.com/global-development/2025/dec/19/colombian-mercenaries-sudan-rsf-us-sanctions-recruited-uk-registered-firms-investigation already exists.
2025-12-20 09:42:46,545 - INFO - [BBC] Early skip: URL https://www.bbc.com/news/articles/c5y9ed5d1r4o?at_medium=RSS&at_campaign=rss already exists.
2025-12-20 09:42:46,836 - INFO - [The Guardian] Early skip: URL https://www.theguardian.com/global-development/2025/dec/18/morocco-genz212-protests-police-mass-arrests-beatings-detentions-rights already exists.
2025-12-20 09:42:47,121 - INFO - [BBC] Early skip: URL https://www.bbc.com/news/articles/c14v23vppz8o?at_medium=RSS&at_campaign=rss already exists.
2025-12-20 09:42:47,366 - INFO - [The Guardian] Early skip: URL https://www.theguardian.com/world/2025/dec/16/five-key-moments-in-the-assault-on-the-rights-of-women-and-girls-in-2025 already exists.
2025-12-20 09:42:47,665 - INFO - [BBC] Early skip: URL https://www.bbc.com/news/articles/c3e025vyppeo?at_medium=RSS&at_campaign=rss already exists.
2025-12-20 09:42:47,946 - INFO - [The Guardian] Early skip: URL https://www.theguardian.com/world/2025/dec/16/south-africa-russia-men-tricked-fighting-ukraine already exists.
2025-12-20 09:42:48,239 - INFO - [BBC] Early skip: URL https://www.bbc.com/news/articles/c8dy8r7lq0go?at_medium=RSS&at_campaign=rss already exists.
2025-12-20 09:42:48,534 - INFO - [The Guardian] Early skip: URL https://www.theguardian.com/us-news/2025/dec/19/trump-venezuela-war already exists.
2025-12-20 09:42:48,780 - INFO - [BBC] Early skip: URL https://www.bbc.com/news/articles/cx251p7k23mo?at_medium=RSS&at_campaign=rss already exists.
2025-12-20 09:42:48,951 - INFO - [The Guardian] Early skip: URL https://www.theguardian.com/world/2025/dec/19/montreal-grocery-store-santas-elves-robbery already exists.
2025-12-20 09:42:49,211 - INFO - [BBC] Early skip: URL https://www.bbc.com/news/articles/cp84p722m3do?at_medium=RSS&at_campaign=rss already exists.
2025-12-20 09:42:49,346 - INFO - [The Guardian] Early skip: URL https://www.theguardian.com/world/2025/dec/19/colombia-eln-guerrilla-group-attack-military-base already exists.
2025-12-20 09:42:49,630 - INFO - [BBC] Early skip: URL https://www.bbc.com/news/articles/c5y9x4pj54eo?at_medium=RSS&at_campaign=rss already exists.
2025-12-20 09:42:49,847 - INFO - [The Guardian] Early skip: URL https://www.theguardian.com/world/2025/dec/19/i-cant-think-of-a-place-more-pristine-133000-hectares-of-chilean-patagonia-preserved-after-local-fundraising already exists.
2025-12-20 09:42:49,964 - INFO - [BBC] Early skip: URL https://www.bbc.com/news/articles/cp89p41gr06o?at_medium=RSS&at_campaign=rss already exists.
2025-12-20 09:42:50,183 - INFO - [The Guardian] Early skip: URL https://www.theguardian.com/world/2025/dec/18/brazilian-congress-passes-bill-cut-jair-bolsonaro-prison-term already exists.
2025-12-20 09:42:50,296 - INFO - [BBC] Early skip: URL https://www.bbc.com/news/articles/cpq4p535347o?at_medium=RSS&at_campaign=rss already exists.
2025-12-20 09:42:50,531 - INFO - [The Guardian] Early skip: URL https://www.theguardian.com/world/2025/dec/19/mass-stabbing-tapei already exists.
2025-12-20 09:42:50,784 - INFO - [BBC] Early skip: URL https://www.bbc.com/news/articles/cm21pxen1jno?at_medium=RSS&at_campaign=rss already exists.
2025-12-20 09:42:51,067 - INFO - [The Guardian] Early skip: URL https://www.theguardian.com/technology/2025/dec/19/uk-foreign-office-victim-cyber-attack-october- already exists.
2025-12-20 09:42:51,095 - INFO - Selenium driver initialized successfully.
2025-12-20 09:42:51,095 - INFO - Starting scrape for Times of India RSS feed: https://timesofindia.indiatimes.com/rssfeeds/296589292.cms
2025-12-20 09:42:51,096 - INFO - Selenium driver initialized successfully.
2025-12-20 09:42:51,096 - INFO - Starting scrape for The Hindu RSS feed: https://www.thehindu.com/news/national/feeder/default.rss
2025-12-20 09:42:51,199 - INFO - Found 100 articles in The Hindu RSS feed. Processing up to 30.
2025-12-20 09:42:51,219 - INFO - Found 20 articles in Times of India RSS feed. Processing up to 30.
2025-12-20 09:42:51,328 - INFO - [BBC] Early skip: URL https://www.bbc.com/news/articles/cn98pzr8x79o?at_medium=RSS&at_campaign=rss already exists.
2025-12-20 09:42:51,433 - INFO - [The Hindu] Article: https://www.thehindu.com/news/national/36-ex-judges-slam-opposition-move-to-impeach-justice-swaminathan/article70419178.ece
2025-12-20 09:42:51,433 - INFO - [The Hindu] Attempt 1/1: Trying with 'selenium_browser' strategy...
2025-12-20 09:42:51,434 - INFO - [Times of India] Early skip: URL https://timesofindia.indiatimes.com/world/middle-east/oman-tightens-adventure-tourism-rules-ahead-of-2026/articleshow/126090520.cms already exists.
2025-12-20 09:42:51,718 - INFO - [The Guardian] Early skip: URL https://www.theguardian.com/technology/2025/dec/18/tiktok-signs-deal-us-entity-sale already exists.
2025-12-20 09:42:51,889 - INFO - [BBC] Early skip: URL https://www.bbc.com/news/articles/c2k422e7ykvo?at_medium=RSS&at_campaign=rss already exists.
2025-12-20 09:42:52,100 - INFO - [Times of India] Article: https://timesofindia.indiatimes.com/world/us/there-are-two-types-of-people-bill-clintons-press-secretary-reacts-to-his-photos-in-newly-released-epstein-files/articleshow/126089272.cms
2025-12-20 09:42:52,100 - INFO - [Times of India] Attempt 1/1: Trying with 'selenium_browser' strategy...
2025-12-20 09:42:52,101 - INFO - [The Guardian] Early skip: URL https://www.theguardian.com/world/2025/dec/19/south-korean-president-urges-public-health-cover-hair-loss already exists.
2025-12-20 09:42:52,326 - INFO - [The Guardian] Early skip: URL https://www.theguardian.com/world/2025/dec/18/us-announces-more-than-10bn-of-arms-sales-to-taiwan already exists.
2025-12-20 09:42:52,554 - INFO - [BBC] Early skip: URL https://www.bbc.com/news/articles/c2462r82864o?at_medium=RSS&at_campaign=rss already exists.
2025-12-20 09:42:52,719 - INFO - [BBC] Early skip: URL https://www.bbc.com/news/articles/c4gp4ze002mo?at_medium=RSS&at_campaign=rss already exists.
2025-12-20 09:42:52,870 - INFO - [The Guardian] Early skip: URL https://www.theguardian.com/australia-news/2025/dec/20/lithium-battery-fire-on-truck-shuts-down-hume-highway-in-nsw-due-to-health-risk already exists.
2025-12-20 09:42:53,013 - INFO - [The Guardian] Early skip: URL https://www.theguardian.com/australia-news/2025/dec/20/nsw-premier-announces-new-laws-banning-hate-speech-and-symbols-in-wake-of-bondi-beach-terror-attack already exists.
2025-12-20 09:42:53,306 - INFO - [The Guardian] Early skip: URL https://www.theguardian.com/news/ng-interactive/2025/dec/20/a-swim-for-unity-at-bondi-beach-the-scene-of-sydneys-darkest-day-but-on-land-tensions-fray already exists.
2025-12-20 09:42:53,506 - INFO - [BBC] Early skip: URL https://www.bbc.com/news/articles/cj69px875ewo?at_medium=RSS&at_campaign=rss already exists.
2025-12-20 09:42:53,680 - INFO - [BBC] Early skip: URL https://www.bbc.com/news/articles/ckgdpz0gp3jo?at_medium=RSS&at_campaign=rss already exists.
2025-12-20 09:42:53,790 - INFO - [The Guardian] Early skip: URL https://www.theguardian.com/science/2025/dec/19/when-attacks-unfold-what-makes-a-person-run-towards-danger already exists.
2025-12-20 09:42:54,066 - INFO - [The Guardian] Early skip: URL https://www.theguardian.com/australia-news/2025/dec/20/some-will-take-their-own-lives-puberty-blocker-bans-in-queensland-and-nz-risk-extreme-harm-to-trans-youth-uk-expert-warns already exists.
2025-12-20 09:42:54,180 - INFO - [The Guardian] Early skip: URL https://www.theguardian.com/politics/2025/dec/20/uk-aid-cuts-take-40-from-funds-to-counter-russian-threat-in-western-balkans already exists.
2025-12-20 09:42:54,283 - INFO - [BBC] Early skip: URL https://www.bbc.com/news/articles/cgexp1q8wn1o?at_medium=RSS&at_campaign=rss already exists.
2025-12-20 09:42:54,453 - INFO - [The Guardian] Early skip: URL https://www.theguardian.com/world/2025/dec/20/brussels-bike-ban-plan-for-pedestrian-zone-dangerous-and-absurd already exists.
2025-12-20 09:42:54,669 - INFO - [BBC] Early skip: URL https://www.bbc.com/news/articles/cn09p4kjj4wo?at_medium=RSS&at_campaign=rss already exists.
2025-12-20 09:42:54,837 - INFO - [The Guardian] Early skip: URL https://www.theguardian.com/world/live/2025/dec/19/ukraine-war-live-zelenskyy-european-union-agreement-90bn-loan-deal-kyiv already exists.
2025-12-20 09:42:54,987 - INFO - [The Guardian] Early skip: URL https://www.theguardian.com/world/2025/dec/19/ukraine-attacks-russian-shadow-tanker-off-libyan-coast already exists.
2025-12-20 09:42:55,243 - INFO - [The Guardian] Early skip: URL https://www.theguardian.com/world/2025/dec/19/eu-ukraine-loan-plan-b-frozen-russian-assets already exists.
2025-12-20 09:42:55,454 - INFO - [The Guardian] Early skip: URL https://www.theguardian.com/world/2025/dec/19/gaza-famine-hunger-food-shortages-winter-flooding-un already exists.
2025-12-20 09:42:55,679 - INFO - [The Guardian] Early skip: URL https://www.theguardian.com/global-development/2025/dec/19/gaza-phd-student-manar-al-houbi-granted-access-to-uk-but-others-remain-stranded already exists.
2025-12-20 09:42:55,954 - INFO - [The Guardian] Early skip: URL https://www.theguardian.com/global-development/2025/dec/19/iranian-boxing-champion-mohammad-javad-vafaei-sani-risk-of-execution-retrial-request-rejected already exists.
2025-12-20 09:42:56,216 - INFO - [The Guardian] Early skip: URL https://www.theguardian.com/world/2025/dec/18/rainfall-iran-hormuz-island-red-beach already exists.
2025-12-20 09:42:56,409 - INFO - [BBC] Early skip: URL https://www.bbc.com/news/articles/cy842jdw98vo?at_medium=RSS&at_campaign=rss already exists.
2025-12-20 09:42:56,562 - INFO - [BBC] Early skip: URL https://www.bbc.com/news/articles/cj69px875ewo?at_medium=RSS&at_campaign=rss already exists.
2025-12-20 09:42:56,760 - INFO - [BBC] Early skip: URL https://www.bbc.com/news/articles/c4g94ywgxd6o?at_medium=RSS&at_campaign=rss already exists.
2025-12-20 09:42:56,887 - INFO - [BBC] Early skip: URL https://www.bbc.com/news/articles/c2epv08xwz7o?at_medium=RSS&at_campaign=rss already exists.
2025-12-20 09:42:57,026 - INFO - [The Guardian] Early skip: URL https://www.theguardian.com/world/2025/dec/18/saudi-backed-forces-yemen-border-separatists-stc already exists.
2025-12-20 09:42:57,266 - INFO - [BBC] Early skip: URL https://www.bbc.com/news/articles/c5y27ekr26xo?at_medium=RSS&at_campaign=rss already exists.
2025-12-20 09:42:57,539 - INFO - [BBC] Early skip: URL https://www.bbc.com/news/articles/cedx6vn5202o?at_medium=RSS&at_campaign=rss already exists.
2025-12-20 09:42:57,657 - INFO - [BBC] Early skip: URL https://www.bbc.com/news/articles/cwyp8erjp82o?at_medium=RSS&at_campaign=rss already exists.
2025-12-20 09:42:57,826 - INFO - [BBC] Early skip: URL https://www.bbc.com/news/articles/cqxql12317qo?at_medium=RSS&at_campaign=rss already exists.
2025-12-20 09:42:57,979 - INFO - [BBC] Early skip: URL https://www.bbc.com/news/articles/cwypp1jwjz1o?at_medium=RSS&at_campaign=rss already exists.
2025-12-20 09:42:58,251 - INFO - [BBC] Early skip: URL https://www.bbc.com/news/articles/cze80j943zlo?at_medium=RSS&at_campaign=rss already exists.
2025-12-20 09:42:59,559 - INFO - [The Hindu] Page content loaded.
2025-12-20 09:42:59,775 - INFO - [The Hindu] Success with 'selenium_browser'. Found content (512 words).
2025-12-20 09:43:58,620 - INFO - DEDUPLICATION: Found match (Score: 0.73). Linking to Cluster ID: ca844e67-8c54-4eac-8b29-2b65fb52edf3
2025-12-20 09:43:58,623 - INFO - Saved article: 36 ex-judges slam Opposition move to impeach Justice Swaminathan - The Hindu from The Hindu (512 words)
2025-12-20 09:43:59,548 - INFO - [The Hindu] Early skip: URL https://www.thehindu.com/news/national/jammu-and-kashmir/snow-rain-likely-as-kashmir-braces-for-chillai-kalan/article70419108.ece already exists.
2025-12-20 09:43:59,831 - INFO - [The Hindu] Early skip: URL https://www.thehindu.com/entertainment/malayalis-saw-themselves-their-emotions-through-sreenivasans-characters-on-screen-says-mohanlal/article70419101.ece already exists.
2025-12-20 09:44:00,091 - INFO - [The Hindu] Early skip: URL https://www.thehindu.com/news/national/army-jawan-arrested-for-raping-woman-in-ranchi/article70419103.ece already exists.
2025-12-20 09:44:00,372 - INFO - [The Hindu] Article: https://www.thehindu.com/news/national/kerala/sreenivasan-needed-just-two-films-to-cement-his-legacy-as-a-director/article70419093.ece
2025-12-20 09:44:00,372 - INFO - [The Hindu] Attempt 1/1: Trying with 'selenium_browser' strategy...
2025-12-20 09:44:02,228 - INFO - [The Hindu] Page content loaded.
2025-12-20 09:44:02,290 - INFO - [The Hindu] Success with 'selenium_browser'. Found content (413 words).
2025-12-20 09:44:49,214 - INFO - DEDUPLICATION: Found match (Score: 0.83). Linking to Cluster ID: 67168680-0f97-4406-81a0-23783f5bbe6a
2025-12-20 09:44:49,216 - INFO - Saved article: Sreenivasan needed just two films to cement his legacy as a director - The Hindu from The Hindu (413 words)
2025-12-20 09:44:50,359 - INFO - [The Hindu] Article: https://www.thehindu.com/news/national/kerala/kerala-local-body-polls-bjp-led-ndas-footprint-expands-in-alappuzha-district/article70419041.ece
2025-12-20 09:44:50,359 - INFO - [The Hindu] Attempt 1/1: Trying with 'selenium_browser' strategy...
2025-12-20 09:44:51,685 - INFO - [The Hindu] Page content loaded.
2025-12-20 09:44:51,799 - INFO - [The Hindu] Success with 'selenium_browser'. Found content (581 words).
2025-12-20 09:44:52,206 - ERROR - [Times of India] Request failed for strategy 'selenium_browser' on URL https://timesofindia.indiatimes.com/world/us/there-are-two-types-of-people-bill-clintons-press-secretary-reacts-to-his-photos-in-newly-released-epstein-files/articleshow/126089272.cms: HTTPConnectionPool(host='localhost', port=53685): Read timed out. (read timeout=120)
2025-12-20 09:44:52,206 - ERROR - [Times of India] All scrape strategies failed for https://timesofindia.indiatimes.com/world/us/there-are-two-types-of-people-bill-clintons-press-secretary-reacts-to-his-photos-in-newly-released-epstein-files/articleshow/126089272.cms. Falling back to RSS description.
2025-12-20 09:44:52,206 - WARNING - SKIPPED (GLOBAL WORD LIMIT): Article ''There are two types of people. .. ': Bill Clinton's press secretary reacts to his photos in newly released Epstein Files' from Times of India has only 59 words (Min: 90).
2025-12-20 09:45:37,939 - INFO - DEDUPLICATION: Found match (Score: 0.77). Linking to Cluster ID: 874a8867-61c1-4e78-9775-9d8b09b78573
2025-12-20 09:45:37,942 - INFO - Saved article: Kerala local body polls: BJP-led NDA’s footprint expands in Alappuzha district - The Hindu from The Hindu (581 words)
2025-12-20 09:45:37,942 - INFO - [Times of India] Early skip: URL https://timesofindia.indiatimes.com/world/middle-east/uae-orders-recall-for-5000-geely-emgrand-cars-over-fuel-system-safety-concern/articleshow/126089481.cms already exists.
2025-12-20 09:45:38,192 - INFO - [Times of India] Article: https://timesofindia.indiatimes.com/world/us/epstein-files-opened-from-steamy-photos-to-call-logs-whats-in-them-and-what-is-still-missing/articleshow/126088917.cms
2025-12-20 09:45:38,192 - INFO - [Times of India] Attempt 1/1: Trying with 'selenium_browser' strategy...
2025-12-20 09:45:39,151 - INFO - [The Hindu] Early skip: URL https://www.thehindu.com/news/cities/Mangalore/udupi-chikkamagaluru-mp-kota-srinivas-poojary-demands-greenfield-expressway-between-talapady-in-dakshina-kannada-and-karwar-in-uttara-kannada/article70418946.ece already exists.
2025-12-20 09:45:39,293 - INFO - [The Hindu] Early skip: URL https://www.thehindu.com/news/national/kerala/kerala-sir-citing-inaccuracies-in-asd-list-political-parties-demand-extension-of-sir-schedule/article70419011.ece already exists.
2025-12-20 09:45:39,577 - INFO - [The Hindu] Early skip: URL https://www.thehindu.com/news/national/external-affairs-minister-jaishankar-22nd-convocation-of-symbiosis-international-university-pune/article70419006.ece already exists.
2025-12-20 09:45:39,819 - INFO - [The Hindu] Early skip: URL https://www.thehindu.com/news/national/low-visibility-prevents-pms-helicopter-from-landing-in-taherpur-modi-returns-to-kolkata-airport/article70418998.ece already exists.
2025-12-20 09:45:39,983 - INFO - [The Hindu] Early skip: URL https://www.thehindu.com/sci-tech/technology/how-south-asians-became-targets-of-racist-hate-on-elon-musks-x-explained/article70418826.ece already exists.
2025-12-20 09:45:40,152 - INFO - [The Hindu] Early skip: URL https://www.thehindu.com/news/cities/chennai/fire-breaks-out-at-bsnl-office-on-anna-salai-in-chennai/article70418930.ece already exists.
2025-12-20 09:45:40,395 - INFO - [The Hindu] Early skip: URL https://www.thehindu.com/news/national/kerala/sreenivasan-malayalam-film-actor-director-sreenwriter-satirist-timeline-career/article70418924.ece already exists.
2025-12-20 09:45:40,543 - INFO - [The Hindu] Early skip: URL https://www.thehindu.com/news/national/west-bengal/pm-modi-first-political-rally-in-bengal-after-draft-roll-release-amid-sir-concerns-december-20/article70418932.ece already exists.
2025-12-20 09:45:40,783 - INFO - [The Hindu] Early skip: URL https://www.thehindu.com/news/national/kerala/tributes-pour-in-for-actor-sreenivasan/article70418884.ece already exists.
2025-12-20 09:45:41,013 - INFO - [The Hindu] Early skip: URL https://www.thehindu.com/news/national/kerala/from-poland-to-pavanayi-how-sreenivasans-dialogues-became-keralas-meme-currency/article70418876.ece already exists.
2025-12-20 09:45:41,229 - INFO - [The Hindu] Article: https://www.thehindu.com/entertainment/movies/sreenivasan-a-scriptwriter-like-no-other/article70418912.ece
2025-12-20 09:45:41,229 - INFO - [The Hindu] Attempt 1/1: Trying with 'selenium_browser' strategy...
2025-12-20 09:45:42,730 - INFO - [The Hindu] Page content loaded.
2025-12-20 09:45:42,815 - INFO - [The Hindu] Success with 'selenium_browser'. Found content (722 words).
2025-12-20 09:46:28,613 - INFO - DEDUPLICATION: Found match (Score: 0.79). Linking to Cluster ID: 67168680-0f97-4406-81a0-23783f5bbe6a
2025-12-20 09:46:28,615 - INFO - Saved article: Sreenivasan, a scriptwriter like no other - The Hindu from The Hindu (722 words)
2025-12-20 09:46:29,160 - INFO - [The Hindu] Article: https://www.thehindu.com/news/national/tamil-nadu/panneerselvam-dhinakaran-urge-dmk-govt-to-accept-nurses-demand-for-regularisation-of-services/article70416215.ece
2025-12-20 09:46:29,160 - INFO - [The Hindu] Attempt 1/1: Trying with 'selenium_browser' strategy...
2025-12-20 09:46:30,509 - INFO - [The Hindu] Page content loaded.
2025-12-20 09:46:30,629 - INFO - [The Hindu] Success with 'selenium_browser'. Found content (142 words).
2025-12-20 09:47:19,779 - INFO - Saved article: Panneerselvam, Dhinakaran urge DMK govt. to accept nurses’ demand for regularisation of services - The Hindu from The Hindu (142 words)
2025-12-20 09:47:20,328 - INFO - [The Hindu] Article: https://www.thehindu.com/news/national/goa/goa-nightclub-fire-police-initiate-process-for-blue-corner-notice-against-khosla-who-fled-to-uk/article70418874.ece
2025-12-20 09:47:20,328 - INFO - [The Hindu] Attempt 1/1: Trying with 'selenium_browser' strategy...
2025-12-20 09:47:22,451 - INFO - [The Hindu] Page content loaded.
2025-12-20 09:47:22,526 - INFO - [The Hindu] Success with 'selenium_browser'. Found content (207 words).
2025-12-20 09:47:38,289 - ERROR - [Times of India] Request failed for strategy 'selenium_browser' on URL https://timesofindia.indiatimes.com/world/us/epstein-files-opened-from-steamy-photos-to-call-logs-whats-in-them-and-what-is-still-missing/articleshow/126088917.cms: HTTPConnectionPool(host='localhost', port=53685): Read timed out. (read timeout=120)
2025-12-20 09:47:38,289 - ERROR - [Times of India] All scrape strategies failed for https://timesofindia.indiatimes.com/world/us/epstein-files-opened-from-steamy-photos-to-call-logs-whats-in-them-and-what-is-still-missing/articleshow/126088917.cms. Falling back to RSS description.
2025-12-20 09:47:38,289 - WARNING - SKIPPED (GLOBAL WORD LIMIT): Article 'Epstein files opened: From steamy photos to call logs — What's in them and what is still missing' from Times of India has only 49 words (Min: 90).
2025-12-20 09:47:45,630 - CRITICAL - --- TIMEOUT: 2 scrape jobs did not complete in 300s. ---
2025-12-20 09:47:45,630 - ERROR - A thread has timed out and will be abandoned.
2025-12-20 09:47:45,630 - ERROR - A thread has timed out and will be abandoned.
2025-12-20 09:47:45,630 - INFO - Shutting down thread pool (wait=False)...
2025-12-20 09:47:45,630 - INFO - Scraped: 0 The Guardian, 0 BBC, 2 Timed_Out_Jobs articles. (Total saved: 0)
2025-12-20 09:47:45,630 - INFO - --- Scraping job finished ---
2025-12-20 09:47:45,631 - INFO - --- Scraper service stopped and database connection closed. ---
2025-12-20 09:47:45,631 - INFO - --- Main thread finished. Forcing process exit to kill zombie threads. ---
