2026-02-13 18:06:59,129 - INFO - Loading AI Semantic Model (all-MiniLM-L4-v2)...
2026-02-13 18:06:59,130 - INFO - Use pytorch device_name: cpu
2026-02-13 18:06:59,130 - INFO - Load pretrained SentenceTransformer: all-MiniLM-L4-v2
2026-02-13 18:06:59,255 - INFO - HTTP Request: HEAD https://huggingface.co/sentence-transformers/all-MiniLM-L4-v2/resolve/main/modules.json "HTTP/1.1 401 Unauthorized"
2026-02-13 18:06:59,255 - WARNING - No sentence-transformers model found with name sentence-transformers/all-MiniLM-L4-v2. Creating a new one with mean pooling.
2026-02-13 18:06:59,343 - INFO - HTTP Request: HEAD https://huggingface.co/sentence-transformers/all-MiniLM-L4-v2/resolve/main/adapter_config.json "HTTP/1.1 401 Unauthorized"
2026-02-13 18:06:59,344 - CRITICAL - Failed to load AI model: sentence-transformers/all-MiniLM-L4-v2 is not a local folder and is not a valid model identifier listed on 'https://huggingface.co/models'
If this is a private repository, make sure to pass a token having permission to this repo either by logging in with `hf auth login` or by passing `token=<your_token>`. Clustering is disabled.
2026-02-13 18:06:59,344 - INFO - --- Scraper service started (CI Mode: Run Once) ---
2026-02-13 18:06:59,344 - INFO - --- Starting new scraping job (Parallel Mode) ---
2026-02-13 18:06:59,344 - INFO - Creating new robust session with 3 retries on 5xx/connection/read errors.
2026-02-13 18:06:59,344 - INFO - Proxy is DISABLED.
2026-02-13 18:06:59,345 - INFO - Starting scrape for BBC RSS feed: http://feeds.bbci.co.uk/news/world/rss.xml
2026-02-13 18:06:59,345 - INFO - [Times of India] (Thread) requires Selenium. Initializing driver...
2026-02-13 18:06:59,346 - INFO - Starting scrape for TechCrunch RSS feed: https://techcrunch.com/feed/
2026-02-13 18:06:59,348 - INFO - Starting scrape for The Guardian RSS feed: https://www.theguardian.com/world/rss
2026-02-13 18:06:59,349 - INFO - [The Hindu] (Thread) requires Selenium. Initializing driver...
2026-02-13 18:06:59,349 - INFO - Submitted 5 jobs to thread pool. Waiting up to 300s for completion...
2026-02-13 18:06:59,452 - INFO - Found 25 articles in BBC RSS feed. Processing until 20 new articles are saved.
2026-02-13 18:06:59,457 - INFO - [BBC] Early skip: URL https://www.bbc.com/news/articles/cy4wpv0wx43o?at_medium=RSS&at_campaign=rss already exists.
2026-02-13 18:06:59,461 - INFO - [BBC] Early skip: URL https://www.bbc.com/news/articles/cgrzwn4yg7jo?at_medium=RSS&at_campaign=rss already exists.
2026-02-13 18:06:59,463 - INFO - [BBC] Early skip: URL https://www.bbc.com/news/articles/cd03ee39945o?at_medium=RSS&at_campaign=rss already exists.
2026-02-13 18:06:59,465 - INFO - [BBC] Early skip: URL https://www.bbc.com/news/articles/c7951d1pgewo?at_medium=RSS&at_campaign=rss already exists.
2026-02-13 18:06:59,469 - INFO - [BBC] Early skip: URL https://www.bbc.com/news/articles/c8758xv4eqeo?at_medium=RSS&at_campaign=rss already exists.
2026-02-13 18:06:59,474 - INFO - [BBC] Early skip: URL https://www.bbc.com/news/articles/ce82xgd2g3yo?at_medium=RSS&at_campaign=rss already exists.
2026-02-13 18:06:59,476 - INFO - [BBC] Early skip: URL https://www.bbc.com/sport/articles/c4gjl7dz5pmo?at_medium=RSS&at_campaign=rss already exists.
2026-02-13 18:06:59,479 - INFO - [BBC] Early skip: URL https://www.bbc.com/news/articles/cpv8nmr97rwo?at_medium=RSS&at_campaign=rss already exists.
2026-02-13 18:06:59,482 - INFO - [BBC] Early skip: URL https://www.bbc.com/news/articles/c0q30d20lkqo?at_medium=RSS&at_campaign=rss already exists.
2026-02-13 18:06:59,485 - INFO - [BBC] Early skip: URL https://www.bbc.com/news/articles/cnv63jljnz0o?at_medium=RSS&at_campaign=rss already exists.
2026-02-13 18:06:59,488 - INFO - [BBC] Early skip: URL https://www.bbc.com/news/articles/cgrzw0klen8o?at_medium=RSS&at_campaign=rss already exists.
2026-02-13 18:06:59,491 - INFO - [BBC] Article: https://www.bbc.com/news/articles/c043753z7w3o?at_medium=RSS&at_campaign=rss
2026-02-13 18:06:59,491 - INFO - [BBC] Attempt 1/1: Trying with 'requests_browser' strategy...
2026-02-13 18:06:59,500 - INFO - Found 45 articles in The Guardian RSS feed. Processing until 20 new articles are saved.
2026-02-13 18:06:59,501 - INFO - [The Guardian] Early skip: URL https://www.theguardian.com/world/2026/feb/09/deaths-migrant-boat-capsizes-mediterranean-libya already exists.
2026-02-13 18:06:59,502 - INFO - [The Guardian] Early skip: URL https://www.theguardian.com/music/2026/feb/09/ebo-taylor-ghanaian-highlife-pioneer-dies-age-90 already exists.
2026-02-13 18:06:59,507 - INFO - [The Guardian] Early skip: URL https://www.theguardian.com/environment/2026/feb/09/weather-tracker-spain-and-portugal-hit-by-third-fatal-storm already exists.
2026-02-13 18:06:59,510 - INFO - [The Guardian] Early skip: URL https://www.theguardian.com/world/2026/feb/07/sudan-rsf-drone-attack-rahad-kills-displaced-people already exists.
2026-02-13 18:06:59,512 - INFO - [The Guardian] Early skip: URL https://www.theguardian.com/global-development/2026/feb/07/businesses-close-protest-malawi-tax-changes-electronic-invoicing-system already exists.
2026-02-13 18:06:59,513 - INFO - [The Guardian] Early skip: URL https://www.theguardian.com/world/2026/feb/13/tumbler-ridge-school-shooting-canada-unity-grief already exists.
2026-02-13 18:06:59,514 - INFO - [The Guardian] Early skip: URL https://www.theguardian.com/world/2026/feb/13/haiti-winter-olympics-ski-uniform-redesigned-ioc-guidelines already exists.
2026-02-13 18:06:59,515 - INFO - [The Guardian] Early skip: URL https://www.theguardian.com/world/2026/feb/13/canada-school-deaths-suspect-created-shooting-simulator-roblox already exists.
2026-02-13 18:06:59,517 - INFO - [The Guardian] Early skip: URL https://www.theguardian.com/world/2026/feb/13/tumbler-ridge-shooting-victims-remembered-canada already exists.
2026-02-13 18:06:59,518 - INFO - [The Guardian] Early skip: URL https://www.theguardian.com/world/2026/feb/12/police-visited-home-of-tumbler-ridge-suspect-multiple-times-over-mental-health-concerns already exists.
2026-02-13 18:06:59,519 - INFO - [The Guardian] Early skip: URL https://www.theguardian.com/world/2026/feb/13/beijing-pastry-shop-overrun-shoppers-xi-jinping-visit-lunar-new-year already exists.
2026-02-13 18:06:59,521 - INFO - [The Guardian] Early skip: URL https://www.theguardian.com/us-news/2026/feb/13/cia-publishes-recruitment-video-disaffected-chinese-soldiers already exists.
2026-02-13 18:06:59,522 - INFO - [The Guardian] Early skip: URL https://www.theguardian.com/world/2026/feb/13/japan-seizes-chinese-fishing-boat already exists.
2026-02-13 18:06:59,523 - INFO - [The Guardian] Early skip: URL https://www.theguardian.com/world/2026/feb/12/kim-jong-un-daughter-future-leader-north-korea-south already exists.
2026-02-13 18:06:59,525 - INFO - [The Guardian] Early skip: URL https://www.theguardian.com/world/2026/feb/11/kwok-yin-sang-father-hong-kong-activist-anna-kwok-convicted already exists.
2026-02-13 18:06:59,527 - INFO - [The Guardian] Early skip: URL https://www.theguardian.com/australia-news/2026/feb/14/jane-hume-deputy-liberal-leader already exists.
2026-02-13 18:06:59,529 - INFO - [The Guardian] Early skip: URL https://www.theguardian.com/environment/2026/feb/13/weather-tracker-tropical-cyclone-mitchell-hits-western-australia already exists.
2026-02-13 18:06:59,530 - INFO - [The Guardian] Early skip: URL https://www.theguardian.com/environment/2026/feb/13/qld-coalmine-expansion-approved-by-albanese-government-will-clear-habitat-and-fuel-climate-crisis-scientists-say already exists.
2026-02-13 18:06:59,531 - INFO - [The Guardian] Early skip: URL https://www.theguardian.com/australia-news/live/2026/feb/13/australia-politics-live-liberals-leadership-spill-vote-angus-taylor-sussan-ley-libspill-anthony-albanese-indigenous-apology-anniversary-ntwnfb already exists.
2026-02-13 18:06:59,533 - INFO - [The Guardian] Early skip: URL https://www.theguardian.com/australia-news/2026/feb/13/sydney-shuttle-bus-swimwear-ban already exists.
2026-02-13 18:06:59,534 - INFO - [The Guardian] Early skip: URL https://www.theguardian.com/world/live/2026/feb/13/munich-security-conference-rubio-flies-in-amid-testing-times-for-us-europe-ties-live already exists.
2026-02-13 18:06:59,535 - INFO - [The Guardian] Early skip: URL https://www.theguardian.com/film/2026/feb/13/arundhati-roy-quits-berlin-film-festival-over-stay-out-of-politics-comment already exists.
2026-02-13 18:06:59,536 - INFO - [The Guardian] Early skip: URL https://www.theguardian.com/politics/2026/feb/13/dual-nationals-denied-entry-to-uk-british-passport-border-control already exists.
2026-02-13 18:06:59,538 - INFO - [The Guardian] Early skip: URL https://www.theguardian.com/world/2026/feb/13/french-police-arrest-people-suspected-louvre-ticket-fraud already exists.
2026-02-13 18:06:59,539 - INFO - [The Guardian] Early skip: URL https://www.theguardian.com/sport/2026/feb/13/italian-broadcaster-accused-of-censoring-leonardo-da-vincis-vitruvian-man-in-winter-olympics-coverage already exists.
2026-02-13 18:06:59,541 - INFO - [The Guardian] Article: https://www.theguardian.com/us-news/2026/feb/13/dispute-future-of-gaza-trump-board-of-peace-eu-un
2026-02-13 18:06:59,542 - INFO - [The Guardian] Attempt 1/1: Trying with 'requests_browser' strategy...
2026-02-13 18:06:59,569 - INFO - [The Guardian] Success with 'requests_browser'. Found content (708 words).
2026-02-13 18:06:59,813 - INFO - Saved article: Bitter dispute between Trump and EU over Gaza’s future breaks out into the open | Donald Trump | The Guardian from The Guardian (708 words)
2026-02-13 18:06:59,846 - INFO - [BBC] Success with 'requests_browser'. Found content (662 words).
2026-02-13 18:06:59,892 - INFO - Saved article: Sudan civil war: RSF war crimes saw 6,000 killed in three days in el-Fasher, UN says from BBC (662 words)
2026-02-13 18:07:00,431 - INFO - [BBC] Early skip: URL https://www.bbc.com/news/articles/c2e4791re38o?at_medium=RSS&at_campaign=rss already exists.
2026-02-13 18:07:00,433 - INFO - [BBC] Early skip: URL https://www.bbc.com/news/articles/cn0zdd7yl4vo?at_medium=RSS&at_campaign=rss already exists.
2026-02-13 18:07:00,434 - INFO - [BBC] Early skip: URL https://www.bbc.com/news/articles/cwygxz81330o?at_medium=RSS&at_campaign=rss already exists.
2026-02-13 18:07:00,435 - INFO - [BBC] Early skip: URL https://www.bbc.com/news/articles/clym0g4rlr2o?at_medium=RSS&at_campaign=rss already exists.
2026-02-13 18:07:00,436 - INFO - [BBC] Early skip: URL https://www.bbc.com/news/articles/c4g5pjn3p50o?at_medium=RSS&at_campaign=rss already exists.
2026-02-13 18:07:00,438 - INFO - [BBC] Early skip: URL https://www.bbc.com/news/articles/czj17z7l9jmo?at_medium=RSS&at_campaign=rss already exists.
2026-02-13 18:07:00,439 - INFO - [BBC] Early skip: URL https://www.bbc.com/news/articles/c2d7wk98xkko?at_medium=RSS&at_campaign=rss already exists.
2026-02-13 18:07:00,440 - INFO - [BBC] Early skip: URL https://www.bbc.com/news/articles/c5y2ypzn1g5o?at_medium=RSS&at_campaign=rss already exists.
2026-02-13 18:07:00,441 - INFO - [BBC] Early skip: URL https://www.bbc.com/news/videos/c4gj39dprkno?at_medium=RSS&at_campaign=rss already exists.
2026-02-13 18:07:00,443 - INFO - [BBC] Early skip: URL https://www.bbc.com/news/videos/c20jepq911zo?at_medium=RSS&at_campaign=rss already exists.
2026-02-13 18:07:00,444 - INFO - [BBC] Article: https://www.bbc.com/news/videos/c99jr58m4z4o?at_medium=RSS&at_campaign=rss
2026-02-13 18:07:00,444 - INFO - [BBC] Attempt 1/1: Trying with 'requests_browser' strategy...
2026-02-13 18:07:00,527 - WARNING - [BBC] FAILED with 'requests_browser' (content was too short: 71 words).
2026-02-13 18:07:00,527 - ERROR - [BBC] All scrape strategies failed for https://www.bbc.com/news/videos/c99jr58m4z4o?at_medium=RSS&at_campaign=rss. Falling back to RSS description.
2026-02-13 18:07:00,527 - WARNING - SKIPPED (GLOBAL WORD LIMIT): Article ''My son is dead': Swiss bar owners confronted by fire victim families' from BBC has only 20 words (Min: 90).
2026-02-13 18:07:01,294 - INFO - [The Guardian] Article: https://www.theguardian.com/world/2026/feb/13/trump-sends-second-aircraft-carrier-middle-east-iran
2026-02-13 18:07:01,294 - INFO - [The Guardian] Attempt 1/1: Trying with 'requests_browser' strategy...
2026-02-13 18:07:01,412 - INFO - [BBC] Article: https://www.bbc.com/news/videos/c2047rm71npo?at_medium=RSS&at_campaign=rss
2026-02-13 18:07:01,412 - INFO - [BBC] Attempt 1/1: Trying with 'requests_browser' strategy...
2026-02-13 18:07:01,446 - INFO - Found 0 articles in TechCrunch RSS feed. Processing until 20 new articles are saved.
2026-02-13 18:07:01,474 - INFO - [The Guardian] Success with 'requests_browser'. Found content (501 words).
2026-02-13 18:07:01,527 - INFO - Saved article: Trump sends second aircraft carrier to Middle East in effort to increase pressure on Iran | Iran | The Guardian from The Guardian (501 words)
2026-02-13 18:07:01,530 - WARNING - [BBC] FAILED with 'requests_browser' (content was too short: 46 words).
2026-02-13 18:07:01,530 - ERROR - [BBC] All scrape strategies failed for https://www.bbc.com/news/videos/c2047rm71npo?at_medium=RSS&at_campaign=rss. Falling back to RSS description.
2026-02-13 18:07:01,530 - WARNING - SKIPPED (GLOBAL WORD LIMIT): Article 'Three issues that matter to voters in the Bangladesh election' from BBC has only 18 words (Min: 90).
2026-02-13 18:07:02,373 - INFO - [BBC] Early skip: URL https://www.bbc.com/news/videos/cewz2lxq2gvo?at_medium=RSS&at_campaign=rss already exists.
2026-02-13 18:07:02,436 - INFO - [The Guardian] Early skip: URL https://www.theguardian.com/world/2026/feb/13/ngos-sound-alarm-as-families-flee-islamic-state-camp already exists.
2026-02-13 18:07:02,438 - INFO - [The Guardian] Early skip: URL https://www.theguardian.com/world/2026/feb/13/israeli-journalists-fear-press-freedom-uk-billionaire-sells-tv-channel-stake already exists.
2026-02-13 18:07:02,439 - INFO - [The Guardian] Early skip: URL https://www.theguardian.com/business/2026/feb/13/tony-blair-oil-lobbying-fossil-fuel-industry-renewables-energy-bills already exists.
2026-02-13 18:07:02,440 - INFO - [The Guardian] Early skip: URL https://www.theguardian.com/world/2026/feb/13/bangladesh-election-bnp-wins already exists.
2026-02-13 18:07:02,441 - INFO - [The Guardian] Early skip: URL https://www.theguardian.com/global-development/2026/feb/13/invisible-children-born-in-the-brothels-of-bangladesh-finally-get-birth-certificates already exists.
2026-02-13 18:07:02,443 - INFO - [The Guardian] Early skip: URL https://www.theguardian.com/world/2026/feb/12/tarique-rahman-bnp-bangladesh-election already exists.
2026-02-13 18:07:02,444 - INFO - [The Guardian] Early skip: URL https://www.theguardian.com/world/2026/feb/11/bangladesh-election-islamist-party-women-freedoms already exists.
2026-02-13 18:07:02,445 - INFO - [The Guardian] Early skip: URL https://www.theguardian.com/global-development/2026/feb/10/traditional-food-could-help-reverse-nepals-diabetes-epidemic-studies-suggest already exists.
2026-02-13 18:07:02,447 - INFO - [The Guardian] Article: https://www.theguardian.com/politics/2026/feb/13/reform-matt-goodwin-fertility-comments-outcry-handmaids-tale
2026-02-13 18:07:02,447 - INFO - [The Guardian] Attempt 1/1: Trying with 'requests_browser' strategy...
2026-02-13 18:07:02,623 - INFO - [The Guardian] Success with 'requests_browser'. Found content (720 words).
2026-02-13 18:07:02,674 - INFO - Saved article: ‘Handmaid’s Tale future’: Reform’s Matt Goodwin sparks outcry with fertility comments | Reform UK | The Guardian from The Guardian (720 words)
2026-02-13 18:07:03,550 - INFO - [The Guardian] Early skip: URL https://www.theguardian.com/uk-news/2026/feb/13/original-bramley-apple-tree-at-risk-site-for-sale already exists.
2026-02-13 18:07:03,552 - INFO - [The Guardian] Early skip: URL https://www.theguardian.com/technology/2026/feb/13/ai-effects-on-business-industry-evidence-to-allay-investor-fears already exists.
2026-02-13 18:07:03,553 - INFO - [The Guardian] Early skip: URL https://www.theguardian.com/uk-news/audio/2026/feb/13/owen-jones-on-palestine-action-high-court-win-the-latest already exists.
2026-02-13 18:07:03,554 - INFO - [The Guardian] Early skip: URL https://www.theguardian.com/uk-news/2026/feb/13/uk-ban-palestine-action-unlawful-high-court-judges-rule already exists.
2026-02-13 18:07:03,555 - INFO - [The Guardian] Early skip: URL https://www.theguardian.com/us-news/live/2026/feb/13/trump-climate-epa-repeal-pollution-john-kerry-us-politics-latest-news-updates already exists.
2026-02-13 18:07:03,557 - INFO - [The Guardian] Article: https://www.theguardian.com/us-news/2026/feb/13/trump-administration-ends-temporary-protected-status-yemeni-nationals
2026-02-13 18:07:03,557 - INFO - [The Guardian] Attempt 1/1: Trying with 'requests_browser' strategy...
2026-02-13 18:07:03,726 - INFO - [The Guardian] Success with 'requests_browser'. Found content (177 words).
2026-02-13 18:07:03,761 - INFO - Saved article: Trump administration ends temporary protected status for Yemeni nationals | US immigration | The Guardian from The Guardian (177 words)
2026-02-13 18:07:04,279 - INFO - [The Guardian] Early skip: URL https://www.theguardian.com/us-news/2026/feb/13/california-mountain-lions-endangered-species-act already exists.
2026-02-13 18:07:04,281 - INFO - [The Guardian] Early skip: URL https://www.theguardian.com/us-news/2026/feb/13/leqaa-kordia-ice-detention-palestine-protest already exists.
2026-02-13 18:07:04,282 - INFO - [The Guardian] Early skip: URL https://www.theguardian.com/us-news/2026/feb/13/san-francisco-teacher-strike-ends already exists.
2026-02-13 18:07:07,593 - INFO - Selenium driver initialized successfully.
2026-02-13 18:07:07,593 - INFO - Starting scrape for The Hindu RSS feed: https://www.thehindu.com/news/national/feeder/default.rss
2026-02-13 18:07:07,594 - INFO - Selenium driver initialized successfully.
2026-02-13 18:07:07,594 - INFO - Starting scrape for Times of India RSS feed: https://timesofindia.indiatimes.com/rssfeeds/296589292.cms
2026-02-13 18:07:07,680 - INFO - Found 100 articles in The Hindu RSS feed. Processing until 20 new articles are saved.
2026-02-13 18:07:07,681 - INFO - [The Hindu] Article: https://www.thehindu.com/news/national/telangana/british-dentists-emotional-reunion-with-great%E2%80%90grandfathers-grave-ending-familys-119-year-search/article70628785.ece
2026-02-13 18:07:07,681 - INFO - [The Hindu] Attempt 1/1: Trying with 'selenium_browser' strategy...
2026-02-13 18:07:07,823 - INFO - Found 20 articles in Times of India RSS feed. Processing until 20 new articles are saved.
2026-02-13 18:07:07,824 - INFO - [Times of India] Article: https://timesofindia.indiatimes.com/world/rest-of-world/indian-origin-family-plans-to-leave-canada-after-extortion-threat-firing-police-yet-to-confirm-lawrence-bishnoi-link/articleshow/128317749.cms
2026-02-13 18:07:07,824 - INFO - [Times of India] Attempt 1/1: Trying with 'selenium_browser' strategy...
2026-02-13 18:07:18,395 - INFO - [The Hindu] Page content loaded.
2026-02-13 18:07:18,652 - INFO - [The Hindu] Success with 'selenium_browser'. Found content (728 words).
2026-02-13 18:07:18,907 - INFO - Saved article: British dentist’s emotional reunion with great‑grandfather’s grave ending family’s 119-year search - The Hindu from The Hindu (728 words)
2026-02-13 18:07:20,194 - INFO - [The Hindu] Article: https://www.thehindu.com/news/national/karnataka/karnataka-high-court-questions-conduct-of-transport-official-in-entering-private-premises-and-seizing-lamborghini-car/article70629451.ece
2026-02-13 18:07:20,194 - INFO - [The Hindu] Attempt 1/1: Trying with 'selenium_browser' strategy...
2026-02-13 18:07:27,917 - ERROR - [Times of India] Request failed for strategy 'selenium_browser' on URL https://timesofindia.indiatimes.com/world/rest-of-world/indian-origin-family-plans-to-leave-canada-after-extortion-threat-firing-police-yet-to-confirm-lawrence-bishnoi-link/articleshow/128317749.cms: Message: timeout: Timed out receiving message from renderer: 19.932
  (Session info: chrome=144.0.7559.132)
Stacktrace:
#0 0x56125c3e7a4a <unknown>
#1 0x56125be006a2 <unknown>
#2 0x56125bde7d87 <unknown>
#3 0x56125bde7996 <unknown>
#4 0x56125bde54a1 <unknown>
#5 0x56125bde5e2f <unknown>
#6 0x56125bdf5360 <unknown>
#7 0x56125be0f357 <unknown>
#8 0x56125be1656b <unknown>
#9 0x56125bde6599 <unknown>
#10 0x56125be0f0ec <unknown>
#11 0x56125be9eb68 <unknown>
#12 0x56125be478b2 <unknown>
#13 0x56125be486a1 <unknown>
#14 0x56125c3ad8a9 <unknown>
#15 0x56125c3b07b1 <unknown>
#16 0x56125c399ea9 <unknown>
#17 0x56125c3b136e <unknown>
#18 0x56125c380410 <unknown>
#19 0x56125c3d50c8 <unknown>
#20 0x56125c3d529b <unknown>
#21 0x56125c3e6db8 <unknown>
#22 0x7f8ba8c9caa4 <unknown>
#23 0x7f8ba8d29c6c <unknown>

2026-02-13 18:07:27,917 - ERROR - [Times of India] All scrape strategies failed for https://timesofindia.indiatimes.com/world/rest-of-world/indian-origin-family-plans-to-leave-canada-after-extortion-threat-firing-police-yet-to-confirm-lawrence-bishnoi-link/articleshow/128317749.cms. Falling back to RSS description.
2026-02-13 18:07:27,917 - WARNING - SKIPPED (GLOBAL WORD LIMIT): Article 'Indian-origin family plans to leave Canada after extortion threat, firing; police yet to confirm Lawrence Bishnoi link' from Times of India has only 3 words (Min: 90).
2026-02-13 18:07:28,735 - INFO - [Times of India] Article: https://timesofindia.indiatimes.com/world/us-streamers/jonathan-horst-returns-to-youtube-with-thinking-different-after-mac-address-hiatus-and-linus-media-group-exit/articleshow/128317954.cms
2026-02-13 18:07:28,735 - INFO - [Times of India] Attempt 1/1: Trying with 'selenium_browser' strategy...
2026-02-13 18:07:30,972 - INFO - [The Hindu] Page content loaded.
2026-02-13 18:07:31,121 - INFO - [The Hindu] Success with 'selenium_browser'. Found content (617 words).
2026-02-13 18:07:31,267 - INFO - Saved article: Karnataka High Court questions conduct of transport official in entering private premises and seizing Lamborghini car - The Hindu from The Hindu (617 words)
2026-02-13 18:07:32,212 - INFO - [The Hindu] Article: https://www.thehindu.com/news/national/kerala/cabinet-nod-for-extending-contract-with-ntpc-kayamkulam/article70629960.ece
2026-02-13 18:07:32,213 - INFO - [The Hindu] Attempt 1/1: Trying with 'selenium_browser' strategy...
2026-02-13 18:07:33,009 - INFO - [The Hindu] Page content loaded.
2026-02-13 18:07:33,129 - INFO - [The Hindu] Success with 'selenium_browser'. Found content (158 words).
2026-02-13 18:07:33,257 - INFO - Saved article: Cabinet nod for extending contract with NTPC Kayamkulam - The Hindu from The Hindu (158 words)
2026-02-13 18:07:34,487 - INFO - [The Hindu] Article: https://www.thehindu.com/news/national/bjp-accuses-rahul-gandhi-of-politically-uncivilised-behaviour/article70628807.ece
2026-02-13 18:07:34,487 - INFO - [The Hindu] Attempt 1/1: Trying with 'selenium_browser' strategy...
2026-02-13 18:07:48,498 - INFO - [The Hindu] Page content loaded.
2026-02-13 18:07:48,593 - INFO - [The Hindu] Success with 'selenium_browser'. Found content (247 words).
2026-02-13 18:07:48,721 - INFO - Saved article: BJP accuses Rahul Gandhi of ‘politically uncivilised behaviour’ - The Hindu from The Hindu (247 words)
2026-02-13 18:07:48,781 - ERROR - [Times of India] Request failed for strategy 'selenium_browser' on URL https://timesofindia.indiatimes.com/world/us-streamers/jonathan-horst-returns-to-youtube-with-thinking-different-after-mac-address-hiatus-and-linus-media-group-exit/articleshow/128317954.cms: Message: timeout: Timed out receiving message from renderer: 19.749
  (Session info: chrome=144.0.7559.132)
Stacktrace:
#0 0x56125c3e7a4a <unknown>
#1 0x56125be006a2 <unknown>
#2 0x56125bde7d87 <unknown>
#3 0x56125bde7996 <unknown>
#4 0x56125bde54a1 <unknown>
#5 0x56125bde5e2f <unknown>
#6 0x56125bdf5360 <unknown>
#7 0x56125be0f357 <unknown>
#8 0x56125be1656b <unknown>
#9 0x56125bde6599 <unknown>
#10 0x56125be0f0ec <unknown>
#11 0x56125be9eb68 <unknown>
#12 0x56125be478b2 <unknown>
#13 0x56125be486a1 <unknown>
#14 0x56125c3ad8a9 <unknown>
#15 0x56125c3b07b1 <unknown>
#16 0x56125c399ea9 <unknown>
#17 0x56125c3b136e <unknown>
#18 0x56125c380410 <unknown>
#19 0x56125c3d50c8 <unknown>
#20 0x56125c3d529b <unknown>
#21 0x56125c3e6db8 <unknown>
#22 0x7f8ba8c9caa4 <unknown>
#23 0x7f8ba8d29c6c <unknown>

2026-02-13 18:07:48,781 - ERROR - [Times of India] All scrape strategies failed for https://timesofindia.indiatimes.com/world/us-streamers/jonathan-horst-returns-to-youtube-with-thinking-different-after-mac-address-hiatus-and-linus-media-group-exit/articleshow/128317954.cms. Falling back to RSS description.
2026-02-13 18:07:48,781 - WARNING - SKIPPED (GLOBAL WORD LIMIT): Article 'Jonathan Horst returns to YouTube with Thinking Different after Mac Address hiatus and Linus Media Group exit' from Times of India has only 54 words (Min: 90).
2026-02-13 18:07:49,236 - INFO - [The Hindu] Article: https://www.thehindu.com/news/national/karnataka/court-convicts-and-sentences-11-to-three-years-of-imprisonment/article70629540.ece
2026-02-13 18:07:49,237 - INFO - [The Hindu] Attempt 1/1: Trying with 'selenium_browser' strategy...
2026-02-13 18:07:49,311 - INFO - [Times of India] Article: https://timesofindia.indiatimes.com/world/rest-of-world/why-does-greenland-appear-bigger-on-maps-than-africa-even-though-it-is-not/articleshow/128295057.cms
2026-02-13 18:07:49,311 - INFO - [Times of India] Attempt 1/1: Trying with 'selenium_browser' strategy...
2026-02-13 18:07:53,710 - INFO - [Times of India] Page content loaded.
2026-02-13 18:07:54,027 - INFO - [Times of India] Success with 'selenium_browser'. Found content (498 words).
2026-02-13 18:07:54,166 - INFO - Saved article: Why does Greenland appear bigger on maps than Africa, even though it is not | World News - The Times of India from Times of India (498 words)
2026-02-13 18:07:54,873 - INFO - [Times of India] Article: https://timesofindia.indiatimes.com/world/us/i-know-this-disease-will-kill-me-rfk-jr-admits-snorting-cocaine-off-toilet-seats-non-profit-org-calls-on-him-to-resign/articleshow/128316569.cms
2026-02-13 18:07:54,873 - INFO - [Times of India] Attempt 1/1: Trying with 'selenium_browser' strategy...
2026-02-13 18:07:56,978 - INFO - [Times of India] Page content loaded.
2026-02-13 18:07:57,147 - INFO - [Times of India] Success with 'selenium_browser'. Found content (333 words).
2026-02-13 18:07:57,249 - INFO - Saved article: ‘I know this disease will kill me’: RFK Jr admits snorting cocaine off toilet seats, non-profit org calls on him to 'resign' - The Times of India from Times of India (333 words)
2026-02-13 18:07:57,811 - INFO - [Times of India] Article: https://timesofindia.indiatimes.com/world/south-asia/deception-and-farce-sheikh-hasina-rejects-bangladesh-poll-results-calls-it-disgraceful-chapter/articleshow/128317097.cms
2026-02-13 18:07:57,811 - INFO - [Times of India] Attempt 1/1: Trying with 'selenium_browser' strategy...
2026-02-13 18:07:58,801 - INFO - [Times of India] Page content loaded.
2026-02-13 18:07:58,969 - INFO - [Times of India] Success with 'selenium_browser'. Found content (341 words).
2026-02-13 18:07:59,027 - INFO - Saved article: 'Deception and farce': Sheikh Hasina rejects Bangladesh poll results, calls it 'disgraceful chapter' - The Times of India from Times of India (341 words)
2026-02-13 18:07:59,953 - INFO - [Times of India] Article: https://timesofindia.indiatimes.com/world/us/beyond-limited-value-seattle-settlement-restores-dignity-to-slain-indian-student/articleshow/128316583.cms
2026-02-13 18:07:59,954 - INFO - [Times of India] Attempt 1/1: Trying with 'selenium_browser' strategy...
2026-02-13 18:08:00,015 - INFO - [The Hindu] Page content loaded.
2026-02-13 18:08:00,130 - INFO - [The Hindu] Success with 'selenium_browser'. Found content (261 words).
2026-02-13 18:08:00,546 - INFO - Saved article: Court convicts and sentences 11 to three years of imprisonment - The Hindu from The Hindu (261 words)
2026-02-13 18:08:00,887 - INFO - [Times of India] Page content loaded.
2026-02-13 18:08:01,093 - INFO - [Times of India] Success with 'selenium_browser'. Found content (756 words).
2026-02-13 18:08:01,174 - INFO - Saved article: Beyond ‘limited value’: Seattle settlement restores dignity to slain Indian student - The Times of India from Times of India (756 words)
2026-02-13 18:08:01,910 - INFO - [The Hindu] Article: https://www.thehindu.com/news/national/tamil-nadu/nlcil-secures-nabl-accreditation/article70627815.ece
2026-02-13 18:08:01,910 - INFO - [The Hindu] Attempt 1/1: Trying with 'selenium_browser' strategy...
2026-02-13 18:08:02,283 - INFO - [Times of India] Early skip: URL https://timesofindia.indiatimes.com/world/us/can-h-1b-visa-holders-do-side-hustle-in-us-maga-activists-flag-home-kitchen-advertisements-from-social-media-groups/articleshow/128315948.cms already exists.
2026-02-13 18:08:02,284 - INFO - [Times of India] Early skip: URL https://timesofindia.indiatimes.com/world/us/bombshell-report-claims-trump-uncomfortable-with-noem-and-lewandowskis-relationship-dhs-chief-fired-coast-guard-pilot-over-her-missing-blanket/articleshow/128313248.cms already exists.
2026-02-13 18:08:02,290 - INFO - [Times of India] Early skip: URL https://timesofindia.indiatimes.com/world/us/shes-never-been-in-jail-marine-war-veteran-pleads-for-assistance-after-ice-arrested-his-wife-during-interview-for-permanent-resident-card/articleshow/128311669.cms already exists.
2026-02-13 18:08:02,294 - INFO - [Times of India] Early skip: URL https://timesofindia.indiatimes.com/world/us/unborn-babies-are-now-treated-as-human-beings-puerto-rico-signs-historic-law-recognising-the-fetus/articleshow/128314065.cms already exists.
2026-02-13 18:08:02,296 - INFO - [Times of India] Early skip: URL https://timesofindia.indiatimes.com/world/south-asia/indias-sheikh-hasina-dilemma-resurgent-bnp-seems-set-to-press-extradition-demand-what-are-new-delhis-options/articleshow/128307854.cms already exists.
2026-02-13 18:08:02,300 - INFO - [Times of India] Early skip: URL https://timesofindia.indiatimes.com/world/europe/even-us-wont-be-powerful-to-go-alone-german-chancellor-calls-for-revival-of-trans-atlantic-ties/articleshow/128311443.cms already exists.
2026-02-13 18:08:02,301 - INFO - [Times of India] Early skip: URL https://timesofindia.indiatimes.com/world/us/global-warming-american-cooling-us-freezes-climate-science/articleshow/128313088.cms already exists.
2026-02-13 18:08:02,303 - INFO - [Times of India] Early skip: URL https://timesofindia.indiatimes.com/world/us/indians-dont-wear-deodorants-hindu-hating-comedian-goes-to-another-city-council-meeting-expresses-hate-towards-people-from-mumbai/articleshow/128312730.cms already exists.
2026-02-13 18:08:02,304 - INFO - [Times of India] Early skip: URL https://timesofindia.indiatimes.com/world/us/saving-enough-money-to-pay-100000-h-1b-visa-texas-whistleblower-says-legal-immigration-equally-concerning/articleshow/128311147.cms already exists.
2026-02-13 18:08:02,305 - INFO - [Times of India] Early skip: URL https://timesofindia.indiatimes.com/world/us/staggeringly-overcrowded-jamie-raskin-claims-60-detainees-packed-shoulder-to-shoulder-with-single-toilet-in-baltimore-ice-holding-room/articleshow/128309220.cms already exists.
2026-02-13 18:08:02,307 - INFO - [Times of India] Early skip: URL https://timesofindia.indiatimes.com/etimes/trending/friday-the-13th-is-here-shocking-legends-from-across-the-globe-that-explain-why-millions-fear-it/articleshow/128306567.cms already exists.
2026-02-13 18:08:02,309 - INFO - [Times of India] Early skip: URL https://timesofindia.indiatimes.com/world/us/jeffrey-epstein-bought-330-gallons-of-acid-the-day-the-fbi-launched-its-investigation-new-document-reveals/articleshow/128307309.cms already exists.
2026-02-13 18:08:02,316 - INFO - [Times of India] Early skip: URL https://timesofindia.indiatimes.com/world/us/dhruv-patel-and-dipika-patel-inside-the-azerbaijan-kidnapping-of-two-indians-headed-to-us-via-canada-illegally-through-donkey-route/articleshow/128308541.cms already exists.
2026-02-13 18:08:02,319 - INFO - [Times of India] Early skip: URL https://timesofindia.indiatimes.com/world/us/who-is-shaun-king-fraud-black-lives-matter-activist-trolled-for-supporting-jamaat-e-islami-in-bangladesh-elections/articleshow/128307532.cms already exists.
2026-02-13 18:08:02,321 - INFO - [Times of India] (Thread) Finished. Attempting to shut down its Selenium driver.
2026-02-13 18:08:02,573 - INFO - [Times of India] (Thread) driver.quit() successful.
2026-02-13 18:08:02,890 - INFO - [The Hindu] Page content loaded.
2026-02-13 18:08:02,991 - INFO - [The Hindu] Success with 'selenium_browser'. Found content (135 words).
2026-02-13 18:08:03,090 - INFO - Saved article: NLCIL secures NABL accreditation - The Hindu from The Hindu (135 words)
2026-02-13 18:08:04,489 - INFO - [The Hindu] Article: https://www.thehindu.com/news/national/west-bengal/another-six-lakh-names-likely-to-be-deleted-from-west-bengal-voter-list/article70629590.ece
2026-02-13 18:08:04,489 - INFO - [The Hindu] Attempt 1/1: Trying with 'selenium_browser' strategy...
2026-02-13 18:08:05,928 - INFO - [The Hindu] Page content loaded.
2026-02-13 18:08:05,989 - INFO - [The Hindu] Success with 'selenium_browser'. Found content (395 words).
2026-02-13 18:08:06,040 - INFO - Saved article: Another six lakh names likely to be deleted from West Bengal voter list - The Hindu from The Hindu (395 words)
2026-02-13 18:08:07,068 - INFO - [The Hindu] Article: https://www.thehindu.com/news/national/stopping-border-killings-ganga-waters-treaty-renewal-hasinas-presence-in-india-to-be-priority-for-incoming-bnp-government/article70629783.ece
2026-02-13 18:08:07,068 - INFO - [The Hindu] Attempt 1/1: Trying with 'selenium_browser' strategy...
2026-02-13 18:08:08,615 - INFO - [The Hindu] Page content loaded.
2026-02-13 18:08:08,718 - INFO - [The Hindu] Success with 'selenium_browser'. Found content (487 words).
2026-02-13 18:08:08,829 - INFO - Saved article: Stopping ‘border killings’, Ganga waters treaty renewal, Hasina’s presence in India to be priority for incoming BNP government - The Hindu from The Hindu (487 words)
2026-02-13 18:08:10,124 - INFO - [The Hindu] Early skip: URL https://www.thehindu.com/news/national/karnataka/primary-duty-of-officers-is-to-protect-rights-of-children-says-childrens-commission-chairman/article70629363.ece already exists.
2026-02-13 18:08:10,125 - INFO - [The Hindu] Early skip: URL https://www.thehindu.com/news/national/telangana/torch-rally-in-osmania-university-for-implementation-of-ugc-equity-regulations/article70629883.ece already exists.
2026-02-13 18:08:10,126 - INFO - [The Hindu] Early skip: URL https://www.thehindu.com/news/national/telangana/fourth-consecutive-win-for-congress-since-2023/article70629881.ece already exists.
2026-02-13 18:08:10,127 - INFO - [The Hindu] Early skip: URL https://www.thehindu.com/news/national/aiims-delhi-gears-up-for-face-transplant-surgeries/article70628761.ece already exists.
2026-02-13 18:08:10,129 - INFO - [The Hindu] Article: https://www.thehindu.com/news/national/kerala/state-to-extend-power-purchase-deal-with-ntpc/article70629815.ece
2026-02-13 18:08:10,129 - INFO - [The Hindu] Attempt 1/1: Trying with 'selenium_browser' strategy...
2026-02-13 18:08:11,326 - INFO - [The Hindu] Page content loaded.
2026-02-13 18:08:11,369 - WARNING - [The Hindu] FAILED with 'selenium_browser' (content was too short: 40 words).
2026-02-13 18:08:11,369 - ERROR - [The Hindu] All scrape strategies failed for https://www.thehindu.com/news/national/kerala/state-to-extend-power-purchase-deal-with-ntpc/article70629815.ece. Falling back to RSS description.
2026-02-13 18:08:11,369 - WARNING - SKIPPED (GLOBAL WORD LIMIT): Article 'State to extend power purchase deal with NTPC' from The Hindu has only 3 words (Min: 90).
2026-02-13 18:08:12,693 - INFO - [The Hindu] Early skip: URL https://www.thehindu.com/news/national/karnataka/dccb-should-give-farm-loans-irrespective-of-losses-says-minister/article70629150.ece already exists.
2026-02-13 18:08:12,695 - INFO - [The Hindu] Early skip: URL https://www.thehindu.com/news/national/congress-aitmc-congratulate-bnp-for-winning-parliamentary-elections-in-bangladesh/article70629564.ece already exists.
2026-02-13 18:08:12,697 - INFO - [The Hindu] Early skip: URL https://www.thehindu.com/news/national/karnataka/geo-tagging-of-medical-stores-fda-defends-move-chemists-allege-pressure/article70628429.ece already exists.
2026-02-13 18:08:12,700 - INFO - [The Hindu] Article: https://www.thehindu.com/news/national/kerala/chennithala-serves-privilege-notice-against-vasavan/article70629787.ece
2026-02-13 18:08:12,700 - INFO - [The Hindu] Attempt 1/1: Trying with 'selenium_browser' strategy...
2026-02-13 18:08:13,884 - INFO - [The Hindu] Page content loaded.
2026-02-13 18:08:13,924 - WARNING - [The Hindu] FAILED with 'selenium_browser' (content was too short: 83 words).
2026-02-13 18:08:13,924 - ERROR - [The Hindu] All scrape strategies failed for https://www.thehindu.com/news/national/kerala/chennithala-serves-privilege-notice-against-vasavan/article70629787.ece. Falling back to RSS description.
2026-02-13 18:08:13,924 - WARNING - SKIPPED (GLOBAL WORD LIMIT): Article 'Chennithala serves privilege notice against Vasavan' from The Hindu has only 26 words (Min: 90).
2026-02-13 18:08:14,499 - INFO - [The Hindu] Early skip: URL https://www.thehindu.com/news/international/nikhil-gupta-pleads-guilty-us-court-sikh-separatist-pannun-murder-plot/article70629819.ece already exists.
2026-02-13 18:08:14,501 - INFO - [The Hindu] Early skip: URL https://www.thehindu.com/news/national/iaf-royal-thai-air-force-jointly-conduct-air-combat-exercise-in-indian-ocean-region/article70629238.ece already exists.
2026-02-13 18:08:14,502 - INFO - [The Hindu] Early skip: URL https://www.thehindu.com/news/cities/bangalore/police-book-case-over-fake-transfer-recommendation-issued-in-cms-name/article70629780.ece already exists.
2026-02-13 18:08:14,504 - INFO - [The Hindu] Early skip: URL https://www.thehindu.com/news/national/give-some-acknowledgement-to-dhrupad-singer-supreme-court-asks-ar-rahman/article70629581.ece already exists.
2026-02-13 18:08:14,505 - INFO - [The Hindu] Early skip: URL https://www.thehindu.com/news/national/mha-to-compile-standard-english-medical-dictionary-to-promote-medical-education-in-indian-languages/article70628877.ece already exists.
2026-02-13 18:08:14,507 - INFO - [The Hindu] Early skip: URL https://www.thehindu.com/news/national/karnataka/relocating-racing-tracks-from-btc-to-kunigal-will-be-time-and-cost-intensive/article70628057.ece already exists.
2026-02-13 18:08:14,508 - INFO - [The Hindu] Early skip: URL https://www.thehindu.com/news/cities/bangalore/hmt-bhavan-bus-stop-emerges-as-new-traffic-choke-point-after-bengalurus-hebbal-flyover/article70622929.ece already exists.
2026-02-13 18:08:14,510 - INFO - [The Hindu] Early skip: URL https://www.thehindu.com/news/national/telangana/bjp-emerges-as-single-largest-party-in-karimnagar-and-nizamabad-municipal-corporations/article70629654.ece already exists.
2026-02-13 18:08:14,511 - INFO - [The Hindu] Early skip: URL https://www.thehindu.com/news/national/kerala/natyadharmi-awards-for-three/article70629504.ece already exists.
2026-02-13 18:08:14,513 - INFO - [The Hindu] Early skip: URL https://www.thehindu.com/news/national/after-independence-india-wanted-good-ties-with-china-cds-anil-chauhan/article70629465.ece already exists.
2026-02-13 18:08:14,515 - INFO - [The Hindu] Early skip: URL https://www.thehindu.com/news/national/cjis-office-received-8630-complaints-against-judges-in-a-decade-law-minister-tells-lok-sabha/article70628332.ece already exists.
2026-02-13 18:08:14,516 - INFO - [The Hindu] Early skip: URL https://www.thehindu.com/news/national/kerala/10-booked-for-alleged-assault-over-parking-dispute/article70629454.ece already exists.
2026-02-13 18:08:14,519 - INFO - [The Hindu] Early skip: URL https://www.thehindu.com/news/national/telecom-operators-do-not-own-spectrum-cannot-list-the-public-resource-as-an-asset-for-insolvency-or-liquidation-sc/article70629340.ece already exists.
2026-02-13 18:08:14,520 - INFO - [The Hindu] Article: https://www.thehindu.com/news/national/kerala/man-held-on-charge-of-sexual-abuse-cheating/article70629240.ece
2026-02-13 18:08:14,520 - INFO - [The Hindu] Attempt 1/1: Trying with 'selenium_browser' strategy...
2026-02-13 18:08:15,976 - INFO - [The Hindu] Page content loaded.
2026-02-13 18:08:16,018 - INFO - [The Hindu] Success with 'selenium_browser'. Found content (129 words).
2026-02-13 18:08:16,075 - INFO - Saved article: Man held on charge of sexual abuse, cheating - The Hindu from The Hindu (129 words)
2026-02-13 18:08:16,847 - INFO - [The Hindu] Article: https://www.thehindu.com/shorts/watch-valentines-day-flower-prices-surge-in-tamil-nadus-thoothukudi/article70629746.ece
2026-02-13 18:08:16,847 - INFO - [The Hindu] Attempt 1/1: Trying with 'selenium_browser' strategy...
2026-02-13 18:08:28,090 - WARNING - [The Hindu] Page timed out (10s). Proceeding anyway.
2026-02-13 18:08:28,248 - WARNING - [The Hindu] FAILED with 'selenium_browser' (content was too short: 49 words).
2026-02-13 18:08:28,248 - ERROR - [The Hindu] All scrape strategies failed for https://www.thehindu.com/shorts/watch-valentines-day-flower-prices-surge-in-tamil-nadus-thoothukudi/article70629746.ece. Falling back to RSS description.
2026-02-13 18:08:28,248 - WARNING - SKIPPED (GLOBAL WORD LIMIT): Article 'Watch: Valentine’s Day: Flower prices surge in Tamil Nadu’s Thoothukudi' from The Hindu has only 3 words (Min: 90).
2026-02-13 18:08:29,485 - INFO - [The Hindu] Article: https://www.thehindu.com/news/national/kerala/sewage-pollution-pcb-awaits-court-directive-before-initiating-further-steps/article70629232.ece
2026-02-13 18:08:29,485 - INFO - [The Hindu] Attempt 1/1: Trying with 'selenium_browser' strategy...
2026-02-13 18:08:30,084 - INFO - [The Hindu] Page content loaded.
2026-02-13 18:08:30,132 - INFO - [The Hindu] Success with 'selenium_browser'. Found content (270 words).
2026-02-13 18:08:30,200 - INFO - Saved article: Sewage pollution: PCB awaits court directive before initiating further steps - The Hindu from The Hindu (270 words)
2026-02-13 18:08:30,780 - INFO - [The Hindu] Early skip: URL https://www.thehindu.com/news/national/manipur/internet-services-restored-in-manipurs-ukhrul/article70628493.ece already exists.
2026-02-13 18:08:30,784 - INFO - [The Hindu] Early skip: URL https://www.thehindu.com/news/national/telangana/majlis-urban-naxals-communists-helped-cong-brs-in-municipal-polls-ramchander-rao/article70629579.ece already exists.
2026-02-13 18:08:30,785 - INFO - [The Hindu] Early skip: URL https://www.thehindu.com/news/national/andhra-pradesh/pawan-kalyan-for-forming-temple-trust-boards-with-apolitical-persons/article70629139.ece already exists.
2026-02-13 18:08:30,787 - INFO - [The Hindu] Early skip: URL https://www.thehindu.com/news/national/karnataka/apprenticeship-embedded-degree-programme-will-be-extended-to-science-and-arts-streams-sudhakar/article70628594.ece already exists.
2026-02-13 18:08:30,788 - INFO - [The Hindu] Early skip: URL https://www.thehindu.com/business/Industry/dgca-slaps-1-crore-fine-on-air-india-for-operating-plane-without-requisite-certification/article70629558.ece already exists.
2026-02-13 18:08:30,791 - INFO - [The Hindu] Early skip: URL https://www.thehindu.com/news/national/kerala/one-more-e-waste-facility-in-kerala/article70629162.ece already exists.
2026-02-13 18:08:30,792 - INFO - [The Hindu] Early skip: URL https://www.thehindu.com/news/national/karnataka/kalaburagi-district-administration-signs-mou-with-the-hindu-group-for-ai-powered-english-language-training-under-step-programme/article70628820.ece already exists.
2026-02-13 18:08:30,793 - INFO - [The Hindu] Early skip: URL https://www.thehindu.com/news/national/telangana/telangana-begins-retrofitting-diesel-buses-to-electric-for-greener-transport/article70629530.ece already exists.
2026-02-13 18:08:30,796 - INFO - [The Hindu] Early skip: URL https://www.thehindu.com/news/national/telangana/brs-performance-in-municipal-polls-is-highly-encouraging-ktr/article70629462.ece already exists.
2026-02-13 18:08:30,797 - INFO - [The Hindu] Early skip: URL https://www.thehindu.com/news/national/andhra-pradesh/ap-treasury-benches-unhappy-with-reply-of-revenue-minister-on-grievance-redressal/article70629121.ece already exists.
2026-02-13 18:08:30,799 - INFO - [The Hindu] Early skip: URL https://www.thehindu.com/news/national/kerala/kiifb-in-principle-nod-for-mc-road-and-sabari-rail-projects/article70629498.ece already exists.
2026-02-13 18:08:30,801 - INFO - [The Hindu] Early skip: URL https://www.thehindu.com/news/cities/Hyderabad/police-step-up-valentines-day-patrolling-to-curb-moral-policing-harassment-in-city/article70629116.ece already exists.
2026-02-13 18:08:30,802 - INFO - [The Hindu] Early skip: URL https://www.thehindu.com/news/national/andhra-pradesh/how-can-ambati-rambabus-derogatory-remarks-against-chief-ministers-mother-be-taken-lightly-asks-lokesh/article70629233.ece already exists.
2026-02-13 18:08:30,803 - INFO - [The Hindu] Early skip: URL https://www.thehindu.com/news/cities/Hyderabad/street-vendor-draws-widespread-support-after-harassment-by-youtubers/article70629247.ece already exists.
2026-02-13 18:08:30,805 - INFO - [The Hindu] Early skip: URL https://www.thehindu.com/news/national/karnataka/animal-sacrifice-prevented-at-marakumbi-durga-devi-fair-in-koppal-district-pumpkins-offered-instead-in-historic-shift/article70629301.ece already exists.
2026-02-13 18:08:30,806 - INFO - [The Hindu] Early skip: URL https://www.thehindu.com/news/national/karnataka/title-deeds-to-be-distributed-to-over-1-lakh-families-at-haveri-on-saturday/article70629120.ece already exists.
2026-02-13 18:08:30,807 - INFO - [The Hindu] Early skip: URL https://www.thehindu.com/news/national/kerala/sabarimala-gold-theft-case-kerala-hc-dismisses-bail-plea-of-pankaj-bhandari-ceo-of-smart-creations/article70629269.ece already exists.
2026-02-13 18:08:30,809 - INFO - [The Hindu] Early skip: URL https://www.thehindu.com/news/cities/Hyderabad/traffic-diversions-announced-in-darussalam-area-for-aimim-event-today/article70628643.ece already exists.
2026-02-13 18:08:30,812 - INFO - [The Hindu] Early skip: URL https://www.thehindu.com/news/national/andhra-pradesh/devotees-throng-kapileswara-mangapuram-temples/article70629195.ece already exists.
2026-02-13 18:08:30,815 - INFO - [The Hindu] Early skip: URL https://www.thehindu.com/news/national/andhra-pradesh/former-minister-ambati-rambabu-remanded-in-judicial-custody-in-illegal-lottery-case/article70629137.ece already exists.
2026-02-13 18:08:30,816 - INFO - [The Hindu] Article: https://www.thehindu.com/news/national/andhra-pradesh/written-exams-for-vacancies-in-dlsa-guntur-postponed/article70629245.ece
2026-02-13 18:08:30,816 - INFO - [The Hindu] Attempt 1/1: Trying with 'selenium_browser' strategy...
2026-02-13 18:08:32,161 - INFO - [The Hindu] Page content loaded.
2026-02-13 18:08:32,200 - INFO - [The Hindu] Success with 'selenium_browser'. Found content (242 words).
2026-02-13 18:08:32,266 - INFO - Saved article: Written exams for vacancies in DLSA Guntur postponed - The Hindu from The Hindu (242 words)
2026-02-13 18:08:32,826 - INFO - [The Hindu] Article: https://www.thehindu.com/news/national/telangana/598-application-seats-left-for-admissions-into-class-vi-in-state-model-schools/article70629276.ece
2026-02-13 18:08:32,826 - INFO - [The Hindu] Attempt 1/1: Trying with 'selenium_browser' strategy...
2026-02-13 18:08:33,843 - INFO - [The Hindu] Page content loaded.
2026-02-13 18:08:33,885 - INFO - [The Hindu] Success with 'selenium_browser'. Found content (135 words).
2026-02-13 18:08:33,958 - INFO - Saved article: 598 application seats left for admissions into Class VI in State model schools - The Hindu from The Hindu (135 words)
2026-02-13 18:08:35,006 - INFO - [The Hindu] Article: https://www.thehindu.com/news/national/andhra-pradesh/gst-improved-transparency-widened-tax-base-increased-purchasing-power-say-experts/article70629005.ece
2026-02-13 18:08:35,006 - INFO - [The Hindu] Attempt 1/1: Trying with 'selenium_browser' strategy...
2026-02-13 18:08:36,391 - INFO - [The Hindu] Page content loaded.
2026-02-13 18:08:36,437 - INFO - [The Hindu] Success with 'selenium_browser'. Found content (288 words).
2026-02-13 18:08:36,503 - INFO - Saved article: GST improved transparency, widened tax base, increased purchasing power, say experts - The Hindu from The Hindu (288 words)
2026-02-13 18:08:37,228 - INFO - [The Hindu] Article: https://www.thehindu.com/news/cities/Hyderabad/prohibitory-orders-in-cyberabad-malkajgiri-ahead-of-indirect-municipal-polls/article70627820.ece
2026-02-13 18:08:37,228 - INFO - [The Hindu] Attempt 1/1: Trying with 'selenium_browser' strategy...
2026-02-13 18:08:39,322 - INFO - [The Hindu] Page content loaded.
2026-02-13 18:08:39,407 - INFO - [The Hindu] Success with 'selenium_browser'. Found content (378 words).
2026-02-13 18:08:39,487 - INFO - Saved article: Prohibitory orders in Cyberabad, Malkajgiri ahead of indirect municipal polls - The Hindu from The Hindu (378 words)
2026-02-13 18:08:40,490 - INFO - [The Hindu] Article: https://www.thehindu.com/news/national/andhra-pradesh/bar-council-elections-held-peacefully/article70629193.ece
2026-02-13 18:08:40,491 - INFO - [The Hindu] Attempt 1/1: Trying with 'selenium_browser' strategy...
2026-02-13 18:08:41,614 - INFO - [The Hindu] Page content loaded.
2026-02-13 18:08:41,654 - WARNING - [The Hindu] FAILED with 'selenium_browser' (content was too short: 85 words).
2026-02-13 18:08:41,654 - ERROR - [The Hindu] All scrape strategies failed for https://www.thehindu.com/news/national/andhra-pradesh/bar-council-elections-held-peacefully/article70629193.ece. Falling back to RSS description.
2026-02-13 18:08:41,654 - WARNING - SKIPPED (GLOBAL WORD LIMIT): Article 'Bar Council elections held peacefully' from The Hindu has only 3 words (Min: 90).
2026-02-13 18:08:43,005 - INFO - [The Hindu] Article: https://www.thehindu.com/news/national/kerala/ivory-theft-from-pangode-military-establishment-catches-forest-department-off-guard/article70628725.ece
2026-02-13 18:08:43,005 - INFO - [The Hindu] Attempt 1/1: Trying with 'selenium_browser' strategy...
2026-02-13 18:08:44,246 - INFO - [The Hindu] Page content loaded.
2026-02-13 18:08:44,289 - INFO - [The Hindu] Success with 'selenium_browser'. Found content (435 words).
2026-02-13 18:08:44,348 - INFO - Saved article: Ivory theft from Pangode military establishment catches Forest department off guard - The Hindu from The Hindu (435 words)
2026-02-13 18:08:45,689 - INFO - [The Hindu] Article: https://www.thehindu.com/news/national/andhra-pradesh/quantum-skilling-course-will-enhance-job-opportunities-in-emerging-technologies-rgukt-director-kvgd-balaji/article70628291.ece
2026-02-13 18:08:45,689 - INFO - [The Hindu] Attempt 1/1: Trying with 'selenium_browser' strategy...
2026-02-13 18:08:46,908 - INFO - [The Hindu] Page content loaded.
2026-02-13 18:08:46,956 - INFO - [The Hindu] Success with 'selenium_browser'. Found content (192 words).
2026-02-13 18:08:47,023 - INFO - Saved article: Quantum skilling course will enhance job opportunities in emerging technologies: RGUKT Director KVGD Balaji - The Hindu from The Hindu (192 words)
2026-02-13 18:08:47,799 - INFO - [The Hindu] Article: https://www.thehindu.com/news/national/adani-group-enters-nuclear-power-sector/article70628957.ece
2026-02-13 18:08:47,800 - INFO - [The Hindu] Attempt 1/1: Trying with 'selenium_browser' strategy...
2026-02-13 18:08:49,173 - INFO - [The Hindu] Page content loaded.
2026-02-13 18:08:49,220 - INFO - [The Hindu] Success with 'selenium_browser'. Found content (404 words).
2026-02-13 18:08:49,316 - INFO - Saved article: Adani Group enters nuclear power sector - The Hindu from The Hindu (404 words)
2026-02-13 18:08:50,277 - INFO - [The Hindu] Article: https://www.thehindu.com/news/national/karnataka/igrms-revives-exhibit-of-month-initiative/article70629284.ece
2026-02-13 18:08:50,277 - INFO - [The Hindu] Attempt 1/1: Trying with 'selenium_browser' strategy...
2026-02-13 18:08:52,927 - INFO - [The Hindu] Page content loaded.
2026-02-13 18:08:52,974 - INFO - [The Hindu] Success with 'selenium_browser'. Found content (157 words).
2026-02-13 18:08:53,033 - INFO - Saved article: IGRMS revives exhibit of month initiative - The Hindu from The Hindu (157 words)
2026-02-13 18:08:54,101 - INFO - [The Hindu] Article: https://www.thehindu.com/news/national/kerala/moving-car-gutted-in-fire/article70629142.ece
2026-02-13 18:08:54,101 - INFO - [The Hindu] Attempt 1/1: Trying with 'selenium_browser' strategy...
2026-02-13 18:08:54,696 - INFO - [The Hindu] Page content loaded.
2026-02-13 18:08:55,004 - INFO - [The Hindu] Success with 'selenium_browser'. Found content (102 words).
2026-02-13 18:08:55,103 - INFO - Saved article: Moving car gutted in fire - The Hindu from The Hindu (102 words)
2026-02-13 18:08:55,758 - INFO - [The Hindu] Article: https://www.thehindu.com/news/national/aaib-preliminary-report-on-plane-crash-near-baramati-to-be-released-very-soon-civil-aviation-minister/article70629390.ece
2026-02-13 18:08:55,758 - INFO - [The Hindu] Attempt 1/1: Trying with 'selenium_browser' strategy...
2026-02-13 18:08:56,752 - INFO - [The Hindu] Page content loaded.
2026-02-13 18:08:56,794 - INFO - [The Hindu] Success with 'selenium_browser'. Found content (212 words).
2026-02-13 18:08:56,860 - INFO - Saved article: AAIB preliminary report on plane crash near Baramati to be released very soon: Civil Aviation Minister - The Hindu from The Hindu (212 words)
2026-02-13 18:08:57,399 - INFO - [The Hindu] Target reached: Successfully saved 20 new articles.
2026-02-13 18:08:57,400 - INFO - [The Hindu] (Thread) Finished. Attempting to shut down its Selenium driver.
2026-02-13 18:08:57,616 - INFO - [The Hindu] (Thread) driver.quit() successful.
2026-02-13 18:08:57,617 - INFO - Shutting down thread pool (wait=False)...
2026-02-13 18:08:57,617 - INFO - Scraped: 0 TechCrunch, 4 The Guardian, 1 BBC, 4 Times of India, 20 The Hindu articles. (Total saved: 29)
2026-02-13 18:08:57,618 - INFO - --- Scraping job finished ---
2026-02-13 18:08:57,624 - INFO - --- Scraper service stopped and database connection closed. ---
2026-02-13 18:08:57,624 - INFO - --- Main thread finished. Forcing process exit to kill zombie threads. ---
