2026-01-14 21:48:34,358 - INFO - Loading AI Semantic Model (all-MiniLM-L6-v2)...
2026-01-14 21:48:34,359 - INFO - Use pytorch device_name: cpu
2026-01-14 21:48:34,359 - INFO - Load pretrained SentenceTransformer: all-MiniLM-L6-v2
2026-01-14 21:48:34,913 - INFO - AI Model loaded successfully.
2026-01-14 21:48:34,913 - INFO - --- Scraper service started (CI Mode: Run Once) ---
2026-01-14 21:48:34,913 - INFO - --- Starting new scraping job (Parallel Mode) ---
2026-01-14 21:48:34,913 - INFO - Creating new robust session with 3 retries on 5xx/connection/read errors.
2026-01-14 21:48:34,913 - INFO - Proxy is DISABLED.
2026-01-14 21:48:34,914 - INFO - Starting scrape for BBC RSS feed: http://feeds.bbci.co.uk/news/world/rss.xml
2026-01-14 21:48:34,915 - INFO - [Times of India] (Thread) requires Selenium. Initializing driver...
2026-01-14 21:48:34,915 - INFO - Starting scrape for The Guardian RSS feed: https://www.theguardian.com/world/rss
2026-01-14 21:48:34,916 - INFO - [The Hindu] (Thread) requires Selenium. Initializing driver...
2026-01-14 21:48:34,916 - INFO - Submitted 4 jobs to thread pool. Waiting up to 300s for completion...
2026-01-14 21:48:35,190 - INFO - Found 27 articles in BBC RSS feed. Processing up to 30.
2026-01-14 21:48:35,191 - INFO - [BBC] Early skip: URL https://www.bbc.com/news/articles/c701xywwxw8o?at_medium=RSS&at_campaign=rss already exists.
2026-01-14 21:48:35,194 - INFO - Found 45 articles in The Guardian RSS feed. Processing up to 30.
2026-01-14 21:48:35,313 - INFO - [The Guardian] Early skip: URL https://www.theguardian.com/us-news/2026/jan/13/trump-administration-ends-tps-somalia already exists.
2026-01-14 21:48:35,543 - INFO - [BBC] Early skip: URL https://www.bbc.com/news/articles/c0r4veg0rrzo?at_medium=RSS&at_campaign=rss already exists.
2026-01-14 21:48:35,800 - INFO - [The Guardian] Early skip: URL https://www.theguardian.com/business/2026/jan/13/developing-countries-poorer-world-bank-report already exists.
2026-01-14 21:48:35,916 - INFO - [BBC] Early skip: URL https://www.bbc.com/news/articles/ceqz7v1507ro?at_medium=RSS&at_campaign=rss already exists.
2026-01-14 21:48:36,176 - INFO - [The Guardian] Early skip: URL https://www.theguardian.com/books/2026/jan/12/chimamanda-ngozi-adichie-accuses-lagos-hospital-negligence-son-death already exists.
2026-01-14 21:48:36,433 - INFO - [BBC] Early skip: URL https://www.bbc.com/news/articles/cy7mnzgkp7go?at_medium=RSS&at_campaign=rss already exists.
2026-01-14 21:48:36,685 - INFO - [The Guardian] Early skip: URL https://www.theguardian.com/global-development/2026/jan/09/the-gambia-female-genital-mutilation-fgm-supreme-court-case-overturn-ban already exists.
2026-01-14 21:48:36,964 - INFO - [BBC] Early skip: URL https://www.bbc.com/news/articles/cjw1nxe5pvlo?at_medium=RSS&at_campaign=rss already exists.
2026-01-14 21:48:37,139 - INFO - [The Guardian] Early skip: URL https://www.theguardian.com/world/2026/jan/08/questions-targeting-impact-us-airstrikes-in-nigeria already exists.
2026-01-14 21:48:37,253 - INFO - [BBC] Early skip: URL https://www.bbc.com/news/articles/c5yvgz7geyvo?at_medium=RSS&at_campaign=rss already exists.
2026-01-14 21:48:37,465 - INFO - [The Guardian] Early skip: URL https://www.theguardian.com/world/2026/jan/14/venezuelan-political-prisoners-released already exists.
2026-01-14 21:48:37,688 - INFO - [BBC] Early skip: URL https://www.bbc.com/news/articles/c62w8exgw1zo?at_medium=RSS&at_campaign=rss already exists.
2026-01-14 21:48:37,805 - INFO - [The Guardian] Early skip: URL https://www.theguardian.com/world/2026/jan/14/quebec-premier-francois-legault-resigns already exists.
2026-01-14 21:48:38,041 - INFO - [BBC] Early skip: URL https://www.bbc.com/news/articles/cgezqvwr54no?at_medium=RSS&at_campaign=rss already exists.
2026-01-14 21:48:38,143 - INFO - [The Guardian] Early skip: URL https://www.theguardian.com/environment/2026/jan/12/us-plan-to-exploit-venezuelas-oil-could-eat-up-13-of-carbon-budget-to-keep-15c-limit already exists.
2026-01-14 21:48:38,251 - INFO - [BBC] Early skip: URL https://www.bbc.com/news/articles/cvgp19zx3vjo?at_medium=RSS&at_campaign=rss already exists.
2026-01-14 21:48:38,547 - INFO - [The Guardian] Early skip: URL https://www.theguardian.com/world/2026/jan/12/trump-latin-america-feud-colombia-gustavo-petro already exists.
2026-01-14 21:48:38,693 - INFO - [BBC] Early skip: URL https://www.bbc.com/sport/tennis/articles/ckgyl1ndw57o?at_medium=RSS&at_campaign=rss already exists.
2026-01-14 21:48:38,887 - INFO - [The Guardian] Early skip: URL https://www.theguardian.com/us-news/2026/jan/12/us-oil-producers-global-supply-glut-venezuela already exists.
2026-01-14 21:48:39,034 - INFO - [BBC] Early skip: URL https://www.bbc.com/news/articles/c62vd7542rno?at_medium=RSS&at_campaign=rss already exists.
2026-01-14 21:48:39,232 - INFO - [The Guardian] Early skip: URL https://www.theguardian.com/world/2026/jan/14/thailand-train-crane-accident-deaths already exists.
2026-01-14 21:48:39,442 - INFO - [BBC] Early skip: URL https://www.bbc.com/news/articles/c5y47pyp906o?at_medium=RSS&at_campaign=rss already exists.
2026-01-14 21:48:39,718 - INFO - [The Guardian] Early skip: URL https://www.theguardian.com/world/2026/jan/14/china-reports-record-trillion-dollar-trade-surplus-despite-trump-tariffs already exists.
2026-01-14 21:48:40,012 - INFO - [BBC] Early skip: URL https://www.bbc.com/news/articles/cx2wle7028ko?at_medium=RSS&at_campaign=rss already exists.
2026-01-14 21:48:40,244 - INFO - [The Guardian] Early skip: URL https://www.theguardian.com/world/2026/jan/13/south-korean-prosecutors-demand-death-penalty-for-former-president-yoon-suk-yeol already exists.
2026-01-14 21:48:40,490 - INFO - [BBC] Early skip: URL https://www.bbc.com/news/articles/c0lx49z8ly6o?at_medium=RSS&at_campaign=rss already exists.
2026-01-14 21:48:40,688 - INFO - [The Guardian] Early skip: URL https://www.theguardian.com/music/2026/jan/14/bts-announces-return-with-new-world-tourm-includin-in-2026-and-2027 already exists.
2026-01-14 21:48:40,919 - INFO - [BBC] Early skip: URL https://www.bbc.com/news/articles/cly3xpyvxzyo?at_medium=RSS&at_campaign=rss already exists.
2026-01-14 21:48:41,188 - INFO - [The Guardian] Early skip: URL https://www.theguardian.com/world/2026/jan/13/workers-at-chinese-factory-that-produces-labubu-toys-are-being-exploited-says-ngo already exists.
2026-01-14 21:48:41,421 - INFO - [BBC] Early skip: URL https://www.bbc.com/news/articles/c8x9v241z2qo?at_medium=RSS&at_campaign=rss already exists.
2026-01-14 21:48:41,659 - INFO - [The Guardian] Early skip: URL https://www.theguardian.com/australia-news/live/2026/jan/15/victoria-bushfires-school-data-hack-adelaide-writers-week-peter-malinauskas-labor-hate-speech-laws-political-reaction-anthony-albanese-sussan-ley-coalition-ntwnfb already exists.
2026-01-14 21:48:41,873 - INFO - [BBC] Early skip: URL https://www.bbc.com/news/articles/c07xdv0mggzo?at_medium=RSS&at_campaign=rss already exists.
2026-01-14 21:48:42,046 - INFO - [The Guardian] Early skip: URL https://www.theguardian.com/australia-news/2026/jan/15/nsw-logging-halted-greater-glider-den-trees-found already exists.
2026-01-14 21:48:42,231 - INFO - [BBC] Early skip: URL https://www.bbc.com/news/articles/cgm4w1g3dggo?at_medium=RSS&at_campaign=rss already exists.
2026-01-14 21:48:42,361 - INFO - [The Guardian] Early skip: URL https://www.theguardian.com/australia-news/2026/jan/15/australian-chapter-of-islamist-group-hizb-ut-tahrir-has-no-plans-to-disband-before-labors-hate-speech-laws already exists.
2026-01-14 21:48:42,563 - INFO - [BBC] Early skip: URL https://www.bbc.com/news/articles/cedwgn4pqv4o?at_medium=RSS&at_campaign=rss already exists.
2026-01-14 21:48:42,842 - INFO - [The Guardian] Early skip: URL https://www.theguardian.com/australia-news/2026/jan/14/randa-abdel-fattah-defamation-concerns-notice-peter-malinauskas-sa-premier already exists.
2026-01-14 21:48:43,056 - INFO - [BBC] Early skip: URL https://www.bbc.com/news/articles/c98pj370mjjo?at_medium=RSS&at_campaign=rss already exists.
2026-01-14 21:48:43,310 - INFO - [The Guardian] Early skip: URL https://www.theguardian.com/australia-news/2026/jan/14/senior-liberals-urge-colleagues-to-vote-against-labors-hate-speech-and-gun-laws-in-wake-of-bondi-terror-attack-ntwnfb already exists.
2026-01-14 21:48:43,524 - INFO - [BBC] Early skip: URL https://www.bbc.com/news/articles/cj0nm44g361o?at_medium=RSS&at_campaign=rss already exists.
2026-01-14 21:48:43,650 - INFO - [The Guardian] Early skip: URL https://www.theguardian.com/world/live/2026/jan/14/denmark-greenland-us-latest-news-updates-europe-live-trump already exists.
2026-01-14 21:48:43,781 - INFO - [BBC] Early skip: URL https://www.bbc.com/news/videos/cd7z8p0nq8jo?at_medium=RSS&at_campaign=rss already exists.
2026-01-14 21:48:44,079 - INFO - [The Guardian] Early skip: URL https://www.theguardian.com/world/2026/jan/14/greenland-us-trump-talks-denmark already exists.
2026-01-14 21:48:44,340 - INFO - [BBC] Article: https://www.bbc.com/news/videos/c4g0d892p7go?at_medium=RSS&at_campaign=rss
2026-01-14 21:48:44,340 - INFO - [BBC] Attempt 1/1: Trying with 'requests_browser' strategy...
2026-01-14 21:48:44,341 - INFO - [The Guardian] Early skip: URL https://www.theguardian.com/technology/2026/jan/14/california-attorney-general-investigates-grok-ai-elon-musk already exists.
2026-01-14 21:48:44,612 - INFO - [The Guardian] Early skip: URL https://www.theguardian.com/uk-news/2026/jan/14/france-announces-ban-on-10-british-anti-migrant-activists-raise-the-colours already exists.
2026-01-14 21:48:44,645 - WARNING - [BBC] FAILED with 'requests_browser' (content was too short: 68 words).
2026-01-14 21:48:44,645 - ERROR - [BBC] All scrape strategies failed for https://www.bbc.com/news/videos/c4g0d892p7go?at_medium=RSS&at_campaign=rss. Falling back to RSS description.
2026-01-14 21:48:44,645 - WARNING - SKIPPED (GLOBAL WORD LIMIT): Article 'Trump vows 'very strong action' if Iran executes protesters' from BBC has only 22 words (Min: 90).
2026-01-14 21:48:44,834 - INFO - [The Guardian] Early skip: URL https://www.theguardian.com/world/2026/jan/14/cyprus-investigates-death-russian-diplomat-alexei-panov-alleged-gru-spy already exists.
2026-01-14 21:48:45,101 - INFO - [The Guardian] Early skip: URL https://www.theguardian.com/world/live/2026/jan/14/iran-protests-live-updates-trump-us-action-death-toll-protester-executions-erfan-soltani already exists.
2026-01-14 21:48:45,338 - INFO - [BBC] Early skip: URL https://www.bbc.com/news/videos/cr57v8y9r77o?at_medium=RSS&at_campaign=rss already exists.
2026-01-14 21:48:45,447 - INFO - [The Guardian] Early skip: URL https://www.theguardian.com/world/2026/jan/14/us-witkoff-announces-start-of-gaza-ceasefire-second-phase already exists.
2026-01-14 21:48:45,701 - INFO - [BBC] Article: https://www.bbc.com/news/videos/c87r3122v02o?at_medium=RSS&at_campaign=rss
2026-01-14 21:48:45,702 - INFO - [BBC] Attempt 1/1: Trying with 'requests_browser' strategy...
2026-01-14 21:48:45,703 - INFO - [The Guardian] Early skip: URL https://www.theguardian.com/world/2026/jan/14/iran-protester-erfan-soltani-death-sentence-relative already exists.
2026-01-14 21:48:45,778 - WARNING - [BBC] FAILED with 'requests_browser' (content was too short: 77 words).
2026-01-14 21:48:45,778 - ERROR - [BBC] All scrape strategies failed for https://www.bbc.com/news/videos/c87r3122v02o?at_medium=RSS&at_campaign=rss. Falling back to RSS description.
2026-01-14 21:48:45,778 - WARNING - SKIPPED (GLOBAL WORD LIMIT): Article ''Now there's the threat of executions' in Iran' from BBC has only 20 words (Min: 90).
2026-01-14 21:48:45,943 - INFO - [The Guardian] Early skip: URL https://www.theguardian.com/world/2026/jan/14/iran-protests-erfan-soltani-donald-trump-warning-executions-hangings already exists.
2026-01-14 21:48:46,217 - INFO - [The Guardian] Early skip: URL https://www.theguardian.com/world/2026/jan/14/western-diplomats-wary-of-predicting-end-days-for-irans-regime already exists.
2026-01-14 21:48:46,608 - INFO - [BBC] Article: https://www.bbc.com/news/videos/c2e134xz2rjo?at_medium=RSS&at_campaign=rss
2026-01-14 21:48:46,608 - INFO - [BBC] Attempt 1/1: Trying with 'requests_browser' strategy...
2026-01-14 21:48:46,676 - WARNING - [BBC] FAILED with 'requests_browser' (content was too short: 79 words).
2026-01-14 21:48:46,676 - ERROR - [BBC] All scrape strategies failed for https://www.bbc.com/news/videos/c2e134xz2rjo?at_medium=RSS&at_campaign=rss. Falling back to RSS description.
2026-01-14 21:48:46,676 - WARNING - SKIPPED (GLOBAL WORD LIMIT): Article 'Mortuary videos show how deadly Iran crackdown has become' from BBC has only 26 words (Min: 90).
2026-01-14 21:48:47,445 - INFO - [BBC] Early skip: URL https://www.bbc.com/news/videos/czx3yn0467ro?at_medium=RSS&at_campaign=rss already exists.
2026-01-14 21:48:49,211 - INFO - Selenium driver initialized successfully.
2026-01-14 21:48:49,211 - INFO - Starting scrape for The Hindu RSS feed: https://www.thehindu.com/news/national/feeder/default.rss
2026-01-14 21:48:49,212 - INFO - Selenium driver initialized successfully.
2026-01-14 21:48:49,212 - INFO - Starting scrape for Times of India RSS feed: https://timesofindia.indiatimes.com/rssfeeds/296589292.cms
2026-01-14 21:48:49,405 - INFO - Found 20 articles in Times of India RSS feed. Processing up to 30.
2026-01-14 21:48:49,406 - INFO - [Times of India] Article: https://timesofindia.indiatimes.com/world/us/told-on-good-authority-trump-says-killing-of-protesters-in-iran-is-stopping-claims-no-plans-for-executions/articleshow/126534047.cms
2026-01-14 21:48:49,406 - INFO - [Times of India] Attempt 1/1: Trying with 'selenium_browser' strategy...
2026-01-14 21:48:49,407 - INFO - Found 100 articles in The Hindu RSS feed. Processing up to 30.
2026-01-14 21:48:49,408 - INFO - [The Hindu] Early skip: URL https://www.thehindu.com/news/national/bihar/bihar-chief-secretary-makes-geo-spatial-approval-mandatory-for-dprs-of-infra-projects-above-50-crore/article70510218.ece already exists.
2026-01-14 21:48:49,591 - INFO - [The Hindu] Early skip: URL https://www.thehindu.com/news/national/kerala/talks-with-collector-fail-protest-against-toll-plaza-to-continue/article70510252.ece already exists.
2026-01-14 21:48:49,880 - INFO - [The Hindu] Early skip: URL https://www.thehindu.com/news/national/cpc-delegation-meets-left-leaders-in-delhi/article70509840.ece already exists.
2026-01-14 21:48:49,981 - INFO - [The Hindu] Early skip: URL https://www.thehindu.com/news/national/madhya-pradesh/indore-water-contamination-medical-panel-pegs-death-toll-at-15/article70509952.ece already exists.
2026-01-14 21:48:50,107 - INFO - [The Hindu] Early skip: URL https://www.thehindu.com/news/national/other-states/political-parties-make-pitch-for-2027-punjab-election-at-maghi-mela/article70510159.ece already exists.
2026-01-14 21:48:50,221 - INFO - [The Hindu] Early skip: URL https://www.thehindu.com/news/national/west-bengal/suvendu-warns-west-bengal-cm-of-legal-action-over-coal-scam-remarks/article70510679.ece already exists.
2026-01-14 21:48:50,494 - INFO - [The Hindu] Early skip: URL https://www.thehindu.com/news/national/bihar/tej-pratap-urges-younger-brother-tejashwi-yadav-to-merge-rjd-into-his-party/article70510106.ece already exists.
2026-01-14 21:48:50,599 - INFO - [The Hindu] Early skip: URL https://www.thehindu.com/news/national/kerala/save-kurinji-crusader-g-rajkumar-passes-away-at-70/article70509585.ece already exists.
2026-01-14 21:48:50,769 - INFO - [The Hindu] Early skip: URL https://www.thehindu.com/news/national/kerala/kerala-kalolsavam-2026-from-melody-to-motion-students-dazzle-on-festival-stage/article70510969.ece already exists.
2026-01-14 21:48:50,914 - INFO - [The Hindu] Early skip: URL https://www.thehindu.com/news/national/kashi-tamil-sangamam-celebrates-living-unity-of-indias-many-traditions-pm-modi/article70510329.ece already exists.
2026-01-14 21:48:51,153 - INFO - [The Hindu] Early skip: URL https://www.thehindu.com/news/national/kerala/union-minister-welcomes-insv-kaundinya-crew-at-muscat-port/article70510049.ece already exists.
2026-01-14 21:48:51,279 - INFO - [The Hindu] Early skip: URL https://www.thehindu.com/news/national/tamil-nadu/nlcil-signs-mou-with-gujarat-for-development-of-large-scale-renewable-energy-projects/article70508717.ece already exists.
2026-01-14 21:48:51,468 - INFO - [The Hindu] Early skip: URL https://www.thehindu.com/opinion/op-ed/bmc-polls-the-politics-of-fear-in-a-melting-pot/article70510255.ece already exists.
2026-01-14 21:48:51,584 - INFO - [The Hindu] Article: https://www.thehindu.com/news/national/tamil-nadu/in-northern-india-women-are-told-to-stay-in-kitchen-maran/article70509869.ece
2026-01-14 21:48:51,584 - INFO - [The Hindu] Attempt 1/1: Trying with 'selenium_browser' strategy...
2026-01-14 21:48:56,073 - INFO - [The Hindu] Page content loaded.
2026-01-14 21:48:56,153 - INFO - [The Hindu] Success with 'selenium_browser'. Found content (106 words).
2026-01-14 21:50:15,620 - INFO - Saved article: In northern India, women are told to stay in kitchen: Maran - The Hindu from The Hindu (106 words)
2026-01-14 21:50:16,349 - INFO - [The Hindu] Article: https://www.thehindu.com/news/national/tamil-nadu/cm-instructs-officials-to-expedite-projects-complete-them-by-feb/article70509154.ece
2026-01-14 21:50:16,349 - INFO - [The Hindu] Attempt 1/1: Trying with 'selenium_browser' strategy...
2026-01-14 21:50:18,761 - INFO - [The Hindu] Page content loaded.
2026-01-14 21:50:18,898 - INFO - [The Hindu] Success with 'selenium_browser'. Found content (145 words).
2026-01-14 21:50:49,507 - ERROR - [Times of India] Request failed for strategy 'selenium_browser' on URL https://timesofindia.indiatimes.com/world/us/told-on-good-authority-trump-says-killing-of-protesters-in-iran-is-stopping-claims-no-plans-for-executions/articleshow/126534047.cms: HTTPConnectionPool(host='localhost', port=46711): Read timed out. (read timeout=120)
2026-01-14 21:50:49,507 - ERROR - [Times of India] All scrape strategies failed for https://timesofindia.indiatimes.com/world/us/told-on-good-authority-trump-says-killing-of-protesters-in-iran-is-stopping-claims-no-plans-for-executions/articleshow/126534047.cms. Falling back to RSS description.
2026-01-14 21:50:49,507 - WARNING - SKIPPED (GLOBAL WORD LIMIT): Article '‘Told on good authority’: Donald Trump says killing of protesters in Iran 'stopping’; claims 'no plans for executions'' from Times of India has only 47 words (Min: 90).
2026-01-14 21:51:16,977 - INFO - Saved article: CM instructs officials to expedite projects, complete them by Feb. - The Hindu from The Hindu (145 words)
2026-01-14 21:51:16,977 - INFO - [Times of India] Article: https://timesofindia.indiatimes.com/world/us/not-blaming-anybody-renee-goods-republican-father-in-law-speaks-out-after-fatal-ice-shooting/articleshow/126533644.cms
2026-01-14 21:51:16,977 - INFO - [Times of India] Attempt 1/1: Trying with 'selenium_browser' strategy...
2026-01-14 21:51:18,434 - INFO - [The Hindu] Article: https://www.thehindu.com/news/national/tamil-nadu/t-christuraj-to-take-over-as-tasmac-md/article70509955.ece
2026-01-14 21:51:18,434 - INFO - [The Hindu] Attempt 1/1: Trying with 'selenium_browser' strategy...
2026-01-14 21:51:19,749 - INFO - [The Hindu] Page content loaded.
2026-01-14 21:51:19,871 - INFO - [The Hindu] Success with 'selenium_browser'. Found content (110 words).
2026-01-14 21:52:16,370 - INFO - Saved article: T. Christuraj to take over as Tasmac MD - The Hindu from The Hindu (110 words)
2026-01-14 21:52:17,629 - INFO - [The Hindu] Article: https://www.thehindu.com/news/national/karnataka/lokayukta-registers-case-over-large-scale-government-land-scam-in-nagamangala-taluk/article70510497.ece
2026-01-14 21:52:17,629 - INFO - [The Hindu] Attempt 1/1: Trying with 'selenium_browser' strategy...
2026-01-14 21:52:19,220 - INFO - [The Hindu] Page content loaded.
2026-01-14 21:52:19,379 - INFO - [The Hindu] Success with 'selenium_browser'. Found content (303 words).
2026-01-14 21:53:17,020 - INFO - DEDUPLICATION: Found match (Score: 0.75). Linking to Cluster ID: db21c49c-b971-4c7b-abfa-c3b2c1f045f1
2026-01-14 21:53:17,023 - INFO - Saved article: Lokayukta registers case over large-scale government land scam in Nagamangala taluk - The Hindu from The Hindu (303 words)
2026-01-14 21:53:17,056 - ERROR - [Times of India] Request failed for strategy 'selenium_browser' on URL https://timesofindia.indiatimes.com/world/us/not-blaming-anybody-renee-goods-republican-father-in-law-speaks-out-after-fatal-ice-shooting/articleshow/126533644.cms: HTTPConnectionPool(host='localhost', port=46711): Read timed out. (read timeout=120)
2026-01-14 21:53:17,056 - ERROR - [Times of India] All scrape strategies failed for https://timesofindia.indiatimes.com/world/us/not-blaming-anybody-renee-goods-republican-father-in-law-speaks-out-after-fatal-ice-shooting/articleshow/126533644.cms. Falling back to RSS description.
2026-01-14 21:53:17,056 - WARNING - SKIPPED (GLOBAL WORD LIMIT): Article ''Not blaming anybody': Renee Good's Republican father-in-law speaks out after fatal ICE shooting' from Times of India has only 58 words (Min: 90).
2026-01-14 21:53:18,182 - INFO - [The Hindu] Article: https://www.thehindu.com/news/national/andhra-pradesh/conditions-favourable-for-cessation-of-ne-monsoon-fog-to-continue-in-ap/article70510470.ece
2026-01-14 21:53:18,182 - INFO - [The Hindu] Attempt 1/1: Trying with 'selenium_browser' strategy...
2026-01-14 21:53:18,358 - INFO - [Times of India] Article: https://timesofindia.indiatimes.com/world/us/maga-fumes-at-trump-administration-for-not-including-india-in-freezing-visa-processing-for-75-countries-notice-whos-not-on-the-list/articleshow/126533934.cms
2026-01-14 21:53:18,358 - INFO - [Times of India] Attempt 1/1: Trying with 'selenium_browser' strategy...
2026-01-14 21:53:19,397 - INFO - [The Hindu] Page content loaded.
2026-01-14 21:53:19,516 - INFO - [The Hindu] Success with 'selenium_browser'. Found content (204 words).
2026-01-14 21:53:34,917 - CRITICAL - --- TIMEOUT: 2 scrape jobs did not complete in 300s. ---
2026-01-14 21:53:34,917 - ERROR - A thread has timed out and will be abandoned.
2026-01-14 21:53:34,917 - ERROR - A thread has timed out and will be abandoned.
2026-01-14 21:53:34,917 - INFO - Shutting down thread pool (wait=False)...
2026-01-14 21:53:34,917 - INFO - Scraped: 0 BBC, 0 The Guardian, 2 Timed_Out_Jobs articles. (Total saved: 0)
2026-01-14 21:53:34,917 - INFO - --- Scraping job finished ---
2026-01-14 21:53:34,917 - INFO - --- Scraper service stopped and database connection closed. ---
2026-01-14 21:53:34,918 - INFO - --- Main thread finished. Forcing process exit to kill zombie threads. ---
