2025-12-03 08:14:20,713 - INFO - Loading AI Semantic Model (all-MiniLM-L6-v2)...
2025-12-03 08:14:20,714 - INFO - Use pytorch device_name: cpu
2025-12-03 08:14:20,714 - INFO - Load pretrained SentenceTransformer: all-MiniLM-L6-v2
2025-12-03 08:14:21,449 - INFO - AI Model loaded successfully.
2025-12-03 08:14:21,449 - INFO - Initializing database connection at: news_articles.db
2025-12-03 08:14:21,453 - INFO - --- Scraper service started (CI Mode: Run Once) ---
2025-12-03 08:14:21,453 - INFO - --- Starting new scraping job (Source Parallel Mode) ---
2025-12-03 08:14:21,453 - INFO - Creating new robust session with 3 retries on 5xx/connection/read errors.
2025-12-03 08:14:21,453 - INFO - Starting scrape for BBC RSS feed. Article Concurrency: 2
2025-12-03 08:14:21,454 - INFO - Initializing headless Selenium Chrome driver...
2025-12-03 08:14:21,455 - INFO - Starting scrape for The Guardian RSS feed. Article Concurrency: 2
2025-12-03 08:14:21,457 - INFO - Initializing headless Selenium Chrome driver...
2025-12-03 08:14:21,457 - INFO - Submitted 4 source jobs. Waiting up to 300s...
2025-12-03 08:14:21,547 - INFO - [The Guardian] Found 20 items. Performing duplicate pre-check...
2025-12-03 08:14:21,548 - INFO - [The Guardian] 20 unique articles remaining. Submitting to article-level executor.
2025-12-03 08:14:21,548 - INFO - [The Guardian] Article: https://www.theguardian.com/us-news/2025/dec/02/trump-somali-immigrants-minnesota. Trying 'requests_browser'...
2025-12-03 08:14:21,550 - INFO - [The Guardian] Article: https://www.theguardian.com/world/2025/dec/01/south-africans-court-alleged-recruitment-russia-war-ukraine. Trying 'requests_browser'...
2025-12-03 08:14:21,620 - INFO - [The Guardian] Success with 'requests_browser'. (506 words).
2025-12-03 08:14:21,621 - INFO - Saved article: Five South Africans in court over alleged recruitment for Russia’s war in Ukraine | South Africa | The Guardian from The Guardian
2025-12-03 08:14:21,672 - INFO - [The Guardian] Success with 'requests_browser'. (473 words).
2025-12-03 08:14:21,673 - INFO - Saved article: Trump calls Somali immigrants ‘garbage’ as US reportedly targets Minnesota community | Trump administration | The Guardian from The Guardian
2025-12-03 08:14:21,687 - INFO - [BBC] Found 20 items. Performing duplicate pre-check...
2025-12-03 08:14:21,688 - INFO - [BBC] 20 unique articles remaining. Submitting to article-level executor.
2025-12-03 08:14:21,689 - INFO - [BBC] Article: https://www.bbc.com/news/articles/c208x9v68w3o?at_medium=RSS&at_campaign=rss. Trying 'requests_browser'...
2025-12-03 08:14:21,690 - INFO - [BBC] Article: https://www.bbc.com/news/articles/cly580gkd9ro?at_medium=RSS&at_campaign=rss. Trying 'requests_browser'...
2025-12-03 08:14:22,366 - INFO - [BBC] Success with 'requests_browser'. (714 words).
2025-12-03 08:14:22,367 - INFO - [BBC] Success with 'requests_browser'. (1534 words).
2025-12-03 08:14:22,368 - INFO - Saved article: Trump says he doesn't want Somalis in US as ICE plans operation from BBC
2025-12-03 08:14:22,369 - INFO - Saved article: Ultra-Orthodox conscription bill threatens crisis for Israel's government from BBC
2025-12-03 08:14:22,444 - INFO - [The Guardian] Article: https://www.theguardian.com/global-development/2025/dec/01/global-health-hiv-aids-funding-cuts-infections-prevention. Trying 'requests_browser'...
2025-12-03 08:14:22,500 - INFO - [The Guardian] Success with 'requests_browser'. (674 words).
2025-12-03 08:14:22,501 - INFO - Saved article: Aid cuts have shaken HIV/Aids care to its core – and will mean millions more infections ahead | Global health | The Guardian from The Guardian
2025-12-03 08:14:22,538 - INFO - [The Guardian] Article: https://www.theguardian.com/world/2025/nov/30/african-leaders-push-for-recognition-of-colonial-crimes-and-reparations. Trying 'requests_browser'...
2025-12-03 08:14:22,603 - INFO - [The Guardian] Success with 'requests_browser'. (670 words).
2025-12-03 08:14:22,605 - INFO - Saved article: African leaders push for recognition of colonial crimes and reparations | Colonialism | The Guardian from The Guardian
2025-12-03 08:14:23,245 - INFO - [BBC] Article: https://www.bbc.com/news/articles/c9895x3039ro?at_medium=RSS&at_campaign=rss. Trying 'requests_browser'...
2025-12-03 08:14:23,429 - INFO - [BBC] Success with 'requests_browser'. (943 words).
2025-12-03 08:14:23,431 - INFO - Saved article: As lead changes in knife-edge Honduran election, will Trump fail to get his way? from BBC
2025-12-03 08:14:23,486 - INFO - [The Guardian] Article: https://www.theguardian.com/world/2025/nov/28/jacob-zuma-daughter-resigns-claims-south-africans-tricked-fight-russia. Trying 'requests_browser'...
2025-12-03 08:14:23,539 - INFO - [The Guardian] Success with 'requests_browser'. (753 words).
2025-12-03 08:14:23,541 - INFO - Saved article: Jacob Zuma’s daughter resigns amid claims South Africans tricked to fight for Russia | South Africa | The Guardian from The Guardian
2025-12-03 08:14:23,634 - INFO - [BBC] Article: https://www.bbc.com/news/articles/ckglx77mplgo?at_medium=RSS&at_campaign=rss. Trying 'requests_browser'...
2025-12-03 08:14:23,692 - INFO - [BBC] Success with 'requests_browser'. (494 words).
2025-12-03 08:14:23,694 - INFO - Saved article: Hegseth says he did not see survivors before second drug boat strike from BBC
2025-12-03 08:14:23,756 - INFO - [The Guardian] Article: https://www.theguardian.com/us-news/live/2025/dec/02/donald-trump-pete-hegseth-boat-venezuela-maduro-tennessee-us-politics-live-news-updates. Trying 'requests_browser'...
2025-12-03 08:14:24,079 - INFO - [The Guardian] Success with 'requests_browser'. (4155 words).
2025-12-03 08:14:24,082 - INFO - Saved article: Pete Hegseth says he ‘didn’t stick around’ to watch second strike on alleged drug boat as Democrats slam administration over attacks – as it happened | Trump administration | The Guardian from The Guardian
2025-12-03 08:14:24,454 - INFO - [The Guardian] Article: https://www.theguardian.com/world/2025/dec/02/trump-intervention-honduras-presidential-vote-count-stalls-nasry-asfura. Trying 'requests_browser'...
2025-12-03 08:14:24,580 - INFO - [BBC] Article: https://www.bbc.com/news/articles/cy7v077dm0po?at_medium=RSS&at_campaign=rss. Trying 'requests_browser'...
2025-12-03 08:14:24,609 - INFO - [The Guardian] Success with 'requests_browser'. (945 words).
2025-12-03 08:14:24,611 - INFO - Saved article: Trump frees ex-Honduran president from prison as country awaits knife-edge election result | Honduras | The Guardian from The Guardian
2025-12-03 08:14:24,656 - INFO - [BBC] Success with 'requests_browser'. (308 words).
2025-12-03 08:14:24,658 - INFO - Saved article: MH370: Search for long-missing Malaysia Airlines fight to resume from BBC
2025-12-03 08:14:24,672 - INFO - [The Guardian] Article: https://www.theguardian.com/us-news/2025/dec/02/pete-hegseth-franklin-the-turtle. Trying 'requests_browser'...
2025-12-03 08:14:24,722 - INFO - [The Guardian] Success with 'requests_browser'. (438 words).
2025-12-03 08:14:24,724 - INFO - Saved article: Publisher condemns ‘violent’ use of Franklin the Turtle after Hegseth’s boat strike post | Pete Hegseth | The Guardian from The Guardian
2025-12-03 08:14:25,085 - INFO - [BBC] Article: https://www.bbc.com/news/articles/c7vm754r80vo?at_medium=RSS&at_campaign=rss. Trying 'requests_browser'...
2025-12-03 08:14:25,139 - INFO - [BBC] Success with 'requests_browser'. (225 words).
2025-12-03 08:14:25,141 - INFO - Saved article: New Zealand man charged with theft over claims he swallowed $19k Fabergé egg from BBC
2025-12-03 08:14:25,388 - INFO - [BBC] Article: https://www.bbc.com/news/articles/cpq47derx2vo?at_medium=RSS&at_campaign=rss. Trying 'requests_browser'...
2025-12-03 08:14:25,448 - INFO - [BBC] Success with 'requests_browser'. (991 words).
2025-12-03 08:14:25,450 - INFO - Saved article: Ukrainians in war-ravaged Donbas weigh prospects of peace deal from BBC
2025-12-03 08:14:25,735 - INFO - [The Guardian] Article: https://www.theguardian.com/us-news/2025/dec/02/monterrey-mexico-air-quality-industrial-pollution. Trying 'requests_browser'...
2025-12-03 08:14:25,818 - INFO - [The Guardian] Success with 'requests_browser'. (3688 words).
2025-12-03 08:14:25,819 - INFO - Saved article: Revealed: Mexico’s industrial boomtown is making goods for the US. Residents say they’re ‘breathing poison’ | Mexico | The Guardian from The Guardian
2025-12-03 08:14:25,850 - INFO - [The Guardian] Article: https://www.theguardian.com/world/2025/dec/02/st-lucia-election-prime-minister-philip-pierre-wins. Trying 'requests_browser'...
2025-12-03 08:14:25,899 - INFO - [The Guardian] Success with 'requests_browser'. (313 words).
2025-12-03 08:14:25,901 - INFO - Saved article: St Lucia prime minister Philip Pierre keeps majority as ruling party wins | St Lucia | The Guardian from The Guardian
2025-12-03 08:14:26,007 - INFO - [BBC] Article: https://www.bbc.com/news/articles/cp341gz24p5o?at_medium=RSS&at_campaign=rss. Trying 'requests_browser'...
2025-12-03 08:14:26,050 - INFO - [BBC] Article: https://www.bbc.com/news/articles/cp39q5n5037o?at_medium=RSS&at_campaign=rss. Trying 'requests_browser'...
2025-12-03 08:14:26,065 - INFO - [BBC] Success with 'requests_browser'. (660 words).
2025-12-03 08:14:26,067 - INFO - Saved article: YouTube says it will be less safe for kids under Australia's social media ban from BBC
2025-12-03 08:14:26,114 - INFO - [BBC] Success with 'requests_browser'. (336 words).
2025-12-03 08:14:26,115 - INFO - Saved article: Air pollution: Delhi hospitals saw 200,000 respiratory illness patients in three years from BBC
2025-12-03 08:14:26,360 - INFO - [The Guardian] Article: https://www.theguardian.com/world/2025/dec/03/search-for-malaysia-airline-flight-mh370-to-resume-over-11-years-after-plane-went-missing. Trying 'requests_browser'...
2025-12-03 08:14:26,410 - INFO - [The Guardian] Success with 'requests_browser'. (635 words).
2025-12-03 08:14:26,411 - INFO - Saved article: Search for Malaysia Airlines flight MH370 to resume more than 11 years after plane went missing | Malaysia Airlines flight MH370 | The Guardian from The Guardian
2025-12-03 08:14:26,789 - INFO - [BBC] Article: https://www.bbc.com/news/articles/cedxyvx74p4o?at_medium=RSS&at_campaign=rss. Trying 'requests_browser'...
2025-12-03 08:14:26,851 - INFO - [BBC] Success with 'requests_browser'. (768 words).
2025-12-03 08:14:26,852 - INFO - Saved article: Sanchar Saathi: India mandates state-owned cyber safety app on all smartphones from BBC
2025-12-03 08:14:26,942 - INFO - [The Guardian] Article: https://www.theguardian.com/world/2025/dec/02/uk-government-delays-china-super-embassy-january. Trying 'requests_browser'...
2025-12-03 08:14:27,005 - INFO - [The Guardian] Success with 'requests_browser'. (619 words).
2025-12-03 08:14:27,007 - INFO - Saved article: UK government delays decision on China’s super-embassy until January | China | The Guardian from The Guardian
2025-12-03 08:14:27,042 - INFO - [BBC] Article: https://www.bbc.com/news/articles/cn41jge1990o?at_medium=RSS&at_campaign=rss. Trying 'requests_browser'...
2025-12-03 08:14:27,045 - INFO - [The Guardian] Article: https://www.theguardian.com/world/2025/dec/03/uk-china-spying-case-collapse-security-committee-report. Trying 'requests_browser'...
2025-12-03 08:14:27,287 - INFO - [BBC] Success with 'requests_browser'. (595 words).
2025-12-03 08:14:27,292 - INFO - [The Guardian] Success with 'requests_browser'. (885 words).
2025-12-03 08:14:27,294 - INFO - Saved article: Pope prays at site of Beirut port blast at end of Lebanon visit from BBC
2025-12-03 08:14:27,295 - INFO - Saved article: Handling of China spying case was ‘shambolic’, security committee concludes | Espionage | The Guardian from The Guardian
2025-12-03 08:14:27,996 - INFO - [BBC] Article: https://www.bbc.com/news/articles/c0q5n3x0jn9o?at_medium=RSS&at_campaign=rss. Trying 'requests_browser'...
2025-12-03 08:14:28,047 - INFO - [BBC] Success with 'requests_browser'. (328 words).
2025-12-03 08:14:28,049 - INFO - Saved article: Thousands of rounds of German army ammunition stolen from lorry from BBC
2025-12-03 08:14:28,098 - INFO - [BBC] Article: https://www.bbc.com/news/articles/c93n4nx5yqro?at_medium=RSS&at_campaign=rss. Trying 'requests_browser'...
2025-12-03 08:14:28,163 - INFO - [BBC] Success with 'requests_browser'. (1032 words).
2025-12-03 08:14:28,165 - INFO - Saved article: Why is US President Trump threatening Venezuela's President Maduro? from BBC
2025-12-03 08:14:28,453 - INFO - [The Guardian] Article: https://www.theguardian.com/world/2025/dec/02/global-heating-and-other-human-activity-are-making-asias-floods-more-lethal. Trying 'requests_browser'...
2025-12-03 08:14:28,522 - INFO - [The Guardian] Success with 'requests_browser'. (718 words).
2025-12-03 08:14:28,523 - INFO - Saved article: Global heating and other human activity are making Asia’s floods more lethal | Extreme weather | The Guardian from The Guardian
2025-12-03 08:14:28,534 - INFO - [The Guardian] Article: https://www.theguardian.com/world/2025/dec/02/british-women-stranded-by-landslides-in-sri-lankan-mountains-running-out-of-food-and-water-daughter-says. Trying 'requests_browser'...
2025-12-03 08:14:28,587 - INFO - [The Guardian] Success with 'requests_browser'. (643 words).
2025-12-03 08:14:28,589 - INFO - Saved article: British women stranded by landslides in Sri Lankan mountains running out of food and water, daughter says | Sri Lanka | The Guardian from The Guardian
2025-12-03 08:14:29,205 - INFO - [The Guardian] Article: https://www.theguardian.com/australia-news/2025/dec/03/addiction-to-secrecy-opposition-and-crossbench-slam-labors-undemocratic-changes-to-foi-including-charging-fees. Trying 'requests_browser'...
2025-12-03 08:14:29,273 - INFO - [BBC] Article: https://www.bbc.com/news/articles/ce3wq2zznz1o?at_medium=RSS&at_campaign=rss. Trying 'requests_browser'...
2025-12-03 08:14:29,288 - INFO - [The Guardian] Success with 'requests_browser'. (531 words).
2025-12-03 08:14:29,289 - INFO - [BBC] Article: https://www.bbc.com/news/articles/ce8ng18p7v3o?at_medium=RSS&at_campaign=rss. Trying 'requests_browser'...
2025-12-03 08:14:29,291 - INFO - Saved article: ‘Addiction to secrecy’: opposition and crossbench slam Labor’s ‘undemocratic’ changes to FoI – including charging fees | Freedom of information | The Guardian from The Guardian
2025-12-03 08:14:29,390 - INFO - [BBC] Success with 'requests_browser'. (582 words).
2025-12-03 08:14:29,400 - INFO - Saved article: Hong Kong leader orders investigation into deadly fire that killed 151 from BBC
2025-12-03 08:14:29,437 - INFO - [BBC] Success with 'requests_browser'. (740 words).
2025-12-03 08:14:29,485 - INFO - Saved article: Guinea Bissau coup: Nigeria grants asylum to presidential candidate Fernando Dias from BBC
2025-12-03 08:14:29,794 - INFO - [The Guardian] Article: https://www.theguardian.com/australia-news/live/2025/dec/03/australia-news-live-bruce-lehrmann-defamation-appeal-brittany-higgins-lisa-wilkinson-network-ten-senate-estimates-social-media-ban-esafety-commissioner-albanese-sussan-ley-labor-coalition-nsw-vic-qld-ntwnfb. Trying 'requests_browser'...
2025-12-03 08:14:29,978 - INFO - [The Guardian] Success with 'requests_browser'. (3090 words).
2025-12-03 08:14:29,995 - INFO - Saved article: Gallagher says public service ‘roughly the right size’ – as it happened | Australia news | The Guardian from The Guardian
2025-12-03 08:14:30,274 - INFO - [BBC] Article: https://www.bbc.com/news/articles/c058n10727po?at_medium=RSS&at_campaign=rss. Trying 'requests_browser'...
2025-12-03 08:14:30,330 - INFO - [BBC] Success with 'requests_browser'. (610 words).
2025-12-03 08:14:30,341 - INFO - Saved article: Cyclone Ditwah: Flood catastrophe awakens volunteerism in Sri Lanka from BBC
2025-12-03 08:14:30,579 - INFO - [The Guardian] Article: https://www.theguardian.com/australia-news/2025/dec/03/australia-high-court-overturns-housing-policy-which-tripled-rent-in-some-remote-indigenous-communities. Trying 'requests_browser'...
2025-12-03 08:14:30,736 - INFO - [The Guardian] Success with 'requests_browser'. (527 words).
2025-12-03 08:14:30,807 - INFO - [The Guardian] Article: https://www.theguardian.com/australia-news/2025/dec/02/australian-children-moving-to-new-social-app-lemon8-but-owner-expected-to-restrict-users-to-over-16s. Trying 'requests_browser'...
2025-12-03 08:14:30,866 - INFO - [BBC] Article: https://www.bbc.com/news/articles/c1m8nm22785o?at_medium=RSS&at_campaign=rss. Trying 'requests_browser'...
2025-12-03 08:14:30,878 - INFO - [BBC] Article: https://www.bbc.com/news/articles/cj69588eewyo?at_medium=RSS&at_campaign=rss. Trying 'requests_browser'...
2025-12-03 08:14:30,988 - INFO - Saved article: High court overturns NT housing policy which tripled rent in some remote Indigenous communities | Indigenous Australians | The Guardian from The Guardian
2025-12-03 08:14:31,095 - INFO - [BBC] Success with 'requests_browser'. (1168 words).
2025-12-03 08:14:31,103 - INFO - [BBC] Success with 'requests_browser'. (1209 words).
2025-12-03 08:14:31,171 - INFO - [The Guardian] Success with 'requests_browser'. (951 words).
2025-12-03 08:14:31,236 - INFO - Saved article: Guinea-Bissau's military takeover: Was the coup real or a 'sham'? from BBC
2025-12-03 08:14:31,348 - INFO - Saved article: Israeli-Russian woman says Iraqi militants tortured her in captivity from BBC
2025-12-03 08:14:31,490 - INFO - Saved article: YouTube says it will comply with Australia’s under-16s social media ban, with Lemon8 to also restrict access | Social media ban | The Guardian from The Guardian
2025-12-03 08:14:31,693 - INFO - [The Guardian] Article: https://www.theguardian.com/australia-news/2025/dec/03/victoria-labor-allan-coercive-control-backflip-jess-wilson. Trying 'requests_browser'...
2025-12-03 08:14:31,783 - INFO - Selenium driver initialized successfully.
2025-12-03 08:14:31,783 - INFO - Starting scrape for The Hindu RSS feed. Article Concurrency: 2
2025-12-03 08:14:31,785 - INFO - Selenium driver initialized successfully.
2025-12-03 08:14:31,785 - INFO - Starting scrape for Times of India RSS feed. Article Concurrency: 2
2025-12-03 08:14:31,868 - INFO - [The Guardian] Success with 'requests_browser'. (530 words).
2025-12-03 08:14:31,870 - INFO - Saved article: Victorian Labor to introduce stand-alone coercive control offence in backflip to match opposition policy | Victorian politics | The Guardian from The Guardian
2025-12-03 08:14:31,977 - INFO - [Times of India] Found 20 items. Performing duplicate pre-check...
2025-12-03 08:14:31,983 - INFO - [Times of India] 20 unique articles remaining. Submitting to article-level executor.
2025-12-03 08:14:31,984 - INFO - [Times of India] Article: https://timesofindia.indiatimes.com/world/middle-east/kuwait-to-get-six-public-holidays-in-january-2026-including-new-year-and-isra-miraj/articleshow/125736457.cms. Trying 'selenium_browser'...
2025-12-03 08:14:31,985 - INFO - [Times of India] Article: https://timesofindia.indiatimes.com/world/middle-east/saudi-arabia-approves-350-billion-budget-for-2026-focused-on-vision-2030-goalssaudi-arabia-approves-350-billion-budget-for-2026-focused-on-vision-2030-goals/articleshow/125735433.cms. Trying 'selenium_browser'...
2025-12-03 08:14:31,995 - INFO - [The Hindu] Found 20 items. Performing duplicate pre-check...
2025-12-03 08:14:31,997 - INFO - [The Hindu] 20 unique articles remaining. Submitting to article-level executor.
2025-12-03 08:14:31,997 - INFO - [The Hindu] Article: https://www.thehindu.com/news/national/kerala/parasitic-plant-presumed-extinct-rediscovered-in-keralas-wayanad-district/article70352528.ece. Trying 'selenium_browser'...
2025-12-03 08:14:31,998 - INFO - [The Hindu] Article: https://www.thehindu.com/news/national/tamil-nadu/tvk-chief-vijay-slams-dmk-government-over-incomplete-stormwater-drain-work-in-chennai/article70352462.ece. Trying 'selenium_browser'...
2025-12-03 08:14:32,217 - INFO - [BBC] Article: https://www.bbc.com/news/videos/cwyvgq7224go?at_medium=RSS&at_campaign=rss. Trying 'requests_browser'...
2025-12-03 08:14:32,274 - WARNING - [BBC] FAILED with 'requests_browser' (content too short: 58 words).
2025-12-03 08:14:32,274 - ERROR - [BBC] All strategies failed. Falling back to RSS description.
2025-12-03 08:14:32,276 - INFO - Saved article: Will Australia's social media ban actually work? from BBC
2025-12-03 08:14:32,848 - INFO - [BBC] Article: https://www.bbc.com/news/articles/c9qewln7912o?at_medium=RSS&at_campaign=rss. Trying 'requests_browser'...
2025-12-03 08:14:33,163 - INFO - [BBC] Success with 'requests_browser'. (1055 words).
2025-12-03 08:14:33,166 - INFO - Saved article: What is Honduras president accused of and why has Trump pardoned him? from BBC
2025-12-03 08:14:44,031 - INFO - [The Hindu] Success with 'selenium_browser'. (161 words).
2025-12-03 08:14:44,035 - INFO - Saved article: TVK chief Vijay slams DMK government over incomplete stormwater drain work in Chennai - The Hindu from The Hindu
2025-12-03 08:14:44,362 - WARNING - Connection pool is full, discarding connection: localhost. Connection pool size: 1
2025-12-03 08:14:44,595 - INFO - [The Hindu] Success with 'selenium_browser'. (161 words).
2025-12-03 08:14:44,598 - INFO - Saved article: TVK chief Vijay slams DMK government over incomplete stormwater drain work in Chennai - The Hindu from The Hindu
2025-12-03 08:14:45,276 - INFO - [The Hindu] Article: https://www.thehindu.com/news/national/tamil-nadu/remnant-of-cyclone-ditwah-continues-to-batter-north-tamil-nadu/article70352522.ece. Trying 'selenium_browser'...
2025-12-03 08:14:45,623 - INFO - [The Hindu] Article: https://www.thehindu.com/videos/william-dalrymple-reveals-elloras-hidden-history-more-than-just-caves/article70352565.ece. Trying 'selenium_browser'...
2025-12-03 08:14:52,167 - WARNING - Connection pool is full, discarding connection: localhost. Connection pool size: 1
2025-12-03 08:14:52,265 - INFO - [The Hindu] Success with 'selenium_browser'. (179 words).
2025-12-03 08:14:52,267 - INFO - Saved article: William Dalrymple reveals Ellora’s hidden history: More than just caves - The Hindu from The Hindu
2025-12-03 08:14:52,359 - INFO - [The Hindu] Success with 'selenium_browser'. (179 words).
2025-12-03 08:14:52,360 - INFO - Saved article: William Dalrymple reveals Ellora’s hidden history: More than just caves - The Hindu from The Hindu
2025-12-03 08:14:52,921 - INFO - [The Hindu] Article: https://www.thehindu.com/news/national/kerala/youtuber-rahul-easwar-remanded-to-police-custody-amid-support-for-rape-accused-mla-rahul-mamkootathil/article70352524.ece. Trying 'selenium_browser'...
2025-12-03 08:14:53,381 - INFO - [The Hindu] Article: https://www.thehindu.com/news/national/bihar/new-bihar-government-committed-to-creation-of-1-crore-jobs-in-next-5-years-governor/article70352531.ece. Trying 'selenium_browser'...
2025-12-03 08:14:58,816 - WARNING - Connection pool is full, discarding connection: localhost. Connection pool size: 1
2025-12-03 08:14:58,947 - INFO - [The Hindu] Success with 'selenium_browser'. (332 words).
2025-12-03 08:14:58,953 - INFO - Saved article: New Bihar Government committed to creation of 1 crore jobs in next 5 years: Governor - The Hindu from The Hindu
2025-12-03 08:14:59,049 - INFO - [The Hindu] Success with 'selenium_browser'. (332 words).
2025-12-03 08:14:59,052 - INFO - Saved article: New Bihar Government committed to creation of 1 crore jobs in next 5 years: Governor - The Hindu from The Hindu
2025-12-03 08:14:59,980 - INFO - [The Hindu] Article: https://www.thehindu.com/news/international/doctor-to-be-sentenced-for-selling-matthew-perry-ketamine-before-friends-stars-overdose-death/article70352530.ece. Trying 'selenium_browser'...
2025-12-03 08:15:00,160 - INFO - [The Hindu] Article: https://www.thehindu.com/sci-tech/technology/sanchar-saathi-app-row-snooping-will-never-happen-says-scindia-in-lok-sabha/article70352450.ece. Trying 'selenium_browser'...
2025-12-03 08:15:05,284 - INFO - [The Hindu] Success with 'selenium_browser'. (222 words).
2025-12-03 08:15:05,287 - INFO - Saved article: Sanchar Saathi app row: Snooping will never happen, says Scindia in Lok Sabha - The Hindu from The Hindu
2025-12-03 08:15:05,288 - WARNING - Connection pool is full, discarding connection: localhost. Connection pool size: 1
2025-12-03 08:15:05,382 - INFO - [The Hindu] Success with 'selenium_browser'. (222 words).
2025-12-03 08:15:05,384 - INFO - Saved article: Sanchar Saathi app row: Snooping will never happen, says Scindia in Lok Sabha - The Hindu from The Hindu
2025-12-03 08:15:06,427 - INFO - [The Hindu] Article: https://www.thehindu.com/news/national/uttar-pradesh/blo-on-sir-duty-attempts-to-end-life-in-meerut-family-alleges-harassment-by-supervisor/article70352301.ece. Trying 'selenium_browser'...
2025-12-03 08:15:06,857 - INFO - [The Hindu] Article: https://www.thehindu.com/news/national/uttar-pradesh/muzaffarnagar-police-remove-over-55-loudspeakers-from-mosques-in-drive-against-noise-violations/article70352393.ece. Trying 'selenium_browser'...
2025-12-03 08:15:07,881 - INFO - [The Hindu] Success with 'selenium_browser'. (128 words).
2025-12-03 08:15:07,882 - WARNING - Connection pool is full, discarding connection: localhost. Connection pool size: 1
2025-12-03 08:15:07,886 - INFO - Saved article: Muzaffarnagar police remove over 55 loudspeakers from mosques in drive against noise violations - The Hindu from The Hindu
2025-12-03 08:15:07,963 - INFO - [The Hindu] Success with 'selenium_browser'. (128 words).
2025-12-03 08:15:07,965 - INFO - Saved article: Muzaffarnagar police remove over 55 loudspeakers from mosques in drive against noise violations - The Hindu from The Hindu
2025-12-03 08:15:08,626 - INFO - [The Hindu] Article: https://www.thehindu.com/news/national/rajya-sabha-witnesses-war-of-words-over-renaming-of-raj-bhavans-expunging-of-remarks/article70352478.ece. Trying 'selenium_browser'...
2025-12-03 08:15:08,712 - INFO - [The Hindu] Article: https://www.thehindu.com/news/national/telangana/telangana-cm-revanths-remarks-comparing-hindu-gods-with-congresss-style-of-functioning-rakes-up-controversy/article70352399.ece. Trying 'selenium_browser'...
2025-12-03 08:15:10,752 - WARNING - Connection pool is full, discarding connection: localhost. Connection pool size: 1
2025-12-03 08:15:10,783 - INFO - [The Hindu] Success with 'selenium_browser'. (365 words).
2025-12-03 08:15:10,785 - INFO - Saved article: Telangana CM Revanth’s remarks comparing Hindu Gods with Congress’s style of functioning rakes up controversy - The Hindu from The Hindu
2025-12-03 08:15:11,060 - INFO - [The Hindu] Success with 'selenium_browser'. (365 words).
2025-12-03 08:15:11,063 - INFO - Saved article: Telangana CM Revanth’s remarks comparing Hindu Gods with Congress’s style of functioning rakes up controversy - The Hindu from The Hindu
2025-12-03 08:15:11,910 - INFO - [The Hindu] Article: https://www.thehindu.com/shorts/watch-bhu-students-clash-with-security-staff-after-alleged-accident-on-campus/article70352469.ece. Trying 'selenium_browser'...
2025-12-03 08:15:12,157 - INFO - [The Hindu] Article: https://www.thehindu.com/business/spam-calls-dot-to-mandate-display-of-kyc-registered-names-on-incoming-calls/article70352353.ece. Trying 'selenium_browser'...
2025-12-03 08:15:14,389 - WARNING - Connection pool is full, discarding connection: localhost. Connection pool size: 1
2025-12-03 08:15:14,452 - INFO - [The Hindu] Success with 'selenium_browser'. (575 words).
2025-12-03 08:15:14,455 - INFO - Saved article: Spam calls: DoT to mandate display of KYC-registered names on incoming calls - The Hindu from The Hindu
2025-12-03 08:15:14,533 - INFO - [The Hindu] Success with 'selenium_browser'. (575 words).
2025-12-03 08:15:14,535 - INFO - Saved article: Spam calls: DoT to mandate display of KYC-registered names on incoming calls - The Hindu from The Hindu
2025-12-03 08:15:15,630 - INFO - [The Hindu] Article: https://www.thehindu.com/news/cities/Delhi/kiran-bedi-five-reforms-pitch-to-fight-pollution-delhi-air-india/article70352391.ece. Trying 'selenium_browser'...
2025-12-03 08:15:15,773 - INFO - [The Hindu] Article: https://www.thehindu.com/news/national/govt-in-sc-agrees-to-return-pregnant-woman-child-deported-to-bangladesh-on-humanitarian-grounds/article70352282.ece. Trying 'selenium_browser'...
2025-12-03 08:15:17,341 - WARNING - Connection pool is full, discarding connection: localhost. Connection pool size: 1
2025-12-03 08:15:17,401 - INFO - [The Hindu] Success with 'selenium_browser'. (443 words).
2025-12-03 08:15:17,411 - INFO - Saved article: After SC intervention, Centre agrees to return pregnant woman, child deported to Bangladesh - The Hindu from The Hindu
2025-12-03 08:15:17,471 - INFO - [The Hindu] Success with 'selenium_browser'. (443 words).
2025-12-03 08:15:17,476 - INFO - Saved article: After SC intervention, Centre agrees to return pregnant woman, child deported to Bangladesh - The Hindu from The Hindu
2025-12-03 08:15:18,722 - INFO - [The Hindu] Article: https://www.thehindu.com/news/national/telangana/telangana-winter-december-2025-lowest-of-10c-recorded-in-adilabad/article70352402.ece. Trying 'selenium_browser'...
2025-12-03 08:15:18,907 - INFO - [The Hindu] Article: https://www.thehindu.com/news/national/modi-trump-huglomacy-in-deep-freeze-says-congress-as-rubio-repeats-trumps-claims-of-brokering-india-pakistan-ceasefire/article70352291.ece. Trying 'selenium_browser'...
2025-12-03 08:15:20,895 - WARNING - Connection pool is full, discarding connection: localhost. Connection pool size: 1
2025-12-03 08:15:20,971 - INFO - [The Hindu] Success with 'selenium_browser'. (501 words).
2025-12-03 08:15:20,975 - INFO - Saved article: Modi-Trump ‘huglomacy’ in deep freeze, says Congress as Rubio repeats Trump’s claims of brokering India-Pakistan ceasefire - The Hindu from The Hindu
2025-12-03 08:15:21,041 - INFO - [The Hindu] Success with 'selenium_browser'. (501 words).
2025-12-03 08:15:21,042 - INFO - Saved article: Modi-Trump ‘huglomacy’ in deep freeze, says Congress as Rubio repeats Trump’s claims of brokering India-Pakistan ceasefire - The Hindu from The Hindu
2025-12-03 08:15:21,699 - INFO - [The Hindu] Article: https://www.thehindu.com/news/national/uttar-pradesh/cough-syrup-case-fourth-man-arrested-from-lucknow-for-illegal-storage-trade-of-banned-drug/article70352047.ece. Trying 'selenium_browser'...
2025-12-03 08:15:21,922 - INFO - [The Hindu] Article: https://www.thehindu.com/news/national/nagaland/cultural-performance-attract-thousands-of-tourists-at-hornbill-festival-in-nagaland/article70352270.ece. Trying 'selenium_browser'...
2025-12-03 08:15:23,094 - INFO - [The Hindu] Success with 'selenium_browser'. (616 words).
2025-12-03 08:15:23,095 - WARNING - Connection pool is full, discarding connection: localhost. Connection pool size: 1
2025-12-03 08:15:23,097 - INFO - Saved article: Cultural performance attract thousands of tourists at Hornbill Festival in Nagaland - The Hindu from The Hindu
2025-12-03 08:15:23,174 - INFO - [The Hindu] Success with 'selenium_browser'. (616 words).
2025-12-03 08:15:23,176 - INFO - Saved article: Cultural performance attract thousands of tourists at Hornbill Festival in Nagaland - The Hindu from The Hindu
2025-12-03 08:15:24,175 - INFO - [The Hindu] (Thread) Finished. Attempting to shut down its Selenium driver.
2025-12-03 08:16:32,082 - ERROR - [Times of India] Strategy 'selenium_browser' failed on https://timesofindia.indiatimes.com/world/middle-east/kuwait-to-get-six-public-holidays-in-january-2026-including-new-year-and-isra-miraj/articleshow/125736457.cms: HTTPConnectionPool(host='localhost', port=47929): Read timed out. (read timeout=120)
2025-12-03 08:16:32,087 - ERROR - [Times of India] Strategy 'selenium_browser' failed on https://timesofindia.indiatimes.com/world/middle-east/saudi-arabia-approves-350-billion-budget-for-2026-focused-on-vision-2030-goalssaudi-arabia-approves-350-billion-budget-for-2026-focused-on-vision-2030-goals/articleshow/125735433.cms: HTTPConnectionPool(host='localhost', port=47929): Read timed out. (read timeout=120)
2025-12-03 08:18:32,183 - INFO - [Times of India] Article: https://timesofindia.indiatimes.com/world/us/inhuman-agenda-sabrina-carpenter-slams-trump-admin-for-using-her-song-in-disgusting-video-white-house-responds/articleshow/125734612.cms. Trying 'selenium_browser'...
2025-12-03 08:18:32,184 - WARNING - Connection pool is full, discarding connection: localhost. Connection pool size: 1
2025-12-03 08:18:32,184 - ERROR - [Times of India] Article thread failed: HTTPConnectionPool(host='localhost', port=47929): Read timed out. (read timeout=120)
2025-12-03 08:18:32,184 - INFO - [Times of India] Article: https://timesofindia.indiatimes.com/world/us/null-and-void-trump-declares-all-biden-autopen-signed-documents-invalid-calls-them-unauthorized/articleshow/125731145.cms. Trying 'selenium_browser'...
2025-12-03 08:18:32,185 - ERROR - [Times of India] Article thread failed: HTTPConnectionPool(host='localhost', port=47929): Read timed out. (read timeout=120)
2025-12-03 08:19:21,457 - CRITICAL - --- TIMEOUT: 1 source jobs did not complete in 300s. ---
2025-12-03 08:19:21,457 - ERROR - A thread has timed out and will be abandoned.
2025-12-03 08:19:21,457 - INFO - Shutting down thread pool (wait=False)...
2025-12-03 08:19:21,457 - INFO - Scraped: 20 BBC, 20 The Guardian, 20 The Hindu, 1 Timed_Out_Jobs articles. (Total saved: 60)
2025-12-03 08:19:21,457 - INFO - --- Scraping job finished ---
2025-12-03 08:19:21,457 - INFO - Starting single-threaded final clustering process...
2025-12-03 08:19:21,458 - INFO - Clustering 60 new articles against 0 existing articles...
2025-12-03 08:19:23,401 - INFO - Clustering complete. Assigned 60 cluster IDs.
2025-12-03 08:19:23,401 - INFO - --- Scraper service stopped and database connection closed. ---
2025-12-03 08:19:23,401 - INFO - --- Main thread finished. Forcing process exit to kill zombie threads. ---
