2025-12-27 17:22:25,171 - INFO - Loading AI Semantic Model (all-MiniLM-L6-v2)...
2025-12-27 17:22:25,172 - INFO - Use pytorch device_name: cpu
2025-12-27 17:22:25,172 - INFO - Load pretrained SentenceTransformer: all-MiniLM-L6-v2
2025-12-27 17:22:25,916 - INFO - AI Model loaded successfully.
2025-12-27 17:22:25,917 - INFO - --- Scraper service started (CI Mode: Run Once) ---
2025-12-27 17:22:25,917 - INFO - --- Starting new scraping job (Parallel Mode) ---
2025-12-27 17:22:25,917 - INFO - Creating new robust session with 3 retries on 5xx/connection/read errors.
2025-12-27 17:22:25,917 - INFO - Proxy is DISABLED.
2025-12-27 17:22:25,917 - INFO - Starting scrape for BBC RSS feed: http://feeds.bbci.co.uk/news/world/rss.xml
2025-12-27 17:22:25,918 - INFO - [Times of India] (Thread) requires Selenium. Initializing driver...
2025-12-27 17:22:25,919 - INFO - Starting scrape for The Guardian RSS feed: https://www.theguardian.com/world/rss
2025-12-27 17:22:25,920 - INFO - [The Hindu] (Thread) requires Selenium. Initializing driver...
2025-12-27 17:22:25,920 - INFO - Submitted 4 jobs to thread pool. Waiting up to 300s for completion...
2025-12-27 17:22:26,086 - INFO - Found 45 articles in The Guardian RSS feed. Processing up to 30.
2025-12-27 17:22:26,086 - INFO - [The Guardian] Early skip: URL https://www.theguardian.com/world/2025/dec/27/guinea-junta-leader-mamady-doumbouya-frontrunner-president-election already exists.
2025-12-27 17:22:26,339 - INFO - Found 27 articles in BBC RSS feed. Processing up to 30.
2025-12-27 17:22:26,346 - INFO - [BBC] Early skip: URL https://www.bbc.com/news/articles/c1dzvpg1341o?at_medium=RSS&at_campaign=rss already exists.
2025-12-27 17:22:26,517 - INFO - [The Guardian] Early skip: URL https://www.theguardian.com/world/2025/dec/26/israel-first-country-to-recognise-somaliland-sovereign-state already exists.
2025-12-27 17:22:26,752 - INFO - [BBC] Early skip: URL https://www.bbc.com/news/articles/c0q5je8048xo?at_medium=RSS&at_campaign=rss already exists.
2025-12-27 17:22:26,920 - INFO - [The Guardian] Early skip: URL https://www.theguardian.com/world/2025/dec/26/british-egyptian-activist-alaa-abd-el-fattah-arrives-in-uk-after-travel-ban-lifted already exists.
2025-12-27 17:22:27,147 - INFO - [BBC] Early skip: URL https://www.bbc.com/news/articles/c0je0l55zq3o?at_medium=RSS&at_campaign=rss already exists.
2025-12-27 17:22:27,316 - INFO - [The Guardian] Early skip: URL https://www.theguardian.com/us-news/2025/dec/26/trump-supporters-nigeria-airstrikes already exists.
2025-12-27 17:22:27,493 - INFO - [BBC] Early skip: URL https://www.bbc.com/news/articles/cqxq59np394o?at_medium=RSS&at_campaign=rss already exists.
2025-12-27 17:22:27,648 - INFO - [The Guardian] Early skip: URL https://www.theguardian.com/us-news/live/2025/dec/26/us-nigeria-strikes-militants-donald-trump-zelenskyy-ukraine-epstein-us-politics-latest-news-updates already exists.
2025-12-27 17:22:27,754 - INFO - [BBC] Early skip: URL https://www.bbc.com/news/articles/cwyxller1j5o?at_medium=RSS&at_campaign=rss already exists.
2025-12-27 17:22:27,932 - INFO - [The Guardian] Early skip: URL https://www.theguardian.com/world/2025/dec/26/venezuela-political-prisoner-release already exists.
2025-12-27 17:22:28,084 - INFO - [BBC] Early skip: URL https://www.bbc.com/news/articles/cj69j8l918do?at_medium=RSS&at_campaign=rss already exists.
2025-12-27 17:22:28,255 - INFO - [The Guardian] Early skip: URL https://www.theguardian.com/world/2025/dec/26/weather-tracker-deep-freeze-canada-us-records-warmest-christmas already exists.
2025-12-27 17:22:28,385 - INFO - [BBC] Early skip: URL https://www.bbc.com/news/articles/c23ejnge95jo?at_medium=RSS&at_campaign=rss already exists.
2025-12-27 17:22:28,517 - INFO - [The Guardian] Early skip: URL https://www.theguardian.com/environment/2025/dec/25/they-are-scared-of-us-now-how-one-tropical-forest-turned-the-tide-on-loggers already exists.
2025-12-27 17:22:28,676 - INFO - [BBC] Early skip: URL https://www.bbc.com/news/articles/c157e9dddwwo?at_medium=RSS&at_campaign=rss already exists.
2025-12-27 17:22:28,931 - INFO - [The Guardian] Early skip: URL https://www.theguardian.com/world/2025/dec/25/cape-froward-new-national-park-patagonia-chile already exists.
2025-12-27 17:22:29,073 - INFO - [BBC] Early skip: URL https://www.bbc.com/news/articles/c9d9znp22pyo?at_medium=RSS&at_campaign=rss already exists.
2025-12-27 17:22:29,347 - INFO - [The Guardian] Early skip: URL https://www.theguardian.com/world/2025/dec/24/honduras-nasry-tito-asfura-declared-president-donald-trump-backed already exists.
2025-12-27 17:22:29,493 - INFO - [BBC] Early skip: URL https://www.bbc.com/news/articles/cx25387dj8no?at_medium=RSS&at_campaign=rss already exists.
2025-12-27 17:22:29,629 - INFO - [The Guardian] Early skip: URL https://www.theguardian.com/world/2025/dec/27/thailand-and-cambodia-agree-immediate-ceasefire-after-weeks-of-deadly-border-clashes already exists.
2025-12-27 17:22:29,900 - INFO - [BBC] Early skip: URL https://www.bbc.com/news/articles/c4g417md05go?at_medium=RSS&at_campaign=rss already exists.
2025-12-27 17:22:30,151 - INFO - [The Guardian] Early skip: URL https://www.theguardian.com/world/2025/dec/26/former-malaysian-pm-najib-razak-found-guilty-of-abuse-of-power-in-latest-1mdb-trial already exists.
2025-12-27 17:22:30,375 - INFO - [BBC] Early skip: URL https://www.bbc.com/news/articles/crk7y27vp1eo?at_medium=RSS&at_campaign=rss already exists.
2025-12-27 17:22:30,552 - INFO - [The Guardian] Early skip: URL https://www.theguardian.com/world/2025/dec/26/china-imposes-sanctions-on-us-defence-firms-over-taiwan-arms-deal already exists.
2025-12-27 17:22:30,755 - INFO - [BBC] Early skip: URL https://www.bbc.com/news/articles/cx276v1yvryo?at_medium=RSS&at_campaign=rss already exists.
2025-12-27 17:22:30,864 - INFO - [The Guardian] Early skip: URL https://www.theguardian.com/world/2025/dec/26/cambodia-accuses-thailand-of-launching-strikes-during-border-peace-talks already exists.
2025-12-27 17:22:31,111 - INFO - [BBC] Early skip: URL https://www.bbc.com/news/articles/cpwk9grv290o?at_medium=RSS&at_campaign=rss already exists.
2025-12-27 17:22:31,253 - INFO - [The Guardian] Early skip: URL https://www.theguardian.com/world/2025/dec/26/japan-defence-budget-china already exists.
2025-12-27 17:22:31,402 - INFO - [BBC] Early skip: URL https://www.bbc.com/news/articles/ce3wyplnev1o?at_medium=RSS&at_campaign=rss already exists.
2025-12-27 17:22:31,551 - INFO - [The Guardian] Early skip: URL https://www.theguardian.com/australia-news/2025/dec/27/wa-bushfire-downgraded-while-queensland-and-nt-brace-for-monsoonal-rain-and-flooding already exists.
2025-12-27 17:22:31,754 - INFO - [BBC] Early skip: URL https://www.bbc.com/news/articles/c623rvzjjd2o?at_medium=RSS&at_campaign=rss already exists.
2025-12-27 17:22:31,879 - INFO - Selenium driver initialized successfully.
2025-12-27 17:22:31,879 - INFO - Starting scrape for The Hindu RSS feed: https://www.thehindu.com/news/national/feeder/default.rss
2025-12-27 17:22:31,880 - INFO - Selenium driver initialized successfully.
2025-12-27 17:22:31,880 - INFO - Starting scrape for Times of India RSS feed: https://timesofindia.indiatimes.com/rssfeeds/296589292.cms
2025-12-27 17:22:32,026 - INFO - [The Guardian] Early skip: URL https://www.theguardian.com/australia-news/2025/dec/27/call-for-citizen-scientists-to-monitor-threatened-turtle-species-on-nsw-beaches already exists.
2025-12-27 17:22:32,212 - INFO - Found 20 articles in Times of India RSS feed. Processing up to 30.
2025-12-27 17:22:32,271 - INFO - Found 100 articles in The Hindu RSS feed. Processing up to 30.
2025-12-27 17:22:32,298 - INFO - [BBC] Early skip: URL https://www.bbc.com/news/articles/cd6x75x4j02o?at_medium=RSS&at_campaign=rss already exists.
2025-12-27 17:22:32,550 - INFO - [Times of India] Article: https://timesofindia.indiatimes.com/world/us-streamers/why-is-adin-ross-claiming-hasan-hasanabi-piker-killed-his-own-pet-dog-kick-streamers-livestream-allegations-go-viral/articleshow/126204602.cms
2025-12-27 17:22:32,550 - INFO - [Times of India] Attempt 1/1: Trying with 'selenium_browser' strategy...
2025-12-27 17:22:32,551 - INFO - [The Hindu] Article: https://www.thehindu.com/news/national/congress-shedding-crocodile-tears-on-rural-jobs-scheme-chouhan/article70443887.ece
2025-12-27 17:22:32,551 - INFO - [The Hindu] Attempt 1/1: Trying with 'selenium_browser' strategy...
2025-12-27 17:22:32,552 - INFO - [The Guardian] Early skip: URL https://www.theguardian.com/australia-news/2025/dec/26/paddle-boarders-rescued-port-phillip-bay-melbourne already exists.
2025-12-27 17:22:32,670 - INFO - [BBC] Early skip: URL https://www.bbc.com/news/articles/ce8nep787pyo?at_medium=RSS&at_campaign=rss already exists.
2025-12-27 17:22:32,933 - INFO - [The Guardian] Early skip: URL https://www.theguardian.com/australia-news/2025/dec/26/victoria-police-happy-chanukah-car-fire-st-kilda-melbourne-ntwnfb already exists.
2025-12-27 17:22:33,134 - INFO - [BBC] Early skip: URL https://www.bbc.com/news/articles/c5yj4yvx80do?at_medium=RSS&at_campaign=rss already exists.
2025-12-27 17:22:33,372 - INFO - [BBC] Early skip: URL https://www.bbc.com/news/articles/clyd12d38jgo?at_medium=RSS&at_campaign=rss already exists.
2025-12-27 17:22:33,551 - INFO - [The Guardian] Early skip: URL https://www.theguardian.com/australia-news/2025/dec/26/homes-threatened-as-bushfire-rages-south-east-of-perth-and-storms-hit-queensland-and-northern-territory already exists.
2025-12-27 17:22:33,792 - INFO - [BBC] Early skip: URL https://www.bbc.com/news/articles/cvg1361d32ro?at_medium=RSS&at_campaign=rss already exists.
2025-12-27 17:22:33,925 - INFO - [The Guardian] Early skip: URL https://www.theguardian.com/world/2025/dec/27/poland-anti-drone-fortifications-eastern-borders-cezary-tomczyk already exists.
2025-12-27 17:22:34,082 - INFO - [BBC] Article: https://www.bbc.com/news/videos/cn4dexwzejeo?at_medium=RSS&at_campaign=rss
2025-12-27 17:22:34,082 - INFO - [BBC] Attempt 1/1: Trying with 'requests_browser' strategy...
2025-12-27 17:22:34,083 - INFO - [The Guardian] Early skip: URL https://www.theguardian.com/world/2025/dec/27/zelenskyy-to-meet-european-leaders-and-trump-for-ukraine-peace-talks-amid-fresh-strikes-on-kyiv already exists.
2025-12-27 17:22:34,314 - INFO - [The Guardian] Early skip: URL https://www.theguardian.com/world/2025/dec/26/zelenskyy-to-meet-trump-in-coming-days-as-us-steps-up-push-for-ukraine-peace-deal already exists.
2025-12-27 17:22:34,538 - INFO - [The Guardian] Early skip: URL https://www.theguardian.com/world/2025/dec/26/russia-selling-personal-data-leaks-probiv-ukraine-spies already exists.
2025-12-27 17:22:34,582 - WARNING - [BBC] FAILED with 'requests_browser' (content was too short: 59 words).
2025-12-27 17:22:34,583 - ERROR - [BBC] All scrape strategies failed for https://www.bbc.com/news/videos/cn4dexwzejeo?at_medium=RSS&at_campaign=rss. Falling back to RSS description.
2025-12-27 17:22:34,583 - WARNING - SKIPPED (GLOBAL WORD LIMIT): Article 'Watch: Meteor lights up sky over Japan's Mount Fuji' from BBC has only 14 words (Min: 90).
2025-12-27 17:22:34,742 - INFO - [The Guardian] Early skip: URL https://www.theguardian.com/us-news/2025/dec/26/brown-shooting-suspect-gruelling-academic-climate-claudio-valente-mental-toll-ex-classmates already exists.
2025-12-27 17:22:34,918 - INFO - [The Guardian] Early skip: URL https://www.theguardian.com/world/2025/dec/26/palestinian-man-kills-two-in-northern-israel-car-ramming-and-stabbing-attack-police-say already exists.
2025-12-27 17:22:34,956 - INFO - [The Hindu] Page content loaded.
2025-12-27 17:22:35,133 - INFO - [The Guardian] Early skip: URL https://www.theguardian.com/world/2025/dec/26/southern-separatists-on-rise-in-yemen-report-saudi-airstrikes-near-positions already exists.
2025-12-27 17:22:35,288 - INFO - [The Guardian] Early skip: URL https://www.theguardian.com/world/2025/dec/24/israel-condemned-approval-19-settlements-occupied-west-bank already exists.
2025-12-27 17:22:35,330 - INFO - [The Hindu] Success with 'selenium_browser'. Found content (429 words).
2025-12-27 17:22:35,529 - INFO - [The Guardian] Early skip: URL https://www.theguardian.com/world/2025/dec/24/israel-strikes-southern-lebanon-as-deadline-to-disarm-hezbollah-nears already exists.
2025-12-27 17:22:52,574 - ERROR - [Times of India] Request failed for strategy 'selenium_browser' on URL https://timesofindia.indiatimes.com/world/us-streamers/why-is-adin-ross-claiming-hasan-hasanabi-piker-killed-his-own-pet-dog-kick-streamers-livestream-allegations-go-viral/articleshow/126204602.cms: Message: timeout: Timed out receiving message from renderer: 19.942
  (Session info: chrome=143.0.7499.109)
Stacktrace:
#0 0x55e9fb7ed61a <unknown>
#1 0x55e9fb26a20b <unknown>
#2 0x55e9fb2522aa <unknown>
#3 0x55e9fb251f8d <unknown>
#4 0x55e9fb24fe47 <unknown>
#5 0x55e9fb25075f <unknown>
#6 0x55e9fb25ef20 <unknown>
#7 0x55e9fb2785e7 <unknown>
#8 0x55e9fb27ec9b <unknown>
#9 0x55e9fb250e88 <unknown>
#10 0x55e9fb278356 <unknown>
#11 0x55e9fb307580 <unknown>
#12 0x55e9fb2ae232 <unknown>
#13 0x55e9fb2aeee1 <unknown>
#14 0x55e9fb7b63f9 <unknown>
#15 0x55e9fb7b934d <unknown>
#16 0x55e9fb79f122 <unknown>
#17 0x55e9fb7b9f2b <unknown>
#18 0x55e9fb785c30 <unknown>
#19 0x55e9fb7dad78 <unknown>
#20 0x55e9fb7daf4c <unknown>
#21 0x55e9fb7ec973 <unknown>
#22 0x7f3efca9caa4 <unknown>
#23 0x7f3efcb29c6c <unknown>

2025-12-27 17:22:52,574 - ERROR - [Times of India] All scrape strategies failed for https://timesofindia.indiatimes.com/world/us-streamers/why-is-adin-ross-claiming-hasan-hasanabi-piker-killed-his-own-pet-dog-kick-streamers-livestream-allegations-go-viral/articleshow/126204602.cms. Falling back to RSS description.
2025-12-27 17:22:52,574 - WARNING - SKIPPED (GLOBAL WORD LIMIT): Article 'Why is Adin Ross claiming Hasan “HasanAbi” Piker killed his own pet dog? Kick streamer’s livestream allegations go viral' from Times of India has only 52 words (Min: 90).
2025-12-27 17:23:34,755 - INFO - DEDUPLICATION: Found match (Score: 0.79). Linking to Cluster ID: 6564af97-04c6-4bda-8318-766e89793c12
2025-12-27 17:23:34,758 - INFO - Saved article: Congress shedding crocodile tears on rural jobs scheme: Chouhan - The Hindu from The Hindu (429 words)
2025-12-27 17:23:34,758 - INFO - [The Guardian] Early skip: URL https://www.theguardian.com/uk-news/2025/dec/22/families-of-palestine-action-hunger-strikers-seek-urgent-meeting-with-lammy already exists.
2025-12-27 17:23:34,887 - INFO - [BBC] Early skip: URL https://www.bbc.com/news/videos/clyx049x0z7o?at_medium=RSS&at_campaign=rss already exists.
2025-12-27 17:23:35,165 - INFO - [Times of India] Early skip: URL https://timesofindia.indiatimes.com/world/us-streamers/i-was-selfish-ellum-breaks-his-silence-following-captain-puffys-allegations-revealing-how-their-relationship-changed-him/articleshow/126205863.cms already exists.
2025-12-27 17:23:35,437 - INFO - [BBC] Early skip: URL https://www.bbc.com/news/videos/cqxqvd0z5gno?at_medium=RSS&at_campaign=rss already exists.
2025-12-27 17:23:35,736 - INFO - [Times of India] Early skip: URL https://timesofindia.indiatimes.com/world/us/viveks-hindu-religion-has-nothing-to-do-ramaswamys-challenger-says-indian-origin-leader-spent-his-life-creating-culture-wars/articleshow/126206364.cms already exists.
2025-12-27 17:23:36,005 - INFO - [The Hindu] Article: https://www.thehindu.com/news/national/andhra-pradesh/naidu-to-visit-ram-temple-in-ayodhya-on-december-28/article70444180.ece
2025-12-27 17:23:36,005 - INFO - [The Hindu] Attempt 1/1: Trying with 'selenium_browser' strategy...
2025-12-27 17:23:36,006 - INFO - [BBC] Article: https://www.bbc.com/news/videos/c30j52jrp84o?at_medium=RSS&at_campaign=rss
2025-12-27 17:23:36,006 - INFO - [BBC] Attempt 1/1: Trying with 'requests_browser' strategy...
2025-12-27 17:23:36,007 - INFO - [Times of India] Early skip: URL https://timesofindia.indiatimes.com/world/us/32000-jobs-offshored-influencers-claim-h-1b-visa-crackdown-backfired-jobs-went-to-india-owing-to-100000-fee/articleshow/126205982.cms already exists.
2025-12-27 17:23:36,065 - WARNING - [BBC] FAILED with 'requests_browser' (content was too short: 84 words).
2025-12-27 17:23:36,065 - ERROR - [BBC] All scrape strategies failed for https://www.bbc.com/news/videos/c30j52jrp84o?at_medium=RSS&at_campaign=rss. Falling back to RSS description.
2025-12-27 17:23:36,065 - WARNING - SKIPPED (GLOBAL WORD LIMIT): Article 'Watch: Moment robbers rip ATM from inside Texas store' from BBC has only 10 words (Min: 90).
2025-12-27 17:23:36,174 - INFO - [Times of India] Early skip: URL https://timesofindia.indiatimes.com/world/us/melodee-buzzard-murder-case-how-a-couples-photos-led-police-to-arrest-mother-in-childs-killing/articleshow/126205430.cms already exists.
2025-12-27 17:23:36,468 - INFO - [Times of India] Early skip: URL https://timesofindia.indiatimes.com/world/rest-of-world/fighting-forest-fires-with-garden-hose-canada-physician-says-duty-doctors-should-not-be-blamed-for-death-of-indian-origin-man/articleshow/126205471.cms already exists.
2025-12-27 17:23:36,737 - INFO - [Times of India] Early skip: URL https://timesofindia.indiatimes.com/world/us/after-more-than-20-years-of-failed-attempts-kash-patel-announces-shutting-down-fbis-hoover-building/articleshow/126205153.cms already exists.
2025-12-27 17:23:37,012 - INFO - [Times of India] Early skip: URL https://timesofindia.indiatimes.com/world/rest-of-world/jail-for-maybe-up-to-3-years-canadian-journalist-on-murders-of-two-indians-in-toronto-within-a-week/articleshow/126204801.cms already exists.
2025-12-27 17:23:37,168 - INFO - [Times of India] Early skip: URL https://timesofindia.indiatimes.com/business/india-business/how-indias-economy-defied-odds-in-2025-but-external-shocks-left-a-mark/articleshow/126203842.cms already exists.
2025-12-27 17:23:37,311 - INFO - [Times of India] Early skip: URL https://timesofindia.indiatimes.com/world/us-streamers/asmongold-questions-twitchs-moderation-fairness-towards-black-people-after-nina-lins-return-and-rakais-ban/articleshow/126204558.cms already exists.
2025-12-27 17:23:37,416 - INFO - [Times of India] Early skip: URL https://timesofindia.indiatimes.com/world/no-clue-h-1b-visa-holder-travels-to-india-on-november-2-visa-revoked-on-december-15/articleshow/126204421.cms already exists.
2025-12-27 17:23:37,675 - INFO - [BBC] Article: https://www.bbc.com/news/videos/c8dy3772m1lo?at_medium=RSS&at_campaign=rss
2025-12-27 17:23:37,676 - INFO - [BBC] Attempt 1/1: Trying with 'requests_browser' strategy...
2025-12-27 17:23:37,677 - INFO - [Times of India] Early skip: URL https://timesofindia.indiatimes.com/world/us/mora-namdar-religion-the-most-googled-questions-about-trumps-new-visa-czar/articleshow/126203986.cms already exists.
2025-12-27 17:23:37,770 - WARNING - [BBC] FAILED with 'requests_browser' (content was too short: 59 words).
2025-12-27 17:23:37,771 - ERROR - [BBC] All scrape strategies failed for https://www.bbc.com/news/videos/c8dy3772m1lo?at_medium=RSS&at_campaign=rss. Falling back to RSS description.
2025-12-27 17:23:37,771 - WARNING - SKIPPED (GLOBAL WORD LIMIT): Article 'Ho Ho No! Santa pulled over for speeding in Ohio  ' from BBC has only 20 words (Min: 90).
2025-12-27 17:23:37,796 - INFO - [Times of India] Early skip: URL https://timesofindia.indiatimes.com/world/middle-east/abu-dhabi-launches-hawaqm-to-monitor-indoor-air-quality-in-real-time/articleshow/126204069.cms already exists.
2025-12-27 17:23:38,057 - INFO - [Times of India] Early skip: URL https://timesofindia.indiatimes.com/world/us/winter-storm-grips-us-snow-and-ice-disrupt-holiday-travel-in-northeast-flights-canceled/articleshow/126203705.cms already exists.
2025-12-27 17:23:38,125 - INFO - [The Hindu] Page content loaded.
2025-12-27 17:23:38,160 - INFO - [Times of India] Early skip: URL https://timesofindia.indiatimes.com/science/astronomers-spot-wobbling-jets-on-rare-interstellar-comet-3i/atlas/articleshow/126202904.cms already exists.
2025-12-27 17:23:38,262 - INFO - [Times of India] Early skip: URL https://timesofindia.indiatimes.com/world/middle-east/saudi-arabia-leads-gcc-in-indian-deportations-over-13000-workers-sent-home-in-2025/articleshow/126202625.cms already exists.
2025-12-27 17:23:38,279 - INFO - [The Hindu] Success with 'selenium_browser'. Found content (100 words).
2025-12-27 17:23:38,388 - INFO - [Times of India] Early skip: URL https://timesofindia.indiatimes.com/world/middle-east/bahrain-declares-public-holiday-on-1-january-for-new-year-2026/articleshow/126201988.cms already exists.
2025-12-27 17:23:38,680 - INFO - [Times of India] Early skip: URL https://timesofindia.indiatimes.com/world/china/longest-in-world-china-unveils-22km-expressway-tunnel-in-xinjiang-watch-video/articleshow/126202407.cms already exists.
2025-12-27 17:24:30,508 - INFO - Saved article: Naidu to visit Ram temple in Ayodhya on December 28 - The Hindu from The Hindu (100 words)
2025-12-27 17:24:30,508 - INFO - [Times of India] Early skip: URL https://timesofindia.indiatimes.com/world/europe/explosions-rock-kyiv-ukraine-issues-nationwide-air-alert-attack-day-before-trump-zelenskyy-meet/articleshow/126198471.cms already exists.
2025-12-27 17:24:30,699 - INFO - [BBC] Article: https://www.bbc.com/news/videos/clydk6vd4rzo?at_medium=RSS&at_campaign=rss
2025-12-27 17:24:30,699 - INFO - [BBC] Attempt 1/1: Trying with 'requests_browser' strategy...
2025-12-27 17:24:30,700 - INFO - [Times of India] Early skip: URL https://timesofindia.indiatimes.com/world/rest-of-world/japan-factory-attack-15-injured-in-stabbing-chemical-assault-ex-employee-arrested/articleshow/126199061.cms already exists.
2025-12-27 17:24:30,748 - WARNING - [BBC] FAILED with 'requests_browser' (content was too short: 73 words).
2025-12-27 17:24:30,748 - ERROR - [BBC] All scrape strategies failed for https://www.bbc.com/news/videos/clydk6vd4rzo?at_medium=RSS&at_campaign=rss. Falling back to RSS description.
2025-12-27 17:24:30,748 - WARNING - SKIPPED (GLOBAL WORD LIMIT): Article 'Watch: Huge fireball as tanker explodes on Italian motorway' from BBC has only 21 words (Min: 90).
2025-12-27 17:24:30,826 - INFO - [Times of India] (Thread) Finished. Attempting to shut down its Selenium driver.
2025-12-27 17:24:31,040 - INFO - [Times of India] (Thread) driver.quit() successful.
2025-12-27 17:24:31,673 - INFO - [The Hindu] Article: https://www.thehindu.com/news/national/karnataka/three-day-event-to-promote-rationalism/article70444193.ece
2025-12-27 17:24:31,673 - INFO - [The Hindu] Attempt 1/1: Trying with 'selenium_browser' strategy...
2025-12-27 17:24:36,117 - INFO - [The Hindu] Page content loaded.
2025-12-27 17:24:36,281 - INFO - [The Hindu] Success with 'selenium_browser'. Found content (97 words).
2025-12-27 17:25:27,825 - INFO - Saved article: Three-day event to promote rationalism - The Hindu from The Hindu (97 words)
2025-12-27 17:25:28,462 - INFO - [The Hindu] Article: https://www.thehindu.com/news/national/karnataka/the-hindu-impact-minister-seeks-report-on-wildlife-first-objections-to-kiocl-forest-clearance-plea/article70444234.ece
2025-12-27 17:25:28,462 - INFO - [The Hindu] Attempt 1/1: Trying with 'selenium_browser' strategy...
2025-12-27 17:25:29,252 - INFO - [The Hindu] Page content loaded.
2025-12-27 17:25:29,320 - INFO - [The Hindu] Success with 'selenium_browser'. Found content (257 words).
2025-12-27 17:26:14,825 - INFO - Saved article: The Hindu Impact: Minister seeks report on Wildlife First objections to KIOCL forest clearance plea - The Hindu from The Hindu (257 words)
2025-12-27 17:26:15,851 - INFO - [The Hindu] Article: https://www.thehindu.com/news/national/kerala/binoy-kurien-is-kannur-district-panchayat-president/article70444219.ece
2025-12-27 17:26:15,851 - INFO - [The Hindu] Attempt 1/1: Trying with 'selenium_browser' strategy...
2025-12-27 17:26:35,869 - ERROR - [The Hindu] Request failed for strategy 'selenium_browser' on URL https://www.thehindu.com/news/national/kerala/binoy-kurien-is-kannur-district-panchayat-president/article70444219.ece: Message: timeout: Timed out receiving message from renderer: 19.552
  (Session info: chrome=143.0.7499.109)
Stacktrace:
#0 0x55f6a5ca061a <unknown>
#1 0x55f6a571d20b <unknown>
#2 0x55f6a57052aa <unknown>
#3 0x55f6a5704f8d <unknown>
#4 0x55f6a5702e47 <unknown>
#5 0x55f6a570375f <unknown>
#6 0x55f6a5711f20 <unknown>
#7 0x55f6a572b5e7 <unknown>
#8 0x55f6a5731c9b <unknown>
#9 0x55f6a5703e88 <unknown>
#10 0x55f6a572b356 <unknown>
#11 0x55f6a57ba580 <unknown>
#12 0x55f6a5761232 <unknown>
#13 0x55f6a5761ee1 <unknown>
#14 0x55f6a5c693f9 <unknown>
#15 0x55f6a5c6c34d <unknown>
#16 0x55f6a5c52122 <unknown>
#17 0x55f6a5c6cf2b <unknown>
#18 0x55f6a5c38c30 <unknown>
#19 0x55f6a5c8dd78 <unknown>
#20 0x55f6a5c8df4c <unknown>
#21 0x55f6a5c9f973 <unknown>
#22 0x7f863fe9caa4 <unknown>
#23 0x7f863ff29c6c <unknown>

2025-12-27 17:26:35,869 - ERROR - [The Hindu] All scrape strategies failed for https://www.thehindu.com/news/national/kerala/binoy-kurien-is-kannur-district-panchayat-president/article70444219.ece. Falling back to RSS description.
2025-12-27 17:26:35,869 - WARNING - SKIPPED (GLOBAL WORD LIMIT): Article 'Binoy Kurien is Kannur district panchayat president' from The Hindu has only 3 words (Min: 90).
2025-12-27 17:26:36,676 - INFO - [The Hindu] Early skip: URL https://www.thehindu.com/news/national/telangana/property-recovery-rate-up-by-24-in-karimnagar-in-2025/article70444195.ece already exists.
2025-12-27 17:26:36,846 - INFO - [The Hindu] Early skip: URL https://www.thehindu.com/news/national/karnataka/kachegudayeshwantpur-vande-bharat-to-stop-at-hindupur/article70443608.ece already exists.
2025-12-27 17:26:36,960 - INFO - [The Hindu] Early skip: URL https://www.thehindu.com/news/national/kerala/sir-govt-to-open-help-desks-for-voters/article70444078.ece already exists.
2025-12-27 17:26:37,215 - INFO - [The Hindu] Article: https://www.thehindu.com/opinion/cartoon/looking-back-2025-the-hindus-most-viewed-cartoons/article70439523.ece
2025-12-27 17:26:37,215 - INFO - [The Hindu] Attempt 1/1: Trying with 'selenium_browser' strategy...
2025-12-27 17:26:37,885 - INFO - [The Hindu] Page content loaded.
2025-12-27 17:26:38,005 - INFO - [The Hindu] Success with 'selenium_browser'. Found content (569 words).
2025-12-27 17:27:24,335 - INFO - Saved article: Looking back 2025: The Hindu’s most viewed cartoons - The Hindu from The Hindu (569 words)
2025-12-27 17:27:25,797 - INFO - [The Hindu] Article: https://www.thehindu.com/news/national/jammu-and-kashmir/harassment-of-kashmiris-in-other-states-is-matter-of-national-security-sajad-lone/article70443694.ece
2025-12-27 17:27:25,798 - INFO - [The Hindu] Attempt 1/1: Trying with 'selenium_browser' strategy...
2025-12-27 17:27:25,920 - CRITICAL - --- TIMEOUT: 1 scrape jobs did not complete in 300s. ---
2025-12-27 17:27:25,920 - ERROR - A thread has timed out and will be abandoned.
2025-12-27 17:27:25,920 - INFO - Shutting down thread pool (wait=False)...
2025-12-27 17:27:25,920 - INFO - Scraped: 0 The Guardian, 0 BBC, 0 Times of India, 1 Timed_Out_Jobs articles. (Total saved: 0)
2025-12-27 17:27:25,921 - INFO - --- Scraping job finished ---
2025-12-27 17:27:25,921 - INFO - --- Scraper service stopped and database connection closed. ---
2025-12-27 17:27:25,921 - INFO - --- Main thread finished. Forcing process exit to kill zombie threads. ---
