2025-12-19 14:28:08,732 - INFO - Loading AI Semantic Model (all-MiniLM-L6-v2)...
2025-12-19 14:28:08,733 - INFO - Use pytorch device_name: cpu
2025-12-19 14:28:08,733 - INFO - Load pretrained SentenceTransformer: all-MiniLM-L6-v2
2025-12-19 14:28:09,966 - INFO - AI Model loaded successfully.
2025-12-19 14:28:09,967 - INFO - --- Scraper service started (CI Mode: Run Once) ---
2025-12-19 14:28:09,967 - INFO - --- Starting new scraping job (Parallel Mode) ---
2025-12-19 14:28:09,967 - INFO - Creating new robust session with 3 retries on 5xx/connection/read errors.
2025-12-19 14:28:09,967 - INFO - Proxy is DISABLED.
2025-12-19 14:28:09,967 - INFO - Starting scrape for BBC RSS feed: http://feeds.bbci.co.uk/news/world/rss.xml
2025-12-19 14:28:09,968 - INFO - [Times of India] (Thread) requires Selenium. Initializing driver...
2025-12-19 14:28:09,969 - INFO - Starting scrape for The Guardian RSS feed: https://www.theguardian.com/world/rss
2025-12-19 14:28:09,970 - INFO - [The Hindu] (Thread) requires Selenium. Initializing driver...
2025-12-19 14:28:09,970 - INFO - Submitted 4 jobs to thread pool. Waiting up to 300s for completion...
2025-12-19 14:28:10,218 - INFO - Found 45 articles in The Guardian RSS feed. Processing up to 30.
2025-12-19 14:28:10,218 - INFO - [The Guardian] Early skip: URL https://www.theguardian.com/global-development/2025/dec/19/colombian-mercenaries-sudan-rsf-us-sanctions-recruited-uk-registered-firms-investigation already exists.
2025-12-19 14:28:10,434 - INFO - [The Guardian] Early skip: URL https://www.theguardian.com/global-development/2025/dec/18/morocco-genz212-protests-police-mass-arrests-beatings-detentions-rights already exists.
2025-12-19 14:28:10,466 - INFO - Found 28 articles in BBC RSS feed. Processing up to 30.
2025-12-19 14:28:10,549 - INFO - [BBC] Early skip: URL https://www.bbc.com/news/articles/c3e025vyppeo?at_medium=RSS&at_campaign=rss already exists.
2025-12-19 14:28:10,728 - INFO - [The Guardian] Early skip: URL https://www.theguardian.com/world/2025/dec/16/five-key-moments-in-the-assault-on-the-rights-of-women-and-girls-in-2025 already exists.
2025-12-19 14:28:10,925 - INFO - [BBC] Early skip: URL https://www.bbc.com/news/articles/c4gp4ze002mo?at_medium=RSS&at_campaign=rss already exists.
2025-12-19 14:28:11,101 - INFO - [The Guardian] Early skip: URL https://www.theguardian.com/world/2025/dec/16/south-africa-russia-men-tricked-fighting-ukraine already exists.
2025-12-19 14:28:11,267 - INFO - [BBC] Early skip: URL https://www.bbc.com/news/articles/cn09p4kjj4wo?at_medium=RSS&at_campaign=rss already exists.
2025-12-19 14:28:11,460 - INFO - [The Guardian] Early skip: URL https://www.theguardian.com/world/2025/dec/16/libya-national-museum-reopens already exists.
2025-12-19 14:28:11,761 - INFO - [BBC] Early skip: URL https://www.bbc.com/news/articles/c2462r82864o?at_medium=RSS&at_campaign=rss already exists.
2025-12-19 14:28:11,865 - INFO - [The Guardian] Early skip: URL https://www.theguardian.com/world/2025/dec/19/i-cant-think-of-a-place-more-pristine-133000-hectares-of-chilean-patagonia-preserved-after-local-fundraising already exists.
2025-12-19 14:28:12,115 - INFO - [BBC] Early skip: URL https://www.bbc.com/news/articles/cgexp1q8wn1o?at_medium=RSS&at_campaign=rss already exists.
2025-12-19 14:28:12,333 - INFO - [The Guardian] Early skip: URL https://www.theguardian.com/world/2025/dec/18/brazilian-congress-passes-bill-cut-jair-bolsonaro-prison-term already exists.
2025-12-19 14:28:12,596 - INFO - [BBC] Article: https://www.bbc.com/news/articles/ckgdpz0gp3jo?at_medium=RSS&at_campaign=rss
2025-12-19 14:28:12,596 - INFO - [BBC] Attempt 1/1: Trying with 'requests_browser' strategy...
2025-12-19 14:28:12,597 - INFO - [The Guardian] Early skip: URL https://www.theguardian.com/world/2025/dec/18/canada-immigration-population-analysis already exists.
2025-12-19 14:28:12,849 - INFO - [The Guardian] Early skip: URL https://www.theguardian.com/us-news/2025/dec/17/military-strike-pacific-hegseth already exists.
2025-12-19 14:28:12,959 - INFO - [BBC] Success with 'requests_browser'. Found content (595 words).
2025-12-19 14:28:15,824 - INFO - Selenium driver initialized successfully.
2025-12-19 14:28:15,824 - INFO - Selenium driver initialized successfully.
2025-12-19 14:28:15,824 - INFO - Starting scrape for The Hindu RSS feed: https://www.thehindu.com/news/national/feeder/default.rss
2025-12-19 14:28:15,825 - INFO - Starting scrape for Times of India RSS feed: https://timesofindia.indiatimes.com/rssfeeds/296589292.cms
2025-12-19 14:28:16,041 - INFO - Found 100 articles in The Hindu RSS feed. Processing up to 30.
2025-12-19 14:28:16,113 - INFO - Found 20 articles in Times of India RSS feed. Processing up to 30.
2025-12-19 14:28:57,482 - INFO - Saved article: UN-backed experts say Gaza food supplies improving but 100,000 still in 'catastrophic conditions' from BBC (595 words)
2025-12-19 14:28:57,482 - INFO - [The Guardian] Early skip: URL https://www.theguardian.com/world/2025/dec/17/canada-population-drop-international-students already exists.
2025-12-19 14:28:57,695 - INFO - [The Hindu] Article: https://www.thehindu.com/news/cities/Hyderabad/drone-aerial-activity-ban-imposed-in-parts-of-cyberabad-during-vice-presidents-visit/article70415670.ece
2025-12-19 14:28:57,695 - INFO - [The Hindu] Attempt 1/1: Trying with 'selenium_browser' strategy...
2025-12-19 14:28:57,696 - INFO - [Times of India] Article: https://timesofindia.indiatimes.com/world/rest-of-world/taiwan-eight-injured-in-smoke-grenade-knife-attacks-at-taipei-metro-stations-three-suffer-cardiac-arrest/articleshow/126078672.cms
2025-12-19 14:28:57,696 - INFO - [Times of India] Attempt 1/1: Trying with 'selenium_browser' strategy...
2025-12-19 14:28:57,696 - INFO - [The Guardian] Early skip: URL https://www.theguardian.com/technology/2025/dec/19/uk-foreign-office-victim-cyber-attack-october- already exists.
2025-12-19 14:28:57,814 - INFO - [The Guardian] Early skip: URL https://www.theguardian.com/technology/2025/dec/18/tiktok-signs-deal-us-entity-sale already exists.
2025-12-19 14:28:58,041 - INFO - [The Guardian] Early skip: URL https://www.theguardian.com/world/2025/dec/19/south-korean-president-urges-public-health-cover-hair-loss already exists.
2025-12-19 14:28:58,222 - INFO - [The Guardian] Early skip: URL https://www.theguardian.com/world/2025/dec/18/us-announces-more-than-10bn-of-arms-sales-to-taiwan already exists.
2025-12-19 14:28:58,341 - INFO - [The Guardian] Early skip: URL https://www.theguardian.com/environment/2025/dec/18/smart-bins-measuring-food-waste-south-korea already exists.
2025-12-19 14:28:58,620 - INFO - [The Guardian] Article: https://www.theguardian.com/australia-news/2025/dec/20/some-will-take-their-own-lives-puberty-blocker-bans-in-queensland-and-nz-risk-extreme-harm-to-trans-youth-uk-expert-warns
2025-12-19 14:28:58,620 - INFO - [The Guardian] Attempt 1/1: Trying with 'requests_browser' strategy...
2025-12-19 14:28:58,738 - INFO - [BBC] Early skip: URL https://www.bbc.com/news/articles/c741r9ve3z7o?at_medium=RSS&at_campaign=rss already exists.
2025-12-19 14:28:58,835 - INFO - [The Guardian] Success with 'requests_browser'. Found content (1431 words).
2025-12-19 14:29:04,107 - INFO - [The Hindu] Page content loaded.
2025-12-19 14:29:04,606 - INFO - [The Hindu] Success with 'selenium_browser'. Found content (106 words).
2025-12-19 14:29:17,767 - ERROR - [Times of India] Request failed for strategy 'selenium_browser' on URL https://timesofindia.indiatimes.com/world/rest-of-world/taiwan-eight-injured-in-smoke-grenade-knife-attacks-at-taipei-metro-stations-three-suffer-cardiac-arrest/articleshow/126078672.cms: Message: timeout: Timed out receiving message from renderer: 19.712
  (Session info: chrome=143.0.7499.109)
Stacktrace:
#0 0x55da7846a61a <unknown>
#1 0x55da77ee720b <unknown>
#2 0x55da77ecf2aa <unknown>
#3 0x55da77ecef8d <unknown>
#4 0x55da77ecce47 <unknown>
#5 0x55da77ecd75f <unknown>
#6 0x55da77edbf20 <unknown>
#7 0x55da77ef55e7 <unknown>
#8 0x55da77efbc9b <unknown>
#9 0x55da77ecde88 <unknown>
#10 0x55da77ef5356 <unknown>
#11 0x55da77f84580 <unknown>
#12 0x55da77f2b232 <unknown>
#13 0x55da77f2bee1 <unknown>
#14 0x55da784333f9 <unknown>
#15 0x55da7843634d <unknown>
#16 0x55da7841c122 <unknown>
#17 0x55da78436f2b <unknown>
#18 0x55da78402c30 <unknown>
#19 0x55da78457d78 <unknown>
#20 0x55da78457f4c <unknown>
#21 0x55da78469973 <unknown>
#22 0x7fba17c9caa4 <unknown>
#23 0x7fba17d29c6c <unknown>

2025-12-19 14:29:17,768 - ERROR - [Times of India] All scrape strategies failed for https://timesofindia.indiatimes.com/world/rest-of-world/taiwan-eight-injured-in-smoke-grenade-knife-attacks-at-taipei-metro-stations-three-suffer-cardiac-arrest/articleshow/126078672.cms. Falling back to RSS description.
2025-12-19 14:29:17,768 - WARNING - SKIPPED (GLOBAL WORD LIMIT): Article 'Taiwan: Eight injured in smoke grenade, knife attacks at Taipei metro stations; three suffer cardiac arrest' from Times of India has only 48 words (Min: 90).
2025-12-19 14:29:54,106 - INFO - DEDUPLICATION: Found match (Score: 0.77). Linking to Cluster ID: ce3fd9a1-c12b-440d-8560-00ed04da1a15
2025-12-19 14:29:54,109 - INFO - Saved article: ‘Some will take their own lives’: Puberty blocker bans in Queensland and NZ risk extreme harm to trans youth, UK expert warns | Health | The Guardian from The Guardian (1431 words)
2025-12-19 14:29:54,109 - INFO - [BBC] Early skip: URL https://www.bbc.com/news/articles/cy472pygwljo?at_medium=RSS&at_campaign=rss already exists.
2025-12-19 14:30:42,198 - INFO - Saved article: Drone, aerial activity ban imposed in parts of Cyberabad during Vice President’s visit - The Hindu from The Hindu (106 words)
2025-12-19 14:30:42,199 - INFO - [Times of India] Article: https://timesofindia.indiatimes.com/world/rest-of-world/8-indian-origin-people-among-20-arrested-in-canada-as-cops-bust-huge-auto-theft-gang-306-stolen-cars-recovered/articleshow/126078860.cms
2025-12-19 14:30:42,199 - INFO - [Times of India] Attempt 1/1: Trying with 'selenium_browser' strategy...
2025-12-19 14:30:42,199 - INFO - [BBC] Early skip: URL https://www.bbc.com/news/articles/cj69px875ewo?at_medium=RSS&at_campaign=rss already exists.
2025-12-19 14:30:42,368 - INFO - [The Guardian] Article: https://www.theguardian.com/australia-news/2025/dec/20/victoria-police-welfare-policy-detainees-tired-fair-trial
2025-12-19 14:30:42,368 - INFO - [The Guardian] Attempt 1/1: Trying with 'requests_browser' strategy...
2025-12-19 14:30:42,370 - INFO - [BBC] Early skip: URL https://www.bbc.com/news/articles/c4g94ywgxd6o?at_medium=RSS&at_campaign=rss already exists.
2025-12-19 14:30:42,543 - INFO - [The Guardian] Success with 'requests_browser'. Found content (507 words).
2025-12-19 14:30:43,353 - INFO - [Times of India] Page content loaded.
2025-12-19 14:30:43,709 - INFO - [Times of India] Success with 'selenium_browser'. Found content (308 words).
2025-12-19 14:31:34,126 - INFO - Saved article: ‘Idiotic’ and ‘cruel’ Victoria police welfare policy leaves detainees too tired for a fair trial, judge says | Australian police and policing | The Guardian from The Guardian (507 words)
2025-12-19 14:31:34,127 - INFO - [BBC] Early skip: URL https://www.bbc.com/news/articles/c8983vzg79go?at_medium=RSS&at_campaign=rss already exists.
2025-12-19 14:31:34,281 - INFO - [The Hindu] Article: https://www.thehindu.com/news/cities/Hyderabad/alert-bank-staff-cyber-crime-police-foil-digital-arrest-scam-save-retired-teacher-from-losing-18-lakh/article70416009.ece
2025-12-19 14:31:34,281 - INFO - [The Hindu] Attempt 1/1: Trying with 'selenium_browser' strategy...
2025-12-19 14:31:36,304 - INFO - [The Hindu] Page content loaded.
2025-12-19 14:31:36,699 - INFO - [The Hindu] Success with 'selenium_browser'. Found content (391 words).
2025-12-19 14:32:27,143 - INFO - Saved article: 8 Indian-origin people among 20 arrested in Canada as cops bust huge auto theft gang; 306 stolen cars recovered - The Times of India from Times of India (308 words)
2025-12-19 14:32:27,143 - INFO - [BBC] Early skip: URL https://www.bbc.com/news/articles/c93wxp2p05xo?at_medium=RSS&at_campaign=rss already exists.
2025-12-19 14:32:27,309 - INFO - [The Guardian] Early skip: URL https://www.theguardian.com/australia-news/2025/dec/19/bom-christmas-day-weather-forecast-australia-extreme-heatwave already exists.
2025-12-19 14:33:09,970 - CRITICAL - --- TIMEOUT: 4 scrape jobs did not complete in 300s. ---
2025-12-19 14:33:09,970 - ERROR - A thread has timed out and will be abandoned.
2025-12-19 14:33:09,970 - ERROR - A thread has timed out and will be abandoned.
2025-12-19 14:33:09,970 - ERROR - A thread has timed out and will be abandoned.
2025-12-19 14:33:09,971 - ERROR - A thread has timed out and will be abandoned.
2025-12-19 14:33:09,971 - INFO - Shutting down thread pool (wait=False)...
2025-12-19 14:33:09,971 - INFO - Scraped: 4 Timed_Out_Jobs articles. (Total saved: 0)
2025-12-19 14:33:09,971 - INFO - --- Scraping job finished ---
2025-12-19 14:33:09,971 - INFO - --- Scraper service stopped and database connection closed. ---
2025-12-19 14:33:09,971 - INFO - --- Main thread finished. Forcing process exit to kill zombie threads. ---
