2026-02-02 05:03:06,642 - INFO - Loading AI Semantic Model (all-MiniLM-L6-v2)...
2026-02-02 05:03:06,642 - INFO - Use pytorch device_name: cpu
2026-02-02 05:03:06,642 - INFO - Load pretrained SentenceTransformer: all-MiniLM-L6-v2
2026-02-02 05:03:06,738 - INFO - HTTP Request: HEAD https://huggingface.co/sentence-transformers/all-MiniLM-L6-v2/resolve/main/modules.json "HTTP/1.1 307 Temporary Redirect"
2026-02-02 05:03:06,743 - INFO - HTTP Request: HEAD https://huggingface.co/api/resolve-cache/models/sentence-transformers/all-MiniLM-L6-v2/c9745ed1d9f207416be6d2e6f8de32d1f16199bf/modules.json "HTTP/1.1 200 OK"
2026-02-02 05:03:06,775 - INFO - HTTP Request: HEAD https://huggingface.co/sentence-transformers/all-MiniLM-L6-v2/resolve/main/config_sentence_transformers.json "HTTP/1.1 307 Temporary Redirect"
2026-02-02 05:03:06,781 - INFO - HTTP Request: HEAD https://huggingface.co/api/resolve-cache/models/sentence-transformers/all-MiniLM-L6-v2/c9745ed1d9f207416be6d2e6f8de32d1f16199bf/config_sentence_transformers.json "HTTP/1.1 200 OK"
2026-02-02 05:03:06,814 - INFO - HTTP Request: HEAD https://huggingface.co/sentence-transformers/all-MiniLM-L6-v2/resolve/main/config_sentence_transformers.json "HTTP/1.1 307 Temporary Redirect"
2026-02-02 05:03:06,822 - INFO - HTTP Request: HEAD https://huggingface.co/api/resolve-cache/models/sentence-transformers/all-MiniLM-L6-v2/c9745ed1d9f207416be6d2e6f8de32d1f16199bf/config_sentence_transformers.json "HTTP/1.1 200 OK"
2026-02-02 05:03:06,858 - INFO - HTTP Request: HEAD https://huggingface.co/sentence-transformers/all-MiniLM-L6-v2/resolve/main/README.md "HTTP/1.1 307 Temporary Redirect"
2026-02-02 05:03:06,864 - INFO - HTTP Request: HEAD https://huggingface.co/api/resolve-cache/models/sentence-transformers/all-MiniLM-L6-v2/c9745ed1d9f207416be6d2e6f8de32d1f16199bf/README.md "HTTP/1.1 200 OK"
2026-02-02 05:03:06,899 - INFO - HTTP Request: HEAD https://huggingface.co/sentence-transformers/all-MiniLM-L6-v2/resolve/main/modules.json "HTTP/1.1 307 Temporary Redirect"
2026-02-02 05:03:06,904 - INFO - HTTP Request: HEAD https://huggingface.co/api/resolve-cache/models/sentence-transformers/all-MiniLM-L6-v2/c9745ed1d9f207416be6d2e6f8de32d1f16199bf/modules.json "HTTP/1.1 200 OK"
2026-02-02 05:03:06,938 - INFO - HTTP Request: HEAD https://huggingface.co/sentence-transformers/all-MiniLM-L6-v2/resolve/main/sentence_bert_config.json "HTTP/1.1 307 Temporary Redirect"
2026-02-02 05:03:06,943 - INFO - HTTP Request: HEAD https://huggingface.co/api/resolve-cache/models/sentence-transformers/all-MiniLM-L6-v2/c9745ed1d9f207416be6d2e6f8de32d1f16199bf/sentence_bert_config.json "HTTP/1.1 200 OK"
2026-02-02 05:03:06,977 - INFO - HTTP Request: HEAD https://huggingface.co/sentence-transformers/all-MiniLM-L6-v2/resolve/main/adapter_config.json "HTTP/1.1 404 Not Found"
2026-02-02 05:03:07,020 - INFO - HTTP Request: HEAD https://huggingface.co/sentence-transformers/all-MiniLM-L6-v2/resolve/main/config.json "HTTP/1.1 307 Temporary Redirect"
2026-02-02 05:03:07,026 - INFO - HTTP Request: HEAD https://huggingface.co/api/resolve-cache/models/sentence-transformers/all-MiniLM-L6-v2/c9745ed1d9f207416be6d2e6f8de32d1f16199bf/config.json "HTTP/1.1 200 OK"
2026-02-02 05:03:07,155 - WARNING - BertModel LOAD REPORT from: sentence-transformers/all-MiniLM-L6-v2
Key                     | Status     |  | 
------------------------+------------+--+-
embeddings.position_ids | UNEXPECTED |  | 

Notes:
- UNEXPECTED	:can be ignored when loading from different task/architecture; not ok if you expect identical arch.
2026-02-02 05:03:07,197 - INFO - HTTP Request: HEAD https://huggingface.co/sentence-transformers/all-MiniLM-L6-v2/resolve/main/config.json "HTTP/1.1 307 Temporary Redirect"
2026-02-02 05:03:07,203 - INFO - HTTP Request: HEAD https://huggingface.co/api/resolve-cache/models/sentence-transformers/all-MiniLM-L6-v2/c9745ed1d9f207416be6d2e6f8de32d1f16199bf/config.json "HTTP/1.1 200 OK"
2026-02-02 05:03:07,240 - INFO - HTTP Request: HEAD https://huggingface.co/sentence-transformers/all-MiniLM-L6-v2/resolve/main/tokenizer_config.json "HTTP/1.1 307 Temporary Redirect"
2026-02-02 05:03:07,245 - INFO - HTTP Request: HEAD https://huggingface.co/api/resolve-cache/models/sentence-transformers/all-MiniLM-L6-v2/c9745ed1d9f207416be6d2e6f8de32d1f16199bf/tokenizer_config.json "HTTP/1.1 200 OK"
2026-02-02 05:03:07,283 - INFO - HTTP Request: GET https://huggingface.co/api/models/sentence-transformers/all-MiniLM-L6-v2/tree/main/additional_chat_templates?recursive=false&expand=false "HTTP/1.1 404 Not Found"
2026-02-02 05:03:07,324 - INFO - HTTP Request: GET https://huggingface.co/api/models/sentence-transformers/all-MiniLM-L6-v2/tree/main?recursive=true&expand=false "HTTP/1.1 200 OK"
2026-02-02 05:03:07,406 - INFO - HTTP Request: HEAD https://huggingface.co/sentence-transformers/all-MiniLM-L6-v2/resolve/main/1_Pooling/config.json "HTTP/1.1 307 Temporary Redirect"
2026-02-02 05:03:07,411 - INFO - HTTP Request: HEAD https://huggingface.co/api/resolve-cache/models/sentence-transformers/all-MiniLM-L6-v2/c9745ed1d9f207416be6d2e6f8de32d1f16199bf/1_Pooling%2Fconfig.json "HTTP/1.1 200 OK"
2026-02-02 05:03:07,448 - INFO - HTTP Request: GET https://huggingface.co/api/models/sentence-transformers/all-MiniLM-L6-v2 "HTTP/1.1 200 OK"
2026-02-02 05:03:07,453 - INFO - AI Model loaded successfully.
2026-02-02 05:03:07,453 - INFO - --- Scraper service started (CI Mode: Run Once) ---
2026-02-02 05:03:07,453 - INFO - --- Starting new scraping job (Parallel Mode) ---
2026-02-02 05:03:07,453 - INFO - Creating new robust session with 3 retries on 5xx/connection/read errors.
2026-02-02 05:03:07,453 - INFO - Proxy is DISABLED.
2026-02-02 05:03:07,453 - INFO - Starting scrape for BBC RSS feed: http://feeds.bbci.co.uk/news/world/rss.xml
2026-02-02 05:03:07,454 - INFO - [Times of India] (Thread) requires Selenium. Initializing driver...
2026-02-02 05:03:07,454 - INFO - Starting scrape for The Guardian RSS feed: https://www.theguardian.com/world/rss
2026-02-02 05:03:07,456 - INFO - [The Hindu] (Thread) requires Selenium. Initializing driver...
2026-02-02 05:03:07,457 - INFO - Submitted 4 jobs to thread pool. Waiting up to 300s for completion...
2026-02-02 05:03:07,557 - INFO - Found 45 articles in The Guardian RSS feed. Processing up to 30.
2026-02-02 05:03:07,558 - INFO - [The Guardian] Early skip: URL https://www.theguardian.com/world/2026/jan/30/more-than-200-killed-in-coltan-mine-collapse-in-eastern-drc-officials-say already exists.
2026-02-02 05:03:07,857 - INFO - [The Guardian] Early skip: URL https://www.theguardian.com/world/2026/jan/30/niger-airport-airbase-attack-islamic-state already exists.
2026-02-02 05:03:07,871 - INFO - Found 42 articles in BBC RSS feed. Processing up to 30.
2026-02-02 05:03:08,151 - INFO - [BBC] Early skip: URL https://www.bbc.com/news/articles/c1508llzw4qo?at_medium=RSS&at_campaign=rss already exists.
2026-02-02 05:03:08,447 - INFO - [The Guardian] Early skip: URL https://www.theguardian.com/world/2026/jan/30/south-africa-expels-israel-diplomat-insults-president already exists.
2026-02-02 05:03:08,649 - INFO - [BBC] Early skip: URL https://www.bbc.com/news/videos/cx20zqw7v9ko?at_medium=RSS&at_campaign=rss already exists.
2026-02-02 05:03:08,850 - INFO - [The Guardian] Early skip: URL https://www.theguardian.com/world/2026/jan/29/gunfire-blasts-heard-airport-niamey-niger-planes-hit-reports already exists.
2026-02-02 05:03:09,036 - INFO - [BBC] Early skip: URL https://www.bbc.com/news/articles/cj0n3j16p8lo?at_medium=RSS&at_campaign=rss already exists.
2026-02-02 05:03:09,284 - INFO - [The Guardian] Early skip: URL https://www.theguardian.com/world/2026/jan/26/hundreds-feared-dead-after-attempting-to-cross-mediterranean-amid-cyclone-harry already exists.
2026-02-02 05:03:09,446 - INFO - [BBC] Article: https://www.bbc.com/news/articles/ce8g7q4ymrvo?at_medium=RSS&at_campaign=rss
2026-02-02 05:03:09,446 - INFO - [BBC] Attempt 1/1: Trying with 'requests_browser' strategy...
2026-02-02 05:03:09,447 - INFO - [The Guardian] Early skip: URL https://www.theguardian.com/us-news/2026/feb/01/mexico-moves-to-combat-pollution-following-guardian-investigations already exists.
2026-02-02 05:03:09,603 - INFO - [The Guardian] Early skip: URL https://www.theguardian.com/world/2026/feb/01/cuba-fuel-shortage-trump-tariffs already exists.
2026-02-02 05:03:09,688 - INFO - [BBC] Success with 'requests_browser'. Found content (1160 words).
2026-02-02 05:03:21,690 - INFO - Selenium driver initialized successfully.
2026-02-02 05:03:21,690 - INFO - Starting scrape for The Hindu RSS feed: https://www.thehindu.com/news/national/feeder/default.rss
2026-02-02 05:03:21,691 - INFO - Selenium driver initialized successfully.
2026-02-02 05:03:21,691 - INFO - Starting scrape for Times of India RSS feed: https://timesofindia.indiatimes.com/rssfeeds/296589292.cms
2026-02-02 05:03:21,943 - INFO - Found 100 articles in The Hindu RSS feed. Processing up to 30.
2026-02-02 05:03:22,052 - INFO - Found 20 articles in Times of India RSS feed. Processing up to 30.
2026-02-02 05:03:48,874 - INFO - Saved article: Bad Bunny declares 'ICE out' as he wins Grammy from BBC (1160 words)
2026-02-02 05:03:48,874 - INFO - [The Guardian] Early skip: URL https://www.theguardian.com/world/2026/feb/01/costa-rica-polls-fears-authoritarian-turn-laura-fernandez already exists.
2026-02-02 05:03:49,057 - INFO - [The Hindu] Article: https://www.thehindu.com/sci-tech/technology/india-hands-apple-a-win-by-letting-foreign-firms-fund-equipment-without-tax-risk/article70581448.ece
2026-02-02 05:03:49,058 - INFO - [The Hindu] Attempt 1/1: Trying with 'selenium_browser' strategy...
2026-02-02 05:03:49,058 - INFO - [Times of India] Early skip: URL https://timesofindia.indiatimes.com/world/rest-of-world/long-lost-cave-in-new-zealand-reveals-million-year-old-wildlife-extinct-birds-and-a-kkp-ancestor/articleshow/127839328.cms already exists.
2026-02-02 05:03:49,298 - INFO - [The Guardian] Early skip: URL https://www.theguardian.com/world/2026/jan/30/mexico-sheinbaum-trump-tariffs-cuba-oil-crisis already exists.
2026-02-02 05:03:49,483 - INFO - [Times of India] Article: https://timesofindia.indiatimes.com/world/middle-east/ramadan-2026-will-the-islamic-month-of-fasting-begin-from-wednesday-february-18-or-thursday-february-19/articleshow/127851810.cms
2026-02-02 05:03:49,483 - INFO - [Times of India] Attempt 1/1: Trying with 'selenium_browser' strategy...
2026-02-02 05:03:49,484 - INFO - [BBC] Article: https://www.bbc.com/news/articles/c931vdngdd2o?at_medium=RSS&at_campaign=rss
2026-02-02 05:03:49,484 - INFO - [BBC] Attempt 1/1: Trying with 'requests_browser' strategy...
2026-02-02 05:03:49,486 - INFO - [The Guardian] Early skip: URL https://www.theguardian.com/world/2026/jan/30/court-ends-hong-kong-china-panama-canal-contracts already exists.
2026-02-02 05:03:49,534 - INFO - [BBC] Success with 'requests_browser'. Found content (974 words).
2026-02-02 05:03:54,844 - INFO - [The Hindu] Page content loaded.
2026-02-02 05:03:55,002 - INFO - [The Hindu] Success with 'selenium_browser'. Found content (515 words).
2026-02-02 05:04:06,364 - INFO - [Times of India] Page content loaded.
2026-02-02 05:04:06,618 - INFO - [Times of India] Success with 'selenium_browser'. Found content (1021 words).
2026-02-02 05:04:42,635 - INFO - Saved article: K-Pop Demon Hunters makes history as Grammys get under way from BBC (974 words)
2026-02-02 05:04:42,635 - INFO - [The Guardian] Early skip: URL https://www.theguardian.com/business/2026/feb/01/us-uk-eu-australia-critical-minerals-rare-earths-g7-minimum-price already exists.
2026-02-02 05:05:24,623 - INFO - Saved article: India hands Apple a win by letting foreign firms fund equipment without tax risk - The Hindu from The Hindu (515 words)
2026-02-02 05:06:07,686 - INFO - DEDUPLICATION: Found match (Score: 0.82). Linking to Cluster ID: 1924bf3f-25a0-4fd2-ad37-e3e916f366e2
2026-02-02 05:06:07,688 - INFO - Saved article: Ramadan 2026: Will the month of fasting begin from Wed, Feb 18 or Thurs, Feb 19? - The Times of India from Times of India (1021 words)
2026-02-02 05:06:07,689 - INFO - [The Guardian] Early skip: URL https://www.theguardian.com/world/2026/feb/01/living-hell-of-north-koreas-paradise-on-earth-scheme-back-in-spotlight-in-japan already exists.
2026-02-02 05:06:07,902 - INFO - [BBC] Article: https://www.bbc.com/news/articles/c1ev53zyww2o?at_medium=RSS&at_campaign=rss
2026-02-02 05:06:07,902 - INFO - [BBC] Attempt 1/1: Trying with 'requests_browser' strategy...
2026-02-02 05:06:07,903 - INFO - [The Hindu] Article: https://www.thehindu.com/news/national/karnataka/probe-ordered-into-molakera-explosion-by-government-of-karnataka/article70578573.ece
2026-02-02 05:06:07,903 - INFO - [The Hindu] Attempt 1/1: Trying with 'selenium_browser' strategy...
2026-02-02 05:06:07,905 - INFO - [The Guardian] Early skip: URL https://www.theguardian.com/world/2026/jan/31/starmer-hopes-his-china-trip-will-begin-the-thaw-after-recent-ice-age already exists.
2026-02-02 05:06:07,954 - INFO - [BBC] Success with 'requests_browser'. Found content (432 words).
2026-02-02 05:06:12,760 - INFO - [The Hindu] Page content loaded.
2026-02-02 05:06:12,876 - INFO - [The Hindu] Success with 'selenium_browser'. Found content (310 words).
2026-02-02 05:06:52,011 - INFO - Saved article: Kennedy Center to close for two years for renovations, Trump says from BBC (432 words)
2026-02-02 05:06:52,011 - INFO - [The Guardian] Early skip: URL https://www.theguardian.com/politics/live/2026/jan/30/donald-trump-keir-starmer-china-uk-us-trade-deals-tariffs-latest-news already exists.
2026-02-02 05:06:52,285 - INFO - [Times of India] Article: https://timesofindia.indiatimes.com/world/us/tired-broken-and-dilapidated-trump-announces-two-year-shutdown-of-kennedy-center-for-complete-rebuilding/articleshow/127850687.cms
2026-02-02 05:06:52,285 - INFO - [Times of India] Attempt 1/1: Trying with 'selenium_browser' strategy...
2026-02-02 05:06:58,885 - INFO - [Times of India] Page content loaded.
2026-02-02 05:06:59,062 - INFO - [Times of India] Success with 'selenium_browser'. Found content (605 words).
2026-02-02 05:07:36,934 - INFO - Saved article: Probe ordered into Molakera explosion by government of Karnataka - The Hindu from The Hindu (310 words)
2026-02-02 05:07:36,934 - INFO - [The Guardian] Early skip: URL https://www.theguardian.com/world/2026/jan/30/china-lifts-sanctions-british-mps-peers already exists.
2026-02-02 05:07:37,103 - INFO - [BBC] Early skip: URL https://www.bbc.com/news/articles/cdre7g2je63o?at_medium=RSS&at_campaign=rss already exists.
2026-02-02 05:08:07,457 - CRITICAL - --- TIMEOUT: 4 scrape jobs did not complete in 300s. ---
2026-02-02 05:08:07,457 - ERROR - A thread has timed out and will be abandoned.
2026-02-02 05:08:07,457 - ERROR - A thread has timed out and will be abandoned.
2026-02-02 05:08:07,458 - ERROR - A thread has timed out and will be abandoned.
2026-02-02 05:08:07,458 - ERROR - A thread has timed out and will be abandoned.
2026-02-02 05:08:07,458 - INFO - Shutting down thread pool (wait=False)...
2026-02-02 05:08:07,458 - INFO - Scraped: 4 Timed_Out_Jobs articles. (Total saved: 0)
2026-02-02 05:08:07,458 - INFO - --- Scraping job finished ---
2026-02-02 05:08:07,458 - INFO - --- Scraper service stopped and database connection closed. ---
2026-02-02 05:08:07,458 - INFO - --- Main thread finished. Forcing process exit to kill zombie threads. ---
