2026-01-26 07:34:13,240 - INFO - Loading AI Semantic Model (all-MiniLM-L6-v2)...
2026-01-26 07:34:13,241 - INFO - Use pytorch device_name: cpu
2026-01-26 07:34:13,241 - INFO - Load pretrained SentenceTransformer: all-MiniLM-L6-v2
2026-01-26 07:34:14,457 - INFO - AI Model loaded successfully.
2026-01-26 07:34:14,457 - INFO - --- Scraper service started (CI Mode: Run Once) ---
2026-01-26 07:34:14,458 - INFO - --- Starting new scraping job (Parallel Mode) ---
2026-01-26 07:34:14,458 - INFO - Creating new robust session with 3 retries on 5xx/connection/read errors.
2026-01-26 07:34:14,458 - INFO - Proxy is DISABLED.
2026-01-26 07:34:14,458 - INFO - Starting scrape for BBC RSS feed: http://feeds.bbci.co.uk/news/world/rss.xml
2026-01-26 07:34:14,459 - INFO - [Times of India] (Thread) requires Selenium. Initializing driver...
2026-01-26 07:34:14,460 - INFO - Starting scrape for The Guardian RSS feed: https://www.theguardian.com/world/rss
2026-01-26 07:34:14,461 - INFO - [The Hindu] (Thread) requires Selenium. Initializing driver...
2026-01-26 07:34:14,461 - INFO - Submitted 4 jobs to thread pool. Waiting up to 300s for completion...
2026-01-26 07:34:14,659 - INFO - Found 45 articles in The Guardian RSS feed. Processing up to 30.
2026-01-26 07:34:14,660 - INFO - [The Guardian] Early skip: URL https://www.theguardian.com/world/2026/jan/23/guinea-bissau-hepatitis-b-vaccine-study already exists.
2026-01-26 07:34:14,925 - INFO - Found 25 articles in BBC RSS feed. Processing up to 30.
2026-01-26 07:34:14,940 - INFO - [BBC] Early skip: URL https://www.bbc.com/news/articles/cr571qg4m61o?at_medium=RSS&at_campaign=rss already exists.
2026-01-26 07:34:15,171 - INFO - [The Guardian] Early skip: URL https://www.theguardian.com/global-development/2026/jan/22/actionaid-rethink-child-sponsorship-decolonise-funding already exists.
2026-01-26 07:34:15,454 - INFO - [BBC] Early skip: URL https://www.bbc.com/news/articles/cvg50vv1ezko?at_medium=RSS&at_campaign=rss already exists.
2026-01-26 07:34:15,649 - INFO - [The Guardian] Early skip: URL https://www.theguardian.com/us-news/2026/jan/20/us-diplomats-urged-to-remind-african-leaders-of-us-generosity-despite-usaid-closing already exists.
2026-01-26 07:34:15,840 - INFO - [BBC] Early skip: URL https://www.bbc.com/news/articles/c62r4g590wqo?at_medium=RSS&at_campaign=rss already exists.
2026-01-26 07:34:16,121 - INFO - [The Guardian] Early skip: URL https://www.theguardian.com/global-development/2026/jan/19/brazen-political-influence-rich-laid-bare-wealth-billionaires-inequality-poverty-instability-oxfam already exists.
2026-01-26 07:34:16,240 - INFO - [BBC] Early skip: URL https://www.bbc.com/news/articles/c1klrmz90yjo?at_medium=RSS&at_campaign=rss already exists.
2026-01-26 07:34:16,518 - INFO - [The Guardian] Early skip: URL https://www.theguardian.com/world/2026/jan/18/ugandas-president-calls-opponents-terrorists-in-victory-speech already exists.
2026-01-26 07:34:16,659 - INFO - [BBC] Early skip: URL https://www.bbc.com/news/articles/c20gg729y1yo?at_medium=RSS&at_campaign=rss already exists.
2026-01-26 07:34:16,899 - INFO - [The Guardian] Early skip: URL https://www.theguardian.com/us-news/2026/jan/24/trump-canada-tariff-threat-venezuela-oil already exists.
2026-01-26 07:34:17,051 - INFO - [BBC] Early skip: URL https://www.bbc.com/news/articles/cwy1vpqpy23o?at_medium=RSS&at_campaign=rss already exists.
2026-01-26 07:34:17,203 - INFO - [The Guardian] Early skip: URL https://www.theguardian.com/world/2026/jan/23/spanish-prosecutors-drop-julio-iglesias-complaint already exists.
2026-01-26 07:34:17,483 - INFO - [BBC] Early skip: URL https://www.bbc.com/news/articles/clymr3pz2kxo?at_medium=RSS&at_campaign=rss already exists.
2026-01-26 07:34:17,622 - INFO - [The Guardian] Early skip: URL https://www.theguardian.com/world/2026/jan/23/ryan-wedding-arrested already exists.
2026-01-26 07:34:17,916 - INFO - [BBC] Early skip: URL https://www.bbc.com/news/articles/cz6y7nxx5jvo?at_medium=RSS&at_campaign=rss already exists.
2026-01-26 07:34:18,149 - INFO - [The Guardian] Early skip: URL https://www.theguardian.com/world/2026/jan/23/venezuela-leaked-video-delcy-rodriguez-maduro already exists.
2026-01-26 07:34:18,257 - INFO - [BBC] Early skip: URL https://www.bbc.com/news/articles/cpqyxew338po?at_medium=RSS&at_campaign=rss already exists.
2026-01-26 07:34:18,544 - INFO - [The Guardian] Early skip: URL https://www.theguardian.com/us-news/2026/jan/22/trump-withdraws-invitation-canada already exists.
2026-01-26 07:34:18,714 - INFO - [BBC] Early skip: URL https://www.bbc.com/news/articles/c4nnp4d064do?at_medium=RSS&at_campaign=rss already exists.
2026-01-26 07:34:18,880 - INFO - [The Guardian] Early skip: URL https://www.theguardian.com/world/2026/jan/26/philippines-ferry-capsizes-sinks-death-toll already exists.
2026-01-26 07:34:19,021 - INFO - [BBC] Early skip: URL https://www.bbc.com/news/articles/c4gl0njzxjdo?at_medium=RSS&at_campaign=rss already exists.
2026-01-26 07:34:19,201 - INFO - [The Guardian] Early skip: URL https://www.theguardian.com/world/2026/jan/26/china-top-ranking-general-zhang-youxia-investigation already exists.
2026-01-26 07:34:19,420 - INFO - [BBC] Early skip: URL https://www.bbc.com/news/articles/cx2l6wg0p8eo?at_medium=RSS&at_campaign=rss already exists.
2026-01-26 07:34:19,597 - INFO - [The Guardian] Early skip: URL https://www.theguardian.com/news/ng-interactive/2026/jan/25/china-europe-canada-charm-offensive-trump already exists.
2026-01-26 07:34:19,872 - INFO - [BBC] Early skip: URL https://www.bbc.com/sport/cycling/articles/cgez09jl05wo?at_medium=RSS&at_campaign=rss already exists.
2026-01-26 07:34:20,051 - INFO - [The Guardian] Early skip: URL https://www.theguardian.com/world/2026/jan/24/north-korea-pentagon-to-reduce-role-deterrence already exists.
2026-01-26 07:34:20,191 - INFO - [BBC] Early skip: URL https://www.bbc.com/news/articles/c3edwx37pd9o?at_medium=RSS&at_campaign=rss already exists.
2026-01-26 07:34:20,398 - INFO - [The Guardian] Early skip: URL https://www.theguardian.com/world/2026/jan/24/new-zealand-landslide-rescue-efforts-called-off-for-at-least-six-people-buried-in-disaster already exists.
2026-01-26 07:34:20,641 - INFO - Selenium driver initialized successfully.
2026-01-26 07:34:20,641 - INFO - Starting scrape for Times of India RSS feed: https://timesofindia.indiatimes.com/rssfeeds/296589292.cms
2026-01-26 07:34:20,642 - INFO - Selenium driver initialized successfully.
2026-01-26 07:34:20,642 - INFO - Starting scrape for The Hindu RSS feed: https://www.thehindu.com/news/national/feeder/default.rss
2026-01-26 07:34:20,695 - INFO - [BBC] Early skip: URL https://www.bbc.com/news/articles/c99kkerr93ko?at_medium=RSS&at_campaign=rss already exists.
2026-01-26 07:34:20,716 - INFO - Found 20 articles in Times of India RSS feed. Processing up to 30.
2026-01-26 07:34:20,758 - INFO - Found 100 articles in The Hindu RSS feed. Processing up to 30.
2026-01-26 07:34:20,871 - INFO - [The Guardian] Early skip: URL https://www.theguardian.com/australia-news/live/2026/jan/26/australia-invasion-day-protest-victoria-bushfire-weather-heatwave-ntwnfb already exists.
2026-01-26 07:34:21,142 - INFO - [Times of India] Article: https://timesofindia.indiatimes.com/world/rest-of-world/worlds-longest-road-tunnel-takes-drivers-on-a-20-minute-journey-without-daylight-beneath-norways-mountains/articleshow/127533646.cms
2026-01-26 07:34:21,142 - INFO - [Times of India] Attempt 1/1: Trying with 'selenium_browser' strategy...
2026-01-26 07:34:21,143 - INFO - [The Hindu] Article: https://www.thehindu.com/news/national/tamil-nadu/madras-high-court-chief-justice-unfurls-tricolour/article70551985.ece
2026-01-26 07:34:21,144 - INFO - [The Hindu] Attempt 1/1: Trying with 'selenium_browser' strategy...
2026-01-26 07:34:21,144 - INFO - [BBC] Early skip: URL https://www.bbc.com/news/articles/c8d0l778dero?at_medium=RSS&at_campaign=rss already exists.
2026-01-26 07:34:21,393 - INFO - [The Guardian] Early skip: URL https://www.theguardian.com/environment/2026/jan/26/severe-heatwave-envelops-south-australia-as-victoria-braces-for-record-breaking-weather already exists.
2026-01-26 07:34:21,566 - INFO - [BBC] Early skip: URL https://www.bbc.com/news/articles/c20zjyxep99o?at_medium=RSS&at_campaign=rss already exists.
2026-01-26 07:34:21,689 - INFO - [The Guardian] Early skip: URL https://www.theguardian.com/australia-news/2026/jan/26/tasmanian-salmon-died-prematurely-2025-fish-farms already exists.
2026-01-26 07:34:21,945 - INFO - [BBC] Early skip: URL https://www.bbc.com/news/articles/c9wxx29yknpo?at_medium=RSS&at_campaign=rss already exists.
2026-01-26 07:34:22,128 - INFO - [The Guardian] Early skip: URL https://www.theguardian.com/australia-news/2026/jan/26/chris-minns-nsw-protests-crackdown-sydney-ntwnfb already exists.
2026-01-26 07:34:22,324 - INFO - [The Guardian] Early skip: URL https://www.theguardian.com/australia-news/2026/jan/25/ndis-outsourced-call-centre-pretend-government-workers already exists.
2026-01-26 07:34:22,497 - INFO - [The Guardian] Early skip: URL https://www.theguardian.com/news/audio/2026/jan/26/why-germany-is-racing-to-rebuild-its-army already exists.
2026-01-26 07:34:22,641 - INFO - [The Guardian] Early skip: URL https://www.theguardian.com/environment/2026/jan/26/uk-among-10-countries-to-build-100gw-wind-power-grid-in-north-sea already exists.
2026-01-26 07:34:22,760 - INFO - [BBC] Early skip: URL https://www.bbc.com/news/articles/c338jpk8r1vo?at_medium=RSS&at_campaign=rss already exists.
2026-01-26 07:34:23,020 - INFO - [BBC] Early skip: URL https://www.bbc.com/news/articles/c0err023g5lo?at_medium=RSS&at_campaign=rss already exists.
2026-01-26 07:34:23,205 - INFO - [BBC] Early skip: URL https://www.bbc.com/news/articles/c0keelnyrvro?at_medium=RSS&at_campaign=rss already exists.
2026-01-26 07:34:23,439 - INFO - [BBC] Early skip: URL https://www.bbc.com/news/videos/cg4e0r1el5yo?at_medium=RSS&at_campaign=rss already exists.
2026-01-26 07:34:23,695 - INFO - [The Guardian] Early skip: URL https://www.theguardian.com/world/2026/jan/24/russia-launches-deadly-strikes-on-kyiv-and-kharkiv-ahead-of-day-two-of-peace-talks already exists.
2026-01-26 07:34:23,939 - INFO - [The Guardian] Early skip: URL https://www.theguardian.com/world/2026/jan/24/a-lot-of-fear-the-families-bearing-brunt-of-swedens-immigration-crackdown already exists.
2026-01-26 07:34:24,084 - INFO - [The Guardian] Early skip: URL https://www.theguardian.com/world/live/2026/jan/24/ukraine-russia-war-us-talks-uae-europe-live-latest-news-updates already exists.
2026-01-26 07:34:24,353 - INFO - [BBC] Article: https://www.bbc.com/news/videos/cpqyxlqwqqlo?at_medium=RSS&at_campaign=rss
2026-01-26 07:34:24,353 - INFO - [BBC] Attempt 1/1: Trying with 'requests_browser' strategy...
2026-01-26 07:34:24,355 - INFO - [The Guardian] Early skip: URL https://www.theguardian.com/world/2026/jan/25/israel-launches-large-scale-operation-to-find-last-gaza-hostage already exists.
2026-01-26 07:34:24,547 - INFO - [The Guardian] Early skip: URL https://www.theguardian.com/world/2026/jan/25/iran-presidents-son-urges-authorities-to-restore-internet-after-protest-blackout already exists.
2026-01-26 07:34:24,718 - INFO - [The Guardian] Early skip: URL https://www.theguardian.com/world/2026/jan/25/iran-us-protests-crackdown already exists.
2026-01-26 07:34:24,865 - INFO - [The Guardian] Early skip: URL https://www.theguardian.com/world/2026/jan/24/syria-kurdish-military-extend-ceasefire-war already exists.
2026-01-26 07:34:24,933 - INFO - [The Hindu] Page content loaded.
2026-01-26 07:34:24,935 - WARNING - [BBC] FAILED with 'requests_browser' (content was too short: 79 words).
2026-01-26 07:34:24,935 - ERROR - [BBC] All scrape strategies failed for https://www.bbc.com/news/videos/cpqyxlqwqqlo?at_medium=RSS&at_campaign=rss. Falling back to RSS description.
2026-01-26 07:34:24,935 - WARNING - SKIPPED (GLOBAL WORD LIMIT): Article 'Winter storm grips US as millions face power outages and disruption' from BBC has only 18 words (Min: 90).
2026-01-26 07:34:25,018 - INFO - [The Guardian] Early skip: URL https://www.theguardian.com/world/2026/jan/23/trump-says-us-armada-heading-middle-east-iran-death-toll already exists.
2026-01-26 07:34:25,130 - INFO - [The Hindu] Success with 'selenium_browser'. Found content (180 words).
2026-01-26 07:34:41,208 - ERROR - [Times of India] Request failed for strategy 'selenium_browser' on URL https://timesofindia.indiatimes.com/world/rest-of-world/worlds-longest-road-tunnel-takes-drivers-on-a-20-minute-journey-without-daylight-beneath-norways-mountains/articleshow/127533646.cms: Message: timeout: Timed out receiving message from renderer: 19.944
  (Session info: chrome=144.0.7559.59)
Stacktrace:
#0 0x561c98da0afa <unknown>
#1 0x561c987ba60f <unknown>
#2 0x561c987a1d11 <unknown>
#3 0x561c987a1936 <unknown>
#4 0x561c9879f44b <unknown>
#5 0x561c9879fdcf <unknown>
#6 0x561c987af2e0 <unknown>
#7 0x561c987c92b7 <unknown>
#8 0x561c987d04bb <unknown>
#9 0x561c987a0539 <unknown>
#10 0x561c987c904c <unknown>
#11 0x561c988589a3 <unknown>
#12 0x561c98801842 <unknown>
#13 0x561c98802631 <unknown>
#14 0x561c98d66689 <unknown>
#15 0x561c98d69581 <unknown>
#16 0x561c98d52ca9 <unknown>
#17 0x561c98d6a13e <unknown>
#18 0x561c98d393a0 <unknown>
#19 0x561c98d8dfc8 <unknown>
#20 0x561c98d8e19b <unknown>
#21 0x561c98d9fe68 <unknown>
#22 0x7f58f4e9caa4 <unknown>
#23 0x7f58f4f29c6c <unknown>

2026-01-26 07:34:41,209 - ERROR - [Times of India] All scrape strategies failed for https://timesofindia.indiatimes.com/world/rest-of-world/worlds-longest-road-tunnel-takes-drivers-on-a-20-minute-journey-without-daylight-beneath-norways-mountains/articleshow/127533646.cms. Falling back to RSS description.
2026-01-26 07:34:41,209 - WARNING - SKIPPED (GLOBAL WORD LIMIT): Article 'World’s longest road tunnel takes drivers on a 20-minute journey without daylight beneath Norway’s mountains' from Times of India has only 3 words (Min: 90).
2026-01-26 07:35:21,517 - INFO - Saved article: Madras High Court Chief Justice unfurls the tricolour - The Hindu from The Hindu (180 words)
2026-01-26 07:35:21,517 - INFO - [BBC] Early skip: URL https://www.bbc.com/news/videos/c6206p2zyyqo?at_medium=RSS&at_campaign=rss already exists.
2026-01-26 07:35:21,741 - INFO - [Times of India] Article: https://timesofindia.indiatimes.com/world/middle-east/dubais-gulfood-2026-two-venues-8500-exhibitors-and-the-worlds-biggest-food-show/articleshow/127532327.cms
2026-01-26 07:35:21,742 - INFO - [Times of India] Attempt 1/1: Trying with 'selenium_browser' strategy...
2026-01-26 07:35:21,742 - INFO - [BBC] Article: https://www.bbc.com/news/videos/c20dlr9kn37o?at_medium=RSS&at_campaign=rss
2026-01-26 07:35:21,742 - INFO - [BBC] Attempt 1/1: Trying with 'requests_browser' strategy...
2026-01-26 07:35:21,807 - WARNING - [BBC] FAILED with 'requests_browser' (content was too short: 51 words).
2026-01-26 07:35:21,807 - ERROR - [BBC] All scrape strategies failed for https://www.bbc.com/news/videos/c20dlr9kn37o?at_medium=RSS&at_campaign=rss. Falling back to RSS description.
2026-01-26 07:35:21,807 - WARNING - SKIPPED (GLOBAL WORD LIMIT): Article 'Could trilateral talks yield a breakthrough in Ukraine-Russia war?' from BBC has only 21 words (Min: 90).
2026-01-26 07:35:22,400 - INFO - [The Hindu] Article: https://www.thehindu.com/news/national/maharashtra/republic-day-celebrated-at-maharashtra-lok-bhavan/article70552211.ece
2026-01-26 07:35:22,400 - INFO - [The Hindu] Attempt 1/1: Trying with 'selenium_browser' strategy...
2026-01-26 07:35:26,014 - INFO - [Times of India] Page content loaded.
2026-01-26 07:35:26,317 - INFO - [Times of India] Success with 'selenium_browser'. Found content (594 words).
2026-01-26 07:35:27,072 - INFO - [The Hindu] Page content loaded.
2026-01-26 07:35:27,586 - INFO - [The Hindu] Success with 'selenium_browser'. Found content (154 words).
2026-01-26 07:36:15,119 - INFO - Saved article: Dubai’s Gulfood 2026: Two venues, 8,500 exhibitors and the world’s biggest food show | World News - The Times of India from Times of India (594 words)
2026-01-26 07:36:59,771 - INFO - Saved article: Republic Day celebrated at Maharashtra Lok Bhavan - The Hindu from The Hindu (154 words)
2026-01-26 07:36:59,771 - INFO - [Times of India] Article: https://timesofindia.indiatimes.com/world/middle-east/qatar-labour-ministry-urges-worker-safety-amid-dusty-windy-conditions-in-doha/articleshow/127532690.cms
2026-01-26 07:36:59,771 - INFO - [Times of India] Attempt 1/1: Trying with 'selenium_browser' strategy...
2026-01-26 07:37:00,568 - INFO - [Times of India] Page content loaded.
2026-01-26 07:37:00,660 - INFO - [Times of India] Success with 'selenium_browser'. Found content (216 words).
2026-01-26 07:37:50,754 - INFO - DEDUPLICATION: Found match (Score: 0.73). Linking to Cluster ID: 8ec84972-aa5e-4552-927b-b2618f531903
2026-01-26 07:37:50,758 - INFO - Saved article: Qatar Labour Ministry urges worker safety amid dusty, windy conditions in Doha | World News - The Times of India from Times of India (216 words)
2026-01-26 07:37:50,758 - INFO - [The Hindu] Article: https://www.thehindu.com/news/national/assam/467-of-17-lakh-illegal-foreigners-repatriated-from-assam-governor/article70552103.ece
2026-01-26 07:37:50,758 - INFO - [The Hindu] Attempt 1/1: Trying with 'selenium_browser' strategy...
2026-01-26 07:37:51,719 - INFO - [Times of India] Article: https://timesofindia.indiatimes.com/world/us/winter-storm-in-us-private-jet-carrying-8-passengers-crashes-during-takeoff-at-maine-airport/articleshow/127528428.cms
2026-01-26 07:37:51,719 - INFO - [Times of India] Attempt 1/1: Trying with 'selenium_browser' strategy...
2026-01-26 07:37:52,400 - INFO - [The Hindu] Page content loaded.
2026-01-26 07:37:52,577 - INFO - [The Hindu] Success with 'selenium_browser'. Found content (330 words).
2026-01-26 07:37:56,102 - INFO - [Times of India] Page content loaded.
2026-01-26 07:37:56,367 - INFO - [Times of India] Success with 'selenium_browser'. Found content (439 words).
2026-01-26 07:38:41,270 - INFO - Saved article: 467 of 1.7 lakh illegal foreigners repatriated from Assam: Governor - The Hindu from The Hindu (330 words)
2026-01-26 07:39:14,461 - CRITICAL - --- TIMEOUT: 2 scrape jobs did not complete in 300s. ---
2026-01-26 07:39:14,461 - ERROR - A thread has timed out and will be abandoned.
2026-01-26 07:39:14,461 - ERROR - A thread has timed out and will be abandoned.
2026-01-26 07:39:14,461 - INFO - Shutting down thread pool (wait=False)...
2026-01-26 07:39:14,461 - INFO - Scraped: 0 The Guardian, 0 BBC, 2 Timed_Out_Jobs articles. (Total saved: 0)
2026-01-26 07:39:14,461 - INFO - --- Scraping job finished ---
2026-01-26 07:39:14,462 - INFO - --- Scraper service stopped and database connection closed. ---
2026-01-26 07:39:14,462 - INFO - --- Main thread finished. Forcing process exit to kill zombie threads. ---
