2026-01-18 11:21:40,915 - INFO - Loading AI Semantic Model (all-MiniLM-L6-v2)...
2026-01-18 11:21:40,916 - INFO - Use pytorch device_name: cpu
2026-01-18 11:21:40,916 - INFO - Load pretrained SentenceTransformer: all-MiniLM-L6-v2
2026-01-18 11:21:41,912 - INFO - AI Model loaded successfully.
2026-01-18 11:21:41,913 - INFO - --- Scraper service started (CI Mode: Run Once) ---
2026-01-18 11:21:41,913 - INFO - --- Starting new scraping job (Parallel Mode) ---
2026-01-18 11:21:41,913 - INFO - Creating new robust session with 3 retries on 5xx/connection/read errors.
2026-01-18 11:21:41,913 - INFO - Proxy is DISABLED.
2026-01-18 11:21:41,913 - INFO - Starting scrape for BBC RSS feed: http://feeds.bbci.co.uk/news/world/rss.xml
2026-01-18 11:21:41,914 - INFO - [Times of India] (Thread) requires Selenium. Initializing driver...
2026-01-18 11:21:41,915 - INFO - Starting scrape for The Guardian RSS feed: https://www.theguardian.com/world/rss
2026-01-18 11:21:41,916 - INFO - [The Hindu] (Thread) requires Selenium. Initializing driver...
2026-01-18 11:21:41,916 - INFO - Submitted 4 jobs to thread pool. Waiting up to 300s for completion...
2026-01-18 11:21:42,066 - INFO - Found 45 articles in The Guardian RSS feed. Processing up to 30.
2026-01-18 11:21:42,067 - INFO - [The Guardian] Early skip: URL https://www.theguardian.com/world/2026/jan/17/yoweri-museveni-wins-ugandan-election-as-opponent-condemns-fake-result already exists.
2026-01-18 11:21:42,234 - INFO - [The Guardian] Early skip: URL https://www.theguardian.com/uk-news/2026/jan/17/afcon-little-morocco-london-confidence-high already exists.
2026-01-18 11:21:42,315 - INFO - Found 38 articles in BBC RSS feed. Processing up to 30.
2026-01-18 11:21:42,369 - INFO - [BBC] Early skip: URL https://www.bbc.com/news/articles/cy4qjwk9n2no?at_medium=RSS&at_campaign=rss already exists.
2026-01-18 11:21:42,500 - INFO - [The Guardian] Early skip: URL https://www.theguardian.com/environment/2026/jan/17/twin-baby-mountain-gorilla-virunga-drc-survival-conservation-aoe already exists.
2026-01-18 11:21:42,773 - INFO - [BBC] Early skip: URL https://www.bbc.com/news/articles/cly148lvyevo?at_medium=RSS&at_campaign=rss already exists.
2026-01-18 11:21:42,884 - INFO - [The Guardian] Early skip: URL https://www.theguardian.com/world/2026/jan/16/uganda-election-early-results-show-museveni-in-lead-as-violence-reported already exists.
2026-01-18 11:21:43,085 - INFO - [BBC] Early skip: URL https://www.bbc.com/news/articles/c74v0pxg2nvo?at_medium=RSS&at_campaign=rss already exists.
2026-01-18 11:21:43,321 - INFO - [The Guardian] Early skip: URL https://www.theguardian.com/us-news/2026/jan/15/hepatitis-b-vaccines-study-africa-cancel already exists.
2026-01-18 11:21:43,504 - INFO - [BBC] Early skip: URL https://www.bbc.com/news/articles/cg5gegrdq3go?at_medium=RSS&at_campaign=rss already exists.
2026-01-18 11:21:43,767 - INFO - [The Guardian] Early skip: URL https://www.theguardian.com/us-news/2026/jan/16/trump-administration-mistake-college-student-detained already exists.
2026-01-18 11:21:43,980 - INFO - [BBC] Early skip: URL https://www.bbc.com/news/articles/c620nq38y6po?at_medium=RSS&at_campaign=rss already exists.
2026-01-18 11:21:44,096 - INFO - [The Guardian] Early skip: URL https://www.theguardian.com/world/2026/jan/16/cia-chief-visits-maduro-successor-as-machado-vows-to-become-venezuelas-president already exists.
2026-01-18 11:21:44,274 - INFO - [BBC] Early skip: URL https://www.bbc.com/news/articles/c2lgxxrxd52o?at_medium=RSS&at_campaign=rss already exists.
2026-01-18 11:21:44,516 - INFO - [The Guardian] Early skip: URL https://www.theguardian.com/world/2026/jan/16/brazil-jair-bolsonaro-reduce-sentence-reading-books already exists.
2026-01-18 11:21:44,620 - INFO - [BBC] Early skip: URL https://www.bbc.com/news/articles/c3r1v7gqdp8o?at_medium=RSS&at_campaign=rss already exists.
2026-01-18 11:21:44,745 - INFO - [The Guardian] Early skip: URL https://www.theguardian.com/world/2026/jan/16/china-canada-partnership-new-global-realities-carney-xi-jinping already exists.
2026-01-18 11:21:44,919 - INFO - [BBC] Early skip: URL https://www.bbc.com/news/articles/czejykzg77po?at_medium=RSS&at_campaign=rss already exists.
2026-01-18 11:21:45,072 - INFO - [The Guardian] Early skip: URL https://www.theguardian.com/world/2026/jan/16/julio-iglesias-denies-sexual-abuse-claims-of-two-former-female-employees already exists.
2026-01-18 11:21:45,187 - INFO - [BBC] Early skip: URL https://www.bbc.com/news/articles/c07xvv9r422o?at_medium=RSS&at_campaign=rss already exists.
2026-01-18 11:21:45,439 - INFO - [The Guardian] Early skip: URL https://www.theguardian.com/world/2026/jan/18/chinese-mega-embassy-london-british-spies-mi5-analysis already exists.
2026-01-18 11:21:45,589 - INFO - [BBC] Early skip: URL https://www.bbc.com/news/articles/c5y5le7yl7po?at_medium=RSS&at_campaign=rss already exists.
2026-01-18 11:21:45,700 - INFO - [The Guardian] Early skip: URL https://www.theguardian.com/world/2026/jan/16/south-korea-sentences-ex-president-yoon-suk-yeol-five-years-first-martial-law-verdict already exists.
2026-01-18 11:21:45,875 - INFO - [The Guardian] Early skip: URL https://www.theguardian.com/us-news/2026/jan/15/us-taiwan-tariff-deal already exists.
2026-01-18 11:21:46,009 - INFO - [BBC] Early skip: URL https://www.bbc.com/news/articles/ce3k279e53eo?at_medium=RSS&at_campaign=rss already exists.
2026-01-18 11:21:46,117 - INFO - [The Guardian] Early skip: URL https://www.theguardian.com/world/2026/jan/14/thailand-train-crane-accident-deaths already exists.
2026-01-18 11:21:46,356 - INFO - [BBC] Early skip: URL https://www.bbc.com/news/articles/ckglee733wno?at_medium=RSS&at_campaign=rss already exists.
2026-01-18 11:21:46,581 - INFO - [The Guardian] Early skip: URL https://www.theguardian.com/world/2026/jan/14/china-reports-record-trillion-dollar-trade-surplus-despite-trump-tariffs already exists.
2026-01-18 11:21:46,806 - INFO - [BBC] Early skip: URL https://www.bbc.com/news/articles/c74vdgkw1kzo?at_medium=RSS&at_campaign=rss already exists.
2026-01-18 11:21:46,931 - INFO - [The Guardian] Early skip: URL https://www.theguardian.com/australia-news/2026/jan/18/peter-malinauskas-adelaide-writers-week-letter-randa-abdel-fattah-ntwnfb already exists.
2026-01-18 11:21:47,190 - INFO - [BBC] Early skip: URL https://www.bbc.com/news/articles/czejwl2z80lo?at_medium=RSS&at_campaign=rss already exists.
2026-01-18 11:21:47,463 - INFO - [The Guardian] Early skip: URL https://www.theguardian.com/australia-news/2026/jan/18/boy-fighting-for-life-after-being-bitten-by-shark-at-nielsen-park-in-sydneys-east already exists.
2026-01-18 11:21:47,618 - INFO - [BBC] Early skip: URL https://www.bbc.com/news/articles/clyn0ek5rdpo?at_medium=RSS&at_campaign=rss already exists.
2026-01-18 11:21:47,748 - INFO - [The Guardian] Early skip: URL https://www.theguardian.com/australia-news/2026/jan/18/disappointed-jewish-leaders-call-for-compromise-on-hate-speech-laws-after-labor-backdown-on-bill-ntwnfb already exists.
2026-01-18 11:21:47,971 - INFO - [BBC] Early skip: URL https://www.bbc.com/news/articles/cnvg70v1z0ro?at_medium=RSS&at_campaign=rss already exists.
2026-01-18 11:21:48,248 - INFO - Selenium driver initialized successfully.
2026-01-18 11:21:48,248 - INFO - Starting scrape for Times of India RSS feed: https://timesofindia.indiatimes.com/rssfeeds/296589292.cms
2026-01-18 11:21:48,249 - INFO - Selenium driver initialized successfully.
2026-01-18 11:21:48,249 - INFO - Starting scrape for The Hindu RSS feed: https://www.thehindu.com/news/national/feeder/default.rss
2026-01-18 11:21:48,250 - INFO - [The Guardian] Early skip: URL https://www.theguardian.com/australia-news/live/2026/jan/18/australia-news-live-weather-sydney-nsw-storms-sunday-politics-ntwnfb already exists.
2026-01-18 11:21:48,402 - INFO - Found 100 articles in The Hindu RSS feed. Processing up to 30.
2026-01-18 11:21:48,460 - INFO - Found 20 articles in Times of India RSS feed. Processing up to 30.
2026-01-18 11:21:48,514 - INFO - [BBC] Early skip: URL https://www.bbc.com/news/articles/cpv70mek448o?at_medium=RSS&at_campaign=rss already exists.
2026-01-18 11:21:48,814 - INFO - [The Hindu] Article: https://www.thehindu.com/news/national/haryana/two-dead-in-multi-vehicle-pileup-amid-dense-fog-in-nuh/article70521865.ece
2026-01-18 11:21:48,815 - INFO - [The Hindu] Attempt 1/1: Trying with 'selenium_browser' strategy...
2026-01-18 11:21:48,815 - INFO - [Times of India] Article: https://timesofindia.indiatimes.com/world/uk/feels-like-a-muslim-city-reform-uk-mayoral-candidate-suggests-burqa-stop-and-search-in-london-faces-backlash/articleshow/126637227.cms
2026-01-18 11:21:48,815 - INFO - [Times of India] Attempt 1/1: Trying with 'selenium_browser' strategy...
2026-01-18 11:21:48,816 - INFO - [The Guardian] Early skip: URL https://www.theguardian.com/sport/2026/jan/17/damien-martyn-declares-im-back-after-leaving-hospital-following-meningitis already exists.
2026-01-18 11:21:48,919 - INFO - [BBC] Early skip: URL https://www.bbc.com/news/articles/cz7y14ypg2qo?at_medium=RSS&at_campaign=rss already exists.
2026-01-18 11:21:49,052 - INFO - [The Guardian] Early skip: URL https://www.theguardian.com/world/live/2026/jan/18/greenland-eu-donald-trump-tariffs-keir-starmer-europe-live-latest-updates already exists.
2026-01-18 11:21:49,224 - INFO - [BBC] Early skip: URL https://www.bbc.com/news/articles/cvgjn5yyeljo?at_medium=RSS&at_campaign=rss already exists.
2026-01-18 11:21:49,420 - INFO - [The Guardian] Early skip: URL https://www.theguardian.com/world/2026/jan/18/ukraine-war-briefing-russia-readying-strikes-on-nuclear-power-system-zelenskyy-warns already exists.
2026-01-18 11:21:49,685 - INFO - [The Guardian] Early skip: URL https://www.theguardian.com/world/2026/jan/17/thousands-of-greenlanders-march-in-protest-of-donald-trumps-threats-of-us-control already exists.
2026-01-18 11:21:49,898 - INFO - [The Guardian] Early skip: URL https://www.theguardian.com/world/live/2026/jan/17/hands-off-greenland-protests-denmark-us-donald-trump-europe-latest-news-updates already exists.
2026-01-18 11:21:50,095 - INFO - [The Guardian] Early skip: URL https://www.theguardian.com/us-news/2026/jan/17/trump-tariff-european-countries-greenland already exists.
2026-01-18 11:21:50,343 - INFO - [BBC] Early skip: URL https://www.bbc.com/news/articles/cy59pvkqvl5o?at_medium=RSS&at_campaign=rss already exists.
2026-01-18 11:21:50,488 - INFO - [The Guardian] Early skip: URL https://www.theguardian.com/world/2026/jan/18/syrian-army-surges-into-kurdish-held-towns-in-betrayal-shattering-hopes-of-accord already exists.
2026-01-18 11:21:50,615 - INFO - [BBC] Early skip: URL https://www.bbc.com/news/articles/c1wz8vyq54xo?at_medium=RSS&at_campaign=rss already exists.
2026-01-18 11:21:50,796 - INFO - [BBC] Early skip: URL https://www.bbc.com/news/articles/c8x95nk72k2o?at_medium=RSS&at_campaign=rss already exists.
2026-01-18 11:21:50,952 - INFO - [The Guardian] Early skip: URL https://www.theguardian.com/world/2026/jan/18/why-protesters-iran-feel-betrayed-donald-trump already exists.
2026-01-18 11:21:51,117 - INFO - [BBC] Early skip: URL https://www.bbc.com/news/articles/cx2gjdx241wo?at_medium=RSS&at_campaign=rss already exists.
2026-01-18 11:21:51,416 - INFO - [BBC] Early skip: URL https://www.bbc.com/news/articles/c78vw30p1d2o?at_medium=RSS&at_campaign=rss already exists.
2026-01-18 11:21:51,670 - INFO - [The Guardian] Early skip: URL https://www.theguardian.com/world/2026/jan/17/israel-objects-to-white-houses-pick-of-leaders-for-board-of-peace already exists.
2026-01-18 11:21:51,960 - INFO - [The Guardian] Early skip: URL https://www.theguardian.com/world/2026/jan/17/child-mortality-crisis-continues-in-gaza-with-more-than-100-killed-since-ceasefire already exists.
2026-01-18 11:21:51,998 - INFO - [The Hindu] Page content loaded.
2026-01-18 11:21:52,132 - INFO - [The Hindu] Success with 'selenium_browser'. Found content (225 words).
2026-01-18 11:21:52,223 - INFO - [The Guardian] Early skip: URL https://www.theguardian.com/world/2026/jan/17/senior-iranian-cleric-calls-for-protester-executions-in-defiance-of-trump-claims already exists.
2026-01-18 11:21:52,356 - INFO - [BBC] Early skip: URL https://www.bbc.com/news/articles/crmlvym2e3eo?at_medium=RSS&at_campaign=rss already exists.
2026-01-18 11:21:52,612 - INFO - [BBC] Early skip: URL https://www.bbc.com/news/articles/cx20qj1pwrwo?at_medium=RSS&at_campaign=rss already exists.
2026-01-18 11:21:52,726 - INFO - [BBC] Early skip: URL https://www.bbc.com/news/articles/c9vx7kn33elo?at_medium=RSS&at_campaign=rss already exists.
2026-01-18 11:21:52,916 - INFO - [BBC] Early skip: URL https://www.bbc.com/news/articles/cm24k6kk1rko?at_medium=RSS&at_campaign=rss already exists.
2026-01-18 11:21:53,047 - INFO - [BBC] Early skip: URL https://www.bbc.com/news/articles/c62nzxqw45eo?at_medium=RSS&at_campaign=rss already exists.
2026-01-18 11:22:22,983 - ERROR - [Times of India] Request failed for strategy 'selenium_browser' on URL https://timesofindia.indiatimes.com/world/uk/feels-like-a-muslim-city-reform-uk-mayoral-candidate-suggests-burqa-stop-and-search-in-london-faces-backlash/articleshow/126637227.cms: Message: timeout: Timed out receiving message from renderer: 19.874
  (Session info: chrome=143.0.7499.192)
Stacktrace:
#0 0x55c28407f40a <unknown>
#1 0x55c283ab376b <unknown>
#2 0x55c283a9b80a <unknown>
#3 0x55c283a9b4ed <unknown>
#4 0x55c283a993a7 <unknown>
#5 0x55c283a99cbf <unknown>
#6 0x55c283aa8480 <unknown>
#7 0x55c283ac1b47 <unknown>
#8 0x55c283ac81fb <unknown>
#9 0x55c283a9a3e8 <unknown>
#10 0x55c283ac18f8 <unknown>
#11 0x55c283b50ad8 <unknown>
#12 0x55c283af77b2 <unknown>
#13 0x55c283af8461 <unknown>
#14 0x55c284047df9 <unknown>
#15 0x55c28404ad5d <unknown>
#16 0x55c284030b41 <unknown>
#17 0x55c28404b93b <unknown>
#18 0x55c284017870 <unknown>
#19 0x55c28406c828 <unknown>
#20 0x55c28406c9fc <unknown>
#21 0x55c28407e763 <unknown>
#22 0x7f5de129caa4 <unknown>
#23 0x7f5de1329c6c <unknown>

2026-01-18 11:22:22,983 - ERROR - [Times of India] All scrape strategies failed for https://timesofindia.indiatimes.com/world/uk/feels-like-a-muslim-city-reform-uk-mayoral-candidate-suggests-burqa-stop-and-search-in-london-faces-backlash/articleshow/126637227.cms. Falling back to RSS description.
2026-01-18 11:22:22,983 - WARNING - SKIPPED (GLOBAL WORD LIMIT): Article '‘Feels like a Muslim city’: Reform UK mayoral candidate suggests burqa stop-and-search in London; faces backlash' from Times of India has only 3 words (Min: 90).
2026-01-18 11:23:04,758 - INFO - Saved article: Two dead in multi-vehicle pileup amid dense fog in Nuh - The Hindu from The Hindu (225 words)
2026-01-18 11:23:04,758 - INFO - [BBC] Early skip: URL https://www.bbc.com/news/articles/cp37eerlql1o?at_medium=RSS&at_campaign=rss already exists.
2026-01-18 11:23:05,037 - INFO - [Times of India] Early skip: URL https://timesofindia.indiatimes.com/world/middle-east/burj-khalifas-competitor-dubai-creek-tower-is-rising-again-emaar-to-reignite-uaes-forgotten-mega-skyscraper-with-new-tender-in-3-months/articleshow/126640816.cms already exists.
2026-01-18 11:23:05,288 - INFO - [Times of India] Early skip: URL https://timesofindia.indiatimes.com/world/middle-east/kuwait-to-test-emergency-alert-sirens-across-nation-tomorrow/articleshow/126640192.cms already exists.
2026-01-18 11:23:05,571 - INFO - [Times of India] Early skip: URL https://timesofindia.indiatimes.com/life-style/home-garden/millennial-grey-is-officially-dead-google-searches-reveal-hottest-home-decor-trends-of-2026/articleshow/126638589.cms already exists.
2026-01-18 11:23:05,775 - INFO - [Times of India] Early skip: URL https://timesofindia.indiatimes.com/world/middle-east/uae-issues-weather-alert-after-temperatures-fall-to-18c/articleshow/126638173.cms already exists.
2026-01-18 11:23:06,054 - INFO - [The Hindu] Article: https://www.thehindu.com/news/national/kerala/microscopic-crustacean-discovered-in-kavaratti-established-as-a-new-genus-and-species-say-researchers/article70521769.ece
2026-01-18 11:23:06,055 - INFO - [The Hindu] Attempt 1/1: Trying with 'selenium_browser' strategy...
2026-01-18 11:23:06,055 - INFO - [Times of India] Early skip: URL https://timesofindia.indiatimes.com/world/middle-east/saudi-arabia-bans-use-of-allahs-name-on-disposable-packaging-and-bags/articleshow/126637724.cms already exists.
2026-01-18 11:23:06,258 - INFO - [Times of India] Early skip: URL https://timesofindia.indiatimes.com/world/middle-east/umrah-packages-touch-dh8000-as-ramadan-2026-travel-demand-rises-in-uae/articleshow/126637676.cms already exists.
2026-01-18 11:23:06,408 - INFO - [Times of India] Early skip: URL https://timesofindia.indiatimes.com/world/rest-of-world/indonesia-plane-crash-wreckage-found-in-bantimurung-bulusaraung-national-park-search-on-for-10-onboard/articleshow/126637515.cms already exists.
2026-01-18 11:23:06,625 - INFO - [Times of India] Early skip: URL https://timesofindia.indiatimes.com/world/middle-east/saudi-arabias-boldest-sports-entertainment-crossover-travis-scott-to-headline-march-2026-fanatics-flag-football-classic-in-riyadh-full-details-inside/articleshow/126637284.cms already exists.
2026-01-18 11:23:06,815 - INFO - [Times of India] Early skip: URL https://timesofindia.indiatimes.com/world/middle-east/thousands-killed-in-unrest-khamenei-blames-us-trump-demands-new-leadership-whats-happening-in-iran/articleshow/126637185.cms already exists.
2026-01-18 11:23:07,041 - INFO - [Times of India] Early skip: URL https://timesofindia.indiatimes.com/world/us/ripped-limb-from-limb-january-6-rioter-jake-lang-claims-he-was-lynched-during-clash-with-antiice-protesters-in-minneapolis-watch/articleshow/126636550.cms already exists.
2026-01-18 11:23:07,298 - INFO - [Times of India] Early skip: URL https://timesofindia.indiatimes.com/world/us/1-billion-entry-fee-trump-wants-countries-to-pay-to-stay-in-his-board-of-peace-what-we-know/articleshow/126636784.cms already exists.
2026-01-18 11:23:07,486 - INFO - [Times of India] Early skip: URL https://timesofindia.indiatimes.com/world/us-streamers/why-tiktok-ai-banned-kreekcraft-just-weeks-before-his-29th-birthday-shocking-roblox-and-twitch-fans/articleshow/126630505.cms already exists.
2026-01-18 11:23:07,716 - INFO - [Times of India] Article: https://timesofindia.indiatimes.com/world/us-streamers/streamer-ninja-tyler-blevins-announces-pregnancy-with-jessica-blevins-as-gender-reveal-confirms-they-are-having-a-girl/articleshow/126630037.cms
2026-01-18 11:23:07,716 - INFO - [Times of India] Attempt 1/1: Trying with 'selenium_browser' strategy...
2026-01-18 11:23:09,635 - INFO - [The Hindu] Page content loaded.
2026-01-18 11:23:09,967 - INFO - [The Hindu] Success with 'selenium_browser'. Found content (412 words).
2026-01-18 11:23:21,913 - INFO - [Times of India] Page content loaded.
2026-01-18 11:23:22,207 - INFO - [Times of India] Success with 'selenium_browser'. Found content (399 words).
2026-01-18 11:23:57,187 - INFO - Saved article: Microscopic crustacean discovered in Kavaratti established as a new genus and species, say researchers - The Hindu from The Hindu (412 words)
2026-01-18 11:24:42,137 - INFO - Saved article: Streamer Ninja Tyler Blevins announces pregnancy with Jessica Blevins as gender reveal confirms they are having a girl - The Times of India from Times of India (399 words)
2026-01-18 11:24:42,138 - INFO - [The Hindu] Article: https://www.thehindu.com/news/national/telangana/you-cant-malign-me-with-motivated-reports-telangana-deputy-cm-bhatti-vikramarka-says/article70521830.ece
2026-01-18 11:24:42,138 - INFO - [The Hindu] Attempt 1/1: Trying with 'selenium_browser' strategy...
2026-01-18 11:24:42,980 - INFO - [Times of India] Article: https://timesofindia.indiatimes.com/world/us-streamers/right-wing-guests-mehdi-hasan-slams-gavin-newsom-after-ben-shapiro-podcast-moment-on-ice-officers-sparks-liberal-backlash/articleshow/126629906.cms
2026-01-18 11:24:42,980 - INFO - [Times of India] Attempt 1/1: Trying with 'selenium_browser' strategy...
2026-01-18 11:24:43,103 - INFO - [The Hindu] Page content loaded.
2026-01-18 11:24:43,214 - INFO - [The Hindu] Success with 'selenium_browser'. Found content (334 words).
2026-01-18 11:24:50,130 - INFO - [Times of India] Page content loaded.
2026-01-18 11:24:50,460 - INFO - [Times of India] Success with 'selenium_browser'. Found content (489 words).
2026-01-18 11:25:30,110 - INFO - Saved article: ‘You can’t malign me with motivated reports,’ Telangana Deputy CM Bhatti Vikramarka says - The Hindu from The Hindu (334 words)
2026-01-18 11:26:13,914 - INFO - Saved article: “Right wing guests”: Mehdi Hasan slams Gavin Newsom after Ben Shapiro podcast moment on ICE officers sparks liberal backlash - The Times of India from Times of India (489 words)
2026-01-18 11:26:13,914 - INFO - [The Hindu] Early skip: URL https://www.thehindu.com/news/cities/Hyderabad/wings-india-2026-in-hyderabad-20-countries-january/article70521697.ece already exists.
2026-01-18 11:26:14,179 - INFO - [The Hindu] Early skip: URL https://www.thehindu.com/news/national/karnataka/govt-land-scam-in-nagamangala-upalokayukta-registers-suo-motu-case-against-tahsildar-others/article70521507.ece already exists.
2026-01-18 11:26:14,341 - INFO - [The Hindu] Early skip: URL https://www.thehindu.com/elections/kerala-assembly/unity-of-nairs-and-ezhavas-essential-vellappally-natesan/article70521504.ece already exists.
2026-01-18 11:26:14,504 - INFO - [The Hindu] Early skip: URL https://www.thehindu.com/news/national/west-bengal/pm-modi-bengal-visit-development-projects-launch/article70521797.ece already exists.
2026-01-18 11:26:14,765 - INFO - [Times of India] Early skip: URL https://timesofindia.indiatimes.com/world/us-streamers/i-stopped-living-for-myself-and-started-living-for-her-kai-cenat-reflects-on-heartbreak-after-breakup-with-gigi/articleshow/126629385.cms already exists.
2026-01-18 11:26:14,970 - INFO - [The Hindu] Early skip: URL https://www.thehindu.com/news/national/telangana/telanganas-total-revenue-receipts-at-5438-at-the-end-of-q3-with-three-more-months-to-go/article70521675.ece already exists.
2026-01-18 11:26:15,156 - INFO - [Times of India] Article: https://timesofindia.indiatimes.com/world/us-streamers/mrbeasts-beast-games-2-gives-early-millionaires-while-10-million-grand-prize-looms/articleshow/126628613.cms
2026-01-18 11:26:15,156 - INFO - [Times of India] Attempt 1/1: Trying with 'selenium_browser' strategy...
2026-01-18 11:26:15,157 - INFO - [The Hindu] Article: https://www.thehindu.com/lit-for-life/sree-narayana-gurus-impact-on-dalits-in-kerala-deeper-than-ambedkars-in-north-says-shashi-tharoor/article70508690.ece
2026-01-18 11:26:15,157 - INFO - [The Hindu] Attempt 1/1: Trying with 'selenium_browser' strategy...
2026-01-18 11:26:16,346 - INFO - [Times of India] Page content loaded.
2026-01-18 11:26:16,658 - INFO - [Times of India] Success with 'selenium_browser'. Found content (388 words).
2026-01-18 11:26:16,760 - INFO - [The Hindu] Page content loaded.
2026-01-18 11:26:17,066 - INFO - [The Hindu] Success with 'selenium_browser'. Found content (923 words).
2026-01-18 11:26:41,918 - CRITICAL - --- TIMEOUT: 2 scrape jobs did not complete in 300s. ---
2026-01-18 11:26:41,918 - ERROR - A thread has timed out and will be abandoned.
2026-01-18 11:26:41,918 - ERROR - A thread has timed out and will be abandoned.
2026-01-18 11:26:41,918 - INFO - Shutting down thread pool (wait=False)...
2026-01-18 11:26:41,918 - INFO - Scraped: 0 The Guardian, 0 BBC, 2 Timed_Out_Jobs articles. (Total saved: 0)
2026-01-18 11:26:41,918 - INFO - --- Scraping job finished ---
2026-01-18 11:26:41,919 - INFO - --- Scraper service stopped and database connection closed. ---
2026-01-18 11:26:41,919 - INFO - --- Main thread finished. Forcing process exit to kill zombie threads. ---
