2025-12-03 13:03:00,730 - INFO - Loading AI Semantic Model (all-MiniLM-L6-v2)...
2025-12-03 13:03:00,731 - INFO - Use pytorch device_name: cpu
2025-12-03 13:03:00,731 - INFO - Load pretrained SentenceTransformer: all-MiniLM-L6-v2
2025-12-03 13:03:01,309 - INFO - AI Model loaded successfully.
2025-12-03 13:03:01,309 - INFO - Initializing database connection at: news_articles.db
2025-12-03 13:03:01,309 - INFO - --- Scraper service started (CI Mode: Run Once) ---
2025-12-03 13:03:01,310 - INFO - --- Starting new scraping job (Source Parallel Mode) ---
2025-12-03 13:03:01,310 - INFO - Creating new robust session with 3 retries on 5xx/connection/read errors.
2025-12-03 13:03:01,310 - INFO - Starting scrape for BBC RSS feed (Sequential Article Processing)...
2025-12-03 13:03:01,311 - INFO - Initializing headless Selenium Chrome driver...
2025-12-03 13:03:01,311 - INFO - Starting scrape for The Guardian RSS feed (Sequential Article Processing)...
2025-12-03 13:03:01,313 - INFO - Initializing headless Selenium Chrome driver...
2025-12-03 13:03:01,313 - INFO - Submitted 4 source jobs. Waiting up to 300s...
2025-12-03 13:03:01,420 - INFO - [The Guardian] Found 20 items. Starting sequential processing...
2025-12-03 13:03:01,421 - INFO - [The Guardian] Article: https://www.theguardian.com/world/2025/dec/03/search-for-malaysia-airline-flight-mh370-to-resume-over-11-years-after-plane-went-missing. Trying 'requests_browser'...
2025-12-03 13:03:01,505 - INFO - [The Guardian] Success with 'requests_browser'. (851 words).
2025-12-03 13:03:01,510 - INFO - Saved article: Malaysia Airlines flight MH370 search to resume 11 years after jet went missing | Malaysia Airlines flight MH370 | The Guardian from The Guardian
2025-12-03 13:03:01,526 - INFO - [BBC] Found 20 items. Starting sequential processing...
2025-12-03 13:03:01,527 - INFO - [BBC] Article: https://www.bbc.com/news/articles/cp39q5n5037o?at_medium=RSS&at_campaign=rss. Trying 'requests_browser'...
2025-12-03 13:03:01,797 - INFO - [BBC] Success with 'requests_browser'. (336 words).
2025-12-03 13:03:01,798 - INFO - Saved article: Air pollution: Delhi hospitals saw 200,000 respiratory illness patients in three years from BBC
2025-12-03 13:03:02,316 - INFO - [The Guardian] Article: https://www.theguardian.com/world/2025/dec/02/uk-government-delays-china-super-embassy-january. Trying 'requests_browser'...
2025-12-03 13:03:02,395 - INFO - [The Guardian] Success with 'requests_browser'. (619 words).
2025-12-03 13:03:02,396 - INFO - Saved article: UK government delays decision on China’s super-embassy until January | China | The Guardian from The Guardian
2025-12-03 13:03:03,188 - INFO - [BBC] Article: https://www.bbc.com/news/articles/ckglx77mplgo?at_medium=RSS&at_campaign=rss. Trying 'requests_browser'...
2025-12-03 13:03:03,261 - INFO - [BBC] Success with 'requests_browser'. (494 words).
2025-12-03 13:03:03,454 - INFO - Saved article: Hegseth says he did not see survivors before second drug boat strike from BBC
2025-12-03 13:03:03,656 - INFO - [The Guardian] Article: https://www.theguardian.com/world/2025/dec/03/uk-china-spying-case-collapse-security-committee-report. Trying 'requests_browser'...
2025-12-03 13:03:03,724 - INFO - [The Guardian] Success with 'requests_browser'. (885 words).
2025-12-03 13:03:04,090 - INFO - Saved article: Handling of China spying case was ‘shambolic’, security committee concludes | Espionage | The Guardian from The Guardian
2025-12-03 13:03:04,883 - INFO - [BBC] Article: https://www.bbc.com/news/articles/cedxyvx74p4o?at_medium=RSS&at_campaign=rss. Trying 'requests_browser'...
2025-12-03 13:03:05,384 - INFO - [BBC] Success with 'requests_browser'. (768 words).
2025-12-03 13:03:05,386 - INFO - Saved article: Sanchar Saathi: India mandates state-owned cyber safety app on all smartphones from BBC
2025-12-03 13:03:05,442 - INFO - [The Guardian] Article: https://www.theguardian.com/world/2025/dec/02/global-heating-and-other-human-activity-are-making-asias-floods-more-lethal. Trying 'requests_browser'...
2025-12-03 13:03:05,642 - INFO - [The Guardian] Success with 'requests_browser'. (718 words).
2025-12-03 13:03:05,644 - INFO - Saved article: Families on rooftops, homes buried by mud: Asia floods show water is overtaking wind as main threat | Extreme weather | The Guardian from The Guardian
2025-12-03 13:03:06,472 - INFO - [BBC] Article: https://www.bbc.com/news/articles/cn41jge1990o?at_medium=RSS&at_campaign=rss. Trying 'requests_browser'...
2025-12-03 13:03:06,849 - INFO - [The Guardian] Article: https://www.theguardian.com/world/2025/dec/02/british-women-stranded-by-landslides-in-sri-lankan-mountains-running-out-of-food-and-water-daughter-says. Trying 'requests_browser'...
2025-12-03 13:03:06,900 - INFO - [BBC] Success with 'requests_browser'. (595 words).
2025-12-03 13:03:06,903 - INFO - Saved article: Pope prays at site of Beirut port blast at end of Lebanon visit from BBC
2025-12-03 13:03:06,945 - INFO - [The Guardian] Success with 'requests_browser'. (643 words).
2025-12-03 13:03:06,946 - INFO - Saved article: British women stranded by landslides in Sri Lankan mountains running out of food and water, daughter says | Sri Lanka | The Guardian from The Guardian
2025-12-03 13:03:08,115 - INFO - [BBC] Article: https://www.bbc.com/news/articles/c0q5n3x0jn9o?at_medium=RSS&at_campaign=rss. Trying 'requests_browser'...
2025-12-03 13:03:08,272 - INFO - [BBC] Success with 'requests_browser'. (328 words).
2025-12-03 13:03:08,272 - INFO - [The Guardian] Article: https://www.theguardian.com/australia-news/2025/dec/03/holy-crap-this-is-insane-mineworkers-describe-being-caught-in-huge-outback-dust-storm. Trying 'requests_browser'...
2025-12-03 13:03:08,275 - INFO - Saved article: Thousands of rounds of German army ammunition stolen from lorry from BBC
2025-12-03 13:03:08,353 - INFO - [The Guardian] Success with 'requests_browser'. (537 words).
2025-12-03 13:03:08,354 - INFO - Saved article: ‘Holy crap, this is insane’: mineworkers describe being caught in huge outback dust storm | Australia weather | The Guardian from The Guardian
2025-12-03 13:03:08,887 - INFO - [The Guardian] Article: https://www.theguardian.com/australia-news/2025/dec/03/addiction-to-secrecy-opposition-and-crossbench-slam-labors-undemocratic-changes-to-foi-including-charging-fees. Trying 'requests_browser'...
2025-12-03 13:03:08,964 - INFO - [The Guardian] Success with 'requests_browser'. (531 words).
2025-12-03 13:03:08,966 - INFO - Saved article: ‘Addiction to secrecy’: opposition and crossbench slam Labor’s ‘undemocratic’ changes to FoI – including charging fees | Freedom of information | The Guardian from The Guardian
2025-12-03 13:03:09,709 - INFO - [BBC] Article: https://www.bbc.com/news/articles/c93n4nx5yqro?at_medium=RSS&at_campaign=rss. Trying 'requests_browser'...
2025-12-03 13:03:09,812 - INFO - [BBC] Success with 'requests_browser'. (1032 words).
2025-12-03 13:03:09,818 - INFO - Saved article: Why is US President Trump threatening Venezuela's President Maduro? from BBC
2025-12-03 13:03:09,995 - INFO - [The Guardian] Article: https://www.theguardian.com/australia-news/live/2025/dec/03/australia-news-live-bruce-lehrmann-defamation-appeal-brittany-higgins-lisa-wilkinson-network-ten-senate-estimates-social-media-ban-esafety-commissioner-albanese-sussan-ley-labor-coalition-nsw-vic-qld-ntwnfb. Trying 'requests_browser'...
2025-12-03 13:03:10,340 - INFO - [The Guardian] Success with 'requests_browser'. (3090 words).
2025-12-03 13:03:10,342 - INFO - Saved article: Gallagher says public service ‘roughly the right size’ – as it happened | Australia news | The Guardian from The Guardian
2025-12-03 13:03:10,430 - INFO - Selenium driver initialized successfully.
2025-12-03 13:03:10,430 - INFO - Starting scrape for The Hindu RSS feed (Sequential Article Processing)...
2025-12-03 13:03:10,431 - INFO - Selenium driver initialized successfully.
2025-12-03 13:03:10,431 - INFO - Starting scrape for Times of India RSS feed (Sequential Article Processing)...
2025-12-03 13:03:10,546 - INFO - [Times of India] Found 20 items. Starting sequential processing...
2025-12-03 13:03:10,547 - INFO - [Times of India] Article: https://timesofindia.indiatimes.com/world/us/ban-h-1b-visas-desi-maga-backer-nalin-haley-wants-corporates-to-hire-certain-number-of-americans-watch/articleshow/125732051.cms. Trying 'selenium_browser'...
2025-12-03 13:03:10,620 - INFO - [The Hindu] Found 20 items. Starting sequential processing...
2025-12-03 13:03:10,620 - INFO - [The Hindu] Article: https://www.thehindu.com/news/national/andhra-pradesh/ap-rythu-sangham-demands-support-for-farmers-hit-by-reduced-paddy-yield/article70353410.ece. Trying 'selenium_browser'...
2025-12-03 13:03:10,749 - INFO - [BBC] Article: https://www.bbc.com/news/articles/ce3wq2zznz1o?at_medium=RSS&at_campaign=rss. Trying 'requests_browser'...
2025-12-03 13:03:10,850 - INFO - [BBC] Success with 'requests_browser'. (740 words).
2025-12-03 13:03:10,851 - INFO - Saved article: Guinea Bissau coup: Nigeria grants asylum to presidential candidate Fernando Dias from BBC
2025-12-03 13:03:11,231 - INFO - [The Guardian] Article: https://www.theguardian.com/australia-news/2025/dec/03/australia-high-court-overturns-housing-policy-which-tripled-rent-in-some-remote-indigenous-communities. Trying 'requests_browser'...
2025-12-03 13:03:11,329 - INFO - [The Guardian] Success with 'requests_browser'. (527 words).
2025-12-03 13:03:11,332 - INFO - Saved article: High court overturns NT housing policy which tripled rent in some remote Indigenous communities | Indigenous Australians | The Guardian from The Guardian
2025-12-03 13:03:11,888 - INFO - [BBC] Article: https://www.bbc.com/news/articles/ce8ng18p7v3o?at_medium=RSS&at_campaign=rss. Trying 'requests_browser'...
2025-12-03 13:03:11,929 - INFO - [The Guardian] Article: https://www.theguardian.com/australia-news/2025/dec/02/australian-children-moving-to-new-social-app-lemon8-but-owner-expected-to-restrict-users-to-over-16s. Trying 'requests_browser'...
2025-12-03 13:03:12,134 - INFO - [The Guardian] Success with 'requests_browser'. (951 words).
2025-12-03 13:03:12,149 - INFO - Saved article: YouTube says it will comply with Australia’s under-16s social media ban, with Lemon8 to also restrict access | Social media ban | The Guardian from The Guardian
2025-12-03 13:03:12,273 - INFO - [BBC] Success with 'requests_browser'. (582 words).
2025-12-03 13:03:12,282 - INFO - Saved article: Hong Kong leader orders investigation into deadly fire that killed 151 from BBC
2025-12-03 13:03:13,589 - INFO - [BBC] Article: https://www.bbc.com/news/articles/c9895x3039ro?at_medium=RSS&at_campaign=rss. Trying 'requests_browser'...
2025-12-03 13:03:13,849 - INFO - [BBC] Success with 'requests_browser'. (942 words).
2025-12-03 13:03:13,853 - INFO - Saved article: As lead changes in knife-edge Honduran election, will Trump fail to get his way? from BBC
2025-12-03 13:03:15,066 - INFO - [BBC] Article: https://www.bbc.com/news/articles/cpq47derx2vo?at_medium=RSS&at_campaign=rss. Trying 'requests_browser'...
2025-12-03 13:03:15,627 - INFO - [BBC] Success with 'requests_browser'. (991 words).
2025-12-03 13:03:15,635 - INFO - Saved article: Ukrainians in war-ravaged Donbas weigh prospects of peace deal from BBC
2025-12-03 13:03:16,154 - INFO - [The Hindu] Success with 'selenium_browser'. (201 words).
2025-12-03 13:03:16,160 - INFO - Saved article: A.P. Rythu Sangham demands support for farmers hit by reduced paddy yield - The Hindu from The Hindu
2025-12-03 13:03:17,461 - INFO - [The Hindu] Article: https://www.thehindu.com/news/national/dog-row-renuka-says-bhow-bhow-on-reports-of-privilege-motion-against-her/article70353545.ece. Trying 'selenium_browser'...
2025-12-03 13:03:21,351 - INFO - [The Hindu] Success with 'selenium_browser'. (554 words).
2025-12-03 13:03:21,357 - INFO - Saved article: Dog row: Renuka says 'Bhow Bhow' on reports of privilege motion against her - The Hindu from The Hindu
2025-12-03 13:03:22,482 - INFO - [The Hindu] Article: https://www.thehindu.com/news/national/andhra-pradesh/ap-blind-cricket-promised-govt-support/article70353418.ece. Trying 'selenium_browser'...
2025-12-03 13:03:37,967 - INFO - [The Hindu] Success with 'selenium_browser'. (150 words).
2025-12-03 13:03:37,969 - INFO - Saved article: A.P. blind cricket promised govt. support - The Hindu from The Hindu
2025-12-03 13:03:38,542 - INFO - [The Hindu] Article: https://www.thehindu.com/news/national/telangana/infrastructure-push-women-empowerment-initiatives-set-to-transform-rural-telangana/article70353436.ece. Trying 'selenium_browser'...
2025-12-03 13:03:39,666 - INFO - [The Hindu] Success with 'selenium_browser'. (395 words).
2025-12-03 13:03:39,669 - INFO - Saved article: Infrastructure push, women empowerment initiatives set to transform rural Telangana - The Hindu from The Hindu
2025-12-03 13:03:40,671 - INFO - [The Hindu] Article: https://www.thehindu.com/news/national/telangana/telangana-gp-polls-2025-second-phase-28278-nominations-received-for-4332-sarpanch-posts-56-filed-on-last-day/article70353254.ece. Trying 'selenium_browser'...
2025-12-03 13:03:41,905 - INFO - [The Hindu] Success with 'selenium_browser'. (139 words).
2025-12-03 13:03:41,909 - INFO - Saved article: Telangana GP Polls-2025 second phase | 28,278 nominations received for 4,332 Sarpanch posts; 56% filed on last day - The Hindu from The Hindu
2025-12-03 13:03:43,356 - INFO - [The Hindu] Article: https://www.thehindu.com/news/national/karnataka/hanuma-jayanti-procession-organised-by-hindu-jagran-vedike-in-srirangapatna/article70353166.ece. Trying 'selenium_browser'...
2025-12-03 13:03:44,582 - INFO - [The Hindu] Success with 'selenium_browser'. (369 words).
2025-12-03 13:03:44,584 - INFO - Saved article: Hanuma jayanti procession organised by Hindu Jagran Vedike at Srirangapatna - The Hindu from The Hindu
2025-12-03 13:03:45,549 - INFO - [The Hindu] Article: https://www.thehindu.com/news/national/west-bengal/calcutta-hcs-division-bench-sets-aside-order-terminating-appointment-of-32000-primary-teachers/article70353094.ece. Trying 'selenium_browser'...
2025-12-03 13:03:47,010 - INFO - [The Hindu] Success with 'selenium_browser'. (177 words).
2025-12-03 13:03:47,013 - INFO - Saved article: Calcutta HC's Division Bench sets aside order terminating appointment of 32,000 primary teachers - The Hindu from The Hindu
2025-12-03 13:03:48,098 - INFO - [The Hindu] Article: https://www.thehindu.com/news/national/chhattisgarh/encounter-between-security-forces-and-maoists-in-chhattisgarhs-bijapur/article70353039.ece. Trying 'selenium_browser'...
2025-12-03 13:03:50,597 - INFO - [The Hindu] Success with 'selenium_browser'. (233 words).
2025-12-03 13:03:50,599 - INFO - Saved article: Five Maoists, one jawan killed in encounter in Chhattisgarh’s Bijapur - The Hindu from The Hindu
2025-12-03 13:03:51,846 - INFO - [The Hindu] Article: https://www.thehindu.com/news/cities/Hyderabad/air-fares-surge-after-indigo-cancellations-103-lakh-for-hyderabadbhopal-ticket/article70353036.ece. Trying 'selenium_browser'...
2025-12-03 13:03:52,946 - INFO - [The Hindu] Success with 'selenium_browser'. (345 words).
2025-12-03 13:03:52,951 - INFO - Saved article: Air fares surge after IndiGo cancellations; ₹1.03 lakh for Hyderabad–Bhopal ticket - The Hindu from The Hindu
2025-12-03 13:03:53,875 - INFO - [The Hindu] Article: https://www.thehindu.com/news/national/tamil-nadu/rpfsub-inspector-rescues-man-who-slipped-while-boarding-moving-train-in-salem/article70352629.ece. Trying 'selenium_browser'...
2025-12-03 13:03:55,172 - INFO - [The Hindu] Success with 'selenium_browser'. (143 words).
2025-12-03 13:03:55,176 - INFO - Saved article: RPF sub-inspector rescues man who slipped while boarding moving train in Salem - The Hindu from The Hindu
2025-12-03 13:03:56,200 - INFO - [The Hindu] (Thread) Finished. Attempting to shut down its Selenium driver.
2025-12-03 13:05:10,564 - ERROR - [Times of India] Strategy 'selenium_browser' failed on https://timesofindia.indiatimes.com/world/us/ban-h-1b-visas-desi-maga-backer-nalin-haley-wants-corporates-to-hire-certain-number-of-americans-watch/articleshow/125732051.cms: HTTPConnectionPool(host='localhost', port=57985): Read timed out. (read timeout=120)
2025-12-03 13:07:10,665 - ERROR - Failed to process Times of India source: HTTPConnectionPool(host='localhost', port=57985): Read timed out. (read timeout=120)
2025-12-03 13:07:10,665 - INFO - [Times of India] (Thread) Finished. Attempting to shut down its Selenium driver.
2025-12-03 13:08:01,314 - CRITICAL - --- TIMEOUT: 1 source jobs did not complete in 300s. ---
2025-12-03 13:08:01,314 - ERROR - A thread has timed out and will be abandoned.
2025-12-03 13:08:01,314 - INFO - Shutting down thread pool (wait=False)...
2025-12-03 13:08:01,315 - INFO - Scraped: 10 BBC, 10 The Guardian, 10 The Hindu, 1 Timed_Out_Jobs articles. (Total saved: 30)
2025-12-03 13:08:01,315 - INFO - --- Scraping job finished ---
2025-12-03 13:08:01,315 - INFO - Starting single-threaded final clustering process...
2025-12-03 13:08:01,316 - INFO - Clustering 70 total articles...
2025-12-03 13:08:04,197 - INFO - Clustering complete. Assigned 30 cluster IDs.
2025-12-03 13:08:04,197 - INFO - --- Scraper service stopped and database connection closed. ---
2025-12-03 13:08:04,197 - INFO - --- Main thread finished. Forcing process exit to kill zombie threads. ---
