2025-12-14 11:40:28,524 - INFO - Loading AI Semantic Model (all-MiniLM-L6-v2)...
2025-12-14 11:40:28,524 - INFO - Use pytorch device_name: cpu
2025-12-14 11:40:28,525 - INFO - Load pretrained SentenceTransformer: all-MiniLM-L6-v2
2025-12-14 11:40:29,306 - INFO - AI Model loaded successfully.
2025-12-14 11:40:29,306 - INFO - --- Scraper service started (CI Mode: Run Once) ---
2025-12-14 11:40:29,306 - INFO - --- Starting new scraping job (Parallel Mode) ---
2025-12-14 11:40:29,306 - INFO - Creating new robust session with 3 retries on 5xx/connection/read errors.
2025-12-14 11:40:29,306 - INFO - Proxy is DISABLED.
2025-12-14 11:40:29,307 - INFO - Starting scrape for BBC RSS feed: http://feeds.bbci.co.uk/news/world/rss.xml
2025-12-14 11:40:29,308 - INFO - [Times of India] (Thread) requires Selenium. Initializing driver...
2025-12-14 11:40:29,308 - INFO - Starting scrape for The Guardian RSS feed: https://www.theguardian.com/world/rss
2025-12-14 11:40:29,310 - INFO - [The Hindu] (Thread) requires Selenium. Initializing driver...
2025-12-14 11:40:29,310 - INFO - Submitted 4 jobs to thread pool. Waiting up to 300s for completion...
2025-12-14 11:40:29,425 - INFO - Found 28 articles in BBC RSS feed. Processing up to 30.
2025-12-14 11:40:29,425 - INFO - [BBC] Early skip: URL https://www.bbc.com/news/articles/cre329w709qo?at_medium=RSS&at_campaign=rss already exists.
2025-12-14 11:40:29,489 - INFO - Found 45 articles in The Guardian RSS feed. Processing up to 30.
2025-12-14 11:40:29,592 - INFO - [The Guardian] Early skip: URL https://www.theguardian.com/world/2025/dec/13/drone-strike-on-un-facility-in-war-torn-sudan-leaves-six-peacekeepers-dead already exists.
2025-12-14 11:40:29,760 - INFO - [BBC] Early skip: URL https://www.bbc.com/news/articles/cvg1r89m6g7o?at_medium=RSS&at_campaign=rss already exists.
2025-12-14 11:40:30,021 - INFO - [The Guardian] Early skip: URL https://www.theguardian.com/world/2025/dec/13/us-accuses-rwanda-of-violating-peace-deal already exists.
2025-12-14 11:40:30,280 - INFO - [BBC] Early skip: URL https://www.bbc.com/news/articles/c2dz7r708dxo?at_medium=RSS&at_campaign=rss already exists.
2025-12-14 11:40:30,462 - INFO - [The Guardian] Early skip: URL https://www.theguardian.com/us-news/2025/dec/12/trump-ends-temporary-legal-status-ethiopia already exists.
2025-12-14 11:40:30,687 - INFO - [BBC] Early skip: URL https://www.bbc.com/news/articles/cx2dklj3rxvo?at_medium=RSS&at_campaign=rss already exists.
2025-12-14 11:40:30,908 - INFO - [The Guardian] Early skip: URL https://www.theguardian.com/world/2025/dec/12/uk-sanctions-four-rsf-commanders-heinous-violence-against-sudan-civilians already exists.
2025-12-14 11:40:31,158 - INFO - [BBC] Early skip: URL https://www.bbc.com/news/articles/c9d9vpxjp2go?at_medium=RSS&at_campaign=rss already exists.
2025-12-14 11:40:31,284 - INFO - [The Guardian] Early skip: URL https://www.theguardian.com/world/2025/dec/11/fate-of-11-nigerian-troops-unclear-after-unauthorised-plane-landing-in-burkina-faso already exists.
2025-12-14 11:40:31,496 - INFO - [BBC] Early skip: URL https://www.bbc.com/news/videos/cy4xgxm2848o?at_medium=RSS&at_campaign=rss already exists.
2025-12-14 11:40:31,737 - INFO - [The Guardian] Early skip: URL https://www.theguardian.com/world/2025/dec/14/chile-presidential-election already exists.
2025-12-14 11:40:31,918 - INFO - [BBC] Early skip: URL https://www.bbc.com/news/articles/c4g66nll48do?at_medium=RSS&at_campaign=rss already exists.
2025-12-14 11:40:32,050 - INFO - [The Guardian] Early skip: URL https://www.theguardian.com/world/2025/dec/13/venezuela-oil-exports-reportedly-fall-sharply-after-us-seizure-of-tanker-skipper already exists.
2025-12-14 11:40:32,241 - INFO - [BBC] Early skip: URL https://www.bbc.com/news/articles/c0l9954yr9ko?at_medium=RSS&at_campaign=rss already exists.
2025-12-14 11:40:32,479 - INFO - [The Guardian] Early skip: URL https://www.theguardian.com/world/2025/dec/12/brazilian-judge-sanction-lifted-bolsonaro already exists.
2025-12-14 11:40:32,744 - INFO - [BBC] Early skip: URL https://www.bbc.com/news/articles/cd0kkyx3vvxo?at_medium=RSS&at_campaign=rss already exists.
2025-12-14 11:40:32,891 - INFO - [The Guardian] Early skip: URL https://www.theguardian.com/world/2025/dec/12/colombia-eln-guerrilla-rebels-trump already exists.
2025-12-14 11:40:33,113 - INFO - [BBC] Early skip: URL https://www.bbc.com/news/articles/crk777lj763o?at_medium=RSS&at_campaign=rss already exists.
2025-12-14 11:40:33,275 - INFO - [The Guardian] Early skip: URL https://www.theguardian.com/world/2025/dec/12/canada-liberals-government-majority-conservative-michael-ma already exists.
2025-12-14 11:40:33,545 - INFO - [BBC] Early skip: URL https://www.bbc.com/news/articles/c5y2271q20lo?at_medium=RSS&at_campaign=rss already exists.
2025-12-14 11:40:33,772 - INFO - [The Guardian] Article: https://www.theguardian.com/world/2025/dec/14/hong-kong-opposition-democratic-party-disbands-chinese-pressure
2025-12-14 11:40:33,773 - INFO - [The Guardian] Attempt 1/1: Trying with 'requests_browser' strategy...
2025-12-14 11:40:33,774 - INFO - [BBC] Early skip: URL https://www.bbc.com/news/articles/c4ge4q8gypzo?at_medium=RSS&at_campaign=rss already exists.
2025-12-14 11:40:33,804 - INFO - [The Guardian] Success with 'requests_browser'. Found content (522 words).
2025-12-14 11:40:38,668 - INFO - Selenium driver initialized successfully.
2025-12-14 11:40:38,668 - INFO - Starting scrape for The Hindu RSS feed: https://www.thehindu.com/news/national/feeder/default.rss
2025-12-14 11:40:38,670 - INFO - Selenium driver initialized successfully.
2025-12-14 11:40:38,670 - INFO - Starting scrape for Times of India RSS feed: https://timesofindia.indiatimes.com/rssfeeds/296589292.cms
2025-12-14 11:40:38,882 - INFO - Found 100 articles in The Hindu RSS feed. Processing up to 30.
2025-12-14 11:40:39,115 - INFO - Found 20 articles in Times of India RSS feed. Processing up to 30.
2025-12-14 11:41:17,000 - INFO - Saved article: Hong Kong’s last major opposition party disbands amid Chinese pressure | Hong Kong | The Guardian from The Guardian (522 words)
2025-12-14 11:41:17,001 - INFO - [BBC] Early skip: URL https://www.bbc.com/news/articles/cqlkk9qk7vyo?at_medium=RSS&at_campaign=rss already exists.
2025-12-14 11:41:17,136 - INFO - [The Hindu] Article: https://www.thehindu.com/news/national/kerala/kerala-governor-flags-judicial-overreach-in-university-v-c-selection/article70395289.ece
2025-12-14 11:41:17,136 - INFO - [The Hindu] Attempt 1/1: Trying with 'selenium_browser' strategy...
2025-12-14 11:41:17,137 - INFO - [Times of India] Article: https://timesofindia.indiatimes.com/world/us/alarming-antisemitic-anti-indian-graffiti-found-inside-nyu-library-probe-under-way/articleshow/125960698.cms
2025-12-14 11:41:17,137 - INFO - [Times of India] Attempt 1/1: Trying with 'selenium_browser' strategy...
2025-12-14 11:41:17,137 - INFO - [BBC] Early skip: URL https://www.bbc.com/news/articles/c5yjj2epvlro?at_medium=RSS&at_campaign=rss already exists.
2025-12-14 11:41:17,324 - INFO - [BBC] Early skip: URL https://www.bbc.com/news/articles/cly559exm87o?at_medium=RSS&at_campaign=rss already exists.
2025-12-14 11:41:17,589 - INFO - [BBC] Early skip: URL https://www.bbc.com/news/articles/ckg9l1j9wxno?at_medium=RSS&at_campaign=rss already exists.
2025-12-14 11:41:17,794 - INFO - [The Guardian] Early skip: URL https://www.theguardian.com/world/2025/dec/12/thailand-and-cambodia-agree-to-restart-ceasefire-brokered-by-us-says-trump already exists.
2025-12-14 11:41:17,966 - INFO - [BBC] Early skip: URL https://www.bbc.com/news/articles/c8dyy47qy82o?at_medium=RSS&at_campaign=rss already exists.
2025-12-14 11:41:18,245 - INFO - [The Guardian] Early skip: URL https://www.theguardian.com/world/2025/dec/13/north-korea-troops-cleared-landmines-russia-kim-jong-un already exists.
2025-12-14 11:41:18,421 - INFO - [BBC] Early skip: URL https://www.bbc.com/news/articles/cj38rj0y6k5o?at_medium=RSS&at_campaign=rss already exists.
2025-12-14 11:41:18,633 - INFO - [BBC] Early skip: URL https://www.bbc.com/news/articles/c4gk34k9k23o?at_medium=RSS&at_campaign=rss already exists.
2025-12-14 11:41:18,844 - INFO - [The Guardian] Early skip: URL https://www.theguardian.com/world/2025/dec/12/indonesia-floods-extinction-level-rare-orangutan-tapanuli already exists.
2025-12-14 11:41:18,975 - INFO - [BBC] Early skip: URL https://www.bbc.com/news/articles/cx2dp15zglxo?at_medium=RSS&at_campaign=rss already exists.
2025-12-14 11:41:19,121 - INFO - [The Guardian] Early skip: URL https://www.theguardian.com/world/2025/dec/12/south-korea-exam-chief-quits-after-complaints-english-test-was-too-hard already exists.
2025-12-14 11:41:19,412 - INFO - [The Guardian] Early skip: URL https://www.theguardian.com/australia-news/live/2025/dec/14/nsw-police-responding-to-reports-of-shooting-at-sydneys-bondi-beach-follow-latest already exists.
2025-12-14 11:41:19,561 - INFO - [The Guardian] Early skip: URL https://www.theguardian.com/australia-news/2025/dec/14/police-advise-people-to-take-shelter-following-reports-of-active-shooter-at-bondi-beach already exists.
2025-12-14 11:41:19,587 - INFO - [The Hindu] Page content loaded.
2025-12-14 11:41:19,676 - INFO - [The Guardian] Early skip: URL https://www.theguardian.com/australia-news/2025/dec/14/michelle-rowland-to-repay-part-of-family-trip-to-wa-ipea-watchdog-finds-spending-breached-rules already exists.
2025-12-14 11:41:19,795 - INFO - [The Guardian] Early skip: URL https://www.theguardian.com/australia-news/live/2025/dec/14/australia-news-live-michelle-rowland-family-travel-entitlements-labor-liberal-coles-woolworths-price-gouging-nsw-vic-wa-fire-weather-heatwave-warnings-albanese-sussan-ley-ntwnfb already exists.
2025-12-14 11:41:19,850 - INFO - [The Hindu] Success with 'selenium_browser'. Found content (464 words).
2025-12-14 11:41:19,932 - INFO - [The Guardian] Early skip: URL https://www.theguardian.com/australia-news/2025/dec/14/police-join-search-for-belgian-tourist-after-phone-found-in-tasmanian-wilderness-two-years-since-she-went-missing already exists.
2025-12-14 11:41:20,069 - INFO - [The Guardian] Early skip: URL https://www.theguardian.com/world/2025/dec/14/like-a-mini-louvre-two-generations-of-rothschilds-fight-over-treasure-trove-of-artworks already exists.
2025-12-14 11:41:20,224 - INFO - [The Guardian] Early skip: URL https://www.theguardian.com/world/2025/dec/13/belarus-releases-123-prisoners-including-opposition-leaders-after-us-lifts-sanctions already exists.
2025-12-14 11:41:20,356 - INFO - [The Guardian] Early skip: URL https://www.theguardian.com/fashion/2025/dec/13/veja-ethical-paris-trainer-worn-a-listers-and-royalty already exists.
2025-12-14 11:41:20,535 - INFO - [The Guardian] Early skip: URL https://www.theguardian.com/law/2025/dec/13/europe-echr-rethink-moral-retreat-say-human-rights-experts already exists.
2025-12-14 11:41:37,226 - ERROR - [Times of India] Request failed for strategy 'selenium_browser' on URL https://timesofindia.indiatimes.com/world/us/alarming-antisemitic-anti-indian-graffiti-found-inside-nyu-library-probe-under-way/articleshow/125960698.cms: Message: timeout: Timed out receiving message from renderer: 19.878
  (Session info: chrome=143.0.7499.40)
Stacktrace:
#0 0x55e4442d319a <unknown>
#1 0x55e443d50c4b <unknown>
#2 0x55e443d38cf3 <unknown>
#3 0x55e443d389d6 <unknown>
#4 0x55e443d36897 <unknown>
#5 0x55e443d371af <unknown>
#6 0x55e443d45970 <unknown>
#7 0x55e443d5f017 <unknown>
#8 0x55e443d656cb <unknown>
#9 0x55e443d378d8 <unknown>
#10 0x55e443d5edc3 <unknown>
#11 0x55e443dedf60 <unknown>
#12 0x55e443d94c42 <unknown>
#13 0x55e443d958f1 <unknown>
#14 0x55e44429bf39 <unknown>
#15 0x55e44429ee7d <unknown>
#16 0x55e444284c81 <unknown>
#17 0x55e44429fa5b <unknown>
#18 0x55e44426ba50 <unknown>
#19 0x55e4442c0aa8 <unknown>
#20 0x55e4442c0c79 <unknown>
#21 0x55e4442d24f3 <unknown>
#22 0x7fa58a29caa4 <unknown>
#23 0x7fa58a329c6c <unknown>

2025-12-14 11:41:37,226 - ERROR - [Times of India] All scrape strategies failed for https://timesofindia.indiatimes.com/world/us/alarming-antisemitic-anti-indian-graffiti-found-inside-nyu-library-probe-under-way/articleshow/125960698.cms. Falling back to RSS description.
2025-12-14 11:41:37,226 - WARNING - SKIPPED (GLOBAL WORD LIMIT): Article '‘Alarming’: Antisemitic, anti-Indian graffiti found inside NYU library; probe under way' from Times of India has only 45 words (Min: 90).
2025-12-14 11:42:17,344 - INFO - Saved article: Kerala Governor flags judicial overreach in university V-C selection - The Hindu from The Hindu (464 words)
2025-12-14 11:42:17,344 - INFO - [BBC] Early skip: URL https://www.bbc.com/news/articles/czrkkm83znpo?at_medium=RSS&at_campaign=rss already exists.
2025-12-14 11:42:17,598 - INFO - [The Guardian] Early skip: URL https://www.theguardian.com/world/2025/dec/12/eu-to-freeze-210bn-in-russian-assets-indefinitely already exists.
2025-12-14 11:42:17,822 - INFO - [Times of India] Article: https://timesofindia.indiatimes.com/world/rest-of-world/sydney-shooting-bystander-tackles-gunman-at-bondi-beach-heroic-act-caught-on-camera/articleshow/125959905.cms
2025-12-14 11:42:17,822 - INFO - [Times of India] Attempt 1/1: Trying with 'selenium_browser' strategy...
2025-12-14 11:42:17,822 - INFO - [BBC] Early skip: URL https://www.bbc.com/news/articles/c075mr3190mo?at_medium=RSS&at_campaign=rss already exists.
2025-12-14 11:42:17,990 - INFO - [BBC] Early skip: URL https://www.bbc.com/news/articles/c0q5pygel84o?at_medium=RSS&at_campaign=rss already exists.
2025-12-14 11:42:18,187 - INFO - [The Guardian] Early skip: URL https://www.theguardian.com/world/2025/dec/13/israel-says-its-military-killed-hamas-commander-raed-saed-in-gaza-city-strike already exists.
2025-12-14 11:42:18,407 - INFO - [BBC] Article: https://www.bbc.com/news/videos/c8jw3841vk9o?at_medium=RSS&at_campaign=rss
2025-12-14 11:42:18,407 - INFO - [BBC] Attempt 1/1: Trying with 'requests_browser' strategy...
2025-12-14 11:42:18,409 - INFO - [The Guardian] Early skip: URL https://www.theguardian.com/world/2025/dec/13/new-israeli-barrier-slice-through-precious-west-bank-farmland already exists.
2025-12-14 11:42:18,625 - INFO - [The Hindu] Early skip: URL https://www.thehindu.com/news/national/tamil-nadu/after-madras-hc-order-igr-issues-advisory-onconcession-in-stamp-duty-registrationfee-in-special-economic-zone-area/article70395243.ece already exists.
2025-12-14 11:42:18,665 - INFO - [Times of India] Page content loaded.
2025-12-14 11:42:18,837 - INFO - [Times of India] Success with 'selenium_browser'. Found content (596 words).
2025-12-14 11:42:18,869 - INFO - [The Guardian] Early skip: URL https://www.theguardian.com/world/2025/dec/12/nobel-peace-prize-laureate-narges-mohammadi-arrested-iran already exists.
2025-12-14 11:42:18,969 - WARNING - [BBC] FAILED with 'requests_browser' (content was too short: 60 words).
2025-12-14 11:42:18,969 - ERROR - [BBC] All scrape strategies failed for https://www.bbc.com/news/videos/c8jw3841vk9o?at_medium=RSS&at_campaign=rss. Falling back to RSS description.
2025-12-14 11:42:18,969 - WARNING - SKIPPED (GLOBAL WORD LIMIT): Article 'BBC captures celebrations as Belarus frees political prisoners' from BBC has only 18 words (Min: 90).
2025-12-14 11:42:19,022 - INFO - [The Guardian] Early skip: URL https://www.theguardian.com/tv-and-radio/2025/dec/11/nemo-eurovision-winner-2024-hand-back-trophy-protest-israel-taking-part-2025 already exists.
2025-12-14 11:43:07,865 - INFO - DEDUPLICATION: Found match (Score: 0.82). Linking to Cluster ID: b1f403b7-fc3a-4108-a393-565558bb0d21
2025-12-14 11:43:07,867 - INFO - Saved article: Sydney shooting: Bystander tackles gunman at Bondi Beach; heroic act caught on camera - The Times of India from Times of India (596 words)
2025-12-14 11:43:07,868 - INFO - [The Hindu] Article: https://www.thehindu.com/news/cities/Coimbatore/take-dmk-achievementsevery-household-turn-them-into-votes-cm-stalin/article70395210.ece
2025-12-14 11:43:07,868 - INFO - [The Hindu] Attempt 1/1: Trying with 'selenium_browser' strategy...
2025-12-14 11:43:07,869 - INFO - [The Guardian] Early skip: URL https://www.theguardian.com/global-development/2025/dec/11/child-bride-spared-execution-iran-blood-money-goli-kouhkan already exists.
2025-12-14 11:43:08,004 - INFO - [BBC] Early skip: URL https://www.bbc.com/news/videos/c80xx09k485o?at_medium=RSS&at_campaign=rss already exists.
2025-12-14 11:43:08,137 - INFO - [BBC] Early skip: URL https://www.bbc.com/news/videos/c9977k5jyr4o?at_medium=RSS&at_campaign=rss already exists.
2025-12-14 11:43:08,437 - INFO - [BBC] Article: https://www.bbc.com/news/videos/c93ww718g2vo?at_medium=RSS&at_campaign=rss
2025-12-14 11:43:08,438 - INFO - [BBC] Attempt 1/1: Trying with 'requests_browser' strategy...
2025-12-14 11:43:08,544 - WARNING - [BBC] FAILED with 'requests_browser' (content was too short: 86 words).
2025-12-14 11:43:08,544 - ERROR - [BBC] All scrape strategies failed for https://www.bbc.com/news/videos/c93ww718g2vo?at_medium=RSS&at_campaign=rss. Falling back to RSS description.
2025-12-14 11:43:08,544 - WARNING - SKIPPED (GLOBAL WORD LIMIT): Article 'Six injured as house explodes in California' from BBC has only 17 words (Min: 90).
2025-12-14 11:43:08,863 - INFO - [Times of India] Article: https://timesofindia.indiatimes.com/world/rest-of-world/sydney-bondi-beach-shooting-israel-president-condemns-cruel-attack-on-jews-top-developments/articleshow/125960181.cms
2025-12-14 11:43:08,863 - INFO - [Times of India] Attempt 1/1: Trying with 'selenium_browser' strategy...
2025-12-14 11:43:09,449 - INFO - [The Hindu] Page content loaded.
2025-12-14 11:43:09,699 - INFO - [The Hindu] Success with 'selenium_browser'. Found content (489 words).
2025-12-14 11:43:12,720 - INFO - [Times of India] Page content loaded.
2025-12-14 11:43:13,154 - INFO - [Times of India] Success with 'selenium_browser'. Found content (789 words).
2025-12-14 11:43:59,423 - INFO - Saved article: Take the achievements of DMK government to every household and turn them into votes, says Chief Minister - The Hindu from The Hindu (489 words)
2025-12-14 11:43:59,423 - INFO - [BBC] Early skip: URL https://www.bbc.com/news/videos/ce91de8x9p1o?at_medium=RSS&at_campaign=rss already exists.
2025-12-14 11:44:44,526 - INFO - DEDUPLICATION: Found match (Score: 0.92). Linking to Cluster ID: b1f403b7-fc3a-4108-a393-565558bb0d21
2025-12-14 11:44:44,528 - INFO - Saved article: Sydney: Bondi Beach mass shooting declared 'terror incident' - top developments - The Times of India from Times of India (789 words)
2025-12-14 11:44:44,529 - INFO - [The Hindu] Article: https://www.thehindu.com/news/cities/Coimbatore/erode-sp-inspects-venue-for-tvks-public-meeting-in-perundurai-on-dec-18/article70395306.ece
2025-12-14 11:44:44,529 - INFO - [The Hindu] Attempt 1/1: Trying with 'selenium_browser' strategy...
2025-12-14 11:44:45,733 - INFO - [The Hindu] Page content loaded.
2025-12-14 11:44:45,803 - INFO - [Times of India] Early skip: URL https://timesofindia.indiatimes.com/world/middle-east/dubai-ruler-sheikh-mohammed-awards-great-arab-minds-honour-to-palestinian-architect-suad-al-amri/articleshow/125960018.cms already exists.
2025-12-14 11:44:45,857 - INFO - [The Hindu] Success with 'selenium_browser'. Found content (256 words).
2025-12-14 11:45:29,310 - CRITICAL - --- TIMEOUT: 2 scrape jobs did not complete in 300s. ---
2025-12-14 11:45:29,310 - ERROR - A thread has timed out and will be abandoned.
2025-12-14 11:45:29,310 - ERROR - A thread has timed out and will be abandoned.
2025-12-14 11:45:29,310 - INFO - Shutting down thread pool (wait=False)...
2025-12-14 11:45:29,310 - INFO - Scraped: 1 The Guardian, 0 BBC, 2 Timed_Out_Jobs articles. (Total saved: 1)
2025-12-14 11:45:29,311 - INFO - --- Scraping job finished ---
2025-12-14 11:45:29,311 - INFO - --- Scraper service stopped and database connection closed. ---
2025-12-14 11:45:29,311 - INFO - --- Main thread finished. Forcing process exit to kill zombie threads. ---
