2025-12-22 15:48:14,443 - INFO - Loading AI Semantic Model (all-MiniLM-L6-v2)...
2025-12-22 15:48:14,444 - INFO - Use pytorch device_name: cpu
2025-12-22 15:48:14,444 - INFO - Load pretrained SentenceTransformer: all-MiniLM-L6-v2
2025-12-22 15:48:15,734 - INFO - AI Model loaded successfully.
2025-12-22 15:48:15,734 - INFO - --- Scraper service started (CI Mode: Run Once) ---
2025-12-22 15:48:15,734 - INFO - --- Starting new scraping job (Parallel Mode) ---
2025-12-22 15:48:15,734 - INFO - Creating new robust session with 3 retries on 5xx/connection/read errors.
2025-12-22 15:48:15,734 - INFO - Proxy is DISABLED.
2025-12-22 15:48:15,734 - INFO - Starting scrape for BBC RSS feed: http://feeds.bbci.co.uk/news/world/rss.xml
2025-12-22 15:48:15,735 - INFO - [Times of India] (Thread) requires Selenium. Initializing driver...
2025-12-22 15:48:15,736 - INFO - Starting scrape for The Guardian RSS feed: https://www.theguardian.com/world/rss
2025-12-22 15:48:15,737 - INFO - [The Hindu] (Thread) requires Selenium. Initializing driver...
2025-12-22 15:48:15,737 - INFO - Submitted 4 jobs to thread pool. Waiting up to 300s for completion...
2025-12-22 15:48:15,856 - INFO - Found 45 articles in The Guardian RSS feed. Processing up to 30.
2025-12-22 15:48:15,856 - INFO - [The Guardian] Early skip: URL https://www.theguardian.com/world/2025/dec/22/freed-nigerian-schoolchildren-set-to-be-reunited-with-families already exists.
2025-12-22 15:48:15,993 - INFO - [The Guardian] Early skip: URL https://www.theguardian.com/world/2025/dec/21/more-kidnapped-schoolchildren-freed-in-nigeria already exists.
2025-12-22 15:48:16,027 - INFO - Found 31 articles in BBC RSS feed. Processing up to 30.
2025-12-22 15:48:16,216 - INFO - [BBC] Early skip: URL https://www.bbc.com/news/articles/ckgmd132ge4o?at_medium=RSS&at_campaign=rss already exists.
2025-12-22 15:48:16,491 - INFO - [The Guardian] Early skip: URL https://www.theguardian.com/uk-news/2025/dec/21/manchester-museum-uncover-hidden-histories-africa-hub already exists.
2025-12-22 15:48:16,687 - INFO - [BBC] Article: https://www.bbc.com/news/articles/cz0n51p00jmo?at_medium=RSS&at_campaign=rss
2025-12-22 15:48:16,687 - INFO - [BBC] Attempt 1/1: Trying with 'requests_browser' strategy...
2025-12-22 15:48:16,688 - INFO - [The Guardian] Early skip: URL https://www.theguardian.com/global-development/2025/dec/21/sweden-and-germany-slash-aid-budgets-to-focus-on-ukraine-and-defence-spending already exists.
2025-12-22 15:48:16,814 - INFO - [BBC] Success with 'requests_browser'. Found content (356 words).
2025-12-22 15:48:21,087 - INFO - Selenium driver initialized successfully.
2025-12-22 15:48:21,087 - INFO - Starting scrape for The Hindu RSS feed: https://www.thehindu.com/news/national/feeder/default.rss
2025-12-22 15:48:21,089 - INFO - Selenium driver initialized successfully.
2025-12-22 15:48:21,089 - INFO - Starting scrape for Times of India RSS feed: https://timesofindia.indiatimes.com/rssfeeds/296589292.cms
2025-12-22 15:48:21,255 - INFO - Found 20 articles in Times of India RSS feed. Processing up to 30.
2025-12-22 15:48:22,112 - INFO - Found 100 articles in The Hindu RSS feed. Processing up to 30.
2025-12-22 15:49:00,054 - INFO - DEDUPLICATION: Found match (Score: 0.85). Linking to Cluster ID: a8932aaf-a026-4c48-9c7a-2758b0b0f059
2025-12-22 15:49:00,057 - INFO - Saved article: Élysée Palace staff member to stand trial over theft of precious tableware from BBC (356 words)
2025-12-22 15:49:00,057 - INFO - [The Guardian] Early skip: URL https://www.theguardian.com/world/2025/dec/21/gunmen-johannesburg-township-in-south-africas-second-mass-shooting-within-weeks already exists.
2025-12-22 15:49:00,198 - INFO - [Times of India] Article: https://timesofindia.indiatimes.com/world/us-streamers/goodbye-and-farewell-jourdin-pauline-steps-away-from-social-media-after-cyberbullying-storm-following-assault-claims/articleshow/126124414.cms
2025-12-22 15:49:00,198 - INFO - [Times of India] Attempt 1/1: Trying with 'selenium_browser' strategy...
2025-12-22 15:49:00,199 - INFO - [The Hindu] Article: https://www.thehindu.com/news/national/bihar/bihar-witnesses-decline-in-number-of-major-criminal-cases/article70426445.ece
2025-12-22 15:49:00,199 - INFO - [The Hindu] Attempt 1/1: Trying with 'selenium_browser' strategy...
2025-12-22 15:49:00,199 - INFO - [The Guardian] Early skip: URL https://www.theguardian.com/media/2025/dec/22/cbs-news-delays-60-minutes-segment-featuring-investigation-into-cecot-megaprison already exists.
2025-12-22 15:49:00,483 - INFO - [The Guardian] Early skip: URL https://www.theguardian.com/world/2025/dec/22/man-jailed-1335-years-el-salvador-sentences-ms-13-gang-members already exists.
2025-12-22 15:49:00,661 - INFO - [The Guardian] Early skip: URL https://www.theguardian.com/us-news/2025/dec/21/coast-guard-pursuing-oil-tanker-venezuela-coast already exists.
2025-12-22 15:49:00,915 - INFO - [The Guardian] Early skip: URL https://www.theguardian.com/us-news/2025/dec/20/us-second-merchant-vessel-venezuela already exists.
2025-12-22 15:49:01,082 - INFO - [The Guardian] Early skip: URL https://www.theguardian.com/us-news/2025/dec/19/trump-venezuela-war already exists.
2025-12-22 15:49:01,342 - INFO - [The Guardian] Early skip: URL https://www.theguardian.com/business/2025/dec/22/china-hits-eu-dairy-industry-with-tariffs already exists.
2025-12-22 15:49:01,555 - INFO - [The Guardian] Early skip: URL https://www.theguardian.com/world/2025/dec/22/jeju-air-crash-independent-inquiry-south-korea already exists.
2025-12-22 15:49:01,699 - INFO - [BBC] Early skip: URL https://www.bbc.com/news/articles/c8jwn9wznx1o?at_medium=RSS&at_campaign=rss already exists.
2025-12-22 15:49:01,928 - INFO - [BBC] Early skip: URL https://www.bbc.com/news/articles/c5ydej888n9o?at_medium=RSS&at_campaign=rss already exists.
2025-12-22 15:49:02,041 - INFO - [The Guardian] Early skip: URL https://www.theguardian.com/world/2025/dec/22/new-zealand-christchurch-spoof-absurdist-road-signs already exists.
2025-12-22 15:49:02,299 - INFO - [The Guardian] Early skip: URL https://www.theguardian.com/environment/2025/dec/21/takahe-chick-rare-born-new-zealand already exists.
2025-12-22 15:49:02,598 - INFO - [The Guardian] Early skip: URL https://www.theguardian.com/world/2025/dec/19/mass-stabbing-tapei already exists.
2025-12-22 15:49:02,711 - INFO - [BBC] Early skip: URL https://www.bbc.com/news/articles/ce86l95gx5po?at_medium=RSS&at_campaign=rss already exists.
2025-12-22 15:49:02,819 - INFO - [BBC] Early skip: URL https://www.bbc.com/news/articles/cd74ldr2zryo?at_medium=RSS&at_campaign=rss already exists.
2025-12-22 15:49:03,079 - INFO - [The Guardian] Early skip: URL https://www.theguardian.com/australia-news/2025/dec/22/a-champion-of-aboriginal-rights-alice-springs-leader-geoffrey-shaw-dies-aged-79 already exists.
2025-12-22 15:49:03,288 - INFO - [BBC] Early skip: URL https://www.bbc.com/news/articles/cdd5j9jdvy9o?at_medium=RSS&at_campaign=rss already exists.
2025-12-22 15:49:03,540 - INFO - [BBC] Early skip: URL https://www.bbc.com/news/articles/cn5lnzlvqg2o?at_medium=RSS&at_campaign=rss already exists.
2025-12-22 15:49:03,834 - INFO - [BBC] Early skip: URL https://www.bbc.com/news/articles/cj9ydj7y0vvo?at_medium=RSS&at_campaign=rss already exists.
2025-12-22 15:49:03,943 - INFO - [BBC] Early skip: URL https://www.bbc.com/news/articles/c99722j4lkgo?at_medium=RSS&at_campaign=rss already exists.
2025-12-22 15:49:04,088 - INFO - [The Guardian] Early skip: URL https://www.theguardian.com/australia-news/2025/dec/22/its-understandable-the-minns-government-wants-to-take-action-but-taking-a-pause-might-be-wiser already exists.
2025-12-22 15:49:04,273 - INFO - [The Guardian] Early skip: URL https://www.theguardian.com/australia-news/2025/dec/22/dan-elkayam-bondi-terror-attack-victim-memorial-sydney-ntwnfb already exists.
2025-12-22 15:49:04,531 - INFO - [The Guardian] Early skip: URL https://www.theguardian.com/environment/2025/dec/22/weather-tracker-flood-watches-california already exists.
2025-12-22 15:49:04,657 - INFO - [BBC] Early skip: URL https://www.bbc.com/news/articles/c3d03943zg8o?at_medium=RSS&at_campaign=rss already exists.
2025-12-22 15:49:04,855 - INFO - [BBC] Early skip: URL https://www.bbc.com/news/articles/cqjg18xe0wwo?at_medium=RSS&at_campaign=rss already exists.
2025-12-22 15:49:05,012 - INFO - [The Guardian] Early skip: URL https://www.theguardian.com/australia-news/2025/dec/22/hundreds-rally-in-sydney-against-proposed-changes-to-protest-laws already exists.
2025-12-22 15:49:05,197 - INFO - [BBC] Early skip: URL https://www.bbc.com/news/articles/cg5m49j14pyo?at_medium=RSS&at_campaign=rss already exists.
2025-12-22 15:49:05,389 - INFO - [BBC] Early skip: URL https://www.bbc.com/news/articles/cm20ppy0rreo?at_medium=RSS&at_campaign=rss already exists.
2025-12-22 15:49:05,580 - INFO - [The Guardian] Early skip: URL https://www.theguardian.com/world/live/2025/dec/22/ukraine-russia-car-bomb-general-europe-latest-news-updates already exists.
2025-12-22 15:49:05,779 - INFO - [The Guardian] Early skip: URL https://www.theguardian.com/politics/2025/dec/22/britain-economy-brexit-damage-customs-union already exists.
2025-12-22 15:49:06,008 - INFO - [BBC] Early skip: URL https://www.bbc.com/news/articles/c79xyxdpzrxo?at_medium=RSS&at_campaign=rss already exists.
2025-12-22 15:49:06,308 - INFO - [BBC] Early skip: URL https://www.bbc.com/news/articles/c9qe2yln2nlo?at_medium=RSS&at_campaign=rss already exists.
2025-12-22 15:49:06,495 - INFO - [BBC] Early skip: URL https://www.bbc.com/news/articles/c14vy02847vo?at_medium=RSS&at_campaign=rss already exists.
2025-12-22 15:49:06,671 - INFO - [BBC] Early skip: URL https://www.bbc.com/news/articles/c8r38ne1x2mo?at_medium=RSS&at_campaign=rss already exists.
2025-12-22 15:49:06,832 - INFO - [BBC] Early skip: URL https://www.bbc.com/news/articles/cjrjpdz33vxo?at_medium=RSS&at_campaign=rss already exists.
2025-12-22 15:49:07,064 - INFO - [BBC] Early skip: URL https://www.bbc.com/news/articles/cn8eknv7zkyo?at_medium=RSS&at_campaign=rss already exists.
2025-12-22 15:49:07,195 - INFO - [BBC] Early skip: URL https://www.bbc.com/news/articles/c93nwrzgypqo?at_medium=RSS&at_campaign=rss already exists.
2025-12-22 15:49:07,488 - INFO - [The Guardian] Early skip: URL https://www.theguardian.com/world/2025/dec/22/denmark-summon-us-ambassador-trump-greenland-envoy-appointment already exists.
2025-12-22 15:49:07,734 - INFO - [The Guardian] Early skip: URL https://www.theguardian.com/us-news/2025/dec/22/neo-nazi-terror-the-base already exists.
2025-12-22 15:49:07,851 - INFO - [BBC] Early skip: URL https://www.bbc.com/news/articles/c8dy5m56477o?at_medium=RSS&at_campaign=rss already exists.
2025-12-22 15:49:08,113 - INFO - [BBC] Early skip: URL https://www.bbc.com/news/articles/cx25dejn4n5o?at_medium=RSS&at_campaign=rss already exists.
2025-12-22 15:49:08,391 - INFO - [The Guardian] Early skip: URL https://www.theguardian.com/world/2025/dec/22/spanish-villagers-la-baneza-win-lottery-prizes-el-gordo already exists.
2025-12-22 15:49:08,691 - INFO - [The Guardian] Early skip: URL https://www.theguardian.com/world/2025/dec/21/israel-approves-new-jewish-settlements-occupied-west-bank already exists.
2025-12-22 15:49:08,864 - INFO - [The Guardian] Early skip: URL https://www.theguardian.com/world/2025/dec/20/israeli-troops-kill-palestinians-sheltering-in-gaza-school-hospital-chiefs already exists.
2025-12-22 15:49:08,977 - INFO - [The Guardian] Early skip: URL https://www.theguardian.com/world/2025/dec/19/gaza-famine-hunger-food-shortages-winter-flooding-un already exists.
2025-12-22 15:49:09,201 - INFO - [BBC] Early skip: URL https://www.bbc.com/news/articles/c5yqr485d84o?at_medium=RSS&at_campaign=rss already exists.
2025-12-22 15:49:09,489 - INFO - [BBC] Early skip: URL https://www.bbc.com/news/articles/c5ye91zxqv5o?at_medium=RSS&at_campaign=rss already exists.
2025-12-22 15:49:09,734 - INFO - [The Guardian] Early skip: URL https://www.theguardian.com/global-development/2025/dec/19/gaza-phd-student-manar-al-houbi-granted-access-to-uk-but-others-remain-stranded already exists.
2025-12-22 15:49:09,868 - INFO - [BBC] Early skip: URL https://www.bbc.com/news/articles/c4gp4v32z0lo?at_medium=RSS&at_campaign=rss already exists.
2025-12-22 15:49:10,083 - INFO - [The Guardian] Early skip: URL https://www.theguardian.com/global-development/2025/dec/19/iranian-boxing-champion-mohammad-javad-vafaei-sani-risk-of-execution-retrial-request-rejected already exists.
2025-12-22 15:49:10,258 - INFO - [BBC] Early skip: URL https://www.bbc.com/news/videos/cn7kpnjnmklo?at_medium=RSS&at_campaign=rss already exists.
2025-12-22 15:49:10,524 - INFO - [BBC] Article: https://www.bbc.com/news/videos/cj01pdve7rpo?at_medium=RSS&at_campaign=rss
2025-12-22 15:49:10,524 - INFO - [BBC] Attempt 1/1: Trying with 'requests_browser' strategy...
2025-12-22 15:49:10,580 - WARNING - [BBC] FAILED with 'requests_browser' (content was too short: 80 words).
2025-12-22 15:49:10,580 - ERROR - [BBC] All scrape strategies failed for https://www.bbc.com/news/videos/cj01pdve7rpo?at_medium=RSS&at_campaign=rss. Falling back to RSS description.
2025-12-22 15:49:10,580 - WARNING - SKIPPED (GLOBAL WORD LIMIT): Article 'Putin tells BBC Western leaders deceived Russia' from BBC has only 21 words (Min: 90).
2025-12-22 15:49:11,151 - INFO - [BBC] Early skip: URL https://www.bbc.com/news/videos/cly5p1vkm39o?at_medium=RSS&at_campaign=rss already exists.
2025-12-22 15:49:11,384 - INFO - [BBC] Article: https://www.bbc.com/news/videos/c5yje8pvg8jo?at_medium=RSS&at_campaign=rss
2025-12-22 15:49:11,384 - INFO - [BBC] Attempt 1/1: Trying with 'requests_browser' strategy...
2025-12-22 15:49:11,441 - WARNING - [BBC] FAILED with 'requests_browser' (content was too short: 74 words).
2025-12-22 15:49:11,441 - ERROR - [BBC] All scrape strategies failed for https://www.bbc.com/news/videos/c5yje8pvg8jo?at_medium=RSS&at_campaign=rss. Falling back to RSS description.
2025-12-22 15:49:11,441 - WARNING - SKIPPED (GLOBAL WORD LIMIT): Article 'What does TikTok's deal mean for America's users?' from BBC has only 21 words (Min: 90).
2025-12-22 15:49:20,222 - ERROR - [Times of India] Request failed for strategy 'selenium_browser' on URL https://timesofindia.indiatimes.com/world/us-streamers/goodbye-and-farewell-jourdin-pauline-steps-away-from-social-media-after-cyberbullying-storm-following-assault-claims/articleshow/126124414.cms: Message: timeout: Timed out receiving message from renderer: 19.314
  (Session info: chrome=143.0.7499.109)
Stacktrace:
#0 0x555a9941a61a <unknown>
#1 0x555a98e9720b <unknown>
#2 0x555a98e7f2aa <unknown>
#3 0x555a98e7ef8d <unknown>
#4 0x555a98e7ce47 <unknown>
#5 0x555a98e7d75f <unknown>
#6 0x555a98e8bf20 <unknown>
#7 0x555a98ea55e7 <unknown>
#8 0x555a98eabc9b <unknown>
#9 0x555a98e7de88 <unknown>
#10 0x555a98ea5356 <unknown>
#11 0x555a98f34580 <unknown>
#12 0x555a98edb232 <unknown>
#13 0x555a98edbee1 <unknown>
#14 0x555a993e33f9 <unknown>
#15 0x555a993e634d <unknown>
#16 0x555a993cc122 <unknown>
#17 0x555a993e6f2b <unknown>
#18 0x555a993b2c30 <unknown>
#19 0x555a99407d78 <unknown>
#20 0x555a99407f4c <unknown>
#21 0x555a99419973 <unknown>
#22 0x7efcfa29caa4 <unknown>
#23 0x7efcfa329c6c <unknown>

2025-12-22 15:49:20,222 - ERROR - [Times of India] All scrape strategies failed for https://timesofindia.indiatimes.com/world/us-streamers/goodbye-and-farewell-jourdin-pauline-steps-away-from-social-media-after-cyberbullying-storm-following-assault-claims/articleshow/126124414.cms. Falling back to RSS description.
2025-12-22 15:49:20,222 - WARNING - SKIPPED (GLOBAL WORD LIMIT): Article '“Goodbye and farewell”: Jourdin Pauline steps away from social media after cyberbullying storm following assault claims' from Times of India has only 53 words (Min: 90).
2025-12-22 15:49:20,223 - ERROR - [The Hindu] Request failed for strategy 'selenium_browser' on URL https://www.thehindu.com/news/national/bihar/bihar-witnesses-decline-in-number-of-major-criminal-cases/article70426445.ece: Message: timeout: Timed out receiving message from renderer: 19.958
  (Session info: chrome=143.0.7499.109)
Stacktrace:
#0 0x556111ef961a <unknown>
#1 0x55611197620b <unknown>
#2 0x55611195e2aa <unknown>
#3 0x55611195df8d <unknown>
#4 0x55611195be47 <unknown>
#5 0x55611195c75f <unknown>
#6 0x55611196af20 <unknown>
#7 0x5561119845e7 <unknown>
#8 0x55611198ac9b <unknown>
#9 0x55611195ce88 <unknown>
#10 0x556111984356 <unknown>
#11 0x556111a13580 <unknown>
#12 0x5561119ba232 <unknown>
#13 0x5561119baee1 <unknown>
#14 0x556111ec23f9 <unknown>
#15 0x556111ec534d <unknown>
#16 0x556111eab122 <unknown>
#17 0x556111ec5f2b <unknown>
#18 0x556111e91c30 <unknown>
#19 0x556111ee6d78 <unknown>
#20 0x556111ee6f4c <unknown>
#21 0x556111ef8973 <unknown>
#22 0x7f8bb7a9caa4 <unknown>
#23 0x7f8bb7b29c6c <unknown>

2025-12-22 15:49:20,223 - ERROR - [The Hindu] All scrape strategies failed for https://www.thehindu.com/news/national/bihar/bihar-witnesses-decline-in-number-of-major-criminal-cases/article70426445.ece. Falling back to RSS description.
2025-12-22 15:49:20,223 - WARNING - SKIPPED (GLOBAL WORD LIMIT): Article 'Bihar witnesses decline in number of major criminal cases' from The Hindu has only 26 words (Min: 90).
2025-12-22 15:49:20,838 - INFO - [The Hindu] Article: https://www.thehindu.com/news/national/kerala/mananchira-malaparamba-stretch-likely-to-be-ready-by-january-says-public-works-minister/article70426807.ece
2025-12-22 15:49:20,839 - INFO - [The Hindu] Attempt 1/1: Trying with 'selenium_browser' strategy...
2025-12-22 15:49:20,885 - INFO - [Times of India] Article: https://timesofindia.indiatimes.com/world/us/magas-carthage-moment-how-donald-trumps-empire-might-crumble-because-of-decay-within/articleshow/126124113.cms
2025-12-22 15:49:20,885 - INFO - [Times of India] Attempt 1/1: Trying with 'selenium_browser' strategy...
2025-12-22 15:49:22,111 - INFO - [The Hindu] Page content loaded.
2025-12-22 15:49:22,308 - INFO - [The Hindu] Success with 'selenium_browser'. Found content (171 words).
2025-12-22 15:49:22,458 - INFO - [Times of India] Page content loaded.
2025-12-22 15:49:22,912 - INFO - [Times of India] Success with 'selenium_browser'. Found content (1480 words).
2025-12-22 15:50:14,786 - INFO - Saved article: Mananchira-Malaparamba stretch likely to be ready by January, says Public Works Minister - The Hindu from The Hindu (171 words)
2025-12-22 15:51:02,299 - INFO - Saved article: MAGA's Carthage Moment? Why Donald Trump's empire might crumble because of decay within | World News - The Times of India from Times of India (1480 words)
2025-12-22 15:51:02,299 - INFO - [The Hindu] Article: https://www.thehindu.com/news/national/telangana/power-staff-da-fixed-at-17651/article70426926.ece
2025-12-22 15:51:02,299 - INFO - [The Hindu] Attempt 1/1: Trying with 'selenium_browser' strategy...
2025-12-22 15:51:03,293 - INFO - [Times of India] Article: https://timesofindia.indiatimes.com/world/us/3000-to-leave-now-dhs-offers-christmas-gift-to-illegal-aliens-who-self-deport-how-to-claim-it/articleshow/126124005.cms
2025-12-22 15:51:03,293 - INFO - [Times of India] Attempt 1/1: Trying with 'selenium_browser' strategy...
2025-12-22 15:51:03,889 - INFO - [The Hindu] Page content loaded.
2025-12-22 15:51:04,260 - INFO - [The Hindu] Success with 'selenium_browser'. Found content (145 words).
2025-12-22 15:51:06,303 - INFO - [Times of India] Page content loaded.
2025-12-22 15:51:06,598 - INFO - [Times of India] Success with 'selenium_browser'. Found content (238 words).
2025-12-22 15:51:53,688 - INFO - Saved article: Power staff DA fixed at 17.651% - The Hindu from The Hindu (145 words)
2025-12-22 15:52:39,700 - INFO - Saved article: ‘$3,000 to leave now’: DHS offers ‘Christmas gift’ to illegal aliens who self-deport — how to claim it? - The Times of India from Times of India (238 words)
2025-12-22 15:52:39,701 - INFO - [The Hindu] Article: https://www.thehindu.com/news/national/andhra-pradesh/tdp-selects-bc-leaders-to-lead-party-ahead-of-local-body-polls/article70425874.ece
2025-12-22 15:52:39,701 - INFO - [The Hindu] Attempt 1/1: Trying with 'selenium_browser' strategy...
2025-12-22 15:52:40,795 - INFO - [The Hindu] Page content loaded.
2025-12-22 15:52:40,837 - INFO - [The Hindu] Success with 'selenium_browser'. Found content (258 words).
2025-12-22 15:53:15,738 - CRITICAL - --- TIMEOUT: 2 scrape jobs did not complete in 300s. ---
2025-12-22 15:53:15,738 - ERROR - A thread has timed out and will be abandoned.
2025-12-22 15:53:15,738 - ERROR - A thread has timed out and will be abandoned.
2025-12-22 15:53:15,738 - INFO - Shutting down thread pool (wait=False)...
2025-12-22 15:53:15,738 - INFO - Scraped: 0 The Guardian, 1 BBC, 2 Timed_Out_Jobs articles. (Total saved: 1)
2025-12-22 15:53:15,738 - INFO - --- Scraping job finished ---
2025-12-22 15:53:15,738 - INFO - --- Scraper service stopped and database connection closed. ---
2025-12-22 15:53:15,739 - INFO - --- Main thread finished. Forcing process exit to kill zombie threads. ---
