2025-12-16 19:42:50,075 - INFO - Loading AI Semantic Model (all-MiniLM-L6-v2)...
2025-12-16 19:42:50,075 - INFO - Use pytorch device_name: cpu
2025-12-16 19:42:50,075 - INFO - Load pretrained SentenceTransformer: all-MiniLM-L6-v2
2025-12-16 19:42:51,381 - INFO - AI Model loaded successfully.
2025-12-16 19:42:51,381 - INFO - --- Scraper service started (CI Mode: Run Once) ---
2025-12-16 19:42:51,381 - INFO - --- Starting new scraping job (Parallel Mode) ---
2025-12-16 19:42:51,381 - INFO - Creating new robust session with 3 retries on 5xx/connection/read errors.
2025-12-16 19:42:51,381 - INFO - Proxy is DISABLED.
2025-12-16 19:42:51,382 - INFO - Starting scrape for BBC RSS feed: http://feeds.bbci.co.uk/news/world/rss.xml
2025-12-16 19:42:51,383 - INFO - [Times of India] (Thread) requires Selenium. Initializing driver...
2025-12-16 19:42:51,383 - INFO - Starting scrape for The Guardian RSS feed: https://www.theguardian.com/world/rss
2025-12-16 19:42:51,384 - INFO - [The Hindu] (Thread) requires Selenium. Initializing driver...
2025-12-16 19:42:51,384 - INFO - Submitted 4 jobs to thread pool. Waiting up to 300s for completion...
2025-12-16 19:42:51,492 - INFO - Found 39 articles in BBC RSS feed. Processing up to 30.
2025-12-16 19:42:51,494 - INFO - [BBC] Early skip: URL https://www.bbc.com/news/articles/cx2341yx719o?at_medium=RSS&at_campaign=rss already exists.
2025-12-16 19:42:51,527 - INFO - Found 45 articles in The Guardian RSS feed. Processing up to 30.
2025-12-16 19:42:51,640 - INFO - [The Guardian] Early skip: URL https://www.theguardian.com/world/2025/dec/16/five-key-moments-in-the-assault-on-the-rights-of-women-and-girls-in-2025 already exists.
2025-12-16 19:42:51,788 - INFO - [BBC] Early skip: URL https://www.bbc.com/news/articles/cwyvxke3wgko?at_medium=RSS&at_campaign=rss already exists.
2025-12-16 19:42:52,020 - INFO - [The Guardian] Early skip: URL https://www.theguardian.com/world/2025/dec/16/south-africa-russia-men-tricked-fighting-ukraine already exists.
2025-12-16 19:42:52,125 - INFO - [BBC] Early skip: URL https://www.bbc.com/news/articles/cpq4wgle4x5o?at_medium=RSS&at_campaign=rss already exists.
2025-12-16 19:42:52,313 - INFO - [The Guardian] Early skip: URL https://www.theguardian.com/world/2025/dec/16/libya-national-museum-reopens already exists.
2025-12-16 19:42:52,534 - INFO - [BBC] Early skip: URL https://www.bbc.com/news/articles/crk78y7k8ezo?at_medium=RSS&at_campaign=rss already exists.
2025-12-16 19:42:52,717 - INFO - [The Guardian] Early skip: URL https://www.theguardian.com/education/2025/dec/14/ghana-students-uk-universities-face-deportion-funding-crisis already exists.
2025-12-16 19:42:52,958 - INFO - [BBC] Article: https://www.bbc.com/news/articles/c8dy532193do?at_medium=RSS&at_campaign=rss
2025-12-16 19:42:52,958 - INFO - [BBC] Attempt 1/1: Trying with 'requests_browser' strategy...
2025-12-16 19:42:52,960 - INFO - [The Guardian] Early skip: URL https://www.theguardian.com/science/2025/dec/15/little-foot-hominin-fossil-may-be-new-species-of-human-ancestor already exists.
2025-12-16 19:42:53,097 - INFO - [BBC] Success with 'requests_browser'. Found content (810 words).
2025-12-16 19:42:57,765 - INFO - Selenium driver initialized successfully.
2025-12-16 19:42:57,765 - INFO - Starting scrape for Times of India RSS feed: https://timesofindia.indiatimes.com/rssfeeds/296589292.cms
2025-12-16 19:42:57,767 - INFO - Selenium driver initialized successfully.
2025-12-16 19:42:57,768 - INFO - Starting scrape for The Hindu RSS feed: https://www.thehindu.com/news/national/feeder/default.rss
2025-12-16 19:42:57,910 - INFO - Found 100 articles in The Hindu RSS feed. Processing up to 30.
2025-12-16 19:42:57,917 - INFO - Found 20 articles in Times of India RSS feed. Processing up to 30.
2025-12-16 19:43:49,992 - INFO - DEDUPLICATION: Found match (Score: 0.77). Linking to Cluster ID: fb385a5c-c2c0-448c-a07c-0e26a2e1617a
2025-12-16 19:43:49,995 - INFO - Saved article: Susie Wiles: Trump's chief of staff hits back at Vanity Fair 'hit piece' from BBC (810 words)
2025-12-16 19:43:49,996 - INFO - [The Guardian] Early skip: URL https://www.theguardian.com/world/2025/dec/16/pentagon-wont-release-full-video-caribbean-attack already exists.
2025-12-16 19:43:50,204 - INFO - [The Hindu] Article: https://www.thehindu.com/opinion/op-ed/in-a-state-of-political-flux/article70403369.ece
2025-12-16 19:43:50,204 - INFO - [The Hindu] Attempt 1/1: Trying with 'selenium_browser' strategy...
2025-12-16 19:43:50,205 - INFO - [Times of India] Article: https://timesofindia.indiatimes.com/etimes/trending/death-row-inmate-leaves-cryptic-final-words-before-being-executed-36-years-after-killing-a-mom/articleshow/126012881.cms
2025-12-16 19:43:50,205 - INFO - [Times of India] Attempt 1/1: Trying with 'selenium_browser' strategy...
2025-12-16 19:43:50,206 - INFO - [The Guardian] Early skip: URL https://www.theguardian.com/world/2025/dec/16/gulf-clan-colombia-us-terrorist-organization already exists.
2025-12-16 19:43:50,429 - INFO - [The Guardian] Early skip: URL https://www.theguardian.com/world/2025/dec/16/hay-festival-maria-corina-machado already exists.
2025-12-16 19:43:50,587 - INFO - [The Guardian] Early skip: URL https://www.theguardian.com/world/2025/dec/16/mark-carney-british-spellings-canada already exists.
2025-12-16 19:43:50,759 - INFO - [The Guardian] Early skip: URL https://www.theguardian.com/world/2025/dec/16/joesley-batista-brazil-luiz-inacio-lula-da-silva-trump already exists.
2025-12-16 19:43:51,035 - INFO - [BBC] Early skip: URL https://www.bbc.com/news/articles/c75veyzz2g2o?at_medium=RSS&at_campaign=rss already exists.
2025-12-16 19:43:51,185 - INFO - [BBC] Early skip: URL https://www.bbc.com/news/articles/c30j94p56d6o?at_medium=RSS&at_campaign=rss already exists.
2025-12-16 19:43:51,392 - INFO - [The Guardian] Early skip: URL https://www.theguardian.com/world/2025/dec/16/trump-urges-xi-jinping-to-free-hk-pro-democracy-media-tycoon-jimmy-lai already exists.
2025-12-16 19:43:51,681 - INFO - [The Guardian] Early skip: URL https://www.theguardian.com/business/2025/dec/15/uk-south-korea-sign-new-trade-deal-cars-food-drink-pharmaceutical-exports already exists.
2025-12-16 19:43:51,795 - INFO - [The Guardian] Early skip: URL https://www.theguardian.com/world/2025/dec/15/china-uyghur-human-rights-ice already exists.
2025-12-16 19:43:52,021 - INFO - [The Guardian] Early skip: URL https://www.theguardian.com/world/2025/dec/15/uk-condemns-hong-kongs-politically-motivated-targeting-of-jimmy-lai-after-conviction already exists.
2025-12-16 19:43:52,229 - INFO - [BBC] Early skip: URL https://www.bbc.com/news/articles/c7413d9xvkeo?at_medium=RSS&at_campaign=rss already exists.
2025-12-16 19:43:52,514 - INFO - [BBC] Early skip: URL https://www.bbc.com/news/articles/cvg13z47vpdo?at_medium=RSS&at_campaign=rss already exists.
2025-12-16 19:43:52,792 - INFO - [BBC] Early skip: URL https://www.bbc.com/news/articles/c3e0wd7110vo?at_medium=RSS&at_campaign=rss already exists.
2025-12-16 19:43:53,033 - INFO - [The Guardian] Early skip: URL https://www.theguardian.com/world/2025/dec/15/jimmy-lai-verdict-hong-kong-judges-national-security-charges already exists.
2025-12-16 19:43:53,165 - INFO - [The Guardian] Article: https://www.theguardian.com/australia-news/live/2025/dec/17/bondi-beach-shooting-live-updates-victims-terror-attack-jewish-festival-al-ahmed-sajid-naveed-akram-shooters-india-radicalisation-gun-control-ntwnfb
2025-12-16 19:43:53,166 - INFO - [BBC] Early skip: URL https://www.bbc.com/news/articles/c5yq5802rqeo?at_medium=RSS&at_campaign=rss already exists.
2025-12-16 19:43:53,166 - INFO - [The Guardian] Attempt 1/1: Trying with 'requests_browser' strategy...
2025-12-16 19:43:53,274 - INFO - [BBC] Early skip: URL https://www.bbc.com/news/articles/cde644367j0o?at_medium=RSS&at_campaign=rss already exists.
2025-12-16 19:43:53,483 - INFO - [BBC] Early skip: URL https://www.bbc.com/news/articles/c87l528ljeyo?at_medium=RSS&at_campaign=rss already exists.
2025-12-16 19:43:53,642 - INFO - [BBC] Early skip: URL https://www.bbc.com/news/articles/c75veyzz2g2o?at_medium=RSS&at_campaign=rss already exists.
2025-12-16 19:43:53,859 - INFO - [BBC] Early skip: URL https://www.bbc.com/news/articles/cn41gqq8vyko?at_medium=RSS&at_campaign=rss already exists.
2025-12-16 19:43:54,002 - INFO - [BBC] Early skip: URL https://www.bbc.com/news/articles/ce8qnzd680ro?at_medium=RSS&at_campaign=rss already exists.
2025-12-16 19:43:54,095 - INFO - [The Guardian] Success with 'requests_browser'. Found content (809 words).
2025-12-16 19:43:54,151 - INFO - [BBC] Early skip: URL https://www.bbc.com/news/articles/cjrjq2v7l3po?at_medium=RSS&at_campaign=rss already exists.
2025-12-16 19:43:54,399 - INFO - [BBC] Early skip: URL https://www.bbc.com/news/articles/cp844kjj37vo?at_medium=RSS&at_campaign=rss already exists.
2025-12-16 19:43:54,565 - INFO - [BBC] Early skip: URL https://www.bbc.com/news/articles/c2dz15556l1o?at_medium=RSS&at_campaign=rss already exists.
2025-12-16 19:43:54,824 - INFO - [BBC] Early skip: URL https://www.bbc.com/news/articles/cjwyzlly6eno?at_medium=RSS&at_campaign=rss already exists.
2025-12-16 19:43:55,034 - INFO - [BBC] Early skip: URL https://www.bbc.com/news/articles/cdxwg94v4veo?at_medium=RSS&at_campaign=rss already exists.
2025-12-16 19:43:55,231 - INFO - [BBC] Early skip: URL https://www.bbc.com/news/articles/ckg9ll6jpl0o?at_medium=RSS&at_campaign=rss already exists.
2025-12-16 19:43:55,762 - INFO - [The Hindu] Page content loaded.
2025-12-16 19:43:56,789 - INFO - [The Hindu] Success with 'selenium_browser'. Found content (744 words).
2025-12-16 19:44:22,324 - ERROR - [Times of India] Request failed for strategy 'selenium_browser' on URL https://timesofindia.indiatimes.com/etimes/trending/death-row-inmate-leaves-cryptic-final-words-before-being-executed-36-years-after-killing-a-mom/articleshow/126012881.cms: Message: timeout: Timed out receiving message from renderer: 19.839
  (Session info: chrome=143.0.7499.40)
Stacktrace:
#0 0x5605326cc19a <unknown>
#1 0x560532149c4b <unknown>
#2 0x560532131cf3 <unknown>
#3 0x5605321319d6 <unknown>
#4 0x56053212f897 <unknown>
#5 0x5605321301af <unknown>
#6 0x56053213e970 <unknown>
#7 0x560532158017 <unknown>
#8 0x56053215e6cb <unknown>
#9 0x5605321308d8 <unknown>
#10 0x560532157dc3 <unknown>
#11 0x5605321e6f60 <unknown>
#12 0x56053218dc42 <unknown>
#13 0x56053218e8f1 <unknown>
#14 0x560532694f39 <unknown>
#15 0x560532697e7d <unknown>
#16 0x56053267dc81 <unknown>
#17 0x560532698a5b <unknown>
#18 0x560532664a50 <unknown>
#19 0x5605326b9aa8 <unknown>
#20 0x5605326b9c79 <unknown>
#21 0x5605326cb4f3 <unknown>
#22 0x7f5a0dc9caa4 <unknown>
#23 0x7f5a0dd29c6c <unknown>

2025-12-16 19:44:22,324 - ERROR - [Times of India] All scrape strategies failed for https://timesofindia.indiatimes.com/etimes/trending/death-row-inmate-leaves-cryptic-final-words-before-being-executed-36-years-after-killing-a-mom/articleshow/126012881.cms. Falling back to RSS description.
2025-12-16 19:44:22,324 - WARNING - SKIPPED (GLOBAL WORD LIMIT): Article 'Death row inmate leaves cryptic final words before being executed 36 years after killing a mom' from Times of India has only 57 words (Min: 90).
2025-12-16 19:45:23,579 - INFO - DEDUPLICATION: Found match (Score: 0.86). Linking to Cluster ID: b1f403b7-fc3a-4108-a393-565558bb0d21
2025-12-16 19:45:23,581 - INFO - Saved article: Bondi terror attack updates: Indian police say gunman Sajid Akram was from Hyderabad and family had ‘no knowledge’ of his radicalisation | Australia news | The Guardian from The Guardian (809 words)
2025-12-16 19:45:23,581 - INFO - [BBC] Early skip: URL https://www.bbc.com/news/articles/c0kde07lvvro?at_medium=RSS&at_campaign=rss already exists.
2025-12-16 19:46:27,725 - INFO - Saved article: In a state of political flux - The Hindu from The Hindu (744 words)
2025-12-16 19:46:27,726 - INFO - [Times of India] Article: https://timesofindia.indiatimes.com/world/us/h-1b-tsunami-indian-origin-american-diplomat-says-indians-bribe-to-get-jobs-in-us-in-honor-among-thieves-environment/articleshow/126016977.cms
2025-12-16 19:46:27,726 - INFO - [Times of India] Attempt 1/1: Trying with 'selenium_browser' strategy...
2025-12-16 19:46:27,726 - INFO - [BBC] Early skip: URL https://www.bbc.com/news/articles/cvg1r89m6g7o?at_medium=RSS&at_campaign=rss already exists.
2025-12-16 19:46:27,894 - INFO - [The Guardian] Early skip: URL https://www.theguardian.com/news/2025/dec/16/australia-shooting-muslim-ban-democrats-republicans already exists.
2025-12-16 19:46:28,123 - INFO - [BBC] Early skip: URL https://www.bbc.com/news/articles/c2dz7r708dxo?at_medium=RSS&at_campaign=rss already exists.
2025-12-16 19:46:28,266 - INFO - [The Guardian] Early skip: URL https://www.theguardian.com/world/2025/dec/16/syria-ahmed-al-ahmed-who-disarmed-bondi-shooter-lauded-in-home-town already exists.
2025-12-16 19:46:28,550 - INFO - [BBC] Early skip: URL https://www.bbc.com/news/articles/c80xjkm0283o?at_medium=RSS&at_campaign=rss already exists.
2025-12-16 19:46:28,737 - INFO - [The Guardian] Early skip: URL https://www.theguardian.com/australia-news/2025/dec/17/bondi-beach-terror-attack-vigil-jews-muslims-embrace-ntwnfb already exists.
2025-12-16 19:46:28,911 - INFO - [BBC] Early skip: URL https://www.bbc.com/news/articles/ckgz15d5718o?at_medium=RSS&at_campaign=rss already exists.
2025-12-16 19:46:29,073 - INFO - [The Guardian] Early skip: URL https://www.theguardian.com/australia-news/2025/dec/16/electricity-generation-costs-third-lower-82-renewable-grid already exists.
2025-12-16 19:46:29,245 - INFO - [BBC] Early skip: URL https://www.bbc.com/news/articles/crl938n0872o?at_medium=RSS&at_campaign=rss already exists.
2025-12-16 19:46:29,531 - INFO - [The Hindu] Early skip: URL https://www.thehindu.com/news/national/congress-issues-whip-in-lok-sabha-asks-mps-to-be-present-in-house-for-next-three-days/article70404759.ece already exists.
2025-12-16 19:46:29,788 - INFO - [The Guardian] Article: https://www.theguardian.com/world/2025/dec/16/serbian-president-threatens-reprisals-belgrade-trump-tower
2025-12-16 19:46:29,788 - INFO - [The Guardian] Attempt 1/1: Trying with 'requests_browser' strategy...
2025-12-16 19:46:29,790 - INFO - [BBC] Early skip: URL https://www.bbc.com/news/articles/c8655gn84ego?at_medium=RSS&at_campaign=rss already exists.
2025-12-16 19:46:29,953 - INFO - [The Guardian] Success with 'requests_browser'. Found content (652 words).
2025-12-16 19:46:29,998 - INFO - [The Hindu] Article: https://www.thehindu.com/opinion/op-ed/india-and-the-us-2005-versus-2025/article70403395.ece
2025-12-16 19:46:29,998 - INFO - [The Hindu] Attempt 1/1: Trying with 'selenium_browser' strategy...
2025-12-16 19:46:29,999 - INFO - [BBC] Early skip: URL https://www.bbc.com/news/articles/c8dy54e6ljqo?at_medium=RSS&at_campaign=rss already exists.
2025-12-16 19:46:30,239 - INFO - [Times of India] Page content loaded.
2025-12-16 19:46:30,878 - INFO - [Times of India] Success with 'selenium_browser'. Found content (474 words).
2025-12-16 19:46:33,517 - INFO - [The Hindu] Page content loaded.
2025-12-16 19:46:33,979 - INFO - [The Hindu] Success with 'selenium_browser'. Found content (923 words).
2025-12-16 19:47:41,445 - INFO - Saved article: Serbian president threatens reprisals after plans for Belgrade Trump Tower thwarted | Serbia | The Guardian from The Guardian (652 words)
2025-12-16 19:47:51,385 - CRITICAL - --- TIMEOUT: 3 scrape jobs did not complete in 300s. ---
2025-12-16 19:47:51,385 - ERROR - A thread has timed out and will be abandoned.
2025-12-16 19:47:51,385 - ERROR - A thread has timed out and will be abandoned.
2025-12-16 19:47:51,385 - ERROR - A thread has timed out and will be abandoned.
2025-12-16 19:47:51,385 - INFO - Shutting down thread pool (wait=False)...
2025-12-16 19:47:51,385 - INFO - Scraped: 1 BBC, 3 Timed_Out_Jobs articles. (Total saved: 1)
2025-12-16 19:47:51,385 - INFO - --- Scraping job finished ---
2025-12-16 19:47:51,385 - INFO - --- Scraper service stopped and database connection closed. ---
2025-12-16 19:47:51,386 - INFO - --- Main thread finished. Forcing process exit to kill zombie threads. ---
