2026-01-18 16:31:46,878 - INFO - Loading AI Semantic Model (all-MiniLM-L6-v2)...
2026-01-18 16:31:46,879 - INFO - Use pytorch device_name: cpu
2026-01-18 16:31:46,879 - INFO - Load pretrained SentenceTransformer: all-MiniLM-L6-v2
2026-01-18 16:31:47,417 - INFO - AI Model loaded successfully.
2026-01-18 16:31:47,418 - INFO - --- Scraper service started (CI Mode: Run Once) ---
2026-01-18 16:31:47,418 - INFO - --- Starting new scraping job (Parallel Mode) ---
2026-01-18 16:31:47,418 - INFO - Creating new robust session with 3 retries on 5xx/connection/read errors.
2026-01-18 16:31:47,418 - INFO - Proxy is DISABLED.
2026-01-18 16:31:47,418 - INFO - Starting scrape for BBC RSS feed: http://feeds.bbci.co.uk/news/world/rss.xml
2026-01-18 16:31:47,419 - INFO - [Times of India] (Thread) requires Selenium. Initializing driver...
2026-01-18 16:31:47,420 - INFO - Starting scrape for The Guardian RSS feed: https://www.theguardian.com/world/rss
2026-01-18 16:31:47,421 - INFO - [The Hindu] (Thread) requires Selenium. Initializing driver...
2026-01-18 16:31:47,421 - INFO - Submitted 4 jobs to thread pool. Waiting up to 300s for completion...
2026-01-18 16:31:47,591 - INFO - Found 45 articles in The Guardian RSS feed. Processing up to 30.
2026-01-18 16:31:47,591 - INFO - [The Guardian] Early skip: URL https://www.theguardian.com/world/2026/jan/17/yoweri-museveni-wins-ugandan-election-as-opponent-condemns-fake-result already exists.
2026-01-18 16:31:47,719 - INFO - Found 37 articles in BBC RSS feed. Processing up to 30.
2026-01-18 16:31:47,724 - INFO - [BBC] Early skip: URL https://www.bbc.com/news/articles/cg5gegrdq3go?at_medium=RSS&at_campaign=rss already exists.
2026-01-18 16:31:47,996 - INFO - [The Guardian] Early skip: URL https://www.theguardian.com/uk-news/2026/jan/17/afcon-little-morocco-london-confidence-high already exists.
2026-01-18 16:31:48,197 - INFO - [BBC] Early skip: URL https://www.bbc.com/news/articles/cx20n55yxrlo?at_medium=RSS&at_campaign=rss already exists.
2026-01-18 16:31:48,399 - INFO - [The Guardian] Early skip: URL https://www.theguardian.com/environment/2026/jan/17/twin-baby-mountain-gorilla-virunga-drc-survival-conservation-aoe already exists.
2026-01-18 16:31:48,609 - INFO - [BBC] Early skip: URL https://www.bbc.com/news/articles/c74v0pxg2nvo?at_medium=RSS&at_campaign=rss already exists.
2026-01-18 16:31:48,842 - INFO - [The Guardian] Early skip: URL https://www.theguardian.com/world/2026/jan/16/uganda-election-early-results-show-museveni-in-lead-as-violence-reported already exists.
2026-01-18 16:31:49,092 - INFO - [BBC] Early skip: URL https://www.bbc.com/news/articles/cly148lvyevo?at_medium=RSS&at_campaign=rss already exists.
2026-01-18 16:31:49,231 - INFO - [The Guardian] Early skip: URL https://www.theguardian.com/us-news/2026/jan/15/hepatitis-b-vaccines-study-africa-cancel already exists.
2026-01-18 16:31:49,412 - INFO - [BBC] Early skip: URL https://www.bbc.com/news/articles/c620nq38y6po?at_medium=RSS&at_campaign=rss already exists.
2026-01-18 16:31:49,671 - INFO - [The Guardian] Early skip: URL https://www.theguardian.com/us-news/2026/jan/16/trump-administration-mistake-college-student-detained already exists.
2026-01-18 16:31:49,789 - INFO - [BBC] Early skip: URL https://www.bbc.com/news/articles/c150pg5dvp2o?at_medium=RSS&at_campaign=rss already exists.
2026-01-18 16:31:50,021 - INFO - [The Guardian] Early skip: URL https://www.theguardian.com/world/2026/jan/16/cia-chief-visits-maduro-successor-as-machado-vows-to-become-venezuelas-president already exists.
2026-01-18 16:31:50,179 - INFO - [BBC] Early skip: URL https://www.bbc.com/news/articles/c2lgxxrxd52o?at_medium=RSS&at_campaign=rss already exists.
2026-01-18 16:31:50,340 - INFO - [The Guardian] Early skip: URL https://www.theguardian.com/world/2026/jan/16/brazil-jair-bolsonaro-reduce-sentence-reading-books already exists.
2026-01-18 16:31:50,475 - INFO - [BBC] Early skip: URL https://www.bbc.com/news/articles/czejykzg77po?at_medium=RSS&at_campaign=rss already exists.
2026-01-18 16:31:50,673 - INFO - [The Guardian] Early skip: URL https://www.theguardian.com/world/2026/jan/16/china-canada-partnership-new-global-realities-carney-xi-jinping already exists.
2026-01-18 16:31:50,870 - INFO - [BBC] Early skip: URL https://www.bbc.com/news/articles/c3r1v7gqdp8o?at_medium=RSS&at_campaign=rss already exists.
2026-01-18 16:31:51,082 - INFO - [The Guardian] Early skip: URL https://www.theguardian.com/world/2026/jan/16/julio-iglesias-denies-sexual-abuse-claims-of-two-former-female-employees already exists.
2026-01-18 16:31:51,280 - INFO - [BBC] Early skip: URL https://www.bbc.com/news/articles/c5y5le7yl7po?at_medium=RSS&at_campaign=rss already exists.
2026-01-18 16:31:51,454 - INFO - [The Guardian] Early skip: URL https://www.theguardian.com/world/2026/jan/18/chinese-mega-embassy-london-british-spies-mi5-analysis already exists.
2026-01-18 16:31:51,723 - INFO - [BBC] Early skip: URL https://www.bbc.com/news/articles/ckglee733wno?at_medium=RSS&at_campaign=rss already exists.
2026-01-18 16:31:51,941 - INFO - [The Guardian] Early skip: URL https://www.theguardian.com/world/2026/jan/16/south-korea-sentences-ex-president-yoon-suk-yeol-five-years-first-martial-law-verdict already exists.
2026-01-18 16:31:52,128 - INFO - [BBC] Early skip: URL https://www.bbc.com/news/articles/c74vdgkw1kzo?at_medium=RSS&at_campaign=rss already exists.
2026-01-18 16:31:52,382 - INFO - [The Guardian] Early skip: URL https://www.theguardian.com/us-news/2026/jan/15/us-taiwan-tariff-deal already exists.
2026-01-18 16:31:52,504 - INFO - [The Guardian] Early skip: URL https://www.theguardian.com/world/2026/jan/14/thailand-train-crane-accident-deaths already exists.
2026-01-18 16:31:52,716 - INFO - [BBC] Early skip: URL https://www.bbc.com/news/articles/czejwl2z80lo?at_medium=RSS&at_campaign=rss already exists.
2026-01-18 16:31:52,841 - INFO - [The Guardian] Early skip: URL https://www.theguardian.com/world/2026/jan/14/china-reports-record-trillion-dollar-trade-surplus-despite-trump-tariffs already exists.
2026-01-18 16:31:53,068 - INFO - [BBC] Early skip: URL https://www.bbc.com/news/articles/clyn0ek5rdpo?at_medium=RSS&at_campaign=rss already exists.
2026-01-18 16:31:53,226 - INFO - [The Guardian] Early skip: URL https://www.theguardian.com/australia-news/2026/jan/18/peter-malinauskas-adelaide-writers-week-letter-randa-abdel-fattah-ntwnfb already exists.
2026-01-18 16:31:53,439 - INFO - [BBC] Early skip: URL https://www.bbc.com/news/articles/cnvg70v1z0ro?at_medium=RSS&at_campaign=rss already exists.
2026-01-18 16:31:53,659 - INFO - [The Guardian] Early skip: URL https://www.theguardian.com/australia-news/2026/jan/18/boy-fighting-for-life-after-being-bitten-by-shark-at-nielsen-park-in-sydneys-east already exists.
2026-01-18 16:31:53,764 - INFO - [BBC] Early skip: URL https://www.bbc.com/news/articles/cpv70mek448o?at_medium=RSS&at_campaign=rss already exists.
2026-01-18 16:31:53,823 - INFO - Selenium driver initialized successfully.
2026-01-18 16:31:53,823 - INFO - Starting scrape for The Hindu RSS feed: https://www.thehindu.com/news/national/feeder/default.rss
2026-01-18 16:31:53,824 - INFO - Selenium driver initialized successfully.
2026-01-18 16:31:53,824 - INFO - Starting scrape for Times of India RSS feed: https://timesofindia.indiatimes.com/rssfeeds/296589292.cms
2026-01-18 16:31:53,948 - INFO - Found 20 articles in Times of India RSS feed. Processing up to 30.
2026-01-18 16:31:53,992 - INFO - [The Guardian] Early skip: URL https://www.theguardian.com/australia-news/2026/jan/18/disappointed-jewish-leaders-call-for-compromise-on-hate-speech-laws-after-labor-backdown-on-bill-ntwnfb already exists.
2026-01-18 16:31:54,019 - INFO - Found 100 articles in The Hindu RSS feed. Processing up to 30.
2026-01-18 16:31:54,257 - INFO - [Times of India] Article: https://timesofindia.indiatimes.com/world/pakistan/middle-east-trump-invited-pm-shehbaz-sharif-to-join-gaza-board-of-peace-says-pakistan/articleshow/126644879.cms
2026-01-18 16:31:54,257 - INFO - [Times of India] Attempt 1/1: Trying with 'selenium_browser' strategy...
2026-01-18 16:31:54,257 - INFO - [BBC] Early skip: URL https://www.bbc.com/news/articles/cz7y14ypg2qo?at_medium=RSS&at_campaign=rss already exists.
2026-01-18 16:31:54,518 - INFO - [The Hindu] Article: https://www.thehindu.com/news/national/telangana/cpi-public-meeting-speakers-express-solidarity-with-people-of-venezuela/article70522917.ece
2026-01-18 16:31:54,518 - INFO - [The Hindu] Attempt 1/1: Trying with 'selenium_browser' strategy...
2026-01-18 16:31:54,519 - INFO - [The Guardian] Early skip: URL https://www.theguardian.com/australia-news/live/2026/jan/18/australia-news-live-weather-sydney-nsw-storms-sunday-politics-ntwnfb already exists.
2026-01-18 16:31:54,748 - INFO - [BBC] Early skip: URL https://www.bbc.com/news/articles/cvgjn5yyeljo?at_medium=RSS&at_campaign=rss already exists.
2026-01-18 16:31:54,966 - INFO - [The Guardian] Early skip: URL https://www.theguardian.com/sport/2026/jan/17/damien-martyn-declares-im-back-after-leaving-hospital-following-meningitis already exists.
2026-01-18 16:31:55,069 - INFO - [BBC] Early skip: URL https://www.bbc.com/news/articles/cy59pvkqvl5o?at_medium=RSS&at_campaign=rss already exists.
2026-01-18 16:31:55,328 - INFO - [The Guardian] Early skip: URL https://www.theguardian.com/world/live/2026/jan/18/greenland-eu-donald-trump-tariffs-keir-starmer-europe-live-latest-updates already exists.
2026-01-18 16:31:55,571 - INFO - [The Guardian] Early skip: URL https://www.theguardian.com/world/2026/jan/18/europe-diplomats-crisis-talks-trump-tariffs-greenland already exists.
2026-01-18 16:31:55,706 - INFO - [The Guardian] Article: https://www.theguardian.com/business/2026/jan/18/world-stock-markets-brace-for-turbulence-after-trumps-latest-tariff-shock
2026-01-18 16:31:55,706 - INFO - [The Guardian] Attempt 1/1: Trying with 'requests_browser' strategy...
2026-01-18 16:31:55,709 - INFO - [BBC] Early skip: URL https://www.bbc.com/news/articles/c1wz8vyq54xo?at_medium=RSS&at_campaign=rss already exists.
2026-01-18 16:31:55,861 - INFO - [The Guardian] Success with 'requests_browser'. Found content (589 words).
2026-01-18 16:31:55,963 - INFO - [BBC] Early skip: URL https://www.bbc.com/news/articles/c8x95nk72k2o?at_medium=RSS&at_campaign=rss already exists.
2026-01-18 16:31:56,117 - INFO - [BBC] Early skip: URL https://www.bbc.com/news/articles/cx2gjdx241wo?at_medium=RSS&at_campaign=rss already exists.
2026-01-18 16:31:56,366 - INFO - [BBC] Early skip: URL https://www.bbc.com/news/articles/c78vw30p1d2o?at_medium=RSS&at_campaign=rss already exists.
2026-01-18 16:31:58,676 - INFO - [The Hindu] Page content loaded.
2026-01-18 16:31:58,820 - INFO - [The Hindu] Success with 'selenium_browser'. Found content (388 words).
2026-01-18 16:32:56,389 - INFO - DEDUPLICATION: Found match (Score: 0.70). Linking to Cluster ID: bf0205a7-951f-4f85-ab61-186c5a3dd4f7
2026-01-18 16:32:56,391 - INFO - Saved article: World stock markets brace for turbulence after Trump’s latest tariff shock | Stock markets | The Guardian from The Guardian (589 words)
2026-01-18 16:32:56,391 - INFO - [BBC] Early skip: URL https://www.bbc.com/news/articles/crmlvym2e3eo?at_medium=RSS&at_campaign=rss already exists.
2026-01-18 16:33:44,856 - INFO - Saved article: CPI public meeting: Speakers express solidarity with people of Venezuela - The Hindu from The Hindu (388 words)
2026-01-18 16:33:44,856 - INFO - [BBC] Early skip: URL https://www.bbc.com/news/articles/cx20qj1pwrwo?at_medium=RSS&at_campaign=rss already exists.
2026-01-18 16:33:45,151 - INFO - [The Guardian] Early skip: URL https://www.theguardian.com/world/2026/jan/18/portugal-election-votes-tight-presidential-race-far-right-runoff already exists.
2026-01-18 16:33:45,302 - INFO - [BBC] Early skip: URL https://www.bbc.com/news/articles/c07xvv9r422o?at_medium=RSS&at_campaign=rss already exists.
2026-01-18 16:33:45,435 - INFO - [The Guardian] Early skip: URL https://www.theguardian.com/business/2026/jan/18/trump-tariff-threats-economic-uncertainty-analysis already exists.
2026-01-18 16:33:45,699 - INFO - [The Hindu] Article: https://www.thehindu.com/news/national/kerala/sndp-nss-newfound-friendship-leaves-opposing-alliances-in-kerala-scrambling-to-recalibrate/article70522729.ece
2026-01-18 16:33:45,699 - INFO - [The Hindu] Attempt 1/1: Trying with 'selenium_browser' strategy...
2026-01-18 16:33:45,700 - INFO - [BBC] Early skip: URL https://www.bbc.com/news/articles/c9vx7kn33elo?at_medium=RSS&at_campaign=rss already exists.
2026-01-18 16:33:45,852 - INFO - [The Guardian] Early skip: URL https://www.theguardian.com/world/2026/jan/18/israel-far-right-ministers-reject-us-backed-postwar-gaza-panel already exists.
2026-01-18 16:33:46,111 - INFO - [BBC] Early skip: URL https://www.bbc.com/news/articles/cm24k6kk1rko?at_medium=RSS&at_campaign=rss already exists.
2026-01-18 16:33:46,336 - INFO - [The Guardian] Early skip: URL https://www.theguardian.com/world/2026/jan/18/syrian-army-surges-into-kurdish-held-towns-in-betrayal-shattering-hopes-of-accord already exists.
2026-01-18 16:33:46,440 - INFO - [The Guardian] Early skip: URL https://www.theguardian.com/world/2026/jan/18/why-protesters-iran-feel-betrayed-donald-trump already exists.
2026-01-18 16:33:46,714 - INFO - [BBC] Early skip: URL https://www.bbc.com/news/articles/c62nzxqw45eo?at_medium=RSS&at_campaign=rss already exists.
2026-01-18 16:33:46,874 - INFO - [The Guardian] Early skip: URL https://www.theguardian.com/world/2026/jan/17/israel-objects-to-white-houses-pick-of-leaders-for-board-of-peace already exists.
2026-01-18 16:33:47,051 - INFO - [BBC] Early skip: URL https://www.bbc.com/news/articles/cp37eerlql1o?at_medium=RSS&at_campaign=rss already exists.
2026-01-18 16:33:47,210 - INFO - [The Guardian] Early skip: URL https://www.theguardian.com/world/2026/jan/17/child-mortality-crisis-continues-in-gaza-with-more-than-100-killed-since-ceasefire already exists.
2026-01-18 16:33:47,400 - INFO - [The Hindu] Page content loaded.
2026-01-18 16:33:47,811 - INFO - [The Hindu] Success with 'selenium_browser'. Found content (501 words).
2026-01-18 16:33:54,358 - ERROR - [Times of India] Request failed for strategy 'selenium_browser' on URL https://timesofindia.indiatimes.com/world/pakistan/middle-east-trump-invited-pm-shehbaz-sharif-to-join-gaza-board-of-peace-says-pakistan/articleshow/126644879.cms: HTTPConnectionPool(host='localhost', port=34349): Read timed out. (read timeout=120)
2026-01-18 16:33:54,358 - ERROR - [Times of India] All scrape strategies failed for https://timesofindia.indiatimes.com/world/pakistan/middle-east-trump-invited-pm-shehbaz-sharif-to-join-gaza-board-of-peace-says-pakistan/articleshow/126644879.cms. Falling back to RSS description.
2026-01-18 16:33:54,358 - WARNING - SKIPPED (GLOBAL WORD LIMIT): Article 'Middle East: Trump invited PM Shehbaz Sharif to join Gaza 'Board of Peace', says Pakistan' from Times of India has only 55 words (Min: 90).
2026-01-18 16:34:32,829 - INFO - DEDUPLICATION: Found match (Score: 0.77). Linking to Cluster ID: 454a0a1e-b789-49e9-bb18-5d6a54dd1542
2026-01-18 16:34:32,831 - INFO - Saved article: SNDP, NSS newfound friendship leaves opposing alliances in Kerala scrambling to recalibrate - The Hindu from The Hindu (501 words)
2026-01-18 16:34:32,832 - INFO - [Times of India] Article: https://timesofindia.indiatimes.com/world/us/watch-andrew-tate-nick-fuentes-and-others-caught-dancing-to-heil-hitler-netizens-shout-sinister/articleshow/126648049.cms
2026-01-18 16:34:32,832 - INFO - [Times of India] Attempt 1/1: Trying with 'selenium_browser' strategy...
2026-01-18 16:34:33,361 - INFO - [The Hindu] Article: https://www.thehindu.com/news/national/karnataka/kea-to-allot-vacant-special-quota-seats-under-general-merit-in-cet-counselling/article70521942.ece
2026-01-18 16:34:33,362 - INFO - [The Hindu] Attempt 1/1: Trying with 'selenium_browser' strategy...
2026-01-18 16:34:35,678 - INFO - [The Hindu] Page content loaded.
2026-01-18 16:34:35,795 - INFO - [The Hindu] Success with 'selenium_browser'. Found content (539 words).
2026-01-18 16:35:22,430 - INFO - Saved article: KEA to allot vacant special quota seats under general merit in CET counselling - The Hindu from The Hindu (539 words)
2026-01-18 16:35:23,881 - INFO - [The Hindu] Article: https://www.thehindu.com/news/national/rahul-gandhi-to-attend-mgnrega-protest-in-rae-bareli/article70522932.ece
2026-01-18 16:35:23,881 - INFO - [The Hindu] Attempt 1/1: Trying with 'selenium_browser' strategy...
2026-01-18 16:35:24,864 - INFO - [The Hindu] Page content loaded.
2026-01-18 16:35:25,007 - WARNING - [The Hindu] FAILED with 'selenium_browser' (content was too short: 88 words).
2026-01-18 16:35:25,007 - ERROR - [The Hindu] All scrape strategies failed for https://www.thehindu.com/news/national/rahul-gandhi-to-attend-mgnrega-protest-in-rae-bareli/article70522932.ece. Falling back to RSS description.
2026-01-18 16:35:25,007 - WARNING - SKIPPED (GLOBAL WORD LIMIT): Article 'Rahul Gandhi to attend MGNREGA protest in Rae Bareli' from The Hindu has only 17 words (Min: 90).
2026-01-18 16:35:26,222 - INFO - [The Hindu] Article: https://www.thehindu.com/news/national/telangana/hit-and-run-accident-victim-succumbs-to-injuries/article70522948.ece
2026-01-18 16:35:26,222 - INFO - [The Hindu] Attempt 1/1: Trying with 'selenium_browser' strategy...
2026-01-18 16:35:27,133 - INFO - [The Hindu] Page content loaded.
2026-01-18 16:35:27,236 - INFO - [The Hindu] Success with 'selenium_browser'. Found content (134 words).
2026-01-18 16:36:14,573 - INFO - Saved article: Hit-and-run accident victim succumbs to injuries - The Hindu from The Hindu (134 words)
2026-01-18 16:36:15,174 - INFO - [The Hindu] Article: https://www.thehindu.com/news/national/telangana/over-500-booked-for-drunk-driving-in-hyderabad-and-cyberabad/article70522321.ece
2026-01-18 16:36:15,174 - INFO - [The Hindu] Attempt 1/1: Trying with 'selenium_browser' strategy...
2026-01-18 16:36:16,576 - INFO - [The Hindu] Page content loaded.
2026-01-18 16:36:16,694 - INFO - [The Hindu] Success with 'selenium_browser'. Found content (180 words).
2026-01-18 16:36:32,931 - ERROR - [Times of India] Request failed for strategy 'selenium_browser' on URL https://timesofindia.indiatimes.com/world/us/watch-andrew-tate-nick-fuentes-and-others-caught-dancing-to-heil-hitler-netizens-shout-sinister/articleshow/126648049.cms: HTTPConnectionPool(host='localhost', port=34349): Read timed out. (read timeout=120)
2026-01-18 16:36:32,932 - ERROR - [Times of India] All scrape strategies failed for https://timesofindia.indiatimes.com/world/us/watch-andrew-tate-nick-fuentes-and-others-caught-dancing-to-heil-hitler-netizens-shout-sinister/articleshow/126648049.cms. Falling back to RSS description.
2026-01-18 16:36:32,932 - WARNING - SKIPPED (GLOBAL WORD LIMIT): Article 'Watch: Andrew Tate, Nick Fuentes and others caught dancing to 'Heil Hitler', netizens shout 'sinister'' from Times of India has only 58 words (Min: 90).
2026-01-18 16:36:47,421 - CRITICAL - --- TIMEOUT: 2 scrape jobs did not complete in 300s. ---
2026-01-18 16:36:47,421 - ERROR - A thread has timed out and will be abandoned.
2026-01-18 16:36:47,421 - ERROR - A thread has timed out and will be abandoned.
2026-01-18 16:36:47,421 - INFO - Shutting down thread pool (wait=False)...
2026-01-18 16:36:47,422 - INFO - Scraped: 0 BBC, 1 The Guardian, 2 Timed_Out_Jobs articles. (Total saved: 1)
2026-01-18 16:36:47,422 - INFO - --- Scraping job finished ---
2026-01-18 16:36:47,422 - INFO - --- Scraper service stopped and database connection closed. ---
2026-01-18 16:36:47,422 - INFO - --- Main thread finished. Forcing process exit to kill zombie threads. ---
