2026-01-10 22:46:17,932 - INFO - Loading AI Semantic Model (all-MiniLM-L6-v2)...
2026-01-10 22:46:17,933 - INFO - Use pytorch device_name: cpu
2026-01-10 22:46:17,933 - INFO - Load pretrained SentenceTransformer: all-MiniLM-L6-v2
2026-01-10 22:46:22,923 - INFO - AI Model loaded successfully.
2026-01-10 22:46:22,923 - INFO - --- Scraper service started (CI Mode: Run Once) ---
2026-01-10 22:46:22,923 - INFO - --- Starting new scraping job (Parallel Mode) ---
2026-01-10 22:46:22,923 - INFO - Creating new robust session with 3 retries on 5xx/connection/read errors.
2026-01-10 22:46:22,923 - INFO - Proxy is DISABLED.
2026-01-10 22:46:22,924 - INFO - Starting scrape for BBC RSS feed: http://feeds.bbci.co.uk/news/world/rss.xml
2026-01-10 22:46:22,925 - INFO - [Times of India] (Thread) requires Selenium. Initializing driver...
2026-01-10 22:46:22,925 - INFO - Starting scrape for The Guardian RSS feed: https://www.theguardian.com/world/rss
2026-01-10 22:46:22,926 - INFO - [The Hindu] (Thread) requires Selenium. Initializing driver...
2026-01-10 22:46:22,926 - INFO - Submitted 4 jobs to thread pool. Waiting up to 300s for completion...
2026-01-10 22:46:23,042 - INFO - Found 45 articles in The Guardian RSS feed. Processing up to 30.
2026-01-10 22:46:23,043 - INFO - [The Guardian] Early skip: URL https://www.theguardian.com/global-development/2026/jan/09/the-gambia-female-genital-mutilation-fgm-supreme-court-case-overturn-ban already exists.
2026-01-10 22:46:23,293 - INFO - Found 34 articles in BBC RSS feed. Processing up to 30.
2026-01-10 22:46:23,343 - INFO - [BBC] Early skip: URL https://www.bbc.com/news/articles/cj9rengvnp9o?at_medium=RSS&at_campaign=rss already exists.
2026-01-10 22:46:23,564 - INFO - [The Guardian] Early skip: URL https://www.theguardian.com/world/2026/jan/08/questions-targeting-impact-us-airstrikes-in-nigeria already exists.
2026-01-10 22:46:23,780 - INFO - [BBC] Article: https://www.bbc.com/news/articles/cly9597r4qpo?at_medium=RSS&at_campaign=rss
2026-01-10 22:46:23,781 - INFO - [BBC] Attempt 1/1: Trying with 'requests_browser' strategy...
2026-01-10 22:46:23,782 - INFO - [The Guardian] Early skip: URL https://www.theguardian.com/world/2026/jan/02/anthony-joshuas-driver-charged-with-dangerous-driving-after-fatal-crash-in-nigeria already exists.
2026-01-10 22:46:23,944 - INFO - Selenium driver initialized successfully.
2026-01-10 22:46:23,944 - INFO - Starting scrape for The Hindu RSS feed: https://www.thehindu.com/news/national/feeder/default.rss
2026-01-10 22:46:23,946 - INFO - Selenium driver initialized successfully.
2026-01-10 22:46:23,946 - INFO - Starting scrape for Times of India RSS feed: https://timesofindia.indiatimes.com/rssfeeds/296589292.cms
2026-01-10 22:46:23,947 - INFO - [The Guardian] Early skip: URL https://www.theguardian.com/science/2026/jan/01/cremation-pyre-in-africa-thought-to-be-worlds-oldest-containing-adult-remains already exists.
2026-01-10 22:46:23,965 - INFO - [BBC] Success with 'requests_browser'. Found content (387 words).
2026-01-10 22:46:24,136 - INFO - Found 100 articles in The Hindu RSS feed. Processing up to 30.
2026-01-10 22:46:24,409 - INFO - Found 20 articles in Times of India RSS feed. Processing up to 30.
2026-01-10 22:47:07,334 - INFO - DEDUPLICATION: Found match (Score: 0.82). Linking to Cluster ID: fdaa0402-d69d-44b3-927c-31f9e5db0692
2026-01-10 22:47:07,337 - INFO - Saved article: US military strikes Islamic State group targets in Syria, officials say from BBC (387 words)
2026-01-10 22:47:07,337 - INFO - [The Hindu] Early skip: URL https://www.thehindu.com/news/national/west-bengal/bengal-lop-suvendu-adhikari-alleges-attack-by-trinamool-workers-sits-on-dharna-in-police-station/article70495630.ece already exists.
2026-01-10 22:47:07,622 - INFO - [The Guardian] Early skip: URL https://www.theguardian.com/global-development/2026/jan/01/us-aid-cuts-conditions-un-humanitarian-pledge-ocha already exists.
2026-01-10 22:47:07,784 - INFO - [Times of India] Article: https://timesofindia.indiatimes.com/etimes/trending/do-cats-really-hate-aluminium-foil-what-makes-them-startle-and-what-science-says/articleshow/126456602.cms
2026-01-10 22:47:07,784 - INFO - [Times of India] Attempt 1/1: Trying with 'selenium_browser' strategy...
2026-01-10 22:47:07,785 - INFO - [The Hindu] Early skip: URL https://www.thehindu.com/news/national/uttar-pradesh/man-detained-in-ayodhya-for-attempting-to-offer-namaz-inside-ram-temple-complex/article70495328.ece already exists.
2026-01-10 22:47:08,018 - INFO - [The Guardian] Early skip: URL https://www.theguardian.com/world/2026/jan/10/nicaraguan-authorities-arrests-dozens-for-reportedly-supporting-maduro-capture already exists.
2026-01-10 22:47:08,243 - INFO - [The Hindu] Early skip: URL https://www.thehindu.com/news/national/tamil-nadu/winners-of-international-sailing-competition-felicitated/article70495404.ece already exists.
2026-01-10 22:47:08,532 - INFO - [BBC] Article: https://www.bbc.com/news/articles/cvgpnwnqygro?at_medium=RSS&at_campaign=rss
2026-01-10 22:47:08,532 - INFO - [BBC] Attempt 1/1: Trying with 'requests_browser' strategy...
2026-01-10 22:47:08,533 - INFO - [The Guardian] Early skip: URL https://www.theguardian.com/news/ng-interactive/2026/jan/10/trump-territorial-ambition-imperialism already exists.
2026-01-10 22:47:08,587 - INFO - [BBC] Success with 'requests_browser'. Found content (749 words).
2026-01-10 22:47:08,814 - INFO - [The Hindu] Early skip: URL https://www.thehindu.com/news/cities/chennai/glow-garden-at-mamallapuram-nearing-completion/article70495223.ece already exists.
2026-01-10 22:47:08,971 - INFO - [The Hindu] Early skip: URL https://www.thehindu.com/news/national/telangana/cm-tells-doctors-not-to-forget-their-social-responsibility/article70495640.ece already exists.
2026-01-10 22:47:09,107 - INFO - [The Guardian] Early skip: URL https://www.theguardian.com/us-news/2026/jan/09/trump-oil-company-executives-meeting-venezuela already exists.
2026-01-10 22:48:04,614 - INFO - DEDUPLICATION: Found match (Score: 0.85). Linking to Cluster ID: 45d20321-796d-4ffd-b612-092dc6be2551
2026-01-10 22:48:04,616 - INFO - Saved article: Dozens arrested and one police officer injured in Minneapolis protests from BBC (749 words)
2026-01-10 22:48:04,616 - INFO - [The Hindu] Early skip: URL https://www.thehindu.com/news/national/tamil-nadu/forest-teams-monitor-movement-of-elephants-in-vellore/article70494856.ece already exists.
2026-01-10 22:48:04,744 - INFO - [The Guardian] Early skip: URL https://www.theguardian.com/world/2026/jan/09/trump-venezuela-leadership-meeting-opposition-machado already exists.
2026-01-10 22:48:04,958 - INFO - [The Guardian] Early skip: URL https://www.theguardian.com/world/2026/jan/09/eu-states-back-controversial-mercosur-deal-with-latin-american-countries already exists.
2026-01-10 22:48:05,137 - INFO - [The Hindu] Early skip: URL https://www.thehindu.com/news/national/kerala/majnu-komath-architect-of-struggle-for-goshree-bridges-passes-away/article70495446.ece already exists.
2026-01-10 22:48:05,308 - INFO - [The Guardian] Early skip: URL https://www.theguardian.com/world/2026/jan/10/indonesia-blocks-musks-grok-chatbot-due-to-risk-of-pornographic-content already exists.
2026-01-10 22:48:05,588 - INFO - [The Guardian] Early skip: URL https://www.theguardian.com/world/2026/jan/08/alleged-scam-kingpin-chen-zhi-extradited-china-cambodia-arrest already exists.
2026-01-10 22:48:05,840 - INFO - [BBC] Early skip: URL https://www.bbc.com/news/articles/cz7yv4524gqo?at_medium=RSS&at_campaign=rss already exists.
2026-01-10 22:48:06,089 - INFO - [The Hindu] Early skip: URL https://www.thehindu.com/news/national/tamil-nadu/congress-does-not-believe-in-backdoor-politics-says-selvaperunthagai/article70494301.ece already exists.
2026-01-10 22:48:06,382 - INFO - [The Guardian] Early skip: URL https://www.theguardian.com/world/2026/jan/06/papua-new-guinea-internet-starlink-shut-down already exists.
2026-01-10 22:48:06,680 - INFO - [BBC] Article: https://www.bbc.com/news/articles/c0lx09e618yo?at_medium=RSS&at_campaign=rss
2026-01-10 22:48:06,681 - INFO - [BBC] Attempt 1/1: Trying with 'requests_browser' strategy...
2026-01-10 22:48:06,682 - INFO - [The Hindu] Early skip: URL https://www.thehindu.com/news/national/tamil-nadu/anbumani-urges-tn-government-to-hold-talks-with-livelihood-mission-workers-fill-headmaster-vacancies/article70494296.ece already exists.
2026-01-10 22:48:06,738 - INFO - [BBC] Success with 'requests_browser'. Found content (700 words).
2026-01-10 22:48:06,863 - INFO - [The Guardian] Early skip: URL https://www.theguardian.com/world/2026/jan/06/what-us-action-in-venezuela-means-for-taiwan already exists.
2026-01-10 22:48:53,217 - INFO - Saved article: Family of Chimamanda Ngozi Adichie accuses hospital of negligence over son's death from BBC (700 words)
2026-01-10 22:48:53,217 - INFO - [The Hindu] Early skip: URL https://www.thehindu.com/news/national/andhra-pradesh/krishna-water-to-reach-kidney-disease-affected-areas-in-ntr-district-by-january-end-collector/article70495345.ece already exists.
2026-01-10 22:48:53,517 - INFO - [The Guardian] Early skip: URL https://www.theguardian.com/world/2026/jan/05/venezuela-trump-attack-china-interests-analysis already exists.
2026-01-10 22:48:53,775 - INFO - [The Hindu] Article: https://www.thehindu.com/news/national/andhra-pradesh/astram-project-wins-skoch-award-for-sustainable-traffic-management/article70495135.ece
2026-01-10 22:48:53,775 - INFO - [The Hindu] Attempt 1/1: Trying with 'selenium_browser' strategy...
2026-01-10 22:48:53,776 - INFO - [The Guardian] Early skip: URL https://www.theguardian.com/environment/2026/jan/11/australia-cop31-chris-bowen-fossil-fuel-phaseout already exists.
2026-01-10 22:48:54,064 - INFO - [The Guardian] Early skip: URL https://www.theguardian.com/australia-news/2026/jan/11/call-centre-operator-centrelink-paid-no-tax-two-years already exists.
2026-01-10 22:48:54,322 - INFO - [The Guardian] Early skip: URL https://www.theguardian.com/australia-news/live/2026/jan/10/australia-heatwave-updates-sydney-temperature-victorian-fires-bushfire-latest already exists.
2026-01-10 22:48:54,423 - INFO - [The Guardian] Early skip: URL https://www.theguardian.com/australia-news/2026/jan/10/harcourt-victorian-bushfires-homes-property already exists.
2026-01-10 22:48:54,610 - INFO - [BBC] Early skip: URL https://www.bbc.com/news/articles/cn42jqlqy4xo?at_medium=RSS&at_campaign=rss already exists.
2026-01-10 22:48:54,782 - INFO - [BBC] Early skip: URL https://www.bbc.com/news/articles/cly95lpwl1ro?at_medium=RSS&at_campaign=rss already exists.
2026-01-10 22:48:55,001 - INFO - [The Guardian] Early skip: URL https://www.theguardian.com/australia-news/2026/jan/10/sa-premier-denies-pressuring-adelaide-festival-to-drop-randa-abdel-fattah-ntwnfb already exists.
2026-01-10 22:48:55,108 - INFO - [The Guardian] Early skip: URL https://www.theguardian.com/world/2026/jan/10/service-door-le-constellation-bar-where-40-died-in-fire-locked-from-inside-owner-says already exists.
2026-01-10 22:48:55,235 - INFO - [BBC] Early skip: URL https://www.bbc.com/news/articles/c205dx61x76o?at_medium=RSS&at_campaign=rss already exists.
2026-01-10 22:48:55,366 - INFO - [The Guardian] Early skip: URL https://www.theguardian.com/world/2026/jan/10/thousands-of-irish-farmers-protest-against-eu-mercosur-trade-deal already exists.
2026-01-10 22:48:55,579 - INFO - [The Guardian] Early skip: URL https://www.theguardian.com/us-news/2026/jan/09/trump-greenland-threats-white-house already exists.
2026-01-10 22:48:55,778 - INFO - [The Hindu] Page content loaded.
2026-01-10 22:48:55,859 - WARNING - [The Hindu] FAILED with 'selenium_browser' (content was too short: 77 words).
2026-01-10 22:48:55,859 - ERROR - [The Hindu] All scrape strategies failed for https://www.thehindu.com/news/national/andhra-pradesh/astram-project-wins-skoch-award-for-sustainable-traffic-management/article70495135.ece. Falling back to RSS description.
2026-01-10 22:48:55,859 - WARNING - SKIPPED (GLOBAL WORD LIMIT): Article 'ASTRAM project wins Skoch Award for sustainable traffic management' from The Hindu has only 3 words (Min: 90).
2026-01-10 22:48:55,865 - INFO - [BBC] Early skip: URL https://www.bbc.com/news/articles/c78vj5n7jg3o?at_medium=RSS&at_campaign=rss already exists.
2026-01-10 22:48:56,142 - INFO - [BBC] Early skip: URL https://www.bbc.com/news/articles/ce3kqzepp5zo?at_medium=RSS&at_campaign=rss already exists.
2026-01-10 22:48:56,413 - INFO - [The Guardian] Early skip: URL https://www.theguardian.com/world/live/2026/jan/09/ukraine-russia-tanker-fleet-meloni-switzerland-fire-greenland-europe-latest-news-updates already exists.
2026-01-10 22:48:56,543 - INFO - [The Guardian] Early skip: URL https://www.theguardian.com/world/2026/jan/09/swiss-bar-fire-le-constellation-owner-arrested already exists.
2026-01-10 22:48:56,694 - INFO - [The Guardian] Early skip: URL https://www.theguardian.com/world/2026/jan/10/us-and-allies-strike-islamic-state-in-syria-after-attack-that-killed-three-americans already exists.
2026-01-10 22:48:56,806 - INFO - [The Hindu] Early skip: URL https://www.thehindu.com/news/national/karnataka/mobility-pollution-housing-and-access-to-basic-services-shape-bengalurus-health-say-experts/article70494138.ece already exists.
2026-01-10 22:48:56,958 - INFO - [BBC] Early skip: URL https://www.bbc.com/news/articles/c8d04zp8m26o?at_medium=RSS&at_campaign=rss already exists.
2026-01-10 22:48:57,235 - INFO - [BBC] Early skip: URL https://www.bbc.com/news/articles/cn7jxm7jkg1o?at_medium=RSS&at_campaign=rss already exists.
2026-01-10 22:48:57,528 - INFO - [The Hindu] Early skip: URL https://www.thehindu.com/news/national/tamil-nadu/stalin-urges-modi-to-consult-states-before-finalising-caste-enumeration-rules-for-census/article70494613.ece already exists.
2026-01-10 22:48:57,823 - INFO - [The Guardian] Early skip: URL https://www.theguardian.com/global-development/2026/jan/10/iran-protesters-tell-of-brutal-police-response-deaths-and-forced-confessions already exists.
2026-01-10 22:48:58,049 - INFO - [BBC] Early skip: URL https://www.bbc.com/news/articles/cdxj28xd542o?at_medium=RSS&at_campaign=rss already exists.
2026-01-10 22:48:58,246 - INFO - [The Hindu] Early skip: URL https://www.thehindu.com/news/national/kerala/set-aside-political-differences-for-development-of-capital-city-governor/article70495574.ece already exists.
2026-01-10 22:48:58,427 - INFO - [The Guardian] Early skip: URL https://www.theguardian.com/world/2026/jan/10/irans-internet-shutdown-is-strikingly-sophisticated-and-may-last-some-time already exists.
2026-01-10 22:48:58,538 - INFO - [BBC] Early skip: URL https://www.bbc.com/news/articles/cgqe9kv9xxvo?at_medium=RSS&at_campaign=rss already exists.
2026-01-10 22:48:58,800 - INFO - [The Hindu] Early skip: URL https://www.thehindu.com/news/national/karnataka/provide-education-that-meets-industry-expectations-reduce-the-creation-of-unemployed-youth-says-visvesvaraya-technological-university-vice-chancellor/article70494758.ece already exists.
2026-01-10 22:48:59,080 - INFO - [The Guardian] Early skip: URL https://www.theguardian.com/global-development/2026/jan/09/iran-supreme-leader-harsher-crackdown-protest-movement-swells already exists.
2026-01-10 22:48:59,226 - INFO - [BBC] Early skip: URL https://www.bbc.com/news/articles/c99kn52nx9do?at_medium=RSS&at_campaign=rss already exists.
2026-01-10 22:48:59,412 - INFO - [BBC] Early skip: URL https://www.bbc.com/news/articles/c17zqz5pprwo?at_medium=RSS&at_campaign=rss already exists.
2026-01-10 22:48:59,600 - INFO - [The Guardian] Early skip: URL https://www.theguardian.com/world/2026/jan/09/growing-protests-in-iran-do-not-necessarily-herald-a-return-to-monarchy already exists.
2026-01-10 22:48:59,876 - INFO - [The Hindu] Early skip: URL https://www.thehindu.com/news/national/andhra-pradesh/avakaiamaravati-festival-concludes-on-grand-note-in-vijayawada/article70495359.ece already exists.
2026-01-10 22:49:00,062 - INFO - [BBC] Early skip: URL https://www.bbc.com/news/articles/ceqzj49gny4o?at_medium=RSS&at_campaign=rss already exists.
2026-01-10 22:49:00,240 - INFO - [The Hindu] Early skip: URL https://www.thehindu.com/news/national/karnataka/contract-killing-angle-emerges-in-magadi-road-wife-murder-case/article70494329.ece already exists.
2026-01-10 22:49:00,530 - INFO - [BBC] Early skip: URL https://www.bbc.com/news/articles/cwygjvkvpgro?at_medium=RSS&at_campaign=rss already exists.
2026-01-10 22:49:00,683 - INFO - [The Hindu] Article: https://www.thehindu.com/shorts/fifa-world-cup-trophy-in-india-after-12-years/article70495798.ece
2026-01-10 22:49:00,683 - INFO - [The Hindu] Attempt 1/1: Trying with 'selenium_browser' strategy...
2026-01-10 22:49:00,683 - INFO - [BBC] Early skip: URL https://www.bbc.com/news/articles/c0mkwl2g499o?at_medium=RSS&at_campaign=rss already exists.
2026-01-10 22:49:00,878 - INFO - [BBC] Early skip: URL https://www.bbc.com/news/articles/cpwnd22lj54o?at_medium=RSS&at_campaign=rss already exists.
2026-01-10 22:49:01,168 - INFO - [BBC] Early skip: URL https://www.bbc.com/news/articles/cgrd2e7p9reo?at_medium=RSS&at_campaign=rss already exists.
2026-01-10 22:49:01,454 - INFO - [BBC] Early skip: URL https://www.bbc.com/news/articles/c9qp4wyzvlzo?at_medium=RSS&at_campaign=rss already exists.
2026-01-10 22:49:01,739 - INFO - [BBC] Early skip: URL https://www.bbc.com/news/articles/c0mpmgn3jv2o?at_medium=RSS&at_campaign=rss already exists.
2026-01-10 22:49:02,020 - INFO - [BBC] Early skip: URL https://www.bbc.com/news/articles/c62wxezynk2o?at_medium=RSS&at_campaign=rss already exists.
2026-01-10 22:49:02,150 - INFO - [BBC] Early skip: URL https://www.bbc.com/news/articles/cp37yr2xq7no?at_medium=RSS&at_campaign=rss already exists.
2026-01-10 22:49:02,259 - INFO - [BBC] Early skip: URL https://www.bbc.com/news/articles/c041n3ng03no?at_medium=RSS&at_campaign=rss already exists.
2026-01-10 22:49:02,508 - INFO - [BBC] Early skip: URL https://www.bbc.com/news/articles/c23r4yeyxl9o?at_medium=RSS&at_campaign=rss already exists.
2026-01-10 22:49:02,778 - INFO - [BBC] Early skip: URL https://www.bbc.com/news/articles/c205dd7gjrpo?at_medium=RSS&at_campaign=rss already exists.
2026-01-10 22:49:03,076 - INFO - [BBC] Early skip: URL https://www.bbc.com/news/videos/c78veq59823o?at_medium=RSS&at_campaign=rss already exists.
2026-01-10 22:49:03,357 - INFO - [BBC] Article: https://www.bbc.com/news/videos/c78e9vmn7dgo?at_medium=RSS&at_campaign=rss
2026-01-10 22:49:03,357 - INFO - [BBC] Attempt 1/1: Trying with 'requests_browser' strategy...
2026-01-10 22:49:03,414 - WARNING - [BBC] FAILED with 'requests_browser' (content was too short: 77 words).
2026-01-10 22:49:03,414 - ERROR - [BBC] All scrape strategies failed for https://www.bbc.com/news/videos/c78e9vmn7dgo?at_medium=RSS&at_campaign=rss. Falling back to RSS description.
2026-01-10 22:49:03,414 - WARNING - SKIPPED (GLOBAL WORD LIMIT): Article 'Watch: Buildings in Tehran set on fire as demonstrations spread across Iran' from BBC has only 15 words (Min: 90).
2026-01-10 22:49:07,874 - ERROR - [Times of India] Request failed for strategy 'selenium_browser' on URL https://timesofindia.indiatimes.com/etimes/trending/do-cats-really-hate-aluminium-foil-what-makes-them-startle-and-what-science-says/articleshow/126456602.cms: HTTPConnectionPool(host='localhost', port=45335): Read timed out. (read timeout=120)
2026-01-10 22:49:07,874 - ERROR - [Times of India] All scrape strategies failed for https://timesofindia.indiatimes.com/etimes/trending/do-cats-really-hate-aluminium-foil-what-makes-them-startle-and-what-science-says/articleshow/126456602.cms. Falling back to RSS description.
2026-01-10 22:49:07,874 - WARNING - SKIPPED (GLOBAL WORD LIMIT): Article 'Do cats really hate aluminium foil? What makes them startle and what science says' from Times of India has only 55 words (Min: 90).
2026-01-10 22:49:08,972 - INFO - [Times of India] Article: https://timesofindia.indiatimes.com/world/us/operation-hawkeye-strike-us-carries-out-large-scale-airstrikes-on-syria-targets-isis/articleshow/126458221.cms
2026-01-10 22:49:08,973 - INFO - [Times of India] Attempt 1/1: Trying with 'selenium_browser' strategy...
2026-01-10 22:49:12,410 - WARNING - [The Hindu] Page timed out (10s). Proceeding anyway.
2026-01-10 22:49:12,566 - WARNING - [The Hindu] FAILED with 'selenium_browser' (content was too short: 53 words).
2026-01-10 22:49:12,566 - ERROR - [The Hindu] All scrape strategies failed for https://www.thehindu.com/shorts/fifa-world-cup-trophy-in-india-after-12-years/article70495798.ece. Falling back to RSS description.
2026-01-10 22:49:12,566 - WARNING - SKIPPED (GLOBAL WORD LIMIT): Article 'FIFA World Cup Trophy in India after 12 years' from The Hindu has only 3 words (Min: 90).
2026-01-10 22:49:13,167 - INFO - [The Hindu] Article: https://www.thehindu.com/news/national/kerala/athi-vishisht-rail-seva-puraskar-for-two-officials/article70495507.ece
2026-01-10 22:49:13,168 - INFO - [The Hindu] Attempt 1/1: Trying with 'selenium_browser' strategy...
2026-01-10 22:51:09,070 - ERROR - [Times of India] Request failed for strategy 'selenium_browser' on URL https://timesofindia.indiatimes.com/world/us/operation-hawkeye-strike-us-carries-out-large-scale-airstrikes-on-syria-targets-isis/articleshow/126458221.cms: HTTPConnectionPool(host='localhost', port=45335): Read timed out. (read timeout=120)
2026-01-10 22:51:09,070 - ERROR - [Times of India] All scrape strategies failed for https://timesofindia.indiatimes.com/world/us/operation-hawkeye-strike-us-carries-out-large-scale-airstrikes-on-syria-targets-isis/articleshow/126458221.cms. Falling back to RSS description.
2026-01-10 22:51:09,070 - WARNING - SKIPPED (GLOBAL WORD LIMIT): Article ''Operation Hawkeye Strike': US carries out 'large-scale' airstrikes on Syria; targets ISIS' from Times of India has only 60 words (Min: 90).
2026-01-10 22:51:10,207 - INFO - [Times of India] Early skip: URL https://timesofindia.indiatimes.com/world/us-streamers/did-someone-get-shot-during-konvys-livestream-adin-ross-shares-update-after-alleged-video-of-gunshots-goes-viral/articleshow/126451701.cms already exists.
2026-01-10 22:51:10,326 - INFO - [Times of India] Early skip: URL https://timesofindia.indiatimes.com/world/us-streamers/ishowspeeds-lively-africa-livestreams-spark-a-welcome-change-amongst-fans-as-viral-tour-negates-long-standing-stereotypes/articleshow/126454736.cms already exists.
2026-01-10 22:51:10,490 - INFO - [Times of India] Early skip: URL https://timesofindia.indiatimes.com/world/us-streamers/youtuber-ksi-praises-bollywood-icon-shah-rukh-khan-calls-him-a-king/articleshow/126458023.cms already exists.
2026-01-10 22:51:10,729 - INFO - [Times of India] Early skip: URL https://timesofindia.indiatimes.com/world/us-streamers/dj-sbu-credits-nota-baloyi-for-ishowspeeds-viral-south-africa-tour/articleshow/126458154.cms already exists.
2026-01-10 22:51:10,988 - INFO - [Times of India] Early skip: URL https://timesofindia.indiatimes.com/world/us/man-found-with-100-human-skulls-and-mummfied-bodies-in-pennsylvania-grave-robbery-case/articleshow/126457952.cms already exists.
2026-01-10 22:51:11,265 - INFO - [Times of India] Early skip: URL https://timesofindia.indiatimes.com/world/us/us-shields-venezuelan-oil-revenue-as-trump-signs-executive-order-for-investment-in-the-nations-oil-sector/articleshow/126456570.cms already exists.
2026-01-10 22:51:11,476 - INFO - [Times of India] Early skip: URL https://timesofindia.indiatimes.com/world/us/war-veteran-maga-supporter-and-have-filipina-wife-heres-what-we-know-about-ice-agent-jonathan-ross-who-killed-a-woman-in-minneapolis/articleshow/126455904.cms already exists.
2026-01-10 22:51:11,740 - INFO - [Times of India] Early skip: URL https://timesofindia.indiatimes.com/world/middle-east/syria-clashes-security-forces-deploy-in-aleppo-dozens-killed-in-fighting-with-kurdish-forces/articleshow/126455895.cms already exists.
2026-01-10 22:51:11,959 - INFO - [Times of India] Early skip: URL https://timesofindia.indiatimes.com/world/us/barron-trump-reportedly-focused-on-losing-his-slovenian-accent-to-be-more-confident/articleshow/126446532.cms already exists.
2026-01-10 22:51:12,066 - INFO - [Times of India] Early skip: URL https://timesofindia.indiatimes.com/world/middle-east/reza-pahlavi-why-protests-in-iran-have-revived-a-royal-question/articleshow/126454834.cms already exists.
2026-01-10 22:51:12,241 - INFO - [Times of India] Early skip: URL https://timesofindia.indiatimes.com/world/us/isnt-russia-already-americas-neighbour-the-geography-behind-trumps-dont-want-china-or-moscow-as-neighbour-remark/articleshow/126454155.cms already exists.
2026-01-10 22:51:12,399 - INFO - [Times of India] Early skip: URL https://timesofindia.indiatimes.com/world/us/donald-trump-says-us-will-take-greenland-easy-way-or-hard-way-whether-they-like-it-or-not/articleshow/126454703.cms already exists.
2026-01-10 22:51:12,576 - INFO - [Times of India] Early skip: URL https://timesofindia.indiatimes.com/world/us/happy-trump-trump-wears-own-lapel-pin-for-meeting-on-venezuelan-oil/articleshow/126454266.cms already exists.
2026-01-10 22:51:12,834 - INFO - [Times of India] Early skip: URL https://timesofindia.indiatimes.com/world/us/renee-nicole-good-shooting-ice-agent-threatens-minneapolis-women-on-camera-says-dont-make-a-bad-decision/articleshow/126453410.cms already exists.
2026-01-10 22:51:12,948 - INFO - [Times of India] Early skip: URL https://timesofindia.indiatimes.com/world/rest-of-world/viral-smoking-girl-what-we-know-and-dont-know-about-khamenei-protester-breaking-the-internet/articleshow/126453371.cms already exists.
2026-01-10 22:51:13,219 - INFO - [Times of India] Early skip: URL https://timesofindia.indiatimes.com/world/rest-of-world/four-killed-in-mine-accident-in-northern-afghanistan/articleshow/126453132.cms already exists.
2026-01-10 22:51:13,377 - INFO - [Times of India] Early skip: URL https://timesofindia.indiatimes.com/world/europe/russiaukraine-war-ukrainian-drone-strike-hits-oil-depot-in-russias-volgograd-moscow-steps-up-attacks/articleshow/126453073.cms already exists.
2026-01-10 22:51:13,629 - INFO - [Times of India] Early skip: URL https://timesofindia.indiatimes.com/world/us/plot-twist-at-the-white-house-tucker-carlson-joins-trumps-oil-pitch-video/articleshow/126452767.cms already exists.
2026-01-10 22:51:13,890 - INFO - [Times of India] (Thread) Finished. Attempting to shut down its Selenium driver.
2026-01-10 22:51:14,585 - ERROR - [The Hindu] Request failed for strategy 'selenium_browser' on URL https://www.thehindu.com/news/national/kerala/athi-vishisht-rail-seva-puraskar-for-two-officials/article70495507.ece: HTTPConnectionPool(host='localhost', port=48907): Read timed out. (read timeout=120)
2026-01-10 22:51:14,586 - ERROR - [The Hindu] All scrape strategies failed for https://www.thehindu.com/news/national/kerala/athi-vishisht-rail-seva-puraskar-for-two-officials/article70495507.ece. Falling back to RSS description.
2026-01-10 22:51:14,586 - WARNING - SKIPPED (GLOBAL WORD LIMIT): Article 'Athi Vishisht Rail Seva Puraskar for two officials' from The Hindu has only 3 words (Min: 90).
2026-01-10 22:51:15,890 - INFO - [The Hindu] Early skip: URL https://www.thehindu.com/news/national/jammu-and-kashmir/students-shocked-over-closing-of-vaishno-devi-medical-college-in-jammu-over-poor-infrastructure/article70495355.ece already exists.
2026-01-10 22:51:16,178 - INFO - [The Hindu] Early skip: URL https://www.thehindu.com/news/national/karnataka/souharda-bharata-released-simultaneously-at-23-places-across-karnataka/article70495438.ece already exists.
2026-01-10 22:51:16,463 - INFO - [The Hindu] Early skip: URL https://www.thehindu.com/news/national/centre-to-focus-on-100-high-risk-districts-to-cut-road-accident-deaths/article70495418.ece already exists.
2026-01-10 22:51:16,739 - INFO - [The Hindu] Early skip: URL https://www.thehindu.com/news/national/gujarat/somnath-is-symbol-of-civilisational-courage-says-pm-modi-as-he-arrives-for-swabhiman-parv/article70495730.ece already exists.
2026-01-10 22:51:17,035 - INFO - [The Hindu] Early skip: URL https://www.thehindu.com/news/national/kerala/udf-will-form-a-peoples-government-venugopal/article70495124.ece already exists.
2026-01-10 22:51:17,201 - INFO - [The Hindu] Early skip: URL https://www.thehindu.com/news/national/andhra-pradesh/naidu-vows-to-bring-worlds-top-universities-to-amaravati/article70495693.ece already exists.
2026-01-10 22:51:17,334 - INFO - [The Hindu] Early skip: URL https://www.thehindu.com/news/national/karnataka/state-govt-to-submit-proposal-to-nmc-for-new-medical-colleges-in-ramanagara-and-bagalkot/article70494642.ece already exists.
2026-01-10 22:51:17,504 - INFO - [The Hindu] Early skip: URL https://www.thehindu.com/news/national/andhra-pradesh/land-pooling-scheme-2-taken-up-with-undue-haste-ignoring-amaravati-farmers-sajjala/article70495591.ece already exists.
2026-01-10 22:51:17,647 - INFO - [The Hindu] Early skip: URL https://www.thehindu.com/news/national/self-reliance-in-defence-is-crucial-for-indias-strategic-autonomy-defence-secretary/article70495005.ece already exists.
2026-01-10 22:51:17,874 - INFO - [The Hindu] Early skip: URL https://www.thehindu.com/news/national/congress-launches-45-day-mgnrega-bachao-sangram-against-new-rural-jobs-legislation/article70495555.ece already exists.
2026-01-10 22:51:18,130 - INFO - [The Hindu] Early skip: URL https://www.thehindu.com/news/national/karnataka/china-will-have-half-of-newly-diagnosed-parkinsons-disease-cases-in-the-next-decade-nobel-laureate/article70495567.ece already exists.
2026-01-10 22:51:18,248 - INFO - [The Hindu] (Thread) Finished. Attempting to shut down its Selenium driver.
2026-01-10 22:51:22,927 - CRITICAL - --- TIMEOUT: 2 scrape jobs did not complete in 300s. ---
2026-01-10 22:51:22,927 - ERROR - A thread has timed out and will be abandoned.
2026-01-10 22:51:22,927 - ERROR - A thread has timed out and will be abandoned.
2026-01-10 22:51:22,927 - INFO - Shutting down thread pool (wait=False)...
2026-01-10 22:51:22,927 - INFO - Scraped: 3 BBC, 0 The Guardian, 2 Timed_Out_Jobs articles. (Total saved: 3)
2026-01-10 22:51:22,927 - INFO - --- Scraping job finished ---
2026-01-10 22:51:22,927 - INFO - --- Scraper service stopped and database connection closed. ---
2026-01-10 22:51:22,927 - INFO - --- Main thread finished. Forcing process exit to kill zombie threads. ---
