2026-01-03 05:48:40,561 - INFO - Loading AI Semantic Model (all-MiniLM-L6-v2)...
2026-01-03 05:48:40,562 - INFO - Use pytorch device_name: cpu
2026-01-03 05:48:40,562 - INFO - Load pretrained SentenceTransformer: all-MiniLM-L6-v2
2026-01-03 05:48:42,124 - INFO - AI Model loaded successfully.
2026-01-03 05:48:42,125 - INFO - --- Scraper service started (CI Mode: Run Once) ---
2026-01-03 05:48:42,125 - INFO - --- Starting new scraping job (Parallel Mode) ---
2026-01-03 05:48:42,125 - INFO - Creating new robust session with 3 retries on 5xx/connection/read errors.
2026-01-03 05:48:42,125 - INFO - Proxy is DISABLED.
2026-01-03 05:48:42,125 - INFO - Starting scrape for BBC RSS feed: http://feeds.bbci.co.uk/news/world/rss.xml
2026-01-03 05:48:42,126 - INFO - [Times of India] (Thread) requires Selenium. Initializing driver...
2026-01-03 05:48:42,127 - INFO - Starting scrape for The Guardian RSS feed: https://www.theguardian.com/world/rss
2026-01-03 05:48:42,128 - INFO - [The Hindu] (Thread) requires Selenium. Initializing driver...
2026-01-03 05:48:42,128 - INFO - Submitted 4 jobs to thread pool. Waiting up to 300s for completion...
2026-01-03 05:48:42,403 - INFO - Found 45 articles in The Guardian RSS feed. Processing up to 30.
2026-01-03 05:48:42,403 - INFO - [The Guardian] Early skip: URL https://www.theguardian.com/world/2026/jan/02/anthony-joshuas-driver-charged-with-dangerous-driving-after-fatal-crash-in-nigeria already exists.
2026-01-03 05:48:42,594 - INFO - Found 36 articles in BBC RSS feed. Processing up to 30.
2026-01-03 05:48:42,626 - INFO - [BBC] Early skip: URL https://www.bbc.com/news/articles/cq6v41jg9jzo?at_medium=RSS&at_campaign=rss already exists.
2026-01-03 05:48:42,756 - INFO - [The Guardian] Early skip: URL https://www.theguardian.com/science/2026/jan/01/cremation-pyre-in-africa-thought-to-be-worlds-oldest-containing-adult-remains already exists.
2026-01-03 05:48:42,975 - INFO - [BBC] Early skip: URL https://www.bbc.com/news/articles/c07xn220gdeo?at_medium=RSS&at_campaign=rss already exists.
2026-01-03 05:48:43,103 - INFO - [The Guardian] Early skip: URL https://www.theguardian.com/global-development/2026/jan/01/us-aid-cuts-conditions-un-humanitarian-pledge-ocha already exists.
2026-01-03 05:48:43,348 - INFO - [BBC] Article: https://www.bbc.com/news/articles/c2057md3gvro?at_medium=RSS&at_campaign=rss
2026-01-03 05:48:43,348 - INFO - [BBC] Attempt 1/1: Trying with 'requests_browser' strategy...
2026-01-03 05:48:43,349 - INFO - [The Guardian] Early skip: URL https://www.theguardian.com/world/2025/dec/31/guinea-junta-chief-mamady-doumbouya-elected-president-after-opposition-boycott already exists.
2026-01-03 05:48:43,544 - INFO - [The Guardian] Early skip: URL https://www.theguardian.com/world/2025/dec/30/saudi-arabia-uae-tension-future-yemen-boiling-point already exists.
2026-01-03 05:48:43,724 - INFO - [The Guardian] Early skip: URL https://www.theguardian.com/world/2026/jan/02/venezuela-maduro-open-to-talks-drug-trafficking-maduro already exists.
2026-01-03 05:48:43,932 - INFO - [The Guardian] Early skip: URL https://www.theguardian.com/world/2025/dec/30/military-drone-strike-venezuela-trump-maduro already exists.
2026-01-03 05:48:43,989 - INFO - [BBC] Success with 'requests_browser'. Found content (469 words).
2026-01-03 05:48:48,098 - INFO - Selenium driver initialized successfully.
2026-01-03 05:48:48,098 - INFO - Starting scrape for Times of India RSS feed: https://timesofindia.indiatimes.com/rssfeeds/296589292.cms
2026-01-03 05:48:48,099 - INFO - Selenium driver initialized successfully.
2026-01-03 05:48:48,099 - INFO - Starting scrape for The Hindu RSS feed: https://www.thehindu.com/news/national/feeder/default.rss
2026-01-03 05:48:48,458 - INFO - Found 20 articles in Times of India RSS feed. Processing up to 30.
2026-01-03 05:48:49,075 - INFO - Found 100 articles in The Hindu RSS feed. Processing up to 30.
2026-01-03 05:49:14,444 - INFO - DEDUPLICATION: Found match (Score: 0.83). Linking to Cluster ID: 36df5af5-ce04-4aae-b52a-2db24af3144a
2026-01-03 05:49:14,447 - INFO - Saved article: Trump threat to intervene over protests 'reckless', says Iran foreign minister from BBC (469 words)
2026-01-03 05:49:14,447 - INFO - [The Guardian] Early skip: URL https://www.theguardian.com/world/2025/dec/29/brazil-ex-president-jair-bolsonaro-hiccups-treatment already exists.
2026-01-03 05:49:14,653 - INFO - [Times of India] Article: https://timesofindia.indiatimes.com/world/middle-east/saudi-arabia-introduces-new-rules-banning-sharia-violating-names-in-public-facilities-across-nation/articleshow/126317235.cms
2026-01-03 05:49:14,653 - INFO - [Times of India] Attempt 1/1: Trying with 'selenium_browser' strategy...
2026-01-03 05:49:14,654 - INFO - [The Hindu] Article: https://www.thehindu.com/videos/arvind-kashyap-flying-drones-to-shooting-magnum-opuses/article70466624.ece
2026-01-03 05:49:14,654 - INFO - [The Hindu] Attempt 1/1: Trying with 'selenium_browser' strategy...
2026-01-03 05:49:14,654 - INFO - [The Guardian] Early skip: URL https://www.theguardian.com/world/2025/dec/29/mexico-train-derailment-oaxaca already exists.
2026-01-03 05:49:14,824 - INFO - [The Guardian] Early skip: URL https://www.theguardian.com/us-news/2025/dec/29/trump-venezuela-facility-strike already exists.
2026-01-03 05:49:15,064 - INFO - [The Guardian] Early skip: URL https://www.theguardian.com/world/2026/jan/02/kim-jong-un-daughter-ju-ae-north-korean-ruler-speculation already exists.
2026-01-03 05:49:15,191 - INFO - [The Guardian] Early skip: URL https://www.theguardian.com/music/2026/jan/01/newjeans-member-danielle-sued-for-millions-after-bitter-feud-with-k-pop-record-label already exists.
2026-01-03 05:49:15,483 - INFO - [BBC] Article: https://www.bbc.com/news/articles/cx2lnk3486xo?at_medium=RSS&at_campaign=rss
2026-01-03 05:49:15,483 - INFO - [BBC] Attempt 1/1: Trying with 'requests_browser' strategy...
2026-01-03 05:49:15,484 - INFO - [The Guardian] Early skip: URL https://www.theguardian.com/world/2025/dec/31/xi-jinping-vows-reunification-china-taiwan-new-years-eve-speech already exists.
2026-01-03 05:49:15,529 - INFO - [BBC] Success with 'requests_browser'. Found content (483 words).
2026-01-03 05:49:20,105 - INFO - [The Hindu] Page content loaded.
2026-01-03 05:49:21,546 - WARNING - [The Hindu] FAILED with 'selenium_browser' (content was too short: 80 words).
2026-01-03 05:49:21,546 - ERROR - [The Hindu] All scrape strategies failed for https://www.thehindu.com/videos/arvind-kashyap-flying-drones-to-shooting-magnum-opuses/article70466624.ece. Falling back to RSS description.
2026-01-03 05:49:21,546 - WARNING - SKIPPED (GLOBAL WORD LIMIT): Article 'Arvind Kashyap: Flying drones to shooting magnum opuses' from The Hindu has only 20 words (Min: 90).
2026-01-03 05:49:25,179 - INFO - [Times of India] Page content loaded.
2026-01-03 05:49:25,747 - INFO - [Times of India] Success with 'selenium_browser'. Found content (464 words).
2026-01-03 05:49:55,914 - INFO - DEDUPLICATION: Found match (Score: 0.70). Linking to Cluster ID: 57523970-b82d-4478-8ccf-1b1404eadfc8
2026-01-03 05:49:55,916 - INFO - Saved article: Missile attack on Kharkiv apartment kills two from BBC (483 words)
2026-01-03 05:49:55,916 - INFO - [The Guardian] Early skip: URL https://www.theguardian.com/business/2025/dec/31/china-forecast-to-have-sold-one-in-every-10-new-cars-in-uk-in-2025 already exists.
2026-01-03 05:49:56,054 - INFO - [The Hindu] Article: https://www.thehindu.com/news/national/chhattisgarh/maoists-gunned-down-in-encounter-with-security-forces-in-chhattisgarh/article70466599.ece
2026-01-03 05:49:56,055 - INFO - [The Hindu] Attempt 1/1: Trying with 'selenium_browser' strategy...
2026-01-03 05:49:57,466 - INFO - [The Hindu] Page content loaded.
2026-01-03 05:49:57,605 - INFO - [The Hindu] Success with 'selenium_browser'. Found content (160 words).
2026-01-03 05:50:34,303 - INFO - Saved article: Saudi Arabia introduces new rules banning sharia-violating names in public facilities across nation | World News - The Times of India from Times of India (464 words)
2026-01-03 05:50:34,303 - INFO - [The Guardian] Early skip: URL https://www.theguardian.com/world/2025/dec/31/female-lawmakers-in-japan-lobby-for-more-toilets-in-parliament already exists.
2026-01-03 05:50:34,517 - INFO - [BBC] Early skip: URL https://www.bbc.com/news/articles/cx2k0101enyo?at_medium=RSS&at_campaign=rss already exists.
2026-01-03 05:51:06,512 - INFO - Saved article: Two Maoists gunned down in encounter with security forces in Chhattisgarh - The Hindu from The Hindu (160 words)
2026-01-03 05:51:06,512 - INFO - [The Guardian] Early skip: URL https://www.theguardian.com/australia-news/2026/jan/03/nsw-labor-accused-of-rushing-inquiry-into-banning-phrases-such-as-globalise-the-intifada-over-the-holidays-ntwnfb already exists.
2026-01-03 05:51:06,707 - INFO - [BBC] Early skip: URL https://www.bbc.com/news/articles/c1ev8el75gyo?at_medium=RSS&at_campaign=rss already exists.
2026-01-03 05:51:06,862 - INFO - [Times of India] Article: https://timesofindia.indiatimes.com/world/us/best-way-to-end-day-2-after-grooving-to-punjabi-beats-ny-mayor-zohran-mamdani-enjoys-bengali-food/articleshow/126316980.cms
2026-01-03 05:51:06,862 - INFO - [Times of India] Attempt 1/1: Trying with 'selenium_browser' strategy...
2026-01-03 05:51:06,863 - INFO - [The Guardian] Early skip: URL https://www.theguardian.com/australia-news/2026/jan/03/man-dies-after-shooting-in-melbournes-inner-north-ntwnfb already exists.
2026-01-03 05:51:07,148 - INFO - [The Guardian] Early skip: URL https://www.theguardian.com/australia-news/2026/jan/03/police-to-carry-long-arm-rifles-final-ashes-test-sydney-heightened-security-after-bondi-attack-ntwnfb already exists.
2026-01-03 05:51:07,366 - INFO - [BBC] Early skip: URL https://www.bbc.com/news/articles/cjrz34qdr9no?at_medium=RSS&at_campaign=rss already exists.
2026-01-03 05:51:07,511 - INFO - [The Guardian] Early skip: URL https://www.theguardian.com/australia-news/2026/jan/03/missing-worker-could-be-trapped-1km-underground-after-queensland-mine-collapses already exists.
2026-01-03 05:51:07,760 - INFO - [The Guardian] Early skip: URL https://www.theguardian.com/australia-news/2026/jan/02/aboriginal-woman-death-in-custody-nothern-territory-tennant-creek-independent-investigation-ntwnfb already exists.
2026-01-03 05:51:07,877 - INFO - [BBC] Early skip: URL https://www.bbc.com/news/articles/c5y2jrdnnqyo?at_medium=RSS&at_campaign=rss already exists.
2026-01-03 05:51:08,136 - INFO - [The Hindu] Article: https://www.thehindu.com/news/national/himachal-pradesh/ugc-sets-up-committee-to-probe-dharamshala-college-student-death/article70466557.ece
2026-01-03 05:51:08,136 - INFO - [The Hindu] Attempt 1/1: Trying with 'selenium_browser' strategy...
2026-01-03 05:51:08,137 - INFO - [The Guardian] Early skip: URL https://www.theguardian.com/world/2026/jan/02/teenage-girl-charlotte-niddam-educated-in-britain-among-the-missing-after-crans-montana-fire already exists.
2026-01-03 05:51:08,399 - INFO - [BBC] Early skip: URL https://www.bbc.com/news/articles/c70lw7w89epo?at_medium=RSS&at_campaign=rss already exists.
2026-01-03 05:51:08,603 - INFO - [BBC] Early skip: URL https://www.bbc.com/news/articles/cew81lpqvzeo?at_medium=RSS&at_campaign=rss already exists.
2026-01-03 05:51:08,847 - INFO - [BBC] Early skip: URL https://www.bbc.com/news/articles/cj9rjwpvmpzo?at_medium=RSS&at_campaign=rss already exists.
2026-01-03 05:51:08,991 - INFO - [The Guardian] Early skip: URL https://www.theguardian.com/film/2026/jan/02/suspension-of-entry-into-the-us-paparazzi-and-wine-three-other-reasons-george-clooney-moved-to-france already exists.
2026-01-03 05:51:09,246 - INFO - [The Guardian] Early skip: URL https://www.theguardian.com/world/live/2026/jan/02/switzerland-resort-fire-victim-named-video-bar-ceiling-fire-latest-news-live already exists.
2026-01-03 05:51:09,431 - INFO - [The Guardian] Early skip: URL https://www.theguardian.com/world/2026/jan/02/swiss-ski-resort-fire-injured-life-threatening-condition already exists.
2026-01-03 05:51:09,576 - INFO - [BBC] Early skip: URL https://www.bbc.com/news/articles/clynvkwglx4o?at_medium=RSS&at_campaign=rss already exists.
2026-01-03 05:51:09,802 - INFO - [BBC] Early skip: URL https://www.bbc.com/news/articles/c0q4z33pnnyo?at_medium=RSS&at_campaign=rss already exists.
2026-01-03 05:51:09,823 - INFO - [Times of India] Page content loaded.
2026-01-03 05:51:09,996 - INFO - [BBC] Early skip: URL https://www.bbc.com/news/articles/c9vxp4ng8d8o?at_medium=RSS&at_campaign=rss already exists.
2026-01-03 05:51:10,152 - INFO - [Times of India] Success with 'selenium_browser'. Found content (362 words).
2026-01-03 05:51:10,194 - INFO - [The Guardian] Early skip: URL https://www.theguardian.com/global/2026/jan/02/visual-guide-crans-montana-bar-fire-switzerland already exists.
2026-01-03 05:51:10,469 - INFO - [BBC] Early skip: URL https://www.bbc.com/news/articles/c701z7g0ppro?at_medium=RSS&at_campaign=rss already exists.
2026-01-03 05:51:12,828 - INFO - [The Hindu] Page content loaded.
2026-01-03 05:51:13,072 - INFO - [The Hindu] Success with 'selenium_browser'. Found content (266 words).
2026-01-03 05:51:44,643 - INFO - DEDUPLICATION: Found match (Score: 0.72). Linking to Cluster ID: eaef6ad1-5637-409b-8336-3cdef1bf0627
2026-01-03 05:51:44,648 - INFO - Saved article: 'Best way to end day 2': After grooving to Punjabi beats, NY mayor Zohran Mamdani enjoys Bengali food - The Times of India from Times of India (362 words)
2026-01-03 05:51:44,648 - INFO - [The Guardian] Early skip: URL https://www.theguardian.com/world/2026/jan/03/tents-supplied-to-displaced-palestinians-inadequate-for-gaza-winter already exists.
2026-01-03 05:51:44,839 - INFO - [BBC] Early skip: URL https://www.bbc.com/news/articles/clyg23lj057o?at_medium=RSS&at_campaign=rss already exists.
2026-01-03 05:52:16,563 - INFO - Saved article: UGC sets up committee to probe Dharamshala college student death - The Hindu from The Hindu (266 words)
2026-01-03 05:52:16,563 - INFO - [The Guardian] Early skip: URL https://www.theguardian.com/world/2026/jan/02/saudi-warplanes-kill-uae-backed-yemeni-separatists already exists.
2026-01-03 05:52:16,680 - INFO - [BBC] Early skip: URL https://www.bbc.com/news/articles/c8e5lxd2gwgo?at_medium=RSS&at_campaign=rss already exists.
2026-01-03 05:52:16,801 - INFO - [Times of India] Article: https://timesofindia.indiatimes.com/world/us/watch-new-york-mayor-zohran-mamdani-takes-subway-to-work-on-day-1-interacts-with-commuters/articleshow/126316657.cms
2026-01-03 05:52:16,801 - INFO - [Times of India] Attempt 1/1: Trying with 'selenium_browser' strategy...
2026-01-03 05:52:16,802 - INFO - [The Guardian] Early skip: URL https://www.theguardian.com/media/2026/jan/02/bbc-settles-with-7-october-survivors-for-filming-home-without-permission already exists.
2026-01-03 05:52:17,092 - INFO - [BBC] Early skip: URL https://www.bbc.com/news/articles/c98jy990l37o?at_medium=RSS&at_campaign=rss already exists.
2026-01-03 05:52:17,226 - INFO - [The Guardian] Early skip: URL https://www.theguardian.com/us-news/2026/jan/02/israel-mamdani-antisemitism-ihra-definition already exists.
2026-01-03 05:52:17,389 - INFO - [BBC] Early skip: URL https://www.bbc.com/news/articles/ckgl2je05j0o?at_medium=RSS&at_campaign=rss already exists.
2026-01-03 05:52:17,428 - INFO - [Times of India] Page content loaded.
2026-01-03 05:52:17,532 - INFO - [Times of India] Success with 'selenium_browser'. Found content (409 words).
2026-01-03 05:52:17,596 - INFO - [The Guardian] Early skip: URL https://www.theguardian.com/world/2026/jan/02/iranian-officials-warn-trump-not-cross-red-line-threats-intervene-protests already exists.
2026-01-03 05:52:17,754 - INFO - [The Hindu] Early skip: URL https://www.thehindu.com/news/national/kerala/double-engine-government-needed-for-keralas-development-says-union-minister-suresh-gopi/article70466558.ece already exists.
2026-01-03 05:52:51,995 - INFO - DEDUPLICATION: Found match (Score: 0.86). Linking to Cluster ID: eaef6ad1-5637-409b-8336-3cdef1bf0627
2026-01-03 05:52:51,998 - INFO - Saved article: Watch: New York mayor Zohran Mamdani takes subway to work on Day 1; interacts with commuters - The Times of India from Times of India (409 words)
2026-01-03 05:52:51,998 - INFO - [BBC] Early skip: URL https://www.bbc.com/news/articles/cddg7100ym2o?at_medium=RSS&at_campaign=rss already exists.
2026-01-03 05:52:52,124 - INFO - [The Hindu] Early skip: URL https://www.thehindu.com/news/national/pm-modi-hails-savitribai-phule-on-her-birth-anniversary/article70466556.ece already exists.
2026-01-03 05:52:52,358 - INFO - [BBC] Early skip: URL https://www.bbc.com/news/articles/clyw59v8978o?at_medium=RSS&at_campaign=rss already exists.
2026-01-03 05:52:52,514 - INFO - [The Hindu] Early skip: URL https://www.thehindu.com/news/national/rajasthan/rajasthan-mandates-newspaper-reading-in-government-schools/article70466543.ece already exists.
2026-01-03 05:52:52,623 - INFO - [BBC] Early skip: URL https://www.bbc.com/news/articles/ce8edj7y5z9o?at_medium=RSS&at_campaign=rss already exists.
2026-01-03 05:52:52,735 - INFO - [The Hindu] Article: https://www.thehindu.com/news/national/maharashtra/maharashtras-first-woman-dgp-rashmi-shukla-retires/article70466530.ece
2026-01-03 05:52:52,735 - INFO - [The Hindu] Attempt 1/1: Trying with 'selenium_browser' strategy...
2026-01-03 05:52:52,735 - INFO - [BBC] Early skip: URL https://www.bbc.com/news/articles/cj9y43mv332o?at_medium=RSS&at_campaign=rss already exists.
2026-01-03 05:52:53,026 - INFO - [Times of India] Article: https://timesofindia.indiatimes.com/world/middle-east/reckless-inflammatory-threats-iran-writes-to-unsc-after-trump-remarks-warns-us-of-escalation/articleshow/126316313.cms
2026-01-03 05:52:53,026 - INFO - [Times of India] Attempt 1/1: Trying with 'selenium_browser' strategy...
2026-01-03 05:52:53,026 - INFO - [BBC] Early skip: URL https://www.bbc.com/news/articles/c20gjlpw9l3o?at_medium=RSS&at_campaign=rss already exists.
2026-01-03 05:52:53,256 - INFO - [BBC] Early skip: URL https://www.bbc.com/news/articles/cx2drqwp2eyo?at_medium=RSS&at_campaign=rss already exists.
2026-01-03 05:52:53,464 - INFO - [The Hindu] Page content loaded.
2026-01-03 05:52:53,536 - INFO - [BBC] Early skip: URL https://www.bbc.com/news/articles/c9dvyyjyj18o?at_medium=RSS&at_campaign=rss already exists.
2026-01-03 05:52:53,540 - INFO - [The Hindu] Success with 'selenium_browser'. Found content (260 words).
2026-01-03 05:52:53,720 - INFO - [BBC] Early skip: URL https://www.bbc.com/news/articles/c4gvg46dy7vo?at_medium=RSS&at_campaign=rss already exists.
2026-01-03 05:52:53,830 - INFO - [BBC] Early skip: URL https://www.bbc.com/news/articles/c98n8lrj7y6o?at_medium=RSS&at_campaign=rss already exists.
2026-01-03 05:52:54,431 - INFO - [Times of India] Page content loaded.
2026-01-03 05:52:54,953 - INFO - [Times of India] Success with 'selenium_browser'. Found content (647 words).
2026-01-03 05:53:26,448 - INFO - Saved article: Maharashtra’s first woman DGP Rashmi Shukla retires - The Hindu from The Hindu (260 words)
2026-01-03 05:53:26,448 - INFO - [BBC] Early skip: URL https://www.bbc.com/news/articles/c4gweww8rjro?at_medium=RSS&at_campaign=rss already exists.
2026-01-03 05:53:42,128 - CRITICAL - --- TIMEOUT: 3 scrape jobs did not complete in 300s. ---
2026-01-03 05:53:42,129 - ERROR - A thread has timed out and will be abandoned.
2026-01-03 05:53:42,129 - ERROR - A thread has timed out and will be abandoned.
2026-01-03 05:53:42,129 - ERROR - A thread has timed out and will be abandoned.
2026-01-03 05:53:42,129 - INFO - Shutting down thread pool (wait=False)...
2026-01-03 05:53:42,129 - INFO - Scraped: 0 The Guardian, 3 Timed_Out_Jobs articles. (Total saved: 0)
2026-01-03 05:53:42,129 - INFO - --- Scraping job finished ---
2026-01-03 05:53:42,129 - INFO - --- Scraper service stopped and database connection closed. ---
2026-01-03 05:53:42,129 - INFO - --- Main thread finished. Forcing process exit to kill zombie threads. ---
