2025-12-15 20:31:06,084 - INFO - Loading AI Semantic Model (all-MiniLM-L6-v2)...
2025-12-15 20:31:06,085 - INFO - Use pytorch device_name: cpu
2025-12-15 20:31:06,085 - INFO - Load pretrained SentenceTransformer: all-MiniLM-L6-v2
2025-12-15 20:31:07,424 - INFO - AI Model loaded successfully.
2025-12-15 20:31:07,424 - INFO - --- Scraper service started (CI Mode: Run Once) ---
2025-12-15 20:31:07,425 - INFO - --- Starting new scraping job (Parallel Mode) ---
2025-12-15 20:31:07,425 - INFO - Creating new robust session with 3 retries on 5xx/connection/read errors.
2025-12-15 20:31:07,425 - INFO - Proxy is DISABLED.
2025-12-15 20:31:07,425 - INFO - Starting scrape for BBC RSS feed: http://feeds.bbci.co.uk/news/world/rss.xml
2025-12-15 20:31:07,425 - INFO - [Times of India] (Thread) requires Selenium. Initializing driver...
2025-12-15 20:31:07,426 - INFO - Starting scrape for The Guardian RSS feed: https://www.theguardian.com/world/rss
2025-12-15 20:31:07,428 - INFO - [The Hindu] (Thread) requires Selenium. Initializing driver...
2025-12-15 20:31:07,428 - INFO - Submitted 4 jobs to thread pool. Waiting up to 300s for completion...
2025-12-15 20:31:07,529 - INFO - Found 36 articles in BBC RSS feed. Processing up to 30.
2025-12-15 20:31:07,532 - INFO - [BBC] Early skip: URL https://www.bbc.com/news/articles/c8dy54e6ljqo?at_medium=RSS&at_campaign=rss already exists.
2025-12-15 20:31:07,579 - INFO - Found 45 articles in The Guardian RSS feed. Processing up to 30.
2025-12-15 20:31:07,713 - INFO - [The Guardian] Early skip: URL https://www.theguardian.com/education/2025/dec/14/ghana-students-uk-universities-face-deportion-funding-crisis already exists.
2025-12-15 20:31:07,867 - INFO - [BBC] Early skip: URL https://www.bbc.com/news/articles/ckgz15d5718o?at_medium=RSS&at_campaign=rss already exists.
2025-12-15 20:31:08,051 - INFO - [The Guardian] Early skip: URL https://www.theguardian.com/science/2025/dec/15/little-foot-hominin-fossil-may-be-new-species-of-human-ancestor already exists.
2025-12-15 20:31:08,187 - INFO - [BBC] Early skip: URL https://www.bbc.com/news/articles/cjrjq2v7l3po?at_medium=RSS&at_campaign=rss already exists.
2025-12-15 20:31:08,340 - INFO - [The Guardian] Early skip: URL https://www.theguardian.com/world/2025/dec/13/drone-strike-on-un-facility-in-war-torn-sudan-leaves-six-peacekeepers-dead already exists.
2025-12-15 20:31:08,480 - INFO - [BBC] Early skip: URL https://www.bbc.com/news/articles/cp844kjj37vo?at_medium=RSS&at_campaign=rss already exists.
2025-12-15 20:31:08,715 - INFO - [The Guardian] Early skip: URL https://www.theguardian.com/world/2025/dec/13/us-accuses-rwanda-of-violating-peace-deal already exists.
2025-12-15 20:31:08,821 - INFO - [BBC] Early skip: URL https://www.bbc.com/news/articles/c2dz15556l1o?at_medium=RSS&at_campaign=rss already exists.
2025-12-15 20:31:08,949 - INFO - [The Guardian] Early skip: URL https://www.theguardian.com/us-news/2025/dec/12/trump-ends-temporary-legal-status-ethiopia already exists.
2025-12-15 20:31:09,241 - INFO - [BBC] Early skip: URL https://www.bbc.com/news/articles/cjwyzlly6eno?at_medium=RSS&at_campaign=rss already exists.
2025-12-15 20:31:09,440 - INFO - [The Guardian] Early skip: URL https://www.theguardian.com/world/2025/dec/15/trinidad-tobago-us-access-airports-venezuela-tensions-grow already exists.
2025-12-15 20:31:09,716 - INFO - [BBC] Early skip: URL https://www.bbc.com/news/articles/cdxwg94v4veo?at_medium=RSS&at_campaign=rss already exists.
2025-12-15 20:31:09,882 - INFO - [The Guardian] Early skip: URL https://www.theguardian.com/world/2025/dec/15/jose-antonio-kast-chile-election-analysis already exists.
2025-12-15 20:31:10,026 - INFO - [BBC] Early skip: URL https://www.bbc.com/news/articles/c0kde07lvvro?at_medium=RSS&at_campaign=rss already exists.
2025-12-15 20:31:10,131 - INFO - [The Guardian] Early skip: URL https://www.theguardian.com/world/2025/dec/15/maria-corina-machado-venezuela-norway already exists.
2025-12-15 20:31:10,277 - INFO - [BBC] Early skip: URL https://www.bbc.com/news/articles/ckg9ll6jpl0o?at_medium=RSS&at_campaign=rss already exists.
2025-12-15 20:31:10,403 - INFO - [The Guardian] Early skip: URL https://www.theguardian.com/world/2025/dec/15/jose-antonio-kast-wins-election-chile-president already exists.
2025-12-15 20:31:10,675 - INFO - [BBC] Early skip: URL https://www.bbc.com/news/articles/cvg1r89m6g7o?at_medium=RSS&at_campaign=rss already exists.
2025-12-15 20:31:10,880 - INFO - [The Guardian] Early skip: URL https://www.theguardian.com/us-news/2025/dec/14/jetblue-pilot-avoids-midair-collision-air-force-venezuela already exists.
2025-12-15 20:31:11,023 - INFO - [BBC] Early skip: URL https://www.bbc.com/news/articles/c2dz7r708dxo?at_medium=RSS&at_campaign=rss already exists.
2025-12-15 20:31:11,277 - INFO - [The Guardian] Article: https://www.theguardian.com/world/2025/dec/15/china-uyghur-human-rights-ice
2025-12-15 20:31:11,277 - INFO - [The Guardian] Attempt 1/1: Trying with 'requests_browser' strategy...
2025-12-15 20:31:11,278 - INFO - [BBC] Early skip: URL https://www.bbc.com/news/articles/cx2dklj3rxvo?at_medium=RSS&at_campaign=rss already exists.
2025-12-15 20:31:11,398 - INFO - [BBC] Early skip: URL https://www.bbc.com/news/videos/cy4xgxm2848o?at_medium=RSS&at_campaign=rss already exists.
2025-12-15 20:31:11,452 - INFO - [The Guardian] Success with 'requests_browser'. Found content (528 words).
2025-12-15 20:31:13,619 - INFO - Selenium driver initialized successfully.
2025-12-15 20:31:13,619 - INFO - Selenium driver initialized successfully.
2025-12-15 20:31:13,619 - INFO - Starting scrape for Times of India RSS feed: https://timesofindia.indiatimes.com/rssfeeds/296589292.cms
2025-12-15 20:31:13,619 - INFO - Starting scrape for The Hindu RSS feed: https://www.thehindu.com/news/national/feeder/default.rss
2025-12-15 20:31:13,739 - INFO - Found 100 articles in The Hindu RSS feed. Processing up to 30.
2025-12-15 20:31:14,008 - INFO - Found 20 articles in Times of India RSS feed. Processing up to 30.
2025-12-15 20:32:02,322 - INFO - Saved article: Man who documented Uyghur camps in China may face removal from US after ICE arrest | China | The Guardian from The Guardian (528 words)
2025-12-15 20:32:02,322 - INFO - [BBC] Early skip: URL https://www.bbc.com/news/articles/c9d9vpxjp2go?at_medium=RSS&at_campaign=rss already exists.
2025-12-15 20:32:02,514 - INFO - [The Hindu] Article: https://www.thehindu.com/news/national/kerala/youth-killed-as-bike-crashes-into-metro-pillar/article70400300.ece
2025-12-15 20:32:02,514 - INFO - [The Hindu] Attempt 1/1: Trying with 'selenium_browser' strategy...
2025-12-15 20:32:02,515 - INFO - [Times of India] Article: https://timesofindia.indiatimes.com/world/us-streamers/moistcr1tikal-reviews-the-game-awards-2025-while-downplaying-his-own-win/articleshow/125990101.cms
2025-12-15 20:32:02,515 - INFO - [Times of India] Attempt 1/1: Trying with 'selenium_browser' strategy...
2025-12-15 20:32:02,516 - INFO - [BBC] Early skip: URL https://www.bbc.com/news/articles/c4g66nll48do?at_medium=RSS&at_campaign=rss already exists.
2025-12-15 20:32:02,673 - INFO - [BBC] Early skip: URL https://www.bbc.com/news/articles/c0l9954yr9ko?at_medium=RSS&at_campaign=rss already exists.
2025-12-15 20:32:02,939 - INFO - [BBC] Early skip: URL https://www.bbc.com/news/articles/cd0kkyx3vvxo?at_medium=RSS&at_campaign=rss already exists.
2025-12-15 20:32:03,103 - INFO - [BBC] Early skip: URL https://www.bbc.com/news/articles/c20gl66r0wno?at_medium=RSS&at_campaign=rss already exists.
2025-12-15 20:32:03,239 - INFO - [BBC] Early skip: URL https://www.bbc.com/news/articles/c8655gn84ego?at_medium=RSS&at_campaign=rss already exists.
2025-12-15 20:32:03,528 - INFO - [BBC] Early skip: URL https://www.bbc.com/news/articles/clyzzxggl7go?at_medium=RSS&at_campaign=rss already exists.
2025-12-15 20:32:03,794 - INFO - [The Guardian] Early skip: URL https://www.theguardian.com/world/2025/dec/15/uk-condemns-hong-kongs-politically-motivated-targeting-of-jimmy-lai-after-conviction already exists.
2025-12-15 20:32:04,063 - INFO - [BBC] Early skip: URL https://www.bbc.com/news/articles/ckg9l1j9wxno?at_medium=RSS&at_campaign=rss already exists.
2025-12-15 20:32:04,221 - INFO - [The Guardian] Early skip: URL https://www.theguardian.com/world/2025/dec/15/jimmy-lai-verdict-hong-kong-judges-national-security-charges already exists.
2025-12-15 20:32:04,373 - INFO - [The Guardian] Early skip: URL https://www.theguardian.com/world/live/2025/dec/15/jimmy-lai-verdict-hong-kong-court-national-security-charges-live already exists.
2025-12-15 20:32:04,590 - INFO - [The Guardian] Early skip: URL https://www.theguardian.com/world/2025/dec/14/hong-kong-opposition-democratic-party-disbands-chinese-pressure already exists.
2025-12-15 20:32:04,860 - INFO - [The Guardian] Early skip: URL https://www.theguardian.com/australia-news/live/2025/dec/16/bondi-beach-shooting-live-updates-victims-terror-attack-jewish-festival-hanukah-al-ahmed-hero-gun-control-ntwnfb already exists.
2025-12-15 20:32:05,092 - INFO - [The Guardian] Early skip: URL https://www.theguardian.com/australia-news/2025/dec/15/labour-donor-dale-vince-criticised-for-post-following-bondi-beach-attack already exists.
2025-12-15 20:32:05,292 - INFO - [BBC] Early skip: URL https://www.bbc.com/news/articles/c0q5309k1y5o?at_medium=RSS&at_campaign=rss already exists.
2025-12-15 20:32:05,448 - INFO - [BBC] Early skip: URL https://www.bbc.com/news/articles/c8dyy47qy82o?at_medium=RSS&at_campaign=rss already exists.
2025-12-15 20:32:05,749 - INFO - [BBC] Early skip: URL https://www.bbc.com/news/articles/cj38rj0y6k5o?at_medium=RSS&at_campaign=rss already exists.
2025-12-15 20:32:05,876 - INFO - [The Guardian] Early skip: URL https://www.theguardian.com/australia-news/2025/dec/15/australian-pm-rejects-netanyahu-linking-palestine-recognition-bondi-beach-attack already exists.
2025-12-15 20:32:06,155 - INFO - [The Guardian] Early skip: URL https://www.theguardian.com/australia-news/2025/dec/15/four-killed-after-minivan-crashes-into-a-tree-in-northern-victoria already exists.
2025-12-15 20:32:06,333 - INFO - [BBC] Early skip: URL https://www.bbc.com/news/articles/c4gk34k9k23o?at_medium=RSS&at_campaign=rss already exists.
2025-12-15 20:32:06,568 - INFO - [BBC] Early skip: URL https://www.bbc.com/news/articles/cx2dp15zglxo?at_medium=RSS&at_campaign=rss already exists.
2025-12-15 20:32:06,812 - INFO - [The Guardian] Early skip: URL https://www.theguardian.com/australia-news/2025/dec/15/pakistani-man-living-in-australia-describes-nightmare-of-being-labelled-as-bondi-attacker already exists.
2025-12-15 20:32:06,929 - INFO - [The Guardian] Early skip: URL https://www.theguardian.com/world/live/2025/dec/15/ukraine-us-russia-berlin-nato-eu-russian-funds-steve-witkoff-volodymyr-zelenskyy-vladimir-putin-europe-live-news already exists.
2025-12-15 20:32:07,005 - INFO - [The Hindu] Page content loaded.
2025-12-15 20:32:07,066 - INFO - [The Guardian] Early skip: URL https://www.theguardian.com/world/2025/dec/15/ukraine-talks-european-leaders-meet-berlin-starmer-macron-zelenskyy-merz-us-witkoff already exists.
2025-12-15 20:32:07,181 - INFO - [The Hindu] Success with 'selenium_browser'. Found content (97 words).
2025-12-15 20:32:07,220 - INFO - [The Guardian] Early skip: URL https://www.theguardian.com/world/2025/dec/15/spain-to-launch-60-monthly-nationwide-public-transport-pass already exists.
2025-12-15 20:32:07,472 - INFO - [BBC] Early skip: URL https://www.bbc.com/news/articles/czrkkm83znpo?at_medium=RSS&at_campaign=rss already exists.
2025-12-15 20:32:07,767 - INFO - [BBC] Early skip: URL https://www.bbc.com/news/articles/c075mr3190mo?at_medium=RSS&at_campaign=rss already exists.
2025-12-15 20:32:07,923 - INFO - [The Guardian] Early skip: URL https://www.theguardian.com/world/2025/dec/15/russia-ukraine-deal-security-guarantees-starmer already exists.
2025-12-15 20:32:08,085 - INFO - [The Guardian] Early skip: URL https://www.theguardian.com/uk-news/2025/dec/15/britain-caught-in-space-between-peace-and-war-new-head-of-mi6-warns already exists.
2025-12-15 20:32:08,325 - INFO - [The Guardian] Early skip: URL https://www.theguardian.com/world/2025/dec/15/assad-family-live-in-russian-luxury-as-bashar-brushes-up-on-ophthalmology already exists.
2025-12-15 20:33:19,820 - INFO - Saved article: Youth killed as bike crashes into Metro pillar - The Hindu from The Hindu (97 words)
2025-12-15 20:33:19,820 - INFO - [BBC] Early skip: URL https://www.bbc.com/news/articles/c0q5pygel84o?at_medium=RSS&at_campaign=rss already exists.
2025-12-15 20:33:19,973 - INFO - [The Guardian] Early skip: URL https://www.theguardian.com/world/2025/dec/13/israel-says-its-military-killed-hamas-commander-raed-saed-in-gaza-city-strike already exists.
2025-12-15 20:33:20,243 - INFO - [BBC] Article: https://www.bbc.com/news/videos/c3e0wnv5zx2o?at_medium=RSS&at_campaign=rss
2025-12-15 20:33:20,243 - INFO - [BBC] Attempt 1/1: Trying with 'requests_browser' strategy...
2025-12-15 20:33:20,244 - INFO - [The Guardian] Early skip: URL https://www.theguardian.com/world/2025/dec/13/new-israeli-barrier-slice-through-precious-west-bank-farmland already exists.
2025-12-15 20:33:20,403 - WARNING - [BBC] FAILED with 'requests_browser' (content was too short: 79 words).
2025-12-15 20:33:20,403 - ERROR - [BBC] All scrape strategies failed for https://www.bbc.com/news/videos/c3e0wnv5zx2o?at_medium=RSS&at_campaign=rss. Falling back to RSS description.
2025-12-15 20:33:20,403 - WARNING - SKIPPED (GLOBAL WORD LIMIT): Article 'How the Bondi Beach shooting unfolded' from BBC has only 40 words (Min: 90).
2025-12-15 20:33:20,508 - INFO - [The Hindu] Article: https://www.thehindu.com/news/national/kerala/suraj-lama-missing-case-police-submit-report-to-kerala-high-court/article70400317.ece
2025-12-15 20:33:20,509 - INFO - [The Hindu] Attempt 1/1: Trying with 'selenium_browser' strategy...
2025-12-15 20:33:20,509 - INFO - [The Guardian] Early skip: URL https://www.theguardian.com/world/2025/dec/12/nobel-peace-prize-laureate-narges-mohammadi-arrested-iran already exists.
2025-12-15 20:33:20,637 - INFO - [The Guardian] Early skip: URL https://www.theguardian.com/tv-and-radio/2025/dec/11/nemo-eurovision-winner-2024-hand-back-trophy-protest-israel-taking-part-2025 already exists.
2025-12-15 20:33:40,532 - ERROR - [The Hindu] Request failed for strategy 'selenium_browser' on URL https://www.thehindu.com/news/national/kerala/suraj-lama-missing-case-police-submit-report-to-kerala-high-court/article70400317.ece: Message: timeout: Timed out receiving message from renderer: 19.455
  (Session info: chrome=143.0.7499.40)
Stacktrace:
#0 0x55bc1e66e19a <unknown>
#1 0x55bc1e0ebc4b <unknown>
#2 0x55bc1e0d3cf3 <unknown>
#3 0x55bc1e0d39d6 <unknown>
#4 0x55bc1e0d1897 <unknown>
#5 0x55bc1e0d21af <unknown>
#6 0x55bc1e0e0970 <unknown>
#7 0x55bc1e0fa017 <unknown>
#8 0x55bc1e1006cb <unknown>
#9 0x55bc1e0d28d8 <unknown>
#10 0x55bc1e0f9dc3 <unknown>
#11 0x55bc1e188f60 <unknown>
#12 0x55bc1e12fc42 <unknown>
#13 0x55bc1e1308f1 <unknown>
#14 0x55bc1e636f39 <unknown>
#15 0x55bc1e639e7d <unknown>
#16 0x55bc1e61fc81 <unknown>
#17 0x55bc1e63aa5b <unknown>
#18 0x55bc1e606a50 <unknown>
#19 0x55bc1e65baa8 <unknown>
#20 0x55bc1e65bc79 <unknown>
#21 0x55bc1e66d4f3 <unknown>
#22 0x7f062f49caa4 <unknown>
#23 0x7f062f529c6c <unknown>

2025-12-15 20:33:40,532 - ERROR - [The Hindu] All scrape strategies failed for https://www.thehindu.com/news/national/kerala/suraj-lama-missing-case-police-submit-report-to-kerala-high-court/article70400317.ece. Falling back to RSS description.
2025-12-15 20:33:40,532 - WARNING - SKIPPED (GLOBAL WORD LIMIT): Article 'Suraj Lama missing case: police submit report to Kerala High Court' from The Hindu has only 3 words (Min: 90).
2025-12-15 20:33:41,783 - INFO - [The Hindu] Article: https://www.thehindu.com/news/national/kerala/pipeline-bursts-again-at-kaloor-residents-stage-protest/article70400449.ece
2025-12-15 20:33:41,783 - INFO - [The Hindu] Attempt 1/1: Trying with 'selenium_browser' strategy...
2025-12-15 20:33:42,746 - INFO - [The Hindu] Page content loaded.
2025-12-15 20:33:42,827 - INFO - [The Hindu] Success with 'selenium_browser'. Found content (315 words).
2025-12-15 20:34:02,616 - ERROR - [Times of India] Request failed for strategy 'selenium_browser' on URL https://timesofindia.indiatimes.com/world/us-streamers/moistcr1tikal-reviews-the-game-awards-2025-while-downplaying-his-own-win/articleshow/125990101.cms: HTTPConnectionPool(host='localhost', port=35415): Read timed out. (read timeout=120)
2025-12-15 20:34:02,616 - ERROR - [Times of India] All scrape strategies failed for https://timesofindia.indiatimes.com/world/us-streamers/moistcr1tikal-reviews-the-game-awards-2025-while-downplaying-his-own-win/articleshow/125990101.cms. Falling back to RSS description.
2025-12-15 20:34:02,616 - WARNING - SKIPPED (GLOBAL WORD LIMIT): Article 'MoistCr1TiKaL reviews The Game Awards 2025 while downplaying his own win' from Times of India has only 51 words (Min: 90).
2025-12-15 20:34:41,481 - INFO - Saved article: Pipeline bursts again at Kaloor, residents stage protest - The Hindu from The Hindu (315 words)
2025-12-15 20:34:41,482 - INFO - [Times of India] Article: https://timesofindia.indiatimes.com/etimes/trending/surgeon-who-tried-to-save-john-lennon-describes-the-chilling-moments-before-his-death/articleshow/125986429.cms
2025-12-15 20:34:41,482 - INFO - [Times of India] Attempt 1/1: Trying with 'selenium_browser' strategy...
2025-12-15 20:34:42,121 - INFO - [The Hindu] Article: https://www.thehindu.com/news/cities/Kochi/thikkakara-municipality-sees-two-contenders-for-chairperson-post/article70399542.ece
2025-12-15 20:34:42,121 - INFO - [The Hindu] Attempt 1/1: Trying with 'selenium_browser' strategy...
2025-12-15 20:34:43,625 - INFO - [The Hindu] Page content loaded.
2025-12-15 20:34:43,755 - INFO - [The Hindu] Success with 'selenium_browser'. Found content (288 words).
2025-12-15 20:35:38,682 - INFO - Saved article: Thrikkakara municipality sees two contenders for chairperson post - The Hindu from The Hindu (288 words)
2025-12-15 20:35:39,516 - INFO - [The Hindu] Article: https://www.thehindu.com/news/national/kerala/in-kochi-corporation-palluruthy-is-ldfs-only-bright-spot/article70399126.ece
2025-12-15 20:35:39,516 - INFO - [The Hindu] Attempt 1/1: Trying with 'selenium_browser' strategy...
2025-12-15 20:35:40,381 - INFO - [The Hindu] Page content loaded.
2025-12-15 20:35:40,460 - INFO - [The Hindu] Success with 'selenium_browser'. Found content (491 words).
2025-12-15 20:36:07,429 - CRITICAL - --- TIMEOUT: 2 scrape jobs did not complete in 300s. ---
2025-12-15 20:36:07,429 - ERROR - A thread has timed out and will be abandoned.
2025-12-15 20:36:07,429 - ERROR - A thread has timed out and will be abandoned.
2025-12-15 20:36:07,429 - INFO - Shutting down thread pool (wait=False)...
2025-12-15 20:36:07,429 - INFO - Scraped: 0 BBC, 1 The Guardian, 2 Timed_Out_Jobs articles. (Total saved: 1)
2025-12-15 20:36:07,429 - INFO - --- Scraping job finished ---
2025-12-15 20:36:07,430 - INFO - --- Scraper service stopped and database connection closed. ---
2025-12-15 20:36:07,430 - INFO - --- Main thread finished. Forcing process exit to kill zombie threads. ---
