2025-12-19 08:36:35,496 - INFO - Loading AI Semantic Model (all-MiniLM-L6-v2)...
2025-12-19 08:36:35,497 - INFO - Use pytorch device_name: cpu
2025-12-19 08:36:35,497 - INFO - Load pretrained SentenceTransformer: all-MiniLM-L6-v2
2025-12-19 08:36:36,981 - INFO - AI Model loaded successfully.
2025-12-19 08:36:36,981 - INFO - --- Scraper service started (CI Mode: Run Once) ---
2025-12-19 08:36:36,981 - INFO - --- Starting new scraping job (Parallel Mode) ---
2025-12-19 08:36:36,981 - INFO - Creating new robust session with 3 retries on 5xx/connection/read errors.
2025-12-19 08:36:36,981 - INFO - Proxy is DISABLED.
2025-12-19 08:36:36,982 - INFO - Starting scrape for BBC RSS feed: http://feeds.bbci.co.uk/news/world/rss.xml
2025-12-19 08:36:36,983 - INFO - [Times of India] (Thread) requires Selenium. Initializing driver...
2025-12-19 08:36:36,983 - INFO - Starting scrape for The Guardian RSS feed: https://www.theguardian.com/world/rss
2025-12-19 08:36:36,984 - INFO - [The Hindu] (Thread) requires Selenium. Initializing driver...
2025-12-19 08:36:36,985 - INFO - Submitted 4 jobs to thread pool. Waiting up to 300s for completion...
2025-12-19 08:36:37,139 - INFO - Found 45 articles in The Guardian RSS feed. Processing up to 30.
2025-12-19 08:36:37,140 - INFO - [The Guardian] Early skip: URL https://www.theguardian.com/global-development/2025/dec/19/colombian-mercenaries-sudan-rsf-us-sanctions-recruited-uk-registered-firms-investigation already exists.
2025-12-19 08:36:37,307 - INFO - [The Guardian] Early skip: URL https://www.theguardian.com/global-development/2025/dec/18/morocco-genz212-protests-police-mass-arrests-beatings-detentions-rights already exists.
2025-12-19 08:36:37,444 - INFO - Found 36 articles in BBC RSS feed. Processing up to 30.
2025-12-19 08:36:37,562 - INFO - [BBC] Early skip: URL https://www.bbc.com/news/articles/c3e025vyppeo?at_medium=RSS&at_campaign=rss already exists.
2025-12-19 08:36:37,688 - INFO - [BBC] Article: https://www.bbc.com/news/articles/c4gp4ze002mo?at_medium=RSS&at_campaign=rss
2025-12-19 08:36:37,688 - INFO - [BBC] Attempt 1/1: Trying with 'requests_browser' strategy...
2025-12-19 08:36:37,693 - INFO - [The Guardian] Early skip: URL https://www.theguardian.com/world/2025/dec/16/five-key-moments-in-the-assault-on-the-rights-of-women-and-girls-in-2025 already exists.
2025-12-19 08:36:37,877 - INFO - [BBC] Success with 'requests_browser'. Found content (493 words).
2025-12-19 08:36:42,363 - INFO - Selenium driver initialized successfully.
2025-12-19 08:36:42,363 - INFO - Starting scrape for Times of India RSS feed: https://timesofindia.indiatimes.com/rssfeeds/296589292.cms
2025-12-19 08:36:42,365 - INFO - Selenium driver initialized successfully.
2025-12-19 08:36:42,365 - INFO - Starting scrape for The Hindu RSS feed: https://www.thehindu.com/news/national/feeder/default.rss
2025-12-19 08:36:42,545 - INFO - Found 100 articles in The Hindu RSS feed. Processing up to 30.
2025-12-19 08:36:42,588 - INFO - Found 20 articles in Times of India RSS feed. Processing up to 30.
2025-12-19 08:37:23,715 - INFO - DEDUPLICATION: Found match (Score: 0.84). Linking to Cluster ID: 198d7d6e-6184-49e1-beea-64e007de886d
2025-12-19 08:37:23,717 - INFO - Saved article: US suspends green card lottery scheme after Brown shooting from BBC (493 words)
2025-12-19 08:37:23,717 - INFO - [The Guardian] Early skip: URL https://www.theguardian.com/world/2025/dec/16/south-africa-russia-men-tricked-fighting-ukraine already exists.
2025-12-19 08:37:23,936 - INFO - [The Hindu] Article: https://www.thehindu.com/news/cities/Hyderabad/lulu-mall-management-shreyas-media-summoned-for-questioning-in-nidhhi-agerwal-mobbing-case/article70414817.ece
2025-12-19 08:37:23,936 - INFO - [The Hindu] Attempt 1/1: Trying with 'selenium_browser' strategy...
2025-12-19 08:37:23,937 - INFO - [Times of India] Early skip: URL https://timesofindia.indiatimes.com/business/international-business/us-immigration-crackdown-donald-trump-suspends-green-card-lottery-links-brownmit-shooting-suspect-to-programme/articleshow/126071957.cms already exists.
2025-12-19 08:37:24,197 - INFO - [The Guardian] Early skip: URL https://www.theguardian.com/world/2025/dec/16/libya-national-museum-reopens already exists.
2025-12-19 08:37:24,321 - INFO - [Times of India] Early skip: URL https://timesofindia.indiatimes.com/world/us/brown-university-shooting-was-suspect-a-us-citizen-what-we-know-about-claudio-manuel-neves-valente/articleshow/126069831.cms already exists.
2025-12-19 08:37:24,597 - INFO - [The Guardian] Early skip: URL https://www.theguardian.com/world/2025/dec/18/brazilian-congress-passes-bill-cut-jair-bolsonaro-prison-term already exists.
2025-12-19 08:37:24,761 - INFO - [Times of India] Article: https://timesofindia.indiatimes.com/world/middle-east/saudi-arabia-makes-national-address-mandatory-for-parcel-deliveries-starting-january-2026/articleshow/126071179.cms
2025-12-19 08:37:24,761 - INFO - [Times of India] Attempt 1/1: Trying with 'selenium_browser' strategy...
2025-12-19 08:37:24,761 - INFO - [The Guardian] Early skip: URL https://www.theguardian.com/world/2025/dec/18/canada-immigration-population-analysis already exists.
2025-12-19 08:37:25,051 - INFO - [The Guardian] Early skip: URL https://www.theguardian.com/us-news/2025/dec/17/military-strike-pacific-hegseth already exists.
2025-12-19 08:37:25,341 - INFO - [The Guardian] Early skip: URL https://www.theguardian.com/world/2025/dec/17/canada-population-drop-international-students already exists.
2025-12-19 08:37:25,565 - INFO - [BBC] Early skip: URL https://www.bbc.com/news/articles/cn09p4kjj4wo?at_medium=RSS&at_campaign=rss already exists.
2025-12-19 08:37:25,826 - INFO - [The Guardian] Early skip: URL https://www.theguardian.com/world/2025/dec/17/canada-polar-bear-adopts-new-cub already exists.
2025-12-19 08:37:25,965 - INFO - [The Guardian] Article: https://www.theguardian.com/technology/2025/dec/19/uk-foreign-office-victim-cyber-attack-october-
2025-12-19 08:37:25,966 - INFO - [The Guardian] Attempt 1/1: Trying with 'requests_browser' strategy...
2025-12-19 08:37:25,969 - INFO - [BBC] Early skip: URL https://www.bbc.com/news/articles/c623rzzenmyo?at_medium=RSS&at_campaign=rss already exists.
2025-12-19 08:37:26,150 - INFO - [BBC] Early skip: URL https://www.bbc.com/news/articles/c741r9ve3z7o?at_medium=RSS&at_campaign=rss already exists.
2025-12-19 08:37:26,180 - INFO - [The Guardian] Success with 'requests_browser'. Found content (376 words).
2025-12-19 08:37:26,414 - INFO - [BBC] Early skip: URL https://www.bbc.com/news/articles/cgexp1q8wn1o?at_medium=RSS&at_campaign=rss already exists.
2025-12-19 08:37:26,429 - INFO - [The Hindu] Page content loaded.
2025-12-19 08:37:26,632 - INFO - [BBC] Early skip: URL https://www.bbc.com/news/articles/cy472pygwljo?at_medium=RSS&at_campaign=rss already exists.
2025-12-19 08:37:26,688 - INFO - [The Hindu] Success with 'selenium_browser'. Found content (380 words).
2025-12-19 08:37:26,940 - INFO - [BBC] Early skip: URL https://www.bbc.com/news/articles/c8983vzg79go?at_medium=RSS&at_campaign=rss already exists.
2025-12-19 08:37:27,131 - INFO - [BBC] Early skip: URL https://www.bbc.com/news/articles/cg7vp937jyxo?at_medium=RSS&at_campaign=rss already exists.
2025-12-19 08:37:27,385 - INFO - [BBC] Early skip: URL https://www.bbc.com/news/articles/c93wxp2p05xo?at_medium=RSS&at_campaign=rss already exists.
2025-12-19 08:37:44,790 - ERROR - [Times of India] Request failed for strategy 'selenium_browser' on URL https://timesofindia.indiatimes.com/world/middle-east/saudi-arabia-makes-national-address-mandatory-for-parcel-deliveries-starting-january-2026/articleshow/126071179.cms: Message: timeout: Timed out receiving message from renderer: 19.856
  (Session info: chrome=143.0.7499.109)
Stacktrace:
#0 0x5612b99d461a <unknown>
#1 0x5612b945120b <unknown>
#2 0x5612b94392aa <unknown>
#3 0x5612b9438f8d <unknown>
#4 0x5612b9436e47 <unknown>
#5 0x5612b943775f <unknown>
#6 0x5612b9445f20 <unknown>
#7 0x5612b945f5e7 <unknown>
#8 0x5612b9465c9b <unknown>
#9 0x5612b9437e88 <unknown>
#10 0x5612b945f356 <unknown>
#11 0x5612b94ee580 <unknown>
#12 0x5612b9495232 <unknown>
#13 0x5612b9495ee1 <unknown>
#14 0x5612b999d3f9 <unknown>
#15 0x5612b99a034d <unknown>
#16 0x5612b9986122 <unknown>
#17 0x5612b99a0f2b <unknown>
#18 0x5612b996cc30 <unknown>
#19 0x5612b99c1d78 <unknown>
#20 0x5612b99c1f4c <unknown>
#21 0x5612b99d3973 <unknown>
#22 0x7fa14e09caa4 <unknown>
#23 0x7fa14e129c6c <unknown>

2025-12-19 08:37:44,790 - ERROR - [Times of India] All scrape strategies failed for https://timesofindia.indiatimes.com/world/middle-east/saudi-arabia-makes-national-address-mandatory-for-parcel-deliveries-starting-january-2026/articleshow/126071179.cms. Falling back to RSS description.
2025-12-19 08:37:44,790 - WARNING - SKIPPED (GLOBAL WORD LIMIT): Article 'Saudi Arabia makes national address mandatory for parcel deliveries starting January 2026' from Times of India has only 60 words (Min: 90).
2025-12-19 08:38:31,623 - INFO - Saved article: UK Foreign Office victim of cyber-attack in October, says Chris Bryant | Cybercrime | The Guardian from The Guardian (376 words)
2025-12-19 08:39:23,358 - INFO - Saved article: Nidhhi Agerwal mobbing case: Lulu Mall management, Shreyas Media summoned for questioning - The Hindu from The Hindu (380 words)
2025-12-19 08:39:23,358 - INFO - [BBC] Early skip: URL https://www.bbc.com/news/articles/cp8z684r6vlo?at_medium=RSS&at_campaign=rss already exists.
2025-12-19 08:39:23,562 - INFO - [Times of India] Article: https://timesofindia.indiatimes.com/world/middle-east/uae-on-high-alert-as-heavy-rain-strong-winds-and-travel-disruptions-continue/articleshow/126071133.cms
2025-12-19 08:39:23,562 - INFO - [Times of India] Attempt 1/1: Trying with 'selenium_browser' strategy...
2025-12-19 08:39:23,563 - INFO - [The Guardian] Early skip: URL https://www.theguardian.com/world/2025/dec/19/south-korean-president-urges-public-health-cover-hair-loss already exists.
2025-12-19 08:39:23,857 - INFO - [BBC] Early skip: URL https://www.bbc.com/news/articles/c2epv08xwz7o?at_medium=RSS&at_campaign=rss already exists.
2025-12-19 08:39:24,066 - INFO - [BBC] Early skip: URL https://www.bbc.com/news/articles/cgmneem1e89o?at_medium=RSS&at_campaign=rss already exists.
2025-12-19 08:39:24,226 - INFO - [BBC] Early skip: URL https://www.bbc.com/news/articles/cp9kv9lld38o?at_medium=RSS&at_campaign=rss already exists.
2025-12-19 08:39:24,343 - INFO - [The Guardian] Early skip: URL https://www.theguardian.com/world/2025/dec/18/us-announces-more-than-10bn-of-arms-sales-to-taiwan already exists.
2025-12-19 08:39:24,557 - INFO - [BBC] Early skip: URL https://www.bbc.com/news/articles/ce86j7n6d3do?at_medium=RSS&at_campaign=rss already exists.
2025-12-19 08:39:24,706 - INFO - [The Guardian] Early skip: URL https://www.theguardian.com/environment/2025/dec/18/smart-bins-measuring-food-waste-south-korea already exists.
2025-12-19 08:39:24,931 - INFO - [BBC] Early skip: URL https://www.bbc.com/news/articles/c74xvp00wj3o?at_medium=RSS&at_campaign=rss already exists.
2025-12-19 08:39:25,054 - INFO - [The Hindu] Article: https://www.thehindu.com/news/cities/Mangalore/konkan-railway-network-in-limbo-as-union-ministry-wont-absorb-krcl-or-let-states-exit-complain-patrons/article70414929.ece
2025-12-19 08:39:25,054 - INFO - [The Hindu] Attempt 1/1: Trying with 'selenium_browser' strategy...
2025-12-19 08:39:25,055 - INFO - [The Guardian] Early skip: URL https://www.theguardian.com/world/2025/dec/18/china-to-raise-tax-condoms-boost-birth-rate already exists.
2025-12-19 08:39:25,224 - INFO - [The Guardian] Early skip: URL https://www.theguardian.com/australia-news/2025/dec/19/new-hate-speech-laws-will-go-to-constitutional-limit-to-crack-down-on-dehumanising-rhetoric-tony-burke-says-ntwnfb already exists.
2025-12-19 08:39:25,326 - INFO - [BBC] Early skip: URL https://www.bbc.com/news/articles/c8e9j84008jo?at_medium=RSS&at_campaign=rss already exists.
2025-12-19 08:39:25,472 - INFO - [The Guardian] Early skip: URL https://www.theguardian.com/australia-news/2025/dec/19/anti-protest-laws-extraordinary-powers-nsw-premier-linking-gaza-rallies-bondi-terror-attack-ntwnfb already exists.
2025-12-19 08:39:25,681 - INFO - [The Guardian] Early skip: URL https://www.theguardian.com/australia-news/live/2025/dec/19/australia-news-live-bondi-terror-attack-latest-updates-antisemitism-liverpool-suspects-victims-funeral-hate-speech-preachers-ntwnfb already exists.
2025-12-19 08:39:25,798 - INFO - [The Guardian] Early skip: URL https://www.theguardian.com/australia-news/2025/dec/19/bondi-paddle-out-surfers-paddle-boarders-and-swimmers-pay-tribute-to-victims-of-mass-shooting already exists.
2025-12-19 08:39:26,013 - INFO - [The Guardian] Early skip: URL https://www.theguardian.com/australia-news/2025/dec/19/proposal-australian-copyrighted-material-train-ai-abandoned-after-backlash already exists.
2025-12-19 08:39:26,266 - INFO - [BBC] Early skip: URL https://www.bbc.com/news/articles/czxgrl4937yo?at_medium=RSS&at_campaign=rss already exists.
2025-12-19 08:39:26,509 - INFO - [BBC] Early skip: URL https://www.bbc.com/news/articles/cx239pp7gl7o?at_medium=RSS&at_campaign=rss already exists.
2025-12-19 08:39:26,649 - INFO - [The Guardian] Early skip: URL https://www.theguardian.com/world/live/2025/dec/19/ukraine-war-live-zelenskyy-european-union-agreement-90bn-loan-deal-kyiv already exists.
2025-12-19 08:39:26,789 - INFO - [The Guardian] Early skip: URL https://www.theguardian.com/politics/2025/dec/19/lib-dems-call-for-inquiry-into-hostile-foreign-state-interference-to-include-us already exists.
2025-12-19 08:39:26,893 - INFO - [The Guardian] Early skip: URL https://www.theguardian.com/world/2025/dec/19/ukraine-deal-latest-europe-leaders-loan-zelenskyy already exists.
2025-12-19 08:39:27,015 - INFO - [BBC] Early skip: URL https://www.bbc.com/news/articles/cvgj0p5yl92o?at_medium=RSS&at_campaign=rss already exists.
2025-12-19 08:39:27,170 - INFO - [The Guardian] Early skip: URL https://www.theguardian.com/world/2025/dec/18/denmark-says-russia-was-behind-two-destructive-and-disruptive-cyber-attacks already exists.
2025-12-19 08:39:27,346 - INFO - [The Guardian] Early skip: URL https://www.theguardian.com/world/live/2025/dec/18/eu-frozen-russian-assets-ukraine-war-europe-latest-news-updates already exists.
2025-12-19 08:39:27,532 - INFO - [The Guardian] Early skip: URL https://www.theguardian.com/world/2025/dec/18/rainfall-iran-hormuz-island-red-beach already exists.
2025-12-19 08:39:27,833 - INFO - [BBC] Early skip: URL https://www.bbc.com/news/articles/c74xvp00wj3o?at_medium=RSS&at_campaign=rss already exists.
2025-12-19 08:39:27,990 - INFO - [BBC] Early skip: URL https://www.bbc.com/news/articles/c4gej5ezyypo?at_medium=RSS&at_campaign=rss already exists.
2025-12-19 08:39:28,162 - INFO - [The Guardian] Early skip: URL https://www.theguardian.com/world/2025/dec/18/saudi-backed-forces-yemen-border-separatists-stc already exists.
2025-12-19 08:39:28,384 - INFO - [The Guardian] Early skip: URL https://www.theguardian.com/us-news/2025/dec/17/peter-arnett-dead-vietnam-gulf-war already exists.
2025-12-19 08:39:28,588 - INFO - [The Guardian] Early skip: URL https://www.theguardian.com/world/2025/dec/16/victims-iran-crackdown-criminal-complaint-officials already exists.
2025-12-19 08:39:28,722 - INFO - [BBC] Early skip: URL https://www.bbc.com/sport/football/articles/cwyvdrkd9j7o?at_medium=RSS&at_campaign=rss already exists.
2025-12-19 08:39:28,826 - INFO - [BBC] Early skip: URL https://www.bbc.com/news/articles/c865exedy24o?at_medium=RSS&at_campaign=rss already exists.
2025-12-19 08:39:29,010 - INFO - [The Guardian] Early skip: URL https://www.theguardian.com/world/2025/dec/16/syria-ahmed-al-ahmed-who-disarmed-bondi-shooter-lauded-in-home-town already exists.
2025-12-19 08:39:29,122 - INFO - [BBC] Early skip: URL https://www.bbc.com/news/articles/cx2e6r10rdeo?at_medium=RSS&at_campaign=rss already exists.
2025-12-19 08:39:29,323 - INFO - [The Hindu] Page content loaded.
2025-12-19 08:39:29,417 - INFO - [BBC] Early skip: URL https://www.bbc.com/news/articles/cx2p4vw595jo?at_medium=RSS&at_campaign=rss already exists.
2025-12-19 08:39:29,527 - INFO - [BBC] Early skip: URL https://www.bbc.com/news/articles/cwypp1jwjz1o?at_medium=RSS&at_campaign=rss already exists.
2025-12-19 08:39:29,746 - INFO - [BBC] Early skip: URL https://www.bbc.com/news/articles/czxp998rd9ko?at_medium=RSS&at_campaign=rss already exists.
2025-12-19 08:39:29,898 - INFO - [The Hindu] Success with 'selenium_browser'. Found content (427 words).
2025-12-19 08:39:29,963 - INFO - [BBC] Early skip: URL https://www.bbc.com/news/articles/c773mnpre07o?at_medium=RSS&at_campaign=rss already exists.
2025-12-19 08:39:30,151 - INFO - [BBC] Early skip: URL https://www.bbc.com/news/articles/cze80j943zlo?at_medium=RSS&at_campaign=rss already exists.
2025-12-19 08:39:38,646 - INFO - [Times of India] Page content loaded.
2025-12-19 08:39:38,916 - INFO - [Times of India] Success with 'selenium_browser'. Found content (585 words).
2025-12-19 08:40:19,279 - INFO - Saved article: Konkan Railway network in limbo as Union Ministry won’t absorb KRCL or let States exit: Patrons - The Hindu from The Hindu (427 words)
2025-12-19 08:41:07,209 - INFO - DEDUPLICATION: Found match (Score: 0.80). Linking to Cluster ID: 5874a219-1364-473e-8f86-57d9aeb373bc
2025-12-19 08:41:07,211 - INFO - Saved article: UAE Weather: UAE on high alert as heavy rain, strong winds and travel disruptions continue | World News - The Times of India from Times of India (585 words)
2025-12-19 08:41:07,212 - INFO - [The Hindu] Article: https://www.thehindu.com/news/national/andhra-pradesh/cm-chandrababu-naidu-requests-nirmala-sitharaman-for-enhanced-assistance-under-purvodaya-sasci-schemes/article70414912.ece
2025-12-19 08:41:07,212 - INFO - [The Hindu] Attempt 1/1: Trying with 'selenium_browser' strategy...
2025-12-19 08:41:08,129 - INFO - [Times of India] Early skip: URL https://timesofindia.indiatimes.com/world/middle-east/dubai-rta-temporarily-pauses-intercity-bus-services-to-sharjah-and-ajman/articleshow/126070651.cms already exists.
2025-12-19 08:41:08,151 - INFO - [The Hindu] Page content loaded.
2025-12-19 08:41:08,199 - INFO - [The Hindu] Success with 'selenium_browser'. Found content (356 words).
2025-12-19 08:41:36,985 - CRITICAL - --- TIMEOUT: 2 scrape jobs did not complete in 300s. ---
2025-12-19 08:41:36,985 - ERROR - A thread has timed out and will be abandoned.
2025-12-19 08:41:36,985 - ERROR - A thread has timed out and will be abandoned.
2025-12-19 08:41:36,985 - INFO - Shutting down thread pool (wait=False)...
2025-12-19 08:41:36,985 - INFO - Scraped: 1 BBC, 1 The Guardian, 2 Timed_Out_Jobs articles. (Total saved: 2)
2025-12-19 08:41:36,985 - INFO - --- Scraping job finished ---
2025-12-19 08:41:36,986 - INFO - --- Scraper service stopped and database connection closed. ---
2025-12-19 08:41:36,986 - INFO - --- Main thread finished. Forcing process exit to kill zombie threads. ---
