2026-03-04 13:10:20,949 - INFO - Loading AI Semantic Model (all-MiniLM-L4-v2)...
2026-03-04 13:10:20,949 - INFO - Use pytorch device_name: cpu
2026-03-04 13:10:20,949 - INFO - Load pretrained SentenceTransformer: all-MiniLM-L4-v2
2026-03-04 13:10:21,146 - INFO - HTTP Request: HEAD https://huggingface.co/sentence-transformers/all-MiniLM-L4-v2/resolve/main/modules.json "HTTP/1.1 401 Unauthorized"
2026-03-04 13:10:21,147 - WARNING - No sentence-transformers model found with name sentence-transformers/all-MiniLM-L4-v2. Creating a new one with mean pooling.
2026-03-04 13:10:21,182 - INFO - HTTP Request: HEAD https://huggingface.co/sentence-transformers/all-MiniLM-L4-v2/resolve/main/adapter_config.json "HTTP/1.1 401 Unauthorized"
2026-03-04 13:10:21,182 - CRITICAL - Failed to load AI model: sentence-transformers/all-MiniLM-L4-v2 is not a local folder and is not a valid model identifier listed on 'https://huggingface.co/models'
If this is a private repository, make sure to pass a token having permission to this repo either by logging in with `hf auth login` or by passing `token=<your_token>`. Clustering is disabled.
2026-03-04 13:10:21,183 - INFO - --- Scraper service started (CI Mode: Run Once) ---
2026-03-04 13:10:21,183 - INFO - --- Starting new scraping job (Parallel Mode) ---
2026-03-04 13:10:21,183 - INFO - Creating new robust session with 3 retries on 5xx/connection/read errors.
2026-03-04 13:10:21,183 - INFO - Proxy is DISABLED.
2026-03-04 13:10:21,183 - INFO - Starting scrape for BBC RSS feed: http://feeds.bbci.co.uk/news/world/rss.xml
2026-03-04 13:10:21,184 - INFO - [Times of India] (Thread) requires Selenium. Initializing driver...
2026-03-04 13:10:21,184 - INFO - Starting scrape for TechCrunch RSS feed: https://techcrunch.com/feed/
2026-03-04 13:10:21,187 - INFO - Starting scrape for The Guardian RSS feed: https://www.theguardian.com/world/rss
2026-03-04 13:10:21,189 - INFO - [The Hindu] (Thread) requires Selenium. Initializing driver...
2026-03-04 13:10:21,190 - INFO - Submitted 5 jobs to thread pool. Waiting up to 300s for completion...
2026-03-04 13:10:21,338 - INFO - Found 21 articles in BBC RSS feed. Processing until 20 new articles are saved.
2026-03-04 13:10:21,339 - INFO - [BBC] Early skip: URL https://www.bbc.com/news/articles/cr5lz0vgy52o?at_medium=RSS&at_campaign=rss already exists.
2026-03-04 13:10:21,346 - INFO - [BBC] Early skip: URL https://www.bbc.com/news/articles/c93wwq1n542o?at_medium=RSS&at_campaign=rss already exists.
2026-03-04 13:10:21,353 - INFO - [BBC] Article: https://www.bbc.com/news/articles/c7955ewj7gwo?at_medium=RSS&at_campaign=rss
2026-03-04 13:10:21,353 - INFO - [BBC] Attempt 1/1: Trying with 'requests_browser' strategy...
2026-03-04 13:10:21,415 - INFO - Found 45 articles in The Guardian RSS feed. Processing until 20 new articles are saved.
2026-03-04 13:10:21,415 - INFO - [The Guardian] Early skip: URL https://www.theguardian.com/world/2026/mar/03/south-sudan-risks-return-civil-war-violence-escalates already exists.
2026-03-04 13:10:21,416 - INFO - [The Guardian] Early skip: URL https://www.theguardian.com/world/2026/mar/03/global-south-condemns-us-israeli-war-with-iran already exists.
2026-03-04 13:10:21,418 - INFO - [The Guardian] Early skip: URL https://www.theguardian.com/world/2026/feb/27/ghana-men-killed-fight-russia-ukraine already exists.
2026-03-04 13:10:21,419 - INFO - [The Guardian] Early skip: URL https://www.theguardian.com/global-development/2026/feb/27/rising-anger-over-lop-sided-immoral-us-health-funding-pacts-africa-countries already exists.
2026-03-04 13:10:21,420 - INFO - [The Guardian] Early skip: URL https://www.theguardian.com/global-development/2026/feb/26/women-arrested-uganda-kissing-public-lgbtq-laws already exists.
2026-03-04 13:10:21,421 - INFO - [The Guardian] Early skip: URL https://www.theguardian.com/world/2026/mar/04/cuba-charges-six-exiles-terrorism-speedboat-attack already exists.
2026-03-04 13:10:21,423 - INFO - [The Guardian] Early skip: URL https://www.theguardian.com/us-news/2026/mar/04/us-military-action-operation-ecuador already exists.
2026-03-04 13:10:21,424 - INFO - [The Guardian] Early skip: URL https://www.theguardian.com/world/2026/feb/28/miami-exiled-cubans-speedboat-shootout already exists.
2026-03-04 13:10:21,425 - INFO - [The Guardian] Early skip: URL https://www.theguardian.com/world/2026/feb/28/at-least-15-killed-as-cash-laden-military-cargo-plane-crashes-in-bolivia already exists.
2026-03-04 13:10:21,426 - INFO - [The Guardian] Early skip: URL https://www.theguardian.com/us-news/2026/feb/27/trump-cuba-regime-change already exists.
2026-03-04 13:10:21,428 - INFO - [The Guardian] Early skip: URL https://www.theguardian.com/australia-news/2026/mar/04/jordanian-national-arrested-philippines-suspected-akrams-alleged-bondi-shooting-attackers-ntwnfb already exists.
2026-03-04 13:10:21,429 - INFO - [The Guardian] Early skip: URL https://www.theguardian.com/world/2026/mar/04/china-two-sessions-2026-meeting-what-are-they-when-is-it-explainer already exists.
2026-03-04 13:10:21,431 - INFO - [The Guardian] Early skip: URL https://www.theguardian.com/world/2026/mar/04/new-zealand-english-official-language-bill already exists.
2026-03-04 13:10:21,432 - INFO - [The Guardian] Early skip: URL https://www.theguardian.com/business/2026/mar/03/china-calls-protection-vessels-strait-hormuz-amid-soaring-shipping-costs already exists.
2026-03-04 13:10:21,433 - INFO - [The Guardian] Early skip: URL https://www.theguardian.com/world/2026/mar/03/china-two-sessions-president-xi-economy-defence-technology already exists.
2026-03-04 13:10:21,436 - INFO - [The Guardian] Early skip: URL https://www.theguardian.com/australia-news/2026/mar/04/tim-wilson-claims-he-has-sold-out-of-his-bet-against-the-share-market-for-modest-profit already exists.
2026-03-04 13:10:21,437 - INFO - [The Guardian] Early skip: URL https://www.theguardian.com/australia-news/2026/mar/04/adelaide-university-cancels-francesca-albanese-un-gaza-investigator already exists.
2026-03-04 13:10:21,438 - INFO - [The Guardian] Early skip: URL https://www.theguardian.com/australia-news/live/2026/mar/04/politics-live-albanese-prime-minister-question-time-angus-taylor-cost-of-living-middle-east-work-from-home-victoria-ntwnfb already exists.
2026-03-04 13:10:21,439 - INFO - [The Guardian] Early skip: URL https://www.theguardian.com/australia-news/2026/mar/04/mafs-coercive-control-plibersek-ntwnfb already exists.
2026-03-04 13:10:21,440 - INFO - [The Guardian] Early skip: URL https://www.theguardian.com/australia-news/2026/mar/04/kelly-wilkinson-murder-inquest-queensland-police-missed-opportunities-ntwnfb already exists.
2026-03-04 13:10:21,442 - INFO - [The Guardian] Early skip: URL https://www.theguardian.com/world/live/2026/mar/04/europe-latest-news-updates-pedro-sanchez-spain-nato-eu already exists.
2026-03-04 13:10:21,443 - INFO - [The Guardian] Early skip: URL https://www.theguardian.com/business/2026/mar/04/uk-supermarket-chain-iceland-drops-trademark-dispute-with-iceland already exists.
2026-03-04 13:10:21,445 - INFO - [The Guardian] Article: https://www.theguardian.com/business/2026/mar/04/stock-market-fall-trump-hormuz-oil-prices
2026-03-04 13:10:21,445 - INFO - [The Guardian] Attempt 1/1: Trying with 'requests_browser' strategy...
2026-03-04 13:10:21,459 - INFO - [BBC] Success with 'requests_browser'. Found content (343 words).
2026-03-04 13:10:21,505 - INFO - Saved article: Partner of Labour MP arrested on suspicion of spying for China from BBC (343 words)
2026-03-04 13:10:21,524 - INFO - [The Guardian] Success with 'requests_browser'. Found content (668 words).
2026-03-04 13:10:21,575 - INFO - Saved article: European stock markets rally after report of ‘secret outreach’ by Iran to try to end war | Stock markets | The Guardian from The Guardian (668 words)
2026-03-04 13:10:22,018 - INFO - [BBC] Early skip: URL https://www.bbc.com/news/articles/cgjzz4gn64zo?at_medium=RSS&at_campaign=rss already exists.
2026-03-04 13:10:22,020 - INFO - [BBC] Early skip: URL https://www.bbc.com/news/articles/c2lrxyke7kro?at_medium=RSS&at_campaign=rss already exists.
2026-03-04 13:10:22,021 - INFO - [BBC] Article: https://www.bbc.com/news/articles/cy0d59e7wjlo?at_medium=RSS&at_campaign=rss
2026-03-04 13:10:22,021 - INFO - [BBC] Attempt 1/1: Trying with 'requests_browser' strategy...
2026-03-04 13:10:22,069 - INFO - [BBC] Success with 'requests_browser'. Found content (1236 words).
2026-03-04 13:10:22,382 - INFO - Saved article: Pregnant women's brains shed grey matter to prime them for motherhood, study suggests from BBC (1236 words)
2026-03-04 13:10:22,787 - INFO - [The Guardian] Early skip: URL https://www.theguardian.com/world/2026/mar/04/pedro-sanchez-donald-trump-threat-cut-off-trade-spain already exists.
2026-03-04 13:10:22,788 - INFO - [The Guardian] Early skip: URL https://www.theguardian.com/fashion/2026/mar/04/paris-fashion-week-yves-saint-laurent-show-le-smoking-suit already exists.
2026-03-04 13:10:22,789 - INFO - [The Guardian] Early skip: URL https://www.theguardian.com/world/live/2026/mar/04/iran-war-live-updates-us-israel-latest-news-strait-of-hormuz-middle-east-crisis already exists.
2026-03-04 13:10:22,791 - INFO - [The Guardian] Article: https://www.theguardian.com/world/2026/mar/04/mojtaba-khamenei-son-of-former-supreme-leader-tipped-to-become-irans-next-head-of-state
2026-03-04 13:10:22,791 - INFO - [The Guardian] Attempt 1/1: Trying with 'requests_browser' strategy...
2026-03-04 13:10:22,855 - INFO - [The Guardian] Success with 'requests_browser'. Found content (686 words).
2026-03-04 13:10:22,909 - INFO - Saved article: Mojtaba Khamenei, son of former supreme leader, tipped to become Iran’s next head of state | Iran | The Guardian from The Guardian (686 words)
2026-03-04 13:10:23,034 - INFO - Found 0 articles in TechCrunch RSS feed. Processing until 20 new articles are saved.
2026-03-04 13:10:23,733 - INFO - [BBC] Early skip: URL https://www.bbc.com/news/articles/clyzzdgv2k0o?at_medium=RSS&at_campaign=rss already exists.
2026-03-04 13:10:23,734 - INFO - [BBC] Early skip: URL https://www.bbc.com/news/articles/cpv87wwmd0lo?at_medium=RSS&at_campaign=rss already exists.
2026-03-04 13:10:23,735 - INFO - [BBC] Early skip: URL https://www.bbc.com/news/articles/c2k88j5x9wdo?at_medium=RSS&at_campaign=rss already exists.
2026-03-04 13:10:23,737 - INFO - [BBC] Early skip: URL https://www.bbc.com/news/articles/cly2m5e5ke4o?at_medium=RSS&at_campaign=rss already exists.
2026-03-04 13:10:23,738 - INFO - [BBC] Early skip: URL https://www.bbc.com/news/articles/c5yk5yw49nqo?at_medium=RSS&at_campaign=rss already exists.
2026-03-04 13:10:23,739 - INFO - [BBC] Early skip: URL https://www.bbc.com/news/articles/cy7jm7k7pxzo?at_medium=RSS&at_campaign=rss already exists.
2026-03-04 13:10:23,740 - INFO - [BBC] Early skip: URL https://www.bbc.com/news/articles/c4gq33ynl07o?at_medium=RSS&at_campaign=rss already exists.
2026-03-04 13:10:23,741 - INFO - [BBC] Early skip: URL https://www.bbc.com/news/articles/cq6qvvnj1jvo?at_medium=RSS&at_campaign=rss already exists.
2026-03-04 13:10:23,743 - INFO - [BBC] Early skip: URL https://www.bbc.com/news/articles/cjd9jgnrdpko?at_medium=RSS&at_campaign=rss already exists.
2026-03-04 13:10:23,744 - INFO - [BBC] Early skip: URL https://www.bbc.com/news/articles/c15x38x7z8xo?at_medium=RSS&at_campaign=rss already exists.
2026-03-04 13:10:23,745 - INFO - [BBC] Early skip: URL https://www.bbc.com/news/articles/cx2dyz6p3weo?at_medium=RSS&at_campaign=rss already exists.
2026-03-04 13:10:23,746 - INFO - [BBC] Early skip: URL https://www.bbc.com/news/videos/cd70zp0v3g4o?at_medium=RSS&at_campaign=rss already exists.
2026-03-04 13:10:23,748 - INFO - [BBC] Early skip: URL https://www.bbc.com/news/videos/cgml4ldzyxyo?at_medium=RSS&at_campaign=rss already exists.
2026-03-04 13:10:23,749 - INFO - [BBC] Article: https://www.bbc.com/news/videos/cvgjnv2y90wo?at_medium=RSS&at_campaign=rss
2026-03-04 13:10:23,749 - INFO - [BBC] Attempt 1/1: Trying with 'requests_browser' strategy...
2026-03-04 13:10:23,798 - WARNING - [BBC] FAILED with 'requests_browser' (content was too short: 68 words).
2026-03-04 13:10:23,798 - ERROR - [BBC] All scrape strategies failed for https://www.bbc.com/news/videos/cvgjnv2y90wo?at_medium=RSS&at_campaign=rss. Falling back to RSS description.
2026-03-04 13:10:23,798 - WARNING - SKIPPED (GLOBAL WORD LIMIT): Article 'Watch: How the US-Israel war with Iran is jeopardising shipping' from BBC has only 20 words (Min: 90).
2026-03-04 13:10:23,823 - INFO - [The Guardian] Article: https://www.theguardian.com/world/2026/mar/04/israel-fresh-strikes-tehran-beirut-iran-targets-us-bases-gulf
2026-03-04 13:10:23,823 - INFO - [The Guardian] Attempt 1/1: Trying with 'requests_browser' strategy...
2026-03-04 13:10:23,879 - INFO - [The Guardian] Success with 'requests_browser'. Found content (797 words).
2026-03-04 13:10:23,931 - INFO - Saved article: Israel carries out fresh strikes on Tehran and Beirut as Iran targets US bases in Gulf | US-Israel war on Iran | The Guardian from The Guardian (797 words)
2026-03-04 13:10:24,695 - INFO - [The Guardian] Early skip: URL https://www.theguardian.com/world/2026/mar/04/us-israel-strikes-iran-nuclear-program-could-backfire already exists.
2026-03-04 13:10:24,697 - INFO - [The Guardian] Early skip: URL https://www.theguardian.com/world/live/2026/mar/03/us-israel-war-iran-live-updates-attacks-strikes-trump-netanyahu-lebanon-middle-east-latest-news already exists.
2026-03-04 13:10:24,698 - INFO - [The Guardian] Early skip: URL https://www.theguardian.com/world/2026/mar/03/nepal-gen-z-election-popular-former-rapper-balen already exists.
2026-03-04 13:10:24,699 - INFO - [The Guardian] Early skip: URL https://www.theguardian.com/world/2026/mar/02/afghanistan-pakistan-airstrikes-bagram-airbase already exists.
2026-03-04 13:10:24,700 - INFO - [The Guardian] Early skip: URL https://www.theguardian.com/world/2026/feb/28/us-backs-pakistans-right-to-defend-itself-against-taliban-after-strikes-on-afghanistan already exists.
2026-03-04 13:10:24,701 - INFO - [The Guardian] Early skip: URL https://www.theguardian.com/world/2026/feb/27/pakistan-miscalculation-taliban-afghanistan already exists.
2026-03-04 13:10:24,703 - INFO - [The Guardian] Early skip: URL https://www.theguardian.com/world/2026/feb/27/pakistan-declares-state-of-open-war-after-bombing-major-afghan-cities already exists.
2026-03-04 13:10:24,704 - INFO - [The Guardian] Article: https://www.theguardian.com/uk-news/2026/mar/04/parliament-arrests-suspicion-spying-china
2026-03-04 13:10:24,704 - INFO - [The Guardian] Attempt 1/1: Trying with 'requests_browser' strategy...
2026-03-04 13:10:24,764 - INFO - [BBC] Early skip: URL https://www.bbc.com/news/videos/cn71jg14dnyo?at_medium=RSS&at_campaign=rss already exists.
2026-03-04 13:10:24,826 - INFO - [The Guardian] Success with 'requests_browser'. Found content (248 words).
2026-03-04 13:10:24,865 - INFO - Saved article: Partner of sitting Labour MP among three arrested on suspicion of spying for China | UK news | The Guardian from The Guardian (248 words)
2026-03-04 13:10:26,128 - INFO - [The Guardian] Early skip: URL https://www.theguardian.com/politics/live/2026/mar/04/starmer-trump-iran-pmqs-immigration-uk-politics-live-news-updates already exists.
2026-03-04 13:10:26,129 - INFO - [The Guardian] Article: https://www.theguardian.com/technology/2026/mar/04/nvidia-uk-wealth-fund-invest-british-autonomous-driving-startup-oxa
2026-03-04 13:10:26,130 - INFO - [The Guardian] Attempt 1/1: Trying with 'requests_browser' strategy...
2026-03-04 13:10:26,189 - INFO - [The Guardian] Success with 'requests_browser'. Found content (371 words).
2026-03-04 13:10:26,254 - INFO - Saved article: Nvidia and UK Wealth Fund to invest in British autonomous driving startup Oxa | Nvidia | The Guardian from The Guardian (371 words)
2026-03-04 13:10:27,597 - INFO - [The Guardian] Article: https://www.theguardian.com/uk-news/2026/mar/04/police-federation-of-england-and-wales-chief-executive-mukund-krishna-arrested
2026-03-04 13:10:27,598 - INFO - [The Guardian] Attempt 1/1: Trying with 'requests_browser' strategy...
2026-03-04 13:10:27,718 - INFO - [The Guardian] Success with 'requests_browser'. Found content (253 words).
2026-03-04 13:10:27,754 - INFO - Saved article: Head of Police Federation of England and Wales arrested on suspicion of corruption | UK news | The Guardian from The Guardian (253 words)
2026-03-04 13:10:28,505 - INFO - Selenium driver initialized successfully.
2026-03-04 13:10:28,505 - INFO - Starting scrape for Times of India RSS feed: https://timesofindia.indiatimes.com/rssfeeds/296589292.cms
2026-03-04 13:10:28,506 - INFO - Selenium driver initialized successfully.
2026-03-04 13:10:28,506 - INFO - Starting scrape for The Hindu RSS feed: https://www.thehindu.com/news/national/feeder/default.rss
2026-03-04 13:10:28,637 - INFO - Found 100 articles in The Hindu RSS feed. Processing until 20 new articles are saved.
2026-03-04 13:10:28,637 - INFO - [The Hindu] Article: https://www.thehindu.com/news/national/karnataka/the-human-cost-of-sanitation/article70703402.ece
2026-03-04 13:10:28,637 - INFO - [The Hindu] Attempt 1/1: Trying with 'selenium_browser' strategy...
2026-03-04 13:10:28,692 - INFO - Found 20 articles in Times of India RSS feed. Processing until 20 new articles are saved.
2026-03-04 13:10:28,692 - INFO - [Times of India] Article: https://timesofindia.indiatimes.com/world/rest-of-world/canada-announces-100-million-scholarships-for-indian-students-introduces-hybrid-study-locations/articleshow/129025046.cms
2026-03-04 13:10:28,692 - INFO - [Times of India] Attempt 1/1: Trying with 'selenium_browser' strategy...
2026-03-04 13:10:29,003 - INFO - [The Guardian] Article: https://www.theguardian.com/uk-news/2026/mar/04/thought-it-was-a-collapsed-drain-golf-course-sinkhole-exposes-lost-wine-cellar
2026-03-04 13:10:29,003 - INFO - [The Guardian] Attempt 1/1: Trying with 'requests_browser' strategy...
2026-03-04 13:10:29,056 - INFO - [The Guardian] Success with 'requests_browser'. Found content (489 words).
2026-03-04 13:10:29,116 - INFO - Saved article: ‘Thought it was a collapsed drain’: golf course sinkhole exposes lost wine cellar | Manchester | The Guardian from The Guardian (489 words)
2026-03-04 13:10:29,833 - INFO - [The Guardian] Article: https://www.theguardian.com/us-news/live/2026/mar/04/donald-trump-pete-hegseth-iran-james-talarico-primaries-midterms-immigration-minnesota-latest-news-updates
2026-03-04 13:10:29,833 - INFO - [The Guardian] Attempt 1/1: Trying with 'requests_browser' strategy...
2026-03-04 13:10:30,252 - INFO - [The Guardian] Success with 'requests_browser'. Found content (1822 words).
2026-03-04 13:10:30,383 - INFO - Saved article: Talarico wins Texas Democratic primary as Republicans face runoff – US politics live | US news | The Guardian from The Guardian (1822 words)
2026-03-04 13:10:31,351 - INFO - [The Guardian] Article: https://www.theguardian.com/technology/audio/2026/mar/04/off-duty-a-new-series-from-guardian-investigates-trailer
2026-03-04 13:10:31,351 - INFO - [The Guardian] Attempt 1/1: Trying with 'requests_browser' strategy...
2026-03-04 13:10:31,546 - WARNING - [The Guardian] FAILED with 'requests_browser' (content was too short: 71 words).
2026-03-04 13:10:31,546 - ERROR - [The Guardian] All scrape strategies failed for https://www.theguardian.com/technology/audio/2026/mar/04/off-duty-a-new-series-from-guardian-investigates-trailer. Falling back to RSS description.
2026-03-04 13:10:31,546 - WARNING - SKIPPED (GLOBAL WORD LIMIT): Article 'Off Duty: a new series on a fight for justice from Guardian Investigates – trailer' from The Guardian has only 53 words (Min: 90).
2026-03-04 13:10:32,467 - INFO - [The Guardian] Article: https://www.theguardian.com/us-news/2026/mar/04/first-thing-senate-vote-resolution-prevent-trump-iran-war
2026-03-04 13:10:32,468 - INFO - [The Guardian] Attempt 1/1: Trying with 'requests_browser' strategy...
2026-03-04 13:10:32,689 - INFO - [The Guardian] Success with 'requests_browser'. Found content (1003 words).
2026-03-04 13:10:32,836 - INFO - Saved article: First Thing: Senate to vote on resolution that would prevent Trump continuing Iran war | US news | The Guardian from The Guardian (1003 words)
2026-03-04 13:10:33,842 - INFO - [The Guardian] Early skip: URL https://www.theguardian.com/us-news/2026/mar/04/us-israeli-iran-war-senate-vote-congress-prevent-trump already exists.
2026-03-04 13:10:33,844 - INFO - [The Guardian] Early skip: URL https://www.theguardian.com/football/2026/mar/04/donald-trump-really-does-not-care-if-iran-play-at-football-world-cup-2026 already exists.
2026-03-04 13:10:48,682 - ERROR - [The Hindu] Request failed for strategy 'selenium_browser' on URL https://www.thehindu.com/news/national/karnataka/the-human-cost-of-sanitation/article70703402.ece: Message: timeout: Timed out receiving message from renderer: 19.831
  (Session info: chrome=145.0.7632.116)
Stacktrace:
#0 0x561c8c3fcb6a <unknown>
#1 0x561c8be0fa32 <unknown>
#2 0x561c8bdf7007 <unknown>
#3 0x561c8bdf6c16 <unknown>
#4 0x561c8bdf4731 <unknown>
#5 0x561c8bdf50bf <unknown>
#6 0x561c8be04560 <unknown>
#7 0x561c8be1e707 <unknown>
#8 0x561c8be258db <unknown>
#9 0x561c8bdf5829 <unknown>
#10 0x561c8be1e49c <unknown>
#11 0x561c8bead6e1 <unknown>
#12 0x561c8be56c0f <unknown>
#13 0x561c8be579d1 <unknown>
#14 0x561c8c3c16b9 <unknown>
#15 0x561c8c3c45c1 <unknown>
#16 0x561c8c3ade29 <unknown>
#17 0x561c8c3c517e <unknown>
#18 0x561c8c3944b0 <unknown>
#19 0x561c8c3e9578 <unknown>
#20 0x561c8c3e974b <unknown>
#21 0x561c8c3fb1a3 <unknown>
#22 0x7f8d1b69caa4 <unknown>
#23 0x7f8d1b729c6c <unknown>

2026-03-04 13:10:48,682 - ERROR - [The Hindu] All scrape strategies failed for https://www.thehindu.com/news/national/karnataka/the-human-cost-of-sanitation/article70703402.ece. Falling back to RSS description.
2026-03-04 13:10:48,682 - WARNING - SKIPPED (GLOBAL WORD LIMIT): Article 'The human cost of sanitation' from The Hindu has only 28 words (Min: 90).
2026-03-04 13:10:49,654 - INFO - [The Hindu] Article: https://www.thehindu.com/life-and-style/travel/at-jodhpurs-ajit-bhawan-lost-royal-recipes-are-revived-by-burying-them-underground/article70699470.ece
2026-03-04 13:10:49,654 - INFO - [The Hindu] Attempt 1/1: Trying with 'selenium_browser' strategy...
2026-03-04 13:10:53,227 - INFO - [The Hindu] Page content loaded.
2026-03-04 13:10:53,761 - INFO - [The Hindu] Success with 'selenium_browser'. Found content (1200 words).
2026-03-04 13:10:53,949 - INFO - Saved article: Meet the chefs reviving heirloom recipes at Ajit Bhawan in Jodhpur - The Hindu from The Hindu (1200 words)
2026-03-04 13:10:55,378 - INFO - [The Hindu] Article: https://www.thehindu.com/news/national/telangana/telugu-tourists-stuck-in-bahrain-may-be-moved-to-dammam-in-saudi/article70703349.ece
2026-03-04 13:10:55,379 - INFO - [The Hindu] Attempt 1/1: Trying with 'selenium_browser' strategy...
2026-03-04 13:10:57,986 - ERROR - [Times of India] Request failed for strategy 'selenium_browser' on URL https://timesofindia.indiatimes.com/world/rest-of-world/canada-announces-100-million-scholarships-for-indian-students-introduces-hybrid-study-locations/articleshow/129025046.cms: Message: timeout: Timed out receiving message from renderer: 19.886
  (Session info: chrome=145.0.7632.116)
Stacktrace:
#0 0x562dbfaebb6a <unknown>
#1 0x562dbf4fea32 <unknown>
#2 0x562dbf4e6007 <unknown>
#3 0x562dbf4e5c16 <unknown>
#4 0x562dbf4e3731 <unknown>
#5 0x562dbf4e40bf <unknown>
#6 0x562dbf4f3560 <unknown>
#7 0x562dbf50d707 <unknown>
#8 0x562dbf5148db <unknown>
#9 0x562dbf4e4829 <unknown>
#10 0x562dbf50d49c <unknown>
#11 0x562dbf59c6e1 <unknown>
#12 0x562dbf545c0f <unknown>
#13 0x562dbf5469d1 <unknown>
#14 0x562dbfab06b9 <unknown>
#15 0x562dbfab35c1 <unknown>
#16 0x562dbfa9ce29 <unknown>
#17 0x562dbfab417e <unknown>
#18 0x562dbfa834b0 <unknown>
#19 0x562dbfad8578 <unknown>
#20 0x562dbfad874b <unknown>
#21 0x562dbfaea1a3 <unknown>
#22 0x7f93c3c9caa4 <unknown>
#23 0x7f93c3d29c6c <unknown>

2026-03-04 13:10:57,986 - ERROR - [Times of India] All scrape strategies failed for https://timesofindia.indiatimes.com/world/rest-of-world/canada-announces-100-million-scholarships-for-indian-students-introduces-hybrid-study-locations/articleshow/129025046.cms. Falling back to RSS description.
2026-03-04 13:10:57,988 - WARNING - SKIPPED (GLOBAL WORD LIMIT): Article 'Canada announces $100 million scholarships for Indian students, introduces 'hybrid study locations'' from Times of India has only 3 words (Min: 90).
2026-03-04 13:10:58,672 - INFO - [Times of India] Article: https://timesofindia.indiatimes.com/world/us/very-alarming-laura-loomer-says-she-feels-unsafe-seeing-muslim-workers-at-us-airport-amid-iran-war/articleshow/129025760.cms
2026-03-04 13:10:58,672 - INFO - [Times of India] Attempt 1/1: Trying with 'selenium_browser' strategy...
2026-03-04 13:11:15,403 - ERROR - [The Hindu] Request failed for strategy 'selenium_browser' on URL https://www.thehindu.com/news/national/telangana/telugu-tourists-stuck-in-bahrain-may-be-moved-to-dammam-in-saudi/article70703349.ece: Message: timeout: Timed out receiving message from renderer: 18.766
  (Session info: chrome=145.0.7632.116)
Stacktrace:
#0 0x561c8c3fcb6a <unknown>
#1 0x561c8be0fa32 <unknown>
#2 0x561c8bdf7007 <unknown>
#3 0x561c8bdf6c16 <unknown>
#4 0x561c8bdf4731 <unknown>
#5 0x561c8bdf50bf <unknown>
#6 0x561c8be04560 <unknown>
#7 0x561c8be1e707 <unknown>
#8 0x561c8be258db <unknown>
#9 0x561c8bdf5829 <unknown>
#10 0x561c8be1e49c <unknown>
#11 0x561c8bead6e1 <unknown>
#12 0x561c8be56c0f <unknown>
#13 0x561c8be579d1 <unknown>
#14 0x561c8c3c16b9 <unknown>
#15 0x561c8c3c45c1 <unknown>
#16 0x561c8c3ade29 <unknown>
#17 0x561c8c3c517e <unknown>
#18 0x561c8c3944b0 <unknown>
#19 0x561c8c3e9578 <unknown>
#20 0x561c8c3e974b <unknown>
#21 0x561c8c3fb1a3 <unknown>
#22 0x7f8d1b69caa4 <unknown>
#23 0x7f8d1b729c6c <unknown>

2026-03-04 13:11:15,403 - ERROR - [The Hindu] All scrape strategies failed for https://www.thehindu.com/news/national/telangana/telugu-tourists-stuck-in-bahrain-may-be-moved-to-dammam-in-saudi/article70703349.ece. Falling back to RSS description.
2026-03-04 13:11:15,403 - WARNING - SKIPPED (GLOBAL WORD LIMIT): Article 'Telugu tourists stuck in Bahrain may be moved to Dammam in Saudi' from The Hindu has only 11 words (Min: 90).
2026-03-04 13:11:16,014 - INFO - [The Hindu] Article: https://www.thehindu.com/news/national/tamil-nadu/eerie-silence-prevails-in-nanguneri-after-double-murder-with-caste-overtone/article70702956.ece
2026-03-04 13:11:16,014 - INFO - [The Hindu] Attempt 1/1: Trying with 'selenium_browser' strategy...
2026-03-04 13:11:17,769 - INFO - [The Hindu] Page content loaded.
2026-03-04 13:11:17,956 - INFO - [The Hindu] Success with 'selenium_browser'. Found content (405 words).
2026-03-04 13:11:18,050 - INFO - Saved article: Eerie silence prevails in Nanguneri after double murder with caste overtone - The Hindu from The Hindu (405 words)
2026-03-04 13:11:18,612 - INFO - [The Hindu] Article: https://www.thehindu.com/news/national/telangana/telangana-man-injured-in-attack-near-abu-dhabi-airport-parents-in-sircilla-seek-safe-return/article70703213.ece
2026-03-04 13:11:18,612 - INFO - [The Hindu] Attempt 1/1: Trying with 'selenium_browser' strategy...
2026-03-04 13:11:18,736 - ERROR - [Times of India] Request failed for strategy 'selenium_browser' on URL https://timesofindia.indiatimes.com/world/us/very-alarming-laura-loomer-says-she-feels-unsafe-seeing-muslim-workers-at-us-airport-amid-iran-war/articleshow/129025760.cms: Message: timeout: Timed out receiving message from renderer: 15.454
  (Session info: chrome=145.0.7632.116)
Stacktrace:
#0 0x562dbfaebb6a <unknown>
#1 0x562dbf4fea32 <unknown>
#2 0x562dbf4e6007 <unknown>
#3 0x562dbf4e5c16 <unknown>
#4 0x562dbf4e3731 <unknown>
#5 0x562dbf4e40bf <unknown>
#6 0x562dbf4f3560 <unknown>
#7 0x562dbf50d707 <unknown>
#8 0x562dbf5148db <unknown>
#9 0x562dbf4e4829 <unknown>
#10 0x562dbf50d49c <unknown>
#11 0x562dbf59c6e1 <unknown>
#12 0x562dbf545c0f <unknown>
#13 0x562dbf5469d1 <unknown>
#14 0x562dbfab06b9 <unknown>
#15 0x562dbfab35c1 <unknown>
#16 0x562dbfa9ce29 <unknown>
#17 0x562dbfab417e <unknown>
#18 0x562dbfa834b0 <unknown>
#19 0x562dbfad8578 <unknown>
#20 0x562dbfad874b <unknown>
#21 0x562dbfaea1a3 <unknown>
#22 0x7f93c3c9caa4 <unknown>
#23 0x7f93c3d29c6c <unknown>

2026-03-04 13:11:18,736 - ERROR - [Times of India] All scrape strategies failed for https://timesofindia.indiatimes.com/world/us/very-alarming-laura-loomer-says-she-feels-unsafe-seeing-muslim-workers-at-us-airport-amid-iran-war/articleshow/129025760.cms. Falling back to RSS description.
2026-03-04 13:11:18,736 - WARNING - SKIPPED (GLOBAL WORD LIMIT): Article '‘Very alarming’: Laura Loomer says she feels ‘unsafe’ seeing Muslim workers at US airport amid Iran war' from Times of India has only 45 words (Min: 90).
2026-03-04 13:11:19,351 - INFO - [The Hindu] Page content loaded.
2026-03-04 13:11:19,421 - INFO - [The Hindu] Success with 'selenium_browser'. Found content (230 words).
2026-03-04 13:11:19,495 - INFO - Saved article: Telangana man injured in attack near Abu Dhabi airport; parents in Sircilla seek safe return - The Hindu from The Hindu (230 words)
2026-03-04 13:11:19,547 - INFO - [Times of India] Article: https://timesofindia.indiatimes.com/world/us/i-feel-abandoned-indian-american-ceo-stranded-in-dubai-says-india-rescuing-citizens-but-us-doing-nothing/articleshow/129024652.cms
2026-03-04 13:11:19,548 - INFO - [Times of India] Attempt 1/1: Trying with 'selenium_browser' strategy...
2026-03-04 13:11:20,814 - INFO - [The Hindu] Article: https://www.thehindu.com/news/national/the-hindu-daily-quiz-march-4-2026/article70702305.ece
2026-03-04 13:11:20,814 - INFO - [The Hindu] Attempt 1/1: Trying with 'selenium_browser' strategy...
2026-03-04 13:11:21,342 - INFO - [Times of India] Page content loaded.
2026-03-04 13:11:21,711 - INFO - [Times of India] Success with 'selenium_browser'. Found content (395 words).
2026-03-04 13:11:21,870 - INFO - Saved article: 'I feel abandoned': Indian-American CEO stranded in Dubai says India rescuing citizens but US doing nothing - The Times of India from Times of India (395 words)
2026-03-04 13:11:22,795 - INFO - [Times of India] Article: https://timesofindia.indiatimes.com/world/middle-east/uae-travel-alert-air-arabia-extends-flight-suspension-to-march-9-what-travellers-need-to-know/articleshow/129023269.cms
2026-03-04 13:11:22,795 - INFO - [Times of India] Attempt 1/1: Trying with 'selenium_browser' strategy...
2026-03-04 13:11:24,476 - INFO - [Times of India] Page content loaded.
2026-03-04 13:11:24,665 - INFO - [Times of India] Success with 'selenium_browser'. Found content (283 words).
2026-03-04 13:11:24,806 - INFO - Saved article: UAE travel alert: Air Arabia extends flight suspension to March 9, what travellers need to know | World News - The Times of India from Times of India (283 words)
2026-03-04 13:11:26,099 - INFO - [Times of India] Article: https://timesofindia.indiatimes.com/world/rest-of-world/sealed-for-2600-years-italys-ancient-tomb-finally-opened-to-reveal-jewellery-ritual-vessels-and-human-remains/articleshow/129022562.cms
2026-03-04 13:11:26,099 - INFO - [Times of India] Attempt 1/1: Trying with 'selenium_browser' strategy...
2026-03-04 13:11:28,088 - INFO - [Times of India] Page content loaded.
2026-03-04 13:11:28,224 - INFO - [Times of India] Success with 'selenium_browser'. Found content (810 words).
2026-03-04 13:11:28,294 - INFO - Saved article: Sealed for 2,600 years, Italy’s ancient tomb finally opened to reveal jewellery, ritual vessels and human remains | World News - The Times of India from Times of India (810 words)
2026-03-04 13:11:29,135 - INFO - [Times of India] Early skip: URL https://timesofindia.indiatimes.com/world/rest-of-world/russian-shadow-fleet-lng-tanker-sinks-after-sudden-explosions-on-libya-coast/articleshow/129019812.cms already exists.
2026-03-04 13:11:29,136 - INFO - [Times of India] Early skip: URL https://timesofindia.indiatimes.com/world/middle-east/saudi-arabia-announces-eid-al-fitr-2026-public-holidays-for-government-and-private-sectors/articleshow/129016268.cms already exists.
2026-03-04 13:11:29,138 - INFO - [Times of India] Early skip: URL https://timesofindia.indiatimes.com/world/middle-east/such-a-scary-time-how-stranded-passengers-in-dubai-used-cabs-cash-and-detours-to-flee-iran-crisis/articleshow/129010603.cms already exists.
2026-03-04 13:11:29,139 - INFO - [Times of India] Early skip: URL https://timesofindia.indiatimes.com/world/middle-east/target-for-elimination-israels-warning-for-irans-next-supreme-leader/articleshow/129014992.cms already exists.
2026-03-04 13:11:29,140 - INFO - [Times of India] Early skip: URL https://timesofindia.indiatimes.com/world/middle-east/qatar-airways-extends-flight-suspension-amid-continued-airspace-closure/articleshow/129012721.cms already exists.
2026-03-04 13:11:29,141 - INFO - [Times of India] Early skip: URL https://timesofindia.indiatimes.com/world/middle-east/uae-residents-return-home-on-3-exceptional-etihad-rail-trains-from-saudi-border/articleshow/129010676.cms already exists.
2026-03-04 13:11:29,143 - INFO - [Times of India] Early skip: URL https://timesofindia.indiatimes.com/world/middle-east/dubai-airport-issues-warning-over-fabricated-digitally-altered-videos-circulating-online/articleshow/129008912.cms already exists.
2026-03-04 13:11:29,144 - INFO - [Times of India] Early skip: URL https://timesofindia.indiatimes.com/world/middle-east/weve-just-begun-us-says-it-has-bombed-over-2000-targets-in-iran-top-developments/articleshow/129001839.cms already exists.
2026-03-04 13:11:29,145 - INFO - [Times of India] Early skip: URL https://timesofindia.indiatimes.com/world/middle-east/day-5-us-assets-hit-across-mid-east-israel-launches-fresh-strikes-on-iran-lebanon/articleshow/129008043.cms already exists.
2026-03-04 13:11:29,146 - INFO - [Times of India] Early skip: URL https://timesofindia.indiatimes.com/world/us/most-people-we-had-in-mind-are-dead-donald-trump-after-khamenei-assassination/articleshow/129005815.cms already exists.
2026-03-04 13:11:29,148 - INFO - [Times of India] Early skip: URL https://timesofindia.indiatimes.com/world/middle-east/us-israel-iran-war-news-live-udates-conflict-attack-middle-east-state-dubai-qatar-airways-of-emergency-explosions-tehran-gulf-countries-netanyahu-trump-us-ali-khamenei/liveblog/128959227.cms already exists.
2026-03-04 13:11:29,149 - INFO - [Times of India] Early skip: URL https://timesofindia.indiatimes.com/world/us-streamers/adin-ross-sister-madeline-ross-dies-at-36-in-broward-county-florida-cause-of-death-pending/articleshow/128997137.cms already exists.
2026-03-04 13:11:29,150 - INFO - [Times of India] Early skip: URL https://timesofindia.indiatimes.com/world/us-streamers/connecting-dots-journalist-defends-candace-owens-amid-bride-of-charlie-controversy-claims-charlie-kirk-mystery-will-be-solved/articleshow/128996892.cms already exists.
2026-03-04 13:11:29,151 - INFO - [Times of India] Early skip: URL https://timesofindia.indiatimes.com/world/middle-east/middle-east-crisis-irans-20k-drones-take-on-defences-of-us-worth-4-million/articleshow/129000886.cms already exists.
2026-03-04 13:11:29,152 - INFO - [Times of India] Early skip: URL https://timesofindia.indiatimes.com/world/middle-east/top-iran-official-vows-attacks-on-tankers-using-strait-of-hormuz/articleshow/129000654.cms already exists.
2026-03-04 13:11:29,154 - INFO - [Times of India] (Thread) Finished. Attempting to shut down its Selenium driver.
2026-03-04 13:11:29,312 - INFO - [Times of India] (Thread) driver.quit() successful.
2026-03-04 13:11:40,843 - ERROR - [The Hindu] Request failed for strategy 'selenium_browser' on URL https://www.thehindu.com/news/national/the-hindu-daily-quiz-march-4-2026/article70702305.ece: Message: timeout: Timed out receiving message from renderer: 19.243
  (Session info: chrome=145.0.7632.116)
Stacktrace:
#0 0x561c8c3fcb6a <unknown>
#1 0x561c8be0fa32 <unknown>
#2 0x561c8bdf7007 <unknown>
#3 0x561c8bdf6c16 <unknown>
#4 0x561c8bdf4731 <unknown>
#5 0x561c8bdf50bf <unknown>
#6 0x561c8be04560 <unknown>
#7 0x561c8be1e707 <unknown>
#8 0x561c8be258db <unknown>
#9 0x561c8bdf5829 <unknown>
#10 0x561c8be1e49c <unknown>
#11 0x561c8bead6e1 <unknown>
#12 0x561c8be56c0f <unknown>
#13 0x561c8be579d1 <unknown>
#14 0x561c8c3c16b9 <unknown>
#15 0x561c8c3c45c1 <unknown>
#16 0x561c8c3ade29 <unknown>
#17 0x561c8c3c517e <unknown>
#18 0x561c8c3944b0 <unknown>
#19 0x561c8c3e9578 <unknown>
#20 0x561c8c3e974b <unknown>
#21 0x561c8c3fb1a3 <unknown>
#22 0x7f8d1b69caa4 <unknown>
#23 0x7f8d1b729c6c <unknown>

2026-03-04 13:11:40,843 - ERROR - [The Hindu] All scrape strategies failed for https://www.thehindu.com/news/national/the-hindu-daily-quiz-march-4-2026/article70702305.ece. Falling back to RSS description.
2026-03-04 13:11:40,843 - WARNING - SKIPPED (GLOBAL WORD LIMIT): Article 'Daily Quiz: On Holi' from The Hindu has only 16 words (Min: 90).
2026-03-04 13:11:41,610 - INFO - [The Hindu] Early skip: URL https://www.thehindu.com/news/national/kerala/researchers-in-kerala-try-out-land-based-nurseries-for-coral-conservation/article70703116.ece already exists.
2026-03-04 13:11:41,611 - INFO - [The Hindu] Early skip: URL https://www.thehindu.com/news/national/telangana/telangana-cms-remarks-indicate-lack-of-coordination-among-officials/article70703001.ece already exists.
2026-03-04 13:11:41,612 - INFO - [The Hindu] Early skip: URL https://www.thehindu.com/news/national/tamil-nadu/cm-stalin-releases-tamil-nadu-shipbuilding-policy-tn-agroforestry-policy-2026/article70702876.ece already exists.
2026-03-04 13:11:41,614 - INFO - [The Hindu] Article: https://www.thehindu.com/news/national/dont-be-swayed-by-misinformation-campaign-by-opposition-on-fuel-shortage-price-hike-bjp/article70703080.ece
2026-03-04 13:11:41,614 - INFO - [The Hindu] Attempt 1/1: Trying with 'selenium_browser' strategy...
2026-03-04 13:12:01,633 - ERROR - [The Hindu] Request failed for strategy 'selenium_browser' on URL https://www.thehindu.com/news/national/dont-be-swayed-by-misinformation-campaign-by-opposition-on-fuel-shortage-price-hike-bjp/article70703080.ece: Message: timeout: Timed out receiving message from renderer: 19.961
  (Session info: chrome=145.0.7632.116)
Stacktrace:
#0 0x561c8c3fcb6a <unknown>
#1 0x561c8be0fa32 <unknown>
#2 0x561c8bdf7007 <unknown>
#3 0x561c8bdf6c16 <unknown>
#4 0x561c8bdf4731 <unknown>
#5 0x561c8bdf50bf <unknown>
#6 0x561c8be04560 <unknown>
#7 0x561c8be1e707 <unknown>
#8 0x561c8be258db <unknown>
#9 0x561c8bdf5829 <unknown>
#10 0x561c8be1e49c <unknown>
#11 0x561c8bead6e1 <unknown>
#12 0x561c8be56c0f <unknown>
#13 0x561c8be579d1 <unknown>
#14 0x561c8c3c16b9 <unknown>
#15 0x561c8c3c45c1 <unknown>
#16 0x561c8c3ade29 <unknown>
#17 0x561c8c3c517e <unknown>
#18 0x561c8c3944b0 <unknown>
#19 0x561c8c3e9578 <unknown>
#20 0x561c8c3e974b <unknown>
#21 0x561c8c3fb1a3 <unknown>
#22 0x7f8d1b69caa4 <unknown>
#23 0x7f8d1b729c6c <unknown>

2026-03-04 13:12:01,633 - ERROR - [The Hindu] All scrape strategies failed for https://www.thehindu.com/news/national/dont-be-swayed-by-misinformation-campaign-by-opposition-on-fuel-shortage-price-hike-bjp/article70703080.ece. Falling back to RSS description.
2026-03-04 13:12:01,633 - WARNING - SKIPPED (GLOBAL WORD LIMIT): Article 'Don't be swayed by 'misinformation campaign' by opposition on fuel shortage, price hike: BJP' from The Hindu has only 15 words (Min: 90).
2026-03-04 13:12:03,024 - INFO - [The Hindu] Article: https://www.thehindu.com/entertainment/movies/toxic-yash-postponed-kvn-productions-love-mocktail-3-darling-krishna-milana-nagaraj-release-date/article70703008.ece
2026-03-04 13:12:03,024 - INFO - [The Hindu] Attempt 1/1: Trying with 'selenium_browser' strategy...
2026-03-04 13:12:03,744 - INFO - [The Hindu] Page content loaded.
2026-03-04 13:12:03,907 - INFO - [The Hindu] Success with 'selenium_browser'. Found content (241 words).
2026-03-04 13:12:03,989 - INFO - Saved article: Kannada film ‘Love Mocktail 3’ preponed after ‘Toxic’ delay - The Hindu from The Hindu (241 words)
2026-03-04 13:12:04,931 - INFO - [The Hindu] Article: https://www.thehindu.com/news/national/kerala/kerala-assembly-polls-rsp-congress-friction-deepens-in-eravipuram-as-congress-pushes-karthik-premachandran-as-candidate/article70702810.ece
2026-03-04 13:12:04,931 - INFO - [The Hindu] Attempt 1/1: Trying with 'selenium_browser' strategy...
2026-03-04 13:12:05,943 - INFO - [The Hindu] Page content loaded.
2026-03-04 13:12:06,322 - INFO - [The Hindu] Success with 'selenium_browser'. Found content (361 words).
2026-03-04 13:12:06,465 - INFO - Saved article: Kerala Assembly polls: RSP-Congress friction deepens in Eravipuram as Congress pushes Karthik Premachandran as candidate - The Hindu from The Hindu (361 words)
2026-03-04 13:12:07,883 - INFO - [The Hindu] Early skip: URL https://www.thehindu.com/news/national/kerala/governors-should-examine-bills-within-reasonable-time-goa-governor/article70702962.ece already exists.
2026-03-04 13:12:07,884 - INFO - [The Hindu] Early skip: URL https://www.thehindu.com/news/national/eminent-journalist-and-former-ambassador-hk-dua-passes-away-at-88/article70702935.ece already exists.
2026-03-04 13:12:07,886 - INFO - [The Hindu] Early skip: URL https://www.thehindu.com/news/national/tamil-nadu/tvk-chief-vijay-sees-dmk-aiadmk-conspiracy-to-thwart-his-rise-to-power/article70702650.ece already exists.
2026-03-04 13:12:07,887 - INFO - [The Hindu] Early skip: URL https://www.thehindu.com/news/national/meghalaya/bar-on-non-tribal-candidates-for-meghalaya-tribal-council-polls-stokes-controversy/article70702662.ece already exists.
2026-03-04 13:12:07,888 - INFO - [The Hindu] Early skip: URL https://www.thehindu.com/news/national/karnataka/raid-on-hookah-bar-in-mysuru-one-person-arrested/article70702795.ece already exists.
2026-03-04 13:12:07,890 - INFO - [The Hindu] Article: https://www.thehindu.com/news/national/kerala/summer-heat-pushes-up-keralas-daily-power-consumption/article70702864.ece
2026-03-04 13:12:07,890 - INFO - [The Hindu] Attempt 1/1: Trying with 'selenium_browser' strategy...
2026-03-04 13:12:08,855 - INFO - [The Hindu] Page content loaded.
2026-03-04 13:12:09,181 - INFO - [The Hindu] Success with 'selenium_browser'. Found content (423 words).
2026-03-04 13:12:09,297 - INFO - Saved article: Summer heat pushes up Kerala’s daily power consumption - The Hindu from The Hindu (423 words)
2026-03-04 13:12:10,678 - INFO - [The Hindu] Early skip: URL https://www.thehindu.com/news/national/indias-silence-on-us-israel-strike-on-iran-incomprehensible-mehbooba-mufti/article70702867.ece already exists.
2026-03-04 13:12:10,680 - INFO - [The Hindu] Early skip: URL https://www.thehindu.com/videos/watch-explained-what-are-the-new-air-ticket-refund-norms/article70702878.ece already exists.
2026-03-04 13:12:10,681 - INFO - [The Hindu] Early skip: URL https://www.thehindu.com/photos/in-pictures-india-revels-in-holi-spree/article70702733.ece already exists.
2026-03-04 13:12:10,682 - INFO - [The Hindu] Early skip: URL https://www.thehindu.com/news/national/kerala/how-students-resource-maps-can-be-a-gamechanger-in-local-body-planning/article70702676.ece already exists.
2026-03-04 13:12:10,684 - INFO - [The Hindu] Early skip: URL https://www.thehindu.com/news/national/kerala/kerala-cpim-veteran-g-sudhakaran-signals-break-with-party-after-63-years/article70702743.ece already exists.
2026-03-04 13:12:10,685 - INFO - [The Hindu] Early skip: URL https://www.thehindu.com/news/cities/chennai/tn-chief-minister-stalin-inaugurates-auditorium-at-presidency-college/article70702616.ece already exists.
2026-03-04 13:12:10,686 - INFO - [The Hindu] Early skip: URL https://www.thehindu.com/sci-tech/health/india-ranks-second-globally-for-children-living-with-overweight-and-obesity-report/article70700290.ece already exists.
2026-03-04 13:12:10,687 - INFO - [The Hindu] Early skip: URL https://www.thehindu.com/news/national/jammu-and-kashmir/jammu-and-kashmir-rajouri-infiltration-bid-foiled-army-search-operation/article70702648.ece already exists.
2026-03-04 13:12:10,689 - INFO - [The Hindu] Early skip: URL https://www.thehindu.com/news/cities/Hyderabad/over-15-lakh-metro-linked-rapido-rides-booked-everyday-more-than-a-million-rides-per-day-in-hyderabad/article70699639.ece already exists.
2026-03-04 13:12:10,690 - INFO - [The Hindu] Early skip: URL https://www.thehindu.com/news/national/tamil-nadu/solve-confusion-in-delivering-postal-items-addressed-to-the-dead-madras-high-court-directs-india-post/article70702349.ece already exists.
2026-03-04 13:12:10,691 - INFO - [The Hindu] Early skip: URL https://www.thehindu.com/news/cities/Hyderabad/software-employee-found-dead-in-parked-car-near-orr-case-registered/article70700268.ece already exists.
2026-03-04 13:12:10,692 - INFO - [The Hindu] Early skip: URL https://www.thehindu.com/news/national/kerala/farmer-in-keralas-wayanad-dies-in-suspected-elephant-attack/article70702622.ece already exists.
2026-03-04 13:12:10,694 - INFO - [The Hindu] Early skip: URL https://www.thehindu.com/news/national/tamil-nadu/tn-cm-stalin-slams-bjp-govt-at-centre-for-use-of-hindi-names-in-tamil-english-scripts/article70702513.ece already exists.
2026-03-04 13:12:10,695 - INFO - [The Hindu] Article: https://www.thehindu.com/opinion/lead/congress-dodges-a-bullet-after-dilly-dallying-on-alliance-with-dmk-in-tamil-nadu/article70702551.ece
2026-03-04 13:12:10,695 - INFO - [The Hindu] Attempt 1/1: Trying with 'selenium_browser' strategy...
2026-03-04 13:12:11,628 - INFO - [The Hindu] Page content loaded.
2026-03-04 13:12:11,728 - INFO - [The Hindu] Success with 'selenium_browser'. Found content (1284 words).
2026-03-04 13:12:11,822 - INFO - Saved article: Congress dodges a bullet after dilly-dallying on alliance with DMK in Tamil Nadu - The Hindu from The Hindu (1284 words)
2026-03-04 13:12:13,212 - INFO - [The Hindu] Early skip: URL https://www.thehindu.com/news/national/maharashtra/maharashtra-rajya-sabha-polls-mva-sharad-pawar-bjp-four-nominations/article70702465.ece already exists.
2026-03-04 13:12:13,214 - INFO - [The Hindu] Early skip: URL https://www.thehindu.com/news/national/govt-closely-monitoring-west-asia-turmoil-safety-mechanisms-activated-for-seafarers-sonowal/article70702471.ece already exists.
2026-03-04 13:12:13,215 - INFO - [The Hindu] Early skip: URL https://www.thehindu.com/society/history-and-culture/barpeta-dol-jatra/article70702277.ece already exists.
2026-03-04 13:12:13,216 - INFO - [The Hindu] Early skip: URL https://www.thehindu.com/news/national/west-asia-crisis-mea-establishes-control-room-to-assist-indians/article70702488.ece already exists.
2026-03-04 13:12:13,218 - INFO - [The Hindu] Early skip: URL https://www.thehindu.com/news/national/karnataka/south-western-railway-swr-registers-1431-growth-records-overall-gross-revenue-of-8550-crore/article70700146.ece already exists.
2026-03-04 13:12:13,219 - INFO - [The Hindu] Early skip: URL https://www.thehindu.com/news/national/pahalgam-terror-attack-nia-seeks-chinas-legal-assistance-to-trace-information-on-gopro-linked-to-attack/article70702387.ece already exists.
2026-03-04 13:12:13,220 - INFO - [The Hindu] Early skip: URL https://www.thehindu.com/news/national/karnataka/state-level-training-on-child-friendly-society-begins-at-central-university-of-karnataka/article70700505.ece already exists.
2026-03-04 13:12:13,221 - INFO - [The Hindu] Early skip: URL https://www.thehindu.com/news/national/kerala/sabarimala-gold-case-kerala-court-grants-statutory-bail-to-former-tdb-president-a-padmakumar/article70702430.ece already exists.
2026-03-04 13:12:13,222 - INFO - [The Hindu] Early skip: URL https://www.thehindu.com/news/national/karnataka/sharing-video-or-photo-of-minor-girl-in-mallikarjun-mutya-pocso-case-will-attract-legal-action-by-yadgir-police-in-karnataka/article70699530.ece already exists.
2026-03-04 13:12:13,224 - INFO - [The Hindu] Early skip: URL https://www.thehindu.com/news/national/karnataka/itf-w35-womens-tennis-tournament-in-kalaburagi-vaishnavi-adkar-in-second-round-after-straight-sets-victory-over-indian-wildcard-chevika-reddy-sama/article70699754.ece already exists.
2026-03-04 13:12:13,225 - INFO - [The Hindu] Early skip: URL https://www.thehindu.com/news/national/maharashtra/a-total-of-164-tourists-from-maharashtra-stranded-in-west-asia-return-home-shiv-sena/article70702290.ece already exists.
2026-03-04 13:12:13,226 - INFO - [The Hindu] Early skip: URL https://www.thehindu.com/news/national/tamil-nadu/empowher-10-to-help-over-6000-women-entrepreneurs-in-tamil-nadu/article70700346.ece already exists.
2026-03-04 13:12:13,227 - INFO - [The Hindu] Early skip: URL https://www.thehindu.com/news/national/kerala/kerala-private-sector-nurses-go-on-strike-services-at-490-hospitals-and-clinics-hit/article70702332.ece already exists.
2026-03-04 13:12:13,229 - INFO - [The Hindu] Early skip: URL https://www.thehindu.com/news/national/chhattisgarh/centre-sanctions-3942-crore-to-boost-digital-connectivity-in-chhattisgarh-cm-vishnu-deo-sai/article70702286.ece already exists.
2026-03-04 13:12:13,230 - INFO - [The Hindu] Early skip: URL https://www.thehindu.com/news/national/telangana/doctors-associations-oppose-suspension-after-jadcherla-mortuary-incident-seek-systemic-reforms/article70702296.ece already exists.
2026-03-04 13:12:13,231 - INFO - [The Hindu] Early skip: URL https://www.thehindu.com/news/national/karnataka/kletu-team-bags-2nd-rank-at-national-level-m-baja-sae-india-2026-in-hyderabad/article70700085.ece already exists.
2026-03-04 13:12:13,233 - INFO - [The Hindu] Early skip: URL https://www.thehindu.com/news/national/tamil-nadu/tvk-supporters-target-media-outlets-online-draw-ire/article70702046.ece already exists.
2026-03-04 13:12:13,234 - INFO - [The Hindu] Early skip: URL https://www.thehindu.com/news/cities/Hyderabad/two-teenagers-drown-while-swimming-in-suraram-lake/article70700818.ece already exists.
2026-03-04 13:12:13,235 - INFO - [The Hindu] Early skip: URL https://www.thehindu.com/news/national/telangana/ngo-celebrates-eco-friendly-holi-with-less-privileged-children-in-warangal/article70699988.ece already exists.
2026-03-04 13:12:13,237 - INFO - [The Hindu] Early skip: URL https://www.thehindu.com/news/national/telangana/10-themes-of-99-day-action-plan-whatsapp-number-to-report-road-accidents-and-accident-hotspots/article70702218.ece already exists.
2026-03-04 13:12:13,238 - INFO - [The Hindu] Early skip: URL https://www.thehindu.com/news/national/jammu-and-kashmir/protests-against-khameneis-killing-curbs-remain-in-force-in-kashmir/article70702220.ece already exists.
2026-03-04 13:12:13,239 - INFO - [The Hindu] Early skip: URL https://www.thehindu.com/news/national/andhra-pradesh/five-from-bengaluru-killed-in-a-road-accident-in-chittoor/article70702185.ece already exists.
2026-03-04 13:12:13,240 - INFO - [The Hindu] Early skip: URL https://www.thehindu.com/news/national/maharashtra/trail-of-deadly-blasts-inmaharashtras-nagpur-former-home-minister-demands-safety-audits/article70702257.ece already exists.
2026-03-04 13:12:13,242 - INFO - [The Hindu] Early skip: URL https://www.thehindu.com/entertainment/movies/toxic-movie-postponed-yash-middle-east-tension/article70702211.ece already exists.
2026-03-04 13:12:13,243 - INFO - [The Hindu] Early skip: URL https://www.thehindu.com/news/national/kerala/ex-navy-official-arrested-with-12-kg-of-ganja-cannabis-plants-in-kerala/article70702217.ece already exists.
2026-03-04 13:12:13,244 - INFO - [The Hindu] Early skip: URL https://www.thehindu.com/news/national/jammu-and-kashmir/srinagar-mp-ex-mayor-booked-for-circulating-false-content-on-social-media/article70702158.ece already exists.
2026-03-04 13:12:13,246 - INFO - [The Hindu] Early skip: URL https://www.thehindu.com/news/national/tamil-nadu/stalin-pays-tribute-to-ayya-vaikundar-on-birth-anniversary/article70701960.ece already exists.
2026-03-04 13:12:13,247 - INFO - [The Hindu] Early skip: URL https://www.thehindu.com/news/national/karnataka/minister-tells-officials-to-fill-hanchinal-lake-in-vijayapura-with-treated-water/article70700512.ece already exists.
2026-03-04 13:12:13,248 - INFO - [The Hindu] Early skip: URL https://www.thehindu.com/news/cities/Delhi/delhi-police-on-high-alert-for-holi-134-intersections-under-strict-watch/article70702078.ece already exists.
2026-03-04 13:12:13,250 - INFO - [The Hindu] Article: https://www.thehindu.com/news/national/tamil-nadu/dmkseatsharingtalkswithkamalhaasans-mnm/article70702074.ece
2026-03-04 13:12:13,250 - INFO - [The Hindu] Attempt 1/1: Trying with 'selenium_browser' strategy...
2026-03-04 13:12:15,163 - INFO - [The Hindu] Page content loaded.
2026-03-04 13:12:15,222 - WARNING - [The Hindu] FAILED with 'selenium_browser' (content was too short: 65 words).
2026-03-04 13:12:15,222 - ERROR - [The Hindu] All scrape strategies failed for https://www.thehindu.com/news/national/tamil-nadu/dmkseatsharingtalkswithkamalhaasans-mnm/article70702074.ece. Falling back to RSS description.
2026-03-04 13:12:15,222 - WARNING - SKIPPED (GLOBAL WORD LIMIT): Article 'DMK to hold seat-sharing talks with Kamal Haasan‘s MNM on March 4' from The Hindu has only 22 words (Min: 90).
2026-03-04 13:12:16,044 - INFO - [The Hindu] Early skip: URL https://www.thehindu.com/news/national/karnataka/rbi-imposes-fine-on-bdcc-bank-over-non-compliance-of-loan-disbursal-norms/article70700010.ece already exists.
2026-03-04 13:12:16,045 - INFO - [The Hindu] Early skip: URL https://www.thehindu.com/news/national/jairam-ramesh-flays-bjp-mps-praise-of-modi-compares-parliament-to-north-koreas-assembly/article70702016.ece already exists.
2026-03-04 13:12:16,047 - INFO - [The Hindu] Early skip: URL https://www.thehindu.com/news/national/karnataka/silent-surge-in-districts-door-to-door-screening-reveals-uneven-burden-of-ncds-in-karnataka/article70700148.ece already exists.
2026-03-04 13:12:16,048 - INFO - [The Hindu] Early skip: URL https://www.thehindu.com/news/national/tamil-nadu/education-strong-foundation-steady-expansion-and-some-striking-signals/article70656082.ece already exists.
2026-03-04 13:12:16,049 - INFO - [The Hindu] Early skip: URL https://www.thehindu.com/news/cities/Hyderabad/massive-blaze-guts-15-furniture-sheds-in-bachupally-no-casualties-reported/article70701925.ece already exists.
2026-03-04 13:12:16,050 - INFO - [The Hindu] Early skip: URL https://www.thehindu.com/news/national/kerala/has-keralas-political-landscape-reached-an-inflection-point/article70478693.ece already exists.
2026-03-04 13:12:16,052 - INFO - [The Hindu] Early skip: URL https://www.thehindu.com/news/national/tamil-nadu/party-is-bigger-than-individuals-says-congress-mp-manickam-tagore-who-advocated-power-sharing-with-dmk/article70701962.ece already exists.
2026-03-04 13:12:16,053 - INFO - [The Hindu] Early skip: URL https://www.thehindu.com/news/national/tamil-nadu/congress-seat-sharing-pact-dmk-significant-breakthrough/article70701905.ece already exists.
2026-03-04 13:12:16,054 - INFO - [The Hindu] Early skip: URL https://www.thehindu.com/news/national/on-indias-fighter-jet-acquisitions/article70699109.ece already exists.
2026-03-04 13:12:16,055 - INFO - [The Hindu] Early skip: URL https://www.thehindu.com/news/national/finland-president-alexander-stubb-is-in-india-from-march-4-to-7/article70701860.ece already exists.
2026-03-04 13:12:16,056 - INFO - [The Hindu] Early skip: URL https://www.thehindu.com/sci-tech/energy-and-environment/in-assam-paper-is-made-from-water-hyacinth-to-clear-lakes/article70646879.ece already exists.
2026-03-04 13:12:16,058 - INFO - [The Hindu] Early skip: URL https://www.thehindu.com/sci-tech/science/why-india-needs-to-radically-think-its-doctoral-education-programmes/article70698900.ece already exists.
2026-03-04 13:12:16,059 - INFO - [The Hindu] Early skip: URL https://www.thehindu.com/news/national/assam/orchid-park-added-to-kazirangas-attractions-in-assam/article70700241.ece already exists.
2026-03-04 13:12:16,060 - INFO - [The Hindu] Early skip: URL https://www.thehindu.com/news/national/bihar/bihar-cm-nitish-kumars-son-likely-to-join-active-politics-soon-jdu-leaders/article70700153.ece already exists.
2026-03-04 13:12:16,061 - INFO - [The Hindu] Early skip: URL https://www.thehindu.com/news/national/west-bengal/trinamool-cries-foul-over-tea-garden-workers-struck-off-electoral-rolls-or-kept-in-adjudication-list/article70700183.ece already exists.
2026-03-04 13:12:16,063 - INFO - [The Hindu] Early skip: URL https://www.thehindu.com/news/national/congress-mp-imran-masood-meets-representative-of-irans-late-supreme-leader-offers-condolences/article70700507.ece already exists.
2026-03-04 13:12:16,064 - INFO - [The Hindu] Early skip: URL https://www.thehindu.com/news/national/tamil-nadu/the-1995-caste-reprisals-that-scarred-southern-tn-also-touched-communist-leader-nallakannus-life/article70695051.ece already exists.
2026-03-04 13:12:16,065 - INFO - [The Hindu] Early skip: URL https://www.thehindu.com/news/national/tamil-nadu/tamil-nadus-saga-of-controversial-governors-begins-with-sri-prakasa-of-the-1950s/article70698930.ece already exists.
2026-03-04 13:12:16,066 - INFO - [The Hindu] Early skip: URL https://www.thehindu.com/news/national/tamil-nadu/traffic-diversion-in-katpadi-on-march-5-due-to-bull-race-event/article70700039.ece already exists.
2026-03-04 13:12:16,067 - INFO - [The Hindu] Early skip: URL https://www.thehindu.com/news/cities/chennai/over-1000-entries-received-for-the-hindu-margazhi-music-contest/article70700208.ece already exists.
2026-03-04 13:12:16,069 - INFO - [The Hindu] Early skip: URL https://www.thehindu.com/news/national/tamil-nadu/water-released-from-kuppanatham-dam-in-tiruvannamalai-for-irrigation/article70700081.ece already exists.
2026-03-04 13:12:16,070 - INFO - [The Hindu] Early skip: URL https://www.thehindu.com/news/national/tamil-nadu/two-viewpoint-towers-in-katpadi-jamunamarathur-inaugurated/article70700059.ece already exists.
2026-03-04 13:12:16,071 - INFO - [The Hindu] Early skip: URL https://www.thehindu.com/news/national/tamil-nadu/state-highways-installs-led-streetlights-on-chennai-chittoor-bengaluru-highway-near-walajah-to-prevent-accidents/article70700071.ece already exists.
2026-03-04 13:12:16,072 - INFO - [The Hindu] Early skip: URL https://www.thehindu.com/news/national/jammu-and-kashmir/jk-police-lodge-fir-against-kashmir-mp-ruhullah-former-srinagar-mayor-mattu/article70700941.ece already exists.
2026-03-04 13:12:16,074 - INFO - [The Hindu] Early skip: URL https://www.thehindu.com/news/national/kerala/district-administration-offers-comprehensive-assistance-to-aneeshs-family/article70700334.ece already exists.
2026-03-04 13:12:16,075 - INFO - [The Hindu] Early skip: URL https://www.thehindu.com/news/national/tamil-nadu/madras-high-court-grants-bail-to-woman-accused-of-sponsoring-bsp-leader-armstrongs-murder/article70699907.ece already exists.
2026-03-04 13:12:16,076 - INFO - [The Hindu] Early skip: URL https://www.thehindu.com/news/national/kerala/human-animal-conflict-at-aralam-farm-hc-directs-chief-secretary-to-submit-roadmap/article70696424.ece already exists.
2026-03-04 13:12:16,077 - INFO - [The Hindu] Early skip: URL https://www.thehindu.com/news/national/tamil-nadu/tvk-yet-to-transform-into-political-party-karti-chidambaram/article70699567.ece already exists.
2026-03-04 13:12:16,078 - INFO - [The Hindu] Early skip: URL https://www.thehindu.com/news/national/tamil-nadu/stalin-thanks-siddaramaiah-for-karnatakas-support-to-call-for-renewed-national-conversation-on-union-state-relations/article70699525.ece already exists.
2026-03-04 13:12:16,080 - INFO - [The Hindu] Early skip: URL https://www.thehindu.com/news/national/indian-airlines-plan-to-operate-58-flights-to-west-asia-on-march-4-govt/article70700968.ece already exists.
2026-03-04 13:12:16,081 - INFO - [The Hindu] Early skip: URL https://www.thehindu.com/news/national/karnataka/siddaramaiah-rubbishes-allegations-of-spying-on-dk-shivakumar-loyalists/article70700262.ece already exists.
2026-03-04 13:12:16,082 - INFO - [The Hindu] Early skip: URL https://www.thehindu.com/news/national/karnataka/under-pressure-from-the-dalit-left-recruitment-go-likely-to-come-up-for-discussion-again-in-karnataka-cabinet/article70700472.ece already exists.
2026-03-04 13:12:16,083 - INFO - [The Hindu] Early skip: URL https://www.thehindu.com/news/cities/Coimbatore/minister-mp-saminathan-launches-the-hindus-coffee-table-book-on-tiruppurs-development/article70700486.ece already exists.
2026-03-04 13:12:16,084 - INFO - [The Hindu] Early skip: URL https://www.thehindu.com/news/national/karnataka/dk-shivakumar-urges-karnataka-mps-to-put-pressure-on-centre-to-seek-approval-to-raise-almatti-dam-height/article70700459.ece already exists.
2026-03-04 13:12:16,086 - INFO - [The Hindu] Early skip: URL https://www.thehindu.com/news/national/kerala/bomb-hoax-at-high-court/article70700533.ece already exists.
2026-03-04 13:12:16,087 - INFO - [The Hindu] Early skip: URL https://www.thehindu.com/news/cities/Hyderabad/kavitha-detained-during-protest-in-narsingi/article70700704.ece already exists.
2026-03-04 13:12:16,088 - INFO - [The Hindu] Early skip: URL https://www.thehindu.com/opinion/op-ed/projecting-a-muslim-centric-opposition/article70700870.ece already exists.
2026-03-04 13:12:16,090 - INFO - [The Hindu] Early skip: URL https://www.thehindu.com/news/national/telangana/rahul-pats-tpcc-chief-for-successful-conduct-of-dcc-presidents-training-camp/article70700130.ece already exists.
2026-03-04 13:12:16,091 - INFO - [The Hindu] (Thread) Finished. Attempting to shut down its Selenium driver.
2026-03-04 13:12:16,262 - INFO - [The Hindu] (Thread) driver.quit() successful.
2026-03-04 13:12:16,263 - INFO - Shutting down thread pool (wait=False)...
2026-03-04 13:12:16,263 - INFO - Scraped: 3 Times of India, 7 The Hindu, 0 TechCrunch, 2 BBC, 9 The Guardian articles. (Total saved: 21)
2026-03-04 13:12:16,263 - INFO - --- Scraping job finished ---
2026-03-04 13:12:16,270 - INFO - --- Scraper service stopped and database connection closed. ---
2026-03-04 13:12:16,270 - INFO - --- Main thread finished. Forcing process exit to kill zombie threads. ---
