2026-01-19 22:50:14,688 - INFO - Loading AI Semantic Model (all-MiniLM-L6-v2)...
2026-01-19 22:50:14,688 - INFO - Use pytorch device_name: cpu
2026-01-19 22:50:14,688 - INFO - Load pretrained SentenceTransformer: all-MiniLM-L6-v2
2026-01-19 22:50:15,451 - INFO - AI Model loaded successfully.
2026-01-19 22:50:15,451 - INFO - --- Scraper service started (CI Mode: Run Once) ---
2026-01-19 22:50:15,451 - INFO - --- Starting new scraping job (Parallel Mode) ---
2026-01-19 22:50:15,451 - INFO - Creating new robust session with 3 retries on 5xx/connection/read errors.
2026-01-19 22:50:15,451 - INFO - Proxy is DISABLED.
2026-01-19 22:50:15,452 - INFO - Starting scrape for BBC RSS feed: http://feeds.bbci.co.uk/news/world/rss.xml
2026-01-19 22:50:15,453 - INFO - [Times of India] (Thread) requires Selenium. Initializing driver...
2026-01-19 22:50:15,453 - INFO - Starting scrape for The Guardian RSS feed: https://www.theguardian.com/world/rss
2026-01-19 22:50:15,454 - INFO - [The Hindu] (Thread) requires Selenium. Initializing driver...
2026-01-19 22:50:15,454 - INFO - Submitted 4 jobs to thread pool. Waiting up to 300s for completion...
2026-01-19 22:50:15,576 - INFO - Found 45 articles in The Guardian RSS feed. Processing up to 30.
2026-01-19 22:50:15,577 - INFO - [The Guardian] Early skip: URL https://www.theguardian.com/global-development/2026/jan/19/brazen-political-influence-rich-laid-bare-wealth-billionaires-inequality-poverty-instability-oxfam already exists.
2026-01-19 22:50:15,608 - INFO - Found 32 articles in BBC RSS feed. Processing up to 30.
2026-01-19 22:50:15,745 - INFO - [BBC] Article: https://www.bbc.com/news/articles/c4g5345ylk0o?at_medium=RSS&at_campaign=rss
2026-01-19 22:50:15,745 - INFO - [BBC] Attempt 1/1: Trying with 'requests_browser' strategy...
2026-01-19 22:50:15,746 - INFO - [The Guardian] Early skip: URL https://www.theguardian.com/world/2026/jan/18/ugandas-president-calls-opponents-terrorists-in-victory-speech already exists.
2026-01-19 22:50:15,856 - INFO - [BBC] Success with 'requests_browser'. Found content (609 words).
2026-01-19 22:50:23,275 - INFO - Selenium driver initialized successfully.
2026-01-19 22:50:23,275 - INFO - Starting scrape for Times of India RSS feed: https://timesofindia.indiatimes.com/rssfeeds/296589292.cms
2026-01-19 22:50:23,278 - INFO - Selenium driver initialized successfully.
2026-01-19 22:50:23,278 - INFO - Starting scrape for The Hindu RSS feed: https://www.thehindu.com/news/national/feeder/default.rss
2026-01-19 22:50:23,407 - INFO - Found 20 articles in Times of India RSS feed. Processing up to 30.
2026-01-19 22:50:23,559 - INFO - Found 100 articles in The Hindu RSS feed. Processing up to 30.
2026-01-19 22:50:46,488 - INFO - DEDUPLICATION: Found match (Score: 0.89). Linking to Cluster ID: bf0205a7-951f-4f85-ab61-186c5a3dd4f7
2026-01-19 22:50:46,491 - INFO - Saved article: Trump says he will '100%' carry out Greenland tariffs threat, as EU vows to protect its interests from BBC (609 words)
2026-01-19 22:50:46,491 - INFO - [The Guardian] Early skip: URL https://www.theguardian.com/world/2026/jan/17/yoweri-museveni-wins-ugandan-election-as-opponent-condemns-fake-result already exists.
2026-01-19 22:50:46,646 - INFO - [Times of India] Early skip: URL https://timesofindia.indiatimes.com/world/us/watch-drone-footage-shows-massive-100-vehicle-pile-up-on-michigan-highway-amid-snowstorm/articleshow/126719129.cms already exists.
2026-01-19 22:50:46,821 - INFO - [The Hindu] Early skip: URL https://www.thehindu.com/news/national/punjab/cracks-appear-in-punjab-congress-over-calls-for-dalit-representation-in-party-by-channi/article70527058.ece already exists.
2026-01-19 22:50:46,998 - INFO - [The Guardian] Early skip: URL https://www.theguardian.com/uk-news/2026/jan/17/afcon-little-morocco-london-confidence-high already exists.
2026-01-19 22:50:47,191 - INFO - [Times of India] Early skip: URL https://timesofindia.indiatimes.com/world/uk/mum-hijacked-couples-first-dance-in-front-of-500-guests-brooklyn-beckham-calls-out-parents-for-disrespecting-nicola-peltz/articleshow/126719430.cms already exists.
2026-01-19 22:50:47,478 - INFO - [The Hindu] Early skip: URL https://www.thehindu.com/news/national/odisha/bjd-demands-odisha-mines-ministers-removal-after-ed-raids-on-his-representative/article70525696.ece already exists.
2026-01-19 22:50:47,671 - INFO - [The Guardian] Early skip: URL https://www.theguardian.com/environment/2026/jan/17/twin-baby-mountain-gorilla-virunga-drc-survival-conservation-aoe already exists.
2026-01-19 22:50:47,953 - INFO - [Times of India] Article: https://timesofindia.indiatimes.com/world/us-streamers/ishowspeed-leaves-algerian-cup-match-after-crowd-throws-objects-everything-you-need-to-know/articleshow/126718471.cms
2026-01-19 22:50:47,953 - INFO - [Times of India] Attempt 1/1: Trying with 'selenium_browser' strategy...
2026-01-19 22:50:47,954 - INFO - [The Hindu] Early skip: URL https://www.thehindu.com/sci-tech/energy-and-environment/odishas-saltwater-crocodile-population-rises-to-1858/article70526236.ece already exists.
2026-01-19 22:50:48,113 - INFO - [BBC] Early skip: URL https://www.bbc.com/news/articles/c17zpvkddpzo?at_medium=RSS&at_campaign=rss already exists.
2026-01-19 22:50:48,341 - INFO - [The Guardian] Early skip: URL https://www.theguardian.com/world/2026/jan/19/guatemala-state-of-emergency-police-officers-killed-prison-gang-violence already exists.
2026-01-19 22:50:48,579 - INFO - [The Hindu] Early skip: URL https://www.thehindu.com/news/national/sc-seeks-govt-response-on-plea-for-quota-concessional-fare-for-acid-attack-survivors-on-trains/article70526663.ece already exists.
2026-01-19 22:50:48,782 - INFO - [BBC] Early skip: URL https://www.bbc.com/news/articles/cdx4rpxxvg7o?at_medium=RSS&at_campaign=rss already exists.
2026-01-19 22:50:48,885 - INFO - [The Guardian] Early skip: URL https://www.theguardian.com/world/2026/jan/18/chile-president-declares-state-of-catastrophe-as-wildfires-kill already exists.
2026-01-19 22:50:49,020 - INFO - [The Hindu] Early skip: URL https://www.thehindu.com/news/national/karnataka/karnataka-deputy-chief-minister-dk-shivakumar-to-travel-to-davos/article70526461.ece already exists.
2026-01-19 22:50:49,137 - INFO - [BBC] Article: https://www.bbc.com/news/articles/c2d7rk0865go?at_medium=RSS&at_campaign=rss
2026-01-19 22:50:49,137 - INFO - [BBC] Attempt 1/1: Trying with 'requests_browser' strategy...
2026-01-19 22:50:49,138 - INFO - [The Guardian] Early skip: URL https://www.theguardian.com/us-news/2026/jan/16/trump-administration-mistake-college-student-detained already exists.
2026-01-19 22:50:49,165 - INFO - [BBC] Success with 'requests_browser'. Found content (735 words).
2026-01-19 22:50:49,239 - INFO - [The Hindu] Early skip: URL https://www.thehindu.com/news/national/delhi-hc-quashes-2016-income-tax-notices-to-prannoy-roy-radhika-roy/article70526967.ece already exists.
2026-01-19 22:51:35,203 - INFO - DEDUPLICATION: Found match (Score: 0.88). Linking to Cluster ID: 9d8d42dc-f420-43e7-baef-c61aa2e491cb
2026-01-19 22:51:35,205 - INFO - Saved article: Spanish PM vows to find cause of deadly high-speed train crash from BBC (735 words)
2026-01-19 22:51:35,205 - INFO - [The Guardian] Early skip: URL https://www.theguardian.com/world/2026/jan/16/cia-chief-visits-maduro-successor-as-machado-vows-to-become-venezuelas-president already exists.
2026-01-19 22:51:35,443 - INFO - [The Hindu] Early skip: URL https://www.thehindu.com/news/national/madhya-pradesh/no-new-guillain-barre-syndrome-case-in-two-days-in-mps-neemuch-six-still-in-hospital/article70526200.ece already exists.
2026-01-19 22:51:35,743 - INFO - [The Guardian] Early skip: URL https://www.theguardian.com/world/2026/jan/16/brazil-jair-bolsonaro-reduce-sentence-reading-books already exists.
2026-01-19 22:51:35,901 - INFO - [The Hindu] Early skip: URL https://www.thehindu.com/opinion/op-ed/the-rising-cost-of-poll-promises/article70525643.ece already exists.
2026-01-19 22:51:36,140 - INFO - [The Guardian] Early skip: URL https://www.theguardian.com/world/2026/jan/19/china-population-falls-again-birthrate-record-low already exists.
2026-01-19 22:51:36,384 - INFO - [The Hindu] Early skip: URL https://www.thehindu.com/news/national/tamil-nadu/tn-industries-minister-hopes-pmo-will-see-true-value-of-hosur-airport/article70526745.ece already exists.
2026-01-19 22:51:36,659 - INFO - [The Hindu] Early skip: URL https://www.thehindu.com/news/national/karnataka/electronics-city-industrial-township-authority-is-a-public-authority-rules-state-information-commission/article70525934.ece already exists.
2026-01-19 22:51:36,776 - INFO - [BBC] Early skip: URL https://www.bbc.com/news/articles/clye22ljxw4o?at_medium=RSS&at_campaign=rss already exists.
2026-01-19 22:51:37,043 - INFO - [The Guardian] Early skip: URL https://www.theguardian.com/world/2026/jan/19/japan-snap-election-sanae-takaichi-ldp already exists.
2026-01-19 22:51:37,171 - INFO - [The Hindu] Early skip: URL https://www.thehindu.com/opinion/editorial/regional-saffron-on-maharashtra-politics/article70525889.ece already exists.
2026-01-19 22:51:37,448 - INFO - [BBC] Early skip: URL https://www.bbc.com/news/articles/c5yvl4x3nqeo?at_medium=RSS&at_campaign=rss already exists.
2026-01-19 22:51:37,620 - INFO - [The Guardian] Early skip: URL https://www.theguardian.com/world/2026/jan/19/chinas-economy-hit-growth-goal-last-year-despite-trump-trade-war-and-property-crisis already exists.
2026-01-19 22:51:37,775 - INFO - [The Hindu] Early skip: URL https://www.thehindu.com/news/national/rajasthan/first-guava-processing-plant-in-rajasthan-to-improve-farmers-livelihood-with-value-addition/article70526058.ece already exists.
2026-01-19 22:51:37,922 - INFO - [BBC] Early skip: URL https://www.bbc.com/news/articles/c4gwk37ewvwo?at_medium=RSS&at_campaign=rss already exists.
2026-01-19 22:51:38,186 - INFO - [The Guardian] Early skip: URL https://www.theguardian.com/politics/2026/jan/19/china-expected-to-get-london-embassy-go-ahead-uk already exists.
2026-01-19 22:51:38,473 - INFO - [The Hindu] Early skip: URL https://www.thehindu.com/news/national/tamil-nadu/source-india-to-be-held-at-chennai-trade-centre-in-feb/article70526695.ece already exists.
2026-01-19 22:51:38,661 - INFO - [BBC] Early skip: URL https://www.bbc.com/news/articles/cvgdmkxl1mko?at_medium=RSS&at_campaign=rss already exists.
2026-01-19 22:51:38,798 - INFO - [The Guardian] Early skip: URL https://www.theguardian.com/world/2026/jan/19/japan-nuclear-plant-restart-kashiwazaki-kariwa-fukushima already exists.
2026-01-19 22:51:38,930 - INFO - [The Hindu] Early skip: URL https://www.thehindu.com/news/national/haryana/haryana-govts-changes-to-monthly-aid-scheme-leave-women-falling-through-the-cracks/article70526984.ece already exists.
2026-01-19 22:51:39,111 - INFO - [BBC] Early skip: URL https://www.bbc.com/news/articles/c8013p5v2yvo?at_medium=RSS&at_campaign=rss already exists.
2026-01-19 22:51:39,340 - INFO - [The Guardian] Early skip: URL https://www.theguardian.com/australia-news/live/2026/jan/20/hate-speech-gun-reform-anthony-albanese-bondi-terror-attack-ntwnfb already exists.
2026-01-19 22:51:39,594 - INFO - [The Hindu] Early skip: URL https://www.thehindu.com/news/national/bihar/nitish-begins-samriddhi-yatra-to-review-430-projects-announced-before-election/article70525636.ece already exists.
2026-01-19 22:51:39,758 - INFO - [BBC] Early skip: URL https://www.bbc.com/news/articles/cedw6ylpynyo?at_medium=RSS&at_campaign=rss already exists.
2026-01-19 22:51:39,913 - INFO - [The Guardian] Early skip: URL https://www.theguardian.com/australia-news/2026/jan/19/man-in-critical-condition-after-third-sydney-shark-attack-in-two-days already exists.
2026-01-19 22:51:40,061 - INFO - [The Hindu] Early skip: URL https://www.thehindu.com/news/national/telangana/sit-summons-siddipet-mla-t-harish-rao-in-phone-tapping-probe/article70526755.ece already exists.
2026-01-19 22:51:40,193 - INFO - [BBC] Early skip: URL https://www.bbc.com/news/articles/cr4k35q6yr0o?at_medium=RSS&at_campaign=rss already exists.
2026-01-19 22:51:40,407 - INFO - [The Guardian] Early skip: URL https://www.theguardian.com/australia-news/2026/jan/20/debt-collector-hired-by-ato-pays-zero-corporate-tax already exists.
2026-01-19 22:51:40,636 - INFO - [The Hindu] Early skip: URL https://www.thehindu.com/news/national/telangana/eleven-held-in-connection-with-puranapool-chilla-communal-incident/article70526729.ece already exists.
2026-01-19 22:51:40,807 - INFO - [BBC] Early skip: URL https://www.bbc.com/news/articles/c4g0zx0llpzo?at_medium=RSS&at_campaign=rss already exists.
2026-01-19 22:51:41,075 - INFO - [The Guardian] Early skip: URL https://www.theguardian.com/australia-news/2026/jan/20/incoming-nt-administrator-insulted-pm-and-claimed-first-nations-people-main-group-behind already exists.
2026-01-19 22:51:41,255 - INFO - [The Hindu] Early skip: URL https://www.thehindu.com/news/national/karnataka/karnataka-information-commission-issues-show-cause-notice-to-gba-for-not-submitting-quit-india-movement-martyrs-memorial-site-joint-survey-report/article70525997.ece already exists.
2026-01-19 22:51:41,528 - INFO - [BBC] Early skip: URL https://www.bbc.com/news/articles/c1dk0x0v6pdo?at_medium=RSS&at_campaign=rss already exists.
2026-01-19 22:51:41,665 - INFO - [The Guardian] Early skip: URL https://www.theguardian.com/australia-news/2026/jan/19/labor-coalition-deal-hate-speech-laws-ley-albanese already exists.
2026-01-19 22:51:41,843 - INFO - [The Hindu] Early skip: URL https://www.thehindu.com/news/national/kerala/saraswathi-amma-writer-remembered/article70526889.ece already exists.
2026-01-19 22:51:41,978 - INFO - [BBC] Early skip: URL https://www.bbc.com/news/articles/c0r47ey0d1vo?at_medium=RSS&at_campaign=rss already exists.
2026-01-19 22:51:42,262 - INFO - [The Guardian] Early skip: URL https://www.theguardian.com/world/live/2026/jan/19/donald-trump-greenland-denmark-nobel-nato-europe-live-latest-news-updates already exists.
2026-01-19 22:51:42,496 - INFO - [The Hindu] Early skip: URL https://www.thehindu.com/news/national/kerala/police-save-boy-who-accidentally-fell-into-well/article70526637.ece already exists.
2026-01-19 22:51:42,703 - INFO - [BBC] Early skip: URL https://www.bbc.com/news/articles/c62nen4n971o?at_medium=RSS&at_campaign=rss already exists.
2026-01-19 22:51:42,888 - INFO - [The Guardian] Early skip: URL https://www.theguardian.com/politics/2026/jan/19/greenland-keir-starmer-rules-out-retaliatory-tariffs-against-us already exists.
2026-01-19 22:51:43,161 - INFO - [The Hindu] Early skip: URL https://www.thehindu.com/news/national/karnataka/the-youth-women-poor-farmers-are-the-foundational-pillars-of-india-vk-saraswat-niti-ayog-member/article70525629.ece already exists.
2026-01-19 22:51:43,323 - INFO - [BBC] Early skip: URL https://www.bbc.com/news/articles/c79r7v7qr53o?at_medium=RSS&at_campaign=rss already exists.
2026-01-19 22:51:43,447 - INFO - [The Guardian] Early skip: URL https://www.theguardian.com/world/2026/jan/19/spain-begins-three-days-of-mourning-after-train-crash already exists.
2026-01-19 22:51:43,633 - INFO - [The Hindu] Early skip: URL https://www.thehindu.com/news/national/kerala/man-allegedly-assault-police-personnel-damage-vehicle-in-kochi/article70526400.ece already exists.
2026-01-19 22:51:43,734 - INFO - [BBC] Early skip: URL https://www.bbc.com/sport/football/articles/c70ljednyl6o?at_medium=RSS&at_campaign=rss already exists.
2026-01-19 22:51:43,841 - INFO - [The Guardian] Early skip: URL https://www.theguardian.com/world/2026/jan/19/kremlin-says-putin-invited-join-trump-gaza-board-of-peace already exists.
2026-01-19 22:51:43,964 - INFO - [The Hindu] Early skip: URL https://www.thehindu.com/news/national/kerala/state-philatelic-expo-in-kochi-from-january-20/article70526553.ece already exists.
2026-01-19 22:51:44,205 - INFO - [BBC] Early skip: URL https://www.bbc.com/news/articles/ceqz0llpnyqo?at_medium=RSS&at_campaign=rss already exists.
2026-01-19 22:51:44,393 - INFO - [The Guardian] Early skip: URL https://www.theguardian.com/fashion/2026/jan/19/valentino-italian-fashion-designer-dies already exists.
2026-01-19 22:51:44,501 - INFO - [The Hindu] Early skip: URL https://www.thehindu.com/news/national/sc-questions-delhi-government-over-hurried-rollout-of-new-law-regulating-private-school-fees/article70526815.ece already exists.
2026-01-19 22:51:44,702 - INFO - [BBC] Early skip: URL https://www.bbc.com/news/articles/c8013p5v2yvo?at_medium=RSS&at_campaign=rss already exists.
2026-01-19 22:51:44,987 - INFO - [The Guardian] Early skip: URL https://www.theguardian.com/world/2026/jan/19/kurdish-led-forces-clashes-syrian-army-prison-holding-is-inmates already exists.
2026-01-19 22:51:45,190 - INFO - [The Hindu] Early skip: URL https://www.thehindu.com/news/national/karnataka/two-held-for-smuggling-drugs-in-train/article70525369.ece already exists.
2026-01-19 22:51:45,362 - INFO - [BBC] Early skip: URL https://www.bbc.com/news/articles/cz7ypw4rjrzo?at_medium=RSS&at_campaign=rss already exists.
2026-01-19 22:51:45,610 - INFO - [The Guardian] Early skip: URL https://www.theguardian.com/global-development/2026/jan/19/iran-protesters-teenager-sexually-assaulted-in-custody-rights-group already exists.
2026-01-19 22:51:45,845 - INFO - [The Hindu] Article: https://www.thehindu.com/news/national/kerala/icg-evacuates-patient-from-agati-in-life-saving-operation/article70526463.ece
2026-01-19 22:51:45,845 - INFO - [The Hindu] Attempt 1/1: Trying with 'selenium_browser' strategy...
2026-01-19 22:51:45,846 - INFO - [BBC] Early skip: URL https://www.bbc.com/news/articles/c5y2pg28lgjo?at_medium=RSS&at_campaign=rss already exists.
2026-01-19 22:51:46,122 - INFO - [The Guardian] Early skip: URL https://www.theguardian.com/world/2026/jan/19/syria-declares-victory-ceasefire-kurdish-led-force already exists.
2026-01-19 22:51:46,388 - INFO - [The Guardian] Early skip: URL https://www.theguardian.com/world/2026/jan/18/iran-warns-world-that-any-attack-on-ayatollah-ali-khamenei-would-be-declaration-of-war already exists.
2026-01-19 22:51:46,665 - INFO - [BBC] Article: https://www.bbc.com/news/videos/c23r1rx5vp7o?at_medium=RSS&at_campaign=rss
2026-01-19 22:51:46,665 - INFO - [BBC] Attempt 1/1: Trying with 'requests_browser' strategy...
2026-01-19 22:51:46,666 - INFO - [The Guardian] Early skip: URL https://www.theguardian.com/world/2026/jan/18/israel-far-right-ministers-reject-us-backed-postwar-gaza-panel already exists.
2026-01-19 22:51:46,727 - WARNING - [BBC] FAILED with 'requests_browser' (content was too short: 81 words).
2026-01-19 22:51:46,727 - ERROR - [BBC] All scrape strategies failed for https://www.bbc.com/news/videos/c23r1rx5vp7o?at_medium=RSS&at_campaign=rss. Falling back to RSS description.
2026-01-19 22:51:46,727 - WARNING - SKIPPED (GLOBAL WORD LIMIT): Article 'Watch: Spain train crash survivors describe 'absolutely terrifying' scene' from BBC has only 14 words (Min: 90).
2026-01-19 22:51:47,557 - INFO - [BBC] Early skip: URL https://www.bbc.com/news/articles/c87r41j4n4jo?at_medium=RSS&at_campaign=rss already exists.
2026-01-19 22:51:47,852 - INFO - [BBC] Early skip: URL https://www.bbc.com/news/articles/ce3ekz4yx21o?at_medium=RSS&at_campaign=rss already exists.
2026-01-19 22:51:47,947 - INFO - [The Hindu] Page content loaded.
2026-01-19 22:51:48,009 - INFO - [The Hindu] Success with 'selenium_browser'. Found content (107 words).
2026-01-19 22:51:48,047 - INFO - [BBC] Early skip: URL https://www.bbc.com/news/articles/c0q48d71ke8o?at_medium=RSS&at_campaign=rss already exists.
2026-01-19 22:51:48,152 - INFO - [BBC] Early skip: URL https://www.bbc.com/news/articles/cx2w9q28xjxo?at_medium=RSS&at_campaign=rss already exists.
2026-01-19 22:51:48,356 - INFO - [BBC] Early skip: URL https://www.bbc.com/news/articles/cn93e12rypgo?at_medium=RSS&at_campaign=rss already exists.
2026-01-19 22:51:48,633 - INFO - [BBC] Early skip: URL https://www.bbc.com/news/articles/cg5gegrdq3go?at_medium=RSS&at_campaign=rss already exists.
2026-01-19 22:52:27,356 - INFO - Saved article: ICG evacuates patient from Agatti in life-saving operation - The Hindu from The Hindu (107 words)
2026-01-19 22:52:27,357 - INFO - [BBC] Article: https://www.bbc.com/news/videos/cn82xejl4e2o?at_medium=RSS&at_campaign=rss
2026-01-19 22:52:27,357 - INFO - [BBC] Attempt 1/1: Trying with 'requests_browser' strategy...
2026-01-19 22:52:27,407 - WARNING - [BBC] FAILED with 'requests_browser' (content was too short: 75 words).
2026-01-19 22:52:27,407 - ERROR - [BBC] All scrape strategies failed for https://www.bbc.com/news/videos/cn82xejl4e2o?at_medium=RSS&at_campaign=rss. Falling back to RSS description.
2026-01-19 22:52:27,407 - WARNING - SKIPPED (GLOBAL WORD LIMIT): Article 'At the scene of Spain's worst rail disaster in over a decade' from BBC has only 15 words (Min: 90).
2026-01-19 22:52:27,868 - INFO - [The Hindu] Article: https://www.thehindu.com/news/national/karnataka/sslc-preparatory-exam-timings-changed/article70526480.ece
2026-01-19 22:52:27,868 - INFO - [The Hindu] Attempt 1/1: Trying with 'selenium_browser' strategy...
2026-01-19 22:52:28,047 - INFO - [BBC] Article: https://www.bbc.com/news/videos/c23r1rx5vp7o?at_medium=RSS&at_campaign=rss
2026-01-19 22:52:28,047 - INFO - [BBC] Attempt 1/1: Trying with 'requests_browser' strategy...
2026-01-19 22:52:28,130 - WARNING - [BBC] FAILED with 'requests_browser' (content was too short: 81 words).
2026-01-19 22:52:28,130 - ERROR - [BBC] All scrape strategies failed for https://www.bbc.com/news/videos/c23r1rx5vp7o?at_medium=RSS&at_campaign=rss. Falling back to RSS description.
2026-01-19 22:52:28,130 - WARNING - SKIPPED (GLOBAL WORD LIMIT): Article 'Spain train crash survivors describe 'absolutely terrifying' scene' from BBC has only 14 words (Min: 90).
2026-01-19 22:52:29,705 - INFO - [The Hindu] Page content loaded.
2026-01-19 22:52:29,985 - INFO - [The Hindu] Success with 'selenium_browser'. Found content (172 words).
2026-01-19 22:52:48,055 - ERROR - [Times of India] Request failed for strategy 'selenium_browser' on URL https://timesofindia.indiatimes.com/world/us-streamers/ishowspeed-leaves-algerian-cup-match-after-crowd-throws-objects-everything-you-need-to-know/articleshow/126718471.cms: HTTPConnectionPool(host='localhost', port=48025): Read timed out. (read timeout=120)
2026-01-19 22:52:48,055 - ERROR - [Times of India] All scrape strategies failed for https://timesofindia.indiatimes.com/world/us-streamers/ishowspeed-leaves-algerian-cup-match-after-crowd-throws-objects-everything-you-need-to-know/articleshow/126718471.cms. Falling back to RSS description.
2026-01-19 22:52:48,055 - WARNING - SKIPPED (GLOBAL WORD LIMIT): Article 'IShowSpeed leaves Algerian Cup match after crowd throws objects: Everything you need to know' from Times of India has only 56 words (Min: 90).
2026-01-19 22:53:04,085 - INFO - Saved article: SSLC preparatory exam timings changed - The Hindu from The Hindu (172 words)
2026-01-19 22:53:04,086 - INFO - [Times of India] Article: https://timesofindia.indiatimes.com/world/us/happy-birthday-to-a-terrific-guy-trumpepstein-birthday-message-recreated-in-giant-10-ft-mockup-near-us-capitol/articleshow/126715599.cms
2026-01-19 22:53:04,086 - INFO - [Times of India] Attempt 1/1: Trying with 'selenium_browser' strategy...
2026-01-19 22:53:05,582 - INFO - [The Hindu] Article: https://www.thehindu.com/news/national/karnataka/civil-engineer-arrested-for-cheating-techie-of-153-crore-on-the-pretext-of-marriage/article70525684.ece
2026-01-19 22:53:05,582 - INFO - [The Hindu] Attempt 1/1: Trying with 'selenium_browser' strategy...
2026-01-19 22:53:07,099 - INFO - [The Hindu] Page content loaded.
2026-01-19 22:53:07,395 - INFO - [The Hindu] Success with 'selenium_browser'. Found content (271 words).
2026-01-19 22:53:42,248 - INFO - DEDUPLICATION: Found match (Score: 0.75). Linking to Cluster ID: 421438d8-75f4-4dfc-8db9-f5558b0383ff
2026-01-19 22:53:42,251 - INFO - Saved article: Civil engineer arrested for cheating techie of ₹1.53 crore on the pretext of marriage - The Hindu from The Hindu (271 words)
2026-01-19 22:53:43,399 - INFO - [The Hindu] Article: https://www.thehindu.com/news/national/diplomatic-spat-between-india-and-poland-as-foreign-ministers-spar-over-pakistan-and-russia/article70526714.ece
2026-01-19 22:53:43,399 - INFO - [The Hindu] Attempt 1/1: Trying with 'selenium_browser' strategy...
2026-01-19 22:53:44,361 - INFO - [The Hindu] Page content loaded.
2026-01-19 22:53:44,437 - INFO - [The Hindu] Success with 'selenium_browser'. Found content (717 words).
2026-01-19 22:54:18,319 - INFO - Saved article: Diplomatic spat between India and Poland as Foreign Ministers spar over Pakistan and Russia - The Hindu from The Hindu (717 words)
2026-01-19 22:54:19,520 - INFO - [The Hindu] Article: https://www.thehindu.com/news/national/madhya-pradesh/school-children-injured-as-swing-collapses-in-madhya-pradeshs-jhabua/article70526625.ece
2026-01-19 22:54:19,520 - INFO - [The Hindu] Attempt 1/1: Trying with 'selenium_browser' strategy...
2026-01-19 22:54:20,460 - INFO - [The Hindu] Page content loaded.
2026-01-19 22:54:20,498 - INFO - [The Hindu] Success with 'selenium_browser'. Found content (383 words).
2026-01-19 22:54:56,410 - INFO - Saved article: 14 school children injured as swing collapses in Madhya Pradesh’s Jhabua - The Hindu from The Hindu (383 words)
2026-01-19 22:54:57,747 - INFO - [The Hindu] (Thread) Finished. Attempting to shut down its Selenium driver.
2026-01-19 22:54:57,896 - INFO - [The Hindu] (Thread) driver.quit() successful.
2026-01-19 22:55:04,096 - ERROR - [Times of India] Request failed for strategy 'selenium_browser' on URL https://timesofindia.indiatimes.com/world/us/happy-birthday-to-a-terrific-guy-trumpepstein-birthday-message-recreated-in-giant-10-ft-mockup-near-us-capitol/articleshow/126715599.cms: HTTPConnectionPool(host='localhost', port=48025): Read timed out. (read timeout=120)
2026-01-19 22:55:04,097 - ERROR - [Times of India] All scrape strategies failed for https://timesofindia.indiatimes.com/world/us/happy-birthday-to-a-terrific-guy-trumpepstein-birthday-message-recreated-in-giant-10-ft-mockup-near-us-capitol/articleshow/126715599.cms. Falling back to RSS description.
2026-01-19 22:55:04,097 - WARNING - SKIPPED (GLOBAL WORD LIMIT): Article '‘Happy birthday to a terrific guy!’: Trump–Epstein birthday message recreated in giant 10 ft mockup near US Capitol' from Times of India has only 56 words (Min: 90).
2026-01-19 22:55:04,727 - INFO - [Times of India] Article: https://timesofindia.indiatimes.com/world/us/too-stupid-even-for-him-trumps-niece-reacts-after-us-letter-links-greenland-demand-to-nobel-snub/articleshow/126717864.cms
2026-01-19 22:55:04,727 - INFO - [Times of India] Attempt 1/1: Trying with 'selenium_browser' strategy...
2026-01-19 22:55:15,454 - CRITICAL - --- TIMEOUT: 1 scrape jobs did not complete in 300s. ---
2026-01-19 22:55:15,455 - ERROR - A thread has timed out and will be abandoned.
2026-01-19 22:55:15,455 - INFO - Shutting down thread pool (wait=False)...
2026-01-19 22:55:15,455 - INFO - Scraped: 0 The Guardian, 5 The Hindu, 2 BBC, 1 Timed_Out_Jobs articles. (Total saved: 7)
2026-01-19 22:55:15,455 - INFO - --- Scraping job finished ---
2026-01-19 22:55:15,455 - INFO - --- Scraper service stopped and database connection closed. ---
2026-01-19 22:55:15,455 - INFO - --- Main thread finished. Forcing process exit to kill zombie threads. ---
