2026-01-01 15:46:00,755 - INFO - Loading AI Semantic Model (all-MiniLM-L6-v2)...
2026-01-01 15:46:00,755 - INFO - Use pytorch device_name: cpu
2026-01-01 15:46:00,755 - INFO - Load pretrained SentenceTransformer: all-MiniLM-L6-v2
2026-01-01 15:46:01,590 - INFO - AI Model loaded successfully.
2026-01-01 15:46:01,590 - INFO - --- Scraper service started (CI Mode: Run Once) ---
2026-01-01 15:46:01,590 - INFO - --- Starting new scraping job (Parallel Mode) ---
2026-01-01 15:46:01,590 - INFO - Creating new robust session with 3 retries on 5xx/connection/read errors.
2026-01-01 15:46:01,590 - INFO - Proxy is DISABLED.
2026-01-01 15:46:01,590 - INFO - Starting scrape for BBC RSS feed: http://feeds.bbci.co.uk/news/world/rss.xml
2026-01-01 15:46:01,592 - INFO - [Times of India] (Thread) requires Selenium. Initializing driver...
2026-01-01 15:46:01,592 - INFO - Starting scrape for The Guardian RSS feed: https://www.theguardian.com/world/rss
2026-01-01 15:46:01,593 - INFO - [The Hindu] (Thread) requires Selenium. Initializing driver...
2026-01-01 15:46:01,593 - INFO - Submitted 4 jobs to thread pool. Waiting up to 300s for completion...
2026-01-01 15:46:01,707 - INFO - Found 27 articles in BBC RSS feed. Processing up to 30.
2026-01-01 15:46:01,707 - INFO - [BBC] Early skip: URL https://www.bbc.com/news/articles/cx2pmyyeg78o?at_medium=RSS&at_campaign=rss already exists.
2026-01-01 15:46:01,810 - INFO - [BBC] Article: https://www.bbc.com/news/videos/cq84xxxk840o?at_medium=RSS&at_campaign=rss
2026-01-01 15:46:01,810 - INFO - [BBC] Attempt 1/1: Trying with 'requests_browser' strategy...
2026-01-01 15:46:01,871 - INFO - Found 45 articles in The Guardian RSS feed. Processing up to 30.
2026-01-01 15:46:01,871 - INFO - [The Guardian] Early skip: URL https://www.theguardian.com/global-development/2026/jan/01/us-aid-cuts-conditions-un-humanitarian-pledge-ocha already exists.
2026-01-01 15:46:02,024 - WARNING - [BBC] FAILED with 'requests_browser' (content was too short: 65 words).
2026-01-01 15:46:02,024 - ERROR - [BBC] All scrape strategies failed for https://www.bbc.com/news/videos/cq84xxxk840o?at_medium=RSS&at_campaign=rss. Falling back to RSS description.
2026-01-01 15:46:02,024 - WARNING - SKIPPED (GLOBAL WORD LIMIT): Article 'BBC reports from the scene of Swiss resort bar fire' from BBC has only 18 words (Min: 90).
2026-01-01 15:46:02,146 - INFO - [The Guardian] Early skip: URL https://www.theguardian.com/world/2025/dec/31/guinea-junta-chief-mamady-doumbouya-elected-president-after-opposition-boycott already exists.
2026-01-01 15:46:02,293 - INFO - [The Guardian] Early skip: URL https://www.theguardian.com/world/2025/dec/30/saudi-arabia-uae-tension-future-yemen-boiling-point already exists.
2026-01-01 15:46:02,442 - INFO - [The Guardian] Early skip: URL https://www.theguardian.com/sport/2025/dec/29/anthony-joshua-injured-car-crash-nigeria already exists.
2026-01-01 15:46:02,668 - INFO - [BBC] Early skip: URL https://www.bbc.com/news/articles/c3r1lx75nl8o?at_medium=RSS&at_campaign=rss already exists.
2026-01-01 15:46:02,838 - INFO - [The Guardian] Early skip: URL https://www.theguardian.com/world/2025/dec/29/more-than-3000-migrants-died-spain-figure-down already exists.
2026-01-01 15:46:03,034 - INFO - [BBC] Early skip: URL https://www.bbc.com/news/articles/cddg7100ym2o?at_medium=RSS&at_campaign=rss already exists.
2026-01-01 15:46:03,152 - INFO - [The Guardian] Early skip: URL https://www.theguardian.com/world/2025/dec/30/military-drone-strike-venezuela-trump-maduro already exists.
2026-01-01 15:46:03,315 - INFO - [BBC] Early skip: URL https://www.bbc.com/news/articles/czdq1ple2l4o?at_medium=RSS&at_campaign=rss already exists.
2026-01-01 15:46:03,501 - INFO - [The Guardian] Early skip: URL https://www.theguardian.com/world/2025/dec/29/brazil-ex-president-jair-bolsonaro-hiccups-treatment already exists.
2026-01-01 15:46:03,732 - INFO - [BBC] Early skip: URL https://www.bbc.com/news/articles/ckgl2je05j0o?at_medium=RSS&at_campaign=rss already exists.
2026-01-01 15:46:04,003 - INFO - [The Guardian] Early skip: URL https://www.theguardian.com/world/2025/dec/29/mexico-train-derailment-oaxaca already exists.
2026-01-01 15:46:04,122 - INFO - [BBC] Early skip: URL https://www.bbc.com/sport/football/articles/cqxyrj9dv5go?at_medium=RSS&at_campaign=rss already exists.
2026-01-01 15:46:04,292 - INFO - [The Guardian] Early skip: URL https://www.theguardian.com/us-news/2025/dec/29/trump-venezuela-facility-strike already exists.
2026-01-01 15:46:04,546 - INFO - [BBC] Early skip: URL https://www.bbc.com/news/articles/clyw59v8978o?at_medium=RSS&at_campaign=rss already exists.
2026-01-01 15:46:04,675 - INFO - [The Guardian] Early skip: URL https://www.theguardian.com/world/2025/dec/26/venezuela-political-prisoner-release already exists.
2026-01-01 15:46:04,946 - INFO - [BBC] Early skip: URL https://www.bbc.com/news/articles/czxpk7r8w9yo?at_medium=RSS&at_campaign=rss already exists.
2026-01-01 15:46:05,198 - INFO - [The Guardian] Early skip: URL https://www.theguardian.com/music/2026/jan/01/newjeans-member-danielle-sued-for-millions-after-bitter-feud-with-k-pop-record-label already exists.
2026-01-01 15:46:05,492 - INFO - [BBC] Early skip: URL https://www.bbc.com/news/articles/c2d7g8krj2po?at_medium=RSS&at_campaign=rss already exists.
2026-01-01 15:46:05,714 - INFO - [The Guardian] Early skip: URL https://www.theguardian.com/world/2025/dec/31/xi-jinping-vows-reunification-china-taiwan-new-years-eve-speech already exists.
2026-01-01 15:46:05,927 - INFO - [BBC] Early skip: URL https://www.bbc.com/news/articles/c5yvdw77j04o?at_medium=RSS&at_campaign=rss already exists.
2026-01-01 15:46:06,077 - INFO - [The Guardian] Early skip: URL https://www.theguardian.com/business/2025/dec/31/china-forecast-to-have-sold-one-in-every-10-new-cars-in-uk-in-2025 already exists.
2026-01-01 15:46:06,257 - INFO - [BBC] Early skip: URL https://www.bbc.com/news/articles/crlere3x28lo?at_medium=RSS&at_campaign=rss already exists.
2026-01-01 15:46:06,405 - INFO - [The Guardian] Early skip: URL https://www.theguardian.com/world/2025/dec/31/female-lawmakers-in-japan-lobby-for-more-toilets-in-parliament already exists.
2026-01-01 15:46:06,514 - INFO - [BBC] Early skip: URL https://www.bbc.com/news/articles/cn8jlm07nz4o?at_medium=RSS&at_campaign=rss already exists.
2026-01-01 15:46:06,743 - INFO - [BBC] Early skip: URL https://www.bbc.com/news/articles/clye3xz52e5o?at_medium=RSS&at_campaign=rss already exists.
2026-01-01 15:46:06,995 - INFO - [The Guardian] Early skip: URL https://www.theguardian.com/australia-news/2025/dec/31/australia-says-deeply-concerning-destabilising-chinese-exercises-near-taiwan-risk-inflaming-regional-tension already exists.
2026-01-01 15:46:07,221 - INFO - [BBC] Early skip: URL https://www.bbc.com/news/articles/crrnlw4rxeyo?at_medium=RSS&at_campaign=rss already exists.
2026-01-01 15:46:07,372 - INFO - [The Guardian] Early skip: URL https://www.theguardian.com/australia-news/2026/jan/02/australian-house-prices-expected-to-rise-at-least-5-in-2026-after-jump-last-year already exists.
2026-01-01 15:46:07,516 - INFO - [BBC] Early skip: URL https://www.bbc.com/news/articles/c4gvg46dy7vo?at_medium=RSS&at_campaign=rss already exists.
2026-01-01 15:46:07,691 - INFO - [The Guardian] Early skip: URL https://www.theguardian.com/australia-news/2026/jan/01/woman-dies-after-being-swept-into-ocean-from-sydney-beach-in-early-hours-of-new-years-day already exists.
2026-01-01 15:46:07,949 - INFO - [BBC] Early skip: URL https://www.bbc.com/news/articles/c9dvyyjyj18o?at_medium=RSS&at_campaign=rss already exists.
2026-01-01 15:46:08,194 - INFO - [The Guardian] Early skip: URL https://www.theguardian.com/australia-news/2026/jan/01/perth-teenager-charged-after-allegedly-throwing-firecracker-that-sparked-new-years-eve-bushfire already exists.
2026-01-01 15:46:08,444 - INFO - [BBC] Early skip: URL https://www.bbc.com/news/articles/c4gweww8rjro?at_medium=RSS&at_campaign=rss already exists.
2026-01-01 15:46:08,600 - INFO - [The Guardian] Early skip: URL https://www.theguardian.com/world/2026/jan/01/australian-reportedly-killed-fighting-with-ukrainian-forces-against-russia-ntwnfb already exists.
2026-01-01 15:46:08,706 - INFO - [BBC] Early skip: URL https://www.bbc.com/news/articles/c050j896q2do?at_medium=RSS&at_campaign=rss already exists.
2026-01-01 15:46:09,005 - INFO - [The Guardian] Early skip: URL https://www.theguardian.com/australia-news/2025/dec/31/australian-beef-industry-extremely-disappointed-after-china-hits-imports-with-55-tariff already exists.
2026-01-01 15:46:09,282 - INFO - [BBC] Early skip: URL https://www.bbc.com/news/articles/c78v5dj3x39o?at_medium=RSS&at_campaign=rss already exists.
2026-01-01 15:46:09,547 - INFO - [The Guardian] Early skip: URL https://www.theguardian.com/world/live/2026/jan/01/switzerland-resort-explosion-dead-blast-ski-town-crans-montana-latest-news-live already exists.
2026-01-01 15:46:09,651 - INFO - [BBC] Early skip: URL https://www.bbc.com/news/articles/cwywv4ndwqxo?at_medium=RSS&at_campaign=rss already exists.
2026-01-01 15:46:09,883 - INFO - [The Guardian] Early skip: URL https://www.theguardian.com/world/2026/jan/01/what-we-know-fire-swiss-ski-resort-bar-crans-montana already exists.
2026-01-01 15:46:10,151 - INFO - [BBC] Early skip: URL https://www.bbc.com/news/articles/c2dz5403e29o?at_medium=RSS&at_campaign=rss already exists.
2026-01-01 15:46:10,422 - INFO - [The Guardian] Early skip: URL https://www.theguardian.com/world/2026/jan/01/several-dead-and-injured-in-explosion-swiss-ski-resort-town-crans-montana-police-say already exists.
2026-01-01 15:46:10,654 - INFO - [BBC] Article: https://www.bbc.com/news/videos/czdqp29gz51o?at_medium=RSS&at_campaign=rss
2026-01-01 15:46:10,654 - INFO - [BBC] Attempt 1/1: Trying with 'requests_browser' strategy...
2026-01-01 15:46:10,655 - INFO - [The Guardian] Early skip: URL https://www.theguardian.com/world/2026/jan/01/more-women-reporting-abuse-norway-since-royal-family-member-allegations-trial already exists.
2026-01-01 15:46:10,700 - WARNING - [BBC] FAILED with 'requests_browser' (content was too short: 67 words).
2026-01-01 15:46:10,700 - ERROR - [BBC] All scrape strategies failed for https://www.bbc.com/news/videos/czdqp29gz51o?at_medium=RSS&at_campaign=rss. Falling back to RSS description.
2026-01-01 15:46:10,700 - WARNING - SKIPPED (GLOBAL WORD LIMIT): Article 'What are Russians hoping for in 2026, asks Steve Rosenberg' from BBC has only 19 words (Min: 90).
2026-01-01 15:46:10,817 - INFO - [The Guardian] Early skip: URL https://www.theguardian.com/world/2025/dec/31/finnish-police-seize-vessel-suspected-damaging-underwater-cable already exists.
2026-01-01 15:46:10,938 - INFO - [The Guardian] Early skip: URL https://www.theguardian.com/world/2026/jan/01/executions-saudi-arabia-highest-number-ever-2025 already exists.
2026-01-01 15:46:11,182 - INFO - [The Guardian] Early skip: URL https://www.theguardian.com/world/2026/jan/01/israel-allowing-traders-to-bring-into-gaza-dual-use-items-barred-from-aid-organisations already exists.
2026-01-01 15:46:11,318 - INFO - [BBC] Article: https://www.bbc.com/news/videos/c4glvg5yrlyo?at_medium=RSS&at_campaign=rss
2026-01-01 15:46:11,318 - INFO - [BBC] Attempt 1/1: Trying with 'requests_browser' strategy...
2026-01-01 15:46:11,319 - INFO - [The Guardian] Early skip: URL https://www.theguardian.com/world/2025/dec/31/we-want-the-mullahs-gone-economic-crisis-sparks-biggest-protests-in-iran-since-2022 already exists.
2026-01-01 15:46:11,363 - WARNING - [BBC] FAILED with 'requests_browser' (content was too short: 65 words).
2026-01-01 15:46:11,363 - ERROR - [BBC] All scrape strategies failed for https://www.bbc.com/news/videos/c4glvg5yrlyo?at_medium=RSS&at_campaign=rss. Falling back to RSS description.
2026-01-01 15:46:11,363 - WARNING - SKIPPED (GLOBAL WORD LIMIT): Article 'Zohran Mamdani sworn in as first Muslim New York City Mayor' from BBC has only 17 words (Min: 90).
2026-01-01 15:46:11,525 - INFO - [The Guardian] Early skip: URL https://www.theguardian.com/politics/2025/dec/31/emily-thornberry-government-accused-failures-abd-el-fattah-case already exists.
2026-01-01 15:46:11,762 - INFO - [The Guardian] Early skip: URL https://www.theguardian.com/world/2025/dec/30/iran-protesters-demands-widespread-dissent-currency-living-standards already exists.
2026-01-01 15:46:12,606 - INFO - [BBC] Early skip: URL https://www.bbc.com/news/videos/ckgkn1xexnno?at_medium=RSS&at_campaign=rss already exists.
2026-01-01 15:46:12,724 - INFO - [BBC] Article: https://www.bbc.com/news/videos/cd6wyll5338o?at_medium=RSS&at_campaign=rss
2026-01-01 15:46:12,724 - INFO - [BBC] Attempt 1/1: Trying with 'requests_browser' strategy...
2026-01-01 15:46:12,768 - WARNING - [BBC] FAILED with 'requests_browser' (content was too short: 65 words).
2026-01-01 15:46:12,768 - ERROR - [BBC] All scrape strategies failed for https://www.bbc.com/news/videos/cd6wyll5338o?at_medium=RSS&at_campaign=rss. Falling back to RSS description.
2026-01-01 15:46:12,768 - WARNING - SKIPPED (GLOBAL WORD LIMIT): Article 'Fireworks, drums and light shows: How the world is welcoming 2026' from BBC has only 14 words (Min: 90).
2026-01-01 15:46:13,747 - INFO - [BBC] Article: https://www.bbc.com/news/videos/c8xdw7j2v2go?at_medium=RSS&at_campaign=rss
2026-01-01 15:46:13,747 - INFO - [BBC] Attempt 1/1: Trying with 'requests_browser' strategy...
2026-01-01 15:46:13,793 - WARNING - [BBC] FAILED with 'requests_browser' (content was too short: 55 words).
2026-01-01 15:46:13,794 - ERROR - [BBC] All scrape strategies failed for https://www.bbc.com/news/videos/c8xdw7j2v2go?at_medium=RSS&at_campaign=rss. Falling back to RSS description.
2026-01-01 15:46:13,794 - WARNING - SKIPPED (GLOBAL WORD LIMIT): Article 'Watch: Stunning celestial events that lit up the skies in 2025' from BBC has only 16 words (Min: 90).
2026-01-01 15:46:14,891 - INFO - Selenium driver initialized successfully.
2026-01-01 15:46:14,891 - INFO - Selenium driver initialized successfully.
2026-01-01 15:46:14,891 - INFO - Starting scrape for The Hindu RSS feed: https://www.thehindu.com/news/national/feeder/default.rss
2026-01-01 15:46:14,892 - INFO - Starting scrape for Times of India RSS feed: https://timesofindia.indiatimes.com/rssfeeds/296589292.cms
2026-01-01 15:46:15,097 - INFO - Found 20 articles in Times of India RSS feed. Processing up to 30.
2026-01-01 15:46:15,098 - INFO - [Times of India] Article: https://timesofindia.indiatimes.com/world/middle-east/iran-executed-at-least-1500-people-in-2025-a-35-year-record-rights-group/articleshow/126289957.cms
2026-01-01 15:46:15,098 - INFO - [Times of India] Attempt 1/1: Trying with 'selenium_browser' strategy...
2026-01-01 15:46:15,110 - INFO - Found 100 articles in The Hindu RSS feed. Processing up to 30.
2026-01-01 15:46:15,110 - INFO - [The Hindu] Article: https://www.thehindu.com/news/national/andhra-pradesh/two-new-districts-polavaram-and-markapuram-come-into-force/article70461053.ece
2026-01-01 15:46:15,110 - INFO - [The Hindu] Attempt 1/1: Trying with 'selenium_browser' strategy...
2026-01-01 15:46:18,911 - INFO - [The Hindu] Page content loaded.
2026-01-01 15:46:19,021 - INFO - [The Hindu] Success with 'selenium_browser'. Found content (322 words).
2026-01-01 15:47:08,765 - INFO - DEDUPLICATION: Found match (Score: 0.70). Linking to Cluster ID: ea79b28a-24eb-4f7f-a497-a60f9f2677f0
2026-01-01 15:47:08,767 - INFO - Saved article: Two new districts, Polavaram and Markapuram, come into force - The Hindu from The Hindu (322 words)
2026-01-01 15:47:09,784 - INFO - [The Hindu] Article: https://www.thehindu.com/news/national/telangana/adequate-urea-available-says-agriculture-secretary/article70461089.ece
2026-01-01 15:47:09,784 - INFO - [The Hindu] Attempt 1/1: Trying with 'selenium_browser' strategy...
2026-01-01 15:47:11,038 - INFO - [The Hindu] Page content loaded.
2026-01-01 15:47:11,090 - INFO - [The Hindu] Success with 'selenium_browser'. Found content (205 words).
2026-01-01 15:47:46,988 - INFO - Saved article: Adequate urea available, says Agriculture Secretary - The Hindu from The Hindu (205 words)
2026-01-01 15:47:48,402 - INFO - [The Hindu] Article: https://www.thehindu.com/news/national/telangana/electrician-killed-in-car-crash-on-orr-near-taramatipet/article70460990.ece
2026-01-01 15:47:48,403 - INFO - [The Hindu] Attempt 1/1: Trying with 'selenium_browser' strategy...
2026-01-01 15:47:49,602 - INFO - [The Hindu] Page content loaded.
2026-01-01 15:47:49,644 - INFO - [The Hindu] Success with 'selenium_browser'. Found content (216 words).
2026-01-01 15:48:15,198 - ERROR - [Times of India] Request failed for strategy 'selenium_browser' on URL https://timesofindia.indiatimes.com/world/middle-east/iran-executed-at-least-1500-people-in-2025-a-35-year-record-rights-group/articleshow/126289957.cms: HTTPConnectionPool(host='localhost', port=50245): Read timed out. (read timeout=120)
2026-01-01 15:48:15,198 - ERROR - [Times of India] All scrape strategies failed for https://timesofindia.indiatimes.com/world/middle-east/iran-executed-at-least-1500-people-in-2025-a-35-year-record-rights-group/articleshow/126289957.cms. Falling back to RSS description.
2026-01-01 15:48:15,198 - WARNING - SKIPPED (GLOBAL WORD LIMIT): Article 'Iran executed at least 1,500 people in 2025, a 35-year record: Rights group' from Times of India has only 44 words (Min: 90).
2026-01-01 15:48:24,607 - INFO - DEDUPLICATION: Found match (Score: 0.72). Linking to Cluster ID: 7271a1e1-3326-4055-bd9f-2a26533dd16f
2026-01-01 15:48:24,609 - INFO - Saved article: Electrician killed in car crash on ORR near Taramatipet - The Hindu from The Hindu (216 words)
2026-01-01 15:48:24,609 - INFO - [Times of India] Article: https://timesofindia.indiatimes.com/world/us-streamers/here-it-comes-post-malones-risky-twitch-stunt-goes-terribly-wrong-during-marathon-livestream-with-xqc/articleshow/126289792.cms
2026-01-01 15:48:24,609 - INFO - [Times of India] Attempt 1/1: Trying with 'selenium_browser' strategy...
2026-01-01 15:48:25,223 - INFO - [The Hindu] Article: https://www.thehindu.com/news/national/financial-dominance-over-wife-cannot-qualify-as-cruelty-supreme-court-judgment/article70460920.ece
2026-01-01 15:48:25,223 - INFO - [The Hindu] Attempt 1/1: Trying with 'selenium_browser' strategy...
2026-01-01 15:48:26,006 - INFO - [The Hindu] Page content loaded.
2026-01-01 15:48:26,084 - INFO - [The Hindu] Success with 'selenium_browser'. Found content (423 words).
2026-01-01 15:48:59,410 - INFO - Saved article: Financial dominance over wife cannot qualify as ‘cruelty’, Supreme Court judgment - The Hindu from The Hindu (423 words)
2026-01-01 15:49:00,087 - INFO - [The Hindu] Article: https://www.thehindu.com/news/national/kerala/cm-inaugurates-campaign-on-wellness-health-care/article70461158.ece
2026-01-01 15:49:00,087 - INFO - [The Hindu] Attempt 1/1: Trying with 'selenium_browser' strategy...
2026-01-01 15:49:00,864 - INFO - [The Hindu] Page content loaded.
2026-01-01 15:49:00,985 - INFO - [The Hindu] Success with 'selenium_browser'. Found content (304 words).
2026-01-01 15:49:35,859 - INFO - DEDUPLICATION: Found match (Score: 0.84). Linking to Cluster ID: 8145c6c0-bd18-4ca5-a3f5-ebfae670f747
2026-01-01 15:49:35,862 - INFO - Saved article: CM inaugurates campaign on wellness health care - The Hindu from The Hindu (304 words)
2026-01-01 15:49:37,258 - INFO - [The Hindu] Article: https://www.thehindu.com/news/national/telangana/man-loses-72-lakh-in-fake-stock-trading-and-ipo-scam/article70460420.ece
2026-01-01 15:49:37,258 - INFO - [The Hindu] Attempt 1/1: Trying with 'selenium_browser' strategy...
2026-01-01 15:49:38,051 - INFO - [The Hindu] Page content loaded.
2026-01-01 15:49:38,139 - INFO - [The Hindu] Success with 'selenium_browser'. Found content (236 words).
2026-01-01 15:50:12,541 - INFO - Saved article: Man loses ₹72 lakh in fake stock trading and IPO scam - The Hindu from The Hindu (236 words)
2026-01-01 15:50:13,691 - INFO - [The Hindu] Article: https://www.thehindu.com/news/national/kerala/kwml-readying-plans-to-extend-water-metro-service-to-thopumpady-edakochi/article70423438.ece
2026-01-01 15:50:13,692 - INFO - [The Hindu] Attempt 1/1: Trying with 'selenium_browser' strategy...
2026-01-01 15:50:14,452 - INFO - [The Hindu] Page content loaded.
2026-01-01 15:50:14,494 - INFO - [The Hindu] Success with 'selenium_browser'. Found content (239 words).
2026-01-01 15:50:24,710 - ERROR - [Times of India] Request failed for strategy 'selenium_browser' on URL https://timesofindia.indiatimes.com/world/us-streamers/here-it-comes-post-malones-risky-twitch-stunt-goes-terribly-wrong-during-marathon-livestream-with-xqc/articleshow/126289792.cms: HTTPConnectionPool(host='localhost', port=50245): Read timed out. (read timeout=120)
2026-01-01 15:50:24,710 - ERROR - [Times of India] All scrape strategies failed for https://timesofindia.indiatimes.com/world/us-streamers/here-it-comes-post-malones-risky-twitch-stunt-goes-terribly-wrong-during-marathon-livestream-with-xqc/articleshow/126289792.cms. Falling back to RSS description.
2026-01-01 15:50:24,710 - WARNING - SKIPPED (GLOBAL WORD LIMIT): Article '“Here it comes”: Post Malone’s risky Twitch stunt goes terribly wrong during marathon livestream with xQc' from Times of India has only 53 words (Min: 90).
2026-01-01 15:50:49,736 - INFO - Saved article: KWML readying plans to extend Water Metro service to Thoppumpady, Edakochi - The Hindu from The Hindu (239 words)
2026-01-01 15:50:49,737 - INFO - [Times of India] Article: https://timesofindia.indiatimes.com/world/us-streamers/pokimane-offends-new-yorks-straight-men-after-her-comments-about-good-looking-gay-men-go-viral/articleshow/126288224.cms
2026-01-01 15:50:49,737 - INFO - [Times of India] Attempt 1/1: Trying with 'selenium_browser' strategy...
2026-01-01 15:50:50,619 - INFO - [The Hindu] Article: https://www.thehindu.com/news/cities/Hyderabad/pedestrian-killed-in-hit-and-run-accident-on-nh-44-near-medchal-checkpost/article70460468.ece
2026-01-01 15:50:50,619 - INFO - [The Hindu] Attempt 1/1: Trying with 'selenium_browser' strategy...
2026-01-01 15:50:51,418 - INFO - [The Hindu] Page content loaded.
2026-01-01 15:50:51,485 - INFO - [The Hindu] Success with 'selenium_browser'. Found content (121 words).
2026-01-01 15:51:01,594 - CRITICAL - --- TIMEOUT: 2 scrape jobs did not complete in 300s. ---
2026-01-01 15:51:01,594 - ERROR - A thread has timed out and will be abandoned.
2026-01-01 15:51:01,594 - ERROR - A thread has timed out and will be abandoned.
2026-01-01 15:51:01,594 - INFO - Shutting down thread pool (wait=False)...
2026-01-01 15:51:01,594 - INFO - Scraped: 0 The Guardian, 0 BBC, 2 Timed_Out_Jobs articles. (Total saved: 0)
2026-01-01 15:51:01,594 - INFO - --- Scraping job finished ---
2026-01-01 15:51:01,595 - INFO - --- Scraper service stopped and database connection closed. ---
2026-01-01 15:51:01,595 - INFO - --- Main thread finished. Forcing process exit to kill zombie threads. ---
