2025-12-23 14:49:43,613 - INFO - Loading AI Semantic Model (all-MiniLM-L6-v2)...
2025-12-23 14:49:43,613 - INFO - Use pytorch device_name: cpu
2025-12-23 14:49:43,613 - INFO - Load pretrained SentenceTransformer: all-MiniLM-L6-v2
2025-12-23 14:49:44,584 - INFO - AI Model loaded successfully.
2025-12-23 14:49:44,584 - INFO - --- Scraper service started (CI Mode: Run Once) ---
2025-12-23 14:49:44,584 - INFO - --- Starting new scraping job (Parallel Mode) ---
2025-12-23 14:49:44,584 - INFO - Creating new robust session with 3 retries on 5xx/connection/read errors.
2025-12-23 14:49:44,584 - INFO - Proxy is DISABLED.
2025-12-23 14:49:44,585 - INFO - Starting scrape for BBC RSS feed: http://feeds.bbci.co.uk/news/world/rss.xml
2025-12-23 14:49:44,586 - INFO - [Times of India] (Thread) requires Selenium. Initializing driver...
2025-12-23 14:49:44,586 - INFO - Starting scrape for The Guardian RSS feed: https://www.theguardian.com/world/rss
2025-12-23 14:49:44,587 - INFO - [The Hindu] (Thread) requires Selenium. Initializing driver...
2025-12-23 14:49:44,587 - INFO - Submitted 4 jobs to thread pool. Waiting up to 300s for completion...
2025-12-23 14:49:44,962 - INFO - Found 28 articles in BBC RSS feed. Processing up to 30.
2025-12-23 14:49:44,962 - INFO - [BBC] Early skip: URL https://www.bbc.com/news/articles/cr4d99p63y4o?at_medium=RSS&at_campaign=rss already exists.
2025-12-23 14:49:45,052 - INFO - Found 45 articles in The Guardian RSS feed. Processing up to 30.
2025-12-23 14:49:45,069 - INFO - [The Guardian] Early skip: URL https://www.theguardian.com/world/2025/dec/22/freed-nigerian-schoolchildren-set-to-be-reunited-with-families already exists.
2025-12-23 14:49:45,224 - INFO - [BBC] Early skip: URL https://www.bbc.com/news/articles/cd0kxrr2jyko?at_medium=RSS&at_campaign=rss already exists.
2025-12-23 14:49:45,404 - INFO - [The Guardian] Early skip: URL https://www.theguardian.com/world/2025/dec/21/more-kidnapped-schoolchildren-freed-in-nigeria already exists.
2025-12-23 14:49:45,609 - INFO - [BBC] Early skip: URL https://www.bbc.com/news/articles/c87lnn09yj8o?at_medium=RSS&at_campaign=rss already exists.
2025-12-23 14:49:45,795 - INFO - [The Guardian] Early skip: URL https://www.theguardian.com/uk-news/2025/dec/21/manchester-museum-uncover-hidden-histories-africa-hub already exists.
2025-12-23 14:49:46,046 - INFO - [BBC] Early skip: URL https://www.bbc.com/news/articles/c2k47wg2j90o?at_medium=RSS&at_campaign=rss already exists.
2025-12-23 14:49:46,200 - INFO - [The Guardian] Early skip: URL https://www.theguardian.com/global-development/2025/dec/21/sweden-and-germany-slash-aid-budgets-to-focus-on-ukraine-and-defence-spending already exists.
2025-12-23 14:49:46,354 - INFO - [BBC] Early skip: URL https://www.bbc.com/news/articles/ce86le5dyxyo?at_medium=RSS&at_campaign=rss already exists.
2025-12-23 14:49:46,524 - INFO - [The Guardian] Early skip: URL https://www.theguardian.com/world/2025/dec/21/gunmen-johannesburg-township-in-south-africas-second-mass-shooting-within-weeks already exists.
2025-12-23 14:49:46,661 - INFO - [BBC] Early skip: URL https://www.bbc.com/news/articles/c1lr1yvqge5o?at_medium=RSS&at_campaign=rss already exists.
2025-12-23 14:49:46,924 - INFO - [The Guardian] Early skip: URL https://www.theguardian.com/world/2025/dec/23/brazil-jair-bolsonaro-eduardo-havaianas-television-ad-fernanda-torres already exists.
2025-12-23 14:49:47,224 - INFO - [BBC] Early skip: URL https://www.bbc.com/news/articles/cx2gk56pd5eo?at_medium=RSS&at_campaign=rss already exists.
2025-12-23 14:49:47,474 - INFO - [The Guardian] Early skip: URL https://www.theguardian.com/world/2025/dec/23/canada-bill-refugees already exists.
2025-12-23 14:49:47,752 - INFO - [BBC] Early skip: URL https://www.bbc.com/news/articles/c2084nq2npjo?at_medium=RSS&at_campaign=rss already exists.
2025-12-23 14:49:48,045 - INFO - [The Guardian] Early skip: URL https://www.theguardian.com/us-news/2025/dec/23/us-trump-administration-signs-security-deals-across-latin-america already exists.
2025-12-23 14:49:48,243 - INFO - [BBC] Early skip: URL https://www.bbc.com/news/articles/cx25rled0ylo?at_medium=RSS&at_campaign=rss already exists.
2025-12-23 14:49:48,423 - INFO - [The Guardian] Early skip: URL https://www.theguardian.com/media/2025/dec/23/60-minutes-cecot-appears-online already exists.
2025-12-23 14:49:48,684 - INFO - [BBC] Early skip: URL https://www.bbc.com/news/articles/c3e0kw80wwzo?at_medium=RSS&at_campaign=rss already exists.
2025-12-23 14:49:48,802 - INFO - [The Guardian] Early skip: URL https://www.theguardian.com/world/2025/dec/23/russia-china-support-venezuela-trump-pressure-maduro already exists.
2025-12-23 14:49:48,946 - INFO - [BBC] Early skip: URL https://www.bbc.com/news/articles/cz7ndpq42y0o?at_medium=RSS&at_campaign=rss already exists.
2025-12-23 14:49:49,102 - INFO - [The Guardian] Early skip: URL https://www.theguardian.com/world/2025/dec/23/christians-pastors-arrested-detained-china-crackdown-house-churches already exists.
2025-12-23 14:49:49,359 - INFO - [BBC] Early skip: URL https://www.bbc.com/news/articles/ckgmd132ge4o?at_medium=RSS&at_campaign=rss already exists.
2025-12-23 14:49:49,572 - INFO - [The Guardian] Early skip: URL https://www.theguardian.com/business/2025/dec/22/china-hits-eu-dairy-industry-with-tariffs already exists.
2025-12-23 14:49:49,704 - INFO - [BBC] Early skip: URL https://www.bbc.com/news/articles/cx2dmj7p8y2o?at_medium=RSS&at_campaign=rss already exists.
2025-12-23 14:49:49,845 - INFO - [The Guardian] Early skip: URL https://www.theguardian.com/world/2025/dec/22/jeju-air-crash-independent-inquiry-south-korea already exists.
2025-12-23 14:49:49,946 - INFO - [BBC] Early skip: URL https://www.bbc.com/news/articles/c8jwn9wznx1o?at_medium=RSS&at_campaign=rss already exists.
2025-12-23 14:49:50,118 - INFO - [The Guardian] Early skip: URL https://www.theguardian.com/world/2025/dec/22/new-zealand-christchurch-spoof-absurdist-road-signs already exists.
2025-12-23 14:49:50,150 - INFO - Selenium driver initialized successfully.
2025-12-23 14:49:50,150 - INFO - Starting scrape for Times of India RSS feed: https://timesofindia.indiatimes.com/rssfeeds/296589292.cms
2025-12-23 14:49:50,151 - INFO - Selenium driver initialized successfully.
2025-12-23 14:49:50,151 - INFO - Starting scrape for The Hindu RSS feed: https://www.thehindu.com/news/national/feeder/default.rss
2025-12-23 14:49:50,316 - INFO - [BBC] Early skip: URL https://www.bbc.com/news/articles/cx237k4rr04o?at_medium=RSS&at_campaign=rss already exists.
2025-12-23 14:49:50,384 - INFO - Found 100 articles in The Hindu RSS feed. Processing up to 30.
2025-12-23 14:49:50,490 - INFO - Found 20 articles in Times of India RSS feed. Processing up to 30.
2025-12-23 14:49:50,549 - INFO - [The Guardian] Early skip: URL https://www.theguardian.com/environment/2025/dec/21/takahe-chick-rare-born-new-zealand already exists.
2025-12-23 14:49:50,826 - INFO - [The Hindu] Article: https://www.thehindu.com/news/national/andhra-pradesh/three-killed-in-road-mishap-in-west-godavari-district/article70430489.ece
2025-12-23 14:49:50,826 - INFO - [The Hindu] Attempt 1/1: Trying with 'selenium_browser' strategy...
2025-12-23 14:49:50,827 - INFO - [Times of India] Article: https://timesofindia.indiatimes.com/world/us/from-great-friend-modi-to-50-tariffs-decoding-indiaus-ties-in-the-trump-era/articleshow/126139385.cms
2025-12-23 14:49:50,827 - INFO - [Times of India] Attempt 1/1: Trying with 'selenium_browser' strategy...
2025-12-23 14:49:50,828 - INFO - [BBC] Early skip: URL https://www.bbc.com/news/articles/cz0n51p00jmo?at_medium=RSS&at_campaign=rss already exists.
2025-12-23 14:49:51,063 - INFO - [The Guardian] Early skip: URL https://www.theguardian.com/australia-news/2025/dec/23/labors-changes-to-listing-hate-groups-will-target-islamist-and-far-right-extremists-operating-just-inside-the-limits-of-law-ntwnfb already exists.
2025-12-23 14:49:51,167 - INFO - [BBC] Early skip: URL https://www.bbc.com/news/articles/c5ydej888n9o?at_medium=RSS&at_campaign=rss already exists.
2025-12-23 14:49:51,429 - INFO - [The Guardian] Early skip: URL https://www.theguardian.com/australia-news/live/2025/dec/23/bondi-terror-attacks-response-nsw-law-changes-gun-law-reform-protest-restrictions-chris-minns-anthony-albanese-labr-sussan-ley-coalition-ntwnfb already exists.
2025-12-23 14:49:51,649 - INFO - [The Guardian] Early skip: URL https://www.theguardian.com/australia-news/2025/dec/23/arsonist-jailed-for-killing-of-young-sydney-teen-during-his-first-sleepover-in-1998-ntwnfb already exists.
2025-12-23 14:49:51,792 - INFO - [BBC] Early skip: URL https://www.bbc.com/news/articles/cy95w0x9889o?at_medium=RSS&at_campaign=rss already exists.
2025-12-23 14:49:52,073 - INFO - [BBC] Early skip: URL https://www.bbc.com/news/articles/c2084n1pyvdo?at_medium=RSS&at_campaign=rss already exists.
2025-12-23 14:49:52,305 - INFO - [The Guardian] Early skip: URL https://www.theguardian.com/australia-news/2025/dec/23/activist-groups-to-challenge-nsw-protest-laws-on-right-to-free-speech-grounds-ntwnfb already exists.
2025-12-23 14:49:52,460 - INFO - [The Guardian] Early skip: URL https://www.theguardian.com/australia-news/2025/dec/23/sydney-council-seeks-to-shut-down-islamic-centre-linked-to-controversial-preacher-wisam-haddad-ntwnfb already exists.
2025-12-23 14:49:52,668 - INFO - [The Guardian] Early skip: URL https://www.theguardian.com/world/2025/dec/23/ukrainian-cities-lose-power-in-winter-weather-after-russian-attacks already exists.
2025-12-23 14:49:52,945 - INFO - [The Guardian] Early skip: URL https://www.theguardian.com/business/2025/dec/23/ryanair-fined-limit-online-travel-agencies-ticket-sales-ota already exists.
2025-12-23 14:49:53,143 - INFO - [The Guardian] Early skip: URL https://www.theguardian.com/world/2025/dec/23/biography-russian-telegram-founder-pavel-durov already exists.
2025-12-23 14:49:53,427 - INFO - [The Guardian] Early skip: URL https://www.theguardian.com/politics/2025/dec/22/keir-starmer-told-closer-eu-trade-ties-strategic-necessity-for-uk-firms already exists.
2025-12-23 14:49:53,669 - INFO - [The Guardian] Early skip: URL https://www.theguardian.com/world/2025/dec/22/russian-general-fanil-sarvarov-killed-car-bomb-moscow-investigators-say already exists.
2025-12-23 14:49:53,895 - INFO - [The Guardian] Early skip: URL https://www.theguardian.com/uk-news/2025/dec/22/families-of-palestine-action-hunger-strikers-seek-urgent-meeting-with-lammy already exists.
2025-12-23 14:49:54,156 - INFO - [BBC] Early skip: URL https://www.bbc.com/news/articles/c1lr980vvjpo?at_medium=RSS&at_campaign=rss already exists.
2025-12-23 14:49:54,334 - INFO - [BBC] Early skip: URL https://www.bbc.com/news/articles/cp8zd176516o?at_medium=RSS&at_campaign=rss already exists.
2025-12-23 14:49:54,580 - INFO - [BBC] Early skip: URL https://www.bbc.com/news/articles/cjrjpdz33vxo?at_medium=RSS&at_campaign=rss already exists.
2025-12-23 14:49:54,824 - INFO - [BBC] Early skip: URL https://www.bbc.com/news/articles/c93nwrzgypqo?at_medium=RSS&at_campaign=rss already exists.
2025-12-23 14:49:54,947 - INFO - [BBC] Early skip: URL https://www.bbc.com/news/videos/ce3w4x2v0xko?at_medium=RSS&at_campaign=rss already exists.
2025-12-23 14:49:55,154 - INFO - [The Guardian] Early skip: URL https://www.theguardian.com/world/2025/dec/21/israel-approves-new-jewish-settlements-occupied-west-bank already exists.
2025-12-23 14:49:55,285 - INFO - [The Guardian] Early skip: URL https://www.theguardian.com/world/2025/dec/20/israeli-troops-kill-palestinians-sheltering-in-gaza-school-hospital-chiefs already exists.
2025-12-23 14:49:55,450 - INFO - [The Guardian] Early skip: URL https://www.theguardian.com/world/2025/dec/19/gaza-famine-hunger-food-shortages-winter-flooding-un already exists.
2025-12-23 14:49:55,647 - INFO - [BBC] Early skip: URL https://www.bbc.com/news/videos/cwywe5zw384o?at_medium=RSS&at_campaign=rss already exists.
2025-12-23 14:49:55,798 - INFO - [BBC] Early skip: URL https://www.bbc.com/news/videos/cn7kpnjnmklo?at_medium=RSS&at_campaign=rss already exists.
2025-12-23 14:49:55,930 - INFO - [The Guardian] Early skip: URL https://www.theguardian.com/global-development/2025/dec/19/gaza-phd-student-manar-al-houbi-granted-access-to-uk-but-others-remain-stranded already exists.
2025-12-23 14:49:56,145 - INFO - [BBC] Article: https://www.bbc.com/news/videos/cj01pdve7rpo?at_medium=RSS&at_campaign=rss
2025-12-23 14:49:56,145 - INFO - [BBC] Attempt 1/1: Trying with 'requests_browser' strategy...
2025-12-23 14:49:56,568 - WARNING - [BBC] FAILED with 'requests_browser' (content was too short: 80 words).
2025-12-23 14:49:56,568 - ERROR - [BBC] All scrape strategies failed for https://www.bbc.com/news/videos/cj01pdve7rpo?at_medium=RSS&at_campaign=rss. Falling back to RSS description.
2025-12-23 14:49:56,568 - WARNING - SKIPPED (GLOBAL WORD LIMIT): Article 'Putin tells BBC Western leaders deceived Russia' from BBC has only 21 words (Min: 90).
2025-12-23 14:49:57,655 - INFO - [BBC] Article: https://www.bbc.com/news/videos/c5yje8pvg8jo?at_medium=RSS&at_campaign=rss
2025-12-23 14:49:57,655 - INFO - [BBC] Attempt 1/1: Trying with 'requests_browser' strategy...
2025-12-23 14:49:57,843 - WARNING - [BBC] FAILED with 'requests_browser' (content was too short: 74 words).
2025-12-23 14:49:57,843 - ERROR - [BBC] All scrape strategies failed for https://www.bbc.com/news/videos/c5yje8pvg8jo?at_medium=RSS&at_campaign=rss. Falling back to RSS description.
2025-12-23 14:49:57,843 - WARNING - SKIPPED (GLOBAL WORD LIMIT): Article 'What does TikTok's deal mean for America's users?' from BBC has only 21 words (Min: 90).
2025-12-23 14:49:58,305 - INFO - [The Hindu] Page content loaded.
2025-12-23 14:49:58,492 - WARNING - [The Hindu] FAILED with 'selenium_browser' (content was too short: 84 words).
2025-12-23 14:49:58,492 - ERROR - [The Hindu] All scrape strategies failed for https://www.thehindu.com/news/national/andhra-pradesh/three-killed-in-road-mishap-in-west-godavari-district/article70430489.ece. Falling back to RSS description.
2025-12-23 14:49:58,492 - WARNING - SKIPPED (GLOBAL WORD LIMIT): Article 'Three killed in road mishap in West Godavari district' from The Hindu has only 3 words (Min: 90).
2025-12-23 14:49:59,579 - INFO - [The Hindu] Article: https://www.thehindu.com/news/national/telangana/need-for-more-subsidies-for-fruits-and-vegetables-cultivation-chinnareddy/article70430448.ece
2025-12-23 14:49:59,580 - INFO - [The Hindu] Attempt 1/1: Trying with 'selenium_browser' strategy...
2025-12-23 14:50:02,037 - INFO - [The Hindu] Page content loaded.
2025-12-23 14:50:02,254 - INFO - [The Hindu] Success with 'selenium_browser'. Found content (214 words).
2025-12-23 14:51:03,477 - INFO - Saved article: Need for more subsidies for fruits and vegetables’ cultivation: Chinnareddy - The Hindu from The Hindu (214 words)
2025-12-23 14:51:04,417 - INFO - [The Hindu] Article: https://www.thehindu.com/news/national/andhra-pradesh/bharatiya-vigyan-sammelan-in-tirupati-from-december-26/article70430335.ece
2025-12-23 14:51:04,417 - INFO - [The Hindu] Attempt 1/1: Trying with 'selenium_browser' strategy...
2025-12-23 14:51:07,217 - INFO - [The Hindu] Page content loaded.
2025-12-23 14:51:07,297 - INFO - [The Hindu] Success with 'selenium_browser'. Found content (290 words).
2025-12-23 14:51:50,922 - ERROR - [Times of India] Request failed for strategy 'selenium_browser' on URL https://timesofindia.indiatimes.com/world/us/from-great-friend-modi-to-50-tariffs-decoding-indiaus-ties-in-the-trump-era/articleshow/126139385.cms: HTTPConnectionPool(host='localhost', port=40161): Read timed out. (read timeout=120)
2025-12-23 14:51:50,922 - ERROR - [Times of India] All scrape strategies failed for https://timesofindia.indiatimes.com/world/us/from-great-friend-modi-to-50-tariffs-decoding-indiaus-ties-in-the-trump-era/articleshow/126139385.cms. Falling back to RSS description.
2025-12-23 14:51:50,922 - WARNING - SKIPPED (GLOBAL WORD LIMIT): Article 'From ‘great friend Modi’ to 50% tariffs: Decoding India–US ties in the Trump era' from Times of India has only 44 words (Min: 90).
2025-12-23 14:51:57,338 - INFO - Saved article: Bharatiya Vigyan Sammelan in Tirupati from December 26 - The Hindu from The Hindu (290 words)
2025-12-23 14:51:57,338 - INFO - [Times of India] Article: https://timesofindia.indiatimes.com/etimes/trending/this-is-what-the-most-attractive-woman-alive-looks-like-according-to-science/articleshow/126136691.cms
2025-12-23 14:51:57,339 - INFO - [Times of India] Attempt 1/1: Trying with 'selenium_browser' strategy...
2025-12-23 14:51:58,319 - INFO - [The Hindu] Article: https://www.thehindu.com/news/national/andhra-pradesh/four-new-waste-to-energy-plants-to-come-up-in-andhra-pradesh-taking-total-to-six/article70430405.ece
2025-12-23 14:51:58,319 - INFO - [The Hindu] Attempt 1/1: Trying with 'selenium_browser' strategy...
2025-12-23 14:51:59,334 - INFO - [The Hindu] Page content loaded.
2025-12-23 14:51:59,417 - INFO - [The Hindu] Success with 'selenium_browser'. Found content (286 words).
2025-12-23 14:52:51,771 - INFO - Saved article: Four new waste-to-energy plants to come up in Andhra Pradesh, taking total to six - The Hindu from The Hindu (286 words)
2025-12-23 14:52:52,727 - INFO - [The Hindu] Article: https://www.thehindu.com/news/national/kerala/karunakaran-led-kerala-with-vision-and-political-will-therambil/article70430368.ece
2025-12-23 14:52:52,727 - INFO - [The Hindu] Attempt 1/1: Trying with 'selenium_browser' strategy...
2025-12-23 14:52:53,885 - INFO - [The Hindu] Page content loaded.
2025-12-23 14:52:53,973 - INFO - [The Hindu] Success with 'selenium_browser'. Found content (192 words).
2025-12-23 14:53:46,119 - INFO - Saved article: Karunakaran led Kerala with vision and political will: Therambil - The Hindu from The Hindu (192 words)
2025-12-23 14:53:47,380 - INFO - [The Hindu] Article: https://www.thehindu.com/news/national/karnataka/hal-is-a-pan-india-organisation-contributing-towards-indias-self-reliance-yaduveer/article70429351.ece
2025-12-23 14:53:47,380 - INFO - [The Hindu] Attempt 1/1: Trying with 'selenium_browser' strategy...
2025-12-23 14:53:48,659 - INFO - [The Hindu] Page content loaded.
2025-12-23 14:53:48,902 - INFO - [The Hindu] Success with 'selenium_browser'. Found content (348 words).
2025-12-23 14:53:57,439 - ERROR - [Times of India] Request failed for strategy 'selenium_browser' on URL https://timesofindia.indiatimes.com/etimes/trending/this-is-what-the-most-attractive-woman-alive-looks-like-according-to-science/articleshow/126136691.cms: HTTPConnectionPool(host='localhost', port=40161): Read timed out. (read timeout=120)
2025-12-23 14:53:57,440 - ERROR - [Times of India] All scrape strategies failed for https://timesofindia.indiatimes.com/etimes/trending/this-is-what-the-most-attractive-woman-alive-looks-like-according-to-science/articleshow/126136691.cms. Falling back to RSS description.
2025-12-23 14:53:57,440 - WARNING - SKIPPED (GLOBAL WORD LIMIT): Article 'This is what the ‘most attractive woman alive’ looks like, according to science' from Times of India has only 60 words (Min: 90).
2025-12-23 14:54:39,688 - INFO - Saved article: HAL is a pan India organisation contributing towards India’s self-reliance: Yaduveer - The Hindu from The Hindu (348 words)
2025-12-23 14:54:39,689 - INFO - [Times of India] Article: https://timesofindia.indiatimes.com/world/us/vivek-ramaswamy-is-nigerian-prince-of-the-gop-maga-youtuber-says-indian-origin-leader-resents-america-as-he-was-an-unpopular-kid-in-school/articleshow/126142995.cms
2025-12-23 14:54:39,689 - INFO - [Times of India] Attempt 1/1: Trying with 'selenium_browser' strategy...
2025-12-23 14:54:40,221 - INFO - [The Hindu] Article: https://www.thehindu.com/news/national/karnataka/rajanna-blames-dcm-for-congress-losing-ls-seats-to-vote-theft-in-karnataka/article70429723.ece
2025-12-23 14:54:40,221 - INFO - [The Hindu] Attempt 1/1: Trying with 'selenium_browser' strategy...
2025-12-23 14:54:41,533 - INFO - [The Hindu] Page content loaded.
2025-12-23 14:54:41,697 - INFO - [The Hindu] Success with 'selenium_browser'. Found content (376 words).
2025-12-23 14:54:44,588 - CRITICAL - --- TIMEOUT: 2 scrape jobs did not complete in 300s. ---
2025-12-23 14:54:44,588 - ERROR - A thread has timed out and will be abandoned.
2025-12-23 14:54:44,588 - ERROR - A thread has timed out and will be abandoned.
2025-12-23 14:54:44,588 - INFO - Shutting down thread pool (wait=False)...
2025-12-23 14:54:44,588 - INFO - Scraped: 0 BBC, 0 The Guardian, 2 Timed_Out_Jobs articles. (Total saved: 0)
2025-12-23 14:54:44,588 - INFO - --- Scraping job finished ---
2025-12-23 14:54:44,588 - INFO - --- Scraper service stopped and database connection closed. ---
2025-12-23 14:54:44,589 - INFO - --- Main thread finished. Forcing process exit to kill zombie threads. ---
