2026-01-12 19:26:04,371 - INFO - Loading AI Semantic Model (all-MiniLM-L6-v2)...
2026-01-12 19:26:04,372 - INFO - Use pytorch device_name: cpu
2026-01-12 19:26:04,372 - INFO - Load pretrained SentenceTransformer: all-MiniLM-L6-v2
2026-01-12 19:26:05,668 - INFO - AI Model loaded successfully.
2026-01-12 19:26:05,669 - INFO - --- Scraper service started (CI Mode: Run Once) ---
2026-01-12 19:26:05,669 - INFO - --- Starting new scraping job (Parallel Mode) ---
2026-01-12 19:26:05,669 - INFO - Creating new robust session with 3 retries on 5xx/connection/read errors.
2026-01-12 19:26:05,669 - INFO - Proxy is DISABLED.
2026-01-12 19:26:05,669 - INFO - Starting scrape for BBC RSS feed: http://feeds.bbci.co.uk/news/world/rss.xml
2026-01-12 19:26:05,670 - INFO - [Times of India] (Thread) requires Selenium. Initializing driver...
2026-01-12 19:26:05,671 - INFO - Starting scrape for The Guardian RSS feed: https://www.theguardian.com/world/rss
2026-01-12 19:26:05,672 - INFO - [The Hindu] (Thread) requires Selenium. Initializing driver...
2026-01-12 19:26:05,672 - INFO - Submitted 4 jobs to thread pool. Waiting up to 300s for completion...
2026-01-12 19:26:05,770 - INFO - Found 37 articles in BBC RSS feed. Processing up to 30.
2026-01-12 19:26:05,771 - INFO - [BBC] Early skip: URL https://www.bbc.com/news/articles/czdqy3rmp78o?at_medium=RSS&at_campaign=rss already exists.
2026-01-12 19:26:05,804 - INFO - Found 45 articles in The Guardian RSS feed. Processing up to 30.
2026-01-12 19:26:05,994 - INFO - [The Guardian] Early skip: URL https://www.theguardian.com/books/2026/jan/12/chimamanda-ngozi-adichie-accuses-lagos-hospital-negligence-son-death already exists.
2026-01-12 19:26:06,240 - INFO - [BBC] Early skip: URL https://www.bbc.com/news/articles/cd0yldn0n7eo?at_medium=RSS&at_campaign=rss already exists.
2026-01-12 19:26:06,521 - INFO - [The Guardian] Early skip: URL https://www.theguardian.com/global-development/2026/jan/09/the-gambia-female-genital-mutilation-fgm-supreme-court-case-overturn-ban already exists.
2026-01-12 19:26:06,684 - INFO - Selenium driver initialized successfully.
2026-01-12 19:26:06,684 - INFO - Starting scrape for Times of India RSS feed: https://timesofindia.indiatimes.com/rssfeeds/296589292.cms
2026-01-12 19:26:06,686 - INFO - Selenium driver initialized successfully.
2026-01-12 19:26:06,686 - INFO - Starting scrape for The Hindu RSS feed: https://www.thehindu.com/news/national/feeder/default.rss
2026-01-12 19:26:06,720 - INFO - [BBC] Early skip: URL https://www.bbc.com/news/articles/c394xwdve9lo?at_medium=RSS&at_campaign=rss already exists.
2026-01-12 19:26:06,763 - INFO - Found 20 articles in Times of India RSS feed. Processing up to 30.
2026-01-12 19:26:06,799 - INFO - Found 100 articles in The Hindu RSS feed. Processing up to 30.
2026-01-12 19:26:06,929 - INFO - [The Guardian] Early skip: URL https://www.theguardian.com/world/2026/jan/08/questions-targeting-impact-us-airstrikes-in-nigeria already exists.
2026-01-12 19:26:07,066 - INFO - [Times of India] Article: https://timesofindia.indiatimes.com/world/us/disgusting-row-over-ice-agent-accompanying-handcuffed-detainee-into-public-washroom-in-viral-video-dhs-responds/articleshow/126491570.cms
2026-01-12 19:26:07,067 - INFO - [Times of India] Attempt 1/1: Trying with 'selenium_browser' strategy...
2026-01-12 19:26:07,067 - INFO - [The Hindu] Article: https://www.thehindu.com/news/national/tamil-nadu/ias-academy-in-city-distributes-the-hindu-year-book-2026-to-its-students/article70501939.ece
2026-01-12 19:26:07,067 - INFO - [The Hindu] Attempt 1/1: Trying with 'selenium_browser' strategy...
2026-01-12 19:26:07,068 - INFO - [BBC] Early skip: URL https://www.bbc.com/news/articles/c1klvp4v8vjo?at_medium=RSS&at_campaign=rss already exists.
2026-01-12 19:26:07,177 - INFO - [BBC] Early skip: URL https://www.bbc.com/news/articles/c79re5415n2o?at_medium=RSS&at_campaign=rss already exists.
2026-01-12 19:26:07,280 - INFO - [The Guardian] Early skip: URL https://www.theguardian.com/world/2026/jan/02/anthony-joshuas-driver-charged-with-dangerous-driving-after-fatal-crash-in-nigeria already exists.
2026-01-12 19:26:07,398 - INFO - [BBC] Early skip: URL https://www.bbc.com/news/articles/c78e07m02jzo?at_medium=RSS&at_campaign=rss already exists.
2026-01-12 19:26:07,536 - INFO - [The Guardian] Early skip: URL https://www.theguardian.com/science/2026/jan/01/cremation-pyre-in-africa-thought-to-be-worlds-oldest-containing-adult-remains already exists.
2026-01-12 19:26:07,737 - INFO - [BBC] Early skip: URL https://www.bbc.com/news/articles/c801kypkl3ko?at_medium=RSS&at_campaign=rss already exists.
2026-01-12 19:26:07,939 - INFO - [BBC] Early skip: URL https://www.bbc.com/news/articles/cpqye2yygl4o?at_medium=RSS&at_campaign=rss already exists.
2026-01-12 19:26:08,099 - INFO - [The Guardian] Early skip: URL https://www.theguardian.com/environment/2026/jan/12/us-plan-to-exploit-venezuelas-oil-could-eat-up-13-of-carbon-budget-to-keep-15c-limit already exists.
2026-01-12 19:26:08,342 - INFO - [BBC] Early skip: URL https://www.bbc.com/news/articles/c74vnxlvl40o?at_medium=RSS&at_campaign=rss already exists.
2026-01-12 19:26:08,641 - INFO - [The Guardian] Early skip: URL https://www.theguardian.com/world/2026/jan/12/trump-latin-america-feud-colombia-gustavo-petro already exists.
2026-01-12 19:26:08,902 - INFO - [The Guardian] Early skip: URL https://www.theguardian.com/us-news/2026/jan/12/us-oil-producers-global-supply-glut-venezuela already exists.
2026-01-12 19:26:09,199 - INFO - [The Guardian] Early skip: URL https://www.theguardian.com/world/2026/jan/12/carney-heads-to-beijing-as-trump-america-first-agenda-forces-canada-into-trade-rethink already exists.
2026-01-12 19:26:09,396 - INFO - [The Guardian] Early skip: URL https://www.theguardian.com/us-news/2026/jan/12/donald-trump-threatens-block-exxonmobil-venezuela already exists.
2026-01-12 19:26:09,670 - INFO - [BBC] Early skip: URL https://www.bbc.com/news/articles/cly9n3r2p7zo?at_medium=RSS&at_campaign=rss already exists.
2026-01-12 19:26:09,784 - INFO - [BBC] Early skip: URL https://www.bbc.com/news/articles/c2e13mlr17go?at_medium=RSS&at_campaign=rss already exists.
2026-01-12 19:26:09,919 - INFO - [The Guardian] Early skip: URL https://www.theguardian.com/technology/2026/jan/12/malaysia-blocks-elon-musk-grok-ai-fake-sexualised-images-indonesia-x-chatbot already exists.
2026-01-12 19:26:10,174 - INFO - [The Guardian] Early skip: URL https://www.theguardian.com/world/2026/jan/11/underground-church-early-rain-leaders-detained-china-crackdown already exists.
2026-01-12 19:26:10,366 - INFO - [The Guardian] Early skip: URL https://www.theguardian.com/world/2026/jan/10/indonesia-blocks-musks-grok-chatbot-due-to-risk-of-pornographic-content already exists.
2026-01-12 19:26:10,546 - INFO - [The Guardian] Early skip: URL https://www.theguardian.com/world/2026/jan/08/alleged-scam-kingpin-chen-zhi-extradited-china-cambodia-arrest already exists.
2026-01-12 19:26:10,773 - INFO - [BBC] Early skip: URL https://www.bbc.com/news/articles/cp3zq7evw21o?at_medium=RSS&at_campaign=rss already exists.
2026-01-12 19:26:10,780 - INFO - [The Hindu] Page content loaded.
2026-01-12 19:26:11,074 - INFO - [BBC] Early skip: URL https://www.bbc.com/news/articles/c5y2gkydpp5o?at_medium=RSS&at_campaign=rss already exists.
2026-01-12 19:26:11,264 - INFO - [The Guardian] Early skip: URL https://www.theguardian.com/world/2026/jan/06/papua-new-guinea-internet-starlink-shut-down already exists.
2026-01-12 19:26:11,504 - INFO - [BBC] Early skip: URL https://www.bbc.com/news/articles/cx2kv2gn62vo?at_medium=RSS&at_campaign=rss already exists.
2026-01-12 19:26:11,711 - INFO - [The Guardian] Early skip: URL https://www.theguardian.com/australia-news/2026/jan/12/australia-should-reconsider-alliance-with-fiercely-unpredictable-us-former-foreign-ministers-say already exists.
2026-01-12 19:26:11,898 - INFO - [The Hindu] Success with 'selenium_browser'. Found content (93 words).
2026-01-12 19:26:11,978 - INFO - [BBC] Early skip: URL https://www.bbc.com/news/articles/cpv7knz8e8mo?at_medium=RSS&at_campaign=rss already exists.
2026-01-12 19:26:12,243 - INFO - [BBC] Early skip: URL https://www.bbc.com/news/articles/cj9r3zl2ywyo?at_medium=RSS&at_campaign=rss already exists.
2026-01-12 19:26:12,382 - INFO - [BBC] Early skip: URL https://www.bbc.com/news/articles/c75xdg2p36lo?at_medium=RSS&at_campaign=rss already exists.
2026-01-12 19:26:12,624 - INFO - [BBC] Early skip: URL https://www.bbc.com/news/articles/cly95x9qe4ko?at_medium=RSS&at_campaign=rss already exists.
2026-01-12 19:26:12,791 - INFO - [BBC] Early skip: URL https://www.bbc.com/news/articles/ckgn5g90lggo?at_medium=RSS&at_campaign=rss already exists.
2026-01-12 19:26:12,978 - INFO - [The Guardian] Early skip: URL https://www.theguardian.com/australia-news/2026/jan/12/pauline-hanson-barnaby-joyce-gina-rinehart-private-jet-flooded-parts-queensland already exists.
2026-01-12 19:26:13,118 - INFO - [The Guardian] Early skip: URL https://www.theguardian.com/australia-news/2026/jan/12/quoting-religious-text-could-be-defence-against-new-hate-speech-laws-draft-bill-shows-ntwnfb already exists.
2026-01-12 19:26:13,278 - INFO - [The Guardian] Early skip: URL https://www.theguardian.com/australia-news/2026/jan/12/banning-globalise-the-intifada-will-unduly-impact-muslim-australians-nsw-inquiry-in-wake-of-bondi-attack-told-ntwnfb already exists.
2026-01-12 19:26:13,404 - INFO - [The Guardian] Early skip: URL https://www.theguardian.com/australia-news/2026/jan/12/amy-scott-bondi-junction-stabbing-hero-police-officer-cancer already exists.
2026-01-12 19:26:13,594 - INFO - [The Guardian] Early skip: URL https://www.theguardian.com/world/live/2026/jan/12/greenland-denmark-us-donald-trump-ukraine-russia-europe-latest-news-updates already exists.
2026-01-12 19:26:13,711 - INFO - [The Guardian] Early skip: URL https://www.theguardian.com/us-news/2026/jan/12/greenland-trump-nato-chris-murphy already exists.
2026-01-12 19:26:13,844 - INFO - [BBC] Early skip: URL https://www.bbc.com/news/articles/c4gr7nlx421o?at_medium=RSS&at_campaign=rss already exists.
2026-01-12 19:26:27,105 - ERROR - [Times of India] Request failed for strategy 'selenium_browser' on URL https://timesofindia.indiatimes.com/world/us/disgusting-row-over-ice-agent-accompanying-handcuffed-detainee-into-public-washroom-in-viral-video-dhs-responds/articleshow/126491570.cms: Message: timeout: Timed out receiving message from renderer: 19.948
  (Session info: chrome=143.0.7499.169)
Stacktrace:
#0 0x560372a5740a <unknown>
#1 0x56037248b76b <unknown>
#2 0x56037247380a <unknown>
#3 0x5603724734ed <unknown>
#4 0x5603724713a7 <unknown>
#5 0x560372471cbf <unknown>
#6 0x560372480480 <unknown>
#7 0x560372499b47 <unknown>
#8 0x5603724a01fb <unknown>
#9 0x5603724723e8 <unknown>
#10 0x5603724998f8 <unknown>
#11 0x560372528ad8 <unknown>
#12 0x5603724cf7b2 <unknown>
#13 0x5603724d0461 <unknown>
#14 0x560372a1fdf9 <unknown>
#15 0x560372a22d5d <unknown>
#16 0x560372a08b41 <unknown>
#17 0x560372a2393b <unknown>
#18 0x5603729ef870 <unknown>
#19 0x560372a44828 <unknown>
#20 0x560372a449fc <unknown>
#21 0x560372a56763 <unknown>
#22 0x7f82b829caa4 <unknown>
#23 0x7f82b8329c6c <unknown>

2026-01-12 19:26:27,107 - ERROR - [Times of India] All scrape strategies failed for https://timesofindia.indiatimes.com/world/us/disgusting-row-over-ice-agent-accompanying-handcuffed-detainee-into-public-washroom-in-viral-video-dhs-responds/articleshow/126491570.cms. Falling back to RSS description.
2026-01-12 19:26:27,107 - WARNING - SKIPPED (GLOBAL WORD LIMIT): Article 'Viral video: Row over ICE agent accompanying handcuffed detainee into public washroom' from Times of India has only 3 words (Min: 90).
2026-01-12 19:27:04,254 - INFO - Saved article: IAS academy in city distributes The Hindu year book 2026 to its students - The Hindu from The Hindu (93 words)
2026-01-12 19:27:04,254 - INFO - [The Guardian] Early skip: URL https://www.theguardian.com/world/2026/jan/12/spain-police-seize-cocaine-ship-canary-islands already exists.
2026-01-12 19:27:04,515 - INFO - [BBC] Early skip: URL https://www.bbc.com/news/articles/cly9597r4qpo?at_medium=RSS&at_campaign=rss already exists.
2026-01-12 19:27:04,752 - INFO - [Times of India] Article: https://timesofindia.indiatimes.com/world/us/who-is-dina-powell-mccormick-trumps-former-adviser-takes-top-role-at-meta/articleshow/126490392.cms
2026-01-12 19:27:04,752 - INFO - [Times of India] Attempt 1/1: Trying with 'selenium_browser' strategy...
2026-01-12 19:27:04,752 - INFO - [The Guardian] Early skip: URL https://www.theguardian.com/world/2026/jan/12/hungary-grants-asylum-to-former-polish-minister-zbigniew-ziobro-abuse-of-power-investigation already exists.
2026-01-12 19:27:04,899 - INFO - [The Guardian] Early skip: URL https://www.theguardian.com/world/2026/jan/12/french-defamation-case-perils-autofiction-cecile-desprairies already exists.
2026-01-12 19:27:05,170 - INFO - [BBC] Early skip: URL https://www.bbc.com/news/articles/cx2p84xleg2o?at_medium=RSS&at_campaign=rss already exists.
2026-01-12 19:27:05,337 - INFO - [The Guardian] Early skip: URL https://www.theguardian.com/world/live/2026/jan/12/iran-protest-crackdown-us-donald-trump-latest-news-updates already exists.
2026-01-12 19:27:05,528 - INFO - [Times of India] Page content loaded.
2026-01-12 19:27:05,588 - INFO - [The Guardian] Early skip: URL https://www.theguardian.com/global-development/2026/jan/12/iran-protests-crackdown-toll-foreign-minister already exists.
2026-01-12 19:27:05,639 - INFO - [Times of India] Success with 'selenium_browser'. Found content (336 words).
2026-01-12 19:27:05,723 - INFO - [BBC] Early skip: URL https://www.bbc.com/news/articles/c0lx09e618yo?at_medium=RSS&at_campaign=rss already exists.
2026-01-12 19:27:05,861 - INFO - [The Hindu] Article: https://www.thehindu.com/news/national/internal-cohesion-key-to-indias-strategic-autonomy-says-mp-manish-tewari/article70502903.ece
2026-01-12 19:27:05,861 - INFO - [The Hindu] Attempt 1/1: Trying with 'selenium_browser' strategy...
2026-01-12 19:27:05,862 - INFO - [BBC] Early skip: URL https://www.bbc.com/news/articles/cly95lpwl1ro?at_medium=RSS&at_campaign=rss already exists.
2026-01-12 19:27:06,106 - INFO - [The Guardian] Early skip: URL https://www.theguardian.com/world/2026/jan/12/celebrities-letter-israel-attack-gaza-hospitals already exists.
2026-01-12 19:27:06,307 - INFO - [The Guardian] Early skip: URL https://www.theguardian.com/world/2026/jan/12/iran-protests-donald-trump-us-military-options already exists.
2026-01-12 19:27:06,581 - INFO - [BBC] Early skip: URL https://www.bbc.com/news/articles/c3381r5nnn6o?at_medium=RSS&at_campaign=rss already exists.
2026-01-12 19:27:06,805 - INFO - [BBC] Early skip: URL https://www.bbc.com/news/articles/cr7jep39eg4o?at_medium=RSS&at_campaign=rss already exists.
2026-01-12 19:27:07,024 - INFO - [BBC] Early skip: URL https://www.bbc.com/news/articles/c623r47d67lo?at_medium=RSS&at_campaign=rss already exists.
2026-01-12 19:27:25,887 - ERROR - [The Hindu] Request failed for strategy 'selenium_browser' on URL https://www.thehindu.com/news/national/internal-cohesion-key-to-indias-strategic-autonomy-says-mp-manish-tewari/article70502903.ece: Message: timeout: Timed out receiving message from renderer: 19.921
  (Session info: chrome=143.0.7499.169)
Stacktrace:
#0 0x55c735f7040a <unknown>
#1 0x55c7359a476b <unknown>
#2 0x55c73598c80a <unknown>
#3 0x55c73598c4ed <unknown>
#4 0x55c73598a3a7 <unknown>
#5 0x55c73598acbf <unknown>
#6 0x55c735999480 <unknown>
#7 0x55c7359b2b47 <unknown>
#8 0x55c7359b91fb <unknown>
#9 0x55c73598b3e8 <unknown>
#10 0x55c7359b28f8 <unknown>
#11 0x55c735a41ad8 <unknown>
#12 0x55c7359e87b2 <unknown>
#13 0x55c7359e9461 <unknown>
#14 0x55c735f38df9 <unknown>
#15 0x55c735f3bd5d <unknown>
#16 0x55c735f21b41 <unknown>
#17 0x55c735f3c93b <unknown>
#18 0x55c735f08870 <unknown>
#19 0x55c735f5d828 <unknown>
#20 0x55c735f5d9fc <unknown>
#21 0x55c735f6f763 <unknown>
#22 0x7f4c8149caa4 <unknown>
#23 0x7f4c81529c6c <unknown>

2026-01-12 19:27:25,887 - ERROR - [The Hindu] All scrape strategies failed for https://www.thehindu.com/news/national/internal-cohesion-key-to-indias-strategic-autonomy-says-mp-manish-tewari/article70502903.ece. Falling back to RSS description.
2026-01-12 19:27:25,887 - WARNING - SKIPPED (GLOBAL WORD LIMIT): Article 'Internal cohesion key to India’s strategic autonomy, says MP Manish Tewari' from The Hindu has only 19 words (Min: 90).
2026-01-12 19:28:02,807 - INFO - Saved article: Who is Dina Powell McCormick? Trump’s former adviser takes top role at Meta - The Times of India from Times of India (336 words)
2026-01-12 19:28:02,807 - INFO - [The Guardian] Early skip: URL https://www.theguardian.com/world/2026/jan/12/iran-protest-movement-visual-guide already exists.
2026-01-12 19:28:03,012 - INFO - [BBC] Early skip: URL https://www.bbc.com/news/articles/cz7ndzw28v4o?at_medium=RSS&at_campaign=rss already exists.
2026-01-12 19:28:03,279 - INFO - [The Hindu] Article: https://www.thehindu.com/news/national/tamil-nadu/iit-m-researchers-develop-ramjet-propelled-artillery-shells-to-increase-range-of-fire/article70501632.ece
2026-01-12 19:28:03,279 - INFO - [The Hindu] Attempt 1/1: Trying with 'selenium_browser' strategy...
2026-01-12 19:28:03,280 - INFO - [BBC] Early skip: URL https://www.bbc.com/news/articles/cj9rengvnp9o?at_medium=RSS&at_campaign=rss already exists.
2026-01-12 19:28:03,396 - INFO - [BBC] Early skip: URL https://www.bbc.com/news/articles/c1dz0dz0zkvo?at_medium=RSS&at_campaign=rss already exists.
2026-01-12 19:28:04,278 - INFO - [Times of India] Article: https://timesofindia.indiatimes.com/world/us/mark-ruffalo-to-jean-smart-hollywood-celebrities-wear-be-good-pins-to-honour-renee-nicole-good-at-golden-globes/articleshow/126490134.cms
2026-01-12 19:28:04,278 - INFO - [Times of India] Attempt 1/1: Trying with 'selenium_browser' strategy...
2026-01-12 19:28:07,509 - INFO - [Times of India] Page content loaded.
2026-01-12 19:28:07,654 - INFO - [Times of India] Success with 'selenium_browser'. Found content (285 words).
2026-01-12 19:28:23,345 - ERROR - [The Hindu] Request failed for strategy 'selenium_browser' on URL https://www.thehindu.com/news/national/tamil-nadu/iit-m-researchers-develop-ramjet-propelled-artillery-shells-to-increase-range-of-fire/article70501632.ece: Message: timeout: Timed out receiving message from renderer: 20.000
  (Session info: chrome=143.0.7499.169)
Stacktrace:
#0 0x55c735f7040a <unknown>
#1 0x55c7359a476b <unknown>
#2 0x55c73598c80a <unknown>
#3 0x55c73598c4ed <unknown>
#4 0x55c73598a3a7 <unknown>
#5 0x55c73598acbf <unknown>
#6 0x55c735999480 <unknown>
#7 0x55c7359b2b47 <unknown>
#8 0x55c7359b91fb <unknown>
#9 0x55c73598b3e8 <unknown>
#10 0x55c7359b28f8 <unknown>
#11 0x55c735a41639 <unknown>
#12 0x55c7359e87b2 <unknown>
#13 0x55c7359e9461 <unknown>
#14 0x55c735f38df9 <unknown>
#15 0x55c735f3bd5d <unknown>
#16 0x55c735f21b41 <unknown>
#17 0x55c735f3c93b <unknown>
#18 0x55c735f08870 <unknown>
#19 0x55c735f5d828 <unknown>
#20 0x55c735f5d9fc <unknown>
#21 0x55c735f6f763 <unknown>
#22 0x7f4c8149caa4 <unknown>
#23 0x7f4c81529c6c <unknown>

2026-01-12 19:28:23,345 - ERROR - [The Hindu] All scrape strategies failed for https://www.thehindu.com/news/national/tamil-nadu/iit-m-researchers-develop-ramjet-propelled-artillery-shells-to-increase-range-of-fire/article70501632.ece. Falling back to RSS description.
2026-01-12 19:28:23,346 - WARNING - SKIPPED (GLOBAL WORD LIMIT): Article 'IIT-M researchers develop ramjet-propelled artillery shells to increase range of fire' from The Hindu has only 3 words (Min: 90).
2026-01-12 19:28:56,537 - INFO - Saved article: Mark Ruffalo to Jean Smart: Hollywood celebrities wear ‘Be Good’ pins to honour Renee Nicole Good at Golden Globes | World News - The Times of India from Times of India (285 words)
2026-01-12 19:28:56,537 - INFO - [The Hindu] Article: https://www.thehindu.com/news/national/kerala/medical-college-doctors-defer-their-strike-plans-by-a-week-following-talks-with-govt/article70502940.ece
2026-01-12 19:28:56,538 - INFO - [The Hindu] Attempt 1/1: Trying with 'selenium_browser' strategy...
2026-01-12 19:28:57,122 - INFO - [Times of India] Article: https://timesofindia.indiatimes.com/world/us/no-photos-with-friends-or-family-immigration-attorney-on-7-red-flags-that-trigger-marriage-fraud-investigation/articleshow/126490585.cms
2026-01-12 19:28:57,122 - INFO - [Times of India] Attempt 1/1: Trying with 'selenium_browser' strategy...
2026-01-12 19:28:58,710 - INFO - [Times of India] Page content loaded.
2026-01-12 19:28:58,828 - INFO - [Times of India] Success with 'selenium_browser'. Found content (307 words).
2026-01-12 19:29:16,566 - ERROR - [The Hindu] Request failed for strategy 'selenium_browser' on URL https://www.thehindu.com/news/national/kerala/medical-college-doctors-defer-their-strike-plans-by-a-week-following-talks-with-govt/article70502940.ece: Message: timeout: Timed out receiving message from renderer: 20.000
  (Session info: chrome=143.0.7499.169)
Stacktrace:
#0 0x55c735f7040a <unknown>
#1 0x55c7359a476b <unknown>
#2 0x55c73598c80a <unknown>
#3 0x55c73598c4ed <unknown>
#4 0x55c73598a3a7 <unknown>
#5 0x55c73598acbf <unknown>
#6 0x55c735999480 <unknown>
#7 0x55c7359b2b47 <unknown>
#8 0x55c7359b91fb <unknown>
#9 0x55c73598b3e8 <unknown>
#10 0x55c7359b28f8 <unknown>
#11 0x55c735a41639 <unknown>
#12 0x55c7359e87b2 <unknown>
#13 0x55c7359e9461 <unknown>
#14 0x55c735f38df9 <unknown>
#15 0x55c735f3bd5d <unknown>
#16 0x55c735f21b41 <unknown>
#17 0x55c735f3c93b <unknown>
#18 0x55c735f08870 <unknown>
#19 0x55c735f5d828 <unknown>
#20 0x55c735f5d9fc <unknown>
#21 0x55c735f6f763 <unknown>
#22 0x7f4c8149caa4 <unknown>
#23 0x7f4c81529c6c <unknown>

2026-01-12 19:29:16,566 - ERROR - [The Hindu] All scrape strategies failed for https://www.thehindu.com/news/national/kerala/medical-college-doctors-defer-their-strike-plans-by-a-week-following-talks-with-govt/article70502940.ece. Falling back to RSS description.
2026-01-12 19:29:16,566 - WARNING - SKIPPED (GLOBAL WORD LIMIT): Article 'Medical college doctors defer their strike plans by a week following talks with govt.' from The Hindu has only 24 words (Min: 90).
2026-01-12 19:29:55,173 - INFO - Saved article: 'No photos with friends or family': Immigration attorney on 7 red flags that trigger marriage fraud investigation - The Times of India from Times of India (307 words)
2026-01-12 19:29:55,173 - INFO - [The Hindu] Early skip: URL https://www.thehindu.com/news/national/karnataka/political-battle-lines-drawn-ahead-of-long-delayed-bengaluru-civic-polls/article70502550.ece already exists.
2026-01-12 19:29:55,353 - INFO - [The Hindu] Article: https://www.thehindu.com/news/national/kerala/28-fall-ill-due-to-suspected-food-poisoning-in-edayar/article70502581.ece
2026-01-12 19:29:55,353 - INFO - [The Hindu] Attempt 1/1: Trying with 'selenium_browser' strategy...
2026-01-12 19:29:56,646 - INFO - [Times of India] Early skip: URL https://timesofindia.indiatimes.com/world/uk/safe-taxi-driver-masrob-ali-dies-along-with-three-teenagers-in-head-on-crash-in-england-incident-caught-on-cctv/articleshow/126489949.cms already exists.
2026-01-12 19:29:56,789 - INFO - [Times of India] Early skip: URL https://timesofindia.indiatimes.com/world/us-streamers/best-jumper-in-the-tribe-ishowspeed-earns-rare-title-following-viral-jumping-challenge-in-kenya/articleshow/126488544.cms already exists.
2026-01-12 19:29:57,018 - INFO - [Times of India] Early skip: URL https://timesofindia.indiatimes.com/world/us/100000-us-visas-revoked-state-department-launches-record-immigration-crackdown/articleshow/126488546.cms already exists.
2026-01-12 19:29:57,207 - INFO - [Times of India] Early skip: URL https://timesofindia.indiatimes.com/world/rest-of-world/91-year-old-woman-scammed-of-more-than-10k-in-melbourne-cops-release-suspects-photo-refer-to-them-as-of-middle-eastern-appearance/articleshow/126488224.cms already exists.
2026-01-12 19:29:57,347 - INFO - [Times of India] Early skip: URL https://timesofindia.indiatimes.com/world/rest-of-world/canadian-indian-worker-seeks-special-exemption-to-stay-in-ontario-amid-mass-layoffs-my-daughters-already-adapted-to-the-culture/articleshow/126487608.cms already exists.
2026-01-12 19:29:57,452 - INFO - [Times of India] Early skip: URL https://timesofindia.indiatimes.com/world/uk/nadhim-zahawi-defects-to-reform-uk-backs-nigel-farage-for-uk-pm-who-is-he/articleshow/126486554.cms already exists.
2026-01-12 19:29:57,570 - INFO - [Times of India] Article: https://timesofindia.indiatimes.com/world/us/drink-up-america-why-trump-wants-americans-to-drink-whole-milk/articleshow/126487140.cms
2026-01-12 19:29:57,570 - INFO - [Times of India] Attempt 1/1: Trying with 'selenium_browser' strategy...
2026-01-12 19:30:00,807 - INFO - [Times of India] Page content loaded.
2026-01-12 19:30:00,965 - INFO - [Times of India] Success with 'selenium_browser'. Found content (684 words).
2026-01-12 19:30:15,375 - ERROR - [The Hindu] Request failed for strategy 'selenium_browser' on URL https://www.thehindu.com/news/national/kerala/28-fall-ill-due-to-suspected-food-poisoning-in-edayar/article70502581.ece: Message: timeout: Timed out receiving message from renderer: 20.000
  (Session info: chrome=143.0.7499.169)
Stacktrace:
#0 0x55c735f7040a <unknown>
#1 0x55c7359a476b <unknown>
#2 0x55c73598c80a <unknown>
#3 0x55c73598c4ed <unknown>
#4 0x55c73598a3a7 <unknown>
#5 0x55c73598acbf <unknown>
#6 0x55c735999480 <unknown>
#7 0x55c7359b2b47 <unknown>
#8 0x55c7359b91fb <unknown>
#9 0x55c73598b3e8 <unknown>
#10 0x55c7359b28f8 <unknown>
#11 0x55c735a41639 <unknown>
#12 0x55c7359e87b2 <unknown>
#13 0x55c7359e9461 <unknown>
#14 0x55c735f38df9 <unknown>
#15 0x55c735f3bd5d <unknown>
#16 0x55c735f21b41 <unknown>
#17 0x55c735f3c93b <unknown>
#18 0x55c735f08870 <unknown>
#19 0x55c735f5d828 <unknown>
#20 0x55c735f5d9fc <unknown>
#21 0x55c735f6f763 <unknown>
#22 0x7f4c8149caa4 <unknown>
#23 0x7f4c81529c6c <unknown>

2026-01-12 19:30:15,375 - ERROR - [The Hindu] All scrape strategies failed for https://www.thehindu.com/news/national/kerala/28-fall-ill-due-to-suspected-food-poisoning-in-edayar/article70502581.ece. Falling back to RSS description.
2026-01-12 19:30:15,375 - WARNING - SKIPPED (GLOBAL WORD LIMIT): Article '28 fall ill due to suspected food poisoning in Edayar' from The Hindu has only 3 words (Min: 90).
2026-01-12 19:30:54,357 - INFO - Saved article: Drink up, America: Why Trump wants Americans to drink whole milk | World News - The Times of India from Times of India (684 words)
2026-01-12 19:30:54,358 - INFO - [The Hindu] Early skip: URL https://www.thehindu.com/news/national/kerala/vg-manamohan-passes-away/article70502686.ece already exists.
2026-01-12 19:30:54,582 - INFO - [The Hindu] Article: https://www.thehindu.com/news/national/kerala/tma-launches-heritage-walk-series/article70502698.ece
2026-01-12 19:30:54,582 - INFO - [The Hindu] Attempt 1/1: Trying with 'selenium_browser' strategy...
2026-01-12 19:30:55,248 - INFO - [Times of India] Early skip: URL https://timesofindia.indiatimes.com/world/europe/working-to-boost-arctic-security-nato-chief-amid-us-greenland-threat-donald-trump-claims-credit-for-it-too/articleshow/126486459.cms already exists.
2026-01-12 19:30:55,391 - INFO - [Times of India] Article: https://timesofindia.indiatimes.com/world/rest-of-world/avoid-all-travel-canada-issues-level-4-advisory-lists-countries-canadians-should-not-visit/articleshow/126485519.cms
2026-01-12 19:30:55,391 - INFO - [Times of India] Attempt 1/1: Trying with 'selenium_browser' strategy...
2026-01-12 19:30:57,393 - INFO - [Times of India] Page content loaded.
2026-01-12 19:30:57,508 - INFO - [Times of India] Success with 'selenium_browser'. Found content (452 words).
2026-01-12 19:31:05,673 - CRITICAL - --- TIMEOUT: 2 scrape jobs did not complete in 300s. ---
2026-01-12 19:31:05,673 - ERROR - A thread has timed out and will be abandoned.
2026-01-12 19:31:05,673 - ERROR - A thread has timed out and will be abandoned.
2026-01-12 19:31:05,673 - INFO - Shutting down thread pool (wait=False)...
2026-01-12 19:31:05,673 - INFO - Scraped: 0 BBC, 0 The Guardian, 2 Timed_Out_Jobs articles. (Total saved: 0)
2026-01-12 19:31:05,673 - INFO - --- Scraping job finished ---
2026-01-12 19:31:05,674 - INFO - --- Scraper service stopped and database connection closed. ---
2026-01-12 19:31:05,674 - INFO - --- Main thread finished. Forcing process exit to kill zombie threads. ---
