2025-12-24 09:30:25,877 - INFO - Loading AI Semantic Model (all-MiniLM-L6-v2)...
2025-12-24 09:30:25,878 - INFO - Use pytorch device_name: cpu
2025-12-24 09:30:25,878 - INFO - Load pretrained SentenceTransformer: all-MiniLM-L6-v2
2025-12-24 09:30:27,154 - INFO - AI Model loaded successfully.
2025-12-24 09:30:27,154 - INFO - --- Scraper service started (CI Mode: Run Once) ---
2025-12-24 09:30:27,154 - INFO - --- Starting new scraping job (Parallel Mode) ---
2025-12-24 09:30:27,155 - INFO - Creating new robust session with 3 retries on 5xx/connection/read errors.
2025-12-24 09:30:27,155 - INFO - Proxy is DISABLED.
2025-12-24 09:30:27,155 - INFO - Starting scrape for BBC RSS feed: http://feeds.bbci.co.uk/news/world/rss.xml
2025-12-24 09:30:27,156 - INFO - [Times of India] (Thread) requires Selenium. Initializing driver...
2025-12-24 09:30:27,156 - INFO - Starting scrape for The Guardian RSS feed: https://www.theguardian.com/world/rss
2025-12-24 09:30:27,157 - INFO - [The Hindu] (Thread) requires Selenium. Initializing driver...
2025-12-24 09:30:27,158 - INFO - Submitted 4 jobs to thread pool. Waiting up to 300s for completion...
2025-12-24 09:30:27,269 - INFO - Found 23 articles in BBC RSS feed. Processing up to 30.
2025-12-24 09:30:27,271 - INFO - [BBC] Early skip: URL https://www.bbc.com/news/articles/cm28g5exx09o?at_medium=RSS&at_campaign=rss already exists.
2025-12-24 09:30:27,273 - INFO - Found 45 articles in The Guardian RSS feed. Processing up to 30.
2025-12-24 09:30:27,454 - INFO - [The Guardian] Early skip: URL https://www.theguardian.com/world/2025/dec/23/libyas-army-chief-dies-in-plane-crash-in-turkey already exists.
2025-12-24 09:30:27,652 - INFO - [BBC] Early skip: URL https://www.bbc.com/news/articles/c5yj4yvx80do?at_medium=RSS&at_campaign=rss already exists.
2025-12-24 09:30:27,821 - INFO - [The Guardian] Early skip: URL https://www.theguardian.com/world/2025/dec/22/freed-nigerian-schoolchildren-set-to-be-reunited-with-families already exists.
2025-12-24 09:30:27,973 - INFO - [BBC] Early skip: URL https://www.bbc.com/news/articles/cgke51rzpvro?at_medium=RSS&at_campaign=rss already exists.
2025-12-24 09:30:28,212 - INFO - [The Guardian] Early skip: URL https://www.theguardian.com/world/2025/dec/21/more-kidnapped-schoolchildren-freed-in-nigeria already exists.
2025-12-24 09:30:28,355 - INFO - [BBC] Early skip: URL https://www.bbc.com/news/articles/cp39kngz008o?at_medium=RSS&at_campaign=rss already exists.
2025-12-24 09:30:28,551 - INFO - [The Guardian] Early skip: URL https://www.theguardian.com/uk-news/2025/dec/21/manchester-museum-uncover-hidden-histories-africa-hub already exists.
2025-12-24 09:30:28,839 - INFO - [BBC] Early skip: URL https://www.bbc.com/news/articles/cyvgzyepdqno?at_medium=RSS&at_campaign=rss already exists.
2025-12-24 09:30:29,026 - INFO - [The Guardian] Early skip: URL https://www.theguardian.com/global-development/2025/dec/21/sweden-and-germany-slash-aid-budgets-to-focus-on-ukraine-and-defence-spending already exists.
2025-12-24 09:30:29,321 - INFO - [BBC] Early skip: URL https://www.bbc.com/news/articles/ce3wry1529wo?at_medium=RSS&at_campaign=rss already exists.
2025-12-24 09:30:29,611 - INFO - [The Guardian] Early skip: URL https://www.theguardian.com/media/2025/dec/23/60-minutes-cecot-appears-online already exists.
2025-12-24 09:30:29,801 - INFO - [BBC] Early skip: URL https://www.bbc.com/news/articles/cr4d99p63y4o?at_medium=RSS&at_campaign=rss already exists.
2025-12-24 09:30:29,905 - INFO - [The Guardian] Early skip: URL https://www.theguardian.com/world/2025/dec/23/brazil-jair-bolsonaro-eduardo-havaianas-television-ad-fernanda-torres already exists.
2025-12-24 09:30:30,074 - INFO - [BBC] Early skip: URL https://www.bbc.com/news/articles/c8dy3mvye62o?at_medium=RSS&at_campaign=rss already exists.
2025-12-24 09:30:30,339 - INFO - [The Guardian] Early skip: URL https://www.theguardian.com/world/2025/dec/23/canada-bill-refugees already exists.
2025-12-24 09:30:30,599 - INFO - [BBC] Early skip: URL https://www.bbc.com/news/articles/cwyxz5jken3o?at_medium=RSS&at_campaign=rss already exists.
2025-12-24 09:30:30,885 - INFO - [The Guardian] Early skip: URL https://www.theguardian.com/us-news/2025/dec/23/us-trump-administration-signs-security-deals-across-latin-america already exists.
2025-12-24 09:30:31,132 - INFO - [BBC] Early skip: URL https://www.bbc.com/news/articles/c62n9ynzrdpo?at_medium=RSS&at_campaign=rss already exists.
2025-12-24 09:30:31,297 - INFO - [The Guardian] Early skip: URL https://www.theguardian.com/world/2025/dec/23/russia-china-support-venezuela-trump-pressure-maduro already exists.
2025-12-24 09:30:31,525 - INFO - [BBC] Early skip: URL https://www.bbc.com/news/articles/c87lnn09yj8o?at_medium=RSS&at_campaign=rss already exists.
2025-12-24 09:30:31,775 - INFO - [The Guardian] Early skip: URL https://www.theguardian.com/world/2025/dec/24/rare-footage-from-trial-of-chinese-general-who-defied-tiananmen-crackdown-order-leaked-online already exists.
2025-12-24 09:30:31,965 - INFO - [BBC] Early skip: URL https://www.bbc.com/news/articles/cd0kxrr2jyko?at_medium=RSS&at_campaign=rss already exists.
2025-12-24 09:30:32,198 - INFO - [The Guardian] Early skip: URL https://www.theguardian.com/world/2025/dec/23/christians-pastors-arrested-detained-china-crackdown-house-churches already exists.
2025-12-24 09:30:32,426 - INFO - [BBC] Early skip: URL https://www.bbc.com/news/articles/czj0ll7ppewo?at_medium=RSS&at_campaign=rss already exists.
2025-12-24 09:30:32,681 - INFO - [The Guardian] Early skip: URL https://www.theguardian.com/business/2025/dec/22/china-hits-eu-dairy-industry-with-tariffs already exists.
2025-12-24 09:30:32,963 - INFO - [BBC] Early skip: URL https://www.bbc.com/news/articles/clyd12d38jgo?at_medium=RSS&at_campaign=rss already exists.
2025-12-24 09:30:33,160 - INFO - [The Guardian] Early skip: URL https://www.theguardian.com/world/2025/dec/22/jeju-air-crash-independent-inquiry-south-korea already exists.
2025-12-24 09:30:33,288 - INFO - [BBC] Early skip: URL https://www.bbc.com/news/articles/cvg1361d32ro?at_medium=RSS&at_campaign=rss already exists.
2025-12-24 09:30:33,486 - INFO - [The Guardian] Early skip: URL https://www.theguardian.com/world/2025/dec/22/new-zealand-christchurch-spoof-absurdist-road-signs already exists.
2025-12-24 09:30:33,636 - INFO - [BBC] Early skip: URL https://www.bbc.com/news/articles/c4gekjjqn1ro?at_medium=RSS&at_campaign=rss already exists.
2025-12-24 09:30:33,776 - INFO - [The Guardian] Early skip: URL https://www.theguardian.com/australia-news/live/2025/dec/24/nsw-gun-and-protest-laws-bondi-terror-attack-hate-crime-database-anthony-albanese-sussan-ley-chris-minns-labor-coalition-ntwnfb already exists.
2025-12-24 09:30:34,009 - INFO - [BBC] Early skip: URL https://www.bbc.com/news/articles/cj69d8we98jo?at_medium=RSS&at_campaign=rss already exists.
2025-12-24 09:30:34,264 - INFO - Selenium driver initialized successfully.
2025-12-24 09:30:34,264 - INFO - Starting scrape for The Hindu RSS feed: https://www.thehindu.com/news/national/feeder/default.rss
2025-12-24 09:30:34,265 - INFO - Selenium driver initialized successfully.
2025-12-24 09:30:34,265 - INFO - Starting scrape for Times of India RSS feed: https://timesofindia.indiatimes.com/rssfeeds/296589292.cms
2025-12-24 09:30:34,273 - INFO - [The Guardian] Early skip: URL https://www.theguardian.com/australia-news/2025/dec/24/nsw-premier-police-commissioner-protest-ban-powers-bondi-shooting-terror-attack-ntwnfb already exists.
2025-12-24 09:30:34,440 - INFO - Found 100 articles in The Hindu RSS feed. Processing up to 30.
2025-12-24 09:30:34,514 - INFO - Found 20 articles in Times of India RSS feed. Processing up to 30.
2025-12-24 09:30:34,519 - INFO - [BBC] Early skip: URL https://www.bbc.com/news/articles/cy95w0x9889o?at_medium=RSS&at_campaign=rss already exists.
2025-12-24 09:30:34,728 - INFO - [The Hindu] Article: https://www.thehindu.com/news/national/i-develop-infections-in-delhi-nitin-gadkari-acknowledges-40-pollution-linked-to-transport/article70433073.ece
2025-12-24 09:30:34,728 - INFO - [The Hindu] Attempt 1/1: Trying with 'selenium_browser' strategy...
2025-12-24 09:30:34,729 - INFO - [Times of India] Article: https://timesofindia.indiatimes.com/world/middle-east/the-uae-has-no-rivers-or-lakes-yet-it-somehow-supplies-water-to-millions-heres-how/articleshow/126156097.cms
2025-12-24 09:30:34,730 - INFO - [Times of India] Attempt 1/1: Trying with 'selenium_browser' strategy...
2025-12-24 09:30:34,730 - INFO - [The Guardian] Early skip: URL https://www.theguardian.com/australia-news/2025/dec/24/retribution-fears-australian-muslims-surge-islamophobic-hate-since-bondi-terror-attack-ntwnfb already exists.
2025-12-24 09:30:34,943 - INFO - [BBC] Early skip: URL https://www.bbc.com/news/videos/c0edjv3jr3po?at_medium=RSS&at_campaign=rss already exists.
2025-12-24 09:30:35,175 - INFO - [The Guardian] Early skip: URL https://www.theguardian.com/australia-news/2025/dec/24/british-man-australian-visa-cancelled-display-nazi-symbols-charge already exists.
2025-12-24 09:30:35,288 - INFO - [BBC] Early skip: URL https://www.bbc.com/news/videos/ce3w4x2v0xko?at_medium=RSS&at_campaign=rss already exists.
2025-12-24 09:30:35,508 - INFO - [The Guardian] Early skip: URL https://www.theguardian.com/australia-news/2025/dec/24/bondi-special-honours-list-announced-for-bravery-in-shooting-terror-attack already exists.
2025-12-24 09:30:35,635 - INFO - [BBC] Early skip: URL https://www.bbc.com/news/videos/cwywe5zw384o?at_medium=RSS&at_campaign=rss already exists.
2025-12-24 09:30:35,752 - INFO - [BBC] Early skip: URL https://www.bbc.com/news/videos/cn7kpnjnmklo?at_medium=RSS&at_campaign=rss already exists.
2025-12-24 09:30:36,035 - INFO - [BBC] Article: https://www.bbc.com/news/videos/cj01pdve7rpo?at_medium=RSS&at_campaign=rss
2025-12-24 09:30:36,035 - INFO - [BBC] Attempt 1/1: Trying with 'requests_browser' strategy...
2025-12-24 09:30:36,038 - INFO - [The Guardian] Article: https://www.theguardian.com/world/2025/dec/24/british-boy-stabbed-death-portugal
2025-12-24 09:30:36,038 - INFO - [The Guardian] Attempt 1/1: Trying with 'requests_browser' strategy...
2025-12-24 09:30:36,280 - WARNING - [BBC] FAILED with 'requests_browser' (content was too short: 80 words).
2025-12-24 09:30:36,280 - ERROR - [BBC] All scrape strategies failed for https://www.bbc.com/news/videos/cj01pdve7rpo?at_medium=RSS&at_campaign=rss. Falling back to RSS description.
2025-12-24 09:30:36,280 - WARNING - SKIPPED (GLOBAL WORD LIMIT): Article 'Putin tells BBC Western leaders deceived Russia' from BBC has only 21 words (Min: 90).
2025-12-24 09:30:36,338 - INFO - [The Guardian] Success with 'requests_browser'. Found content (211 words).
2025-12-24 09:30:40,292 - INFO - [The Hindu] Page content loaded.
2025-12-24 09:30:40,783 - INFO - [The Hindu] Success with 'selenium_browser'. Found content (345 words).
2025-12-24 09:31:41,185 - INFO - Saved article: British boy, 13, stabbed to death in Portugal, say reports | Portugal | The Guardian from The Guardian (211 words)
2025-12-24 09:32:31,345 - INFO - Saved article: ‘I develop infections in Delhi’: Nitin Gadkari acknowledges "40% pollution" linked to transport - The Hindu from The Hindu (345 words)
2025-12-24 09:32:31,345 - INFO - [The Guardian] Early skip: URL https://www.theguardian.com/world/2025/dec/24/three-killed-in-moscow-car-explosion-say-russian-authorities already exists.
2025-12-24 09:32:31,543 - INFO - [The Guardian] Early skip: URL https://www.theguardian.com/world/2025/dec/24/militia-leader-murky-death-stanislav-orlov-russia-kremlin-control already exists.
2025-12-24 09:32:31,809 - INFO - [The Guardian] Early skip: URL https://www.theguardian.com/technology/2025/dec/24/us-state-department-visa-ban-former-eu-commissioner-europe already exists.
2025-12-24 09:32:31,966 - INFO - [The Guardian] Early skip: URL https://www.theguardian.com/world/2025/dec/23/ukrainian-cities-lose-power-in-winter-weather-after-russian-attacks already exists.
2025-12-24 09:32:32,138 - INFO - [The Guardian] Early skip: URL https://www.theguardian.com/uk-news/2025/dec/22/families-of-palestine-action-hunger-strikers-seek-urgent-meeting-with-lammy already exists.
2025-12-24 09:32:32,243 - INFO - [The Guardian] Early skip: URL https://www.theguardian.com/world/2025/dec/21/israel-approves-new-jewish-settlements-occupied-west-bank already exists.
2025-12-24 09:32:32,429 - INFO - [The Hindu] Article: https://www.thehindu.com/news/national/kerala/kerala-sir-kozhikode-north-assembly-segment-has-highest-voter-exclusions-in-district/article70433047.ece
2025-12-24 09:32:32,429 - INFO - [The Hindu] Attempt 1/1: Trying with 'selenium_browser' strategy...
2025-12-24 09:32:32,429 - INFO - [The Guardian] Early skip: URL https://www.theguardian.com/world/2025/dec/20/israeli-troops-kill-palestinians-sheltering-in-gaza-school-hospital-chiefs already exists.
2025-12-24 09:32:32,690 - INFO - [The Guardian] Early skip: URL https://www.theguardian.com/world/2025/dec/19/gaza-famine-hunger-food-shortages-winter-flooding-un already exists.
2025-12-24 09:32:32,975 - INFO - [The Guardian] Early skip: URL https://www.theguardian.com/global-development/2025/dec/19/gaza-phd-student-manar-al-houbi-granted-access-to-uk-but-others-remain-stranded already exists.
2025-12-24 09:32:34,831 - ERROR - [Times of India] Request failed for strategy 'selenium_browser' on URL https://timesofindia.indiatimes.com/world/middle-east/the-uae-has-no-rivers-or-lakes-yet-it-somehow-supplies-water-to-millions-heres-how/articleshow/126156097.cms: HTTPConnectionPool(host='localhost', port=48315): Read timed out. (read timeout=120)
2025-12-24 09:32:34,831 - ERROR - [Times of India] All scrape strategies failed for https://timesofindia.indiatimes.com/world/middle-east/the-uae-has-no-rivers-or-lakes-yet-it-somehow-supplies-water-to-millions-heres-how/articleshow/126156097.cms. Falling back to RSS description.
2025-12-24 09:32:34,831 - WARNING - SKIPPED (GLOBAL WORD LIMIT): Article 'The UAE has no rivers or lakes, yet it somehow supplies water to millions; here’s how' from Times of India has only 57 words (Min: 90).
2025-12-24 09:32:35,205 - INFO - [The Hindu] Page content loaded.
2025-12-24 09:32:35,280 - INFO - [The Hindu] Success with 'selenium_browser'. Found content (327 words).
2025-12-24 09:33:25,903 - INFO - DEDUPLICATION: Found match (Score: 0.82). Linking to Cluster ID: bb76f948-c22f-4339-a844-3dc7d19c5414
2025-12-24 09:33:25,907 - INFO - Saved article: Kerala SIR: Kozhikode North Assembly segment has highest voter exclusions in district - The Hindu from The Hindu (327 words)
2025-12-24 09:33:25,907 - INFO - [Times of India] Early skip: URL https://timesofindia.indiatimes.com/world/us/wrongfully-targeted-zohran-mamdani-meets-mustapha-kharbouch-falsely-accused-of-brown-university-shooting-vows-to-combat-islamophobia/articleshow/126154371.cms already exists.
2025-12-24 09:33:26,166 - INFO - [Times of India] Early skip: URL https://timesofindia.indiatimes.com/world/south-asia/you-had-osman-hadi-killed-kin-makes-big-allegation-against-yunus-govt-regime-accused-of-trying-to-sabotage-bangladesh-election/articleshow/126153115.cms already exists.
2025-12-24 09:33:26,442 - INFO - [Times of India] Early skip: URL https://timesofindia.indiatimes.com/world/middle-east/uae-weather-alert-issued-for-dec-2529-rain-possible-in-rak-fujairah-and-sharjah/articleshow/126153492.cms already exists.
2025-12-24 09:33:26,694 - INFO - [The Hindu] Article: https://www.thehindu.com/videos/watch-two-killed-internet-suspended-in-assams-violence-hit-karbi-anglong/article70433039.ece
2025-12-24 09:33:26,694 - INFO - [The Hindu] Attempt 1/1: Trying with 'selenium_browser' strategy...
2025-12-24 09:33:26,694 - INFO - [Times of India] Early skip: URL https://timesofindia.indiatimes.com/world/rest-of-world/requested-emergency-landing-libyas-military-chief-killed-in-turkey-plane-crash-debris-located-near-village/articleshow/126151169.cms already exists.
2025-12-24 09:33:26,943 - INFO - [Times of India] Early skip: URL https://timesofindia.indiatimes.com/world/us-streamers/candace-owens-attacks-tpusa-again-after-private-erika-kirk-meeting-and-backs-tim-dillons-blunt-criticism/articleshow/126150375.cms already exists.
2025-12-24 09:33:27,055 - INFO - [Times of India] Early skip: URL https://timesofindia.indiatimes.com/etimes/trending/my-interviewer-wasnt-even-human-job-seeker-shares-bizarre-interview-experience-with-ai-avatar/articleshow/126145453.cms already exists.
2025-12-24 09:33:27,312 - INFO - [Times of India] Early skip: URL https://timesofindia.indiatimes.com/world/us-streamers/perez-hilton-sparks-feud-rumors-after-ariana-grande-appears-to-mock-katy-perrys-space-flight-on-snl/articleshow/126150627.cms already exists.
2025-12-24 09:33:27,445 - INFO - [The Hindu] Page content loaded.
2025-12-24 09:33:27,492 - WARNING - [The Hindu] FAILED with 'selenium_browser' (content was too short: 39 words).
2025-12-24 09:33:27,492 - ERROR - [The Hindu] All scrape strategies failed for https://www.thehindu.com/videos/watch-two-killed-internet-suspended-in-assams-violence-hit-karbi-anglong/article70433039.ece. Falling back to RSS description.
2025-12-24 09:33:27,493 - WARNING - SKIPPED (GLOBAL WORD LIMIT): Article 'Watch: Two killed, internet suspended in Assam’s violence-hit Karbi Anglong' from The Hindu has only 31 words (Min: 90).
2025-12-24 09:33:27,534 - INFO - [Times of India] Early skip: URL https://timesofindia.indiatimes.com/world/us-streamers/jewish-people-were-candace-owens-sparks-widespread-backlash-after-making-inflammatory-claims-about-jewish-history/articleshow/126150568.cms already exists.
2025-12-24 09:33:27,782 - INFO - [Times of India] Article: https://timesofindia.indiatimes.com/world/us-streamers/hella-shady-perez-hilton-slams-prince-harry-and-meghan-markles-archewell-rebrand-as-charity-faces-harsh-scrutiny/articleshow/126150380.cms
2025-12-24 09:33:27,782 - INFO - [Times of India] Attempt 1/1: Trying with 'selenium_browser' strategy...
2025-12-24 09:33:28,279 - INFO - [The Hindu] Article: https://www.thehindu.com/news/national/telangana/telangana-shivers-as-winter-tightens-its-grip-relief-expected-soon/article70429632.ece
2025-12-24 09:33:28,279 - INFO - [The Hindu] Attempt 1/1: Trying with 'selenium_browser' strategy...
2025-12-24 09:33:28,981 - INFO - [The Hindu] Page content loaded.
2025-12-24 09:33:29,026 - INFO - [The Hindu] Success with 'selenium_browser'. Found content (353 words).
2025-12-24 09:34:17,511 - INFO - DEDUPLICATION: Found match (Score: 0.88). Linking to Cluster ID: 9661e760-ca50-4c87-b306-341545ab2036
2025-12-24 09:34:17,514 - INFO - Saved article: Telangana likely to get relief from cold conditions soon; temperatures may not dip again till winter end in mid-February - The Hindu from The Hindu (353 words)
2025-12-24 09:34:18,793 - INFO - [The Hindu] Article: https://www.thehindu.com/news/national/unnao-rape-survivor-to-move-supreme-court-against-suspension-of-sengars-jail-term/article70432980.ece
2025-12-24 09:34:18,793 - INFO - [The Hindu] Attempt 1/1: Trying with 'selenium_browser' strategy...
2025-12-24 09:34:19,865 - INFO - [The Hindu] Page content loaded.
2025-12-24 09:34:19,938 - INFO - [The Hindu] Success with 'selenium_browser'. Found content (321 words).
2025-12-24 09:35:09,910 - INFO - DEDUPLICATION: Found match (Score: 0.91). Linking to Cluster ID: fb8537b2-ffa0-4710-8ba8-c5292652c31b
2025-12-24 09:35:09,913 - INFO - Saved article: Unnao rape survivor to move Supreme Court against suspension of Sengar’s jail term - The Hindu from The Hindu (321 words)
2025-12-24 09:35:10,951 - INFO - [The Hindu] Early skip: URL https://www.thehindu.com/news/national/karnataka/theft-of-coffee-and-pepper-kodagu-police-issue-advisory-to-traders/article70432987.ece already exists.
2025-12-24 09:35:11,122 - INFO - [The Hindu] Early skip: URL https://www.thehindu.com/news/national/kerala/kerala-cpim-leader-pk-sreemathi-reports-theft-of-bag-during-train-journey-to-bihar/article70432860.ece already exists.
2025-12-24 09:35:11,311 - INFO - [The Hindu] Early skip: URL https://www.thehindu.com/news/national/kerala/vd-satheesan-links-attack-on-palakkad-carolers-to-north-india-anti-christian-wave-warns-of-communal-push-in-kerala/article70432820.ece already exists.
2025-12-24 09:35:11,428 - INFO - [The Hindu] Article: https://www.thehindu.com/news/national/west-bengal/minimum-temperatures-to-fall-across-west-bengal-imd/article70432946.ece
2025-12-24 09:35:11,428 - INFO - [The Hindu] Attempt 1/1: Trying with 'selenium_browser' strategy...
2025-12-24 09:35:12,671 - INFO - [The Hindu] Page content loaded.
2025-12-24 09:35:12,755 - INFO - [The Hindu] Success with 'selenium_browser'. Found content (164 words).
2025-12-24 09:35:27,158 - CRITICAL - --- TIMEOUT: 2 scrape jobs did not complete in 300s. ---
2025-12-24 09:35:27,158 - ERROR - A thread has timed out and will be abandoned.
2025-12-24 09:35:27,158 - ERROR - A thread has timed out and will be abandoned.
2025-12-24 09:35:27,158 - INFO - Shutting down thread pool (wait=False)...
2025-12-24 09:35:27,158 - INFO - Scraped: 0 BBC, 1 The Guardian, 2 Timed_Out_Jobs articles. (Total saved: 1)
2025-12-24 09:35:27,158 - INFO - --- Scraping job finished ---
2025-12-24 09:35:27,159 - INFO - --- Scraper service stopped and database connection closed. ---
2025-12-24 09:35:27,159 - INFO - --- Main thread finished. Forcing process exit to kill zombie threads. ---
