2026-01-18 17:45:28,543 - INFO - Loading AI Semantic Model (all-MiniLM-L6-v2)...
2026-01-18 17:45:28,543 - INFO - Use pytorch device_name: cpu
2026-01-18 17:45:28,543 - INFO - Load pretrained SentenceTransformer: all-MiniLM-L6-v2
2026-01-18 17:45:29,269 - INFO - AI Model loaded successfully.
2026-01-18 17:45:29,269 - INFO - --- Scraper service started (CI Mode: Run Once) ---
2026-01-18 17:45:29,269 - INFO - --- Starting new scraping job (Parallel Mode) ---
2026-01-18 17:45:29,270 - INFO - Creating new robust session with 3 retries on 5xx/connection/read errors.
2026-01-18 17:45:29,270 - INFO - Proxy is DISABLED.
2026-01-18 17:45:29,270 - INFO - Starting scrape for BBC RSS feed: http://feeds.bbci.co.uk/news/world/rss.xml
2026-01-18 17:45:29,271 - INFO - [Times of India] (Thread) requires Selenium. Initializing driver...
2026-01-18 17:45:29,271 - INFO - Starting scrape for The Guardian RSS feed: https://www.theguardian.com/world/rss
2026-01-18 17:45:29,272 - INFO - [The Hindu] (Thread) requires Selenium. Initializing driver...
2026-01-18 17:45:29,273 - INFO - Submitted 4 jobs to thread pool. Waiting up to 300s for completion...
2026-01-18 17:45:29,466 - INFO - Found 45 articles in The Guardian RSS feed. Processing up to 30.
2026-01-18 17:45:29,467 - INFO - [The Guardian] Article: https://www.theguardian.com/world/2026/jan/18/ugandas-president-calls-opponents-terrorists-in-victory-speech
2026-01-18 17:45:29,467 - INFO - [The Guardian] Attempt 1/1: Trying with 'requests_browser' strategy...
2026-01-18 17:45:29,500 - INFO - [The Guardian] Success with 'requests_browser'. Found content (533 words).
2026-01-18 17:45:29,834 - INFO - Found 38 articles in BBC RSS feed. Processing up to 30.
2026-01-18 17:45:36,459 - INFO - Selenium driver initialized successfully.
2026-01-18 17:45:36,460 - INFO - Starting scrape for The Hindu RSS feed: https://www.thehindu.com/news/national/feeder/default.rss
2026-01-18 17:45:36,467 - INFO - Selenium driver initialized successfully.
2026-01-18 17:45:36,467 - INFO - Starting scrape for Times of India RSS feed: https://timesofindia.indiatimes.com/rssfeeds/296589292.cms
2026-01-18 17:45:36,623 - INFO - Found 100 articles in The Hindu RSS feed. Processing up to 30.
2026-01-18 17:45:36,627 - INFO - Found 20 articles in Times of India RSS feed. Processing up to 30.
2026-01-18 17:46:13,137 - INFO - DEDUPLICATION: Found match (Score: 0.91). Linking to Cluster ID: d013b903-6a83-4c6f-a118-0320ef9f7e11
2026-01-18 17:46:13,140 - INFO - Saved article: Uganda’s president calls opponents 'terrorists' in victory speech | Uganda | The Guardian from The Guardian (533 words)
2026-01-18 17:46:13,140 - INFO - [BBC] Early skip: URL https://www.bbc.com/news/articles/cg5gegrdq3go?at_medium=RSS&at_campaign=rss already exists.
2026-01-18 17:46:13,334 - INFO - [The Hindu] Article: https://www.thehindu.com/news/national/kerala/former-district-judge-cat-member-am-sivadas-passes-away/article70522747.ece
2026-01-18 17:46:13,335 - INFO - [The Hindu] Attempt 1/1: Trying with 'selenium_browser' strategy...
2026-01-18 17:46:13,335 - INFO - [Times of India] Article: https://timesofindia.indiatimes.com/world/us/karenesque-lara-trumps-viral-dance-sparks-cringe-and-brutal-takes-on-her-music-career/articleshow/126651414.cms
2026-01-18 17:46:13,336 - INFO - [Times of India] Attempt 1/1: Trying with 'selenium_browser' strategy...
2026-01-18 17:46:13,336 - INFO - [BBC] Early skip: URL https://www.bbc.com/news/articles/cx20n55yxrlo?at_medium=RSS&at_campaign=rss already exists.
2026-01-18 17:46:13,506 - INFO - [BBC] Early skip: URL https://www.bbc.com/news/articles/cz7ypw4rjrzo?at_medium=RSS&at_campaign=rss already exists.
2026-01-18 17:46:13,648 - INFO - [BBC] Early skip: URL https://www.bbc.com/news/articles/c74v0pxg2nvo?at_medium=RSS&at_campaign=rss already exists.
2026-01-18 17:46:13,913 - INFO - [The Guardian] Early skip: URL https://www.theguardian.com/world/2026/jan/17/yoweri-museveni-wins-ugandan-election-as-opponent-condemns-fake-result already exists.
2026-01-18 17:46:14,132 - INFO - [BBC] Early skip: URL https://www.bbc.com/news/articles/cly148lvyevo?at_medium=RSS&at_campaign=rss already exists.
2026-01-18 17:46:14,372 - INFO - [The Guardian] Early skip: URL https://www.theguardian.com/uk-news/2026/jan/17/afcon-little-morocco-london-confidence-high already exists.
2026-01-18 17:46:14,509 - INFO - [The Guardian] Early skip: URL https://www.theguardian.com/environment/2026/jan/17/twin-baby-mountain-gorilla-virunga-drc-survival-conservation-aoe already exists.
2026-01-18 17:46:14,775 - INFO - [The Guardian] Early skip: URL https://www.theguardian.com/world/2026/jan/16/uganda-election-early-results-show-museveni-in-lead-as-violence-reported already exists.
2026-01-18 17:46:15,068 - INFO - [BBC] Early skip: URL https://www.bbc.com/news/articles/c150pg5dvp2o?at_medium=RSS&at_campaign=rss already exists.
2026-01-18 17:46:15,249 - INFO - [The Guardian] Early skip: URL https://www.theguardian.com/us-news/2026/jan/16/trump-administration-mistake-college-student-detained already exists.
2026-01-18 17:46:15,503 - INFO - [The Guardian] Early skip: URL https://www.theguardian.com/world/2026/jan/16/cia-chief-visits-maduro-successor-as-machado-vows-to-become-venezuelas-president already exists.
2026-01-18 17:46:15,795 - INFO - [The Guardian] Early skip: URL https://www.theguardian.com/world/2026/jan/16/brazil-jair-bolsonaro-reduce-sentence-reading-books already exists.
2026-01-18 17:46:16,075 - INFO - [The Guardian] Early skip: URL https://www.theguardian.com/world/2026/jan/16/china-canada-partnership-new-global-realities-carney-xi-jinping already exists.
2026-01-18 17:46:16,372 - INFO - [BBC] Early skip: URL https://www.bbc.com/news/articles/c620nq38y6po?at_medium=RSS&at_campaign=rss already exists.
2026-01-18 17:46:16,623 - INFO - [BBC] Early skip: URL https://www.bbc.com/news/articles/c3r1v7gqdp8o?at_medium=RSS&at_campaign=rss already exists.
2026-01-18 17:46:16,891 - INFO - [BBC] Early skip: URL https://www.bbc.com/news/articles/czejykzg77po?at_medium=RSS&at_campaign=rss already exists.
2026-01-18 17:46:17,183 - INFO - [The Guardian] Early skip: URL https://www.theguardian.com/world/2026/jan/16/julio-iglesias-denies-sexual-abuse-claims-of-two-former-female-employees already exists.
2026-01-18 17:46:17,473 - INFO - [The Guardian] Early skip: URL https://www.theguardian.com/world/2026/jan/18/chinese-mega-embassy-london-british-spies-mi5-analysis already exists.
2026-01-18 17:46:17,686 - INFO - [The Guardian] Early skip: URL https://www.theguardian.com/world/2026/jan/16/south-korea-sentences-ex-president-yoon-suk-yeol-five-years-first-martial-law-verdict already exists.
2026-01-18 17:46:17,937 - INFO - [The Guardian] Early skip: URL https://www.theguardian.com/us-news/2026/jan/15/us-taiwan-tariff-deal already exists.
2026-01-18 17:46:18,205 - INFO - [The Guardian] Early skip: URL https://www.theguardian.com/world/2026/jan/14/thailand-train-crane-accident-deaths already exists.
2026-01-18 17:46:18,477 - INFO - [The Guardian] Early skip: URL https://www.theguardian.com/world/2026/jan/14/china-reports-record-trillion-dollar-trade-surplus-despite-trump-tariffs already exists.
2026-01-18 17:46:18,653 - INFO - [The Guardian] Early skip: URL https://www.theguardian.com/australia-news/2026/jan/18/peter-malinauskas-adelaide-writers-week-letter-randa-abdel-fattah-ntwnfb already exists.
2026-01-18 17:46:18,883 - INFO - [The Guardian] Early skip: URL https://www.theguardian.com/australia-news/2026/jan/18/boy-fighting-for-life-after-being-bitten-by-shark-at-nielsen-park-in-sydneys-east already exists.
2026-01-18 17:46:19,154 - INFO - [BBC] Early skip: URL https://www.bbc.com/news/articles/c5y5le7yl7po?at_medium=RSS&at_campaign=rss already exists.
2026-01-18 17:46:19,406 - INFO - [BBC] Early skip: URL https://www.bbc.com/news/articles/c2lgxxrxd52o?at_medium=RSS&at_campaign=rss already exists.
2026-01-18 17:46:19,516 - INFO - [The Guardian] Early skip: URL https://www.theguardian.com/australia-news/2026/jan/18/disappointed-jewish-leaders-call-for-compromise-on-hate-speech-laws-after-labor-backdown-on-bill-ntwnfb already exists.
2026-01-18 17:46:19,630 - INFO - [BBC] Early skip: URL https://www.bbc.com/news/articles/ckglee733wno?at_medium=RSS&at_campaign=rss already exists.
2026-01-18 17:46:19,785 - INFO - [BBC] Early skip: URL https://www.bbc.com/news/articles/c74vdgkw1kzo?at_medium=RSS&at_campaign=rss already exists.
2026-01-18 17:46:20,059 - INFO - [BBC] Early skip: URL https://www.bbc.com/news/articles/czejwl2z80lo?at_medium=RSS&at_campaign=rss already exists.
2026-01-18 17:46:20,171 - INFO - [BBC] Early skip: URL https://www.bbc.com/news/articles/clyn0ek5rdpo?at_medium=RSS&at_campaign=rss already exists.
2026-01-18 17:46:20,354 - INFO - [BBC] Early skip: URL https://www.bbc.com/news/articles/cnvg70v1z0ro?at_medium=RSS&at_campaign=rss already exists.
2026-01-18 17:46:20,535 - INFO - [BBC] Early skip: URL https://www.bbc.com/news/articles/cpv70mek448o?at_medium=RSS&at_campaign=rss already exists.
2026-01-18 17:46:20,728 - INFO - [The Guardian] Early skip: URL https://www.theguardian.com/australia-news/live/2026/jan/18/australia-news-live-weather-sydney-nsw-storms-sunday-politics-ntwnfb already exists.
2026-01-18 17:46:20,902 - INFO - [The Guardian] Early skip: URL https://www.theguardian.com/sport/2026/jan/17/damien-martyn-declares-im-back-after-leaving-hospital-following-meningitis already exists.
2026-01-18 17:46:21,055 - INFO - [The Guardian] Early skip: URL https://www.theguardian.com/world/live/2026/jan/18/greenland-eu-donald-trump-tariffs-keir-starmer-europe-live-latest-updates already exists.
2026-01-18 17:46:21,349 - INFO - [The Guardian] Early skip: URL https://www.theguardian.com/world/2026/jan/18/europe-diplomats-crisis-talks-trump-tariffs-greenland already exists.
2026-01-18 17:46:21,624 - INFO - [BBC] Early skip: URL https://www.bbc.com/news/articles/cz7y14ypg2qo?at_medium=RSS&at_campaign=rss already exists.
2026-01-18 17:46:21,924 - INFO - [BBC] Early skip: URL https://www.bbc.com/news/articles/cvgjn5yyeljo?at_medium=RSS&at_campaign=rss already exists.
2026-01-18 17:46:22,161 - INFO - [The Guardian] Early skip: URL https://www.theguardian.com/business/2026/jan/18/world-stock-markets-brace-for-turbulence-after-trumps-latest-tariff-shock already exists.
2026-01-18 17:46:22,351 - INFO - [The Guardian] Early skip: URL https://www.theguardian.com/world/2026/jan/18/portugal-election-votes-tight-presidential-race-far-right-runoff already exists.
2026-01-18 17:46:22,609 - INFO - [BBC] Early skip: URL https://www.bbc.com/news/articles/cy59pvkqvl5o?at_medium=RSS&at_campaign=rss already exists.
2026-01-18 17:46:22,724 - INFO - [BBC] Early skip: URL https://www.bbc.com/news/articles/c1wz8vyq54xo?at_medium=RSS&at_campaign=rss already exists.
2026-01-18 17:46:22,934 - INFO - [BBC] Early skip: URL https://www.bbc.com/news/articles/c8x95nk72k2o?at_medium=RSS&at_campaign=rss already exists.
2026-01-18 17:46:23,183 - INFO - [BBC] Early skip: URL https://www.bbc.com/news/articles/cx2gjdx241wo?at_medium=RSS&at_campaign=rss already exists.
2026-01-18 17:46:23,350 - INFO - [The Guardian] Early skip: URL https://www.theguardian.com/business/2026/jan/18/trump-tariff-threats-economic-uncertainty-analysis already exists.
2026-01-18 17:46:23,453 - INFO - [The Guardian] Early skip: URL https://www.theguardian.com/world/2026/jan/18/israel-far-right-ministers-reject-us-backed-postwar-gaza-panel already exists.
2026-01-18 17:46:23,498 - INFO - [The Hindu] Page content loaded.
2026-01-18 17:46:23,644 - INFO - [The Guardian] Early skip: URL https://www.theguardian.com/world/2026/jan/18/syrian-army-surges-into-kurdish-held-towns-in-betrayal-shattering-hopes-of-accord already exists.
2026-01-18 17:46:23,697 - INFO - [The Hindu] Success with 'selenium_browser'. Found content (126 words).
2026-01-18 17:46:23,789 - INFO - [The Guardian] Early skip: URL https://www.theguardian.com/world/2026/jan/18/why-protesters-iran-feel-betrayed-donald-trump already exists.
2026-01-18 17:46:24,035 - INFO - [The Guardian] Early skip: URL https://www.theguardian.com/world/2026/jan/17/israel-objects-to-white-houses-pick-of-leaders-for-board-of-peace already exists.
2026-01-18 17:46:24,206 - INFO - [The Guardian] Early skip: URL https://www.theguardian.com/world/2026/jan/17/child-mortality-crisis-continues-in-gaza-with-more-than-100-killed-since-ceasefire already exists.
2026-01-18 17:46:24,391 - INFO - [BBC] Early skip: URL https://www.bbc.com/news/articles/c78vw30p1d2o?at_medium=RSS&at_campaign=rss already exists.
2026-01-18 17:46:24,553 - INFO - [BBC] Early skip: URL https://www.bbc.com/news/articles/crmlvym2e3eo?at_medium=RSS&at_campaign=rss already exists.
2026-01-18 17:46:24,718 - INFO - [BBC] Early skip: URL https://www.bbc.com/news/articles/cx20qj1pwrwo?at_medium=RSS&at_campaign=rss already exists.
2026-01-18 17:47:19,356 - INFO - Saved article: Former district judge, CAT member A.M. Sivadas passes away - The Hindu from The Hindu (126 words)
2026-01-18 17:47:19,356 - INFO - [BBC] Early skip: URL https://www.bbc.com/news/articles/c07xvv9r422o?at_medium=RSS&at_campaign=rss already exists.
2026-01-18 17:47:19,593 - INFO - [BBC] Early skip: URL https://www.bbc.com/news/articles/c9vx7kn33elo?at_medium=RSS&at_campaign=rss already exists.
2026-01-18 17:47:19,869 - INFO - [BBC] Early skip: URL https://www.bbc.com/news/articles/cm24k6kk1rko?at_medium=RSS&at_campaign=rss already exists.
2026-01-18 17:47:20,039 - INFO - [BBC] Early skip: URL https://www.bbc.com/news/articles/c62nzxqw45eo?at_medium=RSS&at_campaign=rss already exists.
2026-01-18 17:47:20,351 - INFO - [The Hindu] Article: https://www.thehindu.com/news/national/karnataka/karnataka-housing-minister-invites-randeep-singh-surjewala-for-hubballi-housing-allotment-event/article70522224.ece
2026-01-18 17:47:20,351 - INFO - [The Hindu] Attempt 1/1: Trying with 'selenium_browser' strategy...
2026-01-18 17:47:21,663 - INFO - [The Hindu] Page content loaded.
2026-01-18 17:47:22,078 - INFO - [The Hindu] Success with 'selenium_browser'. Found content (197 words).
2026-01-18 17:48:10,849 - INFO - DEDUPLICATION: Found match (Score: 0.81). Linking to Cluster ID: ffb3dc75-69cd-4839-8e7d-1f62fefcb5ad
2026-01-18 17:48:10,852 - INFO - Saved article: Karnataka Housing Minister invites Randeep Singh Surjewala for Hubballi housing allotment event - The Hindu from The Hindu (197 words)
2026-01-18 17:48:11,452 - INFO - [The Hindu] Early skip: URL https://www.thehindu.com/news/national/karnataka/bjp-takes-a-dig-at-karnataka-deputy-chief-minister-for-skipping-wef/article70522800.ece already exists.
2026-01-18 17:48:11,620 - INFO - [The Hindu] Early skip: URL https://www.thehindu.com/news/national/tamil-nadu/aiadmk-to-honour-anti-hindi-agitation-martyrs-on-jan-25/article70522256.ece already exists.
2026-01-18 17:48:11,857 - INFO - [The Hindu] Article: https://www.thehindu.com/news/national/tamil-nadu/bjp-forms-panel-to-draft-manifesto-for-2026-election/article70522629.ece
2026-01-18 17:48:11,857 - INFO - [The Hindu] Attempt 1/1: Trying with 'selenium_browser' strategy...
2026-01-18 17:48:13,404 - INFO - [The Hindu] Page content loaded.
2026-01-18 17:48:13,436 - ERROR - [Times of India] Request failed for strategy 'selenium_browser' on URL https://timesofindia.indiatimes.com/world/us/karenesque-lara-trumps-viral-dance-sparks-cringe-and-brutal-takes-on-her-music-career/articleshow/126651414.cms: HTTPConnectionPool(host='localhost', port=47921): Read timed out. (read timeout=120)
2026-01-18 17:48:13,436 - ERROR - [Times of India] All scrape strategies failed for https://timesofindia.indiatimes.com/world/us/karenesque-lara-trumps-viral-dance-sparks-cringe-and-brutal-takes-on-her-music-career/articleshow/126651414.cms. Falling back to RSS description.
2026-01-18 17:48:13,436 - WARNING - SKIPPED (GLOBAL WORD LIMIT): Article '‘Karenesque’: Lara Trump’s viral dance sparks cringe and brutal takes on her music career' from Times of India has only 55 words (Min: 90).
2026-01-18 17:48:13,548 - WARNING - [The Hindu] FAILED with 'selenium_browser' (content was too short: 81 words).
2026-01-18 17:48:13,548 - ERROR - [The Hindu] All scrape strategies failed for https://www.thehindu.com/news/national/tamil-nadu/bjp-forms-panel-to-draft-manifesto-for-2026-election/article70522629.ece. Falling back to RSS description.
2026-01-18 17:48:13,548 - WARNING - SKIPPED (GLOBAL WORD LIMIT): Article 'BJP forms panel to draft manifesto for 2026 election' from The Hindu has only 3 words (Min: 90).
2026-01-18 17:48:14,045 - INFO - [Times of India] Early skip: URL https://timesofindia.indiatimes.com/world/rest-of-world/chile-wildfire-at-least-15-killed-in-south-state-of-emergency-declared/articleshow/126650666.cms already exists.
2026-01-18 17:48:14,299 - INFO - [Times of India] Early skip: URL https://timesofindia.indiatimes.com/world/pakistan/middle-east-trump-invited-pm-shehbaz-sharif-to-join-gaza-board-of-peace-says-pakistan/articleshow/126644879.cms already exists.
2026-01-18 17:48:14,412 - INFO - [Times of India] Article: https://timesofindia.indiatimes.com/world/us/watch-andrew-tate-nick-fuentes-and-others-caught-dancing-to-heil-hitler-netizens-shout-sinister/articleshow/126648049.cms
2026-01-18 17:48:14,413 - INFO - [Times of India] Attempt 1/1: Trying with 'selenium_browser' strategy...
2026-01-18 17:48:14,626 - INFO - [The Hindu] Early skip: URL https://www.thehindu.com/news/national/karnataka/ashok-alleges-2500-crore-bribery-racket-in-excise-department-seeks-minister-rb-thimmapurs-resignation/article70522319.ece already exists.
2026-01-18 17:48:14,745 - INFO - [The Hindu] Early skip: URL https://www.thehindu.com/news/national/india-invited-to-sit-on-trumps-board-of-peace-for-gaza/article70523013.ece already exists.
2026-01-18 17:48:15,032 - INFO - [The Hindu] Early skip: URL https://www.thehindu.com/news/national/andhra-pradesh/technician-at-government-hospital-dies-by-suicide/article70522942.ece already exists.
2026-01-18 17:48:15,210 - INFO - [The Hindu] Early skip: URL https://www.thehindu.com/news/national/karnataka/customs-seize-exotic-animals-smuggled-from-bangkok-at-bengaluru-airport/article70522935.ece already exists.
2026-01-18 17:48:15,389 - INFO - [The Hindu] Early skip: URL https://www.thehindu.com/news/national/kerala/rahul-gandhi-to-inaugurate-maha-panchayat-in-kochi/article70522916.ece already exists.
2026-01-18 17:48:15,513 - INFO - [The Hindu] Article: https://www.thehindu.com/news/national/karnataka/kadra-sub-inspector-suspended/article70522822.ece
2026-01-18 17:48:15,514 - INFO - [The Hindu] Attempt 1/1: Trying with 'selenium_browser' strategy...
2026-01-18 17:48:16,790 - INFO - [The Hindu] Page content loaded.
2026-01-18 17:48:16,887 - WARNING - [The Hindu] FAILED with 'selenium_browser' (content was too short: 84 words).
2026-01-18 17:48:16,888 - ERROR - [The Hindu] All scrape strategies failed for https://www.thehindu.com/news/national/karnataka/kadra-sub-inspector-suspended/article70522822.ece. Falling back to RSS description.
2026-01-18 17:48:16,888 - WARNING - SKIPPED (GLOBAL WORD LIMIT): Article 'Kadra Sub-Inspector suspended' from The Hindu has only 3 words (Min: 90).
2026-01-18 17:48:18,120 - INFO - [The Hindu] Article: https://www.thehindu.com/news/national/karnataka/lalbagh-flower-show-draws-over-68000-visitors-on-sunday/article70522901.ece
2026-01-18 17:48:18,120 - INFO - [The Hindu] Attempt 1/1: Trying with 'selenium_browser' strategy...
2026-01-18 17:48:19,178 - INFO - [The Hindu] Page content loaded.
2026-01-18 17:48:19,280 - WARNING - [The Hindu] FAILED with 'selenium_browser' (content was too short: 89 words).
2026-01-18 17:48:19,280 - ERROR - [The Hindu] All scrape strategies failed for https://www.thehindu.com/news/national/karnataka/lalbagh-flower-show-draws-over-68000-visitors-on-sunday/article70522901.ece. Falling back to RSS description.
2026-01-18 17:48:19,280 - WARNING - SKIPPED (GLOBAL WORD LIMIT): Article 'Lalbagh flower show draws over 68,000 visitors on Sunday' from The Hindu has only 3 words (Min: 90).
2026-01-18 17:48:19,909 - INFO - [The Hindu] Early skip: URL https://www.thehindu.com/news/national/kerala/bss-gurukulam-bags-best-school-trophy-at-arts-fest/article70523038.ece already exists.
2026-01-18 17:48:20,124 - INFO - [The Hindu] Early skip: URL https://www.thehindu.com/news/national/kerala/government-plans-art-institutions-to-train-students-says-sivankutty/article70523016.ece already exists.
2026-01-18 17:48:20,328 - INFO - [The Hindu] Early skip: URL https://www.thehindu.com/news/cities/Hyderabad/winds-ground-balloons-then-give-way-dramatic-finale-as-hyderabad-hot-air-balloon-festival-ends-on-a-high/article70522468.ece already exists.
2026-01-18 17:48:20,489 - INFO - [The Hindu] Article: https://www.thehindu.com/news/national/kerala/cyber-fraudsters-dupe-kochi-residents-of-90-crore-in-2025/article70522884.ece
2026-01-18 17:48:20,489 - INFO - [The Hindu] Attempt 1/1: Trying with 'selenium_browser' strategy...
2026-01-18 17:48:21,712 - INFO - [The Hindu] Page content loaded.
2026-01-18 17:48:21,774 - INFO - [The Hindu] Success with 'selenium_browser'. Found content (478 words).
2026-01-18 17:49:10,078 - INFO - DEDUPLICATION: Found match (Score: 0.72). Linking to Cluster ID: 9ec47524-397b-4803-81f9-80a6e5446d54
2026-01-18 17:49:10,081 - INFO - Saved article: Cyber fraudsters dupe Kochi residents of ₹90 crore in 2025 - The Hindu from The Hindu (478 words)
2026-01-18 17:49:11,227 - INFO - [The Hindu] Article: https://www.thehindu.com/news/national/kerala/immense-scope-for-india-netherlands-cooperation-in-shipping-sector-dutch-ambassador/article70522953.ece
2026-01-18 17:49:11,227 - INFO - [The Hindu] Attempt 1/1: Trying with 'selenium_browser' strategy...
2026-01-18 17:49:12,501 - INFO - [The Hindu] Page content loaded.
2026-01-18 17:49:12,583 - WARNING - [The Hindu] FAILED with 'selenium_browser' (content was too short: 77 words).
2026-01-18 17:49:12,584 - ERROR - [The Hindu] All scrape strategies failed for https://www.thehindu.com/news/national/kerala/immense-scope-for-india-netherlands-cooperation-in-shipping-sector-dutch-ambassador/article70522953.ece. Falling back to RSS description.
2026-01-18 17:49:12,584 - WARNING - SKIPPED (GLOBAL WORD LIMIT): Article 'Immense scope for India-Netherlands cooperation in shipping sector: Dutch Ambassador' from The Hindu has only 3 words (Min: 90).
2026-01-18 17:49:14,035 - INFO - [The Hindu] Article: https://www.thehindu.com/news/national/tamil-nadu/anna-university-partners-with-the-andhra-pradesh-government-to-develop-drone-ambulance/article70521989.ece
2026-01-18 17:49:14,035 - INFO - [The Hindu] Attempt 1/1: Trying with 'selenium_browser' strategy...
2026-01-18 17:49:15,017 - INFO - [The Hindu] Page content loaded.
2026-01-18 17:49:15,123 - INFO - [The Hindu] Success with 'selenium_browser'. Found content (487 words).
2026-01-18 17:50:00,604 - INFO - Saved article: Anna University partners with the Andhra Pradesh government to develop drone ambulance - The Hindu from The Hindu (487 words)
2026-01-18 17:50:01,472 - INFO - [The Hindu] Article: https://www.thehindu.com/news/national/andhra-pradesh/woman-constable-praised-for-clearing-traffic-for-ambulance-in-samarlakota/article70522586.ece
2026-01-18 17:50:01,473 - INFO - [The Hindu] Attempt 1/1: Trying with 'selenium_browser' strategy...
2026-01-18 17:50:02,618 - INFO - [The Hindu] Page content loaded.
2026-01-18 17:50:02,745 - INFO - [The Hindu] Success with 'selenium_browser'. Found content (144 words).
2026-01-18 17:50:14,513 - ERROR - [Times of India] Request failed for strategy 'selenium_browser' on URL https://timesofindia.indiatimes.com/world/us/watch-andrew-tate-nick-fuentes-and-others-caught-dancing-to-heil-hitler-netizens-shout-sinister/articleshow/126648049.cms: HTTPConnectionPool(host='localhost', port=47921): Read timed out. (read timeout=120)
2026-01-18 17:50:14,513 - ERROR - [Times of India] All scrape strategies failed for https://timesofindia.indiatimes.com/world/us/watch-andrew-tate-nick-fuentes-and-others-caught-dancing-to-heil-hitler-netizens-shout-sinister/articleshow/126648049.cms. Falling back to RSS description.
2026-01-18 17:50:14,513 - WARNING - SKIPPED (GLOBAL WORD LIMIT): Article 'Watch: Andrew Tate, Nick Fuentes and others caught dancing to 'Heil Hitler', netizens shout 'sinister'' from Times of India has only 58 words (Min: 90).
2026-01-18 17:50:29,273 - CRITICAL - --- TIMEOUT: 2 scrape jobs did not complete in 300s. ---
2026-01-18 17:50:29,273 - ERROR - A thread has timed out and will be abandoned.
2026-01-18 17:50:29,273 - ERROR - A thread has timed out and will be abandoned.
2026-01-18 17:50:29,273 - INFO - Shutting down thread pool (wait=False)...
2026-01-18 17:50:29,273 - INFO - Scraped: 0 BBC, 1 The Guardian, 2 Timed_Out_Jobs articles. (Total saved: 1)
2026-01-18 17:50:29,274 - INFO - --- Scraping job finished ---
2026-01-18 17:50:29,275 - INFO - --- Scraper service stopped and database connection closed. ---
2026-01-18 17:50:29,275 - INFO - --- Main thread finished. Forcing process exit to kill zombie threads. ---
