2026-01-09 19:43:30,815 - INFO - Loading AI Semantic Model (all-MiniLM-L6-v2)...
2026-01-09 19:43:30,816 - INFO - Use pytorch device_name: cpu
2026-01-09 19:43:30,816 - INFO - Load pretrained SentenceTransformer: all-MiniLM-L6-v2
2026-01-09 19:43:32,027 - INFO - AI Model loaded successfully.
2026-01-09 19:43:32,027 - INFO - --- Scraper service started (CI Mode: Run Once) ---
2026-01-09 19:43:32,027 - INFO - --- Starting new scraping job (Parallel Mode) ---
2026-01-09 19:43:32,027 - INFO - Creating new robust session with 3 retries on 5xx/connection/read errors.
2026-01-09 19:43:32,027 - INFO - Proxy is DISABLED.
2026-01-09 19:43:32,027 - INFO - Starting scrape for BBC RSS feed: http://feeds.bbci.co.uk/news/world/rss.xml
2026-01-09 19:43:32,028 - INFO - [Times of India] (Thread) requires Selenium. Initializing driver...
2026-01-09 19:43:32,029 - INFO - Starting scrape for The Guardian RSS feed: https://www.theguardian.com/world/rss
2026-01-09 19:43:32,030 - INFO - [The Hindu] (Thread) requires Selenium. Initializing driver...
2026-01-09 19:43:32,030 - INFO - Submitted 4 jobs to thread pool. Waiting up to 300s for completion...
2026-01-09 19:43:32,232 - INFO - Found 45 articles in The Guardian RSS feed. Processing up to 30.
2026-01-09 19:43:32,232 - INFO - [The Guardian] Early skip: URL https://www.theguardian.com/global-development/2026/jan/09/the-gambia-female-genital-mutilation-fgm-supreme-court-case-overturn-ban already exists.
2026-01-09 19:43:32,504 - INFO - [The Guardian] Early skip: URL https://www.theguardian.com/world/2026/jan/08/questions-targeting-impact-us-airstrikes-in-nigeria already exists.
2026-01-09 19:43:32,751 - INFO - Found 32 articles in BBC RSS feed. Processing up to 30.
2026-01-09 19:43:32,793 - INFO - [BBC] Early skip: URL https://www.bbc.com/news/articles/cg7y0579lp8o?at_medium=RSS&at_campaign=rss already exists.
2026-01-09 19:43:32,913 - INFO - [The Guardian] Early skip: URL https://www.theguardian.com/world/2026/jan/02/anthony-joshuas-driver-charged-with-dangerous-driving-after-fatal-crash-in-nigeria already exists.
2026-01-09 19:43:33,085 - INFO - [BBC] Early skip: URL https://www.bbc.com/news/articles/c4g0mq520zeo?at_medium=RSS&at_campaign=rss already exists.
2026-01-09 19:43:33,294 - INFO - [The Guardian] Early skip: URL https://www.theguardian.com/science/2026/jan/01/cremation-pyre-in-africa-thought-to-be-worlds-oldest-containing-adult-remains already exists.
2026-01-09 19:43:33,559 - INFO - [BBC] Early skip: URL https://www.bbc.com/news/articles/cdxj28xd542o?at_medium=RSS&at_campaign=rss already exists.
2026-01-09 19:43:33,785 - INFO - [The Guardian] Early skip: URL https://www.theguardian.com/global-development/2026/jan/01/us-aid-cuts-conditions-un-humanitarian-pledge-ocha already exists.
2026-01-09 19:43:33,959 - INFO - [BBC] Early skip: URL https://www.bbc.com/news/articles/cwygjvkvpgro?at_medium=RSS&at_campaign=rss already exists.
2026-01-09 19:43:34,133 - INFO - [The Guardian] Early skip: URL https://www.theguardian.com/world/2026/jan/09/trump-venezuela-leadership-meeting-opposition-machado already exists.
2026-01-09 19:43:34,344 - INFO - [BBC] Early skip: URL https://www.bbc.com/news/articles/c17zqz5pprwo?at_medium=RSS&at_campaign=rss already exists.
2026-01-09 19:43:34,603 - INFO - [The Guardian] Early skip: URL https://www.theguardian.com/world/2026/jan/09/eu-states-back-controversial-mercosur-deal-with-latin-american-countries already exists.
2026-01-09 19:43:34,875 - INFO - [BBC] Early skip: URL https://www.bbc.com/news/articles/cgqe9kv9xxvo?at_medium=RSS&at_campaign=rss already exists.
2026-01-09 19:43:35,009 - INFO - [The Guardian] Early skip: URL https://www.theguardian.com/world/2026/jan/09/us-venezuela-oil-tanker-seizure already exists.
2026-01-09 19:43:35,307 - INFO - [BBC] Early skip: URL https://www.bbc.com/news/articles/c99kn52nx9do?at_medium=RSS&at_campaign=rss already exists.
2026-01-09 19:43:35,484 - INFO - [The Guardian] Early skip: URL https://www.theguardian.com/world/2026/jan/08/venezuela-to-release-important-number-of-detainees already exists.
2026-01-09 19:43:35,748 - INFO - [BBC] Early skip: URL https://www.bbc.com/news/articles/c8d04zp8m26o?at_medium=RSS&at_campaign=rss already exists.
2026-01-09 19:43:35,991 - INFO - [The Guardian] Early skip: URL https://www.theguardian.com/world/2026/jan/08/brazil-president-lula-vetoes-bill-jair-bolsonaro-prison-sentence already exists.
2026-01-09 19:43:36,186 - INFO - [BBC] Early skip: URL https://www.bbc.com/news/articles/cly3vl3yp2do?at_medium=RSS&at_campaign=rss already exists.
2026-01-09 19:43:36,320 - INFO - [The Guardian] Early skip: URL https://www.theguardian.com/world/2026/jan/08/alleged-scam-kingpin-chen-zhi-extradited-china-cambodia-arrest already exists.
2026-01-09 19:43:36,479 - INFO - [BBC] Early skip: URL https://www.bbc.com/news/articles/c0mkwl2g499o?at_medium=RSS&at_campaign=rss already exists.
2026-01-09 19:43:36,591 - INFO - [The Guardian] Early skip: URL https://www.theguardian.com/world/2026/jan/06/papua-new-guinea-internet-starlink-shut-down already exists.
2026-01-09 19:43:36,852 - INFO - [BBC] Early skip: URL https://www.bbc.com/news/articles/c99knmrx71go?at_medium=RSS&at_campaign=rss already exists.
2026-01-09 19:43:37,107 - INFO - [The Guardian] Early skip: URL https://www.theguardian.com/world/2026/jan/06/what-us-action-in-venezuela-means-for-taiwan already exists.
2026-01-09 19:43:37,289 - INFO - [BBC] Article: https://www.bbc.com/news/articles/ceqzj49gny4o?at_medium=RSS&at_campaign=rss
2026-01-09 19:43:37,289 - INFO - [BBC] Attempt 1/1: Trying with 'requests_browser' strategy...
2026-01-09 19:43:37,291 - INFO - [The Guardian] Early skip: URL https://www.theguardian.com/world/2026/jan/05/venezuela-trump-attack-china-interests-analysis already exists.
2026-01-09 19:43:37,407 - INFO - [The Guardian] Early skip: URL https://www.theguardian.com/world/2026/jan/05/giant-bluefin-tuna-sold-record-amount-tokyo-auction-kiyoshi-kimura already exists.
2026-01-09 19:43:37,497 - INFO - [BBC] Success with 'requests_browser'. Found content (548 words).
2026-01-09 19:43:38,661 - INFO - Selenium driver initialized successfully.
2026-01-09 19:43:38,662 - INFO - Selenium driver initialized successfully.
2026-01-09 19:43:38,662 - INFO - Starting scrape for Times of India RSS feed: https://timesofindia.indiatimes.com/rssfeeds/296589292.cms
2026-01-09 19:43:38,662 - INFO - Starting scrape for The Hindu RSS feed: https://www.thehindu.com/news/national/feeder/default.rss
2026-01-09 19:43:38,948 - INFO - Found 20 articles in Times of India RSS feed. Processing up to 30.
2026-01-09 19:43:38,957 - INFO - Found 100 articles in The Hindu RSS feed. Processing up to 30.
2026-01-09 19:44:09,792 - INFO - Saved article: EU reaches long-trailed trade agreement with South American bloc from BBC (548 words)
2026-01-09 19:44:09,792 - INFO - [The Guardian] Early skip: URL https://www.theguardian.com/australia-news/2026/jan/09/ten-properties-in-ruffy-destroyed-including-firefighters-home-as-fire-hits-victorian-town-like-a-bomb already exists.
2026-01-09 19:44:09,950 - INFO - [Times of India] Article: https://timesofindia.indiatimes.com/etimes/trending/extreme-asymmetry-doctors-warn-after-influencer-spends-300-days-training-only-one-shoulder/articleshow/126441404.cms
2026-01-09 19:44:09,950 - INFO - [Times of India] Attempt 1/1: Trying with 'selenium_browser' strategy...
2026-01-09 19:44:09,951 - INFO - [The Hindu] Article: https://www.thehindu.com/news/national/karnataka/encourage-innovation-and-entrepreneurial-thinking-aicte-vice-chairman/article70491824.ece
2026-01-09 19:44:09,951 - INFO - [The Hindu] Attempt 1/1: Trying with 'selenium_browser' strategy...
2026-01-09 19:44:09,951 - INFO - [The Guardian] Early skip: URL https://www.theguardian.com/australia-news/2026/jan/10/victorian-liberals-year-ahead-new-leader-jess-wilson already exists.
2026-01-09 19:44:10,246 - INFO - [The Guardian] Early skip: URL https://www.theguardian.com/environment/2026/jan/09/heatwave-engulfs-south-eastern-states-as-victoria-faces-catastrophic-bushfire-conditions-not-seen-since-black-summer already exists.
2026-01-09 19:44:10,499 - INFO - [The Guardian] Early skip: URL https://www.theguardian.com/culture/2026/jan/09/adelaide-festival-boycott-pro-palestine-academic-randa-abdel-fattah-ntwnfb already exists.
2026-01-09 19:44:10,602 - INFO - [The Guardian] Early skip: URL https://www.theguardian.com/business/2026/jan/09/mining-firms-rio-tinto-and-glencore-restart-merger-talks already exists.
2026-01-09 19:44:10,780 - INFO - [The Guardian] Early skip: URL https://www.theguardian.com/world/live/2026/jan/09/ukraine-russia-tanker-fleet-meloni-switzerland-fire-greenland-europe-latest-news-updates already exists.
2026-01-09 19:44:10,922 - INFO - [The Guardian] Early skip: URL https://www.theguardian.com/world/2026/jan/09/swiss-bar-fire-le-constellation-owner-arrested already exists.
2026-01-09 19:44:11,037 - INFO - [The Guardian] Early skip: URL https://www.theguardian.com/world/2026/jan/09/storm-goretti-germany-heavy-snowfall-strong-winds-france-northern-europe already exists.
2026-01-09 19:44:11,317 - INFO - [BBC] Early skip: URL https://www.bbc.com/news/articles/cje1vjpwje4o?at_medium=RSS&at_campaign=rss already exists.
2026-01-09 19:44:11,446 - INFO - [BBC] Early skip: URL https://www.bbc.com/news/articles/c4gvp5gyd7xo?at_medium=RSS&at_campaign=rss already exists.
2026-01-09 19:44:11,582 - INFO - [The Guardian] Early skip: URL https://www.theguardian.com/artanddesign/2026/jan/09/anonymous-painting-bought-at-auction-on-hunch-identified-as-two-in-one-rubens already exists.
2026-01-09 19:44:11,774 - INFO - [The Guardian] Early skip: URL https://www.theguardian.com/world/2026/jan/09/russia-ukraine-hypersonic-oreshnik-missile-attack already exists.
2026-01-09 19:44:11,907 - INFO - [BBC] Early skip: URL https://www.bbc.com/news/articles/c2lgjd51v95o?at_medium=RSS&at_campaign=rss already exists.
2026-01-09 19:44:12,130 - INFO - [BBC] Early skip: URL https://www.bbc.com/sport/tennis/articles/cz9vn0vk7djo?at_medium=RSS&at_campaign=rss already exists.
2026-01-09 19:44:12,304 - INFO - [The Guardian] Early skip: URL https://www.theguardian.com/global-development/2026/jan/09/iran-supreme-leader-harsher-crackdown-protest-movement-swells already exists.
2026-01-09 19:44:12,464 - INFO - [The Guardian] Early skip: URL https://www.theguardian.com/world/2026/jan/09/growing-protests-in-iran-do-not-necessarily-herald-a-return-to-monarchy already exists.
2026-01-09 19:44:12,615 - INFO - [The Guardian] Early skip: URL https://www.theguardian.com/world/2026/jan/09/syria-announces-ceasefire-aleppo-clashes-kurds already exists.
2026-01-09 19:44:12,881 - INFO - [BBC] Early skip: URL https://www.bbc.com/news/articles/cp80ln97py5o?at_medium=RSS&at_campaign=rss already exists.
2026-01-09 19:44:13,112 - INFO - [BBC] Early skip: URL https://www.bbc.com/news/articles/ckgl8jgdxypo?at_medium=RSS&at_campaign=rss already exists.
2026-01-09 19:44:13,276 - INFO - [The Guardian] Early skip: URL https://www.theguardian.com/global-development/ng-interactive/2026/jan/09/in-isolation-well-never-flourish-what-iranians-think-about-the-protests-and-an-end-to-the-islamic-republic already exists.
2026-01-09 19:44:13,568 - INFO - [The Guardian] Early skip: URL https://www.theguardian.com/politics/2026/jan/09/home-office-gaza-academic-bassem-abudagga-family already exists.
2026-01-09 19:44:13,733 - INFO - [BBC] Early skip: URL https://www.bbc.com/sport/football/articles/c07xzzn3j39o?at_medium=RSS&at_campaign=rss already exists.
2026-01-09 19:44:14,014 - INFO - [BBC] Early skip: URL https://www.bbc.com/news/articles/cp37yr2xq7no?at_medium=RSS&at_campaign=rss already exists.
2026-01-09 19:44:14,268 - INFO - [BBC] Early skip: URL https://www.bbc.com/news/articles/c041n3ng03no?at_medium=RSS&at_campaign=rss already exists.
2026-01-09 19:44:14,557 - INFO - [BBC] Early skip: URL https://www.bbc.com/news/articles/c205dd7gjrpo?at_medium=RSS&at_campaign=rss already exists.
2026-01-09 19:44:14,848 - INFO - [BBC] Early skip: URL https://www.bbc.com/news/articles/c23r4yeyxl9o?at_medium=RSS&at_campaign=rss already exists.
2026-01-09 19:44:15,047 - INFO - [BBC] Early skip: URL https://www.bbc.com/news/articles/c5y2v2p3nl8o?at_medium=RSS&at_campaign=rss already exists.
2026-01-09 19:44:15,160 - INFO - [BBC] Early skip: URL https://www.bbc.com/news/articles/c931qx3lepro?at_medium=RSS&at_campaign=rss already exists.
2026-01-09 19:44:15,333 - INFO - [BBC] Early skip: URL https://www.bbc.com/news/articles/c93vny222geo?at_medium=RSS&at_campaign=rss already exists.
2026-01-09 19:44:15,549 - INFO - [BBC] Early skip: URL https://www.bbc.com/news/videos/c78veq59823o?at_medium=RSS&at_campaign=rss already exists.
2026-01-09 19:44:15,841 - INFO - [BBC] Article: https://www.bbc.com/news/videos/c78e9vmn7dgo?at_medium=RSS&at_campaign=rss
2026-01-09 19:44:15,841 - INFO - [BBC] Attempt 1/1: Trying with 'requests_browser' strategy...
2026-01-09 19:44:16,145 - WARNING - [BBC] FAILED with 'requests_browser' (content was too short: 77 words).
2026-01-09 19:44:16,145 - ERROR - [BBC] All scrape strategies failed for https://www.bbc.com/news/videos/c78e9vmn7dgo?at_medium=RSS&at_campaign=rss. Falling back to RSS description.
2026-01-09 19:44:16,145 - WARNING - SKIPPED (GLOBAL WORD LIMIT): Article 'Watch: Buildings in Tehran set on fire as demonstrations spread across Iran' from BBC has only 15 words (Min: 90).
2026-01-09 19:44:17,145 - INFO - [BBC] Article: https://www.bbc.com/news/videos/c394vjengdgo?at_medium=RSS&at_campaign=rss
2026-01-09 19:44:17,145 - INFO - [BBC] Attempt 1/1: Trying with 'requests_browser' strategy...
2026-01-09 19:44:17,348 - WARNING - [BBC] FAILED with 'requests_browser' (content was too short: 44 words).
2026-01-09 19:44:17,348 - ERROR - [BBC] All scrape strategies failed for https://www.bbc.com/news/videos/c394vjengdgo?at_medium=RSS&at_campaign=rss. Falling back to RSS description.
2026-01-09 19:44:17,348 - WARNING - SKIPPED (GLOBAL WORD LIMIT): Article 'Watch: Eyewitnesses recount deadly ICE shooting' from BBC has only 15 words (Min: 90).
2026-01-09 19:44:18,404 - INFO - [BBC] Article: https://www.bbc.com/news/videos/cx2ypz4zjvxo?at_medium=RSS&at_campaign=rss
2026-01-09 19:44:18,405 - INFO - [BBC] Attempt 1/1: Trying with 'requests_browser' strategy...
2026-01-09 19:44:18,571 - WARNING - [BBC] FAILED with 'requests_browser' (content was too short: 79 words).
2026-01-09 19:44:18,571 - ERROR - [BBC] All scrape strategies failed for https://www.bbc.com/news/videos/cx2ypz4zjvxo?at_medium=RSS&at_campaign=rss. Falling back to RSS description.
2026-01-09 19:44:18,571 - WARNING - SKIPPED (GLOBAL WORD LIMIT): Article 'Video shows moment US immigration agent fatally shoots woman' from BBC has only 20 words (Min: 90).
2026-01-09 19:44:29,971 - ERROR - [The Hindu] Request failed for strategy 'selenium_browser' on URL https://www.thehindu.com/news/national/karnataka/encourage-innovation-and-entrepreneurial-thinking-aicte-vice-chairman/article70491824.ece: Message: timeout: Timed out receiving message from renderer: 19.818
  (Session info: chrome=143.0.7499.169)
Stacktrace:
#0 0x561adabf340a <unknown>
#1 0x561ada62776b <unknown>
#2 0x561ada60f80a <unknown>
#3 0x561ada60f4ed <unknown>
#4 0x561ada60d3a7 <unknown>
#5 0x561ada60dcbf <unknown>
#6 0x561ada61c480 <unknown>
#7 0x561ada635b47 <unknown>
#8 0x561ada63c1fb <unknown>
#9 0x561ada60e3e8 <unknown>
#10 0x561ada6358f8 <unknown>
#11 0x561ada6c4ad8 <unknown>
#12 0x561ada66b7b2 <unknown>
#13 0x561ada66c461 <unknown>
#14 0x561adabbbdf9 <unknown>
#15 0x561adabbed5d <unknown>
#16 0x561adaba4b41 <unknown>
#17 0x561adabbf93b <unknown>
#18 0x561adab8b870 <unknown>
#19 0x561adabe0828 <unknown>
#20 0x561adabe09fc <unknown>
#21 0x561adabf2763 <unknown>
#22 0x7f41ca89caa4 <unknown>
#23 0x7f41ca929c6c <unknown>

2026-01-09 19:44:29,971 - ERROR - [The Hindu] All scrape strategies failed for https://www.thehindu.com/news/national/karnataka/encourage-innovation-and-entrepreneurial-thinking-aicte-vice-chairman/article70491824.ece. Falling back to RSS description.
2026-01-09 19:44:29,971 - WARNING - SKIPPED (GLOBAL WORD LIMIT): Article 'Encourage innovation and entrepreneurial thinking: AICTE Vice-Chairman' from The Hindu has only 3 words (Min: 90).
2026-01-09 19:44:30,025 - ERROR - [Times of India] Request failed for strategy 'selenium_browser' on URL https://timesofindia.indiatimes.com/etimes/trending/extreme-asymmetry-doctors-warn-after-influencer-spends-300-days-training-only-one-shoulder/articleshow/126441404.cms: Message: timeout: Timed out receiving message from renderer: 19.574
  (Session info: chrome=143.0.7499.169)
Stacktrace:
#0 0x55fe09ac440a <unknown>
#1 0x55fe094f876b <unknown>
#2 0x55fe094e080a <unknown>
#3 0x55fe094e04ed <unknown>
#4 0x55fe094de3a7 <unknown>
#5 0x55fe094decbf <unknown>
#6 0x55fe094ed480 <unknown>
#7 0x55fe09506b47 <unknown>
#8 0x55fe0950d1fb <unknown>
#9 0x55fe094df3e8 <unknown>
#10 0x55fe095068f8 <unknown>
#11 0x55fe09595ad8 <unknown>
#12 0x55fe0953c7b2 <unknown>
#13 0x55fe0953d461 <unknown>
#14 0x55fe09a8cdf9 <unknown>
#15 0x55fe09a8fd5d <unknown>
#16 0x55fe09a75b41 <unknown>
#17 0x55fe09a9093b <unknown>
#18 0x55fe09a5c870 <unknown>
#19 0x55fe09ab1828 <unknown>
#20 0x55fe09ab19fc <unknown>
#21 0x55fe09ac3763 <unknown>
#22 0x7f2ae8e9caa4 <unknown>
#23 0x7f2ae8f29c6c <unknown>

2026-01-09 19:44:30,025 - ERROR - [Times of India] All scrape strategies failed for https://timesofindia.indiatimes.com/etimes/trending/extreme-asymmetry-doctors-warn-after-influencer-spends-300-days-training-only-one-shoulder/articleshow/126441404.cms. Falling back to RSS description.
2026-01-09 19:44:30,025 - WARNING - SKIPPED (GLOBAL WORD LIMIT): Article 'Extreme asymmetry: Doctors warn after influencer spends 300 days training only one shoulder' from Times of India has only 60 words (Min: 90).
2026-01-09 19:44:30,939 - INFO - [The Hindu] Early skip: URL https://www.thehindu.com/news/national/andhra-pradesh/a-record-783-lakh-devotees-had-vaikuntha-dwara-darshan-in-tirumala/article70491165.ece already exists.
2026-01-09 19:44:31,119 - INFO - [The Hindu] Early skip: URL https://www.thehindu.com/opinion/editorial/enforcement-directives-on-the-ed-raids-in-west-bengal/article70491126.ece already exists.
2026-01-09 19:44:31,387 - INFO - [Times of India] Early skip: URL https://timesofindia.indiatimes.com/world/us/you-wanna-come-at-us-new-cell-phone-footage-shows-renee-good-ramming-ice-agent-in-minneapolis-moment-before-she-was-shot/articleshow/126442323.cms already exists.
2026-01-09 19:44:31,518 - INFO - [The Hindu] Early skip: URL https://www.thehindu.com/news/national/tamil-nadu/15-persons-booked-under-pocso-act-for-sexually-assaulting-a-minor-girl-in-tiruchi/article70492122.ece already exists.
2026-01-09 19:44:31,674 - INFO - [Times of India] Article: https://timesofindia.indiatimes.com/world/us/you-are-not-eligible-for-visa-at-this-time-b1/b2-visas-getting-rejected-in-india-redditor-shares-experience-of-mumbai-consulate/articleshow/126440877.cms
2026-01-09 19:44:31,674 - INFO - [Times of India] Attempt 1/1: Trying with 'selenium_browser' strategy...
2026-01-09 19:44:31,674 - INFO - [The Hindu] Article: https://www.thehindu.com/news/national/karnataka/pay-and-park-facilities-to-come-up-in-23-corridors-across-bengaluru/article70492271.ece
2026-01-09 19:44:31,675 - INFO - [The Hindu] Attempt 1/1: Trying with 'selenium_browser' strategy...
2026-01-09 19:44:32,741 - INFO - [Times of India] Page content loaded.
2026-01-09 19:44:32,944 - INFO - [Times of India] Success with 'selenium_browser'. Found content (342 words).
2026-01-09 19:44:51,693 - ERROR - [The Hindu] Request failed for strategy 'selenium_browser' on URL https://www.thehindu.com/news/national/karnataka/pay-and-park-facilities-to-come-up-in-23-corridors-across-bengaluru/article70492271.ece: Message: timeout: Timed out receiving message from renderer: 19.921
  (Session info: chrome=143.0.7499.169)
Stacktrace:
#0 0x561adabf340a <unknown>
#1 0x561ada62776b <unknown>
#2 0x561ada60f80a <unknown>
#3 0x561ada60f4ed <unknown>
#4 0x561ada60d3a7 <unknown>
#5 0x561ada60dcbf <unknown>
#6 0x561ada61c480 <unknown>
#7 0x561ada635b47 <unknown>
#8 0x561ada63c1fb <unknown>
#9 0x561ada60e3e8 <unknown>
#10 0x561ada6358f8 <unknown>
#11 0x561ada6c4ad8 <unknown>
#12 0x561ada66b7b2 <unknown>
#13 0x561ada66c461 <unknown>
#14 0x561adabbbdf9 <unknown>
#15 0x561adabbed5d <unknown>
#16 0x561adaba4b41 <unknown>
#17 0x561adabbf93b <unknown>
#18 0x561adab8b870 <unknown>
#19 0x561adabe0828 <unknown>
#20 0x561adabe09fc <unknown>
#21 0x561adabf2763 <unknown>
#22 0x7f41ca89caa4 <unknown>
#23 0x7f41ca929c6c <unknown>

2026-01-09 19:44:51,693 - ERROR - [The Hindu] All scrape strategies failed for https://www.thehindu.com/news/national/karnataka/pay-and-park-facilities-to-come-up-in-23-corridors-across-bengaluru/article70492271.ece. Falling back to RSS description.
2026-01-09 19:44:51,694 - WARNING - SKIPPED (GLOBAL WORD LIMIT): Article 'Pay-and-park facilities to come up in 23 corridors across Bengaluru' from The Hindu has only 3 words (Min: 90).
2026-01-09 19:45:12,938 - INFO - Saved article: 'You are not eligible for visa at this time': B1/B2 visas getting rejected in India, Redditor shares experience of Mumbai consulate - The Times of India from Times of India (342 words)
2026-01-09 19:45:12,938 - INFO - [The Hindu] Article: https://www.thehindu.com/news/national/karnataka/four-killed-seven-injured-as-car-rams-stationary-truck-near-tumakuru/article70492323.ece
2026-01-09 19:45:12,938 - INFO - [The Hindu] Attempt 1/1: Trying with 'selenium_browser' strategy...
2026-01-09 19:45:13,534 - INFO - [Times of India] Early skip: URL https://timesofindia.indiatimes.com/world/us/have-cancelled-trump-says-no-second-strikes-on-venezuela-pledges-100-billion-investment/articleshow/126432641.cms already exists.
2026-01-09 19:45:13,641 - INFO - [Times of India] Article: https://timesofindia.indiatimes.com/world/middle-east/iran-unrest-tehran-accuses-us-and-israel-of-stoking-protests-plays-down-risk-of-military-intervention/articleshow/126439856.cms
2026-01-09 19:45:13,641 - INFO - [Times of India] Attempt 1/1: Trying with 'selenium_browser' strategy...
2026-01-09 19:45:15,413 - INFO - [Times of India] Page content loaded.
2026-01-09 19:45:15,549 - INFO - [Times of India] Success with 'selenium_browser'. Found content (449 words).
2026-01-09 19:45:32,983 - ERROR - [The Hindu] Request failed for strategy 'selenium_browser' on URL https://www.thehindu.com/news/national/karnataka/four-killed-seven-injured-as-car-rams-stationary-truck-near-tumakuru/article70492323.ece: Message: timeout: Timed out receiving message from renderer: 20.000
  (Session info: chrome=143.0.7499.169)
Stacktrace:
#0 0x561adabf340a <unknown>
#1 0x561ada62776b <unknown>
#2 0x561ada60f80a <unknown>
#3 0x561ada60f4ed <unknown>
#4 0x561ada60d3a7 <unknown>
#5 0x561ada60dcbf <unknown>
#6 0x561ada61c480 <unknown>
#7 0x561ada635b47 <unknown>
#8 0x561ada63c1fb <unknown>
#9 0x561ada60e3e8 <unknown>
#10 0x561ada6358f8 <unknown>
#11 0x561ada6c4639 <unknown>
#12 0x561ada66b7b2 <unknown>
#13 0x561ada66c461 <unknown>
#14 0x561adabbbdf9 <unknown>
#15 0x561adabbed5d <unknown>
#16 0x561adaba4b41 <unknown>
#17 0x561adabbf93b <unknown>
#18 0x561adab8b870 <unknown>
#19 0x561adabe0828 <unknown>
#20 0x561adabe09fc <unknown>
#21 0x561adabf2763 <unknown>
#22 0x7f41ca89caa4 <unknown>
#23 0x7f41ca929c6c <unknown>

2026-01-09 19:45:32,983 - ERROR - [The Hindu] All scrape strategies failed for https://www.thehindu.com/news/national/karnataka/four-killed-seven-injured-as-car-rams-stationary-truck-near-tumakuru/article70492323.ece. Falling back to RSS description.
2026-01-09 19:45:32,983 - WARNING - SKIPPED (GLOBAL WORD LIMIT): Article 'Four killed, seven injured as car rams stationary truck near Tumakuru' from The Hindu has only 3 words (Min: 90).
2026-01-09 19:46:01,783 - INFO - DEDUPLICATION: Found match (Score: 0.76). Linking to Cluster ID: 36df5af5-ce04-4aae-b52a-2db24af3144a
2026-01-09 19:46:01,785 - INFO - Saved article: Iran unrest: Tehran accuses US and Israel of stoking protests; plays down risk of military intervention - The Times of India from Times of India (449 words)
2026-01-09 19:46:01,786 - INFO - [The Hindu] Article: https://www.thehindu.com/news/national/us-ambassador-sergio-gor-in-india-visit-opportunities-bilateral-ties/article70492416.ece
2026-01-09 19:46:01,786 - INFO - [The Hindu] Attempt 1/1: Trying with 'selenium_browser' strategy...
2026-01-09 19:46:02,468 - INFO - [Times of India] Article: https://timesofindia.indiatimes.com/world/us/presidents-priority-trump-picks-up-fox-news-call-during-new-york-times-interview/articleshow/126440221.cms
2026-01-09 19:46:02,468 - INFO - [Times of India] Attempt 1/1: Trying with 'selenium_browser' strategy...
2026-01-09 19:46:05,091 - INFO - [Times of India] Page content loaded.
2026-01-09 19:46:05,225 - INFO - [Times of India] Success with 'selenium_browser'. Found content (306 words).
2026-01-09 19:46:21,803 - ERROR - [The Hindu] Request failed for strategy 'selenium_browser' on URL https://www.thehindu.com/news/national/us-ambassador-sergio-gor-in-india-visit-opportunities-bilateral-ties/article70492416.ece: Message: timeout: Timed out receiving message from renderer: 20.000
  (Session info: chrome=143.0.7499.169)
Stacktrace:
#0 0x561adabf340a <unknown>
#1 0x561ada62776b <unknown>
#2 0x561ada60f80a <unknown>
#3 0x561ada60f4ed <unknown>
#4 0x561ada60d3a7 <unknown>
#5 0x561ada60dcbf <unknown>
#6 0x561ada61c480 <unknown>
#7 0x561ada635b47 <unknown>
#8 0x561ada63c1fb <unknown>
#9 0x561ada60e3e8 <unknown>
#10 0x561ada6358f8 <unknown>
#11 0x561ada6c4639 <unknown>
#12 0x561ada66b7b2 <unknown>
#13 0x561ada66c461 <unknown>
#14 0x561adabbbdf9 <unknown>
#15 0x561adabbed5d <unknown>
#16 0x561adaba4b41 <unknown>
#17 0x561adabbf93b <unknown>
#18 0x561adab8b870 <unknown>
#19 0x561adabe0828 <unknown>
#20 0x561adabe09fc <unknown>
#21 0x561adabf2763 <unknown>
#22 0x7f41ca89caa4 <unknown>
#23 0x7f41ca929c6c <unknown>

2026-01-09 19:46:21,803 - ERROR - [The Hindu] All scrape strategies failed for https://www.thehindu.com/news/national/us-ambassador-sergio-gor-in-india-visit-opportunities-bilateral-ties/article70492416.ece. Falling back to RSS description.
2026-01-09 19:46:21,803 - WARNING - SKIPPED (GLOBAL WORD LIMIT): Article 'U.S. Ambassador Gor arrives in India, says ‘incredible opportunities ahead for two nations’' from The Hindu has only 22 words (Min: 90).
2026-01-09 19:46:43,371 - INFO - Saved article: President’s priority: Trump picks up Fox News call during New York Times interview | World News - The Times of India from Times of India (306 words)
2026-01-09 19:46:43,371 - INFO - [The Hindu] Article: https://www.thehindu.com/news/national/telangana/scr-announces-extra-halts-lifts-parking-curbs/article70491605.ece
2026-01-09 19:46:43,371 - INFO - [The Hindu] Attempt 1/1: Trying with 'selenium_browser' strategy...
2026-01-09 19:46:44,742 - INFO - [Times of India] Article: https://timesofindia.indiatimes.com/world/middle-east/iran-protests-why-are-women-lighting-cigarettes-from-burning-khamenei-photo-see-photos/articleshow/126438275.cms
2026-01-09 19:46:44,742 - INFO - [Times of India] Attempt 1/1: Trying with 'selenium_browser' strategy...
2026-01-09 19:46:45,723 - INFO - [Times of India] Page content loaded.
2026-01-09 19:46:45,846 - INFO - [Times of India] Success with 'selenium_browser'. Found content (251 words).
2026-01-09 19:47:03,391 - ERROR - [The Hindu] Request failed for strategy 'selenium_browser' on URL https://www.thehindu.com/news/national/telangana/scr-announces-extra-halts-lifts-parking-curbs/article70491605.ece: Message: timeout: Timed out receiving message from renderer: 20.000
  (Session info: chrome=143.0.7499.169)
Stacktrace:
#0 0x561adabf340a <unknown>
#1 0x561ada62776b <unknown>
#2 0x561ada60f80a <unknown>
#3 0x561ada60f4ed <unknown>
#4 0x561ada60d3a7 <unknown>
#5 0x561ada60dcbf <unknown>
#6 0x561ada61c480 <unknown>
#7 0x561ada635b47 <unknown>
#8 0x561ada63c1fb <unknown>
#9 0x561ada60e3e8 <unknown>
#10 0x561ada6358f8 <unknown>
#11 0x561ada6c4639 <unknown>
#12 0x561ada66b7b2 <unknown>
#13 0x561ada66c461 <unknown>
#14 0x561adabbbdf9 <unknown>
#15 0x561adabbed5d <unknown>
#16 0x561adaba4b41 <unknown>
#17 0x561adabbf93b <unknown>
#18 0x561adab8b870 <unknown>
#19 0x561adabe0828 <unknown>
#20 0x561adabe09fc <unknown>
#21 0x561adabf2763 <unknown>
#22 0x7f41ca89caa4 <unknown>
#23 0x7f41ca929c6c <unknown>

2026-01-09 19:47:03,391 - ERROR - [The Hindu] All scrape strategies failed for https://www.thehindu.com/news/national/telangana/scr-announces-extra-halts-lifts-parking-curbs/article70491605.ece. Falling back to RSS description.
2026-01-09 19:47:03,391 - WARNING - SKIPPED (GLOBAL WORD LIMIT): Article 'SCR announces extra halts, lifts parking curbs ' from The Hindu has only 3 words (Min: 90).
2026-01-09 19:47:25,509 - INFO - Saved article: Iran protests: Why are women lighting cigarettes from burning Khamenei photo? See photos - The Times of India from Times of India (251 words)
2026-01-09 19:47:25,509 - INFO - [The Hindu] Article: https://www.thehindu.com/news/cities/Hyderabad/sankranti-exodus-chokes-hyderabad-roads-traffic-peaks-on-key-corridors/article70491817.ece
2026-01-09 19:47:25,509 - INFO - [The Hindu] Attempt 1/1: Trying with 'selenium_browser' strategy...
2026-01-09 19:47:26,767 - INFO - [Times of India] Article: https://timesofindia.indiatimes.com/world/us/moving-to-canada-because-of-political-situation-renee-good-woman-killed-by-ice-in-minneapolis-briefly-left-us-with-gay-partner/articleshow/126439541.cms
2026-01-09 19:47:26,767 - INFO - [Times of India] Attempt 1/1: Trying with 'selenium_browser' strategy...
2026-01-09 19:47:28,478 - INFO - [Times of India] Page content loaded.
2026-01-09 19:47:28,623 - INFO - [Times of India] Success with 'selenium_browser'. Found content (355 words).
2026-01-09 19:47:45,523 - ERROR - [The Hindu] Request failed for strategy 'selenium_browser' on URL https://www.thehindu.com/news/cities/Hyderabad/sankranti-exodus-chokes-hyderabad-roads-traffic-peaks-on-key-corridors/article70491817.ece: Message: timeout: Timed out receiving message from renderer: 20.000
  (Session info: chrome=143.0.7499.169)
Stacktrace:
#0 0x561adabf340a <unknown>
#1 0x561ada62776b <unknown>
#2 0x561ada60f80a <unknown>
#3 0x561ada60f4ed <unknown>
#4 0x561ada60d3a7 <unknown>
#5 0x561ada60dcbf <unknown>
#6 0x561ada61c480 <unknown>
#7 0x561ada635b47 <unknown>
#8 0x561ada63c1fb <unknown>
#9 0x561ada60e3e8 <unknown>
#10 0x561ada6358f8 <unknown>
#11 0x561ada6c4639 <unknown>
#12 0x561ada66b7b2 <unknown>
#13 0x561ada66c461 <unknown>
#14 0x561adabbbdf9 <unknown>
#15 0x561adabbed5d <unknown>
#16 0x561adaba4b41 <unknown>
#17 0x561adabbf93b <unknown>
#18 0x561adab8b870 <unknown>
#19 0x561adabe0828 <unknown>
#20 0x561adabe09fc <unknown>
#21 0x561adabf2763 <unknown>
#22 0x7f41ca89caa4 <unknown>
#23 0x7f41ca929c6c <unknown>

2026-01-09 19:47:45,523 - ERROR - [The Hindu] All scrape strategies failed for https://www.thehindu.com/news/cities/Hyderabad/sankranti-exodus-chokes-hyderabad-roads-traffic-peaks-on-key-corridors/article70491817.ece. Falling back to RSS description.
2026-01-09 19:47:45,523 - WARNING - SKIPPED (GLOBAL WORD LIMIT): Article 'Sankranti exodus chokes Hyderabad roads, traffic peaks on key corridors' from The Hindu has only 25 words (Min: 90).
2026-01-09 19:48:05,979 - INFO - DEDUPLICATION: Found match (Score: 0.78). Linking to Cluster ID: 45d20321-796d-4ffd-b612-092dc6be2551
2026-01-09 19:48:05,981 - INFO - Saved article: Moving to Canada because of political situation: Renee Good, woman killed by ICE in Minneapolis, briefly left US with gay partner - The Times of India from Times of India (355 words)
2026-01-09 19:48:05,981 - INFO - [The Hindu] Article: https://www.thehindu.com/news/national/tamil-nadu/ramadoss-grapples-a-with-lack-of-choices-as-anbumani-joins-aiadmk-alliance/article70491696.ece
2026-01-09 19:48:05,982 - INFO - [The Hindu] Attempt 1/1: Trying with 'selenium_browser' strategy...
2026-01-09 19:48:07,165 - INFO - [Times of India] Early skip: URL https://timesofindia.indiatimes.com/world/us/trump-says-he-would-accept-nobel-peace-prize-from-machado-nobel-committee-says-its-not-possible/articleshow/126438829.cms already exists.
2026-01-09 19:48:07,324 - INFO - [Times of India] Early skip: URL https://timesofindia.indiatimes.com/world/europe/switzerland-holds-memorial-service-during-day-of-national-mourning-for-bar-fire-victims/articleshow/126438609.cms already exists.
2026-01-09 19:48:07,554 - INFO - [Times of India] Early skip: URL https://timesofindia.indiatimes.com/world/us/i-got-no-credit-i-was-criticised-trump-says-he-wont-keep-business-interests-aside/articleshow/126438403.cms already exists.
2026-01-09 19:48:07,832 - INFO - [Times of India] Article: https://timesofindia.indiatimes.com/world/uk/bangladesh-unrest-british-mp-says-attack-on-hindus-very-concerning-urges-uk-to-act/articleshow/126437938.cms
2026-01-09 19:48:07,832 - INFO - [Times of India] Attempt 1/1: Trying with 'selenium_browser' strategy...
2026-01-09 19:48:08,983 - INFO - [Times of India] Page content loaded.
2026-01-09 19:48:09,101 - INFO - [Times of India] Success with 'selenium_browser'. Found content (312 words).
2026-01-09 19:48:25,996 - ERROR - [The Hindu] Request failed for strategy 'selenium_browser' on URL https://www.thehindu.com/news/national/tamil-nadu/ramadoss-grapples-a-with-lack-of-choices-as-anbumani-joins-aiadmk-alliance/article70491696.ece: Message: timeout: Timed out receiving message from renderer: 20.000
  (Session info: chrome=143.0.7499.169)
Stacktrace:
#0 0x561adabf340a <unknown>
#1 0x561ada62776b <unknown>
#2 0x561ada60f80a <unknown>
#3 0x561ada60f4ed <unknown>
#4 0x561ada60d3a7 <unknown>
#5 0x561ada60dcbf <unknown>
#6 0x561ada61c480 <unknown>
#7 0x561ada635b47 <unknown>
#8 0x561ada63c1fb <unknown>
#9 0x561ada60e3e8 <unknown>
#10 0x561ada6358f8 <unknown>
#11 0x561ada6c4639 <unknown>
#12 0x561ada66b7b2 <unknown>
#13 0x561ada66c461 <unknown>
#14 0x561adabbbdf9 <unknown>
#15 0x561adabbed5d <unknown>
#16 0x561adaba4b41 <unknown>
#17 0x561adabbf93b <unknown>
#18 0x561adab8b870 <unknown>
#19 0x561adabe0828 <unknown>
#20 0x561adabe09fc <unknown>
#21 0x561adabf2763 <unknown>
#22 0x7f41ca89caa4 <unknown>
#23 0x7f41ca929c6c <unknown>

2026-01-09 19:48:25,996 - ERROR - [The Hindu] All scrape strategies failed for https://www.thehindu.com/news/national/tamil-nadu/ramadoss-grapples-a-with-lack-of-choices-as-anbumani-joins-aiadmk-alliance/article70491696.ece. Falling back to RSS description.
2026-01-09 19:48:25,996 - WARNING - SKIPPED (GLOBAL WORD LIMIT): Article 'Ramadoss grapples a with lack of choices as Anbumani joins AIADMK alliance' from The Hindu has only 35 words (Min: 90).
2026-01-09 19:48:32,030 - CRITICAL - --- TIMEOUT: 2 scrape jobs did not complete in 300s. ---
2026-01-09 19:48:32,030 - ERROR - A thread has timed out and will be abandoned.
2026-01-09 19:48:32,031 - ERROR - A thread has timed out and will be abandoned.
2026-01-09 19:48:32,031 - INFO - Shutting down thread pool (wait=False)...
2026-01-09 19:48:32,031 - INFO - Scraped: 1 BBC, 0 The Guardian, 2 Timed_Out_Jobs articles. (Total saved: 1)
2026-01-09 19:48:32,031 - INFO - --- Scraping job finished ---
2026-01-09 19:48:32,031 - INFO - --- Scraper service stopped and database connection closed. ---
2026-01-09 19:48:32,031 - INFO - --- Main thread finished. Forcing process exit to kill zombie threads. ---
