2026-01-01 05:03:31,103 - INFO - Loading AI Semantic Model (all-MiniLM-L6-v2)...
2026-01-01 05:03:31,103 - INFO - Use pytorch device_name: cpu
2026-01-01 05:03:31,103 - INFO - Load pretrained SentenceTransformer: all-MiniLM-L6-v2
2026-01-01 05:03:31,876 - INFO - AI Model loaded successfully.
2026-01-01 05:03:31,876 - INFO - --- Scraper service started (CI Mode: Run Once) ---
2026-01-01 05:03:31,876 - INFO - --- Starting new scraping job (Parallel Mode) ---
2026-01-01 05:03:31,876 - INFO - Creating new robust session with 3 retries on 5xx/connection/read errors.
2026-01-01 05:03:31,876 - INFO - Proxy is DISABLED.
2026-01-01 05:03:31,877 - INFO - Starting scrape for BBC RSS feed: http://feeds.bbci.co.uk/news/world/rss.xml
2026-01-01 05:03:31,877 - INFO - [Times of India] (Thread) requires Selenium. Initializing driver...
2026-01-01 05:03:31,878 - INFO - Starting scrape for The Guardian RSS feed: https://www.theguardian.com/world/rss
2026-01-01 05:03:31,879 - INFO - [The Hindu] (Thread) requires Selenium. Initializing driver...
2026-01-01 05:03:31,879 - INFO - Submitted 4 jobs to thread pool. Waiting up to 300s for completion...
2026-01-01 05:03:32,074 - INFO - Found 45 articles in The Guardian RSS feed. Processing up to 30.
2026-01-01 05:03:32,074 - INFO - [The Guardian] Early skip: URL https://www.theguardian.com/world/2025/dec/31/guinea-junta-chief-mamady-doumbouya-elected-president-after-opposition-boycott already exists.
2026-01-01 05:03:32,169 - INFO - Found 27 articles in BBC RSS feed. Processing up to 30.
2026-01-01 05:03:32,203 - INFO - [BBC] Early skip: URL https://www.bbc.com/news/articles/c0q4e4e4ldyo?at_medium=RSS&at_campaign=rss already exists.
2026-01-01 05:03:32,398 - INFO - [The Guardian] Early skip: URL https://www.theguardian.com/world/2025/dec/30/saudi-arabia-uae-tension-future-yemen-boiling-point already exists.
2026-01-01 05:03:32,568 - INFO - [BBC] Article: https://www.bbc.com/news/videos/czdqp29gz51o?at_medium=RSS&at_campaign=rss
2026-01-01 05:03:32,569 - INFO - [BBC] Attempt 1/1: Trying with 'requests_browser' strategy...
2026-01-01 05:03:32,570 - INFO - [The Guardian] Early skip: URL https://www.theguardian.com/sport/2025/dec/29/anthony-joshua-injured-car-crash-nigeria already exists.
2026-01-01 05:03:32,675 - WARNING - [BBC] FAILED with 'requests_browser' (content was too short: 67 words).
2026-01-01 05:03:32,675 - ERROR - [BBC] All scrape strategies failed for https://www.bbc.com/news/videos/czdqp29gz51o?at_medium=RSS&at_campaign=rss. Falling back to RSS description.
2026-01-01 05:03:32,675 - WARNING - SKIPPED (GLOBAL WORD LIMIT): Article 'What are Russians hoping for in 2026, asks Steve Rosenberg' from BBC has only 19 words (Min: 90).
2026-01-01 05:03:32,677 - INFO - [The Guardian] Early skip: URL https://www.theguardian.com/world/2025/dec/29/more-than-3000-migrants-died-spain-figure-down already exists.
2026-01-01 05:03:32,790 - INFO - [The Guardian] Early skip: URL https://www.theguardian.com/world/2025/dec/28/central-african-republic-goes-to-polls-as-president-seeks-third-term already exists.
2026-01-01 05:03:33,011 - INFO - [The Guardian] Early skip: URL https://www.theguardian.com/world/2025/dec/30/military-drone-strike-venezuela-trump-maduro already exists.
2026-01-01 05:03:33,129 - INFO - [The Guardian] Early skip: URL https://www.theguardian.com/world/2025/dec/29/brazil-ex-president-jair-bolsonaro-hiccups-treatment already exists.
2026-01-01 05:03:33,359 - INFO - [The Guardian] Early skip: URL https://www.theguardian.com/world/2025/dec/29/mexico-train-derailment-oaxaca already exists.
2026-01-01 05:03:33,549 - INFO - [The Guardian] Early skip: URL https://www.theguardian.com/us-news/2025/dec/29/trump-venezuela-facility-strike already exists.
2026-01-01 05:03:33,783 - INFO - [BBC] Early skip: URL https://www.bbc.com/news/articles/czxpk7r8w9yo?at_medium=RSS&at_campaign=rss already exists.
2026-01-01 05:03:33,907 - INFO - [The Guardian] Early skip: URL https://www.theguardian.com/world/2025/dec/26/venezuela-political-prisoner-release already exists.
2026-01-01 05:03:34,025 - INFO - [BBC] Early skip: URL https://www.bbc.com/news/articles/cn8jlm07nz4o?at_medium=RSS&at_campaign=rss already exists.
2026-01-01 05:03:34,166 - INFO - [The Guardian] Early skip: URL https://www.theguardian.com/world/2025/dec/31/xi-jinping-vows-reunification-china-taiwan-new-years-eve-speech already exists.
2026-01-01 05:03:34,369 - INFO - [BBC] Early skip: URL https://www.bbc.com/news/articles/crlere3x28lo?at_medium=RSS&at_campaign=rss already exists.
2026-01-01 05:03:34,616 - INFO - [The Guardian] Early skip: URL https://www.theguardian.com/business/2025/dec/31/china-forecast-to-have-sold-one-in-every-10-new-cars-in-uk-in-2025 already exists.
2026-01-01 05:03:34,757 - INFO - [BBC] Early skip: URL https://www.bbc.com/news/articles/c2d7g8krj2po?at_medium=RSS&at_campaign=rss already exists.
2026-01-01 05:03:34,897 - INFO - [The Guardian] Early skip: URL https://www.theguardian.com/world/2025/dec/31/female-lawmakers-in-japan-lobby-for-more-toilets-in-parliament already exists.
2026-01-01 05:03:35,058 - INFO - [BBC] Early skip: URL https://www.bbc.com/news/articles/clye3xz52e5o?at_medium=RSS&at_campaign=rss already exists.
2026-01-01 05:03:35,188 - INFO - [The Guardian] Early skip: URL https://www.theguardian.com/australia-news/2025/dec/31/australia-says-deeply-concerning-destabilising-chinese-exercises-near-taiwan-risk-inflaming-regional-tension already exists.
2026-01-01 05:03:35,346 - INFO - [BBC] Early skip: URL https://www.bbc.com/news/articles/crrnlw4rxeyo?at_medium=RSS&at_campaign=rss already exists.
2026-01-01 05:03:35,498 - INFO - [The Guardian] Early skip: URL https://www.theguardian.com/world/2025/dec/31/tonga-under-usa-trump-visa-ban already exists.
2026-01-01 05:03:35,751 - INFO - [BBC] Early skip: URL https://www.bbc.com/news/articles/cn9zl309dz8o?at_medium=RSS&at_campaign=rss already exists.
2026-01-01 05:03:36,013 - INFO - [The Guardian] Early skip: URL https://www.theguardian.com/australia-news/2025/dec/31/australian-beef-industry-extremely-disappointed-after-china-hits-imports-with-55-tariff already exists.
2026-01-01 05:03:36,205 - INFO - [BBC] Early skip: URL https://www.bbc.com/news/articles/c1evp7weyv2o?at_medium=RSS&at_campaign=rss already exists.
2026-01-01 05:03:36,341 - INFO - [The Guardian] Early skip: URL https://www.theguardian.com/australia-news/2026/jan/01/woman-dies-after-being-swept-into-ocean-from-sydney-beach-in-early-hours-of-new-years-day already exists.
2026-01-01 05:03:36,571 - INFO - [BBC] Early skip: URL https://www.bbc.com/news/articles/c62040np372o?at_medium=RSS&at_campaign=rss already exists.
2026-01-01 05:03:36,737 - INFO - [The Guardian] Early skip: URL https://www.theguardian.com/australia-news/2025/dec/31/sydney-new-years-eve-sees-more-sombre-tone-fireworks-follow-minutes-silence-bondi-ntwnfb already exists.
2026-01-01 05:03:36,865 - INFO - [BBC] Early skip: URL https://www.bbc.com/news/articles/cr57nvrjrlno?at_medium=RSS&at_campaign=rss already exists.
2026-01-01 05:03:37,164 - INFO - [The Guardian] Early skip: URL https://www.theguardian.com/world/2025/dec/31/france-plans-social-media-ban-for-under-15s-from-september-2026 already exists.
2026-01-01 05:03:37,351 - INFO - [BBC] Early skip: URL https://www.bbc.com/news/articles/c5yvdjxeqv6o?at_medium=RSS&at_campaign=rss already exists.
2026-01-01 05:03:37,506 - INFO - [The Guardian] Early skip: URL https://www.theguardian.com/sport/2025/dec/31/former-australian-test-cricketer-damien-martyn-in-induced-coma already exists.
2026-01-01 05:03:37,638 - INFO - [BBC] Early skip: URL https://www.bbc.com/news/articles/c0q4eg03eyzo?at_medium=RSS&at_campaign=rss already exists.
2026-01-01 05:03:37,855 - INFO - [The Guardian] Early skip: URL https://www.theguardian.com/world/2025/dec/31/finnish-police-seize-vessel-suspected-damaging-underwater-cable already exists.
2026-01-01 05:03:37,968 - INFO - [BBC] Early skip: URL https://www.bbc.com/news/articles/cgrdjx1d1vjo?at_medium=RSS&at_campaign=rss already exists.
2026-01-01 05:03:38,108 - INFO - [The Guardian] Early skip: URL https://www.theguardian.com/business/2025/dec/31/eurostar-restarts-channel-tunnel-full-service-but-disruption-risk already exists.
2026-01-01 05:03:38,296 - INFO - [BBC] Early skip: URL https://www.bbc.com/news/articles/c74wjqvpkj0o?at_medium=RSS&at_campaign=rss already exists.
2026-01-01 05:03:38,503 - INFO - [The Guardian] Early skip: URL https://www.theguardian.com/artanddesign/2025/dec/31/picasso-portrait-charity-auction-alzheimers already exists.
2026-01-01 05:03:38,732 - INFO - [BBC] Early skip: URL https://www.bbc.com/news/articles/c338ne3relzo?at_medium=RSS&at_campaign=rss already exists.
2026-01-01 05:03:38,983 - INFO - [The Guardian] Early skip: URL https://www.theguardian.com/world/2025/dec/31/dublin-temple-bar-renaissance-not-hen-party-hellscape already exists.
2026-01-01 05:03:39,090 - INFO - [BBC] Early skip: URL https://www.bbc.com/news/articles/ce8gd0qvyrpo?at_medium=RSS&at_campaign=rss already exists.
2026-01-01 05:03:39,239 - INFO - Selenium driver initialized successfully.
2026-01-01 05:03:39,239 - INFO - Starting scrape for Times of India RSS feed: https://timesofindia.indiatimes.com/rssfeeds/296589292.cms
2026-01-01 05:03:39,240 - INFO - Selenium driver initialized successfully.
2026-01-01 05:03:39,240 - INFO - Starting scrape for The Hindu RSS feed: https://www.thehindu.com/news/national/feeder/default.rss
2026-01-01 05:03:39,294 - INFO - [The Guardian] Early skip: URL https://www.theguardian.com/world/2025/dec/31/cyprus-pledges-different-mindset-as-it-assumes-eu-presidency already exists.
2026-01-01 05:03:39,351 - INFO - Found 100 articles in The Hindu RSS feed. Processing up to 30.
2026-01-01 05:03:39,452 - INFO - Found 20 articles in Times of India RSS feed. Processing up to 30.
2026-01-01 05:03:39,568 - INFO - [BBC] Early skip: URL https://www.bbc.com/news/articles/c4gweww8rjro?at_medium=RSS&at_campaign=rss already exists.
2026-01-01 05:03:39,709 - INFO - [The Hindu] Article: https://www.thehindu.com/news/national/the-10-most-read-articles-ofthe-hinduonline-in-2025/article70456163.ece
2026-01-01 05:03:39,709 - INFO - [The Hindu] Attempt 1/1: Trying with 'selenium_browser' strategy...
2026-01-01 05:03:39,710 - INFO - [Times of India] Article: https://timesofindia.indiatimes.com/world/us-streamers/is-hasanabi-serious-about-quitting-twitch-streaming-in-2026-his-latest-rant-suggests-mounting-frustration/articleshow/126280890.cms
2026-01-01 05:03:39,710 - INFO - [Times of India] Attempt 1/1: Trying with 'selenium_browser' strategy...
2026-01-01 05:03:39,710 - INFO - [The Guardian] Early skip: URL https://www.theguardian.com/world/2025/dec/31/we-want-the-mullahs-gone-economic-crisis-sparks-biggest-protests-in-iran-since-2022 already exists.
2026-01-01 05:03:39,895 - INFO - [BBC] Early skip: URL https://www.bbc.com/news/articles/c050j896q2do?at_medium=RSS&at_campaign=rss already exists.
2026-01-01 05:03:40,137 - INFO - [BBC] Early skip: URL https://www.bbc.com/news/articles/c78v5dj3x39o?at_medium=RSS&at_campaign=rss already exists.
2026-01-01 05:03:40,329 - INFO - [The Guardian] Early skip: URL https://www.theguardian.com/politics/2025/dec/31/emily-thornberry-government-accused-failures-abd-el-fattah-case already exists.
2026-01-01 05:03:40,595 - INFO - [The Guardian] Early skip: URL https://www.theguardian.com/world/2025/dec/30/iran-protesters-demands-widespread-dissent-currency-living-standards already exists.
2026-01-01 05:03:40,794 - INFO - [The Guardian] Early skip: URL https://www.theguardian.com/world/2025/dec/30/saudi-arabia-bombs-yemen-over-weapons-shipment-alleged-uae already exists.
2026-01-01 05:03:40,948 - INFO - [BBC] Early skip: URL https://www.bbc.com/news/articles/cwywv4ndwqxo?at_medium=RSS&at_campaign=rss already exists.
2026-01-01 05:03:41,153 - INFO - [The Guardian] Early skip: URL https://www.theguardian.com/world/2025/dec/30/israeli-president-office-trump-claim-netanyahu-pardon already exists.
2026-01-01 05:03:41,434 - INFO - [BBC] Early skip: URL https://www.bbc.com/news/articles/c2dz5403e29o?at_medium=RSS&at_campaign=rss already exists.
2026-01-01 05:03:41,674 - INFO - [BBC] Article: https://www.bbc.com/news/videos/cd6wyll5338o?at_medium=RSS&at_campaign=rss
2026-01-01 05:03:41,674 - INFO - [BBC] Attempt 1/1: Trying with 'requests_browser' strategy...
2026-01-01 05:03:41,807 - WARNING - [BBC] FAILED with 'requests_browser' (content was too short: 65 words).
2026-01-01 05:03:41,808 - ERROR - [BBC] All scrape strategies failed for https://www.bbc.com/news/videos/cd6wyll5338o?at_medium=RSS&at_campaign=rss. Falling back to RSS description.
2026-01-01 05:03:41,808 - WARNING - SKIPPED (GLOBAL WORD LIMIT): Article 'Fireworks, drums and light shows: How the world is welcoming 2026' from BBC has only 14 words (Min: 90).
2026-01-01 05:03:42,412 - INFO - [The Hindu] Page content loaded.
2026-01-01 05:03:42,662 - INFO - [The Hindu] Success with 'selenium_browser'. Found content (996 words).
2026-01-01 05:03:42,813 - INFO - [BBC] Article: https://www.bbc.com/news/videos/c8xdw7j2v2go?at_medium=RSS&at_campaign=rss
2026-01-01 05:03:42,813 - INFO - [BBC] Attempt 1/1: Trying with 'requests_browser' strategy...
2026-01-01 05:03:43,193 - WARNING - [BBC] FAILED with 'requests_browser' (content was too short: 55 words).
2026-01-01 05:03:43,193 - ERROR - [BBC] All scrape strategies failed for https://www.bbc.com/news/videos/c8xdw7j2v2go?at_medium=RSS&at_campaign=rss. Falling back to RSS description.
2026-01-01 05:03:43,193 - WARNING - SKIPPED (GLOBAL WORD LIMIT): Article 'Watch: Stunning celestial events that lit up the skies in 2025' from BBC has only 16 words (Min: 90).
2026-01-01 05:03:50,388 - INFO - [Times of India] Page content loaded.
2026-01-01 05:03:50,735 - INFO - [Times of India] Success with 'selenium_browser'. Found content (362 words).
2026-01-01 05:04:32,713 - INFO - Saved article: The 10 most read articles of The Hindu online in 2025 - The Hindu from The Hindu (996 words)
2026-01-01 05:04:32,714 - INFO - [BBC] Article: https://www.bbc.com/news/videos/cd9ed29vg2eo?at_medium=RSS&at_campaign=rss
2026-01-01 05:04:32,714 - INFO - [BBC] Attempt 1/1: Trying with 'requests_browser' strategy...
2026-01-01 05:04:32,906 - WARNING - [BBC] FAILED with 'requests_browser' (content was too short: 63 words).
2026-01-01 05:04:32,907 - ERROR - [BBC] All scrape strategies failed for https://www.bbc.com/news/videos/cd9ed29vg2eo?at_medium=RSS&at_campaign=rss. Falling back to RSS description.
2026-01-01 05:04:32,907 - WARNING - SKIPPED (GLOBAL WORD LIMIT): Article 'Watch: Underwater chess champions compete for world title' from BBC has only 18 words (Min: 90).
2026-01-01 05:05:18,405 - INFO - Saved article: Is HasanAbi serious about quitting Twitch streaming in 2026? His latest rant suggests mounting frustration - The Times of India from Times of India (362 words)
2026-01-01 05:05:18,406 - INFO - [The Hindu] Article: https://www.thehindu.com/news/national/the-10-most-read-editorials-of-the-hindu-in-2025/article70456347.ece
2026-01-01 05:05:18,406 - INFO - [The Hindu] Attempt 1/1: Trying with 'selenium_browser' strategy...
2026-01-01 05:05:18,407 - INFO - [BBC] Early skip: URL https://www.bbc.com/news/videos/crl9gpynrdno?at_medium=RSS&at_campaign=rss already exists.
2026-01-01 05:05:19,573 - INFO - [The Hindu] Page content loaded.
2026-01-01 05:05:19,766 - INFO - [The Hindu] Success with 'selenium_browser'. Found content (756 words).
2026-01-01 05:05:20,016 - INFO - [Times of India] Article: https://timesofindia.indiatimes.com/world/us-streamers/one-step-ahead-of-my-haters-candace-owens-stirs-buzz-with-viral-video-referencing-charlie-kirk-and-erika-kirk/articleshow/126280843.cms
2026-01-01 05:05:20,016 - INFO - [Times of India] Attempt 1/1: Trying with 'selenium_browser' strategy...
2026-01-01 05:05:25,413 - INFO - [Times of India] Page content loaded.
2026-01-01 05:05:25,687 - INFO - [Times of India] Success with 'selenium_browser'. Found content (411 words).
2026-01-01 05:06:08,921 - INFO - Saved article: The 10 most read editorials of The Hindu in 2025 - The Hindu from The Hindu (756 words)
2026-01-01 05:06:54,057 - INFO - Saved article: “One step ahead of my haters”: Candace Owens stirs buzz with viral video referencing Charlie Kirk and Erika Kirk - The Times of India from Times of India (411 words)
2026-01-01 05:06:54,058 - INFO - [The Hindu] Article: https://www.thehindu.com/news/national/telangana/bjps-ascent-to-power-in-telangana-inevitable-bandi-sanjay/article70457696.ece
2026-01-01 05:06:54,058 - INFO - [The Hindu] Attempt 1/1: Trying with 'selenium_browser' strategy...
2026-01-01 05:06:55,150 - INFO - [The Hindu] Page content loaded.
2026-01-01 05:06:55,316 - INFO - [The Hindu] Success with 'selenium_browser'. Found content (218 words).
2026-01-01 05:07:44,109 - INFO - Saved article: BJP’s ascent to power in Telangana inevitable: Bandi Sanjay - The Hindu from The Hindu (218 words)
2026-01-01 05:07:44,109 - INFO - [Times of India] Article: https://timesofindia.indiatimes.com/world/us-streamers/what-is-youtuber-nick-shirley-exposing-minnesota-daycare-fund-fraud-claims-raise-somalia-group-controversy-and-federal-investigation/articleshow/126280768.cms
2026-01-01 05:07:44,109 - INFO - [Times of India] Attempt 1/1: Trying with 'selenium_browser' strategy...
2026-01-01 05:07:45,177 - INFO - [Times of India] Page content loaded.
2026-01-01 05:07:45,298 - INFO - [Times of India] Success with 'selenium_browser'. Found content (454 words).
2026-01-01 05:08:31,879 - CRITICAL - --- TIMEOUT: 2 scrape jobs did not complete in 300s. ---
2026-01-01 05:08:31,880 - ERROR - A thread has timed out and will be abandoned.
2026-01-01 05:08:31,880 - ERROR - A thread has timed out and will be abandoned.
2026-01-01 05:08:31,880 - INFO - Shutting down thread pool (wait=False)...
2026-01-01 05:08:31,880 - INFO - Scraped: 0 The Guardian, 0 BBC, 2 Timed_Out_Jobs articles. (Total saved: 0)
2026-01-01 05:08:31,880 - INFO - --- Scraping job finished ---
2026-01-01 05:08:31,881 - INFO - --- Scraper service stopped and database connection closed. ---
2026-01-01 05:08:31,881 - INFO - --- Main thread finished. Forcing process exit to kill zombie threads. ---
