2025-12-17 14:29:14,782 - INFO - Loading AI Semantic Model (all-MiniLM-L6-v2)...
2025-12-17 14:29:14,782 - INFO - Use pytorch device_name: cpu
2025-12-17 14:29:14,783 - INFO - Load pretrained SentenceTransformer: all-MiniLM-L6-v2
2025-12-17 14:29:15,550 - INFO - AI Model loaded successfully.
2025-12-17 14:29:15,550 - INFO - --- Scraper service started (CI Mode: Run Once) ---
2025-12-17 14:29:15,550 - INFO - --- Starting new scraping job (Parallel Mode) ---
2025-12-17 14:29:15,550 - INFO - Creating new robust session with 3 retries on 5xx/connection/read errors.
2025-12-17 14:29:15,551 - INFO - Proxy is DISABLED.
2025-12-17 14:29:15,551 - INFO - Starting scrape for BBC RSS feed: http://feeds.bbci.co.uk/news/world/rss.xml
2025-12-17 14:29:15,552 - INFO - [Times of India] (Thread) requires Selenium. Initializing driver...
2025-12-17 14:29:15,552 - INFO - Starting scrape for The Guardian RSS feed: https://www.theguardian.com/world/rss
2025-12-17 14:29:15,553 - INFO - [The Hindu] (Thread) requires Selenium. Initializing driver...
2025-12-17 14:29:15,553 - INFO - Submitted 4 jobs to thread pool. Waiting up to 300s for completion...
2025-12-17 14:29:15,709 - INFO - Found 45 articles in The Guardian RSS feed. Processing up to 30.
2025-12-17 14:29:15,710 - INFO - [The Guardian] Early skip: URL https://www.theguardian.com/world/2025/dec/16/five-key-moments-in-the-assault-on-the-rights-of-women-and-girls-in-2025 already exists.
2025-12-17 14:29:15,807 - INFO - Found 24 articles in BBC RSS feed. Processing up to 30.
2025-12-17 14:29:15,978 - INFO - [BBC] Early skip: URL https://www.bbc.com/news/articles/c98nm1ry38jo?at_medium=RSS&at_campaign=rss already exists.
2025-12-17 14:29:16,199 - INFO - [The Guardian] Early skip: URL https://www.theguardian.com/world/2025/dec/16/south-africa-russia-men-tricked-fighting-ukraine already exists.
2025-12-17 14:29:16,313 - INFO - [BBC] Early skip: URL https://www.bbc.com/news/articles/cyvg17y24jmo?at_medium=RSS&at_campaign=rss already exists.
2025-12-17 14:29:16,547 - INFO - [The Guardian] Early skip: URL https://www.theguardian.com/world/2025/dec/16/libya-national-museum-reopens already exists.
2025-12-17 14:29:16,842 - INFO - [BBC] Early skip: URL https://www.bbc.com/news/articles/c4gej5ezyypo?at_medium=RSS&at_campaign=rss already exists.
2025-12-17 14:29:17,029 - INFO - [The Guardian] Early skip: URL https://www.theguardian.com/education/2025/dec/14/ghana-students-uk-universities-face-deportion-funding-crisis already exists.
2025-12-17 14:29:17,180 - INFO - [BBC] Early skip: URL https://www.bbc.com/news/articles/cx2e64lr3zeo?at_medium=RSS&at_campaign=rss already exists.
2025-12-17 14:29:17,359 - INFO - [The Guardian] Early skip: URL https://www.theguardian.com/science/2025/dec/15/little-foot-hominin-fossil-may-be-new-species-of-human-ancestor already exists.
2025-12-17 14:29:17,489 - INFO - [BBC] Early skip: URL https://www.bbc.com/news/articles/c5yjv5md3jzo?at_medium=RSS&at_campaign=rss already exists.
2025-12-17 14:29:17,678 - INFO - [The Guardian] Early skip: URL https://www.theguardian.com/world/2025/dec/17/british-baker-outrages-mexicans-with-attack-on-ugly-bread already exists.
2025-12-17 14:29:17,840 - INFO - [BBC] Early skip: URL https://www.bbc.com/news/articles/c2468q3y75vo?at_medium=RSS&at_campaign=rss already exists.
2025-12-17 14:29:18,115 - INFO - [The Guardian] Early skip: URL https://www.theguardian.com/us-news/2025/dec/16/trump-orders-blockade-oil-tankers-venezuela already exists.
2025-12-17 14:29:18,410 - INFO - [BBC] Early skip: URL https://www.bbc.com/news/articles/cde657xj3pxo?at_medium=RSS&at_campaign=rss already exists.
2025-12-17 14:29:18,552 - INFO - [The Guardian] Early skip: URL https://www.theguardian.com/world/2025/dec/16/pentagon-wont-release-full-video-caribbean-attack already exists.
2025-12-17 14:29:18,682 - INFO - [BBC] Early skip: URL https://www.bbc.com/news/articles/c75vkw4veq1o?at_medium=RSS&at_campaign=rss already exists.
2025-12-17 14:29:18,945 - INFO - [The Guardian] Early skip: URL https://www.theguardian.com/world/2025/dec/16/gulf-clan-colombia-us-terrorist-organization already exists.
2025-12-17 14:29:19,230 - INFO - [BBC] Early skip: URL https://www.bbc.com/news/articles/c4gkvxlpn55o?at_medium=RSS&at_campaign=rss already exists.
2025-12-17 14:29:19,423 - INFO - [The Guardian] Early skip: URL https://www.theguardian.com/world/2025/dec/16/hay-festival-maria-corina-machado already exists.
2025-12-17 14:29:19,587 - INFO - [BBC] Early skip: URL https://www.bbc.com/news/articles/cj691n02g8ko?at_medium=RSS&at_campaign=rss already exists.
2025-12-17 14:29:19,719 - INFO - [The Guardian] Early skip: URL https://www.theguardian.com/world/2025/dec/16/trump-urges-xi-jinping-to-free-hk-pro-democracy-media-tycoon-jimmy-lai already exists.
2025-12-17 14:29:19,937 - INFO - [BBC] Early skip: URL https://www.bbc.com/news/articles/c8dy532193do?at_medium=RSS&at_campaign=rss already exists.
2025-12-17 14:29:20,223 - INFO - [The Guardian] Early skip: URL https://www.theguardian.com/business/2025/dec/15/uk-south-korea-sign-new-trade-deal-cars-food-drink-pharmaceutical-exports already exists.
2025-12-17 14:29:20,421 - INFO - [BBC] Early skip: URL https://www.bbc.com/news/articles/crk78y7k8ezo?at_medium=RSS&at_campaign=rss already exists.
2025-12-17 14:29:20,714 - INFO - [The Guardian] Early skip: URL https://www.theguardian.com/world/2025/dec/15/china-uyghur-human-rights-ice already exists.
2025-12-17 14:29:20,873 - INFO - [BBC] Early skip: URL https://www.bbc.com/news/articles/cgke26n55zgo?at_medium=RSS&at_campaign=rss already exists.
2025-12-17 14:29:21,089 - INFO - [The Guardian] Early skip: URL https://www.theguardian.com/world/2025/dec/15/uk-condemns-hong-kongs-politically-motivated-targeting-of-jimmy-lai-after-conviction already exists.
2025-12-17 14:29:21,327 - INFO - [BBC] Early skip: URL https://www.bbc.com/news/articles/c75veyzz2g2o?at_medium=RSS&at_campaign=rss already exists.
2025-12-17 14:29:21,460 - INFO - [The Guardian] Early skip: URL https://www.theguardian.com/world/2025/dec/15/jimmy-lai-verdict-hong-kong-judges-national-security-charges already exists.
2025-12-17 14:29:21,608 - INFO - Selenium driver initialized successfully.
2025-12-17 14:29:21,608 - INFO - Starting scrape for The Hindu RSS feed: https://www.thehindu.com/news/national/feeder/default.rss
2025-12-17 14:29:21,609 - INFO - Selenium driver initialized successfully.
2025-12-17 14:29:21,609 - INFO - Starting scrape for Times of India RSS feed: https://timesofindia.indiatimes.com/rssfeeds/296589292.cms
2025-12-17 14:29:21,653 - INFO - [BBC] Early skip: URL https://www.bbc.com/news/articles/c30j94p56d6o?at_medium=RSS&at_campaign=rss already exists.
2025-12-17 14:29:21,899 - INFO - [The Guardian] Article: https://www.theguardian.com/australia-news/2025/dec/17/andrew-hastie-revealed-conservative-liberals-true-immigration-agenda-in-the-aftermath-of-the-bondi-terror-attack
2025-12-17 14:29:21,899 - INFO - [The Guardian] Attempt 1/1: Trying with 'requests_browser' strategy...
2025-12-17 14:29:21,900 - INFO - [BBC] Early skip: URL https://www.bbc.com/news/articles/c4g562vz34ro?at_medium=RSS&at_campaign=rss already exists.
2025-12-17 14:29:21,941 - INFO - [The Guardian] Success with 'requests_browser'. Found content (777 words).
2025-12-17 14:29:21,994 - INFO - Found 20 articles in Times of India RSS feed. Processing up to 30.
2025-12-17 14:29:22,845 - INFO - Found 100 articles in The Hindu RSS feed. Processing up to 30.
2025-12-17 14:30:16,957 - INFO - DEDUPLICATION: Found match (Score: 0.75). Linking to Cluster ID: b1f403b7-fc3a-4108-a393-565558bb0d21
2025-12-17 14:30:16,960 - INFO - Saved article: Andrew Hastie revealed conservative Liberals’ true immigration agenda in the aftermath of the Bondi terror attack | Bondi beach terror attack | The Guardian from The Guardian (777 words)
2025-12-17 14:30:16,961 - INFO - [Times of India] Article: https://timesofindia.indiatimes.com/world/us/razor-blades-found-in-walmart-bread-texas-woman-arrested-charged-with-attempted-mayhem/articleshow/126040252.cms
2025-12-17 14:30:16,961 - INFO - [Times of India] Attempt 1/1: Trying with 'selenium_browser' strategy...
2025-12-17 14:30:16,961 - INFO - [BBC] Early skip: URL https://www.bbc.com/news/articles/cvgr488vlmmo?at_medium=RSS&at_campaign=rss already exists.
2025-12-17 14:30:17,180 - INFO - [The Hindu] Article: https://www.thehindu.com/news/national/andhra-pradesh/man-sentenced-to-seven-year-imprisonment-in-pocso-case/article70407220.ece
2025-12-17 14:30:17,180 - INFO - [The Hindu] Attempt 1/1: Trying with 'selenium_browser' strategy...
2025-12-17 14:30:17,180 - INFO - [BBC] Early skip: URL https://www.bbc.com/news/articles/c80xjkm0283o?at_medium=RSS&at_campaign=rss already exists.
2025-12-17 14:30:17,436 - INFO - [BBC] Early skip: URL https://www.bbc.com/news/articles/ckgz15d5718o?at_medium=RSS&at_campaign=rss already exists.
2025-12-17 14:30:17,595 - INFO - [BBC] Early skip: URL https://www.bbc.com/news/articles/crl938n0872o?at_medium=RSS&at_campaign=rss already exists.
2025-12-17 14:30:17,865 - INFO - [The Guardian] Article: https://www.theguardian.com/world/2025/dec/17/parliamentary-friends-of-aukus-group-sponsored-by-lobbying-firm-with-high-profile-defence-clients
2025-12-17 14:30:17,866 - INFO - [The Guardian] Attempt 1/1: Trying with 'requests_browser' strategy...
2025-12-17 14:30:17,868 - INFO - [BBC] Article: https://www.bbc.com/news/videos/c93w7y8475qo?at_medium=RSS&at_campaign=rss
2025-12-17 14:30:17,868 - INFO - [BBC] Attempt 1/1: Trying with 'requests_browser' strategy...
2025-12-17 14:30:18,086 - WARNING - [BBC] FAILED with 'requests_browser' (content was too short: 82 words).
2025-12-17 14:30:18,086 - ERROR - [BBC] All scrape strategies failed for https://www.bbc.com/news/videos/c93w7y8475qo?at_medium=RSS&at_campaign=rss. Falling back to RSS description.
2025-12-17 14:30:18,086 - WARNING - SKIPPED (GLOBAL WORD LIMIT): Article ''It's just a nightmare': Ten-year-old victim's mum speaks at Bondi memorial' from BBC has only 25 words (Min: 90).
2025-12-17 14:30:18,121 - INFO - [The Guardian] Success with 'requests_browser'. Found content (490 words).
2025-12-17 14:30:22,706 - INFO - [The Hindu] Page content loaded.
2025-12-17 14:30:22,836 - INFO - [The Hindu] Success with 'selenium_browser'. Found content (98 words).
2025-12-17 14:30:36,990 - ERROR - [Times of India] Request failed for strategy 'selenium_browser' on URL https://timesofindia.indiatimes.com/world/us/razor-blades-found-in-walmart-bread-texas-woman-arrested-charged-with-attempted-mayhem/articleshow/126040252.cms: Message: timeout: Timed out receiving message from renderer: 19.840
  (Session info: chrome=143.0.7499.40)
Stacktrace:
#0 0x55ea206019aa <unknown>
#1 0x55ea200362db <unknown>
#2 0x55ea2001e37a <unknown>
#3 0x55ea2001e05d <unknown>
#4 0x55ea2001bf20 <unknown>
#5 0x55ea2001c82f <unknown>
#6 0x55ea2002aff0 <unknown>
#7 0x55ea200446a7 <unknown>
#8 0x55ea2004ad5b <unknown>
#9 0x55ea2001cf58 <unknown>
#10 0x55ea2004445a <unknown>
#11 0x55ea200d34b1 <unknown>
#12 0x55ea2007a112 <unknown>
#13 0x55ea2007adc1 <unknown>
#14 0x55ea205ca609 <unknown>
#15 0x55ea205cd54d <unknown>
#16 0x55ea205b3331 <unknown>
#17 0x55ea205ce11b <unknown>
#18 0x55ea20599ff0 <unknown>
#19 0x55ea205eed98 <unknown>
#20 0x55ea205eef69 <unknown>
#21 0x55ea20600d03 <unknown>
#22 0x7f4b7f49caa4 <unknown>
#23 0x7f4b7f529c6c <unknown>

2025-12-17 14:30:36,990 - ERROR - [Times of India] All scrape strategies failed for https://timesofindia.indiatimes.com/world/us/razor-blades-found-in-walmart-bread-texas-woman-arrested-charged-with-attempted-mayhem/articleshow/126040252.cms. Falling back to RSS description.
2025-12-17 14:30:36,991 - WARNING - SKIPPED (GLOBAL WORD LIMIT): Article 'Razor blades found in Walmart bread: Texas woman arrested; charged with attempted mayhem' from Times of India has only 51 words (Min: 90).
2025-12-17 14:31:22,188 - INFO - Saved article: Parliamentary Friends of Aukus group sponsored by lobbying firm with high-profile defence clients | Aukus | The Guardian from The Guardian (490 words)
2025-12-17 14:31:22,189 - INFO - [BBC] Article: https://www.bbc.com/news/videos/c5yjvx4vp5do?at_medium=RSS&at_campaign=rss
2025-12-17 14:31:22,189 - INFO - [BBC] Attempt 1/1: Trying with 'requests_browser' strategy...
2025-12-17 14:31:22,474 - WARNING - [BBC] FAILED with 'requests_browser' (content was too short: 77 words).
2025-12-17 14:31:22,474 - ERROR - [BBC] All scrape strategies failed for https://www.bbc.com/news/videos/c5yjvx4vp5do?at_medium=RSS&at_campaign=rss. Falling back to RSS description.
2025-12-17 14:31:22,474 - WARNING - SKIPPED (GLOBAL WORD LIMIT): Article 'Mourners pay tribute to Rabbi Schlanger during funeral' from BBC has only 17 words (Min: 90).
2025-12-17 14:32:19,679 - INFO - Saved article: Man sentenced to seven-year imprisonment in POCSO case - The Hindu from The Hindu (98 words)
2025-12-17 14:32:19,679 - INFO - [Times of India] Article: https://timesofindia.indiatimes.com/world/us/too-late-for-europe-maybe-australia-but-not-for-us-tulsi-gabbard-on-sydneys-bondi-beach-attack/articleshow/126040069.cms
2025-12-17 14:32:19,679 - INFO - [Times of India] Attempt 1/1: Trying with 'selenium_browser' strategy...
2025-12-17 14:32:19,680 - INFO - [The Guardian] Early skip: URL https://www.theguardian.com/australia-news/live/2025/dec/17/bondi-beach-shooting-live-updates-victims-terror-attack-jewish-festival-al-ahmed-sajid-naveed-akram-shooters-india-radicalisation-gun-control-ntwnfb already exists.
2025-12-17 14:32:19,790 - INFO - [BBC] Article: https://www.bbc.com/news/videos/c1w947rpv3qo?at_medium=RSS&at_campaign=rss
2025-12-17 14:32:19,790 - INFO - [BBC] Attempt 1/1: Trying with 'requests_browser' strategy...
2025-12-17 14:32:19,791 - INFO - [The Guardian] Early skip: URL https://www.theguardian.com/australia-news/2025/dec/17/our-world-has-changed-sydney-jewish-bakery-closes-after-bondi-beach-terror-attack already exists.
2025-12-17 14:32:19,855 - WARNING - [BBC] FAILED with 'requests_browser' (content was too short: 71 words).
2025-12-17 14:32:19,855 - ERROR - [BBC] All scrape strategies failed for https://www.bbc.com/news/videos/c1w947rpv3qo?at_medium=RSS&at_campaign=rss. Falling back to RSS description.
2025-12-17 14:32:19,855 - WARNING - SKIPPED (GLOBAL WORD LIMIT): Article 'Jewish Australians on why Bondi is a 'sanctuary' for them' from BBC has only 18 words (Min: 90).
2025-12-17 14:32:19,903 - INFO - [The Guardian] Early skip: URL https://www.theguardian.com/australia-news/2025/dec/17/police-officer-shot-in-bondi-attack-loses-sight-in-one-eye-as-questions-persist-over-security-at-hanukah-celebration already exists.
2025-12-17 14:32:20,098 - INFO - [The Guardian] Early skip: URL https://www.theguardian.com/world/live/2025/dec/17/ukraine-russia-war-eu-european-council-frozen-assets-zelenskyy-europe-live-news already exists.
2025-12-17 14:32:20,267 - INFO - [The Hindu] Article: https://www.thehindu.com/news/national/telangana/rampb-special-cs-asks-officials-to-adhere-to-timelines-for-completion-of-new-high-court-complex/article70407741.ece
2025-12-17 14:32:20,267 - INFO - [The Hindu] Attempt 1/1: Trying with 'selenium_browser' strategy...
2025-12-17 14:32:20,268 - INFO - [The Guardian] Early skip: URL https://www.theguardian.com/education/2025/dec/17/eu-erasmus-scheme-reopen-uk-students-first-time-since-brexit already exists.
2025-12-17 14:32:20,425 - INFO - [The Guardian] Early skip: URL https://www.theguardian.com/world/2025/dec/17/uk-will-transfer-abramovich-cash-from-sale-of-chelsea-to-ukraine-fund-starmer-says already exists.
2025-12-17 14:32:20,676 - INFO - [BBC] Article: https://www.bbc.com/news/videos/c8jw3841vk9o?at_medium=RSS&at_campaign=rss
2025-12-17 14:32:20,676 - INFO - [BBC] Attempt 1/1: Trying with 'requests_browser' strategy...
2025-12-17 14:32:20,679 - INFO - [The Guardian] Early skip: URL https://www.theguardian.com/society/2025/dec/17/new-flu-strain-sweeping-across-europe-is-putting-pressure-on-healthcare-says-who already exists.
2025-12-17 14:32:20,803 - WARNING - [BBC] FAILED with 'requests_browser' (content was too short: 60 words).
2025-12-17 14:32:20,803 - ERROR - [BBC] All scrape strategies failed for https://www.bbc.com/news/videos/c8jw3841vk9o?at_medium=RSS&at_campaign=rss. Falling back to RSS description.
2025-12-17 14:32:20,804 - WARNING - SKIPPED (GLOBAL WORD LIMIT): Article 'BBC captures celebrations as Belarus frees political prisoners' from BBC has only 18 words (Min: 90).
2025-12-17 14:32:20,835 - INFO - [The Guardian] Article: https://www.theguardian.com/business/2025/dec/17/uk-to-bring-forward-review-of-ev-sales-targets-from-2027-to-next-year
2025-12-17 14:32:20,835 - INFO - [The Guardian] Attempt 1/1: Trying with 'requests_browser' strategy...
2025-12-17 14:32:20,998 - INFO - [The Guardian] Success with 'requests_browser'. Found content (471 words).
2025-12-17 14:32:21,783 - INFO - [The Hindu] Page content loaded.
2025-12-17 14:32:22,132 - INFO - [The Hindu] Success with 'selenium_browser'. Found content (290 words).
2025-12-17 14:32:28,470 - INFO - [Times of India] Page content loaded.
2025-12-17 14:32:28,725 - INFO - [Times of India] Success with 'selenium_browser'. Found content (427 words).
2025-12-17 14:33:21,806 - INFO - DEDUPLICATION: Found match (Score: 0.72). Linking to Cluster ID: 46614f1d-9999-43a3-97dd-93844b47908f
2025-12-17 14:33:21,809 - INFO - Saved article: UK to bring forward review of EV sales targets from 2027 to next year | Automotive industry | The Guardian from The Guardian (471 words)
2025-12-17 14:34:15,554 - CRITICAL - --- TIMEOUT: 3 scrape jobs did not complete in 300s. ---
2025-12-17 14:34:15,554 - ERROR - A thread has timed out and will be abandoned.
2025-12-17 14:34:15,554 - ERROR - A thread has timed out and will be abandoned.
2025-12-17 14:34:15,554 - ERROR - A thread has timed out and will be abandoned.
2025-12-17 14:34:15,554 - INFO - Shutting down thread pool (wait=False)...
2025-12-17 14:34:15,554 - INFO - Scraped: 0 BBC, 3 Timed_Out_Jobs articles. (Total saved: 0)
2025-12-17 14:34:15,554 - INFO - --- Scraping job finished ---
2025-12-17 14:34:15,555 - INFO - --- Scraper service stopped and database connection closed. ---
2025-12-17 14:34:15,555 - INFO - --- Main thread finished. Forcing process exit to kill zombie threads. ---
