2026-01-12 22:24:38,225 - INFO - Loading AI Semantic Model (all-MiniLM-L6-v2)...
2026-01-12 22:24:38,226 - INFO - Use pytorch device_name: cpu
2026-01-12 22:24:38,226 - INFO - Load pretrained SentenceTransformer: all-MiniLM-L6-v2
2026-01-12 22:24:39,774 - INFO - AI Model loaded successfully.
2026-01-12 22:24:39,775 - INFO - --- Scraper service started (CI Mode: Run Once) ---
2026-01-12 22:24:39,775 - INFO - --- Starting new scraping job (Parallel Mode) ---
2026-01-12 22:24:39,775 - INFO - Creating new robust session with 3 retries on 5xx/connection/read errors.
2026-01-12 22:24:39,775 - INFO - Proxy is DISABLED.
2026-01-12 22:24:39,775 - INFO - Starting scrape for BBC RSS feed: http://feeds.bbci.co.uk/news/world/rss.xml
2026-01-12 22:24:39,776 - INFO - [Times of India] (Thread) requires Selenium. Initializing driver...
2026-01-12 22:24:39,777 - INFO - Starting scrape for The Guardian RSS feed: https://www.theguardian.com/world/rss
2026-01-12 22:24:39,778 - INFO - [The Hindu] (Thread) requires Selenium. Initializing driver...
2026-01-12 22:24:39,778 - INFO - Submitted 4 jobs to thread pool. Waiting up to 300s for completion...
2026-01-12 22:24:40,044 - INFO - Found 45 articles in The Guardian RSS feed. Processing up to 30.
2026-01-12 22:24:40,044 - INFO - [The Guardian] Early skip: URL https://www.theguardian.com/books/2026/jan/12/chimamanda-ngozi-adichie-accuses-lagos-hospital-negligence-son-death already exists.
2026-01-12 22:24:40,059 - INFO - Found 38 articles in BBC RSS feed. Processing up to 30.
2026-01-12 22:24:40,270 - INFO - [BBC] Early skip: URL https://www.bbc.com/news/articles/cvgp70ynx1po?at_medium=RSS&at_campaign=rss already exists.
2026-01-12 22:24:40,378 - INFO - [The Guardian] Early skip: URL https://www.theguardian.com/global-development/2026/jan/09/the-gambia-female-genital-mutilation-fgm-supreme-court-case-overturn-ban already exists.
2026-01-12 22:24:40,495 - INFO - [BBC] Early skip: URL https://www.bbc.com/news/articles/cd0yldn0n7eo?at_medium=RSS&at_campaign=rss already exists.
2026-01-12 22:24:40,675 - INFO - [The Guardian] Early skip: URL https://www.theguardian.com/world/2026/jan/08/questions-targeting-impact-us-airstrikes-in-nigeria already exists.
2026-01-12 22:24:40,870 - INFO - [BBC] Early skip: URL https://www.bbc.com/news/articles/cr7jzpr95yvo?at_medium=RSS&at_campaign=rss already exists.
2026-01-12 22:24:40,974 - INFO - [The Guardian] Early skip: URL https://www.theguardian.com/world/2026/jan/02/anthony-joshuas-driver-charged-with-dangerous-driving-after-fatal-crash-in-nigeria already exists.
2026-01-12 22:24:41,103 - INFO - [BBC] Early skip: URL https://www.bbc.com/news/articles/c394xwdve9lo?at_medium=RSS&at_campaign=rss already exists.
2026-01-12 22:24:41,294 - INFO - [The Guardian] Early skip: URL https://www.theguardian.com/science/2026/jan/01/cremation-pyre-in-africa-thought-to-be-worlds-oldest-containing-adult-remains already exists.
2026-01-12 22:24:41,407 - INFO - [The Guardian] Early skip: URL https://www.theguardian.com/environment/2026/jan/12/us-plan-to-exploit-venezuelas-oil-could-eat-up-13-of-carbon-budget-to-keep-15c-limit already exists.
2026-01-12 22:24:41,593 - INFO - [BBC] Early skip: URL https://www.bbc.com/news/articles/c79re5415n2o?at_medium=RSS&at_campaign=rss already exists.
2026-01-12 22:24:41,862 - INFO - [The Guardian] Early skip: URL https://www.theguardian.com/world/2026/jan/12/trump-latin-america-feud-colombia-gustavo-petro already exists.
2026-01-12 22:24:42,077 - INFO - [BBC] Early skip: URL https://www.bbc.com/news/articles/c1klvp4v8vjo?at_medium=RSS&at_campaign=rss already exists.
2026-01-12 22:24:42,182 - INFO - [The Guardian] Early skip: URL https://www.theguardian.com/us-news/2026/jan/12/us-oil-producers-global-supply-glut-venezuela already exists.
2026-01-12 22:24:42,369 - INFO - [BBC] Early skip: URL https://www.bbc.com/news/articles/c78e07m02jzo?at_medium=RSS&at_campaign=rss already exists.
2026-01-12 22:24:42,596 - INFO - [The Guardian] Early skip: URL https://www.theguardian.com/world/2026/jan/12/carney-heads-to-beijing-as-trump-america-first-agenda-forces-canada-into-trade-rethink already exists.
2026-01-12 22:24:42,762 - INFO - [The Guardian] Early skip: URL https://www.theguardian.com/us-news/2026/jan/12/donald-trump-threatens-block-exxonmobil-venezuela already exists.
2026-01-12 22:24:42,875 - INFO - [BBC] Early skip: URL https://www.bbc.com/news/articles/c801kypkl3ko?at_medium=RSS&at_campaign=rss already exists.
2026-01-12 22:24:43,010 - INFO - [The Guardian] Early skip: URL https://www.theguardian.com/technology/2026/jan/12/malaysia-blocks-elon-musk-grok-ai-fake-sexualised-images-indonesia-x-chatbot already exists.
2026-01-12 22:24:43,243 - INFO - [BBC] Early skip: URL https://www.bbc.com/news/articles/cpqye2yygl4o?at_medium=RSS&at_campaign=rss already exists.
2026-01-12 22:24:43,505 - INFO - [The Guardian] Early skip: URL https://www.theguardian.com/world/2026/jan/11/underground-church-early-rain-leaders-detained-china-crackdown already exists.
2026-01-12 22:24:43,799 - INFO - [BBC] Early skip: URL https://www.bbc.com/news/articles/c74vnxlvl40o?at_medium=RSS&at_campaign=rss already exists.
2026-01-12 22:24:43,983 - INFO - [The Guardian] Early skip: URL https://www.theguardian.com/world/2026/jan/10/indonesia-blocks-musks-grok-chatbot-due-to-risk-of-pornographic-content already exists.
2026-01-12 22:24:44,208 - INFO - [BBC] Early skip: URL https://www.bbc.com/news/articles/cly9n3r2p7zo?at_medium=RSS&at_campaign=rss already exists.
2026-01-12 22:24:44,443 - INFO - [The Guardian] Early skip: URL https://www.theguardian.com/world/2026/jan/08/alleged-scam-kingpin-chen-zhi-extradited-china-cambodia-arrest already exists.
2026-01-12 22:24:44,677 - INFO - [BBC] Early skip: URL https://www.bbc.com/news/articles/c2e13mlr17go?at_medium=RSS&at_campaign=rss already exists.
2026-01-12 22:24:44,976 - INFO - [The Guardian] Early skip: URL https://www.theguardian.com/world/2026/jan/06/papua-new-guinea-internet-starlink-shut-down already exists.
2026-01-12 22:24:45,202 - INFO - [BBC] Early skip: URL https://www.bbc.com/news/articles/cp3zq7evw21o?at_medium=RSS&at_campaign=rss already exists.
2026-01-12 22:24:45,348 - INFO - [The Guardian] Early skip: URL https://www.theguardian.com/australia-news/live/2026/jan/13/anthony-albanese-labor-hate-speech-laws-politics-coalition-sussan-ley-adelaide-festival-writers-week-reactions-victoria-bushfires-queensland-floods-ntwnfb already exists.
2026-01-12 22:24:45,519 - INFO - [BBC] Early skip: URL https://www.bbc.com/news/articles/c5y2gkydpp5o?at_medium=RSS&at_campaign=rss already exists.
2026-01-12 22:24:45,730 - INFO - [The Guardian] Article: https://www.theguardian.com/australia-news/2026/jan/13/kevin-rudd-to-step-down-as-us-ambassador-united-states
2026-01-12 22:24:45,730 - INFO - [The Guardian] Attempt 1/1: Trying with 'requests_browser' strategy...
2026-01-12 22:24:45,731 - INFO - [BBC] Early skip: URL https://www.bbc.com/news/articles/cx2kv2gn62vo?at_medium=RSS&at_campaign=rss already exists.
2026-01-12 22:24:46,000 - INFO - [The Guardian] Success with 'requests_browser'. Found content (650 words).
2026-01-12 22:24:46,034 - INFO - [BBC] Early skip: URL https://www.bbc.com/news/articles/cpv7knz8e8mo?at_medium=RSS&at_campaign=rss already exists.
2026-01-12 22:24:46,621 - INFO - Selenium driver initialized successfully.
2026-01-12 22:24:46,621 - INFO - Starting scrape for Times of India RSS feed: https://timesofindia.indiatimes.com/rssfeeds/296589292.cms
2026-01-12 22:24:46,622 - INFO - Selenium driver initialized successfully.
2026-01-12 22:24:46,622 - INFO - Starting scrape for The Hindu RSS feed: https://www.thehindu.com/news/national/feeder/default.rss
2026-01-12 22:24:46,940 - INFO - Found 100 articles in The Hindu RSS feed. Processing up to 30.
2026-01-12 22:24:46,981 - INFO - Found 20 articles in Times of India RSS feed. Processing up to 30.
2026-01-12 22:25:15,842 - INFO - Saved article: Kevin Rudd will step down as ambassador to the US a year early | Kevin Rudd | The Guardian from The Guardian (650 words)
2026-01-12 22:25:15,842 - INFO - [BBC] Early skip: URL https://www.bbc.com/news/articles/cj9r3zl2ywyo?at_medium=RSS&at_campaign=rss already exists.
2026-01-12 22:25:15,949 - INFO - [The Hindu] Article: https://www.thehindu.com/news/national/west-bengal/presence-of-wb-govt-and-police-officials-during-mamatas-intervention-of-ed-raid-an-illegal-act-claims-bjp/article70502489.ece
2026-01-12 22:25:15,950 - INFO - [The Hindu] Attempt 1/1: Trying with 'selenium_browser' strategy...
2026-01-12 22:25:15,950 - INFO - [Times of India] Article: https://timesofindia.indiatimes.com/world/us/antiiranian-protests-in-los-angeles-turn-chaotic-after-truck-drives-into-crowd-what-we-know-so-far/articleshow/126492172.cms
2026-01-12 22:25:15,951 - INFO - [Times of India] Attempt 1/1: Trying with 'selenium_browser' strategy...
2026-01-12 22:25:15,951 - INFO - [BBC] Early skip: URL https://www.bbc.com/news/articles/c75xdg2p36lo?at_medium=RSS&at_campaign=rss already exists.
2026-01-12 22:25:16,205 - INFO - [BBC] Early skip: URL https://www.bbc.com/news/articles/cly95x9qe4ko?at_medium=RSS&at_campaign=rss already exists.
2026-01-12 22:25:16,369 - INFO - [BBC] Early skip: URL https://www.bbc.com/news/articles/ckgn5g90lggo?at_medium=RSS&at_campaign=rss already exists.
2026-01-12 22:25:16,542 - INFO - [BBC] Early skip: URL https://www.bbc.com/news/articles/c4gr7nlx421o?at_medium=RSS&at_campaign=rss already exists.
2026-01-12 22:25:16,750 - INFO - [The Guardian] Early skip: URL https://www.theguardian.com/culture/2026/jan/13/louise-adler-resigns-as-director-of-adelaide-writers-week-ntwnfb already exists.
2026-01-12 22:25:16,956 - INFO - [BBC] Early skip: URL https://www.bbc.com/news/articles/cly9597r4qpo?at_medium=RSS&at_campaign=rss already exists.
2026-01-12 22:25:17,063 - INFO - [BBC] Early skip: URL https://www.bbc.com/news/articles/cx2p84xleg2o?at_medium=RSS&at_campaign=rss already exists.
2026-01-12 22:25:17,306 - INFO - [The Guardian] Early skip: URL https://www.theguardian.com/australia-news/2026/jan/12/australia-should-reconsider-alliance-with-fiercely-unpredictable-us-former-foreign-ministers-say already exists.
2026-01-12 22:25:17,589 - INFO - [BBC] Early skip: URL https://www.bbc.com/news/articles/c0lx09e618yo?at_medium=RSS&at_campaign=rss already exists.
2026-01-12 22:25:17,853 - INFO - [The Guardian] Early skip: URL https://www.theguardian.com/australia-news/2026/jan/12/pauline-hanson-barnaby-joyce-gina-rinehart-private-jet-flooded-parts-queensland already exists.
2026-01-12 22:25:17,957 - INFO - [The Guardian] Early skip: URL https://www.theguardian.com/world/2026/jan/12/cypriot-president-says-he-has-nothing-to-fear-over-corruption-allegations already exists.
2026-01-12 22:25:18,187 - INFO - [BBC] Early skip: URL https://www.bbc.com/news/articles/cly95lpwl1ro?at_medium=RSS&at_campaign=rss already exists.
2026-01-12 22:25:18,320 - INFO - [The Guardian] Early skip: URL https://www.theguardian.com/world/live/2026/jan/12/greenland-denmark-us-donald-trump-ukraine-russia-europe-latest-news-updates already exists.
2026-01-12 22:25:18,433 - INFO - [The Guardian] Early skip: URL https://www.theguardian.com/us-news/2026/jan/12/greenland-trump-nato-chris-murphy already exists.
2026-01-12 22:25:18,553 - INFO - [BBC] Early skip: URL https://www.bbc.com/news/articles/c3381r5nnn6o?at_medium=RSS&at_campaign=rss already exists.
2026-01-12 22:25:18,815 - INFO - [BBC] Early skip: URL https://www.bbc.com/news/articles/cr7jep39eg4o?at_medium=RSS&at_campaign=rss already exists.
2026-01-12 22:25:19,040 - INFO - [BBC] Early skip: URL https://www.bbc.com/news/articles/c623r47d67lo?at_medium=RSS&at_campaign=rss already exists.
2026-01-12 22:25:19,244 - INFO - [BBC] Early skip: URL https://www.bbc.com/news/articles/cz7ndzw28v4o?at_medium=RSS&at_campaign=rss already exists.
2026-01-12 22:25:19,537 - INFO - [The Guardian] Early skip: URL https://www.theguardian.com/world/2026/jan/12/spain-police-seize-cocaine-ship-canary-islands already exists.
2026-01-12 22:25:19,816 - INFO - [The Guardian] Early skip: URL https://www.theguardian.com/world/2026/jan/12/hungary-grants-asylum-to-former-polish-minister-zbigniew-ziobro-abuse-of-power-investigation already exists.
2026-01-12 22:25:19,982 - INFO - [The Guardian] Early skip: URL https://www.theguardian.com/world/live/2026/jan/12/iran-protest-crackdown-us-donald-trump-latest-news-updates already exists.
2026-01-12 22:25:20,276 - INFO - [BBC] Early skip: URL https://www.bbc.com/news/articles/cj9rengvnp9o?at_medium=RSS&at_campaign=rss already exists.
2026-01-12 22:25:20,384 - INFO - [The Guardian] Early skip: URL https://www.theguardian.com/global-development/2026/jan/12/iran-protests-crackdown-toll-foreign-minister already exists.
2026-01-12 22:25:20,524 - INFO - [The Guardian] Early skip: URL https://www.theguardian.com/world/2026/jan/12/celebrities-letter-israel-attack-gaza-hospitals already exists.
2026-01-12 22:25:20,786 - INFO - [The Guardian] Early skip: URL https://www.theguardian.com/world/2026/jan/12/iran-protests-donald-trump-us-military-options already exists.
2026-01-12 22:25:21,051 - INFO - [The Guardian] Early skip: URL https://www.theguardian.com/world/2026/jan/12/iran-protest-movement-visual-guide already exists.
2026-01-12 22:25:31,730 - INFO - [Times of India] Page content loaded.
2026-01-12 22:25:31,946 - INFO - [Times of India] Success with 'selenium_browser'. Found content (320 words).
2026-01-12 22:25:36,001 - ERROR - [The Hindu] Request failed for strategy 'selenium_browser' on URL https://www.thehindu.com/news/national/west-bengal/presence-of-wb-govt-and-police-officials-during-mamatas-intervention-of-ed-raid-an-illegal-act-claims-bjp/article70502489.ece: Message: timeout: Timed out receiving message from renderer: 19.816
  (Session info: chrome=143.0.7499.169)
Stacktrace:
#0 0x55a4736e640a <unknown>
#1 0x55a47311a76b <unknown>
#2 0x55a47310280a <unknown>
#3 0x55a4731024ed <unknown>
#4 0x55a4731003a7 <unknown>
#5 0x55a473100cbf <unknown>
#6 0x55a47310f480 <unknown>
#7 0x55a473128b47 <unknown>
#8 0x55a47312f1fb <unknown>
#9 0x55a4731013e8 <unknown>
#10 0x55a4731288f8 <unknown>
#11 0x55a4731b7ad8 <unknown>
#12 0x55a47315e7b2 <unknown>
#13 0x55a47315f461 <unknown>
#14 0x55a4736aedf9 <unknown>
#15 0x55a4736b1d5d <unknown>
#16 0x55a473697b41 <unknown>
#17 0x55a4736b293b <unknown>
#18 0x55a47367e870 <unknown>
#19 0x55a4736d3828 <unknown>
#20 0x55a4736d39fc <unknown>
#21 0x55a4736e5763 <unknown>
#22 0x7f98a1a9caa4 <unknown>
#23 0x7f98a1b29c6c <unknown>

2026-01-12 22:25:36,001 - ERROR - [The Hindu] All scrape strategies failed for https://www.thehindu.com/news/national/west-bengal/presence-of-wb-govt-and-police-officials-during-mamatas-intervention-of-ed-raid-an-illegal-act-claims-bjp/article70502489.ece. Falling back to RSS description.
2026-01-12 22:25:36,001 - WARNING - SKIPPED (GLOBAL WORD LIMIT): Article 'Presence of WB Govt and police officials during Mamata’s intervention of ED raid an ‘illegal act’, claims BJP' from The Hindu has only 22 words (Min: 90).
2026-01-12 22:26:05,421 - INFO - Saved article: Anti‑Iranian protests in Los Angeles turn chaotic after truck drives into crowd — What we know so far - The Times of India from Times of India (320 words)
2026-01-12 22:26:05,421 - INFO - [The Hindu] Article: https://www.thehindu.com/news/national/jammu-and-kashmir/omar-abdullah-rebuffs-bjp-demand-to-set-up-national-law-university-in-jammu-instead-of-kashmir/article70502190.ece
2026-01-12 22:26:05,421 - INFO - [The Hindu] Attempt 1/1: Trying with 'selenium_browser' strategy...
2026-01-12 22:26:06,166 - INFO - [Times of India] Early skip: URL https://timesofindia.indiatimes.com/world/us/mississippi-synagogue-fire-19-year-old-stephen-spencer-pittman-identified-as-suspect-called-it-satans-building/articleshow/126492149.cms already exists.
2026-01-12 22:26:06,358 - INFO - [Times of India] Early skip: URL https://timesofindia.indiatimes.com/world/rest-of-world/shocking-surreal-ferrari-porsche-bmw-of-2-million-stolen-on-camera-from-ontario-showroom-who-gets-up-at-3-am-to-/articleshow/126492080.cms already exists.
2026-01-12 22:26:06,534 - INFO - [Times of India] Article: https://timesofindia.indiatimes.com/world/us-streamers/look-cringe-link-lauren-calls-golden-globes-2026-not-funny-after-admitting-he-avoided-all-nominated-movies/articleshow/126492026.cms
2026-01-12 22:26:06,534 - INFO - [Times of India] Attempt 1/1: Trying with 'selenium_browser' strategy...
2026-01-12 22:26:07,343 - INFO - [Times of India] Page content loaded.
2026-01-12 22:26:07,459 - INFO - [Times of India] Success with 'selenium_browser'. Found content (468 words).
2026-01-12 22:26:25,435 - ERROR - [The Hindu] Request failed for strategy 'selenium_browser' on URL https://www.thehindu.com/news/national/jammu-and-kashmir/omar-abdullah-rebuffs-bjp-demand-to-set-up-national-law-university-in-jammu-instead-of-kashmir/article70502190.ece: Message: timeout: Timed out receiving message from renderer: 20.000
  (Session info: chrome=143.0.7499.169)
Stacktrace:
#0 0x55a4736e640a <unknown>
#1 0x55a47311a76b <unknown>
#2 0x55a47310280a <unknown>
#3 0x55a4731024ed <unknown>
#4 0x55a4731003a7 <unknown>
#5 0x55a473100cbf <unknown>
#6 0x55a47310f480 <unknown>
#7 0x55a473128b47 <unknown>
#8 0x55a47312f1fb <unknown>
#9 0x55a4731013e8 <unknown>
#10 0x55a4731288f8 <unknown>
#11 0x55a4731b7639 <unknown>
#12 0x55a47315e7b2 <unknown>
#13 0x55a47315f461 <unknown>
#14 0x55a4736aedf9 <unknown>
#15 0x55a4736b1d5d <unknown>
#16 0x55a473697b41 <unknown>
#17 0x55a4736b293b <unknown>
#18 0x55a47367e870 <unknown>
#19 0x55a4736d3828 <unknown>
#20 0x55a4736d39fc <unknown>
#21 0x55a4736e5763 <unknown>
#22 0x7f98a1a9caa4 <unknown>
#23 0x7f98a1b29c6c <unknown>

2026-01-12 22:26:25,436 - ERROR - [The Hindu] All scrape strategies failed for https://www.thehindu.com/news/national/jammu-and-kashmir/omar-abdullah-rebuffs-bjp-demand-to-set-up-national-law-university-in-jammu-instead-of-kashmir/article70502190.ece. Falling back to RSS description.
2026-01-12 22:26:25,436 - WARNING - SKIPPED (GLOBAL WORD LIMIT): Article 'Omar Abdullah rebuffs BJP demand to set up National Law University in Jammu instead of Kashmir' from The Hindu has only 36 words (Min: 90).
2026-01-12 22:26:46,784 - INFO - DEDUPLICATION: Found match (Score: 0.71). Linking to Cluster ID: 71cd8cb2-31b6-4d66-8db6-1b27d33cfa98
2026-01-12 22:26:46,786 - INFO - Saved article: “Look cringe”: Link Lauren calls Golden Globes 2026 not funny after admitting he avoided all nominated movies - The Times of India from Times of India (468 words)
2026-01-12 22:26:46,786 - INFO - [The Hindu] Early skip: URL https://www.thehindu.com/news/national/jammu-and-kashmir/kashmiri-pandit-leader-bhushan-bazaz-91-an-advocate-of-hindu-muslim-unity-passes-away-in-new-delhi/article70502089.ece already exists.
2026-01-12 22:26:47,080 - INFO - [The Hindu] Early skip: URL https://www.thehindu.com/news/national/himachal-pradesh/himachal-govt-sacks-11-cops-for-involvement-in-drug-trade/article70501731.ece already exists.
2026-01-12 22:26:47,202 - INFO - [The Hindu] Early skip: URL https://www.thehindu.com/news/national/kerala/alleged-rule-violation-at-kumbala-arikkady-toll-plaza-mla-to-launch-indefinite-strike/article70502231.ece already exists.
2026-01-12 22:26:47,391 - INFO - [The Hindu] Early skip: URL https://www.thehindu.com/news/national/kerala/concerns-raised-over-continuing-gaps-in-sir-process/article70502176.ece already exists.
2026-01-12 22:26:47,614 - INFO - [The Hindu] Early skip: URL https://www.thehindu.com/news/national/rajasthan/in-a-first-rajasthan-panchayat-gets-certified-for-going-fully-organic/article70502987.ece already exists.
2026-01-12 22:26:47,811 - INFO - [The Hindu] Early skip: URL https://www.thehindu.com/news/national/uttar-pradesh/lucknow-medical-college-staff-seek-fir-over-vandalism-threaten-to-stall-all-opd-services/article70501828.ece already exists.
2026-01-12 22:26:48,019 - INFO - [The Hindu] Early skip: URL https://www.thehindu.com/opinion/op-ed/bhoomi-a-governance-success/article70500906.ece already exists.
2026-01-12 22:26:48,299 - INFO - [Times of India] Article: https://timesofindia.indiatimes.com/world/rest-of-world/canada-mp-joins-viral-iran-protest-trend-lights-cigar-with-burning-portrait-of-khamenei-in-front-of-office/articleshow/126491736.cms
2026-01-12 22:26:48,299 - INFO - [Times of India] Attempt 1/1: Trying with 'selenium_browser' strategy...
2026-01-12 22:26:48,300 - INFO - [The Hindu] Article: https://www.thehindu.com/news/national/karnataka/siddaramaiah-dk-shivakumar-will-be-called-to-delhi-when-necessary-says-kharge/article70502053.ece
2026-01-12 22:26:48,300 - INFO - [The Hindu] Attempt 1/1: Trying with 'selenium_browser' strategy...
2026-01-12 22:26:50,798 - INFO - [Times of India] Page content loaded.
2026-01-12 22:26:50,897 - INFO - [Times of India] Success with 'selenium_browser'. Found content (439 words).
2026-01-12 22:27:08,313 - ERROR - [The Hindu] Request failed for strategy 'selenium_browser' on URL https://www.thehindu.com/news/national/karnataka/siddaramaiah-dk-shivakumar-will-be-called-to-delhi-when-necessary-says-kharge/article70502053.ece: Message: timeout: Timed out receiving message from renderer: 20.000
  (Session info: chrome=143.0.7499.169)
Stacktrace:
#0 0x55a4736e640a <unknown>
#1 0x55a47311a76b <unknown>
#2 0x55a47310280a <unknown>
#3 0x55a4731024ed <unknown>
#4 0x55a4731003a7 <unknown>
#5 0x55a473100cbf <unknown>
#6 0x55a47310f480 <unknown>
#7 0x55a473128b47 <unknown>
#8 0x55a47312f1fb <unknown>
#9 0x55a4731013e8 <unknown>
#10 0x55a4731288f8 <unknown>
#11 0x55a4731b7639 <unknown>
#12 0x55a47315e7b2 <unknown>
#13 0x55a47315f461 <unknown>
#14 0x55a4736aedf9 <unknown>
#15 0x55a4736b1d5d <unknown>
#16 0x55a473697b41 <unknown>
#17 0x55a4736b293b <unknown>
#18 0x55a47367e870 <unknown>
#19 0x55a4736d3828 <unknown>
#20 0x55a4736d39fc <unknown>
#21 0x55a4736e5763 <unknown>
#22 0x7f98a1a9caa4 <unknown>
#23 0x7f98a1b29c6c <unknown>

2026-01-12 22:27:08,313 - ERROR - [The Hindu] All scrape strategies failed for https://www.thehindu.com/news/national/karnataka/siddaramaiah-dk-shivakumar-will-be-called-to-delhi-when-necessary-says-kharge/article70502053.ece. Falling back to RSS description.
2026-01-12 22:27:08,313 - WARNING - SKIPPED (GLOBAL WORD LIMIT): Article 'Siddaramaiah, D.K. Shivakumar will be called to Delhi ‘when necessary’, says Kharge' from The Hindu has only 3 words (Min: 90).
2026-01-12 22:27:30,005 - INFO - DEDUPLICATION: Found match (Score: 0.81). Linking to Cluster ID: c2049299-a70d-4fe6-bcf1-12f1b5db0e92
2026-01-12 22:27:30,008 - INFO - Saved article: Canada MP joins viral Iran protest trend, lights cigar with burning portrait of Khamenei in front of office - The Times of India from Times of India (439 words)
2026-01-12 22:27:30,008 - INFO - [The Hindu] Article: https://www.thehindu.com/news/cities/chennai/ias-academy-in-city-distributes-the-hindu-year-book-2026-to-its-students/article70501939.ece
2026-01-12 22:27:30,008 - INFO - [The Hindu] Attempt 1/1: Trying with 'selenium_browser' strategy...
2026-01-12 22:27:30,650 - INFO - [Times of India] Article: https://timesofindia.indiatimes.com/world/us/disgusting-row-over-ice-agent-accompanying-handcuffed-detainee-into-public-washroom-in-viral-video-dhs-responds/articleshow/126491570.cms
2026-01-12 22:27:30,651 - INFO - [Times of India] Attempt 1/1: Trying with 'selenium_browser' strategy...
2026-01-12 22:27:31,590 - INFO - [Times of India] Page content loaded.
2026-01-12 22:27:31,700 - INFO - [Times of India] Success with 'selenium_browser'. Found content (344 words).
2026-01-12 22:27:50,028 - ERROR - [The Hindu] Request failed for strategy 'selenium_browser' on URL https://www.thehindu.com/news/cities/chennai/ias-academy-in-city-distributes-the-hindu-year-book-2026-to-its-students/article70501939.ece: Message: timeout: Timed out receiving message from renderer: 20.000
  (Session info: chrome=143.0.7499.169)
Stacktrace:
#0 0x55a4736e640a <unknown>
#1 0x55a47311a76b <unknown>
#2 0x55a47310280a <unknown>
#3 0x55a4731024ed <unknown>
#4 0x55a4731003a7 <unknown>
#5 0x55a473100cbf <unknown>
#6 0x55a47310f480 <unknown>
#7 0x55a473128b47 <unknown>
#8 0x55a47312f1fb <unknown>
#9 0x55a4731013e8 <unknown>
#10 0x55a4731288f8 <unknown>
#11 0x55a4731b7639 <unknown>
#12 0x55a47315e7b2 <unknown>
#13 0x55a47315f461 <unknown>
#14 0x55a4736aedf9 <unknown>
#15 0x55a4736b1d5d <unknown>
#16 0x55a473697b41 <unknown>
#17 0x55a4736b293b <unknown>
#18 0x55a47367e870 <unknown>
#19 0x55a4736d3828 <unknown>
#20 0x55a4736d39fc <unknown>
#21 0x55a4736e5763 <unknown>
#22 0x7f98a1a9caa4 <unknown>
#23 0x7f98a1b29c6c <unknown>

2026-01-12 22:27:50,028 - ERROR - [The Hindu] All scrape strategies failed for https://www.thehindu.com/news/cities/chennai/ias-academy-in-city-distributes-the-hindu-year-book-2026-to-its-students/article70501939.ece. Falling back to RSS description.
2026-01-12 22:27:50,028 - WARNING - SKIPPED (GLOBAL WORD LIMIT): Article 'IAS academy in Chennai distributes The Hindu year book 2026 to its students' from The Hindu has only 3 words (Min: 90).
2026-01-12 22:28:11,480 - INFO - Saved article: 'Disgusting': Row over ICE agent accompanying handcuffed detainee into public washroom in viral video; DHS responds - The Times of India from Times of India (344 words)
2026-01-12 22:28:11,480 - INFO - [The Hindu] Early skip: URL https://www.thehindu.com/news/national/internal-cohesion-key-to-indias-strategic-autonomy-says-mp-manish-tewari/article70502903.ece already exists.
2026-01-12 22:28:11,677 - INFO - [The Hindu] Early skip: URL https://www.thehindu.com/news/national/tamil-nadu/iit-m-researchers-develop-ramjet-propelled-artillery-shells-to-increase-range-of-fire/article70501632.ece already exists.
2026-01-12 22:28:11,906 - INFO - [The Hindu] Early skip: URL https://www.thehindu.com/news/national/kerala/medical-college-doctors-defer-their-strike-plans-by-a-week-following-talks-with-govt/article70502940.ece already exists.
2026-01-12 22:28:12,058 - INFO - [The Hindu] Early skip: URL https://www.thehindu.com/news/national/karnataka/political-battle-lines-drawn-ahead-of-long-delayed-bengaluru-civic-polls/article70502550.ece already exists.
2026-01-12 22:28:12,333 - INFO - [Times of India] Early skip: URL https://timesofindia.indiatimes.com/world/us/who-is-dina-powell-mccormick-trumps-former-adviser-takes-top-role-at-meta/articleshow/126490392.cms already exists.
2026-01-12 22:28:12,518 - INFO - [The Hindu] Early skip: URL https://www.thehindu.com/news/national/kerala/28-fall-ill-due-to-suspected-food-poisoning-in-edayar/article70502581.ece already exists.
2026-01-12 22:28:12,741 - INFO - [Times of India] Early skip: URL https://timesofindia.indiatimes.com/world/us/mark-ruffalo-to-jean-smart-hollywood-celebrities-wear-be-good-pins-to-honour-renee-nicole-good-at-golden-globes/articleshow/126490134.cms already exists.
2026-01-12 22:28:12,862 - INFO - [The Hindu] Early skip: URL https://www.thehindu.com/news/national/kerala/vg-manamohan-passes-away/article70502686.ece already exists.
2026-01-12 22:28:12,996 - INFO - [Times of India] Early skip: URL https://timesofindia.indiatimes.com/world/us/no-photos-with-friends-or-family-immigration-attorney-on-7-red-flags-that-trigger-marriage-fraud-investigation/articleshow/126490585.cms already exists.
2026-01-12 22:28:13,211 - INFO - [The Hindu] Early skip: URL https://www.thehindu.com/news/national/kerala/tma-launches-heritage-walk-series/article70502698.ece already exists.
2026-01-12 22:28:13,320 - INFO - [Times of India] Early skip: URL https://timesofindia.indiatimes.com/world/uk/safe-taxi-driver-masrob-ali-dies-along-with-three-teenagers-in-head-on-crash-in-england-incident-caught-on-cctv/articleshow/126489949.cms already exists.
2026-01-12 22:28:13,479 - INFO - [The Hindu] Article: https://www.thehindu.com/news/national/kerala/swami-vivekananda-emphasised-the-oneness-of-all-human-beings/article70502726.ece
2026-01-12 22:28:13,479 - INFO - [The Hindu] Attempt 1/1: Trying with 'selenium_browser' strategy...
2026-01-12 22:28:13,480 - INFO - [Times of India] Early skip: URL https://timesofindia.indiatimes.com/world/us-streamers/best-jumper-in-the-tribe-ishowspeed-earns-rare-title-following-viral-jumping-challenge-in-kenya/articleshow/126488544.cms already exists.
2026-01-12 22:28:13,676 - INFO - [Times of India] Early skip: URL https://timesofindia.indiatimes.com/world/us/100000-us-visas-revoked-state-department-launches-record-immigration-crackdown/articleshow/126488546.cms already exists.
2026-01-12 22:28:13,845 - INFO - [Times of India] Early skip: URL https://timesofindia.indiatimes.com/world/rest-of-world/91-year-old-woman-scammed-of-more-than-10k-in-melbourne-cops-release-suspects-photo-refer-to-them-as-of-middle-eastern-appearance/articleshow/126488224.cms already exists.
2026-01-12 22:28:14,001 - INFO - [Times of India] Early skip: URL https://timesofindia.indiatimes.com/world/rest-of-world/canadian-indian-worker-seeks-special-exemption-to-stay-in-ontario-amid-mass-layoffs-my-daughters-already-adapted-to-the-culture/articleshow/126487608.cms already exists.
2026-01-12 22:28:14,229 - INFO - [Times of India] Early skip: URL https://timesofindia.indiatimes.com/world/uk/nadhim-zahawi-defects-to-reform-uk-backs-nigel-farage-for-uk-pm-who-is-he/articleshow/126486554.cms already exists.
2026-01-12 22:28:14,370 - INFO - [Times of India] Early skip: URL https://timesofindia.indiatimes.com/world/us/drink-up-america-why-trump-wants-americans-to-drink-whole-milk/articleshow/126487140.cms already exists.
2026-01-12 22:28:14,528 - INFO - [Times of India] Early skip: URL https://timesofindia.indiatimes.com/world/europe/working-to-boost-arctic-security-nato-chief-amid-us-greenland-threat-donald-trump-claims-credit-for-it-too/articleshow/126486459.cms already exists.
2026-01-12 22:28:14,653 - INFO - [Times of India] Article: https://timesofindia.indiatimes.com/world/rest-of-world/avoid-all-travel-canada-issues-level-4-advisory-lists-countries-canadians-should-not-visit/articleshow/126485519.cms
2026-01-12 22:28:14,653 - INFO - [Times of India] Attempt 1/1: Trying with 'selenium_browser' strategy...
2026-01-12 22:28:16,780 - INFO - [Times of India] Page content loaded.
2026-01-12 22:28:16,893 - INFO - [Times of India] Success with 'selenium_browser'. Found content (452 words).
2026-01-12 22:28:33,494 - ERROR - [The Hindu] Request failed for strategy 'selenium_browser' on URL https://www.thehindu.com/news/national/kerala/swami-vivekananda-emphasised-the-oneness-of-all-human-beings/article70502726.ece: Message: timeout: Timed out receiving message from renderer: 20.000
  (Session info: chrome=143.0.7499.169)
Stacktrace:
#0 0x55a4736e640a <unknown>
#1 0x55a47311a76b <unknown>
#2 0x55a47310280a <unknown>
#3 0x55a4731024ed <unknown>
#4 0x55a4731003a7 <unknown>
#5 0x55a473100cbf <unknown>
#6 0x55a47310f480 <unknown>
#7 0x55a473128b47 <unknown>
#8 0x55a47312f1fb <unknown>
#9 0x55a4731013e8 <unknown>
#10 0x55a4731288f8 <unknown>
#11 0x55a4731b7639 <unknown>
#12 0x55a47315e7b2 <unknown>
#13 0x55a47315f461 <unknown>
#14 0x55a4736aedf9 <unknown>
#15 0x55a4736b1d5d <unknown>
#16 0x55a473697b41 <unknown>
#17 0x55a4736b293b <unknown>
#18 0x55a47367e870 <unknown>
#19 0x55a4736d3828 <unknown>
#20 0x55a4736d39fc <unknown>
#21 0x55a4736e5763 <unknown>
#22 0x7f98a1a9caa4 <unknown>
#23 0x7f98a1b29c6c <unknown>

2026-01-12 22:28:33,494 - ERROR - [The Hindu] All scrape strategies failed for https://www.thehindu.com/news/national/kerala/swami-vivekananda-emphasised-the-oneness-of-all-human-beings/article70502726.ece. Falling back to RSS description.
2026-01-12 22:28:33,494 - WARNING - SKIPPED (GLOBAL WORD LIMIT): Article '‘Swami Vivekananda emphasised the oneness of all human beings’' from The Hindu has only 3 words (Min: 90).
2026-01-12 22:29:00,155 - INFO - Saved article: 'Avoid all travel': Canada issues level-4 advisory, lists countries Canadians should not visit - The Times of India from Times of India (452 words)
2026-01-12 22:29:00,156 - INFO - [The Hindu] Article: https://www.thehindu.com/news/national/kerala/row-over-cms-mega-quiz-rages-on/article70502627.ece
2026-01-12 22:29:00,156 - INFO - [The Hindu] Attempt 1/1: Trying with 'selenium_browser' strategy...
2026-01-12 22:29:01,392 - INFO - [Times of India] Article: https://timesofindia.indiatimes.com/world/us/why-texas-is-turning-into-mumbai-racist-maga-influencer-mocks-accent-of-indian-origin-christian-gop-leader/articleshow/126486487.cms
2026-01-12 22:29:01,392 - INFO - [Times of India] Attempt 1/1: Trying with 'selenium_browser' strategy...
2026-01-12 22:29:03,872 - INFO - [Times of India] Page content loaded.
2026-01-12 22:29:03,980 - INFO - [Times of India] Success with 'selenium_browser'. Found content (343 words).
2026-01-12 22:29:20,172 - ERROR - [The Hindu] Request failed for strategy 'selenium_browser' on URL https://www.thehindu.com/news/national/kerala/row-over-cms-mega-quiz-rages-on/article70502627.ece: Message: timeout: Timed out receiving message from renderer: 20.000
  (Session info: chrome=143.0.7499.169)
Stacktrace:
#0 0x55a4736e640a <unknown>
#1 0x55a47311a76b <unknown>
#2 0x55a47310280a <unknown>
#3 0x55a4731024ed <unknown>
#4 0x55a4731003a7 <unknown>
#5 0x55a473100cbf <unknown>
#6 0x55a47310f480 <unknown>
#7 0x55a473128b47 <unknown>
#8 0x55a47312f1fb <unknown>
#9 0x55a4731013e8 <unknown>
#10 0x55a4731288f8 <unknown>
#11 0x55a4731b7639 <unknown>
#12 0x55a47315e7b2 <unknown>
#13 0x55a47315f461 <unknown>
#14 0x55a4736aedf9 <unknown>
#15 0x55a4736b1d5d <unknown>
#16 0x55a473697b41 <unknown>
#17 0x55a4736b293b <unknown>
#18 0x55a47367e870 <unknown>
#19 0x55a4736d3828 <unknown>
#20 0x55a4736d39fc <unknown>
#21 0x55a4736e5763 <unknown>
#22 0x7f98a1a9caa4 <unknown>
#23 0x7f98a1b29c6c <unknown>

2026-01-12 22:29:20,172 - ERROR - [The Hindu] All scrape strategies failed for https://www.thehindu.com/news/national/kerala/row-over-cms-mega-quiz-rages-on/article70502627.ece. Falling back to RSS description.
2026-01-12 22:29:20,172 - WARNING - SKIPPED (GLOBAL WORD LIMIT): Article 'Row over CM’s mega quiz rages on' from The Hindu has only 27 words (Min: 90).
2026-01-12 22:29:39,779 - CRITICAL - --- TIMEOUT: 2 scrape jobs did not complete in 300s. ---
2026-01-12 22:29:39,779 - ERROR - A thread has timed out and will be abandoned.
2026-01-12 22:29:39,779 - ERROR - A thread has timed out and will be abandoned.
2026-01-12 22:29:39,779 - INFO - Shutting down thread pool (wait=False)...
2026-01-12 22:29:39,779 - INFO - Scraped: 0 BBC, 1 The Guardian, 2 Timed_Out_Jobs articles. (Total saved: 1)
2026-01-12 22:29:39,782 - INFO - --- Scraping job finished ---
2026-01-12 22:29:39,782 - INFO - --- Scraper service stopped and database connection closed. ---
2026-01-12 22:29:39,782 - INFO - --- Main thread finished. Forcing process exit to kill zombie threads. ---
