2026-01-02 08:36:38,542 - INFO - Loading AI Semantic Model (all-MiniLM-L6-v2)...
2026-01-02 08:36:38,543 - INFO - Use pytorch device_name: cpu
2026-01-02 08:36:38,543 - INFO - Load pretrained SentenceTransformer: all-MiniLM-L6-v2
2026-01-02 08:36:39,977 - INFO - AI Model loaded successfully.
2026-01-02 08:36:39,977 - INFO - --- Scraper service started (CI Mode: Run Once) ---
2026-01-02 08:36:39,977 - INFO - --- Starting new scraping job (Parallel Mode) ---
2026-01-02 08:36:39,977 - INFO - Creating new robust session with 3 retries on 5xx/connection/read errors.
2026-01-02 08:36:39,977 - INFO - Proxy is DISABLED.
2026-01-02 08:36:39,977 - INFO - Starting scrape for BBC RSS feed: http://feeds.bbci.co.uk/news/world/rss.xml
2026-01-02 08:36:39,978 - INFO - [Times of India] (Thread) requires Selenium. Initializing driver...
2026-01-02 08:36:39,979 - INFO - Starting scrape for The Guardian RSS feed: https://www.theguardian.com/world/rss
2026-01-02 08:36:39,980 - INFO - [The Hindu] (Thread) requires Selenium. Initializing driver...
2026-01-02 08:36:39,980 - INFO - Submitted 4 jobs to thread pool. Waiting up to 300s for completion...
2026-01-02 08:36:40,176 - INFO - Found 45 articles in The Guardian RSS feed. Processing up to 30.
2026-01-02 08:36:40,176 - INFO - [The Guardian] Early skip: URL https://www.theguardian.com/science/2026/jan/01/cremation-pyre-in-africa-thought-to-be-worlds-oldest-containing-adult-remains already exists.
2026-01-02 08:36:40,243 - INFO - Found 23 articles in BBC RSS feed. Processing up to 30.
2026-01-02 08:36:40,346 - INFO - [BBC] Early skip: URL https://www.bbc.com/news/articles/clyg23lj057o?at_medium=RSS&at_campaign=rss already exists.
2026-01-02 08:36:40,523 - INFO - [The Guardian] Early skip: URL https://www.theguardian.com/global-development/2026/jan/01/us-aid-cuts-conditions-un-humanitarian-pledge-ocha already exists.
2026-01-02 08:36:40,665 - INFO - [BBC] Early skip: URL https://www.bbc.com/news/articles/cx2drqwp2eyo?at_medium=RSS&at_campaign=rss already exists.
2026-01-02 08:36:40,922 - INFO - [The Guardian] Early skip: URL https://www.theguardian.com/world/2025/dec/31/guinea-junta-chief-mamady-doumbouya-elected-president-after-opposition-boycott already exists.
2026-01-02 08:36:41,195 - INFO - [BBC] Early skip: URL https://www.bbc.com/news/articles/c36810pkz96o?at_medium=RSS&at_campaign=rss already exists.
2026-01-02 08:36:41,442 - INFO - [The Guardian] Early skip: URL https://www.theguardian.com/world/2025/dec/30/saudi-arabia-uae-tension-future-yemen-boiling-point already exists.
2026-01-02 08:36:41,556 - INFO - [BBC] Early skip: URL https://www.bbc.com/news/articles/cj9rjwpvmpzo?at_medium=RSS&at_campaign=rss already exists.
2026-01-02 08:36:41,663 - INFO - [The Guardian] Early skip: URL https://www.theguardian.com/sport/2025/dec/29/anthony-joshua-injured-car-crash-nigeria already exists.
2026-01-02 08:36:41,933 - INFO - [BBC] Early skip: URL https://www.bbc.com/news/articles/clynvkwglx4o?at_medium=RSS&at_campaign=rss already exists.
2026-01-02 08:36:42,138 - INFO - [The Guardian] Early skip: URL https://www.theguardian.com/world/2026/jan/02/venezuela-maduro-open-to-talks-drug-trafficking-maduro already exists.
2026-01-02 08:36:42,381 - INFO - [BBC] Early skip: URL https://www.bbc.com/news/articles/c8e5lxd2gwgo?at_medium=RSS&at_campaign=rss already exists.
2026-01-02 08:36:42,542 - INFO - [The Guardian] Early skip: URL https://www.theguardian.com/world/2025/dec/30/military-drone-strike-venezuela-trump-maduro already exists.
2026-01-02 08:36:42,758 - INFO - [BBC] Early skip: URL https://www.bbc.com/news/articles/c701z7g0ppro?at_medium=RSS&at_campaign=rss already exists.
2026-01-02 08:36:42,883 - INFO - [The Guardian] Early skip: URL https://www.theguardian.com/world/2025/dec/29/brazil-ex-president-jair-bolsonaro-hiccups-treatment already exists.
2026-01-02 08:36:43,133 - INFO - [BBC] Early skip: URL https://www.bbc.com/news/articles/ckgl2je05j0o?at_medium=RSS&at_campaign=rss already exists.
2026-01-02 08:36:43,266 - INFO - [The Guardian] Early skip: URL https://www.theguardian.com/world/2025/dec/29/mexico-train-derailment-oaxaca already exists.
2026-01-02 08:36:43,466 - INFO - [BBC] Early skip: URL https://www.bbc.com/news/articles/cddg7100ym2o?at_medium=RSS&at_campaign=rss already exists.
2026-01-02 08:36:43,716 - INFO - [The Guardian] Early skip: URL https://www.theguardian.com/us-news/2025/dec/29/trump-venezuela-facility-strike already exists.
2026-01-02 08:36:43,961 - INFO - [BBC] Early skip: URL https://www.bbc.com/sport/football/articles/cqxyrj9dv5go?at_medium=RSS&at_campaign=rss already exists.
2026-01-02 08:36:44,107 - INFO - [The Guardian] Early skip: URL https://www.theguardian.com/world/2026/jan/02/kim-jong-un-daughter-ju-ae-north-korean-ruler-speculation already exists.
2026-01-02 08:36:44,213 - INFO - [BBC] Early skip: URL https://www.bbc.com/news/articles/clyw59v8978o?at_medium=RSS&at_campaign=rss already exists.
2026-01-02 08:36:44,318 - INFO - [The Guardian] Early skip: URL https://www.theguardian.com/music/2026/jan/01/newjeans-member-danielle-sued-for-millions-after-bitter-feud-with-k-pop-record-label already exists.
2026-01-02 08:36:44,549 - INFO - [BBC] Early skip: URL https://www.bbc.com/news/articles/c9dvyyjyj18o?at_medium=RSS&at_campaign=rss already exists.
2026-01-02 08:36:44,806 - INFO - [The Guardian] Early skip: URL https://www.theguardian.com/world/2025/dec/31/xi-jinping-vows-reunification-china-taiwan-new-years-eve-speech already exists.
2026-01-02 08:36:44,950 - INFO - [BBC] Early skip: URL https://www.bbc.com/news/articles/c4gvg46dy7vo?at_medium=RSS&at_campaign=rss already exists.
2026-01-02 08:36:45,074 - INFO - [The Guardian] Early skip: URL https://www.theguardian.com/business/2025/dec/31/china-forecast-to-have-sold-one-in-every-10-new-cars-in-uk-in-2025 already exists.
2026-01-02 08:36:45,284 - INFO - [BBC] Early skip: URL https://www.bbc.com/news/articles/c98n8lrj7y6o?at_medium=RSS&at_campaign=rss already exists.
2026-01-02 08:36:45,481 - INFO - [The Guardian] Early skip: URL https://www.theguardian.com/world/2025/dec/31/female-lawmakers-in-japan-lobby-for-more-toilets-in-parliament already exists.
2026-01-02 08:36:45,672 - INFO - [BBC] Early skip: URL https://www.bbc.com/news/articles/c4gweww8rjro?at_medium=RSS&at_campaign=rss already exists.
2026-01-02 08:36:45,920 - INFO - [The Guardian] Early skip: URL https://www.theguardian.com/australia-news/2026/jan/02/australia-2025-road-toll-deaths-fatalities-rise-nationwide already exists.
2026-01-02 08:36:46,064 - INFO - [BBC] Early skip: URL https://www.bbc.com/news/articles/c050j896q2do?at_medium=RSS&at_campaign=rss already exists.
2026-01-02 08:36:46,292 - INFO - [The Guardian] Early skip: URL https://www.theguardian.com/australia-news/2026/jan/02/snorkeler-missing-wa-north-perth-ledge-point already exists.
2026-01-02 08:36:46,446 - INFO - [BBC] Early skip: URL https://www.bbc.com/news/articles/c78v5dj3x39o?at_medium=RSS&at_campaign=rss already exists.
2026-01-02 08:36:46,566 - INFO - [The Guardian] Early skip: URL https://www.theguardian.com/environment/2026/jan/02/ev-australia-electric-cars-vehicle-lower-price-cheap-best-2026-new-models already exists.
2026-01-02 08:36:46,848 - INFO - [BBC] Early skip: URL https://www.bbc.com/news/articles/cwywv4ndwqxo?at_medium=RSS&at_campaign=rss already exists.
2026-01-02 08:36:47,105 - INFO - [The Guardian] Early skip: URL https://www.theguardian.com/sport/2026/jan/02/usman-khawaja-announces-retirement-from-international-cricket already exists.
2026-01-02 08:36:47,109 - INFO - Selenium driver initialized successfully.
2026-01-02 08:36:47,109 - INFO - Starting scrape for Times of India RSS feed: https://timesofindia.indiatimes.com/rssfeeds/296589292.cms
2026-01-02 08:36:47,110 - INFO - Selenium driver initialized successfully.
2026-01-02 08:36:47,110 - INFO - Starting scrape for The Hindu RSS feed: https://www.thehindu.com/news/national/feeder/default.rss
2026-01-02 08:36:47,240 - INFO - Found 20 articles in Times of India RSS feed. Processing up to 30.
2026-01-02 08:36:47,265 - INFO - [BBC] Early skip: URL https://www.bbc.com/news/videos/czjg9ge7vdeo?at_medium=RSS&at_campaign=rss already exists.
2026-01-02 08:36:47,496 - INFO - [Times of India] Article: https://timesofindia.indiatimes.com/world/middle-east/currency-collapse-and-soaring-inflation-iran-protests-turn-deadly-10-things-to-know/articleshow/126299231.cms
2026-01-02 08:36:47,496 - INFO - [Times of India] Attempt 1/1: Trying with 'selenium_browser' strategy...
2026-01-02 08:36:47,497 - INFO - [The Guardian] Early skip: URL https://www.theguardian.com/australia-news/2026/jan/02/australian-injured-new-years-eve-fire-switzerland-swiss-ski-resort-crans-montana already exists.
2026-01-02 08:36:47,648 - INFO - [The Guardian] Early skip: URL https://www.theguardian.com/artanddesign/2026/jan/02/paris-musee-d-art-moderne-donation-henri-matisse-marguerite already exists.
2026-01-02 08:36:47,891 - INFO - [BBC] Article: https://www.bbc.com/news/videos/czdqp29gz51o?at_medium=RSS&at_campaign=rss
2026-01-02 08:36:47,891 - INFO - [BBC] Attempt 1/1: Trying with 'requests_browser' strategy...
2026-01-02 08:36:47,893 - INFO - [The Guardian] Early skip: URL https://www.theguardian.com/world/2026/jan/01/switzerland-to-hold-five-days-of-mourning-after-dozens-killed-in-resort-fire already exists.
2026-01-02 08:36:47,995 - INFO - Found 100 articles in The Hindu RSS feed. Processing up to 30.
2026-01-02 08:36:48,072 - WARNING - [BBC] FAILED with 'requests_browser' (content was too short: 67 words).
2026-01-02 08:36:48,072 - ERROR - [BBC] All scrape strategies failed for https://www.bbc.com/news/videos/czdqp29gz51o?at_medium=RSS&at_campaign=rss. Falling back to RSS description.
2026-01-02 08:36:48,072 - WARNING - SKIPPED (GLOBAL WORD LIMIT): Article 'What are Russians hoping for in 2026, asks Steve Rosenberg' from BBC has only 19 words (Min: 90).
2026-01-02 08:36:48,191 - INFO - [The Hindu] Article: https://www.thehindu.com/news/national/kerala/vellappally-natesan-says-cpi-created-impression-of-lack-of-unity-in-ldf-loses-cool-at-media-again/article70463231.ece
2026-01-02 08:36:48,191 - INFO - [The Hindu] Attempt 1/1: Trying with 'selenium_browser' strategy...
2026-01-02 08:36:48,192 - INFO - [The Guardian] Early skip: URL https://www.theguardian.com/world/2026/jan/02/uk-medics-helping-ukrainian-amputees-rehabilitation-centre already exists.
2026-01-02 08:36:48,334 - INFO - [The Guardian] Early skip: URL https://www.theguardian.com/film/2026/jan/02/george-clooney-trump-french-citizenship already exists.
2026-01-02 08:36:48,576 - INFO - [The Guardian] Early skip: URL https://www.theguardian.com/world/2026/jan/01/new-year-drone-strike-kills-24-in-russian-occupied-ukraine-moscow-says already exists.
2026-01-02 08:36:48,769 - INFO - [The Guardian] Early skip: URL https://www.theguardian.com/global-development/2026/jan/01/two-people-dead-iran-economic-crisis-protests-battlefield already exists.
2026-01-02 08:36:49,023 - INFO - [The Guardian] Early skip: URL https://www.theguardian.com/world/2026/jan/01/executions-saudi-arabia-highest-number-ever-2025 already exists.
2026-01-02 08:36:49,292 - INFO - [The Guardian] Early skip: URL https://www.theguardian.com/world/2026/jan/01/israel-allowing-traders-to-bring-into-gaza-dual-use-items-barred-from-aid-organisations already exists.
2026-01-02 08:36:49,438 - INFO - [The Guardian] Early skip: URL https://www.theguardian.com/world/2025/dec/31/we-want-the-mullahs-gone-economic-crisis-sparks-biggest-protests-in-iran-since-2022 already exists.
2026-01-02 08:36:49,735 - INFO - [The Guardian] Early skip: URL https://www.theguardian.com/politics/2025/dec/31/emily-thornberry-government-accused-failures-abd-el-fattah-case already exists.
2026-01-02 08:36:49,936 - INFO - [BBC] Article: https://www.bbc.com/news/videos/c4glvg5yrlyo?at_medium=RSS&at_campaign=rss
2026-01-02 08:36:49,937 - INFO - [BBC] Attempt 1/1: Trying with 'requests_browser' strategy...
2026-01-02 08:36:50,125 - WARNING - [BBC] FAILED with 'requests_browser' (content was too short: 65 words).
2026-01-02 08:36:50,125 - ERROR - [BBC] All scrape strategies failed for https://www.bbc.com/news/videos/c4glvg5yrlyo?at_medium=RSS&at_campaign=rss. Falling back to RSS description.
2026-01-02 08:36:50,125 - WARNING - SKIPPED (GLOBAL WORD LIMIT): Article 'Zohran Mamdani sworn in as first Muslim New York City Mayor' from BBC has only 17 words (Min: 90).
2026-01-02 08:36:51,064 - INFO - [BBC] Early skip: URL https://www.bbc.com/news/videos/ckgkn1xexnno?at_medium=RSS&at_campaign=rss already exists.
2026-01-02 08:36:51,367 - INFO - [BBC] Article: https://www.bbc.com/news/videos/cd6wyll5338o?at_medium=RSS&at_campaign=rss
2026-01-02 08:36:51,367 - INFO - [BBC] Attempt 1/1: Trying with 'requests_browser' strategy...
2026-01-02 08:36:51,498 - WARNING - [BBC] FAILED with 'requests_browser' (content was too short: 65 words).
2026-01-02 08:36:51,499 - ERROR - [BBC] All scrape strategies failed for https://www.bbc.com/news/videos/cd6wyll5338o?at_medium=RSS&at_campaign=rss. Falling back to RSS description.
2026-01-02 08:36:51,499 - WARNING - SKIPPED (GLOBAL WORD LIMIT): Article 'Fireworks, drums and light shows: How the world is welcoming 2026' from BBC has only 14 words (Min: 90).
2026-01-02 08:36:52,612 - INFO - [The Hindu] Page content loaded.
2026-01-02 08:36:52,732 - INFO - [The Hindu] Success with 'selenium_browser'. Found content (537 words).
2026-01-02 08:37:40,715 - INFO - Saved article: Vellappally Natesan says CPI created impression of lack of unity in LDF, loses cool at media again - The Hindu from The Hindu (537 words)
2026-01-02 08:37:41,360 - INFO - [The Hindu] Article: https://www.thehindu.com/news/national/chhattisgarh/chhattisgarh-mine-stir-video-shows-woman-constables-clothes-being-torn-two-held/article70463230.ece
2026-01-02 08:37:41,360 - INFO - [The Hindu] Attempt 1/1: Trying with 'selenium_browser' strategy...
2026-01-02 08:37:43,755 - INFO - [The Hindu] Page content loaded.
2026-01-02 08:37:43,815 - INFO - [The Hindu] Success with 'selenium_browser'. Found content (586 words).
2026-01-02 08:38:19,232 - INFO - Saved article: Chhattisgarh mine stir: Video shows woman constable’s clothes being torn; two held - The Hindu from The Hindu (586 words)
2026-01-02 08:38:20,194 - INFO - [The Hindu] Article: https://www.thehindu.com/news/national/telangana/telangana-cm-speaks-on-flak-against-him-on-social-media-says-musi-project-is-to-boost-hyderabads-image/article70463165.ece
2026-01-02 08:38:20,195 - INFO - [The Hindu] Attempt 1/1: Trying with 'selenium_browser' strategy...
2026-01-02 08:38:20,986 - INFO - [The Hindu] Page content loaded.
2026-01-02 08:38:21,076 - INFO - [The Hindu] Success with 'selenium_browser'. Found content (460 words).
2026-01-02 08:38:47,594 - ERROR - [Times of India] Request failed for strategy 'selenium_browser' on URL https://timesofindia.indiatimes.com/world/middle-east/currency-collapse-and-soaring-inflation-iran-protests-turn-deadly-10-things-to-know/articleshow/126299231.cms: HTTPConnectionPool(host='localhost', port=55503): Read timed out. (read timeout=120)
2026-01-02 08:38:47,595 - ERROR - [Times of India] All scrape strategies failed for https://timesofindia.indiatimes.com/world/middle-east/currency-collapse-and-soaring-inflation-iran-protests-turn-deadly-10-things-to-know/articleshow/126299231.cms. Falling back to RSS description.
2026-01-02 08:38:47,595 - WARNING - SKIPPED (GLOBAL WORD LIMIT): Article 'Currency collapse and soaring inflation: Iran protests turn deadly — 10 things to know' from Times of India has only 56 words (Min: 90).
2026-01-02 08:38:54,025 - INFO - Saved article: Telangana CM speaks on flak against him on social media; says Musi project is to boost Hyderabad’s image - The Hindu from The Hindu (460 words)
2026-01-02 08:38:54,026 - INFO - [Times of India] Article: https://timesofindia.indiatimes.com/world/middle-east/uae-civil-law-2026-update-expat-assets-with-no-heirs-now-taken-over-by-charities/articleshow/126300809.cms
2026-01-02 08:38:54,026 - INFO - [Times of India] Attempt 1/1: Trying with 'selenium_browser' strategy...
2026-01-02 08:38:55,242 - INFO - [The Hindu] Article: https://www.thehindu.com/news/national/maharashtra/camp-to-be-held-in-thane-district-on-january-18-to-distribute-300-prosthetic-limbs/article70463227.ece
2026-01-02 08:38:55,242 - INFO - [The Hindu] Attempt 1/1: Trying with 'selenium_browser' strategy...
2026-01-02 08:38:55,994 - INFO - [The Hindu] Page content loaded.
2026-01-02 08:38:56,050 - INFO - [The Hindu] Success with 'selenium_browser'. Found content (132 words).
2026-01-02 08:39:30,750 - INFO - Saved article: Camp to be held in Thane district on January 18 to distribute 300 prosthetic limbs - The Hindu from The Hindu (132 words)
2026-01-02 08:39:31,653 - INFO - [The Hindu] Article: https://www.thehindu.com/news/national/government-okays-22-proposals-under-electronics-components-manufacturing-scheme/article70463219.ece
2026-01-02 08:39:31,653 - INFO - [The Hindu] Attempt 1/1: Trying with 'selenium_browser' strategy...
2026-01-02 08:39:33,948 - INFO - [The Hindu] Page content loaded.
2026-01-02 08:39:34,056 - INFO - [The Hindu] Success with 'selenium_browser'. Found content (295 words).
2026-01-02 08:40:06,758 - INFO - Saved article: Government okays 22 proposals under electronics components manufacturing scheme - The Hindu from The Hindu (295 words)
2026-01-02 08:40:08,157 - INFO - [The Hindu] Article: https://www.thehindu.com/news/national/madhya-pradesh/indore-water-contamination-death-toll-hospitalisation-bacteria-presence-what-we-know-so-far/article70463072.ece
2026-01-02 08:40:08,157 - INFO - [The Hindu] Attempt 1/1: Trying with 'selenium_browser' strategy...
2026-01-02 08:40:08,806 - INFO - [The Hindu] Page content loaded.
2026-01-02 08:40:08,849 - INFO - [The Hindu] Success with 'selenium_browser'. Found content (774 words).
2026-01-02 08:40:40,696 - INFO - DEDUPLICATION: Found match (Score: 0.84). Linking to Cluster ID: 08ffc60f-ffe9-489b-ba66-d26d37fc71d4
2026-01-02 08:40:40,699 - INFO - Saved article: Indore water contamination: Presence of bacteria confirmed; what we know so far - The Hindu from The Hindu (774 words)
2026-01-02 08:40:41,249 - INFO - [The Hindu] Article: https://www.thehindu.com/news/national/telangana/kcr-must-come-to-assembly-to-dispel-propaganda-against-him-on-water-projects-says-kavitha/article70463170.ece
2026-01-02 08:40:41,249 - INFO - [The Hindu] Attempt 1/1: Trying with 'selenium_browser' strategy...
2026-01-02 08:40:42,119 - INFO - [The Hindu] Page content loaded.
2026-01-02 08:40:42,179 - INFO - [The Hindu] Success with 'selenium_browser'. Found content (403 words).
2026-01-02 08:40:54,123 - ERROR - [Times of India] Request failed for strategy 'selenium_browser' on URL https://timesofindia.indiatimes.com/world/middle-east/uae-civil-law-2026-update-expat-assets-with-no-heirs-now-taken-over-by-charities/articleshow/126300809.cms: HTTPConnectionPool(host='localhost', port=55503): Read timed out. (read timeout=120)
2026-01-02 08:40:54,123 - ERROR - [Times of India] All scrape strategies failed for https://timesofindia.indiatimes.com/world/middle-east/uae-civil-law-2026-update-expat-assets-with-no-heirs-now-taken-over-by-charities/articleshow/126300809.cms. Falling back to RSS description.
2026-01-02 08:40:54,123 - WARNING - SKIPPED (GLOBAL WORD LIMIT): Article 'UAE Civil Law 2026 update: Expat assets with no heirs now taken over by charities' from Times of India has only 47 words (Min: 90).
2026-01-02 08:41:13,868 - INFO - DEDUPLICATION: Found match (Score: 0.82). Linking to Cluster ID: 2af8e75b-d062-4241-ad34-1616bb139bbb
2026-01-02 08:41:13,871 - INFO - Saved article: KCR must come to Assembly to dispel propaganda against him on water projects, says Kavitha - The Hindu from The Hindu (403 words)
2026-01-02 08:41:13,871 - INFO - [Times of India] Article: https://timesofindia.indiatimes.com/world/middle-east/qatar-supreme-judiciary-council-launches-online-auction-of-vehicles-real-estate-and-license-plates/articleshow/126300201.cms
2026-01-02 08:41:13,871 - INFO - [Times of India] Attempt 1/1: Trying with 'selenium_browser' strategy...
2026-01-02 08:41:14,560 - INFO - [The Hindu] Article: https://www.thehindu.com/news/national/tamil-nadu/sri-lankan-navy-arrests-11-karaikal-fishermen/article70463045.ece
2026-01-02 08:41:14,560 - INFO - [The Hindu] Attempt 1/1: Trying with 'selenium_browser' strategy...
2026-01-02 08:41:15,347 - INFO - [The Hindu] Page content loaded.
2026-01-02 08:41:15,389 - INFO - [The Hindu] Success with 'selenium_browser'. Found content (162 words).
2026-01-02 08:41:39,980 - CRITICAL - --- TIMEOUT: 2 scrape jobs did not complete in 300s. ---
2026-01-02 08:41:39,981 - ERROR - A thread has timed out and will be abandoned.
2026-01-02 08:41:39,981 - ERROR - A thread has timed out and will be abandoned.
2026-01-02 08:41:39,981 - INFO - Shutting down thread pool (wait=False)...
2026-01-02 08:41:39,981 - INFO - Scraped: 0 The Guardian, 0 BBC, 2 Timed_Out_Jobs articles. (Total saved: 0)
2026-01-02 08:41:39,981 - INFO - --- Scraping job finished ---
2026-01-02 08:41:39,981 - INFO - --- Scraper service stopped and database connection closed. ---
2026-01-02 08:41:39,981 - INFO - --- Main thread finished. Forcing process exit to kill zombie threads. ---
