2025-12-15 17:51:31,985 - INFO - Loading AI Semantic Model (all-MiniLM-L6-v2)...
2025-12-15 17:51:31,986 - INFO - Use pytorch device_name: cpu
2025-12-15 17:51:31,986 - INFO - Load pretrained SentenceTransformer: all-MiniLM-L6-v2
2025-12-15 17:51:33,289 - INFO - AI Model loaded successfully.
2025-12-15 17:51:33,289 - INFO - --- Scraper service started (CI Mode: Run Once) ---
2025-12-15 17:51:33,290 - INFO - --- Starting new scraping job (Parallel Mode) ---
2025-12-15 17:51:33,290 - INFO - Creating new robust session with 3 retries on 5xx/connection/read errors.
2025-12-15 17:51:33,290 - INFO - Proxy is DISABLED.
2025-12-15 17:51:33,290 - INFO - Starting scrape for BBC RSS feed: http://feeds.bbci.co.uk/news/world/rss.xml
2025-12-15 17:51:33,291 - INFO - [Times of India] (Thread) requires Selenium. Initializing driver...
2025-12-15 17:51:33,291 - INFO - Starting scrape for The Guardian RSS feed: https://www.theguardian.com/world/rss
2025-12-15 17:51:33,292 - INFO - [The Hindu] (Thread) requires Selenium. Initializing driver...
2025-12-15 17:51:33,293 - INFO - Submitted 4 jobs to thread pool. Waiting up to 300s for completion...
2025-12-15 17:51:33,418 - INFO - Found 45 articles in The Guardian RSS feed. Processing up to 30.
2025-12-15 17:51:33,419 - INFO - [The Guardian] Early skip: URL https://www.theguardian.com/education/2025/dec/14/ghana-students-uk-universities-face-deportion-funding-crisis already exists.
2025-12-15 17:51:33,584 - INFO - [The Guardian] Early skip: URL https://www.theguardian.com/science/2025/dec/15/little-foot-hominin-fossil-may-be-new-species-of-human-ancestor already exists.
2025-12-15 17:51:33,734 - INFO - Found 40 articles in BBC RSS feed. Processing up to 30.
2025-12-15 17:51:33,818 - INFO - [The Guardian] Early skip: URL https://www.theguardian.com/world/2025/dec/13/drone-strike-on-un-facility-in-war-torn-sudan-leaves-six-peacekeepers-dead already exists.
2025-12-15 17:51:34,107 - INFO - [BBC] Article: https://www.bbc.com/news/articles/c8dy54e6ljqo?at_medium=RSS&at_campaign=rss
2025-12-15 17:51:34,107 - INFO - [BBC] Attempt 1/1: Trying with 'requests_browser' strategy...
2025-12-15 17:51:34,110 - INFO - [The Guardian] Early skip: URL https://www.theguardian.com/world/2025/dec/13/us-accuses-rwanda-of-violating-peace-deal already exists.
2025-12-15 17:51:34,211 - INFO - Selenium driver initialized successfully.
2025-12-15 17:51:34,211 - INFO - Starting scrape for The Hindu RSS feed: https://www.thehindu.com/news/national/feeder/default.rss
2025-12-15 17:51:34,212 - INFO - Selenium driver initialized successfully.
2025-12-15 17:51:34,212 - INFO - Starting scrape for Times of India RSS feed: https://timesofindia.indiatimes.com/rssfeeds/296589292.cms
2025-12-15 17:51:34,270 - INFO - [The Guardian] Early skip: URL https://www.theguardian.com/us-news/2025/dec/12/trump-ends-temporary-legal-status-ethiopia already exists.
2025-12-15 17:51:34,276 - INFO - [BBC] Success with 'requests_browser'. Found content (1000 words).
2025-12-15 17:51:34,349 - INFO - Found 100 articles in The Hindu RSS feed. Processing up to 30.
2025-12-15 17:51:34,706 - INFO - Found 20 articles in Times of India RSS feed. Processing up to 30.
2025-12-15 17:52:24,148 - INFO - DEDUPLICATION: Found match (Score: 0.75). Linking to Cluster ID: b1f403b7-fc3a-4108-a393-565558bb0d21
2025-12-15 17:52:24,151 - INFO - Saved article: How Bondi's Hanukkah festival turned from joy to horror within minutes from BBC (1000 words)
2025-12-15 17:52:24,152 - INFO - [The Hindu] Article: https://www.thehindu.com/news/national/telangana/armed-with-objections-against-ward-delimitation-legislators-make-a-beeline-to-ghmc/article70399627.ece
2025-12-15 17:52:24,152 - INFO - [The Hindu] Attempt 1/1: Trying with 'selenium_browser' strategy...
2025-12-15 17:52:24,152 - INFO - [The Guardian] Early skip: URL https://www.theguardian.com/world/2025/dec/15/maria-corina-machado-venezuela-norway already exists.
2025-12-15 17:52:24,290 - INFO - [Times of India] Article: https://timesofindia.indiatimes.com/world/us/rob-reiners-son-nick-arrested-on-suspicion-of-homicide-source-says-father-and-son-argued-at-party-before-deaths/articleshow/125986770.cms
2025-12-15 17:52:24,290 - INFO - [Times of India] Attempt 1/1: Trying with 'selenium_browser' strategy...
2025-12-15 17:52:24,291 - INFO - [The Guardian] Early skip: URL https://www.theguardian.com/world/2025/dec/15/jose-antonio-kast-wins-election-chile-president already exists.
2025-12-15 17:52:24,506 - INFO - [The Guardian] Early skip: URL https://www.theguardian.com/us-news/2025/dec/14/jetblue-pilot-avoids-midair-collision-air-force-venezuela already exists.
2025-12-15 17:52:24,792 - INFO - [The Guardian] Early skip: URL https://www.theguardian.com/world/2025/dec/14/chile-presidential-election already exists.
2025-12-15 17:52:25,059 - INFO - [The Guardian] Early skip: URL https://www.theguardian.com/world/2025/dec/13/venezuela-oil-exports-reportedly-fall-sharply-after-us-seizure-of-tanker-skipper already exists.
2025-12-15 17:52:25,197 - INFO - [BBC] Early skip: URL https://www.bbc.com/news/articles/ckgz15d5718o?at_medium=RSS&at_campaign=rss already exists.
2025-12-15 17:52:25,365 - INFO - [BBC] Early skip: URL https://www.bbc.com/news/articles/cjrjq2v7l3po?at_medium=RSS&at_campaign=rss already exists.
2025-12-15 17:52:25,476 - INFO - [The Guardian] Early skip: URL https://www.theguardian.com/world/2025/dec/15/uk-condemns-hong-kongs-politically-motivated-targeting-of-jimmy-lai-after-conviction already exists.
2025-12-15 17:52:25,627 - INFO - [The Guardian] Early skip: URL https://www.theguardian.com/world/2025/dec/15/jimmy-lai-verdict-hong-kong-judges-national-security-charges already exists.
2025-12-15 17:52:25,750 - INFO - [The Guardian] Early skip: URL https://www.theguardian.com/world/live/2025/dec/15/jimmy-lai-verdict-hong-kong-court-national-security-charges-live already exists.
2025-12-15 17:52:25,856 - INFO - [The Guardian] Early skip: URL https://www.theguardian.com/world/2025/dec/14/hong-kong-opposition-democratic-party-disbands-chinese-pressure already exists.
2025-12-15 17:52:26,122 - INFO - [The Guardian] Early skip: URL https://www.theguardian.com/world/2025/dec/12/thailand-and-cambodia-agree-to-restart-ceasefire-brokered-by-us-says-trump already exists.
2025-12-15 17:52:26,358 - INFO - [BBC] Early skip: URL https://www.bbc.com/news/articles/cp844kjj37vo?at_medium=RSS&at_campaign=rss already exists.
2025-12-15 17:52:26,601 - INFO - [BBC] Early skip: URL https://www.bbc.com/news/articles/cjwyzlly6eno?at_medium=RSS&at_campaign=rss already exists.
2025-12-15 17:52:26,744 - INFO - [The Guardian] Early skip: URL https://www.theguardian.com/australia-news/2025/dec/15/australian-pm-rejects-netanyahu-linking-palestine-recognition-bondi-beach-attack already exists.
2025-12-15 17:52:27,019 - INFO - [The Guardian] Early skip: URL https://www.theguardian.com/australia-news/2025/dec/15/four-killed-after-minivan-crashes-into-a-tree-in-northern-victoria already exists.
2025-12-15 17:52:27,132 - INFO - [BBC] Early skip: URL https://www.bbc.com/news/articles/cdxwg94v4veo?at_medium=RSS&at_campaign=rss already exists.
2025-12-15 17:52:27,402 - INFO - [BBC] Early skip: URL https://www.bbc.com/news/articles/c0kde07lvvro?at_medium=RSS&at_campaign=rss already exists.
2025-12-15 17:52:27,598 - INFO - [BBC] Early skip: URL https://www.bbc.com/news/articles/ckg9ll6jpl0o?at_medium=RSS&at_campaign=rss already exists.
2025-12-15 17:52:27,896 - INFO - [The Guardian] Early skip: URL https://www.theguardian.com/australia-news/2025/dec/15/pakistani-man-living-in-australia-describes-nightmare-of-being-labelled-as-bondi-attacker already exists.
2025-12-15 17:52:28,062 - INFO - [The Guardian] Early skip: URL https://www.theguardian.com/australia-news/2025/dec/15/bondi-beach-terror-attack-father-son-duo-alleged-behind-shooting-licensed-firearms-ntwnfb already exists.
2025-12-15 17:52:28,255 - INFO - [BBC] Early skip: URL https://www.bbc.com/news/articles/cvg1r89m6g7o?at_medium=RSS&at_campaign=rss already exists.
2025-12-15 17:52:28,468 - INFO - [The Guardian] Early skip: URL https://www.theguardian.com/australia-news/2025/dec/15/sydneys-suburbs-have-a-frightening-concentration-of-gun-ownership-data-shows already exists.
2025-12-15 17:52:28,745 - INFO - [BBC] Early skip: URL https://www.bbc.com/news/articles/c2dz7r708dxo?at_medium=RSS&at_campaign=rss already exists.
2025-12-15 17:52:28,924 - INFO - [The Guardian] Article: https://www.theguardian.com/world/2025/dec/15/spain-to-launch-60-monthly-nationwide-public-transport-pass
2025-12-15 17:52:28,924 - INFO - [The Guardian] Attempt 1/1: Trying with 'requests_browser' strategy...
2025-12-15 17:52:28,926 - INFO - [BBC] Early skip: URL https://www.bbc.com/news/articles/cx2dklj3rxvo?at_medium=RSS&at_campaign=rss already exists.
2025-12-15 17:52:28,962 - INFO - [The Guardian] Success with 'requests_browser'. Found content (419 words).
2025-12-15 17:52:29,195 - INFO - [BBC] Early skip: URL https://www.bbc.com/news/videos/cy4xgxm2848o?at_medium=RSS&at_campaign=rss already exists.
2025-12-15 17:52:29,357 - INFO - [BBC] Early skip: URL https://www.bbc.com/news/articles/c9d9vpxjp2go?at_medium=RSS&at_campaign=rss already exists.
2025-12-15 17:52:29,557 - INFO - [BBC] Early skip: URL https://www.bbc.com/news/articles/c4g66nll48do?at_medium=RSS&at_campaign=rss already exists.
2025-12-15 17:52:29,789 - INFO - [BBC] Early skip: URL https://www.bbc.com/news/articles/c0l9954yr9ko?at_medium=RSS&at_campaign=rss already exists.
2025-12-15 17:52:44,176 - ERROR - [The Hindu] Request failed for strategy 'selenium_browser' on URL https://www.thehindu.com/news/national/telangana/armed-with-objections-against-ward-delimitation-legislators-make-a-beeline-to-ghmc/article70399627.ece: Message: timeout: Timed out receiving message from renderer: 19.911
  (Session info: chrome=143.0.7499.40)
Stacktrace:
#0 0x565233c2119a <unknown>
#1 0x56523369ec4b <unknown>
#2 0x565233686cf3 <unknown>
#3 0x5652336869d6 <unknown>
#4 0x565233684897 <unknown>
#5 0x5652336851af <unknown>
#6 0x565233693970 <unknown>
#7 0x5652336ad017 <unknown>
#8 0x5652336b36cb <unknown>
#9 0x5652336858d8 <unknown>
#10 0x5652336acdc3 <unknown>
#11 0x56523373bf60 <unknown>
#12 0x5652336e2c42 <unknown>
#13 0x5652336e38f1 <unknown>
#14 0x565233be9f39 <unknown>
#15 0x565233bece7d <unknown>
#16 0x565233bd2c81 <unknown>
#17 0x565233beda5b <unknown>
#18 0x565233bb9a50 <unknown>
#19 0x565233c0eaa8 <unknown>
#20 0x565233c0ec79 <unknown>
#21 0x565233c204f3 <unknown>
#22 0x7fab48a9caa4 <unknown>
#23 0x7fab48b29c6c <unknown>

2025-12-15 17:52:44,176 - ERROR - [The Hindu] All scrape strategies failed for https://www.thehindu.com/news/national/telangana/armed-with-objections-against-ward-delimitation-legislators-make-a-beeline-to-ghmc/article70399627.ece. Falling back to RSS description.
2025-12-15 17:52:44,176 - WARNING - SKIPPED (GLOBAL WORD LIMIT): Article 'Armed with objections against ward delimitation, legislators make a beeline to GHMC' from The Hindu has only 34 words (Min: 90).
2025-12-15 17:52:44,369 - ERROR - [Times of India] Request failed for strategy 'selenium_browser' on URL https://timesofindia.indiatimes.com/world/us/rob-reiners-son-nick-arrested-on-suspicion-of-homicide-source-says-father-and-son-argued-at-party-before-deaths/articleshow/125986770.cms: Message: timeout: Timed out receiving message from renderer: 19.912
  (Session info: chrome=143.0.7499.40)
Stacktrace:
#0 0x5632a2f8d19a <unknown>
#1 0x5632a2a0ac4b <unknown>
#2 0x5632a29f2cf3 <unknown>
#3 0x5632a29f29d6 <unknown>
#4 0x5632a29f0897 <unknown>
#5 0x5632a29f11af <unknown>
#6 0x5632a29ff970 <unknown>
#7 0x5632a2a19017 <unknown>
#8 0x5632a2a1f6cb <unknown>
#9 0x5632a29f18d8 <unknown>
#10 0x5632a2a18dc3 <unknown>
#11 0x5632a2aa7f60 <unknown>
#12 0x5632a2a4ec42 <unknown>
#13 0x5632a2a4f8f1 <unknown>
#14 0x5632a2f55f39 <unknown>
#15 0x5632a2f58e7d <unknown>
#16 0x5632a2f3ec81 <unknown>
#17 0x5632a2f59a5b <unknown>
#18 0x5632a2f25a50 <unknown>
#19 0x5632a2f7aaa8 <unknown>
#20 0x5632a2f7ac79 <unknown>
#21 0x5632a2f8c4f3 <unknown>
#22 0x7fe97469caa4 <unknown>
#23 0x7fe974729c6c <unknown>

2025-12-15 17:52:44,370 - ERROR - [Times of India] All scrape strategies failed for https://timesofindia.indiatimes.com/world/us/rob-reiners-son-nick-arrested-on-suspicion-of-homicide-source-says-father-and-son-argued-at-party-before-deaths/articleshow/125986770.cms. Falling back to RSS description.
2025-12-15 17:52:44,370 - WARNING - SKIPPED (GLOBAL WORD LIMIT): Article 'Rob Reiner’s son Nick arrested on suspicion of homicide; source says father and son argued at party before deaths' from Times of India has only 3 words (Min: 90).
2025-12-15 17:53:32,127 - INFO - Saved article: Spain to launch €60 monthly nationwide public transport pass | Spain | The Guardian from The Guardian (419 words)
2025-12-15 17:53:32,127 - INFO - [BBC] Early skip: URL https://www.bbc.com/news/articles/cd0kkyx3vvxo?at_medium=RSS&at_campaign=rss already exists.
2025-12-15 17:53:32,345 - INFO - [The Hindu] Article: https://www.thehindu.com/news/national/andhra-pradesh/lokesh-urges-centre-to-sanction-11-jawahar-navodaya-vidyalayas-to-ap/article70399725.ece
2025-12-15 17:53:32,345 - INFO - [The Hindu] Attempt 1/1: Trying with 'selenium_browser' strategy...
2025-12-15 17:53:32,346 - INFO - [Times of India] Article: https://timesofindia.indiatimes.com/world/us/going-to-die-in-canada-indian-origin-jasmeet-singh-charged-in-us-for-cross-border-threats-linked-to-lawrence-bishnoi-gang/articleshow/125986031.cms
2025-12-15 17:53:32,346 - INFO - [Times of India] Attempt 1/1: Trying with 'selenium_browser' strategy...
2025-12-15 17:53:32,347 - INFO - [BBC] Early skip: URL https://www.bbc.com/news/articles/crk777lj763o?at_medium=RSS&at_campaign=rss already exists.
2025-12-15 17:53:32,543 - INFO - [BBC] Early skip: URL https://www.bbc.com/news/articles/c5y2271q20lo?at_medium=RSS&at_campaign=rss already exists.
2025-12-15 17:53:32,714 - INFO - [BBC] Early skip: URL https://www.bbc.com/news/articles/c4ge4q8gypzo?at_medium=RSS&at_campaign=rss already exists.
2025-12-15 17:53:32,943 - INFO - [BBC] Early skip: URL https://www.bbc.com/news/articles/cqlkk9qk7vyo?at_medium=RSS&at_campaign=rss already exists.
2025-12-15 17:53:33,183 - INFO - [BBC] Early skip: URL https://www.bbc.com/news/articles/c5yjj2epvlro?at_medium=RSS&at_campaign=rss already exists.
2025-12-15 17:53:33,441 - INFO - [The Guardian] Early skip: URL https://www.theguardian.com/world/live/2025/dec/15/ukraine-us-russia-berlin-nato-eu-russian-funds-steve-witkoff-volodymyr-zelenskyy-vladimir-putin-europe-live-news already exists.
2025-12-15 17:53:33,581 - INFO - [BBC] Early skip: URL https://www.bbc.com/news/articles/c20gl66r0wno?at_medium=RSS&at_campaign=rss already exists.
2025-12-15 17:53:33,696 - INFO - [BBC] Early skip: URL https://www.bbc.com/news/articles/c8655gn84ego?at_medium=RSS&at_campaign=rss already exists.
2025-12-15 17:53:33,887 - INFO - [The Guardian] Early skip: URL https://www.theguardian.com/environment/2025/dec/15/alpine-glaciers-rate-extinction-climate-crisis already exists.
2025-12-15 17:53:34,092 - INFO - [BBC] Early skip: URL https://www.bbc.com/news/articles/clyzzxggl7go?at_medium=RSS&at_campaign=rss already exists.
2025-12-15 17:53:34,193 - INFO - [The Guardian] Early skip: URL https://www.theguardian.com/world/2025/dec/15/member-far-right-afd-party-charged-nazi-salute-reichstag-germany already exists.
2025-12-15 17:53:34,344 - INFO - [BBC] Early skip: URL https://www.bbc.com/news/articles/ckg9l1j9wxno?at_medium=RSS&at_campaign=rss already exists.
2025-12-15 17:53:34,452 - INFO - [Times of India] Page content loaded.
2025-12-15 17:53:34,620 - INFO - [Times of India] Success with 'selenium_browser'. Found content (363 words).
2025-12-15 17:53:34,631 - INFO - [BBC] Early skip: URL https://www.bbc.com/news/articles/c0q5309k1y5o?at_medium=RSS&at_campaign=rss already exists.
2025-12-15 17:53:34,872 - INFO - [The Guardian] Early skip: URL https://www.theguardian.com/environment/2025/dec/15/eu-trucking-industry-zero-emissions-targets-electric-trucks already exists.
2025-12-15 17:53:35,131 - INFO - [The Guardian] Early skip: URL https://www.theguardian.com/world/2025/dec/13/israel-says-its-military-killed-hamas-commander-raed-saed-in-gaza-city-strike already exists.
2025-12-15 17:53:35,385 - INFO - [The Guardian] Early skip: URL https://www.theguardian.com/world/2025/dec/13/new-israeli-barrier-slice-through-precious-west-bank-farmland already exists.
2025-12-15 17:53:35,514 - INFO - [The Guardian] Early skip: URL https://www.theguardian.com/world/2025/dec/12/nobel-peace-prize-laureate-narges-mohammadi-arrested-iran already exists.
2025-12-15 17:53:35,718 - INFO - [BBC] Early skip: URL https://www.bbc.com/news/articles/c8dyy47qy82o?at_medium=RSS&at_campaign=rss already exists.
2025-12-15 17:53:52,421 - ERROR - [The Hindu] Request failed for strategy 'selenium_browser' on URL https://www.thehindu.com/news/national/andhra-pradesh/lokesh-urges-centre-to-sanction-11-jawahar-navodaya-vidyalayas-to-ap/article70399725.ece: Message: timeout: Timed out receiving message from renderer: 20.000
  (Session info: chrome=143.0.7499.40)
Stacktrace:
#0 0x565233c2119a <unknown>
#1 0x56523369ec4b <unknown>
#2 0x565233686cf3 <unknown>
#3 0x5652336869d6 <unknown>
#4 0x565233684897 <unknown>
#5 0x5652336851af <unknown>
#6 0x565233693970 <unknown>
#7 0x5652336ad017 <unknown>
#8 0x5652336b36cb <unknown>
#9 0x5652336858d8 <unknown>
#10 0x5652336acdc3 <unknown>
#11 0x56523373babe <unknown>
#12 0x5652336e2c42 <unknown>
#13 0x5652336e38f1 <unknown>
#14 0x565233be9f39 <unknown>
#15 0x565233bece7d <unknown>
#16 0x565233bd2c81 <unknown>
#17 0x565233beda5b <unknown>
#18 0x565233bb9a50 <unknown>
#19 0x565233c0eaa8 <unknown>
#20 0x565233c0ec79 <unknown>
#21 0x565233c204f3 <unknown>
#22 0x7fab48a9caa4 <unknown>
#23 0x7fab48b29c6c <unknown>

2025-12-15 17:53:52,421 - ERROR - [The Hindu] All scrape strategies failed for https://www.thehindu.com/news/national/andhra-pradesh/lokesh-urges-centre-to-sanction-11-jawahar-navodaya-vidyalayas-to-ap/article70399725.ece. Falling back to RSS description.
2025-12-15 17:53:52,421 - WARNING - SKIPPED (GLOBAL WORD LIMIT): Article 'Lokesh urges Centre to sanction 11 Jawahar Navodaya Vidyalayas to A.P.' from The Hindu has only 19 words (Min: 90).
2025-12-15 17:54:30,646 - INFO - Saved article: 'Going to die in Canada': Indian-origin Jasmeet Singh charged in US for cross-border threats linked to Lawrence Bishnoi gang - The Times of India from Times of India (363 words)
2025-12-15 17:54:30,646 - INFO - [The Guardian] Early skip: URL https://www.theguardian.com/tv-and-radio/2025/dec/11/nemo-eurovision-winner-2024-hand-back-trophy-protest-israel-taking-part-2025 already exists.
2025-12-15 17:54:30,824 - INFO - [BBC] Early skip: URL https://www.bbc.com/news/articles/cj38rj0y6k5o?at_medium=RSS&at_campaign=rss already exists.
2025-12-15 17:54:31,113 - INFO - [The Hindu] Article: https://www.thehindu.com/news/national/chhattisgarh/two-security-personnel-injured-in-ied-blast-in-chhattisgarhs-bijapur/article70399552.ece
2025-12-15 17:54:31,113 - INFO - [The Hindu] Attempt 1/1: Trying with 'selenium_browser' strategy...
2025-12-15 17:54:31,113 - INFO - [The Guardian] Early skip: URL https://www.theguardian.com/global-development/2025/dec/11/child-bride-spared-execution-iran-blood-money-goli-kouhkan already exists.
2025-12-15 17:54:31,262 - INFO - [BBC] Early skip: URL https://www.bbc.com/news/articles/c4gk34k9k23o?at_medium=RSS&at_campaign=rss already exists.
2025-12-15 17:54:31,511 - INFO - [BBC] Early skip: URL https://www.bbc.com/news/articles/cx2dp15zglxo?at_medium=RSS&at_campaign=rss already exists.
2025-12-15 17:54:31,982 - INFO - [Times of India] Early skip: URL https://timesofindia.indiatimes.com/etimes/trending/if-youre-on-an-h1-b-visa-indian-origin-jyoti-bansal-explains-how-he-made-billions-of-dollars-from-scratch/articleshow/125985780.cms already exists.
2025-12-15 17:54:32,190 - INFO - [Times of India] Article: https://timesofindia.indiatimes.com/world/us/incurable-affliction-trump-claims-rob-reiner-killing-linked-to-trump-derangement-syndrome-calls-him-struggling-actor/articleshow/125985896.cms
2025-12-15 17:54:32,190 - INFO - [Times of India] Attempt 1/1: Trying with 'selenium_browser' strategy...
2025-12-15 17:54:34,138 - INFO - [Times of India] Page content loaded.
2025-12-15 17:54:34,276 - INFO - [Times of India] Success with 'selenium_browser'. Found content (455 words).
2025-12-15 17:54:51,133 - ERROR - [The Hindu] Request failed for strategy 'selenium_browser' on URL https://www.thehindu.com/news/national/chhattisgarh/two-security-personnel-injured-in-ied-blast-in-chhattisgarhs-bijapur/article70399552.ece: Message: timeout: Timed out receiving message from renderer: 20.000
  (Session info: chrome=143.0.7499.40)
Stacktrace:
#0 0x565233c2119a <unknown>
#1 0x56523369ec4b <unknown>
#2 0x565233686cf3 <unknown>
#3 0x5652336869d6 <unknown>
#4 0x565233684897 <unknown>
#5 0x5652336851af <unknown>
#6 0x565233693970 <unknown>
#7 0x5652336ad017 <unknown>
#8 0x5652336b36cb <unknown>
#9 0x5652336858d8 <unknown>
#10 0x5652336acdc3 <unknown>
#11 0x56523373babe <unknown>
#12 0x5652336e2c42 <unknown>
#13 0x5652336e38f1 <unknown>
#14 0x565233be9f39 <unknown>
#15 0x565233bece7d <unknown>
#16 0x565233bd2c81 <unknown>
#17 0x565233beda5b <unknown>
#18 0x565233bb9a50 <unknown>
#19 0x565233c0eaa8 <unknown>
#20 0x565233c0ec79 <unknown>
#21 0x565233c204f3 <unknown>
#22 0x7fab48a9caa4 <unknown>
#23 0x7fab48b29c6c <unknown>

2025-12-15 17:54:51,133 - ERROR - [The Hindu] All scrape strategies failed for https://www.thehindu.com/news/national/chhattisgarh/two-security-personnel-injured-in-ied-blast-in-chhattisgarhs-bijapur/article70399552.ece. Falling back to RSS description.
2025-12-15 17:54:51,133 - WARNING - SKIPPED (GLOBAL WORD LIMIT): Article 'Two security personnel injured in IED blast in Chhattisgarh’s Bijapur' from The Hindu has only 25 words (Min: 90).
2025-12-15 17:55:29,836 - INFO - DEDUPLICATION: Found match (Score: 0.84). Linking to Cluster ID: 49d1e00e-b3a6-4f27-bc54-0485a2e220a0
2025-12-15 17:55:29,839 - INFO - Saved article: ‘Incurable affliction’: Trump claims Rob Reiner killing linked to ‘Trump derangement syndrome’, calls him ‘struggling’ actor - The Times of India from Times of India (455 words)
2025-12-15 17:55:29,839 - INFO - [The Hindu] Article: https://www.thehindu.com/news/national/andhra-pradesh/chennai-bound-vande-bharat-express-chugs-off-from-narsapur/article70398624.ece
2025-12-15 17:55:29,840 - INFO - [The Hindu] Attempt 1/1: Trying with 'selenium_browser' strategy...
2025-12-15 17:55:30,670 - INFO - [Times of India] Article: https://timesofindia.indiatimes.com/etimes/trending/shocking-new-evidence-suggests-ancient-egypts-timeline-may-be-off-by-nearly-a-century/articleshow/125983556.cms
2025-12-15 17:55:30,670 - INFO - [Times of India] Attempt 1/1: Trying with 'selenium_browser' strategy...
2025-12-15 17:55:32,623 - INFO - [Times of India] Page content loaded.
2025-12-15 17:55:32,757 - INFO - [Times of India] Success with 'selenium_browser'. Found content (993 words).
2025-12-15 17:55:49,861 - ERROR - [The Hindu] Request failed for strategy 'selenium_browser' on URL https://www.thehindu.com/news/national/andhra-pradesh/chennai-bound-vande-bharat-express-chugs-off-from-narsapur/article70398624.ece: Message: timeout: Timed out receiving message from renderer: 20.000
  (Session info: chrome=143.0.7499.40)
Stacktrace:
#0 0x565233c2119a <unknown>
#1 0x56523369ec4b <unknown>
#2 0x565233686cf3 <unknown>
#3 0x5652336869d6 <unknown>
#4 0x565233684897 <unknown>
#5 0x5652336851af <unknown>
#6 0x565233693970 <unknown>
#7 0x5652336ad017 <unknown>
#8 0x5652336b36cb <unknown>
#9 0x5652336858d8 <unknown>
#10 0x5652336acdc3 <unknown>
#11 0x56523373babe <unknown>
#12 0x5652336e2c42 <unknown>
#13 0x5652336e38f1 <unknown>
#14 0x565233be9f39 <unknown>
#15 0x565233bece7d <unknown>
#16 0x565233bd2c81 <unknown>
#17 0x565233beda5b <unknown>
#18 0x565233bb9a50 <unknown>
#19 0x565233c0eaa8 <unknown>
#20 0x565233c0ec79 <unknown>
#21 0x565233c204f3 <unknown>
#22 0x7fab48a9caa4 <unknown>
#23 0x7fab48b29c6c <unknown>

2025-12-15 17:55:49,861 - ERROR - [The Hindu] All scrape strategies failed for https://www.thehindu.com/news/national/andhra-pradesh/chennai-bound-vande-bharat-express-chugs-off-from-narsapur/article70398624.ece. Falling back to RSS description.
2025-12-15 17:55:49,861 - WARNING - SKIPPED (GLOBAL WORD LIMIT): Article 'Chennai-bound Vande Bharat Express chugs off from Narsapur' from The Hindu has only 20 words (Min: 90).
2025-12-15 17:56:28,876 - INFO - Saved article: Shocking new evidence suggests ancient Egypt’s timeline may be off by nearly a century | - The Times of India from Times of India (993 words)
2025-12-15 17:56:28,877 - INFO - [The Hindu] Article: https://www.thehindu.com/news/national/andhra-pradesh/atchannaiducalls-ysrcps-one-crore-signature-drive-a-political-gimmick/article70398958.ece
2025-12-15 17:56:28,877 - INFO - [The Hindu] Attempt 1/1: Trying with 'selenium_browser' strategy...
2025-12-15 17:56:30,066 - INFO - [Times of India] Early skip: URL https://timesofindia.indiatimes.com/world/us/donald-trump-stirs-row-after-calling-rob-reiner-tortured-and-struggling-star-after-death-utterly-disgraceful/articleshow/125984966.cms already exists.
2025-12-15 17:56:30,184 - INFO - [Times of India] Article: https://timesofindia.indiatimes.com/world/us-streamers/you-just-dont-know-arc-raiders-clash-between-ninja-and-nadeshot-turns-personal-before-cooler-heads-prevail-on-stream/articleshow/125984500.cms
2025-12-15 17:56:30,184 - INFO - [Times of India] Attempt 1/1: Trying with 'selenium_browser' strategy...
2025-12-15 17:56:31,468 - INFO - [Times of India] Page content loaded.
2025-12-15 17:56:31,602 - INFO - [Times of India] Success with 'selenium_browser'. Found content (419 words).
2025-12-15 17:56:33,293 - CRITICAL - --- TIMEOUT: 2 scrape jobs did not complete in 300s. ---
2025-12-15 17:56:33,293 - ERROR - A thread has timed out and will be abandoned.
2025-12-15 17:56:33,293 - ERROR - A thread has timed out and will be abandoned.
2025-12-15 17:56:33,293 - INFO - Shutting down thread pool (wait=False)...
2025-12-15 17:56:33,293 - INFO - Scraped: 1 BBC, 1 The Guardian, 2 Timed_Out_Jobs articles. (Total saved: 2)
2025-12-15 17:56:33,293 - INFO - --- Scraping job finished ---
2025-12-15 17:56:33,294 - INFO - --- Scraper service stopped and database connection closed. ---
2025-12-15 17:56:33,294 - INFO - --- Main thread finished. Forcing process exit to kill zombie threads. ---
