2025-12-25 21:24:26,012 - INFO - Loading AI Semantic Model (all-MiniLM-L6-v2)...
2025-12-25 21:24:26,013 - INFO - Use pytorch device_name: cpu
2025-12-25 21:24:26,013 - INFO - Load pretrained SentenceTransformer: all-MiniLM-L6-v2
2025-12-25 21:24:27,431 - INFO - AI Model loaded successfully.
2025-12-25 21:24:27,431 - INFO - --- Scraper service started (CI Mode: Run Once) ---
2025-12-25 21:24:27,431 - INFO - --- Starting new scraping job (Parallel Mode) ---
2025-12-25 21:24:27,431 - INFO - Creating new robust session with 3 retries on 5xx/connection/read errors.
2025-12-25 21:24:27,431 - INFO - Proxy is DISABLED.
2025-12-25 21:24:27,432 - INFO - Starting scrape for BBC RSS feed: http://feeds.bbci.co.uk/news/world/rss.xml
2025-12-25 21:24:27,433 - INFO - [Times of India] (Thread) requires Selenium. Initializing driver...
2025-12-25 21:24:27,433 - INFO - Starting scrape for The Guardian RSS feed: https://www.theguardian.com/world/rss
2025-12-25 21:24:27,434 - INFO - [The Hindu] (Thread) requires Selenium. Initializing driver...
2025-12-25 21:24:27,435 - INFO - Submitted 4 jobs to thread pool. Waiting up to 300s for completion...
2025-12-25 21:24:27,562 - INFO - Found 45 articles in The Guardian RSS feed. Processing up to 30.
2025-12-25 21:24:27,563 - INFO - [The Guardian] Early skip: URL https://www.theguardian.com/world/2025/dec/25/displaced-islamic-state-insurgency-mozambique already exists.
2025-12-25 21:24:27,810 - INFO - [The Guardian] Early skip: URL https://www.theguardian.com/world/2025/dec/24/algeria-passes-law-declaring-french-colonisation-crime already exists.
2025-12-25 21:24:27,857 - INFO - Found 24 articles in BBC RSS feed. Processing up to 30.
2025-12-25 21:24:28,059 - INFO - [BBC] Early skip: URL https://www.bbc.com/news/articles/cm21728nwxlo?at_medium=RSS&at_campaign=rss already exists.
2025-12-25 21:24:28,164 - INFO - [The Guardian] Early skip: URL https://www.theguardian.com/world/2025/dec/23/libyas-army-chief-dies-in-plane-crash-in-turkey already exists.
2025-12-25 21:24:28,422 - INFO - [BBC] Early skip: URL https://www.bbc.com/news/articles/cn98w93l8plo?at_medium=RSS&at_campaign=rss already exists.
2025-12-25 21:24:28,660 - INFO - [The Guardian] Early skip: URL https://www.theguardian.com/world/2025/dec/22/freed-nigerian-schoolchildren-set-to-be-reunited-with-families already exists.
2025-12-25 21:24:28,915 - INFO - [BBC] Early skip: URL https://www.bbc.com/news/articles/c898zxyznxpo?at_medium=RSS&at_campaign=rss already exists.
2025-12-25 21:24:29,040 - INFO - [The Guardian] Early skip: URL https://www.theguardian.com/world/2025/dec/21/more-kidnapped-schoolchildren-freed-in-nigeria already exists.
2025-12-25 21:24:29,257 - INFO - [BBC] Early skip: URL https://www.bbc.com/news/articles/c9d9wg2pwl1o?at_medium=RSS&at_campaign=rss already exists.
2025-12-25 21:24:29,463 - INFO - [The Guardian] Early skip: URL https://www.theguardian.com/environment/2025/dec/25/they-are-scared-of-us-now-how-one-tropical-forest-turned-the-tide-on-loggers already exists.
2025-12-25 21:24:29,617 - INFO - [BBC] Early skip: URL https://www.bbc.com/news/articles/crk733k1k1eo?at_medium=RSS&at_campaign=rss already exists.
2025-12-25 21:24:29,785 - INFO - [The Guardian] Early skip: URL https://www.theguardian.com/world/2025/dec/25/cape-froward-new-national-park-patagonia-chile already exists.
2025-12-25 21:24:29,902 - INFO - [BBC] Early skip: URL https://www.bbc.com/news/articles/c14vdpyj1vjo?at_medium=RSS&at_campaign=rss already exists.
2025-12-25 21:24:30,015 - INFO - [The Guardian] Early skip: URL https://www.theguardian.com/world/2025/dec/24/honduras-nasry-tito-asfura-declared-president-donald-trump-backed already exists.
2025-12-25 21:24:30,130 - INFO - [BBC] Early skip: URL https://www.bbc.com/news/articles/c5yqe4j15lzo?at_medium=RSS&at_campaign=rss already exists.
2025-12-25 21:24:30,307 - INFO - [The Guardian] Early skip: URL https://www.theguardian.com/media/2025/dec/23/60-minutes-cecot-appears-online already exists.
2025-12-25 21:24:30,607 - INFO - [BBC] Early skip: URL https://www.bbc.com/news/articles/czdgz84dn35o?at_medium=RSS&at_campaign=rss already exists.
2025-12-25 21:24:30,854 - INFO - [The Guardian] Early skip: URL https://www.theguardian.com/world/2025/dec/23/brazil-jair-bolsonaro-eduardo-havaianas-television-ad-fernanda-torres already exists.
2025-12-25 21:24:30,985 - INFO - [BBC] Early skip: URL https://www.bbc.com/news/articles/cyvgz1jn368o?at_medium=RSS&at_campaign=rss already exists.
2025-12-25 21:24:31,250 - INFO - [The Guardian] Early skip: URL https://www.theguardian.com/world/2025/dec/24/thailand-and-cambodia-begin-talks-to-end-deadly-clashes-after-venue-row already exists.
2025-12-25 21:24:31,386 - INFO - [BBC] Early skip: URL https://www.bbc.com/news/articles/c75v0kwy017o?at_medium=RSS&at_campaign=rss already exists.
2025-12-25 21:24:31,593 - INFO - [The Guardian] Early skip: URL https://www.theguardian.com/world/2025/dec/24/rare-footage-from-trial-of-chinese-general-who-defied-tiananmen-crackdown-order-leaked-online already exists.
2025-12-25 21:24:31,880 - INFO - [BBC] Early skip: URL https://www.bbc.com/news/articles/cp39kngz008o?at_medium=RSS&at_campaign=rss already exists.
2025-12-25 21:24:32,103 - INFO - [The Guardian] Early skip: URL https://www.theguardian.com/world/2025/dec/23/christians-pastors-arrested-detained-china-crackdown-house-churches already exists.
2025-12-25 21:24:32,359 - INFO - [BBC] Early skip: URL https://www.bbc.com/news/articles/c0je3v3en01o?at_medium=RSS&at_campaign=rss already exists.
2025-12-25 21:24:32,543 - INFO - [The Guardian] Early skip: URL https://www.theguardian.com/business/2025/dec/22/china-hits-eu-dairy-industry-with-tariffs already exists.
2025-12-25 21:24:32,791 - INFO - [BBC] Early skip: URL https://www.bbc.com/news/articles/c79x0x7v70go?at_medium=RSS&at_campaign=rss already exists.
2025-12-25 21:24:33,024 - INFO - [The Guardian] Early skip: URL https://www.theguardian.com/world/2025/dec/22/jeju-air-crash-independent-inquiry-south-korea already exists.
2025-12-25 21:24:33,194 - INFO - [BBC] Early skip: URL https://www.bbc.com/news/articles/ce8nep787pyo?at_medium=RSS&at_campaign=rss already exists.
2025-12-25 21:24:33,383 - INFO - [The Guardian] Early skip: URL https://www.theguardian.com/australia-news/2025/dec/25/sydney-to-hobart-yacht-race-forecast-to-be-cold-wet-and-bumpy-as-australias-west-faces-cyclone-and-bushfire-threat already exists.
2025-12-25 21:24:33,551 - INFO - [BBC] Early skip: URL https://www.bbc.com/news/articles/c5yj4yvx80do?at_medium=RSS&at_campaign=rss already exists.
2025-12-25 21:24:33,818 - INFO - [The Guardian] Early skip: URL https://www.theguardian.com/australia-news/2025/dec/24/perth-man-charged-with-racial-harassment-for-alleged-post-backing-bondi-attack-ntwnfb already exists.
2025-12-25 21:24:34,059 - INFO - [BBC] Early skip: URL https://www.bbc.com/news/articles/clyd12d38jgo?at_medium=RSS&at_campaign=rss already exists.
2025-12-25 21:24:34,315 - INFO - [The Guardian] Early skip: URL https://www.theguardian.com/australia-news/2025/dec/24/wounded-bondi-hero-ahmed-al-ahmed-recovering-well-and-may-soon-leave-hospital-ntwnfb already exists.
2025-12-25 21:24:34,550 - INFO - [BBC] Early skip: URL https://www.bbc.com/news/articles/cvg1361d32ro?at_medium=RSS&at_campaign=rss already exists.
2025-12-25 21:24:34,649 - INFO - Selenium driver initialized successfully.
2025-12-25 21:24:34,649 - INFO - Starting scrape for Times of India RSS feed: https://timesofindia.indiatimes.com/rssfeeds/296589292.cms
2025-12-25 21:24:34,650 - INFO - Selenium driver initialized successfully.
2025-12-25 21:24:34,650 - INFO - Starting scrape for The Hindu RSS feed: https://www.thehindu.com/news/national/feeder/default.rss
2025-12-25 21:24:34,752 - INFO - Found 100 articles in The Hindu RSS feed. Processing up to 30.
2025-12-25 21:24:34,816 - INFO - [The Guardian] Early skip: URL https://www.theguardian.com/australia-news/2025/dec/25/australians-expected-to-spend-big-on-boxing-day-as-shoppers-warned-of-deceptive-sales-tricks already exists.
2025-12-25 21:24:34,873 - INFO - Found 20 articles in Times of India RSS feed. Processing up to 30.
2025-12-25 21:24:35,014 - INFO - [The Hindu] Article: https://www.thehindu.com/sci-tech/health/circulatory-system-diseases-remain-leading-cause-of-deaths-in-2023-report/article70437366.ece
2025-12-25 21:24:35,014 - INFO - [The Hindu] Attempt 1/1: Trying with 'selenium_browser' strategy...
2025-12-25 21:24:35,014 - INFO - [BBC] Early skip: URL https://www.bbc.com/news/articles/cj69d8we98jo?at_medium=RSS&at_campaign=rss already exists.
2025-12-25 21:24:35,118 - INFO - [Times of India] Article: https://timesofindia.indiatimes.com/world/us/dipu-chandra-das-say-his-name-laura-loomer-attacks-islamic-hatred-after-lynching-of-hindu-man-in-bangladesh/articleshow/126178752.cms
2025-12-25 21:24:35,119 - INFO - [Times of India] Attempt 1/1: Trying with 'selenium_browser' strategy...
2025-12-25 21:24:35,119 - INFO - [The Guardian] Early skip: URL https://www.theguardian.com/australia-news/live/2025/dec/24/nsw-gun-and-protest-laws-bondi-terror-attack-hate-crime-database-anthony-albanese-sussan-ley-chris-minns-labor-coalition-ntwnfb already exists.
2025-12-25 21:24:35,300 - INFO - [BBC] Early skip: URL https://www.bbc.com/news/videos/clyx049x0z7o?at_medium=RSS&at_campaign=rss already exists.
2025-12-25 21:24:35,513 - INFO - [The Guardian] Early skip: URL https://www.theguardian.com/world/2025/dec/25/sergei-udaltsov-terrorism already exists.
2025-12-25 21:24:35,634 - INFO - [BBC] Early skip: URL https://www.bbc.com/news/videos/cqxqvd0z5gno?at_medium=RSS&at_campaign=rss already exists.
2025-12-25 21:24:35,771 - INFO - [The Guardian] Early skip: URL https://www.theguardian.com/society/2025/dec/25/blood-test-predict-risk-inherited-heart-condition-hypertrophic-cardiomyopathy already exists.
2025-12-25 21:24:35,883 - INFO - [BBC] Article: https://www.bbc.com/news/videos/c30j52jrp84o?at_medium=RSS&at_campaign=rss
2025-12-25 21:24:35,883 - INFO - [BBC] Attempt 1/1: Trying with 'requests_browser' strategy...
2025-12-25 21:24:35,885 - INFO - [The Guardian] Early skip: URL https://www.theguardian.com/world/2025/dec/24/pope-leo-christmas-message-kindness-strangers-poor already exists.
2025-12-25 21:24:36,128 - WARNING - [BBC] FAILED with 'requests_browser' (content was too short: 84 words).
2025-12-25 21:24:36,128 - ERROR - [BBC] All scrape strategies failed for https://www.bbc.com/news/videos/c30j52jrp84o?at_medium=RSS&at_campaign=rss. Falling back to RSS description.
2025-12-25 21:24:36,128 - WARNING - SKIPPED (GLOBAL WORD LIMIT): Article 'Watch: Moment robbers rip ATM from inside Texas store' from BBC has only 10 words (Min: 90).
2025-12-25 21:24:36,134 - INFO - [The Guardian] Early skip: URL https://www.theguardian.com/world/2025/dec/24/three-killed-in-moscow-car-explosion-say-russian-authorities already exists.
2025-12-25 21:24:36,366 - INFO - [The Guardian] Early skip: URL https://www.theguardian.com/world/2025/dec/24/us-ukraine-edge-closer-joint-plan-end-war-moscow-response-uncertain already exists.
2025-12-25 21:24:36,468 - INFO - [The Guardian] Early skip: URL https://www.theguardian.com/world/2025/dec/24/israel-condemned-approval-19-settlements-occupied-west-bank already exists.
2025-12-25 21:24:36,569 - INFO - [The Guardian] Early skip: URL https://www.theguardian.com/world/2025/dec/24/israel-strikes-southern-lebanon-as-deadline-to-disarm-hezbollah-nears already exists.
2025-12-25 21:24:36,684 - INFO - [The Guardian] Early skip: URL https://www.theguardian.com/uk-news/2025/dec/22/families-of-palestine-action-hunger-strikers-seek-urgent-meeting-with-lammy already exists.
2025-12-25 21:24:36,944 - INFO - [The Guardian] Early skip: URL https://www.theguardian.com/world/2025/dec/21/israel-approves-new-jewish-settlements-occupied-west-bank already exists.
2025-12-25 21:24:37,228 - INFO - [The Guardian] Early skip: URL https://www.theguardian.com/world/2025/dec/20/israeli-troops-kill-palestinians-sheltering-in-gaza-school-hospital-chiefs already exists.
2025-12-25 21:24:37,436 - INFO - [BBC] Article: https://www.bbc.com/news/videos/c8dy3772m1lo?at_medium=RSS&at_campaign=rss
2025-12-25 21:24:37,437 - INFO - [BBC] Attempt 1/1: Trying with 'requests_browser' strategy...
2025-12-25 21:24:37,564 - WARNING - [BBC] FAILED with 'requests_browser' (content was too short: 59 words).
2025-12-25 21:24:37,564 - ERROR - [BBC] All scrape strategies failed for https://www.bbc.com/news/videos/c8dy3772m1lo?at_medium=RSS&at_campaign=rss. Falling back to RSS description.
2025-12-25 21:24:37,564 - WARNING - SKIPPED (GLOBAL WORD LIMIT): Article 'Ho Ho No! Santa pulled over for speeding in Ohio  ' from BBC has only 20 words (Min: 90).
2025-12-25 21:24:38,761 - INFO - [BBC] Article: https://www.bbc.com/news/videos/clydk6vd4rzo?at_medium=RSS&at_campaign=rss
2025-12-25 21:24:38,761 - INFO - [BBC] Attempt 1/1: Trying with 'requests_browser' strategy...
2025-12-25 21:24:38,952 - WARNING - [BBC] FAILED with 'requests_browser' (content was too short: 73 words).
2025-12-25 21:24:38,952 - ERROR - [BBC] All scrape strategies failed for https://www.bbc.com/news/videos/clydk6vd4rzo?at_medium=RSS&at_campaign=rss. Falling back to RSS description.
2025-12-25 21:24:38,953 - WARNING - SKIPPED (GLOBAL WORD LIMIT): Article 'Watch: Huge fireball as tanker explodes on Italian motorway' from BBC has only 21 words (Min: 90).
2025-12-25 21:24:40,454 - INFO - [BBC] Early skip: URL https://www.bbc.com/news/videos/c0edjv3jr3po?at_medium=RSS&at_campaign=rss already exists.
2025-12-25 21:24:42,763 - INFO - [The Hindu] Page content loaded.
2025-12-25 21:24:43,088 - INFO - [The Hindu] Success with 'selenium_browser'. Found content (679 words).
2025-12-25 21:25:42,987 - INFO - Saved article: Circulatory system diseases remain leading cause of deaths in 2023: Report - The Hindu from The Hindu (679 words)
2025-12-25 21:25:44,253 - INFO - [The Hindu] Early skip: URL https://www.thehindu.com/news/cities/Hyderabad/mild-tension-at-gandhi-darshan-amid-dispute-over-managing-committee/article70437720.ece already exists.
2025-12-25 21:25:44,411 - INFO - [The Hindu] Early skip: URL https://www.thehindu.com/news/national/karnataka/hdk-says-karnataka-on-the-downslide-under-congress-rule/article70437613.ece already exists.
2025-12-25 21:25:44,634 - INFO - [The Hindu] Early skip: URL https://www.thehindu.com/news/national/tamil-nadu/toy-industry-in-the-state-is-now-worth-around-1000-crore/article70437588.ece already exists.
2025-12-25 21:25:44,925 - INFO - [The Hindu] Early skip: URL https://www.thehindu.com/news/national/tamil-nadu/aiadmk-forms-panel-to-draft-manifesto-for-2026-assembly-poll/article70437218.ece already exists.
2025-12-25 21:25:45,047 - INFO - [The Hindu] Early skip: URL https://www.thehindu.com/news/national/karnataka/ayurveda-needs-deeper-research-specialised-expertise-health-minister/article70437392.ece already exists.
2025-12-25 21:25:45,287 - INFO - [The Hindu] Early skip: URL https://www.thehindu.com/news/national/fssai-warns-food-businesses-against-labeling-herbal-infusions-as-tea/article70437559.ece already exists.
2025-12-25 21:25:45,445 - INFO - [The Hindu] Early skip: URL https://www.thehindu.com/news/national/president-murmu-releases-constitution-of-india-in-santhali-language/article70437103.ece already exists.
2025-12-25 21:25:45,738 - INFO - [The Hindu] Early skip: URL https://www.thehindu.com/news/cities/Madurai/southern-districts-of-tamil-nadu-come-alive-with-christmas-fete/article70437171.ece already exists.
2025-12-25 21:25:45,994 - INFO - [The Hindu] Early skip: URL https://www.thehindu.com/news/national/tamil-nadu/dmdk-invites-stalin-palaniswami-to-vijayakant-death-anniversary-event/article70437078.ece already exists.
2025-12-25 21:25:46,282 - INFO - [The Hindu] Early skip: URL https://www.thehindu.com/news/national/telangana/ghmc-announces-finalisation-of-delimitation-exercise/article70437769.ece already exists.
2025-12-25 21:25:46,445 - INFO - [The Hindu] Early skip: URL https://www.thehindu.com/news/national/telangana/ias-transfers-key-urban-and-ghmc-positions-rejigged/article70437811.ece already exists.
2025-12-25 21:25:46,745 - INFO - [The Hindu] Early skip: URL https://www.thehindu.com/news/national/uttar-pradesh/up-cm-yogi-signals-shift-toward-fearless-business-and-trust-of-doing-business-in-assembly-speech/article70437116.ece already exists.
2025-12-25 21:25:47,013 - INFO - [The Hindu] Early skip: URL https://www.thehindu.com/news/national/andhra-pradesh/work-on-construction-of-high-court-building-begins-in-amaravati/article70437447.ece already exists.
2025-12-25 21:25:47,233 - INFO - [The Hindu] Early skip: URL https://www.thehindu.com/news/national/west-bengal/you-have-been-integrated-with-bjp-samik-tells-suvendu-not-to-dwell-on-the-past/article70437592.ece already exists.
2025-12-25 21:25:47,440 - INFO - [The Hindu] Early skip: URL https://www.thehindu.com/news/national/andhra-pradesh/ttd-darshan-ticket-counter-at-alipiri-sees-heavy-rush/article70437751.ece already exists.
2025-12-25 21:25:47,673 - INFO - [The Hindu] Early skip: URL https://www.thehindu.com/news/national/west-bengal/migrant-worker-killed-in-odisha-trinamool-says-targeted-for-speaking-in-bengali/article70437268.ece already exists.
2025-12-25 21:25:47,901 - INFO - [The Hindu] Article: https://www.thehindu.com/shorts/watch-christmas-decorations-vandalised-at-raipur-mall-during-bandh/article70437745.ece
2025-12-25 21:25:47,901 - INFO - [The Hindu] Attempt 1/1: Trying with 'selenium_browser' strategy...
2025-12-25 21:25:58,904 - WARNING - [The Hindu] Page timed out (10s). Proceeding anyway.
2025-12-25 21:25:59,058 - WARNING - [The Hindu] FAILED with 'selenium_browser' (content was too short: 40 words).
2025-12-25 21:25:59,058 - ERROR - [The Hindu] All scrape strategies failed for https://www.thehindu.com/shorts/watch-christmas-decorations-vandalised-at-raipur-mall-during-bandh/article70437745.ece. Falling back to RSS description.
2025-12-25 21:25:59,058 - WARNING - SKIPPED (GLOBAL WORD LIMIT): Article 'Watch: Christmas decorations vandalised at Raipur mall during bandh' from The Hindu has only 3 words (Min: 90).
2025-12-25 21:26:00,485 - INFO - [The Hindu] Early skip: URL https://www.thehindu.com/news/national/tamil-nadu/thirupparankundram-deepam-row-what-sthaneeka-bhattars-testified-30-years-ago/article70437677.ece already exists.
2025-12-25 21:26:00,754 - INFO - [The Hindu] Early skip: URL https://www.thehindu.com/news/national/amit-shah-to-inaugurate-anti-terror-conference-on-december-26/article70437679.ece already exists.
2025-12-25 21:26:00,988 - INFO - [The Hindu] Early skip: URL https://www.thehindu.com/news/national/carrying-the-red-flag-into-the-next-century/article70437256.ece already exists.
2025-12-25 21:26:01,100 - INFO - [The Hindu] Early skip: URL https://www.thehindu.com/news/national/gujarat/gujarat-assembly-deputy-speaker-jethabhai-bharwad-resigns/article70437091.ece already exists.
2025-12-25 21:26:01,369 - INFO - [The Hindu] Early skip: URL https://www.thehindu.com/news/national/karnataka/one-killed-four-injured-as-gas-cylinder-explodes-near-mysuru-palace-gate/article70437695.ece already exists.
2025-12-25 21:26:01,576 - INFO - [The Hindu] Early skip: URL https://www.thehindu.com/news/national/maharashtra/villages-in-maharashtra-vow-to-stop-humiliation-of-widows/article70437563.ece already exists.
2025-12-25 21:26:01,689 - INFO - [The Hindu] Early skip: URL https://www.thehindu.com/news/national/aravalli-row-yadav-ramesh-trade-charges-over-mining-and-forest-data/article70437557.ece already exists.
2025-12-25 21:26:01,943 - INFO - [The Hindu] Early skip: URL https://www.thehindu.com/news/national/telangana/vajpayee-practised-value-based-politics-bjp/article70437604.ece already exists.
2025-12-25 21:26:02,242 - INFO - [The Hindu] Early skip: URL https://www.thehindu.com/news/national/karnataka/rri-study-may-redefine-how-the-mass-of-the-halo-around-galaxies-is-measured/article70437228.ece already exists.
2025-12-25 21:26:02,477 - INFO - [The Hindu] Early skip: URL https://www.thehindu.com/news/national/railway-ministry-notifies-fare-hike-new-ticket-prices-come-into-effect-on-dec-26/article70437617.ece already exists.
2025-12-25 21:26:02,642 - INFO - [The Hindu] Early skip: URL https://www.thehindu.com/news/national/uttar-pradesh/allahabad-hc-quashes-forgery-case-against-shooter-vartika-singh/article70437550.ece already exists.
2025-12-25 21:26:02,783 - INFO - [The Hindu] Early skip: URL https://www.thehindu.com/news/national/karnataka/bus-fires-kill-64-nationwide-since-2021-karnataka-sees-three-incidents/article70437548.ece already exists.
2025-12-25 21:26:02,973 - INFO - [The Hindu] (Thread) Finished. Attempting to shut down its Selenium driver.
2025-12-25 21:26:03,070 - INFO - [The Hindu] (Thread) driver.quit() successful.
2025-12-25 21:26:35,220 - ERROR - [Times of India] Request failed for strategy 'selenium_browser' on URL https://timesofindia.indiatimes.com/world/us/dipu-chandra-das-say-his-name-laura-loomer-attacks-islamic-hatred-after-lynching-of-hindu-man-in-bangladesh/articleshow/126178752.cms: HTTPConnectionPool(host='localhost', port=41221): Read timed out. (read timeout=120)
2025-12-25 21:26:35,220 - ERROR - [Times of India] All scrape strategies failed for https://timesofindia.indiatimes.com/world/us/dipu-chandra-das-say-his-name-laura-loomer-attacks-islamic-hatred-after-lynching-of-hindu-man-in-bangladesh/articleshow/126178752.cms. Falling back to RSS description.
2025-12-25 21:26:35,220 - WARNING - SKIPPED (GLOBAL WORD LIMIT): Article '‘Dipu Chandra Das, say his name’: Laura Loomer attacks Islamic hatred after lynching of Hindu man in Bangladesh' from Times of India has only 51 words (Min: 90).
2025-12-25 21:26:36,684 - INFO - [Times of India] Early skip: URL https://timesofindia.indiatimes.com/world/us-streamers/youtuber-cleetus-mcfarland-goes-viral-after-gifting-his-employees-3000-mini-jeeps-for-christmas/articleshow/126178734.cms already exists.
2025-12-25 21:26:36,809 - INFO - [Times of India] Article: https://timesofindia.indiatimes.com/world/us-streamers/candace-owens-faces-pushback-as-alex-jones-questions-her-charlie-kirk-claims-after-laura-loomer-talks/articleshow/126178721.cms
2025-12-25 21:26:36,809 - INFO - [Times of India] Attempt 1/1: Trying with 'selenium_browser' strategy...
2025-12-25 21:28:36,909 - ERROR - [Times of India] Request failed for strategy 'selenium_browser' on URL https://timesofindia.indiatimes.com/world/us-streamers/candace-owens-faces-pushback-as-alex-jones-questions-her-charlie-kirk-claims-after-laura-loomer-talks/articleshow/126178721.cms: HTTPConnectionPool(host='localhost', port=41221): Read timed out. (read timeout=120)
2025-12-25 21:28:36,909 - ERROR - [Times of India] All scrape strategies failed for https://timesofindia.indiatimes.com/world/us-streamers/candace-owens-faces-pushback-as-alex-jones-questions-her-charlie-kirk-claims-after-laura-loomer-talks/articleshow/126178721.cms. Falling back to RSS description.
2025-12-25 21:28:36,909 - WARNING - SKIPPED (GLOBAL WORD LIMIT): Article 'Candace Owens faces pushback as Alex Jones questions her Charlie Kirk claims after Laura Loomer talks' from Times of India has only 52 words (Min: 90).
2025-12-25 21:28:37,680 - INFO - [Times of India] Article: https://timesofindia.indiatimes.com/world/us/we-did-nothing-wrong-indian-truck-drivers-challenge-california-over-mass-licence-cancellations/articleshow/126177821.cms
2025-12-25 21:28:37,681 - INFO - [Times of India] Attempt 1/1: Trying with 'selenium_browser' strategy...
2025-12-25 21:29:27,435 - CRITICAL - --- TIMEOUT: 1 scrape jobs did not complete in 300s. ---
2025-12-25 21:29:27,435 - ERROR - A thread has timed out and will be abandoned.
2025-12-25 21:29:27,435 - INFO - Shutting down thread pool (wait=False)...
2025-12-25 21:29:27,435 - INFO - Scraped: 1 The Hindu, 0 The Guardian, 0 BBC, 1 Timed_Out_Jobs articles. (Total saved: 1)
2025-12-25 21:29:27,435 - INFO - --- Scraping job finished ---
2025-12-25 21:29:27,436 - INFO - --- Scraper service stopped and database connection closed. ---
2025-12-25 21:29:27,436 - INFO - --- Main thread finished. Forcing process exit to kill zombie threads. ---
