2026-01-29 09:09:38,349 - INFO - Loading AI Semantic Model (all-MiniLM-L6-v2)...
2026-01-29 09:09:38,350 - INFO - Use pytorch device_name: cpu
2026-01-29 09:09:38,350 - INFO - Load pretrained SentenceTransformer: all-MiniLM-L6-v2
2026-01-29 09:09:38,444 - INFO - HTTP Request: HEAD https://huggingface.co/sentence-transformers/all-MiniLM-L6-v2/resolve/main/modules.json "HTTP/1.1 307 Temporary Redirect"
2026-01-29 09:09:38,453 - INFO - HTTP Request: HEAD https://huggingface.co/api/resolve-cache/models/sentence-transformers/all-MiniLM-L6-v2/c9745ed1d9f207416be6d2e6f8de32d1f16199bf/modules.json "HTTP/1.1 200 OK"
2026-01-29 09:09:38,471 - INFO - HTTP Request: HEAD https://huggingface.co/sentence-transformers/all-MiniLM-L6-v2/resolve/main/config_sentence_transformers.json "HTTP/1.1 307 Temporary Redirect"
2026-01-29 09:09:38,480 - INFO - HTTP Request: HEAD https://huggingface.co/api/resolve-cache/models/sentence-transformers/all-MiniLM-L6-v2/c9745ed1d9f207416be6d2e6f8de32d1f16199bf/config_sentence_transformers.json "HTTP/1.1 200 OK"
2026-01-29 09:09:38,508 - INFO - HTTP Request: HEAD https://huggingface.co/sentence-transformers/all-MiniLM-L6-v2/resolve/main/config_sentence_transformers.json "HTTP/1.1 307 Temporary Redirect"
2026-01-29 09:09:38,517 - INFO - HTTP Request: HEAD https://huggingface.co/api/resolve-cache/models/sentence-transformers/all-MiniLM-L6-v2/c9745ed1d9f207416be6d2e6f8de32d1f16199bf/config_sentence_transformers.json "HTTP/1.1 200 OK"
2026-01-29 09:09:38,536 - INFO - HTTP Request: HEAD https://huggingface.co/sentence-transformers/all-MiniLM-L6-v2/resolve/main/README.md "HTTP/1.1 307 Temporary Redirect"
2026-01-29 09:09:38,546 - INFO - HTTP Request: HEAD https://huggingface.co/api/resolve-cache/models/sentence-transformers/all-MiniLM-L6-v2/c9745ed1d9f207416be6d2e6f8de32d1f16199bf/README.md "HTTP/1.1 200 OK"
2026-01-29 09:09:38,578 - INFO - HTTP Request: HEAD https://huggingface.co/sentence-transformers/all-MiniLM-L6-v2/resolve/main/modules.json "HTTP/1.1 307 Temporary Redirect"
2026-01-29 09:09:38,586 - INFO - HTTP Request: HEAD https://huggingface.co/api/resolve-cache/models/sentence-transformers/all-MiniLM-L6-v2/c9745ed1d9f207416be6d2e6f8de32d1f16199bf/modules.json "HTTP/1.1 200 OK"
2026-01-29 09:09:38,608 - INFO - HTTP Request: HEAD https://huggingface.co/sentence-transformers/all-MiniLM-L6-v2/resolve/main/sentence_bert_config.json "HTTP/1.1 307 Temporary Redirect"
2026-01-29 09:09:38,616 - INFO - HTTP Request: HEAD https://huggingface.co/api/resolve-cache/models/sentence-transformers/all-MiniLM-L6-v2/c9745ed1d9f207416be6d2e6f8de32d1f16199bf/sentence_bert_config.json "HTTP/1.1 200 OK"
2026-01-29 09:09:38,634 - INFO - HTTP Request: HEAD https://huggingface.co/sentence-transformers/all-MiniLM-L6-v2/resolve/main/adapter_config.json "HTTP/1.1 404 Not Found"
2026-01-29 09:09:38,665 - INFO - HTTP Request: HEAD https://huggingface.co/sentence-transformers/all-MiniLM-L6-v2/resolve/main/config.json "HTTP/1.1 307 Temporary Redirect"
2026-01-29 09:09:38,674 - INFO - HTTP Request: HEAD https://huggingface.co/api/resolve-cache/models/sentence-transformers/all-MiniLM-L6-v2/c9745ed1d9f207416be6d2e6f8de32d1f16199bf/config.json "HTTP/1.1 200 OK"
2026-01-29 09:09:38,809 - WARNING - BertModel LOAD REPORT from: sentence-transformers/all-MiniLM-L6-v2
Key                     | Status     |  | 
------------------------+------------+--+-
embeddings.position_ids | UNEXPECTED |  | 

Notes:
- UNEXPECTED	:can be ignored when loading from different task/architecture; not ok if you expect identical arch.
2026-01-29 09:09:38,826 - INFO - HTTP Request: HEAD https://huggingface.co/sentence-transformers/all-MiniLM-L6-v2/resolve/main/config.json "HTTP/1.1 307 Temporary Redirect"
2026-01-29 09:09:38,834 - INFO - HTTP Request: HEAD https://huggingface.co/api/resolve-cache/models/sentence-transformers/all-MiniLM-L6-v2/c9745ed1d9f207416be6d2e6f8de32d1f16199bf/config.json "HTTP/1.1 200 OK"
2026-01-29 09:09:38,854 - INFO - HTTP Request: HEAD https://huggingface.co/sentence-transformers/all-MiniLM-L6-v2/resolve/main/tokenizer_config.json "HTTP/1.1 307 Temporary Redirect"
2026-01-29 09:09:38,863 - INFO - HTTP Request: HEAD https://huggingface.co/api/resolve-cache/models/sentence-transformers/all-MiniLM-L6-v2/c9745ed1d9f207416be6d2e6f8de32d1f16199bf/tokenizer_config.json "HTTP/1.1 200 OK"
2026-01-29 09:09:38,884 - INFO - HTTP Request: GET https://huggingface.co/api/models/sentence-transformers/all-MiniLM-L6-v2/tree/main/additional_chat_templates?recursive=false&expand=false "HTTP/1.1 404 Not Found"
2026-01-29 09:09:38,904 - INFO - HTTP Request: GET https://huggingface.co/api/models/sentence-transformers/all-MiniLM-L6-v2/tree/main?recursive=true&expand=false "HTTP/1.1 200 OK"
2026-01-29 09:09:38,973 - INFO - HTTP Request: HEAD https://huggingface.co/sentence-transformers/all-MiniLM-L6-v2/resolve/main/1_Pooling/config.json "HTTP/1.1 307 Temporary Redirect"
2026-01-29 09:09:38,990 - INFO - HTTP Request: HEAD https://huggingface.co/api/resolve-cache/models/sentence-transformers/all-MiniLM-L6-v2/c9745ed1d9f207416be6d2e6f8de32d1f16199bf/1_Pooling%2Fconfig.json "HTTP/1.1 200 OK"
2026-01-29 09:09:39,015 - INFO - HTTP Request: GET https://huggingface.co/api/models/sentence-transformers/all-MiniLM-L6-v2 "HTTP/1.1 200 OK"
2026-01-29 09:09:39,019 - INFO - AI Model loaded successfully.
2026-01-29 09:09:39,019 - INFO - --- Scraper service started (CI Mode: Run Once) ---
2026-01-29 09:09:39,019 - INFO - --- Starting new scraping job (Parallel Mode) ---
2026-01-29 09:09:39,019 - INFO - Creating new robust session with 3 retries on 5xx/connection/read errors.
2026-01-29 09:09:39,019 - INFO - Proxy is DISABLED.
2026-01-29 09:09:39,020 - INFO - Starting scrape for BBC RSS feed: http://feeds.bbci.co.uk/news/world/rss.xml
2026-01-29 09:09:39,020 - INFO - [Times of India] (Thread) requires Selenium. Initializing driver...
2026-01-29 09:09:39,020 - INFO - Starting scrape for The Guardian RSS feed: https://www.theguardian.com/world/rss
2026-01-29 09:09:39,023 - INFO - [The Hindu] (Thread) requires Selenium. Initializing driver...
2026-01-29 09:09:39,023 - INFO - Submitted 4 jobs to thread pool. Waiting up to 300s for completion...
2026-01-29 09:09:39,272 - INFO - Found 45 articles in The Guardian RSS feed. Processing up to 30.
2026-01-29 09:09:39,273 - INFO - [The Guardian] Early skip: URL https://www.theguardian.com/world/2026/jan/26/hundreds-feared-dead-after-attempting-to-cross-mediterranean-amid-cyclone-harry already exists.
2026-01-29 09:09:39,406 - INFO - [The Guardian] Early skip: URL https://www.theguardian.com/world/2026/jan/26/crocodile-warnings-floods-devastate-southern-africa already exists.
2026-01-29 09:09:39,454 - INFO - Found 40 articles in BBC RSS feed. Processing up to 30.
2026-01-29 09:09:39,585 - INFO - [BBC] Early skip: URL https://www.bbc.com/news/articles/ce3kenge1k9o?at_medium=RSS&at_campaign=rss already exists.
2026-01-29 09:09:39,757 - INFO - [The Guardian] Early skip: URL https://www.theguardian.com/world/2026/jan/23/guinea-bissau-hepatitis-b-vaccine-study already exists.
2026-01-29 09:09:39,945 - INFO - [BBC] Early skip: URL https://www.bbc.com/news/articles/cvgp47neze4o?at_medium=RSS&at_campaign=rss already exists.
2026-01-29 09:09:40,141 - INFO - [The Guardian] Early skip: URL https://www.theguardian.com/global-development/2026/jan/22/actionaid-rethink-child-sponsorship-decolonise-funding already exists.
2026-01-29 09:09:40,278 - INFO - [BBC] Early skip: URL https://www.bbc.com/news/articles/ckgn0w129lqo?at_medium=RSS&at_campaign=rss already exists.
2026-01-29 09:09:40,433 - INFO - [The Guardian] Early skip: URL https://www.theguardian.com/us-news/2026/jan/20/us-diplomats-urged-to-remind-african-leaders-of-us-generosity-despite-usaid-closing already exists.
2026-01-29 09:09:40,562 - INFO - [BBC] Early skip: URL https://www.bbc.com/news/articles/c5yx015nkplo?at_medium=RSS&at_campaign=rss already exists.
2026-01-29 09:09:40,815 - INFO - [The Guardian] Early skip: URL https://www.theguardian.com/us-news/live/2026/jan/28/ilhan-omar-attack-trump-minneapolis-ecuador-embassy-rubio-venezuela-machado-iran-iraq-latest-news-updates already exists.
2026-01-29 09:09:41,091 - INFO - [BBC] Early skip: URL https://www.bbc.com/news/articles/cx2gdrvy9gjo?at_medium=RSS&at_campaign=rss already exists.
2026-01-29 09:09:41,377 - INFO - [The Guardian] Early skip: URL https://www.theguardian.com/world/2026/jan/28/can-venezuelas-delcy-rodriguez-become-a-latin-american-deng-xiaoping already exists.
2026-01-29 09:09:41,577 - INFO - [BBC] Early skip: URL https://www.bbc.com/news/articles/cgjwpq4pggjo?at_medium=RSS&at_campaign=rss already exists.
2026-01-29 09:09:41,833 - INFO - [The Guardian] Early skip: URL https://www.theguardian.com/world/2026/jan/27/mexico-cuba-trump-oil already exists.
2026-01-29 09:09:42,128 - INFO - [BBC] Article: https://www.bbc.com/news/articles/cddgpp7jpm8o?at_medium=RSS&at_campaign=rss
2026-01-29 09:09:42,128 - INFO - [BBC] Attempt 1/1: Trying with 'requests_browser' strategy...
2026-01-29 09:09:42,129 - INFO - [The Guardian] Early skip: URL https://www.theguardian.com/us-news/2026/jan/27/five-year-old-girl-us-citizen-and-mother-deported-honduras already exists.
2026-01-29 09:09:42,418 - INFO - [The Guardian] Early skip: URL https://www.theguardian.com/us-news/2026/jan/26/canadian-ryan-wedding-ex-olympian-drug-trafficking already exists.
2026-01-29 09:09:42,436 - INFO - [BBC] Success with 'requests_browser'. Found content (952 words).
2026-01-29 09:09:54,234 - INFO - Selenium driver initialized successfully.
2026-01-29 09:09:54,234 - INFO - Starting scrape for The Hindu RSS feed: https://www.thehindu.com/news/national/feeder/default.rss
2026-01-29 09:09:54,235 - INFO - Selenium driver initialized successfully.
2026-01-29 09:09:54,235 - INFO - Starting scrape for Times of India RSS feed: https://timesofindia.indiatimes.com/rssfeeds/296589292.cms
2026-01-29 09:09:54,588 - INFO - Found 100 articles in The Hindu RSS feed. Processing up to 30.
2026-01-29 09:09:54,597 - INFO - Found 20 articles in Times of India RSS feed. Processing up to 30.
2026-01-29 09:10:25,206 - INFO - Saved article: Arijit Singh retires as playback singer in Indian films from BBC (952 words)
2026-01-29 09:10:25,207 - INFO - [The Guardian] Early skip: URL https://www.theguardian.com/politics/live/2026/jan/29/starmer-xi-jinping-meeting-uk-china-relationship-live already exists.
2026-01-29 09:10:25,375 - INFO - [The Hindu] Article: https://www.thehindu.com/news/national/tamil-nadu/tn-government-identifies-suitable-promotional-posts-for-persons-with-disabilities-in-various-secretariat-posts/article70564574.ece
2026-01-29 09:10:25,375 - INFO - [The Hindu] Attempt 1/1: Trying with 'selenium_browser' strategy...
2026-01-29 09:10:25,376 - INFO - [Times of India] Article: https://timesofindia.indiatimes.com/world/europe/should-iran-guards-be-on-terrorist-list-eu-to-decide-as-toll-crosses-6000/articleshow/127766733.cms
2026-01-29 09:10:25,376 - INFO - [Times of India] Attempt 1/1: Trying with 'selenium_browser' strategy...
2026-01-29 09:10:25,377 - INFO - [The Guardian] Early skip: URL https://www.theguardian.com/world/2026/jan/29/thursday-briefing-will-keir-starmers-cautious-china-gamble-pay-off already exists.
2026-01-29 09:10:25,518 - INFO - [The Guardian] Early skip: URL https://www.theguardian.com/world/2026/jan/29/china-executes-11-people-linked-myanmar-scam-operation already exists.
2026-01-29 09:10:25,640 - INFO - [The Guardian] Early skip: URL https://www.theguardian.com/world/2026/jan/29/chinese-man-filmed-xinjiang-rights-abuses-allegations-usa-asylum already exists.
2026-01-29 09:10:25,894 - INFO - [The Guardian] Early skip: URL https://www.theguardian.com/world/2026/jan/29/south-korea-world-first-ai-regulation-laws already exists.
2026-01-29 09:10:26,044 - INFO - [The Guardian] Article: https://www.theguardian.com/australia-news/2026/jan/29/a-cabal-of-male-liberals-signals-leys-reign-is-ending-but-the-day-of-a-colleagues-memorial-is-obscene-timing
2026-01-29 09:10:26,044 - INFO - [The Guardian] Attempt 1/1: Trying with 'requests_browser' strategy...
2026-01-29 09:10:26,100 - INFO - [The Guardian] Success with 'requests_browser'. Found content (712 words).
2026-01-29 09:10:31,568 - INFO - [The Hindu] Page content loaded.
2026-01-29 09:10:33,958 - INFO - [The Hindu] Success with 'selenium_browser'. Found content (411 words).
2026-01-29 09:10:45,434 - ERROR - [Times of India] Request failed for strategy 'selenium_browser' on URL https://timesofindia.indiatimes.com/world/europe/should-iran-guards-be-on-terrorist-list-eu-to-decide-as-toll-crosses-6000/articleshow/127766733.cms: Message: timeout: Timed out receiving message from renderer: 19.749
  (Session info: chrome=144.0.7559.96)
Stacktrace:
#0 0x559fc686b4ba <unknown>
#1 0x559fc62d4492 <unknown>
#2 0x559fc62bbb47 <unknown>
#3 0x559fc62bb756 <unknown>
#4 0x559fc62b9271 <unknown>
#5 0x559fc62b9bff <unknown>
#6 0x559fc62c9150 <unknown>
#7 0x559fc62e3147 <unknown>
#8 0x559fc62ea34b <unknown>
#9 0x559fc62ba369 <unknown>
#10 0x559fc62e2eda <unknown>
#11 0x559fc6372a78 <unknown>
#12 0x559fc631b6a2 <unknown>
#13 0x559fc631c491 <unknown>
#14 0x559fc6831479 <unknown>
#15 0x559fc6834391 <unknown>
#16 0x559fc681da89 <unknown>
#17 0x559fc6834f4e <unknown>
#18 0x559fc6804070 <unknown>
#19 0x559fc6858ca8 <unknown>
#20 0x559fc6858e78 <unknown>
#21 0x559fc686a828 <unknown>
#22 0x7f20f529caa4 <unknown>
#23 0x7f20f5329c6c <unknown>

2026-01-29 09:10:45,434 - ERROR - [Times of India] All scrape strategies failed for https://timesofindia.indiatimes.com/world/europe/should-iran-guards-be-on-terrorist-list-eu-to-decide-as-toll-crosses-6000/articleshow/127766733.cms. Falling back to RSS description.
2026-01-29 09:10:45,434 - WARNING - SKIPPED (GLOBAL WORD LIMIT): Article 'Should Iran Guards be on 'terrorist list'? EU to decide as toll crosses 6,000' from Times of India has only 54 words (Min: 90).
2026-01-29 09:11:28,839 - INFO - DEDUPLICATION: Found match (Score: 0.76). Linking to Cluster ID: e1f0be43-1a7e-491a-a097-f99b9c9d7c8c
2026-01-29 09:11:28,842 - INFO - Saved article: A cabal of male Liberals signals Ley’s reign is ending. But the day of a colleague’s memorial is obscene timing | Australian politics | The Guardian from The Guardian (712 words)
2026-01-29 09:11:28,843 - INFO - [BBC] Early skip: URL https://www.bbc.com/news/articles/cvgnq54v79xo?at_medium=RSS&at_campaign=rss already exists.
2026-01-29 09:12:17,776 - INFO - Saved article: T.N. government identifies suitable promotional posts for persons with disabilities in various Secretariat posts - The Hindu from The Hindu (411 words)
2026-01-29 09:12:17,779 - INFO - [Times of India] Article: https://timesofindia.indiatimes.com/world/rest-of-world/thai-military-plane-crashes-in-chiang-mai-during-training-two-pilots-killed/articleshow/127764442.cms
2026-01-29 09:12:17,780 - INFO - [BBC] Early skip: URL https://www.bbc.com/news/articles/c205yl3kvzmo?at_medium=RSS&at_campaign=rss already exists.
2026-01-29 09:12:17,780 - INFO - [Times of India] Attempt 1/1: Trying with 'selenium_browser' strategy...
2026-01-29 09:12:18,070 - INFO - [The Guardian] Early skip: URL https://www.theguardian.com/australia-news/2026/jan/29/inflation-rba-interest-rates-hikes-polarised-australia already exists.
2026-01-29 09:12:18,190 - INFO - [BBC] Early skip: URL https://www.bbc.com/news/articles/cly5pd459gko?at_medium=RSS&at_campaign=rss already exists.
2026-01-29 09:12:18,296 - INFO - [The Guardian] Early skip: URL https://www.theguardian.com/australia-news/2026/jan/29/ban-globalise-intifada-nsw-only-when-inciting-violence-ntwnfb already exists.
2026-01-29 09:12:18,410 - INFO - [BBC] Early skip: URL https://www.bbc.com/news/articles/czej2z3zz9jo?at_medium=RSS&at_campaign=rss already exists.
2026-01-29 09:12:18,686 - INFO - [The Guardian] Early skip: URL https://www.theguardian.com/australia-news/live/2026/jan/29/victoria-bushfires-weather-nsw-protest-laws-coalition-split-sussan-ley-david-littleproud-ntwnfb already exists.
2026-01-29 09:12:18,812 - INFO - [Times of India] Page content loaded.
2026-01-29 09:12:18,899 - INFO - [BBC] Early skip: URL https://www.bbc.com/news/articles/cx20199qzj9o?at_medium=RSS&at_campaign=rss already exists.
2026-01-29 09:12:18,930 - INFO - [Times of India] Success with 'selenium_browser'. Found content (116 words).
2026-01-29 09:12:19,067 - INFO - [BBC] Early skip: URL https://www.bbc.com/news/articles/cn9zpee3llxo?at_medium=RSS&at_campaign=rss already exists.
2026-01-29 09:12:19,360 - INFO - [The Guardian] Early skip: URL https://www.theguardian.com/australia-news/2026/jan/29/albanese-defends-isaac-herzogs-australia-visit-as-federal-mp-joins-calls-to-rescind-invitation-ntwnfb already exists.
2026-01-29 09:13:13,170 - INFO - Saved article: Thai military plane crashes in Chiang Mai during training; two pilots killed - The Times of India from Times of India (116 words)
2026-01-29 09:13:13,170 - INFO - [The Hindu] Article: https://www.thehindu.com/news/national/kerala/kerala-budget-2026-285-of-state-plan-allocated-for-strengthening-local-self-government-institutions/article70564668.ece
2026-01-29 09:13:13,170 - INFO - [The Hindu] Attempt 1/1: Trying with 'selenium_browser' strategy...
2026-01-29 09:13:13,171 - INFO - [BBC] Early skip: URL https://www.bbc.com/news/articles/cx2ywzxlxnlo?at_medium=RSS&at_campaign=rss already exists.
2026-01-29 09:13:13,330 - INFO - [The Guardian] Article: https://www.theguardian.com/world/live/2026/jan/29/denmark-us-greenland-ukraine-russia-germany-friedrich-merz-poland-europe-latest-news
2026-01-29 09:13:13,330 - INFO - [The Guardian] Attempt 1/1: Trying with 'requests_browser' strategy...
2026-01-29 09:13:13,332 - INFO - [BBC] Early skip: URL https://www.bbc.com/news/articles/c4g40k40xndo?at_medium=RSS&at_campaign=rss already exists.
2026-01-29 09:13:13,479 - INFO - [BBC] Early skip: URL https://www.bbc.com/news/articles/c0q425vg4qzo?at_medium=RSS&at_campaign=rss already exists.
2026-01-29 09:13:13,622 - INFO - [The Guardian] Success with 'requests_browser'. Found content (1049 words).
2026-01-29 09:13:13,709 - INFO - [BBC] Early skip: URL https://www.bbc.com/news/articles/cd6wpdpylj1o?at_medium=RSS&at_campaign=rss already exists.
2026-01-29 09:13:13,851 - INFO - [Times of India] Article: https://timesofindia.indiatimes.com/etimes/trending/watch-wheel-falls-off-british-airways-flight-from-la-video-goes-viral-as-plane-completes-5000-miles-to-land-safely-in-london/articleshow/127762960.cms
2026-01-29 09:13:13,851 - INFO - [BBC] Early skip: URL https://www.bbc.com/news/articles/cvg1z091melo?at_medium=RSS&at_campaign=rss already exists.
2026-01-29 09:13:13,851 - INFO - [Times of India] Attempt 1/1: Trying with 'selenium_browser' strategy...
2026-01-29 09:13:14,094 - INFO - [BBC] Early skip: URL https://www.bbc.com/news/articles/czx12q8qnweo?at_medium=RSS&at_campaign=rss already exists.
2026-01-29 09:13:14,298 - INFO - [BBC] Early skip: URL https://www.bbc.com/news/articles/c1evy87qd1no?at_medium=RSS&at_campaign=rss already exists.
2026-01-29 09:13:16,059 - INFO - [The Hindu] Page content loaded.
2026-01-29 09:13:16,445 - INFO - [The Hindu] Success with 'selenium_browser'. Found content (470 words).
2026-01-29 09:13:18,629 - INFO - [Times of India] Page content loaded.
2026-01-29 09:13:18,819 - INFO - [Times of India] Success with 'selenium_browser'. Found content (234 words).
2026-01-29 09:14:09,894 - INFO - DEDUPLICATION: Found match (Score: 0.80). Linking to Cluster ID: bf0205a7-951f-4f85-ab61-186c5a3dd4f7
2026-01-29 09:14:09,896 - INFO - Saved article: Denmark ‘more optimistic’ about resolving US Greenland interest after latest talks – Europe live | World news | The Guardian from The Guardian (1049 words)
2026-01-29 09:14:09,896 - INFO - [BBC] Early skip: URL https://www.bbc.com/news/articles/cly5pd98z87o?at_medium=RSS&at_campaign=rss already exists.
2026-01-29 09:14:39,023 - CRITICAL - --- TIMEOUT: 4 scrape jobs did not complete in 300s. ---
2026-01-29 09:14:39,024 - ERROR - A thread has timed out and will be abandoned.
2026-01-29 09:14:39,024 - ERROR - A thread has timed out and will be abandoned.
2026-01-29 09:14:39,024 - ERROR - A thread has timed out and will be abandoned.
2026-01-29 09:14:39,024 - ERROR - A thread has timed out and will be abandoned.
2026-01-29 09:14:39,024 - INFO - Shutting down thread pool (wait=False)...
2026-01-29 09:14:39,024 - INFO - Scraped: 4 Timed_Out_Jobs articles. (Total saved: 0)
2026-01-29 09:14:39,024 - INFO - --- Scraping job finished ---
2026-01-29 09:14:39,024 - INFO - --- Scraper service stopped and database connection closed. ---
2026-01-29 09:14:39,024 - INFO - --- Main thread finished. Forcing process exit to kill zombie threads. ---
