2026-01-28 21:36:34,300 - INFO - Loading AI Semantic Model (all-MiniLM-L6-v2)...
2026-01-28 21:36:34,300 - INFO - Use pytorch device_name: cpu
2026-01-28 21:36:34,300 - INFO - Load pretrained SentenceTransformer: all-MiniLM-L6-v2
2026-01-28 21:36:34,422 - INFO - HTTP Request: HEAD https://huggingface.co/sentence-transformers/all-MiniLM-L6-v2/resolve/main/modules.json "HTTP/1.1 307 Temporary Redirect"
2026-01-28 21:36:34,427 - INFO - HTTP Request: HEAD https://huggingface.co/api/resolve-cache/models/sentence-transformers/all-MiniLM-L6-v2/c9745ed1d9f207416be6d2e6f8de32d1f16199bf/modules.json "HTTP/1.1 200 OK"
2026-01-28 21:36:34,499 - INFO - HTTP Request: HEAD https://huggingface.co/sentence-transformers/all-MiniLM-L6-v2/resolve/main/config_sentence_transformers.json "HTTP/1.1 307 Temporary Redirect"
2026-01-28 21:36:34,504 - INFO - HTTP Request: HEAD https://huggingface.co/api/resolve-cache/models/sentence-transformers/all-MiniLM-L6-v2/c9745ed1d9f207416be6d2e6f8de32d1f16199bf/config_sentence_transformers.json "HTTP/1.1 200 OK"
2026-01-28 21:36:34,618 - INFO - HTTP Request: HEAD https://huggingface.co/sentence-transformers/all-MiniLM-L6-v2/resolve/main/config_sentence_transformers.json "HTTP/1.1 307 Temporary Redirect"
2026-01-28 21:36:34,623 - INFO - HTTP Request: HEAD https://huggingface.co/api/resolve-cache/models/sentence-transformers/all-MiniLM-L6-v2/c9745ed1d9f207416be6d2e6f8de32d1f16199bf/config_sentence_transformers.json "HTTP/1.1 200 OK"
2026-01-28 21:36:34,695 - INFO - HTTP Request: HEAD https://huggingface.co/sentence-transformers/all-MiniLM-L6-v2/resolve/main/README.md "HTTP/1.1 307 Temporary Redirect"
2026-01-28 21:36:34,700 - INFO - HTTP Request: HEAD https://huggingface.co/api/resolve-cache/models/sentence-transformers/all-MiniLM-L6-v2/c9745ed1d9f207416be6d2e6f8de32d1f16199bf/README.md "HTTP/1.1 200 OK"
2026-01-28 21:36:34,772 - INFO - HTTP Request: HEAD https://huggingface.co/sentence-transformers/all-MiniLM-L6-v2/resolve/main/modules.json "HTTP/1.1 307 Temporary Redirect"
2026-01-28 21:36:34,776 - INFO - HTTP Request: HEAD https://huggingface.co/api/resolve-cache/models/sentence-transformers/all-MiniLM-L6-v2/c9745ed1d9f207416be6d2e6f8de32d1f16199bf/modules.json "HTTP/1.1 200 OK"
2026-01-28 21:36:34,850 - INFO - HTTP Request: HEAD https://huggingface.co/sentence-transformers/all-MiniLM-L6-v2/resolve/main/sentence_bert_config.json "HTTP/1.1 307 Temporary Redirect"
2026-01-28 21:36:34,856 - INFO - HTTP Request: HEAD https://huggingface.co/api/resolve-cache/models/sentence-transformers/all-MiniLM-L6-v2/c9745ed1d9f207416be6d2e6f8de32d1f16199bf/sentence_bert_config.json "HTTP/1.1 200 OK"
2026-01-28 21:36:34,931 - INFO - HTTP Request: HEAD https://huggingface.co/sentence-transformers/all-MiniLM-L6-v2/resolve/main/adapter_config.json "HTTP/1.1 404 Not Found"
2026-01-28 21:36:35,005 - INFO - HTTP Request: HEAD https://huggingface.co/sentence-transformers/all-MiniLM-L6-v2/resolve/main/config.json "HTTP/1.1 307 Temporary Redirect"
2026-01-28 21:36:35,010 - INFO - HTTP Request: HEAD https://huggingface.co/api/resolve-cache/models/sentence-transformers/all-MiniLM-L6-v2/c9745ed1d9f207416be6d2e6f8de32d1f16199bf/config.json "HTTP/1.1 200 OK"
2026-01-28 21:36:35,146 - WARNING - BertModel LOAD REPORT from: sentence-transformers/all-MiniLM-L6-v2
Key                     | Status     |  | 
------------------------+------------+--+-
embeddings.position_ids | UNEXPECTED |  | 

Notes:
- UNEXPECTED	:can be ignored when loading from different task/architecture; not ok if you expect identical arch.
2026-01-28 21:36:35,220 - INFO - HTTP Request: HEAD https://huggingface.co/sentence-transformers/all-MiniLM-L6-v2/resolve/main/config.json "HTTP/1.1 307 Temporary Redirect"
2026-01-28 21:36:35,225 - INFO - HTTP Request: HEAD https://huggingface.co/api/resolve-cache/models/sentence-transformers/all-MiniLM-L6-v2/c9745ed1d9f207416be6d2e6f8de32d1f16199bf/config.json "HTTP/1.1 200 OK"
2026-01-28 21:36:35,298 - INFO - HTTP Request: HEAD https://huggingface.co/sentence-transformers/all-MiniLM-L6-v2/resolve/main/tokenizer_config.json "HTTP/1.1 307 Temporary Redirect"
2026-01-28 21:36:35,303 - INFO - HTTP Request: HEAD https://huggingface.co/api/resolve-cache/models/sentence-transformers/all-MiniLM-L6-v2/c9745ed1d9f207416be6d2e6f8de32d1f16199bf/tokenizer_config.json "HTTP/1.1 200 OK"
2026-01-28 21:36:35,381 - INFO - HTTP Request: GET https://huggingface.co/api/models/sentence-transformers/all-MiniLM-L6-v2/tree/main/additional_chat_templates?recursive=false&expand=false "HTTP/1.1 404 Not Found"
2026-01-28 21:36:35,461 - INFO - HTTP Request: GET https://huggingface.co/api/models/sentence-transformers/all-MiniLM-L6-v2/tree/main?recursive=true&expand=false "HTTP/1.1 200 OK"
2026-01-28 21:36:35,594 - INFO - HTTP Request: HEAD https://huggingface.co/sentence-transformers/all-MiniLM-L6-v2/resolve/main/1_Pooling/config.json "HTTP/1.1 307 Temporary Redirect"
2026-01-28 21:36:35,598 - INFO - HTTP Request: HEAD https://huggingface.co/api/resolve-cache/models/sentence-transformers/all-MiniLM-L6-v2/c9745ed1d9f207416be6d2e6f8de32d1f16199bf/1_Pooling%2Fconfig.json "HTTP/1.1 200 OK"
2026-01-28 21:36:35,677 - INFO - HTTP Request: GET https://huggingface.co/api/models/sentence-transformers/all-MiniLM-L6-v2 "HTTP/1.1 200 OK"
2026-01-28 21:36:35,681 - INFO - AI Model loaded successfully.
2026-01-28 21:36:35,682 - INFO - --- Scraper service started (CI Mode: Run Once) ---
2026-01-28 21:36:35,682 - INFO - --- Starting new scraping job (Parallel Mode) ---
2026-01-28 21:36:35,682 - INFO - Creating new robust session with 3 retries on 5xx/connection/read errors.
2026-01-28 21:36:35,682 - INFO - Proxy is DISABLED.
2026-01-28 21:36:35,682 - INFO - Starting scrape for BBC RSS feed: http://feeds.bbci.co.uk/news/world/rss.xml
2026-01-28 21:36:35,683 - INFO - [Times of India] (Thread) requires Selenium. Initializing driver...
2026-01-28 21:36:35,683 - INFO - Starting scrape for The Guardian RSS feed: https://www.theguardian.com/world/rss
2026-01-28 21:36:35,685 - INFO - [The Hindu] (Thread) requires Selenium. Initializing driver...
2026-01-28 21:36:35,686 - INFO - Submitted 4 jobs to thread pool. Waiting up to 300s for completion...
2026-01-28 21:36:35,869 - INFO - Found 45 articles in The Guardian RSS feed. Processing up to 30.
2026-01-28 21:36:35,869 - INFO - [The Guardian] Early skip: URL https://www.theguardian.com/world/2026/jan/26/hundreds-feared-dead-after-attempting-to-cross-mediterranean-amid-cyclone-harry already exists.
2026-01-28 21:36:35,948 - INFO - Found 39 articles in BBC RSS feed. Processing up to 30.
2026-01-28 21:36:36,115 - INFO - [BBC] Early skip: URL https://www.bbc.com/news/articles/cly5pd459gko?at_medium=RSS&at_campaign=rss already exists.
2026-01-28 21:36:36,246 - INFO - [The Guardian] Early skip: URL https://www.theguardian.com/world/2026/jan/26/crocodile-warnings-floods-devastate-southern-africa already exists.
2026-01-28 21:36:36,361 - INFO - [BBC] Early skip: URL https://www.bbc.com/news/articles/c5yx015nkplo?at_medium=RSS&at_campaign=rss already exists.
2026-01-28 21:36:36,536 - INFO - [BBC] Early skip: URL https://www.bbc.com/news/articles/c4gw47prew7o?at_medium=RSS&at_campaign=rss already exists.
2026-01-28 21:36:36,768 - INFO - [The Guardian] Early skip: URL https://www.theguardian.com/world/2026/jan/23/guinea-bissau-hepatitis-b-vaccine-study already exists.
2026-01-28 21:36:36,934 - INFO - [BBC] Early skip: URL https://www.bbc.com/news/articles/cgjwpq4pggjo?at_medium=RSS&at_campaign=rss already exists.
2026-01-28 21:36:37,221 - INFO - [The Guardian] Early skip: URL https://www.theguardian.com/global-development/2026/jan/22/actionaid-rethink-child-sponsorship-decolonise-funding already exists.
2026-01-28 21:36:37,330 - INFO - [BBC] Early skip: URL https://www.bbc.com/news/articles/cn9zpee3llxo?at_medium=RSS&at_campaign=rss already exists.
2026-01-28 21:36:37,629 - INFO - [The Guardian] Early skip: URL https://www.theguardian.com/us-news/2026/jan/20/us-diplomats-urged-to-remind-african-leaders-of-us-generosity-despite-usaid-closing already exists.
2026-01-28 21:36:37,848 - INFO - [BBC] Early skip: URL https://www.bbc.com/news/articles/czej2z3zz9jo?at_medium=RSS&at_campaign=rss already exists.
2026-01-28 21:36:38,058 - INFO - [The Guardian] Early skip: URL https://www.theguardian.com/world/2026/jan/28/can-venezuelas-delcy-rodriguez-become-a-latin-american-deng-xiaoping already exists.
2026-01-28 21:36:38,309 - INFO - [BBC] Early skip: URL https://www.bbc.com/news/articles/cz7y2ddgl23o?at_medium=RSS&at_campaign=rss already exists.
2026-01-28 21:36:38,499 - INFO - [The Guardian] Early skip: URL https://www.theguardian.com/world/2026/jan/27/mexico-cuba-trump-oil already exists.
2026-01-28 21:36:38,637 - INFO - [BBC] Article: https://www.bbc.com/news/articles/cx20199qzj9o?at_medium=RSS&at_campaign=rss
2026-01-28 21:36:38,637 - INFO - [BBC] Attempt 1/1: Trying with 'requests_browser' strategy...
2026-01-28 21:36:38,638 - INFO - [The Guardian] Early skip: URL https://www.theguardian.com/us-news/2026/jan/27/five-year-old-girl-us-citizen-and-mother-deported-honduras already exists.
2026-01-28 21:36:38,745 - INFO - [The Guardian] Early skip: URL https://www.theguardian.com/us-news/2026/jan/26/canadian-ryan-wedding-ex-olympian-drug-trafficking already exists.
2026-01-28 21:36:38,790 - INFO - [BBC] Success with 'requests_browser'. Found content (367 words).
2026-01-28 21:36:41,864 - INFO - Selenium driver initialized successfully.
2026-01-28 21:36:41,864 - INFO - Selenium driver initialized successfully.
2026-01-28 21:36:41,864 - INFO - Starting scrape for Times of India RSS feed: https://timesofindia.indiatimes.com/rssfeeds/296589292.cms
2026-01-28 21:36:41,864 - INFO - Starting scrape for The Hindu RSS feed: https://www.thehindu.com/news/national/feeder/default.rss
2026-01-28 21:36:42,145 - INFO - Found 20 articles in Times of India RSS feed. Processing up to 30.
2026-01-28 21:36:42,178 - INFO - Found 100 articles in The Hindu RSS feed. Processing up to 30.
2026-01-28 21:37:22,159 - INFO - Saved article: Deutsche Bank offices raided in money laundering probe from BBC (367 words)
2026-01-28 21:37:22,159 - INFO - [The Guardian] Early skip: URL https://www.theguardian.com/world/2026/jan/26/guyana-opposition-leader-us-extradition already exists.
2026-01-28 21:37:22,406 - INFO - [Times of India] Article: https://timesofindia.indiatimes.com/world/rest-of-world/only-genuine-visitors-canada-warns-fifa-visit-is-not-an-avenue-to-refugee-status-must-leave-after-match/articleshow/127733800.cms
2026-01-28 21:37:22,406 - INFO - [Times of India] Attempt 1/1: Trying with 'selenium_browser' strategy...
2026-01-28 21:37:22,407 - INFO - [The Hindu] Article: https://www.thehindu.com/news/national/haryana/bomb-threats/article70562725.ece
2026-01-28 21:37:22,407 - INFO - [The Hindu] Attempt 1/1: Trying with 'selenium_browser' strategy...
2026-01-28 21:37:22,407 - INFO - [The Guardian] Early skip: URL https://www.theguardian.com/politics/2026/jan/28/burner-phones-history-uk-security-tactics-china-keir-starmer-visit already exists.
2026-01-28 21:37:22,640 - INFO - [The Guardian] Early skip: URL https://www.theguardian.com/world/2026/jan/28/us-intelligence-agencies-disagree-with-trumps-opposition-to-chagos-deal-says-starmer already exists.
2026-01-28 21:37:22,836 - INFO - [The Guardian] Early skip: URL https://www.theguardian.com/world/2026/jan/28/former-first-lady-kim-keon-hee-south-korea-sentenced-corruption already exists.
2026-01-28 21:37:23,132 - INFO - [The Guardian] Early skip: URL https://www.theguardian.com/politics/2026/jan/28/keir-starmer-jimmy-lai-human-rights-china-xi-jinping already exists.
2026-01-28 21:37:23,288 - INFO - [The Guardian] Early skip: URL https://www.theguardian.com/australia-news/live/2026/jan/28/australia-news-live-anthony-albanese-timor-leste-heatwave-nsw-bushfires-victoria-weather-liberals-leadership-sussan-ley-andrew-hastie-angus-taylor-ntwnfb already exists.
2026-01-28 21:37:23,417 - INFO - [The Guardian] Early skip: URL https://www.theguardian.com/australia-news/live/2026/jan/29/victoria-bushfires-weather-nsw-protest-laws-coalition-split-sussan-ley-david-littleproud-ntwnfb already exists.
2026-01-28 21:37:23,620 - INFO - [The Guardian] Article: https://www.theguardian.com/australia-news/2026/jan/29/labor-offers-to-delay-ndis-autism-changes-if-states-agree-to-hospital-and-disability-funding-deal
2026-01-28 21:37:23,620 - INFO - [The Guardian] Attempt 1/1: Trying with 'requests_browser' strategy...
2026-01-28 21:37:23,623 - INFO - [BBC] Early skip: URL https://www.bbc.com/news/articles/cx2ywzxlxnlo?at_medium=RSS&at_campaign=rss already exists.
2026-01-28 21:37:23,778 - INFO - [BBC] Early skip: URL https://www.bbc.com/news/articles/c4g40k40xndo?at_medium=RSS&at_campaign=rss already exists.
2026-01-28 21:37:23,823 - INFO - [The Guardian] Success with 'requests_browser'. Found content (587 words).
2026-01-28 21:37:23,976 - INFO - [BBC] Early skip: URL https://www.bbc.com/news/articles/c0q425vg4qzo?at_medium=RSS&at_campaign=rss already exists.
2026-01-28 21:37:26,878 - INFO - [The Hindu] Page content loaded.
2026-01-28 21:37:28,699 - INFO - [The Hindu] Success with 'selenium_browser'. Found content (303 words).
2026-01-28 21:37:47,085 - ERROR - [Times of India] Request failed for strategy 'selenium_browser' on URL https://timesofindia.indiatimes.com/world/rest-of-world/only-genuine-visitors-canada-warns-fifa-visit-is-not-an-avenue-to-refugee-status-must-leave-after-match/articleshow/127733800.cms: Message: timeout: Timed out receiving message from renderer: 19.926
  (Session info: chrome=144.0.7559.59)
Stacktrace:
#0 0x55acaeb584ba <unknown>
#1 0x55acae5c1492 <unknown>
#2 0x55acae5a8b47 <unknown>
#3 0x55acae5a8756 <unknown>
#4 0x55acae5a6271 <unknown>
#5 0x55acae5a6bff <unknown>
#6 0x55acae5b6150 <unknown>
#7 0x55acae5d0147 <unknown>
#8 0x55acae5d734b <unknown>
#9 0x55acae5a7369 <unknown>
#10 0x55acae5cfeda <unknown>
#11 0x55acae65fa78 <unknown>
#12 0x55acae6086a2 <unknown>
#13 0x55acae609491 <unknown>
#14 0x55acaeb1e479 <unknown>
#15 0x55acaeb21391 <unknown>
#16 0x55acaeb0aa89 <unknown>
#17 0x55acaeb21f4e <unknown>
#18 0x55acaeaf1070 <unknown>
#19 0x55acaeb45ca8 <unknown>
#20 0x55acaeb45e78 <unknown>
#21 0x55acaeb57828 <unknown>
#22 0x7fb7ab69caa4 <unknown>
#23 0x7fb7ab729c6c <unknown>

2026-01-28 21:37:47,085 - ERROR - [Times of India] All scrape strategies failed for https://timesofindia.indiatimes.com/world/rest-of-world/only-genuine-visitors-canada-warns-fifa-visit-is-not-an-avenue-to-refugee-status-must-leave-after-match/articleshow/127733800.cms. Falling back to RSS description.
2026-01-28 21:37:47,086 - WARNING - SKIPPED (GLOBAL WORD LIMIT): Article ''Only genuine visitors': Canada warns FIFA visit is not an avenue to refugee status; must leave after matches' from Times of India has only 3 words (Min: 90).
2026-01-28 21:38:29,793 - INFO - Saved article: Labor offers to delay NDIS autism changes if states agree to hospital and disability funding deal | Health | The Guardian from The Guardian (587 words)
2026-01-28 21:38:29,793 - INFO - [BBC] Early skip: URL https://www.bbc.com/news/articles/cd6wpdpylj1o?at_medium=RSS&at_campaign=rss already exists.
2026-01-28 21:39:17,905 - INFO - Saved article: Gurugram schools receive bomb threats, declared hoax after search - The Hindu from The Hindu (303 words)
2026-01-28 21:39:17,906 - INFO - [Times of India] Article: https://timesofindia.indiatimes.com/world/us/california-university-professor-warns-h-1b-freeze-will-harm-higher-education-shares-list-of-global-scholars-from-texas-university/articleshow/127733591.cms
2026-01-28 21:39:17,906 - INFO - [Times of India] Attempt 1/1: Trying with 'selenium_browser' strategy...
2026-01-28 21:39:17,906 - INFO - [BBC] Early skip: URL https://www.bbc.com/news/articles/cvg1z091melo?at_medium=RSS&at_campaign=rss already exists.
2026-01-28 21:39:18,179 - INFO - [The Guardian] Early skip: URL https://www.theguardian.com/australia-news/2026/jan/29/designating-domain-protest-site-chris-minns-demonstrations-ntwnfb already exists.
2026-01-28 21:39:18,468 - INFO - [The Guardian] Early skip: URL https://www.theguardian.com/australia-news/2026/jan/29/gun-buyback-scheme-bondi-albanese-state-government already exists.
2026-01-28 21:39:18,694 - INFO - [BBC] Early skip: URL https://www.bbc.com/news/articles/czx12q8qnweo?at_medium=RSS&at_campaign=rss already exists.
2026-01-28 21:39:18,926 - INFO - [The Guardian] Early skip: URL https://www.theguardian.com/environment/2026/jan/29/australia-polluter-pays-levy-fossil-fuels-rod-sims-ross-garnaut-superpower-institute-report already exists.
2026-01-28 21:39:19,091 - INFO - [The Guardian] Early skip: URL https://www.theguardian.com/world/2026/jan/28/le-scoop-france-last-newspaper-hawker-celebrated-ali-akbar-paris already exists.
2026-01-28 21:39:19,323 - INFO - [BBC] Early skip: URL https://www.bbc.com/news/articles/cevnppplkjjo?at_medium=RSS&at_campaign=rss already exists.
2026-01-28 21:39:19,527 - INFO - [BBC] Early skip: URL https://www.bbc.com/news/articles/c98prmd0jl0o?at_medium=RSS&at_campaign=rss already exists.
2026-01-28 21:39:19,663 - INFO - [BBC] Article: https://www.bbc.com/news/articles/c1evy87qd1no?at_medium=RSS&at_campaign=rss
2026-01-28 21:39:19,663 - INFO - [BBC] Attempt 1/1: Trying with 'requests_browser' strategy...
2026-01-28 21:39:19,665 - INFO - [The Guardian] Early skip: URL https://www.theguardian.com/environment/2026/jan/28/netherlands-government-discriminated-bonaire-islanders-caribbean-climate-crisis-adaptation already exists.
2026-01-28 21:39:19,732 - INFO - [BBC] Success with 'requests_browser'. Found content (991 words).
2026-01-28 21:39:19,790 - INFO - [The Hindu] Article: https://www.thehindu.com/news/national/tamil-nadu/high-quality-and-affordable-education-built-on-viable-public-funding-a-challenge-in-india-says-n-ram/article70561228.ece
2026-01-28 21:39:19,790 - INFO - [The Hindu] Attempt 1/1: Trying with 'selenium_browser' strategy...
2026-01-28 21:39:19,796 - INFO - [The Guardian] Early skip: URL https://www.theguardian.com/world/live/2026/jan/28/europe-defence-kallas-greenland-frederiksen-macron-ukraine-netherlands-latest-news-updates already exists.
2026-01-28 21:39:19,975 - INFO - [The Guardian] Early skip: URL https://www.theguardian.com/world/2026/jan/28/this-is-europe-european-film-awards-culture-war-pacifism already exists.
2026-01-28 21:39:22,593 - INFO - [The Hindu] Page content loaded.
2026-01-28 21:39:22,763 - INFO - [The Hindu] Success with 'selenium_browser'. Found content (459 words).
2026-01-28 21:39:27,612 - INFO - [Times of India] Page content loaded.
2026-01-28 21:39:27,881 - INFO - [Times of India] Success with 'selenium_browser'. Found content (761 words).
2026-01-28 21:40:10,133 - INFO - DEDUPLICATION: Found match (Score: 0.76). Linking to Cluster ID: 9a5e444c-5b8b-480a-8481-42b48981765b
2026-01-28 21:40:10,135 - INFO - Saved article: It's in Venezuela's interest to co-operate with US, Rubio says in heated testimony from BBC (991 words)
2026-01-28 21:40:10,135 - INFO - [The Guardian] Early skip: URL https://www.theguardian.com/world/2026/jan/28/qatari-plane-hits-milan-airport-lights-winter-olympics-staff already exists.
2026-01-28 21:40:54,488 - INFO - Saved article: High quality and affordable education built on viable public funding, a challenge in India, says N. Ram - The Hindu from The Hindu (459 words)
2026-01-28 21:41:35,686 - CRITICAL - --- TIMEOUT: 4 scrape jobs did not complete in 300s. ---
2026-01-28 21:41:35,686 - ERROR - A thread has timed out and will be abandoned.
2026-01-28 21:41:35,686 - ERROR - A thread has timed out and will be abandoned.
2026-01-28 21:41:35,686 - ERROR - A thread has timed out and will be abandoned.
2026-01-28 21:41:35,686 - ERROR - A thread has timed out and will be abandoned.
2026-01-28 21:41:35,686 - INFO - Shutting down thread pool (wait=False)...
2026-01-28 21:41:35,686 - INFO - Scraped: 4 Timed_Out_Jobs articles. (Total saved: 0)
2026-01-28 21:41:35,686 - INFO - --- Scraping job finished ---
2026-01-28 21:41:35,687 - INFO - --- Scraper service stopped and database connection closed. ---
2026-01-28 21:41:35,687 - INFO - --- Main thread finished. Forcing process exit to kill zombie threads. ---
