2026-01-20 17:36:24,988 - INFO - Loading AI Semantic Model (all-MiniLM-L6-v2)...
2026-01-20 17:36:24,989 - INFO - Use pytorch device_name: cpu
2026-01-20 17:36:24,989 - INFO - Load pretrained SentenceTransformer: all-MiniLM-L6-v2
2026-01-20 17:36:26,051 - INFO - AI Model loaded successfully.
2026-01-20 17:36:26,052 - INFO - --- Scraper service started (CI Mode: Run Once) ---
2026-01-20 17:36:26,052 - INFO - --- Starting new scraping job (Parallel Mode) ---
2026-01-20 17:36:26,052 - INFO - Creating new robust session with 3 retries on 5xx/connection/read errors.
2026-01-20 17:36:26,052 - INFO - Proxy is DISABLED.
2026-01-20 17:36:26,052 - INFO - Starting scrape for BBC RSS feed: http://feeds.bbci.co.uk/news/world/rss.xml
2026-01-20 17:36:26,053 - INFO - [Times of India] (Thread) requires Selenium. Initializing driver...
2026-01-20 17:36:26,054 - INFO - Starting scrape for The Guardian RSS feed: https://www.theguardian.com/world/rss
2026-01-20 17:36:26,055 - INFO - [The Hindu] (Thread) requires Selenium. Initializing driver...
2026-01-20 17:36:26,055 - INFO - Submitted 4 jobs to thread pool. Waiting up to 300s for completion...
2026-01-20 17:36:26,207 - INFO - Found 45 articles in The Guardian RSS feed. Processing up to 30.
2026-01-20 17:36:26,207 - INFO - [The Guardian] Article: https://www.theguardian.com/us-news/2026/jan/20/us-diplomats-urged-to-remind-african-leaders-of-us-generosity-despite-usaid-closing
2026-01-20 17:36:26,207 - INFO - [The Guardian] Attempt 1/1: Trying with 'requests_browser' strategy...
2026-01-20 17:36:26,316 - INFO - Found 34 articles in BBC RSS feed. Processing up to 30.
2026-01-20 17:36:26,316 - INFO - [BBC] Article: https://www.bbc.com/news/articles/c0mkp021rvro?at_medium=RSS&at_campaign=rss
2026-01-20 17:36:26,317 - INFO - [BBC] Attempt 1/1: Trying with 'requests_browser' strategy...
2026-01-20 17:36:26,339 - INFO - [The Guardian] Success with 'requests_browser'. Found content (733 words).
2026-01-20 17:36:26,669 - INFO - [BBC] Success with 'requests_browser'. Found content (1057 words).
2026-01-20 17:36:27,545 - INFO - Selenium driver initialized successfully.
2026-01-20 17:36:27,545 - INFO - Starting scrape for The Hindu RSS feed: https://www.thehindu.com/news/national/feeder/default.rss
2026-01-20 17:36:27,549 - INFO - Selenium driver initialized successfully.
2026-01-20 17:36:27,549 - INFO - Starting scrape for Times of India RSS feed: https://timesofindia.indiatimes.com/rssfeeds/296589292.cms
2026-01-20 17:36:27,773 - INFO - Found 100 articles in The Hindu RSS feed. Processing up to 30.
2026-01-20 17:36:27,799 - INFO - Found 20 articles in Times of India RSS feed. Processing up to 30.
2026-01-20 17:37:08,902 - INFO - Saved article: US diplomats urged to remind African leaders of US ‘generosity’ despite USAID closing | US foreign policy | The Guardian from The Guardian (733 words)
2026-01-20 17:37:51,543 - INFO - DEDUPLICATION: Found match (Score: 0.73). Linking to Cluster ID: 63ad6b21-2c26-4467-93a3-c5d9982baeac
2026-01-20 17:37:51,545 - INFO - Saved article: UK defends Chagos Islands deal after Trump calls handover 'act of great stupidity' from BBC (1057 words)
2026-01-20 17:37:51,546 - INFO - [The Hindu] Article: https://www.thehindu.com/news/national/kerala/survey-in-palakkad-reveals-surge-in-number-of-waterbirds/article70530479.ece
2026-01-20 17:37:51,546 - INFO - [The Hindu] Attempt 1/1: Trying with 'selenium_browser' strategy...
2026-01-20 17:37:51,547 - INFO - [Times of India] Article: https://timesofindia.indiatimes.com/world/europe/did-his-wife-sock-him-again-why-emmanuel-macron-wore-sunglasses-at-davos/articleshow/126823545.cms
2026-01-20 17:37:51,547 - INFO - [Times of India] Attempt 1/1: Trying with 'selenium_browser' strategy...
2026-01-20 17:37:51,547 - INFO - [The Guardian] Early skip: URL https://www.theguardian.com/global-development/2026/jan/19/brazen-political-influence-rich-laid-bare-wealth-billionaires-inequality-poverty-instability-oxfam already exists.
2026-01-20 17:37:51,823 - INFO - [The Guardian] Early skip: URL https://www.theguardian.com/world/2026/jan/18/ugandas-president-calls-opponents-terrorists-in-victory-speech already exists.
2026-01-20 17:37:52,042 - INFO - [The Guardian] Early skip: URL https://www.theguardian.com/world/2026/jan/17/yoweri-museveni-wins-ugandan-election-as-opponent-condemns-fake-result already exists.
2026-01-20 17:37:52,314 - INFO - [The Guardian] Early skip: URL https://www.theguardian.com/uk-news/2026/jan/17/afcon-little-morocco-london-confidence-high already exists.
2026-01-20 17:37:52,610 - INFO - [The Guardian] Early skip: URL https://www.theguardian.com/us-news/2026/jan/20/catholic-cardinals-trump-foreign-policy already exists.
2026-01-20 17:37:52,850 - INFO - [BBC] Article: https://www.bbc.com/news/articles/c4gwp2me3gzo?at_medium=RSS&at_campaign=rss
2026-01-20 17:37:52,850 - INFO - [BBC] Attempt 1/1: Trying with 'requests_browser' strategy...
2026-01-20 17:37:52,852 - INFO - [The Guardian] Early skip: URL https://www.theguardian.com/world/2026/jan/20/colombia-ex-paramilitary-leader-salvatore-mancuso-jailed-crimes-against-indigenous-groups already exists.
2026-01-20 17:37:52,914 - INFO - [BBC] Success with 'requests_browser'. Found content (339 words).
2026-01-20 17:37:53,026 - INFO - [The Guardian] Early skip: URL https://www.theguardian.com/world/2026/jan/20/trial-peru-amazon-quinto-inuma-alvarado-indigenous-leader already exists.
2026-01-20 17:37:56,675 - INFO - [The Hindu] Page content loaded.
2026-01-20 17:37:58,152 - INFO - [The Hindu] Success with 'selenium_browser'. Found content (230 words).
2026-01-20 17:38:59,120 - INFO - DEDUPLICATION: Found match (Score: 0.78). Linking to Cluster ID: bf0205a7-951f-4f85-ab61-186c5a3dd4f7
2026-01-20 17:38:59,123 - INFO - Saved article: EU to suspend approval of US tariffs deal from BBC (339 words)
2026-01-20 17:38:59,123 - INFO - [The Guardian] Early skip: URL https://www.theguardian.com/world/2026/jan/19/guatemala-state-of-emergency-police-officers-killed-prison-gang-violence already exists.
2026-01-20 17:39:48,602 - INFO - Saved article: Survey in Palakkad reveals surge in number of waterbirds - The Hindu from The Hindu (230 words)
2026-01-20 17:39:48,602 - INFO - [The Guardian] Early skip: URL https://www.theguardian.com/world/2026/jan/18/chile-president-declares-state-of-catastrophe-as-wildfires-kill already exists.
2026-01-20 17:39:48,822 - INFO - [BBC] Early skip: URL https://www.bbc.com/news/articles/c5y2qjy9l4yo?at_medium=RSS&at_campaign=rss already exists.
2026-01-20 17:39:48,933 - INFO - [BBC] Early skip: URL https://www.bbc.com/news/articles/cwy1lpgqenxo?at_medium=RSS&at_campaign=rss already exists.
2026-01-20 17:39:49,208 - INFO - [The Guardian] Early skip: URL https://www.theguardian.com/uk-news/2026/jan/20/china-mega-embassy-approved-london already exists.
2026-01-20 17:39:49,460 - INFO - [BBC] Early skip: URL https://www.bbc.com/news/articles/c4g39w8k8zwo?at_medium=RSS&at_campaign=rss already exists.
2026-01-20 17:39:49,639 - INFO - [The Guardian] Early skip: URL https://www.theguardian.com/world/2026/jan/20/kim-jong-un-fires-vice-premier-yang-sung-ho-goat-ox-cart already exists.
2026-01-20 17:39:49,809 - INFO - [BBC] Early skip: URL https://www.bbc.com/news/articles/cj0n127y74go?at_medium=RSS&at_campaign=rss already exists.
2026-01-20 17:39:49,945 - INFO - [The Guardian] Early skip: URL https://www.theguardian.com/world/2026/jan/20/chinese-japan-tourist-numbers-halve-wake-taiwan-invasion-row already exists.
2026-01-20 17:39:50,083 - INFO - [BBC] Article: https://www.bbc.com/news/articles/c338mdg1gn5o?at_medium=RSS&at_campaign=rss
2026-01-20 17:39:50,084 - INFO - [BBC] Attempt 1/1: Trying with 'requests_browser' strategy...
2026-01-20 17:39:50,085 - INFO - [The Guardian] Early skip: URL https://www.theguardian.com/world/2026/jan/19/china-population-falls-again-birthrate-record-low already exists.
2026-01-20 17:39:50,122 - INFO - [BBC] Success with 'requests_browser'. Found content (563 words).
2026-01-20 17:39:50,305 - INFO - [The Hindu] Article: https://www.thehindu.com/news/cities/Hyderabad/youth-killed-another-injured-as-motorcycle-crashes-into-tree-at-maisammaguda/article70529957.ece
2026-01-20 17:39:50,306 - INFO - [The Hindu] Attempt 1/1: Trying with 'selenium_browser' strategy...
2026-01-20 17:39:50,306 - INFO - [The Guardian] Early skip: URL https://www.theguardian.com/world/2026/jan/19/japan-snap-election-sanae-takaichi-ldp already exists.
2026-01-20 17:39:51,651 - ERROR - [Times of India] Request failed for strategy 'selenium_browser' on URL https://timesofindia.indiatimes.com/world/europe/did-his-wife-sock-him-again-why-emmanuel-macron-wore-sunglasses-at-davos/articleshow/126823545.cms: HTTPConnectionPool(host='localhost', port=56721): Read timed out. (read timeout=120)
2026-01-20 17:39:51,651 - ERROR - [Times of India] All scrape strategies failed for https://timesofindia.indiatimes.com/world/europe/did-his-wife-sock-him-again-why-emmanuel-macron-wore-sunglasses-at-davos/articleshow/126823545.cms. Falling back to RSS description.
2026-01-20 17:39:51,652 - WARNING - SKIPPED (GLOBAL WORD LIMIT): Article '‘Did his wife sock him again?’: Why Emmanuel Macron wore sunglasses at Davos' from Times of India has only 47 words (Min: 90).
2026-01-20 17:39:52,964 - INFO - [The Hindu] Page content loaded.
2026-01-20 17:39:53,343 - INFO - [The Hindu] Success with 'selenium_browser'. Found content (163 words).
2026-01-20 17:40:39,189 - INFO - DEDUPLICATION: Found match (Score: 0.91). Linking to Cluster ID: 376ca573-5806-4f7e-a439-73bc13a8d661
2026-01-20 17:40:39,192 - INFO - Saved article: Colombia sentences ex-paramilitary leader Mancuso to 40 years in jail from BBC (563 words)
2026-01-20 17:40:39,192 - INFO - [The Guardian] Early skip: URL https://www.theguardian.com/australia-news/2026/jan/20/ndis-tool-to-determine-support-not-tested-on-variety-of-disability-types-including-diverse-autism-experts-warn already exists.
2026-01-20 17:40:39,323 - INFO - [Times of India] Article: https://timesofindia.indiatimes.com/world/us/invoke-it-now-why-critics-argue-the-25th-amendment-should-be-invoked-after-trumps-norway-letter/articleshow/126797867.cms
2026-01-20 17:40:39,323 - INFO - [Times of India] Attempt 1/1: Trying with 'selenium_browser' strategy...
2026-01-20 17:41:25,481 - INFO - Saved article: Youth killed, another injured as motorcycle crashes into tree at Maisammaguda - The Hindu from The Hindu (163 words)
2026-01-20 17:41:25,481 - INFO - [The Guardian] Early skip: URL https://www.theguardian.com/australia-news/2026/jan/20/labor-albanese-hate-speech-laws-expected-pass-parliament already exists.
2026-01-20 17:41:25,722 - INFO - [BBC] Article: https://www.bbc.com/news/articles/c20ge5qwdl2o?at_medium=RSS&at_campaign=rss
2026-01-20 17:41:25,722 - INFO - [BBC] Attempt 1/1: Trying with 'requests_browser' strategy...
2026-01-20 17:41:25,723 - INFO - [The Guardian] Early skip: URL https://www.theguardian.com/australia-news/2026/jan/20/dame-marie-bashir-former-nsw-governor-and-distinguished-psychiatrist-dies-age-95 already exists.
2026-01-20 17:41:25,764 - INFO - [BBC] Success with 'requests_browser'. Found content (613 words).
2026-01-20 17:41:26,057 - CRITICAL - --- TIMEOUT: 4 scrape jobs did not complete in 300s. ---
2026-01-20 17:41:26,057 - ERROR - A thread has timed out and will be abandoned.
2026-01-20 17:41:26,057 - ERROR - A thread has timed out and will be abandoned.
2026-01-20 17:41:26,057 - ERROR - A thread has timed out and will be abandoned.
2026-01-20 17:41:26,057 - ERROR - A thread has timed out and will be abandoned.
2026-01-20 17:41:26,057 - INFO - Shutting down thread pool (wait=False)...
2026-01-20 17:41:26,057 - INFO - Scraped: 4 Timed_Out_Jobs articles. (Total saved: 0)
2026-01-20 17:41:26,058 - INFO - --- Scraping job finished ---
2026-01-20 17:41:26,058 - INFO - --- Scraper service stopped and database connection closed. ---
2026-01-20 17:41:26,058 - INFO - --- Main thread finished. Forcing process exit to kill zombie threads. ---
