2026-01-23 18:42:28,055 - INFO - Loading AI Semantic Model (all-MiniLM-L6-v2)...
2026-01-23 18:42:28,056 - INFO - Use pytorch device_name: cpu
2026-01-23 18:42:28,056 - INFO - Load pretrained SentenceTransformer: all-MiniLM-L6-v2
2026-01-23 18:42:29,276 - INFO - AI Model loaded successfully.
2026-01-23 18:42:29,277 - INFO - --- Scraper service started (CI Mode: Run Once) ---
2026-01-23 18:42:29,277 - INFO - --- Starting new scraping job (Parallel Mode) ---
2026-01-23 18:42:29,277 - INFO - Creating new robust session with 3 retries on 5xx/connection/read errors.
2026-01-23 18:42:29,277 - INFO - Proxy is DISABLED.
2026-01-23 18:42:29,277 - INFO - Starting scrape for BBC RSS feed: http://feeds.bbci.co.uk/news/world/rss.xml
2026-01-23 18:42:29,278 - INFO - [Times of India] (Thread) requires Selenium. Initializing driver...
2026-01-23 18:42:29,279 - INFO - Starting scrape for The Guardian RSS feed: https://www.theguardian.com/world/rss
2026-01-23 18:42:29,280 - INFO - [The Hindu] (Thread) requires Selenium. Initializing driver...
2026-01-23 18:42:29,280 - INFO - Submitted 4 jobs to thread pool. Waiting up to 300s for completion...
2026-01-23 18:42:29,626 - INFO - Found 45 articles in The Guardian RSS feed. Processing up to 30.
2026-01-23 18:42:29,626 - INFO - [The Guardian] Early skip: URL https://www.theguardian.com/world/2026/jan/23/guinea-bissau-hepatitis-b-vaccine-study already exists.
2026-01-23 18:42:29,829 - INFO - Found 37 articles in BBC RSS feed. Processing up to 30.
2026-01-23 18:42:29,869 - INFO - [BBC] Early skip: URL https://www.bbc.com/news/articles/clym2l7d75eo?at_medium=RSS&at_campaign=rss already exists.
2026-01-23 18:42:30,117 - INFO - [The Guardian] Early skip: URL https://www.theguardian.com/global-development/2026/jan/22/actionaid-rethink-child-sponsorship-decolonise-funding already exists.
2026-01-23 18:42:30,258 - INFO - [BBC] Early skip: URL https://www.bbc.com/news/articles/c3edde1pwx8o?at_medium=RSS&at_campaign=rss already exists.
2026-01-23 18:42:30,396 - INFO - [The Guardian] Early skip: URL https://www.theguardian.com/us-news/2026/jan/20/us-diplomats-urged-to-remind-african-leaders-of-us-generosity-despite-usaid-closing already exists.
2026-01-23 18:42:30,546 - INFO - [BBC] Early skip: URL https://www.bbc.com/news/articles/c3r117w55q4o?at_medium=RSS&at_campaign=rss already exists.
2026-01-23 18:42:30,692 - INFO - [The Guardian] Early skip: URL https://www.theguardian.com/global-development/2026/jan/19/brazen-political-influence-rich-laid-bare-wealth-billionaires-inequality-poverty-instability-oxfam already exists.
2026-01-23 18:42:30,970 - INFO - [BBC] Early skip: URL https://www.bbc.com/news/articles/c1m77dmxlvlo?at_medium=RSS&at_campaign=rss already exists.
2026-01-23 18:42:31,074 - INFO - [The Guardian] Early skip: URL https://www.theguardian.com/world/2026/jan/18/ugandas-president-calls-opponents-terrorists-in-victory-speech already exists.
2026-01-23 18:42:31,314 - INFO - [BBC] Early skip: URL https://www.bbc.com/news/articles/c0r44l05q52o?at_medium=RSS&at_campaign=rss already exists.
2026-01-23 18:42:31,562 - INFO - [The Guardian] Article: https://www.theguardian.com/world/2026/jan/23/spanish-prosecutors-drop-julio-iglesias-complaint
2026-01-23 18:42:31,563 - INFO - [The Guardian] Attempt 1/1: Trying with 'requests_browser' strategy...
2026-01-23 18:42:31,564 - INFO - [BBC] Early skip: URL https://www.bbc.com/news/articles/c9dvvzzpwylo?at_medium=RSS&at_campaign=rss already exists.
2026-01-23 18:42:31,713 - INFO - [The Guardian] Success with 'requests_browser'. Found content (423 words).
2026-01-23 18:42:31,729 - INFO - [BBC] Article: https://www.bbc.com/news/articles/cj0nd8z1z59o?at_medium=RSS&at_campaign=rss
2026-01-23 18:42:31,729 - INFO - [BBC] Attempt 1/1: Trying with 'requests_browser' strategy...
2026-01-23 18:42:32,064 - INFO - [BBC] Success with 'requests_browser'. Found content (648 words).
2026-01-23 18:42:35,718 - INFO - Selenium driver initialized successfully.
2026-01-23 18:42:35,718 - INFO - Starting scrape for The Hindu RSS feed: https://www.thehindu.com/news/national/feeder/default.rss
2026-01-23 18:42:35,720 - INFO - Selenium driver initialized successfully.
2026-01-23 18:42:35,720 - INFO - Starting scrape for Times of India RSS feed: https://timesofindia.indiatimes.com/rssfeeds/296589292.cms
2026-01-23 18:42:35,934 - INFO - Found 100 articles in The Hindu RSS feed. Processing up to 30.
2026-01-23 18:42:36,155 - INFO - Found 20 articles in Times of India RSS feed. Processing up to 30.
2026-01-23 18:43:13,741 - INFO - DEDUPLICATION: Found match (Score: 0.89). Linking to Cluster ID: 74167a9e-f7e7-4cdb-ac8c-26aad9efec0b
2026-01-23 18:43:13,743 - INFO - Saved article: Spanish prosecutors drop sexual assault complaint against Julio Iglesias | Spain | The Guardian from The Guardian (423 words)
2026-01-23 18:43:55,428 - INFO - Saved article: Alleged drug kingpin and ex-Olympian Ryan Wedding arrested from BBC (648 words)
2026-01-23 18:43:55,429 - INFO - [The Hindu] Article: https://www.thehindu.com/news/national/kerala/six-alleged-drug-peddlers-land-in-excise-police-nets-in-a-day-in-ernakulam/article70539408.ece
2026-01-23 18:43:55,429 - INFO - [The Hindu] Attempt 1/1: Trying with 'selenium_browser' strategy...
2026-01-23 18:43:55,430 - INFO - [Times of India] Article: https://timesofindia.indiatimes.com/world/us/its-not-about-india-but-about-his-distaste-for-immigration-indian-american-constitutional-scholar-over-h-1b-programme/articleshow/127316316.cms
2026-01-23 18:43:55,430 - INFO - [Times of India] Attempt 1/1: Trying with 'selenium_browser' strategy...
2026-01-23 18:43:55,430 - INFO - [The Guardian] Early skip: URL https://www.theguardian.com/world/2026/jan/23/venezuela-leaked-video-delcy-rodriguez-maduro already exists.
2026-01-23 18:43:55,624 - INFO - [The Guardian] Early skip: URL https://www.theguardian.com/us-news/2026/jan/22/trump-withdraws-invitation-canada already exists.
2026-01-23 18:43:55,741 - INFO - [The Guardian] Early skip: URL https://www.theguardian.com/us-news/2026/jan/22/house-war-powers-resolution-trump-military-venezuela already exists.
2026-01-23 18:43:56,037 - INFO - [The Guardian] Early skip: URL https://www.theguardian.com/world/2026/jan/22/carney-says-canada-must-be-a-beacon-to-a-world-thats-at-sea already exists.
2026-01-23 18:43:56,141 - INFO - [BBC] Early skip: URL https://www.bbc.com/news/articles/cje11eg7lp5o?at_medium=RSS&at_campaign=rss already exists.
2026-01-23 18:43:56,428 - INFO - [The Guardian] Early skip: URL https://www.theguardian.com/environment/2026/jan/23/tapanuli-orangutans-floods-indonesia-government-mining-extraction-companies-aoe already exists.
2026-01-23 18:43:56,636 - INFO - [BBC] Early skip: URL https://www.bbc.com/news/articles/cp822g353y6o?at_medium=RSS&at_campaign=rss already exists.
2026-01-23 18:43:56,845 - INFO - [BBC] Early skip: URL https://www.bbc.com/news/articles/c7011pllqe7o?at_medium=RSS&at_campaign=rss already exists.
2026-01-23 18:43:56,982 - INFO - [The Guardian] Early skip: URL https://www.theguardian.com/world/2026/jan/23/two-confirmed-dead-and-more-presumed-buried-after-landslides-hit-house-and-campground-in-new-zealand already exists.
2026-01-23 18:43:57,228 - INFO - [BBC] Early skip: URL https://www.bbc.com/news/articles/c9vx0p3gl71o?at_medium=RSS&at_campaign=rss already exists.
2026-01-23 18:43:57,361 - INFO - [BBC] Early skip: URL https://www.bbc.com/news/articles/c8rmmzr87x0o?at_medium=RSS&at_campaign=rss already exists.
2026-01-23 18:43:57,525 - INFO - [The Guardian] Early skip: URL https://www.theguardian.com/world/2026/jan/23/japan-pauses-kashiwazaki-kariwa-worlds-largest-nuclear-power-plant already exists.
2026-01-23 18:43:57,711 - INFO - [The Guardian] Early skip: URL https://www.theguardian.com/world/2026/jan/22/frenchie-mae-cumpio-philippine-journalist-found-guilty already exists.
2026-01-23 18:43:58,002 - INFO - [The Guardian] Early skip: URL https://www.theguardian.com/world/2026/jan/22/hong-kong-national-security-trial-pro-democracy-activists-chow-hang-tung-lee-cheuk-yan-albert-ho already exists.
2026-01-23 18:43:58,173 - INFO - [BBC] Early skip: URL https://www.bbc.com/news/articles/c1evv6dz3e9o?at_medium=RSS&at_campaign=rss already exists.
2026-01-23 18:43:58,399 - INFO - [BBC] Early skip: URL https://www.bbc.com/news/articles/cwy11485jeno?at_medium=RSS&at_campaign=rss already exists.
2026-01-23 18:43:58,641 - INFO - [BBC] Early skip: URL https://www.bbc.com/news/articles/cn7jjp8gl0jo?at_medium=RSS&at_campaign=rss already exists.
2026-01-23 18:43:58,819 - INFO - [BBC] Early skip: URL https://www.bbc.com/news/articles/cj0nn0dvg6jo?at_medium=RSS&at_campaign=rss already exists.
2026-01-23 18:43:58,930 - INFO - [BBC] Early skip: URL https://www.bbc.com/news/articles/c2d77rr51rko?at_medium=RSS&at_campaign=rss already exists.
2026-01-23 18:43:59,034 - INFO - [BBC] Early skip: URL https://www.bbc.com/news/articles/c3eddk53vxqo?at_medium=RSS&at_campaign=rss already exists.
2026-01-23 18:43:59,232 - INFO - [The Guardian] Early skip: URL https://www.theguardian.com/australia-news/2026/jan/23/the-capsicum-paradox-new-australian-supermarket-pricing-a-massive-transparency-fail-for-customers already exists.
2026-01-23 18:43:59,528 - INFO - [The Guardian] Early skip: URL https://www.theguardian.com/australia-news/2026/jan/23/piper-james-backpacker-kgari-dingoes-coroner-autopsy-evidence-drowning-dingo-bites already exists.
2026-01-23 18:43:59,655 - INFO - [The Guardian] Early skip: URL https://www.theguardian.com/australia-news/2026/jan/23/sussan-ley-confident-she-will-survive-as-opposition-leader-and-says-door-is-open-to-nationals-rejoining-coalition already exists.
2026-01-23 18:43:59,805 - INFO - [The Guardian] Early skip: URL https://www.theguardian.com/environment/2026/jan/23/intense-heat-across-south-east-australia-could-shatter-temperature-records-in-coming-days already exists.
2026-01-23 18:44:00,023 - INFO - [BBC] Early skip: URL https://www.bbc.com/news/articles/cy7mmpljze7o?at_medium=RSS&at_campaign=rss already exists.
2026-01-23 18:44:00,196 - INFO - [BBC] Article: https://www.bbc.com/news/videos/c20dlr9kn37o?at_medium=RSS&at_campaign=rss
2026-01-23 18:44:00,196 - INFO - [BBC] Attempt 1/1: Trying with 'requests_browser' strategy...
2026-01-23 18:44:00,202 - INFO - [The Guardian] Early skip: URL https://www.theguardian.com/australia-news/live/2026/jan/23/australia-news-live-sussan-ley-liberals-coalition-nationals-littleproud-hastie-taylor-anthony-albanese-labor-spill-ntwnfb already exists.
2026-01-23 18:44:00,401 - INFO - [The Guardian] Early skip: URL https://www.theguardian.com/world/2026/jan/23/us-ukraine-russia-abu-dhabi-talks-putin-witkoff-kushner already exists.
2026-01-23 18:44:00,415 - WARNING - [BBC] FAILED with 'requests_browser' (content was too short: 51 words).
2026-01-23 18:44:00,415 - ERROR - [BBC] All scrape strategies failed for https://www.bbc.com/news/videos/c20dlr9kn37o?at_medium=RSS&at_campaign=rss. Falling back to RSS description.
2026-01-23 18:44:00,415 - WARNING - SKIPPED (GLOBAL WORD LIMIT): Article 'Could trilateral talks yield a breakthrough in Ukraine-Russia war?' from BBC has only 21 words (Min: 90).
2026-01-23 18:44:00,688 - INFO - [The Guardian] Article: https://www.theguardian.com/politics/2026/jan/23/france-calais-ban-british-far-right-activists-operation-overlord
2026-01-23 18:44:00,688 - INFO - [The Guardian] Attempt 1/1: Trying with 'requests_browser' strategy...
2026-01-23 18:44:00,942 - INFO - [The Guardian] Success with 'requests_browser'. Found content (646 words).
2026-01-23 18:44:01,581 - INFO - [BBC] Early skip: URL https://www.bbc.com/news/articles/cly9230yw15o?at_medium=RSS&at_campaign=rss already exists.
2026-01-23 18:44:01,825 - INFO - [BBC] Early skip: URL https://www.bbc.com/news/articles/cn422q1py95o?at_medium=RSS&at_campaign=rss already exists.
2026-01-23 18:44:02,086 - INFO - [BBC] Early skip: URL https://www.bbc.com/news/articles/cx2yy4n1vlgo?at_medium=RSS&at_campaign=rss already exists.
2026-01-23 18:44:04,056 - INFO - [The Hindu] Page content loaded.
2026-01-23 18:44:04,385 - INFO - [The Hindu] Success with 'selenium_browser'. Found content (296 words).
2026-01-23 18:44:15,471 - ERROR - [Times of India] Request failed for strategy 'selenium_browser' on URL https://timesofindia.indiatimes.com/world/us/its-not-about-india-but-about-his-distaste-for-immigration-indian-american-constitutional-scholar-over-h-1b-programme/articleshow/127316316.cms: Message: timeout: Timed out receiving message from renderer: 19.742
  (Session info: chrome=144.0.7559.59)
Stacktrace:
#0 0x557b58433afa <unknown>
#1 0x557b57e4d60f <unknown>
#2 0x557b57e34d11 <unknown>
#3 0x557b57e34936 <unknown>
#4 0x557b57e3244b <unknown>
#5 0x557b57e32dcf <unknown>
#6 0x557b57e422e0 <unknown>
#7 0x557b57e5c2b7 <unknown>
#8 0x557b57e634bb <unknown>
#9 0x557b57e33539 <unknown>
#10 0x557b57e5c04c <unknown>
#11 0x557b57eeb9a3 <unknown>
#12 0x557b57e94842 <unknown>
#13 0x557b57e95631 <unknown>
#14 0x557b583f9689 <unknown>
#15 0x557b583fc581 <unknown>
#16 0x557b583e5ca9 <unknown>
#17 0x557b583fd13e <unknown>
#18 0x557b583cc3a0 <unknown>
#19 0x557b58420fc8 <unknown>
#20 0x557b5842119b <unknown>
#21 0x557b58432e68 <unknown>
#22 0x7f995b49caa4 <unknown>
#23 0x7f995b529c6c <unknown>

2026-01-23 18:44:15,471 - ERROR - [Times of India] All scrape strategies failed for https://timesofindia.indiatimes.com/world/us/its-not-about-india-but-about-his-distaste-for-immigration-indian-american-constitutional-scholar-over-h-1b-programme/articleshow/127316316.cms. Falling back to RSS description.
2026-01-23 18:44:15,471 - WARNING - SKIPPED (GLOBAL WORD LIMIT): Article ''It’s not about India but about his distaste for immigration': Indian American constitutional scholar over H-1B programme' from Times of India has only 51 words (Min: 90).
2026-01-23 18:44:54,069 - INFO - Saved article: French authorities ban British far-right activists from gathering at weekend | Far right | The Guardian from The Guardian (646 words)
2026-01-23 18:44:54,069 - INFO - [BBC] Early skip: URL https://www.bbc.com/news/articles/cn8jj228g2vo?at_medium=RSS&at_campaign=rss already exists.
2026-01-23 18:45:40,008 - INFO - DEDUPLICATION: Found match (Score: 0.73). Linking to Cluster ID: b32510e7-2100-4788-ac2d-4120fb99e278
2026-01-23 18:45:40,009 - INFO - Saved article: Six alleged drug peddlers land in excise, police nets in a day in Ernakulam - The Hindu from The Hindu (296 words)
2026-01-23 18:45:40,010 - INFO - [Times of India] Article: https://timesofindia.indiatimes.com/world/us/irans-shadow-fleet-nine-tankers-sanctioned-by-us-over-oil-trade/articleshow/127316122.cms
2026-01-23 18:45:40,010 - INFO - [Times of India] Attempt 1/1: Trying with 'selenium_browser' strategy...
2026-01-23 18:45:40,011 - INFO - [BBC] Early skip: URL https://www.bbc.com/news/articles/cp3zzv40422o?at_medium=RSS&at_campaign=rss already exists.
2026-01-23 18:45:40,288 - INFO - [The Guardian] Early skip: URL https://www.theguardian.com/world/live/2026/jan/23/ukraine-war-russia-us-trilateral-talks-latest-updates-news already exists.
2026-01-23 18:45:40,553 - INFO - [BBC] Early skip: URL https://www.bbc.com/news/articles/c20zzq8we8wo?at_medium=RSS&at_campaign=rss already exists.
2026-01-23 18:45:40,760 - INFO - [The Guardian] Early skip: URL https://www.theguardian.com/world/2026/jan/23/israeli-palestinian-restaurant-kanaan-berlin-to-close-tv-series already exists.
2026-01-23 18:45:41,035 - INFO - [The Guardian] Early skip: URL https://www.theguardian.com/world/2026/jan/23/trump-greenland-threat-sense-of-unity-denmark already exists.
2026-01-23 18:45:41,255 - INFO - [Times of India] Page content loaded.
2026-01-23 18:45:41,270 - INFO - [BBC] Early skip: URL https://www.bbc.com/news/articles/c6200mz054yo?at_medium=RSS&at_campaign=rss already exists.
2026-01-23 18:45:41,355 - INFO - [Times of India] Success with 'selenium_browser'. Found content (448 words).
2026-01-23 18:45:41,552 - INFO - [The Guardian] Early skip: URL https://www.theguardian.com/world/2026/jan/23/trump-says-us-armada-heading-middle-east-iran-death-toll already exists.
2026-01-23 18:45:41,767 - INFO - [The Hindu] Article: https://www.thehindu.com/news/national/karnataka/south-indias-tier-2-tier-3-residential-sales-value-crosses-20000-cr-in-2025/article70543290.ece
2026-01-23 18:45:41,767 - INFO - [The Hindu] Attempt 1/1: Trying with 'selenium_browser' strategy...
2026-01-23 18:45:45,472 - INFO - [The Hindu] Page content loaded.
2026-01-23 18:45:45,870 - INFO - [The Hindu] Success with 'selenium_browser'. Found content (458 words).
2026-01-23 18:46:35,132 - INFO - Saved article: Iran’s shadow fleet: Nine tankers sanctioned by US over oil trade - The Times of India from Times of India (448 words)
2026-01-23 18:46:35,132 - INFO - [BBC] Early skip: URL https://www.bbc.com/news/articles/c86vvjxe9z7o?at_medium=RSS&at_campaign=rss already exists.
2026-01-23 18:46:35,266 - INFO - [BBC] Early skip: URL https://www.bbc.com/news/articles/c9311l0d40qo?at_medium=RSS&at_campaign=rss already exists.
2026-01-23 18:47:23,493 - INFO - Saved article: South India’s tier 2, tier 3 residential sales value crosses ₹20,000 cr. in 2025 - The Hindu from The Hindu (458 words)
2026-01-23 18:47:23,494 - INFO - [The Guardian] Article: https://www.theguardian.com/world/2026/jan/23/spanish-court-drops-pegasus-spyware-case-again-israel-spain-nso
2026-01-23 18:47:23,494 - INFO - [The Guardian] Attempt 1/1: Trying with 'requests_browser' strategy...
2026-01-23 18:47:23,495 - INFO - [BBC] Early skip: URL https://www.bbc.com/news/articles/c301jgd1qj6o?at_medium=RSS&at_campaign=rss already exists.
2026-01-23 18:47:23,653 - INFO - [The Guardian] Success with 'requests_browser'. Found content (652 words).
2026-01-23 18:47:23,791 - INFO - [Times of India] Article: https://timesofindia.indiatimes.com/world/us/modern-day-pablo-escobar-fbi-director-kash-patel-briefs-how-former-canada-olympian-ryan-wedding-got-arrested-in-mexico/articleshow/127313106.cms
2026-01-23 18:47:23,791 - INFO - [Times of India] Attempt 1/1: Trying with 'selenium_browser' strategy...
2026-01-23 18:47:28,669 - INFO - [Times of India] Page content loaded.
2026-01-23 18:47:28,900 - INFO - [Times of India] Success with 'selenium_browser'. Found content (397 words).
2026-01-23 18:47:29,282 - CRITICAL - --- TIMEOUT: 3 scrape jobs did not complete in 300s. ---
2026-01-23 18:47:29,283 - ERROR - A thread has timed out and will be abandoned.
2026-01-23 18:47:29,283 - ERROR - A thread has timed out and will be abandoned.
2026-01-23 18:47:29,283 - ERROR - A thread has timed out and will be abandoned.
2026-01-23 18:47:29,283 - INFO - Shutting down thread pool (wait=False)...
2026-01-23 18:47:29,283 - INFO - Scraped: 1 BBC, 3 Timed_Out_Jobs articles. (Total saved: 1)
2026-01-23 18:47:29,283 - INFO - --- Scraping job finished ---
2026-01-23 18:47:29,283 - INFO - --- Scraper service stopped and database connection closed. ---
2026-01-23 18:47:29,283 - INFO - --- Main thread finished. Forcing process exit to kill zombie threads. ---
