2026-01-03 16:31:42,348 - INFO - Loading AI Semantic Model (all-MiniLM-L6-v2)...
2026-01-03 16:31:42,348 - INFO - Use pytorch device_name: cpu
2026-01-03 16:31:42,348 - INFO - Load pretrained SentenceTransformer: all-MiniLM-L6-v2
2026-01-03 16:31:43,913 - INFO - AI Model loaded successfully.
2026-01-03 16:31:43,914 - INFO - --- Scraper service started (CI Mode: Run Once) ---
2026-01-03 16:31:43,914 - INFO - --- Starting new scraping job (Parallel Mode) ---
2026-01-03 16:31:43,914 - INFO - Creating new robust session with 3 retries on 5xx/connection/read errors.
2026-01-03 16:31:43,914 - INFO - Proxy is DISABLED.
2026-01-03 16:31:43,914 - INFO - Starting scrape for BBC RSS feed: http://feeds.bbci.co.uk/news/world/rss.xml
2026-01-03 16:31:43,915 - INFO - [Times of India] (Thread) requires Selenium. Initializing driver...
2026-01-03 16:31:43,916 - INFO - Starting scrape for The Guardian RSS feed: https://www.theguardian.com/world/rss
2026-01-03 16:31:43,917 - INFO - [The Hindu] (Thread) requires Selenium. Initializing driver...
2026-01-03 16:31:43,917 - INFO - Submitted 4 jobs to thread pool. Waiting up to 300s for completion...
2026-01-03 16:31:44,138 - INFO - Found 45 articles in The Guardian RSS feed. Processing up to 30.
2026-01-03 16:31:44,139 - INFO - [The Guardian] Early skip: URL https://www.theguardian.com/world/2026/jan/02/anthony-joshuas-driver-charged-with-dangerous-driving-after-fatal-crash-in-nigeria already exists.
2026-01-03 16:31:44,352 - INFO - [The Guardian] Early skip: URL https://www.theguardian.com/science/2026/jan/01/cremation-pyre-in-africa-thought-to-be-worlds-oldest-containing-adult-remains already exists.
2026-01-03 16:31:44,463 - INFO - Found 30 articles in BBC RSS feed. Processing up to 30.
2026-01-03 16:31:44,564 - INFO - [BBC] Article: https://www.bbc.com/news/articles/c0q4dg1kn8vo?at_medium=RSS&at_campaign=rss
2026-01-03 16:31:44,564 - INFO - [BBC] Attempt 1/1: Trying with 'requests_browser' strategy...
2026-01-03 16:31:44,565 - INFO - [The Guardian] Early skip: URL https://www.theguardian.com/global-development/2026/jan/01/us-aid-cuts-conditions-un-humanitarian-pledge-ocha already exists.
2026-01-03 16:31:44,725 - INFO - [The Guardian] Early skip: URL https://www.theguardian.com/world/2025/dec/31/guinea-junta-chief-mamady-doumbouya-elected-president-after-opposition-boycott already exists.
2026-01-03 16:31:44,748 - INFO - [BBC] Success with 'requests_browser'. Found content (820 words).
2026-01-03 16:31:48,790 - INFO - Selenium driver initialized successfully.
2026-01-03 16:31:48,791 - INFO - Selenium driver initialized successfully.
2026-01-03 16:31:48,791 - INFO - Starting scrape for The Hindu RSS feed: https://www.thehindu.com/news/national/feeder/default.rss
2026-01-03 16:31:48,791 - INFO - Starting scrape for Times of India RSS feed: https://timesofindia.indiatimes.com/rssfeeds/296589292.cms
2026-01-03 16:31:49,020 - INFO - Found 20 articles in Times of India RSS feed. Processing up to 30.
2026-01-03 16:31:49,027 - INFO - Found 100 articles in The Hindu RSS feed. Processing up to 30.
2026-01-03 16:32:29,280 - INFO - DEDUPLICATION: Found match (Score: 0.82). Linking to Cluster ID: 9a5e444c-5b8b-480a-8481-42b48981765b
2026-01-03 16:32:29,284 - INFO - Saved article: Trump's move to topple Maduro is fraught with risk - what happens next is unclear from BBC (820 words)
2026-01-03 16:32:29,284 - INFO - [The Guardian] Early skip: URL https://www.theguardian.com/world/2025/dec/30/saudi-arabia-uae-tension-future-yemen-boiling-point already exists.
2026-01-03 16:32:29,416 - INFO - [Times of India] Article: https://timesofindia.indiatimes.com/world/us/we-want-our-oil-back-donald-trumps-old-video-resurfaces-as-us-strikes-venezuela/articleshow/126323553.cms
2026-01-03 16:32:29,417 - INFO - [Times of India] Attempt 1/1: Trying with 'selenium_browser' strategy...
2026-01-03 16:32:29,417 - INFO - [The Hindu] Article: https://www.thehindu.com/news/national/west-bengal/west-bengal-sir-cases-of-logical-discrepancies-in-progeny-mapping-come-down-to-95-lakh/article70468458.ece
2026-01-03 16:32:29,418 - INFO - [The Hindu] Attempt 1/1: Trying with 'selenium_browser' strategy...
2026-01-03 16:32:29,418 - INFO - [The Guardian] Early skip: URL https://www.theguardian.com/world/live/2026/jan/03/caracas-explosions-venezuela-maduro-latest-news-updates-live already exists.
2026-01-03 16:32:29,576 - INFO - [The Guardian] Article: https://www.theguardian.com/us-news/2026/jan/03/us-politicians-reaction-capture-venezuelan-president-maduro
2026-01-03 16:32:29,576 - INFO - [The Guardian] Attempt 1/1: Trying with 'requests_browser' strategy...
2026-01-03 16:32:29,609 - INFO - [The Guardian] Success with 'requests_browser'. Found content (820 words).
2026-01-03 16:32:34,945 - INFO - [The Hindu] Page content loaded.
2026-01-03 16:32:35,144 - INFO - [The Hindu] Success with 'selenium_browser'. Found content (348 words).
2026-01-03 16:32:49,449 - ERROR - [Times of India] Request failed for strategy 'selenium_browser' on URL https://timesofindia.indiatimes.com/world/us/we-want-our-oil-back-donald-trumps-old-video-resurfaces-as-us-strikes-venezuela/articleshow/126323553.cms: Message: timeout: Timed out receiving message from renderer: 19.564
  (Session info: chrome=143.0.7499.109)
Stacktrace:
#0 0x55ea2ee9761a <unknown>
#1 0x55ea2e91420b <unknown>
#2 0x55ea2e8fc2aa <unknown>
#3 0x55ea2e8fbf8d <unknown>
#4 0x55ea2e8f9e47 <unknown>
#5 0x55ea2e8fa75f <unknown>
#6 0x55ea2e908f20 <unknown>
#7 0x55ea2e9225e7 <unknown>
#8 0x55ea2e928c9b <unknown>
#9 0x55ea2e8fae88 <unknown>
#10 0x55ea2e922356 <unknown>
#11 0x55ea2e9b1580 <unknown>
#12 0x55ea2e958232 <unknown>
#13 0x55ea2e958ee1 <unknown>
#14 0x55ea2ee603f9 <unknown>
#15 0x55ea2ee6334d <unknown>
#16 0x55ea2ee49122 <unknown>
#17 0x55ea2ee63f2b <unknown>
#18 0x55ea2ee2fc30 <unknown>
#19 0x55ea2ee84d78 <unknown>
#20 0x55ea2ee84f4c <unknown>
#21 0x55ea2ee96973 <unknown>
#22 0x7fa63949caa4 <unknown>
#23 0x7fa639529c6c <unknown>

2026-01-03 16:32:49,449 - ERROR - [Times of India] All scrape strategies failed for https://timesofindia.indiatimes.com/world/us/we-want-our-oil-back-donald-trumps-old-video-resurfaces-as-us-strikes-venezuela/articleshow/126323553.cms. Falling back to RSS description.
2026-01-03 16:32:49,449 - WARNING - SKIPPED (GLOBAL WORD LIMIT): Article '‘We want our oil back’: Donald Trump's old video resurfaces as US strikes Venezuela' from Times of India has only 56 words (Min: 90).
2026-01-03 16:33:32,166 - INFO - DEDUPLICATION: Found match (Score: 0.79). Linking to Cluster ID: 9a5e444c-5b8b-480a-8481-42b48981765b
2026-01-03 16:33:32,171 - INFO - Saved article: US politicians react to capture of Venezuelan president Nicolás Maduro | US foreign policy | The Guardian from The Guardian (820 words)
2026-01-03 16:33:32,171 - INFO - [BBC] Early skip: URL https://www.bbc.com/news/articles/cjdjl303zxlo?at_medium=RSS&at_campaign=rss already exists.
2026-01-03 16:34:22,674 - INFO - Saved article: West Bengal SIR: Cases of ‘logical discrepancies’ in progeny mapping come down to 95 lakh - The Hindu from The Hindu (348 words)
2026-01-03 16:34:22,675 - INFO - [Times of India] Article: https://timesofindia.indiatimes.com/business/international-business/from-ankur-jain-to-nikhil-kamath-meet-four-indian-origin-billionaires-who-made-it-to-forbes-40-under-40/articleshow/126324256.cms
2026-01-03 16:34:22,675 - INFO - [Times of India] Attempt 1/1: Trying with 'selenium_browser' strategy...
2026-01-03 16:34:22,676 - INFO - [BBC] Early skip: URL https://www.bbc.com/news/articles/c2057md3gvro?at_medium=RSS&at_campaign=rss already exists.
2026-01-03 16:34:22,858 - INFO - [The Guardian] Early skip: URL https://www.theguardian.com/world/2026/jan/03/venezuela-attack-what-we-know-so-far-as-trump-claims-maduro-captured already exists.
2026-01-03 16:34:23,117 - INFO - [BBC] Early skip: URL https://www.bbc.com/news/articles/cx2lnk3486xo?at_medium=RSS&at_campaign=rss already exists.
2026-01-03 16:34:23,226 - INFO - [The Guardian] Early skip: URL https://www.theguardian.com/world/2026/jan/03/why-trump-us-attacked-caracas-captured-venezuela-president-nicolas-maduro already exists.
2026-01-03 16:34:23,338 - INFO - [BBC] Early skip: URL https://www.bbc.com/news/articles/cj3vmekg7ddo?at_medium=RSS&at_campaign=rss already exists.
2026-01-03 16:34:23,618 - INFO - [The Hindu] Article: https://www.thehindu.com/news/national/tripura/security-heightened-along-bangladesh-border-in-tripura/article70468248.ece
2026-01-03 16:34:23,618 - INFO - [The Hindu] Attempt 1/1: Trying with 'selenium_browser' strategy...
2026-01-03 16:34:23,619 - INFO - [The Guardian] Early skip: URL https://www.theguardian.com/world/2026/jan/03/putin-russia-us-foreign-policy-venezuela already exists.
2026-01-03 16:34:23,897 - INFO - [The Guardian] Early skip: URL https://www.theguardian.com/world/2026/jan/02/kim-jong-un-daughter-ju-ae-north-korean-ruler-speculation already exists.
2026-01-03 16:34:24,196 - INFO - [BBC] Early skip: URL https://www.bbc.com/news/articles/cjrz34qdr9no?at_medium=RSS&at_campaign=rss already exists.
2026-01-03 16:34:24,201 - INFO - [Times of India] Page content loaded.
2026-01-03 16:34:24,354 - INFO - [Times of India] Success with 'selenium_browser'. Found content (377 words).
2026-01-03 16:34:24,439 - INFO - [The Guardian] Early skip: URL https://www.theguardian.com/music/2026/jan/01/newjeans-member-danielle-sued-for-millions-after-bitter-feud-with-k-pop-record-label already exists.
2026-01-03 16:34:24,740 - INFO - [BBC] Article: https://www.bbc.com/news/articles/c1ev7ly35neo?at_medium=RSS&at_campaign=rss
2026-01-03 16:34:24,741 - INFO - [BBC] Attempt 1/1: Trying with 'requests_browser' strategy...
2026-01-03 16:34:24,914 - INFO - [BBC] Success with 'requests_browser'. Found content (317 words).
2026-01-03 16:34:30,571 - INFO - [The Hindu] Page content loaded.
2026-01-03 16:34:31,091 - INFO - [The Hindu] Success with 'selenium_browser'. Found content (280 words).
2026-01-03 16:35:20,624 - INFO - Saved article: From Ankur Jain to Nikhil Kamath: Meet four Indian-origin billionaires who made it to 'Forbes 40 under 40' - The Times of India from Times of India (377 words)
2026-01-03 16:35:20,624 - INFO - [The Guardian] Early skip: URL https://www.theguardian.com/world/2025/dec/31/xi-jinping-vows-reunification-china-taiwan-new-years-eve-speech already exists.
2026-01-03 16:36:12,359 - INFO - DEDUPLICATION: Found match (Score: 0.93). Linking to Cluster ID: d12503ce-4b8c-4bcb-8e83-e25fe94c3a73
2026-01-03 16:36:12,362 - INFO - Saved article: BBC reaches agreement with Israeli family for filming in home after 7 October without consent from BBC (317 words)
2026-01-03 16:36:43,917 - CRITICAL - --- TIMEOUT: 4 scrape jobs did not complete in 300s. ---
2026-01-03 16:36:43,917 - ERROR - A thread has timed out and will be abandoned.
2026-01-03 16:36:43,917 - ERROR - A thread has timed out and will be abandoned.
2026-01-03 16:36:43,917 - ERROR - A thread has timed out and will be abandoned.
2026-01-03 16:36:43,917 - ERROR - A thread has timed out and will be abandoned.
2026-01-03 16:36:43,917 - INFO - Shutting down thread pool (wait=False)...
2026-01-03 16:36:43,918 - INFO - Scraped: 4 Timed_Out_Jobs articles. (Total saved: 0)
2026-01-03 16:36:43,918 - INFO - --- Scraping job finished ---
2026-01-03 16:36:43,918 - INFO - --- Scraper service stopped and database connection closed. ---
2026-01-03 16:36:43,918 - INFO - --- Main thread finished. Forcing process exit to kill zombie threads. ---
