2025-12-23 20:28:57,287 - INFO - Loading AI Semantic Model (all-MiniLM-L6-v2)...
2025-12-23 20:28:57,288 - INFO - Use pytorch device_name: cpu
2025-12-23 20:28:57,288 - INFO - Load pretrained SentenceTransformer: all-MiniLM-L6-v2
2025-12-23 20:28:57,835 - INFO - AI Model loaded successfully.
2025-12-23 20:28:57,836 - INFO - --- Scraper service started (CI Mode: Run Once) ---
2025-12-23 20:28:57,836 - INFO - --- Starting new scraping job (Parallel Mode) ---
2025-12-23 20:28:57,836 - INFO - Creating new robust session with 3 retries on 5xx/connection/read errors.
2025-12-23 20:28:57,836 - INFO - Proxy is DISABLED.
2025-12-23 20:28:57,836 - INFO - Starting scrape for BBC RSS feed: http://feeds.bbci.co.uk/news/world/rss.xml
2025-12-23 20:28:57,837 - INFO - [Times of India] (Thread) requires Selenium. Initializing driver...
2025-12-23 20:28:57,838 - INFO - Starting scrape for The Guardian RSS feed: https://www.theguardian.com/world/rss
2025-12-23 20:28:57,839 - INFO - [The Hindu] (Thread) requires Selenium. Initializing driver...
2025-12-23 20:28:57,839 - INFO - Submitted 4 jobs to thread pool. Waiting up to 300s for completion...
2025-12-23 20:28:57,993 - INFO - Found 45 articles in The Guardian RSS feed. Processing up to 30.
2025-12-23 20:28:57,993 - INFO - [The Guardian] Early skip: URL https://www.theguardian.com/world/2025/dec/22/freed-nigerian-schoolchildren-set-to-be-reunited-with-families already exists.
2025-12-23 20:28:58,156 - INFO - [The Guardian] Early skip: URL https://www.theguardian.com/world/2025/dec/21/more-kidnapped-schoolchildren-freed-in-nigeria already exists.
2025-12-23 20:28:58,251 - INFO - Found 22 articles in BBC RSS feed. Processing up to 30.
2025-12-23 20:28:58,291 - INFO - [BBC] Article: https://www.bbc.com/news/articles/c74xgp81pqgo?at_medium=RSS&at_campaign=rss
2025-12-23 20:28:58,291 - INFO - [BBC] Attempt 1/1: Trying with 'requests_browser' strategy...
2025-12-23 20:28:58,292 - INFO - [The Guardian] Early skip: URL https://www.theguardian.com/uk-news/2025/dec/21/manchester-museum-uncover-hidden-histories-africa-hub already exists.
2025-12-23 20:28:58,407 - INFO - [The Guardian] Early skip: URL https://www.theguardian.com/global-development/2025/dec/21/sweden-and-germany-slash-aid-budgets-to-focus-on-ukraine-and-defence-spending already exists.
2025-12-23 20:28:58,687 - INFO - [The Guardian] Early skip: URL https://www.theguardian.com/world/2025/dec/21/gunmen-johannesburg-township-in-south-africas-second-mass-shooting-within-weeks already exists.
2025-12-23 20:28:58,688 - INFO - [BBC] Success with 'requests_browser'. Found content (714 words).
2025-12-23 20:29:03,433 - INFO - Selenium driver initialized successfully.
2025-12-23 20:29:03,434 - INFO - Starting scrape for Times of India RSS feed: https://timesofindia.indiatimes.com/rssfeeds/296589292.cms
2025-12-23 20:29:03,436 - INFO - Selenium driver initialized successfully.
2025-12-23 20:29:03,436 - INFO - Starting scrape for The Hindu RSS feed: https://www.thehindu.com/news/national/feeder/default.rss
2025-12-23 20:29:03,653 - INFO - Found 100 articles in The Hindu RSS feed. Processing up to 30.
2025-12-23 20:29:03,723 - INFO - Found 20 articles in Times of India RSS feed. Processing up to 30.
2025-12-23 20:29:43,156 - INFO - DEDUPLICATION: Found match (Score: 0.82). Linking to Cluster ID: 8c110b7c-3d70-486d-9356-28d6487e274c
2025-12-23 20:29:43,158 - INFO - Saved article: Donald Trump travelled on Epstein's plane more than previously thought, prosecutor says from BBC (714 words)
2025-12-23 20:29:43,158 - INFO - [The Guardian] Early skip: URL https://www.theguardian.com/world/2025/dec/23/brazil-jair-bolsonaro-eduardo-havaianas-television-ad-fernanda-torres already exists.
2025-12-23 20:29:43,277 - INFO - [The Hindu] Article: https://www.thehindu.com/opinion/op-ed/it-is-time-to-put-apprehensions-over-sir-to-rest/article70429852.ece
2025-12-23 20:29:43,277 - INFO - [The Hindu] Attempt 1/1: Trying with 'selenium_browser' strategy...
2025-12-23 20:29:43,278 - INFO - [Times of India] Article: https://timesofindia.indiatimes.com/world/us/my-dad-had-to-shave-his-beard-zohran-mamdanis-wife-rama-duwaji-recalls-how-9/11-changed-her-childhood/articleshow/126147861.cms
2025-12-23 20:29:43,278 - INFO - [Times of India] Attempt 1/1: Trying with 'selenium_browser' strategy...
2025-12-23 20:29:43,278 - INFO - [The Guardian] Early skip: URL https://www.theguardian.com/world/2025/dec/23/canada-bill-refugees already exists.
2025-12-23 20:29:43,404 - INFO - [The Guardian] Early skip: URL https://www.theguardian.com/us-news/2025/dec/23/us-trump-administration-signs-security-deals-across-latin-america already exists.
2025-12-23 20:29:43,569 - INFO - [The Guardian] Early skip: URL https://www.theguardian.com/media/2025/dec/23/60-minutes-cecot-appears-online already exists.
2025-12-23 20:29:43,786 - INFO - [BBC] Early skip: URL https://www.bbc.com/news/articles/cr4d99p63y4o?at_medium=RSS&at_campaign=rss already exists.
2025-12-23 20:29:44,036 - INFO - [The Guardian] Early skip: URL https://www.theguardian.com/world/2025/dec/23/russia-china-support-venezuela-trump-pressure-maduro already exists.
2025-12-23 20:29:44,253 - INFO - [BBC] Article: https://www.bbc.com/news/articles/cyvgzyepdqno?at_medium=RSS&at_campaign=rss
2025-12-23 20:29:44,253 - INFO - [BBC] Attempt 1/1: Trying with 'requests_browser' strategy...
2025-12-23 20:29:44,255 - INFO - [The Guardian] Early skip: URL https://www.theguardian.com/world/2025/dec/23/christians-pastors-arrested-detained-china-crackdown-house-churches already exists.
2025-12-23 20:29:44,297 - INFO - [BBC] Success with 'requests_browser'. Found content (98 words).
2025-12-23 20:29:44,384 - INFO - [The Guardian] Early skip: URL https://www.theguardian.com/business/2025/dec/22/china-hits-eu-dairy-industry-with-tariffs already exists.
2025-12-23 20:29:49,411 - INFO - [The Hindu] Page content loaded.
2025-12-23 20:29:49,517 - INFO - [The Hindu] Success with 'selenium_browser'. Found content (736 words).
2025-12-23 20:30:53,106 - INFO - Saved article: Libya's army chief killed in air crash from BBC (98 words)
2025-12-23 20:30:53,106 - INFO - [The Guardian] Early skip: URL https://www.theguardian.com/world/2025/dec/22/jeju-air-crash-independent-inquiry-south-korea already exists.
2025-12-23 20:31:43,379 - ERROR - [Times of India] Request failed for strategy 'selenium_browser' on URL https://timesofindia.indiatimes.com/world/us/my-dad-had-to-shave-his-beard-zohran-mamdanis-wife-rama-duwaji-recalls-how-9/11-changed-her-childhood/articleshow/126147861.cms: HTTPConnectionPool(host='localhost', port=48865): Read timed out. (read timeout=120)
2025-12-23 20:31:43,379 - ERROR - [Times of India] All scrape strategies failed for https://timesofindia.indiatimes.com/world/us/my-dad-had-to-shave-his-beard-zohran-mamdanis-wife-rama-duwaji-recalls-how-9/11-changed-her-childhood/articleshow/126147861.cms. Falling back to RSS description.
2025-12-23 20:31:43,379 - WARNING - SKIPPED (GLOBAL WORD LIMIT): Article '"My dad had to shave his beard": Zohran Mamdani's wife Rama Duwaji recalls how 9/11 changed her childhood' from Times of India has only 57 words (Min: 90).
2025-12-23 20:31:44,091 - INFO - DEDUPLICATION: Found match (Score: 0.78). Linking to Cluster ID: bb76f948-c22f-4339-a844-3dc7d19c5414
2025-12-23 20:31:44,094 - INFO - Saved article: It is time to put apprehensions over SIR to rest - The Hindu from The Hindu (736 words)
2025-12-23 20:31:44,095 - INFO - [The Guardian] Early skip: URL https://www.theguardian.com/world/2025/dec/22/new-zealand-christchurch-spoof-absurdist-road-signs already exists.
2025-12-23 20:31:44,258 - INFO - [BBC] Early skip: URL https://www.bbc.com/news/articles/c62n9ynzrdpo?at_medium=RSS&at_campaign=rss already exists.
2025-12-23 20:31:44,484 - INFO - [The Guardian] Early skip: URL https://www.theguardian.com/environment/2025/dec/21/takahe-chick-rare-born-new-zealand already exists.
2025-12-23 20:31:44,736 - INFO - [Times of India] Article: https://timesofindia.indiatimes.com/world/europe/indian-passport-no-longer-adds-value-to-my-life-tech-educator-frustrated-over-visa-hurdles/articleshow/126147854.cms
2025-12-23 20:31:44,736 - INFO - [Times of India] Attempt 1/1: Trying with 'selenium_browser' strategy...
2025-12-23 20:31:44,736 - INFO - [BBC] Early skip: URL https://www.bbc.com/news/articles/c87lnn09yj8o?at_medium=RSS&at_campaign=rss already exists.
2025-12-23 20:31:44,862 - INFO - [The Guardian] Article: https://www.theguardian.com/australia-news/live/2025/dec/24/nsw-gun-and-protest-laws-bondi-terror-attack-hate-crime-database-anthony-albanese-sussan-ley-chris-minns-labor-coalition-ntwnfb
2025-12-23 20:31:44,863 - INFO - [The Guardian] Attempt 1/1: Trying with 'requests_browser' strategy...
2025-12-23 20:31:44,864 - INFO - [BBC] Early skip: URL https://www.bbc.com/news/articles/cd0kxrr2jyko?at_medium=RSS&at_campaign=rss already exists.
2025-12-23 20:31:45,084 - INFO - [The Guardian] Success with 'requests_browser'. Found content (1458 words).
2025-12-23 20:31:45,129 - INFO - [BBC] Early skip: URL https://www.bbc.com/news/articles/czj0ll7ppewo?at_medium=RSS&at_campaign=rss already exists.
2025-12-23 20:32:37,911 - INFO - Saved article: Australia news live: NSW upper house passes gun and protest law; database to log all hate crime charges | Australia news | The Guardian from The Guardian (1458 words)
2025-12-23 20:32:37,911 - INFO - [The Hindu] Article: https://www.thehindu.com/news/national/kerala/deepthy-mary-varghese-voices-displeasure-over-being-overlooked-for-mayors-post/article70430237.ece
2025-12-23 20:32:37,912 - INFO - [The Hindu] Attempt 1/1: Trying with 'selenium_browser' strategy...
2025-12-23 20:32:37,912 - INFO - [BBC] Early skip: URL https://www.bbc.com/news/articles/cjdr4vx4n8ro?at_medium=RSS&at_campaign=rss already exists.
2025-12-23 20:32:38,028 - INFO - [BBC] Early skip: URL https://www.bbc.com/news/articles/c1lr1yvqge5o?at_medium=RSS&at_campaign=rss already exists.
2025-12-23 20:32:38,312 - INFO - [BBC] Early skip: URL https://www.bbc.com/news/articles/c2k47wg2j90o?at_medium=RSS&at_campaign=rss already exists.
2025-12-23 20:32:38,586 - INFO - [BBC] Early skip: URL https://www.bbc.com/news/articles/cx2gk56pd5eo?at_medium=RSS&at_campaign=rss already exists.
2025-12-23 20:32:38,743 - INFO - [BBC] Early skip: URL https://www.bbc.com/news/articles/c2084nq2npjo?at_medium=RSS&at_campaign=rss already exists.
2025-12-23 20:32:38,877 - INFO - [The Guardian] Early skip: URL https://www.theguardian.com/australia-news/2025/dec/23/nsw-passes-controversial-new-gun-and-protest-laws-in-wake-of-bondi-attacks-after-marathon-debate-ntwnfb already exists.
2025-12-23 20:32:39,087 - INFO - [BBC] Early skip: URL https://www.bbc.com/news/articles/cy95w0x9889o?at_medium=RSS&at_campaign=rss already exists.
2025-12-23 20:32:39,298 - INFO - [The Guardian] Early skip: URL https://www.theguardian.com/australia-news/2025/dec/23/labors-changes-to-listing-hate-groups-will-target-islamist-and-far-right-extremists-operating-just-inside-the-limits-of-law-ntwnfb already exists.
2025-12-23 20:32:39,389 - INFO - [The Hindu] Page content loaded.
2025-12-23 20:32:39,481 - INFO - [The Guardian] Early skip: URL https://www.theguardian.com/australia-news/live/2025/dec/23/bondi-terror-attacks-response-nsw-law-changes-gun-law-reform-protest-restrictions-chris-minns-anthony-albanese-labr-sussan-ley-coalition-ntwnfb already exists.
2025-12-23 20:32:39,523 - INFO - [The Hindu] Success with 'selenium_browser'. Found content (379 words).
2025-12-23 20:32:39,647 - INFO - [BBC] Early skip: URL https://www.bbc.com/news/articles/c2084n1pyvdo?at_medium=RSS&at_campaign=rss already exists.
2025-12-23 20:33:28,250 - INFO - DEDUPLICATION: Found match (Score: 0.81). Linking to Cluster ID: 01587326-1296-4ec2-b252-4256690c4791
2025-12-23 20:33:28,252 - INFO - Saved article: Deepthy Mary Varghese voices displeasure over being overlooked for Mayor’s post - The Hindu from The Hindu (379 words)
2025-12-23 20:33:28,252 - INFO - [The Guardian] Early skip: URL https://www.theguardian.com/australia-news/2025/dec/23/arsonist-jailed-for-killing-of-young-sydney-teen-during-his-first-sleepover-in-1998-ntwnfb already exists.
2025-12-23 20:33:28,387 - INFO - [BBC] Early skip: URL https://www.bbc.com/news/articles/c1lr980vvjpo?at_medium=RSS&at_campaign=rss already exists.
2025-12-23 20:33:28,638 - INFO - [The Guardian] Early skip: URL https://www.theguardian.com/world/2025/dec/23/ukrainian-cities-lose-power-in-winter-weather-after-russian-attacks already exists.
2025-12-23 20:33:28,741 - INFO - [BBC] Early skip: URL https://www.bbc.com/news/articles/cp8zd176516o?at_medium=RSS&at_campaign=rss already exists.
2025-12-23 20:33:28,962 - INFO - [The Guardian] Early skip: URL https://www.theguardian.com/business/2025/dec/23/ryanair-fined-limit-online-travel-agencies-ticket-sales-ota already exists.
2025-12-23 20:33:29,118 - INFO - [The Hindu] Article: https://www.thehindu.com/news/national/maharashtra/maharashtra-local-body-results-boosts-mahayuti-raises-new-questions-for-mva/article70431379.ece
2025-12-23 20:33:29,119 - INFO - [The Hindu] Attempt 1/1: Trying with 'selenium_browser' strategy...
2025-12-23 20:33:29,119 - INFO - [BBC] Early skip: URL https://www.bbc.com/news/articles/c93nwrzgypqo?at_medium=RSS&at_campaign=rss already exists.
2025-12-23 20:33:29,316 - INFO - [The Guardian] Early skip: URL https://www.theguardian.com/world/2025/dec/23/biography-russian-telegram-founder-pavel-durov already exists.
2025-12-23 20:33:29,482 - INFO - [BBC] Early skip: URL https://www.bbc.com/news/videos/ce3w4x2v0xko?at_medium=RSS&at_campaign=rss already exists.
2025-12-23 20:33:29,591 - INFO - [BBC] Early skip: URL https://www.bbc.com/news/videos/cwywe5zw384o?at_medium=RSS&at_campaign=rss already exists.
2025-12-23 20:33:29,870 - INFO - [The Guardian] Early skip: URL https://www.theguardian.com/politics/2025/dec/22/keir-starmer-told-closer-eu-trade-ties-strategic-necessity-for-uk-firms already exists.
2025-12-23 20:33:30,054 - INFO - [BBC] Early skip: URL https://www.bbc.com/news/videos/cn7kpnjnmklo?at_medium=RSS&at_campaign=rss already exists.
2025-12-23 20:33:30,058 - INFO - [The Hindu] Page content loaded.
2025-12-23 20:33:30,147 - INFO - [The Hindu] Success with 'selenium_browser'. Found content (523 words).
2025-12-23 20:33:30,220 - INFO - [BBC] Article: https://www.bbc.com/news/videos/cj01pdve7rpo?at_medium=RSS&at_campaign=rss
2025-12-23 20:33:30,220 - INFO - [BBC] Attempt 1/1: Trying with 'requests_browser' strategy...
2025-12-23 20:33:30,225 - INFO - [The Guardian] Early skip: URL https://www.theguardian.com/world/2025/dec/22/russian-general-fanil-sarvarov-killed-car-bomb-moscow-investigators-say already exists.
2025-12-23 20:33:30,325 - WARNING - [BBC] FAILED with 'requests_browser' (content was too short: 80 words).
2025-12-23 20:33:30,325 - ERROR - [BBC] All scrape strategies failed for https://www.bbc.com/news/videos/cj01pdve7rpo?at_medium=RSS&at_campaign=rss. Falling back to RSS description.
2025-12-23 20:33:30,325 - WARNING - SKIPPED (GLOBAL WORD LIMIT): Article 'Putin tells BBC Western leaders deceived Russia' from BBC has only 21 words (Min: 90).
2025-12-23 20:33:44,837 - ERROR - [Times of India] Request failed for strategy 'selenium_browser' on URL https://timesofindia.indiatimes.com/world/europe/indian-passport-no-longer-adds-value-to-my-life-tech-educator-frustrated-over-visa-hurdles/articleshow/126147854.cms: HTTPConnectionPool(host='localhost', port=48865): Read timed out. (read timeout=120)
2025-12-23 20:33:44,837 - ERROR - [Times of India] All scrape strategies failed for https://timesofindia.indiatimes.com/world/europe/indian-passport-no-longer-adds-value-to-my-life-tech-educator-frustrated-over-visa-hurdles/articleshow/126147854.cms. Falling back to RSS description.
2025-12-23 20:33:44,837 - WARNING - SKIPPED (GLOBAL WORD LIMIT): Article '‘Indian passport no longer adds value to my life’: Tech educator frustrated over visa hurdles' from Times of India has only 52 words (Min: 90).
2025-12-23 20:33:57,840 - CRITICAL - --- TIMEOUT: 4 scrape jobs did not complete in 300s. ---
2025-12-23 20:33:57,840 - ERROR - A thread has timed out and will be abandoned.
2025-12-23 20:33:57,840 - ERROR - A thread has timed out and will be abandoned.
2025-12-23 20:33:57,840 - ERROR - A thread has timed out and will be abandoned.
2025-12-23 20:33:57,840 - ERROR - A thread has timed out and will be abandoned.
2025-12-23 20:33:57,840 - INFO - Shutting down thread pool (wait=False)...
2025-12-23 20:33:57,840 - INFO - Scraped: 4 Timed_Out_Jobs articles. (Total saved: 0)
2025-12-23 20:33:57,840 - INFO - --- Scraping job finished ---
2025-12-23 20:33:57,840 - INFO - --- Scraper service stopped and database connection closed. ---
2025-12-23 20:33:57,840 - INFO - --- Main thread finished. Forcing process exit to kill zombie threads. ---
