2026-03-07 06:04:30,096 - INFO - Loading AI Semantic Model (all-MiniLM-L4-v2)...
2026-03-07 06:04:30,097 - INFO - Use pytorch device_name: cpu
2026-03-07 06:04:30,097 - INFO - Load pretrained SentenceTransformer: all-MiniLM-L4-v2
2026-03-07 06:04:30,216 - INFO - HTTP Request: HEAD https://huggingface.co/sentence-transformers/all-MiniLM-L4-v2/resolve/main/modules.json "HTTP/1.1 401 Unauthorized"
2026-03-07 06:04:30,216 - WARNING - No sentence-transformers model found with name sentence-transformers/all-MiniLM-L4-v2. Creating a new one with mean pooling.
2026-03-07 06:04:30,245 - INFO - HTTP Request: HEAD https://huggingface.co/sentence-transformers/all-MiniLM-L4-v2/resolve/main/adapter_config.json "HTTP/1.1 401 Unauthorized"
2026-03-07 06:04:30,245 - CRITICAL - Failed to load AI model: sentence-transformers/all-MiniLM-L4-v2 is not a local folder and is not a valid model identifier listed on 'https://huggingface.co/models'
If this is a private repository, make sure to pass a token having permission to this repo either by logging in with `hf auth login` or by passing `token=<your_token>`. Clustering is disabled.
2026-03-07 06:04:30,246 - INFO - --- Scraper service started (CI Mode: Run Once) ---
2026-03-07 06:04:30,246 - INFO - --- Starting new scraping job (Parallel Mode) ---
2026-03-07 06:04:30,246 - INFO - Creating new robust session with 3 retries on 5xx/connection/read errors.
2026-03-07 06:04:30,246 - INFO - Proxy is DISABLED.
2026-03-07 06:04:30,246 - INFO - Starting scrape for BBC RSS feed: http://feeds.bbci.co.uk/news/world/rss.xml
2026-03-07 06:04:30,247 - INFO - [Times of India] (Thread) requires Selenium. Initializing driver...
2026-03-07 06:04:30,247 - INFO - Starting scrape for TechCrunch RSS feed: https://techcrunch.com/feed/
2026-03-07 06:04:30,251 - INFO - Starting scrape for The Guardian RSS feed: https://www.theguardian.com/world/rss
2026-03-07 06:04:30,252 - INFO - [The Hindu] (Thread) requires Selenium. Initializing driver...
2026-03-07 06:04:30,252 - INFO - Submitted 5 jobs to thread pool. Waiting up to 300s for completion...
2026-03-07 06:04:30,478 - INFO - Found 45 articles in The Guardian RSS feed. Processing until 20 new articles are saved.
2026-03-07 06:04:30,479 - INFO - [The Guardian] Early skip: URL https://www.theguardian.com/global-development/2026/mar/06/generic-drugs-weight-loss-semaglutide-ozempic-wegovy-diabetes-obesity-study already exists.
2026-03-07 06:04:30,480 - INFO - [The Guardian] Early skip: URL https://www.theguardian.com/world/2026/mar/05/three-men-deported-us-eswatini-legal-case-detention already exists.
2026-03-07 06:04:30,481 - INFO - [The Guardian] Early skip: URL https://www.theguardian.com/world/2026/mar/05/south-africa-president-cyril-ramaphosa-calls-donald-trump-policy-white-afrikaners-racist already exists.
2026-03-07 06:04:30,483 - INFO - [The Guardian] Early skip: URL https://www.theguardian.com/sport/2026/mar/05/lewis-hamilton-race-africa-grand-prix-retiring-formula-one-colonial already exists.
2026-03-07 06:04:30,484 - INFO - [The Guardian] Early skip: URL https://www.theguardian.com/world/2026/mar/03/south-sudan-risks-return-civil-war-violence-escalates already exists.
2026-03-07 06:04:30,485 - INFO - [The Guardian] Early skip: URL https://www.theguardian.com/global-development/2026/mar/06/peruvian-state-responsible-for-mothers-death-in-forced-sterilisation-court-rules already exists.
2026-03-07 06:04:30,486 - INFO - [The Guardian] Early skip: URL https://www.theguardian.com/world/2026/mar/06/missing-iranian-canada-masood-masjoody already exists.
2026-03-07 06:04:30,487 - INFO - [The Guardian] Early skip: URL https://www.theguardian.com/world/2026/mar/06/iran-venezuela-trump-regime-capture already exists.
2026-03-07 06:04:30,489 - INFO - [The Guardian] Early skip: URL https://www.theguardian.com/us-news/2026/mar/06/us-venezuela-diplomatic-ties-relations-delcy-rodriguez already exists.
2026-03-07 06:04:30,490 - INFO - [The Guardian] Early skip: URL https://www.theguardian.com/us-news/2026/mar/05/hegseth-latin-america-drug-cartels already exists.
2026-03-07 06:04:30,491 - INFO - [The Guardian] Early skip: URL https://www.theguardian.com/technology/2026/mar/06/indonesia-social-media-ban-children already exists.
2026-03-07 06:04:30,492 - INFO - [The Guardian] Early skip: URL https://www.theguardian.com/world/2026/mar/06/philippines-orders-energy-cuts-middle-east-war-fuel-prices already exists.
2026-03-07 06:04:30,494 - INFO - [The Guardian] Early skip: URL https://www.theguardian.com/world/2026/mar/06/jimmy-lai-will-not-appeal-conviction-paving-way-for-political-neogtiations-over-release already exists.
2026-03-07 06:04:30,495 - INFO - [The Guardian] Early skip: URL https://www.theguardian.com/world/2026/mar/05/vanuatu-un-climate-crisis-trump already exists.
2026-03-07 06:04:30,496 - INFO - [The Guardian] Early skip: URL https://www.theguardian.com/business/2026/mar/05/oil-price-continues-to-rise-amid-middle-east-crisis-but-stock-markets-rebound-across-asia already exists.
2026-03-07 06:04:30,500 - INFO - [The Guardian] Early skip: URL https://www.theguardian.com/world/2026/mar/07/canadian-pm-mark-carney-says-former-prince-andrew-should-be-removed-from-royal-line-of-succession already exists.
2026-03-07 06:04:30,501 - INFO - [The Guardian] Early skip: URL https://www.theguardian.com/business/2026/mar/06/investors-are-expecting-donald-trump-to-back-down-in-the-war-with-iran-but-what-if-he-doesnt already exists.
2026-03-07 06:04:30,502 - INFO - [The Guardian] Early skip: URL https://www.theguardian.com/australia-news/2026/mar/06/australian-liberal-party-gender-quotas already exists.
2026-03-07 06:04:30,503 - INFO - [The Guardian] Early skip: URL https://www.theguardian.com/australia-news/2026/mar/07/jillian-segals-office-hand-picked-candidate-to-assess-controversial-university-antisemitism-report-card already exists.
2026-03-07 06:04:30,505 - INFO - [The Guardian] Early skip: URL https://www.theguardian.com/media/2026/mar/06/jackie-o-statement-quit-resign-kyle-sandilands-kiis-fm-radio-hosts-ntwnfb already exists.
2026-03-07 06:04:30,506 - INFO - [The Guardian] Early skip: URL https://www.theguardian.com/world/2026/mar/06/revealed-the-ukrainian-facility-where-uk-engineers-help-fix-vital-weapons already exists.
2026-03-07 06:04:30,507 - INFO - [The Guardian] Early skip: URL https://www.theguardian.com/world/2026/mar/06/cyprus-raises-doubts-about-future-of-british-bases-on-island-after-drone-strike already exists.
2026-03-07 06:04:30,508 - INFO - [The Guardian] Early skip: URL https://www.theguardian.com/media/2026/mar/06/german-twist-in-the-telegraph-tale-shatters-lord-rothermeres-dreams already exists.
2026-03-07 06:04:30,509 - INFO - [The Guardian] Early skip: URL https://www.theguardian.com/world/live/2026/mar/06/ukraine-russia-hungary-orban-zelenskyy-putin-middle-east-iran-cyprus-europe-latest-news-updates already exists.
2026-03-07 06:04:30,511 - INFO - [The Guardian] Early skip: URL https://www.theguardian.com/world/2026/mar/06/hungary-seizes-millions-euros-cash-gold-ukrainian-convoy already exists.
2026-03-07 06:04:30,512 - INFO - [The Guardian] Early skip: URL https://www.theguardian.com/world/live/2026/mar/07/middle-east-crisis-live-tehran-explosions-beirut-trump-israel-iran-war-second-week already exists.
2026-03-07 06:04:30,513 - INFO - [The Guardian] Early skip: URL https://www.theguardian.com/world/live/2026/mar/06/iran-war-live-updates-us-temporarily-lets-india-buy-russian-oil-amid-energy-fears-israeli-military-launches-strikes-on-beirut already exists.
2026-03-07 06:04:30,514 - INFO - [The Guardian] Early skip: URL https://www.theguardian.com/business/2026/mar/07/us-considers-lifting-more-sanctions-on-russian-oil-as-iran-conflict-sees-global-prices-surge already exists.
2026-03-07 06:04:30,516 - INFO - [The Guardian] Early skip: URL https://www.theguardian.com/world/2026/mar/06/us-israel-threaten-major-escalation-airstrikes-iran-lebanon already exists.
2026-03-07 06:04:30,517 - INFO - [The Guardian] Early skip: URL https://www.theguardian.com/world/2026/mar/06/tehran-bombing-iran-night-of-terror already exists.
2026-03-07 06:04:30,518 - INFO - [The Guardian] Early skip: URL https://www.theguardian.com/world/2026/mar/05/iran-ship-sri-lanka-port-after-us-sinking-of-frigate already exists.
2026-03-07 06:04:30,520 - INFO - [The Guardian] Early skip: URL https://www.theguardian.com/world/2026/mar/05/nepal-election-2026-voting-balen-shah-sharma-oli already exists.
2026-03-07 06:04:30,521 - INFO - [The Guardian] Early skip: URL https://www.theguardian.com/world/2026/mar/04/us-submarine-torpedo-iran-warship-sri-lanka-coast-pete-hegseth already exists.
2026-03-07 06:04:30,522 - INFO - [The Guardian] Early skip: URL https://www.theguardian.com/world/2026/mar/03/nepal-gen-z-election-popular-former-rapper-balen already exists.
2026-03-07 06:04:30,523 - INFO - [The Guardian] Early skip: URL https://www.theguardian.com/world/2026/mar/02/afghanistan-pakistan-airstrikes-bagram-airbase already exists.
2026-03-07 06:04:30,525 - INFO - [The Guardian] Early skip: URL https://www.theguardian.com/uk-news/2026/mar/06/london-man-charged-manslaughter-gillian-morand-suicide already exists.
2026-03-07 06:04:30,526 - INFO - [The Guardian] Early skip: URL https://www.theguardian.com/politics/2026/mar/06/gloria-de-piero-james-robinson-police-search-labour-mp-china-spying already exists.
2026-03-07 06:04:30,527 - INFO - [The Guardian] Early skip: URL https://www.theguardian.com/uk-news/2026/mar/06/man-accused-of-natalie-mcnallys-beat-previous-partner-court-told already exists.
2026-03-07 06:04:30,528 - INFO - [The Guardian] Early skip: URL https://www.theguardian.com/world/2026/mar/06/met-interviews-three-women-mohamed-al-fayed-alleged-sexual-assaults already exists.
2026-03-07 06:04:30,530 - INFO - [The Guardian] Early skip: URL https://www.theguardian.com/music/2026/mar/06/fans-camp-out-in-manchester-for-first-harry-styles-concert-since-2023 already exists.
2026-03-07 06:04:30,531 - INFO - [The Guardian] Early skip: URL https://www.theguardian.com/us-news/2026/mar/07/pakistani-man-convicted-of-plotting-to-kill-trump-over-death-of-iranian-commander already exists.
2026-03-07 06:04:30,532 - INFO - [The Guardian] Early skip: URL https://www.theguardian.com/us-news/live/2026/mar/06/kristi-noem-democrats-ice-donald-trump-pete-hegseth-iran-middle-east-us-politics-latest-news-updates already exists.
2026-03-07 06:04:30,533 - INFO - [The Guardian] Early skip: URL https://www.theguardian.com/us-news/2026/mar/06/republican-representative-darrell-issa-california already exists.
2026-03-07 06:04:30,535 - INFO - [The Guardian] Early skip: URL https://www.theguardian.com/us-news/2026/mar/06/michigan-tornado-union-city already exists.
2026-03-07 06:04:30,537 - INFO - [The Guardian] Early skip: URL https://www.theguardian.com/us-news/2026/mar/06/colleen-hanabusa-dead-hawaii-us-representative already exists.
2026-03-07 06:04:30,545 - INFO - Found 23 articles in BBC RSS feed. Processing until 20 new articles are saved.
2026-03-07 06:04:30,545 - INFO - [BBC] Early skip: URL https://www.bbc.com/news/articles/c5yq82k1wk8o?at_medium=RSS&at_campaign=rss already exists.
2026-03-07 06:04:30,546 - INFO - [BBC] Early skip: URL https://www.bbc.com/news/articles/crrx1jgr4jjo?at_medium=RSS&at_campaign=rss already exists.
2026-03-07 06:04:30,548 - INFO - [BBC] Early skip: URL https://www.bbc.com/news/articles/c62662gzlp8o?at_medium=RSS&at_campaign=rss already exists.
2026-03-07 06:04:30,549 - INFO - [BBC] Article: https://www.bbc.com/news/articles/c5y5lqygrn7o?at_medium=RSS&at_campaign=rss
2026-03-07 06:04:30,549 - INFO - [BBC] Attempt 1/1: Trying with 'requests_browser' strategy...
2026-03-07 06:04:30,961 - INFO - [BBC] Success with 'requests_browser'. Found content (1113 words).
2026-03-07 06:04:31,012 - INFO - Saved article: We've been speaking to Iranians during one week of war. Here's what they said from BBC (1113 words)
2026-03-07 06:04:31,163 - INFO - Found 0 articles in TechCrunch RSS feed. Processing until 20 new articles are saved.
2026-03-07 06:04:32,288 - INFO - [BBC] Early skip: URL https://www.bbc.com/news/articles/cpv8xlvk3p4o?at_medium=RSS&at_campaign=rss already exists.
2026-03-07 06:04:32,289 - INFO - [BBC] Early skip: URL https://www.bbc.com/news/articles/c1d69z3p9g2o?at_medium=RSS&at_campaign=rss already exists.
2026-03-07 06:04:32,291 - INFO - [BBC] Early skip: URL https://www.bbc.com/news/articles/c5yvw0zwpd5o?at_medium=RSS&at_campaign=rss already exists.
2026-03-07 06:04:32,292 - INFO - [BBC] Early skip: URL https://www.bbc.com/news/articles/c4g55v24wrno?at_medium=RSS&at_campaign=rss already exists.
2026-03-07 06:04:32,293 - INFO - [BBC] Early skip: URL https://www.bbc.com/news/articles/cvg50168ddgo?at_medium=RSS&at_campaign=rss already exists.
2026-03-07 06:04:32,294 - INFO - [BBC] Early skip: URL https://www.bbc.com/news/articles/cd03rj7n0nro?at_medium=RSS&at_campaign=rss already exists.
2026-03-07 06:04:32,296 - INFO - [BBC] Early skip: URL https://www.bbc.com/news/articles/cy9g1l5jx90o?at_medium=RSS&at_campaign=rss already exists.
2026-03-07 06:04:32,297 - INFO - [BBC] Early skip: URL https://www.bbc.com/news/articles/cjd98091g28o?at_medium=RSS&at_campaign=rss already exists.
2026-03-07 06:04:32,298 - INFO - [BBC] Early skip: URL https://www.bbc.com/news/articles/cde4599n8zpo?at_medium=RSS&at_campaign=rss already exists.
2026-03-07 06:04:32,299 - INFO - [BBC] Early skip: URL https://www.bbc.com/news/articles/c4geelnw7w3o?at_medium=RSS&at_campaign=rss already exists.
2026-03-07 06:04:32,300 - INFO - [BBC] Early skip: URL https://www.bbc.com/news/articles/ckg8wvz427vo?at_medium=RSS&at_campaign=rss already exists.
2026-03-07 06:04:32,302 - INFO - [BBC] Early skip: URL https://www.bbc.com/news/articles/c14m5mj055jo?at_medium=RSS&at_campaign=rss already exists.
2026-03-07 06:04:32,303 - INFO - [BBC] Early skip: URL https://www.bbc.com/news/articles/c2044vzrdpzo?at_medium=RSS&at_campaign=rss already exists.
2026-03-07 06:04:32,304 - INFO - [BBC] Early skip: URL https://www.bbc.com/news/articles/cy8l1d221evo?at_medium=RSS&at_campaign=rss already exists.
2026-03-07 06:04:32,305 - INFO - [BBC] Early skip: URL https://www.bbc.com/news/articles/cyv959eyjgjo?at_medium=RSS&at_campaign=rss already exists.
2026-03-07 06:04:32,307 - INFO - [BBC] Article: https://www.bbc.com/news/videos/cg4g0gl23z4o?at_medium=RSS&at_campaign=rss
2026-03-07 06:04:32,307 - INFO - [BBC] Attempt 1/1: Trying with 'requests_browser' strategy...
2026-03-07 06:04:32,361 - WARNING - [BBC] FAILED with 'requests_browser' (content was too short: 51 words).
2026-03-07 06:04:32,362 - ERROR - [BBC] All scrape strategies failed for https://www.bbc.com/news/videos/cg4g0gl23z4o?at_medium=RSS&at_campaign=rss. Falling back to RSS description.
2026-03-07 06:04:32,362 - WARNING - SKIPPED (GLOBAL WORD LIMIT): Article 'Beirut evacuees 'sleeping in tents and cars'' from BBC has only 18 words (Min: 90).
2026-03-07 06:04:33,802 - INFO - [BBC] Article: https://www.bbc.com/news/videos/cy4w1r078x2o?at_medium=RSS&at_campaign=rss
2026-03-07 06:04:33,802 - INFO - [BBC] Attempt 1/1: Trying with 'requests_browser' strategy...
2026-03-07 06:04:33,850 - WARNING - [BBC] FAILED with 'requests_browser' (content was too short: 64 words).
2026-03-07 06:04:33,850 - ERROR - [BBC] All scrape strategies failed for https://www.bbc.com/news/videos/cy4w1r078x2o?at_medium=RSS&at_campaign=rss. Falling back to RSS description.
2026-03-07 06:04:33,850 - WARNING - SKIPPED (GLOBAL WORD LIMIT): Article 'Watch:  How war in Iran may affect food and fuel prices' from BBC has only 18 words (Min: 90).
2026-03-07 06:04:35,144 - INFO - [BBC] Early skip: URL https://www.bbc.com/news/videos/cze004wywz3o?at_medium=RSS&at_campaign=rss already exists.
2026-03-07 06:04:35,145 - INFO - [BBC] Early skip: URL https://www.bbc.com/news/videos/cy7jjnekeepo?at_medium=RSS&at_campaign=rss already exists.
2026-03-07 06:04:37,145 - INFO - Selenium driver initialized successfully.
2026-03-07 06:04:37,146 - INFO - Starting scrape for The Hindu RSS feed: https://www.thehindu.com/news/national/feeder/default.rss
2026-03-07 06:04:37,147 - INFO - Selenium driver initialized successfully.
2026-03-07 06:04:37,147 - INFO - Starting scrape for Times of India RSS feed: https://timesofindia.indiatimes.com/rssfeeds/296589292.cms
2026-03-07 06:04:37,232 - INFO - Found 100 articles in The Hindu RSS feed. Processing until 20 new articles are saved.
2026-03-07 06:04:37,232 - INFO - [The Hindu] Article: https://www.thehindu.com/news/national/cowardly-and-compromised-congress-slams-government-after-us-gave-india-permission-remark/article70714893.ece
2026-03-07 06:04:37,232 - INFO - [The Hindu] Attempt 1/1: Trying with 'selenium_browser' strategy...
2026-03-07 06:04:37,306 - INFO - Found 20 articles in Times of India RSS feed. Processing until 20 new articles are saved.
2026-03-07 06:04:37,307 - INFO - [Times of India] Article: https://timesofindia.indiatimes.com/world/middle-east/pakistans-asim-munir-meets-saudi-defence-minister-is-islamic-nato-in-play/articleshow/129197799.cms
2026-03-07 06:04:37,307 - INFO - [Times of India] Attempt 1/1: Trying with 'selenium_browser' strategy...
2026-03-07 06:04:42,243 - INFO - [The Hindu] Page content loaded.
2026-03-07 06:04:42,460 - INFO - [The Hindu] Success with 'selenium_browser'. Found content (933 words).
2026-03-07 06:04:43,238 - INFO - Saved article: 'Cowardly and compromised': Congress slams government after U.S.’ ‘gave India permission’ remark - The Hindu from The Hindu (933 words)
2026-03-07 06:04:44,640 - INFO - [The Hindu] Article: https://www.thehindu.com/sci-tech/health/breast-cancer-cases-in-india-have-more-than-doubled-in-three-decades-experts-say/article70714835.ece
2026-03-07 06:04:44,640 - INFO - [The Hindu] Attempt 1/1: Trying with 'selenium_browser' strategy...
2026-03-07 06:04:47,889 - INFO - [The Hindu] Page content loaded.
2026-03-07 06:04:48,066 - INFO - [The Hindu] Success with 'selenium_browser'. Found content (541 words).
2026-03-07 06:04:48,219 - INFO - Saved article: Breast cancer cases in India have more than doubled in three decades, experts say - The Hindu from The Hindu (541 words)
2026-03-07 06:04:48,820 - INFO - [The Hindu] Article: https://www.thehindu.com/news/national/west-bengal/bengal-cm-mamata-banerjee-sit-in-protest-in-kolkata-against-voter-roll-deletions/article70714814.ece
2026-03-07 06:04:48,821 - INFO - [The Hindu] Attempt 1/1: Trying with 'selenium_browser' strategy...
2026-03-07 06:04:50,024 - INFO - [The Hindu] Page content loaded.
2026-03-07 06:04:50,130 - INFO - [The Hindu] Success with 'selenium_browser'. Found content (329 words).
2026-03-07 06:04:50,228 - INFO - Saved article: Mamata continues sit-in for second successive day over Bengal voter roll deletions - The Hindu from The Hindu (329 words)
2026-03-07 06:04:51,637 - INFO - [The Hindu] Early skip: URL https://www.thehindu.com/news/national/manipur/manipur-government-committed-to-support-railway-authorities-for-completion-of-project-connecting-imphal-cm/article70714793.ece already exists.
2026-03-07 06:04:51,639 - INFO - [The Hindu] Early skip: URL https://www.thehindu.com/news/national/dera-sacha-sauda-chief-gurmeet-ram-rahim-acquitted-in-journalist-murder-case/article70714788.ece already exists.
2026-03-07 06:04:51,640 - INFO - [The Hindu] Early skip: URL https://www.thehindu.com/news/national/decision-on-iran-strikes-taken-after-modi-left-israel-foreign-minister-saar/article70714781.ece already exists.
2026-03-07 06:04:51,642 - INFO - [The Hindu] Early skip: URL https://www.thehindu.com/news/national/karnataka/karnataka-budget-2026-4291-crore-earmarked-to-address-regional-imbalance/article70712044.ece already exists.
2026-03-07 06:04:51,644 - INFO - [The Hindu] Early skip: URL https://www.thehindu.com/news/national/maharashtra/maharashtra-to-send-leopards-to-reliance-foundations-vantara-facility-in-gujarat/article70714734.ece already exists.
2026-03-07 06:04:51,648 - INFO - [The Hindu] Article: https://www.thehindu.com/news/national/rajasthan/rajasthan-sikar-earthquake-march-7-2026/article70714743.ece
2026-03-07 06:04:51,648 - INFO - [The Hindu] Attempt 1/1: Trying with 'selenium_browser' strategy...
2026-03-07 06:04:54,292 - INFO - [The Hindu] Page content loaded.
2026-03-07 06:04:54,580 - WARNING - [The Hindu] FAILED with 'selenium_browser' (content was too short: 54 words).
2026-03-07 06:04:54,580 - ERROR - [The Hindu] All scrape strategies failed for https://www.thehindu.com/news/national/rajasthan/rajasthan-sikar-earthquake-march-7-2026/article70714743.ece. Falling back to RSS description.
2026-03-07 06:04:54,580 - WARNING - SKIPPED (GLOBAL WORD LIMIT): Article 'Mild tremors felt in Rajasthan’s Sikar' from The Hindu has only 11 words (Min: 90).
2026-03-07 06:04:55,260 - INFO - [The Hindu] Early skip: URL https://www.thehindu.com/news/national/haryana/haryana-doctors-announce-opd-strike-after-assault-by-police-officer/article70712686.ece already exists.
2026-03-07 06:04:55,263 - INFO - [The Hindu] Early skip: URL https://www.thehindu.com/news/cities/Hyderabad/hyderabad-wakes-up-to-a-layer-of-smog-imd-links-it-to-construction-activity/article70714697.ece already exists.
2026-03-07 06:04:55,264 - INFO - [The Hindu] Early skip: URL https://www.thehindu.com/news/national/andhra-pradesh/cm-naidu-calls-for-speedy-execution-of-prioritised-irrigation-projects-especially-polavaram/article70714624.ece already exists.
2026-03-07 06:04:55,265 - INFO - [The Hindu] Early skip: URL https://www.thehindu.com/news/national/odisha/amit-shah-holds-meeting-with-odishas-bjp-mlas-rajya-sabha-poll-candidates/article70714657.ece already exists.
2026-03-07 06:04:55,267 - INFO - [The Hindu] Early skip: URL https://www.thehindu.com/news/national/future-will-be-much-more-multipolar-says-external-affairs-minister-jaishankar/article70714634.ece already exists.
2026-03-07 06:04:55,268 - INFO - [The Hindu] Early skip: URL https://www.thehindu.com/news/national/russia-will-not-disclose-data-on-its-crude-export-to-india-kremlin/article70714612.ece already exists.
2026-03-07 06:04:55,269 - INFO - [The Hindu] Early skip: URL https://www.thehindu.com/business/Economy/we-had-asked-india-to-stop-buying-sanctioned-russian-oil-this-fall-they-did-says-us-treasury-secretary-bessent/article70714581.ece already exists.
2026-03-07 06:04:55,270 - INFO - [The Hindu] Early skip: URL https://www.thehindu.com/news/national/manipur/protesters-march-demanding-justice-for-victims-of-violence-in-manipur/article70714575.ece already exists.
2026-03-07 06:04:55,272 - INFO - [The Hindu] Early skip: URL https://www.thehindu.com/news/national/use-cooking-fuel-judiciously-consumers-told/article70713456.ece already exists.
2026-03-07 06:04:55,274 - INFO - [The Hindu] Early skip: URL https://www.thehindu.com/sci-tech/technology/having-conversations-on-ais-role-in-wikipedia-says-founder-jimmy-wales/article70707251.ece already exists.
2026-03-07 06:04:55,275 - INFO - [The Hindu] Early skip: URL https://www.thehindu.com/news/national/domestic-lpg-price-hiked-by-60-amid-west-asia-conflict/article70714546.ece already exists.
2026-03-07 06:04:55,277 - INFO - [The Hindu] Early skip: URL https://www.thehindu.com/news/national/204-of-238-indian-cities-did-not-meet-air-quality-standards-crea/article70712544.ece already exists.
2026-03-07 06:04:55,278 - INFO - [The Hindu] Early skip: URL https://www.thehindu.com/news/cities/kolkata/in-a-bengal-college-an-iftar-party-to-be-held-by-women-for-women/article70712038.ece already exists.
2026-03-07 06:04:55,282 - INFO - [The Hindu] Early skip: URL https://www.thehindu.com/news/national/maharashtra/fadnavis-presents-769-lakh-crore-maharashtra-budget-loan-waiver-for-farmers/article70713287.ece already exists.
2026-03-07 06:04:55,283 - INFO - [The Hindu] Early skip: URL https://www.thehindu.com/news/national/andhra-pradesh/andhra-pradesh-firecracker-unit-blast-gone-in-a-flash-fire/article70712891.ece already exists.
2026-03-07 06:04:55,284 - INFO - [The Hindu] Early skip: URL https://www.thehindu.com/news/national/why-does-india-require-us-nod-for-securing-its-energy-needs-ask-opposition-leaders/article70712740.ece already exists.
2026-03-07 06:04:55,286 - INFO - [The Hindu] Early skip: URL https://www.thehindu.com/news/cities/Delhi/youtube-mock-tests-help-ncr-girl-to-crack-upsc/article70713254.ece already exists.
2026-03-07 06:04:55,287 - INFO - [The Hindu] Early skip: URL https://www.thehindu.com/news/national/kerala/us-waiver-to-procure-russian-oil-kerala-flays-centre/article70713426.ece already exists.
2026-03-07 06:04:55,289 - INFO - [The Hindu] Article: https://www.thehindu.com/news/national/tamil-nadu/misra-singh-take-oath-of-office-as-state-information-commissioners-in-tamil-nadu/article70711977.ece
2026-03-07 06:04:55,289 - INFO - [The Hindu] Attempt 1/1: Trying with 'selenium_browser' strategy...
2026-03-07 06:05:00,569 - INFO - [The Hindu] Page content loaded.
2026-03-07 06:05:00,968 - WARNING - [The Hindu] FAILED with 'selenium_browser' (content was too short: 61 words).
2026-03-07 06:05:00,968 - ERROR - [The Hindu] All scrape strategies failed for https://www.thehindu.com/news/national/tamil-nadu/misra-singh-take-oath-of-office-as-state-information-commissioners-in-tamil-nadu/article70711977.ece. Falling back to RSS description.
2026-03-07 06:05:00,968 - WARNING - SKIPPED (GLOBAL WORD LIMIT): Article 'Misra, Singh take oath of office as State Information Commissioners in Tamil Nadu' from The Hindu has only 3 words (Min: 90).
2026-03-07 06:05:02,047 - INFO - [The Hindu] Early skip: URL https://www.thehindu.com/news/national/tamil-nadu/rs-papers-of-candidates-from-5-parties-valid/article70713300.ece already exists.
2026-03-07 06:05:02,051 - INFO - [The Hindu] Early skip: URL https://www.thehindu.com/news/cities/Hyderabad/cm-revanth-to-open-netflixs-global-vfx-hub-in-hyderabad-on-march-12/article70712629.ece already exists.
2026-03-07 06:05:02,052 - INFO - [The Hindu] Early skip: URL https://www.thehindu.com/news/national/karnataka/youth-student-groups-criticise-karnataka-budget-over-jobs-education-funding/article70711875.ece already exists.
2026-03-07 06:05:02,053 - INFO - [The Hindu] Early skip: URL https://www.thehindu.com/news/national/andhra-pradesh/ysrcp-shirking-responsibility-of-raising-public-issues-in-assembly-says-ap-cm/article70711940.ece already exists.
2026-03-07 06:05:02,055 - INFO - [The Hindu] Early skip: URL https://www.thehindu.com/news/national/karnataka/budget-has-schemes-and-projects-lined-up-for-north-karnataka/article70711923.ece already exists.
2026-03-07 06:05:02,056 - INFO - [The Hindu] Early skip: URL https://www.thehindu.com/news/national/kerala/operation-cy-hunt-20-24-arrested-in-kannur-city/article70711895.ece already exists.
2026-03-07 06:05:02,057 - INFO - [The Hindu] Early skip: URL https://www.thehindu.com/news/national/assam/woman-in-assam-becomes-first-to-get-india-citizenship-after-two-years-in-detention-camp/article70713126.ece already exists.
2026-03-07 06:05:02,059 - INFO - [The Hindu] Early skip: URL https://www.thehindu.com/news/national/telangana/cm-revanth-reddy-launches-praja-palanapragati-pranalika-with-key-projects-in-hyderabad/article70713025.ece already exists.
2026-03-07 06:05:02,061 - INFO - [The Hindu] Early skip: URL https://www.thehindu.com/news/national/telangana/hc-notices-to-govt-over-corruption-in-housing-scheme/article70712984.ece already exists.
2026-03-07 06:05:02,066 - INFO - [The Hindu] Early skip: URL https://www.thehindu.com/news/national/tamil-nadu/india-needs-to-create-more-manufacturing-jobs-says-arvind-subramanian/article70712847.ece already exists.
2026-03-07 06:05:02,067 - INFO - [The Hindu] Early skip: URL https://www.thehindu.com/opinion/editorial/autumn-of-a-socialist-on-nitish-kumar-the-bjp-and-bihar-politics/article70712079.ece already exists.
2026-03-07 06:05:02,070 - INFO - [The Hindu] Article: https://www.thehindu.com/news/national/tamil-nadu/census-2027-self-enumeration-process-between-july-17-and-31-this-year-in-tamil-nadu/article70713337.ece
2026-03-07 06:05:02,071 - INFO - [The Hindu] Attempt 1/1: Trying with 'selenium_browser' strategy...
2026-03-07 06:05:06,125 - INFO - [The Hindu] Page content loaded.
2026-03-07 06:05:06,595 - WARNING - [The Hindu] FAILED with 'selenium_browser' (content was too short: 55 words).
2026-03-07 06:05:06,595 - ERROR - [The Hindu] All scrape strategies failed for https://www.thehindu.com/news/national/tamil-nadu/census-2027-self-enumeration-process-between-july-17-and-31-this-year-in-tamil-nadu/article70713337.ece. Falling back to RSS description.
2026-03-07 06:05:06,595 - WARNING - SKIPPED (GLOBAL WORD LIMIT): Article 'Census 2027: Self-enumeration process between July 17 and 31 this year in Tamil Nadu' from The Hindu has only 3 words (Min: 90).
2026-03-07 06:05:07,303 - INFO - [The Hindu] Early skip: URL https://www.thehindu.com/news/national/tamil-nadu/nearly-75-of-dmks-poll-promises-in-2021-fulfilled-or-under-implementation-thangam-thennarasu/article70711763.ece already exists.
2026-03-07 06:05:07,304 - INFO - [The Hindu] Early skip: URL https://www.thehindu.com/news/national/tamil-nadu/56naan-mudhalvan-scheme-trainees-clear-civil-services-exam/article70713174.ece already exists.
2026-03-07 06:05:07,306 - INFO - [The Hindu] Early skip: URL https://www.thehindu.com/news/national/regulating-internet-is-centres-domain-social-media-ban-imposed-by-ap-karnataka-may-hit-jurisdictional-barrier/article70712213.ece already exists.
2026-03-07 06:05:07,312 - INFO - [The Hindu] Article: https://www.thehindu.com/news/national/tamil-nadu/former-minister-vellamandi-n-natarajan-appointed-aiadmk-organisation-secretary/article70711980.ece
2026-03-07 06:05:07,312 - INFO - [The Hindu] Attempt 1/1: Trying with 'selenium_browser' strategy...
2026-03-07 06:05:11,367 - INFO - [The Hindu] Page content loaded.
2026-03-07 06:05:11,553 - WARNING - [The Hindu] FAILED with 'selenium_browser' (content was too short: 80 words).
2026-03-07 06:05:11,553 - ERROR - [The Hindu] All scrape strategies failed for https://www.thehindu.com/news/national/tamil-nadu/former-minister-vellamandi-n-natarajan-appointed-aiadmk-organisation-secretary/article70711980.ece. Falling back to RSS description.
2026-03-07 06:05:11,553 - WARNING - SKIPPED (GLOBAL WORD LIMIT): Article 'Former Minister Vellamandi N. Natarajan appointed AIADMK organisation secretary' from The Hindu has only 3 words (Min: 90).
2026-03-07 06:05:12,473 - INFO - [The Hindu] Early skip: URL https://www.thehindu.com/news/national/karnataka/only-13-funds-given-to-agri-and-allied-sectors-that-involve-63-population-krrs/article70712580.ece already exists.
2026-03-07 06:05:12,475 - INFO - [The Hindu] Early skip: URL https://www.thehindu.com/news/cities/Tiruchirapalli/dmk-gearing-up-for-massive-show-of-strength-in-tiruchi/article70711645.ece already exists.
2026-03-07 06:05:12,476 - INFO - [The Hindu] Early skip: URL https://www.thehindu.com/news/national/karnataka/budget-has-increased-debt-burden-say-bjp-and-jd-s/article70712818.ece already exists.
2026-03-07 06:05:12,480 - INFO - [The Hindu] Early skip: URL https://www.thehindu.com/news/national/kerala/pinarayi-slams-centres-submission-before-us-over-strikes-on-iran/article70713263.ece already exists.
2026-03-07 06:05:12,482 - INFO - [The Hindu] Early skip: URL https://www.thehindu.com/videos/iranian-warship-strike-near-sri-lanka-raises-questions-for-india/article70713451.ece already exists.
2026-03-07 06:05:12,485 - INFO - [The Hindu] Early skip: URL https://www.thehindu.com/news/national/west-asia-conflict-15000-passengers-brought-back-by-indian-airlines-from-conflict-hit-region/article70713111.ece already exists.
2026-03-07 06:05:12,488 - INFO - [The Hindu] Early skip: URL https://www.thehindu.com/news/national/karnataka/budget-reflects-states-continued-focus-on-diverse-growth-trade-bodies/article70713353.ece already exists.
2026-03-07 06:05:12,490 - INFO - [The Hindu] Early skip: URL https://www.thehindu.com/news/national/andhra-pradesh/ttd-seeks-legal-action-over-birthday-celebrations-in-tirumala/article70712742.ece already exists.
2026-03-07 06:05:12,492 - INFO - [The Hindu] Early skip: URL https://www.thehindu.com/news/national/iran-vessel-with-183-sailors-docked-in-kochi-on-march-4/article70713436.ece already exists.
2026-03-07 06:05:12,494 - INFO - [The Hindu] Early skip: URL https://www.thehindu.com/news/national/focus-on-high-value-crops-fisheries-pm-modi-urges-farmers-agri-investors/article70712747.ece already exists.
2026-03-07 06:05:12,495 - INFO - [The Hindu] Early skip: URL https://www.thehindu.com/news/national/tamil-nadu/pondicherry-university-to-roll-out-a-new-postgraduate-programme-in-hospitality-management/article70713346.ece already exists.
2026-03-07 06:05:12,497 - INFO - [The Hindu] Early skip: URL https://www.thehindu.com/news/national/india-must-ask-us-why-it-is-targeting-iranian-ships-in-indian-ocean-iran-minister-khatibzadeh/article70713189.ece already exists.
2026-03-07 06:05:12,499 - INFO - [The Hindu] Early skip: URL https://www.thehindu.com/news/national/karnataka/proposal-to-rename-victoria-hospital-in-bengaluru-takes-doctors-patients-by-surprise/article70712634.ece already exists.
2026-03-07 06:05:12,500 - INFO - [The Hindu] Early skip: URL https://www.thehindu.com/news/national/karnataka/two-engineers-from-karnataka-secure-place-in-top-100-air-in-cse/article70712968.ece already exists.
2026-03-07 06:05:12,501 - INFO - [The Hindu] Early skip: URL https://www.thehindu.com/news/national/andhra-pradesh/andhra-pradesh-government-ramps-up-evacuations-amid-israel-iran-conflict/article70713162.ece already exists.
2026-03-07 06:05:12,504 - INFO - [The Hindu] Early skip: URL https://www.thehindu.com/news/national/telangana/musi-project-is-core-to-urban-renewal-in-hyderabad-cm/article70713312.ece already exists.
2026-03-07 06:05:12,505 - INFO - [The Hindu] Early skip: URL https://www.thehindu.com/news/national/karnataka/200-illegal-foreign-nationals-detained-in-bengaluru-124-bangladeshi-nationals-held-in-ccb-operation/article70712252.ece already exists.
2026-03-07 06:05:12,506 - INFO - [The Hindu] Early skip: URL https://www.thehindu.com/news/national/andhra-pradesh/police-investigate-day-care-staff-after-girl-suffers-severe-burns-in-vijayawada/article70713238.ece already exists.
2026-03-07 06:05:12,509 - INFO - [The Hindu] Early skip: URL https://www.thehindu.com/news/national/karnataka/capex-slows-as-committed-expenses-balloon-and-revenue-takes-a-hit/article70712985.ece already exists.
2026-03-07 06:05:12,512 - INFO - [The Hindu] Early skip: URL https://www.thehindu.com/news/national/karnataka/police-rescue-woman-from-25-foot-pit-in-nagarabhavi/article70711222.ece already exists.
2026-03-07 06:05:12,514 - INFO - [The Hindu] Early skip: URL https://www.thehindu.com/news/national/andhra-pradesh/ap-liquor-scam-ed-attaches-properties-worth-441-crore-of-key-accused/article70712902.ece already exists.
2026-03-07 06:05:12,515 - INFO - [The Hindu] Early skip: URL https://www.thehindu.com/news/national/andhra-pradesh/ap-police-bags-four-trophies-at-all-india-police-commando-competitions-held-in-haryana/article70713086.ece already exists.
2026-03-07 06:05:12,516 - INFO - [The Hindu] Early skip: URL https://www.thehindu.com/news/national/kerala/sir-was-conducted-in-a-transparent-manner-says-cec/article70712905.ece already exists.
2026-03-07 06:05:12,518 - INFO - [The Hindu] Early skip: URL https://www.thehindu.com/news/national/kerala/now-the-gate-of-renovated-kaloor-stadium-crashes/article70712631.ece already exists.
2026-03-07 06:05:12,519 - INFO - [The Hindu] Early skip: URL https://www.thehindu.com/news/national/karnataka/2000-crore-electric-bus-programme-in-support-of-world-bank-announced-in-karnataka-budget-2026/article70712306.ece already exists.
2026-03-07 06:05:12,521 - INFO - [The Hindu] Early skip: URL https://www.thehindu.com/news/national/andhra-pradesh/appsc-announces-short-listed-candidates-for-assistant-director-post/article70712528.ece already exists.
2026-03-07 06:05:12,522 - INFO - [The Hindu] Early skip: URL https://www.thehindu.com/news/national/karnataka/karnatakas-gsdp-expected-to-grow-at-810-against-indias-gdp-growth-of-74/article70713216.ece already exists.
2026-03-07 06:05:12,524 - INFO - [The Hindu] Early skip: URL https://www.thehindu.com/news/cities/Visakhapatnam/trapped-in-toxicity-visakhapatnam-residents-struggle-for-breath-of-fresh-air/article70707520.ece already exists.
2026-03-07 06:05:12,529 - INFO - [The Hindu] Early skip: URL https://www.thehindu.com/news/national/lok-sabha-likely-to-debate-resolution-seeking-speaker-om-birlas-removal-in-first-week-of-session/article70712651.ece already exists.
2026-03-07 06:05:12,533 - INFO - [The Hindu] Early skip: URL https://www.thehindu.com/news/cities/bangalore/new-intermediate-ring-road-connecting-tumakuru-and-mysuru-roads-pedestrian-push-in-budget-for-bengaluru/article70712536.ece already exists.
2026-03-07 06:05:12,535 - INFO - [The Hindu] Early skip: URL https://www.thehindu.com/news/national/bihar/nishant-kumar-to-join-jdu-on-march-8-as-nitish-promises-to-stick-around/article70712223.ece already exists.
2026-03-07 06:05:12,536 - INFO - [The Hindu] Early skip: URL https://www.thehindu.com/news/national/telangana/brs-faults-congress-for-giving-full-page-ads-in-kerala-with-public-money/article70713151.ece already exists.
2026-03-07 06:05:12,537 - INFO - [The Hindu] Early skip: URL https://www.thehindu.com/news/national/andhra-pradesh/with-women-forming-half-its-workforce-sri-city-bets-on-inclusive-employment/article70712724.ece already exists.
2026-03-07 06:05:12,540 - INFO - [The Hindu] Early skip: URL https://www.thehindu.com/news/national/tamil-nadu/ramadoss-secretary-who-filed-rs-nomination-attacked/article70712299.ece already exists.
2026-03-07 06:05:12,541 - INFO - [The Hindu] Early skip: URL https://www.thehindu.com/news/cities/Hyderabad/telangana-police-to-launch-stand-with-her-campaign-urging-men-to-take-responsibility-for-womens-safety/article70711791.ece already exists.
2026-03-07 06:05:12,543 - INFO - [The Hindu] Early skip: URL https://www.thehindu.com/news/national/no-need-to-panic-country-has-adequate-fertilizer-stocks-for-kharif-union-government/article70712877.ece already exists.
2026-03-07 06:05:12,544 - INFO - [The Hindu] Early skip: URL https://www.thehindu.com/news/national/karnataka/karnataka-budget-2026-aerospace-common-facility-flight-training-school-to-be-set-up/article70711816.ece already exists.
2026-03-07 06:05:12,546 - INFO - [The Hindu] Early skip: URL https://www.thehindu.com/news/national/kerala/difficult-to-prove-antony-raju-had-intention-to-tamper-with-evidence-kerala-hc/article70712813.ece already exists.
2026-03-07 06:05:12,547 - INFO - [The Hindu] Early skip: URL https://www.thehindu.com/news/national/andhra-pradesh/murder-accused-held-country-rifle-seized/article70712540.ece already exists.
2026-03-07 06:05:12,548 - INFO - [The Hindu] Early skip: URL https://www.thehindu.com/news/national/tamil-nadu/training-programme-for-zonal-officers-of-7-assembly-segments-in-villupuram/article70711085.ece already exists.
2026-03-07 06:05:12,550 - INFO - [The Hindu] Early skip: URL https://www.thehindu.com/videos/watch-the-namakkal-case-that-changed-indian-elections-forever/article70713068.ece already exists.
2026-03-07 06:05:12,552 - INFO - [The Hindu] Early skip: URL https://www.thehindu.com/news/national/karnataka/new-bodies-for-upliftment-of-deprived-communities/article70712606.ece already exists.
2026-03-07 06:05:12,553 - INFO - [The Hindu] Early skip: URL https://www.thehindu.com/news/national/andhra-pradesh/spmvv-to-honour-drdo-scientist-at-convocation/article70712330.ece already exists.
2026-03-07 06:05:12,554 - INFO - [The Hindu] Early skip: URL https://www.thehindu.com/news/national/andhra-pradesh/man-gets-life-imprisonment-in-murder-case/article70712391.ece already exists.
2026-03-07 06:05:12,556 - INFO - [The Hindu] Early skip: URL https://www.thehindu.com/news/national/kerala/cpim-flags-anomalies-in-voter-rolls-seeks-clarity-from-election-commission/article70712477.ece already exists.
2026-03-07 06:05:12,557 - INFO - [The Hindu] Early skip: URL https://www.thehindu.com/news/national/tamil-nadu/foundation-stone-laid-for-floodwater-retaining-wall-in-cuddalore-district/article70711720.ece already exists.
2026-03-07 06:05:12,558 - INFO - [The Hindu] Early skip: URL https://www.thehindu.com/news/national/kerala/six-from-kozhikode-crack-civil-services-examination/article70712696.ece already exists.
2026-03-07 06:05:12,560 - INFO - [The Hindu] Early skip: URL https://www.thehindu.com/news/national/govt-directs-barc-to-immediately-stop-reporting-on-trps-for-tv-news-channels/article70712975.ece already exists.
2026-03-07 06:05:12,561 - INFO - [The Hindu] Early skip: URL https://www.thehindu.com/news/national/kerala/10000-kfon-connections-given-in-thiruvananthapuram-city/article70712507.ece already exists.
2026-03-07 06:05:12,563 - INFO - [The Hindu] Early skip: URL https://www.thehindu.com/news/national/kerala/kerala-shines-in-civil-services-exam-over-10-candidates-in-top-200/article70712784.ece already exists.
2026-03-07 06:05:12,564 - INFO - [The Hindu] Early skip: URL https://www.thehindu.com/news/national/andhra-pradesh/9000-posts-in-health-sector-filled-in-20-months-says-ap-minister/article70712700.ece already exists.
2026-03-07 06:05:12,565 - INFO - [The Hindu] Early skip: URL https://www.thehindu.com/news/national/andhra-pradesh/415-students-land-jobs-during-campus-drive-in-tirupati/article70712513.ece already exists.
2026-03-07 06:05:12,568 - INFO - [The Hindu] Article: https://www.thehindu.com/news/national/kerala/shatkala-govinda-marar-puraskaram-for-nirmala-panicker/article70712927.ece
2026-03-07 06:05:12,568 - INFO - [The Hindu] Attempt 1/1: Trying with 'selenium_browser' strategy...
2026-03-07 06:05:14,016 - ERROR - [Times of India] Request failed for strategy 'selenium_browser' on URL https://timesofindia.indiatimes.com/world/middle-east/pakistans-asim-munir-meets-saudi-defence-minister-is-islamic-nato-in-play/articleshow/129197799.cms: Message: timeout: Timed out receiving message from renderer: 19.904
  (Session info: chrome=145.0.7632.116)
Stacktrace:
#0 0x55ade4173b6a <unknown>
#1 0x55ade3b86a32 <unknown>
#2 0x55ade3b6e007 <unknown>
#3 0x55ade3b6dc16 <unknown>
#4 0x55ade3b6b731 <unknown>
#5 0x55ade3b6c0bf <unknown>
#6 0x55ade3b7b560 <unknown>
#7 0x55ade3b95707 <unknown>
#8 0x55ade3b9c8db <unknown>
#9 0x55ade3b6c829 <unknown>
#10 0x55ade3b9549c <unknown>
#11 0x55ade3c246e1 <unknown>
#12 0x55ade3bcdc0f <unknown>
#13 0x55ade3bce9d1 <unknown>
#14 0x55ade41386b9 <unknown>
#15 0x55ade413b5c1 <unknown>
#16 0x55ade4124e29 <unknown>
#17 0x55ade413c17e <unknown>
#18 0x55ade410b4b0 <unknown>
#19 0x55ade4160578 <unknown>
#20 0x55ade416074b <unknown>
#21 0x55ade41721a3 <unknown>
#22 0x7f002729caa4 <unknown>
#23 0x7f0027329c6c <unknown>

2026-03-07 06:05:14,016 - ERROR - [Times of India] All scrape strategies failed for https://timesofindia.indiatimes.com/world/middle-east/pakistans-asim-munir-meets-saudi-defence-minister-is-islamic-nato-in-play/articleshow/129197799.cms. Falling back to RSS description.
2026-03-07 06:05:14,016 - WARNING - SKIPPED (GLOBAL WORD LIMIT): Article 'Pakistan's Asim Munir meets Saudi defence minister: Is 'Islamic Nato' in play?' from Times of India has only 56 words (Min: 90).
2026-03-07 06:05:14,756 - INFO - [The Hindu] Page content loaded.
2026-03-07 06:05:14,862 - WARNING - [The Hindu] FAILED with 'selenium_browser' (content was too short: 76 words).
2026-03-07 06:05:14,862 - ERROR - [The Hindu] All scrape strategies failed for https://www.thehindu.com/news/national/kerala/shatkala-govinda-marar-puraskaram-for-nirmala-panicker/article70712927.ece. Falling back to RSS description.
2026-03-07 06:05:14,862 - WARNING - SKIPPED (GLOBAL WORD LIMIT): Article 'Shatkala Govinda Marar Puraskaram for Nirmala Panicker' from The Hindu has only 3 words (Min: 90).
2026-03-07 06:05:15,260 - INFO - [Times of India] Article: https://timesofindia.indiatimes.com/science/stephen-hawking-once-warned-that-humanity-may-not-survive-if-we-stay-on-earth/articleshow/129163864.cms
2026-03-07 06:05:15,260 - INFO - [Times of India] Attempt 1/1: Trying with 'selenium_browser' strategy...
2026-03-07 06:05:15,840 - INFO - [The Hindu] Early skip: URL https://www.thehindu.com/news/national/west-bengal/mamatasdharnain-kolkata-isan-attempt-todisruptsirwest-bengalbjp/article70712287.ece already exists.
2026-03-07 06:05:15,843 - INFO - [The Hindu] Early skip: URL https://www.thehindu.com/news/national/kerala/centre-of-excellence-in-nutraceuticals-to-be-inaugurated-at-bio-360-life-sciences-park/article70712538.ece already exists.
2026-03-07 06:05:15,844 - INFO - [The Hindu] Early skip: URL https://www.thehindu.com/news/national/kerala/kollam-resident-aditya-narayan-clinches-air-68/article70712786.ece already exists.
2026-03-07 06:05:15,845 - INFO - [The Hindu] (Thread) Finished. Attempting to shut down its Selenium driver.
2026-03-07 06:05:16,130 - INFO - [The Hindu] (Thread) driver.quit() successful.
2026-03-07 06:05:19,975 - INFO - [Times of India] Page content loaded.
2026-03-07 06:05:20,151 - INFO - [Times of India] Success with 'selenium_browser'. Found content (539 words).
2026-03-07 06:05:20,263 - INFO - Saved article: Stephen Hawking once warned that humanity may not survive if we stay on Earth | - The Times of India from Times of India (539 words)
2026-03-07 06:05:21,603 - INFO - [Times of India] Article: https://timesofindia.indiatimes.com/world/middle-east/plumes-of-smoke-planes-ablaze-irans-mehrabad-airport-on-fire-as-israel-launches-airstrike-watch/articleshow/129192162.cms
2026-03-07 06:05:21,603 - INFO - [Times of India] Attempt 1/1: Trying with 'selenium_browser' strategy...
2026-03-07 06:05:22,939 - INFO - [Times of India] Page content loaded.
2026-03-07 06:05:23,035 - INFO - [Times of India] Success with 'selenium_browser'. Found content (384 words).
2026-03-07 06:05:23,095 - INFO - Saved article: Plumes of smoke, planes ablaze: Iran's Mehrabad airport on fire as Israel launches airstrike - watch - The Times of India from Times of India (384 words)
2026-03-07 06:05:24,572 - INFO - [Times of India] Early skip: URL https://timesofindia.indiatimes.com/world/middle-east/iran-delays-naming-supreme-leader-out-of-security-concerns-officials/articleshow/129190336.cms already exists.
2026-03-07 06:05:24,575 - INFO - [Times of India] Early skip: URL https://timesofindia.indiatimes.com/world/middle-east/emirates-nbd-bank-waives-fees-for-cash-withdrawals-from-other-atms-across-uae-gcc-as-iran-and-usisrael-war-fears-grow/articleshow/129187777.cms already exists.
2026-03-07 06:05:24,576 - INFO - [Times of India] Early skip: URL https://timesofindia.indiatimes.com/world/us/us-doj-releases-missing-interviews-with-woman-who-made-claims-against-donald-trump/articleshow/129190207.cms already exists.
2026-03-07 06:05:24,581 - INFO - [Times of India] Early skip: URL https://timesofindia.indiatimes.com/world/us/cdc-issues-level-2-polio-travel-advisory-know-enhanced-precautions-for-international-travellers/articleshow/129185849.cms already exists.
2026-03-07 06:05:24,584 - INFO - [Times of India] Early skip: URL https://timesofindia.indiatimes.com/world/middle-east/qatar-partially-reopens-airspace-amid-iran-and-us-israel-war-allows-limited-flights-as-missile-strikes-continue-across-gulf/articleshow/129185074.cms already exists.
2026-03-07 06:05:24,586 - INFO - [Times of India] Early skip: URL https://timesofindia.indiatimes.com/world/us/daylight-saving-time-2026-when-does-dst-start-in-us-and-canada-date-time-why-it-matters-and-does-it-affect-your-health/articleshow/129182638.cms already exists.
2026-03-07 06:05:24,587 - INFO - [Times of India] Early skip: URL https://timesofindia.indiatimes.com/world/middle-east/dubais-luxury-market-breaks-records-uae-emirates-third-most-expensive-apartment-sale-logs-whopping-dh422-million-despite-us-israel-war-on-iran/articleshow/129179944.cms already exists.
2026-03-07 06:05:24,590 - INFO - [Times of India] Early skip: URL https://timesofindia.indiatimes.com/world/middle-east/pv-sindhu-withdraws-atp-cancelled-formula-one-and-football-friendlies-under-threat-us-israel-war-on-iran-hits-middle-east-sports-travel/articleshow/129178755.cms already exists.
2026-03-07 06:05:24,592 - INFO - [Times of India] Early skip: URL https://timesofindia.indiatimes.com/world/us/indian-origin-us-army-soldier-shilpa-chaudhary-sparks-debate-why-are-indians-protesting-for-irans-leader/articleshow/129176578.cms already exists.
2026-03-07 06:05:24,593 - INFO - [Times of India] Early skip: URL https://timesofindia.indiatimes.com/world/middle-east/us-state-department-advisory-lists-egypt-among-safest-middle-east-destinations-stable-for-tourism-amid-us-israel-war-against-iran/articleshow/129175673.cms already exists.
2026-03-07 06:05:24,594 - INFO - [Times of India] Early skip: URL https://timesofindia.indiatimes.com/world/us/who-is-asif-merchant-pakistani-man-on-trial-says-iran-forced-him-in-alleged-trump-assassination-plot/articleshow/129177901.cms already exists.
2026-03-07 06:05:24,596 - INFO - [Times of India] Early skip: URL https://timesofindia.indiatimes.com/world/us/why-hasnt-bryon-noem-left-kristi-despite-humiliation-because-of-the-lewandowski-controversy/articleshow/129177233.cms already exists.
2026-03-07 06:05:24,597 - INFO - [Times of India] Early skip: URL https://timesofindia.indiatimes.com/world/us/display-was-religious-ramadan-decorations-at-texas-school-taken-down-conservative-group-says-only-secular-symbols-allowed/articleshow/129175711.cms already exists.
2026-03-07 06:05:24,599 - INFO - [Times of India] Early skip: URL https://timesofindia.indiatimes.com/world/us/spent-night-fearing-explosions-passengers-recount-iran-war-scare-as-first-flight-from-dubai-lands-in-san-francisco/articleshow/129170238.cms already exists.
2026-03-07 06:05:24,600 - INFO - [Times of India] Early skip: URL https://timesofindia.indiatimes.com/world/uk/uk-to-offer-up-to-40000-to-failed-asylum-seekers-to-leave-country/articleshow/129176316.cms already exists.
2026-03-07 06:05:24,602 - INFO - [Times of India] Early skip: URL https://timesofindia.indiatimes.com/world/middle-east/bahrain-international-airport-shuts-down-flights-airspace-closed-what-stranded-travellers-need-to-know-amid-us-israel-war-against-iran/articleshow/129174754.cms already exists.
2026-03-07 06:05:24,603 - INFO - [Times of India] Early skip: URL https://timesofindia.indiatimes.com/world/us/watch-san-francisco-mayor-daniel-luries-security-detail-attacked-in-tenderloin-officer-left-bleeding/articleshow/129173366.cms already exists.
2026-03-07 06:05:24,604 - INFO - [Times of India] (Thread) Finished. Attempting to shut down its Selenium driver.
2026-03-07 06:05:24,806 - INFO - [Times of India] (Thread) driver.quit() successful.
2026-03-07 06:05:24,806 - INFO - Shutting down thread pool (wait=False)...
2026-03-07 06:05:24,806 - INFO - Scraped: 2 Times of India, 0 TechCrunch, 1 BBC, 3 The Hindu, 0 The Guardian articles. (Total saved: 6)
2026-03-07 06:05:24,806 - INFO - --- Scraping job finished ---
2026-03-07 06:05:24,813 - INFO - --- Scraper service stopped and database connection closed. ---
2026-03-07 06:05:24,813 - INFO - --- Main thread finished. Forcing process exit to kill zombie threads. ---
