2026-02-04 20:01:34,556 - INFO - Loading AI Semantic Model (all-MiniLM-L4-v2)...
2026-02-04 20:01:34,556 - INFO - Use pytorch device_name: cpu
2026-02-04 20:01:34,556 - INFO - Load pretrained SentenceTransformer: all-MiniLM-L4-v2
2026-02-04 20:01:34,637 - INFO - HTTP Request: HEAD https://huggingface.co/sentence-transformers/all-MiniLM-L4-v2/resolve/main/modules.json "HTTP/1.1 401 Unauthorized"
2026-02-04 20:01:34,637 - WARNING - No sentence-transformers model found with name sentence-transformers/all-MiniLM-L4-v2. Creating a new one with mean pooling.
2026-02-04 20:01:34,653 - INFO - HTTP Request: HEAD https://huggingface.co/sentence-transformers/all-MiniLM-L4-v2/resolve/main/adapter_config.json "HTTP/1.1 401 Unauthorized"
2026-02-04 20:01:34,653 - CRITICAL - Failed to load AI model: sentence-transformers/all-MiniLM-L4-v2 is not a local folder and is not a valid model identifier listed on 'https://huggingface.co/models'
If this is a private repository, make sure to pass a token having permission to this repo either by logging in with `hf auth login` or by passing `token=<your_token>`. Clustering is disabled.
2026-02-04 20:01:34,653 - INFO - --- Scraper service started (CI Mode: Run Once) ---
2026-02-04 20:01:34,653 - INFO - --- Starting new scraping job (Parallel Mode) ---
2026-02-04 20:01:34,653 - INFO - Creating new robust session with 3 retries on 5xx/connection/read errors.
2026-02-04 20:01:34,654 - INFO - Proxy is DISABLED.
2026-02-04 20:01:34,654 - INFO - Starting scrape for BBC RSS feed: http://feeds.bbci.co.uk/news/world/rss.xml
2026-02-04 20:01:34,654 - INFO - [Times of India] (Thread) requires Selenium. Initializing driver...
2026-02-04 20:01:34,655 - INFO - Starting scrape for The Guardian RSS feed: https://www.theguardian.com/world/rss
2026-02-04 20:01:34,657 - INFO - [The Hindu] (Thread) requires Selenium. Initializing driver...
2026-02-04 20:01:34,657 - INFO - Submitted 4 jobs to thread pool. Waiting up to 300s for completion...
2026-02-04 20:01:34,861 - INFO - Found 45 articles in The Guardian RSS feed. Processing until 20 new articles are saved.
2026-02-04 20:01:34,862 - INFO - [The Guardian] Early skip: URL https://www.theguardian.com/world/2026/feb/04/gunmen-west-nigeria-attack-red-cross already exists.
2026-02-04 20:01:34,863 - INFO - [The Guardian] Early skip: URL https://www.theguardian.com/world/2026/feb/04/uganda-opposition-leader-bobi-wine-in-hiding-muhoozi-kainerugaba-feud already exists.
2026-02-04 20:01:34,864 - INFO - [The Guardian] Early skip: URL https://www.theguardian.com/global-development/2026/feb/04/death-of-nigerian-singer-highlights-crisis-of-preventable-snakebite-fatalities already exists.
2026-02-04 20:01:34,866 - INFO - [The Guardian] Early skip: URL https://www.theguardian.com/global-development/2026/feb/04/trump-us-china-russia-democratic-recession-peril-human-rights-watch already exists.
2026-02-04 20:01:34,867 - INFO - [The Guardian] Early skip: URL https://www.theguardian.com/world/2026/feb/02/israel-agrees-to-limited-reopening-of-rafah-border-crossing-in-gaza already exists.
2026-02-04 20:01:34,868 - INFO - [The Guardian] Early skip: URL https://www.theguardian.com/news/audio/2026/feb/04/the-people-betting-on-catastrophic-world-events-podcast already exists.
2026-02-04 20:01:34,869 - INFO - [The Guardian] Early skip: URL https://www.theguardian.com/world/2026/feb/03/colombian-president-and-trump-put-aside-insults-for-amicable-white-house-meeting already exists.
2026-02-04 20:01:34,871 - INFO - [The Guardian] Early skip: URL https://www.theguardian.com/us-news/2026/feb/02/trump-administration-blocked-tps-haitians already exists.
2026-02-04 20:01:34,872 - INFO - [The Guardian] Early skip: URL https://www.theguardian.com/world/2026/feb/02/claudia-sheinbaum-mexico-oil-cuba-trump already exists.
2026-02-04 20:01:34,873 - INFO - [The Guardian] Early skip: URL https://www.theguardian.com/us-news/2026/feb/02/rightwing-brazilian-influencer-junior-pena-arrested-by-ice already exists.
2026-02-04 20:01:34,874 - INFO - [The Guardian] Early skip: URL https://www.theguardian.com/world/2026/feb/04/harry-potter-draco-malfoy-mascot-year-of-horse-china already exists.
2026-02-04 20:01:34,875 - INFO - [The Guardian] Early skip: URL https://www.theguardian.com/environment/2026/feb/03/china-to-ban-hidden-car-door-handles-evs already exists.
2026-02-04 20:01:34,877 - INFO - [The Guardian] Early skip: URL https://www.theguardian.com/us-news/2026/feb/03/trump-critical-minerals-stockpile-project-vault already exists.
2026-02-04 20:01:34,879 - INFO - [The Guardian] Early skip: URL https://www.theguardian.com/business/2026/feb/01/us-uk-eu-australia-critical-minerals-rare-earths-g7-minimum-price already exists.
2026-02-04 20:01:34,882 - INFO - [The Guardian] Early skip: URL https://www.theguardian.com/world/2026/feb/01/living-hell-of-north-koreas-paradise-on-earth-scheme-back-in-spotlight-in-japan already exists.
2026-02-04 20:01:34,884 - INFO - [The Guardian] Early skip: URL https://www.theguardian.com/australia-news/2026/feb/05/adf-historic-defence-properties-selloff-veterans already exists.
2026-02-04 20:01:34,891 - INFO - [The Guardian] Early skip: URL https://www.theguardian.com/technology/2026/feb/05/australia-esafety-commissioner-elon-musk-ai-chatbot-grok-deepfakes already exists.
2026-02-04 20:01:34,892 - INFO - Found 35 articles in BBC RSS feed. Processing until 20 new articles are saved.
2026-02-04 20:01:34,892 - INFO - [BBC] Early skip: URL https://www.bbc.com/news/articles/crley6x0dgzo?at_medium=RSS&at_campaign=rss already exists.
2026-02-04 20:01:34,894 - INFO - [The Guardian] Early skip: URL https://www.theguardian.com/world/2026/feb/05/not-delivering-any-aukus-nuclear-submarines-to-australia-explored-as-option-in-us-congressional-report already exists.
2026-02-04 20:01:34,895 - INFO - [BBC] Early skip: URL https://www.bbc.com/news/articles/cr4kyk9nv5lo?at_medium=RSS&at_campaign=rss already exists.
2026-02-04 20:01:34,896 - INFO - [The Guardian] Early skip: URL https://www.theguardian.com/environment/2026/feb/05/flying-foxes-january-heatwaves-kill-thousands already exists.
2026-02-04 20:01:34,897 - INFO - [BBC] Early skip: URL https://www.bbc.com/news/articles/ckgkjj5e28ko?at_medium=RSS&at_campaign=rss already exists.
2026-02-04 20:01:34,899 - INFO - [The Guardian] Early skip: URL https://www.theguardian.com/australia-news/2026/feb/04/jacob-hersant-becomes-first-australian-jailed-for-doing-nazi-salute-after-losing-appeal-ntwnfb already exists.
2026-02-04 20:01:34,900 - INFO - [BBC] Early skip: URL https://www.bbc.com/news/articles/cpqyg0g5r0po?at_medium=RSS&at_campaign=rss already exists.
2026-02-04 20:01:34,901 - INFO - [The Guardian] Early skip: URL https://www.theguardian.com/world/2026/feb/04/eu-deal-on-ukraine-loan-could-boost-uk-if-it-agrees-to-help-pay-costs already exists.
2026-02-04 20:01:34,902 - INFO - [BBC] Early skip: URL https://www.bbc.com/news/articles/c23rdxjjp4po?at_medium=RSS&at_campaign=rss already exists.
2026-02-04 20:01:34,904 - INFO - [The Guardian] Early skip: URL https://www.theguardian.com/world/2026/feb/04/son-of-norways-crown-princess-does-not-remember-taking-videos-of-alleged-sexual-assault already exists.
2026-02-04 20:01:34,905 - INFO - [BBC] Early skip: URL https://www.bbc.com/news/articles/clyn7wkgkp0o?at_medium=RSS&at_campaign=rss already exists.
2026-02-04 20:01:34,906 - INFO - [The Guardian] Early skip: URL https://www.theguardian.com/world/2026/feb/04/angel-fresco-resembling-giorgia-meloni-removed-from-rome-church already exists.
2026-02-04 20:01:34,907 - INFO - [BBC] Early skip: URL https://www.bbc.com/news/articles/c4g31n4ey9go?at_medium=RSS&at_campaign=rss already exists.
2026-02-04 20:01:34,908 - INFO - [The Guardian] Early skip: URL https://www.theguardian.com/world/live/2026/feb/04/ukraine-russia-europe-live-eu-us-abu-dhabi-talks-latest-news-europe-live already exists.
2026-02-04 20:01:34,910 - INFO - [BBC] Early skip: URL https://www.bbc.com/news/articles/cx2k82d78jno?at_medium=RSS&at_campaign=rss already exists.
2026-02-04 20:01:34,911 - INFO - [The Guardian] Early skip: URL https://www.theguardian.com/world/2026/feb/04/this-is-europe-spain-pedro-sanchez-migrants-regularise already exists.
2026-02-04 20:01:34,912 - INFO - [BBC] Early skip: URL https://www.bbc.com/news/articles/c4g51n1jv79o?at_medium=RSS&at_campaign=rss already exists.
2026-02-04 20:01:34,914 - INFO - [The Guardian] Article: https://www.theguardian.com/politics/2026/feb/04/peter-mandelson-palantir-jeffrey-epstein-government
2026-02-04 20:01:34,914 - INFO - [The Guardian] Attempt 1/1: Trying with 'requests_browser' strategy...
2026-02-04 20:01:34,915 - INFO - [BBC] Early skip: URL https://www.bbc.com/news/articles/c5yvneqg1xxo?at_medium=RSS&at_campaign=rss already exists.
2026-02-04 20:01:34,916 - INFO - [BBC] Early skip: URL https://www.bbc.com/news/articles/c3948e28e0yo?at_medium=RSS&at_campaign=rss already exists.
2026-02-04 20:01:34,918 - INFO - [BBC] Early skip: URL https://www.bbc.com/news/articles/cp37g4xgkxdo?at_medium=RSS&at_campaign=rss already exists.
2026-02-04 20:01:34,919 - INFO - [BBC] Early skip: URL https://www.bbc.com/news/articles/cly90xyp6k6o?at_medium=RSS&at_campaign=rss already exists.
2026-02-04 20:01:34,920 - INFO - [BBC] Early skip: URL https://www.bbc.com/news/articles/cwy8ded4890o?at_medium=RSS&at_campaign=rss already exists.
2026-02-04 20:01:34,921 - INFO - [BBC] Early skip: URL https://www.bbc.com/news/articles/c04105ywkkqo?at_medium=RSS&at_campaign=rss already exists.
2026-02-04 20:01:34,922 - INFO - [BBC] Early skip: URL https://www.bbc.com/news/articles/c3dmjn7n985o?at_medium=RSS&at_campaign=rss already exists.
2026-02-04 20:01:34,924 - INFO - [BBC] Early skip: URL https://www.bbc.com/news/articles/cly3ezj3rg3o?at_medium=RSS&at_campaign=rss already exists.
2026-02-04 20:01:34,925 - INFO - [BBC] Early skip: URL https://www.bbc.com/news/articles/cx2y8lg9e2jo?at_medium=RSS&at_campaign=rss already exists.
2026-02-04 20:01:34,926 - INFO - [BBC] Early skip: URL https://www.bbc.com/news/articles/cy4g3rne4n7o?at_medium=RSS&at_campaign=rss already exists.
2026-02-04 20:01:34,927 - INFO - [BBC] Early skip: URL https://www.bbc.com/news/articles/cy8pleg24rvo?at_medium=RSS&at_campaign=rss already exists.
2026-02-04 20:01:34,928 - INFO - [BBC] Early skip: URL https://www.bbc.com/news/articles/c0jvy09dvw9o?at_medium=RSS&at_campaign=rss already exists.
2026-02-04 20:01:34,930 - INFO - [BBC] Early skip: URL https://www.bbc.com/news/articles/ce3epxznyzzo?at_medium=RSS&at_campaign=rss already exists.
2026-02-04 20:01:34,931 - INFO - [BBC] Early skip: URL https://www.bbc.com/news/articles/cpwnlwj80p8o?at_medium=RSS&at_campaign=rss already exists.
2026-02-04 20:01:34,932 - INFO - [BBC] Early skip: URL https://www.bbc.com/news/articles/c20g25w8j0xo?at_medium=RSS&at_campaign=rss already exists.
2026-02-04 20:01:34,933 - INFO - [BBC] Early skip: URL https://www.bbc.com/news/articles/cj0n3j16p8lo?at_medium=RSS&at_campaign=rss already exists.
2026-02-04 20:01:34,935 - INFO - [BBC] Early skip: URL https://www.bbc.com/news/articles/cew8qzdxnnjo?at_medium=RSS&at_campaign=rss already exists.
2026-02-04 20:01:34,936 - INFO - [BBC] Early skip: URL https://www.bbc.com/news/articles/ckglwnrx437o?at_medium=RSS&at_campaign=rss already exists.
2026-02-04 20:01:34,937 - INFO - [BBC] Early skip: URL https://www.bbc.com/news/articles/cy8p27vmyvmo?at_medium=RSS&at_campaign=rss already exists.
2026-02-04 20:01:34,938 - INFO - [BBC] Early skip: URL https://www.bbc.com/news/videos/cp9jg1kr9pjo?at_medium=RSS&at_campaign=rss already exists.
2026-02-04 20:01:34,940 - INFO - [BBC] Early skip: URL https://www.bbc.com/news/videos/c23rd925knxo?at_medium=RSS&at_campaign=rss already exists.
2026-02-04 20:01:34,941 - INFO - [BBC] Article: https://www.bbc.com/news/videos/cd9e3nzzw3zo?at_medium=RSS&at_campaign=rss
2026-02-04 20:01:34,941 - INFO - [BBC] Attempt 1/1: Trying with 'requests_browser' strategy...
2026-02-04 20:01:35,139 - INFO - [The Guardian] Success with 'requests_browser'. Found content (651 words).
2026-02-04 20:01:35,183 - INFO - Saved article: Mandelson’s links with US tech firm Palantir must be fully exposed, campaigners warn | Peter Mandelson | The Guardian from The Guardian (651 words)
2026-02-04 20:01:35,225 - WARNING - [BBC] FAILED with 'requests_browser' (content was too short: 80 words).
2026-02-04 20:01:35,225 - ERROR - [BBC] All scrape strategies failed for https://www.bbc.com/news/videos/cd9e3nzzw3zo?at_medium=RSS&at_campaign=rss. Falling back to RSS description.
2026-02-04 20:01:35,225 - WARNING - SKIPPED (GLOBAL WORD LIMIT): Article 'Watch: Why is no-one being prosecuted over the Epstein files?' from BBC has only 17 words (Min: 90).
2026-02-04 20:01:35,704 - INFO - [The Guardian] Article: https://www.theguardian.com/world/2026/feb/04/us-iran-talks-risk-collapse-oman-move-rejected
2026-02-04 20:01:35,704 - INFO - [The Guardian] Attempt 1/1: Trying with 'requests_browser' strategy...
2026-02-04 20:01:35,738 - INFO - [The Guardian] Success with 'requests_browser'. Found content (689 words).
2026-02-04 20:01:35,781 - INFO - Saved article: US and Iran talks at risk of collapse after US rejects move to Oman | Iran | The Guardian from The Guardian (689 words)
2026-02-04 20:01:36,403 - INFO - [The Guardian] Article: https://www.theguardian.com/us-news/2026/feb/04/florida-ban-west-bank-schools-state-agencies-bill
2026-02-04 20:01:36,403 - INFO - [The Guardian] Attempt 1/1: Trying with 'requests_browser' strategy...
2026-02-04 20:01:36,432 - INFO - [The Guardian] Success with 'requests_browser'. Found content (564 words).
2026-02-04 20:01:36,469 - INFO - Saved article: Florida bill seeks to ban use of ‘West Bank’ in schools and state agencies | Florida | The Guardian from The Guardian (564 words)
2026-02-04 20:01:36,505 - INFO - [BBC] Early skip: URL https://www.bbc.com/news/videos/c1m7vmzynzvo?at_medium=RSS&at_campaign=rss already exists.
2026-02-04 20:01:36,507 - INFO - [BBC] Article: https://www.bbc.com/news/videos/cgqed5qeqx4o?at_medium=RSS&at_campaign=rss
2026-02-04 20:01:36,507 - INFO - [BBC] Attempt 1/1: Trying with 'requests_browser' strategy...
2026-02-04 20:01:36,588 - WARNING - [BBC] FAILED with 'requests_browser' (content was too short: 85 words).
2026-02-04 20:01:36,588 - ERROR - [BBC] All scrape strategies failed for https://www.bbc.com/news/videos/cgqed5qeqx4o?at_medium=RSS&at_campaign=rss. Falling back to RSS description.
2026-02-04 20:01:36,588 - WARNING - SKIPPED (GLOBAL WORD LIMIT): Article ''Pay and smile' - Rome visitors face Trevi Fountain charge' from BBC has only 24 words (Min: 90).
2026-02-04 20:01:37,747 - INFO - [BBC] Article: https://www.bbc.com/news/videos/cvgdy0ze8eko?at_medium=RSS&at_campaign=rss
2026-02-04 20:01:37,747 - INFO - [BBC] Attempt 1/1: Trying with 'requests_browser' strategy...
2026-02-04 20:01:37,803 - WARNING - [BBC] FAILED with 'requests_browser' (content was too short: 86 words).
2026-02-04 20:01:37,803 - ERROR - [BBC] All scrape strategies failed for https://www.bbc.com/news/videos/cvgdy0ze8eko?at_medium=RSS&at_campaign=rss. Falling back to RSS description.
2026-02-04 20:01:37,803 - WARNING - SKIPPED (GLOBAL WORD LIMIT): Article 'Watch: Snake at train station scares Sydney commuters' from BBC has only 14 words (Min: 90).
2026-02-04 20:01:37,946 - INFO - [The Guardian] Early skip: URL https://www.theguardian.com/world/2026/feb/04/murdered-son-of-muammar-gaddafi-was-perceived-as-a-threat-to-libyas-elite already exists.
2026-02-04 20:01:37,947 - INFO - [The Guardian] Early skip: URL https://www.theguardian.com/world/2026/feb/04/israeli-strikes-gaza-patient-crossings-rafah-halted already exists.
2026-02-04 20:01:37,949 - INFO - [The Guardian] Early skip: URL https://www.theguardian.com/world/2026/feb/01/pakistan-targets-balochistan-separatists-after-unprecedented-assaults already exists.
2026-02-04 20:01:37,950 - INFO - [The Guardian] Early skip: URL https://www.theguardian.com/world/2026/feb/01/inside-myanmar-armed-resistance-junta-coup-photo-essay already exists.
2026-02-04 20:01:37,951 - INFO - [The Guardian] Early skip: URL https://www.theguardian.com/sport/2026/jan/30/breakdown-in-cricket-relations-with-bangladesh-rings-alarm-bells-for-indias-olympic-bid already exists.
2026-02-04 20:01:37,952 - INFO - [The Guardian] Early skip: URL https://www.theguardian.com/world/2026/jan/30/junta-backed-party-victory-myanmar-sham-election already exists.
2026-02-04 20:01:37,953 - INFO - [The Guardian] Early skip: URL https://www.theguardian.com/world/2026/jan/25/myanmar-election-enters-final-stage-amid-airstrikes-and-exclusions already exists.
2026-02-04 20:01:37,955 - INFO - [The Guardian] Early skip: URL https://www.theguardian.com/politics/live/2026/feb/04/peter-mandelson-files-us-ambassador-jeffrey-epstein-keir-starmer-tories-uk-politics-live-news-updates already exists.
2026-02-04 20:01:37,956 - INFO - [The Guardian] Article: https://www.theguardian.com/politics/2026/feb/04/how-was-mandelson-vetted-role-ambassador-what-did-starmer-know-epstein-explainer
2026-02-04 20:01:37,956 - INFO - [The Guardian] Attempt 1/1: Trying with 'requests_browser' strategy...
2026-02-04 20:01:38,603 - INFO - [The Guardian] Success with 'requests_browser'. Found content (644 words).
2026-02-04 20:01:38,654 - INFO - Saved article: How much did Starmer really know about Mandelson’s ties to Epstein? | Peter Mandelson | The Guardian from The Guardian (644 words)
2026-02-04 20:01:38,785 - INFO - [BBC] Early skip: URL https://www.bbc.com/news/videos/cly5l1yp72wo?at_medium=RSS&at_campaign=rss already exists.
2026-02-04 20:01:39,691 - INFO - [The Guardian] Article: https://www.theguardian.com/society/2026/feb/04/dwp-chief-accused-of-overseeing-culture-of-complacency-that-led-to-carers-allowance-scandal
2026-02-04 20:01:39,691 - INFO - [The Guardian] Attempt 1/1: Trying with 'requests_browser' strategy...
2026-02-04 20:01:40,150 - INFO - [The Guardian] Success with 'requests_browser'. Found content (589 words).
2026-02-04 20:01:40,194 - INFO - Saved article: DWP chief accused of overseeing ‘culture of complacency’ that led to carer’s allowance scandal | Carers | The Guardian from The Guardian (589 words)
2026-02-04 20:01:41,514 - INFO - [The Guardian] Early skip: URL https://www.theguardian.com/uk-news/2026/feb/04/tesco-sorry-for-putting-up-welsh-bilingual-signs-in-cornwall already exists.
2026-02-04 20:01:41,515 - INFO - [The Guardian] Early skip: URL https://www.theguardian.com/uk-news/2026/feb/04/father-toddler-abused-nursery-worker-roksana-lecka-frustrated-deportation already exists.
2026-02-04 20:01:41,517 - INFO - [The Guardian] Early skip: URL https://www.theguardian.com/us-news/live/2026/feb/04/donald-trump-epstein-files-us-politics-live-latest-news-updates already exists.
2026-02-04 20:01:41,518 - INFO - [The Guardian] Article: https://www.theguardian.com/us-news/2026/feb/04/casey-wasserman-olympics-ghislaine-maxwell
2026-02-04 20:01:41,518 - INFO - [The Guardian] Attempt 1/1: Trying with 'requests_browser' strategy...
2026-02-04 20:01:41,635 - INFO - [The Guardian] Success with 'requests_browser'. Found content (382 words).
2026-02-04 20:01:41,682 - INFO - Saved article: LA officials call on 2028 Olympics chair to resign over Ghislaine Maxwell emails | Ghislaine Maxwell | The Guardian from The Guardian (382 words)
2026-02-04 20:01:42,378 - INFO - [The Guardian] Early skip: URL https://www.theguardian.com/us-news/2026/feb/04/steve-bannon-ice-immigration-agents-polling-sites-midterm-elections already exists.
2026-02-04 20:01:42,379 - INFO - [The Guardian] Early skip: URL https://www.theguardian.com/us-news/2026/feb/04/trump-attempted-assassination-florida-life-sentence already exists.
2026-02-04 20:01:42,380 - INFO - [The Guardian] Early skip: URL https://www.theguardian.com/us-news/2026/feb/04/texas-california-abortion-pills-lawsuit already exists.
2026-02-04 20:01:44,767 - INFO - Selenium driver initialized successfully.
2026-02-04 20:01:44,767 - INFO - Starting scrape for Times of India RSS feed: https://timesofindia.indiatimes.com/rssfeeds/296589292.cms
2026-02-04 20:01:44,768 - INFO - Selenium driver initialized successfully.
2026-02-04 20:01:44,768 - INFO - Starting scrape for The Hindu RSS feed: https://www.thehindu.com/news/national/feeder/default.rss
2026-02-04 20:01:44,892 - INFO - Found 20 articles in Times of India RSS feed. Processing until 20 new articles are saved.
2026-02-04 20:01:44,893 - INFO - [Times of India] Article: https://timesofindia.indiatimes.com/world/us-streamers/theburntpeanut-becomes-twitchs-most-watched-streamer-in-january-2026/articleshow/127918216.cms
2026-02-04 20:01:44,893 - INFO - [Times of India] Attempt 1/1: Trying with 'selenium_browser' strategy...
2026-02-04 20:01:44,977 - INFO - Found 100 articles in The Hindu RSS feed. Processing until 20 new articles are saved.
2026-02-04 20:01:44,977 - INFO - [The Hindu] Article: https://www.thehindu.com/news/national/uk-asks-air-india-to-explain-boeing-dreamliner-fuel-switch-incident/article70593237.ece
2026-02-04 20:01:44,977 - INFO - [The Hindu] Attempt 1/1: Trying with 'selenium_browser' strategy...
2026-02-04 20:01:49,102 - INFO - [The Hindu] Page content loaded.
2026-02-04 20:01:49,244 - INFO - [The Hindu] Success with 'selenium_browser'. Found content (454 words).
2026-02-04 20:01:49,324 - INFO - Saved article: U.K. asks Air India to explain Boeing Dreamliner fuel-switch incident - The Hindu from The Hindu (454 words)
2026-02-04 20:01:50,759 - INFO - [The Hindu] Article: https://www.thehindu.com/news/national/tamil-nadu/woman-attender-injured-after-roof-plastering-peeled-off-at-tirupattur-gh/article70592089.ece
2026-02-04 20:01:50,759 - INFO - [The Hindu] Attempt 1/1: Trying with 'selenium_browser' strategy...
2026-02-04 20:01:55,191 - INFO - [The Hindu] Page content loaded.
2026-02-04 20:01:55,293 - INFO - [The Hindu] Success with 'selenium_browser'. Found content (449 words).
2026-02-04 20:01:55,406 - INFO - Saved article: Woman attender injured after roof plastering peeled off at Tirupattur GH - The Hindu from The Hindu (449 words)
2026-02-04 20:01:56,631 - INFO - [The Hindu] Early skip: URL https://www.thehindu.com/news/national/karnataka/12-accused-of-disrobing-vantamuri-woman-sentenced-to-five-years-rigorous-imprisonment/article70591545.ece already exists.
2026-02-04 20:01:56,632 - INFO - [The Hindu] Early skip: URL https://www.thehindu.com/news/national/karnataka/bengaluru-east-corporation-examines-adoption-of-land-value-capture-for-hoodi-flyover/article70592541.ece already exists.
2026-02-04 20:01:56,634 - INFO - [The Hindu] Early skip: URL https://www.thehindu.com/news/national/karnataka/yatnal-alleges-bias-in-karnataka-bjps-fight-against-corruption/article70592398.ece already exists.
2026-02-04 20:01:56,635 - INFO - [The Hindu] Early skip: URL https://www.thehindu.com/news/national/karnataka/disruption-in-karnataka-assembly-over-shivalinge-gowdas-remarks/article70592184.ece already exists.
2026-02-04 20:01:56,637 - INFO - [The Hindu] Article: https://www.thehindu.com/news/national/telangana/statewide-anti-narcotics-drive-nets-75-absconding-accused-eagle-force-steps-up-enforcement/article70591848.ece
2026-02-04 20:01:56,637 - INFO - [The Hindu] Attempt 1/1: Trying with 'selenium_browser' strategy...
2026-02-04 20:01:57,440 - INFO - [The Hindu] Page content loaded.
2026-02-04 20:01:57,515 - INFO - [The Hindu] Success with 'selenium_browser'. Found content (375 words).
2026-02-04 20:01:57,617 - INFO - Saved article: Statewide anti-narcotics drive nets 75 absconding accused, EAGLE Force steps up enforcement - The Hindu from The Hindu (375 words)
2026-02-04 20:01:58,446 - INFO - [The Hindu] Early skip: URL https://www.thehindu.com/news/national/tamil-nadu/centre-gives-a-pittance-to-tn-despite-state-ranking-2ndon-economic-front-cm/article70591442.ece already exists.
2026-02-04 20:01:58,454 - INFO - [The Hindu] Early skip: URL https://www.thehindu.com/news/national/tamil-nadu/dvac-assures-court-of-proper-probe-into-eds-plaint-against-nehrus-dept/article70592146.ece already exists.
2026-02-04 20:01:58,458 - INFO - [The Hindu] Article: https://www.thehindu.com/news/national/andre-beteille-obituary-a-sociologist-with-rigorous-scholarship-who-laid-emphasis-on-importance-of-fieldwork/article70592202.ece
2026-02-04 20:01:58,458 - INFO - [The Hindu] Attempt 1/1: Trying with 'selenium_browser' strategy...
2026-02-04 20:01:59,969 - INFO - [The Hindu] Page content loaded.
2026-02-04 20:02:00,162 - INFO - [The Hindu] Success with 'selenium_browser'. Found content (530 words).
2026-02-04 20:02:00,246 - INFO - Saved article: Andre Beteille obituary: A sociologist with rigorous scholarship who laid emphasis on importance of fieldwork - The Hindu from The Hindu (530 words)
2026-02-04 20:02:01,436 - INFO - [The Hindu] Early skip: URL https://www.thehindu.com/news/national/andhra-pradesh/fake-currency-racket-busted-four-arrested-in-andhra/article70592400.ece already exists.
2026-02-04 20:02:01,438 - INFO - [The Hindu] Early skip: URL https://www.thehindu.com/news/national/tamil-nadu/selvaperunthagai-to-raise-mgnrega-issue-during-padayatra/article70592538.ece already exists.
2026-02-04 20:02:01,439 - INFO - [The Hindu] Early skip: URL https://www.thehindu.com/news/national/andhra-pradesh/andhra-dgp-launches-ai4ap-police-project/article70592479.ece already exists.
2026-02-04 20:02:01,440 - INFO - [The Hindu] Early skip: URL https://www.thehindu.com/news/national/andhra-pradesh/awareness-can-prevent-cancer-says-expert/article70592389.ece already exists.
2026-02-04 20:02:01,442 - INFO - [The Hindu] Early skip: URL https://www.thehindu.com/news/national/andhra-pradesh/intermediate-board-secretary-inspects-practical-examination-centre/article70592557.ece already exists.
2026-02-04 20:02:01,443 - INFO - [The Hindu] Early skip: URL https://www.thehindu.com/news/national/karnataka/security-guards-of-the-bangalore-club-accused-of-assaulting-man/article70591919.ece already exists.
2026-02-04 20:02:01,444 - INFO - [The Hindu] Early skip: URL https://www.thehindu.com/news/national/karnataka/karnataka-opposition-continues-protest-over-excise-department-scam/article70592193.ece already exists.
2026-02-04 20:02:01,445 - INFO - [The Hindu] Early skip: URL https://www.thehindu.com/news/national/kerala/world-cancer-day-observed/article70592609.ece already exists.
2026-02-04 20:02:01,446 - INFO - [The Hindu] Early skip: URL https://www.thehindu.com/news/national/kerala/seven-children-rescued-from-ernakulam-south-station-in-a-week/article70592720.ece already exists.
2026-02-04 20:02:01,448 - INFO - [The Hindu] Early skip: URL https://www.thehindu.com/news/national/tamil-nadu/kamal-haasan-maiden-speech-in-rajya-sabha-special-intensive-revision-a-disease-giving-rise-to-many-living-dead/article70592787.ece already exists.
2026-02-04 20:02:01,449 - INFO - [The Hindu] Early skip: URL https://www.thehindu.com/news/national/karnataka/father-son-habitual-offenders-from-bihar-arrested-in-bengaluru-in-coordinated-effort/article70592990.ece already exists.
2026-02-04 20:02:01,450 - INFO - [The Hindu] Early skip: URL https://www.thehindu.com/news/national/tamil-nadu/theft-case-against-ajith-kumar-closed-cbi-to-madurai-bench-of-the-madras-high-court/article70592608.ece already exists.
2026-02-04 20:02:01,451 - INFO - [The Hindu] Early skip: URL https://www.thehindu.com/news/national/lok-sabha-dramatic-protests-pms-reply-to-the-motion-of-thanks/article70592828.ece already exists.
2026-02-04 20:02:01,453 - INFO - [The Hindu] Early skip: URL https://www.thehindu.com/news/national/karnataka/ficci-ladies-organisation-opens-a-50-acre-industrial-park-in-gauribidanur/article70593100.ece already exists.
2026-02-04 20:02:01,454 - INFO - [The Hindu] Early skip: URL https://www.thehindu.com/news/national/karnataka/karnataka-to-roll-out-automated-land-mutation-system-statewide/article70593065.ece already exists.
2026-02-04 20:02:01,455 - INFO - [The Hindu] Early skip: URL https://www.thehindu.com/news/national/tmc-and-bjp-spar-in-rajya-sabha/article70592397.ece already exists.
2026-02-04 20:02:01,456 - INFO - [The Hindu] Early skip: URL https://www.thehindu.com/news/national/tamil-nadu/a-mischievous-case-filed-against-minister-palanivel-thiaga-rajan-says-madras-high-court/article70592471.ece already exists.
2026-02-04 20:02:01,458 - INFO - [The Hindu] Early skip: URL https://www.thehindu.com/news/national/ladakh/home-ministry-ladakh-leaders-talks-remain-inconclusive/article70593023.ece already exists.
2026-02-04 20:02:01,459 - INFO - [The Hindu] Early skip: URL https://www.thehindu.com/news/national/climate-models-underestimate-how-much-hotter-indian-cities-are-compared-to-rural-areas/article70592143.ece already exists.
2026-02-04 20:02:01,460 - INFO - [The Hindu] Early skip: URL https://www.thehindu.com/news/national/kerala/malappuram-man-held-for-alleged-role-in-1-crore-cyber-fraud/article70592818.ece already exists.
2026-02-04 20:02:01,461 - INFO - [The Hindu] Early skip: URL https://www.thehindu.com/news/national/kerala/hc-quashes-pocso-case-against-youth-who-married-survivor/article70592723.ece already exists.
2026-02-04 20:02:01,463 - INFO - [The Hindu] Early skip: URL https://www.thehindu.com/news/national/piyush-goyal-lost-moral-authority-to-continue-as-minister-says-samyukt-kisan-morcha/article70592447.ece already exists.
2026-02-04 20:02:01,464 - INFO - [The Hindu] Early skip: URL https://www.thehindu.com/news/national/assets-worth-2783-crore-to-be-seized-for-fema-violations/article70592718.ece already exists.
2026-02-04 20:02:01,465 - INFO - [The Hindu] Early skip: URL https://www.thehindu.com/news/national/karnataka/karnataka-hc-says-prima-facie-in-situ-rehabilitation-may-not-be-possible-in-kogilu-govt-land/article70592592.ece already exists.
2026-02-04 20:02:01,466 - INFO - [The Hindu] Early skip: URL https://www.thehindu.com/news/national/supreme-court-asks-if-centre-can-reconsider-sonam-wangchuks-detention-on-health-grounds/article70592893.ece already exists.
2026-02-04 20:02:01,467 - INFO - [The Hindu] Early skip: URL https://www.thehindu.com/news/national/pm-modi-to-visit-malaysia-from-february-7-to-8/article70592908.ece already exists.
2026-02-04 20:02:01,469 - INFO - [The Hindu] Early skip: URL https://www.thehindu.com/news/national/karnataka/litigants-can-directly-approach-high-court-if-police-station-rejects-complainant-says-karnataka-hc/article70592157.ece already exists.
2026-02-04 20:02:01,470 - INFO - [The Hindu] Article: https://www.thehindu.com/news/national/kerala/land-for-ayya-vaikunda-memorial/article70592700.ece
2026-02-04 20:02:01,470 - INFO - [The Hindu] Attempt 1/1: Trying with 'selenium_browser' strategy...
2026-02-04 20:02:02,294 - INFO - [The Hindu] Page content loaded.
2026-02-04 20:02:02,424 - WARNING - [The Hindu] FAILED with 'selenium_browser' (content was too short: 73 words).
2026-02-04 20:02:02,424 - ERROR - [The Hindu] All scrape strategies failed for https://www.thehindu.com/news/national/kerala/land-for-ayya-vaikunda-memorial/article70592700.ece. Falling back to RSS description.
2026-02-04 20:02:02,424 - WARNING - SKIPPED (GLOBAL WORD LIMIT): Article 'Land for Ayya Vaikunda memorial' from The Hindu has only 3 words (Min: 90).
2026-02-04 20:02:03,183 - INFO - [The Hindu] Early skip: URL https://www.thehindu.com/news/national/mamata-banerjees-visit-to-supreme-court-was-part-of-scripted-drama-bjp/article70592472.ece already exists.
2026-02-04 20:02:03,186 - INFO - [The Hindu] Early skip: URL https://www.thehindu.com/news/national/kerala/28-communities-included-on-sebc-list/article70592867.ece already exists.
2026-02-04 20:02:03,187 - INFO - [The Hindu] Early skip: URL https://www.thehindu.com/news/national/chhattisgarh/victims-recall-horrific-ordeal-during-communal-violence-in-chhattisgarhs-gariaband/article70592147.ece already exists.
2026-02-04 20:02:03,189 - INFO - [The Hindu] Early skip: URL https://www.thehindu.com/news/national/trinamool-congress-hails-mamata-banerjees-supreme-court-appearance-as-big-win/article70592449.ece already exists.
2026-02-04 20:02:03,191 - INFO - [The Hindu] Early skip: URL https://www.thehindu.com/news/national/kerala/west-kochi-continues-to-experience-acute-water-shortage/article70592415.ece already exists.
2026-02-04 20:02:03,193 - INFO - [The Hindu] Early skip: URL https://www.thehindu.com/news/national/andhra-pradesh/sakhi-one-stop-centres-helping-to-ensure-safety-dignity-of-women-ntr-collector/article70592484.ece already exists.
2026-02-04 20:02:03,198 - INFO - [The Hindu] Early skip: URL https://www.thehindu.com/news/national/andhra-pradesh/jagan-trying-to-create-unrest-among-public-alleges-atchannaidu/article70592622.ece already exists.
2026-02-04 20:02:03,200 - INFO - [The Hindu] Early skip: URL https://www.thehindu.com/news/national/kerala/ruchi-mela-to-raise-funds-for-palliative-care/article70592854.ece already exists.
2026-02-04 20:02:03,203 - INFO - [The Hindu] Early skip: URL https://www.thehindu.com/news/national/cci-probes-indigo-for-dominance-abuse-fare-hikes-after-december-flight-cancellations/article70592494.ece already exists.
2026-02-04 20:02:03,204 - INFO - [The Hindu] Early skip: URL https://www.thehindu.com/news/national/mamata-banerjee-supreme-court-sir-hearing-cji-electoral-roll-eci-west-bengal/article70592366.ece already exists.
2026-02-04 20:02:03,207 - INFO - [The Hindu] Early skip: URL https://www.thehindu.com/news/national/karnataka/karnataka-assembly-passes-resolution-against-vb-g-ram-g-demands-reinstatement-of-mgnrega/article70592519.ece already exists.
2026-02-04 20:02:03,210 - INFO - [The Hindu] Early skip: URL https://www.thehindu.com/news/national/andhra-pradesh/forest-department-uses-tech-to-track-tiger-ropes-in-pune-based-experts-to-tranquilise-it/article70592593.ece already exists.
2026-02-04 20:02:03,212 - INFO - [The Hindu] Early skip: URL https://www.thehindu.com/news/national/karnataka/cave-in-near-attibele-disrupts-traffic-on-bengaluruhosur-road/article70592235.ece already exists.
2026-02-04 20:02:03,213 - INFO - [The Hindu] Early skip: URL https://www.thehindu.com/news/cities/Hyderabad/cyberabad-police-arrest-parents-for-forcing-children-into-begging-in-first-of-its-kind-action/article70592417.ece already exists.
2026-02-04 20:02:03,216 - INFO - [The Hindu] Early skip: URL https://www.thehindu.com/news/national/karnataka/gba-to-host-open-house-to-highlight-citizen-identified-public-space-projects/article70592639.ece already exists.
2026-02-04 20:02:03,217 - INFO - [The Hindu] Early skip: URL https://www.thehindu.com/news/cities/Hyderabad/phone-in-with-hydraa-every-saturday/article70592489.ece already exists.
2026-02-04 20:02:03,224 - INFO - [The Hindu] Early skip: URL https://www.thehindu.com/news/national/telangana/civic-poll-campaign-shifts-to-top-gear-in-tg/article70592655.ece already exists.
2026-02-04 20:02:03,226 - INFO - [The Hindu] Early skip: URL https://www.thehindu.com/news/national/kerala/kerala-to-fund-1900-crore-for-sabari-rail-project/article70592565.ece already exists.
2026-02-04 20:02:03,228 - INFO - [The Hindu] Early skip: URL https://www.thehindu.com/news/national/andhra-pradesh/jana-sena-party-mla-booked-for-cheating-woman-employee/article70592682.ece already exists.
2026-02-04 20:02:03,229 - INFO - [The Hindu] Early skip: URL https://www.thehindu.com/news/national/karnataka/bengaluru-metro-fares-set-to-rise-by-5-from-february-9/article70592291.ece already exists.
2026-02-04 20:02:03,230 - INFO - [The Hindu] Early skip: URL https://www.thehindu.com/news/national/kerala/csirniist-noritake-co-ltd-forge-partnership-for-advanced-co2-capture-technologies/article70592742.ece already exists.
2026-02-04 20:02:03,233 - INFO - [The Hindu] Early skip: URL https://www.thehindu.com/news/national/telangana/woman-lawyer-killed-by-brother-over-property-dispute-in-moinabad/article70592336.ece already exists.
2026-02-04 20:02:03,237 - INFO - [The Hindu] Early skip: URL https://www.thehindu.com/news/cities/Hyderabad/sigachi-industries-ceo-gets-bail/article70592244.ece already exists.
2026-02-04 20:02:03,240 - INFO - [The Hindu] Early skip: URL https://www.thehindu.com/news/national/kerala/augusthy-withdraws-retirement-decision-from-politics/article70592688.ece already exists.
2026-02-04 20:02:03,241 - INFO - [The Hindu] Early skip: URL https://www.thehindu.com/news/national/kerala/water-crisis-threatens-paddy-fields-in-various-panchayats-in-thrissur-farmers-warn-of-mass-protests-against-kseb/article70592426.ece already exists.
2026-02-04 20:02:03,243 - INFO - [The Hindu] Early skip: URL https://www.thehindu.com/news/national/telangana/tiger-made-eight-cattle-kills-over-three-weeks-in-yadadri-bhuvanagiri-district/article70592356.ece already exists.
2026-02-04 20:02:03,248 - INFO - [The Hindu] Article: https://www.thehindu.com/news/national/kerala/kr-gouri-endowment-lecture/article70592590.ece
2026-02-04 20:02:03,248 - INFO - [The Hindu] Attempt 1/1: Trying with 'selenium_browser' strategy...
2026-02-04 20:02:04,931 - ERROR - [Times of India] Request failed for strategy 'selenium_browser' on URL https://timesofindia.indiatimes.com/world/us-streamers/theburntpeanut-becomes-twitchs-most-watched-streamer-in-january-2026/articleshow/127918216.cms: Message: timeout: Timed out receiving message from renderer: 19.598
  (Session info: chrome=144.0.7559.96)
Stacktrace:
#0 0x56257a189a4a <unknown>
#1 0x562579ba26a2 <unknown>
#2 0x562579b89d87 <unknown>
#3 0x562579b89996 <unknown>
#4 0x562579b874a1 <unknown>
#5 0x562579b87e2f <unknown>
#6 0x562579b97360 <unknown>
#7 0x562579bb1357 <unknown>
#8 0x562579bb856b <unknown>
#9 0x562579b88599 <unknown>
#10 0x562579bb10ec <unknown>
#11 0x562579c40b68 <unknown>
#12 0x562579be98b2 <unknown>
#13 0x562579bea6a1 <unknown>
#14 0x56257a14f8a9 <unknown>
#15 0x56257a1527b1 <unknown>
#16 0x56257a13bea9 <unknown>
#17 0x56257a15336e <unknown>
#18 0x56257a122410 <unknown>
#19 0x56257a1770c8 <unknown>
#20 0x56257a17729b <unknown>
#21 0x56257a188db8 <unknown>
#22 0x7f8901a9caa4 <unknown>
#23 0x7f8901b29c6c <unknown>

2026-02-04 20:02:04,931 - ERROR - [Times of India] All scrape strategies failed for https://timesofindia.indiatimes.com/world/us-streamers/theburntpeanut-becomes-twitchs-most-watched-streamer-in-january-2026/articleshow/127918216.cms. Falling back to RSS description.
2026-02-04 20:02:04,935 - WARNING - SKIPPED (GLOBAL WORD LIMIT): Article 'TheBurntPeanut becomes Twitch’s most-watched streamer in January 2026' from Times of India has only 50 words (Min: 90).
2026-02-04 20:02:05,939 - INFO - [Times of India] Article: https://timesofindia.indiatimes.com/world/us/every-minute-i-spent-with-him-bill-gates-breaks-silence-on-fresh-batch-of-epstein-files-released-by-doj/articleshow/127917705.cms
2026-02-04 20:02:05,940 - INFO - [Times of India] Attempt 1/1: Trying with 'selenium_browser' strategy...
2026-02-04 20:02:07,368 - INFO - [Times of India] Page content loaded.
2026-02-04 20:02:07,417 - INFO - [The Hindu] Page content loaded.
2026-02-04 20:02:07,764 - WARNING - [The Hindu] FAILED with 'selenium_browser' (content was too short: 75 words).
2026-02-04 20:02:07,764 - ERROR - [The Hindu] All scrape strategies failed for https://www.thehindu.com/news/national/kerala/kr-gouri-endowment-lecture/article70592590.ece. Falling back to RSS description.
2026-02-04 20:02:07,764 - WARNING - SKIPPED (GLOBAL WORD LIMIT): Article 'K.R. Gouri endowment lecture' from The Hindu has only 3 words (Min: 90).
2026-02-04 20:02:07,815 - INFO - [Times of India] Success with 'selenium_browser'. Found content (622 words).
2026-02-04 20:02:08,147 - INFO - Saved article: ‘Every minute I spent with him...’: Bill Gates breaks silence on fresh batch of Epstein files released by DOJ - The Times of India from Times of India (622 words)
2026-02-04 20:02:08,733 - INFO - [The Hindu] Early skip: URL https://www.thehindu.com/news/national/kerala/absconding-agricultural-officer-held-from-bengaluru/article70592698.ece already exists.
2026-02-04 20:02:08,735 - INFO - [The Hindu] Early skip: URL https://www.thehindu.com/news/national/kerala/cabinet-nod-for-land-acquisition-for-establishing-aerospace-control-systems-centre-under-kspace/article70592659.ece already exists.
2026-02-04 20:02:08,736 - INFO - [The Hindu] Early skip: URL https://www.thehindu.com/news/national/telangana/tg-govt-a-commission-appeasment-govt-says-nabin/article70592420.ece already exists.
2026-02-04 20:02:08,738 - INFO - [The Hindu] Early skip: URL https://www.thehindu.com/news/national/telangana/hyderabad-cyber-crime-police-arrest-delhi-man-in-107-crore-digital-arrest-fraud-case/article70591704.ece already exists.
2026-02-04 20:02:08,740 - INFO - [The Hindu] Early skip: URL https://www.thehindu.com/news/national/kerala/man-sentenced-to-14-years-rigorous-imprisonment-for-assaulting-minor-girl/article70592414.ece already exists.
2026-02-04 20:02:08,743 - INFO - [The Hindu] Early skip: URL https://www.thehindu.com/news/national/andhra-pradesh/state-level-workshop-on-apaar-credit-seeding-held-at-vikrama-simhapuri-university/article70592305.ece already exists.
2026-02-04 20:02:08,748 - INFO - [The Hindu] Early skip: URL https://www.thehindu.com/news/national/kerala/withdraw-from-india-us-trade-deal-minister/article70592475.ece already exists.
2026-02-04 20:02:08,752 - INFO - [The Hindu] Early skip: URL https://www.thehindu.com/news/national/telangana/gaddar-film-awards-screening-process-from-february-6-deputy-cm/article70592223.ece already exists.
2026-02-04 20:02:08,757 - INFO - [The Hindu] Early skip: URL https://www.thehindu.com/news/national/karnataka/1166-fatal-electrical-accidents-in-a-decade-in-gescom-limits/article70592657.ece already exists.
2026-02-04 20:02:08,759 - INFO - [The Hindu] Early skip: URL https://www.thehindu.com/news/national/karnataka/bengaluru-tele-manas-mental-health-helpline-integrated-with-namma-112/article70592252.ece already exists.
2026-02-04 20:02:08,760 - INFO - [The Hindu] Early skip: URL https://www.thehindu.com/news/national/andhra-pradesh/m-ravichandra-to-take-charge-as-new-ttd-executive-officer-on-february-6/article70592431.ece already exists.
2026-02-04 20:02:08,761 - INFO - [The Hindu] Early skip: URL https://www.thehindu.com/news/national/andhra-pradesh/tirupati-police-arrest-13-for-abduction-assault-of-student-union-leaders/article70592559.ece already exists.
2026-02-04 20:02:08,763 - INFO - [The Hindu] Early skip: URL https://www.thehindu.com/news/national/kerala/indo-us-trade-deal-signals-danger-for-india-says-kerala-finance-minister-kn-balagopal/article70592576.ece already exists.
2026-02-04 20:02:08,766 - INFO - [The Hindu] Early skip: URL https://www.thehindu.com/news/national/kerala/school-health-programme-for-holistic-health-well-being-of-students/article70592512.ece already exists.
2026-02-04 20:02:08,767 - INFO - [The Hindu] Early skip: URL https://www.thehindu.com/news/national/andhra-pradesh/hc-issues-notices-to-bar-council-of-india-and-ap-on-plea-for-33-quota-for-women-advocates/article70592337.ece already exists.
2026-02-04 20:02:08,769 - INFO - [The Hindu] Early skip: URL https://www.thehindu.com/news/national/kerala/electric-buses-in-23-routes-in-the-city-mayor/article70592178.ece already exists.
2026-02-04 20:02:08,770 - INFO - [The Hindu] Early skip: URL https://www.thehindu.com/news/national/kerala/maternity-leave-is-a-right-cant-be-clubbed-with-regular-leave-kerala-hc/article70592603.ece already exists.
2026-02-04 20:02:08,774 - INFO - [The Hindu] Early skip: URL https://www.thehindu.com/news/cities/Hyderabad/hyderabads-mnj-cancer-hospital-performs-over-250-free-robotic-assisted-surgeries-in-30-months/article70591434.ece already exists.
2026-02-04 20:02:08,775 - INFO - [The Hindu] Early skip: URL https://www.thehindu.com/news/national/andhra-pradesh/awareness-programmes-held-across-nellore-to-mark-world-cancer-day/article70592213.ece already exists.
2026-02-04 20:02:08,777 - INFO - [The Hindu] Early skip: URL https://www.thehindu.com/news/national/kerala/quantum-wonders-enthral-science-enthusiasts/article70592464.ece already exists.
2026-02-04 20:02:08,779 - INFO - [The Hindu] Early skip: URL https://www.thehindu.com/news/national/kerala/karuvannur-bank-polls-an-attempt-to-whitewash-loot-says-thrissur-dcc-president-joseph-tajet/article70591998.ece already exists.
2026-02-04 20:02:08,781 - INFO - [The Hindu] Early skip: URL https://www.thehindu.com/news/national/andhra-pradesh/elaborate-arrangements-for-srinivasa-mangapuram-brahmotsavam/article70591999.ece already exists.
2026-02-04 20:02:08,782 - INFO - [The Hindu] Early skip: URL https://www.thehindu.com/education/education-minister-urges-canadian-varsities-to-establish-india-campuses/article70591843.ece already exists.
2026-02-04 20:02:08,787 - INFO - [The Hindu] Early skip: URL https://www.thehindu.com/news/national/kerala/ldf-rally-to-cover-kozhikode-from-february-6/article70592148.ece already exists.
2026-02-04 20:02:08,790 - INFO - [The Hindu] Early skip: URL https://www.thehindu.com/news/national/telangana/tgpsc-aspirants-protest-over-job-calendar/article70592306.ece already exists.
2026-02-04 20:02:08,794 - INFO - [The Hindu] Early skip: URL https://www.thehindu.com/news/national/kerala/sabarimala-gold-case-kerala-hc-says-sit-probe-is-progressing-in-the-right-direction/article70592402.ece already exists.
2026-02-04 20:02:08,796 - INFO - [The Hindu] Early skip: URL https://www.thehindu.com/news/national/kerala/imhans-yet-to-have-a-full-time-director/article70592023.ece already exists.
2026-02-04 20:02:08,800 - INFO - [The Hindu] Early skip: URL https://www.thehindu.com/news/national/kerala/vigilance-arrests-priest-in-sabarimala-ghee-embezzlement-case/article70592286.ece already exists.
2026-02-04 20:02:08,801 - INFO - [The Hindu] Early skip: URL https://www.thehindu.com/news/national/andhra-pradesh/jsp-leader-alleges-ysrcp-corruption-in-tirumala-laddu-row/article70591959.ece already exists.
2026-02-04 20:02:08,804 - INFO - [The Hindu] Early skip: URL https://www.thehindu.com/news/national/kerala/no-compromise-with-extremism-no-apology-for-faith-binoy-viswam/article70591846.ece already exists.
2026-02-04 20:02:08,807 - INFO - [The Hindu] Early skip: URL https://www.thehindu.com/news/national/kerala/mp-raises-toll-collection-issue-on-kozhikode-bypass-in-ls/article70591444.ece already exists.
2026-02-04 20:02:08,813 - INFO - [The Hindu] Early skip: URL https://www.thehindu.com/news/national/kerala/police-step-up-crackdown-on-unaccounted-money-in-kozhikode/article70591568.ece already exists.
2026-02-04 20:02:08,814 - INFO - [The Hindu] Early skip: URL https://www.thehindu.com/news/national/karnataka/hariprasad-dares-bjp-to-push-centre-to-declare-pakistan-enemy-nation/article70591961.ece already exists.
2026-02-04 20:02:08,819 - INFO - [The Hindu] Early skip: URL https://www.thehindu.com/news/national/karnataka/teresian-college-hosts-meet-on-intellectual-property-rights/article70592310.ece already exists.
2026-02-04 20:02:08,821 - INFO - [The Hindu] Early skip: URL https://www.thehindu.com/news/national/karnataka/expert-panel-to-review-engineering-education-amid-falling-demand-for-core-branches-in-karnataka/article70591598.ece already exists.
2026-02-04 20:02:08,822 - INFO - [The Hindu] (Thread) Finished. Attempting to shut down its Selenium driver.
2026-02-04 20:02:09,020 - INFO - [The Hindu] (Thread) driver.quit() successful.
2026-02-04 20:02:09,496 - INFO - [Times of India] Early skip: URL https://timesofindia.indiatimes.com/world/us/is-trumps-gold-card-illegal-lawsuit-says-scientists-engineers-waiting-in-queues-while-the-rich-gets-entry/articleshow/127917594.cms already exists.
2026-02-04 20:02:09,498 - INFO - [Times of India] Early skip: URL https://timesofindia.indiatimes.com/world/us-streamers/xqc-slams-plaqueboymax-after-defending-aspen-kartier-as-animal-abuse-allegations-spark-outrage-across-twitch-community/articleshow/127916812.cms already exists.
2026-02-04 20:02:09,499 - INFO - [Times of India] Early skip: URL https://timesofindia.indiatimes.com/world/uk/who-is-vikas-nath-indian-origin-restaurant-owner-admits-to-spiking-womans-drink-with-date-rape-drug/articleshow/127915113.cms already exists.
2026-02-04 20:02:09,501 - INFO - [Times of India] Early skip: URL https://timesofindia.indiatimes.com/world/china/harry-potters-villain-draco-malfoy-trends-in-chinas-lunar-new-year-celebrations-heres-why/articleshow/127915844.cms already exists.
2026-02-04 20:02:09,503 - INFO - [Times of India] Early skip: URL https://timesofindia.indiatimes.com/world/us/your-entire-city-council-can-be-indian-frisco-resident-clashes-with-indian-origin-burt-thakur-on-indian-takeover/articleshow/127915990.cms already exists.
2026-02-04 20:02:09,504 - INFO - [Times of India] Early skip: URL https://timesofindia.indiatimes.com/world/us/trump-assassination-attempt-case-man-convicted-in-florida-golf-course-shooting-case-gets-life-in-prison/articleshow/127915795.cms already exists.
2026-02-04 20:02:09,505 - INFO - [Times of India] Early skip: URL https://timesofindia.indiatimes.com/world/us/excellent-conversation-donald-trump-xi-jinping-discuss-trade-taiwan-iran-ukraine-in-long-and-thorough-phone-call/articleshow/127915118.cms already exists.
2026-02-04 20:02:09,506 - INFO - [Times of India] Early skip: URL https://timesofindia.indiatimes.com/world/us/indians-came-to-america-and-then-they-became-burt-thakur-speaks-on-indian-takeover-at-frisco-council-meeting/articleshow/127914664.cms already exists.
2026-02-04 20:02:09,508 - INFO - [Times of India] Early skip: URL https://timesofindia.indiatimes.com/world/us/pakistani-american-businessman-says-denying-green-card-holders-govt-loan-bad-policy-as-a-former-sba-leader-/articleshow/127913982.cms already exists.
2026-02-04 20:02:09,509 - INFO - [Times of India] Early skip: URL https://timesofindia.indiatimes.com/world/us/unprecedented-collaboration-donald-trumps-border-czar-tom-homan-announces-withdrawal-of-700-immigration-agents-in-minnesota/articleshow/127913615.cms already exists.
2026-02-04 20:02:09,510 - INFO - [Times of India] Early skip: URL https://timesofindia.indiatimes.com/world/us/what-happened-to-india-hater-maga-influencer-elijah-schaffer-conspiracy-theories-abound-over-deleted-posts-on-wife-kids-fbi/articleshow/127912091.cms already exists.
2026-02-04 20:02:09,511 - INFO - [Times of India] Early skip: URL https://timesofindia.indiatimes.com/world/uk/getting-out-of-india-such-a-big-deal-woman-celebrating-uk-visa-approval-gets-hate-online-we-will-make-deportation-parties/articleshow/127910814.cms already exists.
2026-02-04 20:02:09,513 - INFO - [Times of India] Early skip: URL https://timesofindia.indiatimes.com/world/us/they-made-me-look-weak-arrested-minnesota-protester-breaks-silence-on-white-house-doctored-photo/articleshow/127909947.cms already exists.
2026-02-04 20:02:09,514 - INFO - [Times of India] Early skip: URL https://timesofindia.indiatimes.com/world/us/could-make-good-use-of-noams-advice-noam-chomskys-wife-asked-jeffrey-epstein-to-set-up-meeting-with-donald-trump/articleshow/127909661.cms already exists.
2026-02-04 20:02:09,515 - INFO - [Times of India] Early skip: URL https://timesofindia.indiatimes.com/world/middle-east/art-basel-qatar-opens-in-doha-breaks-its-own-rules-in-the-gulf-and-the-art-world-is-watching/articleshow/127908079.cms already exists.
2026-02-04 20:02:09,516 - INFO - [Times of India] Early skip: URL https://timesofindia.indiatimes.com/world/us/indian-origin-man-in-new-jersey-calls-cops-to-brag-about-how-he-escaped-a-police-chase-gets-arrested/articleshow/127909057.cms already exists.
2026-02-04 20:02:09,517 - INFO - [Times of India] Early skip: URL https://timesofindia.indiatimes.com/world/us-streamers/destroy-the-ancient-world-candace-owens-faces-backlash-over-viral-conspiracy-claims-about-judaism/articleshow/127900828.cms already exists.
2026-02-04 20:02:09,519 - INFO - [Times of India] Early skip: URL https://timesofindia.indiatimes.com/world/rest-of-world/exemplary-partnership-putin-calls-russiachina-ties-a-stabilising-force-in-video-call-with-xi-jinping/articleshow/127907943.cms already exists.
2026-02-04 20:02:09,520 - INFO - [Times of India] (Thread) Finished. Attempting to shut down its Selenium driver.
2026-02-04 20:02:09,722 - INFO - [Times of India] (Thread) driver.quit() successful.
2026-02-04 20:02:09,722 - INFO - Shutting down thread pool (wait=False)...
2026-02-04 20:02:09,722 - INFO - Scraped: 4 The Hindu, 6 The Guardian, 1 Times of India, 0 BBC articles. (Total saved: 11)
2026-02-04 20:02:09,722 - INFO - --- Scraping job finished ---
2026-02-04 20:02:09,728 - INFO - --- Scraper service stopped and database connection closed. ---
2026-02-04 20:02:09,728 - INFO - --- Main thread finished. Forcing process exit to kill zombie threads. ---
