2026-01-19 11:27:54,580 - INFO - Loading AI Semantic Model (all-MiniLM-L6-v2)...
2026-01-19 11:27:54,580 - INFO - Use pytorch device_name: cpu
2026-01-19 11:27:54,580 - INFO - Load pretrained SentenceTransformer: all-MiniLM-L6-v2
2026-01-19 11:27:55,733 - INFO - AI Model loaded successfully.
2026-01-19 11:27:55,734 - INFO - --- Scraper service started (CI Mode: Run Once) ---
2026-01-19 11:27:55,734 - INFO - --- Starting new scraping job (Parallel Mode) ---
2026-01-19 11:27:55,734 - INFO - Creating new robust session with 3 retries on 5xx/connection/read errors.
2026-01-19 11:27:55,734 - INFO - Proxy is DISABLED.
2026-01-19 11:27:55,734 - INFO - Starting scrape for BBC RSS feed: http://feeds.bbci.co.uk/news/world/rss.xml
2026-01-19 11:27:55,735 - INFO - [Times of India] (Thread) requires Selenium. Initializing driver...
2026-01-19 11:27:55,736 - INFO - Starting scrape for The Guardian RSS feed: https://www.theguardian.com/world/rss
2026-01-19 11:27:55,736 - INFO - [The Hindu] (Thread) requires Selenium. Initializing driver...
2026-01-19 11:27:55,737 - INFO - Submitted 4 jobs to thread pool. Waiting up to 300s for completion...
2026-01-19 11:27:55,875 - INFO - Found 45 articles in The Guardian RSS feed. Processing up to 30.
2026-01-19 11:27:55,875 - INFO - [The Guardian] Early skip: URL https://www.theguardian.com/global-development/2026/jan/19/brazen-political-influence-rich-laid-bare-wealth-billionaires-inequality-poverty-instability-oxfam already exists.
2026-01-19 11:27:56,057 - INFO - [The Guardian] Early skip: URL https://www.theguardian.com/world/2026/jan/18/ugandas-president-calls-opponents-terrorists-in-victory-speech already exists.
2026-01-19 11:27:56,143 - INFO - Found 34 articles in BBC RSS feed. Processing up to 30.
2026-01-19 11:27:56,312 - INFO - [The Guardian] Early skip: URL https://www.theguardian.com/world/2026/jan/17/yoweri-museveni-wins-ugandan-election-as-opponent-condemns-fake-result already exists.
2026-01-19 11:27:56,475 - INFO - [The Guardian] Early skip: URL https://www.theguardian.com/uk-news/2026/jan/17/afcon-little-morocco-london-confidence-high already exists.
2026-01-19 11:27:56,539 - INFO - Selenium driver initialized successfully.
2026-01-19 11:27:56,539 - INFO - Starting scrape for The Hindu RSS feed: https://www.thehindu.com/news/national/feeder/default.rss
2026-01-19 11:27:56,540 - INFO - Selenium driver initialized successfully.
2026-01-19 11:27:56,540 - INFO - Starting scrape for Times of India RSS feed: https://timesofindia.indiatimes.com/rssfeeds/296589292.cms
2026-01-19 11:27:56,621 - INFO - Found 20 articles in Times of India RSS feed. Processing up to 30.
2026-01-19 11:27:56,643 - INFO - Found 100 articles in The Hindu RSS feed. Processing up to 30.
2026-01-19 11:27:56,650 - INFO - [BBC] Early skip: URL https://www.bbc.com/news/articles/cedw6ylpynyo?at_medium=RSS&at_campaign=rss already exists.
2026-01-19 11:27:56,934 - INFO - [Times of India] Article: https://timesofindia.indiatimes.com/world/middle-east/kuwait-gold-prices-today-explained-what-it-means-for-buyers-jewellery-shoppers-investors-amidst-global-fluctuations/articleshow/126676356.cms
2026-01-19 11:27:56,934 - INFO - [Times of India] Attempt 1/1: Trying with 'selenium_browser' strategy...
2026-01-19 11:27:56,935 - INFO - [The Hindu] Article: https://www.thehindu.com/news/national/kerala/landslide-risk-protective-netting-to-be-installed-on-thamarassery-ghat-road/article70525131.ece
2026-01-19 11:27:56,935 - INFO - [The Hindu] Attempt 1/1: Trying with 'selenium_browser' strategy...
2026-01-19 11:27:56,936 - INFO - [The Guardian] Early skip: URL https://www.theguardian.com/environment/2026/jan/17/twin-baby-mountain-gorilla-virunga-drc-survival-conservation-aoe already exists.
2026-01-19 11:27:57,090 - INFO - [BBC] Article: https://www.bbc.com/news/articles/clye22ljxw4o?at_medium=RSS&at_campaign=rss
2026-01-19 11:27:57,090 - INFO - [BBC] Attempt 1/1: Trying with 'requests_browser' strategy...
2026-01-19 11:27:57,092 - INFO - [The Guardian] Early skip: URL https://www.theguardian.com/world/2026/jan/18/chile-president-declares-state-of-catastrophe-as-wildfires-kill already exists.
2026-01-19 11:27:57,266 - INFO - [BBC] Success with 'requests_browser'. Found content (397 words).
2026-01-19 11:27:57,361 - INFO - [The Guardian] Early skip: URL https://www.theguardian.com/us-news/2026/jan/16/trump-administration-mistake-college-student-detained already exists.
2026-01-19 11:29:00,734 - INFO - DEDUPLICATION: Found match (Score: 0.84). Linking to Cluster ID: 9d8d42dc-f420-43e7-baef-c61aa2e491cb
2026-01-19 11:29:00,736 - INFO - Saved article: What we know so far about the Spain train crash from BBC (397 words)
2026-01-19 11:29:00,736 - INFO - [The Guardian] Early skip: URL https://www.theguardian.com/world/2026/jan/16/cia-chief-visits-maduro-successor-as-machado-vows-to-become-venezuelas-president already exists.
2026-01-19 11:29:01,019 - INFO - [The Guardian] Early skip: URL https://www.theguardian.com/world/2026/jan/16/brazil-jair-bolsonaro-reduce-sentence-reading-books already exists.
2026-01-19 11:29:01,309 - INFO - [The Guardian] Early skip: URL https://www.theguardian.com/world/2026/jan/16/china-canada-partnership-new-global-realities-carney-xi-jinping already exists.
2026-01-19 11:29:01,565 - INFO - [The Guardian] Early skip: URL https://www.theguardian.com/world/2026/jan/19/japan-snap-election-sanae-takaichi-ldp already exists.
2026-01-19 11:29:01,835 - INFO - [The Guardian] Early skip: URL https://www.theguardian.com/world/2026/jan/19/china-population-falls-again-birthrate-record-low already exists.
2026-01-19 11:29:02,038 - INFO - [BBC] Early skip: URL https://www.bbc.com/news/articles/c4g0zx0llpzo?at_medium=RSS&at_campaign=rss already exists.
2026-01-19 11:29:02,292 - INFO - [The Guardian] Early skip: URL https://www.theguardian.com/world/2026/jan/19/chinas-economy-hit-growth-goal-last-year-despite-trump-trade-war-and-property-crisis already exists.
2026-01-19 11:29:02,510 - INFO - [BBC] Early skip: URL https://www.bbc.com/news/articles/ceqz0llpnyqo?at_medium=RSS&at_campaign=rss already exists.
2026-01-19 11:29:02,690 - INFO - [The Guardian] Early skip: URL https://www.theguardian.com/politics/2026/jan/19/china-expected-to-get-london-embassy-go-ahead-uk already exists.
2026-01-19 11:29:02,962 - INFO - [BBC] Early skip: URL https://www.bbc.com/news/articles/c4gwk37ewvwo?at_medium=RSS&at_campaign=rss already exists.
2026-01-19 11:29:03,219 - INFO - [The Guardian] Early skip: URL https://www.theguardian.com/world/2026/jan/19/japan-nuclear-plant-restart-kashiwazaki-kariwa-fukushima already exists.
2026-01-19 11:29:03,374 - INFO - [BBC] Article: https://www.bbc.com/news/articles/c1dk0x0v6pdo?at_medium=RSS&at_campaign=rss
2026-01-19 11:29:03,375 - INFO - [BBC] Attempt 1/1: Trying with 'requests_browser' strategy...
2026-01-19 11:29:03,375 - INFO - [The Guardian] Early skip: URL https://www.theguardian.com/australia-news/2026/jan/19/labor-coalition-deal-hate-speech-laws-ley-albanese already exists.
2026-01-19 11:29:03,420 - INFO - [BBC] Success with 'requests_browser'. Found content (491 words).
2026-01-19 11:29:51,596 - INFO - DEDUPLICATION: Found match (Score: 0.81). Linking to Cluster ID: 9dde52ce-2d0e-4670-a233-0d2392dbc8eb
2026-01-19 11:29:51,598 - INFO - Saved article: Japan PM Takaichi calls snap election three months after taking office from BBC (491 words)
2026-01-19 11:29:51,599 - INFO - [The Guardian] Early skip: URL https://www.theguardian.com/australia-news/2026/jan/19/man-in-critical-condition-after-third-sydney-shark-attack-in-two-days already exists.
2026-01-19 11:29:51,706 - INFO - [The Guardian] Early skip: URL https://www.theguardian.com/australia-news/live/2026/jan/19/federal-parliament-returns-gun-control-measures-hate-speech-laws-anthony-albanese-labor-sussan-ley-coalition-greens-trump-board-for-peace-ntwnfb already exists.
2026-01-19 11:29:51,996 - INFO - [The Guardian] Early skip: URL https://www.theguardian.com/australia-news/2026/jan/19/south-australia-adelaide-fires-bushfires-burn-smoke-warnings-residents-evacuated already exists.
2026-01-19 11:29:52,257 - INFO - [The Guardian] Early skip: URL https://www.theguardian.com/australia-news/2026/jan/19/sydney-shark-attack-boy-nielsen-park-water-conditions already exists.
2026-01-19 11:29:52,504 - INFO - [BBC] Early skip: URL https://www.bbc.com/news/articles/c79r7v7qr53o?at_medium=RSS&at_campaign=rss already exists.
2026-01-19 11:29:52,614 - INFO - [The Guardian] Early skip: URL https://www.theguardian.com/world/live/2026/jan/19/donald-trump-greenland-denmark-nobel-nato-europe-live-latest-news-updates already exists.
2026-01-19 11:29:52,887 - INFO - [BBC] Early skip: URL https://www.bbc.com/news/articles/cz7ypw4rjrzo?at_medium=RSS&at_campaign=rss already exists.
2026-01-19 11:29:53,008 - INFO - [The Guardian] Article: https://www.theguardian.com/world/2026/jan/19/kremlin-says-putin-invited-join-trump-gaza-board-of-peace
2026-01-19 11:29:53,008 - INFO - [The Guardian] Attempt 1/1: Trying with 'requests_browser' strategy...
2026-01-19 11:29:53,010 - INFO - [BBC] Early skip: URL https://www.bbc.com/news/articles/c5y2pg28lgjo?at_medium=RSS&at_campaign=rss already exists.
2026-01-19 11:29:53,152 - INFO - [BBC] Early skip: URL https://www.bbc.com/news/articles/c74v0pxg2nvo?at_medium=RSS&at_campaign=rss already exists.
2026-01-19 11:29:53,173 - INFO - [The Guardian] Success with 'requests_browser'. Found content (626 words).
2026-01-19 11:29:57,035 - ERROR - [Times of India] Request failed for strategy 'selenium_browser' on URL https://timesofindia.indiatimes.com/world/middle-east/kuwait-gold-prices-today-explained-what-it-means-for-buyers-jewellery-shoppers-investors-amidst-global-fluctuations/articleshow/126676356.cms: HTTPConnectionPool(host='localhost', port=48257): Read timed out. (read timeout=120)
2026-01-19 11:29:57,036 - ERROR - [Times of India] All scrape strategies failed for https://timesofindia.indiatimes.com/world/middle-east/kuwait-gold-prices-today-explained-what-it-means-for-buyers-jewellery-shoppers-investors-amidst-global-fluctuations/articleshow/126676356.cms. Falling back to RSS description.
2026-01-19 11:29:57,036 - WARNING - SKIPPED (GLOBAL WORD LIMIT): Article 'Kuwait gold prices today explained: What it means for buyers, jewellery shoppers, investors amidst global fluctuations' from Times of India has only 50 words (Min: 90).
2026-01-19 11:29:57,037 - ERROR - [The Hindu] Request failed for strategy 'selenium_browser' on URL https://www.thehindu.com/news/national/kerala/landslide-risk-protective-netting-to-be-installed-on-thamarassery-ghat-road/article70525131.ece: HTTPConnectionPool(host='localhost', port=55905): Read timed out. (read timeout=120)
2026-01-19 11:29:57,037 - ERROR - [The Hindu] All scrape strategies failed for https://www.thehindu.com/news/national/kerala/landslide-risk-protective-netting-to-be-installed-on-thamarassery-ghat-road/article70525131.ece. Falling back to RSS description.
2026-01-19 11:29:57,037 - WARNING - SKIPPED (GLOBAL WORD LIMIT): Article 'Landslide risk: protective netting to be installed on Thamarassery Ghat Road' from The Hindu has only 29 words (Min: 90).
2026-01-19 11:30:43,656 - INFO - Saved article: Kremlin says Putin has been invited to join Trump’s Gaza ‘board of peace’ | Vladimir Putin | The Guardian from The Guardian (626 words)
2026-01-19 11:30:43,656 - INFO - [BBC] Early skip: URL https://www.bbc.com/news/articles/cg5gegrdq3go?at_medium=RSS&at_campaign=rss already exists.
2026-01-19 11:30:43,910 - INFO - [Times of India] Article: https://timesofindia.indiatimes.com/world/pakistan/pakistan-can-now-achieve-its-purpose-asim-munirs-foreboding-message-for-world-what-does-he-mean-islam/articleshow/126675404.cms
2026-01-19 11:30:43,910 - INFO - [Times of India] Attempt 1/1: Trying with 'selenium_browser' strategy...
2026-01-19 11:30:43,911 - INFO - [The Hindu] Article: https://www.thehindu.com/news/national/karnataka/hindutva-leader-harshita-thakur-6-others-booked-for-provocative-gesture-against-dargah-in-belagavi/article70525134.ece
2026-01-19 11:30:43,911 - INFO - [The Hindu] Attempt 1/1: Trying with 'selenium_browser' strategy...
2026-01-19 11:30:43,911 - INFO - [BBC] Early skip: URL https://www.bbc.com/news/articles/cd0y453yd90o?at_medium=RSS&at_campaign=rss already exists.
2026-01-19 11:30:44,190 - INFO - [BBC] Early skip: URL https://www.bbc.com/news/articles/c150pg5dvp2o?at_medium=RSS&at_campaign=rss already exists.
2026-01-19 11:30:44,483 - INFO - [BBC] Early skip: URL https://www.bbc.com/news/articles/c620nq38y6po?at_medium=RSS&at_campaign=rss already exists.
2026-01-19 11:30:44,743 - INFO - [BBC] Early skip: URL https://www.bbc.com/news/articles/c3r1v7gqdp8o?at_medium=RSS&at_campaign=rss already exists.
2026-01-19 11:30:44,982 - INFO - [The Guardian] Early skip: URL https://www.theguardian.com/world/live/2026/jan/19/spain-train-crash-rescue-cordoba-latest-news-updates already exists.
2026-01-19 11:30:45,255 - INFO - [BBC] Early skip: URL https://www.bbc.com/news/articles/cly148lvyevo?at_medium=RSS&at_campaign=rss already exists.
2026-01-19 11:30:45,459 - INFO - [The Guardian] Article: https://www.theguardian.com/politics/2026/jan/19/greenland-keir-starmer-rules-out-retaliatory-tariffs-against-us
2026-01-19 11:30:45,459 - INFO - [The Guardian] Attempt 1/1: Trying with 'requests_browser' strategy...
2026-01-19 11:30:45,460 - INFO - [BBC] Early skip: URL https://www.bbc.com/news/articles/czejykzg77po?at_medium=RSS&at_campaign=rss already exists.
2026-01-19 11:30:45,647 - INFO - [The Guardian] Success with 'requests_browser'. Found content (692 words).
2026-01-19 11:31:34,975 - INFO - DEDUPLICATION: Found match (Score: 0.82). Linking to Cluster ID: bf0205a7-951f-4f85-ab61-186c5a3dd4f7
2026-01-19 11:31:34,980 - INFO - Saved article: Keir Starmer rules out retaliatory tariffs against US | Keir Starmer | The Guardian from The Guardian (692 words)
2026-01-19 11:31:34,980 - INFO - [BBC] Early skip: URL https://www.bbc.com/news/articles/c5y5le7yl7po?at_medium=RSS&at_campaign=rss already exists.
2026-01-19 11:31:35,249 - INFO - [BBC] Early skip: URL https://www.bbc.com/news/articles/c2lgxxrxd52o?at_medium=RSS&at_campaign=rss already exists.
2026-01-19 11:31:35,508 - INFO - [BBC] Early skip: URL https://www.bbc.com/news/articles/ckglee733wno?at_medium=RSS&at_campaign=rss already exists.
2026-01-19 11:31:35,719 - INFO - [BBC] Early skip: URL https://www.bbc.com/news/articles/c74vdgkw1kzo?at_medium=RSS&at_campaign=rss already exists.
2026-01-19 11:31:35,874 - INFO - [BBC] Early skip: URL https://www.bbc.com/news/articles/czejwl2z80lo?at_medium=RSS&at_campaign=rss already exists.
2026-01-19 11:31:36,122 - INFO - [BBC] Early skip: URL https://www.bbc.com/news/articles/c87r41j4n4jo?at_medium=RSS&at_campaign=rss already exists.
2026-01-19 11:31:36,353 - INFO - [BBC] Article: https://www.bbc.com/sport/football/articles/c70ljednyl6o?at_medium=RSS&at_campaign=rss
2026-01-19 11:31:36,354 - INFO - [BBC] Attempt 1/1: Trying with 'requests_browser' strategy...
2026-01-19 11:31:36,394 - INFO - [BBC] Success with 'requests_browser'. Found content (1529 words).
2026-01-19 11:31:36,421 - INFO - [The Guardian] Early skip: URL https://www.theguardian.com/world/2026/jan/18/high-speed-train-crash-in-adamuz-cordoba-southern-spain already exists.
2026-01-19 11:32:25,500 - INFO - Saved article: Afcon final: Senegal temporarily leave field after Morocco awarded controversial penalty - BBC Sport from BBC (1529 words)
2026-01-19 11:32:25,501 - INFO - [The Guardian] Early skip: URL https://www.theguardian.com/global-development/2026/jan/19/iran-protesters-teenager-sexually-assaulted-in-custody-rights-group already exists.
2026-01-19 11:32:25,723 - INFO - [The Guardian] Early skip: URL https://www.theguardian.com/world/2026/jan/19/syria-declares-victory-ceasefire-kurdish-led-force already exists.
2026-01-19 11:32:25,911 - INFO - [The Guardian] Early skip: URL https://www.theguardian.com/world/2026/jan/18/iran-warns-world-that-any-attack-on-ayatollah-ali-khamenei-would-be-declaration-of-war already exists.
2026-01-19 11:32:26,028 - INFO - [The Guardian] Early skip: URL https://www.theguardian.com/world/2026/jan/18/israel-far-right-ministers-reject-us-backed-postwar-gaza-panel already exists.
2026-01-19 11:32:26,240 - INFO - [The Guardian] Early skip: URL https://www.theguardian.com/world/2026/jan/18/syrian-army-surges-into-kurdish-held-towns-in-betrayal-shattering-hopes-of-accord already exists.
2026-01-19 11:32:26,979 - INFO - [BBC] Article: https://www.bbc.com/news/articles/ce3ekz4yx21o?at_medium=RSS&at_campaign=rss
2026-01-19 11:32:26,979 - INFO - [BBC] Attempt 1/1: Trying with 'requests_browser' strategy...
2026-01-19 11:32:27,989 - INFO - [BBC] Success with 'requests_browser'. Found content (367 words).
2026-01-19 11:32:44,009 - ERROR - [The Hindu] Request failed for strategy 'selenium_browser' on URL https://www.thehindu.com/news/national/karnataka/hindutva-leader-harshita-thakur-6-others-booked-for-provocative-gesture-against-dargah-in-belagavi/article70525134.ece: HTTPConnectionPool(host='localhost', port=55905): Read timed out. (read timeout=120)
2026-01-19 11:32:44,009 - ERROR - [The Hindu] All scrape strategies failed for https://www.thehindu.com/news/national/karnataka/hindutva-leader-harshita-thakur-6-others-booked-for-provocative-gesture-against-dargah-in-belagavi/article70525134.ece. Falling back to RSS description.
2026-01-19 11:32:44,009 - WARNING - SKIPPED (GLOBAL WORD LIMIT): Article 'Hindutva leader Harshita Thakur, 6 others booked for provocative gesture against dargah in Belagavi' from The Hindu has only 37 words (Min: 90).
2026-01-19 11:32:44,011 - ERROR - [Times of India] Request failed for strategy 'selenium_browser' on URL https://timesofindia.indiatimes.com/world/pakistan/pakistan-can-now-achieve-its-purpose-asim-munirs-foreboding-message-for-world-what-does-he-mean-islam/articleshow/126675404.cms: HTTPConnectionPool(host='localhost', port=48257): Read timed out. (read timeout=120)
2026-01-19 11:32:44,011 - ERROR - [Times of India] All scrape strategies failed for https://timesofindia.indiatimes.com/world/pakistan/pakistan-can-now-achieve-its-purpose-asim-munirs-foreboding-message-for-world-what-does-he-mean-islam/articleshow/126675404.cms. Falling back to RSS description.
2026-01-19 11:32:44,011 - WARNING - SKIPPED (GLOBAL WORD LIMIT): Article 'Pak's noble purpose? Munir's foreboding msg for world; what does it mean?' from Times of India has only 3 words (Min: 90).
2026-01-19 11:32:55,737 - CRITICAL - --- TIMEOUT: 3 scrape jobs did not complete in 300s. ---
2026-01-19 11:32:55,737 - ERROR - A thread has timed out and will be abandoned.
2026-01-19 11:32:55,738 - ERROR - A thread has timed out and will be abandoned.
2026-01-19 11:32:55,738 - ERROR - A thread has timed out and will be abandoned.
2026-01-19 11:32:55,738 - INFO - Shutting down thread pool (wait=False)...
2026-01-19 11:32:55,738 - INFO - Scraped: 2 The Guardian, 3 Timed_Out_Jobs articles. (Total saved: 2)
2026-01-19 11:32:55,738 - INFO - --- Scraping job finished ---
2026-01-19 11:32:55,738 - INFO - --- Scraper service stopped and database connection closed. ---
2026-01-19 11:32:55,738 - INFO - --- Main thread finished. Forcing process exit to kill zombie threads. ---
