2026-01-02 17:45:01,233 - INFO - Loading AI Semantic Model (all-MiniLM-L6-v2)...
2026-01-02 17:45:01,234 - INFO - Use pytorch device_name: cpu
2026-01-02 17:45:01,234 - INFO - Load pretrained SentenceTransformer: all-MiniLM-L6-v2
2026-01-02 17:45:02,055 - INFO - AI Model loaded successfully.
2026-01-02 17:45:02,056 - INFO - --- Scraper service started (CI Mode: Run Once) ---
2026-01-02 17:45:02,056 - INFO - --- Starting new scraping job (Parallel Mode) ---
2026-01-02 17:45:02,056 - INFO - Creating new robust session with 3 retries on 5xx/connection/read errors.
2026-01-02 17:45:02,056 - INFO - Proxy is DISABLED.
2026-01-02 17:45:02,056 - INFO - Starting scrape for BBC RSS feed: http://feeds.bbci.co.uk/news/world/rss.xml
2026-01-02 17:45:02,057 - INFO - [Times of India] (Thread) requires Selenium. Initializing driver...
2026-01-02 17:45:02,057 - INFO - Starting scrape for The Guardian RSS feed: https://www.theguardian.com/world/rss
2026-01-02 17:45:02,059 - INFO - [The Hindu] (Thread) requires Selenium. Initializing driver...
2026-01-02 17:45:02,059 - INFO - Submitted 4 jobs to thread pool. Waiting up to 300s for completion...
2026-01-02 17:45:02,162 - INFO - Found 31 articles in BBC RSS feed. Processing up to 30.
2026-01-02 17:45:02,166 - INFO - [BBC] Early skip: URL https://www.bbc.com/news/articles/cq6v41jg9jzo?at_medium=RSS&at_campaign=rss already exists.
2026-01-02 17:45:02,197 - INFO - Found 45 articles in The Guardian RSS feed. Processing up to 30.
2026-01-02 17:45:02,338 - INFO - [The Guardian] Early skip: URL https://www.theguardian.com/science/2026/jan/01/cremation-pyre-in-africa-thought-to-be-worlds-oldest-containing-adult-remains already exists.
2026-01-02 17:45:02,555 - INFO - [BBC] Early skip: URL https://www.bbc.com/news/articles/c07xn220gdeo?at_medium=RSS&at_campaign=rss already exists.
2026-01-02 17:45:02,788 - INFO - [The Guardian] Early skip: URL https://www.theguardian.com/global-development/2026/jan/01/us-aid-cuts-conditions-un-humanitarian-pledge-ocha already exists.
2026-01-02 17:45:03,042 - INFO - [BBC] Early skip: URL https://www.bbc.com/news/articles/c0q4z33pnnyo?at_medium=RSS&at_campaign=rss already exists.
2026-01-02 17:45:03,283 - INFO - [The Guardian] Early skip: URL https://www.theguardian.com/world/2025/dec/31/guinea-junta-chief-mamady-doumbouya-elected-president-after-opposition-boycott already exists.
2026-01-02 17:45:03,543 - INFO - [BBC] Early skip: URL https://www.bbc.com/news/articles/cx2k0101enyo?at_medium=RSS&at_campaign=rss already exists.
2026-01-02 17:45:03,696 - INFO - [The Guardian] Early skip: URL https://www.theguardian.com/world/2025/dec/30/saudi-arabia-uae-tension-future-yemen-boiling-point already exists.
2026-01-02 17:45:03,897 - INFO - [BBC] Early skip: URL https://www.bbc.com/news/articles/cjrz34qdr9no?at_medium=RSS&at_campaign=rss already exists.
2026-01-02 17:45:04,097 - INFO - [The Guardian] Early skip: URL https://www.theguardian.com/sport/2025/dec/29/anthony-joshua-injured-car-crash-nigeria already exists.
2026-01-02 17:45:04,381 - INFO - [BBC] Early skip: URL https://www.bbc.com/news/articles/c5y2jrdnnqyo?at_medium=RSS&at_campaign=rss already exists.
2026-01-02 17:45:04,539 - INFO - [The Guardian] Early skip: URL https://www.theguardian.com/world/2026/jan/02/venezuela-maduro-open-to-talks-drug-trafficking-maduro already exists.
2026-01-02 17:45:04,646 - INFO - [BBC] Early skip: URL https://www.bbc.com/news/articles/c70lw7w89epo?at_medium=RSS&at_campaign=rss already exists.
2026-01-02 17:45:04,894 - INFO - [The Guardian] Early skip: URL https://www.theguardian.com/world/2025/dec/30/military-drone-strike-venezuela-trump-maduro already exists.
2026-01-02 17:45:04,999 - INFO - [BBC] Early skip: URL https://www.bbc.com/news/articles/cew81lpqvzeo?at_medium=RSS&at_campaign=rss already exists.
2026-01-02 17:45:05,229 - INFO - [The Guardian] Early skip: URL https://www.theguardian.com/world/2025/dec/29/brazil-ex-president-jair-bolsonaro-hiccups-treatment already exists.
2026-01-02 17:45:05,469 - INFO - [BBC] Early skip: URL https://www.bbc.com/news/articles/cj9rjwpvmpzo?at_medium=RSS&at_campaign=rss already exists.
2026-01-02 17:45:05,614 - INFO - [The Guardian] Early skip: URL https://www.theguardian.com/world/2025/dec/29/mexico-train-derailment-oaxaca already exists.
2026-01-02 17:45:05,741 - INFO - [BBC] Early skip: URL https://www.bbc.com/news/articles/clynvkwglx4o?at_medium=RSS&at_campaign=rss already exists.
2026-01-02 17:45:06,001 - INFO - [The Guardian] Early skip: URL https://www.theguardian.com/us-news/2025/dec/29/trump-venezuela-facility-strike already exists.
2026-01-02 17:45:06,286 - INFO - [BBC] Article: https://www.bbc.com/news/articles/c9vxp4ng8d8o?at_medium=RSS&at_campaign=rss
2026-01-02 17:45:06,286 - INFO - [BBC] Attempt 1/1: Trying with 'requests_browser' strategy...
2026-01-02 17:45:06,287 - INFO - [The Guardian] Early skip: URL https://www.theguardian.com/world/2026/jan/02/kim-jong-un-daughter-ju-ae-north-korean-ruler-speculation already exists.
2026-01-02 17:45:06,428 - INFO - [The Guardian] Early skip: URL https://www.theguardian.com/music/2026/jan/01/newjeans-member-danielle-sued-for-millions-after-bitter-feud-with-k-pop-record-label already exists.
2026-01-02 17:45:06,549 - INFO - [The Guardian] Early skip: URL https://www.theguardian.com/world/2025/dec/31/xi-jinping-vows-reunification-china-taiwan-new-years-eve-speech already exists.
2026-01-02 17:45:06,582 - INFO - [BBC] Success with 'requests_browser'. Found content (419 words).
2026-01-02 17:45:09,129 - INFO - Selenium driver initialized successfully.
2026-01-02 17:45:09,130 - INFO - Selenium driver initialized successfully.
2026-01-02 17:45:09,130 - INFO - Starting scrape for The Hindu RSS feed: https://www.thehindu.com/news/national/feeder/default.rss
2026-01-02 17:45:09,130 - INFO - Starting scrape for Times of India RSS feed: https://timesofindia.indiatimes.com/rssfeeds/296589292.cms
2026-01-02 17:45:09,290 - INFO - Found 20 articles in Times of India RSS feed. Processing up to 30.
2026-01-02 17:45:09,383 - INFO - Found 100 articles in The Hindu RSS feed. Processing up to 30.
2026-01-02 17:45:50,558 - INFO - Saved article: Woman killed in suspected mountain lion attack from BBC (419 words)
2026-01-02 17:45:50,558 - INFO - [The Guardian] Early skip: URL https://www.theguardian.com/business/2025/dec/31/china-forecast-to-have-sold-one-in-every-10-new-cars-in-uk-in-2025 already exists.
2026-01-02 17:45:50,749 - INFO - [Times of India] Article: https://timesofindia.indiatimes.com/world/us-streamers/did-nick-shirley-call-his-own-work-satire-journalist-caolan-robertson-raises-doubts-as-minnesota-daycare-video-spreads/articleshow/126310463.cms
2026-01-02 17:45:50,749 - INFO - [Times of India] Attempt 1/1: Trying with 'selenium_browser' strategy...
2026-01-02 17:45:50,750 - INFO - [The Hindu] Article: https://www.thehindu.com/news/national/congress-vows-to-save-echs-seeks-release-of-14000-crore/article70464354.ece
2026-01-02 17:45:50,750 - INFO - [The Hindu] Attempt 1/1: Trying with 'selenium_browser' strategy...
2026-01-02 17:45:50,751 - INFO - [The Guardian] Early skip: URL https://www.theguardian.com/world/2025/dec/31/female-lawmakers-in-japan-lobby-for-more-toilets-in-parliament already exists.
2026-01-02 17:45:50,852 - INFO - [The Guardian] Early skip: URL https://www.theguardian.com/australia-news/2026/jan/02/aboriginal-woman-death-in-custody-nothern-territory-tennant-creek-independent-investigation-ntwnfb already exists.
2026-01-02 17:45:51,112 - INFO - [BBC] Early skip: URL https://www.bbc.com/news/articles/c701z7g0ppro?at_medium=RSS&at_campaign=rss already exists.
2026-01-02 17:45:51,220 - INFO - [BBC] Early skip: URL https://www.bbc.com/news/articles/clyg23lj057o?at_medium=RSS&at_campaign=rss already exists.
2026-01-02 17:45:51,467 - INFO - [The Guardian] Early skip: URL https://www.theguardian.com/world/2026/jan/02/personal-data-privacy-compliance-real-estate-agents already exists.
2026-01-02 17:45:51,692 - INFO - [The Guardian] Early skip: URL https://www.theguardian.com/environment/2026/jan/02/weather-tracker-cyclone-hayley-australia-spain-floods already exists.
2026-01-02 17:45:51,801 - INFO - [BBC] Early skip: URL https://www.bbc.com/news/articles/c8e5lxd2gwgo?at_medium=RSS&at_campaign=rss already exists.
2026-01-02 17:45:52,030 - INFO - [BBC] Early skip: URL https://www.bbc.com/news/articles/c98jy990l37o?at_medium=RSS&at_campaign=rss already exists.
2026-01-02 17:45:52,188 - INFO - [BBC] Early skip: URL https://www.bbc.com/news/articles/ckgl2je05j0o?at_medium=RSS&at_campaign=rss already exists.
2026-01-02 17:45:52,381 - INFO - [The Guardian] Early skip: URL https://www.theguardian.com/australia-news/2026/jan/02/woman-charged-over-fatal-melbourne-house-fire-ntwnfb already exists.
2026-01-02 17:45:52,582 - INFO - [The Guardian] Early skip: URL https://www.theguardian.com/australia-news/2026/jan/02/australia-2025-road-toll-deaths-fatalities-rise-nationwide already exists.
2026-01-02 17:45:52,876 - INFO - [The Guardian] Early skip: URL https://www.theguardian.com/world/live/2026/jan/02/switzerland-resort-fire-victim-named-video-bar-ceiling-fire-latest-news-live already exists.
2026-01-02 17:45:53,118 - INFO - [The Guardian] Early skip: URL https://www.theguardian.com/world/2026/jan/02/swiss-ski-resort-fire-injured-life-threatening-condition already exists.
2026-01-02 17:45:53,307 - INFO - [The Guardian] Early skip: URL https://www.theguardian.com/global/2026/jan/02/visual-guide-crans-montana-bar-fire-switzerland already exists.
2026-01-02 17:45:53,600 - INFO - [BBC] Early skip: URL https://www.bbc.com/news/articles/cddg7100ym2o?at_medium=RSS&at_campaign=rss already exists.
2026-01-02 17:45:53,755 - INFO - [BBC] Early skip: URL https://www.bbc.com/news/articles/clyw59v8978o?at_medium=RSS&at_campaign=rss already exists.
2026-01-02 17:45:54,010 - INFO - [The Guardian] Early skip: URL https://www.theguardian.com/world/2026/jan/02/crans-montana-fire-survivors-burns-europe-swiss already exists.
2026-01-02 17:45:54,265 - INFO - [The Guardian] Early skip: URL https://www.theguardian.com/us-news/2026/jan/02/italian-pasta-makers-win-reprieve-from-trump-tariffs already exists.
2026-01-02 17:45:54,479 - INFO - [BBC] Early skip: URL https://www.bbc.com/news/articles/cx2drqwp2eyo?at_medium=RSS&at_campaign=rss already exists.
2026-01-02 17:45:54,638 - INFO - [BBC] Early skip: URL https://www.bbc.com/news/articles/c9dvyyjyj18o?at_medium=RSS&at_campaign=rss already exists.
2026-01-02 17:45:54,787 - INFO - [The Guardian] Early skip: URL https://www.theguardian.com/world/2026/jan/02/saudi-warplanes-kill-uae-backed-yemeni-separatists already exists.
2026-01-02 17:45:55,070 - INFO - [The Guardian] Early skip: URL https://www.theguardian.com/us-news/2026/jan/02/israel-mamdani-antisemitism-ihra-definition already exists.
2026-01-02 17:45:55,318 - INFO - [BBC] Early skip: URL https://www.bbc.com/news/articles/c4gvg46dy7vo?at_medium=RSS&at_campaign=rss already exists.
2026-01-02 17:45:55,572 - INFO - [BBC] Early skip: URL https://www.bbc.com/news/articles/c98n8lrj7y6o?at_medium=RSS&at_campaign=rss already exists.
2026-01-02 17:45:55,845 - INFO - [BBC] Early skip: URL https://www.bbc.com/news/articles/c4gweww8rjro?at_medium=RSS&at_campaign=rss already exists.
2026-01-02 17:45:56,018 - INFO - [The Guardian] Early skip: URL https://www.theguardian.com/world/2026/jan/02/iranian-officials-warn-trump-not-cross-red-line-threats-intervene-protests already exists.
2026-01-02 17:45:56,036 - INFO - [The Hindu] Page content loaded.
2026-01-02 17:45:56,112 - INFO - [The Hindu] Success with 'selenium_browser'. Found content (359 words).
2026-01-02 17:45:56,311 - INFO - [BBC] Early skip: URL https://www.bbc.com/news/articles/c050j896q2do?at_medium=RSS&at_campaign=rss already exists.
2026-01-02 17:45:56,560 - INFO - [BBC] Early skip: URL https://www.bbc.com/news/articles/c78v5dj3x39o?at_medium=RSS&at_campaign=rss already exists.
2026-01-02 17:45:56,671 - INFO - [BBC] Early skip: URL https://www.bbc.com/news/articles/cwywv4ndwqxo?at_medium=RSS&at_campaign=rss already exists.
2026-01-02 17:46:54,485 - INFO - Saved article: Congress vows to ‘save’ ECHS, seeks release of ₹14,000 crore - The Hindu from The Hindu (359 words)
2026-01-02 17:46:54,485 - INFO - [The Guardian] Early skip: URL https://www.theguardian.com/global-development/2026/jan/01/two-people-dead-iran-economic-crisis-protests-battlefield already exists.
2026-01-02 17:46:54,668 - INFO - [BBC] Early skip: URL https://www.bbc.com/news/videos/cj6wew4958eo?at_medium=RSS&at_campaign=rss already exists.
2026-01-02 17:46:54,961 - INFO - [BBC] Early skip: URL https://www.bbc.com/news/videos/czjg9ge7vdeo?at_medium=RSS&at_campaign=rss already exists.
2026-01-02 17:46:55,196 - INFO - [The Guardian] Early skip: URL https://www.theguardian.com/world/2026/jan/01/executions-saudi-arabia-highest-number-ever-2025 already exists.
2026-01-02 17:46:55,482 - INFO - [BBC] Article: https://www.bbc.com/news/videos/czdqp29gz51o?at_medium=RSS&at_campaign=rss
2026-01-02 17:46:55,482 - INFO - [BBC] Attempt 1/1: Trying with 'requests_browser' strategy...
2026-01-02 17:46:55,534 - WARNING - [BBC] FAILED with 'requests_browser' (content was too short: 67 words).
2026-01-02 17:46:55,534 - ERROR - [BBC] All scrape strategies failed for https://www.bbc.com/news/videos/czdqp29gz51o?at_medium=RSS&at_campaign=rss. Falling back to RSS description.
2026-01-02 17:46:55,534 - WARNING - SKIPPED (GLOBAL WORD LIMIT): Article 'What are Russians hoping for in 2026, asks Steve Rosenberg' from BBC has only 19 words (Min: 90).
2026-01-02 17:46:55,629 - INFO - [The Hindu] Article: https://www.thehindu.com/news/national/karnataka/cabinet-approves-1000-bed-multi-speciality-hospital-in-bengaluru-for-free-organ-transplant-for-poor/article70465274.ece
2026-01-02 17:46:55,629 - INFO - [The Hindu] Attempt 1/1: Trying with 'selenium_browser' strategy...
2026-01-02 17:46:56,891 - INFO - [BBC] Article: https://www.bbc.com/news/videos/c4glvg5yrlyo?at_medium=RSS&at_campaign=rss
2026-01-02 17:46:56,892 - INFO - [BBC] Attempt 1/1: Trying with 'requests_browser' strategy...
2026-01-02 17:46:56,989 - WARNING - [BBC] FAILED with 'requests_browser' (content was too short: 65 words).
2026-01-02 17:46:56,989 - ERROR - [BBC] All scrape strategies failed for https://www.bbc.com/news/videos/c4glvg5yrlyo?at_medium=RSS&at_campaign=rss. Falling back to RSS description.
2026-01-02 17:46:56,989 - WARNING - SKIPPED (GLOBAL WORD LIMIT): Article 'Zohran Mamdani sworn in as first Muslim New York City Mayor' from BBC has only 17 words (Min: 90).
2026-01-02 17:46:57,456 - INFO - [The Hindu] Page content loaded.
2026-01-02 17:46:57,509 - INFO - [The Hindu] Success with 'selenium_browser'. Found content (339 words).
2026-01-02 17:47:48,004 - INFO - Saved article: Cabinet approves 1,000-bed multi-speciality hospital in Bengaluru for free organ transplant for poor - The Hindu from The Hindu (339 words)
2026-01-02 17:47:48,584 - INFO - [The Hindu] Article: https://www.thehindu.com/news/national/sc-condemns-denial-of-bail-to-give-accused-a-taste-of-imprisonment-as-a-lesson/article70464557.ece
2026-01-02 17:47:48,584 - INFO - [The Hindu] Attempt 1/1: Trying with 'selenium_browser' strategy...
2026-01-02 17:47:49,856 - INFO - [The Hindu] Page content loaded.
2026-01-02 17:47:49,967 - INFO - [The Hindu] Success with 'selenium_browser'. Found content (441 words).
2026-01-02 17:47:50,851 - ERROR - [Times of India] Request failed for strategy 'selenium_browser' on URL https://timesofindia.indiatimes.com/world/us-streamers/did-nick-shirley-call-his-own-work-satire-journalist-caolan-robertson-raises-doubts-as-minnesota-daycare-video-spreads/articleshow/126310463.cms: HTTPConnectionPool(host='localhost', port=38879): Read timed out. (read timeout=120)
2026-01-02 17:47:50,851 - ERROR - [Times of India] All scrape strategies failed for https://timesofindia.indiatimes.com/world/us-streamers/did-nick-shirley-call-his-own-work-satire-journalist-caolan-robertson-raises-doubts-as-minnesota-daycare-video-spreads/articleshow/126310463.cms. Falling back to RSS description.
2026-01-02 17:47:50,851 - WARNING - SKIPPED (GLOBAL WORD LIMIT): Article 'Did Nick Shirley call his own work satire? Journalist Caolan Robertson raises doubts as Minnesota daycare video spreads' from Times of India has only 54 words (Min: 90).
2026-01-02 17:48:37,463 - INFO - Saved article: Supreme Court condemns denial of bail to give accused a ‘taste of imprisonment as a lesson’ - The Hindu from The Hindu (441 words)
2026-01-02 17:48:37,464 - INFO - [Times of India] Article: https://timesofindia.indiatimes.com/world/us/potential-terrorist-attack-fbi-says-it-thwarted-new-years-eve-plot-in-north-carolina-claims-suspect-inspired-by-isis/articleshow/126310031.cms
2026-01-02 17:48:37,464 - INFO - [Times of India] Attempt 1/1: Trying with 'selenium_browser' strategy...
2026-01-02 17:48:38,581 - INFO - [The Hindu] Article: https://www.thehindu.com/news/national/kerala/udf-mulls-split-terms-for-standing-committee-chiefs-in-kochi-corporation/article70464152.ece
2026-01-02 17:48:38,582 - INFO - [The Hindu] Attempt 1/1: Trying with 'selenium_browser' strategy...
2026-01-02 17:48:39,864 - INFO - [The Hindu] Page content loaded.
2026-01-02 17:48:39,945 - INFO - [The Hindu] Success with 'selenium_browser'. Found content (369 words).
2026-01-02 17:49:28,733 - INFO - DEDUPLICATION: Found match (Score: 0.77). Linking to Cluster ID: 0ffa314c-5ca8-439e-bf33-03e7cae5338d
2026-01-02 17:49:28,735 - INFO - Saved article: UDF mulls split terms for standing committee chiefs in Kochi Corporation - The Hindu from The Hindu (369 words)
2026-01-02 17:49:29,486 - INFO - [The Hindu] Article: https://www.thehindu.com/news/national/tamil-nadu/former-legislator-of-aiadmk-prabhakar-joins-vijays-tvk/article70464794.ece
2026-01-02 17:49:29,486 - INFO - [The Hindu] Attempt 1/1: Trying with 'selenium_browser' strategy...
2026-01-02 17:49:30,825 - INFO - [The Hindu] Page content loaded.
2026-01-02 17:49:30,950 - INFO - [The Hindu] Success with 'selenium_browser'. Found content (215 words).
2026-01-02 17:50:02,059 - CRITICAL - --- TIMEOUT: 2 scrape jobs did not complete in 300s. ---
2026-01-02 17:50:02,059 - ERROR - A thread has timed out and will be abandoned.
2026-01-02 17:50:02,059 - ERROR - A thread has timed out and will be abandoned.
2026-01-02 17:50:02,059 - INFO - Shutting down thread pool (wait=False)...
2026-01-02 17:50:02,060 - INFO - Scraped: 1 BBC, 0 The Guardian, 2 Timed_Out_Jobs articles. (Total saved: 1)
2026-01-02 17:50:02,060 - INFO - --- Scraping job finished ---
2026-01-02 17:50:02,060 - INFO - --- Scraper service stopped and database connection closed. ---
2026-01-02 17:50:02,060 - INFO - --- Main thread finished. Forcing process exit to kill zombie threads. ---
