2026-01-22 22:53:10,509 - INFO - Loading AI Semantic Model (all-MiniLM-L6-v2)...
2026-01-22 22:53:10,510 - INFO - Use pytorch device_name: cpu
2026-01-22 22:53:10,510 - INFO - Load pretrained SentenceTransformer: all-MiniLM-L6-v2
2026-01-22 22:53:11,040 - INFO - AI Model loaded successfully.
2026-01-22 22:53:11,040 - INFO - --- Scraper service started (CI Mode: Run Once) ---
2026-01-22 22:53:11,040 - INFO - --- Starting new scraping job (Parallel Mode) ---
2026-01-22 22:53:11,040 - INFO - Creating new robust session with 3 retries on 5xx/connection/read errors.
2026-01-22 22:53:11,041 - INFO - Proxy is DISABLED.
2026-01-22 22:53:11,041 - INFO - Starting scrape for BBC RSS feed: http://feeds.bbci.co.uk/news/world/rss.xml
2026-01-22 22:53:11,042 - INFO - [Times of India] (Thread) requires Selenium. Initializing driver...
2026-01-22 22:53:11,042 - INFO - Starting scrape for The Guardian RSS feed: https://www.theguardian.com/world/rss
2026-01-22 22:53:11,043 - INFO - [The Hindu] (Thread) requires Selenium. Initializing driver...
2026-01-22 22:53:11,043 - INFO - Submitted 4 jobs to thread pool. Waiting up to 300s for completion...
2026-01-22 22:53:11,159 - INFO - Found 32 articles in BBC RSS feed. Processing up to 30.
2026-01-22 22:53:11,162 - INFO - [BBC] Early skip: URL https://www.bbc.com/news/articles/c4g44r22j5jo?at_medium=RSS&at_campaign=rss already exists.
2026-01-22 22:53:11,186 - INFO - Found 45 articles in The Guardian RSS feed. Processing up to 30.
2026-01-22 22:53:11,393 - INFO - [The Guardian] Early skip: URL https://www.theguardian.com/global-development/2026/jan/22/actionaid-rethink-child-sponsorship-decolonise-funding already exists.
2026-01-22 22:53:11,500 - INFO - [BBC] Early skip: URL https://www.bbc.com/news/articles/cy7mmpljze7o?at_medium=RSS&at_campaign=rss already exists.
2026-01-22 22:53:11,689 - INFO - [The Guardian] Early skip: URL https://www.theguardian.com/us-news/2026/jan/20/us-diplomats-urged-to-remind-african-leaders-of-us-generosity-despite-usaid-closing already exists.
2026-01-22 22:53:11,800 - INFO - [BBC] Early skip: URL https://www.bbc.com/news/articles/cdexxr2y907o?at_medium=RSS&at_campaign=rss already exists.
2026-01-22 22:53:11,904 - INFO - [The Guardian] Early skip: URL https://www.theguardian.com/global-development/2026/jan/19/brazen-political-influence-rich-laid-bare-wealth-billionaires-inequality-poverty-instability-oxfam already exists.
2026-01-22 22:53:12,166 - INFO - [BBC] Early skip: URL https://www.bbc.com/news/articles/cwyrrqwxpz7o?at_medium=RSS&at_campaign=rss already exists.
2026-01-22 22:53:12,442 - INFO - [The Guardian] Early skip: URL https://www.theguardian.com/world/2026/jan/18/ugandas-president-calls-opponents-terrorists-in-victory-speech already exists.
2026-01-22 22:53:12,682 - INFO - [BBC] Early skip: URL https://www.bbc.com/news/articles/ckgjjy55x2mo?at_medium=RSS&at_campaign=rss already exists.
2026-01-22 22:53:12,866 - INFO - [The Guardian] Early skip: URL https://www.theguardian.com/world/2026/jan/17/yoweri-museveni-wins-ugandan-election-as-opponent-condemns-fake-result already exists.
2026-01-22 22:53:13,101 - INFO - [BBC] Early skip: URL https://www.bbc.com/news/articles/cz0ppdjmjy9o?at_medium=RSS&at_campaign=rss already exists.
2026-01-22 22:53:13,288 - INFO - [The Guardian] Early skip: URL https://www.theguardian.com/world/2026/jan/22/carney-says-canada-must-be-a-beacon-to-a-world-thats-at-sea already exists.
2026-01-22 22:53:13,417 - INFO - [BBC] Article: https://www.bbc.com/news/articles/clyzzzd2y7do?at_medium=RSS&at_campaign=rss
2026-01-22 22:53:13,417 - INFO - [BBC] Attempt 1/1: Trying with 'requests_browser' strategy...
2026-01-22 22:53:13,418 - INFO - [The Guardian] Early skip: URL https://www.theguardian.com/us-news/2026/jan/22/trump-board-peace-davos-un already exists.
2026-01-22 22:53:13,626 - INFO - [BBC] Success with 'requests_browser'. Found content (456 words).
2026-01-22 22:53:13,662 - INFO - [The Guardian] Early skip: URL https://www.theguardian.com/world/2026/jan/22/canada-pilot-airline-tickets already exists.
2026-01-22 22:53:20,618 - INFO - Selenium driver initialized successfully.
2026-01-22 22:53:20,618 - INFO - Selenium driver initialized successfully.
2026-01-22 22:53:20,618 - INFO - Starting scrape for The Hindu RSS feed: https://www.thehindu.com/news/national/feeder/default.rss
2026-01-22 22:53:20,618 - INFO - Starting scrape for Times of India RSS feed: https://timesofindia.indiatimes.com/rssfeeds/296589292.cms
2026-01-22 22:53:20,735 - INFO - Found 20 articles in Times of India RSS feed. Processing up to 30.
2026-01-22 22:53:20,766 - INFO - Found 100 articles in The Hindu RSS feed. Processing up to 30.
2026-01-22 22:53:55,251 - INFO - DEDUPLICATION: Found match (Score: 0.78). Linking to Cluster ID: 4b7251dd-3e95-4a21-b2b2-d4b1f43b5ecb
2026-01-22 22:53:55,253 - INFO - Saved article: UN to take over al-Hol camp for IS families in Syria after unrest from BBC (456 words)
2026-01-22 22:53:55,253 - INFO - [The Guardian] Early skip: URL https://www.theguardian.com/world/2026/jan/22/canada-marineland-aquarium-whales-us already exists.
2026-01-22 22:53:55,544 - INFO - [Times of India] Early skip: URL https://timesofindia.indiatimes.com/world/us/katy-perry-faces-heat-for-space-trip-while-attending-davos-climate-talks-burned-498-tons-of-fuel/articleshow/127197506.cms already exists.
2026-01-22 22:53:55,750 - INFO - [The Hindu] Early skip: URL https://www.thehindu.com/news/national/uttarakhand/uttarakhand-congress-mlas-son-staged-own-attack-absconds-after-revelation/article70539930.ece already exists.
2026-01-22 22:53:55,931 - INFO - [The Guardian] Early skip: URL https://www.theguardian.com/world/2026/jan/22/peru-president-chinese-businessmen-secret-meeting already exists.
2026-01-22 22:53:56,231 - INFO - [Times of India] Early skip: URL https://timesofindia.indiatimes.com/world/rest-of-world/torture-rape-killing-former-pakistani-cop-ordered-to-be-deported-earlier-from-canada-gets-to-stay/articleshow/127196466.cms already exists.
2026-01-22 22:53:56,523 - INFO - [The Hindu] Early skip: URL https://www.thehindu.com/news/national/kerala/ernakulam-district-court-receives-hoax-bomb-threat/article70539302.ece already exists.
2026-01-22 22:53:56,626 - INFO - [BBC] Early skip: URL https://www.bbc.com/news/articles/cp9jj1j74ggo?at_medium=RSS&at_campaign=rss already exists.
2026-01-22 22:53:56,842 - INFO - [The Guardian] Early skip: URL https://www.theguardian.com/world/2026/jan/23/two-confirmed-dead-and-more-presumed-buried-after-landslides-hit-house-and-campground-in-new-zealand already exists.
2026-01-22 22:53:57,034 - INFO - [Times of India] Early skip: URL https://timesofindia.indiatimes.com/world/us/6-year-old-walks-two-miles-for-help-after-father-dies-saving-him-in-upstate-new-york-ice-tragedy/articleshow/127195488.cms already exists.
2026-01-22 22:53:57,202 - INFO - [The Hindu] Early skip: URL https://www.thehindu.com/news/national/kerala/sabu-jacob-was-a-bjp-agent-all-along-alleges-cpim/article70539309.ece already exists.
2026-01-22 22:53:57,467 - INFO - [BBC] Early skip: URL https://www.bbc.com/news/articles/cje11x527n4o?at_medium=RSS&at_campaign=rss already exists.
2026-01-22 22:53:57,599 - INFO - [The Guardian] Early skip: URL https://www.theguardian.com/world/2026/jan/22/frenchie-mae-cumpio-philippine-journalist-found-guilty already exists.
2026-01-22 22:53:57,729 - INFO - [Times of India] Early skip: URL https://timesofindia.indiatimes.com/world/us/row-over-trumps-hand-bruise-in-davos-and-missing-medical-records-two-years-of-coverage-of-bidens-health/articleshow/127195328.cms already exists.
2026-01-22 22:53:58,026 - INFO - [The Hindu] Early skip: URL https://www.thehindu.com/education/education-ministry-sets-up-three-member-team-to-review-cases-of-student-suicides-at-iit-kanpur/article70538836.ece already exists.
2026-01-22 22:53:58,230 - INFO - [BBC] Early skip: URL https://www.bbc.com/news/articles/cx2yy8z91n4o?at_medium=RSS&at_campaign=rss already exists.
2026-01-22 22:53:58,527 - INFO - [The Guardian] Early skip: URL https://www.theguardian.com/world/2026/jan/22/hong-kong-national-security-trial-pro-democracy-activists-chow-hang-tung-lee-cheuk-yan-albert-ho already exists.
2026-01-22 22:53:58,641 - INFO - [Times of India] Early skip: URL https://timesofindia.indiatimes.com/world/us/missouri-man-sells-a-car-to-eight-people-on-facebook-then-steals-it-back-within-24-hours-every-time/articleshow/127192791.cms already exists.
2026-01-22 22:53:58,858 - INFO - [The Hindu] Early skip: URL https://www.thehindu.com/news/national/indias-reform-momentum-is-firmly-on-track-ashwini-vaishnaw/article70539615.ece already exists.
2026-01-22 22:53:59,140 - INFO - [BBC] Early skip: URL https://www.bbc.com/news/articles/c4g00mv29j5o?at_medium=RSS&at_campaign=rss already exists.
2026-01-22 22:53:59,319 - INFO - [The Guardian] Early skip: URL https://www.theguardian.com/science/2026/jan/21/hand-shape-indonesia-cave-rock-art-67800-years-old already exists.
2026-01-22 22:53:59,480 - INFO - [Times of India] Article: https://timesofindia.indiatimes.com/world/rest-of-world/canada-thrives-because-mark-carneys-reply-to-president-trumps-davos-dig/articleshow/127192882.cms
2026-01-22 22:53:59,480 - INFO - [Times of India] Attempt 1/1: Trying with 'selenium_browser' strategy...
2026-01-22 22:53:59,481 - INFO - [The Hindu] Early skip: URL https://www.thehindu.com/news/cities/bangalore/karnataka-cabinet-approves-centre-for-applied-ai-for-tech-solutions/article70538568.ece already exists.
2026-01-22 22:53:59,760 - INFO - [BBC] Early skip: URL https://www.bbc.com/news/articles/cq5yywx39e7o?at_medium=RSS&at_campaign=rss already exists.
2026-01-22 22:53:59,974 - INFO - [The Guardian] Early skip: URL https://www.theguardian.com/world/2026/jan/21/former-south-korea-pm-han-duck-soo-jailed-martial-law-insurrection already exists.
2026-01-22 22:54:00,204 - INFO - [The Hindu] Early skip: URL https://www.thehindu.com/news/national/tamil-nadu/stalin-launches-sprint-1-now-register-properties-without-visiting-sub-registrars-office/article70537432.ece already exists.
2026-01-22 22:54:00,360 - INFO - [BBC] Early skip: URL https://www.bbc.com/news/articles/c4gwp2me3gzo?at_medium=RSS&at_campaign=rss already exists.
2026-01-22 22:54:00,542 - INFO - [The Guardian] Early skip: URL https://www.theguardian.com/australia-news/live/2026/jan/23/australia-news-live-sussan-ley-liberals-coalition-nationals-littleproud-hastie-taylor-anthony-albanese-labor-spill-ntwnfb already exists.
2026-01-22 22:54:00,706 - INFO - [The Hindu] Early skip: URL https://www.thehindu.com/news/cities/Delhi/sajjan-kumar-acquitted/article70539739.ece already exists.
2026-01-22 22:54:00,936 - INFO - [BBC] Early skip: URL https://www.bbc.com/news/articles/cq844z9y4q9o?at_medium=RSS&at_campaign=rss already exists.
2026-01-22 22:54:01,139 - INFO - [The Guardian] Early skip: URL https://www.theguardian.com/australia-news/2026/jan/22/three-people-dead-after-shooting-in-nsw-town-lake-cargelligo-as-police-urge-locals-to-stay-inside-ntwnfb already exists.
2026-01-22 22:54:01,377 - INFO - [The Hindu] Early skip: URL https://www.thehindu.com/news/national/tamil-nadu/conclave-in-february-on-conversion-of-mous-into-investments-minister-trb-rajaa/article70538162.ece already exists.
2026-01-22 22:54:01,529 - INFO - [BBC] Early skip: URL https://www.bbc.com/news/articles/cx2ll9wr562o?at_medium=RSS&at_campaign=rss already exists.
2026-01-22 22:54:01,673 - INFO - [The Guardian] Early skip: URL https://www.theguardian.com/world/2026/jan/22/giant-kangaroo-ancestor-hop-250kg-weight already exists.
2026-01-22 22:54:01,794 - INFO - [The Hindu] Early skip: URL https://www.thehindu.com/news/national/tamil-nadu/tn-government-to-move-resolution-opposing-vb-g-ram-g-scheme-in-assembly-say-stalin/article70537547.ece already exists.
2026-01-22 22:54:02,002 - INFO - [BBC] Early skip: URL https://www.bbc.com/news/articles/cz0pnjv1zy5o?at_medium=RSS&at_campaign=rss already exists.
2026-01-22 22:54:02,161 - INFO - [BBC] Early skip: URL https://www.bbc.com/news/articles/c98pnzp50nqo?at_medium=RSS&at_campaign=rss already exists.
2026-01-22 22:54:02,431 - INFO - [BBC] Early skip: URL https://www.bbc.com/news/articles/c86vvjxe9z7o?at_medium=RSS&at_campaign=rss already exists.
2026-01-22 22:54:02,579 - INFO - [The Guardian] Early skip: URL https://www.theguardian.com/society/2026/jan/22/manosphere-influencers-testosterone-tests-young-men already exists.
2026-01-22 22:54:02,712 - INFO - [The Hindu] Early skip: URL https://www.thehindu.com/news/national/tamil-nadu/tariffs-imposed-by-president-trump-punitive-counterproductive-for-the-us-matt-winkler/article70537745.ece already exists.
2026-01-22 22:54:02,930 - INFO - [The Hindu] Early skip: URL https://www.thehindu.com/business/Industry/government-asks-airlines-to-submit-requests-for-indigos-vacated-slots/article70539706.ece already exists.
2026-01-22 22:54:03,040 - INFO - [The Guardian] Early skip: URL https://www.theguardian.com/australia-news/2026/jan/23/australias-worst-heatwave-since-black-summer-made-five-times-more-likely-by-global-heating-analysis-finds already exists.
2026-01-22 22:54:03,210 - INFO - [BBC] Early skip: URL https://www.bbc.com/news/articles/c9311l0d40qo?at_medium=RSS&at_campaign=rss already exists.
2026-01-22 22:54:03,370 - INFO - [BBC] Early skip: URL https://www.bbc.com/news/articles/c301jgd1qj6o?at_medium=RSS&at_campaign=rss already exists.
2026-01-22 22:54:03,605 - INFO - [The Guardian] Early skip: URL https://www.theguardian.com/world/live/2026/jan/22/zelenskyy-trump-putin-ukraine-russia-us-davos-greenland-eu-europe-live-news already exists.
2026-01-22 22:54:03,829 - INFO - [The Hindu] Early skip: URL https://www.thehindu.com/news/national/kerala/kerala-literature-festival-gets-under-way/article70539259.ece already exists.
2026-01-22 22:54:04,086 - INFO - [BBC] Early skip: URL https://www.bbc.com/news/articles/cx2p54rm4k4o?at_medium=RSS&at_campaign=rss already exists.
2026-01-22 22:54:04,218 - INFO - [BBC] Early skip: URL https://www.bbc.com/news/articles/c0r4957rq8ro?at_medium=RSS&at_campaign=rss already exists.
2026-01-22 22:54:04,510 - INFO - [BBC] Early skip: URL https://www.bbc.com/news/articles/clye22ljxw4o?at_medium=RSS&at_campaign=rss already exists.
2026-01-22 22:54:04,647 - INFO - [The Guardian] Early skip: URL https://www.theguardian.com/world/2026/jan/22/zelenskyy-accuses-eu-leaders-waiting-direction-donald-trump-greenland already exists.
2026-01-22 22:54:04,832 - INFO - [The Hindu] Early skip: URL https://www.thehindu.com/news/national/kerala/kerala-secures-investment-commitments-worth-14-billion-at-davos/article70539691.ece already exists.
2026-01-22 22:54:05,018 - INFO - [BBC] Early skip: URL https://www.bbc.com/news/articles/c701rvrpjwko?at_medium=RSS&at_campaign=rss already exists.
2026-01-22 22:54:05,299 - INFO - [The Guardian] Early skip: URL https://www.theguardian.com/world/2026/jan/22/eu-leaders-meet-in-brussels-to-discuss-new-reality-of-relations-with-us already exists.
2026-01-22 22:54:05,586 - INFO - [The Guardian] Early skip: URL https://www.theguardian.com/world/2026/jan/22/denmark-pm-calls-for-constructive-greenland-negotiation-with-trump already exists.
2026-01-22 22:54:05,744 - INFO - [BBC] Early skip: URL https://www.bbc.com/news/articles/c75xvg3ypexo?at_medium=RSS&at_campaign=rss already exists.
2026-01-22 22:54:06,031 - INFO - [BBC] Early skip: URL https://www.bbc.com/news/articles/cx2lej7d52po?at_medium=RSS&at_campaign=rss already exists.
2026-01-22 22:54:06,282 - INFO - [The Guardian] Early skip: URL https://www.theguardian.com/world/2026/jan/22/french-navy-intercepts-suspected-russian-shadow-fleet-tanker-mediterranean already exists.
2026-01-22 22:54:06,562 - INFO - [The Guardian] Early skip: URL https://www.theguardian.com/world/2026/jan/22/trump-kushner-gaza-blueprint-rafah already exists.
2026-01-22 22:54:06,677 - INFO - [The Guardian] Early skip: URL https://www.theguardian.com/politics/2026/jan/22/uk-not-ready-sign-trump-board-of-peace-treaty-yvette-cooper already exists.
2026-01-22 22:54:06,975 - INFO - [The Hindu] Early skip: URL https://www.thehindu.com/news/cities/bangalore/high-command-to-drive-bjps-campaign-and-electioneering-for-bengaluru-civic-polls/article70537849.ece already exists.
2026-01-22 22:54:07,107 - INFO - [The Hindu] Early skip: URL https://www.thehindu.com/news/national/andhra-pradesh/startup-revolution-key-to-growth-in-space-technology-says-nrsc-director/article70537912.ece already exists.
2026-01-22 22:54:07,314 - INFO - [The Hindu] Early skip: URL https://www.thehindu.com/news/national/andhra-pradesh/woman-paramour-held-for-murdering-husband-in-guntur-district/article70537118.ece already exists.
2026-01-22 22:54:07,513 - INFO - [BBC] Article: https://www.bbc.com/news/videos/cwy113pz41do?at_medium=RSS&at_campaign=rss
2026-01-22 22:54:07,513 - INFO - [The Guardian] Early skip: URL https://www.theguardian.com/world/2026/jan/22/trump-board-of-peace-launch-davos already exists.
2026-01-22 22:54:07,513 - INFO - [BBC] Attempt 1/1: Trying with 'requests_browser' strategy...
2026-01-22 22:54:07,722 - INFO - [The Guardian] Early skip: URL https://www.theguardian.com/law/2026/jan/22/uae-ordered-to-pay-260000-to-trafficking-victim-exploited-by-diplomat-in-london already exists.
2026-01-22 22:54:07,722 - WARNING - [BBC] FAILED with 'requests_browser' (content was too short: 79 words).
2026-01-22 22:54:07,722 - ERROR - [BBC] All scrape strategies failed for https://www.bbc.com/news/videos/cwy113pz41do?at_medium=RSS&at_campaign=rss. Falling back to RSS description.
2026-01-22 22:54:07,722 - WARNING - SKIPPED (GLOBAL WORD LIMIT): Article 'Footage captures moment NZ landslide starts in Mount Maunganui' from BBC has only 15 words (Min: 90).
2026-01-22 22:54:07,954 - INFO - [The Hindu] Early skip: URL https://www.thehindu.com/news/national/andhra-pradesh/murder-of-ysrcp-follower-triggers-political-row-in-palnadu/article70537149.ece already exists.
2026-01-22 22:54:08,154 - INFO - [The Guardian] Early skip: URL https://www.theguardian.com/world/2026/jan/22/jordan-israeli-spyware-gaza-activists already exists.
2026-01-22 22:54:08,350 - INFO - [The Hindu] Early skip: URL https://www.thehindu.com/news/national/andhra-pradesh/command-control-centre-at-dr-ntruhs-to-monitor-exams-in-ap-medical-colleges/article70538760.ece already exists.
2026-01-22 22:54:08,588 - INFO - [The Hindu] Article: https://www.thehindu.com/news/national/tamil-nadu/stalins-2011-election-sc-to-examine-if-cds-showing-alleged-malpractice-have-been-authenticated-under-evidence-act/article70539614.ece
2026-01-22 22:54:08,588 - INFO - [The Hindu] Attempt 1/1: Trying with 'selenium_browser' strategy...
2026-01-22 22:54:08,616 - INFO - [BBC] Article: https://www.bbc.com/news/videos/cgk8evvl0jno?at_medium=RSS&at_campaign=rss
2026-01-22 22:54:08,616 - INFO - [BBC] Attempt 1/1: Trying with 'requests_browser' strategy...
2026-01-22 22:54:08,706 - WARNING - [BBC] FAILED with 'requests_browser' (content was too short: 81 words).
2026-01-22 22:54:08,706 - ERROR - [BBC] All scrape strategies failed for https://www.bbc.com/news/videos/cgk8evvl0jno?at_medium=RSS&at_campaign=rss. Falling back to RSS description.
2026-01-22 22:54:08,706 - WARNING - SKIPPED (GLOBAL WORD LIMIT): Article 'Watch: How was Trump's Davos speech received?' from BBC has only 35 words (Min: 90).
2026-01-22 22:54:09,718 - INFO - [BBC] Article: https://www.bbc.com/news/videos/cn40027nej0o?at_medium=RSS&at_campaign=rss
2026-01-22 22:54:09,718 - INFO - [BBC] Attempt 1/1: Trying with 'requests_browser' strategy...
2026-01-22 22:54:09,799 - WARNING - [BBC] FAILED with 'requests_browser' (content was too short: 82 words).
2026-01-22 22:54:09,799 - ERROR - [BBC] All scrape strategies failed for https://www.bbc.com/news/videos/cn40027nej0o?at_medium=RSS&at_campaign=rss. Falling back to RSS description.
2026-01-22 22:54:09,799 - WARNING - SKIPPED (GLOBAL WORD LIMIT): Article 'Watch: Russian cosmonaut captures stunning aurora from space' from BBC has only 20 words (Min: 90).
2026-01-22 22:54:10,895 - INFO - [BBC] Article: https://www.bbc.com/news/videos/c8e5901727zo?at_medium=RSS&at_campaign=rss
2026-01-22 22:54:10,895 - INFO - [BBC] Attempt 1/1: Trying with 'requests_browser' strategy...
2026-01-22 22:54:11,071 - WARNING - [BBC] FAILED with 'requests_browser' (content was too short: 81 words).
2026-01-22 22:54:11,071 - ERROR - [BBC] All scrape strategies failed for https://www.bbc.com/news/videos/c8e5901727zo?at_medium=RSS&at_campaign=rss. Falling back to RSS description.
2026-01-22 22:54:11,071 - WARNING - SKIPPED (GLOBAL WORD LIMIT): Article 'Record snowfall leaves cars stuck and people stranded in Russia's Far East' from BBC has only 26 words (Min: 90).
2026-01-22 22:54:11,167 - INFO - [The Hindu] Page content loaded.
2026-01-22 22:54:11,256 - INFO - [The Hindu] Success with 'selenium_browser'. Found content (349 words).
2026-01-22 22:54:19,521 - ERROR - [Times of India] Request failed for strategy 'selenium_browser' on URL https://timesofindia.indiatimes.com/world/rest-of-world/canada-thrives-because-mark-carneys-reply-to-president-trumps-davos-dig/articleshow/127192882.cms: Message: timeout: Timed out receiving message from renderer: 19.653
  (Session info: chrome=144.0.7559.59)
Stacktrace:
#0 0x56434a689afa <unknown>
#1 0x56434a0a360f <unknown>
#2 0x56434a08ad11 <unknown>
#3 0x56434a08a936 <unknown>
#4 0x56434a08844b <unknown>
#5 0x56434a088dcf <unknown>
#6 0x56434a0982e0 <unknown>
#7 0x56434a0b22b7 <unknown>
#8 0x56434a0b94bb <unknown>
#9 0x56434a089539 <unknown>
#10 0x56434a0b204c <unknown>
#11 0x56434a1419a3 <unknown>
#12 0x56434a0ea842 <unknown>
#13 0x56434a0eb631 <unknown>
#14 0x56434a64f689 <unknown>
#15 0x56434a652581 <unknown>
#16 0x56434a63bca9 <unknown>
#17 0x56434a65313e <unknown>
#18 0x56434a6223a0 <unknown>
#19 0x56434a676fc8 <unknown>
#20 0x56434a67719b <unknown>
#21 0x56434a688e68 <unknown>
#22 0x7f795249caa4 <unknown>
#23 0x7f7952529c6c <unknown>

2026-01-22 22:54:19,521 - ERROR - [Times of India] All scrape strategies failed for https://timesofindia.indiatimes.com/world/rest-of-world/canada-thrives-because-mark-carneys-reply-to-president-trumps-davos-dig/articleshow/127192882.cms. Falling back to RSS description.
2026-01-22 22:54:19,525 - WARNING - SKIPPED (GLOBAL WORD LIMIT): Article ''Canada thrives because...': Mark Carney's reply to President Trump's Davos dig' from Times of India has only 3 words (Min: 90).
2026-01-22 22:54:58,860 - INFO - Saved article: Stalin’s 2011 election: SC to examine if CDs showing alleged malpractice have been authenticated under Evidence Act - The Hindu from The Hindu (349 words)
2026-01-22 22:54:58,861 - INFO - [Times of India] Early skip: URL https://timesofindia.indiatimes.com/world/us/is-europe-ready-to-boycott-the-2026-fifa-world-cup-over-trumps-threats-to-greenland/articleshow/127175817.cms already exists.
2026-01-22 22:54:59,076 - INFO - [Times of India] Article: https://timesofindia.indiatimes.com/world/us-streamers/marvel-rivals-streamer-kingsman265-surges-on-twitch-after-being-dropped-from-40k-event/articleshow/127191005.cms
2026-01-22 22:54:59,076 - INFO - [Times of India] Attempt 1/1: Trying with 'selenium_browser' strategy...
2026-01-22 22:55:00,282 - INFO - [The Hindu] Article: https://www.thehindu.com/news/national/pm-modi-speaks-to-brazils-lula-says-ties-key-for-interests-of-global-south/article70539605.ece
2026-01-22 22:55:00,282 - INFO - [The Hindu] Attempt 1/1: Trying with 'selenium_browser' strategy...
2026-01-22 22:55:02,500 - INFO - [The Hindu] Page content loaded.
2026-01-22 22:55:02,596 - INFO - [The Hindu] Success with 'selenium_browser'. Found content (238 words).
2026-01-22 22:55:10,265 - WARNING - [Times of India] Page timed out (10s). Proceeding anyway.
2026-01-22 22:55:10,478 - INFO - [Times of India] Success with 'selenium_browser'. Found content (398 words).
2026-01-22 22:55:52,440 - INFO - Saved article: PM Modi speaks to Brazil's Lula, says ties key for interests of Global South - The Hindu from The Hindu (238 words)
2026-01-22 22:56:37,221 - INFO - Saved article: Marvel Rivals streamer Kingsman265 surges on Twitch after being dropped from $40K event - The Times of India from Times of India (398 words)
2026-01-22 22:56:37,222 - INFO - [The Hindu] Article: https://www.thehindu.com/news/cities/bangalore/team-of-four-officers-to-conduct-preliminary-inquiry-against-ramachandra-rao/article70537889.ece
2026-01-22 22:56:37,222 - INFO - [The Hindu] Attempt 1/1: Trying with 'selenium_browser' strategy...
2026-01-22 22:56:37,809 - INFO - [Times of India] Article: https://timesofindia.indiatimes.com/world/us/don-lemon-not-facing-charges-over-minnesota-church-incident-now-as-judge-refuses-to-sign/articleshow/127185898.cms
2026-01-22 22:56:37,809 - INFO - [Times of India] Attempt 1/1: Trying with 'selenium_browser' strategy...
2026-01-22 22:56:38,889 - INFO - [The Hindu] Page content loaded.
2026-01-22 22:56:38,954 - INFO - [The Hindu] Success with 'selenium_browser'. Found content (205 words).
2026-01-22 22:56:39,190 - INFO - [Times of India] Page content loaded.
2026-01-22 22:56:39,450 - INFO - [Times of India] Success with 'selenium_browser'. Found content (393 words).
2026-01-22 22:57:28,565 - INFO - DEDUPLICATION: Found match (Score: 0.74). Linking to Cluster ID: edf436ea-f0aa-4f27-be66-648aa4526979
2026-01-22 22:57:28,567 - INFO - Saved article: Team of four officers to conduct preliminary inquiry against Ramachandra Rao - The Hindu from The Hindu (205 words)
2026-01-22 22:58:11,045 - CRITICAL - --- TIMEOUT: 2 scrape jobs did not complete in 300s. ---
2026-01-22 22:58:11,045 - ERROR - A thread has timed out and will be abandoned.
2026-01-22 22:58:11,045 - ERROR - A thread has timed out and will be abandoned.
2026-01-22 22:58:11,045 - INFO - Shutting down thread pool (wait=False)...
2026-01-22 22:58:11,045 - INFO - Scraped: 0 The Guardian, 1 BBC, 2 Timed_Out_Jobs articles. (Total saved: 1)
2026-01-22 22:58:11,045 - INFO - --- Scraping job finished ---
2026-01-22 22:58:11,045 - INFO - --- Scraper service stopped and database connection closed. ---
2026-01-22 22:58:11,045 - INFO - --- Main thread finished. Forcing process exit to kill zombie threads. ---
