2026-01-13 03:52:13,880 - INFO - Loading AI Semantic Model (all-MiniLM-L6-v2)...
2026-01-13 03:52:13,881 - INFO - Use pytorch device_name: cpu
2026-01-13 03:52:13,881 - INFO - Load pretrained SentenceTransformer: all-MiniLM-L6-v2
2026-01-13 03:52:14,644 - INFO - AI Model loaded successfully.
2026-01-13 03:52:14,645 - INFO - --- Scraper service started (CI Mode: Run Once) ---
2026-01-13 03:52:14,645 - INFO - --- Starting new scraping job (Parallel Mode) ---
2026-01-13 03:52:14,645 - INFO - Creating new robust session with 3 retries on 5xx/connection/read errors.
2026-01-13 03:52:14,645 - INFO - Proxy is DISABLED.
2026-01-13 03:52:14,645 - INFO - Starting scrape for BBC RSS feed: http://feeds.bbci.co.uk/news/world/rss.xml
2026-01-13 03:52:14,646 - INFO - [Times of India] (Thread) requires Selenium. Initializing driver...
2026-01-13 03:52:14,647 - INFO - Starting scrape for The Guardian RSS feed: https://www.theguardian.com/world/rss
2026-01-13 03:52:14,648 - INFO - [The Hindu] (Thread) requires Selenium. Initializing driver...
2026-01-13 03:52:14,648 - INFO - Submitted 4 jobs to thread pool. Waiting up to 300s for completion...
2026-01-13 03:52:14,804 - INFO - Found 45 articles in The Guardian RSS feed. Processing up to 30.
2026-01-13 03:52:14,804 - INFO - [The Guardian] Early skip: URL https://www.theguardian.com/books/2026/jan/12/chimamanda-ngozi-adichie-accuses-lagos-hospital-negligence-son-death already exists.
2026-01-13 03:52:14,900 - INFO - Found 37 articles in BBC RSS feed. Processing up to 30.
2026-01-13 03:52:14,938 - INFO - [BBC] Early skip: URL https://www.bbc.com/news/articles/cvgp70ynx1po?at_medium=RSS&at_campaign=rss already exists.
2026-01-13 03:52:15,169 - INFO - [BBC] Article: https://www.bbc.com/news/articles/clyev0kpk77o?at_medium=RSS&at_campaign=rss
2026-01-13 03:52:15,169 - INFO - [BBC] Attempt 1/1: Trying with 'requests_browser' strategy...
2026-01-13 03:52:15,170 - INFO - [The Guardian] Early skip: URL https://www.theguardian.com/global-development/2026/jan/09/the-gambia-female-genital-mutilation-fgm-supreme-court-case-overturn-ban already exists.
2026-01-13 03:52:15,373 - INFO - [The Guardian] Early skip: URL https://www.theguardian.com/world/2026/jan/08/questions-targeting-impact-us-airstrikes-in-nigeria already exists.
2026-01-13 03:52:15,484 - INFO - Selenium driver initialized successfully.
2026-01-13 03:52:15,485 - INFO - Starting scrape for Times of India RSS feed: https://timesofindia.indiatimes.com/rssfeeds/296589292.cms
2026-01-13 03:52:15,486 - INFO - Selenium driver initialized successfully.
2026-01-13 03:52:15,486 - INFO - Starting scrape for The Hindu RSS feed: https://www.thehindu.com/news/national/feeder/default.rss
2026-01-13 03:52:15,509 - INFO - [BBC] Success with 'requests_browser'. Found content (402 words).
2026-01-13 03:52:15,539 - INFO - [The Guardian] Early skip: URL https://www.theguardian.com/world/2026/jan/02/anthony-joshuas-driver-charged-with-dangerous-driving-after-fatal-crash-in-nigeria already exists.
2026-01-13 03:52:15,699 - INFO - Found 100 articles in The Hindu RSS feed. Processing up to 30.
2026-01-13 03:52:15,741 - INFO - Found 20 articles in Times of India RSS feed. Processing up to 30.
2026-01-13 03:52:58,845 - INFO - DEDUPLICATION: Found match (Score: 0.89). Linking to Cluster ID: a4aec2df-b526-4438-a5b6-913d1e8aa5d4
2026-01-13 03:52:58,848 - INFO - Saved article: Trump announces 25% tariff on countries that do business with Iran from BBC (402 words)
2026-01-13 03:52:58,848 - INFO - [The Hindu] Article: https://www.thehindu.com/news/national/odisha/odisha-moves-to-construct-new-assembly-building-to-double-house-capacity/article70501360.ece
2026-01-13 03:52:58,848 - INFO - [The Hindu] Attempt 1/1: Trying with 'selenium_browser' strategy...
2026-01-13 03:52:58,849 - INFO - [Times of India] Article: https://timesofindia.indiatimes.com/science/the-great-pacific-garbage-patch-is-becoming-home-to-some-aquatic-species/articleshow/126476618.cms
2026-01-13 03:52:58,849 - INFO - [Times of India] Attempt 1/1: Trying with 'selenium_browser' strategy...
2026-01-13 03:52:58,850 - INFO - [The Guardian] Early skip: URL https://www.theguardian.com/science/2026/jan/01/cremation-pyre-in-africa-thought-to-be-worlds-oldest-containing-adult-remains already exists.
2026-01-13 03:52:58,981 - INFO - [The Guardian] Early skip: URL https://www.theguardian.com/environment/2026/jan/12/us-plan-to-exploit-venezuelas-oil-could-eat-up-13-of-carbon-budget-to-keep-15c-limit already exists.
2026-01-13 03:52:59,172 - INFO - [The Guardian] Early skip: URL https://www.theguardian.com/world/2026/jan/12/trump-latin-america-feud-colombia-gustavo-petro already exists.
2026-01-13 03:52:59,301 - INFO - [The Guardian] Early skip: URL https://www.theguardian.com/us-news/2026/jan/12/us-oil-producers-global-supply-glut-venezuela already exists.
2026-01-13 03:52:59,403 - INFO - [The Guardian] Early skip: URL https://www.theguardian.com/world/2026/jan/12/carney-heads-to-beijing-as-trump-america-first-agenda-forces-canada-into-trade-rethink already exists.
2026-01-13 03:52:59,613 - INFO - [The Guardian] Early skip: URL https://www.theguardian.com/us-news/2026/jan/12/donald-trump-threatens-block-exxonmobil-venezuela already exists.
2026-01-13 03:52:59,803 - INFO - [The Guardian] Early skip: URL https://www.theguardian.com/world/2026/jan/13/china-europe-pressure-block-taiwanese-politicians-visas already exists.
2026-01-13 03:53:00,081 - INFO - [BBC] Article: https://www.bbc.com/news/articles/ce9yv4gmn9lo?at_medium=RSS&at_campaign=rss
2026-01-13 03:53:00,082 - INFO - [BBC] Attempt 1/1: Trying with 'requests_browser' strategy...
2026-01-13 03:53:00,084 - INFO - [The Guardian] Early skip: URL https://www.theguardian.com/business/2026/jan/13/coal-power-generation-falls-china-india-since-1970s already exists.
2026-01-13 03:53:00,148 - INFO - [BBC] Success with 'requests_browser'. Found content (1987 words).
2026-01-13 03:53:00,302 - INFO - [The Guardian] Early skip: URL https://www.theguardian.com/technology/2026/jan/12/malaysia-blocks-elon-musk-grok-ai-fake-sexualised-images-indonesia-x-chatbot already exists.
2026-01-13 03:53:06,809 - INFO - [The Hindu] Page content loaded.
2026-01-13 03:53:07,371 - INFO - [The Hindu] Success with 'selenium_browser'. Found content (410 words).
2026-01-13 03:53:13,153 - INFO - [Times of India] Page content loaded.
2026-01-13 03:53:13,658 - INFO - [Times of India] Success with 'selenium_browser'. Found content (658 words).
2026-01-13 03:53:59,273 - INFO - Saved article: How one woman lures foreign recruits to Russia’s front line in Ukraine from BBC (1987 words)
2026-01-13 03:53:59,273 - INFO - [The Guardian] Early skip: URL https://www.theguardian.com/world/2026/jan/11/underground-church-early-rain-leaders-detained-china-crackdown already exists.
2026-01-13 03:54:50,821 - INFO - Saved article: Odisha moves to construct new Assembly building to double house capacity - The Hindu from The Hindu (410 words)
2026-01-13 03:55:42,079 - INFO - Saved article: The Great Pacific Garbage Patch is becoming home to some aquatic species | - The Times of India from Times of India (658 words)
2026-01-13 03:55:42,079 - INFO - [The Guardian] Early skip: URL https://www.theguardian.com/world/2026/jan/10/indonesia-blocks-musks-grok-chatbot-due-to-risk-of-pornographic-content already exists.
2026-01-13 03:55:42,371 - INFO - [BBC] Article: https://www.bbc.com/news/articles/c3ve572edzqo?at_medium=RSS&at_campaign=rss
2026-01-13 03:55:42,371 - INFO - [BBC] Attempt 1/1: Trying with 'requests_browser' strategy...
2026-01-13 03:55:42,373 - INFO - [The Hindu] Article: https://www.thehindu.com/news/national/maharashtra/bmc-elections-the-rise-of-fluid-alliances-explained/article70502787.ece
2026-01-13 03:55:42,373 - INFO - [The Hindu] Attempt 1/1: Trying with 'selenium_browser' strategy...
2026-01-13 03:55:42,374 - INFO - [The Guardian] Early skip: URL https://www.theguardian.com/australia-news/live/2026/jan/13/anthony-albanese-labor-hate-speech-laws-politics-coalition-sussan-ley-adelaide-festival-writers-week-reactions-victoria-bushfires-queensland-floods-ntwnfb already exists.
2026-01-13 03:55:42,416 - INFO - [BBC] Success with 'requests_browser'. Found content (1385 words).
2026-01-13 03:55:44,821 - INFO - [The Hindu] Page content loaded.
2026-01-13 03:55:45,173 - INFO - [The Hindu] Success with 'selenium_browser'. Found content (780 words).
2026-01-13 03:56:30,677 - INFO - Saved article: Lyse Doucet: Iran's rulers face biggest challenge since 1979 revolution from BBC (1385 words)
2026-01-13 03:56:30,677 - INFO - [The Guardian] Early skip: URL https://www.theguardian.com/australia-news/2026/jan/13/victorian-bushfire-threat-eases-structures-destroyed already exists.
2026-01-13 03:56:30,794 - INFO - [Times of India] Article: https://timesofindia.indiatimes.com/world/us/leave-iran-now-us-warns-its-citizens-as-tensions-rise-over-600-killed-in-protests-key-details/articleshow/126495320.cms
2026-01-13 03:56:30,795 - INFO - [Times of India] Attempt 1/1: Trying with 'selenium_browser' strategy...
2026-01-13 03:56:32,341 - INFO - [Times of India] Page content loaded.
2026-01-13 03:56:32,681 - INFO - [Times of India] Success with 'selenium_browser'. Found content (579 words).
2026-01-13 03:57:14,648 - CRITICAL - --- TIMEOUT: 4 scrape jobs did not complete in 300s. ---
2026-01-13 03:57:14,648 - ERROR - A thread has timed out and will be abandoned.
2026-01-13 03:57:14,649 - ERROR - A thread has timed out and will be abandoned.
2026-01-13 03:57:14,649 - ERROR - A thread has timed out and will be abandoned.
2026-01-13 03:57:14,649 - ERROR - A thread has timed out and will be abandoned.
2026-01-13 03:57:14,649 - INFO - Shutting down thread pool (wait=False)...
2026-01-13 03:57:14,649 - INFO - Scraped: 4 Timed_Out_Jobs articles. (Total saved: 0)
2026-01-13 03:57:14,649 - INFO - --- Scraping job finished ---
2026-01-13 03:57:14,649 - INFO - --- Scraper service stopped and database connection closed. ---
2026-01-13 03:57:14,649 - INFO - --- Main thread finished. Forcing process exit to kill zombie threads. ---
