2026-01-08 18:36:55,702 - INFO - Loading AI Semantic Model (all-MiniLM-L6-v2)...
2026-01-08 18:36:55,702 - INFO - Use pytorch device_name: cpu
2026-01-08 18:36:55,702 - INFO - Load pretrained SentenceTransformer: all-MiniLM-L6-v2
2026-01-08 18:36:57,133 - INFO - AI Model loaded successfully.
2026-01-08 18:36:57,133 - INFO - --- Scraper service started (CI Mode: Run Once) ---
2026-01-08 18:36:57,133 - INFO - --- Starting new scraping job (Parallel Mode) ---
2026-01-08 18:36:57,133 - INFO - Creating new robust session with 3 retries on 5xx/connection/read errors.
2026-01-08 18:36:57,133 - INFO - Proxy is DISABLED.
2026-01-08 18:36:57,134 - INFO - Starting scrape for BBC RSS feed: http://feeds.bbci.co.uk/news/world/rss.xml
2026-01-08 18:36:57,135 - INFO - [Times of India] (Thread) requires Selenium. Initializing driver...
2026-01-08 18:36:57,135 - INFO - Starting scrape for The Guardian RSS feed: https://www.theguardian.com/world/rss
2026-01-08 18:36:57,136 - INFO - [The Hindu] (Thread) requires Selenium. Initializing driver...
2026-01-08 18:36:57,136 - INFO - Submitted 4 jobs to thread pool. Waiting up to 300s for completion...
2026-01-08 18:36:57,569 - INFO - Found 45 articles in The Guardian RSS feed. Processing up to 30.
2026-01-08 18:36:57,569 - INFO - [The Guardian] Early skip: URL https://www.theguardian.com/world/2026/jan/08/questions-targeting-impact-us-airstrikes-in-nigeria already exists.
2026-01-08 18:36:57,756 - INFO - Found 26 articles in BBC RSS feed. Processing up to 30.
2026-01-08 18:36:57,788 - INFO - [BBC] Early skip: URL https://www.bbc.com/news/articles/cgm4y0ewe93o?at_medium=RSS&at_campaign=rss already exists.
2026-01-08 18:36:57,906 - INFO - [The Guardian] Early skip: URL https://www.theguardian.com/world/2026/jan/02/anthony-joshuas-driver-charged-with-dangerous-driving-after-fatal-crash-in-nigeria already exists.
2026-01-08 18:36:58,161 - INFO - [BBC] Early skip: URL https://www.bbc.com/news/articles/c2lgjd51v95o?at_medium=RSS&at_campaign=rss already exists.
2026-01-08 18:36:58,352 - INFO - [The Guardian] Early skip: URL https://www.theguardian.com/science/2026/jan/01/cremation-pyre-in-africa-thought-to-be-worlds-oldest-containing-adult-remains already exists.
2026-01-08 18:36:58,515 - INFO - [BBC] Early skip: URL https://www.bbc.com/news/articles/cp80ln97py5o?at_medium=RSS&at_campaign=rss already exists.
2026-01-08 18:36:58,809 - INFO - [The Guardian] Early skip: URL https://www.theguardian.com/global-development/2026/jan/01/us-aid-cuts-conditions-un-humanitarian-pledge-ocha already exists.
2026-01-08 18:36:58,978 - INFO - [BBC] Early skip: URL https://www.bbc.com/news/articles/ckgl8jgdxypo?at_medium=RSS&at_campaign=rss already exists.
2026-01-08 18:36:59,183 - INFO - [The Guardian] Early skip: URL https://www.theguardian.com/world/2025/dec/31/guinea-junta-chief-mamady-doumbouya-elected-president-after-opposition-boycott already exists.
2026-01-08 18:36:59,391 - INFO - [BBC] Early skip: URL https://www.bbc.com/sport/tennis/articles/cx2gr00ndmyo?at_medium=RSS&at_campaign=rss already exists.
2026-01-08 18:36:59,585 - INFO - [The Guardian] Article: https://www.theguardian.com/world/2026/jan/08/brazil-president-lula-vetoes-bill-jair-bolsonaro-prison-sentence
2026-01-08 18:36:59,585 - INFO - [The Guardian] Attempt 1/1: Trying with 'requests_browser' strategy...
2026-01-08 18:36:59,586 - INFO - [BBC] Early skip: URL https://www.bbc.com/news/articles/c78e99pzr25o?at_medium=RSS&at_campaign=rss already exists.
2026-01-08 18:36:59,621 - INFO - [The Guardian] Success with 'requests_browser'. Found content (455 words).
2026-01-08 18:37:04,280 - INFO - Selenium driver initialized successfully.
2026-01-08 18:37:04,281 - INFO - Starting scrape for Times of India RSS feed: https://timesofindia.indiatimes.com/rssfeeds/296589292.cms
2026-01-08 18:37:04,282 - INFO - Selenium driver initialized successfully.
2026-01-08 18:37:04,282 - INFO - Starting scrape for The Hindu RSS feed: https://www.thehindu.com/news/national/feeder/default.rss
2026-01-08 18:37:04,444 - INFO - Found 20 articles in Times of India RSS feed. Processing up to 30.
2026-01-08 18:37:05,276 - INFO - Found 100 articles in The Hindu RSS feed. Processing up to 30.
2026-01-08 18:37:29,905 - INFO - Saved article: Brazilian president vetoes bill reducing Jair Bolsonaro’s prison sentence | Brazil | The Guardian from The Guardian (455 words)
2026-01-08 18:37:29,905 - INFO - [BBC] Early skip: URL https://www.bbc.com/news/articles/cx20gyn8qvvo?at_medium=RSS&at_campaign=rss already exists.
2026-01-08 18:37:30,045 - INFO - [Times of India] Article: https://timesofindia.indiatimes.com/world/us-streamers/candace-owens-accuses-ben-shapiro-of-using-her-old-podcast-to-publicly-attack-her-after-daily-wire-fallout/articleshow/126420864.cms
2026-01-08 18:37:30,045 - INFO - [Times of India] Attempt 1/1: Trying with 'selenium_browser' strategy...
2026-01-08 18:37:30,046 - INFO - [The Hindu] Article: https://www.thehindu.com/news/national/home-ministry-for-talks-with-ladakhi-leaders-in-last-week-of-january/article70488050.ece
2026-01-08 18:37:30,046 - INFO - [The Hindu] Attempt 1/1: Trying with 'selenium_browser' strategy...
2026-01-08 18:37:30,047 - INFO - [BBC] Early skip: URL https://www.bbc.com/news/articles/cj4ln977w0jo?at_medium=RSS&at_campaign=rss already exists.
2026-01-08 18:37:30,222 - INFO - [BBC] Early skip: URL https://www.bbc.com/news/articles/ckgn1lpq52ko?at_medium=RSS&at_campaign=rss already exists.
2026-01-08 18:37:30,435 - INFO - [BBC] Early skip: URL https://www.bbc.com/news/articles/c5y2mvp3r2do?at_medium=RSS&at_campaign=rss already exists.
2026-01-08 18:37:30,578 - INFO - [BBC] Early skip: URL https://www.bbc.com/news/articles/cj0nqqgy77ro?at_medium=RSS&at_campaign=rss already exists.
2026-01-08 18:37:30,746 - INFO - [BBC] Early skip: URL https://www.bbc.com/news/articles/c8x94lz0gevo?at_medium=RSS&at_campaign=rss already exists.
2026-01-08 18:37:30,931 - INFO - [The Guardian] Early skip: URL https://www.theguardian.com/world/2026/jan/08/venezuela-oil-deal-rodriguez-trump-vance-claims-us-control already exists.
2026-01-08 18:37:31,122 - INFO - [BBC] Early skip: URL https://www.bbc.com/news/articles/cgk8jv4r8nmo?at_medium=RSS&at_campaign=rss already exists.
2026-01-08 18:37:31,258 - INFO - [The Guardian] Early skip: URL https://www.theguardian.com/business/2026/jan/08/shadow-fleet-ships-sanctioned-oil-reflagged-russia-lloyds-list-analysis already exists.
2026-01-08 18:37:31,475 - INFO - [BBC] Early skip: URL https://www.bbc.com/news/articles/cy4q898dkwxo?at_medium=RSS&at_campaign=rss already exists.
2026-01-08 18:37:31,583 - INFO - [BBC] Early skip: URL https://www.bbc.com/news/articles/c1jepdjy256o?at_medium=RSS&at_campaign=rss already exists.
2026-01-08 18:37:31,741 - INFO - [The Guardian] Early skip: URL https://www.theguardian.com/us-news/2026/jan/08/venezuela-protester-arrested already exists.
2026-01-08 18:37:31,899 - INFO - [BBC] Early skip: URL https://www.bbc.com/news/articles/c77krp7m362o?at_medium=RSS&at_campaign=rss already exists.
2026-01-08 18:37:32,157 - INFO - [The Guardian] Early skip: URL https://www.theguardian.com/business/2026/jan/08/trump-plans-use-venezuela-huge-oil-reserves-to-cut-us-consumer-price-to-50-a-barrel already exists.
2026-01-08 18:37:32,406 - INFO - [The Guardian] Early skip: URL https://www.theguardian.com/world/2026/jan/08/alleged-scam-kingpin-chen-zhi-extradited-china-cambodia-arrest already exists.
2026-01-08 18:37:32,688 - INFO - [The Guardian] Early skip: URL https://www.theguardian.com/world/2026/jan/06/papua-new-guinea-internet-starlink-shut-down already exists.
2026-01-08 18:37:32,926 - INFO - [The Guardian] Early skip: URL https://www.theguardian.com/world/2026/jan/06/what-us-action-in-venezuela-means-for-taiwan already exists.
2026-01-08 18:37:33,133 - INFO - [The Guardian] Early skip: URL https://www.theguardian.com/world/2026/jan/05/venezuela-trump-attack-china-interests-analysis already exists.
2026-01-08 18:37:33,348 - INFO - [BBC] Early skip: URL https://www.bbc.com/news/articles/cvgx8w4pgk0o?at_medium=RSS&at_campaign=rss already exists.
2026-01-08 18:37:33,648 - INFO - [BBC] Early skip: URL https://www.bbc.com/news/articles/c62r6dvpl5ro?at_medium=RSS&at_campaign=rss already exists.
2026-01-08 18:37:33,782 - INFO - [BBC] Early skip: URL https://www.bbc.com/news/articles/czejp3gep63o?at_medium=RSS&at_campaign=rss already exists.
2026-01-08 18:37:33,935 - INFO - [The Guardian] Early skip: URL https://www.theguardian.com/world/2026/jan/05/giant-bluefin-tuna-sold-record-amount-tokyo-auction-kiyoshi-kimura already exists.
2026-01-08 18:37:34,209 - INFO - [The Guardian] Early skip: URL https://www.theguardian.com/australia-news/2026/jan/09/promoter-behind-us-rightwinger-candace-owens-blocked-australia-tour-goes-into-liquidation already exists.
2026-01-08 18:37:34,404 - INFO - [The Guardian] Early skip: URL https://www.theguardian.com/australia-news/2026/jan/08/was-albaneses-royal-commission-refusal-cynical-or-considered-either-way-his-backdown-has-come-too-late-ntwnfb already exists.
2026-01-08 18:37:34,648 - INFO - [BBC] Article: https://www.bbc.com/news/videos/c394vjengdgo?at_medium=RSS&at_campaign=rss
2026-01-08 18:37:34,648 - INFO - [BBC] Attempt 1/1: Trying with 'requests_browser' strategy...
2026-01-08 18:37:34,652 - INFO - [The Guardian] Early skip: URL https://www.theguardian.com/australia-news/live/2026/jan/08/australia-news-live-bluescope-stokes-extreme-weather-heatwave-bushfire-bondi-royal-commission-anthony-albanese-antisemitism-ntwnfb already exists.
2026-01-08 18:37:34,935 - INFO - [The Guardian] Early skip: URL https://www.theguardian.com/australia-news/2026/jan/08/bondi-shooting-royal-commission-attack-australia-pm-albanese-ntwnfb already exists.
2026-01-08 18:37:34,996 - WARNING - [BBC] FAILED with 'requests_browser' (content was too short: 44 words).
2026-01-08 18:37:34,996 - ERROR - [BBC] All scrape strategies failed for https://www.bbc.com/news/videos/c394vjengdgo?at_medium=RSS&at_campaign=rss. Falling back to RSS description.
2026-01-08 18:37:34,996 - WARNING - SKIPPED (GLOBAL WORD LIMIT): Article 'Watch: Eyewitnesses recount deadly ICE shooting' from BBC has only 15 words (Min: 90).
2026-01-08 18:37:35,199 - INFO - [The Guardian] Early skip: URL https://www.theguardian.com/australia-news/2026/jan/08/adelaide-writers-week-dumps-prominent-academic-randa-abdel-fattah-over-cultural-sensitivity-concerns-after-bondi-attack-ntwnfb already exists.
2026-01-08 18:37:35,414 - INFO - [The Guardian] Early skip: URL https://www.theguardian.com/world/2026/jan/08/french-farmers-paris-protest-eu-mercosur-trade-deal already exists.
2026-01-08 18:37:35,705 - INFO - [The Guardian] Article: https://www.theguardian.com/world/2026/jan/08/runaway-sheep-storm-german-supermarket
2026-01-08 18:37:35,705 - INFO - [The Guardian] Attempt 1/1: Trying with 'requests_browser' strategy...
2026-01-08 18:37:35,762 - INFO - [The Guardian] Success with 'requests_browser'. Found content (511 words).
2026-01-08 18:37:36,887 - INFO - [The Hindu] Page content loaded.
2026-01-08 18:37:37,478 - INFO - [The Hindu] Success with 'selenium_browser'. Found content (437 words).
2026-01-08 18:38:24,007 - INFO - Saved article: On the lamb: 50 sheep break away from flock and storm German supermarket | Germany | The Guardian from The Guardian (511 words)
2026-01-08 18:38:24,008 - INFO - [BBC] Article: https://www.bbc.com/news/videos/ceqzj9932wjo?at_medium=RSS&at_campaign=rss
2026-01-08 18:38:24,008 - INFO - [BBC] Attempt 1/1: Trying with 'requests_browser' strategy...
2026-01-08 18:38:24,249 - WARNING - [BBC] FAILED with 'requests_browser' (content was too short: 64 words).
2026-01-08 18:38:24,249 - ERROR - [BBC] All scrape strategies failed for https://www.bbc.com/news/videos/ceqzj9932wjo?at_medium=RSS&at_campaign=rss. Falling back to RSS description.
2026-01-08 18:38:24,249 - WARNING - SKIPPED (GLOBAL WORD LIMIT): Article 'Eyewitness video shows how deadly shooting in Minneapolis unfolded, second by second' from BBC has only 15 words (Min: 90).
2026-01-08 18:38:57,931 - INFO - Saved article: Home Ministry for talks with Ladakhi leaders in last week of January - The Hindu from The Hindu (437 words)
2026-01-08 18:38:57,931 - INFO - [The Guardian] Early skip: URL https://www.theguardian.com/us-news/2026/jan/08/french-german-presidents-macron-steinmeier-condemn-us-foreign-policy-trump already exists.
2026-01-08 18:38:58,092 - INFO - [BBC] Article: https://www.bbc.com/news/videos/cx2ypz4zjvxo?at_medium=RSS&at_campaign=rss
2026-01-08 18:38:58,093 - INFO - [BBC] Attempt 1/1: Trying with 'requests_browser' strategy...
2026-01-08 18:38:58,094 - INFO - [The Guardian] Early skip: URL https://www.theguardian.com/environment/2026/jan/08/masses-of-toxic-litter-pours-from-rhine-into-north-sea-each-year-research-finds already exists.
2026-01-08 18:38:58,155 - WARNING - [BBC] FAILED with 'requests_browser' (content was too short: 79 words).
2026-01-08 18:38:58,155 - ERROR - [BBC] All scrape strategies failed for https://www.bbc.com/news/videos/cx2ypz4zjvxo?at_medium=RSS&at_campaign=rss. Falling back to RSS description.
2026-01-08 18:38:58,155 - WARNING - SKIPPED (GLOBAL WORD LIMIT): Article 'Video shows moment US immigration agent fatally shoots woman' from BBC has only 20 words (Min: 90).
2026-01-08 18:38:58,275 - INFO - [The Guardian] Early skip: URL https://www.theguardian.com/world/2026/jan/08/berlin-mayor-kai-wegner-calls-to-resign-playing-tennis-blackout-outage already exists.
2026-01-08 18:38:58,564 - INFO - [The Guardian] Article: https://www.theguardian.com/world/2026/jan/08/saudi-arabia-accuses-uae-of-helping-yemeni-separatist-leader-flee
2026-01-08 18:38:58,564 - INFO - [The Guardian] Attempt 1/1: Trying with 'requests_browser' strategy...
2026-01-08 18:38:58,721 - INFO - [The Guardian] Success with 'requests_browser'. Found content (829 words).
2026-01-08 18:39:30,147 - ERROR - [Times of India] Request failed for strategy 'selenium_browser' on URL https://timesofindia.indiatimes.com/world/us-streamers/candace-owens-accuses-ben-shapiro-of-using-her-old-podcast-to-publicly-attack-her-after-daily-wire-fallout/articleshow/126420864.cms: HTTPConnectionPool(host='localhost', port=45275): Read timed out. (read timeout=120)
2026-01-08 18:39:30,147 - ERROR - [Times of India] All scrape strategies failed for https://timesofindia.indiatimes.com/world/us-streamers/candace-owens-accuses-ben-shapiro-of-using-her-old-podcast-to-publicly-attack-her-after-daily-wire-fallout/articleshow/126420864.cms. Falling back to RSS description.
2026-01-08 18:39:30,148 - WARNING - SKIPPED (GLOBAL WORD LIMIT): Article 'Candace Owens accuses Ben Shapiro of using her old podcast to publicly attack her after Daily Wire fallout' from Times of India has only 53 words (Min: 90).
2026-01-08 18:39:32,199 - INFO - DEDUPLICATION: Found match (Score: 0.82). Linking to Cluster ID: 75be74d2-9c97-4481-a631-ca2b4b8678c5
2026-01-08 18:39:32,201 - INFO - Saved article: Saudi Arabia says UAE helped Yemeni separatist leader flee as crisis deepens | Yemen | The Guardian from The Guardian (829 words)
2026-01-08 18:39:32,202 - INFO - [The Hindu] Article: https://www.thehindu.com/news/national/kerala/excise-officers-attacked-by-mdma-case-accused/article70488053.ece
2026-01-08 18:39:32,202 - INFO - [The Hindu] Attempt 1/1: Trying with 'selenium_browser' strategy...
2026-01-08 18:39:32,202 - INFO - [BBC] Article: https://www.bbc.com/news/videos/cx2gm7109rwo?at_medium=RSS&at_campaign=rss
2026-01-08 18:39:32,202 - INFO - [BBC] Attempt 1/1: Trying with 'requests_browser' strategy...
2026-01-08 18:39:32,204 - INFO - [Times of India] Article: https://timesofindia.indiatimes.com/world/us/zoho-founder-sridhar-vembus-us-attorney-breaks-silence-on-1-7-billion-bond-order-in-divorce-issue-says-this-was-a-waste-of-time-by-the-wife/articleshow/126420444.cms
2026-01-08 18:39:32,204 - INFO - [Times of India] Attempt 1/1: Trying with 'selenium_browser' strategy...
2026-01-08 18:39:32,267 - WARNING - [BBC] FAILED with 'requests_browser' (content was too short: 40 words).
2026-01-08 18:39:32,267 - ERROR - [BBC] All scrape strategies failed for https://www.bbc.com/news/videos/cx2gm7109rwo?at_medium=RSS&at_campaign=rss. Falling back to RSS description.
2026-01-08 18:39:32,267 - WARNING - SKIPPED (GLOBAL WORD LIMIT): Article 'Tracking the oil tankers seized by the US' from BBC has only 31 words (Min: 90).
2026-01-08 18:39:33,336 - INFO - [The Guardian] Article: https://www.theguardian.com/world/2026/jan/08/syrian-army-aleppo-evacuations-fighting-kurdish-forces
2026-01-08 18:39:33,336 - INFO - [The Guardian] Attempt 1/1: Trying with 'requests_browser' strategy...
2026-01-08 18:39:33,644 - INFO - [BBC] Early skip: URL https://www.bbc.com/news/videos/c1jegxw1rxwo?at_medium=RSS&at_campaign=rss already exists.
2026-01-08 18:39:33,665 - INFO - [The Guardian] Success with 'requests_browser'. Found content (851 words).
2026-01-08 18:39:34,097 - INFO - [The Hindu] Page content loaded.
2026-01-08 18:39:34,321 - INFO - [The Hindu] Success with 'selenium_browser'. Found content (115 words).
2026-01-08 18:40:08,756 - INFO - DEDUPLICATION: Found match (Score: 0.81). Linking to Cluster ID: 4b7251dd-3e95-4a21-b2b2-d4b1f43b5ecb
2026-01-08 18:40:08,760 - INFO - Saved article: Syrian army orders Aleppo evacuations amid fighting with Kurdish forces | Syria | The Guardian from The Guardian (851 words)
2026-01-08 18:40:08,760 - INFO - [BBC] Early skip: URL https://www.bbc.com/news/videos/cq6vg2j6pndo?at_medium=RSS&at_campaign=rss already exists.
2026-01-08 18:40:41,584 - INFO - Saved article: Excise officers attacked by MDMA case accused - The Hindu from The Hindu (115 words)
2026-01-08 18:40:41,584 - INFO - [BBC] Article: https://www.bbc.com/news/videos/cly5nn5w918o?at_medium=RSS&at_campaign=rss
2026-01-08 18:40:41,584 - INFO - [BBC] Attempt 1/1: Trying with 'requests_browser' strategy...
2026-01-08 18:40:41,585 - INFO - [The Guardian] Early skip: URL https://www.theguardian.com/world/2026/jan/07/they-are-killing-us-authorities-use-force-against-protesters-in-kurdish-regions-of-iran already exists.
2026-01-08 18:40:41,643 - WARNING - [BBC] FAILED with 'requests_browser' (content was too short: 81 words).
2026-01-08 18:40:41,643 - ERROR - [BBC] All scrape strategies failed for https://www.bbc.com/news/videos/cly5nn5w918o?at_medium=RSS&at_campaign=rss. Falling back to RSS description.
2026-01-08 18:40:41,643 - WARNING - SKIPPED (GLOBAL WORD LIMIT): Article 'What's the relationship between Venezuela and Cuba?' from BBC has only 15 words (Min: 90).
2026-01-08 18:40:41,831 - INFO - [The Guardian] Early skip: URL https://www.theguardian.com/world/2026/jan/07/yemen-saudi-arabia-united-arab-emirates already exists.
2026-01-08 18:40:42,003 - INFO - [The Guardian] Early skip: URL https://www.theguardian.com/world/2026/jan/06/iranian-security-forces-clash-protesters-tehran-grand-bazaar already exists.
2026-01-08 18:40:42,309 - INFO - [The Hindu] Article: https://www.thehindu.com/news/national/tamil-nadu/chennai-book-fair-is-a-confluence-of-knowledge-says-cm-stalin/article70487423.ece
2026-01-08 18:40:42,309 - INFO - [The Hindu] Attempt 1/1: Trying with 'selenium_browser' strategy...
2026-01-08 18:40:43,229 - INFO - [The Hindu] Page content loaded.
2026-01-08 18:40:43,266 - INFO - [The Hindu] Success with 'selenium_browser'. Found content (364 words).
2026-01-08 18:41:16,987 - INFO - Saved article: Chennai Book Fair is a confluence of knowledge, says CM Stalin - The Hindu from The Hindu (364 words)
2026-01-08 18:41:18,134 - INFO - [The Hindu] Article: https://www.thehindu.com/news/national/three-indians-among-crew-on-board-russian-oil-tanker-seized-by-us-report/article70488112.ece
2026-01-08 18:41:18,134 - INFO - [The Hindu] Attempt 1/1: Trying with 'selenium_browser' strategy...
2026-01-08 18:41:19,084 - INFO - [The Hindu] Page content loaded.
2026-01-08 18:41:19,124 - INFO - [The Hindu] Success with 'selenium_browser'. Found content (502 words).
2026-01-08 18:41:32,306 - ERROR - [Times of India] Request failed for strategy 'selenium_browser' on URL https://timesofindia.indiatimes.com/world/us/zoho-founder-sridhar-vembus-us-attorney-breaks-silence-on-1-7-billion-bond-order-in-divorce-issue-says-this-was-a-waste-of-time-by-the-wife/articleshow/126420444.cms: HTTPConnectionPool(host='localhost', port=45275): Read timed out. (read timeout=120)
2026-01-08 18:41:32,307 - ERROR - [Times of India] All scrape strategies failed for https://timesofindia.indiatimes.com/world/us/zoho-founder-sridhar-vembus-us-attorney-breaks-silence-on-1-7-billion-bond-order-in-divorce-issue-says-this-was-a-waste-of-time-by-the-wife/articleshow/126420444.cms. Falling back to RSS description.
2026-01-08 18:41:32,307 - WARNING - SKIPPED (GLOBAL WORD LIMIT): Article 'Zoho founder Sridhar Vembu's US attorney breaks silence on $1.7 billion bond order in divorce issue, says 'this was a waste of time by the wife'' from Times of India has only 3 words (Min: 90).
2026-01-08 18:41:52,694 - INFO - Saved article: Three Indians among crew on board Russian oil tanker seized by U.S.: report - The Hindu from The Hindu (502 words)
2026-01-08 18:41:52,694 - INFO - [Times of India] Early skip: URL https://timesofindia.indiatimes.com/world/us-streamers/candace-owens-raises-new-questions-about-charlie-kirk-after-revealing-a-never-before-seen-image-with-no-visible-blood/articleshow/126402110.cms already exists.
2026-01-08 18:41:52,935 - INFO - [Times of India] Article: https://timesofindia.indiatimes.com/world/us/another-strong-arm-killing-in-polarized-america-inflames-divisions/articleshow/126419973.cms
2026-01-08 18:41:52,936 - INFO - [Times of India] Attempt 1/1: Trying with 'selenium_browser' strategy...
2026-01-08 18:41:54,149 - INFO - [The Hindu] Article: https://www.thehindu.com/news/national/average-asset-of-102-re-elected-mps-rises-by-110-between-2014-2024-adr/article70488042.ece
2026-01-08 18:41:54,149 - INFO - [The Hindu] Attempt 1/1: Trying with 'selenium_browser' strategy...
2026-01-08 18:41:55,048 - INFO - [The Hindu] Page content loaded.
2026-01-08 18:41:55,090 - INFO - [The Hindu] Success with 'selenium_browser'. Found content (403 words).
2026-01-08 18:41:57,138 - CRITICAL - --- TIMEOUT: 2 scrape jobs did not complete in 300s. ---
2026-01-08 18:41:57,138 - ERROR - A thread has timed out and will be abandoned.
2026-01-08 18:41:57,138 - ERROR - A thread has timed out and will be abandoned.
2026-01-08 18:41:57,139 - INFO - Shutting down thread pool (wait=False)...
2026-01-08 18:41:57,139 - INFO - Scraped: 4 The Guardian, 0 BBC, 2 Timed_Out_Jobs articles. (Total saved: 4)
2026-01-08 18:41:57,139 - INFO - --- Scraping job finished ---
2026-01-08 18:41:57,140 - INFO - --- Scraper service stopped and database connection closed. ---
2026-01-08 18:41:57,140 - INFO - --- Main thread finished. Forcing process exit to kill zombie threads. ---
