2026-01-08 05:53:06,201 - INFO - Loading AI Semantic Model (all-MiniLM-L6-v2)...
2026-01-08 05:53:06,202 - INFO - Use pytorch device_name: cpu
2026-01-08 05:53:06,202 - INFO - Load pretrained SentenceTransformer: all-MiniLM-L6-v2
2026-01-08 05:53:06,642 - INFO - AI Model loaded successfully.
2026-01-08 05:53:06,643 - INFO - --- Scraper service started (CI Mode: Run Once) ---
2026-01-08 05:53:06,643 - INFO - --- Starting new scraping job (Parallel Mode) ---
2026-01-08 05:53:06,643 - INFO - Creating new robust session with 3 retries on 5xx/connection/read errors.
2026-01-08 05:53:06,643 - INFO - Proxy is DISABLED.
2026-01-08 05:53:06,644 - INFO - Starting scrape for BBC RSS feed: http://feeds.bbci.co.uk/news/world/rss.xml
2026-01-08 05:53:06,645 - INFO - [Times of India] (Thread) requires Selenium. Initializing driver...
2026-01-08 05:53:06,645 - INFO - Starting scrape for The Guardian RSS feed: https://www.theguardian.com/world/rss
2026-01-08 05:53:06,646 - INFO - [The Hindu] (Thread) requires Selenium. Initializing driver...
2026-01-08 05:53:06,647 - INFO - Submitted 4 jobs to thread pool. Waiting up to 300s for completion...
2026-01-08 05:53:06,721 - INFO - Found 30 articles in BBC RSS feed. Processing up to 30.
2026-01-08 05:53:06,722 - INFO - [BBC] Early skip: URL https://www.bbc.com/news/articles/c0jvnl4j1n4o?at_medium=RSS&at_campaign=rss already exists.
2026-01-08 05:53:06,840 - INFO - Found 45 articles in The Guardian RSS feed. Processing up to 30.
2026-01-08 05:53:06,906 - INFO - [The Guardian] Early skip: URL https://www.theguardian.com/world/2026/jan/08/questions-targeting-impact-us-airstrikes-in-nigeria already exists.
2026-01-08 05:53:07,036 - INFO - [BBC] Early skip: URL https://www.bbc.com/news/articles/c5y2v8ngl14o?at_medium=RSS&at_campaign=rss already exists.
2026-01-08 05:53:07,333 - INFO - [The Guardian] Early skip: URL https://www.theguardian.com/world/2026/jan/02/anthony-joshuas-driver-charged-with-dangerous-driving-after-fatal-crash-in-nigeria already exists.
2026-01-08 05:53:07,561 - INFO - [BBC] Early skip: URL https://www.bbc.com/news/articles/c98py70npj9o?at_medium=RSS&at_campaign=rss already exists.
2026-01-08 05:53:07,741 - INFO - [The Guardian] Early skip: URL https://www.theguardian.com/science/2026/jan/01/cremation-pyre-in-africa-thought-to-be-worlds-oldest-containing-adult-remains already exists.
2026-01-08 05:53:08,017 - INFO - [BBC] Early skip: URL https://www.bbc.com/news/articles/c77krp7m362o?at_medium=RSS&at_campaign=rss already exists.
2026-01-08 05:53:08,218 - INFO - [The Guardian] Early skip: URL https://www.theguardian.com/global-development/2026/jan/01/us-aid-cuts-conditions-un-humanitarian-pledge-ocha already exists.
2026-01-08 05:53:08,388 - INFO - [BBC] Early skip: URL https://www.bbc.com/news/articles/cly39pgmvrzo?at_medium=RSS&at_campaign=rss already exists.
2026-01-08 05:53:08,674 - INFO - [The Guardian] Early skip: URL https://www.theguardian.com/world/2025/dec/31/guinea-junta-chief-mamady-doumbouya-elected-president-after-opposition-boycott already exists.
2026-01-08 05:53:08,936 - INFO - [BBC] Early skip: URL https://www.bbc.com/news/articles/cvgx8w4pgk0o?at_medium=RSS&at_campaign=rss already exists.
2026-01-08 05:53:09,069 - INFO - [The Guardian] Early skip: URL https://www.theguardian.com/world/2026/jan/08/venezuela-oil-deal-rodriguez-trump-vance-claims-us-control already exists.
2026-01-08 05:53:09,241 - INFO - [BBC] Early skip: URL https://www.bbc.com/news/articles/cgk8jv4r8nmo?at_medium=RSS&at_campaign=rss already exists.
2026-01-08 05:53:09,468 - INFO - [The Guardian] Early skip: URL https://www.theguardian.com/us-news/live/2026/jan/07/donald-trump-venezuela-greenland-oil-childcare-us-politics-live already exists.
2026-01-08 05:53:09,708 - INFO - [BBC] Early skip: URL https://www.bbc.com/news/articles/c0ke5lx6kyno?at_medium=RSS&at_campaign=rss already exists.
2026-01-08 05:53:09,979 - INFO - [The Guardian] Early skip: URL https://www.theguardian.com/world/2026/jan/07/russia-submarine-escort-shadow-fleet-tanker-us-sanctions already exists.
2026-01-08 05:53:10,216 - INFO - [BBC] Early skip: URL https://www.bbc.com/news/articles/cy4q898dkwxo?at_medium=RSS&at_campaign=rss already exists.
2026-01-08 05:53:10,416 - INFO - [The Guardian] Early skip: URL https://www.theguardian.com/us-news/2026/jan/07/trump-maduro-diosdado-cabello already exists.
2026-01-08 05:53:10,586 - INFO - [BBC] Early skip: URL https://www.bbc.com/news/articles/c86v3y45pyyo?at_medium=RSS&at_campaign=rss already exists.
2026-01-08 05:53:10,858 - INFO - [The Guardian] Early skip: URL https://www.theguardian.com/environment/2026/jan/07/us-venezuela-south-america-mineral-wealth-rare-earths-oil already exists.
2026-01-08 05:53:11,088 - INFO - [BBC] Early skip: URL https://www.bbc.com/news/articles/c9dv5zdl7ydo?at_medium=RSS&at_campaign=rss already exists.
2026-01-08 05:53:11,201 - INFO - [The Guardian] Early skip: URL https://www.theguardian.com/world/2026/jan/08/alleged-scam-kingpin-chen-zhi-extradited-china-cambodia-arrest already exists.
2026-01-08 05:53:11,423 - INFO - [BBC] Early skip: URL https://www.bbc.com/news/articles/cy59kxl2xwzo?at_medium=RSS&at_campaign=rss already exists.
2026-01-08 05:53:11,579 - INFO - [The Guardian] Early skip: URL https://www.theguardian.com/world/2026/jan/06/papua-new-guinea-internet-starlink-shut-down already exists.
2026-01-08 05:53:11,755 - INFO - [BBC] Early skip: URL https://www.bbc.com/news/articles/cy59k13e7eqo?at_medium=RSS&at_campaign=rss already exists.
2026-01-08 05:53:11,974 - INFO - [The Guardian] Early skip: URL https://www.theguardian.com/world/2026/jan/06/what-us-action-in-venezuela-means-for-taiwan already exists.
2026-01-08 05:53:12,251 - INFO - [BBC] Early skip: URL https://www.bbc.com/news/articles/cvgrpzn6gz4o?at_medium=RSS&at_campaign=rss already exists.
2026-01-08 05:53:12,525 - INFO - [The Guardian] Early skip: URL https://www.theguardian.com/world/2026/jan/05/venezuela-trump-attack-china-interests-analysis already exists.
2026-01-08 05:53:12,756 - INFO - [BBC] Early skip: URL https://www.bbc.com/news/articles/c74weknjzzno?at_medium=RSS&at_campaign=rss already exists.
2026-01-08 05:53:12,882 - INFO - Selenium driver initialized successfully.
2026-01-08 05:53:12,882 - INFO - Starting scrape for The Hindu RSS feed: https://www.thehindu.com/news/national/feeder/default.rss
2026-01-08 05:53:12,883 - INFO - Selenium driver initialized successfully.
2026-01-08 05:53:12,883 - INFO - Starting scrape for Times of India RSS feed: https://timesofindia.indiatimes.com/rssfeeds/296589292.cms
2026-01-08 05:53:12,920 - INFO - [The Guardian] Early skip: URL https://www.theguardian.com/world/2026/jan/05/giant-bluefin-tuna-sold-record-amount-tokyo-auction-kiyoshi-kimura already exists.
2026-01-08 05:53:13,053 - INFO - Found 100 articles in The Hindu RSS feed. Processing up to 30.
2026-01-08 05:53:13,129 - INFO - Found 20 articles in Times of India RSS feed. Processing up to 30.
2026-01-08 05:53:13,146 - INFO - [BBC] Early skip: URL https://www.bbc.com/news/articles/cly9erv6p15o?at_medium=RSS&at_campaign=rss already exists.
2026-01-08 05:53:13,415 - INFO - [The Hindu] Early skip: URL https://www.thehindu.com/news/national/operation-kathua-jammu-and-kashmir-security-forces-terrorists-updates/article70485228.ece already exists.
2026-01-08 05:53:13,581 - INFO - [Times of India] Article: https://timesofindia.indiatimes.com/world/middle-east/facing-rent-increase-in-dubai-this-ai-tool-could-save-you-thousands/articleshow/126406679.cms
2026-01-08 05:53:13,582 - INFO - [Times of India] Attempt 1/1: Trying with 'selenium_browser' strategy...
2026-01-08 05:53:13,582 - INFO - [The Guardian] Early skip: URL https://www.theguardian.com/australia-news/live/2026/jan/08/australia-news-live-bluescope-stokes-extreme-weather-heatwave-bushfire-bondi-royal-commission-anthony-albanese-antisemitism-ntwnfb already exists.
2026-01-08 05:53:13,703 - INFO - [BBC] Early skip: URL https://www.bbc.com/news/articles/c74wexkd598o?at_medium=RSS&at_campaign=rss already exists.
2026-01-08 05:53:13,960 - INFO - [The Hindu] Early skip: URL https://www.thehindu.com/news/national/karnataka/from-heading-western-ghats-panelto-helping-establish-world-class-centres-in-iisc-madhav-gadgil-had-a-long-association-with-karnataka/article70485160.ece already exists.
2026-01-08 05:53:14,247 - INFO - [The Guardian] Article: https://www.theguardian.com/environment/2026/jan/08/australia-heatwave-bushfires-victoria-catostrophic-conditions
2026-01-08 05:53:14,247 - INFO - [The Guardian] Attempt 1/1: Trying with 'requests_browser' strategy...
2026-01-08 05:53:14,248 - INFO - [BBC] Early skip: URL https://www.bbc.com/news/articles/cy4q8e88n2vo?at_medium=RSS&at_campaign=rss already exists.
2026-01-08 05:53:14,371 - INFO - [The Guardian] Success with 'requests_browser'. Found content (1011 words).
2026-01-08 05:53:14,503 - INFO - [The Hindu] Early skip: URL https://www.thehindu.com/news/national/karnataka/rdpr-department-considering-singapore-technology-to-ensure-water-quality-in-karnataka/article70483222.ece already exists.
2026-01-08 05:53:33,604 - ERROR - [Times of India] Request failed for strategy 'selenium_browser' on URL https://timesofindia.indiatimes.com/world/middle-east/facing-rent-increase-in-dubai-this-ai-tool-could-save-you-thousands/articleshow/126406679.cms: Message: timeout: Timed out receiving message from renderer: 19.921
  (Session info: chrome=143.0.7499.109)
Stacktrace:
#0 0x5565f6e4c40a <unknown>
#1 0x5565f688076b <unknown>
#2 0x5565f686880a <unknown>
#3 0x5565f68684ed <unknown>
#4 0x5565f68663a7 <unknown>
#5 0x5565f6866cbf <unknown>
#6 0x5565f6875480 <unknown>
#7 0x5565f688eb47 <unknown>
#8 0x5565f68951fb <unknown>
#9 0x5565f68673e8 <unknown>
#10 0x5565f688e8f8 <unknown>
#11 0x5565f691dad8 <unknown>
#12 0x5565f68c47b2 <unknown>
#13 0x5565f68c5461 <unknown>
#14 0x5565f6e14df9 <unknown>
#15 0x5565f6e17d5d <unknown>
#16 0x5565f6dfdb41 <unknown>
#17 0x5565f6e1893b <unknown>
#18 0x5565f6de4870 <unknown>
#19 0x5565f6e39828 <unknown>
#20 0x5565f6e399fc <unknown>
#21 0x5565f6e4b763 <unknown>
#22 0x7ff57589caa4 <unknown>
#23 0x7ff575929c6c <unknown>

2026-01-08 05:53:33,605 - ERROR - [Times of India] All scrape strategies failed for https://timesofindia.indiatimes.com/world/middle-east/facing-rent-increase-in-dubai-this-ai-tool-could-save-you-thousands/articleshow/126406679.cms. Falling back to RSS description.
2026-01-08 05:53:33,605 - WARNING - SKIPPED (GLOBAL WORD LIMIT): Article 'Facing rent increase in Dubai? This AI tool could save you thousands' from Times of India has only 59 words (Min: 90).
2026-01-08 05:54:14,847 - INFO - DEDUPLICATION: Found match (Score: 0.83). Linking to Cluster ID: 0cdf354f-cd88-4b8c-abea-fa0884008c95
2026-01-08 05:54:14,850 - INFO - Saved article: ‘The most dangerous day’: bushfires break out in Victoria as BoM warns of catastrophic conditions to come | Australia weather | The Guardian from The Guardian (1011 words)
2026-01-08 05:54:14,850 - INFO - [BBC] Early skip: URL https://www.bbc.com/news/articles/cgm4yeexmg2o?at_medium=RSS&at_campaign=rss already exists.
2026-01-08 05:54:15,066 - INFO - [The Hindu] Early skip: URL https://www.thehindu.com/news/national/maharashtra/12-suspended-congress-councillors-in-ambarnath-join-bjp/article70485076.ece already exists.
2026-01-08 05:54:15,226 - INFO - [Times of India] Article: https://timesofindia.indiatimes.com/etimes/trending/man-wakes-from-surgery-speaking-fluent-native-level-spanish-despite-only-knowing-how-to-count-to-10/articleshow/126404336.cms
2026-01-08 05:54:15,227 - INFO - [Times of India] Attempt 1/1: Trying with 'selenium_browser' strategy...
2026-01-08 05:54:15,228 - INFO - [BBC] Article: https://www.bbc.com/news/articles/c62r6dvpl5ro?at_medium=RSS&at_campaign=rss
2026-01-08 05:54:15,228 - INFO - [BBC] Attempt 1/1: Trying with 'requests_browser' strategy...
2026-01-08 05:54:15,229 - INFO - [The Hindu] Early skip: URL https://www.thehindu.com/news/national/west-bengal/domicile-certificates-not-valid-for-sir-hearings-in-bengal-official/article70485034.ece already exists.
2026-01-08 05:54:15,374 - INFO - [The Hindu] Article: https://www.thehindu.com/news/national/renowned-ecologist-madhav-gadgil-passes-away-at-82/article70485030.ece
2026-01-08 05:54:15,374 - INFO - [The Hindu] Attempt 1/1: Trying with 'selenium_browser' strategy...
2026-01-08 05:54:15,589 - INFO - [BBC] Success with 'requests_browser'. Found content (1529 words).
2026-01-08 05:54:22,506 - INFO - [The Hindu] Page content loaded.
2026-01-08 05:54:22,805 - INFO - [The Hindu] Success with 'selenium_browser'. Found content (337 words).
2026-01-08 05:54:23,479 - INFO - [Times of India] Page content loaded.
2026-01-08 05:54:24,165 - INFO - [Times of India] Success with 'selenium_browser'. Found content (766 words).
2026-01-08 05:55:15,303 - INFO - Saved article: Inside the sub-zero lair of the world's most powerful quantum computer from BBC (1529 words)
2026-01-08 05:55:15,304 - INFO - [The Guardian] Article: https://www.theguardian.com/australia-news/2026/jan/08/bondi-shooting-royal-commission-attack-australia-pm-albanese-ntwnfb
2026-01-08 05:55:15,304 - INFO - [The Guardian] Attempt 1/1: Trying with 'requests_browser' strategy...
2026-01-08 05:55:15,601 - INFO - [The Guardian] Success with 'requests_browser'. Found content (518 words).
2026-01-08 05:56:08,994 - INFO - DEDUPLICATION: Found match (Score: 0.82). Linking to Cluster ID: 08e9ff8a-7fe8-4a18-aba6-1992fdb4f670
2026-01-08 05:56:08,996 - INFO - Saved article: Renowned ecologist Madhav Gadgil passes away at 82 - The Hindu from The Hindu (337 words)
2026-01-08 05:57:04,510 - INFO - Saved article: Man wakes from surgery speaking fluent ‘native-level’ Spanish despite only knowing how to count to 10 | - The Times of India from Times of India (766 words)
2026-01-08 05:58:00,324 - INFO - DEDUPLICATION: Found match (Score: 0.73). Linking to Cluster ID: b1f403b7-fc3a-4108-a393-565558bb0d21
2026-01-08 05:58:00,328 - INFO - Saved article: PM expected to bow to calls for federal royal commission into Bondi beach attack | Australia news | The Guardian from The Guardian (518 words)
2026-01-08 05:58:00,328 - INFO - [BBC] Article: https://www.bbc.com/news/articles/clydprd9kgxo?at_medium=RSS&at_campaign=rss
2026-01-08 05:58:00,329 - INFO - [BBC] Attempt 1/1: Trying with 'requests_browser' strategy...
2026-01-08 05:58:00,330 - INFO - [The Hindu] Article: https://www.thehindu.com/news/national/2026-to-see-upswing-in-india-eu-relationship-jaishankar-in-luxembourg/article70484984.ece
2026-01-08 05:58:00,330 - INFO - [The Hindu] Attempt 1/1: Trying with 'selenium_browser' strategy...
2026-01-08 05:58:00,331 - INFO - [Times of India] Article: https://timesofindia.indiatimes.com/world/middle-east/saudi-arabia-imposes-ban-on-poultry-and-egg-imports-from-france-and-poland-amid-disease-outbreaks/articleshow/126406623.cms
2026-01-08 05:58:00,331 - INFO - [Times of India] Attempt 1/1: Trying with 'selenium_browser' strategy...
2026-01-08 05:58:00,376 - INFO - [BBC] Success with 'requests_browser'. Found content (1147 words).
2026-01-08 05:58:01,868 - INFO - [Times of India] Page content loaded.
2026-01-08 05:58:02,362 - INFO - [Times of India] Success with 'selenium_browser'. Found content (323 words).
2026-01-08 05:58:03,145 - INFO - [The Hindu] Page content loaded.
2026-01-08 05:58:03,372 - INFO - [The Hindu] Success with 'selenium_browser'. Found content (797 words).
2026-01-08 05:58:06,649 - CRITICAL - --- TIMEOUT: 4 scrape jobs did not complete in 300s. ---
2026-01-08 05:58:06,649 - ERROR - A thread has timed out and will be abandoned.
2026-01-08 05:58:06,649 - ERROR - A thread has timed out and will be abandoned.
2026-01-08 05:58:06,649 - ERROR - A thread has timed out and will be abandoned.
2026-01-08 05:58:06,650 - ERROR - A thread has timed out and will be abandoned.
2026-01-08 05:58:06,650 - INFO - Shutting down thread pool (wait=False)...
2026-01-08 05:58:06,650 - INFO - Scraped: 4 Timed_Out_Jobs articles. (Total saved: 0)
2026-01-08 05:58:06,650 - INFO - --- Scraping job finished ---
2026-01-08 05:58:06,650 - INFO - --- Scraper service stopped and database connection closed. ---
2026-01-08 05:58:06,650 - INFO - --- Main thread finished. Forcing process exit to kill zombie threads. ---
