2025-12-11 21:44:36,650 - INFO - Loading AI Semantic Model (all-MiniLM-L6-v2)...
2025-12-11 21:44:36,650 - INFO - Use pytorch device_name: cpu
2025-12-11 21:44:36,650 - INFO - Load pretrained SentenceTransformer: all-MiniLM-L6-v2
2025-12-11 21:44:37,506 - INFO - AI Model loaded successfully.
2025-12-11 21:44:37,507 - INFO - --- Scraper service started (CI Mode: Run Once) ---
2025-12-11 21:44:37,507 - INFO - --- Starting new scraping job (Parallel Mode) ---
2025-12-11 21:44:37,507 - INFO - Creating new robust session with 3 retries on 5xx/connection/read errors.
2025-12-11 21:44:37,507 - INFO - Proxy is DISABLED.
2025-12-11 21:44:37,507 - INFO - Starting scrape for BBC RSS feed: http://feeds.bbci.co.uk/news/world/rss.xml
2025-12-11 21:44:37,508 - INFO - [Times of India] (Thread) requires Selenium. Initializing driver...
2025-12-11 21:44:37,509 - INFO - Starting scrape for The Guardian RSS feed: https://www.theguardian.com/world/rss
2025-12-11 21:44:37,510 - INFO - [The Hindu] (Thread) requires Selenium. Initializing driver...
2025-12-11 21:44:37,510 - INFO - Submitted 4 jobs to thread pool. Waiting up to 300s for completion...
2025-12-11 21:44:37,615 - INFO - Found 31 articles in BBC RSS feed. Processing up to 30.
2025-12-11 21:44:37,615 - INFO - [BBC] Early skip: URL https://www.bbc.com/news/articles/c1w9lg11jw0o?at_medium=RSS&at_campaign=rss already exists.
2025-12-11 21:44:37,714 - INFO - Found 45 articles in The Guardian RSS feed. Processing up to 30.
2025-12-11 21:44:37,789 - INFO - [The Guardian] Early skip: URL https://www.theguardian.com/world/2025/dec/11/fate-of-11-nigerian-troops-unclear-after-unauthorised-plane-landing-in-burkina-faso already exists.
2025-12-11 21:44:37,960 - INFO - [BBC] Early skip: URL https://www.bbc.com/news/articles/cy8jvll9j81o?at_medium=RSS&at_campaign=rss already exists.
2025-12-11 21:44:38,071 - INFO - [The Guardian] Early skip: URL https://www.theguardian.com/world/2025/dec/10/burkina-faso-releases-nigerian-troops-unauthorised-emergency-landing already exists.
2025-12-11 21:44:38,194 - INFO - [The Guardian] Early skip: URL https://www.theguardian.com/world/2025/dec/09/drc-fighting-forces-200000-to-flee-just-days-after-washington-peace-deal already exists.
2025-12-11 21:44:38,366 - INFO - [BBC] Early skip: URL https://www.bbc.com/news/articles/cn4djk0jj4xo?at_medium=RSS&at_campaign=rss already exists.
2025-12-11 21:44:38,483 - INFO - [The Guardian] Early skip: URL https://www.theguardian.com/world/2025/dec/09/colombian-mercenaries-sudan-sanctions already exists.
2025-12-11 21:44:38,620 - INFO - [BBC] Early skip: URL https://www.bbc.com/news/articles/cn09g640659o?at_medium=RSS&at_campaign=rss already exists.
2025-12-11 21:44:38,757 - INFO - [The Guardian] Early skip: URL https://www.theguardian.com/world/2025/dec/09/nigeria-troops-held-burkina-faso-emergency-landing already exists.
2025-12-11 21:44:38,886 - INFO - [BBC] Early skip: URL https://www.bbc.com/news/articles/cgjnd9y52pno?at_medium=RSS&at_campaign=rss already exists.
2025-12-11 21:44:38,995 - INFO - [The Guardian] Early skip: URL https://www.theguardian.com/world/2025/dec/11/pressure-on-maduro-grows-after-us-seizes-dark-fleet-tanker-off-coast-of-venezuela already exists.
2025-12-11 21:44:39,290 - INFO - [BBC] Early skip: URL https://www.bbc.com/news/articles/cdxwrvl1734o?at_medium=RSS&at_campaign=rss already exists.
2025-12-11 21:44:39,491 - INFO - [The Guardian] Early skip: URL https://www.theguardian.com/news/audio/2025/dec/11/why-is-trump-attacking-venezuelan-boats-the-latest already exists.
2025-12-11 21:44:39,622 - INFO - [BBC] Early skip: URL https://www.bbc.com/news/articles/c78vz2v85mpo?at_medium=RSS&at_campaign=rss already exists.
2025-12-11 21:44:39,750 - INFO - [The Guardian] Early skip: URL https://www.theguardian.com/us-news/2025/dec/11/lawmakers-venezuela-oil-tanker already exists.
2025-12-11 21:44:39,901 - INFO - [BBC] Early skip: URL https://www.bbc.com/news/articles/cly01mdm577o?at_medium=RSS&at_campaign=rss already exists.
2025-12-11 21:44:40,160 - INFO - [The Guardian] Early skip: URL https://www.theguardian.com/us-news/2025/dec/11/kilmar-abrego-garcia-released already exists.
2025-12-11 21:44:40,347 - INFO - [BBC] Early skip: URL https://www.bbc.com/news/articles/c23e1jld9p7o?at_medium=RSS&at_campaign=rss already exists.
2025-12-11 21:44:40,518 - INFO - [The Guardian] Early skip: URL https://www.theguardian.com/world/2025/dec/10/bolivia-luis-arce already exists.
2025-12-11 21:44:40,639 - INFO - [BBC] Early skip: URL https://www.bbc.com/news/articles/cqxq3lg2gwxo?at_medium=RSS&at_campaign=rss already exists.
2025-12-11 21:44:40,880 - INFO - [The Guardian] Early skip: URL https://www.theguardian.com/world/2025/dec/11/thailand-cambodia-border-evacuation already exists.
2025-12-11 21:44:41,060 - INFO - [BBC] Early skip: URL https://www.bbc.com/news/articles/cwyv5q7d72lo?at_medium=RSS&at_campaign=rss already exists.
2025-12-11 21:44:41,355 - INFO - [The Guardian] Early skip: URL https://www.theguardian.com/world/2025/dec/11/sexually-explicit-letters-deepfake-hong-kong-activists-uk-australia already exists.
2025-12-11 21:44:41,463 - INFO - [BBC] Early skip: URL https://www.bbc.com/news/articles/ce91dergm00o?at_medium=RSS&at_campaign=rss already exists.
2025-12-11 21:44:41,636 - INFO - [The Guardian] Early skip: URL https://www.theguardian.com/environment/2025/dec/11/climate-crisis-made-monsoon-floods-asia-worse-study already exists.
2025-12-11 21:44:41,865 - INFO - [BBC] Early skip: URL https://www.bbc.com/news/articles/clydz0j1yego?at_medium=RSS&at_campaign=rss already exists.
2025-12-11 21:44:41,978 - INFO - [The Guardian] Early skip: URL https://www.theguardian.com/film/2025/dec/10/documentary-china-baby-ruth-villaramas-food-delivery-fresh-from-the-west-philippine-sea already exists.
2025-12-11 21:44:42,134 - INFO - [BBC] Early skip: URL https://www.bbc.com/news/articles/ckgkykywp58o?at_medium=RSS&at_campaign=rss already exists.
2025-12-11 21:44:42,255 - INFO - [The Guardian] Early skip: URL https://www.theguardian.com/world/2025/dec/10/trump-says-end-hostilities-thailand-cambodia already exists.
2025-12-11 21:44:42,455 - INFO - [BBC] Early skip: URL https://www.bbc.com/news/articles/c04vgxk0613o?at_medium=RSS&at_campaign=rss already exists.
2025-12-11 21:44:42,598 - INFO - [The Guardian] Early skip: URL https://www.theguardian.com/australia-news/live/2025/dec/12/federal-state-health-ministers-meeting-aged-care-travel-expenses-anthony-albanese-labor-sussan-ley-coalition-ntwnfb already exists.
2025-12-11 21:44:42,638 - INFO - Selenium driver initialized successfully.
2025-12-11 21:44:42,638 - INFO - Selenium driver initialized successfully.
2025-12-11 21:44:42,639 - INFO - Starting scrape for The Hindu RSS feed: https://www.thehindu.com/news/national/feeder/default.rss
2025-12-11 21:44:42,639 - INFO - Starting scrape for Times of India RSS feed: https://timesofindia.indiatimes.com/rssfeeds/296589292.cms
2025-12-11 21:44:42,837 - INFO - Found 20 articles in Times of India RSS feed. Processing up to 30.
2025-12-11 21:44:42,847 - INFO - Found 100 articles in The Hindu RSS feed. Processing up to 30.
2025-12-11 21:44:42,857 - INFO - [BBC] Early skip: URL https://www.bbc.com/news/articles/cj4q1lddj8go?at_medium=RSS&at_campaign=rss already exists.
2025-12-11 21:44:42,959 - INFO - [Times of India] Article: https://timesofindia.indiatimes.com/world/us/charlie-kirks-accused-killer-tyler-robinson-seen-smiling-in-viral-video-during-first-court-appearance-watch/articleshow/125920965.cms
2025-12-11 21:44:42,959 - INFO - [Times of India] Attempt 1/1: Trying with 'selenium_browser' strategy...
2025-12-11 21:44:42,960 - INFO - [The Hindu] Early skip: URL https://www.thehindu.com/news/national/odisha/odisha-cm-gives-away-citizenship-certificates-to-35-persons-from-bangladesh/article70385477.ece already exists.
2025-12-11 21:44:43,152 - INFO - [The Guardian] Early skip: URL https://www.theguardian.com/australia-news/2025/dec/11/australia-public-service-bureaucrats-travel-business-class-rules-anthony-albanese already exists.
2025-12-11 21:44:43,431 - INFO - [BBC] Early skip: URL https://www.bbc.com/news/articles/c989e9xxn5po?at_medium=RSS&at_campaign=rss already exists.
2025-12-11 21:44:43,536 - INFO - [The Hindu] Early skip: URL https://www.thehindu.com/news/national/west-bengal/bjp-leaders-gaffe-over-matangini-hazra-gives-trinamool-a-fresh-handle/article70385710.ece already exists.
2025-12-11 21:44:43,803 - INFO - [The Guardian] Early skip: URL https://www.theguardian.com/australia-news/2025/dec/11/residents-in-several-perth-suburbs-evacuate-amid-bushfire-posing-threat-to-lives-and-homes already exists.
2025-12-11 21:44:44,066 - INFO - [BBC] Early skip: URL https://www.bbc.com/news/articles/c0q5p43qgl1o?at_medium=RSS&at_campaign=rss already exists.
2025-12-11 21:44:44,261 - INFO - [The Hindu] Early skip: URL https://www.thehindu.com/news/national/kerala/wayanad-records-highest-polling-percentage-in-state/article70385396.ece already exists.
2025-12-11 21:44:44,400 - INFO - [The Guardian] Early skip: URL https://www.theguardian.com/australia-news/2025/dec/11/bulldozing-affordable-sydney-flats-for-luxury-builds-makes-people-extremely-cynical-about-development-spender-warns already exists.
2025-12-11 21:44:44,696 - INFO - [BBC] Early skip: URL https://www.bbc.com/news/articles/cr7l0nyxxygo?at_medium=RSS&at_campaign=rss already exists.
2025-12-11 21:44:44,847 - INFO - [The Hindu] Early skip: URL https://www.thehindu.com/news/national/kerala/kannur-kasaragod-record-huge-turnout-in-local-body-polls/article70385449.ece already exists.
2025-12-11 21:44:45,144 - INFO - [The Hindu] Early skip: URL https://www.thehindu.com/news/national/arunachal-road-deaths-kharge-asks-for-just-compensation-to-bereaved-saddening-says-rahul/article70386077.ece already exists.
2025-12-11 21:44:45,310 - INFO - [The Hindu] Early skip: URL https://www.thehindu.com/news/national/maharashtra/question-on-delay-in-scheme-reveals-rift-in-mahayuti/article70386148.ece already exists.
2025-12-11 21:44:45,458 - INFO - [The Hindu] Early skip: URL https://www.thehindu.com/news/national/karnataka/gba-chief-orders-immediate-completion-of-suraksha-75-junction-works/article70385547.ece already exists.
2025-12-11 21:44:45,596 - INFO - [The Hindu] Early skip: URL https://www.thehindu.com/news/national/maharashtra/fadnavisasks-officials-to-make-ready-plan-to-build-indias-biggest-shipyard/article70386141.ece already exists.
2025-12-11 21:44:45,805 - INFO - [The Guardian] Early skip: URL https://www.theguardian.com/australia-news/2025/dec/11/albanese-urges-states-to-accept-20bn-health-deal-as-aged-care-shortages-put-pressure-on-hospitals already exists.
2025-12-11 21:44:46,049 - INFO - [The Guardian] Early skip: URL https://www.theguardian.com/world/2025/dec/11/us-wants-ukraine-to-withdraw-from-donbas-and-create-free-economic-zone-says-zelenskyy already exists.
2025-12-11 21:44:46,208 - INFO - [The Guardian] Early skip: URL https://www.theguardian.com/world/live/2025/dec/11/ukraine-war-meeting-coalition-donald-trump-europe-russia-latest-updates-news already exists.
2025-12-11 21:44:46,402 - INFO - [BBC] Early skip: URL https://www.bbc.com/news/articles/cwyp7rkkgvdo?at_medium=RSS&at_campaign=rss already exists.
2025-12-11 21:44:46,702 - INFO - [BBC] Early skip: URL https://www.bbc.com/news/articles/c989e9xxn5po?at_medium=RSS&at_campaign=rss already exists.
2025-12-11 21:44:46,888 - INFO - [BBC] Early skip: URL https://www.bbc.com/news/articles/c0r959n91p4o?at_medium=RSS&at_campaign=rss already exists.
2025-12-11 21:44:47,059 - INFO - [BBC] Early skip: URL https://www.bbc.com/news/articles/c39p7jkp27lo?at_medium=RSS&at_campaign=rss already exists.
2025-12-11 21:44:47,180 - INFO - [The Guardian] Early skip: URL https://www.theguardian.com/world/2025/dec/11/germany-afghanistan-u-turn-migration-pakistan already exists.
2025-12-11 21:44:47,428 - INFO - [The Hindu] Early skip: URL https://www.thehindu.com/news/national/karnataka/official-team-will-study-feasibility-of-additional-commissinerate-for-bengaluru-home-minister/article70384735.ece already exists.
2025-12-11 21:44:47,576 - INFO - [The Hindu] Early skip: URL https://www.thehindu.com/news/national/andhra-pradesh/ciu-takes-out-motorbike-rally-ahead-of-maha-sabha-in-visakhapatnam/article70385121.ece already exists.
2025-12-11 21:44:47,823 - INFO - [The Guardian] Early skip: URL https://www.theguardian.com/world/2025/dec/11/bulgarian-government-resigns-mass-anti-corruption-protests already exists.
2025-12-11 21:44:47,986 - INFO - [The Guardian] Early skip: URL https://www.theguardian.com/culture/2025/dec/11/amsterdams-rijksmuseum-announces-southern-outpost-in-eindhoven already exists.
2025-12-11 21:44:48,128 - INFO - [The Hindu] Early skip: URL https://www.thehindu.com/news/national/odisha/crime-against-women-odisha-police-launch-digital-platform/article70385053.ece already exists.
2025-12-11 21:44:48,302 - INFO - [BBC] Early skip: URL https://www.bbc.com/news/videos/ceq1000742go?at_medium=RSS&at_campaign=rss already exists.
2025-12-11 21:44:48,487 - INFO - [BBC] Early skip: URL https://www.bbc.com/news/videos/c9vj1jnmekko?at_medium=RSS&at_campaign=rss already exists.
2025-12-11 21:44:48,691 - INFO - [BBC] Article: https://www.bbc.com/news/videos/cx2ey15l4zro?at_medium=RSS&at_campaign=rss
2025-12-11 21:44:48,691 - INFO - [BBC] Attempt 1/1: Trying with 'requests_browser' strategy...
2025-12-11 21:44:48,693 - INFO - [The Guardian] Early skip: URL https://www.theguardian.com/tv-and-radio/2025/dec/11/nemo-eurovision-winner-2024-hand-back-trophy-protest-israel-taking-part-2025 already exists.
2025-12-11 21:44:48,990 - INFO - [The Guardian] Early skip: URL https://www.theguardian.com/global-development/2025/dec/11/child-bride-spared-execution-iran-blood-money-goli-kouhkan already exists.
2025-12-11 21:44:49,100 - INFO - [The Guardian] Early skip: URL https://www.theguardian.com/world/2025/dec/10/countries-push-to-return-syrians-home-fall-of-assad already exists.
2025-12-11 21:44:49,218 - WARNING - [BBC] FAILED with 'requests_browser' (content was too short: 74 words).
2025-12-11 21:44:49,219 - ERROR - [BBC] All scrape strategies failed for https://www.bbc.com/news/videos/cx2ey15l4zro?at_medium=RSS&at_campaign=rss. Falling back to RSS description.
2025-12-11 21:44:49,219 - WARNING - SKIPPED (GLOBAL WORD LIMIT): Article 'Moment skydiver's parachute wraps around plane tail' from BBC has only 16 words (Min: 90).
2025-12-11 21:44:49,353 - INFO - [The Guardian] Early skip: URL https://www.theguardian.com/world/2025/dec/09/children-gaza-hospitalised-acute-malnutrition-un-says already exists.
2025-12-11 21:44:49,470 - INFO - [The Hindu] Early skip: URL https://www.thehindu.com/news/cities/mumbai/shivsenaubt-criticisesmahayutigovt-over-aid-to-flood-hit-farmers/article70385292.ece already exists.
2025-12-11 21:44:49,746 - INFO - [The Hindu] Early skip: URL https://www.thehindu.com/news/national/karnataka/man-killed-by-brother-over-family-issue/article70385405.ece already exists.
2025-12-11 21:44:49,941 - INFO - [The Hindu] Early skip: URL https://www.thehindu.com/news/national/karnataka/man-arrested-for-molesting-and-assaulting-woman-after-brawl-inside-hotel/article70385851.ece already exists.
2025-12-11 21:44:50,165 - INFO - [The Hindu] Early skip: URL https://www.thehindu.com/news/cities/chennai/over-224-crore-palmyrah-seeds-planted-under-green-tamil-nadu-mission/article70385378.ece already exists.
2025-12-11 21:44:50,432 - INFO - [The Hindu] Early skip: URL https://www.thehindu.com/news/national/karnataka/aisec-passes-resolution-against-kps-magnet-school-scheme/article70385262.ece already exists.
2025-12-11 21:44:50,585 - INFO - [The Guardian] Early skip: URL https://www.theguardian.com/world/2025/dec/08/yellow-line-that-divides-gaza-under-trump-plan-is-new-border-for-israel-says-military-chief already exists.
2025-12-11 21:44:50,767 - INFO - [BBC] Early skip: URL https://www.bbc.com/news/videos/cx2px9x20exo?at_medium=RSS&at_campaign=rss already exists.
2025-12-11 21:44:50,989 - INFO - [BBC] Article: https://www.bbc.com/news/videos/c3e0p8jj84lo?at_medium=RSS&at_campaign=rss
2025-12-11 21:44:50,989 - INFO - [BBC] Attempt 1/1: Trying with 'requests_browser' strategy...
2025-12-11 21:44:50,991 - INFO - [The Hindu] Early skip: URL https://www.thehindu.com/news/national/karnataka/karnataka-high-court-disposes-plea-on-bank-account-freezing-issue-in-cybercrime-cases-as-mha-is-framing-sop-to-remedy-situation/article70384560.ece already exists.
2025-12-11 21:44:51,210 - INFO - [The Hindu] Early skip: URL https://www.thehindu.com/news/national/madhya-pradesh/vit-rejects-govt-report-allegations-blames-campus-violence-on-misinformation/article70385913.ece already exists.
2025-12-11 21:44:51,302 - WARNING - [BBC] FAILED with 'requests_browser' (content was too short: 64 words).
2025-12-11 21:44:51,302 - ERROR - [BBC] All scrape strategies failed for https://www.bbc.com/news/videos/c3e0p8jj84lo?at_medium=RSS&at_campaign=rss. Falling back to RSS description.
2025-12-11 21:44:51,302 - WARNING - SKIPPED (GLOBAL WORD LIMIT): Article 'Watch Australian teens test out social media on first day of ban' from BBC has only 20 words (Min: 90).
2025-12-11 21:44:51,382 - INFO - [The Hindu] Early skip: URL https://www.thehindu.com/news/national/andhra-pradesh/25-lakh-workers-registered-under-spree-in-ap-says-esic-official/article70385028.ece already exists.
2025-12-11 21:44:51,487 - INFO - [The Hindu] Early skip: URL https://www.thehindu.com/news/national/andhra-pradesh/ap-cabinet-approves-proposals-worth-9500-crore/article70384827.ece already exists.
2025-12-11 21:44:51,601 - INFO - [The Hindu] Early skip: URL https://www.thehindu.com/news/national/andhra-pradesh/ap-cabinet-approves-da-hike-for-govt-employees-state-water-action-plan/article70384821.ece already exists.
2025-12-11 21:44:51,842 - INFO - [The Hindu] Early skip: URL https://www.thehindu.com/news/national/andhra-pradesh/devotees-throng-indrakeedari-in-vijayawada-as-bhavani-deeksha-viramana-begins/article70384923.ece already exists.
2025-12-11 21:44:52,136 - INFO - [The Hindu] Early skip: URL https://www.thehindu.com/news/national/karnataka/multiple-dog-carcasses-found-in-banaswadi-police-begin-inquiry/article70385557.ece already exists.
2025-12-11 21:44:52,238 - INFO - [The Hindu] Early skip: URL https://www.thehindu.com/news/national/andhra-pradesh/avgc-xr-sector-holds-much-potential-for-youth-in-ap-says-rtih-ceo/article70385383.ece already exists.
2025-12-11 21:44:52,490 - INFO - [The Hindu] Early skip: URL https://www.thehindu.com/news/national/andhra-pradesh/more-than-4-lakh-students-trained-in-self-defence-in-ap-says-dgp/article70385280.ece already exists.
2025-12-11 21:44:52,616 - INFO - [BBC] Article: https://www.bbc.com/news/videos/c0q57j99zpno?at_medium=RSS&at_campaign=rss
2025-12-11 21:44:52,616 - INFO - [BBC] Attempt 1/1: Trying with 'requests_browser' strategy...
2025-12-11 21:44:52,620 - INFO - [The Hindu] Early skip: URL https://www.thehindu.com/news/national/kerala/biennale-welcomes-visitors-to-experience-art-with-all-the-senses/article70385581.ece already exists.
2025-12-11 21:44:52,808 - INFO - [The Hindu] Early skip: URL https://www.thehindu.com/news/national/telangana/congress-makes-inroads-into-brs-strongholds-in-first-phase-of-gp-polls-bjp-loses-ground-in-its-parliamentary-constituencies/article70386064.ece already exists.
2025-12-11 21:44:53,072 - INFO - [The Hindu] Early skip: URL https://www.thehindu.com/opinion/editorial/playing-to-the-gallery-on-the-karnataka-hate-speech-and-hate-crimes-prevention-bill-2025/article70385063.ece already exists.
2025-12-11 21:44:53,261 - WARNING - [BBC] FAILED with 'requests_browser' (content was too short: 81 words).
2025-12-11 21:44:53,261 - INFO - [The Hindu] Early skip: URL https://www.thehindu.com/news/national/kerala/hc-expresses-concern-over-cleanliness-issues-at-temple/article70385497.ece already exists.
2025-12-11 21:44:53,262 - ERROR - [BBC] All scrape strategies failed for https://www.bbc.com/news/videos/c0q57j99zpno?at_medium=RSS&at_campaign=rss. Falling back to RSS description.
2025-12-11 21:44:53,262 - WARNING - SKIPPED (GLOBAL WORD LIMIT): Article 'Watch: Ozzy the dog sets Guinness World record for longest canine tongue' from BBC has only 18 words (Min: 90).
2025-12-11 21:44:53,516 - INFO - [The Hindu] Early skip: URL https://www.thehindu.com/news/national/karnataka/solid-waste-management-has-improved-as-segregation-reaches-55-bswml/article70385286.ece already exists.
2025-12-11 21:44:53,805 - INFO - [The Hindu] (Thread) Finished. Attempting to shut down its Selenium driver.
2025-12-11 21:44:53,959 - INFO - [The Hindu] (Thread) driver.quit() successful.
2025-12-11 21:44:54,651 - INFO - [BBC] Article: https://www.bbc.com/news/videos/c93n0939q5yo?at_medium=RSS&at_campaign=rss
2025-12-11 21:44:54,651 - INFO - [BBC] Attempt 1/1: Trying with 'requests_browser' strategy...
2025-12-11 21:44:54,920 - WARNING - [BBC] FAILED with 'requests_browser' (content was too short: 83 words).
2025-12-11 21:44:54,920 - ERROR - [BBC] All scrape strategies failed for https://www.bbc.com/news/videos/c93n0939q5yo?at_medium=RSS&at_campaign=rss. Falling back to RSS description.
2025-12-11 21:44:54,921 - WARNING - SKIPPED (GLOBAL WORD LIMIT): Article 'Nasa astronaut and cosmonauts return to Earth after 245 days in space' from BBC has only 21 words (Min: 90).
2025-12-11 21:46:43,060 - ERROR - [Times of India] Request failed for strategy 'selenium_browser' on URL https://timesofindia.indiatimes.com/world/us/charlie-kirks-accused-killer-tyler-robinson-seen-smiling-in-viral-video-during-first-court-appearance-watch/articleshow/125920965.cms: HTTPConnectionPool(host='localhost', port=35637): Read timed out. (read timeout=120)
2025-12-11 21:46:43,060 - ERROR - [Times of India] All scrape strategies failed for https://timesofindia.indiatimes.com/world/us/charlie-kirks-accused-killer-tyler-robinson-seen-smiling-in-viral-video-during-first-court-appearance-watch/articleshow/125920965.cms. Falling back to RSS description.
2025-12-11 21:46:43,061 - WARNING - SKIPPED (GLOBAL WORD LIMIT): Article 'Charlie Kirk’s accused killer Tyler Robinson seen ‘smiling’ in viral video during first court appearance – Watch' from Times of India has only 3 words (Min: 90).
2025-12-11 21:46:44,217 - INFO - [Times of India] Article: https://timesofindia.indiatimes.com/world/us/deportation-airlines-dhs-signs-140-million-deal-to-buy-6-boeing-737-jets/articleshow/125920959.cms
2025-12-11 21:46:44,217 - INFO - [Times of India] Attempt 1/1: Trying with 'selenium_browser' strategy...
2025-12-11 21:48:44,317 - ERROR - [Times of India] Request failed for strategy 'selenium_browser' on URL https://timesofindia.indiatimes.com/world/us/deportation-airlines-dhs-signs-140-million-deal-to-buy-6-boeing-737-jets/articleshow/125920959.cms: HTTPConnectionPool(host='localhost', port=35637): Read timed out. (read timeout=120)
2025-12-11 21:48:44,317 - ERROR - [Times of India] All scrape strategies failed for https://timesofindia.indiatimes.com/world/us/deportation-airlines-dhs-signs-140-million-deal-to-buy-6-boeing-737-jets/articleshow/125920959.cms. Falling back to RSS description.
2025-12-11 21:48:44,317 - WARNING - SKIPPED (GLOBAL WORD LIMIT): Article 'Deportation airlines: DHS signs $140 million deal to buy 6 Boeing 737 jets' from Times of India has only 60 words (Min: 90).
2025-12-11 21:48:44,936 - INFO - [Times of India] Article: https://timesofindia.indiatimes.com/world/us-streamers/australian-teens-cant-stream-on-twitch-anymore-due-to-new-regulations/articleshow/125920899.cms
2025-12-11 21:48:44,937 - INFO - [Times of India] Attempt 1/1: Trying with 'selenium_browser' strategy...
2025-12-11 21:49:37,511 - CRITICAL - --- TIMEOUT: 1 scrape jobs did not complete in 300s. ---
2025-12-11 21:49:37,511 - ERROR - A thread has timed out and will be abandoned.
2025-12-11 21:49:37,511 - INFO - Shutting down thread pool (wait=False)...
2025-12-11 21:49:37,511 - INFO - Scraped: 0 The Hindu, 0 The Guardian, 0 BBC, 1 Timed_Out_Jobs articles. (Total saved: 0)
2025-12-11 21:49:37,512 - INFO - --- Scraping job finished ---
2025-12-11 21:49:37,512 - INFO - --- Scraper service stopped and database connection closed. ---
2025-12-11 21:49:37,512 - INFO - --- Main thread finished. Forcing process exit to kill zombie threads. ---
