2025-12-31 06:41:27,145 - INFO - Loading AI Semantic Model (all-MiniLM-L6-v2)...
2025-12-31 06:41:27,146 - INFO - Use pytorch device_name: cpu
2025-12-31 06:41:27,146 - INFO - Load pretrained SentenceTransformer: all-MiniLM-L6-v2
2025-12-31 06:41:27,926 - INFO - AI Model loaded successfully.
2025-12-31 06:41:27,926 - INFO - --- Scraper service started (CI Mode: Run Once) ---
2025-12-31 06:41:27,926 - INFO - --- Starting new scraping job (Parallel Mode) ---
2025-12-31 06:41:27,927 - INFO - Creating new robust session with 3 retries on 5xx/connection/read errors.
2025-12-31 06:41:27,927 - INFO - Proxy is DISABLED.
2025-12-31 06:41:27,927 - INFO - Starting scrape for BBC RSS feed: http://feeds.bbci.co.uk/news/world/rss.xml
2025-12-31 06:41:27,928 - INFO - [Times of India] (Thread) requires Selenium. Initializing driver...
2025-12-31 06:41:27,929 - INFO - Starting scrape for The Guardian RSS feed: https://www.theguardian.com/world/rss
2025-12-31 06:41:27,930 - INFO - [The Hindu] (Thread) requires Selenium. Initializing driver...
2025-12-31 06:41:27,930 - INFO - Submitted 4 jobs to thread pool. Waiting up to 300s for completion...
2025-12-31 06:41:28,143 - INFO - Found 45 articles in The Guardian RSS feed. Processing up to 30.
2025-12-31 06:41:28,144 - INFO - [The Guardian] Early skip: URL https://www.theguardian.com/world/2025/dec/30/saudi-arabia-uae-tension-future-yemen-boiling-point already exists.
2025-12-31 06:41:28,197 - INFO - Found 44 articles in BBC RSS feed. Processing up to 30.
2025-12-31 06:41:28,384 - INFO - [BBC] Early skip: URL https://www.bbc.com/news/articles/c0q4eg03eyzo?at_medium=RSS&at_campaign=rss already exists.
2025-12-31 06:41:28,495 - INFO - [The Guardian] Early skip: URL https://www.theguardian.com/sport/2025/dec/29/anthony-joshua-injured-car-crash-nigeria already exists.
2025-12-31 06:41:28,600 - INFO - [BBC] Early skip: URL https://www.bbc.com/news/articles/c78v5dj3x39o?at_medium=RSS&at_campaign=rss already exists.
2025-12-31 06:41:28,865 - INFO - [The Guardian] Early skip: URL https://www.theguardian.com/world/2025/dec/29/more-than-3000-migrants-died-spain-figure-down already exists.
2025-12-31 06:41:29,051 - INFO - [BBC] Early skip: URL https://www.bbc.com/news/articles/c1evp7weyv2o?at_medium=RSS&at_campaign=rss already exists.
2025-12-31 06:41:29,152 - INFO - [The Guardian] Early skip: URL https://www.theguardian.com/world/2025/dec/28/central-african-republic-goes-to-polls-as-president-seeks-third-term already exists.
2025-12-31 06:41:29,376 - INFO - [BBC] Article: https://www.bbc.com/news/articles/c338ne3relzo?at_medium=RSS&at_campaign=rss
2025-12-31 06:41:29,377 - INFO - [BBC] Attempt 1/1: Trying with 'requests_browser' strategy...
2025-12-31 06:41:29,378 - INFO - [The Guardian] Early skip: URL https://www.theguardian.com/world/2025/dec/27/guinea-junta-leader-mamady-doumbouya-frontrunner-president-election already exists.
2025-12-31 06:41:29,561 - INFO - [The Guardian] Early skip: URL https://www.theguardian.com/world/2025/dec/30/military-drone-strike-venezuela-trump-maduro already exists.
2025-12-31 06:41:29,577 - INFO - [BBC] Success with 'requests_browser'. Found content (472 words).
2025-12-31 06:41:33,432 - INFO - Selenium driver initialized successfully.
2025-12-31 06:41:33,433 - INFO - Selenium driver initialized successfully.
2025-12-31 06:41:33,433 - INFO - Starting scrape for Times of India RSS feed: https://timesofindia.indiatimes.com/rssfeeds/296589292.cms
2025-12-31 06:41:33,433 - INFO - Starting scrape for The Hindu RSS feed: https://www.thehindu.com/news/national/feeder/default.rss
2025-12-31 06:41:33,840 - INFO - Found 20 articles in Times of India RSS feed. Processing up to 30.
2025-12-31 06:41:33,895 - INFO - Found 100 articles in The Hindu RSS feed. Processing up to 30.
2025-12-31 06:42:14,535 - INFO - DEDUPLICATION: Found match (Score: 0.93). Linking to Cluster ID: 2c44253c-67cc-430b-9f0f-6540fa4ecf41
2025-12-31 06:42:14,538 - INFO - Saved article: Tatiana Schlossberg, granddaughter of John F Kennedy, dies aged 35 from BBC (472 words)
2025-12-31 06:42:14,538 - INFO - [The Guardian] Early skip: URL https://www.theguardian.com/world/2025/dec/29/brazil-ex-president-jair-bolsonaro-hiccups-treatment already exists.
2025-12-31 06:42:14,665 - INFO - [Times of India] Article: https://timesofindia.indiatimes.com/world/middle-east/saudi-arabia-introduces-four-tier-excise-tax-on-sweetened-beverages-based-on-sugar-content-from-january-1-2026/articleshow/126264512.cms
2025-12-31 06:42:14,666 - INFO - [Times of India] Attempt 1/1: Trying with 'selenium_browser' strategy...
2025-12-31 06:42:14,666 - INFO - [The Hindu] Article: https://www.thehindu.com/news/cities/Hyderabad/ibomma-piracy-probe-widens-as-police-uncover-use-of-forged-identity/article70455823.ece
2025-12-31 06:42:14,666 - INFO - [The Hindu] Attempt 1/1: Trying with 'selenium_browser' strategy...
2025-12-31 06:42:14,667 - INFO - [The Guardian] Early skip: URL https://www.theguardian.com/world/2025/dec/29/mexico-train-derailment-oaxaca already exists.
2025-12-31 06:42:14,793 - INFO - [The Guardian] Early skip: URL https://www.theguardian.com/us-news/2025/dec/29/trump-venezuela-facility-strike already exists.
2025-12-31 06:42:15,023 - INFO - [The Guardian] Early skip: URL https://www.theguardian.com/world/2025/dec/26/venezuela-political-prisoner-release already exists.
2025-12-31 06:42:15,248 - INFO - [BBC] Early skip: URL https://www.bbc.com/news/articles/cn9zl309dz8o?at_medium=RSS&at_campaign=rss already exists.
2025-12-31 06:42:15,506 - INFO - [The Guardian] Early skip: URL https://www.theguardian.com/world/2025/dec/31/tonga-under-usa-trump-visa-ban already exists.
2025-12-31 06:42:15,704 - INFO - [The Guardian] Early skip: URL https://www.theguardian.com/world/2025/dec/30/trump-not-worried-china-military-live-fire-drills-taiwan already exists.
2025-12-31 06:42:15,947 - INFO - [BBC] Article: https://www.bbc.com/news/articles/c74wjqvpkj0o?at_medium=RSS&at_campaign=rss
2025-12-31 06:42:15,947 - INFO - [BBC] Attempt 1/1: Trying with 'requests_browser' strategy...
2025-12-31 06:42:15,948 - INFO - [The Guardian] Early skip: URL https://www.theguardian.com/technology/2025/dec/29/softbank-digitalbridge-deal-artificial-intelligence already exists.
2025-12-31 06:42:15,990 - INFO - [BBC] Success with 'requests_browser'. Found content (401 words).
2025-12-31 06:42:16,212 - INFO - [The Guardian] Early skip: URL https://www.theguardian.com/world/2025/dec/29/china-live-fire-military-drills-around-taiwan already exists.
2025-12-31 06:42:16,410 - INFO - [The Guardian] Early skip: URL https://www.theguardian.com/business/2025/dec/29/chinese-imports-uk-inflation-trump-tariffs already exists.
2025-12-31 06:42:16,520 - INFO - [The Guardian] Early skip: URL https://www.theguardian.com/australia-news/2025/dec/31/palm-beach-man-dead-teenage-boy-feared-missing-boat-capsize already exists.
2025-12-31 06:42:16,770 - INFO - [The Guardian] Early skip: URL https://www.theguardian.com/australia-news/2025/dec/31/sydney-new-years-eve-fireworks-key-viewing-spots-full-nye-ntwnfb already exists.
2025-12-31 06:42:16,923 - INFO - [The Guardian] Early skip: URL https://www.theguardian.com/sport/2025/dec/31/former-australian-test-cricketer-damien-martyn-in-induced-coma already exists.
2025-12-31 06:42:17,085 - INFO - [The Guardian] Early skip: URL https://www.theguardian.com/business/2025/dec/31/coral-adventurer-passengers-return-cruise-ship-drama already exists.
2025-12-31 06:42:17,315 - INFO - [The Guardian] Early skip: URL https://www.theguardian.com/australia-news/2025/dec/31/government-rules-new-laws-benefit-changes-on-1-january already exists.
2025-12-31 06:42:19,080 - INFO - [The Hindu] Page content loaded.
2025-12-31 06:42:19,337 - INFO - [The Hindu] Success with 'selenium_browser'. Found content (157 words).
2025-12-31 06:43:27,613 - INFO - DEDUPLICATION: Found match (Score: 0.82). Linking to Cluster ID: 795d7163-4ec6-4067-8bf1-a8910ed6dc49
2025-12-31 06:43:27,619 - INFO - Saved article: Thailand releases 18 Cambodian soldiers held since July from BBC (401 words)
2025-12-31 06:43:27,619 - INFO - [The Guardian] Early skip: URL https://www.theguardian.com/world/live/2025/dec/30/ukraine-russia-war-zelenskyy-putin-us-trump-eu-latest-updates already exists.
2025-12-31 06:44:14,767 - ERROR - [Times of India] Request failed for strategy 'selenium_browser' on URL https://timesofindia.indiatimes.com/world/middle-east/saudi-arabia-introduces-four-tier-excise-tax-on-sweetened-beverages-based-on-sugar-content-from-january-1-2026/articleshow/126264512.cms: HTTPConnectionPool(host='localhost', port=43313): Read timed out. (read timeout=120)
2025-12-31 06:44:14,767 - ERROR - [Times of India] All scrape strategies failed for https://timesofindia.indiatimes.com/world/middle-east/saudi-arabia-introduces-four-tier-excise-tax-on-sweetened-beverages-based-on-sugar-content-from-january-1-2026/articleshow/126264512.cms. Falling back to RSS description.
2025-12-31 06:44:14,767 - WARNING - SKIPPED (GLOBAL WORD LIMIT): Article 'Saudi Arabia introduces four-tier excise tax on sweetened beverages based on sugar content from January 1, 2026' from Times of India has only 60 words (Min: 90).
2025-12-31 06:44:18,623 - INFO - Saved article: iBomma piracy probe widens as police uncover use of forged identity - The Hindu from The Hindu (157 words)
2025-12-31 06:44:18,624 - INFO - [The Guardian] Early skip: URL https://www.theguardian.com/world/2025/dec/30/russia-claims-moved-nuclear-capable-missile-system-belarus already exists.
2025-12-31 06:44:18,799 - INFO - [The Guardian] Early skip: URL https://www.theguardian.com/business/2025/dec/30/eurostar-trains-cancelled-delayed-channel-tunnel-le-shuttle already exists.
2025-12-31 06:44:19,086 - INFO - [Times of India] Article: https://timesofindia.indiatimes.com/world/middle-east/uae-to-raise-minimum-private-sector-wage-for-emiratis-to-dh6000-from-1-january-2026/articleshow/126263905.cms
2025-12-31 06:44:19,086 - INFO - [Times of India] Attempt 1/1: Trying with 'selenium_browser' strategy...
2025-12-31 06:44:19,086 - INFO - [BBC] Early skip: URL https://www.bbc.com/news/articles/c4grzz60kp3o?at_medium=RSS&at_campaign=rss already exists.
2025-12-31 06:44:19,329 - INFO - [BBC] Early skip: URL https://www.bbc.com/news/articles/cwyw56687z3o?at_medium=RSS&at_campaign=rss already exists.
2025-12-31 06:44:19,538 - INFO - [The Guardian] Early skip: URL https://www.theguardian.com/business/live/2025/dec/30/global-stock-markets-best-year-since-2019-us-dollar-trade-war-octopus-energy-ftse-pound-business-live-news-updates already exists.
2025-12-31 06:44:19,777 - INFO - [BBC] Early skip: URL https://www.bbc.com/news/articles/cx2520nyp8yo?at_medium=RSS&at_campaign=rss already exists.
2025-12-31 06:44:19,991 - INFO - [The Guardian] Early skip: URL https://www.theguardian.com/world/2025/dec/30/russia-still-importing-michelin-aviation-tyres-despite-sanctions-records-suggest already exists.
2025-12-31 06:44:20,248 - INFO - [The Hindu] Article: https://www.thehindu.com/news/newsmakers-of-2025/article70414497.ece
2025-12-31 06:44:20,248 - INFO - [The Hindu] Attempt 1/1: Trying with 'selenium_browser' strategy...
2025-12-31 06:44:20,249 - INFO - [BBC] Article: https://www.bbc.com/sport/cricket/articles/c3013de0g88o?at_medium=RSS&at_campaign=rss
2025-12-31 06:44:20,249 - INFO - [BBC] Attempt 1/1: Trying with 'requests_browser' strategy...
2025-12-31 06:44:20,250 - INFO - [The Guardian] Early skip: URL https://www.theguardian.com/world/2025/dec/30/iran-protesters-demands-widespread-dissent-currency-living-standards already exists.
2025-12-31 06:44:20,282 - INFO - [BBC] Success with 'requests_browser'. Found content (363 words).
2025-12-31 06:44:23,927 - INFO - [The Hindu] Page content loaded.
2025-12-31 06:44:24,102 - INFO - [The Hindu] Success with 'selenium_browser'. Found content (1055 words).
2025-12-31 06:45:10,524 - INFO - DEDUPLICATION: Found match (Score: 0.90). Linking to Cluster ID: 51dd2f28-e5f9-4564-bc15-9423f03b6622
2025-12-31 06:45:10,526 - INFO - Saved article: Damien Martyn: Former Australia batter in coma in hospital with meningitis - BBC Sport from BBC (363 words)
2025-12-31 06:45:10,526 - INFO - [The Guardian] Early skip: URL https://www.theguardian.com/world/2025/dec/30/saudi-arabia-bombs-yemen-over-weapons-shipment-alleged-uae already exists.
2025-12-31 06:45:57,350 - INFO - Saved article: Newsmakers of 2025 - The Hindu from The Hindu (1055 words)
2025-12-31 06:45:57,350 - INFO - [The Guardian] Early skip: URL https://www.theguardian.com/world/2025/dec/30/israeli-president-office-trump-claim-netanyahu-pardon already exists.
2025-12-31 06:45:57,489 - INFO - [BBC] Early skip: URL https://www.bbc.com/news/articles/cqj2llkjv8vo?at_medium=RSS&at_campaign=rss already exists.
2025-12-31 06:45:57,669 - INFO - [The Guardian] Early skip: URL https://www.theguardian.com/world/2025/dec/30/trump-should-defy-netanyahu-over-nuclear-talks-with-iran-says-its-foreign-minister already exists.
2025-12-31 06:45:57,806 - INFO - [BBC] Early skip: URL https://www.bbc.com/news/articles/c8xdxz48l7yo?at_medium=RSS&at_campaign=rss already exists.
2025-12-31 06:45:58,066 - INFO - [The Guardian] Early skip: URL https://www.theguardian.com/world/2025/dec/29/gaza-ceasefire-hinges-return-last-israeli-hostage-netanyahu-trump already exists.
2025-12-31 06:45:58,313 - INFO - [BBC] Early skip: URL https://www.bbc.com/news/articles/cp848g51zd3o?at_medium=RSS&at_campaign=rss already exists.
2025-12-31 06:45:58,524 - INFO - [BBC] Early skip: URL https://www.bbc.com/news/articles/cm2v256vdkyo?at_medium=RSS&at_campaign=rss already exists.
2025-12-31 06:45:58,702 - INFO - [The Hindu] Article: https://www.thehindu.com/news/national/tripura-student-death-sit-takes-over-probe-dehradun-police-say-no-evidence-so-far-of-racial-abuse/article70455996.ece
2025-12-31 06:45:58,702 - INFO - [The Hindu] Attempt 1/1: Trying with 'selenium_browser' strategy...
2025-12-31 06:45:58,703 - INFO - [BBC] Early skip: URL https://www.bbc.com/news/articles/cdj8jmxyzneo?at_medium=RSS&at_campaign=rss already exists.
2025-12-31 06:45:58,864 - INFO - [BBC] Early skip: URL https://www.bbc.com/news/articles/c8xdxz48l7yo?at_medium=RSS&at_campaign=rss already exists.
2025-12-31 06:45:59,034 - INFO - [BBC] Early skip: URL https://www.bbc.com/news/articles/c4g5gq19n9zo?at_medium=RSS&at_campaign=rss already exists.
2025-12-31 06:45:59,191 - INFO - [BBC] Early skip: URL https://www.bbc.com/news/articles/cx2520nyp8yo?at_medium=RSS&at_campaign=rss already exists.
2025-12-31 06:45:59,295 - INFO - [BBC] Early skip: URL https://www.bbc.com/news/articles/c8989e1wnj2o?at_medium=RSS&at_campaign=rss already exists.
2025-12-31 06:45:59,492 - INFO - [BBC] Early skip: URL https://www.bbc.com/news/articles/cdxwxqrde29o?at_medium=RSS&at_campaign=rss already exists.
2025-12-31 06:45:59,752 - INFO - [BBC] Early skip: URL https://www.bbc.com/news/articles/c4g4g5lgngvo?at_medium=RSS&at_campaign=rss already exists.
2025-12-31 06:45:59,923 - INFO - [The Hindu] Page content loaded.
2025-12-31 06:45:59,989 - INFO - [BBC] Early skip: URL https://www.bbc.com/news/articles/c9qe9wvq534o?at_medium=RSS&at_campaign=rss already exists.
2025-12-31 06:46:00,001 - INFO - [The Hindu] Success with 'selenium_browser'. Found content (803 words).
2025-12-31 06:46:19,187 - ERROR - [Times of India] Request failed for strategy 'selenium_browser' on URL https://timesofindia.indiatimes.com/world/middle-east/uae-to-raise-minimum-private-sector-wage-for-emiratis-to-dh6000-from-1-january-2026/articleshow/126263905.cms: HTTPConnectionPool(host='localhost', port=43313): Read timed out. (read timeout=120)
2025-12-31 06:46:19,187 - ERROR - [Times of India] All scrape strategies failed for https://timesofindia.indiatimes.com/world/middle-east/uae-to-raise-minimum-private-sector-wage-for-emiratis-to-dh6000-from-1-january-2026/articleshow/126263905.cms. Falling back to RSS description.
2025-12-31 06:46:19,187 - WARNING - SKIPPED (GLOBAL WORD LIMIT): Article 'UAE to raise minimum private sector wage for emiratis to Dh6,000 from 1 January 2026' from Times of India has only 61 words (Min: 90).
2025-12-31 06:46:27,930 - CRITICAL - --- TIMEOUT: 3 scrape jobs did not complete in 300s. ---
2025-12-31 06:46:27,931 - ERROR - A thread has timed out and will be abandoned.
2025-12-31 06:46:27,931 - ERROR - A thread has timed out and will be abandoned.
2025-12-31 06:46:27,931 - ERROR - A thread has timed out and will be abandoned.
2025-12-31 06:46:27,931 - INFO - Shutting down thread pool (wait=False)...
2025-12-31 06:46:27,931 - INFO - Scraped: 0 The Guardian, 3 Timed_Out_Jobs articles. (Total saved: 0)
2025-12-31 06:46:27,931 - INFO - --- Scraping job finished ---
2025-12-31 06:46:27,931 - INFO - --- Scraper service stopped and database connection closed. ---
2025-12-31 06:46:27,932 - INFO - --- Main thread finished. Forcing process exit to kill zombie threads. ---
