2026-01-12 10:32:38,096 - INFO - Loading AI Semantic Model (all-MiniLM-L6-v2)...
2026-01-12 10:32:38,096 - INFO - Use pytorch device_name: cpu
2026-01-12 10:32:38,097 - INFO - Load pretrained SentenceTransformer: all-MiniLM-L6-v2
2026-01-12 10:32:39,388 - INFO - AI Model loaded successfully.
2026-01-12 10:32:39,389 - INFO - --- Scraper service started (CI Mode: Run Once) ---
2026-01-12 10:32:39,389 - INFO - --- Starting new scraping job (Parallel Mode) ---
2026-01-12 10:32:39,389 - INFO - Creating new robust session with 3 retries on 5xx/connection/read errors.
2026-01-12 10:32:39,389 - INFO - Proxy is DISABLED.
2026-01-12 10:32:39,389 - INFO - Starting scrape for BBC RSS feed: http://feeds.bbci.co.uk/news/world/rss.xml
2026-01-12 10:32:39,390 - INFO - [Times of India] (Thread) requires Selenium. Initializing driver...
2026-01-12 10:32:39,391 - INFO - Starting scrape for The Guardian RSS feed: https://www.theguardian.com/world/rss
2026-01-12 10:32:39,392 - INFO - [The Hindu] (Thread) requires Selenium. Initializing driver...
2026-01-12 10:32:39,392 - INFO - Submitted 4 jobs to thread pool. Waiting up to 300s for completion...
2026-01-12 10:32:39,483 - INFO - Found 27 articles in BBC RSS feed. Processing up to 30.
2026-01-12 10:32:39,484 - INFO - [BBC] Early skip: URL https://www.bbc.com/news/articles/czdqy3rmp78o?at_medium=RSS&at_campaign=rss already exists.
2026-01-12 10:32:39,563 - INFO - Found 45 articles in The Guardian RSS feed. Processing up to 30.
2026-01-12 10:32:39,696 - INFO - [The Guardian] Early skip: URL https://www.theguardian.com/global-development/2026/jan/09/the-gambia-female-genital-mutilation-fgm-supreme-court-case-overturn-ban already exists.
2026-01-12 10:32:39,945 - INFO - [BBC] Early skip: URL https://www.bbc.com/news/articles/c801k7rkkd7o?at_medium=RSS&at_campaign=rss already exists.
2026-01-12 10:32:40,198 - INFO - [The Guardian] Early skip: URL https://www.theguardian.com/world/2026/jan/08/questions-targeting-impact-us-airstrikes-in-nigeria already exists.
2026-01-12 10:32:40,323 - INFO - [BBC] Early skip: URL https://www.bbc.com/news/articles/cpv7knz8e8mo?at_medium=RSS&at_campaign=rss already exists.
2026-01-12 10:32:40,556 - INFO - [The Guardian] Early skip: URL https://www.theguardian.com/world/2026/jan/02/anthony-joshuas-driver-charged-with-dangerous-driving-after-fatal-crash-in-nigeria already exists.
2026-01-12 10:32:40,711 - INFO - [BBC] Article: https://www.bbc.com/news/articles/c78e07m02jzo?at_medium=RSS&at_campaign=rss
2026-01-12 10:32:40,711 - INFO - [BBC] Attempt 1/1: Trying with 'requests_browser' strategy...
2026-01-12 10:32:40,712 - INFO - [The Guardian] Early skip: URL https://www.theguardian.com/science/2026/jan/01/cremation-pyre-in-africa-thought-to-be-worlds-oldest-containing-adult-remains already exists.
2026-01-12 10:32:40,847 - INFO - [BBC] Success with 'requests_browser'. Found content (1098 words).
2026-01-12 10:32:45,972 - INFO - Selenium driver initialized successfully.
2026-01-12 10:32:45,973 - INFO - Starting scrape for Times of India RSS feed: https://timesofindia.indiatimes.com/rssfeeds/296589292.cms
2026-01-12 10:32:45,973 - INFO - Selenium driver initialized successfully.
2026-01-12 10:32:45,975 - INFO - Starting scrape for The Hindu RSS feed: https://www.thehindu.com/news/national/feeder/default.rss
2026-01-12 10:32:46,061 - INFO - Found 20 articles in Times of India RSS feed. Processing up to 30.
2026-01-12 10:32:46,167 - INFO - Found 100 articles in The Hindu RSS feed. Processing up to 30.
2026-01-12 10:33:25,085 - INFO - DEDUPLICATION: Found match (Score: 0.82). Linking to Cluster ID: 71cd8cb2-31b6-4d66-8db6-1b27d33cfa98
2026-01-12 10:33:25,087 - INFO - Saved article: Golden Globes: Timothee Chalamet beats Leonardo DiCaprio from BBC (1098 words)
2026-01-12 10:33:25,087 - INFO - [The Guardian] Early skip: URL https://www.theguardian.com/global-development/2026/jan/01/us-aid-cuts-conditions-un-humanitarian-pledge-ocha already exists.
2026-01-12 10:33:25,278 - INFO - [Times of India] Article: https://timesofindia.indiatimes.com/world/middle-east/omans-new-labour-ban-on-expats-in-200-professions-what-it-means-for-workers-tourists/articleshow/126480007.cms
2026-01-12 10:33:25,278 - INFO - [Times of India] Attempt 1/1: Trying with 'selenium_browser' strategy...
2026-01-12 10:33:25,279 - INFO - [The Hindu] Article: https://www.thehindu.com/news/national/kerala/what-was-tdb-doing-kerala-hc-raps-devaswom-board-in-sabarimala-gold-case/article70500940.ece
2026-01-12 10:33:25,279 - INFO - [The Hindu] Attempt 1/1: Trying with 'selenium_browser' strategy...
2026-01-12 10:33:25,280 - INFO - [The Guardian] Article: https://www.theguardian.com/world/2026/jan/12/carney-heads-to-beijing-as-trump-america-first-agenda-forces-canada-into-trade-rethink
2026-01-12 10:33:25,280 - INFO - [The Guardian] Attempt 1/1: Trying with 'requests_browser' strategy...
2026-01-12 10:33:25,453 - INFO - [The Guardian] Success with 'requests_browser'. Found content (1253 words).
2026-01-12 10:33:32,250 - INFO - [The Hindu] Page content loaded.
2026-01-12 10:33:33,311 - INFO - [The Hindu] Success with 'selenium_browser'. Found content (189 words).
2026-01-12 10:34:35,228 - INFO - Saved article: Carney heads to Beijing as Trump’s America First agenda forces Canada into trade rethink | Canada | The Guardian from The Guardian (1253 words)
2026-01-12 10:34:35,229 - INFO - [BBC] Article: https://www.bbc.com/news/articles/cpqye2yygl4o?at_medium=RSS&at_campaign=rss
2026-01-12 10:34:35,229 - INFO - [BBC] Attempt 1/1: Trying with 'requests_browser' strategy...
2026-01-12 10:34:35,443 - INFO - [BBC] Success with 'requests_browser'. Found content (443 words).
2026-01-12 10:35:25,161 - INFO - DEDUPLICATION: Found match (Score: 0.71). Linking to Cluster ID: 952a193c-5e7b-408f-9a45-ac7059a7644e
2026-01-12 10:35:25,163 - INFO - Saved article: Sabarimala gold case: Kerala HC raps TDB, asks why gold plating was entrusted to single individual - The Hindu from The Hindu (189 words)
2026-01-12 10:35:25,382 - ERROR - [Times of India] Request failed for strategy 'selenium_browser' on URL https://timesofindia.indiatimes.com/world/middle-east/omans-new-labour-ban-on-expats-in-200-professions-what-it-means-for-workers-tourists/articleshow/126480007.cms: HTTPConnectionPool(host='localhost', port=52615): Read timed out. (read timeout=120)
2026-01-12 10:35:25,382 - ERROR - [Times of India] All scrape strategies failed for https://timesofindia.indiatimes.com/world/middle-east/omans-new-labour-ban-on-expats-in-200-professions-what-it-means-for-workers-tourists/articleshow/126480007.cms. Falling back to RSS description.
2026-01-12 10:35:25,382 - WARNING - SKIPPED (GLOBAL WORD LIMIT): Article 'Oman’s new labour ban on expats in 200+ professions: What it means for workers, tourists' from Times of India has only 54 words (Min: 90).
2026-01-12 10:36:16,392 - INFO - DEDUPLICATION: Found match (Score: 0.92). Linking to Cluster ID: 4316df06-a08c-4f9b-9ff4-ad368ea72651
2026-01-12 10:36:16,395 - INFO - Saved article: Australia social media ban: Meta blocks 550,000 accounts under new law from BBC (443 words)
2026-01-12 10:36:16,395 - INFO - [The Guardian] Early skip: URL https://www.theguardian.com/us-news/2026/jan/12/donald-trump-threatens-block-exxonmobil-venezuela already exists.
2026-01-12 10:36:16,511 - INFO - [The Hindu] Article: https://www.thehindu.com/news/national/tamil-nadu/kamal-haasan-secures-interim-relief-in-personality-rights-suit-before-madras-high-court/article70500749.ece
2026-01-12 10:36:16,511 - INFO - [The Hindu] Attempt 1/1: Trying with 'selenium_browser' strategy...
2026-01-12 10:36:16,512 - INFO - [Times of India] Article: https://timesofindia.indiatimes.com/world/middle-east/a-rare-moment-for-gulf-skies-international-space-station-visible-over-qatar-for-6-minutes/articleshow/126478899.cms
2026-01-12 10:36:16,512 - INFO - [Times of India] Attempt 1/1: Trying with 'selenium_browser' strategy...
2026-01-12 10:36:16,513 - INFO - [The Guardian] Early skip: URL https://www.theguardian.com/us-news/2026/jan/11/trump-tells-cuba-to-make-a-deal-or-face-the-consequences already exists.
2026-01-12 10:36:16,771 - INFO - [The Guardian] Early skip: URL https://www.theguardian.com/us-news/2026/jan/11/ice-death-costa-rica-randall-gamboa-esquivel already exists.
2026-01-12 10:36:17,023 - INFO - [The Guardian] Early skip: URL https://www.theguardian.com/us-news/2026/jan/10/us-citizens-venezuela-paramilitaries already exists.
2026-01-12 10:36:17,179 - INFO - [BBC] Early skip: URL https://www.bbc.com/news/articles/c74vnxlvl40o?at_medium=RSS&at_campaign=rss already exists.
2026-01-12 10:36:17,282 - INFO - [BBC] Early skip: URL https://www.bbc.com/news/articles/cx2kv2gn62vo?at_medium=RSS&at_campaign=rss already exists.
2026-01-12 10:36:17,422 - INFO - [BBC] Early skip: URL https://www.bbc.com/news/articles/cly95x9qe4ko?at_medium=RSS&at_campaign=rss already exists.
2026-01-12 10:36:17,675 - INFO - [The Guardian] Early skip: URL https://www.theguardian.com/world/2026/jan/11/underground-church-early-rain-leaders-detained-china-crackdown already exists.
2026-01-12 10:36:17,824 - INFO - [BBC] Early skip: URL https://www.bbc.com/news/articles/c75xdg2p36lo?at_medium=RSS&at_campaign=rss already exists.
2026-01-12 10:36:18,100 - INFO - [The Guardian] Early skip: URL https://www.theguardian.com/world/2026/jan/10/indonesia-blocks-musks-grok-chatbot-due-to-risk-of-pornographic-content already exists.
2026-01-12 10:36:18,349 - INFO - [BBC] Article: https://www.bbc.com/news/articles/cj9r3zl2ywyo?at_medium=RSS&at_campaign=rss
2026-01-12 10:36:18,349 - INFO - [BBC] Attempt 1/1: Trying with 'requests_browser' strategy...
2026-01-12 10:36:18,350 - INFO - [The Guardian] Early skip: URL https://www.theguardian.com/world/2026/jan/08/alleged-scam-kingpin-chen-zhi-extradited-china-cambodia-arrest already exists.
2026-01-12 10:36:18,386 - INFO - [BBC] Success with 'requests_browser'. Found content (283 words).
2026-01-12 10:36:18,615 - INFO - [The Guardian] Early skip: URL https://www.theguardian.com/world/2026/jan/06/papua-new-guinea-internet-starlink-shut-down already exists.
2026-01-12 10:36:36,543 - ERROR - [The Hindu] Request failed for strategy 'selenium_browser' on URL https://www.thehindu.com/news/national/tamil-nadu/kamal-haasan-secures-interim-relief-in-personality-rights-suit-before-madras-high-court/article70500749.ece: Message: timeout: Timed out receiving message from renderer: 19.687
  (Session info: chrome=143.0.7499.169)
Stacktrace:
#0 0x564f71eeb40a <unknown>
#1 0x564f7191f76b <unknown>
#2 0x564f7190780a <unknown>
#3 0x564f719074ed <unknown>
#4 0x564f719053a7 <unknown>
#5 0x564f71905cbf <unknown>
#6 0x564f71914480 <unknown>
#7 0x564f7192db47 <unknown>
#8 0x564f719341fb <unknown>
#9 0x564f719063e8 <unknown>
#10 0x564f7192d8f8 <unknown>
#11 0x564f719bcad8 <unknown>
#12 0x564f719637b2 <unknown>
#13 0x564f71964461 <unknown>
#14 0x564f71eb3df9 <unknown>
#15 0x564f71eb6d5d <unknown>
#16 0x564f71e9cb41 <unknown>
#17 0x564f71eb793b <unknown>
#18 0x564f71e83870 <unknown>
#19 0x564f71ed8828 <unknown>
#20 0x564f71ed89fc <unknown>
#21 0x564f71eea763 <unknown>
#22 0x7f501009caa4 <unknown>
#23 0x7f5010129c6c <unknown>

2026-01-12 10:36:36,543 - ERROR - [The Hindu] All scrape strategies failed for https://www.thehindu.com/news/national/tamil-nadu/kamal-haasan-secures-interim-relief-in-personality-rights-suit-before-madras-high-court/article70500749.ece. Falling back to RSS description.
2026-01-12 10:36:36,543 - WARNING - SKIPPED (GLOBAL WORD LIMIT): Article 'Kamal Haasan secures interim relief in personality rights suit before Madras High Court' from The Hindu has only 19 words (Min: 90).
2026-01-12 10:37:07,211 - INFO - Saved article: Ai, Japanese chimpanzee who counted and painted, dies at 49 from BBC (283 words)
2026-01-12 10:37:07,211 - INFO - [The Guardian] Early skip: URL https://www.theguardian.com/world/2026/jan/06/what-us-action-in-venezuela-means-for-taiwan already exists.
2026-01-12 10:37:07,365 - INFO - [The Hindu] Article: https://www.thehindu.com/news/national/supreme-court-draws-a-june-30-deadline-for-bruhat-bengaluru-mahanagara-palike-polls/article70500715.ece
2026-01-12 10:37:07,365 - INFO - [The Hindu] Attempt 1/1: Trying with 'selenium_browser' strategy...
2026-01-12 10:37:07,367 - INFO - [The Guardian] Article: https://www.theguardian.com/australia-news/2026/jan/12/banning-globalise-the-intifada-will-unduly-impact-muslim-australians-nsw-inquiry-in-wake-of-bondi-attack-told-ntwnfb
2026-01-12 10:37:07,367 - INFO - [The Guardian] Attempt 1/1: Trying with 'requests_browser' strategy...
2026-01-12 10:37:07,558 - INFO - [The Guardian] Success with 'requests_browser'. Found content (724 words).
2026-01-12 10:37:08,799 - INFO - [The Hindu] Page content loaded.
2026-01-12 10:37:09,983 - INFO - [The Hindu] Success with 'selenium_browser'. Found content (402 words).
2026-01-12 10:37:39,393 - CRITICAL - --- TIMEOUT: 4 scrape jobs did not complete in 300s. ---
2026-01-12 10:37:39,393 - ERROR - A thread has timed out and will be abandoned.
2026-01-12 10:37:39,393 - ERROR - A thread has timed out and will be abandoned.
2026-01-12 10:37:39,393 - ERROR - A thread has timed out and will be abandoned.
2026-01-12 10:37:39,393 - ERROR - A thread has timed out and will be abandoned.
2026-01-12 10:37:39,393 - INFO - Shutting down thread pool (wait=False)...
2026-01-12 10:37:39,393 - INFO - Scraped: 4 Timed_Out_Jobs articles. (Total saved: 0)
2026-01-12 10:37:39,393 - INFO - --- Scraping job finished ---
2026-01-12 10:37:39,394 - INFO - --- Scraper service stopped and database connection closed. ---
2026-01-12 10:37:39,394 - INFO - --- Main thread finished. Forcing process exit to kill zombie threads. ---
