2025-12-29 20:30:40,120 - INFO - Loading AI Semantic Model (all-MiniLM-L6-v2)...
2025-12-29 20:30:40,121 - INFO - Use pytorch device_name: cpu
2025-12-29 20:30:40,121 - INFO - Load pretrained SentenceTransformer: all-MiniLM-L6-v2
2025-12-29 20:30:40,555 - INFO - AI Model loaded successfully.
2025-12-29 20:30:40,556 - INFO - --- Scraper service started (CI Mode: Run Once) ---
2025-12-29 20:30:40,556 - INFO - --- Starting new scraping job (Parallel Mode) ---
2025-12-29 20:30:40,556 - INFO - Creating new robust session with 3 retries on 5xx/connection/read errors.
2025-12-29 20:30:40,556 - INFO - Proxy is DISABLED.
2025-12-29 20:30:40,556 - INFO - Starting scrape for BBC RSS feed: http://feeds.bbci.co.uk/news/world/rss.xml
2025-12-29 20:30:40,557 - INFO - [Times of India] (Thread) requires Selenium. Initializing driver...
2025-12-29 20:30:40,558 - INFO - Starting scrape for The Guardian RSS feed: https://www.theguardian.com/world/rss
2025-12-29 20:30:40,559 - INFO - [The Hindu] (Thread) requires Selenium. Initializing driver...
2025-12-29 20:30:40,559 - INFO - Submitted 4 jobs to thread pool. Waiting up to 300s for completion...
2025-12-29 20:30:40,693 - INFO - Found 45 articles in The Guardian RSS feed. Processing up to 30.
2025-12-29 20:30:40,695 - INFO - [The Guardian] Early skip: URL https://www.theguardian.com/world/2025/dec/29/more-than-3000-migrants-died-spain-figure-down already exists.
2025-12-29 20:30:40,919 - INFO - Found 41 articles in BBC RSS feed. Processing up to 30.
2025-12-29 20:30:40,948 - INFO - [BBC] Early skip: URL https://www.bbc.com/news/articles/c4g4g5lgngvo?at_medium=RSS&at_campaign=rss already exists.
2025-12-29 20:30:41,099 - INFO - [The Guardian] Early skip: URL https://www.theguardian.com/sport/2025/dec/29/anthony-joshua-injured-car-crash-nigeria already exists.
2025-12-29 20:30:41,221 - INFO - [BBC] Early skip: URL https://www.bbc.com/news/articles/c9w7wgrk01do?at_medium=RSS&at_campaign=rss already exists.
2025-12-29 20:30:41,392 - INFO - [The Guardian] Early skip: URL https://www.theguardian.com/world/2025/dec/28/central-african-republic-goes-to-polls-as-president-seeks-third-term already exists.
2025-12-29 20:30:41,587 - INFO - [BBC] Article: https://www.bbc.com/news/articles/cx2g20prlg7o?at_medium=RSS&at_campaign=rss
2025-12-29 20:30:41,587 - INFO - [BBC] Attempt 1/1: Trying with 'requests_browser' strategy...
2025-12-29 20:30:41,588 - INFO - [The Guardian] Early skip: URL https://www.theguardian.com/world/2025/dec/27/guinea-junta-leader-mamady-doumbouya-frontrunner-president-election already exists.
2025-12-29 20:30:41,804 - INFO - [BBC] Success with 'requests_browser'. Found content (620 words).
2025-12-29 20:30:49,148 - INFO - Selenium driver initialized successfully.
2025-12-29 20:30:49,149 - INFO - Starting scrape for Times of India RSS feed: https://timesofindia.indiatimes.com/rssfeeds/296589292.cms
2025-12-29 20:30:49,148 - INFO - Selenium driver initialized successfully.
2025-12-29 20:30:49,150 - INFO - Starting scrape for The Hindu RSS feed: https://www.thehindu.com/news/national/feeder/default.rss
2025-12-29 20:30:49,251 - INFO - Found 20 articles in Times of India RSS feed. Processing up to 30.
2025-12-29 20:30:49,377 - INFO - Found 100 articles in The Hindu RSS feed. Processing up to 30.
2025-12-29 20:31:26,155 - INFO - Saved article: Nepal to scrap 'failed' Mount Everest waste deposit scheme from BBC (620 words)
2025-12-29 20:31:26,155 - INFO - [The Guardian] Early skip: URL https://www.theguardian.com/world/2025/dec/26/israel-first-country-to-recognise-somaliland-sovereign-state already exists.
2025-12-29 20:31:26,397 - INFO - [Times of India] Article: https://timesofindia.indiatimes.com/world/us/my-friends-will-get-hurt-marjorie-taylor-greene-says-trump-warned-her-against-naming-epstein-clients/articleshow/126239425.cms
2025-12-29 20:31:26,397 - INFO - [Times of India] Attempt 1/1: Trying with 'selenium_browser' strategy...
2025-12-29 20:31:26,398 - INFO - [The Hindu] Article: https://www.thehindu.com/news/national/kerala/hung-council-poses-challenge-for-ldf-in-standing-committee-polls-in-kozhikode-corporation/article70450375.ece
2025-12-29 20:31:26,398 - INFO - [The Hindu] Attempt 1/1: Trying with 'selenium_browser' strategy...
2025-12-29 20:31:26,398 - INFO - [The Guardian] Early skip: URL https://www.theguardian.com/world/2025/dec/29/mexico-train-derailment-oaxaca already exists.
2025-12-29 20:31:26,584 - INFO - [The Guardian] Early skip: URL https://www.theguardian.com/us-news/2025/dec/29/trump-venezuela-facility-strike already exists.
2025-12-29 20:31:26,753 - INFO - [BBC] Early skip: URL https://www.bbc.com/news/articles/cdj8jr37y98o?at_medium=RSS&at_campaign=rss already exists.
2025-12-29 20:31:27,042 - INFO - [The Guardian] Early skip: URL https://www.theguardian.com/world/2025/dec/29/brazil-ex-president-jair-bolsonaro-hiccups-treatment already exists.
2025-12-29 20:31:27,258 - INFO - [BBC] Early skip: URL https://www.bbc.com/news/articles/cj4qp17e1lqo?at_medium=RSS&at_campaign=rss already exists.
2025-12-29 20:31:27,441 - INFO - [BBC] Early skip: URL https://www.bbc.com/news/articles/cwypyq9dvggo?at_medium=RSS&at_campaign=rss already exists.
2025-12-29 20:31:27,637 - INFO - [The Guardian] Early skip: URL https://www.theguardian.com/world/2025/dec/26/venezuela-political-prisoner-release already exists.
2025-12-29 20:31:27,934 - INFO - [BBC] Early skip: URL https://www.bbc.com/news/articles/cd74pxvrp10o?at_medium=RSS&at_campaign=rss already exists.
2025-12-29 20:31:28,218 - INFO - [BBC] Early skip: URL https://www.bbc.com/news/articles/c87l7xjp235o?at_medium=RSS&at_campaign=rss already exists.
2025-12-29 20:31:28,413 - INFO - [The Guardian] Early skip: URL https://www.theguardian.com/world/2025/dec/26/weather-tracker-deep-freeze-canada-us-records-warmest-christmas already exists.
2025-12-29 20:31:28,651 - INFO - [The Guardian] Early skip: URL https://www.theguardian.com/technology/2025/dec/29/softbank-digitalbridge-deal-artificial-intelligence already exists.
2025-12-29 20:31:28,925 - INFO - [BBC] Early skip: URL https://www.bbc.com/news/articles/cx2g263v3kzo?at_medium=RSS&at_campaign=rss already exists.
2025-12-29 20:31:29,086 - INFO - [The Guardian] Early skip: URL https://www.theguardian.com/world/2025/dec/29/china-live-fire-military-drills-around-taiwan already exists.
2025-12-29 20:31:29,230 - INFO - [BBC] Early skip: URL https://www.bbc.com/news/articles/c0l93lx1rx3o?at_medium=RSS&at_campaign=rss already exists.
2025-12-29 20:31:29,473 - INFO - [BBC] Early skip: URL https://www.bbc.com/news/articles/cly92pr8qryo?at_medium=RSS&at_campaign=rss already exists.
2025-12-29 20:31:29,718 - INFO - [BBC] Early skip: URL https://www.bbc.com/news/articles/ce3z3w4wy0go?at_medium=RSS&at_campaign=rss already exists.
2025-12-29 20:31:29,985 - INFO - [The Guardian] Early skip: URL https://www.theguardian.com/business/2025/dec/29/chinese-imports-uk-inflation-trump-tariffs already exists.
2025-12-29 20:31:30,207 - INFO - [The Guardian] Early skip: URL https://www.theguardian.com/world/2025/dec/29/osaki-japan-town-record-bear-encounters-2025 already exists.
2025-12-29 20:31:30,384 - INFO - [BBC] Early skip: URL https://www.bbc.com/news/articles/c4g6gw30epvo?at_medium=RSS&at_campaign=rss already exists.
2025-12-29 20:31:30,612 - INFO - [BBC] Early skip: URL https://www.bbc.com/news/articles/cx2328e70y7o?at_medium=RSS&at_campaign=rss already exists.
2025-12-29 20:31:30,895 - INFO - [BBC] Early skip: URL https://www.bbc.com/news/articles/cdj817m37rgo?at_medium=RSS&at_campaign=rss already exists.
2025-12-29 20:31:30,955 - INFO - [The Hindu] Page content loaded.
2025-12-29 20:31:31,155 - INFO - [BBC] Early skip: URL https://www.bbc.com/news/articles/cy7vly6gm76o?at_medium=RSS&at_campaign=rss already exists.
2025-12-29 20:31:31,228 - INFO - [The Hindu] Success with 'selenium_browser'. Found content (317 words).
2025-12-29 20:31:31,456 - INFO - [BBC] Early skip: URL https://www.bbc.com/news/videos/c05834pp6jno?at_medium=RSS&at_campaign=rss already exists.
2025-12-29 20:31:31,744 - INFO - [The Guardian] Early skip: URL https://www.theguardian.com/world/2025/dec/29/boy-5-killed-after-arm-trapped-in-ski-resort-travelator-in-japan-hokkaido already exists.
2025-12-29 20:31:32,025 - INFO - [The Guardian] Early skip: URL https://www.theguardian.com/australia-news/2025/dec/29/wounded-hero-ahmed-al-ahmed-speaks-of-saving-lives-at-bondi-beach-ntwnfb already exists.
2025-12-29 20:31:32,219 - INFO - [The Guardian] Early skip: URL https://www.theguardian.com/environment/2025/dec/30/queensland-to-continue-to-allow-farmers-to-shoot-flying-foxes-after-revoking-ban-on-controversial-practice already exists.
2025-12-29 20:31:32,492 - INFO - [The Guardian] Early skip: URL https://www.theguardian.com/australia-news/2025/dec/30/albaneses-refusal-to-heed-families-pleas-for-bondi-inquiry-is-hard-to-understand-and-easy-for-opposition-to-attack-ntwnfb already exists.
2025-12-29 20:31:32,758 - INFO - [BBC] Early skip: URL https://www.bbc.com/news/articles/cp8966ew7y7o?at_medium=RSS&at_campaign=rss already exists.
2025-12-29 20:31:46,427 - ERROR - [Times of India] Request failed for strategy 'selenium_browser' on URL https://timesofindia.indiatimes.com/world/us/my-friends-will-get-hurt-marjorie-taylor-greene-says-trump-warned-her-against-naming-epstein-clients/articleshow/126239425.cms: Message: timeout: Timed out receiving message from renderer: 19.033
  (Session info: chrome=143.0.7499.109)
Stacktrace:
#0 0x55eb7156261a <unknown>
#1 0x55eb70fdf20b <unknown>
#2 0x55eb70fc72aa <unknown>
#3 0x55eb70fc6f8d <unknown>
#4 0x55eb70fc4e47 <unknown>
#5 0x55eb70fc575f <unknown>
#6 0x55eb70fd3f20 <unknown>
#7 0x55eb70fed5e7 <unknown>
#8 0x55eb70ff3c9b <unknown>
#9 0x55eb70fc5e88 <unknown>
#10 0x55eb70fed356 <unknown>
#11 0x55eb7107c580 <unknown>
#12 0x55eb71023232 <unknown>
#13 0x55eb71023ee1 <unknown>
#14 0x55eb7152b3f9 <unknown>
#15 0x55eb7152e34d <unknown>
#16 0x55eb71514122 <unknown>
#17 0x55eb7152ef2b <unknown>
#18 0x55eb714fac30 <unknown>
#19 0x55eb7154fd78 <unknown>
#20 0x55eb7154ff4c <unknown>
#21 0x55eb71561973 <unknown>
#22 0x7fe3a989caa4 <unknown>
#23 0x7fe3a9929c6c <unknown>

2025-12-29 20:31:46,428 - ERROR - [Times of India] All scrape strategies failed for https://timesofindia.indiatimes.com/world/us/my-friends-will-get-hurt-marjorie-taylor-greene-says-trump-warned-her-against-naming-epstein-clients/articleshow/126239425.cms. Falling back to RSS description.
2025-12-29 20:31:46,428 - WARNING - SKIPPED (GLOBAL WORD LIMIT): Article '‘My friends will get hurt’: MGT says Trump warned her against naming Epstein clients' from Times of India has only 3 words (Min: 90).
2025-12-29 20:32:34,665 - INFO - Saved article: Hung council poses challenge for LDF in standing committee polls in Kozhikode Corporation - The Hindu from The Hindu (317 words)
2025-12-29 20:32:34,665 - INFO - [The Guardian] Early skip: URL https://www.theguardian.com/australia-news/2025/dec/30/david-dungay-jr-protest-deaths-in-custody-nsw-new-laws-ntwnfb already exists.
2025-12-29 20:32:34,938 - INFO - [BBC] Early skip: URL https://www.bbc.com/news/articles/c3r7ge7937qo?at_medium=RSS&at_campaign=rss already exists.
2025-12-29 20:32:35,208 - INFO - [Times of India] Article: https://timesofindia.indiatimes.com/world/us-streamers/full-list-of-countries-on-ishowspeeds-africa-tour-as-it-officially-begins/articleshow/126239231.cms
2025-12-29 20:32:35,208 - INFO - [Times of India] Attempt 1/1: Trying with 'selenium_browser' strategy...
2025-12-29 20:32:35,208 - INFO - [The Guardian] Early skip: URL https://www.theguardian.com/australia-news/2025/dec/30/pauline-hanson-travelled-to-us-on-gina-rineharts-private-jet-to-attend-cpac already exists.
2025-12-29 20:32:35,336 - INFO - [BBC] Early skip: URL https://www.bbc.com/news/articles/cqxq59np394o?at_medium=RSS&at_campaign=rss already exists.
2025-12-29 20:32:35,534 - INFO - [BBC] Early skip: URL https://www.bbc.com/news/articles/c3v1g227p4xo?at_medium=RSS&at_campaign=rss already exists.
2025-12-29 20:32:35,768 - INFO - [BBC] Early skip: URL https://www.bbc.com/news/articles/cd9z1k4g40jo?at_medium=RSS&at_campaign=rss already exists.
2025-12-29 20:32:36,002 - INFO - [The Hindu] Article: https://www.thehindu.com/news/national/karnataka/vishwamanava-day-kuvempus-thoughts-and-values-hailed-as-guiding-light-for-society/article70449715.ece
2025-12-29 20:32:36,002 - INFO - [The Hindu] Attempt 1/1: Trying with 'selenium_browser' strategy...
2025-12-29 20:32:36,003 - INFO - [The Guardian] Early skip: URL https://www.theguardian.com/world/2025/dec/29/volodymyr-zelenskyy-donald-trump-us-security-guarantees-ukraine already exists.
2025-12-29 20:32:36,261 - INFO - [The Guardian] Early skip: URL https://www.theguardian.com/film/2025/dec/29/george-clooney-wife-amal-granted-french-citizenship already exists.
2025-12-29 20:32:36,352 - INFO - [Times of India] Page content loaded.
2025-12-29 20:32:36,497 - INFO - [Times of India] Success with 'selenium_browser'. Found content (430 words).
2025-12-29 20:32:36,538 - INFO - [The Guardian] Early skip: URL https://www.theguardian.com/world/live/2025/dec/29/ukraine-war-russia-us-zelenskyy-trump-security-guarantees-latest-news-updates already exists.
2025-12-29 20:32:36,764 - INFO - [The Guardian] Early skip: URL https://www.theguardian.com/world/2025/dec/29/germanys-far-right-afd-invited-to-join-munich-security-conference-2026 already exists.
2025-12-29 20:32:36,917 - INFO - [The Guardian] Early skip: URL https://www.theguardian.com/world/2025/dec/29/kosovo-prime-minister-albin-kurti-wins-snap-election-to-end-political-deadlock already exists.
2025-12-29 20:32:37,076 - INFO - [BBC] Early skip: URL https://www.bbc.com/news/articles/cde61jz5653o?at_medium=RSS&at_campaign=rss already exists.
2025-12-29 20:32:37,240 - INFO - [BBC] Early skip: URL https://www.bbc.com/news/articles/cpvd90k2zn4o?at_medium=RSS&at_campaign=rss already exists.
2025-12-29 20:32:37,449 - INFO - [The Guardian] Early skip: URL https://www.theguardian.com/world/2025/dec/29/netanyahu-to-meet-trump-in-us-amid-fears-of-israeli-regional-offensives already exists.
2025-12-29 20:32:37,604 - INFO - [The Guardian] Early skip: URL https://www.theguardian.com/world/2025/dec/29/gaza-ceasefire-hinges-return-last-israeli-hostage-netanyahu-trump already exists.
2025-12-29 20:32:37,821 - INFO - [The Guardian] Early skip: URL https://www.theguardian.com/world/2025/dec/29/what-did-alaa-abd-el-fattah-say-past-social-media-posts-why-backlash already exists.
2025-12-29 20:32:38,058 - INFO - [The Guardian] Early skip: URL https://www.theguardian.com/world/2025/dec/29/british-egyptian-rights-activist-alaa-abd-el-fattah-apologises-for-hurtful-tweets already exists.
2025-12-29 20:32:38,284 - INFO - [The Guardian] Early skip: URL https://www.theguardian.com/world/2025/dec/26/palestinian-man-kills-two-in-northern-israel-car-ramming-and-stabbing-attack-police-say already exists.
2025-12-29 20:32:38,855 - INFO - [The Hindu] Page content loaded.
2025-12-29 20:32:39,219 - INFO - [The Hindu] Success with 'selenium_browser'. Found content (486 words).
2025-12-29 20:33:33,432 - INFO - Saved article: Full list of countries on IShowSpeed’s Africa tour as it officially begins - The Times of India from Times of India (430 words)
2025-12-29 20:33:33,432 - INFO - [BBC] Early skip: URL https://www.bbc.com/news/articles/c17x7lnd1r7o?at_medium=RSS&at_campaign=rss already exists.
2025-12-29 20:34:22,684 - INFO - Saved article: Vishwamanava Day: Kuvempu’s thoughts and values hailed as ‘guiding light’ for society - The Hindu from The Hindu (486 words)
2025-12-29 20:34:22,684 - INFO - [BBC] Early skip: URL https://www.bbc.com/news/articles/cp9kp2kx329o?at_medium=RSS&at_campaign=rss already exists.
2025-12-29 20:34:22,862 - INFO - [Times of India] Article: https://timesofindia.indiatimes.com/world/us/vivek-ramaswamys-brother-shankar-raises-1-2-billion-for-gene-therapy-firm-with-no-successful-results-another-pump-and-dump/articleshow/126239032.cms
2025-12-29 20:34:22,862 - INFO - [Times of India] Attempt 1/1: Trying with 'selenium_browser' strategy...
2025-12-29 20:34:22,863 - INFO - [BBC] Early skip: URL https://www.bbc.com/news/articles/cy7vr76l521o?at_medium=RSS&at_campaign=rss already exists.
2025-12-29 20:34:23,087 - INFO - [BBC] Early skip: URL https://www.bbc.com/news/articles/cdxw7593x9zo?at_medium=RSS&at_campaign=rss already exists.
2025-12-29 20:34:23,343 - INFO - [BBC] Early skip: URL https://www.bbc.com/news/articles/c0je281pnwyo?at_medium=RSS&at_campaign=rss already exists.
2025-12-29 20:34:23,492 - INFO - [BBC] Early skip: URL https://www.bbc.com/news/articles/c20p78kp8pgo?at_medium=RSS&at_campaign=rss already exists.
2025-12-29 20:34:24,002 - INFO - [The Hindu] Article: https://www.thehindu.com/news/national/karnataka/cylinder-explosion-at-pg-in-kundalahalli-kills-man-injures-3/article70450618.ece
2025-12-29 20:34:24,002 - INFO - [The Hindu] Attempt 1/1: Trying with 'selenium_browser' strategy...
2025-12-29 20:34:25,427 - INFO - [The Hindu] Page content loaded.
2025-12-29 20:34:25,575 - INFO - [The Hindu] Success with 'selenium_browser'. Found content (186 words).
2025-12-29 20:34:29,257 - INFO - [Times of India] Page content loaded.
2025-12-29 20:34:29,504 - INFO - [Times of India] Success with 'selenium_browser'. Found content (309 words).
2025-12-29 20:35:21,006 - INFO - Saved article: Cylinder explosion at PG in Kundalahalli kills man, injures 3 - The Hindu from The Hindu (186 words)
2025-12-29 20:35:40,560 - CRITICAL - --- TIMEOUT: 2 scrape jobs did not complete in 300s. ---
2025-12-29 20:35:40,560 - ERROR - A thread has timed out and will be abandoned.
2025-12-29 20:35:40,560 - ERROR - A thread has timed out and will be abandoned.
2025-12-29 20:35:40,560 - INFO - Shutting down thread pool (wait=False)...
2025-12-29 20:35:40,560 - INFO - Scraped: 0 The Guardian, 1 BBC, 2 Timed_Out_Jobs articles. (Total saved: 1)
2025-12-29 20:35:40,560 - INFO - --- Scraping job finished ---
2025-12-29 20:35:40,560 - INFO - --- Scraper service stopped and database connection closed. ---
2025-12-29 20:35:40,560 - INFO - --- Main thread finished. Forcing process exit to kill zombie threads. ---
