2026-02-10 23:11:59,654 - INFO - Loading AI Semantic Model (all-MiniLM-L4-v2)...
2026-02-10 23:11:59,655 - INFO - Use pytorch device_name: cpu
2026-02-10 23:11:59,655 - INFO - Load pretrained SentenceTransformer: all-MiniLM-L4-v2
2026-02-10 23:11:59,775 - INFO - HTTP Request: HEAD https://huggingface.co/sentence-transformers/all-MiniLM-L4-v2/resolve/main/modules.json "HTTP/1.1 401 Unauthorized"
2026-02-10 23:11:59,775 - WARNING - No sentence-transformers model found with name sentence-transformers/all-MiniLM-L4-v2. Creating a new one with mean pooling.
2026-02-10 23:11:59,849 - INFO - HTTP Request: HEAD https://huggingface.co/sentence-transformers/all-MiniLM-L4-v2/resolve/main/adapter_config.json "HTTP/1.1 401 Unauthorized"
2026-02-10 23:11:59,849 - CRITICAL - Failed to load AI model: sentence-transformers/all-MiniLM-L4-v2 is not a local folder and is not a valid model identifier listed on 'https://huggingface.co/models'
If this is a private repository, make sure to pass a token having permission to this repo either by logging in with `hf auth login` or by passing `token=<your_token>`. Clustering is disabled.
2026-02-10 23:11:59,850 - INFO - --- Scraper service started (CI Mode: Run Once) ---
2026-02-10 23:11:59,850 - INFO - --- Starting new scraping job (Parallel Mode) ---
2026-02-10 23:11:59,850 - INFO - Creating new robust session with 3 retries on 5xx/connection/read errors.
2026-02-10 23:11:59,850 - INFO - Proxy is DISABLED.
2026-02-10 23:11:59,850 - INFO - Starting scrape for BBC RSS feed: http://feeds.bbci.co.uk/news/world/rss.xml
2026-02-10 23:11:59,851 - INFO - [Times of India] (Thread) requires Selenium. Initializing driver...
2026-02-10 23:11:59,852 - INFO - Starting scrape for TechCrunch RSS feed: https://techcrunch.com/feed/
2026-02-10 23:11:59,853 - INFO - Starting scrape for The Guardian RSS feed: https://www.theguardian.com/world/rss
2026-02-10 23:11:59,855 - INFO - [The Hindu] (Thread) requires Selenium. Initializing driver...
2026-02-10 23:11:59,855 - INFO - Submitted 5 jobs to thread pool. Waiting up to 300s for completion...
2026-02-10 23:12:00,040 - INFO - Found 45 articles in The Guardian RSS feed. Processing until 20 new articles are saved.
2026-02-10 23:12:00,040 - INFO - [The Guardian] Early skip: URL https://www.theguardian.com/world/2026/feb/09/deaths-migrant-boat-capsizes-mediterranean-libya already exists.
2026-02-10 23:12:00,041 - INFO - [The Guardian] Early skip: URL https://www.theguardian.com/music/2026/feb/09/ebo-taylor-ghanaian-highlife-pioneer-dies-age-90 already exists.
2026-02-10 23:12:00,043 - INFO - [The Guardian] Early skip: URL https://www.theguardian.com/environment/2026/feb/09/weather-tracker-spain-and-portugal-hit-by-third-fatal-storm already exists.
2026-02-10 23:12:00,044 - INFO - [The Guardian] Early skip: URL https://www.theguardian.com/world/2026/feb/07/sudan-rsf-drone-attack-rahad-kills-displaced-people already exists.
2026-02-10 23:12:00,045 - INFO - [The Guardian] Early skip: URL https://www.theguardian.com/global-development/2026/feb/07/businesses-close-protest-malawi-tax-changes-electronic-invoicing-system already exists.
2026-02-10 23:12:00,046 - INFO - [The Guardian] Early skip: URL https://www.theguardian.com/us-news/2026/feb/10/trump-canada-windsor-detroit-bridge already exists.
2026-02-10 23:12:00,048 - INFO - [The Guardian] Early skip: URL https://www.theguardian.com/world/2026/feb/10/project-cancelled-chile-worlds-clearest-skies already exists.
2026-02-10 23:12:00,049 - INFO - [The Guardian] Early skip: URL https://www.theguardian.com/us-news/2026/feb/09/trump-gordie-howe-bridge-canada already exists.
2026-02-10 23:12:00,050 - INFO - [The Guardian] Early skip: URL https://www.theguardian.com/us-news/2026/feb/09/us-military-strike-pacific already exists.
2026-02-10 23:12:00,051 - INFO - [The Guardian] Early skip: URL https://www.theguardian.com/world/2026/feb/09/air-canada-cancels-cuba-flights-fuel already exists.
2026-02-10 23:12:00,052 - INFO - [The Guardian] Early skip: URL https://www.theguardian.com/world/2026/feb/10/greek-air-force-officer-arrested-on-suspicion-of-spying-for-china already exists.
2026-02-10 23:12:00,054 - INFO - [The Guardian] Early skip: URL https://www.theguardian.com/world/2026/feb/10/jimmy-lai-jail-sentence-hong-kong-press already exists.
2026-02-10 23:12:00,055 - INFO - [The Guardian] Early skip: URL https://www.theguardian.com/world/2026/feb/10/parents-of-melbourne-methanol-poisoning-victims-shocked-by-185-fines-handed-to-laos-hostel-staff already exists.
2026-02-10 23:12:00,056 - INFO - [The Guardian] Early skip: URL https://www.theguardian.com/books/2026/feb/09/us-judges-lawsuits-neil-gaiman already exists.
2026-02-10 23:12:00,057 - INFO - [The Guardian] Early skip: URL https://www.theguardian.com/news/audio/2026/feb/09/jimmy-lai-will-hong-kong-media-tycoon-die-in-jail-the-latest already exists.
2026-02-10 23:12:00,058 - INFO - [The Guardian] Early skip: URL https://www.theguardian.com/australia-news/live/2026/feb/11/politics-liberal-party-spill-sussan-ley-labor-anthony-albanese-herzog-protests-sydney-canberra-melbourne-ntwnfb already exists.
2026-02-10 23:12:00,060 - INFO - [The Guardian] Early skip: URL https://www.theguardian.com/australia-news/2026/feb/10/labor-group-friends-palestine-nsw-police-anti-isaac-herzog-protests already exists.
2026-02-10 23:12:00,061 - INFO - [The Guardian] Early skip: URL https://www.theguardian.com/australia-news/2026/feb/11/queensland-gun-control-hate-speech-laws-lnp-labor already exists.
2026-02-10 23:12:00,062 - INFO - [The Guardian] Early skip: URL https://www.theguardian.com/australia-news/2026/feb/11/drawings-of-kangaroo-island-fossils-provide-inspiration-for-stamp-series already exists.
2026-02-10 23:12:00,063 - INFO - [The Guardian] Early skip: URL https://www.theguardian.com/australia-news/2026/feb/10/police-use-of-violence-disturbing-and-disappointing-at-sydney-rally-against-israeli-president-experts-say already exists.
2026-02-10 23:12:00,064 - INFO - [The Guardian] Early skip: URL https://www.theguardian.com/world/2026/feb/10/ireland-basic-income-for-the-arts-scheme-becomes-permanent already exists.
2026-02-10 23:12:00,066 - INFO - [The Guardian] Early skip: URL https://www.theguardian.com/world/2026/feb/10/norway-defence-chief-russia-nuclear-assets already exists.
2026-02-10 23:12:00,067 - INFO - [The Guardian] Early skip: URL https://www.theguardian.com/world/2026/feb/10/estonia-ice-road-frozen-sea-saaremaa-hiiumaa already exists.
2026-02-10 23:12:00,068 - INFO - [The Guardian] Early skip: URL https://www.theguardian.com/world/2026/feb/10/bulgaria-mysterious-deaths-mountains-petrohan-pass already exists.
2026-02-10 23:12:00,069 - INFO - [The Guardian] Early skip: URL https://www.theguardian.com/world/2026/feb/10/eu-moves-closer-to-creating-offshore-centres-for-migrants-and-asylum-seekers already exists.
2026-02-10 23:12:00,070 - INFO - [The Guardian] Early skip: URL https://www.theguardian.com/world/2026/feb/10/iran-tells-us-not-to-let-netanyahu-thwart-nuclear-talks-before-trump-meeting already exists.
2026-02-10 23:12:00,072 - INFO - [The Guardian] Early skip: URL https://www.theguardian.com/world/2026/feb/10/israel-west-bank-plans-global-backlash already exists.
2026-02-10 23:12:00,073 - INFO - [The Guardian] Early skip: URL https://www.theguardian.com/world/2026/feb/10/indonesia-send-troops-gaza-trump-plan already exists.
2026-02-10 23:12:00,074 - INFO - [The Guardian] Early skip: URL https://www.theguardian.com/environment/2026/feb/10/ticking-time-bomb-iran-shadow-fleet-old-tankers-risking-catastrophic-oil-spill already exists.
2026-02-10 23:12:00,075 - INFO - [The Guardian] Early skip: URL https://www.theguardian.com/world/2026/feb/10/israel-court-blocks-life-saving-cancer-care-boy-5-gaza-address already exists.
2026-02-10 23:12:00,076 - INFO - [The Guardian] Early skip: URL https://www.theguardian.com/global-development/2026/feb/10/traditional-food-could-help-reverse-nepals-diabetes-epidemic-studies-suggest already exists.
2026-02-10 23:12:00,077 - INFO - [The Guardian] Early skip: URL https://www.theguardian.com/world/2026/feb/07/one-person-dead-from-nipah-virus-in-bangladesh-who-says already exists.
2026-02-10 23:12:00,079 - INFO - [The Guardian] Early skip: URL https://www.theguardian.com/world/2026/feb/06/bombing-explosion-shia-mosque-pakistan-islamabad already exists.
2026-02-10 23:12:00,080 - INFO - [The Guardian] Early skip: URL https://www.theguardian.com/world/2026/feb/01/pakistan-targets-balochistan-separatists-after-unprecedented-assaults already exists.
2026-02-10 23:12:00,081 - INFO - [The Guardian] Early skip: URL https://www.theguardian.com/world/2026/feb/01/inside-myanmar-armed-resistance-junta-coup-photo-essay already exists.
2026-02-10 23:12:00,082 - INFO - [The Guardian] Early skip: URL https://www.theguardian.com/uk-news/2026/feb/10/police-search-for-teenage-suspect-boys-stabbed-london-school already exists.
2026-02-10 23:12:00,083 - INFO - [The Guardian] Early skip: URL https://www.theguardian.com/politics/2026/feb/10/streeting-still-ready-to-challenge-starmer-despite-show-of-unity-allies-say already exists.
2026-02-10 23:12:00,085 - INFO - [The Guardian] Early skip: URL https://www.theguardian.com/uk-news/2026/feb/10/former-senior-aide-to-starmer-loses-whip-over-friendship-with-sex-offender already exists.
2026-02-10 23:12:00,135 - INFO - [The Guardian] Early skip: URL https://www.theguardian.com/politics/2026/feb/10/anas-sarwar-allies-keir-starmer-leadership-challenge already exists.
2026-02-10 23:12:00,137 - INFO - [The Guardian] Early skip: URL https://www.theguardian.com/media/2026/feb/10/children-promotion-weight-loss-drugs-steroids-skin-whitening-creams-social-media already exists.
2026-02-10 23:12:00,140 - INFO - [The Guardian] Article: https://www.theguardian.com/us-news/2026/feb/10/trump-repeal-regulation-greenhouse-gases
2026-02-10 23:12:00,140 - INFO - [The Guardian] Attempt 1/1: Trying with 'requests_browser' strategy...
2026-02-10 23:12:00,147 - INFO - Found 32 articles in BBC RSS feed. Processing until 20 new articles are saved.
2026-02-10 23:12:00,147 - INFO - [BBC] Early skip: URL https://www.bbc.com/news/articles/cx2407jrn83o?at_medium=RSS&at_campaign=rss already exists.
2026-02-10 23:12:00,148 - INFO - [BBC] Early skip: URL https://www.bbc.com/news/articles/cy4wdgxr081o?at_medium=RSS&at_campaign=rss already exists.
2026-02-10 23:12:00,149 - INFO - [BBC] Early skip: URL https://www.bbc.com/sport/articles/ckglnm521kko?at_medium=RSS&at_campaign=rss already exists.
2026-02-10 23:12:00,151 - INFO - [BBC] Early skip: URL https://www.bbc.com/news/articles/c2d1pz3pxewo?at_medium=RSS&at_campaign=rss already exists.
2026-02-10 23:12:00,152 - INFO - [BBC] Early skip: URL https://www.bbc.com/news/articles/ce8n1zdnpd3o?at_medium=RSS&at_campaign=rss already exists.
2026-02-10 23:12:00,153 - INFO - [BBC] Early skip: URL https://www.bbc.com/news/articles/c15x3xl52qdo?at_medium=RSS&at_campaign=rss already exists.
2026-02-10 23:12:00,154 - INFO - [BBC] Early skip: URL https://www.bbc.com/news/articles/czx4dnky0dzo?at_medium=RSS&at_campaign=rss already exists.
2026-02-10 23:12:00,155 - INFO - [BBC] Early skip: URL https://www.bbc.com/news/articles/cpw052pkvl0o?at_medium=RSS&at_campaign=rss already exists.
2026-02-10 23:12:00,157 - INFO - [BBC] Early skip: URL https://www.bbc.com/news/articles/cewz1keql5no?at_medium=RSS&at_campaign=rss already exists.
2026-02-10 23:12:00,158 - INFO - [BBC] Early skip: URL https://www.bbc.com/news/articles/c98gyegzypxo?at_medium=RSS&at_campaign=rss already exists.
2026-02-10 23:12:00,159 - INFO - [BBC] Early skip: URL https://www.bbc.com/news/articles/cwyx9vq0ne0o?at_medium=RSS&at_campaign=rss already exists.
2026-02-10 23:12:00,160 - INFO - [BBC] Early skip: URL https://www.bbc.com/news/articles/cpd8q659091o?at_medium=RSS&at_campaign=rss already exists.
2026-02-10 23:12:00,161 - INFO - [BBC] Early skip: URL https://www.bbc.com/news/articles/c0k1jzvrykro?at_medium=RSS&at_campaign=rss already exists.
2026-02-10 23:12:00,163 - INFO - [BBC] Early skip: URL https://www.bbc.com/news/articles/c3wlpqpe2z4o?at_medium=RSS&at_campaign=rss already exists.
2026-02-10 23:12:00,164 - INFO - [BBC] Early skip: URL https://www.bbc.com/news/articles/c4g75wer084o?at_medium=RSS&at_campaign=rss already exists.
2026-02-10 23:12:00,165 - INFO - [BBC] Early skip: URL https://www.bbc.com/news/articles/ckg19nql0w8o?at_medium=RSS&at_campaign=rss already exists.
2026-02-10 23:12:00,166 - INFO - [BBC] Early skip: URL https://www.bbc.com/news/articles/cn0zed0dekgo?at_medium=RSS&at_campaign=rss already exists.
2026-02-10 23:12:00,168 - INFO - [BBC] Early skip: URL https://www.bbc.com/news/articles/cz0g4dkm77zo?at_medium=RSS&at_campaign=rss already exists.
2026-02-10 23:12:00,169 - INFO - [BBC] Early skip: URL https://www.bbc.com/news/articles/ckgzv529v5no?at_medium=RSS&at_campaign=rss already exists.
2026-02-10 23:12:00,170 - INFO - [BBC] Early skip: URL https://www.bbc.com/news/articles/c70nwz7z7r1o?at_medium=RSS&at_campaign=rss already exists.
2026-02-10 23:12:00,171 - INFO - [BBC] Early skip: URL https://www.bbc.com/news/articles/cn71y2l51zno?at_medium=RSS&at_campaign=rss already exists.
2026-02-10 23:12:00,172 - INFO - [BBC] Early skip: URL https://www.bbc.com/news/articles/c5y6534y3y5o?at_medium=RSS&at_campaign=rss already exists.
2026-02-10 23:12:00,174 - INFO - [BBC] Early skip: URL https://www.bbc.com/news/articles/cn0elx8g00do?at_medium=RSS&at_campaign=rss already exists.
2026-02-10 23:12:00,175 - INFO - [BBC] Early skip: URL https://www.bbc.com/sport/ice-hockey/articles/cx2p1empyn3o?at_medium=RSS&at_campaign=rss already exists.
2026-02-10 23:12:00,176 - INFO - [BBC] Early skip: URL https://www.bbc.com/news/articles/clyg4lgm1d2o?at_medium=RSS&at_campaign=rss already exists.
2026-02-10 23:12:00,177 - INFO - [BBC] Early skip: URL https://www.bbc.com/sport/american-football/articles/ce8w172dnkwo?at_medium=RSS&at_campaign=rss already exists.
2026-02-10 23:12:00,178 - INFO - [BBC] Early skip: URL https://www.bbc.com/news/articles/cg5n8lg2jrdo?at_medium=RSS&at_campaign=rss already exists.
2026-02-10 23:12:00,180 - INFO - [BBC] Article: https://www.bbc.com/news/videos/cdxzl7n9w0vo?at_medium=RSS&at_campaign=rss
2026-02-10 23:12:00,180 - INFO - [BBC] Attempt 1/1: Trying with 'requests_browser' strategy...
2026-02-10 23:12:00,310 - INFO - [The Guardian] Success with 'requests_browser'. Found content (712 words).
2026-02-10 23:12:00,354 - INFO - Saved article: Trump to repeal key ruling allowing regulation of planet-heating gases | US news | The Guardian from The Guardian (712 words)
2026-02-10 23:12:00,511 - WARNING - [BBC] FAILED with 'requests_browser' (content was too short: 49 words).
2026-02-10 23:12:00,511 - ERROR - [BBC] All scrape strategies failed for https://www.bbc.com/news/videos/cdxzl7n9w0vo?at_medium=RSS&at_campaign=rss. Falling back to RSS description.
2026-02-10 23:12:00,511 - WARNING - SKIPPED (GLOBAL WORD LIMIT): Article 'BBC reports from outside court after Jimmy Lai sentencing' from BBC has only 17 words (Min: 90).
2026-02-10 23:12:01,290 - INFO - [BBC] Article: https://www.bbc.com/news/videos/c30934lqv68o?at_medium=RSS&at_campaign=rss
2026-02-10 23:12:01,290 - INFO - [BBC] Attempt 1/1: Trying with 'requests_browser' strategy...
2026-02-10 23:12:01,341 - WARNING - [BBC] FAILED with 'requests_browser' (content was too short: 82 words).
2026-02-10 23:12:01,341 - ERROR - [BBC] All scrape strategies failed for https://www.bbc.com/news/videos/c30934lqv68o?at_medium=RSS&at_campaign=rss. Falling back to RSS description.
2026-02-10 23:12:01,341 - WARNING - SKIPPED (GLOBAL WORD LIMIT): Article ''Super exciting!' - Seahawks fans celebrate Super Bowl win' from BBC has only 14 words (Min: 90).
2026-02-10 23:12:01,351 - INFO - Found 0 articles in TechCrunch RSS feed. Processing until 20 new articles are saved.
2026-02-10 23:12:01,575 - INFO - [The Guardian] Early skip: URL https://www.theguardian.com/us-news/live/2026/feb/10/donald-trump-ice-democrats-shutdown-jeffrey-epstein-canada-live-news-updates already exists.
2026-02-10 23:12:01,577 - INFO - [The Guardian] Early skip: URL https://www.theguardian.com/us-news/2026/feb/10/jeffrey-epstein-tesla-kimbal-musk already exists.
2026-02-10 23:12:01,578 - INFO - [The Guardian] Early skip: URL https://www.theguardian.com/us-news/2026/feb/10/fbi-raid-fulton-county-voting-office-search-affidavit already exists.
2026-02-10 23:12:01,579 - INFO - [The Guardian] Early skip: URL https://www.theguardian.com/us-news/2026/feb/10/lgbtq-pride-flag-stonewall-trump-removal already exists.
2026-02-10 23:12:01,896 - INFO - [BBC] Article: https://www.bbc.com/news/videos/c93wpxy1qk6o?at_medium=RSS&at_campaign=rss
2026-02-10 23:12:01,896 - INFO - [BBC] Attempt 1/1: Trying with 'requests_browser' strategy...
2026-02-10 23:12:01,942 - WARNING - [BBC] FAILED with 'requests_browser' (content was too short: 89 words).
2026-02-10 23:12:01,942 - ERROR - [BBC] All scrape strategies failed for https://www.bbc.com/news/videos/c93wpxy1qk6o?at_medium=RSS&at_campaign=rss. Falling back to RSS description.
2026-02-10 23:12:01,942 - WARNING - SKIPPED (GLOBAL WORD LIMIT): Article 'Aerial footage shows flooded cities as storms hit Spain' from BBC has only 15 words (Min: 90).
2026-02-10 23:12:03,439 - INFO - [BBC] Early skip: URL https://www.bbc.com/news/videos/c86v6p1djvqo?at_medium=RSS&at_campaign=rss already exists.
2026-02-10 23:12:03,440 - INFO - [BBC] Article: https://www.bbc.com/news/videos/cj4l415y4dno?at_medium=RSS&at_campaign=rss
2026-02-10 23:12:03,440 - INFO - [BBC] Attempt 1/1: Trying with 'requests_browser' strategy...
2026-02-10 23:12:03,492 - WARNING - [BBC] FAILED with 'requests_browser' (content was too short: 81 words).
2026-02-10 23:12:03,492 - ERROR - [BBC] All scrape strategies failed for https://www.bbc.com/news/videos/cj4l415y4dno?at_medium=RSS&at_campaign=rss. Falling back to RSS description.
2026-02-10 23:12:03,492 - WARNING - SKIPPED (GLOBAL WORD LIMIT): Article 'At the scene of deadly Pakistan mosque explosion ' from BBC has only 21 words (Min: 90).
2026-02-10 23:12:07,769 - INFO - Selenium driver initialized successfully.
2026-02-10 23:12:07,769 - INFO - Starting scrape for The Hindu RSS feed: https://www.thehindu.com/news/national/feeder/default.rss
2026-02-10 23:12:07,770 - INFO - Selenium driver initialized successfully.
2026-02-10 23:12:07,770 - INFO - Starting scrape for Times of India RSS feed: https://timesofindia.indiatimes.com/rssfeeds/296589292.cms
2026-02-10 23:12:07,839 - INFO - Found 20 articles in Times of India RSS feed. Processing until 20 new articles are saved.
2026-02-10 23:12:07,839 - INFO - [Times of India] Early skip: URL https://timesofindia.indiatimes.com/world/us/us-governors-cancel-white-house-meeting-after-donald-trump-didnt-invite-democrats-report/articleshow/128175196.cms already exists.
2026-02-10 23:12:07,840 - INFO - [Times of India] Early skip: URL https://timesofindia.indiatimes.com/world/us/this-is-wrong-team-usa-curler-speaks-out-on-minnesota-ice-raids-during-olympics/articleshow/128175250.cms already exists.
2026-02-10 23:12:07,841 - INFO - [Times of India] Early skip: URL https://timesofindia.indiatimes.com/world/uk/british-woman-shot-dead-by-father-after-argument-about-donald-trump-says-ex-boyfriend-i-remember-running-/articleshow/128174624.cms already exists.
2026-02-10 23:12:07,843 - INFO - [Times of India] Early skip: URL https://timesofindia.indiatimes.com/world/us/absolutely-not-indian-origin-texas-gop-chairman-announces-re-election-bid-faces-resistance/articleshow/128175122.cms already exists.
2026-02-10 23:12:07,844 - INFO - [Times of India] Early skip: URL https://timesofindia.indiatimes.com/world/us-streamers/mizkif-reflects-on-maya-higa-breakup-while-discussing-jasontheween-and-sakura-split/articleshow/128175138.cms already exists.
2026-02-10 23:12:07,845 - INFO - [Times of India] Early skip: URL https://timesofindia.indiatimes.com/world/us/us-lawmaker-introduces-bill-to-eliminate-h-1b-visa-programme-by-2027-what-is-the-exile-act/articleshow/128174208.cms already exists.
2026-02-10 23:12:07,846 - INFO - [Times of India] Early skip: URL https://timesofindia.indiatimes.com/world/us-streamers/youtube-music-faces-backlash-after-making-song-lyrics-a-premium-only-feature/articleshow/128174134.cms already exists.
2026-02-10 23:12:07,847 - INFO - [Times of India] Early skip: URL https://timesofindia.indiatimes.com/world/us/first-images-of-nancy-guthrie-kidnapping-suspect-out-fbi-shares-chilling-photos-of-ski-masked-man-tampering-with-camera/articleshow/128172666.cms already exists.
2026-02-10 23:12:07,849 - INFO - [Times of India] Early skip: URL https://timesofindia.indiatimes.com/world/uk/uk-india-fta-gets-compared-to-bag-of-soggy-poppadums-in-house-of-commons-debate/articleshow/128172697.cms already exists.
2026-02-10 23:12:07,850 - INFO - [Times of India] Early skip: URL https://timesofindia.indiatimes.com/world/us/us-commerce-secretary-rejects-epstein-links-amid-bipartisan-calls-to-step-down-met-3-times-in-14-years/articleshow/128171441.cms already exists.
2026-02-10 23:12:07,851 - INFO - [Times of India] Early skip: URL https://timesofindia.indiatimes.com/world/us/what-is-us-visa-denial-under-214b-how-to-prove-strong-ties-to-ones-country-to-consular-officers/articleshow/128171731.cms already exists.
2026-02-10 23:12:07,852 - INFO - [Times of India] Early skip: URL https://timesofindia.indiatimes.com/world/us/positive-conversation-carney-calls-donald-trump-after-president-threatened-to-block-gordie-howe-international-bridge-opening/articleshow/128169988.cms already exists.
2026-02-10 23:12:07,853 - INFO - [Times of India] Early skip: URL https://timesofindia.indiatimes.com/world/us/indian-american-ceos-mother-earned-10000-babysitting-in-us-home-kids-loved-her-rotis/articleshow/128167450.cms already exists.
2026-02-10 23:12:07,855 - INFO - [Times of India] Early skip: URL https://timesofindia.indiatimes.com/world/rest-of-world/go-back-to-india-die-nazi-melbourne-dad-finds-racist-notes-while-cleaning-car-says-theres-no-reason-for-such-attacks/articleshow/128167874.cms already exists.
2026-02-10 23:12:07,856 - INFO - [Times of India] Early skip: URL https://timesofindia.indiatimes.com/world/rest-of-world/plane-with-55-on-board-crashes-after-takeoff-in-somalia-all-survive-watch/articleshow/128167256.cms already exists.
2026-02-10 23:12:07,857 - INFO - [Times of India] Early skip: URL https://timesofindia.indiatimes.com/world/us/we-are-allowed-to-voice-our-opinion-chloe-kim-defends-fellow-olympian-hunter-hess-after-trump-calls-her-real-loser/articleshow/128164886.cms already exists.
2026-02-10 23:12:07,858 - INFO - [Times of India] Early skip: URL https://timesofindia.indiatimes.com/world/rest-of-world/bramptons-indian-origin-visa-king-shuts-down-social-media-after-flaunting-300000-watch-in-viral-video/articleshow/128163905.cms already exists.
2026-02-10 23:12:07,860 - INFO - [Times of India] Early skip: URL https://timesofindia.indiatimes.com/world/us/elon-musks-brother-blames-newsletter-for-174-mentions-in-epstein-files-met-the-demon-once/articleshow/128164640.cms already exists.
2026-02-10 23:12:07,861 - INFO - [Times of India] Early skip: URL https://timesofindia.indiatimes.com/world/us/india-origin-us-lawmaker-ro-khanna-accuses-justice-department-of-inappropriately-redacting-six-names-in-epstein-files-seeks-transparency-todd-blanche/articleshow/128163255.cms already exists.
2026-02-10 23:12:07,862 - INFO - [Times of India] Early skip: URL https://timesofindia.indiatimes.com/world/us/you-called-americans-the-dumbest-people-row-over-indian-matchmaking-app-ceo-being-denied-us-visa/articleshow/128162451.cms already exists.
2026-02-10 23:12:07,863 - INFO - [Times of India] (Thread) Finished. Attempting to shut down its Selenium driver.
2026-02-10 23:12:07,895 - INFO - Found 100 articles in The Hindu RSS feed. Processing until 20 new articles are saved.
2026-02-10 23:12:07,896 - INFO - [The Hindu] Article: https://www.thehindu.com/news/national/rajasthan/chambal-aqueduct-set-to-facilitate-water-supply-from-river-link-project-in-rajasthan/article70615836.ece
2026-02-10 23:12:07,896 - INFO - [The Hindu] Attempt 1/1: Trying with 'selenium_browser' strategy...
2026-02-10 23:12:07,935 - INFO - [Times of India] (Thread) driver.quit() successful.
2026-02-10 23:12:11,004 - INFO - [The Hindu] Page content loaded.
2026-02-10 23:12:11,115 - INFO - [The Hindu] Success with 'selenium_browser'. Found content (399 words).
2026-02-10 23:12:11,455 - INFO - Saved article: Chambal aqueduct set to facilitate water supply from river link project in Rajasthan - The Hindu from The Hindu (399 words)
2026-02-10 23:12:12,705 - INFO - [The Hindu] Article: https://www.thehindu.com/news/national/andhra-pradesh/cm-naidu-seeks-central-support-for-irrigation-and-infrastructure-projects-in-ap/article70616224.ece
2026-02-10 23:12:12,705 - INFO - [The Hindu] Attempt 1/1: Trying with 'selenium_browser' strategy...
2026-02-10 23:12:13,950 - INFO - [The Hindu] Page content loaded.
2026-02-10 23:12:13,994 - INFO - [The Hindu] Success with 'selenium_browser'. Found content (382 words).
2026-02-10 23:12:14,095 - INFO - Saved article: CM Naidu seeks Central support for irrigation and infrastructure projects in A.P. - The Hindu from The Hindu (382 words)
2026-02-10 23:12:15,478 - INFO - [The Hindu] Article: https://www.thehindu.com/news/national/madhya-pradesh/several-injured-at-temple-procession-in-madhya-pradesh-gwalior/article70616437.ece
2026-02-10 23:12:15,479 - INFO - [The Hindu] Attempt 1/1: Trying with 'selenium_browser' strategy...
2026-02-10 23:12:17,696 - INFO - [The Hindu] Page content loaded.
2026-02-10 23:12:17,739 - INFO - [The Hindu] Success with 'selenium_browser'. Found content (450 words).
2026-02-10 23:12:17,791 - INFO - Saved article: Elderly woman dies, seven injured at temple procession in M.P.’s Gwalior - The Hindu from The Hindu (450 words)
2026-02-10 23:12:18,562 - INFO - [The Hindu] Early skip: URL https://www.thehindu.com/news/national/jammu-and-kashmir/only-achievable-special-status-for-jk-is-statehood-congress-leader-karra/article70616322.ece already exists.
2026-02-10 23:12:18,563 - INFO - [The Hindu] Early skip: URL https://www.thehindu.com/news/national/odisha/three-women-killed-by-tusker-in-odisha/article70616556.ece already exists.
2026-02-10 23:12:18,565 - INFO - [The Hindu] Early skip: URL https://www.thehindu.com/news/cities/mumbai/dont-force-fit-hindutva-raj-thackeray-takes-on-rss-chief-over-language-row-comments/article70617156.ece already exists.
2026-02-10 23:12:18,569 - INFO - [The Hindu] Early skip: URL https://www.thehindu.com/news/national/odisha/villagers-in-odisha-boycott-anganwadi-over-appointment-of-dalit-employee/article70615651.ece already exists.
2026-02-10 23:12:18,570 - INFO - [The Hindu] Early skip: URL https://www.thehindu.com/news/national/bihar/in-assembly-nabin-says-bihar-is-treated-with-respect-now/article70615479.ece already exists.
2026-02-10 23:12:18,576 - INFO - [The Hindu] Early skip: URL https://www.thehindu.com/news/national/west-bengal/wajid-ali-shah-was-not-exiled-to-calcutta-he-came-on-his-own-says-book-by-descendant/article70615751.ece already exists.
2026-02-10 23:12:18,577 - INFO - [The Hindu] Early skip: URL https://www.thehindu.com/news/national/jammu-and-kashmir/trade-deal-will-hit-jkshorticulture-sector-the-most-cm/article70616160.ece already exists.
2026-02-10 23:12:18,578 - INFO - [The Hindu] Early skip: URL https://www.thehindu.com/news/national/uttar-pradesh/sambhalviolence-casehcstays-order-to-register-fir-against-police-personnel/article70617150.ece already exists.
2026-02-10 23:12:18,580 - INFO - [The Hindu] Early skip: URL https://www.thehindu.com/news/national/karnataka/cid-begins-hunt-for-byrathi-basavaraj/article70616078.ece already exists.
2026-02-10 23:12:18,581 - INFO - [The Hindu] Early skip: URL https://www.thehindu.com/news/national/french-president-macron-to-visit-india-next-week/article70617084.ece already exists.
2026-02-10 23:12:18,582 - INFO - [The Hindu] Early skip: URL https://www.thehindu.com/news/national/kerala/kochi-corporation-looking-for-new-agency-to-hand-over-operation-of-ro-ro-services/article70614978.ece already exists.
2026-02-10 23:12:18,585 - INFO - [The Hindu] Early skip: URL https://www.thehindu.com/news/cities/Hyderabad/women-journalists-continue-to-be-trolled-threatened-and-subjected-to-abuse/article70616368.ece already exists.
2026-02-10 23:12:18,586 - INFO - [The Hindu] Early skip: URL https://www.thehindu.com/opinion/op-ed/a-tug-of-war-over-claiming-credit/article70616506.ece already exists.
2026-02-10 23:12:18,588 - INFO - [The Hindu] Early skip: URL https://www.thehindu.com/news/national/andhra-pradesh/nandyal-sp-denies-lathicharge-at-srisailam-temple/article70616837.ece already exists.
2026-02-10 23:12:18,590 - INFO - [The Hindu] Early skip: URL https://www.thehindu.com/news/national/telangana/tiger-body-parts-recovered-from-duo-poaching-case-linked-to-kerala/article70616513.ece already exists.
2026-02-10 23:12:18,592 - INFO - [The Hindu] Early skip: URL https://www.thehindu.com/news/cities/Hyderabad/burglars-break-into-cr-rao-institute-steal-50-laptops/article70616638.ece already exists.
2026-02-10 23:12:18,595 - INFO - [The Hindu] Early skip: URL https://www.thehindu.com/news/national/other-states/badal-joins-punjab-governors-drive-against-drugs-cong-terms-it-an-attempt-to-run-samjhauta-express/article70615470.ece already exists.
2026-02-10 23:12:18,596 - INFO - [The Hindu] Early skip: URL https://www.thehindu.com/news/national/andhra-pradesh/lokesh-lauds-teachers-efforts-to-make-teaching-a-joyful-experience/article70616574.ece already exists.
2026-02-10 23:12:18,599 - INFO - [The Hindu] Early skip: URL https://www.thehindu.com/news/cities/chennai/tnscs-staff-stage-protest-seeking-pension/article70616061.ece already exists.
2026-02-10 23:12:18,600 - INFO - [The Hindu] Early skip: URL https://www.thehindu.com/news/cities/chennai/cm-honours-elderly-couples-on-behalf-of-hrce-dept/article70616614.ece already exists.
2026-02-10 23:12:18,603 - INFO - [The Hindu] Early skip: URL https://www.thehindu.com/news/national/karnataka/vidhana-soudha-group-d-employee-arrested-for-stealing-visitors-bag-with-gold-cash-from-ministers-office/article70615951.ece already exists.
2026-02-10 23:12:18,606 - INFO - [The Hindu] Early skip: URL https://www.thehindu.com/news/national/tamil-nadu/dmk-should-win-seats-only-in-single-digit-in-tn-assembly-poll-says-anbumani/article70615526.ece already exists.
2026-02-10 23:12:18,609 - INFO - [The Hindu] Early skip: URL https://www.thehindu.com/news/national/tamil-nadu/tn-likely-to-become-150-billion-electronics-hub-by-2030-says-state-industries-minister-trb-rajaa/article70616211.ece already exists.
2026-02-10 23:12:18,610 - INFO - [The Hindu] Early skip: URL https://www.thehindu.com/news/national/andhra-pradesh/somaskanda-murthy-rides-bhootha-simha-vahanams-at-kapila-theertham-fest/article70616191.ece already exists.
2026-02-10 23:12:18,611 - INFO - [The Hindu] Article: https://www.thehindu.com/news/national/andhra-pradesh/vundavalli-kannababu-visit-ambati-in-prison/article70616573.ece
2026-02-10 23:12:18,612 - INFO - [The Hindu] Attempt 1/1: Trying with 'selenium_browser' strategy...
2026-02-10 23:12:20,062 - INFO - [The Hindu] Page content loaded.
2026-02-10 23:12:20,100 - WARNING - [The Hindu] FAILED with 'selenium_browser' (content was too short: 74 words).
2026-02-10 23:12:20,100 - ERROR - [The Hindu] All scrape strategies failed for https://www.thehindu.com/news/national/andhra-pradesh/vundavalli-kannababu-visit-ambati-in-prison/article70616573.ece. Falling back to RSS description.
2026-02-10 23:12:20,101 - WARNING - SKIPPED (GLOBAL WORD LIMIT): Article 'Vundavalli, Kannababu visit Ambati in prison' from The Hindu has only 3 words (Min: 90).
2026-02-10 23:12:20,823 - INFO - [The Hindu] Early skip: URL https://www.thehindu.com/news/national/kerala/kerala-launches-rakshakavacham-accident-insurance-scheme-for-private-sector-workers/article70616950.ece already exists.
2026-02-10 23:12:20,825 - INFO - [The Hindu] Early skip: URL https://www.thehindu.com/news/national/kerala/kerala-bjp-says-councillors-delhi-tour-party-funded/article70615402.ece already exists.
2026-02-10 23:12:20,827 - INFO - [The Hindu] Early skip: URL https://www.thehindu.com/news/national/karnataka/devadasi-survey-6222-fresh-applications-still-pending-before-talukdistrict-panels-in-karnataka/article70616745.ece already exists.
2026-02-10 23:12:20,829 - INFO - [The Hindu] Early skip: URL https://www.thehindu.com/news/national/karnataka/veteran-journalist-p-ramaiah-passes-away-at-92/article70616928.ece already exists.
2026-02-10 23:12:20,830 - INFO - [The Hindu] Early skip: URL https://www.thehindu.com/news/national/andhra-pradesh/apsche-marks-quantum-milestone-with-large-scale-training-initiative/article70616201.ece already exists.
2026-02-10 23:12:20,832 - INFO - [The Hindu] Early skip: URL https://www.thehindu.com/news/national/trade-deal-with-us-best-possible-amid-shifting-global-order-foreign-secretary-tells-house-panel/article70616751.ece already exists.
2026-02-10 23:12:20,834 - INFO - [The Hindu] Early skip: URL https://www.thehindu.com/news/national/amit-shah-calls-for-urgent-action-to-stem-the-rot-of-cyber-fraud/article70616681.ece already exists.
2026-02-10 23:12:20,836 - INFO - [The Hindu] Early skip: URL https://www.thehindu.com/news/national/karnataka/chikkamagaluru-farmer-cuts-sandalwood-branches-near-vidhana-soudha-to-protest-nhai-action-on-his-farm/article70615701.ece already exists.
2026-02-10 23:12:20,837 - INFO - [The Hindu] Early skip: URL https://www.thehindu.com/news/cities/bangalore/east-city-corporation-to-expedite-varthur-lake-takeover-from-bda/article70616024.ece already exists.
2026-02-10 23:12:20,840 - INFO - [The Hindu] Early skip: URL https://www.thehindu.com/news/cities/bangalore/central-corporation-to-take-up-heritage-buildings-beautification-works/article70616089.ece already exists.
2026-02-10 23:12:20,842 - INFO - [The Hindu] Early skip: URL https://www.thehindu.com/news/national/andhra-pradesh/family-forced-to-carry-body-of-relative-home-on-two-wheeler-in-andhra-pradesh-as-government-hospital-has-no-ambulance/article70616117.ece already exists.
2026-02-10 23:12:20,846 - INFO - [The Hindu] Early skip: URL https://www.thehindu.com/news/national/andhra-pradesh/pregnant-woman-protests-at-police-station-over-missing-husband/article70615371.ece already exists.
2026-02-10 23:12:20,847 - INFO - [The Hindu] Early skip: URL https://www.thehindu.com/news/national/supreme-court-eci-consider-suggestions-against-excessive-poll-expenditure/article70616782.ece already exists.
2026-02-10 23:12:20,851 - INFO - [The Hindu] Early skip: URL https://www.thehindu.com/news/national/andhra-pradesh/stale-food-seized-during-raids-in-guntur/article70615874.ece already exists.
2026-02-10 23:12:20,852 - INFO - [The Hindu] Early skip: URL https://www.thehindu.com/news/national/andhra-pradesh/vmc-council-approves-revised-budget-of-164-lakh-crore-for-2026-27/article70616740.ece already exists.
2026-02-10 23:12:20,853 - INFO - [The Hindu] Early skip: URL https://www.thehindu.com/news/national/uttarakhand/mohammed-deepak-gets-wave-of-support-across-india-after-news-of-his-gym-membership-decline-goes-viral/article70615826.ece already exists.
2026-02-10 23:12:20,855 - INFO - [The Hindu] Early skip: URL https://www.thehindu.com/news/national/maharashtra/we-suspect-that-ajit-pawars-death-was-sabotage-not-an-accident-says-family/article70616941.ece already exists.
2026-02-10 23:12:20,857 - INFO - [The Hindu] Early skip: URL https://www.thehindu.com/news/national/congress-likely-to-focus-on-trade-deal-as-budget-discussion-gets-underway-in-lok-sabha/article70616768.ece already exists.
2026-02-10 23:12:20,859 - INFO - [The Hindu] Early skip: URL https://www.thehindu.com/news/national/retired-ib-officer-to-lead-peace-talks-with-naga-kuki-zo-groups-as-mhas-northeast-adviser/article70616398.ece already exists.
2026-02-10 23:12:20,864 - INFO - [The Hindu] Early skip: URL https://www.thehindu.com/news/national/west-bengal/eci-extends-deadline-for-bengal-sir-hearings-to-feb-14-final-rolls-to-be-published-on-feb-28/article70616096.ece already exists.
2026-02-10 23:12:20,867 - INFO - [The Hindu] Article: https://www.thehindu.com/news/national/andhra-pradesh/one-candidate-selected-for-ayush-department-lecturer-post/article70616413.ece
2026-02-10 23:12:20,867 - INFO - [The Hindu] Attempt 1/1: Trying with 'selenium_browser' strategy...
2026-02-10 23:12:22,344 - INFO - [The Hindu] Page content loaded.
2026-02-10 23:12:22,386 - WARNING - [The Hindu] FAILED with 'selenium_browser' (content was too short: 62 words).
2026-02-10 23:12:22,386 - ERROR - [The Hindu] All scrape strategies failed for https://www.thehindu.com/news/national/andhra-pradesh/one-candidate-selected-for-ayush-department-lecturer-post/article70616413.ece. Falling back to RSS description.
2026-02-10 23:12:22,386 - WARNING - SKIPPED (GLOBAL WORD LIMIT): Article 'One candidate selected for AYUSH Department Lecturer post' from The Hindu has only 3 words (Min: 90).
2026-02-10 23:12:23,223 - INFO - [The Hindu] Early skip: URL https://www.thehindu.com/news/national/mha-sidesteps-rahul-gandhis-query-on-agniveers-career-progression/article70616589.ece already exists.
2026-02-10 23:12:23,227 - INFO - [The Hindu] Early skip: URL https://www.thehindu.com/news/national/karnataka/chandans-body-to-reach-bengaluru-on-saturday-parameshwara/article70616729.ece already exists.
2026-02-10 23:12:23,230 - INFO - [The Hindu] Early skip: URL https://www.thehindu.com/news/national/former-army-general-naravane-confirms-penguins-claim-that-memoir-is-as-yet-unpublished-as-delhi-police-files-fir/article70616235.ece already exists.
2026-02-10 23:12:23,231 - INFO - [The Hindu] Early skip: URL https://www.thehindu.com/videos/watch-rohit-pawar-questions-ajit-pawar-aircraft-crash-seeks-international-probe/article70616866.ece already exists.
2026-02-10 23:12:23,233 - INFO - [The Hindu] Early skip: URL https://www.thehindu.com/news/national/karnataka/kda-urges-govt-to-continue-nali-kali-programme/article70616026.ece already exists.
2026-02-10 23:12:23,238 - INFO - [The Hindu] Early skip: URL https://www.thehindu.com/news/national/why-cant-human-rights-commission-become-ad-hoc-information-commission-in-states-with-few-rti-appeals-asks-supreme-court/article70616692.ece already exists.
2026-02-10 23:12:23,241 - INFO - [The Hindu] Early skip: URL https://www.thehindu.com/news/national/telangana/tgtetjanuary-2026-results-announced-5137-qualify/article70616788.ece already exists.
2026-02-10 23:12:23,246 - INFO - [The Hindu] Early skip: URL https://www.thehindu.com/news/national/kerala/southern-railway-to-discontinue-uts-app-on-march-1-passengers-urged-to-switch-to-railone/article70615290.ece already exists.
2026-02-10 23:12:23,249 - INFO - [The Hindu] Early skip: URL https://www.thehindu.com/news/national/opposition-questions-centre-on-price-rise-growing-inequality-in-rajya-sabha/article70616214.ece already exists.
2026-02-10 23:12:23,253 - INFO - [The Hindu] Early skip: URL https://www.thehindu.com/news/national/andhra-pradesh/ed-steps-into-tirumala-laddu-ghee-adulteration-case/article70616718.ece already exists.
2026-02-10 23:12:23,255 - INFO - [The Hindu] Early skip: URL https://www.thehindu.com/news/national/kerala/vacb-opens-preliminary-inquiry-into-installation-of-new-flag-mast-at-the-sabarimala-ayyappa-temple-in-2017/article70616647.ece already exists.
2026-02-10 23:12:23,256 - INFO - [The Hindu] Early skip: URL https://www.thehindu.com/news/national/telangana/key-chord-line-to-ease-secunderabad-congestion-nears-completion/article70616758.ece already exists.
2026-02-10 23:12:23,258 - INFO - [The Hindu] Early skip: URL https://www.thehindu.com/news/national/telangana/police-conduct-route-march-in-poll-bound-bhainsa/article70616494.ece already exists.
2026-02-10 23:12:23,268 - INFO - [The Hindu] Early skip: URL https://www.thehindu.com/news/national/telangana/brs-continuing-tapping-phones-ponguleti/article70616586.ece already exists.
2026-02-10 23:12:23,269 - INFO - [The Hindu] Early skip: URL https://www.thehindu.com/news/national/one-sided-deal-will-flood-indian-markets-with-us-products-say-mps/article70615981.ece already exists.
2026-02-10 23:12:23,273 - INFO - [The Hindu] Early skip: URL https://www.thehindu.com/news/national/karnataka/survey-identifies-23395-former-devadasis-in-15-districts-of-karnataka/article70616129.ece already exists.
2026-02-10 23:12:23,277 - INFO - [The Hindu] Early skip: URL https://www.thehindu.com/news/national/bharatiya-kisan-union-opposes-deal-with-us-to-burn-effigies-of-modi-trump/article70616374.ece already exists.
2026-02-10 23:12:23,279 - INFO - [The Hindu] Early skip: URL https://www.thehindu.com/news/national/tamil-nadu/nlcil-signs-moa-with-nit-trichy-for-industry-academia-collaboration/article70614618.ece already exists.
2026-02-10 23:12:23,281 - INFO - [The Hindu] Early skip: URL https://www.thehindu.com/videos/congress-led-opposition-moves-no-confidence-motion-against-lok-sabha-speaker/article70616744.ece already exists.
2026-02-10 23:12:23,282 - INFO - [The Hindu] Early skip: URL https://www.thehindu.com/news/national/kerala/kaynes-technologys-first-unit-to-be-opened-in-perumbavoor/article70615975.ece already exists.
2026-02-10 23:12:23,284 - INFO - [The Hindu] Early skip: URL https://www.thehindu.com/news/national/tamil-nadu/stalin-inaugurates-new-projects-in-his-kolathur-assembly-constituency/article70615718.ece already exists.
2026-02-10 23:12:23,286 - INFO - [The Hindu] Early skip: URL https://www.thehindu.com/news/national/kerala/govt-spent-5000-crore-to-strengthen-public-education-sector-cm/article70616347.ece already exists.
2026-02-10 23:12:23,288 - INFO - [The Hindu] Early skip: URL https://www.thehindu.com/news/national/tamil-nadu/hosur-rose-farmers-ditch-export-market-for-domestic-market-this-valentines-day-2026/article70615469.ece already exists.
2026-02-10 23:12:23,292 - INFO - [The Hindu] Early skip: URL https://www.thehindu.com/news/national/telangana/brs-accuses-state-government-of-allowing-ap-draw-excess-krishna-water/article70616455.ece already exists.
2026-02-10 23:12:23,296 - INFO - [The Hindu] Early skip: URL https://www.thehindu.com/news/national/telangana/tiger-kills-10-calves-around-siddipet-village-eats-one/article70616408.ece already exists.
2026-02-10 23:12:23,298 - INFO - [The Hindu] Early skip: URL https://www.thehindu.com/news/national/speaker-to-stay-away-from-lok-sabha-proceedings-till-oppositions-petition-against-him-is-disposed-of/article70616168.ece already exists.
2026-02-10 23:12:23,300 - INFO - [The Hindu] Early skip: URL https://www.thehindu.com/news/national/kerala/students-from-karnataka-can-practice-as-nurses-in-kerala-says-hc/article70616546.ece already exists.
2026-02-10 23:12:23,303 - INFO - [The Hindu] Early skip: URL https://www.thehindu.com/news/national/kerala/soldier-due-for-disability-pension-if-chronic-disability-was-due-to-military-service-kerala-hc/article70616321.ece already exists.
2026-02-10 23:12:23,311 - INFO - [The Hindu] Early skip: URL https://www.thehindu.com/news/national/telangana/kishan-reddy-says-municipal-elections-will-be-bipolar-contest-between-bjp-and-congress/article70616266.ece already exists.
2026-02-10 23:12:23,312 - INFO - [The Hindu] Early skip: URL https://www.thehindu.com/news/national/telangana/340580-voters-to-elect-66-corporators-in-karimnagar-municipal-corporation/article70616278.ece already exists.
2026-02-10 23:12:23,313 - INFO - [The Hindu] Early skip: URL https://www.thehindu.com/news/national/andhra-pradesh/naidu-presses-centre-for-statutory-backing-to-amaravati-financial-support/article70616411.ece already exists.
2026-02-10 23:12:23,317 - INFO - [The Hindu] Early skip: URL https://www.thehindu.com/news/national/kerala/university-employees-to-participate-in-nationwide-strike/article70616261.ece already exists.
2026-02-10 23:12:23,319 - INFO - [The Hindu] Early skip: URL https://www.thehindu.com/news/national/telangana/asaduddin-owaisi-blasts-congress-brs-for-inaction-amid-communal-tension/article70616076.ece already exists.
2026-02-10 23:12:23,322 - INFO - [The Hindu] Early skip: URL https://www.thehindu.com/news/national/karnataka/tamannaah-bhatia-unveils-new-mysore-sandal-soap-products-in-bengaluru/article70616132.ece already exists.
2026-02-10 23:12:23,323 - INFO - [The Hindu] Early skip: URL https://www.thehindu.com/news/national/andhra-pradesh/arrangements-in-place-for-mahasivaratri-festivities-at-talakona-temple/article70616052.ece already exists.
2026-02-10 23:12:23,327 - INFO - [The Hindu] Early skip: URL https://www.thehindu.com/videos/watch-indiaus-trade-deal-a-surrender-of-reciprocity-says-tharoor/article70616551.ece already exists.
2026-02-10 23:12:23,328 - INFO - [The Hindu] Early skip: URL https://www.thehindu.com/news/national/kerala/scientists-showcase-advances-in-health-care-genetics-and-knowledge-systems-at-research-conference/article70616204.ece already exists.
2026-02-10 23:12:23,329 - INFO - [The Hindu] Early skip: URL https://www.thehindu.com/news/national/tamil-nadu/tn-officials-prepare-for-upcoming-census-2027-activities/article70615636.ece already exists.
2026-02-10 23:12:23,330 - INFO - [The Hindu] Early skip: URL https://www.thehindu.com/news/national/kerala/we-help-telecounselling-for-students-from-feb-16/article70616498.ece already exists.
2026-02-10 23:12:23,333 - INFO - [The Hindu] Early skip: URL https://www.thehindu.com/sci-tech/energy-and-environment/ntca-to-reintroduce-innocent-male-tiger-back-into-the-wild/article70616348.ece already exists.
2026-02-10 23:12:23,337 - INFO - [The Hindu] Early skip: URL https://www.thehindu.com/news/national/tamil-nadu/pallikaranai-ramsar-site-land-dispute-madras-high-court-dismisses-two-pils/article70616034.ece already exists.
2026-02-10 23:12:23,338 - INFO - [The Hindu] Early skip: URL https://www.thehindu.com/news/national/kerala/over-100-illegal-sewage-outlets-into-thevara-perandoor-mullassery-canals-closed/article70615760.ece already exists.
2026-02-10 23:12:23,339 - INFO - [The Hindu] Early skip: URL https://www.thehindu.com/news/national/andhra-pradesh/handle-deeksha-devotees-with-dignity-at-srisailam-cm-cautions-officials/article70615906.ece already exists.
2026-02-10 23:12:23,343 - INFO - [The Hindu] Early skip: URL https://www.thehindu.com/news/national/andhra-pradesh/devotees-throng-gunadala-mary-matha-shrine-to-offer-prayers/article70615610.ece already exists.
2026-02-10 23:12:23,344 - INFO - [The Hindu] Early skip: URL https://www.thehindu.com/news/national/karnataka/two-critically-injured-in-fire-accident-in-kr-puram/article70616099.ece already exists.
2026-02-10 23:12:23,346 - INFO - [The Hindu] Early skip: URL https://www.thehindu.com/news/cities/Hyderabad/man-arrested-in-goshamahal-for-illegal-sale-of-liquor-two-others-booked/article70613971.ece already exists.
2026-02-10 23:12:23,347 - INFO - [The Hindu] Early skip: URL https://www.thehindu.com/news/national/karnataka/albendazole-safe-for-children-aged-119-no-need-for-fear-district-health-and-family-welfare-officer/article70616382.ece already exists.
2026-02-10 23:12:23,350 - INFO - [The Hindu] Early skip: URL https://www.thehindu.com/news/national/andhra-pradesh/iocl-biogas-plant-in-tirumala-will-be-operational-by-may-says-ttd-chairman/article70616159.ece already exists.
2026-02-10 23:12:23,353 - INFO - [The Hindu] Early skip: URL https://www.thehindu.com/news/national/tamil-nadu/cuddalore-puducherry-administrations-hold-inter-state-coordination-meeting-ahead-of-elections/article70614895.ece already exists.
2026-02-10 23:12:23,354 - INFO - [The Hindu] Early skip: URL https://www.thehindu.com/news/national/telangana/high-stakes-as-telangana-goes-to-municipal-polls-today/article70615955.ece already exists.
2026-02-10 23:12:23,355 - INFO - [The Hindu] Early skip: URL https://www.thehindu.com/news/national/kerala/govt-medical-college-doctors-to-go-on-indefinite-strike-from-feb-16/article70616248.ece already exists.
2026-02-10 23:12:23,357 - INFO - [The Hindu] (Thread) Finished. Attempting to shut down its Selenium driver.
2026-02-10 23:12:23,499 - INFO - [The Hindu] (Thread) driver.quit() successful.
2026-02-10 23:12:23,499 - INFO - Shutting down thread pool (wait=False)...
2026-02-10 23:12:23,499 - INFO - Scraped: 1 The Guardian, 0 Times of India, 0 TechCrunch, 3 The Hindu, 0 BBC articles. (Total saved: 4)
2026-02-10 23:12:23,499 - INFO - --- Scraping job finished ---
2026-02-10 23:12:23,505 - INFO - --- Scraper service stopped and database connection closed. ---
2026-02-10 23:12:23,505 - INFO - --- Main thread finished. Forcing process exit to kill zombie threads. ---
