2026-01-02 11:23:44,660 - INFO - Loading AI Semantic Model (all-MiniLM-L6-v2)...
2026-01-02 11:23:44,660 - INFO - Use pytorch device_name: cpu
2026-01-02 11:23:44,660 - INFO - Load pretrained SentenceTransformer: all-MiniLM-L6-v2
2026-01-02 11:23:46,077 - INFO - AI Model loaded successfully.
2026-01-02 11:23:46,077 - INFO - --- Scraper service started (CI Mode: Run Once) ---
2026-01-02 11:23:46,078 - INFO - --- Starting new scraping job (Parallel Mode) ---
2026-01-02 11:23:46,078 - INFO - Creating new robust session with 3 retries on 5xx/connection/read errors.
2026-01-02 11:23:46,078 - INFO - Proxy is DISABLED.
2026-01-02 11:23:46,078 - INFO - Starting scrape for BBC RSS feed: http://feeds.bbci.co.uk/news/world/rss.xml
2026-01-02 11:23:46,079 - INFO - [Times of India] (Thread) requires Selenium. Initializing driver...
2026-01-02 11:23:46,079 - INFO - Starting scrape for The Guardian RSS feed: https://www.theguardian.com/world/rss
2026-01-02 11:23:46,081 - INFO - [The Hindu] (Thread) requires Selenium. Initializing driver...
2026-01-02 11:23:46,081 - INFO - Submitted 4 jobs to thread pool. Waiting up to 300s for completion...
2026-01-02 11:23:46,270 - INFO - Found 45 articles in The Guardian RSS feed. Processing up to 30.
2026-01-02 11:23:46,271 - INFO - [The Guardian] Early skip: URL https://www.theguardian.com/science/2026/jan/01/cremation-pyre-in-africa-thought-to-be-worlds-oldest-containing-adult-remains already exists.
2026-01-02 11:23:46,398 - INFO - [The Guardian] Early skip: URL https://www.theguardian.com/global-development/2026/jan/01/us-aid-cuts-conditions-un-humanitarian-pledge-ocha already exists.
2026-01-02 11:23:46,478 - INFO - Found 23 articles in BBC RSS feed. Processing up to 30.
2026-01-02 11:23:46,619 - INFO - [BBC] Early skip: URL https://www.bbc.com/news/articles/clyg23lj057o?at_medium=RSS&at_campaign=rss already exists.
2026-01-02 11:23:46,845 - INFO - [The Guardian] Early skip: URL https://www.theguardian.com/world/2025/dec/31/guinea-junta-chief-mamady-doumbouya-elected-president-after-opposition-boycott already exists.
2026-01-02 11:23:47,011 - INFO - [BBC] Early skip: URL https://www.bbc.com/news/articles/cx2drqwp2eyo?at_medium=RSS&at_campaign=rss already exists.
2026-01-02 11:23:47,161 - INFO - [The Guardian] Early skip: URL https://www.theguardian.com/world/2025/dec/30/saudi-arabia-uae-tension-future-yemen-boiling-point already exists.
2026-01-02 11:23:47,282 - INFO - [BBC] Early skip: URL https://www.bbc.com/news/articles/c36810pkz96o?at_medium=RSS&at_campaign=rss already exists.
2026-01-02 11:23:47,581 - INFO - [The Guardian] Early skip: URL https://www.theguardian.com/sport/2025/dec/29/anthony-joshua-injured-car-crash-nigeria already exists.
2026-01-02 11:23:47,710 - INFO - [BBC] Early skip: URL https://www.bbc.com/news/articles/cj9rjwpvmpzo?at_medium=RSS&at_campaign=rss already exists.
2026-01-02 11:23:47,955 - INFO - [The Guardian] Early skip: URL https://www.theguardian.com/world/2026/jan/02/venezuela-maduro-open-to-talks-drug-trafficking-maduro already exists.
2026-01-02 11:23:48,173 - INFO - [BBC] Early skip: URL https://www.bbc.com/news/articles/clynvkwglx4o?at_medium=RSS&at_campaign=rss already exists.
2026-01-02 11:23:48,311 - INFO - [The Guardian] Early skip: URL https://www.theguardian.com/world/2025/dec/30/military-drone-strike-venezuela-trump-maduro already exists.
2026-01-02 11:23:48,589 - INFO - [BBC] Early skip: URL https://www.bbc.com/news/articles/c8e5lxd2gwgo?at_medium=RSS&at_campaign=rss already exists.
2026-01-02 11:23:48,763 - INFO - [The Guardian] Early skip: URL https://www.theguardian.com/world/2025/dec/29/brazil-ex-president-jair-bolsonaro-hiccups-treatment already exists.
2026-01-02 11:23:49,049 - INFO - [BBC] Early skip: URL https://www.bbc.com/news/articles/c701z7g0ppro?at_medium=RSS&at_campaign=rss already exists.
2026-01-02 11:23:49,229 - INFO - [The Guardian] Early skip: URL https://www.theguardian.com/world/2025/dec/29/mexico-train-derailment-oaxaca already exists.
2026-01-02 11:23:49,429 - INFO - [BBC] Early skip: URL https://www.bbc.com/news/articles/c98jy990l37o?at_medium=RSS&at_campaign=rss already exists.
2026-01-02 11:23:49,652 - INFO - [The Guardian] Early skip: URL https://www.theguardian.com/us-news/2025/dec/29/trump-venezuela-facility-strike already exists.
2026-01-02 11:23:49,883 - INFO - [BBC] Early skip: URL https://www.bbc.com/news/articles/ckgl2je05j0o?at_medium=RSS&at_campaign=rss already exists.
2026-01-02 11:23:50,154 - INFO - [The Guardian] Early skip: URL https://www.theguardian.com/world/2026/jan/02/kim-jong-un-daughter-ju-ae-north-korean-ruler-speculation already exists.
2026-01-02 11:23:50,312 - INFO - [BBC] Early skip: URL https://www.bbc.com/news/articles/cddg7100ym2o?at_medium=RSS&at_campaign=rss already exists.
2026-01-02 11:23:50,599 - INFO - [The Guardian] Early skip: URL https://www.theguardian.com/music/2026/jan/01/newjeans-member-danielle-sued-for-millions-after-bitter-feud-with-k-pop-record-label already exists.
2026-01-02 11:23:50,754 - INFO - [BBC] Early skip: URL https://www.bbc.com/news/articles/clyw59v8978o?at_medium=RSS&at_campaign=rss already exists.
2026-01-02 11:23:50,992 - INFO - [The Guardian] Early skip: URL https://www.theguardian.com/world/2025/dec/31/xi-jinping-vows-reunification-china-taiwan-new-years-eve-speech already exists.
2026-01-02 11:23:51,156 - INFO - [BBC] Early skip: URL https://www.bbc.com/news/articles/c9dvyyjyj18o?at_medium=RSS&at_campaign=rss already exists.
2026-01-02 11:23:51,293 - INFO - [The Guardian] Early skip: URL https://www.theguardian.com/business/2025/dec/31/china-forecast-to-have-sold-one-in-every-10-new-cars-in-uk-in-2025 already exists.
2026-01-02 11:23:51,458 - INFO - [BBC] Early skip: URL https://www.bbc.com/news/articles/c4gvg46dy7vo?at_medium=RSS&at_campaign=rss already exists.
2026-01-02 11:23:51,626 - INFO - [The Guardian] Early skip: URL https://www.theguardian.com/world/2025/dec/31/female-lawmakers-in-japan-lobby-for-more-toilets-in-parliament already exists.
2026-01-02 11:23:51,848 - INFO - [BBC] Early skip: URL https://www.bbc.com/news/articles/c98n8lrj7y6o?at_medium=RSS&at_campaign=rss already exists.
2026-01-02 11:23:51,987 - INFO - [The Guardian] Article: https://www.theguardian.com/environment/2026/jan/02/weather-tracker-cyclone-hayley-australia-spain-floods
2026-01-02 11:23:51,987 - INFO - [The Guardian] Attempt 1/1: Trying with 'requests_browser' strategy...
2026-01-02 11:23:51,988 - INFO - [BBC] Early skip: URL https://www.bbc.com/news/articles/c4gweww8rjro?at_medium=RSS&at_campaign=rss already exists.
2026-01-02 11:23:52,228 - INFO - [The Guardian] Success with 'requests_browser'. Found content (313 words).
2026-01-02 11:23:52,254 - INFO - [BBC] Early skip: URL https://www.bbc.com/news/articles/c050j896q2do?at_medium=RSS&at_campaign=rss already exists.
2026-01-02 11:23:52,517 - INFO - Selenium driver initialized successfully.
2026-01-02 11:23:52,518 - INFO - Selenium driver initialized successfully.
2026-01-02 11:23:52,518 - INFO - Starting scrape for The Hindu RSS feed: https://www.thehindu.com/news/national/feeder/default.rss
2026-01-02 11:23:52,518 - INFO - Starting scrape for Times of India RSS feed: https://timesofindia.indiatimes.com/rssfeeds/296589292.cms
2026-01-02 11:23:52,830 - INFO - Found 100 articles in The Hindu RSS feed. Processing up to 30.
2026-01-02 11:23:52,873 - INFO - Found 20 articles in Times of India RSS feed. Processing up to 30.
2026-01-02 11:24:35,959 - INFO - Saved article: Weather tracker: Cyclone Hayley brings intense wind and rain to Australia | Australia weather | The Guardian from The Guardian (313 words)
2026-01-02 11:24:35,959 - INFO - [BBC] Early skip: URL https://www.bbc.com/news/articles/c78v5dj3x39o?at_medium=RSS&at_campaign=rss already exists.
2026-01-02 11:24:36,144 - INFO - [The Hindu] Article: https://www.thehindu.com/news/cities/mumbai/mumbais-mayor-will-be-hindu-marathi-cm-fadnavis/article70463674.ece
2026-01-02 11:24:36,145 - INFO - [The Hindu] Attempt 1/1: Trying with 'selenium_browser' strategy...
2026-01-02 11:24:36,146 - INFO - [Times of India] Article: https://timesofindia.indiatimes.com/world/middle-east/a-red-line-iran-hits-back-after-donald-trumps-warning-on-protestors-mocks-us-rescue-record-anti-khamenei-protests/articleshow/126304615.cms
2026-01-02 11:24:36,146 - INFO - [Times of India] Attempt 1/1: Trying with 'selenium_browser' strategy...
2026-01-02 11:24:36,146 - INFO - [BBC] Early skip: URL https://www.bbc.com/news/articles/cwywv4ndwqxo?at_medium=RSS&at_campaign=rss already exists.
2026-01-02 11:24:36,330 - INFO - [BBC] Early skip: URL https://www.bbc.com/news/videos/cj6wew4958eo?at_medium=RSS&at_campaign=rss already exists.
2026-01-02 11:24:36,535 - INFO - [BBC] Early skip: URL https://www.bbc.com/news/videos/czjg9ge7vdeo?at_medium=RSS&at_campaign=rss already exists.
2026-01-02 11:24:36,824 - INFO - [BBC] Article: https://www.bbc.com/news/videos/czdqp29gz51o?at_medium=RSS&at_campaign=rss
2026-01-02 11:24:36,824 - INFO - [BBC] Attempt 1/1: Trying with 'requests_browser' strategy...
2026-01-02 11:24:36,906 - INFO - [The Guardian] Early skip: URL https://www.theguardian.com/australia-news/2026/jan/02/woman-charged-over-fatal-melbourne-house-fire-ntwnfb already exists.
2026-01-02 11:24:37,096 - WARNING - [BBC] FAILED with 'requests_browser' (content was too short: 67 words).
2026-01-02 11:24:37,096 - ERROR - [BBC] All scrape strategies failed for https://www.bbc.com/news/videos/czdqp29gz51o?at_medium=RSS&at_campaign=rss. Falling back to RSS description.
2026-01-02 11:24:37,096 - WARNING - SKIPPED (GLOBAL WORD LIMIT): Article 'What are Russians hoping for in 2026, asks Steve Rosenberg' from BBC has only 19 words (Min: 90).
2026-01-02 11:24:37,172 - INFO - [The Guardian] Early skip: URL https://www.theguardian.com/australia-news/2026/jan/02/australia-2025-road-toll-deaths-fatalities-rise-nationwide already exists.
2026-01-02 11:24:37,318 - INFO - [The Guardian] Early skip: URL https://www.theguardian.com/australia-news/2026/jan/02/snorkeler-missing-wa-north-perth-ledge-point already exists.
2026-01-02 11:24:37,599 - INFO - [The Guardian] Early skip: URL https://www.theguardian.com/environment/2026/jan/02/ev-australia-electric-cars-vehicle-lower-price-cheap-best-2026-new-models already exists.
2026-01-02 11:24:37,861 - INFO - [The Guardian] Early skip: URL https://www.theguardian.com/world/live/2026/jan/02/switzerland-resort-fire-victim-named-video-bar-ceiling-fire-latest-news-live already exists.
2026-01-02 11:24:38,127 - INFO - [The Guardian] Early skip: URL https://www.theguardian.com/us-news/2026/jan/02/italian-pasta-makers-win-reprieve-from-trump-tariffs already exists.
2026-01-02 11:24:38,235 - INFO - [The Guardian] Early skip: URL https://www.theguardian.com/world/2026/jan/02/swiss-ski-resort-fire-injured-life-threatening-condition already exists.
2026-01-02 11:24:38,387 - INFO - [BBC] Article: https://www.bbc.com/news/videos/c4glvg5yrlyo?at_medium=RSS&at_campaign=rss
2026-01-02 11:24:38,388 - INFO - [BBC] Attempt 1/1: Trying with 'requests_browser' strategy...
2026-01-02 11:24:38,392 - INFO - [The Guardian] Early skip: URL https://www.theguardian.com/business/2026/jan/02/ftse-100-breaks-10000-uk-share-index already exists.
2026-01-02 11:24:38,554 - WARNING - [BBC] FAILED with 'requests_browser' (content was too short: 65 words).
2026-01-02 11:24:38,554 - ERROR - [BBC] All scrape strategies failed for https://www.bbc.com/news/videos/c4glvg5yrlyo?at_medium=RSS&at_campaign=rss. Falling back to RSS description.
2026-01-02 11:24:38,555 - WARNING - SKIPPED (GLOBAL WORD LIMIT): Article 'Zohran Mamdani sworn in as first Muslim New York City Mayor' from BBC has only 17 words (Min: 90).
2026-01-02 11:24:38,628 - INFO - [The Guardian] Early skip: URL https://www.theguardian.com/artanddesign/2026/jan/02/paris-musee-d-art-moderne-donation-henri-matisse-marguerite already exists.
2026-01-02 11:24:38,780 - INFO - [The Guardian] Early skip: URL https://www.theguardian.com/global-development/2026/jan/01/two-people-dead-iran-economic-crisis-protests-battlefield already exists.
2026-01-02 11:24:38,995 - INFO - [The Guardian] Early skip: URL https://www.theguardian.com/world/2026/jan/01/executions-saudi-arabia-highest-number-ever-2025 already exists.
2026-01-02 11:24:39,103 - INFO - [The Guardian] Early skip: URL https://www.theguardian.com/world/2026/jan/01/israel-allowing-traders-to-bring-into-gaza-dual-use-items-barred-from-aid-organisations already exists.
2026-01-02 11:24:39,228 - INFO - [The Guardian] Early skip: URL https://www.theguardian.com/world/2025/dec/31/we-want-the-mullahs-gone-economic-crisis-sparks-biggest-protests-in-iran-since-2022 already exists.
2026-01-02 11:24:39,508 - INFO - [The Guardian] Early skip: URL https://www.theguardian.com/politics/2025/dec/31/emily-thornberry-government-accused-failures-abd-el-fattah-case already exists.
2026-01-02 11:24:39,683 - INFO - [BBC] Early skip: URL https://www.bbc.com/news/videos/ckgkn1xexnno?at_medium=RSS&at_campaign=rss already exists.
2026-01-02 11:24:43,224 - INFO - [The Hindu] Page content loaded.
2026-01-02 11:24:43,545 - INFO - [The Hindu] Success with 'selenium_browser'. Found content (312 words).
2026-01-02 11:24:56,172 - ERROR - [Times of India] Request failed for strategy 'selenium_browser' on URL https://timesofindia.indiatimes.com/world/middle-east/a-red-line-iran-hits-back-after-donald-trumps-warning-on-protestors-mocks-us-rescue-record-anti-khamenei-protests/articleshow/126304615.cms: Message: timeout: Timed out receiving message from renderer: 19.873
  (Session info: chrome=143.0.7499.109)
Stacktrace:
#0 0x55cc0964a61a <unknown>
#1 0x55cc090c720b <unknown>
#2 0x55cc090af2aa <unknown>
#3 0x55cc090aef8d <unknown>
#4 0x55cc090ace47 <unknown>
#5 0x55cc090ad75f <unknown>
#6 0x55cc090bbf20 <unknown>
#7 0x55cc090d55e7 <unknown>
#8 0x55cc090dbc9b <unknown>
#9 0x55cc090ade88 <unknown>
#10 0x55cc090d5356 <unknown>
#11 0x55cc09164580 <unknown>
#12 0x55cc0910b232 <unknown>
#13 0x55cc0910bee1 <unknown>
#14 0x55cc096133f9 <unknown>
#15 0x55cc0961634d <unknown>
#16 0x55cc095fc122 <unknown>
#17 0x55cc09616f2b <unknown>
#18 0x55cc095e2c30 <unknown>
#19 0x55cc09637d78 <unknown>
#20 0x55cc09637f4c <unknown>
#21 0x55cc09649973 <unknown>
#22 0x7f143a49caa4 <unknown>
#23 0x7f143a529c6c <unknown>

2026-01-02 11:24:56,172 - ERROR - [Times of India] All scrape strategies failed for https://timesofindia.indiatimes.com/world/middle-east/a-red-line-iran-hits-back-after-donald-trumps-warning-on-protestors-mocks-us-rescue-record-anti-khamenei-protests/articleshow/126304615.cms. Falling back to RSS description.
2026-01-02 11:24:56,172 - WARNING - SKIPPED (GLOBAL WORD LIMIT): Article ''A red line': Iran hits back after Trump's warning on protestors; mocks US 'rescue record'' from Times of India has only 42 words (Min: 90).
2026-01-02 11:25:37,611 - INFO - DEDUPLICATION: Found match (Score: 0.71). Linking to Cluster ID: 8ccf6e9d-91d9-4723-b833-a9ddd9c176c5
2026-01-02 11:25:37,615 - INFO - Saved article: Mumbai’s mayor will be Hindu-Marathi: CM Fadnavis - The Hindu from The Hindu (312 words)
2026-01-02 11:25:37,615 - INFO - [Times of India] Article: https://timesofindia.indiatimes.com/world/middle-east/qatarenergy-announces-lower-fuel-prices-for-january-2026/articleshow/126304140.cms
2026-01-02 11:25:37,615 - INFO - [Times of India] Attempt 1/1: Trying with 'selenium_browser' strategy...
2026-01-02 11:25:38,817 - INFO - [The Hindu] Article: https://www.thehindu.com/news/national/karnataka/chamundi-hill-walk-to-raise-alarm-over-ecological-concerns/article70463309.ece
2026-01-02 11:25:38,817 - INFO - [The Hindu] Attempt 1/1: Trying with 'selenium_browser' strategy...
2026-01-02 11:25:41,667 - INFO - [The Hindu] Page content loaded.
2026-01-02 11:25:41,743 - INFO - [The Hindu] Success with 'selenium_browser'. Found content (420 words).
2026-01-02 11:25:44,833 - INFO - [Times of India] Page content loaded.
2026-01-02 11:25:45,267 - INFO - [Times of India] Success with 'selenium_browser'. Found content (171 words).
2026-01-02 11:26:32,284 - INFO - Saved article: Chamundi Hill walk to raise alarm over ecological concerns - The Hindu from The Hindu (420 words)
2026-01-02 11:27:19,777 - INFO - DEDUPLICATION: Found match (Score: 0.76). Linking to Cluster ID: c63719ef-c402-43bf-919f-25b3d23a4a9c
2026-01-02 11:27:19,780 - INFO - Saved article: QatarEnergy announces lower fuel prices for January 2026 | World News - The Times of India from Times of India (171 words)
2026-01-02 11:27:19,781 - INFO - [The Hindu] Article: https://www.thehindu.com/news/national/telangana/no-proposal-to-issue-permissions-for-new-elite-bars-in-telangana-excise-minister/article70463523.ece
2026-01-02 11:27:19,781 - INFO - [The Hindu] Attempt 1/1: Trying with 'selenium_browser' strategy...
2026-01-02 11:27:20,759 - INFO - [The Hindu] Page content loaded.
2026-01-02 11:27:20,866 - INFO - [The Hindu] Success with 'selenium_browser'. Found content (249 words).
2026-01-02 11:28:06,775 - INFO - Saved article: No proposal to issue permissions for new elite bars in Telangana: Excise Minister - The Hindu from The Hindu (249 words)
2026-01-02 11:28:06,775 - INFO - [Times of India] Article: https://timesofindia.indiatimes.com/world/middle-east/uae-bank-to-end-sms-otps-for-online-transactions-from-jan-6-switch-to-biometric-authentication/articleshow/126303573.cms
2026-01-02 11:28:06,775 - INFO - [Times of India] Attempt 1/1: Trying with 'selenium_browser' strategy...
2026-01-02 11:28:07,583 - INFO - [Times of India] Page content loaded.
2026-01-02 11:28:07,704 - INFO - [Times of India] Success with 'selenium_browser'. Found content (676 words).
2026-01-02 11:28:46,081 - CRITICAL - --- TIMEOUT: 2 scrape jobs did not complete in 300s. ---
2026-01-02 11:28:46,082 - ERROR - A thread has timed out and will be abandoned.
2026-01-02 11:28:46,082 - ERROR - A thread has timed out and will be abandoned.
2026-01-02 11:28:46,082 - INFO - Shutting down thread pool (wait=False)...
2026-01-02 11:28:46,082 - INFO - Scraped: 1 The Guardian, 0 BBC, 2 Timed_Out_Jobs articles. (Total saved: 1)
2026-01-02 11:28:46,082 - INFO - --- Scraping job finished ---
2026-01-02 11:28:46,082 - INFO - --- Scraper service stopped and database connection closed. ---
2026-01-02 11:28:46,082 - INFO - --- Main thread finished. Forcing process exit to kill zombie threads. ---
