2026-01-10 11:22:24,320 - INFO - Loading AI Semantic Model (all-MiniLM-L6-v2)...
2026-01-10 11:22:24,320 - INFO - Use pytorch device_name: cpu
2026-01-10 11:22:24,320 - INFO - Load pretrained SentenceTransformer: all-MiniLM-L6-v2
2026-01-10 11:22:24,842 - INFO - AI Model loaded successfully.
2026-01-10 11:22:24,842 - INFO - --- Scraper service started (CI Mode: Run Once) ---
2026-01-10 11:22:24,842 - INFO - --- Starting new scraping job (Parallel Mode) ---
2026-01-10 11:22:24,842 - INFO - Creating new robust session with 3 retries on 5xx/connection/read errors.
2026-01-10 11:22:24,842 - INFO - Proxy is DISABLED.
2026-01-10 11:22:24,842 - INFO - Starting scrape for BBC RSS feed: http://feeds.bbci.co.uk/news/world/rss.xml
2026-01-10 11:22:24,844 - INFO - [Times of India] (Thread) requires Selenium. Initializing driver...
2026-01-10 11:22:24,844 - INFO - Starting scrape for The Guardian RSS feed: https://www.theguardian.com/world/rss
2026-01-10 11:22:24,845 - INFO - [The Hindu] (Thread) requires Selenium. Initializing driver...
2026-01-10 11:22:24,845 - INFO - Submitted 4 jobs to thread pool. Waiting up to 300s for completion...
2026-01-10 11:22:25,050 - INFO - Found 45 articles in The Guardian RSS feed. Processing up to 30.
2026-01-10 11:22:25,050 - INFO - [The Guardian] Early skip: URL https://www.theguardian.com/global-development/2026/jan/09/the-gambia-female-genital-mutilation-fgm-supreme-court-case-overturn-ban already exists.
2026-01-10 11:22:25,182 - INFO - Found 29 articles in BBC RSS feed. Processing up to 30.
2026-01-10 11:22:25,335 - INFO - [BBC] Early skip: URL https://www.bbc.com/news/articles/cj9rengvnp9o?at_medium=RSS&at_campaign=rss already exists.
2026-01-10 11:22:25,527 - INFO - [The Guardian] Early skip: URL https://www.theguardian.com/world/2026/jan/08/questions-targeting-impact-us-airstrikes-in-nigeria already exists.
2026-01-10 11:22:25,634 - INFO - [BBC] Early skip: URL https://www.bbc.com/news/articles/c78vj5n7jg3o?at_medium=RSS&at_campaign=rss already exists.
2026-01-10 11:22:25,917 - INFO - [The Guardian] Early skip: URL https://www.theguardian.com/world/2026/jan/02/anthony-joshuas-driver-charged-with-dangerous-driving-after-fatal-crash-in-nigeria already exists.
2026-01-10 11:22:26,201 - INFO - [BBC] Early skip: URL https://www.bbc.com/news/articles/cgrd2e7p9reo?at_medium=RSS&at_campaign=rss already exists.
2026-01-10 11:22:26,422 - INFO - [The Guardian] Early skip: URL https://www.theguardian.com/science/2026/jan/01/cremation-pyre-in-africa-thought-to-be-worlds-oldest-containing-adult-remains already exists.
2026-01-10 11:22:26,620 - INFO - [BBC] Early skip: URL https://www.bbc.com/news/articles/cz7yv4524gqo?at_medium=RSS&at_campaign=rss already exists.
2026-01-10 11:22:26,893 - INFO - [The Guardian] Early skip: URL https://www.theguardian.com/global-development/2026/jan/01/us-aid-cuts-conditions-un-humanitarian-pledge-ocha already exists.
2026-01-10 11:22:26,995 - INFO - [BBC] Early skip: URL https://www.bbc.com/news/articles/cpwnd22lj54o?at_medium=RSS&at_campaign=rss already exists.
2026-01-10 11:22:27,114 - INFO - [The Guardian] Early skip: URL https://www.theguardian.com/world/2026/jan/10/nicaraguan-authorities-arrests-dozens-for-reportedly-supporting-maduro-capture already exists.
2026-01-10 11:22:27,393 - INFO - [BBC] Early skip: URL https://www.bbc.com/news/articles/c205dx61x76o?at_medium=RSS&at_campaign=rss already exists.
2026-01-10 11:22:27,664 - INFO - [The Guardian] Early skip: URL https://www.theguardian.com/news/ng-interactive/2026/jan/10/trump-territorial-ambition-imperialism already exists.
2026-01-10 11:22:27,948 - INFO - [BBC] Early skip: URL https://www.bbc.com/news/articles/ce3kqzepp5zo?at_medium=RSS&at_campaign=rss already exists.
2026-01-10 11:22:28,153 - INFO - [The Guardian] Early skip: URL https://www.theguardian.com/us-news/2026/jan/09/trump-oil-company-executives-meeting-venezuela already exists.
2026-01-10 11:22:28,258 - INFO - [BBC] Early skip: URL https://www.bbc.com/news/articles/cn7jxm7jkg1o?at_medium=RSS&at_campaign=rss already exists.
2026-01-10 11:22:28,547 - INFO - [The Guardian] Early skip: URL https://www.theguardian.com/world/2026/jan/09/trump-venezuela-leadership-meeting-opposition-machado already exists.
2026-01-10 11:22:28,782 - INFO - [BBC] Early skip: URL https://www.bbc.com/news/articles/cgqe9kv9xxvo?at_medium=RSS&at_campaign=rss already exists.
2026-01-10 11:22:28,990 - INFO - [The Guardian] Early skip: URL https://www.theguardian.com/world/2026/jan/09/eu-states-back-controversial-mercosur-deal-with-latin-american-countries already exists.
2026-01-10 11:22:29,223 - INFO - [BBC] Early skip: URL https://www.bbc.com/news/articles/cdxj28xd542o?at_medium=RSS&at_campaign=rss already exists.
2026-01-10 11:22:29,382 - INFO - [The Guardian] Early skip: URL https://www.theguardian.com/world/2026/jan/10/indonesia-blocks-musks-grok-chatbot-due-to-risk-of-pornographic-content already exists.
2026-01-10 11:22:29,501 - INFO - [BBC] Early skip: URL https://www.bbc.com/news/articles/c8d04zp8m26o?at_medium=RSS&at_campaign=rss already exists.
2026-01-10 11:22:29,771 - INFO - [The Guardian] Early skip: URL https://www.theguardian.com/world/2026/jan/08/alleged-scam-kingpin-chen-zhi-extradited-china-cambodia-arrest already exists.
2026-01-10 11:22:29,964 - INFO - [BBC] Early skip: URL https://www.bbc.com/news/articles/c99kn52nx9do?at_medium=RSS&at_campaign=rss already exists.
2026-01-10 11:22:30,167 - INFO - [The Guardian] Early skip: URL https://www.theguardian.com/world/2026/jan/06/papua-new-guinea-internet-starlink-shut-down already exists.
2026-01-10 11:22:30,452 - INFO - [BBC] Early skip: URL https://www.bbc.com/news/articles/c17zqz5pprwo?at_medium=RSS&at_campaign=rss already exists.
2026-01-10 11:22:30,637 - INFO - [The Guardian] Early skip: URL https://www.theguardian.com/world/2026/jan/06/what-us-action-in-venezuela-means-for-taiwan already exists.
2026-01-10 11:22:30,846 - INFO - [BBC] Early skip: URL https://www.bbc.com/news/articles/ceqzj49gny4o?at_medium=RSS&at_campaign=rss already exists.
2026-01-10 11:22:31,119 - INFO - [The Guardian] Early skip: URL https://www.theguardian.com/world/2026/jan/05/venezuela-trump-attack-china-interests-analysis already exists.
2026-01-10 11:22:31,401 - INFO - [BBC] Early skip: URL https://www.bbc.com/news/articles/cwygjvkvpgro?at_medium=RSS&at_campaign=rss already exists.
2026-01-10 11:22:31,428 - INFO - Selenium driver initialized successfully.
2026-01-10 11:22:31,428 - INFO - Starting scrape for The Hindu RSS feed: https://www.thehindu.com/news/national/feeder/default.rss
2026-01-10 11:22:31,429 - INFO - Selenium driver initialized successfully.
2026-01-10 11:22:31,429 - INFO - Starting scrape for Times of India RSS feed: https://timesofindia.indiatimes.com/rssfeeds/296589292.cms
2026-01-10 11:22:31,634 - INFO - Found 100 articles in The Hindu RSS feed. Processing up to 30.
2026-01-10 11:22:31,634 - INFO - Found 20 articles in Times of India RSS feed. Processing up to 30.
2026-01-10 11:22:31,638 - INFO - [The Guardian] Early skip: URL https://www.theguardian.com/australia-news/live/2026/jan/10/australia-heatwave-updates-sydney-temperature-victorian-fires-bushfire-latest already exists.
2026-01-10 11:22:31,877 - INFO - [The Hindu] Article: https://www.thehindu.com/videos/what-is-the-bjps-strategy-ahead-of-the-west-bengal-assembly-election-talking-politics/article70494372.ece
2026-01-10 11:22:31,877 - INFO - [The Hindu] Attempt 1/1: Trying with 'selenium_browser' strategy...
2026-01-10 11:22:31,878 - INFO - [Times of India] Article: https://timesofindia.indiatimes.com/world/us/hold-on-i-need-to-look-trump-abruptly-pauses-oil-executive-summit-heres-the-reason/articleshow/126451086.cms
2026-01-10 11:22:31,878 - INFO - [Times of India] Attempt 1/1: Trying with 'selenium_browser' strategy...
2026-01-10 11:22:31,879 - INFO - [BBC] Early skip: URL https://www.bbc.com/news/articles/c0mkwl2g499o?at_medium=RSS&at_campaign=rss already exists.
2026-01-10 11:22:32,101 - INFO - [The Guardian] Early skip: URL https://www.theguardian.com/australia-news/2026/jan/10/harcourt-victorian-bushfires-homes-property already exists.
2026-01-10 11:22:32,247 - INFO - [BBC] Early skip: URL https://www.bbc.com/news/articles/c9qp4wyzvlzo?at_medium=RSS&at_campaign=rss already exists.
2026-01-10 11:22:32,384 - INFO - [The Guardian] Early skip: URL https://www.theguardian.com/australia-news/2026/jan/10/sa-premier-denies-pressuring-adelaide-festival-to-drop-randa-abdel-fattah-ntwnfb already exists.
2026-01-10 11:22:32,511 - INFO - [BBC] Early skip: URL https://www.bbc.com/news/articles/c0mpmgn3jv2o?at_medium=RSS&at_campaign=rss already exists.
2026-01-10 11:22:32,745 - INFO - [BBC] Early skip: URL https://www.bbc.com/news/articles/c62wxezynk2o?at_medium=RSS&at_campaign=rss already exists.
2026-01-10 11:22:32,993 - INFO - [The Guardian] Early skip: URL https://www.theguardian.com/australia-news/2026/jan/09/ten-properties-in-ruffy-destroyed-including-firefighters-home-as-fire-hits-victorian-town-like-a-bomb already exists.
2026-01-10 11:22:33,146 - INFO - [The Guardian] Early skip: URL https://www.theguardian.com/australia-news/2026/jan/10/victorian-liberals-year-ahead-new-leader-jess-wilson already exists.
2026-01-10 11:22:33,288 - INFO - [BBC] Early skip: URL https://www.bbc.com/news/articles/cp37yr2xq7no?at_medium=RSS&at_campaign=rss already exists.
2026-01-10 11:22:33,464 - INFO - [The Guardian] Early skip: URL https://www.theguardian.com/us-news/2026/jan/09/trump-greenland-threats-white-house already exists.
2026-01-10 11:22:33,570 - INFO - [BBC] Early skip: URL https://www.bbc.com/news/articles/c041n3ng03no?at_medium=RSS&at_campaign=rss already exists.
2026-01-10 11:22:33,728 - INFO - [BBC] Early skip: URL https://www.bbc.com/news/articles/c23r4yeyxl9o?at_medium=RSS&at_campaign=rss already exists.
2026-01-10 11:22:33,867 - INFO - [The Guardian] Early skip: URL https://www.theguardian.com/world/live/2026/jan/09/ukraine-russia-tanker-fleet-meloni-switzerland-fire-greenland-europe-latest-news-updates already exists.
2026-01-10 11:22:34,079 - INFO - [The Guardian] Early skip: URL https://www.theguardian.com/world/2026/jan/09/swiss-bar-fire-le-constellation-owner-arrested already exists.
2026-01-10 11:22:34,237 - INFO - [BBC] Early skip: URL https://www.bbc.com/news/articles/c205dd7gjrpo?at_medium=RSS&at_campaign=rss already exists.
2026-01-10 11:22:34,407 - INFO - [BBC] Early skip: URL https://www.bbc.com/news/videos/c78veq59823o?at_medium=RSS&at_campaign=rss already exists.
2026-01-10 11:22:34,598 - INFO - [BBC] Article: https://www.bbc.com/news/videos/c78e9vmn7dgo?at_medium=RSS&at_campaign=rss
2026-01-10 11:22:34,598 - INFO - [BBC] Attempt 1/1: Trying with 'requests_browser' strategy...
2026-01-10 11:22:34,601 - INFO - [The Guardian] Early skip: URL https://www.theguardian.com/world/2026/jan/09/storm-goretti-germany-heavy-snowfall-strong-winds-france-northern-europe already exists.
2026-01-10 11:22:34,828 - INFO - [The Guardian] Early skip: URL https://www.theguardian.com/artanddesign/2026/jan/09/anonymous-painting-bought-at-auction-on-hunch-identified-as-two-in-one-rubens already exists.
2026-01-10 11:22:34,946 - INFO - [The Guardian] Early skip: URL https://www.theguardian.com/world/2026/jan/10/irans-internet-shutdown-is-strikingly-sophisticated-and-may-last-some-time already exists.
2026-01-10 11:22:35,125 - INFO - [The Guardian] Early skip: URL https://www.theguardian.com/global-development/2026/jan/09/iran-supreme-leader-harsher-crackdown-protest-movement-swells already exists.
2026-01-10 11:22:35,321 - WARNING - [BBC] FAILED with 'requests_browser' (content was too short: 77 words).
2026-01-10 11:22:35,322 - ERROR - [BBC] All scrape strategies failed for https://www.bbc.com/news/videos/c78e9vmn7dgo?at_medium=RSS&at_campaign=rss. Falling back to RSS description.
2026-01-10 11:22:35,322 - WARNING - SKIPPED (GLOBAL WORD LIMIT): Article 'Watch: Buildings in Tehran set on fire as demonstrations spread across Iran' from BBC has only 15 words (Min: 90).
2026-01-10 11:22:35,341 - INFO - [The Guardian] Early skip: URL https://www.theguardian.com/world/2026/jan/09/growing-protests-in-iran-do-not-necessarily-herald-a-return-to-monarchy already exists.
2026-01-10 11:22:35,458 - INFO - [The Guardian] Early skip: URL https://www.theguardian.com/world/2026/jan/09/syria-announces-ceasefire-aleppo-clashes-kurds already exists.
2026-01-10 11:22:35,724 - INFO - [The Guardian] Early skip: URL https://www.theguardian.com/global-development/ng-interactive/2026/jan/09/in-isolation-well-never-flourish-what-iranians-think-about-the-protests-and-an-end-to-the-islamic-republic already exists.
2026-01-10 11:22:36,189 - INFO - [BBC] Article: https://www.bbc.com/news/videos/c394vjengdgo?at_medium=RSS&at_campaign=rss
2026-01-10 11:22:36,189 - INFO - [BBC] Attempt 1/1: Trying with 'requests_browser' strategy...
2026-01-10 11:22:36,384 - WARNING - [BBC] FAILED with 'requests_browser' (content was too short: 44 words).
2026-01-10 11:22:36,384 - ERROR - [BBC] All scrape strategies failed for https://www.bbc.com/news/videos/c394vjengdgo?at_medium=RSS&at_campaign=rss. Falling back to RSS description.
2026-01-10 11:22:36,384 - WARNING - SKIPPED (GLOBAL WORD LIMIT): Article 'Watch: Eyewitnesses recount deadly ICE shooting' from BBC has only 15 words (Min: 90).
2026-01-10 11:22:37,388 - INFO - [BBC] Article: https://www.bbc.com/news/videos/cx2ypz4zjvxo?at_medium=RSS&at_campaign=rss
2026-01-10 11:22:37,388 - INFO - [BBC] Attempt 1/1: Trying with 'requests_browser' strategy...
2026-01-10 11:22:37,556 - WARNING - [BBC] FAILED with 'requests_browser' (content was too short: 79 words).
2026-01-10 11:22:37,556 - ERROR - [BBC] All scrape strategies failed for https://www.bbc.com/news/videos/cx2ypz4zjvxo?at_medium=RSS&at_campaign=rss. Falling back to RSS description.
2026-01-10 11:22:37,556 - WARNING - SKIPPED (GLOBAL WORD LIMIT): Article 'Video shows moment US immigration agent fatally shoots woman' from BBC has only 20 words (Min: 90).
2026-01-10 11:22:38,095 - INFO - [BBC] Article: https://www.bbc.com/news/videos/cx2gm7109rwo?at_medium=RSS&at_campaign=rss
2026-01-10 11:22:38,095 - INFO - [BBC] Attempt 1/1: Trying with 'requests_browser' strategy...
2026-01-10 11:22:38,304 - WARNING - [BBC] FAILED with 'requests_browser' (content was too short: 40 words).
2026-01-10 11:22:38,304 - ERROR - [BBC] All scrape strategies failed for https://www.bbc.com/news/videos/cx2gm7109rwo?at_medium=RSS&at_campaign=rss. Falling back to RSS description.
2026-01-10 11:22:38,304 - WARNING - SKIPPED (GLOBAL WORD LIMIT): Article 'Tracking the oil tankers seized by the US' from BBC has only 31 words (Min: 90).
2026-01-10 11:22:39,712 - INFO - [BBC] Early skip: URL https://www.bbc.com/news/videos/c1jegxw1rxwo?at_medium=RSS&at_campaign=rss already exists.
2026-01-10 11:22:49,154 - INFO - [Times of India] Page content loaded.
2026-01-10 11:22:49,451 - INFO - [Times of India] Success with 'selenium_browser'. Found content (590 words).
2026-01-10 11:22:51,900 - ERROR - [The Hindu] Request failed for strategy 'selenium_browser' on URL https://www.thehindu.com/videos/what-is-the-bjps-strategy-ahead-of-the-west-bengal-assembly-election-talking-politics/article70494372.ece: Message: timeout: Timed out receiving message from renderer: 19.787
  (Session info: chrome=143.0.7499.169)
Stacktrace:
#0 0x560b651c940a <unknown>
#1 0x560b64bfd76b <unknown>
#2 0x560b64be580a <unknown>
#3 0x560b64be54ed <unknown>
#4 0x560b64be33a7 <unknown>
#5 0x560b64be3cbf <unknown>
#6 0x560b64bf2480 <unknown>
#7 0x560b64c0bb47 <unknown>
#8 0x560b64c121fb <unknown>
#9 0x560b64be43e8 <unknown>
#10 0x560b64c0b8f8 <unknown>
#11 0x560b64c9aad8 <unknown>
#12 0x560b64c417b2 <unknown>
#13 0x560b64c42461 <unknown>
#14 0x560b65191df9 <unknown>
#15 0x560b65194d5d <unknown>
#16 0x560b6517ab41 <unknown>
#17 0x560b6519593b <unknown>
#18 0x560b65161870 <unknown>
#19 0x560b651b6828 <unknown>
#20 0x560b651b69fc <unknown>
#21 0x560b651c8763 <unknown>
#22 0x7fe76169caa4 <unknown>
#23 0x7fe761729c6c <unknown>

2026-01-10 11:22:51,900 - ERROR - [The Hindu] All scrape strategies failed for https://www.thehindu.com/videos/what-is-the-bjps-strategy-ahead-of-the-west-bengal-assembly-election-talking-politics/article70494372.ece. Falling back to RSS description.
2026-01-10 11:22:51,900 - WARNING - SKIPPED (GLOBAL WORD LIMIT): Article 'What is the BJP’s strategy ahead of the West Bengal Assembly elections? | Talking Politics' from The Hindu has only 25 words (Min: 90).
2026-01-10 11:23:39,576 - INFO - Saved article: 'Hold on, I need to look': Trump abruptly pauses oil executive summit — Here's the reason - The Times of India from Times of India (590 words)
2026-01-10 11:23:39,576 - INFO - [The Hindu] Article: https://www.thehindu.com/news/cities/mumbai/civic-polls-bjp-suspends-58-functionaries-in-mumbai-nagpur-for-dissent-indiscipline/article70494291.ece
2026-01-10 11:23:39,576 - INFO - [The Hindu] Attempt 1/1: Trying with 'selenium_browser' strategy...
2026-01-10 11:23:40,300 - INFO - [Times of India] Article: https://timesofindia.indiatimes.com/world/middle-east/dubais-billion-followers-summit-how-to-reach-a-billion-followers-chris-dos-3-golden-rules-for-content-creators-to-stand-out-in-2026/articleshow/126450278.cms
2026-01-10 11:23:40,301 - INFO - [Times of India] Attempt 1/1: Trying with 'selenium_browser' strategy...
2026-01-10 11:23:42,148 - INFO - [The Hindu] Page content loaded.
2026-01-10 11:23:42,362 - INFO - [The Hindu] Success with 'selenium_browser'. Found content (238 words).
2026-01-10 11:24:35,491 - INFO - DEDUPLICATION: Found match (Score: 0.71). Linking to Cluster ID: b40552b3-843c-4cb8-b092-39e75acf5191
2026-01-10 11:24:35,494 - INFO - Saved article: Civic polls: BJP suspends 58 functionaries in Mumbai, Nagpur for dissent, indiscipline - The Hindu from The Hindu (238 words)
2026-01-10 11:24:36,512 - INFO - [The Hindu] Article: https://www.thehindu.com/news/national/uttar-pradesh/no-jewellery-to-customers-wearing-burqa-mask-veil-in-varanasi-traders-body/article70494307.ece
2026-01-10 11:24:36,512 - INFO - [The Hindu] Attempt 1/1: Trying with 'selenium_browser' strategy...
2026-01-10 11:24:37,933 - INFO - [The Hindu] Page content loaded.
2026-01-10 11:24:37,997 - INFO - [The Hindu] Success with 'selenium_browser'. Found content (422 words).
2026-01-10 11:25:27,301 - INFO - Saved article: No jewellery to customers wearing burqa, mask, veil in Varanasi: Traders body - The Hindu from The Hindu (422 words)
2026-01-10 11:25:27,900 - INFO - [The Hindu] Article: https://www.thehindu.com/news/national/kerala/local-body-polls-special-elections-in-three-wards-on-monday/article70494036.ece
2026-01-10 11:25:27,900 - INFO - [The Hindu] Attempt 1/1: Trying with 'selenium_browser' strategy...
2026-01-10 11:25:30,360 - INFO - [The Hindu] Page content loaded.
2026-01-10 11:25:30,433 - INFO - [The Hindu] Success with 'selenium_browser'. Found content (302 words).
2026-01-10 11:25:40,348 - ERROR - [Times of India] Request failed for strategy 'selenium_browser' on URL https://timesofindia.indiatimes.com/world/middle-east/dubais-billion-followers-summit-how-to-reach-a-billion-followers-chris-dos-3-golden-rules-for-content-creators-to-stand-out-in-2026/articleshow/126450278.cms: HTTPConnectionPool(host='localhost', port=34179): Read timed out. (read timeout=120)
2026-01-10 11:25:40,348 - ERROR - [Times of India] All scrape strategies failed for https://timesofindia.indiatimes.com/world/middle-east/dubais-billion-followers-summit-how-to-reach-a-billion-followers-chris-dos-3-golden-rules-for-content-creators-to-stand-out-in-2026/articleshow/126450278.cms. Falling back to RSS description.
2026-01-10 11:25:40,349 - WARNING - SKIPPED (GLOBAL WORD LIMIT): Article 'How to reach a billion followers? Chris Do's 3 golden rules for content creators to stand out in 2026 at Dubai’s Billion Followers Summit' from Times of India has only 53 words (Min: 90).
2026-01-10 11:26:19,158 - INFO - Saved article: Local body polls: special elections in three wards on Monday - The Hindu from The Hindu (302 words)
2026-01-10 11:26:19,158 - INFO - [Times of India] Article: https://timesofindia.indiatimes.com/world/middle-east/syrian-army-claims-control-of-aleppos-sheikh-maqsud-kurdish-forces-reject-assertion/articleshow/126450384.cms
2026-01-10 11:26:19,158 - INFO - [Times of India] Attempt 1/1: Trying with 'selenium_browser' strategy...
2026-01-10 11:26:19,780 - INFO - [The Hindu] Article: https://www.thehindu.com/education/no-separate-mbbs-seat-recognition-needed-annual-renewal-enough-nmc/article70494232.ece
2026-01-10 11:26:19,780 - INFO - [The Hindu] Attempt 1/1: Trying with 'selenium_browser' strategy...
2026-01-10 11:26:20,704 - INFO - [The Hindu] Page content loaded.
2026-01-10 11:26:20,798 - INFO - [The Hindu] Success with 'selenium_browser'. Found content (214 words).
2026-01-10 11:27:07,641 - INFO - Saved article: No separate MBBS seat recognition needed; annual renewal enough: NMC - The Hindu from The Hindu (214 words)
2026-01-10 11:27:08,556 - INFO - [The Hindu] Article: https://www.thehindu.com/news/national/bihar/jdu-distances-itself-from-ex-mp-kc-tyagi-over-his-request-for-bharat-ratna-to-nitish/article70494274.ece
2026-01-10 11:27:08,556 - INFO - [The Hindu] Attempt 1/1: Trying with 'selenium_browser' strategy...
2026-01-10 11:27:10,744 - INFO - [The Hindu] Page content loaded.
2026-01-10 11:27:10,798 - INFO - [The Hindu] Success with 'selenium_browser'. Found content (412 words).
2026-01-10 11:27:24,846 - CRITICAL - --- TIMEOUT: 2 scrape jobs did not complete in 300s. ---
2026-01-10 11:27:24,846 - ERROR - A thread has timed out and will be abandoned.
2026-01-10 11:27:24,846 - ERROR - A thread has timed out and will be abandoned.
2026-01-10 11:27:24,846 - INFO - Shutting down thread pool (wait=False)...
2026-01-10 11:27:24,846 - INFO - Scraped: 0 The Guardian, 0 BBC, 2 Timed_Out_Jobs articles. (Total saved: 0)
2026-01-10 11:27:24,846 - INFO - --- Scraping job finished ---
2026-01-10 11:27:24,846 - INFO - --- Scraper service stopped and database connection closed. ---
2026-01-10 11:27:24,846 - INFO - --- Main thread finished. Forcing process exit to kill zombie threads. ---
