2026-01-15 15:32:34,354 - INFO - Loading AI Semantic Model (all-MiniLM-L6-v2)...
2026-01-15 15:32:34,354 - INFO - Use pytorch device_name: cpu
2026-01-15 15:32:34,354 - INFO - Load pretrained SentenceTransformer: all-MiniLM-L6-v2
2026-01-15 15:32:34,943 - INFO - AI Model loaded successfully.
2026-01-15 15:32:34,944 - INFO - --- Scraper service started (CI Mode: Run Once) ---
2026-01-15 15:32:34,944 - INFO - --- Starting new scraping job (Parallel Mode) ---
2026-01-15 15:32:34,944 - INFO - Creating new robust session with 3 retries on 5xx/connection/read errors.
2026-01-15 15:32:34,944 - INFO - Proxy is DISABLED.
2026-01-15 15:32:34,944 - INFO - Starting scrape for BBC RSS feed: http://feeds.bbci.co.uk/news/world/rss.xml
2026-01-15 15:32:34,945 - INFO - [Times of India] (Thread) requires Selenium. Initializing driver...
2026-01-15 15:32:34,945 - INFO - Starting scrape for The Guardian RSS feed: https://www.theguardian.com/world/rss
2026-01-15 15:32:34,947 - INFO - [The Hindu] (Thread) requires Selenium. Initializing driver...
2026-01-15 15:32:34,947 - INFO - Submitted 4 jobs to thread pool. Waiting up to 300s for completion...
2026-01-15 15:32:35,166 - INFO - Found 45 articles in The Guardian RSS feed. Processing up to 30.
2026-01-15 15:32:35,166 - INFO - [The Guardian] Early skip: URL https://www.theguardian.com/world/2026/jan/15/uganda-vote-election-yoweri-museveni-bobi-wine already exists.
2026-01-15 15:32:35,204 - INFO - Found 21 articles in BBC RSS feed. Processing up to 30.
2026-01-15 15:32:35,360 - INFO - [BBC] Early skip: URL https://www.bbc.com/news/articles/cd0ydjvxpejo?at_medium=RSS&at_campaign=rss already exists.
2026-01-15 15:32:35,625 - INFO - [The Guardian] Early skip: URL https://www.theguardian.com/us-news/2026/jan/13/trump-administration-ends-tps-somalia already exists.
2026-01-15 15:32:35,746 - INFO - [BBC] Early skip: URL https://www.bbc.com/news/articles/c205r8n0276o?at_medium=RSS&at_campaign=rss already exists.
2026-01-15 15:32:35,913 - INFO - [The Guardian] Early skip: URL https://www.theguardian.com/business/2026/jan/13/developing-countries-poorer-world-bank-report already exists.
2026-01-15 15:32:36,191 - INFO - [BBC] Article: https://www.bbc.com/news/articles/cp80zjx091yo?at_medium=RSS&at_campaign=rss
2026-01-15 15:32:36,191 - INFO - [BBC] Attempt 1/1: Trying with 'requests_browser' strategy...
2026-01-15 15:32:36,192 - INFO - [The Guardian] Early skip: URL https://www.theguardian.com/books/2026/jan/12/chimamanda-ngozi-adichie-accuses-lagos-hospital-negligence-son-death already exists.
2026-01-15 15:32:36,334 - INFO - [BBC] Success with 'requests_browser'. Found content (493 words).
2026-01-15 15:32:40,407 - INFO - Selenium driver initialized successfully.
2026-01-15 15:32:40,407 - INFO - Starting scrape for Times of India RSS feed: https://timesofindia.indiatimes.com/rssfeeds/296589292.cms
2026-01-15 15:32:40,409 - INFO - Selenium driver initialized successfully.
2026-01-15 15:32:40,409 - INFO - Starting scrape for The Hindu RSS feed: https://www.thehindu.com/news/national/feeder/default.rss
2026-01-15 15:32:40,703 - INFO - Found 100 articles in The Hindu RSS feed. Processing up to 30.
2026-01-15 15:32:40,846 - INFO - Found 20 articles in Times of India RSS feed. Processing up to 30.
2026-01-15 15:33:18,725 - INFO - DEDUPLICATION: Found match (Score: 0.87). Linking to Cluster ID: 0cbd29fb-44f6-4330-9a25-400ab6ebc01f
2026-01-15 15:33:18,727 - INFO - Saved article: Erfan Soltani: Iran denies plan to execute detained protester from BBC (493 words)
2026-01-15 15:33:18,727 - INFO - [The Guardian] Early skip: URL https://www.theguardian.com/global-development/2026/jan/09/the-gambia-female-genital-mutilation-fgm-supreme-court-case-overturn-ban already exists.
2026-01-15 15:33:18,980 - INFO - [The Hindu] Article: https://www.thehindu.com/videos/murder-of-democracy-opposition-claims-irregularities-in-maharashtra-civic-polls/article70512843.ece
2026-01-15 15:33:18,980 - INFO - [The Hindu] Attempt 1/1: Trying with 'selenium_browser' strategy...
2026-01-15 15:33:18,982 - INFO - [Times of India] Article: https://timesofindia.indiatimes.com/world/us/us-troops-return-to-qatar-base-iran-reopens-airspace-is-america-stepping-back-from-tehran-strike/articleshow/126548360.cms
2026-01-15 15:33:18,982 - INFO - [Times of India] Attempt 1/1: Trying with 'selenium_browser' strategy...
2026-01-15 15:33:18,982 - INFO - [The Guardian] Early skip: URL https://www.theguardian.com/us-news/live/2026/jan/15/us-politics-latest-news-updates-donald-trump-venezuela-maria-corina-machado already exists.
2026-01-15 15:33:19,261 - INFO - [The Guardian] Early skip: URL https://www.theguardian.com/us-news/2026/jan/15/trump-maria-corina-machado-venezuela already exists.
2026-01-15 15:33:19,413 - INFO - [BBC] Early skip: URL https://www.bbc.com/news/articles/cg7vdpy1l2vo?at_medium=RSS&at_campaign=rss already exists.
2026-01-15 15:33:19,690 - INFO - [The Guardian] Early skip: URL https://www.theguardian.com/business/2026/jan/15/trump-big-oil-venezuela already exists.
2026-01-15 15:33:19,757 - INFO - [The Hindu] Page content loaded.
2026-01-15 15:33:19,837 - INFO - [BBC] Early skip: URL https://www.bbc.com/news/articles/cp3z7441nz7o?at_medium=RSS&at_campaign=rss already exists.
2026-01-15 15:33:19,994 - INFO - [The Hindu] Success with 'selenium_browser'. Found content (123 words).
2026-01-15 15:33:20,068 - INFO - [The Guardian] Early skip: URL https://www.theguardian.com/world/2026/jan/14/venezuelan-political-prisoners-released already exists.
2026-01-15 15:34:13,383 - INFO - Saved article: Page Not Found from The Hindu (123 words)
2026-01-15 15:34:13,383 - INFO - [BBC] Early skip: URL https://www.bbc.com/news/articles/cly56w0p9e1o?at_medium=RSS&at_campaign=rss already exists.
2026-01-15 15:34:13,608 - INFO - [The Guardian] Early skip: URL https://www.theguardian.com/world/2026/jan/14/quebec-premier-francois-legault-resigns already exists.
2026-01-15 15:34:13,906 - INFO - [BBC] Early skip: URL https://www.bbc.com/news/articles/cp80217r1kpo?at_medium=RSS&at_campaign=rss already exists.
2026-01-15 15:34:14,193 - INFO - [The Guardian] Early skip: URL https://www.theguardian.com/world/2026/jan/14/thailand-train-crane-accident-deaths already exists.
2026-01-15 15:34:14,452 - INFO - [BBC] Article: https://www.bbc.com/news/videos/c1wz807vpglo?at_medium=RSS&at_campaign=rss
2026-01-15 15:34:14,452 - INFO - [BBC] Attempt 1/1: Trying with 'requests_browser' strategy...
2026-01-15 15:34:14,453 - INFO - [The Hindu] Article: https://www.thehindu.com/news/national/japan-fm-motegi-eam-jaishankar-to-hold-strategic-dialogue-on-indo-pacific-ai-cooperation/article70512786.ece
2026-01-15 15:34:14,454 - INFO - [The Hindu] Attempt 1/1: Trying with 'selenium_browser' strategy...
2026-01-15 15:34:14,454 - INFO - [The Guardian] Early skip: URL https://www.theguardian.com/world/2026/jan/14/china-reports-record-trillion-dollar-trade-surplus-despite-trump-tariffs already exists.
2026-01-15 15:34:14,512 - WARNING - [BBC] FAILED with 'requests_browser' (content was too short: 82 words).
2026-01-15 15:34:14,512 - ERROR - [BBC] All scrape strategies failed for https://www.bbc.com/news/videos/c1wz807vpglo?at_medium=RSS&at_campaign=rss. Falling back to RSS description.
2026-01-15 15:34:14,512 - WARNING - SKIPPED (GLOBAL WORD LIMIT): Article 'Watch: Aerial footage shows cars swept away by flash floods in Australia' from BBC has only 15 words (Min: 90).
2026-01-15 15:34:14,658 - INFO - [The Guardian] Early skip: URL https://www.theguardian.com/world/2026/jan/13/south-korean-prosecutors-demand-death-penalty-for-former-president-yoon-suk-yeol already exists.
2026-01-15 15:34:14,797 - INFO - [The Guardian] Early skip: URL https://www.theguardian.com/music/2026/jan/14/bts-announces-return-with-new-world-tourm-includin-in-2026-and-2027 already exists.
2026-01-15 15:34:15,024 - INFO - [The Guardian] Early skip: URL https://www.theguardian.com/world/2026/jan/13/workers-at-chinese-factory-that-produces-labubu-toys-are-being-exploited-says-ngo already exists.
2026-01-15 15:34:15,271 - INFO - [The Guardian] Early skip: URL https://www.theguardian.com/culture/2026/jan/15/british-indie-band-pulp-agree-to-play-adelaide-festival-after-boycott-u-turn already exists.
2026-01-15 15:34:15,430 - INFO - [The Guardian] Early skip: URL https://www.theguardian.com/australia-news/2026/jan/15/australia-u16-social-media-ban-millions-accounts-blocked already exists.
2026-01-15 15:34:15,589 - INFO - [BBC] Early skip: URL https://www.bbc.com/news/articles/cq6vm677z76o?at_medium=RSS&at_campaign=rss already exists.
2026-01-15 15:34:15,806 - INFO - [The Guardian] Early skip: URL https://www.theguardian.com/australia-news/2026/jan/15/hand-sanitiser-recall-dr-schwartz-hotel-chain-accc already exists.
2026-01-15 15:34:16,030 - INFO - [BBC] Early skip: URL https://www.bbc.com/news/articles/c205677pxvxo?at_medium=RSS&at_campaign=rss already exists.
2026-01-15 15:34:16,166 - INFO - [The Guardian] Early skip: URL https://www.theguardian.com/culture/2026/jan/15/jewish-american-columnist-thomas-friedman-says-he-was-uninvited-from-2024-adelaide-writers-week-ntwnfb already exists.
2026-01-15 15:34:16,394 - INFO - [BBC] Early skip: URL https://www.bbc.com/news/articles/cx2xn1yvgr4o?at_medium=RSS&at_campaign=rss already exists.
2026-01-15 15:34:16,559 - INFO - [The Guardian] Early skip: URL https://www.theguardian.com/australia-news/live/2026/jan/15/victoria-bushfires-school-data-hack-adelaide-writers-week-peter-malinauskas-labor-hate-speech-laws-political-reaction-anthony-albanese-sussan-ley-coalition-ntwnfb already exists.
2026-01-15 15:34:16,714 - INFO - [BBC] Early skip: URL https://www.bbc.com/news/articles/c3r197we875o?at_medium=RSS&at_campaign=rss already exists.
2026-01-15 15:34:16,949 - INFO - [The Guardian] Early skip: URL https://www.theguardian.com/uk-news/2026/jan/15/dutch-far-right-influencer-eva-vlaardingerbroek-banned already exists.
2026-01-15 15:34:17,149 - INFO - [BBC] Early skip: URL https://www.bbc.com/news/articles/cm2yvnen1qyo?at_medium=RSS&at_campaign=rss already exists.
2026-01-15 15:34:17,426 - INFO - [BBC] Early skip: URL https://www.bbc.com/news/articles/c801p8jppv5o?at_medium=RSS&at_campaign=rss already exists.
2026-01-15 15:34:17,701 - INFO - [The Guardian] Early skip: URL https://www.theguardian.com/world/2026/jan/15/paulus-potter-the-bull-mauritshuis-dutch-painting-testicles already exists.
2026-01-15 15:34:17,871 - INFO - [BBC] Early skip: URL https://www.bbc.com/news/articles/c8e54zp5j6no?at_medium=RSS&at_campaign=rss already exists.
2026-01-15 15:34:18,063 - INFO - [The Guardian] Early skip: URL https://www.theguardian.com/world/2026/jan/15/spain-climate-scientists-subjected-alarming-rise-hate-speech-minister-warns already exists.
2026-01-15 15:34:18,334 - INFO - [BBC] Early skip: URL https://www.bbc.com/news/articles/c99k4jxz0ndo?at_medium=RSS&at_campaign=rss already exists.
2026-01-15 15:34:18,504 - INFO - [The Guardian] Early skip: URL https://www.theguardian.com/world/2026/jan/15/greenland-defence-nato-denmark-prime-minister-european-troops already exists.
2026-01-15 15:34:18,652 - INFO - [BBC] Early skip: URL https://www.bbc.com/news/videos/c89q0y5xd79o?at_medium=RSS&at_campaign=rss already exists.
2026-01-15 15:34:18,902 - INFO - [The Guardian] Early skip: URL https://www.theguardian.com/world/2026/jan/15/greenland-new-shipping-routes-hidden-minerals-and-a-frontline-between-the-us-and-russia already exists.
2026-01-15 15:34:19,193 - INFO - [BBC] Early skip: URL https://www.bbc.com/news/videos/c3wz4v8xl8wo?at_medium=RSS&at_campaign=rss already exists.
2026-01-15 15:34:19,458 - INFO - [The Guardian] Early skip: URL https://www.theguardian.com/world/live/2026/jan/15/trump-iran-protests-usa-response-airspace-killings-live-updates already exists.
2026-01-15 15:34:19,629 - INFO - [BBC] Early skip: URL https://www.bbc.com/news/videos/cd7z8p0nq8jo?at_medium=RSS&at_campaign=rss already exists.
2026-01-15 15:34:19,801 - INFO - [The Guardian] Early skip: URL https://www.theguardian.com/world/2026/jan/15/iran-protest-killings-trump-tehran-claims-no-executions already exists.
2026-01-15 15:34:19,902 - INFO - [BBC] Article: https://www.bbc.com/news/videos/c4g0d892p7go?at_medium=RSS&at_campaign=rss
2026-01-15 15:34:19,902 - INFO - [BBC] Attempt 1/1: Trying with 'requests_browser' strategy...
2026-01-15 15:34:19,904 - INFO - [The Guardian] Early skip: URL https://www.theguardian.com/world/2026/jan/15/how-day-zero-water-shortages-in-iran-are-fuelling-protests already exists.
2026-01-15 15:34:19,962 - WARNING - [BBC] FAILED with 'requests_browser' (content was too short: 68 words).
2026-01-15 15:34:19,963 - ERROR - [BBC] All scrape strategies failed for https://www.bbc.com/news/videos/c4g0d892p7go?at_medium=RSS&at_campaign=rss. Falling back to RSS description.
2026-01-15 15:34:19,963 - WARNING - SKIPPED (GLOBAL WORD LIMIT): Article 'Trump vows 'very strong action' if Iran executes protesters' from BBC has only 22 words (Min: 90).
2026-01-15 15:34:20,111 - INFO - [The Guardian] Early skip: URL https://www.theguardian.com/world/live/2026/jan/14/iran-protests-live-updates-trump-us-action-death-toll-protester-executions-erfan-soltani already exists.
2026-01-15 15:34:20,354 - INFO - [The Guardian] Early skip: URL https://www.theguardian.com/world/2026/jan/14/iran-protests-erfan-soltani-donald-trump-warning-executions-hangings already exists.
2026-01-15 15:34:21,134 - INFO - [BBC] Early skip: URL https://www.bbc.com/news/videos/cr57v8y9r77o?at_medium=RSS&at_campaign=rss already exists.
2026-01-15 15:34:21,517 - INFO - [The Hindu] Page content loaded.
2026-01-15 15:34:21,717 - INFO - [The Hindu] Success with 'selenium_browser'. Found content (604 words).
2026-01-15 15:35:08,113 - INFO - Saved article: Japan FM Motegi, EAM Jaishankar to hold Strategic dialogue on Indo-Pacific, AI cooperation - The Hindu from The Hindu (604 words)
2026-01-15 15:35:09,099 - INFO - [The Hindu] Early skip: URL https://www.thehindu.com/news/national/uttar-pradesh-sir-rural-voters-count-supreme-count-election-commission/article70512766.ece already exists.
2026-01-15 15:35:09,387 - INFO - [The Hindu] Early skip: URL https://www.thehindu.com/news/national/odisha/group-clash-in-odisha-sundergarh-prohibitory-order-imposed/article70512763.ece already exists.
2026-01-15 15:35:09,661 - INFO - [The Hindu] Early skip: URL https://www.thehindu.com/news/national/democracy-delivers-in-india-as-people-are-at-centre-of-governance-says-pm-modi/article70512765.ece already exists.
2026-01-15 15:35:09,895 - INFO - [The Hindu] Article: https://www.thehindu.com/news/national/ai-emerging-tech-have-increased-efficiency-of-democracy-says-om-birla-cautions-against-misuse/article70512745.ece
2026-01-15 15:35:09,895 - INFO - [The Hindu] Attempt 1/1: Trying with 'selenium_browser' strategy...
2026-01-15 15:35:10,825 - INFO - [The Hindu] Page content loaded.
2026-01-15 15:35:11,072 - INFO - [The Hindu] Success with 'selenium_browser'. Found content (250 words).
2026-01-15 15:35:19,082 - ERROR - [Times of India] Request failed for strategy 'selenium_browser' on URL https://timesofindia.indiatimes.com/world/us/us-troops-return-to-qatar-base-iran-reopens-airspace-is-america-stepping-back-from-tehran-strike/articleshow/126548360.cms: HTTPConnectionPool(host='localhost', port=57443): Read timed out. (read timeout=120)
2026-01-15 15:35:19,082 - ERROR - [Times of India] All scrape strategies failed for https://timesofindia.indiatimes.com/world/us/us-troops-return-to-qatar-base-iran-reopens-airspace-is-america-stepping-back-from-tehran-strike/articleshow/126548360.cms. Falling back to RSS description.
2026-01-15 15:35:19,082 - WARNING - SKIPPED (GLOBAL WORD LIMIT): Article 'US troops return to Qatar base; Iran reopens airspace — is America stepping back from Tehran strike?' from Times of India has only 48 words (Min: 90).
2026-01-15 15:35:57,431 - INFO - Saved article: AI, emerging tech have increased efficiency of democracy, says Om Birla; cautions against misuse - The Hindu from The Hindu (250 words)
2026-01-15 15:35:57,431 - INFO - [Times of India] Article: https://timesofindia.indiatimes.com/world/rest-of-world/i-have-enough-skill-man-who-got-laid-off-in-canada-replies-to-go-back-to-india-jibe-on-tiktok/articleshow/126548356.cms
2026-01-15 15:35:57,431 - INFO - [Times of India] Attempt 1/1: Trying with 'selenium_browser' strategy...
2026-01-15 15:35:57,990 - INFO - [The Hindu] Article: https://www.thehindu.com/news/cities/Hyderabad/hyderabad-set-to-host-fashion-heritage-gala-at-residency-building/article70512503.ece
2026-01-15 15:35:57,990 - INFO - [The Hindu] Attempt 1/1: Trying with 'selenium_browser' strategy...
2026-01-15 15:35:59,430 - INFO - [The Hindu] Page content loaded.
2026-01-15 15:35:59,495 - INFO - [The Hindu] Success with 'selenium_browser'. Found content (301 words).
2026-01-15 15:36:44,946 - INFO - Saved article: Hyderabad set to host fashion-heritage gala at Residency building on January 16 - The Hindu from The Hindu (301 words)
2026-01-15 15:36:45,507 - INFO - [The Hindu] Article: https://www.thehindu.com/news/national/top-eu-leaders-to-visit-india-as-republic-day-guests-likely-to-sign-trade-deal/article70512707.ece
2026-01-15 15:36:45,507 - INFO - [The Hindu] Attempt 1/1: Trying with 'selenium_browser' strategy...
2026-01-15 15:36:49,682 - INFO - [The Hindu] Page content loaded.
2026-01-15 15:36:49,774 - INFO - [The Hindu] Success with 'selenium_browser'. Found content (548 words).
2026-01-15 15:37:34,947 - CRITICAL - --- TIMEOUT: 2 scrape jobs did not complete in 300s. ---
2026-01-15 15:37:34,947 - ERROR - A thread has timed out and will be abandoned.
2026-01-15 15:37:34,947 - ERROR - A thread has timed out and will be abandoned.
2026-01-15 15:37:34,947 - INFO - Shutting down thread pool (wait=False)...
2026-01-15 15:37:34,947 - INFO - Scraped: 0 The Guardian, 1 BBC, 2 Timed_Out_Jobs articles. (Total saved: 1)
2026-01-15 15:37:34,947 - INFO - --- Scraping job finished ---
2026-01-15 15:37:34,948 - INFO - --- Scraper service stopped and database connection closed. ---
2026-01-15 15:37:34,948 - INFO - --- Main thread finished. Forcing process exit to kill zombie threads. ---
