2026-02-01 18:43:37,641 - INFO - Loading AI Semantic Model (all-MiniLM-L6-v2)...
2026-02-01 18:43:37,641 - INFO - Use pytorch device_name: cpu
2026-02-01 18:43:37,641 - INFO - Load pretrained SentenceTransformer: all-MiniLM-L6-v2
2026-02-01 18:43:38,130 - INFO - HTTP Request: HEAD https://huggingface.co/sentence-transformers/all-MiniLM-L6-v2/resolve/main/modules.json "HTTP/1.1 307 Temporary Redirect"
2026-02-01 18:43:38,130 - WARNING - Warning: You are sending unauthenticated requests to the HF Hub. Please set a HF_TOKEN to enable higher rate limits and faster downloads.
2026-02-01 18:43:38,136 - INFO - HTTP Request: HEAD https://huggingface.co/api/resolve-cache/models/sentence-transformers/all-MiniLM-L6-v2/c9745ed1d9f207416be6d2e6f8de32d1f16199bf/modules.json "HTTP/1.1 200 OK"
2026-02-01 18:43:38,150 - INFO - HTTP Request: HEAD https://huggingface.co/sentence-transformers/all-MiniLM-L6-v2/resolve/main/config_sentence_transformers.json "HTTP/1.1 307 Temporary Redirect"
2026-02-01 18:43:38,155 - INFO - HTTP Request: HEAD https://huggingface.co/api/resolve-cache/models/sentence-transformers/all-MiniLM-L6-v2/c9745ed1d9f207416be6d2e6f8de32d1f16199bf/config_sentence_transformers.json "HTTP/1.1 200 OK"
2026-02-01 18:43:38,172 - INFO - HTTP Request: HEAD https://huggingface.co/sentence-transformers/all-MiniLM-L6-v2/resolve/main/config_sentence_transformers.json "HTTP/1.1 307 Temporary Redirect"
2026-02-01 18:43:38,177 - INFO - HTTP Request: HEAD https://huggingface.co/api/resolve-cache/models/sentence-transformers/all-MiniLM-L6-v2/c9745ed1d9f207416be6d2e6f8de32d1f16199bf/config_sentence_transformers.json "HTTP/1.1 200 OK"
2026-02-01 18:43:38,198 - INFO - HTTP Request: HEAD https://huggingface.co/sentence-transformers/all-MiniLM-L6-v2/resolve/main/README.md "HTTP/1.1 307 Temporary Redirect"
2026-02-01 18:43:38,203 - INFO - HTTP Request: HEAD https://huggingface.co/api/resolve-cache/models/sentence-transformers/all-MiniLM-L6-v2/c9745ed1d9f207416be6d2e6f8de32d1f16199bf/README.md "HTTP/1.1 200 OK"
2026-02-01 18:43:38,219 - INFO - HTTP Request: HEAD https://huggingface.co/sentence-transformers/all-MiniLM-L6-v2/resolve/main/modules.json "HTTP/1.1 307 Temporary Redirect"
2026-02-01 18:43:38,224 - INFO - HTTP Request: HEAD https://huggingface.co/api/resolve-cache/models/sentence-transformers/all-MiniLM-L6-v2/c9745ed1d9f207416be6d2e6f8de32d1f16199bf/modules.json "HTTP/1.1 200 OK"
2026-02-01 18:43:38,241 - INFO - HTTP Request: HEAD https://huggingface.co/sentence-transformers/all-MiniLM-L6-v2/resolve/main/sentence_bert_config.json "HTTP/1.1 307 Temporary Redirect"
2026-02-01 18:43:38,246 - INFO - HTTP Request: HEAD https://huggingface.co/api/resolve-cache/models/sentence-transformers/all-MiniLM-L6-v2/c9745ed1d9f207416be6d2e6f8de32d1f16199bf/sentence_bert_config.json "HTTP/1.1 200 OK"
2026-02-01 18:43:38,277 - INFO - HTTP Request: HEAD https://huggingface.co/sentence-transformers/all-MiniLM-L6-v2/resolve/main/adapter_config.json "HTTP/1.1 404 Not Found"
2026-02-01 18:43:38,293 - INFO - HTTP Request: HEAD https://huggingface.co/sentence-transformers/all-MiniLM-L6-v2/resolve/main/config.json "HTTP/1.1 307 Temporary Redirect"
2026-02-01 18:43:38,298 - INFO - HTTP Request: HEAD https://huggingface.co/api/resolve-cache/models/sentence-transformers/all-MiniLM-L6-v2/c9745ed1d9f207416be6d2e6f8de32d1f16199bf/config.json "HTTP/1.1 200 OK"
2026-02-01 18:43:38,429 - WARNING - BertModel LOAD REPORT from: sentence-transformers/all-MiniLM-L6-v2
Key                     | Status     |  | 
------------------------+------------+--+-
embeddings.position_ids | UNEXPECTED |  | 

Notes:
- UNEXPECTED	:can be ignored when loading from different task/architecture; not ok if you expect identical arch.
2026-02-01 18:43:38,445 - INFO - HTTP Request: HEAD https://huggingface.co/sentence-transformers/all-MiniLM-L6-v2/resolve/main/config.json "HTTP/1.1 307 Temporary Redirect"
2026-02-01 18:43:38,450 - INFO - HTTP Request: HEAD https://huggingface.co/api/resolve-cache/models/sentence-transformers/all-MiniLM-L6-v2/c9745ed1d9f207416be6d2e6f8de32d1f16199bf/config.json "HTTP/1.1 200 OK"
2026-02-01 18:43:38,466 - INFO - HTTP Request: HEAD https://huggingface.co/sentence-transformers/all-MiniLM-L6-v2/resolve/main/tokenizer_config.json "HTTP/1.1 307 Temporary Redirect"
2026-02-01 18:43:38,471 - INFO - HTTP Request: HEAD https://huggingface.co/api/resolve-cache/models/sentence-transformers/all-MiniLM-L6-v2/c9745ed1d9f207416be6d2e6f8de32d1f16199bf/tokenizer_config.json "HTTP/1.1 200 OK"
2026-02-01 18:43:38,489 - INFO - HTTP Request: GET https://huggingface.co/api/models/sentence-transformers/all-MiniLM-L6-v2/tree/main/additional_chat_templates?recursive=false&expand=false "HTTP/1.1 404 Not Found"
2026-02-01 18:43:38,512 - INFO - HTTP Request: GET https://huggingface.co/api/models/sentence-transformers/all-MiniLM-L6-v2/tree/main?recursive=true&expand=false "HTTP/1.1 200 OK"
2026-02-01 18:43:38,580 - INFO - HTTP Request: HEAD https://huggingface.co/sentence-transformers/all-MiniLM-L6-v2/resolve/main/1_Pooling/config.json "HTTP/1.1 307 Temporary Redirect"
2026-02-01 18:43:38,586 - INFO - HTTP Request: HEAD https://huggingface.co/api/resolve-cache/models/sentence-transformers/all-MiniLM-L6-v2/c9745ed1d9f207416be6d2e6f8de32d1f16199bf/1_Pooling%2Fconfig.json "HTTP/1.1 200 OK"
2026-02-01 18:43:38,603 - INFO - HTTP Request: GET https://huggingface.co/api/models/sentence-transformers/all-MiniLM-L6-v2 "HTTP/1.1 200 OK"
2026-02-01 18:43:38,607 - INFO - AI Model loaded successfully.
2026-02-01 18:43:38,607 - INFO - --- Scraper service started (CI Mode: Run Once) ---
2026-02-01 18:43:38,607 - INFO - --- Starting new scraping job (Parallel Mode) ---
2026-02-01 18:43:38,608 - INFO - Creating new robust session with 3 retries on 5xx/connection/read errors.
2026-02-01 18:43:38,608 - INFO - Proxy is DISABLED.
2026-02-01 18:43:38,608 - INFO - Starting scrape for BBC RSS feed: http://feeds.bbci.co.uk/news/world/rss.xml
2026-02-01 18:43:38,608 - INFO - [Times of India] (Thread) requires Selenium. Initializing driver...
2026-02-01 18:43:38,609 - INFO - Starting scrape for The Guardian RSS feed: https://www.theguardian.com/world/rss
2026-02-01 18:43:38,611 - INFO - [The Hindu] (Thread) requires Selenium. Initializing driver...
2026-02-01 18:43:38,611 - INFO - Submitted 4 jobs to thread pool. Waiting up to 300s for completion...
2026-02-01 18:43:38,798 - INFO - Found 45 articles in The Guardian RSS feed. Processing up to 30.
2026-02-01 18:43:38,798 - INFO - [The Guardian] Early skip: URL https://www.theguardian.com/world/2026/jan/30/more-than-200-killed-in-coltan-mine-collapse-in-eastern-drc-officials-say already exists.
2026-02-01 18:43:38,853 - INFO - Found 42 articles in BBC RSS feed. Processing up to 30.
2026-02-01 18:43:39,019 - INFO - [BBC] Early skip: URL https://www.bbc.com/news/articles/cdre7g2je63o?at_medium=RSS&at_campaign=rss already exists.
2026-02-01 18:43:39,296 - INFO - [The Guardian] Early skip: URL https://www.theguardian.com/world/2026/jan/30/niger-airport-airbase-attack-islamic-state already exists.
2026-02-01 18:43:39,406 - INFO - [BBC] Early skip: URL https://www.bbc.com/news/articles/cn82elvzpz7o?at_medium=RSS&at_campaign=rss already exists.
2026-02-01 18:43:39,607 - INFO - [The Guardian] Early skip: URL https://www.theguardian.com/world/2026/jan/30/south-africa-expels-israel-diplomat-insults-president already exists.
2026-02-01 18:43:39,770 - INFO - [BBC] Early skip: URL https://www.bbc.com/news/articles/cwynzw7jd4go?at_medium=RSS&at_campaign=rss already exists.
2026-02-01 18:43:39,940 - INFO - [The Guardian] Early skip: URL https://www.theguardian.com/world/2026/jan/29/gunfire-blasts-heard-airport-niamey-niger-planes-hit-reports already exists.
2026-02-01 18:43:40,083 - INFO - [BBC] Early skip: URL https://www.bbc.com/news/articles/cx20z5nv9jxo?at_medium=RSS&at_campaign=rss already exists.
2026-02-01 18:43:40,346 - INFO - [The Guardian] Early skip: URL https://www.theguardian.com/world/2026/jan/26/hundreds-feared-dead-after-attempting-to-cross-mediterranean-amid-cyclone-harry already exists.
2026-02-01 18:43:40,601 - INFO - [BBC] Early skip: URL https://www.bbc.com/news/articles/cvg1ymmkpkro?at_medium=RSS&at_campaign=rss already exists.
2026-02-01 18:43:40,783 - INFO - [The Guardian] Early skip: URL https://www.theguardian.com/us-news/2026/feb/01/mexico-moves-to-combat-pollution-following-guardian-investigations already exists.
2026-02-01 18:43:41,082 - INFO - [BBC] Early skip: URL https://www.bbc.com/news/articles/c0lxr1ne52ro?at_medium=RSS&at_campaign=rss already exists.
2026-02-01 18:43:41,187 - INFO - [The Guardian] Early skip: URL https://www.theguardian.com/world/2026/feb/01/cuba-fuel-shortage-trump-tariffs already exists.
2026-02-01 18:43:41,352 - INFO - [BBC] Early skip: URL https://www.bbc.com/news/articles/cgqedv5elzpo?at_medium=RSS&at_campaign=rss already exists.
2026-02-01 18:43:41,476 - INFO - [The Guardian] Early skip: URL https://www.theguardian.com/world/2026/feb/01/costa-rica-polls-fears-authoritarian-turn-laura-fernandez already exists.
2026-02-01 18:43:41,734 - INFO - [BBC] Early skip: URL https://www.bbc.com/news/articles/cd9e4xw8vqqo?at_medium=RSS&at_campaign=rss already exists.
2026-02-01 18:43:41,859 - INFO - [The Guardian] Early skip: URL https://www.theguardian.com/world/2026/jan/30/mexico-sheinbaum-trump-tariffs-cuba-oil-crisis already exists.
2026-02-01 18:43:42,005 - INFO - [BBC] Early skip: URL https://www.bbc.com/news/articles/c77k0nlvx3yo?at_medium=RSS&at_campaign=rss already exists.
2026-02-01 18:43:42,199 - INFO - [The Guardian] Early skip: URL https://www.theguardian.com/world/2026/jan/30/court-ends-hong-kong-china-panama-canal-contracts already exists.
2026-02-01 18:43:42,361 - INFO - [BBC] Early skip: URL https://www.bbc.com/news/articles/cn42nedxqyqo?at_medium=RSS&at_campaign=rss already exists.
2026-02-01 18:43:42,552 - INFO - [The Guardian] Early skip: URL https://www.theguardian.com/business/2026/feb/01/us-uk-eu-australia-critical-minerals-rare-earths-g7-minimum-price already exists.
2026-02-01 18:43:42,819 - INFO - [BBC] Early skip: URL https://www.bbc.com/news/articles/c0mk3v2k3r0o?at_medium=RSS&at_campaign=rss already exists.
2026-02-01 18:43:42,921 - INFO - [The Guardian] Early skip: URL https://www.theguardian.com/world/2026/feb/01/living-hell-of-north-koreas-paradise-on-earth-scheme-back-in-spotlight-in-japan already exists.
2026-02-01 18:43:43,120 - INFO - [BBC] Early skip: URL https://www.bbc.com/news/articles/cyv5z76jmpvo?at_medium=RSS&at_campaign=rss already exists.
2026-02-01 18:43:43,278 - INFO - [The Guardian] Early skip: URL https://www.theguardian.com/world/2026/jan/31/starmer-hopes-his-china-trip-will-begin-the-thaw-after-recent-ice-age already exists.
2026-02-01 18:43:43,543 - INFO - [BBC] Early skip: URL https://www.bbc.com/news/articles/cnvgljj1dygo?at_medium=RSS&at_campaign=rss already exists.
2026-02-01 18:43:43,753 - INFO - [The Guardian] Early skip: URL https://www.theguardian.com/politics/live/2026/jan/30/donald-trump-keir-starmer-china-uk-us-trade-deals-tariffs-latest-news already exists.
2026-02-01 18:43:43,907 - INFO - [BBC] Early skip: URL https://www.bbc.com/news/articles/cd9ew5p3zvko?at_medium=RSS&at_campaign=rss already exists.
2026-02-01 18:43:44,083 - INFO - [The Guardian] Early skip: URL https://www.theguardian.com/world/2026/jan/30/china-lifts-sanctions-british-mps-peers already exists.
2026-02-01 18:43:44,334 - INFO - [BBC] Early skip: URL https://www.bbc.com/news/articles/cm2ygq5p2l3o?at_medium=RSS&at_campaign=rss already exists.
2026-02-01 18:43:44,470 - INFO - [The Guardian] Early skip: URL https://www.theguardian.com/australia-news/2026/feb/01/spotlight-remains-on-a-coalition-in-chaos-as-parliament-returns-with-splits-and-spills-looming-over-policy already exists.
2026-02-01 18:43:44,740 - INFO - [BBC] Early skip: URL https://www.bbc.com/news/articles/crmlr0nk8y9o?at_medium=RSS&at_campaign=rss already exists.
2026-02-01 18:43:45,009 - INFO - [The Guardian] Early skip: URL https://www.theguardian.com/australia-news/2026/feb/02/government-gambling-ads-reform-labor-wells already exists.
2026-02-01 18:43:45,309 - INFO - [BBC] Early skip: URL https://www.bbc.com/news/articles/czejk8pnk82o?at_medium=RSS&at_campaign=rss already exists.
2026-02-01 18:43:45,423 - INFO - [The Guardian] Early skip: URL https://www.theguardian.com/science/2026/feb/02/cosmic-dust-how-life-on-earth-began-meteorites-sydney-lab already exists.
2026-02-01 18:43:45,654 - INFO - [BBC] Early skip: URL https://www.bbc.com/news/articles/cyv5l24mrjmo?at_medium=RSS&at_campaign=rss already exists.
2026-02-01 18:43:45,945 - INFO - [The Guardian] Early skip: URL https://www.theguardian.com/australia-news/2026/feb/02/real-estate-agents-in-australia-using-apps-that-leave-millions-of-lease-documents-at-risk-digital-researcher-says already exists.
2026-02-01 18:43:46,126 - INFO - [BBC] Early skip: URL https://www.bbc.com/news/articles/cdjn0nmnjmwo?at_medium=RSS&at_campaign=rss already exists.
2026-02-01 18:43:46,369 - INFO - [The Guardian] Early skip: URL https://www.theguardian.com/australia-news/live/2026/feb/01/news-live-australia-statement-israel-unrwa-ruston-liberal-party-nationals-sussan-ley-anthony-albanese-heatwave-weather-ntwnfb already exists.
2026-02-01 18:43:46,542 - INFO - [BBC] Early skip: URL https://www.bbc.com/news/articles/c78egvpkm77o?at_medium=RSS&at_campaign=rss already exists.
2026-02-01 18:43:46,748 - INFO - [The Guardian] Article: https://www.theguardian.com/world/2026/feb/01/norway-crown-princess-contact-epstein-files-appear-to-show
2026-02-01 18:43:46,748 - INFO - [The Guardian] Attempt 1/1: Trying with 'requests_browser' strategy...
2026-02-01 18:43:46,749 - INFO - [BBC] Early skip: URL https://www.bbc.com/news/articles/ce8rk33dpvmo?at_medium=RSS&at_campaign=rss already exists.
2026-02-01 18:43:46,788 - INFO - [The Guardian] Success with 'requests_browser'. Found content (610 words).
2026-02-01 18:43:58,636 - INFO - Selenium driver initialized successfully.
2026-02-01 18:43:58,636 - INFO - Selenium driver initialized successfully.
2026-02-01 18:43:58,636 - INFO - Starting scrape for The Hindu RSS feed: https://www.thehindu.com/news/national/feeder/default.rss
2026-02-01 18:43:58,636 - INFO - Starting scrape for Times of India RSS feed: https://timesofindia.indiatimes.com/rssfeeds/296589292.cms
2026-02-01 18:43:58,929 - INFO - Found 20 articles in Times of India RSS feed. Processing up to 30.
2026-02-01 18:43:59,622 - INFO - Found 100 articles in The Hindu RSS feed. Processing up to 30.
2026-02-01 18:44:26,269 - INFO - DEDUPLICATION: Found match (Score: 0.76). Linking to Cluster ID: 31115780-1bad-4006-a47f-eb927fb19eaa
2026-02-01 18:44:26,271 - INFO - Saved article: Norway’s crown princess had years of contact with Epstein, files appear to show | Norway | The Guardian from The Guardian (610 words)
2026-02-01 18:44:26,271 - INFO - [BBC] Early skip: URL https://www.bbc.com/news/articles/clymp8v7ye2o?at_medium=RSS&at_campaign=rss already exists.
2026-02-01 18:44:26,434 - INFO - [Times of India] Article: https://timesofindia.indiatimes.com/etimes/trending/dismissed-as-piles-fit-31-year-old-warns-against-silent-cancer-symptoms-after-big-ominous-tumour-found/articleshow/127843084.cms
2026-02-01 18:44:26,435 - INFO - [Times of India] Attempt 1/1: Trying with 'selenium_browser' strategy...
2026-02-01 18:44:26,435 - INFO - [The Hindu] Article: https://www.thehindu.com/news/national/karnataka/national-fibre-scheme-to-integrate-various-schemes-for-natural-and-man-made-fibres-under-textiles-ministry/article70579977.ece
2026-02-01 18:44:26,435 - INFO - [The Hindu] Attempt 1/1: Trying with 'selenium_browser' strategy...
2026-02-01 18:44:26,436 - INFO - [BBC] Early skip: URL https://www.bbc.com/news/articles/cd9ew2kwj0lo?at_medium=RSS&at_campaign=rss already exists.
2026-02-01 18:44:26,675 - INFO - [BBC] Early skip: URL https://www.bbc.com/news/articles/c14r1023yy6o?at_medium=RSS&at_campaign=rss already exists.
2026-02-01 18:44:26,850 - INFO - [BBC] Early skip: URL https://www.bbc.com/news/articles/cdjnp9m8wvgo?at_medium=RSS&at_campaign=rss already exists.
2026-02-01 18:44:27,072 - INFO - [BBC] Early skip: URL https://www.bbc.com/news/articles/cly381dvnvzo?at_medium=RSS&at_campaign=rss already exists.
2026-02-01 18:44:27,314 - INFO - [BBC] Early skip: URL https://www.bbc.com/news/articles/cr579mdv4m7o?at_medium=RSS&at_campaign=rss already exists.
2026-02-01 18:44:27,500 - INFO - [BBC] Early skip: URL https://www.bbc.com/news/articles/cwy12z197q8o?at_medium=RSS&at_campaign=rss already exists.
2026-02-01 18:44:27,783 - INFO - [The Guardian] Article: https://www.theguardian.com/politics/2026/feb/01/uk-should-consider-resuming-talks-on-eu-defence-pact-starmer-says
2026-02-01 18:44:27,783 - INFO - [The Guardian] Attempt 1/1: Trying with 'requests_browser' strategy...
2026-02-01 18:44:27,784 - INFO - [BBC] Early skip: URL https://www.bbc.com/news/articles/cevnmxyy4wjo?at_medium=RSS&at_campaign=rss already exists.
2026-02-01 18:44:27,806 - INFO - [The Guardian] Success with 'requests_browser'. Found content (827 words).
2026-02-01 18:44:33,988 - INFO - [The Hindu] Page content loaded.
2026-02-01 18:44:34,207 - INFO - [The Hindu] Success with 'selenium_browser'. Found content (306 words).
2026-02-01 18:45:02,256 - ERROR - [Times of India] Request failed for strategy 'selenium_browser' on URL https://timesofindia.indiatimes.com/etimes/trending/dismissed-as-piles-fit-31-year-old-warns-against-silent-cancer-symptoms-after-big-ominous-tumour-found/articleshow/127843084.cms: Message: timeout: Timed out receiving message from renderer: 19.774
  (Session info: chrome=144.0.7559.96)
Stacktrace:
#0 0x564212dcf4ba <unknown>
#1 0x564212838492 <unknown>
#2 0x56421281fb47 <unknown>
#3 0x56421281f756 <unknown>
#4 0x56421281d271 <unknown>
#5 0x56421281dbff <unknown>
#6 0x56421282d150 <unknown>
#7 0x564212847147 <unknown>
#8 0x56421284e34b <unknown>
#9 0x56421281e369 <unknown>
#10 0x564212846eda <unknown>
#11 0x5642128d6a78 <unknown>
#12 0x56421287f6a2 <unknown>
#13 0x564212880491 <unknown>
#14 0x564212d95479 <unknown>
#15 0x564212d98391 <unknown>
#16 0x564212d81a89 <unknown>
#17 0x564212d98f4e <unknown>
#18 0x564212d68070 <unknown>
#19 0x564212dbcca8 <unknown>
#20 0x564212dbce78 <unknown>
#21 0x564212dce828 <unknown>
#22 0x7f06aac9caa4 <unknown>
#23 0x7f06aad29c6c <unknown>

2026-02-01 18:45:02,256 - ERROR - [Times of India] All scrape strategies failed for https://timesofindia.indiatimes.com/etimes/trending/dismissed-as-piles-fit-31-year-old-warns-against-silent-cancer-symptoms-after-big-ominous-tumour-found/articleshow/127843084.cms. Falling back to RSS description.
2026-02-01 18:45:02,256 - WARNING - SKIPPED (GLOBAL WORD LIMIT): Article 'Dismissed as piles: Fit 31-year-old warns against ‘silent’ cancer symptoms after ‘big, ominous’ tumour found' from Times of India has only 56 words (Min: 90).
2026-02-01 18:45:30,119 - INFO - DEDUPLICATION: Found match (Score: 0.88). Linking to Cluster ID: 93c26d39-adb0-436d-b230-21e0fd9a438f
2026-02-01 18:45:30,122 - INFO - Saved article: UK should consider resuming talks on EU defence pact, Starmer says | Defence policy | The Guardian from The Guardian (827 words)
2026-02-01 18:45:30,122 - INFO - [BBC] Early skip: URL https://www.bbc.com/news/articles/cm2xj3ykpj4o?at_medium=RSS&at_campaign=rss already exists.
2026-02-01 18:46:10,680 - INFO - Saved article: National Fibre scheme to integrate various schemes for natural and man-made fibres under Textiles Ministry - The Hindu from The Hindu (306 words)
2026-02-01 18:46:10,680 - INFO - [Times of India] Early skip: URL https://timesofindia.indiatimes.com/world/uk/prince-andrews-ex-wife-sarah-ferguson-told-epstein-just-marry-me-after-he-was-released-from-jail/articleshow/127843847.cms already exists.
2026-02-01 18:46:10,830 - INFO - [The Guardian] Early skip: URL https://www.theguardian.com/world/2026/feb/01/russian-drone-attack-on-bus-carrying-mine-workers-ukraine-kills already exists.
2026-02-01 18:46:11,069 - INFO - [Times of India] Early skip: URL https://timesofindia.indiatimes.com/world/middle-east/dubai-crown-prince-sheikh-hamdan-unveils-dh500m-umm-suqeim-beach-makeover/articleshow/127842496.cms already exists.
2026-02-01 18:46:11,297 - INFO - [The Guardian] Early skip: URL https://www.theguardian.com/world/2026/feb/01/likeness-of-restored-angel-to-giorgia-meloni-triggers-investigations-in-rome already exists.
2026-02-01 18:46:11,581 - INFO - [Times of India] Early skip: URL https://timesofindia.indiatimes.com/business/if-you-bought-just-1-of-bitcoin-when-it-launched-17-years-ago-how-rich-would-you-be-today/articleshow/127841336.cms already exists.
2026-02-01 18:46:11,746 - INFO - [The Guardian] Early skip: URL https://www.theguardian.com/film/2026/feb/01/italy-historic-cars-recreated-film-maserati already exists.
2026-02-01 18:46:11,893 - INFO - [Times of India] Early skip: URL https://timesofindia.indiatimes.com/world/middle-east/should-uae-expats-remit-now-weak-indian-pakistani-rupee-and-filipino-peso-offer-big-gains-against-dirham/articleshow/127841840.cms already exists.
2026-02-01 18:46:12,040 - INFO - [Times of India] Early skip: URL https://timesofindia.indiatimes.com/world/us/a-morning-commute-a-shattered-family-new-york-officers-death-renews-call-against-drunk-driving/articleshow/127842767.cms already exists.
2026-02-01 18:46:12,263 - INFO - [The Guardian] Early skip: URL https://www.theguardian.com/world/2026/jan/31/trump-hints-at-deal-with-iran-to-avoid-military-strikes already exists.
2026-02-01 18:46:12,547 - INFO - [The Hindu] Article: https://www.thehindu.com/news/national/manipur/nearing-one-year-of-presidents-rule-in-manipur-bjp-mlas-and-alliance-partners-called-to-delhi-for-meeting/article70580078.ece
2026-02-01 18:46:12,547 - INFO - [The Hindu] Attempt 1/1: Trying with 'selenium_browser' strategy...
2026-02-01 18:46:12,548 - INFO - [Times of India] Early skip: URL https://timesofindia.indiatimes.com/world/europe/russia-ukraine-war-fresh-round-of-trilateral-peace-talks-rescheduled-as-zelenskyy-announces-new-dates-amid-territorial-deadlock/articleshow/127842640.cms already exists.
2026-02-01 18:46:12,826 - INFO - [The Guardian] Early skip: URL https://www.theguardian.com/world/2026/feb/01/preparations-begin-for-reopening-of-gaza-rafah-crossing-officials-say already exists.
2026-02-01 18:46:13,000 - INFO - [Times of India] Early skip: URL https://timesofindia.indiatimes.com/world/us/from-trump-is-cool-to-cutting-ties-us-boxer-ryan-garcia-quits-maga-camp-over-epstein-links/articleshow/127841582.cms already exists.
2026-02-01 18:46:13,252 - INFO - [Times of India] Early skip: URL https://timesofindia.indiatimes.com/world/middle-east/tax-revolution-in-the-uae-e-invoicing-will-change-how-you-get-paid-no-more-manual-vat-fixes/articleshow/127840838.cms already exists.
2026-02-01 18:46:13,381 - INFO - [Times of India] Early skip: URL https://timesofindia.indiatimes.com/world/middle-east/bahrain-successfully-completes-nationwide-emergency-alert-system-test/articleshow/127839819.cms already exists.
2026-02-01 18:46:13,605 - INFO - [The Guardian] Early skip: URL https://www.theguardian.com/world/2026/feb/01/calls-grow-in-iran-for-independent-inquiry-into-protest-death-toll already exists.
2026-02-01 18:46:13,822 - INFO - [Times of India] Early skip: URL https://timesofindia.indiatimes.com/world/middle-east/this-time-it-will-be-a-regional-war-khamenei-warns-us-middle-east-allies-slams-trumps-rhetoric/articleshow/127839985.cms already exists.
2026-02-01 18:46:14,032 - INFO - [The Guardian] Early skip: URL https://www.theguardian.com/uk-news/2026/feb/01/british-army-chief-government-drugs-mdma-therapy-veterans already exists.
2026-02-01 18:46:14,226 - INFO - [Times of India] Early skip: URL https://timesofindia.indiatimes.com/world/rest-of-world/long-lost-cave-in-new-zealand-reveals-million-year-old-wildlife-extinct-birds-and-a-kkp-ancestor/articleshow/127839328.cms already exists.
2026-02-01 18:46:14,429 - INFO - [The Guardian] Early skip: URL https://www.theguardian.com/world/2026/jan/31/israeli-strikes-gaza-kill-at-least-12-reports already exists.
2026-02-01 18:46:14,559 - INFO - [Times of India] Early skip: URL https://timesofindia.indiatimes.com/world/middle-east/uae-signs-20-million-agreement-with-un-world-food-programme-for-sudan/articleshow/127838576.cms already exists.
2026-02-01 18:46:14,619 - INFO - [The Hindu] Page content loaded.
2026-02-01 18:46:14,792 - INFO - [Times of India] Early skip: URL https://timesofindia.indiatimes.com/world/us/if-i-wanted-to-party-with-young-girls-elon-musk-reacts-to-jeffrey-epstein-email/articleshow/127837268.cms already exists.
2026-02-01 18:46:14,954 - INFO - [Times of India] Early skip: URL https://timesofindia.indiatimes.com/world/middle-east/iran-hit-by-5-3-magnitude-earthquake-uae-confirms-no-damage/articleshow/127835642.cms already exists.
2026-02-01 18:46:15,187 - INFO - [Times of India] Early skip: URL https://timesofindia.indiatimes.com/world/middle-east/for-the-first-time-in-its-history-uae-non-oil-foreign-trade-crosses-1-trillion/articleshow/127834638.cms already exists.
2026-02-01 18:46:15,318 - INFO - [The Hindu] Success with 'selenium_browser'. Found content (518 words).
2026-02-01 18:46:15,364 - INFO - [Times of India] Early skip: URL https://timesofindia.indiatimes.com/world/us/epstein-files-claim-bill-gates-caught-std-from-russian-girls-sought-antibiotic-for-ex-wife-melinda/articleshow/127834135.cms already exists.
2026-02-01 18:46:56,076 - INFO - Saved article: Nearing one year of President’s Rule in Manipur, BJP MLAs and alliance partners called to Delhi for meeting - The Hindu from The Hindu (518 words)
2026-02-01 18:46:56,077 - INFO - [Times of India] Early skip: URL https://timesofindia.indiatimes.com/world/middle-east/abu-dhabi-introduces-pet-registration-rule-dh1000-fine-for-unregistered-dogs-and-cats/articleshow/127834026.cms already exists.
2026-02-01 18:46:56,344 - INFO - [Times of India] Early skip: URL https://timesofindia.indiatimes.com/world/middle-east/dubais-freelance-visa-trend-step-by-step-process-from-permit-to-residency-how-it-works-what-it-costs-and-who-can-apply/articleshow/127832966.cms already exists.
2026-02-01 18:46:56,556 - INFO - [Times of India] Early skip: URL https://timesofindia.indiatimes.com/world/us/despite-memes-and-mockery-melania-trump-documentary-broke-this-remarkable-box-office-record/articleshow/127833087.cms already exists.
2026-02-01 18:46:56,684 - INFO - [Times of India] (Thread) Finished. Attempting to shut down its Selenium driver.
2026-02-01 18:46:56,999 - INFO - [Times of India] (Thread) driver.quit() successful.
2026-02-01 18:46:57,277 - INFO - [The Hindu] Article: https://www.thehindu.com/news/national/tamil-nadu/state-highways-dept-commences-work-on-bridge-across-palar-river/article70578014.ece
2026-02-01 18:46:57,277 - INFO - [The Hindu] Attempt 1/1: Trying with 'selenium_browser' strategy...
2026-02-01 18:46:58,193 - INFO - [The Hindu] Page content loaded.
2026-02-01 18:46:58,267 - INFO - [The Hindu] Success with 'selenium_browser'. Found content (343 words).
2026-02-01 18:47:37,431 - INFO - Saved article: State Highways Dept. commences work on bridge across Palar river - The Hindu from The Hindu (343 words)
2026-02-01 18:47:38,365 - INFO - [The Hindu] Article: https://www.thehindu.com/business/budget/budget-2026-moots-several-proposals-to-rejuvenate-indigenous-shipping/article70578875.ece
2026-02-01 18:47:38,365 - INFO - [The Hindu] Attempt 1/1: Trying with 'selenium_browser' strategy...
2026-02-01 18:47:39,561 - INFO - [The Hindu] Page content loaded.
2026-02-01 18:47:39,645 - INFO - [The Hindu] Success with 'selenium_browser'. Found content (540 words).
2026-02-01 18:48:19,310 - INFO - Saved article: Budget 2026 moots several proposals to rejuvenate indigenous shipping - The Hindu from The Hindu (540 words)
2026-02-01 18:48:20,616 - INFO - [The Hindu] Article: https://www.thehindu.com/news/national/kerala/resist-efforts-to-revive-unscientific-practices-kerala-cm/article70579798.ece
2026-02-01 18:48:20,616 - INFO - [The Hindu] Attempt 1/1: Trying with 'selenium_browser' strategy...
2026-02-01 18:48:21,806 - INFO - [The Hindu] Page content loaded.
2026-02-01 18:48:21,885 - INFO - [The Hindu] Success with 'selenium_browser'. Found content (257 words).
2026-02-01 18:48:38,611 - CRITICAL - --- TIMEOUT: 1 scrape jobs did not complete in 300s. ---
2026-02-01 18:48:38,611 - ERROR - A thread has timed out and will be abandoned.
2026-02-01 18:48:38,611 - INFO - Shutting down thread pool (wait=False)...
2026-02-01 18:48:38,612 - INFO - Scraped: 2 The Guardian, 0 BBC, 0 Times of India, 1 Timed_Out_Jobs articles. (Total saved: 2)
2026-02-01 18:48:38,612 - INFO - --- Scraping job finished ---
2026-02-01 18:48:38,612 - INFO - --- Scraper service stopped and database connection closed. ---
2026-02-01 18:48:38,612 - INFO - --- Main thread finished. Forcing process exit to kill zombie threads. ---
