2026-01-04 15:43:29,253 - INFO - Loading AI Semantic Model (all-MiniLM-L6-v2)...
2026-01-04 15:43:29,253 - INFO - Use pytorch device_name: cpu
2026-01-04 15:43:29,253 - INFO - Load pretrained SentenceTransformer: all-MiniLM-L6-v2
2026-01-04 15:43:30,031 - INFO - AI Model loaded successfully.
2026-01-04 15:43:30,032 - INFO - --- Scraper service started (CI Mode: Run Once) ---
2026-01-04 15:43:30,032 - INFO - --- Starting new scraping job (Parallel Mode) ---
2026-01-04 15:43:30,032 - INFO - Creating new robust session with 3 retries on 5xx/connection/read errors.
2026-01-04 15:43:30,032 - INFO - Proxy is DISABLED.
2026-01-04 15:43:30,032 - INFO - Starting scrape for BBC RSS feed: http://feeds.bbci.co.uk/news/world/rss.xml
2026-01-04 15:43:30,033 - INFO - [Times of India] (Thread) requires Selenium. Initializing driver...
2026-01-04 15:43:30,034 - INFO - Starting scrape for The Guardian RSS feed: https://www.theguardian.com/world/rss
2026-01-04 15:43:30,034 - INFO - [The Hindu] (Thread) requires Selenium. Initializing driver...
2026-01-04 15:43:30,035 - INFO - Submitted 4 jobs to thread pool. Waiting up to 300s for completion...
2026-01-04 15:43:30,152 - INFO - Found 45 articles in The Guardian RSS feed. Processing up to 30.
2026-01-04 15:43:30,152 - INFO - [The Guardian] Early skip: URL https://www.theguardian.com/world/2026/jan/02/anthony-joshuas-driver-charged-with-dangerous-driving-after-fatal-crash-in-nigeria already exists.
2026-01-04 15:43:30,318 - INFO - Found 25 articles in BBC RSS feed. Processing up to 30.
2026-01-04 15:43:30,375 - INFO - [BBC] Early skip: URL https://www.bbc.com/news/articles/c5y45nyz124o?at_medium=RSS&at_campaign=rss already exists.
2026-01-04 15:43:30,646 - INFO - [The Guardian] Early skip: URL https://www.theguardian.com/science/2026/jan/01/cremation-pyre-in-africa-thought-to-be-worlds-oldest-containing-adult-remains already exists.
2026-01-04 15:43:30,853 - INFO - [BBC] Early skip: URL https://www.bbc.com/news/articles/cdred61epg4o?at_medium=RSS&at_campaign=rss already exists.
2026-01-04 15:43:30,983 - INFO - [The Guardian] Early skip: URL https://www.theguardian.com/global-development/2026/jan/01/us-aid-cuts-conditions-un-humanitarian-pledge-ocha already exists.
2026-01-04 15:43:31,137 - INFO - Selenium driver initialized successfully.
2026-01-04 15:43:31,137 - INFO - Selenium driver initialized successfully.
2026-01-04 15:43:31,138 - INFO - Starting scrape for The Hindu RSS feed: https://www.thehindu.com/news/national/feeder/default.rss
2026-01-04 15:43:31,138 - INFO - Starting scrape for Times of India RSS feed: https://timesofindia.indiatimes.com/rssfeeds/296589292.cms
2026-01-04 15:43:31,284 - INFO - [BBC] Early skip: URL https://www.bbc.com/news/articles/c86vq753nwpo?at_medium=RSS&at_campaign=rss already exists.
2026-01-04 15:43:31,318 - INFO - Found 100 articles in The Hindu RSS feed. Processing up to 30.
2026-01-04 15:43:31,377 - INFO - Found 20 articles in Times of India RSS feed. Processing up to 30.
2026-01-04 15:43:31,514 - INFO - [The Guardian] Early skip: URL https://www.theguardian.com/world/2025/dec/31/guinea-junta-chief-mamady-doumbouya-elected-president-after-opposition-boycott already exists.
2026-01-04 15:43:31,745 - INFO - [The Hindu] Article: https://www.thehindu.com/sci-tech/agriculture/centre-unveils-184-climate-resilient-seed-varieties-to-boost-output/article70471213.ece
2026-01-04 15:43:31,745 - INFO - [The Hindu] Attempt 1/1: Trying with 'selenium_browser' strategy...
2026-01-04 15:43:31,746 - INFO - [Times of India] Article: https://timesofindia.indiatimes.com/world/us/just-a-friendly-reminder-denmark-reacts-as-katie-miller-hints-greenland-is-next-after-venezuela/articleshow/126336354.cms
2026-01-04 15:43:31,746 - INFO - [Times of India] Attempt 1/1: Trying with 'selenium_browser' strategy...
2026-01-04 15:43:31,747 - INFO - [BBC] Early skip: URL https://www.bbc.com/news/articles/c3vel0xvlvgo?at_medium=RSS&at_campaign=rss already exists.
2026-01-04 15:43:32,047 - INFO - [The Guardian] Early skip: URL https://www.theguardian.com/world/2025/dec/30/saudi-arabia-uae-tension-future-yemen-boiling-point already exists.
2026-01-04 15:43:32,336 - INFO - [BBC] Early skip: URL https://www.bbc.com/news/articles/cgezjlzwz1do?at_medium=RSS&at_campaign=rss already exists.
2026-01-04 15:43:32,593 - INFO - [BBC] Early skip: URL https://www.bbc.com/news/articles/c0lxprn290xo?at_medium=RSS&at_campaign=rss already exists.
2026-01-04 15:43:32,846 - INFO - [The Guardian] Early skip: URL https://www.theguardian.com/world/live/2026/jan/04/nicolas-maduro-jailed-us-attack-venezuela-donald-trump-reaction-latest-news-updates-live already exists.
2026-01-04 15:43:33,049 - INFO - [BBC] Early skip: URL https://www.bbc.com/news/articles/czx1rpxzyx9o?at_medium=RSS&at_campaign=rss already exists.
2026-01-04 15:43:33,242 - INFO - [The Guardian] Early skip: URL https://www.theguardian.com/world/2026/jan/04/trump-new-focus-venezuelan-oil-war-on-drugs already exists.
2026-01-04 15:43:33,348 - INFO - [The Guardian] Early skip: URL https://www.theguardian.com/world/2026/jan/04/delcy-rodriguez-tightrope-venezuela-interim-leader already exists.
2026-01-04 15:43:33,627 - INFO - [The Guardian] Early skip: URL https://www.theguardian.com/world/2026/jan/03/why-trump-us-attacked-caracas-captured-venezuela-president-nicolas-maduro already exists.
2026-01-04 15:43:33,883 - INFO - [The Guardian] Early skip: URL https://www.theguardian.com/world/2026/jan/04/canada-us-health-institutions-information already exists.
2026-01-04 15:43:34,183 - INFO - [BBC] Early skip: URL https://www.bbc.com/news/articles/c4g4vypvqvxo?at_medium=RSS&at_campaign=rss already exists.
2026-01-04 15:43:34,465 - INFO - [BBC] Early skip: URL https://www.bbc.com/news/articles/c5y2r0yvj25o?at_medium=RSS&at_campaign=rss already exists.
2026-01-04 15:43:34,727 - INFO - [The Guardian] Early skip: URL https://www.theguardian.com/world/2026/jan/03/north-korea-has-fired-ballistic-missile-towards-the-sea-of-japan already exists.
2026-01-04 15:43:34,929 - INFO - [The Guardian] Early skip: URL https://www.theguardian.com/world/2026/jan/02/kim-jong-un-daughter-ju-ae-north-korean-ruler-speculation already exists.
2026-01-04 15:43:35,205 - INFO - [The Guardian] Early skip: URL https://www.theguardian.com/music/2026/jan/01/newjeans-member-danielle-sued-for-millions-after-bitter-feud-with-k-pop-record-label already exists.
2026-01-04 15:43:35,434 - INFO - [BBC] Early skip: URL https://www.bbc.com/news/articles/c2057md3gvro?at_medium=RSS&at_campaign=rss already exists.
2026-01-04 15:43:35,560 - INFO - [BBC] Early skip: URL https://www.bbc.com/news/articles/c1m7l8keyexo?at_medium=RSS&at_campaign=rss already exists.
2026-01-04 15:43:35,690 - INFO - [BBC] Early skip: URL https://www.bbc.com/news/articles/crmlz7r0zrxo?at_medium=RSS&at_campaign=rss already exists.
2026-01-04 15:43:35,877 - INFO - [BBC] Early skip: URL https://www.bbc.com/news/articles/c0q4dg1kn8vo?at_medium=RSS&at_campaign=rss already exists.
2026-01-04 15:43:36,080 - INFO - [The Guardian] Early skip: URL https://www.theguardian.com/world/2025/dec/31/xi-jinping-vows-reunification-china-taiwan-new-years-eve-speech already exists.
2026-01-04 15:43:36,246 - INFO - [The Guardian] Early skip: URL https://www.theguardian.com/business/2025/dec/31/china-forecast-to-have-sold-one-in-every-10-new-cars-in-uk-in-2025 already exists.
2026-01-04 15:43:36,470 - INFO - [The Guardian] Early skip: URL https://www.theguardian.com/australia-news/2026/jan/04/police-call-off-seperate-searches-for-missing-teen-boy-and-another-man-off-two-sydney-beaches already exists.
2026-01-04 15:43:36,599 - INFO - [BBC] Early skip: URL https://www.bbc.com/news/articles/c93n4nx5yqro?at_medium=RSS&at_campaign=rss already exists.
2026-01-04 15:43:36,759 - INFO - [The Guardian] Early skip: URL https://www.theguardian.com/australia-news/2026/jan/04/crowd-roars-in-standing-ovation-for-bondi-hero-ahmed-al-ahmed-at-sold-out-ashes-test-in-sydney-ntwnfb already exists.
2026-01-04 15:43:36,862 - INFO - [BBC] Early skip: URL https://www.bbc.com/news/articles/cj0e36p74v1o?at_medium=RSS&at_campaign=rss already exists.
2026-01-04 15:43:37,047 - INFO - [BBC] Early skip: URL https://www.bbc.com/news/articles/cqxq32zzq8eo?at_medium=RSS&at_campaign=rss already exists.
2026-01-04 15:43:37,225 - INFO - [The Guardian] Early skip: URL https://www.theguardian.com/australia-news/2026/jan/04/more-than-60-prominent-sportspeople-call-for-federal-royal-commission-after-bondi-attack-ntwnfb already exists.
2026-01-04 15:43:37,450 - INFO - [The Guardian] Early skip: URL https://www.theguardian.com/world/2026/jan/04/albanese-calls-for-peaceful-democratic-transition-of-power-in-venezuela-after-us-capture-of-nicolas-maduro already exists.
2026-01-04 15:43:37,745 - INFO - [The Guardian] Early skip: URL https://www.theguardian.com/australia-news/2026/jan/04/missing-worker-found-dead-after-roof-collapse-deep-underground-at-queensland-coalmine-ntwnfb already exists.
2026-01-04 15:43:37,952 - INFO - [The Guardian] Early skip: URL https://www.theguardian.com/politics/2026/jan/04/starmer-says-closer-ties-eu-single-market-preferable-customs-union already exists.
2026-01-04 15:43:38,199 - INFO - [BBC] Early skip: URL https://www.bbc.com/news/articles/ce8edj7y5z9o?at_medium=RSS&at_campaign=rss already exists.
2026-01-04 15:43:38,456 - INFO - [BBC] Early skip: URL https://www.bbc.com/news/videos/cly308pn4r8o?at_medium=RSS&at_campaign=rss already exists.
2026-01-04 15:43:38,741 - INFO - [BBC] Article: https://www.bbc.com/news/videos/c5y2xqgjd7eo?at_medium=RSS&at_campaign=rss
2026-01-04 15:43:38,741 - INFO - [BBC] Attempt 1/1: Trying with 'requests_browser' strategy...
2026-01-04 15:43:38,743 - INFO - [The Guardian] Early skip: URL https://www.theguardian.com/media/2026/jan/04/belgium-bart-de-wever-cat-maximus-textoris-pulcher-social-media-instagram already exists.
2026-01-04 15:43:38,887 - INFO - [The Guardian] Early skip: URL https://www.theguardian.com/world/2026/jan/04/leading-uk-far-right-activist-russian-nationalist-event-mark-collett already exists.
2026-01-04 15:43:39,139 - INFO - [The Guardian] Early skip: URL https://www.theguardian.com/world/2026/jan/04/it-has-hit-us-very-hard-grief-stricken-crans-montana-residents-on-how-their-world-has-changed-forever already exists.
2026-01-04 15:43:39,315 - WARNING - [BBC] FAILED with 'requests_browser' (content was too short: 50 words).
2026-01-04 15:43:39,315 - ERROR - [BBC] All scrape strategies failed for https://www.bbc.com/news/videos/c5y2xqgjd7eo?at_medium=RSS&at_campaign=rss. Falling back to RSS description.
2026-01-04 15:43:39,316 - WARNING - SKIPPED (GLOBAL WORD LIMIT): Article 'Watch: 'I'm so happy' - Venezuelans in the US react to Maduro's capture' from BBC has only 19 words (Min: 90).
2026-01-04 15:43:39,320 - INFO - [The Guardian] Early skip: URL https://www.theguardian.com/world/2026/jan/04/difficult-to-live-hungarian-krasznahorkai-writers-bemoan-hostile-environment already exists.
2026-01-04 15:43:39,499 - INFO - [The Guardian] Early skip: URL https://www.theguardian.com/world/2026/jan/03/british-and-french-aircraft-attack-underground-isis-weapons-store-in-syria already exists.
2026-01-04 15:43:39,774 - INFO - [The Guardian] Early skip: URL https://www.theguardian.com/world/2026/jan/03/no-future-for-us-disaffected-iranians-say-its-now-or-never-to-topple-regime already exists.
2026-01-04 15:43:39,975 - INFO - [The Guardian] Early skip: URL https://www.theguardian.com/world/2026/jan/03/tents-supplied-to-displaced-palestinians-inadequate-for-gaza-winter already exists.
2026-01-04 15:43:40,214 - INFO - [The Guardian] Early skip: URL https://www.theguardian.com/world/2026/jan/02/saudi-warplanes-kill-uae-backed-yemeni-separatists already exists.
2026-01-04 15:43:40,388 - INFO - [The Guardian] Early skip: URL https://www.theguardian.com/media/2026/jan/02/bbc-settles-with-7-october-survivors-for-filming-home-without-permission already exists.
2026-01-04 15:43:40,674 - INFO - [BBC] Early skip: URL https://www.bbc.com/news/videos/c368px35ly8o?at_medium=RSS&at_campaign=rss already exists.
2026-01-04 15:43:40,792 - INFO - [BBC] Article: https://www.bbc.com/news/videos/c20zgq02jp0o?at_medium=RSS&at_campaign=rss
2026-01-04 15:43:40,792 - INFO - [BBC] Attempt 1/1: Trying with 'requests_browser' strategy...
2026-01-04 15:43:41,249 - WARNING - [BBC] FAILED with 'requests_browser' (content was too short: 59 words).
2026-01-04 15:43:41,249 - ERROR - [BBC] All scrape strategies failed for https://www.bbc.com/news/videos/c20zgq02jp0o?at_medium=RSS&at_campaign=rss. Falling back to RSS description.
2026-01-04 15:43:41,249 - WARNING - SKIPPED (GLOBAL WORD LIMIT): Article 'Explosions and smoke at La Guaira port' from BBC has only 11 words (Min: 90).
2026-01-04 15:43:42,003 - INFO - [BBC] Article: https://www.bbc.com/news/videos/c9vxnn419mro?at_medium=RSS&at_campaign=rss
2026-01-04 15:43:42,007 - INFO - [BBC] Attempt 1/1: Trying with 'requests_browser' strategy...
2026-01-04 15:43:42,223 - WARNING - [BBC] FAILED with 'requests_browser' (content was too short: 87 words).
2026-01-04 15:43:42,223 - ERROR - [BBC] All scrape strategies failed for https://www.bbc.com/news/videos/c9vxnn419mro?at_medium=RSS&at_campaign=rss. Falling back to RSS description.
2026-01-04 15:43:42,224 - WARNING - SKIPPED (GLOBAL WORD LIMIT): Article 'Watch: Over 100 firefighters on the scene of Denver blaze' from BBC has only 17 words (Min: 90).
2026-01-04 15:43:43,335 - INFO - [BBC] Early skip: URL https://www.bbc.com/news/videos/cj6wew4958eo?at_medium=RSS&at_campaign=rss already exists.
2026-01-04 15:43:43,588 - INFO - [BBC] Early skip: URL https://www.bbc.com/news/videos/czjg9ge7vdeo?at_medium=RSS&at_campaign=rss already exists.
2026-01-04 15:43:43,889 - INFO - [BBC] Article: https://www.bbc.com/news/videos/czdqp29gz51o?at_medium=RSS&at_campaign=rss
2026-01-04 15:43:43,890 - INFO - [BBC] Attempt 1/1: Trying with 'requests_browser' strategy...
2026-01-04 15:43:44,068 - WARNING - [BBC] FAILED with 'requests_browser' (content was too short: 67 words).
2026-01-04 15:43:44,068 - ERROR - [BBC] All scrape strategies failed for https://www.bbc.com/news/videos/czdqp29gz51o?at_medium=RSS&at_campaign=rss. Falling back to RSS description.
2026-01-04 15:43:44,068 - WARNING - SKIPPED (GLOBAL WORD LIMIT): Article 'What are Russians hoping for in 2026, asks Steve Rosenberg' from BBC has only 19 words (Min: 90).
2026-01-04 15:43:44,514 - INFO - [Times of India] Page content loaded.
2026-01-04 15:43:45,284 - INFO - [Times of India] Success with 'selenium_browser'. Found content (357 words).
2026-01-04 15:44:40,807 - INFO - DEDUPLICATION: Found match (Score: 0.90). Linking to Cluster ID: bf0205a7-951f-4f85-ab61-186c5a3dd4f7
2026-01-04 15:44:40,810 - INFO - Saved article: 'Just a friendly reminder...': Denmark reacts as Katie Miller hints Greenland is next after Venezuela - The Times of India from Times of India (357 words)
2026-01-04 15:44:41,666 - INFO - [Times of India] Article: https://timesofindia.indiatimes.com/world/us/exact-opposite-us-secretary-of-war-hegseth-contrasts-venezuela-mission-with-2003-iraq-war-calls-move-well-orchestrated/articleshow/126336262.cms
2026-01-04 15:44:41,666 - INFO - [Times of India] Attempt 1/1: Trying with 'selenium_browser' strategy...
2026-01-04 15:44:44,515 - INFO - [Times of India] Page content loaded.
2026-01-04 15:44:44,938 - INFO - [Times of India] Success with 'selenium_browser'. Found content (350 words).
2026-01-04 15:45:31,847 - ERROR - [The Hindu] Request failed for strategy 'selenium_browser' on URL https://www.thehindu.com/sci-tech/agriculture/centre-unveils-184-climate-resilient-seed-varieties-to-boost-output/article70471213.ece: HTTPConnectionPool(host='localhost', port=36493): Read timed out. (read timeout=120)
2026-01-04 15:45:31,847 - ERROR - [The Hindu] All scrape strategies failed for https://www.thehindu.com/sci-tech/agriculture/centre-unveils-184-climate-resilient-seed-varieties-to-boost-output/article70471213.ece. Falling back to RSS description.
2026-01-04 15:45:31,847 - WARNING - SKIPPED (GLOBAL WORD LIMIT): Article 'Centre unveils 184 ‘climate-resilient’ seed varieties to boost output' from The Hindu has only 33 words (Min: 90).
2026-01-04 15:45:37,234 - INFO - Saved article: 'Exact opposite': US secretary of war Hegseth contrasts Venezuela mission with 2003 Iraq war; calls move 'well orchestrated' - The Times of India from Times of India (350 words)
2026-01-04 15:45:37,235 - INFO - [The Hindu] Article: https://www.thehindu.com/news/national/karnataka/hundreds-gather-at-freedom-park-to-protest-illegal-treatment-of-stray-dogs/article70471375.ece
2026-01-04 15:45:37,235 - INFO - [The Hindu] Attempt 1/1: Trying with 'selenium_browser' strategy...
2026-01-04 15:45:38,334 - INFO - [Times of India] Article: https://timesofindia.indiatimes.com/world/us/this-you-kamala-harris-2019-post-goes-viral-as-former-vp-condemns-trumps-actions-in-venezuela-says-seen-this-movie-before/articleshow/126335896.cms
2026-01-04 15:45:38,335 - INFO - [Times of India] Attempt 1/1: Trying with 'selenium_browser' strategy...
2026-01-04 15:45:39,063 - INFO - [Times of India] Page content loaded.
2026-01-04 15:45:39,209 - INFO - [Times of India] Success with 'selenium_browser'. Found content (365 words).
2026-01-04 15:46:34,487 - INFO - DEDUPLICATION: Found match (Score: 0.70). Linking to Cluster ID: 9a5e444c-5b8b-480a-8481-42b48981765b
2026-01-04 15:46:34,489 - INFO - Saved article: 'This you?': Kamala Harris' 2019 post goes viral as former VP condemns Trump's actions in Venezuela, says 'seen this movie before' - The Times of India from Times of India (365 words)
2026-01-04 15:46:35,794 - INFO - [Times of India] Early skip: URL https://timesofindia.indiatimes.com/etimes/trending/did-jack-ryan-see-this-coming-social-media-draws-series-parallels-with-us-strikes-on-venezuela-heres-the-reality/articleshow/126335502.cms already exists.
2026-01-04 15:46:36,069 - INFO - [Times of India] Early skip: URL https://timesofindia.indiatimes.com/world/us/sai-baba-fan-bus-driver-10-remarkable-and-strange-facts-about-nicolas-maduro/articleshow/126335529.cms already exists.
2026-01-04 15:46:36,322 - INFO - [Times of India] Early skip: URL https://timesofindia.indiatimes.com/etimes/trending/us-government-releases-list-of-unusual-objects-surgically-removed-from-peoples-rectums-in-2025/articleshow/126327229.cms already exists.
2026-01-04 15:46:36,594 - INFO - [Times of India] Article: https://timesofindia.indiatimes.com/world/us/we-will-work-on-a-new-husband-donald-trump-jrs-ex-kimberly-guilfoyle-creates-a-ripple-in-greece-visits-nightclub-at-1-30am/articleshow/126335392.cms
2026-01-04 15:46:36,595 - INFO - [Times of India] Attempt 1/1: Trying with 'selenium_browser' strategy...
2026-01-04 15:46:37,702 - INFO - [Times of India] Page content loaded.
2026-01-04 15:46:37,885 - INFO - [Times of India] Success with 'selenium_browser'. Found content (444 words).
2026-01-04 15:47:32,049 - INFO - Saved article: 'We will work on a new husband': Donald Trump Jr's ex Kimberly Guilfoyle creates a ripple in Greece, visits nightclub at 1.30am - The Times of India from Times of India (444 words)
2026-01-04 15:47:32,592 - INFO - [Times of India] Early skip: URL https://timesofindia.indiatimes.com/world/us/nyt-reporter-dialled-donald-trump-10-minutes-after-maduros-capture-what-the-president-said-in-a-50-second-call/articleshow/126334731.cms already exists.
2026-01-04 15:47:32,842 - INFO - [Times of India] Article: https://timesofindia.indiatimes.com/world/middle-east/dubai-police-warns-public-about-fake-work-visa-scam/articleshow/126334989.cms
2026-01-04 15:47:32,842 - INFO - [Times of India] Attempt 1/1: Trying with 'selenium_browser' strategy...
2026-01-04 15:47:33,978 - INFO - [Times of India] Page content loaded.
2026-01-04 15:47:34,103 - INFO - [Times of India] Success with 'selenium_browser'. Found content (308 words).
2026-01-04 15:47:37,339 - ERROR - [The Hindu] Request failed for strategy 'selenium_browser' on URL https://www.thehindu.com/news/national/karnataka/hundreds-gather-at-freedom-park-to-protest-illegal-treatment-of-stray-dogs/article70471375.ece: HTTPConnectionPool(host='localhost', port=36493): Read timed out. (read timeout=120)
2026-01-04 15:47:37,339 - ERROR - [The Hindu] All scrape strategies failed for https://www.thehindu.com/news/national/karnataka/hundreds-gather-at-freedom-park-to-protest-illegal-treatment-of-stray-dogs/article70471375.ece. Falling back to RSS description.
2026-01-04 15:47:37,339 - WARNING - SKIPPED (GLOBAL WORD LIMIT): Article 'Hundreds gather at Freedom Park to protest illegal treatment of stray dogs' from The Hindu has only 3 words (Min: 90).
2026-01-04 15:48:28,734 - INFO - Saved article: Dubai Police warns public about fake work visa scam | World News - The Times of India from Times of India (308 words)
2026-01-04 15:48:28,735 - INFO - [The Hindu] Article: https://www.thehindu.com/news/national/external-affairs-minister-begins-6-day-visit-to-france-luxembourg/article70471244.ece
2026-01-04 15:48:28,735 - INFO - [The Hindu] Attempt 1/1: Trying with 'selenium_browser' strategy...
2026-01-04 15:48:30,035 - CRITICAL - --- TIMEOUT: 2 scrape jobs did not complete in 300s. ---
2026-01-04 15:48:30,035 - ERROR - A thread has timed out and will be abandoned.
2026-01-04 15:48:30,035 - ERROR - A thread has timed out and will be abandoned.
2026-01-04 15:48:30,035 - INFO - Shutting down thread pool (wait=False)...
2026-01-04 15:48:30,035 - INFO - Scraped: 0 BBC, 0 The Guardian, 2 Timed_Out_Jobs articles. (Total saved: 0)
2026-01-04 15:48:30,036 - INFO - --- Scraping job finished ---
2026-01-04 15:48:30,036 - INFO - --- Scraper service stopped and database connection closed. ---
2026-01-04 15:48:30,036 - INFO - --- Main thread finished. Forcing process exit to kill zombie threads. ---
