2025-12-17 19:24:20,352 - INFO - Loading AI Semantic Model (all-MiniLM-L6-v2)...
2025-12-17 19:24:20,352 - INFO - Use pytorch device_name: cpu
2025-12-17 19:24:20,352 - INFO - Load pretrained SentenceTransformer: all-MiniLM-L6-v2
2025-12-17 19:24:20,822 - INFO - AI Model loaded successfully.
2025-12-17 19:24:20,822 - INFO - --- Scraper service started (CI Mode: Run Once) ---
2025-12-17 19:24:20,823 - INFO - --- Starting new scraping job (Parallel Mode) ---
2025-12-17 19:24:20,823 - INFO - Creating new robust session with 3 retries on 5xx/connection/read errors.
2025-12-17 19:24:20,823 - INFO - Proxy is DISABLED.
2025-12-17 19:24:20,823 - INFO - Starting scrape for BBC RSS feed: http://feeds.bbci.co.uk/news/world/rss.xml
2025-12-17 19:24:20,824 - INFO - [Times of India] (Thread) requires Selenium. Initializing driver...
2025-12-17 19:24:20,824 - INFO - Starting scrape for The Guardian RSS feed: https://www.theguardian.com/world/rss
2025-12-17 19:24:20,826 - INFO - [The Hindu] (Thread) requires Selenium. Initializing driver...
2025-12-17 19:24:20,826 - INFO - Submitted 4 jobs to thread pool. Waiting up to 300s for completion...
2025-12-17 19:24:20,973 - INFO - Found 45 articles in The Guardian RSS feed. Processing up to 30.
2025-12-17 19:24:20,974 - INFO - [The Guardian] Early skip: URL https://www.theguardian.com/world/2025/dec/16/five-key-moments-in-the-assault-on-the-rights-of-women-and-girls-in-2025 already exists.
2025-12-17 19:24:21,150 - INFO - Found 29 articles in BBC RSS feed. Processing up to 30.
2025-12-17 19:24:21,157 - INFO - [BBC] Early skip: URL https://www.bbc.com/news/articles/c98nm1ry38jo?at_medium=RSS&at_campaign=rss already exists.
2025-12-17 19:24:21,403 - INFO - [The Guardian] Early skip: URL https://www.theguardian.com/world/2025/dec/16/south-africa-russia-men-tricked-fighting-ukraine already exists.
2025-12-17 19:24:21,547 - INFO - [BBC] Early skip: URL https://www.bbc.com/news/articles/cx2p4vw595jo?at_medium=RSS&at_campaign=rss already exists.
2025-12-17 19:24:21,843 - INFO - [The Guardian] Early skip: URL https://www.theguardian.com/world/2025/dec/16/libya-national-museum-reopens already exists.
2025-12-17 19:24:21,968 - INFO - [BBC] Article: https://www.bbc.com/news/articles/c1kpr0dg130o?at_medium=RSS&at_campaign=rss
2025-12-17 19:24:21,969 - INFO - [BBC] Attempt 1/1: Trying with 'requests_browser' strategy...
2025-12-17 19:24:21,970 - INFO - [The Guardian] Early skip: URL https://www.theguardian.com/education/2025/dec/14/ghana-students-uk-universities-face-deportion-funding-crisis already exists.
2025-12-17 19:24:22,168 - INFO - [BBC] Success with 'requests_browser'. Found content (378 words).
2025-12-17 19:24:22,181 - INFO - [The Guardian] Early skip: URL https://www.theguardian.com/science/2025/dec/15/little-foot-hominin-fossil-may-be-new-species-of-human-ancestor already exists.
2025-12-17 19:24:28,124 - INFO - Selenium driver initialized successfully.
2025-12-17 19:24:28,125 - INFO - Selenium driver initialized successfully.
2025-12-17 19:24:28,125 - INFO - Starting scrape for The Hindu RSS feed: https://www.thehindu.com/news/national/feeder/default.rss
2025-12-17 19:24:28,125 - INFO - Starting scrape for Times of India RSS feed: https://timesofindia.indiatimes.com/rssfeeds/296589292.cms
2025-12-17 19:24:28,316 - INFO - Found 20 articles in Times of India RSS feed. Processing up to 30.
2025-12-17 19:24:28,369 - INFO - Found 100 articles in The Hindu RSS feed. Processing up to 30.
2025-12-17 19:25:14,809 - INFO - Saved article: Oscars to stream on YouTube starting in 2029, leaving ABC from BBC (378 words)
2025-12-17 19:25:14,810 - INFO - [The Guardian] Article: https://www.theguardian.com/world/2025/dec/17/canada-population-drop-international-students
2025-12-17 19:25:14,810 - INFO - [The Guardian] Attempt 1/1: Trying with 'requests_browser' strategy...
2025-12-17 19:25:14,811 - INFO - [Times of India] Article: https://timesofindia.indiatimes.com/world/us/trumps-travel-ban-on-39-countries-who-are-exempt-from-the-new-visa-rules-what-about-the-fianc-visa/articleshow/126044684.cms
2025-12-17 19:25:14,811 - INFO - [Times of India] Attempt 1/1: Trying with 'selenium_browser' strategy...
2025-12-17 19:25:14,812 - INFO - [The Hindu] Article: https://www.thehindu.com/news/national/tamil-nadu/despite-conflicts-we-used-the-bureaucracys-experience-to-implement-policies-shailaja/article70408668.ece
2025-12-17 19:25:14,812 - INFO - [The Hindu] Attempt 1/1: Trying with 'selenium_browser' strategy...
2025-12-17 19:25:15,030 - INFO - [The Guardian] Success with 'requests_browser'. Found content (486 words).
2025-12-17 19:25:21,234 - INFO - [The Hindu] Page content loaded.
2025-12-17 19:25:21,571 - INFO - [The Hindu] Success with 'selenium_browser'. Found content (379 words).
2025-12-17 19:25:34,839 - ERROR - [Times of India] Request failed for strategy 'selenium_browser' on URL https://timesofindia.indiatimes.com/world/us/trumps-travel-ban-on-39-countries-who-are-exempt-from-the-new-visa-rules-what-about-the-fianc-visa/articleshow/126044684.cms: Message: timeout: Timed out receiving message from renderer: 19.751
  (Session info: chrome=143.0.7499.40)
Stacktrace:
#0 0x561b4d13e9aa <unknown>
#1 0x561b4cb732db <unknown>
#2 0x561b4cb5b37a <unknown>
#3 0x561b4cb5b05d <unknown>
#4 0x561b4cb58f20 <unknown>
#5 0x561b4cb5982f <unknown>
#6 0x561b4cb67ff0 <unknown>
#7 0x561b4cb816a7 <unknown>
#8 0x561b4cb87d5b <unknown>
#9 0x561b4cb59f58 <unknown>
#10 0x561b4cb8145a <unknown>
#11 0x561b4cc104b1 <unknown>
#12 0x561b4cbb7112 <unknown>
#13 0x561b4cbb7dc1 <unknown>
#14 0x561b4d107609 <unknown>
#15 0x561b4d10a54d <unknown>
#16 0x561b4d0f0331 <unknown>
#17 0x561b4d10b11b <unknown>
#18 0x561b4d0d6ff0 <unknown>
#19 0x561b4d12bd98 <unknown>
#20 0x561b4d12bf69 <unknown>
#21 0x561b4d13dd03 <unknown>
#22 0x7f54dca9caa4 <unknown>
#23 0x7f54dcb29c6c <unknown>

2025-12-17 19:25:34,839 - ERROR - [Times of India] All scrape strategies failed for https://timesofindia.indiatimes.com/world/us/trumps-travel-ban-on-39-countries-who-are-exempt-from-the-new-visa-rules-what-about-the-fianc-visa/articleshow/126044684.cms. Falling back to RSS description.
2025-12-17 19:25:34,840 - WARNING - SKIPPED (GLOBAL WORD LIMIT): Article 'Trump travel ban: Who are exempt from the new visa rules? What about the fiancé visa?' from Times of India has only 3 words (Min: 90).
2025-12-17 19:26:39,367 - INFO - Saved article: Canada sees large drop in population amid international students crackdown | Canada | The Guardian from The Guardian (486 words)
2025-12-17 19:26:39,367 - INFO - [BBC] Early skip: URL https://www.bbc.com/news/articles/c4gej5ezyypo?at_medium=RSS&at_campaign=rss already exists.
2025-12-17 19:27:46,125 - INFO - Saved article: Despite conflicts, we used the bureaucracy’s experience to implement policies: Shailaja - The Hindu from The Hindu (379 words)
2025-12-17 19:27:46,125 - INFO - [Times of India] Article: https://timesofindia.indiatimes.com/entertainment/english/hollywood/news/oscars-to-stream-on-youtube-from-2029-ending-decades-long-run-on-us-broadcaster-abc/articleshow/126044825.cms
2025-12-17 19:27:46,125 - INFO - [Times of India] Attempt 1/1: Trying with 'selenium_browser' strategy...
2025-12-17 19:27:46,126 - INFO - [BBC] Early skip: URL https://www.bbc.com/news/articles/c5yjv5md3jzo?at_medium=RSS&at_campaign=rss already exists.
2025-12-17 19:27:46,228 - INFO - [The Guardian] Early skip: URL https://www.theguardian.com/world/2025/dec/17/canada-polar-bear-adopts-new-cub already exists.
2025-12-17 19:27:46,446 - INFO - [The Guardian] Early skip: URL https://www.theguardian.com/world/2025/dec/17/what-action-is-trump-taking-against-venezuela-oil-industry already exists.
2025-12-17 19:27:46,646 - INFO - [BBC] Early skip: URL https://www.bbc.com/news/articles/c2468q3y75vo?at_medium=RSS&at_campaign=rss already exists.
2025-12-17 19:27:46,890 - INFO - [The Guardian] Early skip: URL https://www.theguardian.com/world/2025/dec/17/british-baker-outrages-mexicans-with-attack-on-ugly-bread already exists.
2025-12-17 19:27:47,153 - INFO - [The Guardian] Early skip: URL https://www.theguardian.com/us-news/2025/dec/16/trump-orders-blockade-oil-tankers-venezuela already exists.
2025-12-17 19:27:47,418 - INFO - [BBC] Early skip: URL https://www.bbc.com/news/articles/cde657xj3pxo?at_medium=RSS&at_campaign=rss already exists.
2025-12-17 19:27:47,524 - INFO - [The Guardian] Early skip: URL https://www.theguardian.com/australia-news/2025/dec/17/bondi-terror-suspects-spent-whole-philippines-visit-in-city-and-rarely-left-hotel-staff-and-police-say already exists.
2025-12-17 19:27:47,699 - INFO - [The Guardian] Early skip: URL https://www.theguardian.com/world/2025/dec/16/trump-urges-xi-jinping-to-free-hk-pro-democracy-media-tycoon-jimmy-lai already exists.
2025-12-17 19:27:47,902 - INFO - [The Hindu] Article: https://www.thehindu.com/news/national/tamil-nadu/anbumani-questions-dmks-failure-to-conduct-caste-survey/article70407496.ece
2025-12-17 19:27:47,902 - INFO - [BBC] Early skip: URL https://www.bbc.com/news/articles/cvg803v3erko?at_medium=RSS&at_campaign=rss already exists.
2025-12-17 19:27:47,903 - INFO - [The Hindu] Attempt 1/1: Trying with 'selenium_browser' strategy...
2025-12-17 19:27:48,120 - INFO - [The Guardian] Early skip: URL https://www.theguardian.com/business/2025/dec/15/uk-south-korea-sign-new-trade-deal-cars-food-drink-pharmaceutical-exports already exists.
2025-12-17 19:27:48,235 - INFO - [BBC] Early skip: URL https://www.bbc.com/news/articles/c5yj8ew1pnlo?at_medium=RSS&at_campaign=rss already exists.
2025-12-17 19:27:48,530 - INFO - [The Guardian] Early skip: URL https://www.theguardian.com/world/2025/dec/15/china-uyghur-human-rights-ice already exists.
2025-12-17 19:27:48,798 - INFO - [BBC] Early skip: URL https://www.bbc.com/news/articles/cm21rvdwv1ro?at_medium=RSS&at_campaign=rss already exists.
2025-12-17 19:27:49,003 - INFO - [The Guardian] Early skip: URL https://www.theguardian.com/world/2025/dec/15/uk-condemns-hong-kongs-politically-motivated-targeting-of-jimmy-lai-after-conviction already exists.
2025-12-17 19:27:49,203 - INFO - [The Guardian] Early skip: URL https://www.theguardian.com/australia-news/2025/dec/17/frydenberg-claims-albanese-should-accept-personal-responsibility-for-bondi-attacks-in-escalation-of-rhetoric-ntwnfb already exists.
2025-12-17 19:27:49,395 - INFO - [The Guardian] Early skip: URL https://www.theguardian.com/australia-news/2025/dec/17/andrew-hastie-revealed-conservative-liberals-true-immigration-agenda-in-the-aftermath-of-the-bondi-terror-attack already exists.
2025-12-17 19:27:49,589 - INFO - [BBC] Early skip: URL https://www.bbc.com/news/articles/cz687wv9vqxo?at_medium=RSS&at_campaign=rss already exists.
2025-12-17 19:27:49,727 - INFO - [The Guardian] Early skip: URL https://www.theguardian.com/world/2025/dec/17/parliamentary-friends-of-aukus-group-sponsored-by-lobbying-firm-with-high-profile-defence-clients already exists.
2025-12-17 19:27:49,858 - INFO - [The Guardian] Early skip: URL https://www.theguardian.com/australia-news/live/2025/dec/17/bondi-beach-shooting-live-updates-victims-terror-attack-jewish-festival-al-ahmed-sajid-naveed-akram-shooters-india-radicalisation-gun-control-ntwnfb already exists.
2025-12-17 19:27:50,134 - INFO - [BBC] Early skip: URL https://www.bbc.com/news/articles/cx2e64lr3zeo?at_medium=RSS&at_campaign=rss already exists.
2025-12-17 19:27:50,250 - INFO - [BBC] Early skip: URL https://www.bbc.com/news/articles/c75vkw4veq1o?at_medium=RSS&at_campaign=rss already exists.
2025-12-17 19:27:50,512 - INFO - [BBC] Early skip: URL https://www.bbc.com/news/articles/c4gkvxlpn55o?at_medium=RSS&at_campaign=rss already exists.
2025-12-17 19:27:50,752 - INFO - [BBC] Early skip: URL https://www.bbc.com/news/articles/cj691n02g8ko?at_medium=RSS&at_campaign=rss already exists.
2025-12-17 19:27:50,890 - INFO - [BBC] Early skip: URL https://www.bbc.com/news/articles/c8dy532193do?at_medium=RSS&at_campaign=rss already exists.
2025-12-17 19:27:51,136 - INFO - [The Guardian] Early skip: URL https://www.theguardian.com/australia-news/2025/dec/17/our-world-has-changed-sydney-jewish-bakery-closes-after-bondi-beach-terror-attack already exists.
2025-12-17 19:27:51,312 - INFO - [The Guardian] Early skip: URL https://www.theguardian.com/business/2025/dec/17/uk-to-bring-forward-review-of-ev-sales-targets-from-2027-to-next-year already exists.
2025-12-17 19:27:51,514 - INFO - [The Guardian] Early skip: URL https://www.theguardian.com/world/live/2025/dec/17/ukraine-russia-war-eu-european-council-frozen-assets-zelenskyy-europe-live-news already exists.
2025-12-17 19:27:51,671 - INFO - [The Guardian] Early skip: URL https://www.theguardian.com/world/2025/dec/17/belgian-politicians-finance-bosses-targeted-russian-intelligence-seized-assets already exists.
2025-12-17 19:27:51,846 - INFO - [The Guardian] Early skip: URL https://www.theguardian.com/world/2025/dec/17/brigitte-macron-france-lawsuit-feminism-sales-connes already exists.
2025-12-17 19:27:52,106 - INFO - [BBC] Early skip: URL https://www.bbc.com/news/articles/crk78y7k8ezo?at_medium=RSS&at_campaign=rss already exists.
2025-12-17 19:27:52,345 - INFO - [BBC] Early skip: URL https://www.bbc.com/news/articles/cgke26n55zgo?at_medium=RSS&at_campaign=rss already exists.
2025-12-17 19:27:52,465 - INFO - [BBC] Early skip: URL https://www.bbc.com/news/articles/c75veyzz2g2o?at_medium=RSS&at_campaign=rss already exists.
2025-12-17 19:27:52,752 - INFO - [BBC] Early skip: URL https://www.bbc.com/news/articles/c30j94p56d6o?at_medium=RSS&at_campaign=rss already exists.
2025-12-17 19:27:53,038 - INFO - [BBC] Early skip: URL https://www.bbc.com/news/articles/c4g562vz34ro?at_medium=RSS&at_campaign=rss already exists.
2025-12-17 19:27:53,225 - INFO - [The Guardian] Early skip: URL https://www.theguardian.com/world/2025/dec/17/this-is-europe-young-people-dysfunctional-housing-system-renting already exists.
2025-12-17 19:27:53,443 - INFO - [The Guardian] Early skip: URL https://www.theguardian.com/world/2025/dec/16/victims-iran-crackdown-criminal-complaint-officials already exists.
2025-12-17 19:27:53,636 - INFO - [The Hindu] Page content loaded.
2025-12-17 19:27:53,701 - INFO - [BBC] Early skip: URL https://www.bbc.com/news/articles/cyvg17y24jmo?at_medium=RSS&at_campaign=rss already exists.
2025-12-17 19:27:53,746 - INFO - [The Hindu] Success with 'selenium_browser'. Found content (264 words).
2025-12-17 19:27:53,868 - INFO - [The Guardian] Early skip: URL https://www.theguardian.com/world/2025/dec/16/syria-ahmed-al-ahmed-who-disarmed-bondi-shooter-lauded-in-home-town already exists.
2025-12-17 19:28:06,157 - ERROR - [Times of India] Request failed for strategy 'selenium_browser' on URL https://timesofindia.indiatimes.com/entertainment/english/hollywood/news/oscars-to-stream-on-youtube-from-2029-ending-decades-long-run-on-us-broadcaster-abc/articleshow/126044825.cms: Message: timeout: Timed out receiving message from renderer: 19.790
  (Session info: chrome=143.0.7499.40)
Stacktrace:
#0 0x561b4d13e9aa <unknown>
#1 0x561b4cb732db <unknown>
#2 0x561b4cb5b37a <unknown>
#3 0x561b4cb5b05d <unknown>
#4 0x561b4cb58f20 <unknown>
#5 0x561b4cb5982f <unknown>
#6 0x561b4cb67ff0 <unknown>
#7 0x561b4cb816a7 <unknown>
#8 0x561b4cb87d5b <unknown>
#9 0x561b4cb59f58 <unknown>
#10 0x561b4cb8145a <unknown>
#11 0x561b4cc104b1 <unknown>
#12 0x561b4cbb7112 <unknown>
#13 0x561b4cbb7dc1 <unknown>
#14 0x561b4d107609 <unknown>
#15 0x561b4d10a54d <unknown>
#16 0x561b4d0f0331 <unknown>
#17 0x561b4d10b11b <unknown>
#18 0x561b4d0d6ff0 <unknown>
#19 0x561b4d12bd98 <unknown>
#20 0x561b4d12bf69 <unknown>
#21 0x561b4d13dd03 <unknown>
#22 0x7f54dca9caa4 <unknown>
#23 0x7f54dcb29c6c <unknown>

2025-12-17 19:28:06,157 - ERROR - [Times of India] All scrape strategies failed for https://timesofindia.indiatimes.com/entertainment/english/hollywood/news/oscars-to-stream-on-youtube-from-2029-ending-decades-long-run-on-us-broadcaster-abc/articleshow/126044825.cms. Falling back to RSS description.
2025-12-17 19:28:06,157 - WARNING - SKIPPED (GLOBAL WORD LIMIT): Article 'Oscars to stream on YouTube from 2029, ending decades-long run on US broadcaster ABC' from Times of India has only 42 words (Min: 90).
2025-12-17 19:28:51,726 - INFO - Saved article: Anbumani questions DMK’s failure to conduct caste survey - The Hindu from The Hindu (264 words)
2025-12-17 19:28:51,726 - INFO - [BBC] Early skip: URL https://www.bbc.com/news/articles/cvgr488vlmmo?at_medium=RSS&at_campaign=rss already exists.
2025-12-17 19:28:51,903 - INFO - [The Guardian] Early skip: URL https://www.theguardian.com/world/ng-interactive/2025/dec/16/what-is-home-now-a-womans-two-year-search-for-safety-in-the-ruins-of-gaza already exists.
2025-12-17 19:28:52,166 - INFO - [Times of India] Article: https://timesofindia.indiatimes.com/world/rest-of-world/true-heroine-14-year-old-girl-shielded-two-children-from-gunfire-at-bondi-beach-shooting/articleshow/126044164.cms
2025-12-17 19:28:52,166 - INFO - [Times of India] Attempt 1/1: Trying with 'selenium_browser' strategy...
2025-12-17 19:28:52,167 - INFO - [BBC] Early skip: URL https://www.bbc.com/news/articles/c80xjkm0283o?at_medium=RSS&at_campaign=rss already exists.
2025-12-17 19:28:52,279 - INFO - [The Guardian] Early skip: URL https://www.theguardian.com/world/2025/dec/15/assad-family-live-in-russian-luxury-as-bashar-brushes-up-on-ophthalmology already exists.
2025-12-17 19:28:52,422 - INFO - [BBC] Early skip: URL https://www.bbc.com/news/articles/ckgz15d5718o?at_medium=RSS&at_campaign=rss already exists.
2025-12-17 19:28:52,534 - INFO - [The Guardian] Early skip: URL https://www.theguardian.com/world/2025/dec/13/israel-says-its-military-killed-hamas-commander-raed-saed-in-gaza-city-strike already exists.
2025-12-17 19:28:52,729 - INFO - [BBC] Article: https://www.bbc.com/news/videos/c93w7y8475qo?at_medium=RSS&at_campaign=rss
2025-12-17 19:28:52,730 - INFO - [BBC] Attempt 1/1: Trying with 'requests_browser' strategy...
2025-12-17 19:28:52,732 - INFO - [The Hindu] Article: https://www.thehindu.com/news/national/two-more-indians-killed-in-russia-ukraine-war-zone-bodies-arrive-at-delhi-airport/article70408846.ece
2025-12-17 19:28:52,732 - INFO - [The Hindu] Attempt 1/1: Trying with 'selenium_browser' strategy...
2025-12-17 19:28:52,821 - WARNING - [BBC] FAILED with 'requests_browser' (content was too short: 82 words).
2025-12-17 19:28:52,821 - ERROR - [BBC] All scrape strategies failed for https://www.bbc.com/news/videos/c93w7y8475qo?at_medium=RSS&at_campaign=rss. Falling back to RSS description.
2025-12-17 19:28:52,821 - WARNING - SKIPPED (GLOBAL WORD LIMIT): Article ''It's just a nightmare': Ten-year-old victim's mum speaks at Bondi memorial' from BBC has only 25 words (Min: 90).
2025-12-17 19:28:53,697 - INFO - [BBC] Article: https://www.bbc.com/news/videos/c5yjvx4vp5do?at_medium=RSS&at_campaign=rss
2025-12-17 19:28:53,697 - INFO - [BBC] Attempt 1/1: Trying with 'requests_browser' strategy...
2025-12-17 19:28:53,801 - WARNING - [BBC] FAILED with 'requests_browser' (content was too short: 77 words).
2025-12-17 19:28:53,801 - ERROR - [BBC] All scrape strategies failed for https://www.bbc.com/news/videos/c5yjvx4vp5do?at_medium=RSS&at_campaign=rss. Falling back to RSS description.
2025-12-17 19:28:53,801 - WARNING - SKIPPED (GLOBAL WORD LIMIT): Article 'Mourners pay tribute to Rabbi Schlanger during funeral' from BBC has only 17 words (Min: 90).
2025-12-17 19:28:54,061 - INFO - [The Hindu] Page content loaded.
2025-12-17 19:28:54,437 - INFO - [The Hindu] Success with 'selenium_browser'. Found content (534 words).
2025-12-17 19:28:54,659 - INFO - [BBC] Article: https://www.bbc.com/news/videos/c1w947rpv3qo?at_medium=RSS&at_campaign=rss
2025-12-17 19:28:54,659 - INFO - [BBC] Attempt 1/1: Trying with 'requests_browser' strategy...
2025-12-17 19:28:55,047 - WARNING - [BBC] FAILED with 'requests_browser' (content was too short: 71 words).
2025-12-17 19:28:55,047 - ERROR - [BBC] All scrape strategies failed for https://www.bbc.com/news/videos/c1w947rpv3qo?at_medium=RSS&at_campaign=rss. Falling back to RSS description.
2025-12-17 19:28:55,047 - WARNING - SKIPPED (GLOBAL WORD LIMIT): Article 'Jewish Australians on why Bondi is a 'sanctuary' for them' from BBC has only 18 words (Min: 90).
2025-12-17 19:29:02,020 - INFO - [Times of India] Page content loaded.
2025-12-17 19:29:02,434 - INFO - [Times of India] Success with 'selenium_browser'. Found content (268 words).
2025-12-17 19:29:20,826 - CRITICAL - --- TIMEOUT: 3 scrape jobs did not complete in 300s. ---
2025-12-17 19:29:20,826 - ERROR - A thread has timed out and will be abandoned.
2025-12-17 19:29:20,826 - ERROR - A thread has timed out and will be abandoned.
2025-12-17 19:29:20,826 - ERROR - A thread has timed out and will be abandoned.
2025-12-17 19:29:20,826 - INFO - Shutting down thread pool (wait=False)...
2025-12-17 19:29:20,826 - INFO - Scraped: 1 The Guardian, 3 Timed_Out_Jobs articles. (Total saved: 1)
2025-12-17 19:29:20,826 - INFO - --- Scraping job finished ---
2025-12-17 19:29:20,827 - INFO - --- Scraper service stopped and database connection closed. ---
2025-12-17 19:29:20,827 - INFO - --- Main thread finished. Forcing process exit to kill zombie threads. ---
