2026-01-11 19:41:08,966 - INFO - Loading AI Semantic Model (all-MiniLM-L6-v2)...
2026-01-11 19:41:08,966 - INFO - Use pytorch device_name: cpu
2026-01-11 19:41:08,966 - INFO - Load pretrained SentenceTransformer: all-MiniLM-L6-v2
2026-01-11 19:41:10,290 - INFO - AI Model loaded successfully.
2026-01-11 19:41:10,290 - INFO - --- Scraper service started (CI Mode: Run Once) ---
2026-01-11 19:41:10,290 - INFO - --- Starting new scraping job (Parallel Mode) ---
2026-01-11 19:41:10,290 - INFO - Creating new robust session with 3 retries on 5xx/connection/read errors.
2026-01-11 19:41:10,290 - INFO - Proxy is DISABLED.
2026-01-11 19:41:10,290 - INFO - Starting scrape for BBC RSS feed: http://feeds.bbci.co.uk/news/world/rss.xml
2026-01-11 19:41:10,291 - INFO - [Times of India] (Thread) requires Selenium. Initializing driver...
2026-01-11 19:41:10,292 - INFO - Starting scrape for The Guardian RSS feed: https://www.theguardian.com/world/rss
2026-01-11 19:41:10,293 - INFO - [The Hindu] (Thread) requires Selenium. Initializing driver...
2026-01-11 19:41:10,293 - INFO - Submitted 4 jobs to thread pool. Waiting up to 300s for completion...
2026-01-11 19:41:10,431 - INFO - Found 45 articles in The Guardian RSS feed. Processing up to 30.
2026-01-11 19:41:10,431 - INFO - [The Guardian] Early skip: URL https://www.theguardian.com/global-development/2026/jan/09/the-gambia-female-genital-mutilation-fgm-supreme-court-case-overturn-ban already exists.
2026-01-11 19:41:10,541 - INFO - Found 27 articles in BBC RSS feed. Processing up to 30.
2026-01-11 19:41:10,720 - INFO - [BBC] Early skip: URL https://www.bbc.com/news/articles/cm2jek15m8no?at_medium=RSS&at_campaign=rss already exists.
2026-01-11 19:41:10,894 - INFO - [The Guardian] Early skip: URL https://www.theguardian.com/world/2026/jan/08/questions-targeting-impact-us-airstrikes-in-nigeria already exists.
2026-01-11 19:41:11,148 - INFO - [BBC] Early skip: URL https://www.bbc.com/news/articles/cx2kv2gn62vo?at_medium=RSS&at_campaign=rss already exists.
2026-01-11 19:41:11,414 - INFO - [The Guardian] Early skip: URL https://www.theguardian.com/world/2026/jan/02/anthony-joshuas-driver-charged-with-dangerous-driving-after-fatal-crash-in-nigeria already exists.
2026-01-11 19:41:11,642 - INFO - [BBC] Early skip: URL https://www.bbc.com/news/articles/cvgpnwnqygro?at_medium=RSS&at_campaign=rss already exists.
2026-01-11 19:41:11,812 - INFO - [The Guardian] Early skip: URL https://www.theguardian.com/science/2026/jan/01/cremation-pyre-in-africa-thought-to-be-worlds-oldest-containing-adult-remains already exists.
2026-01-11 19:41:11,991 - INFO - [BBC] Early skip: URL https://www.bbc.com/news/articles/cly95x9qe4ko?at_medium=RSS&at_campaign=rss already exists.
2026-01-11 19:41:12,278 - INFO - [The Guardian] Early skip: URL https://www.theguardian.com/global-development/2026/jan/01/us-aid-cuts-conditions-un-humanitarian-pledge-ocha already exists.
2026-01-11 19:41:12,578 - INFO - [BBC] Early skip: URL https://www.bbc.com/news/articles/c75xdg2p36lo?at_medium=RSS&at_campaign=rss already exists.
2026-01-11 19:41:12,769 - INFO - [The Guardian] Early skip: URL https://www.theguardian.com/us-news/2026/jan/11/trump-tells-cuba-to-make-a-deal-or-face-the-consequences already exists.
2026-01-11 19:41:13,029 - INFO - [BBC] Early skip: URL https://www.bbc.com/news/articles/c4gr7nlx421o?at_medium=RSS&at_campaign=rss already exists.
2026-01-11 19:41:13,264 - INFO - [The Guardian] Early skip: URL https://www.theguardian.com/us-news/2026/jan/11/ice-death-costa-rica-randall-gamboa-esquivel already exists.
2026-01-11 19:41:13,516 - INFO - [BBC] Early skip: URL https://www.bbc.com/news/articles/ckgn5g90lggo?at_medium=RSS&at_campaign=rss already exists.
2026-01-11 19:41:13,621 - INFO - [The Guardian] Early skip: URL https://www.theguardian.com/us-news/2026/jan/10/us-citizens-venezuela-paramilitaries already exists.
2026-01-11 19:41:13,878 - INFO - [BBC] Early skip: URL https://www.bbc.com/news/articles/cly9597r4qpo?at_medium=RSS&at_campaign=rss already exists.
2026-01-11 19:41:14,098 - INFO - [The Guardian] Early skip: URL https://www.theguardian.com/world/2026/jan/10/nicaraguan-authorities-arrests-dozens-for-reportedly-supporting-maduro-capture already exists.
2026-01-11 19:41:14,218 - INFO - [BBC] Early skip: URL https://www.bbc.com/news/articles/cx2p84xleg2o?at_medium=RSS&at_campaign=rss already exists.
2026-01-11 19:41:14,346 - INFO - [The Guardian] Early skip: URL https://www.theguardian.com/news/ng-interactive/2026/jan/10/trump-territorial-ambition-imperialism already exists.
2026-01-11 19:41:14,565 - INFO - [BBC] Early skip: URL https://www.bbc.com/news/articles/c0lx09e618yo?at_medium=RSS&at_campaign=rss already exists.
2026-01-11 19:41:14,733 - INFO - [The Guardian] Early skip: URL https://www.theguardian.com/world/2026/jan/11/underground-church-early-rain-leaders-detained-china-crackdown already exists.
2026-01-11 19:41:14,878 - INFO - [BBC] Early skip: URL https://www.bbc.com/news/articles/cly95lpwl1ro?at_medium=RSS&at_campaign=rss already exists.
2026-01-11 19:41:15,024 - INFO - [The Guardian] Early skip: URL https://www.theguardian.com/world/2026/jan/10/indonesia-blocks-musks-grok-chatbot-due-to-risk-of-pornographic-content already exists.
2026-01-11 19:41:15,237 - INFO - [BBC] Early skip: URL https://www.bbc.com/news/articles/cn42jqlqy4xo?at_medium=RSS&at_campaign=rss already exists.
2026-01-11 19:41:15,501 - INFO - Selenium driver initialized successfully.
2026-01-11 19:41:15,501 - INFO - Starting scrape for Times of India RSS feed: https://timesofindia.indiatimes.com/rssfeeds/296589292.cms
2026-01-11 19:41:15,502 - INFO - Selenium driver initialized successfully.
2026-01-11 19:41:15,502 - INFO - Starting scrape for The Hindu RSS feed: https://www.thehindu.com/news/national/feeder/default.rss
2026-01-11 19:41:15,509 - INFO - [The Guardian] Early skip: URL https://www.theguardian.com/world/2026/jan/08/alleged-scam-kingpin-chen-zhi-extradited-china-cambodia-arrest already exists.
2026-01-11 19:41:15,584 - INFO - Found 20 articles in Times of India RSS feed. Processing up to 30.
2026-01-11 19:41:15,717 - INFO - [BBC] Early skip: URL https://www.bbc.com/news/articles/ce3kqzepp5zo?at_medium=RSS&at_campaign=rss already exists.
2026-01-11 19:41:15,858 - INFO - [Times of India] Article: https://timesofindia.indiatimes.com/world/us-streamers/ishowspeed-breaks-youtube-records-in-kenya-as-first-day-ends-with-48-million-subscribers-worldwide/articleshow/126469772.cms
2026-01-11 19:41:15,858 - INFO - [Times of India] Attempt 1/1: Trying with 'selenium_browser' strategy...
2026-01-11 19:41:15,859 - INFO - [The Guardian] Early skip: URL https://www.theguardian.com/world/2026/jan/06/papua-new-guinea-internet-starlink-shut-down already exists.
2026-01-11 19:41:15,892 - INFO - Found 100 articles in The Hindu RSS feed. Processing up to 30.
2026-01-11 19:41:16,039 - INFO - [BBC] Early skip: URL https://www.bbc.com/news/articles/c8d04zp8m26o?at_medium=RSS&at_campaign=rss already exists.
2026-01-11 19:41:16,335 - INFO - [The Hindu] Article: https://www.thehindu.com/news/national/telangana/cm-betraying-people-with-honesty-as-hes-not-spared-any-section-ktr/article70498461.ece
2026-01-11 19:41:16,335 - INFO - [The Hindu] Attempt 1/1: Trying with 'selenium_browser' strategy...
2026-01-11 19:41:16,336 - INFO - [The Guardian] Early skip: URL https://www.theguardian.com/world/2026/jan/06/what-us-action-in-venezuela-means-for-taiwan already exists.
2026-01-11 19:41:16,633 - INFO - [The Guardian] Early skip: URL https://www.theguardian.com/australia-news/2026/jan/12/almost-twice-as-many-australian-gp-clinics-bulk-billing-since-medicare-incentive-changes-analysis-suggests already exists.
2026-01-11 19:41:16,870 - INFO - [BBC] Early skip: URL https://www.bbc.com/news/articles/c1dz0dz0zkvo?at_medium=RSS&at_campaign=rss already exists.
2026-01-11 19:41:17,121 - INFO - [BBC] Early skip: URL https://www.bbc.com/news/articles/c623r47d67lo?at_medium=RSS&at_campaign=rss already exists.
2026-01-11 19:41:17,283 - INFO - [The Guardian] Early skip: URL https://www.theguardian.com/culture/2026/jan/11/three-board-members-resign-from-adelaide-festival-as-randa-abdel-fattah-sends-legal-notice-ntwnfb already exists.
2026-01-11 19:41:17,577 - INFO - [BBC] Early skip: URL https://www.bbc.com/news/articles/cz7ndzw28v4o?at_medium=RSS&at_campaign=rss already exists.
2026-01-11 19:41:17,818 - INFO - [The Guardian] Early skip: URL https://www.theguardian.com/australia-news/2026/jan/11/weve-got-your-back-australian-pm-visits-bushfire-ravaged-towns-as-300-structures-destroyed-and-350000-hectares-burned already exists.
2026-01-11 19:41:17,963 - INFO - [The Guardian] Early skip: URL https://www.theguardian.com/culture/2026/jan/11/adelaide-festival-did-not-not-dump-jewish-columnist-from-2024-program-despite-request-from-randa-abdel-fattah-and-others already exists.
2026-01-11 19:41:18,075 - INFO - [The Guardian] Early skip: URL https://www.theguardian.com/environment/2026/jan/11/australia-cop31-chris-bowen-fossil-fuel-phaseout already exists.
2026-01-11 19:41:18,374 - INFO - [The Guardian] Early skip: URL https://www.theguardian.com/business/2026/jan/11/3000-jobs-at-risk-unless-mod-signs-helicopter-order-sources-say already exists.
2026-01-11 19:41:18,566 - INFO - [BBC] Early skip: URL https://www.bbc.com/news/articles/cj9rengvnp9o?at_medium=RSS&at_campaign=rss already exists.
2026-01-11 19:41:18,805 - INFO - [BBC] Early skip: URL https://www.bbc.com/news/articles/cz0pr807yz7o?at_medium=RSS&at_campaign=rss already exists.
2026-01-11 19:41:18,922 - INFO - [BBC] Early skip: URL https://www.bbc.com/news/articles/c338d55p0k6o?at_medium=RSS&at_campaign=rss already exists.
2026-01-11 19:41:19,104 - INFO - [BBC] Early skip: URL https://www.bbc.com/news/articles/c1dz0dz0zkvo?at_medium=RSS&at_campaign=rss already exists.
2026-01-11 19:41:19,382 - INFO - [The Guardian] Early skip: URL https://www.theguardian.com/us-news/2026/jan/11/germany-rejects-rfk-jr-claims-about-covid-vaccine-exemption-prosecutions already exists.
2026-01-11 19:41:19,573 - INFO - [The Guardian] Early skip: URL https://www.theguardian.com/world/2026/jan/11/denmark-fateful-moment-donald-trump-threats-greenland-mette-frederiksen already exists.
2026-01-11 19:41:19,815 - INFO - [The Guardian] Early skip: URL https://www.theguardian.com/sport/2026/jan/11/guard-winter-olympic-construction-site-freezing-death already exists.
2026-01-11 19:41:19,985 - INFO - [The Guardian] Early skip: URL https://www.theguardian.com/world/2026/jan/11/draft-farage-clause-eu-if-reform-uk-wins-election already exists.
2026-01-11 19:41:20,266 - INFO - [The Guardian] Early skip: URL https://www.theguardian.com/world/2026/jan/11/iran-arrests-protest-leaders-as-crackdown-intensifies-amid-threat-of-us-intervention already exists.
2026-01-11 19:41:20,430 - INFO - [BBC] Early skip: URL https://www.bbc.com/news/videos/c78veq59823o?at_medium=RSS&at_campaign=rss already exists.
2026-01-11 19:41:20,622 - INFO - [BBC] Article: https://www.bbc.com/news/videos/c78e9vmn7dgo?at_medium=RSS&at_campaign=rss
2026-01-11 19:41:20,622 - INFO - [BBC] Attempt 1/1: Trying with 'requests_browser' strategy...
2026-01-11 19:41:20,626 - INFO - [The Guardian] Early skip: URL https://www.theguardian.com/world/2026/jan/11/syrian-forces-expel-kurdish-fighters-as-us-strikes-islamic-state-targets already exists.
2026-01-11 19:41:20,790 - INFO - [The Guardian] Early skip: URL https://www.theguardian.com/global-development/2026/jan/10/iran-protesters-tell-of-brutal-police-response-deaths-and-forced-confessions already exists.
2026-01-11 19:41:20,995 - INFO - [The Guardian] Early skip: URL https://www.theguardian.com/world/2026/jan/10/us-and-allies-strike-islamic-state-in-syria-after-attack-that-killed-three-americans already exists.
2026-01-11 19:41:21,047 - WARNING - [BBC] FAILED with 'requests_browser' (content was too short: 77 words).
2026-01-11 19:41:21,047 - ERROR - [BBC] All scrape strategies failed for https://www.bbc.com/news/videos/c78e9vmn7dgo?at_medium=RSS&at_campaign=rss. Falling back to RSS description.
2026-01-11 19:41:21,047 - WARNING - SKIPPED (GLOBAL WORD LIMIT): Article 'Watch: Buildings in Tehran set on fire as demonstrations spread across Iran' from BBC has only 15 words (Min: 90).
2026-01-11 19:41:21,254 - INFO - [The Guardian] Early skip: URL https://www.theguardian.com/world/2026/jan/10/irans-internet-shutdown-is-strikingly-sophisticated-and-may-last-some-time already exists.
2026-01-11 19:41:22,030 - INFO - [BBC] Article: https://www.bbc.com/news/videos/c394vjengdgo?at_medium=RSS&at_campaign=rss
2026-01-11 19:41:22,030 - INFO - [BBC] Attempt 1/1: Trying with 'requests_browser' strategy...
2026-01-11 19:41:22,226 - WARNING - [BBC] FAILED with 'requests_browser' (content was too short: 44 words).
2026-01-11 19:41:22,229 - ERROR - [BBC] All scrape strategies failed for https://www.bbc.com/news/videos/c394vjengdgo?at_medium=RSS&at_campaign=rss. Falling back to RSS description.
2026-01-11 19:41:22,229 - WARNING - SKIPPED (GLOBAL WORD LIMIT): Article 'Watch: Eyewitnesses recount deadly ICE shooting' from BBC has only 15 words (Min: 90).
2026-01-11 19:41:22,985 - INFO - [BBC] Article: https://www.bbc.com/news/videos/cx2ypz4zjvxo?at_medium=RSS&at_campaign=rss
2026-01-11 19:41:22,985 - INFO - [BBC] Attempt 1/1: Trying with 'requests_browser' strategy...
2026-01-11 19:41:23,149 - WARNING - [BBC] FAILED with 'requests_browser' (content was too short: 79 words).
2026-01-11 19:41:23,149 - ERROR - [BBC] All scrape strategies failed for https://www.bbc.com/news/videos/cx2ypz4zjvxo?at_medium=RSS&at_campaign=rss. Falling back to RSS description.
2026-01-11 19:41:23,149 - WARNING - SKIPPED (GLOBAL WORD LIMIT): Article 'Video shows moment US immigration agent fatally shoots woman' from BBC has only 20 words (Min: 90).
2026-01-11 19:41:24,135 - INFO - [The Hindu] Page content loaded.
2026-01-11 19:41:24,523 - INFO - [BBC] Article: https://www.bbc.com/news/videos/cx2gm7109rwo?at_medium=RSS&at_campaign=rss
2026-01-11 19:41:24,523 - INFO - [BBC] Attempt 1/1: Trying with 'requests_browser' strategy...
2026-01-11 19:41:24,753 - WARNING - [BBC] FAILED with 'requests_browser' (content was too short: 40 words).
2026-01-11 19:41:24,753 - ERROR - [BBC] All scrape strategies failed for https://www.bbc.com/news/videos/cx2gm7109rwo?at_medium=RSS&at_campaign=rss. Falling back to RSS description.
2026-01-11 19:41:24,753 - WARNING - SKIPPED (GLOBAL WORD LIMIT): Article 'Tracking the oil tankers seized by the US' from BBC has only 31 words (Min: 90).
2026-01-11 19:41:25,396 - INFO - [The Hindu] Success with 'selenium_browser'. Found content (420 words).
2026-01-11 19:42:22,513 - INFO - Saved article: CM betraying people with honesty as he’s not spared any section: KTR - The Hindu from The Hindu (420 words)
2026-01-11 19:42:22,513 - INFO - [BBC] Early skip: URL https://www.bbc.com/news/videos/c1jegxw1rxwo?at_medium=RSS&at_campaign=rss already exists.
2026-01-11 19:42:23,923 - INFO - [The Hindu] Article: https://www.thehindu.com/news/cities/Delhi/ayushmanbharat-ceos-order-for-live-feed-breach-of-patient-privacy-haryanaima/article70498387.ece
2026-01-11 19:42:23,923 - INFO - [The Hindu] Attempt 1/1: Trying with 'selenium_browser' strategy...
2026-01-11 19:42:27,472 - INFO - [The Hindu] Page content loaded.
2026-01-11 19:42:27,592 - INFO - [The Hindu] Success with 'selenium_browser'. Found content (369 words).
2026-01-11 19:43:15,256 - INFO - Saved article: Ayushman Bharat CEO’s order for live feed breach of patient privacy: Haryana IMA - The Hindu from The Hindu (369 words)
2026-01-11 19:43:15,956 - ERROR - [Times of India] Request failed for strategy 'selenium_browser' on URL https://timesofindia.indiatimes.com/world/us-streamers/ishowspeed-breaks-youtube-records-in-kenya-as-first-day-ends-with-48-million-subscribers-worldwide/articleshow/126469772.cms: HTTPConnectionPool(host='localhost', port=40143): Read timed out. (read timeout=120)
2026-01-11 19:43:15,956 - ERROR - [Times of India] All scrape strategies failed for https://timesofindia.indiatimes.com/world/us-streamers/ishowspeed-breaks-youtube-records-in-kenya-as-first-day-ends-with-48-million-subscribers-worldwide/articleshow/126469772.cms. Falling back to RSS description.
2026-01-11 19:43:15,956 - WARNING - SKIPPED (GLOBAL WORD LIMIT): Article 'IShowSpeed breaks YouTube records in Kenya as first day ends with 48 million subscribers worldwide' from Times of India has only 49 words (Min: 90).
2026-01-11 19:43:16,037 - INFO - [The Hindu] Article: https://www.thehindu.com/news/national/tamil-nadu/curb-sale-of-ganja-with-an-iron-fist-dhinakaran-tells-tn-govt/article70497564.ece
2026-01-11 19:43:16,037 - INFO - [The Hindu] Attempt 1/1: Trying with 'selenium_browser' strategy...
2026-01-11 19:43:16,714 - INFO - [Times of India] Article: https://timesofindia.indiatimes.com/world/middle-east/hamas-says-it-will-dissolve-its-gaza-government-when-new-palestinian-body-takes-over/articleshow/126469786.cms
2026-01-11 19:43:16,714 - INFO - [Times of India] Attempt 1/1: Trying with 'selenium_browser' strategy...
2026-01-11 19:43:17,184 - INFO - [The Hindu] Page content loaded.
2026-01-11 19:43:17,257 - INFO - [The Hindu] Success with 'selenium_browser'. Found content (145 words).
2026-01-11 19:44:03,234 - INFO - Saved article: Curb sale of ganja with an iron fist, Dhinakaran tells T.N. govt - The Hindu from The Hindu (145 words)
2026-01-11 19:44:04,184 - INFO - [The Hindu] Article: https://www.thehindu.com/news/national/tamil-nadu/extend-benefits-of-taps-to-panchayat-secretaries-vasan/article70497541.ece
2026-01-11 19:44:04,184 - INFO - [The Hindu] Attempt 1/1: Trying with 'selenium_browser' strategy...
2026-01-11 19:44:06,332 - INFO - [The Hindu] Page content loaded.
2026-01-11 19:44:06,416 - INFO - [The Hindu] Success with 'selenium_browser'. Found content (150 words).
2026-01-11 19:44:51,026 - INFO - Saved article: Extend benefits of TAPS to panchayat secretaries: Vasan - The Hindu from The Hindu (150 words)
2026-01-11 19:44:52,013 - INFO - [The Hindu] Article: https://www.thehindu.com/news/national/tamil-nadu/ramadoss-urges-ec-to-take-action-against-anbumani/article70498051.ece
2026-01-11 19:44:52,013 - INFO - [The Hindu] Attempt 1/1: Trying with 'selenium_browser' strategy...
2026-01-11 19:44:52,817 - INFO - [The Hindu] Page content loaded.
2026-01-11 19:44:52,858 - INFO - [The Hindu] Success with 'selenium_browser'. Found content (135 words).
2026-01-11 19:45:16,782 - ERROR - [Times of India] Request failed for strategy 'selenium_browser' on URL https://timesofindia.indiatimes.com/world/middle-east/hamas-says-it-will-dissolve-its-gaza-government-when-new-palestinian-body-takes-over/articleshow/126469786.cms: HTTPConnectionPool(host='localhost', port=40143): Read timed out. (read timeout=120)
2026-01-11 19:45:16,782 - ERROR - [Times of India] All scrape strategies failed for https://timesofindia.indiatimes.com/world/middle-east/hamas-says-it-will-dissolve-its-gaza-government-when-new-palestinian-body-takes-over/articleshow/126469786.cms. Falling back to RSS description.
2026-01-11 19:45:16,782 - WARNING - SKIPPED (GLOBAL WORD LIMIT): Article 'Hamas says it will dissolve its Gaza government when new Palestinian body takes over' from Times of India has only 3 words (Min: 90).
2026-01-11 19:45:38,274 - INFO - DEDUPLICATION: Found match (Score: 0.82). Linking to Cluster ID: fe0b492a-5997-4211-9fd5-f64a3e2d94ed
2026-01-11 19:45:38,278 - INFO - Saved article: Ramadoss urges EC to take action against Anbumani - The Hindu from The Hindu (135 words)
2026-01-11 19:45:38,278 - INFO - [Times of India] Article: https://timesofindia.indiatimes.com/world/us/rocks-in-food-diseased-detainees-unable-to-see-doctor-ro-khanna-horrified-by-living-conditions-at-california-ice-facility/articleshow/126469461.cms
2026-01-11 19:45:38,278 - INFO - [Times of India] Attempt 1/1: Trying with 'selenium_browser' strategy...
2026-01-11 19:45:39,580 - INFO - [The Hindu] Article: https://www.thehindu.com/news/national/tamil-nadu/need-at-least-dmks-verbal-assurance-on-share-in-power/article70498467.ece
2026-01-11 19:45:39,580 - INFO - [The Hindu] Attempt 1/1: Trying with 'selenium_browser' strategy...
2026-01-11 19:45:40,940 - INFO - [The Hindu] Page content loaded.
2026-01-11 19:45:41,052 - INFO - [The Hindu] Success with 'selenium_browser'. Found content (349 words).
2026-01-11 19:46:10,294 - CRITICAL - --- TIMEOUT: 2 scrape jobs did not complete in 300s. ---
2026-01-11 19:46:10,294 - ERROR - A thread has timed out and will be abandoned.
2026-01-11 19:46:10,294 - ERROR - A thread has timed out and will be abandoned.
2026-01-11 19:46:10,294 - INFO - Shutting down thread pool (wait=False)...
2026-01-11 19:46:10,294 - INFO - Scraped: 0 The Guardian, 0 BBC, 2 Timed_Out_Jobs articles. (Total saved: 0)
2026-01-11 19:46:10,294 - INFO - --- Scraping job finished ---
2026-01-11 19:46:10,294 - INFO - --- Scraper service stopped and database connection closed. ---
2026-01-11 19:46:10,294 - INFO - --- Main thread finished. Forcing process exit to kill zombie threads. ---
