2026-01-20 05:35:32,861 - INFO - Loading AI Semantic Model (all-MiniLM-L6-v2)...
2026-01-20 05:35:32,862 - INFO - Use pytorch device_name: cpu
2026-01-20 05:35:32,862 - INFO - Load pretrained SentenceTransformer: all-MiniLM-L6-v2
2026-01-20 05:35:33,586 - INFO - AI Model loaded successfully.
2026-01-20 05:35:33,586 - INFO - --- Scraper service started (CI Mode: Run Once) ---
2026-01-20 05:35:33,586 - INFO - --- Starting new scraping job (Parallel Mode) ---
2026-01-20 05:35:33,586 - INFO - Creating new robust session with 3 retries on 5xx/connection/read errors.
2026-01-20 05:35:33,586 - INFO - Proxy is DISABLED.
2026-01-20 05:35:33,587 - INFO - Starting scrape for BBC RSS feed: http://feeds.bbci.co.uk/news/world/rss.xml
2026-01-20 05:35:33,588 - INFO - [Times of India] (Thread) requires Selenium. Initializing driver...
2026-01-20 05:35:33,588 - INFO - Starting scrape for The Guardian RSS feed: https://www.theguardian.com/world/rss
2026-01-20 05:35:33,589 - INFO - [The Hindu] (Thread) requires Selenium. Initializing driver...
2026-01-20 05:35:33,589 - INFO - Submitted 4 jobs to thread pool. Waiting up to 300s for completion...
2026-01-20 05:35:33,756 - INFO - Found 31 articles in BBC RSS feed. Processing up to 30.
2026-01-20 05:35:33,761 - INFO - [BBC] Early skip: URL https://www.bbc.com/news/articles/c4g5345ylk0o?at_medium=RSS&at_campaign=rss already exists.
2026-01-20 05:35:33,779 - INFO - Found 45 articles in The Guardian RSS feed. Processing up to 30.
2026-01-20 05:35:34,016 - INFO - [The Guardian] Early skip: URL https://www.theguardian.com/global-development/2026/jan/19/brazen-political-influence-rich-laid-bare-wealth-billionaires-inequality-poverty-instability-oxfam already exists.
2026-01-20 05:35:34,225 - INFO - [BBC] Early skip: URL https://www.bbc.com/news/articles/c0lx7j1lrwro?at_medium=RSS&at_campaign=rss already exists.
2026-01-20 05:35:34,441 - INFO - [BBC] Early skip: URL https://www.bbc.com/news/articles/c2d7rk0865go?at_medium=RSS&at_campaign=rss already exists.
2026-01-20 05:35:34,514 - INFO - Selenium driver initialized successfully.
2026-01-20 05:35:34,515 - INFO - Starting scrape for Times of India RSS feed: https://timesofindia.indiatimes.com/rssfeeds/296589292.cms
2026-01-20 05:35:34,516 - INFO - Selenium driver initialized successfully.
2026-01-20 05:35:34,516 - INFO - Starting scrape for The Hindu RSS feed: https://www.thehindu.com/news/national/feeder/default.rss
2026-01-20 05:35:34,609 - INFO - [The Guardian] Early skip: URL https://www.theguardian.com/world/2026/jan/18/ugandas-president-calls-opponents-terrorists-in-victory-speech already exists.
2026-01-20 05:35:34,653 - INFO - Found 100 articles in The Hindu RSS feed. Processing up to 30.
2026-01-20 05:35:34,762 - INFO - [BBC] Article: https://www.bbc.com/news/videos/cvgpr95npplo?at_medium=RSS&at_campaign=rss
2026-01-20 05:35:34,762 - INFO - [BBC] Attempt 1/1: Trying with 'requests_browser' strategy...
2026-01-20 05:35:34,764 - INFO - [The Hindu] Article: https://www.thehindu.com/news/national/andhra-pradesh/devotees-can-book-tickets-online-to-have-darshan-of-lord-sri-suryanarayana-swamy-on-the-day-of-ratha-saptami/article70527902.ece
2026-01-20 05:35:34,764 - INFO - [The Hindu] Attempt 1/1: Trying with 'selenium_browser' strategy...
2026-01-20 05:35:34,765 - INFO - [The Guardian] Early skip: URL https://www.theguardian.com/world/2026/jan/17/yoweri-museveni-wins-ugandan-election-as-opponent-condemns-fake-result already exists.
2026-01-20 05:35:34,788 - INFO - Found 20 articles in Times of India RSS feed. Processing up to 30.
2026-01-20 05:35:35,058 - INFO - [Times of India] Article: https://timesofindia.indiatimes.com/world/middle-east/abu-dhabi-crowned-worlds-safest-city-for-10th-straight-year-how-the-uae-capital-does-it/articleshow/126754121.cms
2026-01-20 05:35:35,058 - INFO - [Times of India] Attempt 1/1: Trying with 'selenium_browser' strategy...
2026-01-20 05:35:35,059 - INFO - [The Guardian] Early skip: URL https://www.theguardian.com/uk-news/2026/jan/17/afcon-little-morocco-london-confidence-high already exists.
2026-01-20 05:35:35,207 - INFO - [The Guardian] Early skip: URL https://www.theguardian.com/environment/2026/jan/17/twin-baby-mountain-gorilla-virunga-drc-survival-conservation-aoe already exists.
2026-01-20 05:35:35,253 - WARNING - [BBC] FAILED with 'requests_browser' (content was too short: 57 words).
2026-01-20 05:35:35,253 - ERROR - [BBC] All scrape strategies failed for https://www.bbc.com/news/videos/cvgpr95npplo?at_medium=RSS&at_campaign=rss. Falling back to RSS description.
2026-01-20 05:35:35,254 - WARNING - SKIPPED (GLOBAL WORD LIMIT): Article 'Ros Atkins on...President Trump's year in numbers' from BBC has only 24 words (Min: 90).
2026-01-20 05:35:35,392 - INFO - [The Guardian] Early skip: URL https://www.theguardian.com/world/2026/jan/19/guatemala-state-of-emergency-police-officers-killed-prison-gang-violence already exists.
2026-01-20 05:35:35,585 - INFO - [The Guardian] Early skip: URL https://www.theguardian.com/world/2026/jan/18/chile-president-declares-state-of-catastrophe-as-wildfires-kill already exists.
2026-01-20 05:35:35,846 - INFO - [The Guardian] Early skip: URL https://www.theguardian.com/us-news/2026/jan/16/trump-administration-mistake-college-student-detained already exists.
2026-01-20 05:35:36,074 - INFO - [The Guardian] Early skip: URL https://www.theguardian.com/world/2026/jan/16/cia-chief-visits-maduro-successor-as-machado-vows-to-become-venezuelas-president already exists.
2026-01-20 05:35:36,329 - INFO - [The Guardian] Early skip: URL https://www.theguardian.com/world/2026/jan/16/brazil-jair-bolsonaro-reduce-sentence-reading-books already exists.
2026-01-20 05:35:36,575 - INFO - [The Guardian] Article: https://www.theguardian.com/world/2026/jan/20/chinese-japan-tourist-numbers-halve-wake-taiwan-invasion-row
2026-01-20 05:35:36,575 - INFO - [The Guardian] Attempt 1/1: Trying with 'requests_browser' strategy...
2026-01-20 05:35:36,583 - INFO - [BBC] Early skip: URL https://www.bbc.com/news/articles/cdx4rpxxvg7o?at_medium=RSS&at_campaign=rss already exists.
2026-01-20 05:35:36,783 - INFO - [BBC] Early skip: URL https://www.bbc.com/news/articles/c98p6m0r53no?at_medium=RSS&at_campaign=rss already exists.
2026-01-20 05:35:36,844 - INFO - [The Guardian] Success with 'requests_browser'. Found content (543 words).
2026-01-20 05:35:36,933 - INFO - [BBC] Early skip: URL https://www.bbc.com/news/articles/cqxy3523nq2o?at_medium=RSS&at_campaign=rss already exists.
2026-01-20 05:35:37,193 - INFO - [BBC] Early skip: URL https://www.bbc.com/news/articles/c17zpvkddpzo?at_medium=RSS&at_campaign=rss already exists.
2026-01-20 05:35:37,339 - INFO - [BBC] Early skip: URL https://www.bbc.com/news/articles/clye22ljxw4o?at_medium=RSS&at_campaign=rss already exists.
2026-01-20 05:35:40,603 - INFO - [The Hindu] Page content loaded.
2026-01-20 05:35:40,931 - INFO - [The Hindu] Success with 'selenium_browser'. Found content (365 words).
2026-01-20 05:36:47,110 - INFO - Saved article: Chinese tourists shun Japan in wake of Taiwan invasion row | China | The Guardian from The Guardian (543 words)
2026-01-20 05:36:47,111 - INFO - [BBC] Early skip: URL https://www.bbc.com/news/articles/cvgdmkxl1mko?at_medium=RSS&at_campaign=rss already exists.
2026-01-20 05:37:35,158 - ERROR - [Times of India] Request failed for strategy 'selenium_browser' on URL https://timesofindia.indiatimes.com/world/middle-east/abu-dhabi-crowned-worlds-safest-city-for-10th-straight-year-how-the-uae-capital-does-it/articleshow/126754121.cms: HTTPConnectionPool(host='localhost', port=45607): Read timed out. (read timeout=120)
2026-01-20 05:37:35,158 - ERROR - [Times of India] All scrape strategies failed for https://timesofindia.indiatimes.com/world/middle-east/abu-dhabi-crowned-worlds-safest-city-for-10th-straight-year-how-the-uae-capital-does-it/articleshow/126754121.cms. Falling back to RSS description.
2026-01-20 05:37:35,158 - WARNING - SKIPPED (GLOBAL WORD LIMIT): Article 'Abu Dhabi crowned World’s Safest City for 10th straight year: How the UAE capital does it' from Times of India has only 54 words (Min: 90).
2026-01-20 05:37:35,267 - INFO - Saved article: Devotees can book tickets online to have darshan of Lord Sri Suryanarayana Swamy on the day of Ratha Saptami - The Hindu from The Hindu (365 words)
2026-01-20 05:37:35,267 - INFO - [BBC] Early skip: URL https://www.bbc.com/news/articles/cr4k35q6yr0o?at_medium=RSS&at_campaign=rss already exists.
2026-01-20 05:37:35,459 - INFO - [The Guardian] Early skip: URL https://www.theguardian.com/world/2026/jan/19/china-population-falls-again-birthrate-record-low already exists.
2026-01-20 05:37:35,580 - INFO - [BBC] Early skip: URL https://www.bbc.com/news/articles/c5yvl4x3nqeo?at_medium=RSS&at_campaign=rss already exists.
2026-01-20 05:37:35,858 - INFO - [The Guardian] Early skip: URL https://www.theguardian.com/world/2026/jan/19/japan-snap-election-sanae-takaichi-ldp already exists.
2026-01-20 05:37:36,064 - INFO - [BBC] Early skip: URL https://www.bbc.com/news/articles/c4gwk37ewvwo?at_medium=RSS&at_campaign=rss already exists.
2026-01-20 05:37:36,344 - INFO - [Times of India] Article: https://timesofindia.indiatimes.com/world/middle-east/saudi-second-semester-schedule-revealed-92-school-days-with-ramadan-adjustments-and-multiple-breaks/articleshow/126756538.cms
2026-01-20 05:37:36,345 - INFO - [Times of India] Attempt 1/1: Trying with 'selenium_browser' strategy...
2026-01-20 05:37:36,345 - INFO - [The Guardian] Early skip: URL https://www.theguardian.com/world/2026/jan/19/chinas-economy-hit-growth-goal-last-year-despite-trump-trade-war-and-property-crisis already exists.
2026-01-20 05:37:36,565 - INFO - [BBC] Early skip: URL https://www.bbc.com/news/articles/c79r7v7qr53o?at_medium=RSS&at_campaign=rss already exists.
2026-01-20 05:37:36,816 - INFO - [The Hindu] Article: https://www.thehindu.com/news/national/andhra-pradesh/andhra-pradesh-chandrababu-naidu-to-court-global-investors-at-davos/article70528006.ece
2026-01-20 05:37:36,816 - INFO - [The Hindu] Attempt 1/1: Trying with 'selenium_browser' strategy...
2026-01-20 05:37:36,817 - INFO - [The Guardian] Early skip: URL https://www.theguardian.com/politics/2026/jan/19/china-expected-to-get-london-embassy-go-ahead-uk already exists.
2026-01-20 05:37:37,076 - INFO - [BBC] Early skip: URL https://www.bbc.com/news/articles/c4g0zx0llpzo?at_medium=RSS&at_campaign=rss already exists.
2026-01-20 05:37:37,229 - INFO - [BBC] Early skip: URL https://www.bbc.com/news/articles/c1dk0x0v6pdo?at_medium=RSS&at_campaign=rss already exists.
2026-01-20 05:37:37,474 - INFO - [The Guardian] Early skip: URL https://www.theguardian.com/australia-news/live/2026/jan/20/hate-speech-gun-reform-anthony-albanese-bondi-terror-attack-ntwnfb already exists.
2026-01-20 05:37:37,635 - INFO - [BBC] Early skip: URL https://www.bbc.com/news/articles/c0r47ey0d1vo?at_medium=RSS&at_campaign=rss already exists.
2026-01-20 05:37:37,787 - INFO - [BBC] Early skip: URL https://www.bbc.com/news/articles/c8013p5v2yvo?at_medium=RSS&at_campaign=rss already exists.
2026-01-20 05:37:37,906 - INFO - [The Guardian] Article: https://www.theguardian.com/australia-news/2026/jan/20/globalise-intifada-ban-nsw-inquiry-chair-jewish-groups-ntwnfb
2026-01-20 05:37:37,906 - INFO - [The Guardian] Attempt 1/1: Trying with 'requests_browser' strategy...
2026-01-20 05:37:37,907 - INFO - [BBC] Early skip: URL https://www.bbc.com/news/articles/c62nen4n971o?at_medium=RSS&at_campaign=rss already exists.
2026-01-20 05:37:38,046 - INFO - [The Guardian] Success with 'requests_browser'. Found content (899 words).
2026-01-20 05:37:38,177 - INFO - [BBC] Early skip: URL https://www.bbc.com/sport/football/articles/c70ljednyl6o?at_medium=RSS&at_campaign=rss already exists.
2026-01-20 05:37:38,409 - INFO - [BBC] Article: https://www.bbc.com/news/articles/c4gwkdm2w33o?at_medium=RSS&at_campaign=rss
2026-01-20 05:37:38,409 - INFO - [BBC] Attempt 1/1: Trying with 'requests_browser' strategy...
2026-01-20 05:37:38,587 - INFO - [The Hindu] Page content loaded.
2026-01-20 05:37:38,899 - INFO - [The Hindu] Success with 'selenium_browser'. Found content (295 words).
2026-01-20 05:37:39,665 - WARNING - [BBC] FAILED with 'requests_browser' (content was too short: 83 words).
2026-01-20 05:37:39,665 - ERROR - [BBC] All scrape strategies failed for https://www.bbc.com/news/articles/c4gwkdm2w33o?at_medium=RSS&at_campaign=rss. Falling back to RSS description.
2026-01-20 05:37:39,665 - WARNING - SKIPPED (GLOBAL WORD LIMIT): Article 'In pictures: Valentino's life and work - and the stars who shared his journey' from BBC has only 14 words (Min: 90).
2026-01-20 05:38:25,092 - INFO - Saved article: NSW inquiry chair says ‘globalise the intifada’ should be banned while Jewish groups want other phrases prohibited | New South Wales politics | The Guardian from The Guardian (899 words)
2026-01-20 05:39:10,167 - INFO - Saved article: Andhra Pradesh Chandrababu Naidu to court global investors at Davos - The Hindu from The Hindu (295 words)
2026-01-20 05:39:10,168 - INFO - [BBC] Article: https://www.bbc.com/news/articles/clygmmm1rnpo?at_medium=RSS&at_campaign=rss
2026-01-20 05:39:10,168 - INFO - [BBC] Attempt 1/1: Trying with 'requests_browser' strategy...
2026-01-20 05:39:10,169 - INFO - [The Guardian] Early skip: URL https://www.theguardian.com/australia-news/2026/jan/20/labor-albanese-hate-speech-laws-expected-pass-parliament already exists.
2026-01-20 05:39:10,205 - INFO - [BBC] Success with 'requests_browser'. Found content (1040 words).
2026-01-20 05:39:10,385 - INFO - [The Guardian] Early skip: URL https://www.theguardian.com/australia-news/2026/jan/20/antisemitic-hate-incident-nazi-slogans-allegedly-yelled-melbourne-ntwnfb already exists.
2026-01-20 05:39:36,446 - ERROR - [Times of India] Request failed for strategy 'selenium_browser' on URL https://timesofindia.indiatimes.com/world/middle-east/saudi-second-semester-schedule-revealed-92-school-days-with-ramadan-adjustments-and-multiple-breaks/articleshow/126756538.cms: HTTPConnectionPool(host='localhost', port=45607): Read timed out. (read timeout=120)
2026-01-20 05:39:36,446 - ERROR - [Times of India] All scrape strategies failed for https://timesofindia.indiatimes.com/world/middle-east/saudi-second-semester-schedule-revealed-92-school-days-with-ramadan-adjustments-and-multiple-breaks/articleshow/126756538.cms. Falling back to RSS description.
2026-01-20 05:39:36,446 - WARNING - SKIPPED (GLOBAL WORD LIMIT): Article 'Saudi second semester schedule revealed: 92 school days with Ramadan adjustments and multiple breaks' from Times of India has only 58 words (Min: 90).
2026-01-20 05:39:56,022 - INFO - Saved article: Voter Voices: US voters evaluate Trump's economy after year one from BBC (1040 words)
2026-01-20 05:39:56,022 - INFO - [The Guardian] Early skip: URL https://www.theguardian.com/australia-news/2026/jan/20/ebike-swarms-descend-roads-parks-golf-courses-australia-ntwnfb already exists.
2026-01-20 05:39:56,210 - INFO - [The Hindu] Article: https://www.thehindu.com/news/national/security-forces-recover-ied-in-baramulla-jammu-and-kashmir/article70528082.ece
2026-01-20 05:39:56,210 - INFO - [The Hindu] Attempt 1/1: Trying with 'selenium_browser' strategy...
2026-01-20 05:39:56,211 - INFO - [Times of India] Article: https://timesofindia.indiatimes.com/world/middle-east/iran-barred-from-davos-wef-says-its-not-right-for-tehran-to-attend-cites-tragic-loss-of-lives/articleshow/126747517.cms
2026-01-20 05:39:56,212 - INFO - [Times of India] Attempt 1/1: Trying with 'selenium_browser' strategy...
2026-01-20 05:39:56,212 - INFO - [The Guardian] Early skip: URL https://www.theguardian.com/world/2026/jan/20/greenland-trump-make-america-go-away-maga-caps already exists.
2026-01-20 05:39:56,333 - INFO - [The Guardian] Early skip: URL https://www.theguardian.com/world/live/2026/jan/19/donald-trump-greenland-denmark-nobel-nato-europe-live-latest-news-updates already exists.
2026-01-20 05:39:56,624 - INFO - [The Guardian] Early skip: URL https://www.theguardian.com/politics/2026/jan/19/greenland-keir-starmer-rules-out-retaliatory-tariffs-against-us already exists.
2026-01-20 05:39:56,916 - INFO - [BBC] Article: https://www.bbc.com/news/articles/c62r0y2nkllo?at_medium=RSS&at_campaign=rss
2026-01-20 05:39:56,917 - INFO - [BBC] Attempt 1/1: Trying with 'requests_browser' strategy...
2026-01-20 05:39:56,918 - INFO - [The Guardian] Early skip: URL https://www.theguardian.com/world/2026/jan/19/spain-begins-three-days-of-mourning-after-train-crash already exists.
2026-01-20 05:39:56,957 - INFO - [BBC] Success with 'requests_browser'. Found content (528 words).
2026-01-20 05:39:57,418 - INFO - [The Hindu] Page content loaded.
2026-01-20 05:39:57,582 - INFO - [The Hindu] Success with 'selenium_browser'. Found content (114 words).
2026-01-20 05:40:33,590 - CRITICAL - --- TIMEOUT: 4 scrape jobs did not complete in 300s. ---
2026-01-20 05:40:33,590 - ERROR - A thread has timed out and will be abandoned.
2026-01-20 05:40:33,590 - ERROR - A thread has timed out and will be abandoned.
2026-01-20 05:40:33,590 - ERROR - A thread has timed out and will be abandoned.
2026-01-20 05:40:33,590 - ERROR - A thread has timed out and will be abandoned.
2026-01-20 05:40:33,590 - INFO - Shutting down thread pool (wait=False)...
2026-01-20 05:40:33,590 - INFO - Scraped: 4 Timed_Out_Jobs articles. (Total saved: 0)
2026-01-20 05:40:33,590 - INFO - --- Scraping job finished ---
2026-01-20 05:40:33,590 - INFO - --- Scraper service stopped and database connection closed. ---
2026-01-20 05:40:33,590 - INFO - --- Main thread finished. Forcing process exit to kill zombie threads. ---
