2025-12-13 01:54:37,695 - INFO - Loading AI Semantic Model (all-MiniLM-L6-v2)...
2025-12-13 01:54:37,695 - INFO - Use pytorch device_name: cpu
2025-12-13 01:54:37,695 - INFO - Load pretrained SentenceTransformer: all-MiniLM-L6-v2
2025-12-13 01:54:38,851 - INFO - AI Model loaded successfully.
2025-12-13 01:54:38,851 - INFO - --- Scraper service started (CI Mode: Run Once) ---
2025-12-13 01:54:38,851 - INFO - --- Starting new scraping job (Parallel Mode) ---
2025-12-13 01:54:38,851 - INFO - Creating new robust session with 3 retries on 5xx/connection/read errors.
2025-12-13 01:54:38,851 - INFO - Proxy is DISABLED.
2025-12-13 01:54:38,852 - INFO - Starting scrape for BBC RSS feed: http://feeds.bbci.co.uk/news/world/rss.xml
2025-12-13 01:54:38,853 - INFO - [Times of India] (Thread) requires Selenium. Initializing driver...
2025-12-13 01:54:38,853 - INFO - Starting scrape for The Guardian RSS feed: https://www.theguardian.com/world/rss
2025-12-13 01:54:38,854 - INFO - [The Hindu] (Thread) requires Selenium. Initializing driver...
2025-12-13 01:54:38,854 - INFO - Submitted 4 jobs to thread pool. Waiting up to 300s for completion...
2025-12-13 01:54:39,005 - INFO - Found 45 articles in The Guardian RSS feed. Processing up to 30.
2025-12-13 01:54:39,006 - INFO - [The Guardian] Early skip: URL https://www.theguardian.com/us-news/2025/dec/12/trump-ends-temporary-legal-status-ethiopia already exists.
2025-12-13 01:54:39,223 - INFO - [The Guardian] Early skip: URL https://www.theguardian.com/world/2025/dec/12/uk-sanctions-four-rsf-commanders-heinous-violence-against-sudan-civilians already exists.
2025-12-13 01:54:39,471 - INFO - [The Guardian] Early skip: URL https://www.theguardian.com/world/2025/dec/11/fate-of-11-nigerian-troops-unclear-after-unauthorised-plane-landing-in-burkina-faso already exists.
2025-12-13 01:54:39,612 - INFO - [The Guardian] Early skip: URL https://www.theguardian.com/world/2025/dec/10/burkina-faso-releases-nigerian-troops-unauthorised-emergency-landing already exists.
2025-12-13 01:54:39,759 - INFO - Found 29 articles in BBC RSS feed. Processing up to 30.
2025-12-13 01:54:39,788 - INFO - [BBC] Early skip: URL https://www.bbc.com/news/articles/c98nnd01g91o?at_medium=RSS&at_campaign=rss already exists.
2025-12-13 01:54:39,922 - INFO - [The Guardian] Early skip: URL https://www.theguardian.com/world/2025/dec/09/drc-fighting-forces-200000-to-flee-just-days-after-washington-peace-deal already exists.
2025-12-13 01:54:40,048 - INFO - [BBC] Early skip: URL https://www.bbc.com/news/articles/crk777lj763o?at_medium=RSS&at_campaign=rss already exists.
2025-12-13 01:54:40,303 - INFO - [The Guardian] Early skip: URL https://www.theguardian.com/world/2025/dec/12/brazilian-judge-sanction-lifted-bolsonaro already exists.
2025-12-13 01:54:40,411 - INFO - [BBC] Early skip: URL https://www.bbc.com/news/articles/c5yjj2epvlro?at_medium=RSS&at_campaign=rss already exists.
2025-12-13 01:54:40,603 - INFO - [The Guardian] Early skip: URL https://www.theguardian.com/world/2025/dec/12/colombia-eln-guerrilla-rebels-trump already exists.
2025-12-13 01:54:40,899 - INFO - [BBC] Article: https://www.bbc.com/news/articles/c4gk34k9k23o?at_medium=RSS&at_campaign=rss
2025-12-13 01:54:40,899 - INFO - [BBC] Attempt 1/1: Trying with 'requests_browser' strategy...
2025-12-13 01:54:40,901 - INFO - [The Guardian] Early skip: URL https://www.theguardian.com/world/2025/dec/12/canada-liberals-government-majority-conservative-michael-ma already exists.
2025-12-13 01:54:41,007 - INFO - [The Guardian] Early skip: URL https://www.theguardian.com/us-news/2025/dec/12/flood-water-rain-pacific-northwest-washington already exists.
2025-12-13 01:54:41,183 - INFO - [BBC] Success with 'requests_browser'. Found content (1685 words).
2025-12-13 01:54:41,211 - INFO - [The Guardian] Early skip: URL https://www.theguardian.com/world/2025/dec/12/maria-corina-machado-escape-venezuela-us-norway already exists.
2025-12-13 01:54:45,344 - INFO - Selenium driver initialized successfully.
2025-12-13 01:54:45,344 - INFO - Starting scrape for Times of India RSS feed: https://timesofindia.indiatimes.com/rssfeeds/296589292.cms
2025-12-13 01:54:45,345 - INFO - Selenium driver initialized successfully.
2025-12-13 01:54:45,345 - INFO - Starting scrape for The Hindu RSS feed: https://www.thehindu.com/news/national/feeder/default.rss
2025-12-13 01:54:45,533 - INFO - Found 100 articles in The Hindu RSS feed. Processing up to 30.
2025-12-13 01:54:45,842 - INFO - Found 20 articles in Times of India RSS feed. Processing up to 30.
2025-12-13 01:55:13,941 - INFO - DEDUPLICATION: Found match (Score: 0.81). Linking to Cluster ID: ae82c489-1ff7-4a92-89a4-8d7388c34d50
2025-12-13 01:55:13,943 - INFO - Saved article: DR Congo-Rwanda peace process: Can Trump's shattered plan be glued back together? from BBC (1685 words)
2025-12-13 01:55:13,943 - INFO - [The Guardian] Early skip: URL https://www.theguardian.com/world/2025/dec/12/thailand-and-cambodia-agree-to-restart-ceasefire-brokered-by-us-says-trump already exists.
2025-12-13 01:55:14,154 - INFO - [The Hindu] Article: https://www.thehindu.com/news/national/jammu-and-kashmir/from-jama-masjid-pulpit-mirwaiz-seeks-end-to-practice-of-arresting-leaders-in-decades-old-cases/article70389053.ece
2025-12-13 01:55:14,154 - INFO - [The Hindu] Attempt 1/1: Trying with 'selenium_browser' strategy...
2025-12-13 01:55:14,155 - INFO - [Times of India] Article: https://timesofindia.indiatimes.com/world/us/washington-floods-evacuations-road-closures-and-trump-signs-emergency-declarationwhat-to-know/articleshow/125942720.cms
2025-12-13 01:55:14,155 - INFO - [Times of India] Attempt 1/1: Trying with 'selenium_browser' strategy...
2025-12-13 01:55:14,156 - INFO - [The Guardian] Early skip: URL https://www.theguardian.com/world/2025/dec/12/indonesia-floods-extinction-level-rare-orangutan-tapanuli already exists.
2025-12-13 01:55:14,301 - INFO - [The Guardian] Early skip: URL https://www.theguardian.com/world/2025/dec/12/south-korea-exam-chief-quits-after-complaints-english-test-was-too-hard already exists.
2025-12-13 01:55:14,513 - INFO - [The Guardian] Early skip: URL https://www.theguardian.com/technology/2025/dec/12/do-kwon-cryptocurrency-terraform-labs-co-founder-prison-fraud already exists.
2025-12-13 01:55:14,625 - INFO - [The Guardian] Early skip: URL https://www.theguardian.com/world/2025/dec/12/thailand-set-for-early-elections-cambodia-clashes already exists.
2025-12-13 01:55:14,863 - INFO - [BBC] Early skip: URL https://www.bbc.com/news/articles/cvgrrnylzzyo?at_medium=RSS&at_campaign=rss already exists.
2025-12-13 01:55:15,068 - INFO - [The Guardian] Article: https://www.theguardian.com/australia-news/2025/dec/13/melbourne-west-gate-tunnel-opens-sunday
2025-12-13 01:55:15,068 - INFO - [The Guardian] Attempt 1/1: Trying with 'requests_browser' strategy...
2025-12-13 01:55:15,070 - INFO - [BBC] Early skip: URL https://www.bbc.com/news/articles/cly559exm87o?at_medium=RSS&at_campaign=rss already exists.
2025-12-13 01:55:15,248 - INFO - [BBC] Early skip: URL https://www.bbc.com/news/articles/cd0kkyx3vvxo?at_medium=RSS&at_campaign=rss already exists.
2025-12-13 01:55:15,359 - INFO - [The Guardian] Success with 'requests_browser'. Found content (562 words).
2025-12-13 01:55:15,492 - INFO - [BBC] Early skip: URL https://www.bbc.com/news/articles/cm211xz0vl8o?at_medium=RSS&at_campaign=rss already exists.
2025-12-13 01:55:15,652 - INFO - [BBC] Early skip: URL https://www.bbc.com/news/articles/c1kpwmezkpdo?at_medium=RSS&at_campaign=rss already exists.
2025-12-13 01:55:16,632 - INFO - [The Hindu] Page content loaded.
2025-12-13 01:55:17,008 - INFO - [The Hindu] Success with 'selenium_browser'. Found content (374 words).
2025-12-13 01:55:24,238 - INFO - [Times of India] Page content loaded.
2025-12-13 01:55:24,735 - INFO - [Times of India] Success with 'selenium_browser'. Found content (539 words).
2025-12-13 01:55:56,776 - INFO - Saved article: From toxic soil and industrial standoffs, Melbourne’s West Gate Tunnel finally emerges for motorists to use on Sunday | Transport | The Guardian from The Guardian (562 words)
2025-12-13 01:55:56,777 - INFO - [BBC] Early skip: URL https://www.bbc.com/news/articles/cly555k8de3o?at_medium=RSS&at_campaign=rss already exists.
2025-12-13 01:56:31,719 - INFO - Saved article: From Jama Masjid pulpit, Mirwaiz seeks end to practice of ‘arresting leaders in decades-old cases’ - The Hindu from The Hindu (374 words)
2025-12-13 01:57:06,295 - INFO - DEDUPLICATION: Found match (Score: 0.73). Linking to Cluster ID: 7bb7a815-175f-4423-bfb2-2a5e7ea0fb23
2025-12-13 01:57:06,298 - INFO - Saved article: Washington floods: Evacuations, road closures and Trump signs emergency declaration—what to know - The Times of India from Times of India (539 words)
2025-12-13 01:57:06,298 - INFO - [BBC] Early skip: URL https://www.bbc.com/news/articles/czxgnqx1yplo?at_medium=RSS&at_campaign=rss already exists.
2025-12-13 01:57:06,470 - INFO - [The Guardian] Article: https://www.theguardian.com/environment/2025/dec/13/home-batteries-subsidy-overhauled-with-72bn-injection-as-australians-rush-to-take-up-discount
2025-12-13 01:57:06,470 - INFO - [The Guardian] Attempt 1/1: Trying with 'requests_browser' strategy...
2025-12-13 01:57:06,471 - INFO - [The Hindu] Article: https://www.thehindu.com/news/national/jammu-and-kashmir/jk-l-g-hands-over-appointment-letters-to-kin-of-nowgam-blast-victims/article70389147.ece
2025-12-13 01:57:06,471 - INFO - [The Hindu] Attempt 1/1: Trying with 'selenium_browser' strategy...
2025-12-13 01:57:06,472 - INFO - [BBC] Early skip: URL https://www.bbc.com/news/articles/c4g99kp897do?at_medium=RSS&at_campaign=rss already exists.
2025-12-13 01:57:06,508 - INFO - [The Guardian] Success with 'requests_browser'. Found content (532 words).
2025-12-13 01:57:08,098 - INFO - [The Hindu] Page content loaded.
2025-12-13 01:57:08,281 - INFO - [The Hindu] Success with 'selenium_browser'. Found content (213 words).
2025-12-13 01:57:42,570 - INFO - Saved article: Home batteries subsidy overhauled with $7.2bn injection as Australians rush to take up discount | Renewable energy | The Guardian from The Guardian (532 words)
2025-12-13 01:57:42,570 - INFO - [BBC] Early skip: URL https://www.bbc.com/news/videos/cjwyy65ne62o?at_medium=RSS&at_campaign=rss already exists.
2025-12-13 01:57:42,803 - INFO - [Times of India] Article: https://timesofindia.indiatimes.com/world/us/us-seized-tanker-carrying-venezuelan-crude-sails-toward-houston-report/articleshow/125942631.cms
2025-12-13 01:57:42,803 - INFO - [Times of India] Attempt 1/1: Trying with 'selenium_browser' strategy...
2025-12-13 01:57:47,441 - INFO - [Times of India] Page content loaded.
2025-12-13 01:57:47,597 - INFO - [Times of India] Success with 'selenium_browser'. Found content (340 words).
2025-12-13 01:58:21,823 - INFO - Saved article: J&K L-G hands over appointment letters to kin of Nowgam blast victims - The Hindu from The Hindu (213 words)
2025-12-13 01:58:21,823 - INFO - [BBC] Early skip: URL https://www.bbc.com/news/articles/c3w792x0ggyo?at_medium=RSS&at_campaign=rss already exists.
2025-12-13 01:58:21,944 - INFO - [The Guardian] Early skip: URL https://www.theguardian.com/environment/2025/dec/13/opening-up-victorias-otway-basin-to-offshore-gas-exploration-an-environmental-betrayal-greens-say already exists.
2025-12-13 01:58:57,553 - INFO - DEDUPLICATION: Found match (Score: 0.81). Linking to Cluster ID: fb724253-55b5-4f39-af69-72670d73a71d
2025-12-13 01:58:57,555 - INFO - Saved article: US-seized tanker carrying Venezuelan crude sails toward Houston: Report - The Times of India from Times of India (340 words)
2025-12-13 01:58:57,555 - INFO - [BBC] Early skip: URL https://www.bbc.com/news/articles/c0q5504vv0ko?at_medium=RSS&at_campaign=rss already exists.
2025-12-13 01:58:57,775 - INFO - [The Guardian] Early skip: URL https://www.theguardian.com/australia-news/2025/dec/13/ato-external-outsourcing-reduction-union-presumed-typo already exists.
2025-12-13 01:58:58,037 - INFO - [The Hindu] Article: https://www.thehindu.com/news/national/punjab/bjp-leader-amarinder-singh-calls-bjp-rigid-praises-congresss-flexibility/article70389337.ece
2025-12-13 01:58:58,038 - INFO - [The Hindu] Attempt 1/1: Trying with 'selenium_browser' strategy...
2025-12-13 01:58:58,038 - INFO - [BBC] Early skip: URL https://www.bbc.com/news/articles/c0jeeq6xnvpo?at_medium=RSS&at_campaign=rss already exists.
2025-12-13 01:58:58,205 - INFO - [The Guardian] Early skip: URL https://www.theguardian.com/australia-news/2025/dec/13/nsw-coalmine-expansions-would-breach-climate-targets already exists.
2025-12-13 01:58:58,336 - INFO - [BBC] Early skip: URL https://www.bbc.com/news/articles/clykk2yrl9ko?at_medium=RSS&at_campaign=rss already exists.
2025-12-13 01:58:58,521 - INFO - [BBC] Article: https://www.bbc.com/news/articles/c93w90kqgv9o?at_medium=RSS&at_campaign=rss
2025-12-13 01:58:58,521 - INFO - [The Guardian] Early skip: URL https://www.theguardian.com/world/2025/dec/12/eu-to-freeze-210bn-in-russian-assets-indefinitely already exists.
2025-12-13 01:58:58,524 - INFO - [BBC] Attempt 1/1: Trying with 'requests_browser' strategy...
2025-12-13 01:58:58,596 - INFO - [BBC] Success with 'requests_browser'. Found content (1523 words).
2025-12-13 01:58:58,692 - INFO - [Times of India] Article: https://timesofindia.indiatimes.com/world/us/jail-fines-or-deportation-what-ted-cruz-said-about-claims-over-ilhan-omars-marriage-to-brother/articleshow/125942563.cms
2025-12-13 01:58:58,692 - INFO - [Times of India] Attempt 1/1: Trying with 'selenium_browser' strategy...
2025-12-13 01:58:58,693 - INFO - [The Guardian] Early skip: URL https://www.theguardian.com/world/live/2025/dec/12/von-der-leyen-trump-ukraine-belgium-russian-assets-starmer-latest-news-updates already exists.
2025-12-13 01:58:59,052 - INFO - [The Hindu] Page content loaded.
2025-12-13 01:58:59,207 - INFO - [The Hindu] Success with 'selenium_browser'. Found content (317 words).
2025-12-13 01:59:02,176 - INFO - [Times of India] Page content loaded.
2025-12-13 01:59:02,469 - INFO - [Times of India] Success with 'selenium_browser'. Found content (454 words).
2025-12-13 01:59:36,180 - INFO - Saved article: Australia social media ban: Why isn't gaming included? from BBC (1523 words)
2025-12-13 01:59:36,180 - INFO - [The Guardian] Early skip: URL https://www.theguardian.com/world/2025/dec/12/giorgia-meloni-atreju-brothers-of-italy-far-right already exists.
2025-12-13 01:59:38,855 - CRITICAL - --- TIMEOUT: 4 scrape jobs did not complete in 300s. ---
2025-12-13 01:59:38,855 - ERROR - A thread has timed out and will be abandoned.
2025-12-13 01:59:38,855 - ERROR - A thread has timed out and will be abandoned.
2025-12-13 01:59:38,855 - ERROR - A thread has timed out and will be abandoned.
2025-12-13 01:59:38,856 - ERROR - A thread has timed out and will be abandoned.
2025-12-13 01:59:38,856 - INFO - Shutting down thread pool (wait=False)...
2025-12-13 01:59:38,856 - INFO - Scraped: 4 Timed_Out_Jobs articles. (Total saved: 0)
2025-12-13 01:59:38,856 - INFO - --- Scraping job finished ---
2025-12-13 01:59:38,856 - INFO - --- Scraper service stopped and database connection closed. ---
2025-12-13 01:59:38,856 - INFO - --- Main thread finished. Forcing process exit to kill zombie threads. ---
