2025-12-24 11:42:56,993 - INFO - Loading AI Semantic Model (all-MiniLM-L6-v2)...
2025-12-24 11:42:56,994 - INFO - Use pytorch device_name: cpu
2025-12-24 11:42:56,994 - INFO - Load pretrained SentenceTransformer: all-MiniLM-L6-v2
2025-12-24 11:42:58,253 - INFO - AI Model loaded successfully.
2025-12-24 11:42:58,253 - INFO - --- Scraper service started (CI Mode: Run Once) ---
2025-12-24 11:42:58,253 - INFO - --- Starting new scraping job (Parallel Mode) ---
2025-12-24 11:42:58,253 - INFO - Creating new robust session with 3 retries on 5xx/connection/read errors.
2025-12-24 11:42:58,253 - INFO - Proxy is DISABLED.
2025-12-24 11:42:58,254 - INFO - Starting scrape for BBC RSS feed: http://feeds.bbci.co.uk/news/world/rss.xml
2025-12-24 11:42:58,255 - INFO - [Times of India] (Thread) requires Selenium. Initializing driver...
2025-12-24 11:42:58,255 - INFO - Starting scrape for The Guardian RSS feed: https://www.theguardian.com/world/rss
2025-12-24 11:42:58,256 - INFO - [The Hindu] (Thread) requires Selenium. Initializing driver...
2025-12-24 11:42:58,256 - INFO - Submitted 4 jobs to thread pool. Waiting up to 300s for completion...
2025-12-24 11:42:58,407 - INFO - Found 25 articles in BBC RSS feed. Processing up to 30.
2025-12-24 11:42:58,408 - INFO - [BBC] Early skip: URL https://www.bbc.com/news/articles/c9d9wg2pwl1o?at_medium=RSS&at_campaign=rss already exists.
2025-12-24 11:42:58,435 - INFO - Found 45 articles in The Guardian RSS feed. Processing up to 30.
2025-12-24 11:42:58,523 - INFO - [The Guardian] Early skip: URL https://www.theguardian.com/world/2025/dec/23/libyas-army-chief-dies-in-plane-crash-in-turkey already exists.
2025-12-24 11:42:58,822 - INFO - [BBC] Early skip: URL https://www.bbc.com/news/articles/cd749gqgg11o?at_medium=RSS&at_campaign=rss already exists.
2025-12-24 11:42:59,079 - INFO - [The Guardian] Early skip: URL https://www.theguardian.com/world/2025/dec/22/freed-nigerian-schoolchildren-set-to-be-reunited-with-families already exists.
2025-12-24 11:42:59,187 - INFO - [BBC] Early skip: URL https://www.bbc.com/news/articles/cm28g5exx09o?at_medium=RSS&at_campaign=rss already exists.
2025-12-24 11:42:59,453 - INFO - [The Guardian] Early skip: URL https://www.theguardian.com/world/2025/dec/21/more-kidnapped-schoolchildren-freed-in-nigeria already exists.
2025-12-24 11:42:59,585 - INFO - [BBC] Early skip: URL https://www.bbc.com/news/articles/c5yj4yvx80do?at_medium=RSS&at_campaign=rss already exists.
2025-12-24 11:42:59,802 - INFO - [The Guardian] Early skip: URL https://www.theguardian.com/uk-news/2025/dec/21/manchester-museum-uncover-hidden-histories-africa-hub already exists.
2025-12-24 11:43:00,045 - INFO - [BBC] Early skip: URL https://www.bbc.com/news/articles/cgke51rzpvro?at_medium=RSS&at_campaign=rss already exists.
2025-12-24 11:43:00,146 - INFO - [The Guardian] Early skip: URL https://www.theguardian.com/global-development/2025/dec/21/sweden-and-germany-slash-aid-budgets-to-focus-on-ukraine-and-defence-spending already exists.
2025-12-24 11:43:00,260 - INFO - [BBC] Early skip: URL https://www.bbc.com/news/articles/cp39kngz008o?at_medium=RSS&at_campaign=rss already exists.
2025-12-24 11:43:00,433 - INFO - [The Guardian] Early skip: URL https://www.theguardian.com/media/2025/dec/23/60-minutes-cecot-appears-online already exists.
2025-12-24 11:43:00,601 - INFO - [BBC] Early skip: URL https://www.bbc.com/news/articles/ce3wry1529wo?at_medium=RSS&at_campaign=rss already exists.
2025-12-24 11:43:00,724 - INFO - [The Guardian] Early skip: URL https://www.theguardian.com/world/2025/dec/23/brazil-jair-bolsonaro-eduardo-havaianas-television-ad-fernanda-torres already exists.
2025-12-24 11:43:01,006 - INFO - [BBC] Early skip: URL https://www.bbc.com/news/articles/c8dy3mvye62o?at_medium=RSS&at_campaign=rss already exists.
2025-12-24 11:43:01,146 - INFO - [The Guardian] Early skip: URL https://www.theguardian.com/world/2025/dec/23/canada-bill-refugees already exists.
2025-12-24 11:43:01,406 - INFO - [BBC] Early skip: URL https://www.bbc.com/news/articles/cyvgzyepdqno?at_medium=RSS&at_campaign=rss already exists.
2025-12-24 11:43:01,613 - INFO - [The Guardian] Early skip: URL https://www.theguardian.com/us-news/2025/dec/23/us-trump-administration-signs-security-deals-across-latin-america already exists.
2025-12-24 11:43:01,845 - INFO - [BBC] Early skip: URL https://www.bbc.com/news/articles/czxpz05yj5po?at_medium=RSS&at_campaign=rss already exists.
2025-12-24 11:43:02,072 - INFO - [The Guardian] Early skip: URL https://www.theguardian.com/world/2025/dec/23/russia-china-support-venezuela-trump-pressure-maduro already exists.
2025-12-24 11:43:02,184 - INFO - [BBC] Early skip: URL https://www.bbc.com/news/articles/cwyxz5jken3o?at_medium=RSS&at_campaign=rss already exists.
2025-12-24 11:43:02,371 - INFO - [The Guardian] Early skip: URL https://www.theguardian.com/world/2025/dec/24/rare-footage-from-trial-of-chinese-general-who-defied-tiananmen-crackdown-order-leaked-online already exists.
2025-12-24 11:43:02,618 - INFO - [BBC] Early skip: URL https://www.bbc.com/news/articles/c62n9ynzrdpo?at_medium=RSS&at_campaign=rss already exists.
2025-12-24 11:43:02,912 - INFO - [The Guardian] Early skip: URL https://www.theguardian.com/world/2025/dec/23/christians-pastors-arrested-detained-china-crackdown-house-churches already exists.
2025-12-24 11:43:03,024 - INFO - [BBC] Early skip: URL https://www.bbc.com/news/articles/cd0kxrr2jyko?at_medium=RSS&at_campaign=rss already exists.
2025-12-24 11:43:03,238 - INFO - [The Guardian] Early skip: URL https://www.theguardian.com/business/2025/dec/22/china-hits-eu-dairy-industry-with-tariffs already exists.
2025-12-24 11:43:03,531 - INFO - [BBC] Early skip: URL https://www.bbc.com/news/articles/c87lnn09yj8o?at_medium=RSS&at_campaign=rss already exists.
2025-12-24 11:43:03,739 - INFO - [The Guardian] Early skip: URL https://www.theguardian.com/world/2025/dec/22/jeju-air-crash-independent-inquiry-south-korea already exists.
2025-12-24 11:43:03,995 - INFO - Selenium driver initialized successfully.
2025-12-24 11:43:03,995 - INFO - Starting scrape for The Hindu RSS feed: https://www.thehindu.com/news/national/feeder/default.rss
2025-12-24 11:43:03,996 - INFO - Selenium driver initialized successfully.
2025-12-24 11:43:03,996 - INFO - Starting scrape for Times of India RSS feed: https://timesofindia.indiatimes.com/rssfeeds/296589292.cms
2025-12-24 11:43:04,034 - INFO - [BBC] Early skip: URL https://www.bbc.com/news/articles/czj0ll7ppewo?at_medium=RSS&at_campaign=rss already exists.
2025-12-24 11:43:04,126 - INFO - Found 100 articles in The Hindu RSS feed. Processing up to 30.
2025-12-24 11:43:04,128 - INFO - Found 20 articles in Times of India RSS feed. Processing up to 30.
2025-12-24 11:43:04,239 - INFO - [The Guardian] Early skip: URL https://www.theguardian.com/world/2025/dec/22/new-zealand-christchurch-spoof-absurdist-road-signs already exists.
2025-12-24 11:43:04,445 - INFO - [The Hindu] Article: https://www.thehindu.com/videos/maharashtra-poll-results-2025-bjp-gains-sena-ncp-factions-struggle-full-breakdown/article70433594.ece
2025-12-24 11:43:04,446 - INFO - [The Hindu] Attempt 1/1: Trying with 'selenium_browser' strategy...
2025-12-24 11:43:04,447 - INFO - [Times of India] Article: https://timesofindia.indiatimes.com/world/middle-east/visa-free-travel-between-oman-and-turkiye-everything-you-need-to-know/articleshow/126159106.cms
2025-12-24 11:43:04,447 - INFO - [Times of India] Attempt 1/1: Trying with 'selenium_browser' strategy...
2025-12-24 11:43:04,447 - INFO - [BBC] Early skip: URL https://www.bbc.com/news/articles/clyd12d38jgo?at_medium=RSS&at_campaign=rss already exists.
2025-12-24 11:43:04,631 - INFO - [The Guardian] Early skip: URL https://www.theguardian.com/australia-news/2025/dec/24/perth-man-charged-with-racial-harassment-for-alleged-post-backing-bondi-attack-ntwnfb already exists.
2025-12-24 11:43:04,890 - INFO - [BBC] Early skip: URL https://www.bbc.com/news/articles/cvg1361d32ro?at_medium=RSS&at_campaign=rss already exists.
2025-12-24 11:43:05,167 - INFO - [BBC] Early skip: URL https://www.bbc.com/news/articles/c4gekjjqn1ro?at_medium=RSS&at_campaign=rss already exists.
2025-12-24 11:43:05,299 - INFO - [The Guardian] Early skip: URL https://www.theguardian.com/australia-news/live/2025/dec/24/nsw-gun-and-protest-laws-bondi-terror-attack-hate-crime-database-anthony-albanese-sussan-ley-chris-minns-labor-coalition-ntwnfb already exists.
2025-12-24 11:43:05,535 - INFO - [The Guardian] Early skip: URL https://www.theguardian.com/australia-news/2025/dec/24/nsw-premier-police-commissioner-protest-ban-powers-bondi-shooting-terror-attack-ntwnfb already exists.
2025-12-24 11:43:05,818 - INFO - [BBC] Early skip: URL https://www.bbc.com/news/articles/cj69d8we98jo?at_medium=RSS&at_campaign=rss already exists.
2025-12-24 11:43:06,036 - INFO - [The Guardian] Early skip: URL https://www.theguardian.com/australia-news/2025/dec/24/retribution-fears-australian-muslims-surge-islamophobic-hate-since-bondi-terror-attack-ntwnfb already exists.
2025-12-24 11:43:06,160 - INFO - [The Guardian] Early skip: URL https://www.theguardian.com/australia-news/2025/dec/24/british-man-australian-visa-cancelled-display-nazi-symbols-charge already exists.
2025-12-24 11:43:06,313 - INFO - [BBC] Early skip: URL https://www.bbc.com/news/articles/cy95w0x9889o?at_medium=RSS&at_campaign=rss already exists.
2025-12-24 11:43:06,487 - INFO - [BBC] Early skip: URL https://www.bbc.com/news/videos/c0edjv3jr3po?at_medium=RSS&at_campaign=rss already exists.
2025-12-24 11:43:06,728 - INFO - [The Guardian] Early skip: URL https://www.theguardian.com/world/2025/dec/24/british-boy-stabbed-death-portugal already exists.
2025-12-24 11:43:06,891 - INFO - [The Guardian] Early skip: URL https://www.theguardian.com/world/2025/dec/24/three-killed-in-moscow-car-explosion-say-russian-authorities already exists.
2025-12-24 11:43:07,148 - INFO - [BBC] Early skip: URL https://www.bbc.com/news/videos/ce3w4x2v0xko?at_medium=RSS&at_campaign=rss already exists.
2025-12-24 11:43:07,298 - INFO - [BBC] Early skip: URL https://www.bbc.com/news/videos/cwywe5zw384o?at_medium=RSS&at_campaign=rss already exists.
2025-12-24 11:43:07,449 - INFO - [The Guardian] Early skip: URL https://www.theguardian.com/world/2025/dec/24/militia-leader-murky-death-stanislav-orlov-russia-kremlin-control already exists.
2025-12-24 11:43:07,602 - INFO - [The Guardian] Early skip: URL https://www.theguardian.com/technology/2025/dec/24/us-state-department-visa-ban-former-eu-commissioner-europe already exists.
2025-12-24 11:43:07,723 - INFO - [The Guardian] Early skip: URL https://www.theguardian.com/world/2025/dec/23/ukrainian-cities-lose-power-in-winter-weather-after-russian-attacks already exists.
2025-12-24 11:43:08,008 - INFO - [BBC] Early skip: URL https://www.bbc.com/news/videos/cn7kpnjnmklo?at_medium=RSS&at_campaign=rss already exists.
2025-12-24 11:43:08,304 - INFO - [BBC] Article: https://www.bbc.com/news/videos/cj01pdve7rpo?at_medium=RSS&at_campaign=rss
2025-12-24 11:43:08,304 - INFO - [BBC] Attempt 1/1: Trying with 'requests_browser' strategy...
2025-12-24 11:43:08,307 - INFO - [The Guardian] Early skip: URL https://www.theguardian.com/uk-news/2025/dec/22/families-of-palestine-action-hunger-strikers-seek-urgent-meeting-with-lammy already exists.
2025-12-24 11:43:08,588 - INFO - [The Guardian] Early skip: URL https://www.theguardian.com/world/2025/dec/21/israel-approves-new-jewish-settlements-occupied-west-bank already exists.
2025-12-24 11:43:08,682 - WARNING - [BBC] FAILED with 'requests_browser' (content was too short: 80 words).
2025-12-24 11:43:08,683 - ERROR - [BBC] All scrape strategies failed for https://www.bbc.com/news/videos/cj01pdve7rpo?at_medium=RSS&at_campaign=rss. Falling back to RSS description.
2025-12-24 11:43:08,683 - WARNING - SKIPPED (GLOBAL WORD LIMIT): Article 'Putin tells BBC Western leaders deceived Russia' from BBC has only 21 words (Min: 90).
2025-12-24 11:43:08,694 - INFO - [The Hindu] Page content loaded.
2025-12-24 11:43:08,734 - INFO - [The Guardian] Early skip: URL https://www.theguardian.com/world/2025/dec/20/israeli-troops-kill-palestinians-sheltering-in-gaza-school-hospital-chiefs already exists.
2025-12-24 11:43:08,955 - INFO - [The Guardian] Early skip: URL https://www.theguardian.com/world/2025/dec/19/gaza-famine-hunger-food-shortages-winter-flooding-un already exists.
2025-12-24 11:43:09,223 - INFO - [The Guardian] Early skip: URL https://www.theguardian.com/global-development/2025/dec/19/gaza-phd-student-manar-al-houbi-granted-access-to-uk-but-others-remain-stranded already exists.
2025-12-24 11:43:09,234 - INFO - [The Hindu] Success with 'selenium_browser'. Found content (249 words).
2025-12-24 11:44:07,086 - INFO - DEDUPLICATION: Found match (Score: 0.79). Linking to Cluster ID: 874a8867-61c1-4e78-9775-9d8b09b78573
2025-12-24 11:44:07,090 - INFO - Saved article: Maharashtra poll results 2025: BJP gains, Sena & NCP factions struggle | Full breakdown - The Hindu from The Hindu (249 words)
2025-12-24 11:44:07,973 - INFO - [The Hindu] Article: https://www.thehindu.com/news/national/kerala/sit-moves-closer-to-questioning-more-tdb-higher-ups-in-sabarimala-gold-theft-case/article70433459.ece
2025-12-24 11:44:07,973 - INFO - [The Hindu] Attempt 1/1: Trying with 'selenium_browser' strategy...
2025-12-24 11:44:09,060 - INFO - [The Hindu] Page content loaded.
2025-12-24 11:44:09,324 - INFO - [The Hindu] Success with 'selenium_browser'. Found content (435 words).
2025-12-24 11:45:04,547 - ERROR - [Times of India] Request failed for strategy 'selenium_browser' on URL https://timesofindia.indiatimes.com/world/middle-east/visa-free-travel-between-oman-and-turkiye-everything-you-need-to-know/articleshow/126159106.cms: HTTPConnectionPool(host='localhost', port=35633): Read timed out. (read timeout=120)
2025-12-24 11:45:04,548 - ERROR - [Times of India] All scrape strategies failed for https://timesofindia.indiatimes.com/world/middle-east/visa-free-travel-between-oman-and-turkiye-everything-you-need-to-know/articleshow/126159106.cms. Falling back to RSS description.
2025-12-24 11:45:04,548 - WARNING - SKIPPED (GLOBAL WORD LIMIT): Article 'Visa-free travel between Oman and Turkiye: Everything you need to know' from Times of India has only 52 words (Min: 90).
2025-12-24 11:45:04,677 - INFO - DEDUPLICATION: Found match (Score: 0.79). Linking to Cluster ID: 1baad0e2-25b3-4422-885c-33cdeecb3e43
2025-12-24 11:45:04,679 - INFO - Saved article: SIT moves closer to questioning more TDB higher-ups in Sabarimala gold theft case - The Hindu from The Hindu (435 words)
2025-12-24 11:45:05,624 - INFO - [Times of India] Early skip: URL https://timesofindia.indiatimes.com/world/middle-east/what-cristiano-ronaldo-gets-in-saudi-arabia-breakdown-of-his-wealth-and-luxury-perks/articleshow/126158236.cms already exists.
2025-12-24 11:45:05,766 - INFO - [Times of India] Article: https://timesofindia.indiatimes.com/world/rest-of-world/taiwan-earthquake-6-1-magnitude-tremor-strikes-taitung-county-depth-of-11-9-kilometres/articleshow/126158383.cms
2025-12-24 11:45:05,766 - INFO - [Times of India] Attempt 1/1: Trying with 'selenium_browser' strategy...
2025-12-24 11:45:06,079 - INFO - [The Hindu] Article: https://www.thehindu.com/news/national/red-fort-blast-delhi-court-extends-judicial-custody-of-7-accused-till-january-8/article70433478.ece
2025-12-24 11:45:06,080 - INFO - [The Hindu] Attempt 1/1: Trying with 'selenium_browser' strategy...
2025-12-24 11:45:09,954 - INFO - [The Hindu] Page content loaded.
2025-12-24 11:45:10,029 - INFO - [The Hindu] Success with 'selenium_browser'. Found content (404 words).
2025-12-24 11:45:59,738 - INFO - Saved article: Red Fort blast: Delhi court extends judicial custody of 7 accused till January 8 - The Hindu from The Hindu (404 words)
2025-12-24 11:46:00,904 - INFO - [The Hindu] Article: https://www.thehindu.com/news/national/west-bengal/humayun-kabir-names-ex-policeman-abul-hasan-as-jup-candidate-from-bengals-ballygunge-after-dropping-nisha-chatterjee/article70433518.ece
2025-12-24 11:46:00,904 - INFO - [The Hindu] Attempt 1/1: Trying with 'selenium_browser' strategy...
2025-12-24 11:46:02,623 - INFO - [The Hindu] Page content loaded.
2025-12-24 11:46:02,687 - INFO - [The Hindu] Success with 'selenium_browser'. Found content (203 words).
2025-12-24 11:46:52,744 - INFO - Saved article: Humayun Kabir names ex-policeman Abul Hasan as JUP candidate from Bengal’s Ballygunge after dropping Nisha Chatterjee - The Hindu from The Hindu (203 words)
2025-12-24 11:46:54,234 - INFO - [The Hindu] Early skip: URL https://www.thehindu.com/news/national/maharashtra/alliance-of-thackerays-wont-have-much-impact-maharashtra-cm-devendra-fadnavis/article70433350.ece already exists.
2025-12-24 11:46:54,382 - INFO - [The Hindu] Early skip: URL https://www.thehindu.com/news/cities/Delhi/delhi-police-arrests-alleged-kingpin-of-organised-crime-syndicate-under-mcoca/article70433469.ece already exists.
2025-12-24 11:46:54,508 - INFO - [The Hindu] Article: https://www.thehindu.com/news/international/china-probably-seeks-to-capitalise-on-decreased-tension-along-lac-to-stabilise-ties-with-india-us-report/article70433397.ece
2025-12-24 11:46:54,508 - INFO - [The Hindu] Attempt 1/1: Trying with 'selenium_browser' strategy...
2025-12-24 11:46:55,613 - INFO - [The Hindu] Page content loaded.
2025-12-24 11:46:55,747 - INFO - [The Hindu] Success with 'selenium_browser'. Found content (620 words).
2025-12-24 11:47:05,867 - ERROR - [Times of India] Request failed for strategy 'selenium_browser' on URL https://timesofindia.indiatimes.com/world/rest-of-world/taiwan-earthquake-6-1-magnitude-tremor-strikes-taitung-county-depth-of-11-9-kilometres/articleshow/126158383.cms: HTTPConnectionPool(host='localhost', port=35633): Read timed out. (read timeout=120)
2025-12-24 11:47:05,867 - ERROR - [Times of India] All scrape strategies failed for https://timesofindia.indiatimes.com/world/rest-of-world/taiwan-earthquake-6-1-magnitude-tremor-strikes-taitung-county-depth-of-11-9-kilometres/articleshow/126158383.cms. Falling back to RSS description.
2025-12-24 11:47:05,867 - WARNING - SKIPPED (GLOBAL WORD LIMIT): Article 'Taiwan earthquake: 6.1 magnitude tremor strikes Taitung county; depth of 11.9 kilometres' from Times of India has only 3 words (Min: 90).
2025-12-24 11:47:45,511 - INFO - Saved article: China probably seeks to capitalise on decreased tension along LAC to stabilise ties with India: U.S. report - The Hindu from The Hindu (620 words)
2025-12-24 11:47:45,512 - INFO - [Times of India] Early skip: URL https://timesofindia.indiatimes.com/world/rest-of-world/indian-woman-murdered-in-toronto-suspect-identified-image-released-what-we-know-about-himanshi-khurana-case/articleshow/126155431.cms already exists.
2025-12-24 11:47:45,806 - INFO - [Times of India] Early skip: URL https://timesofindia.indiatimes.com/world/us/chinas-rejuvenation-plan-us-pentagon-flags-claim-on-arunachal-highlights-growing-bonhomie-with-pakistan/articleshow/126157297.cms already exists.
2025-12-24 11:47:45,949 - INFO - [Times of India] Early skip: URL https://timesofindia.indiatimes.com/world/europe/moscow-car-blast-two-police-officers-one-civilian-killed-russia-blames-ukraine/articleshow/126156713.cms already exists.
2025-12-24 11:47:46,184 - INFO - [Times of India] Article: https://timesofindia.indiatimes.com/world/middle-east/the-uae-has-no-rivers-or-lakes-yet-it-somehow-supplies-water-to-millions-heres-how/articleshow/126156097.cms
2025-12-24 11:47:46,184 - INFO - [Times of India] Attempt 1/1: Trying with 'selenium_browser' strategy...
2025-12-24 11:47:46,240 - INFO - [The Hindu] Early skip: URL https://www.thehindu.com/news/national/himachal-pradesh/himachal-pradesh-custodial-death-case-hc-suspends-jail-term-of-former-igp-zaidi/article70433203.ece already exists.
2025-12-24 11:47:46,468 - INFO - [The Hindu] Early skip: URL https://www.thehindu.com/news/national/kerala/malayalam-filmmaker-anuraj-manohar-challenges-kerala-film-producers-associations-list-of-hits-and-flop-films-in-2025-questions-criteria/article70433185.ece already exists.
2025-12-24 11:47:46,718 - INFO - [The Hindu] Early skip: URL https://www.thehindu.com/books/books-authors/eminent-writer-vinod-kumar-shuklas-last-rites-performed-with-full-state-honours-in-raipur/article70433306.ece already exists.
2025-12-24 11:47:46,886 - INFO - [The Hindu] Early skip: URL https://www.thehindu.com/news/national/karnataka/three-of-family-killed-two-injured-in-road-accident-near-ballari/article70433094.ece already exists.
2025-12-24 11:47:47,026 - INFO - [The Hindu] Early skip: URL https://www.thehindu.com/news/national/union-cabinet-approves-expansion-of-delhi-metro-rail-network/article70433290.ece already exists.
2025-12-24 11:47:47,213 - INFO - [The Hindu] Early skip: URL https://www.thehindu.com/news/national/chhattisgarh/two-killed-one-injured-as-spark-from-motor-triggers-major-factory-fire-in-chhattisgarhs-bilaspur/article70433220.ece already exists.
2025-12-24 11:47:47,432 - INFO - [The Hindu] Early skip: URL https://www.thehindu.com/news/national/maharashtra/tribunal-grants-6-month-extension-for-uploading-waqf-property-data-on-umeed-portal/article70433190.ece already exists.
2025-12-24 11:47:47,556 - INFO - [The Hindu] Early skip: URL https://www.thehindu.com/news/national/kerala/kochi-mayor-row-congress-leaders-express-differing-opinions/article70432985.ece already exists.
2025-12-24 11:47:47,701 - INFO - [The Hindu] Early skip: URL https://www.thehindu.com/news/national/telangana/339-one-bhk-flats-in-gachibowli-warangal-and-khammam-to-be-allotted-through-lucky-draw/article70412148.ece already exists.
2025-12-24 11:47:47,921 - INFO - [The Hindu] Early skip: URL https://www.thehindu.com/videos/un-at-80-ellora-caves-host-global-cultural-celebration-with-artists-from-7-nations/article70433209.ece already exists.
2025-12-24 11:47:48,128 - INFO - [The Hindu] Early skip: URL https://www.thehindu.com/news/national/uttar-pradesh/uttar-pradesh-govt-recruitments-akhilesh-yadav-accuses-bjp-of-denying-obc-reservation/article70433118.ece already exists.
2025-12-24 11:47:48,245 - INFO - [The Hindu] Article: https://www.thehindu.com/news/international/libyas-army-chief-killed-in-turkye-jet-crash/article70432942.ece
2025-12-24 11:47:48,245 - INFO - [The Hindu] Attempt 1/1: Trying with 'selenium_browser' strategy...
2025-12-24 11:47:49,373 - INFO - [The Hindu] Page content loaded.
2025-12-24 11:47:49,454 - INFO - [The Hindu] Success with 'selenium_browser'. Found content (514 words).
2025-12-24 11:47:58,257 - CRITICAL - --- TIMEOUT: 2 scrape jobs did not complete in 300s. ---
2025-12-24 11:47:58,257 - ERROR - A thread has timed out and will be abandoned.
2025-12-24 11:47:58,257 - ERROR - A thread has timed out and will be abandoned.
2025-12-24 11:47:58,257 - INFO - Shutting down thread pool (wait=False)...
2025-12-24 11:47:58,257 - INFO - Scraped: 0 BBC, 0 The Guardian, 2 Timed_Out_Jobs articles. (Total saved: 0)
2025-12-24 11:47:58,257 - INFO - --- Scraping job finished ---
2025-12-24 11:47:58,257 - INFO - --- Scraper service stopped and database connection closed. ---
2025-12-24 11:47:58,258 - INFO - --- Main thread finished. Forcing process exit to kill zombie threads. ---
