2025-12-14 09:25:48,718 - INFO - Loading AI Semantic Model (all-MiniLM-L6-v2)...
2025-12-14 09:25:48,719 - INFO - Use pytorch device_name: cpu
2025-12-14 09:25:48,719 - INFO - Load pretrained SentenceTransformer: all-MiniLM-L6-v2
2025-12-14 09:25:49,243 - INFO - AI Model loaded successfully.
2025-12-14 09:25:49,244 - INFO - --- Scraper service started (CI Mode: Run Once) ---
2025-12-14 09:25:49,244 - INFO - --- Starting new scraping job (Parallel Mode) ---
2025-12-14 09:25:49,244 - INFO - Creating new robust session with 3 retries on 5xx/connection/read errors.
2025-12-14 09:25:49,244 - INFO - Proxy is DISABLED.
2025-12-14 09:25:49,244 - INFO - Starting scrape for BBC RSS feed: http://feeds.bbci.co.uk/news/world/rss.xml
2025-12-14 09:25:49,245 - INFO - [Times of India] (Thread) requires Selenium. Initializing driver...
2025-12-14 09:25:49,245 - INFO - Starting scrape for The Guardian RSS feed: https://www.theguardian.com/world/rss
2025-12-14 09:25:49,246 - INFO - [The Hindu] (Thread) requires Selenium. Initializing driver...
2025-12-14 09:25:49,247 - INFO - Submitted 4 jobs to thread pool. Waiting up to 300s for completion...
2025-12-14 09:25:49,401 - INFO - Found 45 articles in The Guardian RSS feed. Processing up to 30.
2025-12-14 09:25:49,401 - INFO - [The Guardian] Early skip: URL https://www.theguardian.com/world/2025/dec/13/drone-strike-on-un-facility-in-war-torn-sudan-leaves-six-peacekeepers-dead already exists.
2025-12-14 09:25:49,497 - INFO - Found 26 articles in BBC RSS feed. Processing up to 30.
2025-12-14 09:25:49,677 - INFO - [BBC] Early skip: URL https://www.bbc.com/news/articles/cre329w709qo?at_medium=RSS&at_campaign=rss already exists.
2025-12-14 09:25:49,908 - INFO - [The Guardian] Early skip: URL https://www.theguardian.com/world/2025/dec/13/us-accuses-rwanda-of-violating-peace-deal already exists.
2025-12-14 09:25:50,104 - INFO - [BBC] Article: https://www.bbc.com/news/articles/cvg1r89m6g7o?at_medium=RSS&at_campaign=rss
2025-12-14 09:25:50,104 - INFO - [BBC] Attempt 1/1: Trying with 'requests_browser' strategy...
2025-12-14 09:25:50,105 - INFO - [The Guardian] Early skip: URL https://www.theguardian.com/us-news/2025/dec/12/trump-ends-temporary-legal-status-ethiopia already exists.
2025-12-14 09:25:50,269 - INFO - [The Guardian] Early skip: URL https://www.theguardian.com/world/2025/dec/12/uk-sanctions-four-rsf-commanders-heinous-violence-against-sudan-civilians already exists.
2025-12-14 09:25:50,559 - INFO - [The Guardian] Early skip: URL https://www.theguardian.com/world/2025/dec/11/fate-of-11-nigerian-troops-unclear-after-unauthorised-plane-landing-in-burkina-faso already exists.
2025-12-14 09:25:50,691 - INFO - [The Guardian] Early skip: URL https://www.theguardian.com/world/2025/dec/13/venezuela-oil-exports-reportedly-fall-sharply-after-us-seizure-of-tanker-skipper already exists.
2025-12-14 09:25:50,728 - INFO - [BBC] Success with 'requests_browser'. Found content (1005 words).
2025-12-14 09:25:54,126 - INFO - Selenium driver initialized successfully.
2025-12-14 09:25:54,127 - INFO - Selenium driver initialized successfully.
2025-12-14 09:25:54,127 - INFO - Starting scrape for The Hindu RSS feed: https://www.thehindu.com/news/national/feeder/default.rss
2025-12-14 09:25:54,127 - INFO - Starting scrape for Times of India RSS feed: https://timesofindia.indiatimes.com/rssfeeds/296589292.cms
2025-12-14 09:25:54,353 - INFO - Found 100 articles in The Hindu RSS feed. Processing up to 30.
2025-12-14 09:25:54,399 - INFO - Found 20 articles in Times of India RSS feed. Processing up to 30.
2025-12-14 09:26:32,232 - INFO - Saved article: 'Never give up': Belarusian prisoners celebrate release after US lifts sanctions from BBC (1005 words)
2025-12-14 09:26:32,232 - INFO - [The Guardian] Early skip: URL https://www.theguardian.com/world/2025/dec/12/brazilian-judge-sanction-lifted-bolsonaro already exists.
2025-12-14 09:26:32,354 - INFO - [The Hindu] Article: https://www.thehindu.com/news/national/west-bengal/organiser-of-messis-kolkata-event-remanded-to-police-custody-members-of-enquiry-committee-visit-stadium/article70395178.ece
2025-12-14 09:26:32,354 - INFO - [The Hindu] Attempt 1/1: Trying with 'selenium_browser' strategy...
2025-12-14 09:26:32,354 - INFO - [Times of India] Article: https://timesofindia.indiatimes.com/world/middle-east/flydubai-launches-direct-flights-between-the-uae-and-latvia/articleshow/125958187.cms
2025-12-14 09:26:32,355 - INFO - [Times of India] Attempt 1/1: Trying with 'selenium_browser' strategy...
2025-12-14 09:26:32,356 - INFO - [The Guardian] Early skip: URL https://www.theguardian.com/world/2025/dec/12/colombia-eln-guerrilla-rebels-trump already exists.
2025-12-14 09:26:32,639 - INFO - [The Guardian] Early skip: URL https://www.theguardian.com/world/2025/dec/12/canada-liberals-government-majority-conservative-michael-ma already exists.
2025-12-14 09:26:32,881 - INFO - [BBC] Early skip: URL https://www.bbc.com/news/articles/cx2dklj3rxvo?at_medium=RSS&at_campaign=rss already exists.
2025-12-14 09:26:33,137 - INFO - [BBC] Article: https://www.bbc.com/news/articles/c2dz7r708dxo?at_medium=RSS&at_campaign=rss
2025-12-14 09:26:33,137 - INFO - [BBC] Attempt 1/1: Trying with 'requests_browser' strategy...
2025-12-14 09:26:33,139 - INFO - [The Guardian] Early skip: URL https://www.theguardian.com/us-news/2025/dec/12/flood-water-rain-pacific-northwest-washington already exists.
2025-12-14 09:26:33,206 - INFO - [BBC] Success with 'requests_browser'. Found content (295 words).
2025-12-14 09:26:33,325 - INFO - [The Guardian] Early skip: URL https://www.theguardian.com/world/2025/dec/12/thailand-and-cambodia-agree-to-restart-ceasefire-brokered-by-us-says-trump already exists.
2025-12-14 09:26:33,518 - INFO - [The Guardian] Early skip: URL https://www.theguardian.com/world/2025/dec/13/north-korea-troops-cleared-landmines-russia-kim-jong-un already exists.
2025-12-14 09:26:33,738 - INFO - [The Guardian] Early skip: URL https://www.theguardian.com/world/2025/dec/12/indonesia-floods-extinction-level-rare-orangutan-tapanuli already exists.
2025-12-14 09:26:33,993 - INFO - [The Guardian] Early skip: URL https://www.theguardian.com/world/2025/dec/12/south-korea-exam-chief-quits-after-complaints-english-test-was-too-hard already exists.
2025-12-14 09:26:37,945 - INFO - [The Hindu] Page content loaded.
2025-12-14 09:26:38,307 - INFO - [The Hindu] Success with 'selenium_browser'. Found content (408 words).
2025-12-14 09:27:32,746 - INFO - Saved article: Five arrested over plot to attack German Christmas market from BBC (295 words)
2025-12-14 09:27:32,746 - INFO - [The Guardian] Early skip: URL https://www.theguardian.com/technology/2025/dec/12/do-kwon-cryptocurrency-terraform-labs-co-founder-prison-fraud already exists.
2025-12-14 09:28:19,472 - INFO - DEDUPLICATION: Found match (Score: 0.79). Linking to Cluster ID: 809c6947-15c5-4645-ab29-39e56b8a4042
2025-12-14 09:28:19,476 - INFO - Saved article: Organiser of Messi’s Kolkata event remanded to police custody, members of enquiry committee visit stadium - The Hindu from The Hindu (408 words)
2025-12-14 09:28:19,476 - INFO - [The Guardian] Article: https://www.theguardian.com/australia-news/live/2025/dec/14/nsw-police-responding-to-reports-of-shooting-at-sydneys-bondi-beach-follow-latest
2025-12-14 09:28:19,477 - INFO - [The Guardian] Attempt 1/1: Trying with 'requests_browser' strategy...
2025-12-14 09:28:19,478 - INFO - [BBC] Early skip: URL https://www.bbc.com/news/articles/c9d9vpxjp2go?at_medium=RSS&at_campaign=rss already exists.
2025-12-14 09:28:19,675 - INFO - [The Guardian] Success with 'requests_browser'. Found content (1076 words).
2025-12-14 09:28:32,451 - ERROR - [Times of India] Request failed for strategy 'selenium_browser' on URL https://timesofindia.indiatimes.com/world/middle-east/flydubai-launches-direct-flights-between-the-uae-and-latvia/articleshow/125958187.cms: HTTPConnectionPool(host='localhost', port=36439): Read timed out. (read timeout=120)
2025-12-14 09:28:32,452 - ERROR - [Times of India] All scrape strategies failed for https://timesofindia.indiatimes.com/world/middle-east/flydubai-launches-direct-flights-between-the-uae-and-latvia/articleshow/125958187.cms. Falling back to RSS description.
2025-12-14 09:28:32,452 - WARNING - SKIPPED (GLOBAL WORD LIMIT): Article 'flydubai launches direct flights between the UAE and Latvia' from Times of India has only 58 words (Min: 90).
2025-12-14 09:29:06,837 - INFO - Saved article: Bondi beach shooting live updates: two people in custody as PM urges public to follow police guidance amid ‘shocking and distressing’ scenes | New South Wales | The Guardian from The Guardian (1076 words)
2025-12-14 09:29:06,837 - INFO - [BBC] Early skip: URL https://www.bbc.com/news/articles/c5y2271q20lo?at_medium=RSS&at_campaign=rss already exists.
2025-12-14 09:29:07,094 - INFO - [The Hindu] Article: https://www.thehindu.com/news/national/odisha/excise-officials-attacked-by-miscreants-during-raids-on-bars-in-bhubaneswar/article70395198.ece
2025-12-14 09:29:07,094 - INFO - [The Hindu] Attempt 1/1: Trying with 'selenium_browser' strategy...
2025-12-14 09:29:07,095 - INFO - [Times of India] Article: https://timesofindia.indiatimes.com/world/middle-east/saudi-arabia-guarantees-30-days-paid-leave-housing-and-strict-work-rules-for-agricultural-and-herding-workers/articleshow/125958601.cms
2025-12-14 09:29:07,095 - INFO - [BBC] Early skip: URL https://www.bbc.com/news/articles/c4g66nll48do?at_medium=RSS&at_campaign=rss already exists.
2025-12-14 09:29:07,095 - INFO - [Times of India] Attempt 1/1: Trying with 'selenium_browser' strategy...
2025-12-14 09:29:07,297 - INFO - [BBC] Early skip: URL https://www.bbc.com/news/articles/c0l9954yr9ko?at_medium=RSS&at_campaign=rss already exists.
2025-12-14 09:29:07,434 - INFO - [BBC] Early skip: URL https://www.bbc.com/news/articles/cd0kkyx3vvxo?at_medium=RSS&at_campaign=rss already exists.
2025-12-14 09:29:07,654 - INFO - [BBC] Early skip: URL https://www.bbc.com/news/articles/crk777lj763o?at_medium=RSS&at_campaign=rss already exists.
2025-12-14 09:29:07,894 - INFO - [BBC] Early skip: URL https://www.bbc.com/news/articles/c4ge4q8gypzo?at_medium=RSS&at_campaign=rss already exists.
2025-12-14 09:29:08,024 - INFO - [The Guardian] Article: https://www.theguardian.com/australia-news/2025/dec/14/police-advise-people-to-take-shelter-following-reports-of-active-shooter-at-bondi-beach
2025-12-14 09:29:08,024 - INFO - [The Guardian] Attempt 1/1: Trying with 'requests_browser' strategy...
2025-12-14 09:29:08,026 - INFO - [BBC] Early skip: URL https://www.bbc.com/news/articles/cqlkk9qk7vyo?at_medium=RSS&at_campaign=rss already exists.
2025-12-14 09:29:08,137 - INFO - [The Guardian] Success with 'requests_browser'. Found content (551 words).
2025-12-14 09:29:08,333 - INFO - [BBC] Early skip: URL https://www.bbc.com/news/articles/c5yjj2epvlro?at_medium=RSS&at_campaign=rss already exists.
2025-12-14 09:29:08,613 - INFO - [The Hindu] Page content loaded.
2025-12-14 09:29:08,899 - INFO - [The Hindu] Success with 'selenium_browser'. Found content (174 words).
2025-12-14 09:29:55,338 - INFO - DEDUPLICATION: Found match (Score: 0.84). Linking to Cluster ID: b1f403b7-fc3a-4108-a393-565558bb0d21
2025-12-14 09:29:55,340 - INFO - Saved article: Bondi beach mass shooting: NSW police advise people to ‘take shelter’ with two in custody | Bondi | The Guardian from The Guardian (551 words)
2025-12-14 09:29:55,340 - INFO - [BBC] Early skip: URL https://www.bbc.com/news/articles/cly559exm87o?at_medium=RSS&at_campaign=rss already exists.
2025-12-14 09:29:55,604 - INFO - [BBC] Early skip: URL https://www.bbc.com/news/articles/c8dyy47qy82o?at_medium=RSS&at_campaign=rss already exists.
2025-12-14 09:30:42,273 - INFO - Saved article: Excise officials attacked by miscreants during raids on bars in Bhubaneswar - The Hindu from The Hindu (174 words)
2025-12-14 09:30:42,273 - INFO - [BBC] Early skip: URL https://www.bbc.com/news/articles/cj38rj0y6k5o?at_medium=RSS&at_campaign=rss already exists.
2025-12-14 09:30:42,454 - INFO - [The Guardian] Early skip: URL https://www.theguardian.com/australia-news/2025/dec/14/michelle-rowland-to-repay-part-of-family-trip-to-wa-ipea-watchdog-finds-spending-breached-rules already exists.
2025-12-14 09:30:42,734 - INFO - [BBC] Early skip: URL https://www.bbc.com/news/articles/c4gk34k9k23o?at_medium=RSS&at_campaign=rss already exists.
2025-12-14 09:30:42,980 - INFO - [The Guardian] Early skip: URL https://www.theguardian.com/australia-news/live/2025/dec/14/australia-news-live-michelle-rowland-family-travel-entitlements-labor-liberal-coles-woolworths-price-gouging-nsw-vic-wa-fire-weather-heatwave-warnings-albanese-sussan-ley-ntwnfb already exists.
2025-12-14 09:30:43,117 - INFO - [BBC] Early skip: URL https://www.bbc.com/news/articles/cx2dp15zglxo?at_medium=RSS&at_campaign=rss already exists.
2025-12-14 09:30:43,240 - INFO - [The Guardian] Early skip: URL https://www.theguardian.com/australia-news/2025/dec/14/police-join-search-for-belgian-tourist-after-phone-found-in-tasmanian-wilderness-two-years-since-she-went-missing already exists.
2025-12-14 09:30:43,512 - INFO - [BBC] Early skip: URL https://www.bbc.com/news/articles/czrkkm83znpo?at_medium=RSS&at_campaign=rss already exists.
2025-12-14 09:30:43,750 - INFO - [The Hindu] Early skip: URL https://www.thehindu.com/news/national/attempt-to-shield-infiltrators-bjp-ahead-of-congresss-rally-against-vote-theft/article70395141.ece already exists.
2025-12-14 09:30:43,957 - INFO - [The Guardian] Early skip: URL https://www.theguardian.com/world/2025/dec/14/like-a-mini-louvre-two-generations-of-rothschilds-fight-over-treasure-trove-of-artworks already exists.
2025-12-14 09:30:44,121 - INFO - [BBC] Early skip: URL https://www.bbc.com/news/articles/c075mr3190mo?at_medium=RSS&at_campaign=rss already exists.
2025-12-14 09:30:44,322 - INFO - [The Hindu] Early skip: URL https://www.thehindu.com/news/national/congress-vote-chori-rally-rahul-gandhi-mallikarjun-kharge-live-updates-december-14-2025/article70395138.ece already exists.
2025-12-14 09:30:44,466 - INFO - [The Guardian] Early skip: URL https://www.theguardian.com/world/2025/dec/13/belarus-releases-123-prisoners-including-opposition-leaders-after-us-lifts-sanctions already exists.
2025-12-14 09:30:44,624 - INFO - [BBC] Early skip: URL https://www.bbc.com/news/articles/c0q5pygel84o?at_medium=RSS&at_campaign=rss already exists.
2025-12-14 09:30:44,797 - INFO - [The Hindu] Early skip: URL https://www.thehindu.com/news/national/tamil-nadu/nirl-inks-mou-with-ptc-india-limited-for-establishment-of-green-energy-joint-venture/article70394999.ece already exists.
2025-12-14 09:30:44,977 - INFO - [The Hindu] Article: https://www.thehindu.com/news/national/andhra-pradesh/privatisation-of-medical-colleges-is-against-the-principles-of-the-constitution-says-ysrcp-mlc-kumbha-ravibabu/article70394880.ece
2025-12-14 09:30:44,977 - INFO - [The Hindu] Attempt 1/1: Trying with 'selenium_browser' strategy...
2025-12-14 09:30:44,978 - INFO - [The Guardian] Early skip: URL https://www.theguardian.com/fashion/2025/dec/13/veja-ethical-paris-trainer-worn-a-listers-and-royalty already exists.
2025-12-14 09:30:45,134 - INFO - [BBC] Article: https://www.bbc.com/news/videos/c8jw3841vk9o?at_medium=RSS&at_campaign=rss
2025-12-14 09:30:45,134 - INFO - [BBC] Attempt 1/1: Trying with 'requests_browser' strategy...
2025-12-14 09:30:45,136 - INFO - [The Guardian] Early skip: URL https://www.theguardian.com/law/2025/dec/13/europe-echr-rethink-moral-retreat-say-human-rights-experts already exists.
2025-12-14 09:30:45,200 - WARNING - [BBC] FAILED with 'requests_browser' (content was too short: 60 words).
2025-12-14 09:30:45,200 - ERROR - [BBC] All scrape strategies failed for https://www.bbc.com/news/videos/c8jw3841vk9o?at_medium=RSS&at_campaign=rss. Falling back to RSS description.
2025-12-14 09:30:45,200 - WARNING - SKIPPED (GLOBAL WORD LIMIT): Article 'BBC captures celebrations as Belarus frees political prisoners' from BBC has only 18 words (Min: 90).
2025-12-14 09:30:45,305 - INFO - [The Guardian] Early skip: URL https://www.theguardian.com/world/2025/dec/12/eu-to-freeze-210bn-in-russian-assets-indefinitely already exists.
2025-12-14 09:30:45,427 - INFO - [The Guardian] Early skip: URL https://www.theguardian.com/world/2025/dec/13/israel-says-its-military-killed-hamas-commander-raed-saed-in-gaza-city-strike already exists.
2025-12-14 09:30:45,613 - INFO - [The Guardian] Early skip: URL https://www.theguardian.com/world/2025/dec/13/new-israeli-barrier-slice-through-precious-west-bank-farmland already exists.
2025-12-14 09:30:45,893 - INFO - [BBC] Early skip: URL https://www.bbc.com/news/videos/c80xx09k485o?at_medium=RSS&at_campaign=rss already exists.
2025-12-14 09:30:46,052 - INFO - [The Guardian] Early skip: URL https://www.theguardian.com/world/2025/dec/12/nobel-peace-prize-laureate-narges-mohammadi-arrested-iran already exists.
2025-12-14 09:30:46,315 - INFO - [BBC] Early skip: URL https://www.bbc.com/news/videos/c9977k5jyr4o?at_medium=RSS&at_campaign=rss already exists.
2025-12-14 09:30:46,350 - INFO - [The Hindu] Page content loaded.
2025-12-14 09:30:46,496 - INFO - [The Hindu] Success with 'selenium_browser'. Found content (185 words).
2025-12-14 09:30:46,558 - INFO - [The Guardian] Early skip: URL https://www.theguardian.com/tv-and-radio/2025/dec/11/nemo-eurovision-winner-2024-hand-back-trophy-protest-israel-taking-part-2025 already exists.
2025-12-14 09:30:46,857 - INFO - [BBC] Article: https://www.bbc.com/news/videos/c93ww718g2vo?at_medium=RSS&at_campaign=rss
2025-12-14 09:30:46,857 - INFO - [BBC] Attempt 1/1: Trying with 'requests_browser' strategy...
2025-12-14 09:30:47,246 - WARNING - [BBC] FAILED with 'requests_browser' (content was too short: 86 words).
2025-12-14 09:30:47,246 - ERROR - [BBC] All scrape strategies failed for https://www.bbc.com/news/videos/c93ww718g2vo?at_medium=RSS&at_campaign=rss. Falling back to RSS description.
2025-12-14 09:30:47,246 - WARNING - SKIPPED (GLOBAL WORD LIMIT): Article 'Six injured as house explodes in California' from BBC has only 17 words (Min: 90).
2025-12-14 09:30:49,247 - CRITICAL - --- TIMEOUT: 4 scrape jobs did not complete in 300s. ---
2025-12-14 09:30:49,247 - ERROR - A thread has timed out and will be abandoned.
2025-12-14 09:30:49,247 - ERROR - A thread has timed out and will be abandoned.
2025-12-14 09:30:49,247 - ERROR - A thread has timed out and will be abandoned.
2025-12-14 09:30:49,247 - ERROR - A thread has timed out and will be abandoned.
2025-12-14 09:30:49,247 - INFO - Shutting down thread pool (wait=False)...
2025-12-14 09:30:49,247 - INFO - Scraped: 4 Timed_Out_Jobs articles. (Total saved: 0)
2025-12-14 09:30:49,247 - INFO - --- Scraping job finished ---
2025-12-14 09:30:49,248 - INFO - --- Scraper service stopped and database connection closed. ---
2025-12-14 09:30:49,248 - INFO - --- Main thread finished. Forcing process exit to kill zombie threads. ---
