2026-01-22 08:40:31,253 - INFO - Loading AI Semantic Model (all-MiniLM-L6-v2)...
2026-01-22 08:40:31,254 - INFO - Use pytorch device_name: cpu
2026-01-22 08:40:31,254 - INFO - Load pretrained SentenceTransformer: all-MiniLM-L6-v2
2026-01-22 08:40:31,782 - INFO - AI Model loaded successfully.
2026-01-22 08:40:31,782 - INFO - --- Scraper service started (CI Mode: Run Once) ---
2026-01-22 08:40:31,782 - INFO - --- Starting new scraping job (Parallel Mode) ---
2026-01-22 08:40:31,782 - INFO - Creating new robust session with 3 retries on 5xx/connection/read errors.
2026-01-22 08:40:31,783 - INFO - Proxy is DISABLED.
2026-01-22 08:40:31,783 - INFO - Starting scrape for BBC RSS feed: http://feeds.bbci.co.uk/news/world/rss.xml
2026-01-22 08:40:31,784 - INFO - [Times of India] (Thread) requires Selenium. Initializing driver...
2026-01-22 08:40:31,784 - INFO - Starting scrape for The Guardian RSS feed: https://www.theguardian.com/world/rss
2026-01-22 08:40:31,785 - INFO - [The Hindu] (Thread) requires Selenium. Initializing driver...
2026-01-22 08:40:31,786 - INFO - Submitted 4 jobs to thread pool. Waiting up to 300s for completion...
2026-01-22 08:40:31,964 - INFO - Found 45 articles in The Guardian RSS feed. Processing up to 30.
2026-01-22 08:40:31,964 - INFO - [The Guardian] Early skip: URL https://www.theguardian.com/global-development/2026/jan/22/actionaid-rethink-child-sponsorship-decolonise-funding already exists.
2026-01-22 08:40:31,973 - INFO - Found 48 articles in BBC RSS feed. Processing up to 30.
2026-01-22 08:40:32,198 - INFO - [BBC] Early skip: URL https://www.bbc.com/news/articles/cd9ez1nj3n3o?at_medium=RSS&at_campaign=rss already exists.
2026-01-22 08:40:32,399 - INFO - [The Guardian] Early skip: URL https://www.theguardian.com/us-news/2026/jan/20/us-diplomats-urged-to-remind-african-leaders-of-us-generosity-despite-usaid-closing already exists.
2026-01-22 08:40:32,689 - INFO - [BBC] Early skip: URL https://www.bbc.com/news/articles/c4gwp2me3gzo?at_medium=RSS&at_campaign=rss already exists.
2026-01-22 08:40:32,892 - INFO - [The Guardian] Early skip: URL https://www.theguardian.com/global-development/2026/jan/19/brazen-political-influence-rich-laid-bare-wealth-billionaires-inequality-poverty-instability-oxfam already exists.
2026-01-22 08:40:32,998 - INFO - [BBC] Article: https://www.bbc.com/news/articles/c4g00mv29j5o?at_medium=RSS&at_campaign=rss
2026-01-22 08:40:32,998 - INFO - [BBC] Attempt 1/1: Trying with 'requests_browser' strategy...
2026-01-22 08:40:32,999 - INFO - [The Guardian] Early skip: URL https://www.theguardian.com/world/2026/jan/18/ugandas-president-calls-opponents-terrorists-in-victory-speech already exists.
2026-01-22 08:40:33,202 - INFO - [BBC] Success with 'requests_browser'. Found content (204 words).
2026-01-22 08:40:33,237 - INFO - [The Guardian] Early skip: URL https://www.theguardian.com/world/2026/jan/17/yoweri-museveni-wins-ugandan-election-as-opponent-condemns-fake-result already exists.
2026-01-22 08:40:38,132 - INFO - Selenium driver initialized successfully.
2026-01-22 08:40:38,132 - INFO - Starting scrape for Times of India RSS feed: https://timesofindia.indiatimes.com/rssfeeds/296589292.cms
2026-01-22 08:40:38,134 - INFO - Selenium driver initialized successfully.
2026-01-22 08:40:38,134 - INFO - Starting scrape for The Hindu RSS feed: https://www.thehindu.com/news/national/feeder/default.rss
2026-01-22 08:40:38,247 - INFO - Found 20 articles in Times of India RSS feed. Processing up to 30.
2026-01-22 08:40:38,304 - INFO - Found 100 articles in The Hindu RSS feed. Processing up to 30.
2026-01-22 08:41:14,749 - INFO - Saved article: Australia: Three dead in New South Wales shooting from BBC (204 words)
2026-01-22 08:41:14,749 - INFO - [The Guardian] Early skip: URL https://www.theguardian.com/world/2026/jan/21/sheinbaum-mexican-cartel-trump already exists.
2026-01-22 08:41:15,045 - INFO - [Times of India] Article: https://timesofindia.indiatimes.com/world/europe/drone-attack-russian-oil-port-blasts-fuel-tanks-damaged-in-attack-by-ukraine-3-killed/articleshow/127122496.cms
2026-01-22 08:41:15,045 - INFO - [Times of India] Attempt 1/1: Trying with 'selenium_browser' strategy...
2026-01-22 08:41:15,045 - INFO - [The Hindu] Article: https://www.thehindu.com/news/national/kerala/sabarimala-gold-theft-case-vigilance-court-grants-one-day-sit-custody-of-tantri-kandararu-rajeevaru/article70537080.ece
2026-01-22 08:41:15,046 - INFO - [The Hindu] Attempt 1/1: Trying with 'selenium_browser' strategy...
2026-01-22 08:41:15,046 - INFO - [The Guardian] Early skip: URL https://www.theguardian.com/us-news/2026/jan/21/trump-canada-mark-carney already exists.
2026-01-22 08:41:15,215 - INFO - [The Guardian] Early skip: URL https://www.theguardian.com/world/2026/jan/21/chile-abortion-opponent-gender-equality-minister already exists.
2026-01-22 08:41:15,332 - INFO - [The Guardian] Early skip: URL https://www.theguardian.com/us-news/2026/jan/20/catholic-cardinals-trump-foreign-policy already exists.
2026-01-22 08:41:15,518 - INFO - [BBC] Early skip: URL https://www.bbc.com/news/articles/cz0pnjv1zy5o?at_medium=RSS&at_campaign=rss already exists.
2026-01-22 08:41:15,673 - INFO - [The Guardian] Early skip: URL https://www.theguardian.com/world/2026/jan/20/colombia-ex-paramilitary-leader-salvatore-mancuso-jailed-crimes-against-indigenous-groups already exists.
2026-01-22 08:41:15,821 - INFO - [The Guardian] Early skip: URL https://www.theguardian.com/world/2026/jan/22/frenchie-mae-cumpio-philippine-journalist-found-guilty already exists.
2026-01-22 08:41:16,062 - INFO - [BBC] Early skip: URL https://www.bbc.com/news/articles/cx2p54rm4k4o?at_medium=RSS&at_campaign=rss already exists.
2026-01-22 08:41:16,278 - INFO - [BBC] Early skip: URL https://www.bbc.com/news/articles/cn8jek4vv8ko?at_medium=RSS&at_campaign=rss already exists.
2026-01-22 08:41:16,564 - INFO - [BBC] Early skip: URL https://www.bbc.com/news/articles/c98pnzp50nqo?at_medium=RSS&at_campaign=rss already exists.
2026-01-22 08:41:16,737 - INFO - [The Guardian] Early skip: URL https://www.theguardian.com/world/2026/jan/22/hong-kong-national-security-trial-pro-democracy-activists-chow-hang-tung-lee-cheuk-yan-albert-ho already exists.
2026-01-22 08:41:16,971 - INFO - [The Guardian] Early skip: URL https://www.theguardian.com/science/2026/jan/21/hand-shape-indonesia-cave-rock-art-67800-years-old already exists.
2026-01-22 08:41:17,135 - INFO - [BBC] Early skip: URL https://www.bbc.com/news/articles/czx1pnlzer5o?at_medium=RSS&at_campaign=rss already exists.
2026-01-22 08:41:17,390 - INFO - [The Guardian] Early skip: URL https://www.theguardian.com/world/2026/jan/21/former-south-korea-pm-han-duck-soo-jailed-martial-law-insurrection already exists.
2026-01-22 08:41:17,625 - INFO - [The Guardian] Early skip: URL https://www.theguardian.com/politics/2026/jan/21/keir-starmer-visit-china-british-business-leaders already exists.
2026-01-22 08:41:17,916 - INFO - [BBC] Early skip: URL https://www.bbc.com/news/articles/cx20pwqkgp9o?at_medium=RSS&at_campaign=rss already exists.
2026-01-22 08:41:18,122 - INFO - [The Guardian] Early skip: URL https://www.theguardian.com/australia-news/live/2026/jan/22/bondi-terror-attack-national-day-of-mourning-coalition-crisis-nationals-liberals-david-littleproud-sussan-ley-ntwnfb already exists.
2026-01-22 08:41:18,327 - INFO - [The Guardian] Article: https://www.theguardian.com/australia-news/2026/jan/22/three-people-dead-after-shooting-in-nsw-town-lake-cargelligo-as-police-urge-locals-to-stay-inside-ntwnfb
2026-01-22 08:41:18,327 - INFO - [BBC] Early skip: URL https://www.bbc.com/news/articles/cr7jlylp5keo?at_medium=RSS&at_campaign=rss already exists.
2026-01-22 08:41:18,327 - INFO - [The Guardian] Attempt 1/1: Trying with 'requests_browser' strategy...
2026-01-22 08:41:18,484 - INFO - [The Guardian] Success with 'requests_browser'. Found content (215 words).
2026-01-22 08:41:18,609 - INFO - [BBC] Early skip: URL https://www.bbc.com/news/articles/cly3dm37m7no?at_medium=RSS&at_campaign=rss already exists.
2026-01-22 08:41:18,816 - INFO - [BBC] Early skip: URL https://www.bbc.com/news/articles/ckgjm50r14go?at_medium=RSS&at_campaign=rss already exists.
2026-01-22 08:41:18,958 - INFO - [BBC] Early skip: URL https://www.bbc.com/news/articles/c0mkp3yk933o?at_medium=RSS&at_campaign=rss already exists.
2026-01-22 08:41:21,853 - INFO - [The Hindu] Page content loaded.
2026-01-22 08:41:22,239 - INFO - [The Hindu] Success with 'selenium_browser'. Found content (242 words).
2026-01-22 08:42:09,995 - INFO - DEDUPLICATION: Found match (Score: 0.90). Linking to Cluster ID: f009fb78-9e23-4150-8bc9-247cbb0588c5
2026-01-22 08:42:09,998 - INFO - Saved article: Three people dead and gunman on the run after shooting in NSW town | New South Wales | The Guardian from The Guardian (215 words)
2026-01-22 08:42:09,998 - INFO - [BBC] Early skip: URL https://www.bbc.com/news/articles/cq6v0v32rg1o?at_medium=RSS&at_campaign=rss already exists.
2026-01-22 08:42:10,237 - INFO - [BBC] Early skip: URL https://www.bbc.com/news/articles/c1m78xl0gmpo?at_medium=RSS&at_campaign=rss already exists.
2026-01-22 08:42:55,918 - INFO - DEDUPLICATION: Found match (Score: 0.79). Linking to Cluster ID: 89108126-e892-4f37-a71c-efc182ac9c40
2026-01-22 08:42:55,921 - INFO - Saved article: Sabarimala gold theft case: Vigilance court grants one-day SIT custody of tantri Kandararu Rajeevaru - The Hindu from The Hindu (242 words)
2026-01-22 08:42:55,921 - INFO - [BBC] Early skip: URL https://www.bbc.com/news/articles/c86v5lj39zpo?at_medium=RSS&at_campaign=rss already exists.
2026-01-22 08:42:56,167 - INFO - [The Guardian] Early skip: URL https://www.theguardian.com/australia-news/2026/jan/22/children-cook-meals-for-needy-and-mourners-lay-wreaths-for-bondi-attack-victims-on-national-day-of-mourning-ntwnfb already exists.
2026-01-22 08:42:56,462 - INFO - [BBC] Early skip: URL https://www.bbc.com/news/articles/cwy1l9pgjv7o?at_medium=RSS&at_campaign=rss already exists.
2026-01-22 08:42:56,586 - INFO - [The Guardian] Early skip: URL https://www.theguardian.com/australia-news/2026/jan/22/heatwave-and-fire-warnings-as-parts-of-victoria-expected-to-approach-all-time-maximum-record-temperatures already exists.
2026-01-22 08:42:56,850 - INFO - [BBC] Early skip: URL https://www.bbc.com/news/articles/cwy8v31kkv1o?at_medium=RSS&at_campaign=rss already exists.
2026-01-22 08:42:57,139 - INFO - [The Hindu] Article: https://www.thehindu.com/news/national/telangana/telangana-cm-meets-wef-md-explains-need-for-follow-up-forum-in-july-august/article70537043.ece
2026-01-22 08:42:57,139 - INFO - [The Hindu] Attempt 1/1: Trying with 'selenium_browser' strategy...
2026-01-22 08:42:57,140 - INFO - [The Guardian] Early skip: URL https://www.theguardian.com/australia-news/2026/jan/22/sussan-ley-leadership-all-but-over-coalition-split already exists.
2026-01-22 08:42:57,266 - INFO - [BBC] Early skip: URL https://www.bbc.com/news/articles/c4grw9vg7y4o?at_medium=RSS&at_campaign=rss already exists.
2026-01-22 08:42:57,398 - INFO - [BBC] Early skip: URL https://www.bbc.com/news/articles/c5y2q5j71pqo?at_medium=RSS&at_campaign=rss already exists.
2026-01-22 08:42:57,668 - INFO - [BBC] Early skip: URL https://www.bbc.com/news/articles/czx1p47x589o?at_medium=RSS&at_campaign=rss already exists.
2026-01-22 08:42:57,788 - INFO - [The Guardian] Early skip: URL https://www.theguardian.com/business/2026/jan/22/the-year-of-the-hectocorn-the-100bn-tech-companies-that-could-float-in-2026 already exists.
2026-01-22 08:42:58,038 - INFO - [BBC] Early skip: URL https://www.bbc.com/news/articles/ckgyzl4gd1do?at_medium=RSS&at_campaign=rss already exists.
2026-01-22 08:42:58,140 - INFO - [The Guardian] Early skip: URL https://www.theguardian.com/world/2026/jan/22/trump-greenland-framework-future-deal-reactions already exists.
2026-01-22 08:42:58,297 - INFO - [BBC] Early skip: URL https://www.bbc.com/news/articles/c4g39w8k8zwo?at_medium=RSS&at_campaign=rss already exists.
2026-01-22 08:42:58,470 - INFO - [The Guardian] Early skip: URL https://www.theguardian.com/environment/2026/jan/22/wind-and-solar-overtook-fossil-fuels-in-power-generation-for-eu-in-2025-report already exists.
2026-01-22 08:42:58,678 - INFO - [BBC] Early skip: URL https://www.bbc.com/news/articles/c0mkp021rvro?at_medium=RSS&at_campaign=rss already exists.
2026-01-22 08:42:58,869 - INFO - [The Guardian] Early skip: URL https://www.theguardian.com/business/2026/jan/21/trumps-davos-speech-stephen-miller-white-identity-politics already exists.
2026-01-22 08:42:59,037 - INFO - [The Guardian] Early skip: URL https://www.theguardian.com/business/2026/jan/21/davos-2026-trump-greenland-rules-out-force-part-north-america already exists.
2026-01-22 08:42:59,291 - INFO - [BBC] Early skip: URL https://www.bbc.com/news/articles/cwy1lpgqenxo?at_medium=RSS&at_campaign=rss already exists.
2026-01-22 08:42:59,511 - INFO - [The Guardian] Early skip: URL https://www.theguardian.com/world/2026/jan/21/north-east-syria-security-situation-fears-islamic-state-militants already exists.
2026-01-22 08:42:59,629 - INFO - [BBC] Early skip: URL https://www.bbc.com/news/articles/cm24vjvy3n1o?at_medium=RSS&at_campaign=rss already exists.
2026-01-22 08:42:59,859 - INFO - [The Guardian] Early skip: URL https://www.theguardian.com/world/2026/jan/21/syria-army-al-hawl-camp-kurdish-withdrawal-islamic-state already exists.
2026-01-22 08:43:00,073 - INFO - [BBC] Early skip: URL https://www.bbc.com/news/articles/c301jgd1qj6o?at_medium=RSS&at_campaign=rss already exists.
2026-01-22 08:43:00,346 - INFO - [The Guardian] Early skip: URL https://www.theguardian.com/world/2026/jan/21/benjamin-netanyahu-to-join-trump-board-of-peace-despite-previous-israel-objections already exists.
2026-01-22 08:43:00,495 - INFO - [The Guardian] Early skip: URL https://www.theguardian.com/world/2026/jan/21/iran-central-bank-cryptocurrency-tether-nigel-farage already exists.
2026-01-22 08:43:00,615 - INFO - [BBC] Early skip: URL https://www.bbc.com/news/articles/c0r4957rq8ro?at_medium=RSS&at_campaign=rss already exists.
2026-01-22 08:43:00,823 - INFO - [The Guardian] Early skip: URL https://www.theguardian.com/world/2026/jan/20/kurdish-forces-withdraw-from-is-detention-camp-in-north-east-syria already exists.
2026-01-22 08:43:00,973 - INFO - [BBC] Early skip: URL https://www.bbc.com/news/articles/clye22ljxw4o?at_medium=RSS&at_campaign=rss already exists.
2026-01-22 08:43:01,151 - INFO - [BBC] Early skip: URL https://www.bbc.com/news/articles/c701rvrpjwko?at_medium=RSS&at_campaign=rss already exists.
2026-01-22 08:43:02,371 - INFO - [The Hindu] Page content loaded.
2026-01-22 08:43:02,493 - INFO - [The Hindu] Success with 'selenium_browser'. Found content (468 words).
2026-01-22 08:43:15,147 - ERROR - [Times of India] Request failed for strategy 'selenium_browser' on URL https://timesofindia.indiatimes.com/world/europe/drone-attack-russian-oil-port-blasts-fuel-tanks-damaged-in-attack-by-ukraine-3-killed/articleshow/127122496.cms: HTTPConnectionPool(host='localhost', port=36435): Read timed out. (read timeout=120)
2026-01-22 08:43:15,147 - ERROR - [Times of India] All scrape strategies failed for https://timesofindia.indiatimes.com/world/europe/drone-attack-russian-oil-port-blasts-fuel-tanks-damaged-in-attack-by-ukraine-3-killed/articleshow/127122496.cms. Falling back to RSS description.
2026-01-22 08:43:15,147 - WARNING - SKIPPED (GLOBAL WORD LIMIT): Article 'Drone attack: Russian oil port blasts, fuel tanks damaged in attack by Ukraine; 3 killed' from Times of India has only 58 words (Min: 90).
2026-01-22 08:43:48,445 - INFO - Saved article: Telangana CM meets WEF MD, explains need for follow-up forum in July-August - The Hindu from The Hindu (468 words)
2026-01-22 08:43:48,445 - INFO - [Times of India] Article: https://timesofindia.indiatimes.com/world/middle-east/no-permit-no-repair-kuwait-mandates-pre-approval-for-all-exhaust-repairs/articleshow/127114695.cms
2026-01-22 08:43:48,446 - INFO - [Times of India] Attempt 1/1: Trying with 'selenium_browser' strategy...
2026-01-22 08:43:49,840 - INFO - [The Hindu] Article: https://www.thehindu.com/news/cities/Coimbatore/frequent-leopard-sightings-at-marayeepalayam-hillock-trigger-panic-among-residents/article70537053.ece
2026-01-22 08:43:49,840 - INFO - [The Hindu] Attempt 1/1: Trying with 'selenium_browser' strategy...
2026-01-22 08:43:50,897 - INFO - [The Hindu] Page content loaded.
2026-01-22 08:43:50,991 - INFO - [The Hindu] Success with 'selenium_browser'. Found content (217 words).
2026-01-22 08:44:35,510 - INFO - Saved article: Frequent leopard sightings at Marayeepalayam hillock trigger panic among residents - The Hindu from The Hindu (217 words)
2026-01-22 08:44:36,812 - INFO - [The Hindu] Article: https://www.thehindu.com/news/national/supreme-court-special-intensive-revision-sir-hearing-live-updates-january-22-2026/article70537068.ece
2026-01-22 08:44:36,812 - INFO - [The Hindu] Attempt 1/1: Trying with 'selenium_browser' strategy...
2026-01-22 08:44:38,314 - INFO - [The Hindu] Page content loaded.
2026-01-22 08:44:38,377 - INFO - [The Hindu] Success with 'selenium_browser'. Found content (170 words).
2026-01-22 08:45:22,329 - INFO - DEDUPLICATION: Found match (Score: 0.74). Linking to Cluster ID: 4af993a5-840c-4688-a46d-bb1eb09c2755
2026-01-22 08:45:22,331 - INFO - Saved article: Supreme Court hearing on SIR LIVE updates: ECI to conclude arguments against West Bengal petitions - The Hindu from The Hindu (170 words)
2026-01-22 08:45:23,139 - INFO - [The Hindu] Article: https://www.thehindu.com/news/national/chhattisgarh/chhattisgarh-balodabazar-bhatapara-factory-blast-death-toll-updates/article70537010.ece
2026-01-22 08:45:23,139 - INFO - [The Hindu] Attempt 1/1: Trying with 'selenium_browser' strategy...
2026-01-22 08:45:24,259 - INFO - [The Hindu] Page content loaded.
2026-01-22 08:45:24,334 - WARNING - [The Hindu] FAILED with 'selenium_browser' (content was too short: 81 words).
2026-01-22 08:45:24,334 - ERROR - [The Hindu] All scrape strategies failed for https://www.thehindu.com/news/national/chhattisgarh/chhattisgarh-balodabazar-bhatapara-factory-blast-death-toll-updates/article70537010.ece. Falling back to RSS description.
2026-01-22 08:45:24,335 - WARNING - SKIPPED (GLOBAL WORD LIMIT): Article 'Six workers killed in blast at sponge iron factory in Chhattisgarh' from The Hindu has only 23 words (Min: 90).
2026-01-22 08:45:25,128 - INFO - [The Hindu] Article: https://www.thehindu.com/news/national/maharashtra/reservation-lottery-marred-by-disruptions-as-bmc-placed-in-open-women-category-instead-of-obc/article70537041.ece
2026-01-22 08:45:25,128 - INFO - [The Hindu] Attempt 1/1: Trying with 'selenium_browser' strategy...
2026-01-22 08:45:31,786 - CRITICAL - --- TIMEOUT: 2 scrape jobs did not complete in 300s. ---
2026-01-22 08:45:31,786 - ERROR - A thread has timed out and will be abandoned.
2026-01-22 08:45:31,786 - ERROR - A thread has timed out and will be abandoned.
2026-01-22 08:45:31,786 - INFO - Shutting down thread pool (wait=False)...
2026-01-22 08:45:31,786 - INFO - Scraped: 1 The Guardian, 1 BBC, 2 Timed_Out_Jobs articles. (Total saved: 2)
2026-01-22 08:45:31,786 - INFO - --- Scraping job finished ---
2026-01-22 08:45:31,787 - INFO - --- Scraper service stopped and database connection closed. ---
2026-01-22 08:45:31,787 - INFO - --- Main thread finished. Forcing process exit to kill zombie threads. ---
