2026-01-01 14:26:06,595 - INFO - Loading AI Semantic Model (all-MiniLM-L6-v2)...
2026-01-01 14:26:06,595 - INFO - Use pytorch device_name: cpu
2026-01-01 14:26:06,595 - INFO - Load pretrained SentenceTransformer: all-MiniLM-L6-v2
2026-01-01 14:26:07,380 - INFO - AI Model loaded successfully.
2026-01-01 14:26:07,380 - INFO - --- Scraper service started (CI Mode: Run Once) ---
2026-01-01 14:26:07,380 - INFO - --- Starting new scraping job (Parallel Mode) ---
2026-01-01 14:26:07,380 - INFO - Creating new robust session with 3 retries on 5xx/connection/read errors.
2026-01-01 14:26:07,380 - INFO - Proxy is DISABLED.
2026-01-01 14:26:07,381 - INFO - Starting scrape for BBC RSS feed: http://feeds.bbci.co.uk/news/world/rss.xml
2026-01-01 14:26:07,382 - INFO - [Times of India] (Thread) requires Selenium. Initializing driver...
2026-01-01 14:26:07,382 - INFO - Starting scrape for The Guardian RSS feed: https://www.theguardian.com/world/rss
2026-01-01 14:26:07,383 - INFO - [The Hindu] (Thread) requires Selenium. Initializing driver...
2026-01-01 14:26:07,383 - INFO - Submitted 4 jobs to thread pool. Waiting up to 300s for completion...
2026-01-01 14:26:07,562 - INFO - Found 45 articles in The Guardian RSS feed. Processing up to 30.
2026-01-01 14:26:07,563 - INFO - [The Guardian] Early skip: URL https://www.theguardian.com/global-development/2026/jan/01/us-aid-cuts-conditions-un-humanitarian-pledge-ocha already exists.
2026-01-01 14:26:07,835 - INFO - [The Guardian] Early skip: URL https://www.theguardian.com/world/2025/dec/31/guinea-junta-chief-mamady-doumbouya-elected-president-after-opposition-boycott already exists.
2026-01-01 14:26:07,841 - INFO - Found 27 articles in BBC RSS feed. Processing up to 30.
2026-01-01 14:26:08,111 - INFO - [BBC] Early skip: URL https://www.bbc.com/news/articles/cx2pmyyeg78o?at_medium=RSS&at_campaign=rss already exists.
2026-01-01 14:26:08,377 - INFO - [The Guardian] Early skip: URL https://www.theguardian.com/world/2025/dec/30/saudi-arabia-uae-tension-future-yemen-boiling-point already exists.
2026-01-01 14:26:08,671 - INFO - [BBC] Article: https://www.bbc.com/news/videos/cq84xxxk840o?at_medium=RSS&at_campaign=rss
2026-01-01 14:26:08,671 - INFO - [BBC] Attempt 1/1: Trying with 'requests_browser' strategy...
2026-01-01 14:26:08,672 - INFO - [The Guardian] Early skip: URL https://www.theguardian.com/sport/2025/dec/29/anthony-joshua-injured-car-crash-nigeria already exists.
2026-01-01 14:26:08,851 - INFO - [The Guardian] Early skip: URL https://www.theguardian.com/world/2025/dec/29/more-than-3000-migrants-died-spain-figure-down already exists.
2026-01-01 14:26:08,912 - WARNING - [BBC] FAILED with 'requests_browser' (content was too short: 65 words).
2026-01-01 14:26:08,912 - ERROR - [BBC] All scrape strategies failed for https://www.bbc.com/news/videos/cq84xxxk840o?at_medium=RSS&at_campaign=rss. Falling back to RSS description.
2026-01-01 14:26:08,912 - WARNING - SKIPPED (GLOBAL WORD LIMIT): Article 'BBC reports from the scene of Swiss resort bar fire' from BBC has only 18 words (Min: 90).
2026-01-01 14:26:09,053 - INFO - Selenium driver initialized successfully.
2026-01-01 14:26:09,053 - INFO - Starting scrape for The Hindu RSS feed: https://www.thehindu.com/news/national/feeder/default.rss
2026-01-01 14:26:09,055 - INFO - Selenium driver initialized successfully.
2026-01-01 14:26:09,055 - INFO - Starting scrape for Times of India RSS feed: https://timesofindia.indiatimes.com/rssfeeds/296589292.cms
2026-01-01 14:26:09,107 - INFO - [The Guardian] Early skip: URL https://www.theguardian.com/world/2025/dec/30/military-drone-strike-venezuela-trump-maduro already exists.
2026-01-01 14:26:09,161 - INFO - Found 20 articles in Times of India RSS feed. Processing up to 30.
2026-01-01 14:26:09,230 - INFO - Found 100 articles in The Hindu RSS feed. Processing up to 30.
2026-01-01 14:26:09,300 - INFO - [Times of India] Article: https://timesofindia.indiatimes.com/world/us/disgusting-maga-meltdown-over-mamdani-taking-oath-as-nyc-mayor-on-quran/articleshow/126288602.cms
2026-01-01 14:26:09,300 - INFO - [Times of India] Attempt 1/1: Trying with 'selenium_browser' strategy...
2026-01-01 14:26:09,301 - INFO - [The Hindu] Article: https://www.thehindu.com/news/national/kerala/feeling-sleepy-behind-the-wheel-ai-can-tell/article70460499.ece
2026-01-01 14:26:09,301 - INFO - [The Hindu] Attempt 1/1: Trying with 'selenium_browser' strategy...
2026-01-01 14:26:09,302 - INFO - [The Guardian] Early skip: URL https://www.theguardian.com/world/2025/dec/29/brazil-ex-president-jair-bolsonaro-hiccups-treatment already exists.
2026-01-01 14:26:09,543 - INFO - [BBC] Early skip: URL https://www.bbc.com/news/articles/c3r1lx75nl8o?at_medium=RSS&at_campaign=rss already exists.
2026-01-01 14:26:09,659 - INFO - [BBC] Early skip: URL https://www.bbc.com/news/articles/cddg7100ym2o?at_medium=RSS&at_campaign=rss already exists.
2026-01-01 14:26:09,909 - INFO - [The Guardian] Early skip: URL https://www.theguardian.com/world/2025/dec/29/mexico-train-derailment-oaxaca already exists.
2026-01-01 14:26:10,067 - INFO - [BBC] Early skip: URL https://www.bbc.com/news/articles/czdq1ple2l4o?at_medium=RSS&at_campaign=rss already exists.
2026-01-01 14:26:10,249 - INFO - [BBC] Early skip: URL https://www.bbc.com/news/articles/ckgl2je05j0o?at_medium=RSS&at_campaign=rss already exists.
2026-01-01 14:26:10,544 - INFO - [The Guardian] Early skip: URL https://www.theguardian.com/us-news/2025/dec/29/trump-venezuela-facility-strike already exists.
2026-01-01 14:26:10,727 - INFO - [BBC] Early skip: URL https://www.bbc.com/sport/football/articles/cqxyrj9dv5go?at_medium=RSS&at_campaign=rss already exists.
2026-01-01 14:26:10,947 - INFO - [BBC] Article: https://www.bbc.com/news/articles/clyw59v8978o?at_medium=RSS&at_campaign=rss
2026-01-01 14:26:10,947 - INFO - [BBC] Attempt 1/1: Trying with 'requests_browser' strategy...
2026-01-01 14:26:10,949 - INFO - [The Guardian] Early skip: URL https://www.theguardian.com/world/2025/dec/26/venezuela-political-prisoner-release already exists.
2026-01-01 14:26:11,050 - INFO - [BBC] Success with 'requests_browser'. Found content (843 words).
2026-01-01 14:26:11,157 - INFO - [The Guardian] Early skip: URL https://www.theguardian.com/music/2026/jan/01/newjeans-member-danielle-sued-for-millions-after-bitter-feud-with-k-pop-record-label already exists.
2026-01-01 14:26:11,313 - INFO - [The Guardian] Early skip: URL https://www.theguardian.com/world/2025/dec/31/xi-jinping-vows-reunification-china-taiwan-new-years-eve-speech already exists.
2026-01-01 14:26:19,552 - INFO - [The Hindu] Page content loaded.
2026-01-01 14:26:19,931 - INFO - [The Hindu] Success with 'selenium_browser'. Found content (267 words).
2026-01-01 14:27:19,579 - INFO - Saved article: County Wicklow: Settlement find may challenge Vikings first towns theory - researcher from BBC (843 words)
2026-01-01 14:27:19,579 - INFO - [The Guardian] Early skip: URL https://www.theguardian.com/business/2025/dec/31/china-forecast-to-have-sold-one-in-every-10-new-cars-in-uk-in-2025 already exists.
2026-01-01 14:28:08,377 - INFO - Saved article: Feeling sleepy behind the wheel? AI can tell - The Hindu from The Hindu (267 words)
2026-01-01 14:28:08,377 - INFO - [The Guardian] Early skip: URL https://www.theguardian.com/world/2025/dec/31/female-lawmakers-in-japan-lobby-for-more-toilets-in-parliament already exists.
2026-01-01 14:28:08,575 - INFO - [BBC] Early skip: URL https://www.bbc.com/news/articles/czxpk7r8w9yo?at_medium=RSS&at_campaign=rss already exists.
2026-01-01 14:28:08,744 - INFO - [The Guardian] Early skip: URL https://www.theguardian.com/australia-news/2025/dec/31/australia-says-deeply-concerning-destabilising-chinese-exercises-near-taiwan-risk-inflaming-regional-tension already exists.
2026-01-01 14:28:09,041 - INFO - [BBC] Early skip: URL https://www.bbc.com/news/articles/c2d7g8krj2po?at_medium=RSS&at_campaign=rss already exists.
2026-01-01 14:28:09,186 - INFO - [The Hindu] Article: https://www.thehindu.com/news/national/kerala/pet-friendly-tourism-gains-popularity-in-munnar/article70460391.ece
2026-01-01 14:28:09,186 - INFO - [The Hindu] Attempt 1/1: Trying with 'selenium_browser' strategy...
2026-01-01 14:28:09,187 - INFO - [The Guardian] Early skip: URL https://www.theguardian.com/australia-news/2026/jan/02/australian-house-prices-expected-to-rise-at-least-5-in-2026-after-jump-last-year already exists.
2026-01-01 14:28:09,401 - ERROR - [Times of India] Request failed for strategy 'selenium_browser' on URL https://timesofindia.indiatimes.com/world/us/disgusting-maga-meltdown-over-mamdani-taking-oath-as-nyc-mayor-on-quran/articleshow/126288602.cms: HTTPConnectionPool(host='localhost', port=36165): Read timed out. (read timeout=120)
2026-01-01 14:28:09,402 - ERROR - [Times of India] All scrape strategies failed for https://timesofindia.indiatimes.com/world/us/disgusting-maga-meltdown-over-mamdani-taking-oath-as-nyc-mayor-on-quran/articleshow/126288602.cms. Falling back to RSS description.
2026-01-01 14:28:09,402 - WARNING - SKIPPED (GLOBAL WORD LIMIT): Article ''Disgusting': MAGA meltdown over Mamdani taking oath as NYC mayor on Quran' from Times of India has only 3 words (Min: 90).
2026-01-01 14:28:09,462 - INFO - [BBC] Early skip: URL https://www.bbc.com/news/articles/c5yvdw77j04o?at_medium=RSS&at_campaign=rss already exists.
2026-01-01 14:28:09,753 - INFO - [The Guardian] Early skip: URL https://www.theguardian.com/australia-news/2026/jan/01/woman-dies-after-being-swept-into-ocean-from-sydney-beach-in-early-hours-of-new-years-day already exists.
2026-01-01 14:28:10,012 - INFO - [The Guardian] Early skip: URL https://www.theguardian.com/australia-news/2026/jan/01/perth-teenager-charged-after-allegedly-throwing-firecracker-that-sparked-new-years-eve-bushfire already exists.
2026-01-01 14:28:10,243 - INFO - [BBC] Early skip: URL https://www.bbc.com/news/articles/crlere3x28lo?at_medium=RSS&at_campaign=rss already exists.
2026-01-01 14:28:10,485 - INFO - [BBC] Early skip: URL https://www.bbc.com/news/articles/cn8jlm07nz4o?at_medium=RSS&at_campaign=rss already exists.
2026-01-01 14:28:10,708 - INFO - [Times of India] Article: https://timesofindia.indiatimes.com/world/us/us-visa-rules-from-january-1-ban-on-travel-for-39-countries-hike-in-immigration-related-fees/articleshow/126287650.cms
2026-01-01 14:28:10,708 - INFO - [Times of India] Attempt 1/1: Trying with 'selenium_browser' strategy...
2026-01-01 14:28:10,709 - INFO - [The Guardian] Early skip: URL https://www.theguardian.com/world/2026/jan/01/australian-reportedly-killed-fighting-with-ukrainian-forces-against-russia-ntwnfb already exists.
2026-01-01 14:28:10,859 - INFO - [The Hindu] Page content loaded.
2026-01-01 14:28:10,966 - INFO - [The Guardian] Early skip: URL https://www.theguardian.com/australia-news/2025/dec/31/australian-beef-industry-extremely-disappointed-after-china-hits-imports-with-55-tariff already exists.
2026-01-01 14:28:11,099 - INFO - [The Hindu] Success with 'selenium_browser'. Found content (336 words).
2026-01-01 14:28:11,240 - INFO - [BBC] Early skip: URL https://www.bbc.com/news/articles/clye3xz52e5o?at_medium=RSS&at_campaign=rss already exists.
2026-01-01 14:28:58,453 - INFO - Saved article: Pet-friendly tourism gains popularity in Munnar - The Hindu from The Hindu (336 words)
2026-01-01 14:28:58,453 - INFO - [The Guardian] Early skip: URL https://www.theguardian.com/world/live/2026/jan/01/switzerland-resort-explosion-dead-blast-ski-town-crans-montana-latest-news-live already exists.
2026-01-01 14:28:58,645 - INFO - [BBC] Early skip: URL https://www.bbc.com/news/articles/crrnlw4rxeyo?at_medium=RSS&at_campaign=rss already exists.
2026-01-01 14:28:58,929 - INFO - [The Guardian] Early skip: URL https://www.theguardian.com/world/2026/jan/01/what-we-know-fire-swiss-ski-resort-bar-crans-montana already exists.
2026-01-01 14:28:59,033 - INFO - [BBC] Article: https://www.bbc.com/news/articles/c4gvg46dy7vo?at_medium=RSS&at_campaign=rss
2026-01-01 14:28:59,034 - INFO - [BBC] Attempt 1/1: Trying with 'requests_browser' strategy...
2026-01-01 14:28:59,035 - INFO - [The Guardian] Early skip: URL https://www.theguardian.com/world/2026/jan/01/several-dead-and-injured-in-explosion-swiss-ski-resort-town-crans-montana-police-say already exists.
2026-01-01 14:28:59,070 - INFO - [BBC] Success with 'requests_browser'. Found content (1021 words).
2026-01-01 14:29:45,403 - INFO - Saved article: Social media fuelled Mamdani's rise. Can he keep the momentum as mayor? from BBC (1021 words)
2026-01-01 14:29:45,404 - INFO - [The Guardian] Early skip: URL https://www.theguardian.com/world/2026/jan/01/more-women-reporting-abuse-norway-since-royal-family-member-allegations-trial already exists.
2026-01-01 14:29:45,688 - INFO - [The Hindu] Article: https://www.thehindu.com/news/national/kerala/vacb-logs-highest-ever-anti-corruption-crackdown-in-2025/article70460853.ece
2026-01-01 14:29:45,688 - INFO - [The Hindu] Attempt 1/1: Trying with 'selenium_browser' strategy...
2026-01-01 14:29:45,688 - INFO - [The Guardian] Early skip: URL https://www.theguardian.com/world/2025/dec/31/finnish-police-seize-vessel-suspected-damaging-underwater-cable already exists.
2026-01-01 14:29:45,852 - INFO - [The Guardian] Article: https://www.theguardian.com/world/2026/jan/01/executions-saudi-arabia-highest-number-ever-2025
2026-01-01 14:29:45,852 - INFO - [The Guardian] Attempt 1/1: Trying with 'requests_browser' strategy...
2026-01-01 14:29:45,887 - INFO - [The Guardian] Success with 'requests_browser'. Found content (366 words).
2026-01-01 14:29:47,436 - INFO - [The Hindu] Page content loaded.
2026-01-01 14:29:48,770 - INFO - [The Hindu] Success with 'selenium_browser'. Found content (333 words).
2026-01-01 14:30:10,765 - ERROR - [Times of India] Request failed for strategy 'selenium_browser' on URL https://timesofindia.indiatimes.com/world/us/us-visa-rules-from-january-1-ban-on-travel-for-39-countries-hike-in-immigration-related-fees/articleshow/126287650.cms: HTTPConnectionPool(host='localhost', port=36165): Read timed out. (read timeout=120)
2026-01-01 14:30:10,765 - ERROR - [Times of India] All scrape strategies failed for https://timesofindia.indiatimes.com/world/us/us-visa-rules-from-january-1-ban-on-travel-for-39-countries-hike-in-immigration-related-fees/articleshow/126287650.cms. Falling back to RSS description.
2026-01-01 14:30:10,765 - WARNING - SKIPPED (GLOBAL WORD LIMIT): Article 'US visa rules from January 1: Travel ban for 39 countries; hike in immigration-related fees' from Times of India has only 3 words (Min: 90).
2026-01-01 14:30:36,159 - INFO - Saved article: Executions in Saudi Arabia hit highest number on record in 2025 | Saudi Arabia | The Guardian from The Guardian (366 words)
2026-01-01 14:30:36,159 - INFO - [BBC] Early skip: URL https://www.bbc.com/news/articles/c9dvyyjyj18o?at_medium=RSS&at_campaign=rss already exists.
2026-01-01 14:31:07,384 - CRITICAL - --- TIMEOUT: 4 scrape jobs did not complete in 300s. ---
2026-01-01 14:31:07,384 - ERROR - A thread has timed out and will be abandoned.
2026-01-01 14:31:07,384 - ERROR - A thread has timed out and will be abandoned.
2026-01-01 14:31:07,384 - ERROR - A thread has timed out and will be abandoned.
2026-01-01 14:31:07,384 - ERROR - A thread has timed out and will be abandoned.
2026-01-01 14:31:07,384 - INFO - Shutting down thread pool (wait=False)...
2026-01-01 14:31:07,384 - INFO - Scraped: 4 Timed_Out_Jobs articles. (Total saved: 0)
2026-01-01 14:31:07,384 - INFO - --- Scraping job finished ---
2026-01-01 14:31:07,384 - INFO - --- Scraper service stopped and database connection closed. ---
2026-01-01 14:31:07,384 - INFO - --- Main thread finished. Forcing process exit to kill zombie threads. ---
