2026-01-28 11:29:00,097 - INFO - Loading AI Semantic Model (all-MiniLM-L6-v2)...
2026-01-28 11:29:00,098 - INFO - Use pytorch device_name: cpu
2026-01-28 11:29:00,098 - INFO - Load pretrained SentenceTransformer: all-MiniLM-L6-v2
2026-01-28 11:29:00,166 - INFO - HTTP Request: HEAD https://huggingface.co/sentence-transformers/all-MiniLM-L6-v2/resolve/main/modules.json "HTTP/1.1 307 Temporary Redirect"
2026-01-28 11:29:00,172 - INFO - HTTP Request: HEAD https://huggingface.co/api/resolve-cache/models/sentence-transformers/all-MiniLM-L6-v2/c9745ed1d9f207416be6d2e6f8de32d1f16199bf/modules.json "HTTP/1.1 200 OK"
2026-01-28 11:29:00,206 - INFO - HTTP Request: HEAD https://huggingface.co/sentence-transformers/all-MiniLM-L6-v2/resolve/main/config_sentence_transformers.json "HTTP/1.1 307 Temporary Redirect"
2026-01-28 11:29:00,212 - INFO - HTTP Request: HEAD https://huggingface.co/api/resolve-cache/models/sentence-transformers/all-MiniLM-L6-v2/c9745ed1d9f207416be6d2e6f8de32d1f16199bf/config_sentence_transformers.json "HTTP/1.1 200 OK"
2026-01-28 11:29:00,247 - INFO - HTTP Request: HEAD https://huggingface.co/sentence-transformers/all-MiniLM-L6-v2/resolve/main/config_sentence_transformers.json "HTTP/1.1 307 Temporary Redirect"
2026-01-28 11:29:00,253 - INFO - HTTP Request: HEAD https://huggingface.co/api/resolve-cache/models/sentence-transformers/all-MiniLM-L6-v2/c9745ed1d9f207416be6d2e6f8de32d1f16199bf/config_sentence_transformers.json "HTTP/1.1 200 OK"
2026-01-28 11:29:00,286 - INFO - HTTP Request: HEAD https://huggingface.co/sentence-transformers/all-MiniLM-L6-v2/resolve/main/README.md "HTTP/1.1 307 Temporary Redirect"
2026-01-28 11:29:00,292 - INFO - HTTP Request: HEAD https://huggingface.co/api/resolve-cache/models/sentence-transformers/all-MiniLM-L6-v2/c9745ed1d9f207416be6d2e6f8de32d1f16199bf/README.md "HTTP/1.1 200 OK"
2026-01-28 11:29:00,327 - INFO - HTTP Request: HEAD https://huggingface.co/sentence-transformers/all-MiniLM-L6-v2/resolve/main/modules.json "HTTP/1.1 307 Temporary Redirect"
2026-01-28 11:29:00,334 - INFO - HTTP Request: HEAD https://huggingface.co/api/resolve-cache/models/sentence-transformers/all-MiniLM-L6-v2/c9745ed1d9f207416be6d2e6f8de32d1f16199bf/modules.json "HTTP/1.1 200 OK"
2026-01-28 11:29:00,368 - INFO - HTTP Request: HEAD https://huggingface.co/sentence-transformers/all-MiniLM-L6-v2/resolve/main/sentence_bert_config.json "HTTP/1.1 307 Temporary Redirect"
2026-01-28 11:29:00,374 - INFO - HTTP Request: HEAD https://huggingface.co/api/resolve-cache/models/sentence-transformers/all-MiniLM-L6-v2/c9745ed1d9f207416be6d2e6f8de32d1f16199bf/sentence_bert_config.json "HTTP/1.1 200 OK"
2026-01-28 11:29:00,411 - INFO - HTTP Request: HEAD https://huggingface.co/sentence-transformers/all-MiniLM-L6-v2/resolve/main/adapter_config.json "HTTP/1.1 404 Not Found"
2026-01-28 11:29:00,443 - INFO - HTTP Request: HEAD https://huggingface.co/sentence-transformers/all-MiniLM-L6-v2/resolve/main/config.json "HTTP/1.1 307 Temporary Redirect"
2026-01-28 11:29:00,449 - INFO - HTTP Request: HEAD https://huggingface.co/api/resolve-cache/models/sentence-transformers/all-MiniLM-L6-v2/c9745ed1d9f207416be6d2e6f8de32d1f16199bf/config.json "HTTP/1.1 200 OK"
2026-01-28 11:29:00,580 - WARNING - BertModel LOAD REPORT from: sentence-transformers/all-MiniLM-L6-v2
Key                     | Status     |  | 
------------------------+------------+--+-
embeddings.position_ids | UNEXPECTED |  | 

Notes:
- UNEXPECTED	:can be ignored when loading from different task/architecture; not ok if you expect identical arch.
2026-01-28 11:29:00,615 - INFO - HTTP Request: HEAD https://huggingface.co/sentence-transformers/all-MiniLM-L6-v2/resolve/main/config.json "HTTP/1.1 307 Temporary Redirect"
2026-01-28 11:29:00,620 - INFO - HTTP Request: HEAD https://huggingface.co/api/resolve-cache/models/sentence-transformers/all-MiniLM-L6-v2/c9745ed1d9f207416be6d2e6f8de32d1f16199bf/config.json "HTTP/1.1 200 OK"
2026-01-28 11:29:00,654 - INFO - HTTP Request: HEAD https://huggingface.co/sentence-transformers/all-MiniLM-L6-v2/resolve/main/tokenizer_config.json "HTTP/1.1 307 Temporary Redirect"
2026-01-28 11:29:00,659 - INFO - HTTP Request: HEAD https://huggingface.co/api/resolve-cache/models/sentence-transformers/all-MiniLM-L6-v2/c9745ed1d9f207416be6d2e6f8de32d1f16199bf/tokenizer_config.json "HTTP/1.1 200 OK"
2026-01-28 11:29:00,698 - INFO - HTTP Request: GET https://huggingface.co/api/models/sentence-transformers/all-MiniLM-L6-v2/tree/main/additional_chat_templates?recursive=false&expand=false "HTTP/1.1 404 Not Found"
2026-01-28 11:29:00,737 - INFO - HTTP Request: GET https://huggingface.co/api/models/sentence-transformers/all-MiniLM-L6-v2/tree/main?recursive=true&expand=false "HTTP/1.1 200 OK"
2026-01-28 11:29:00,824 - INFO - HTTP Request: HEAD https://huggingface.co/sentence-transformers/all-MiniLM-L6-v2/resolve/main/1_Pooling/config.json "HTTP/1.1 307 Temporary Redirect"
2026-01-28 11:29:00,830 - INFO - HTTP Request: HEAD https://huggingface.co/api/resolve-cache/models/sentence-transformers/all-MiniLM-L6-v2/c9745ed1d9f207416be6d2e6f8de32d1f16199bf/1_Pooling%2Fconfig.json "HTTP/1.1 200 OK"
2026-01-28 11:29:00,868 - INFO - HTTP Request: GET https://huggingface.co/api/models/sentence-transformers/all-MiniLM-L6-v2 "HTTP/1.1 200 OK"
2026-01-28 11:29:00,873 - INFO - AI Model loaded successfully.
2026-01-28 11:29:00,873 - INFO - --- Scraper service started (CI Mode: Run Once) ---
2026-01-28 11:29:00,873 - INFO - --- Starting new scraping job (Parallel Mode) ---
2026-01-28 11:29:00,873 - INFO - Creating new robust session with 3 retries on 5xx/connection/read errors.
2026-01-28 11:29:00,873 - INFO - Proxy is DISABLED.
2026-01-28 11:29:00,873 - INFO - Starting scrape for BBC RSS feed: http://feeds.bbci.co.uk/news/world/rss.xml
2026-01-28 11:29:00,874 - INFO - [Times of India] (Thread) requires Selenium. Initializing driver...
2026-01-28 11:29:00,874 - INFO - Starting scrape for The Guardian RSS feed: https://www.theguardian.com/world/rss
2026-01-28 11:29:00,874 - INFO - [The Hindu] (Thread) requires Selenium. Initializing driver...
2026-01-28 11:29:00,875 - INFO - Submitted 4 jobs to thread pool. Waiting up to 300s for completion...
2026-01-28 11:29:01,098 - INFO - Found 45 articles in The Guardian RSS feed. Processing up to 30.
2026-01-28 11:29:01,098 - INFO - [The Guardian] Early skip: URL https://www.theguardian.com/world/2026/jan/26/hundreds-feared-dead-after-attempting-to-cross-mediterranean-amid-cyclone-harry already exists.
2026-01-28 11:29:01,199 - INFO - [The Guardian] Early skip: URL https://www.theguardian.com/world/2026/jan/26/crocodile-warnings-floods-devastate-southern-africa already exists.
2026-01-28 11:29:01,414 - INFO - [The Guardian] Early skip: URL https://www.theguardian.com/world/2026/jan/23/guinea-bissau-hepatitis-b-vaccine-study already exists.
2026-01-28 11:29:01,477 - INFO - Found 32 articles in BBC RSS feed. Processing up to 30.
2026-01-28 11:29:01,654 - INFO - [The Guardian] Early skip: URL https://www.theguardian.com/global-development/2026/jan/22/actionaid-rethink-child-sponsorship-decolonise-funding already exists.
2026-01-28 11:29:01,755 - INFO - Selenium driver initialized successfully.
2026-01-28 11:29:01,755 - INFO - Selenium driver initialized successfully.
2026-01-28 11:29:01,755 - INFO - Starting scrape for Times of India RSS feed: https://timesofindia.indiatimes.com/rssfeeds/296589292.cms
2026-01-28 11:29:01,755 - INFO - Starting scrape for The Hindu RSS feed: https://www.thehindu.com/news/national/feeder/default.rss
2026-01-28 11:29:01,842 - INFO - Found 20 articles in Times of India RSS feed. Processing up to 30.
2026-01-28 11:29:01,869 - INFO - [BBC] Early skip: URL https://www.bbc.com/news/articles/c0q425vg4qzo?at_medium=RSS&at_campaign=rss already exists.
2026-01-28 11:29:01,957 - INFO - Found 100 articles in The Hindu RSS feed. Processing up to 30.
2026-01-28 11:29:02,143 - INFO - [Times of India] Article: https://timesofindia.indiatimes.com/world/us-streamers/mrbeast-burger-opens-in-sydney-as-legal-battle-raises-questions-about-the-brands-future/articleshow/127672615.cms
2026-01-28 11:29:02,143 - INFO - [Times of India] Attempt 1/1: Trying with 'selenium_browser' strategy...
2026-01-28 11:29:02,143 - INFO - [The Guardian] Early skip: URL https://www.theguardian.com/us-news/2026/jan/20/us-diplomats-urged-to-remind-african-leaders-of-us-generosity-despite-usaid-closing already exists.
2026-01-28 11:29:02,348 - INFO - [The Hindu] Article: https://www.thehindu.com/news/national/flying-to-baramati-will-talk-tomorrow-attendants-father-recalls-her-last-words/article70560656.ece
2026-01-28 11:29:02,348 - INFO - [The Hindu] Attempt 1/1: Trying with 'selenium_browser' strategy...
2026-01-28 11:29:02,349 - INFO - [BBC] Early skip: URL https://www.bbc.com/news/articles/cn9zpee3llxo?at_medium=RSS&at_campaign=rss already exists.
2026-01-28 11:29:02,544 - INFO - [The Guardian] Early skip: URL https://www.theguardian.com/world/2026/jan/28/can-venezuelas-delcy-rodriguez-become-a-latin-american-deng-xiaoping already exists.
2026-01-28 11:29:02,764 - INFO - [BBC] Early skip: URL https://www.bbc.com/news/articles/crkrpl4ngdzo?at_medium=RSS&at_campaign=rss already exists.
2026-01-28 11:29:02,974 - INFO - [BBC] Early skip: URL https://www.bbc.com/news/articles/cevnppplkjjo?at_medium=RSS&at_campaign=rss already exists.
2026-01-28 11:29:03,110 - INFO - [The Guardian] Early skip: URL https://www.theguardian.com/world/2026/jan/27/mexico-cuba-trump-oil already exists.
2026-01-28 11:29:03,339 - INFO - [The Guardian] Early skip: URL https://www.theguardian.com/us-news/2026/jan/27/five-year-old-girl-us-citizen-and-mother-deported-honduras already exists.
2026-01-28 11:29:03,563 - INFO - [The Guardian] Early skip: URL https://www.theguardian.com/us-news/2026/jan/26/canadian-ryan-wedding-ex-olympian-drug-trafficking already exists.
2026-01-28 11:29:03,743 - INFO - [The Guardian] Early skip: URL https://www.theguardian.com/world/2026/jan/26/guyana-opposition-leader-us-extradition already exists.
2026-01-28 11:29:03,945 - INFO - [The Guardian] Early skip: URL https://www.theguardian.com/politics/2026/jan/28/keir-starmer-jimmy-lai-human-rights-china-xi-jinping already exists.
2026-01-28 11:29:04,184 - INFO - [The Guardian] Early skip: URL https://www.theguardian.com/australia-news/live/2026/jan/28/australia-news-live-anthony-albanese-timor-leste-heatwave-nsw-bushfires-victoria-weather-liberals-leadership-sussan-ley-andrew-hastie-angus-taylor-ntwnfb already exists.
2026-01-28 11:29:04,390 - INFO - [BBC] Early skip: URL https://www.bbc.com/news/articles/cy8y2jxx9ppo?at_medium=RSS&at_campaign=rss already exists.
2026-01-28 11:29:04,574 - INFO - [BBC] Early skip: URL https://www.bbc.com/news/articles/czx32yxnvzro?at_medium=RSS&at_campaign=rss already exists.
2026-01-28 11:29:04,753 - INFO - [BBC] Early skip: URL https://www.bbc.com/news/articles/cdx4pdg9w2wo?at_medium=RSS&at_campaign=rss already exists.
2026-01-28 11:29:04,967 - INFO - [The Guardian] Early skip: URL https://www.theguardian.com/politics/2026/jan/28/reform-matt-goodwin-byelection-keir-starmer-reaction-toxic-division-ntwnfb already exists.
2026-01-28 11:29:05,237 - INFO - [The Guardian] Early skip: URL https://www.theguardian.com/world/2026/jan/28/viral-crying-horse-toy-china already exists.
2026-01-28 11:29:05,415 - INFO - [BBC] Article: https://www.bbc.com/news/articles/cvg1z091melo?at_medium=RSS&at_campaign=rss
2026-01-28 11:29:05,415 - INFO - [BBC] Attempt 1/1: Trying with 'requests_browser' strategy...
2026-01-28 11:29:05,417 - INFO - [The Guardian] Early skip: URL https://www.theguardian.com/world/2026/jan/28/new-zealand-landslides-climate-crisis-storms already exists.
2026-01-28 11:29:05,605 - INFO - [The Guardian] Early skip: URL https://www.theguardian.com/australia-news/2026/jan/28/sussan-ley-says-david-littleproud-rejected-offer-of-talks-this-week-after-coalition-break-up already exists.
2026-01-28 11:29:05,840 - INFO - [BBC] Success with 'requests_browser'. Found content (473 words).
2026-01-28 11:29:05,890 - INFO - [The Guardian] Early skip: URL https://www.theguardian.com/australia-news/2026/jan/28/temperature-records-in-nsw-and-queensland-expected-to-tumble-as-regional-towns-bake-in-40c-plus-temperatures already exists.
2026-01-28 11:29:06,366 - INFO - [The Guardian] Early skip: URL https://www.theguardian.com/australia-news/2026/jan/28/scott-morrison-muslim-speech-religious-freedoms-ntwnfb already exists.
2026-01-28 11:29:06,446 - INFO - [The Hindu] Page content loaded.
2026-01-28 11:29:06,562 - INFO - [The Hindu] Success with 'selenium_browser'. Found content (583 words).
2026-01-28 11:29:06,627 - INFO - [The Guardian] Early skip: URL https://www.theguardian.com/australia-news/2026/jan/28/human-remains-found-in-search-for-belgium-backpacker-missing-in-tasmanian-wilderness-since-2023 already exists.
2026-01-28 11:29:06,740 - INFO - [The Guardian] Early skip: URL https://www.theguardian.com/australia-news/2026/jan/28/inflation-rate-australia-cpi-rates-abs-data already exists.
2026-01-28 11:29:06,853 - INFO - [The Guardian] Early skip: URL https://www.theguardian.com/world/live/2026/jan/28/europe-defence-kallas-greenland-frederiksen-macron-ukraine-netherlands-latest-news-updates already exists.
2026-01-28 11:29:07,096 - INFO - [The Guardian] Early skip: URL https://www.theguardian.com/world/2026/jan/28/french-former-senator-found-guilty-of-drugging-mp-with-intent-to-sexually-assault-her already exists.
2026-01-28 11:29:07,271 - INFO - [The Guardian] Early skip: URL https://www.theguardian.com/world/2026/jan/28/odesa-russia-crosshairs-war-pivots-back-to-black-sea already exists.
2026-01-28 11:29:07,531 - INFO - [The Guardian] Early skip: URL https://www.theguardian.com/society/2026/jan/28/seven-out-of-10-uk-mothers-feel-overloaded-research-reveals already exists.
2026-01-28 11:29:07,793 - INFO - [The Guardian] Early skip: URL https://www.theguardian.com/world/2026/jan/27/russian-drone-strike-on-ukrainian-passenger-train-kills-five already exists.
2026-01-28 11:29:07,928 - INFO - [The Guardian] Early skip: URL https://www.theguardian.com/us-news/2026/jan/27/us-announces-multi-day-aerial-military-drills-in-the-middle-east-amid-iran-tensions already exists.
2026-01-28 11:29:08,230 - INFO - [The Guardian] Early skip: URL https://www.theguardian.com/world/2026/jan/27/mother-jack-letts-jailed-syria-islamic-state-repatriation-uk-canada already exists.
2026-01-28 11:29:08,371 - INFO - [The Guardian] Early skip: URL https://www.theguardian.com/world/2026/jan/26/remains-last-israeli-killed-7-october-2023-ran-gvili-returned-gaza already exists.
2026-01-28 11:29:08,654 - INFO - [The Guardian] Early skip: URL https://www.theguardian.com/world/2026/jan/26/iran-prepares-possible-attack-us-navy already exists.
2026-01-28 11:29:28,386 - ERROR - [Times of India] Request failed for strategy 'selenium_browser' on URL https://timesofindia.indiatimes.com/world/us-streamers/mrbeast-burger-opens-in-sydney-as-legal-battle-raises-questions-about-the-brands-future/articleshow/127672615.cms: Message: timeout: Timed out receiving message from renderer: 19.940
  (Session info: chrome=144.0.7559.59)
Stacktrace:
#0 0x558e4abdb4ba <unknown>
#1 0x558e4a644492 <unknown>
#2 0x558e4a62bb47 <unknown>
#3 0x558e4a62b756 <unknown>
#4 0x558e4a629271 <unknown>
#5 0x558e4a629bff <unknown>
#6 0x558e4a639150 <unknown>
#7 0x558e4a653147 <unknown>
#8 0x558e4a65a34b <unknown>
#9 0x558e4a62a369 <unknown>
#10 0x558e4a652eda <unknown>
#11 0x558e4a6e2a78 <unknown>
#12 0x558e4a68b6a2 <unknown>
#13 0x558e4a68c491 <unknown>
#14 0x558e4aba1479 <unknown>
#15 0x558e4aba4391 <unknown>
#16 0x558e4ab8da89 <unknown>
#17 0x558e4aba4f4e <unknown>
#18 0x558e4ab74070 <unknown>
#19 0x558e4abc8ca8 <unknown>
#20 0x558e4abc8e78 <unknown>
#21 0x558e4abda828 <unknown>
#22 0x7fb85549caa4 <unknown>
#23 0x7fb855529c6c <unknown>

2026-01-28 11:29:28,387 - ERROR - [Times of India] All scrape strategies failed for https://timesofindia.indiatimes.com/world/us-streamers/mrbeast-burger-opens-in-sydney-as-legal-battle-raises-questions-about-the-brands-future/articleshow/127672615.cms. Falling back to RSS description.
2026-01-28 11:29:28,387 - WARNING - SKIPPED (GLOBAL WORD LIMIT): Article 'MrBeast Burger opens in Sydney as legal battle raises questions about the brand’s future' from Times of India has only 57 words (Min: 90).
2026-01-28 11:30:14,685 - INFO - Saved article: ‘Flying to Baramati, will talk tomorrow’: Attendant’s father recalls her last words - The Hindu from The Hindu (583 words)
2026-01-28 11:31:01,207 - INFO - Saved article: Three brothers die after falling in frozen Texas pond from BBC (473 words)
2026-01-28 11:31:01,207 - INFO - [The Guardian] Early skip: URL https://www.theguardian.com/world/2026/jan/26/saudi-arabia-ordered-pay-london-dissident-pegasus-spying-ghanem-al-masarir already exists.
2026-01-28 11:31:01,417 - INFO - [Times of India] Article: https://timesofindia.indiatimes.com/world/pakistan/grave-danger-pti-says-jailed-pakistan-ex-pm-imran-khan-in-danger-of-losing-vision-seeks-shift-to-hospital/articleshow/127700066.cms
2026-01-28 11:31:01,417 - INFO - [Times of India] Attempt 1/1: Trying with 'selenium_browser' strategy...
2026-01-28 11:31:01,418 - INFO - [The Hindu] Article: https://www.thehindu.com/news/national/recycled-ritual-replete-with-hollow-promises-congress-slams-govt-after-president-address-in-parliament/article70560733.ece
2026-01-28 11:31:01,418 - INFO - [The Hindu] Attempt 1/1: Trying with 'selenium_browser' strategy...
2026-01-28 11:31:02,632 - INFO - [BBC] Early skip: URL https://www.bbc.com/news/articles/cy8p1mn3j29o?at_medium=RSS&at_campaign=rss already exists.
2026-01-28 11:31:02,780 - INFO - [Times of India] Page content loaded.
2026-01-28 11:31:02,817 - INFO - [BBC] Early skip: URL https://www.bbc.com/news/articles/cz7y2gy4p24o?at_medium=RSS&at_campaign=rss already exists.
2026-01-28 11:31:02,883 - INFO - [Times of India] Success with 'selenium_browser'. Found content (760 words).
2026-01-28 11:31:03,058 - INFO - [BBC] Early skip: URL https://www.bbc.com/news/articles/cj3vp84j1l3o?at_medium=RSS&at_campaign=rss already exists.
2026-01-28 11:31:21,439 - ERROR - [The Hindu] Request failed for strategy 'selenium_browser' on URL https://www.thehindu.com/news/national/recycled-ritual-replete-with-hollow-promises-congress-slams-govt-after-president-address-in-parliament/article70560733.ece: Message: timeout: Timed out receiving message from renderer: 17.437
  (Session info: chrome=144.0.7559.59)
Stacktrace:
#0 0x55d5e37ff4ba <unknown>
#1 0x55d5e3268492 <unknown>
#2 0x55d5e324fb47 <unknown>
#3 0x55d5e324f756 <unknown>
#4 0x55d5e324d271 <unknown>
#5 0x55d5e324dbff <unknown>
#6 0x55d5e325d150 <unknown>
#7 0x55d5e3277147 <unknown>
#8 0x55d5e327e34b <unknown>
#9 0x55d5e324e369 <unknown>
#10 0x55d5e3276eda <unknown>
#11 0x55d5e3306a78 <unknown>
#12 0x55d5e32af6a2 <unknown>
#13 0x55d5e32b0491 <unknown>
#14 0x55d5e37c5479 <unknown>
#15 0x55d5e37c8391 <unknown>
#16 0x55d5e37b1a89 <unknown>
#17 0x55d5e37c8f4e <unknown>
#18 0x55d5e3798070 <unknown>
#19 0x55d5e37ecca8 <unknown>
#20 0x55d5e37ece78 <unknown>
#21 0x55d5e37fe828 <unknown>
#22 0x7f814809caa4 <unknown>
#23 0x7f8148129c6c <unknown>

2026-01-28 11:31:21,439 - ERROR - [The Hindu] All scrape strategies failed for https://www.thehindu.com/news/national/recycled-ritual-replete-with-hollow-promises-congress-slams-govt-after-president-address-in-parliament/article70560733.ece. Falling back to RSS description.
2026-01-28 11:31:21,439 - WARNING - SKIPPED (GLOBAL WORD LIMIT): Article 'Recycled ritual, replete with hollow promises: Congress slams Govt after President address in Parliament' from The Hindu has only 22 words (Min: 90).
2026-01-28 11:31:52,784 - INFO - Saved article: 'Grave danger': PTI says jailed Pakistan ex-PM Imran Khan in danger of losing vision; seeks shift to hospital - The Times of India from Times of India (760 words)
2026-01-28 11:31:52,784 - INFO - [BBC] Early skip: URL https://www.bbc.com/news/articles/cn0kpk3drgjo?at_medium=RSS&at_campaign=rss already exists.
2026-01-28 11:31:52,998 - INFO - [The Hindu] Article: https://www.thehindu.com/news/national/petitioners-submit-88-not-issued-notices-in-tn-as-objections-phase-ends-on-jan-30-sc-schedules-urgent-hearing-on-jan-29/article70560519.ece
2026-01-28 11:31:52,998 - INFO - [The Hindu] Attempt 1/1: Trying with 'selenium_browser' strategy...
2026-01-28 11:31:52,999 - INFO - [BBC] Early skip: URL https://www.bbc.com/news/articles/crmlpl0w2z2o?at_medium=RSS&at_campaign=rss already exists.
2026-01-28 11:31:53,143 - INFO - [BBC] Early skip: URL https://www.bbc.com/news/articles/cjw1pn4lwjqo?at_medium=RSS&at_campaign=rss already exists.
2026-01-28 11:31:53,247 - INFO - [BBC] Early skip: URL https://www.bbc.com/news/articles/cj3vpe8zme8o?at_medium=RSS&at_campaign=rss already exists.
2026-01-28 11:31:53,356 - INFO - [BBC] Early skip: URL https://www.bbc.com/news/articles/cwy11q1pwpgo?at_medium=RSS&at_campaign=rss already exists.
2026-01-28 11:31:53,527 - INFO - [Times of India] Article: https://timesofindia.indiatimes.com/world/us/zuckerbergs-meta-blocks-info-on-ice-agents-instagram-facebook-threads-censor-links-as-backlash-grows-over-alex-pretti-killing/articleshow/127691118.cms
2026-01-28 11:31:53,527 - INFO - [Times of India] Attempt 1/1: Trying with 'selenium_browser' strategy...
2026-01-28 11:31:53,528 - INFO - [BBC] Early skip: URL https://www.bbc.com/news/articles/c8d0l0g8yz5o?at_medium=RSS&at_campaign=rss already exists.
2026-01-28 11:31:53,660 - INFO - [BBC] Early skip: URL https://www.bbc.com/news/articles/ckgn9q1wp0yo?at_medium=RSS&at_campaign=rss already exists.
2026-01-28 11:31:53,867 - INFO - [BBC] Early skip: URL https://www.bbc.com/news/articles/c62r4g590wqo?at_medium=RSS&at_campaign=rss already exists.
2026-01-28 11:31:54,157 - INFO - [BBC] Early skip: URL https://www.bbc.com/news/articles/cn40j0772vwo?at_medium=RSS&at_campaign=rss already exists.
2026-01-28 11:31:54,438 - INFO - [BBC] Early skip: URL https://www.bbc.com/news/articles/c24g8v6qr1mo?at_medium=RSS&at_campaign=rss already exists.
2026-01-28 11:31:54,737 - INFO - [BBC] Early skip: URL https://www.bbc.com/news/articles/cnvg812n01no?at_medium=RSS&at_campaign=rss already exists.
2026-01-28 11:31:54,947 - INFO - [BBC] Early skip: URL https://www.bbc.com/news/articles/c1w94v205y2o?at_medium=RSS&at_campaign=rss already exists.
2026-01-28 11:31:55,156 - INFO - [BBC] Early skip: URL https://www.bbc.com/news/articles/cj0nmj72v8ro?at_medium=RSS&at_campaign=rss already exists.
2026-01-28 11:31:55,370 - INFO - [BBC] Early skip: URL https://www.bbc.com/news/articles/c99kkerr93ko?at_medium=RSS&at_campaign=rss already exists.
2026-01-28 11:31:55,497 - INFO - [BBC] Early skip: URL https://www.bbc.com/news/articles/c20zjyxep99o?at_medium=RSS&at_campaign=rss already exists.
2026-01-28 11:31:55,668 - INFO - [Times of India] Page content loaded.
2026-01-28 11:31:55,729 - INFO - [BBC] Early skip: URL https://www.bbc.com/news/articles/c9wxx29yknpo?at_medium=RSS&at_campaign=rss already exists.
2026-01-28 11:31:55,745 - INFO - [Times of India] Success with 'selenium_browser'. Found content (222 words).
2026-01-28 11:31:58,342 - INFO - [The Hindu] Page content loaded.
2026-01-28 11:31:58,627 - INFO - [The Hindu] Success with 'selenium_browser'. Found content (636 words).
2026-01-28 11:32:45,585 - INFO - Saved article: Zuckerberg's Meta blocks info on ICE agents: Instagram, Facebook, Threads censor links as backlash grows over Alex Pretti killing - The Times of India from Times of India (222 words)
2026-01-28 11:32:45,586 - INFO - [BBC] Early skip: URL https://www.bbc.com/news/videos/cz0p2xy38d0o?at_medium=RSS&at_campaign=rss already exists.
2026-01-28 11:33:31,388 - INFO - Saved article: Petitioners submit 88% not issued notices in TN as objections phase ends on Jan 30, SC schedules urgent hearing on Jan 29 - The Hindu from The Hindu (636 words)
2026-01-28 11:33:31,388 - INFO - [BBC] Early skip: URL https://www.bbc.com/news/articles/c1m7kde3y3zo?at_medium=RSS&at_campaign=rss already exists.
2026-01-28 11:33:31,506 - INFO - [Times of India] Article: https://timesofindia.indiatimes.com/world/middle-east/uae-unveils-regions-first-biometric-payment-system-using-face-and-palm-scans/articleshow/127697761.cms
2026-01-28 11:33:31,506 - INFO - [Times of India] Attempt 1/1: Trying with 'selenium_browser' strategy...
2026-01-28 11:33:31,506 - INFO - [BBC] Early skip: URL https://www.bbc.com/news/videos/crlepd1pkwxo?at_medium=RSS&at_campaign=rss already exists.
2026-01-28 11:33:32,097 - INFO - [The Hindu] Article: https://www.thehindu.com/news/national/maharashtra/ajit-pawar-sharad-pawars-shadow-to-fadnavis-ally-a-look-at-his-40-year-political-journey/article70560434.ece
2026-01-28 11:33:32,098 - INFO - [The Hindu] Attempt 1/1: Trying with 'selenium_browser' strategy...
2026-01-28 11:33:33,903 - INFO - [Times of India] Page content loaded.
2026-01-28 11:33:33,916 - INFO - [The Hindu] Page content loaded.
2026-01-28 11:33:34,147 - INFO - [Times of India] Success with 'selenium_browser'. Found content (675 words).
2026-01-28 11:33:34,223 - INFO - [The Hindu] Success with 'selenium_browser'. Found content (1660 words).
2026-01-28 11:34:00,875 - CRITICAL - --- TIMEOUT: 2 scrape jobs did not complete in 300s. ---
2026-01-28 11:34:00,875 - ERROR - A thread has timed out and will be abandoned.
2026-01-28 11:34:00,875 - ERROR - A thread has timed out and will be abandoned.
2026-01-28 11:34:00,875 - INFO - Shutting down thread pool (wait=False)...
2026-01-28 11:34:00,875 - INFO - Scraped: 1 BBC, 0 The Guardian, 2 Timed_Out_Jobs articles. (Total saved: 1)
2026-01-28 11:34:00,875 - INFO - --- Scraping job finished ---
2026-01-28 11:34:00,876 - INFO - --- Scraper service stopped and database connection closed. ---
2026-01-28 11:34:00,876 - INFO - --- Main thread finished. Forcing process exit to kill zombie threads. ---
