2026-03-02 22:35:48,542 - INFO - Loading AI Semantic Model (all-MiniLM-L4-v2)...
2026-03-02 22:35:48,543 - INFO - Use pytorch device_name: cpu
2026-03-02 22:35:48,543 - INFO - Load pretrained SentenceTransformer: all-MiniLM-L4-v2
2026-03-02 22:35:48,744 - INFO - HTTP Request: HEAD https://huggingface.co/sentence-transformers/all-MiniLM-L4-v2/resolve/main/modules.json "HTTP/1.1 401 Unauthorized"
2026-03-02 22:35:48,745 - WARNING - No sentence-transformers model found with name sentence-transformers/all-MiniLM-L4-v2. Creating a new one with mean pooling.
2026-03-02 22:35:48,809 - INFO - HTTP Request: HEAD https://huggingface.co/sentence-transformers/all-MiniLM-L4-v2/resolve/main/adapter_config.json "HTTP/1.1 401 Unauthorized"
2026-03-02 22:35:48,810 - CRITICAL - Failed to load AI model: sentence-transformers/all-MiniLM-L4-v2 is not a local folder and is not a valid model identifier listed on 'https://huggingface.co/models'
If this is a private repository, make sure to pass a token having permission to this repo either by logging in with `hf auth login` or by passing `token=<your_token>`. Clustering is disabled.
2026-03-02 22:35:48,810 - INFO - --- Scraper service started (CI Mode: Run Once) ---
2026-03-02 22:35:48,810 - INFO - --- Starting new scraping job (Parallel Mode) ---
2026-03-02 22:35:48,810 - INFO - Creating new robust session with 3 retries on 5xx/connection/read errors.
2026-03-02 22:35:48,810 - INFO - Proxy is DISABLED.
2026-03-02 22:35:48,811 - INFO - Starting scrape for BBC RSS feed: http://feeds.bbci.co.uk/news/world/rss.xml
2026-03-02 22:35:48,811 - INFO - [Times of India] (Thread) requires Selenium. Initializing driver...
2026-03-02 22:35:48,813 - INFO - Starting scrape for TechCrunch RSS feed: https://techcrunch.com/feed/
2026-03-02 22:35:48,814 - INFO - Starting scrape for The Guardian RSS feed: https://www.theguardian.com/world/rss
2026-03-02 22:35:48,815 - INFO - [The Hindu] (Thread) requires Selenium. Initializing driver...
2026-03-02 22:35:48,815 - INFO - Submitted 5 jobs to thread pool. Waiting up to 300s for completion...
2026-03-02 22:35:49,059 - INFO - Found 45 articles in The Guardian RSS feed. Processing until 20 new articles are saved.
2026-03-02 22:35:49,060 - INFO - [The Guardian] Early skip: URL https://www.theguardian.com/world/2026/feb/27/ghana-men-killed-fight-russia-ukraine already exists.
2026-03-02 22:35:49,061 - INFO - [The Guardian] Early skip: URL https://www.theguardian.com/global-development/2026/feb/27/rising-anger-over-lop-sided-immoral-us-health-funding-pacts-africa-countries already exists.
2026-03-02 22:35:49,062 - INFO - [The Guardian] Early skip: URL https://www.theguardian.com/global-development/2026/feb/26/women-arrested-uganda-kissing-public-lgbtq-laws already exists.
2026-03-02 22:35:49,063 - INFO - [The Guardian] Early skip: URL https://www.theguardian.com/world/2026/feb/26/recent-mediterranean-storms-tragedies-spain-portugal-morocco already exists.
2026-03-02 22:35:49,064 - INFO - [The Guardian] Early skip: URL https://www.theguardian.com/global-development/2026/feb/25/zambia-us-health-aid-deal-exploitation-mining-concessions-data-sharing-targets already exists.
2026-03-02 22:35:49,066 - INFO - [The Guardian] Early skip: URL https://www.theguardian.com/world/2026/feb/28/miami-exiled-cubans-speedboat-shootout already exists.
2026-03-02 22:35:49,067 - INFO - [The Guardian] Early skip: URL https://www.theguardian.com/world/2026/feb/28/at-least-15-killed-as-cash-laden-military-cargo-plane-crashes-in-bolivia already exists.
2026-03-02 22:35:49,068 - INFO - [The Guardian] Early skip: URL https://www.theguardian.com/us-news/2026/feb/27/trump-cuba-regime-change already exists.
2026-03-02 22:35:49,069 - INFO - [The Guardian] Early skip: URL https://www.theguardian.com/us-news/2026/feb/27/cbp-border-drone-military-democrats already exists.
2026-03-02 22:35:49,071 - INFO - [The Guardian] Early skip: URL https://www.theguardian.com/world/2026/feb/27/argentina-labor-law-overhaul already exists.
2026-03-02 22:35:49,072 - INFO - [The Guardian] Early skip: URL https://www.theguardian.com/world/2026/mar/02/new-caledonia-shark-attack-culling already exists.
2026-03-02 22:35:49,073 - INFO - [The Guardian] Early skip: URL https://www.theguardian.com/world/2026/feb/28/bangkok-police-arrests-in-disguise already exists.
2026-03-02 22:35:49,074 - INFO - [The Guardian] Early skip: URL https://www.theguardian.com/world/2026/feb/27/north-korea-kim-jong-un-daughter-ju-ae-succession already exists.
2026-03-02 22:35:49,076 - INFO - [The Guardian] Early skip: URL https://www.theguardian.com/australia-news/2026/feb/27/boss-of-theatre-hosting-chinese-dance-group-shen-yun-in-sydney-wont-be-intimidated-by-outrageous-threats already exists.
2026-03-02 22:35:49,077 - INFO - [The Guardian] Early skip: URL https://www.theguardian.com/world/2026/feb/26/jacinda-ardern-living-in-australia-former-nz-new-zealand-pm already exists.
2026-03-02 22:35:49,078 - INFO - [The Guardian] Early skip: URL https://www.theguardian.com/australia-news/live/2026/mar/03/australia-politics-live-anthony-albanese-mark-carney-iran-parliament-question-time-angus-taylor-pauline-hanson-jim-chalmers-rba-interest-rates-cost-of-living-inflation-ntwnfb already exists.
2026-03-02 22:35:49,080 - INFO - [The Guardian] Early skip: URL https://www.theguardian.com/business/2026/mar/02/australia-gender-pay-gap-men-top-salaries already exists.
2026-03-02 22:35:49,081 - INFO - [The Guardian] Early skip: URL https://www.theguardian.com/australia-news/2026/mar/03/strip-searches-should-be-banned-prisons-australia-advocates-say-ntwnfb already exists.
2026-03-02 22:35:49,082 - INFO - [The Guardian] Early skip: URL https://www.theguardian.com/australia-news/2026/mar/02/victoria-wfh-law-work-from-home-jacinta-allan already exists.
2026-03-02 22:35:49,083 - INFO - [The Guardian] Early skip: URL https://www.theguardian.com/australia-news/2026/mar/02/sydney-new-suburb-bays-west-glebe-island already exists.
2026-03-02 22:35:49,085 - INFO - [The Guardian] Early skip: URL https://www.theguardian.com/world/2026/mar/02/france-increase-nuclear-arsenal-european-weapons-cooperation-macron-says already exists.
2026-03-02 22:35:49,086 - INFO - [The Guardian] Early skip: URL https://www.theguardian.com/world/2026/mar/02/islam-scholar-tariq-ramadan-goes-on-trial-in-paris-accused-of-raping-three-women already exists.
2026-03-02 22:35:49,087 - INFO - [The Guardian] Early skip: URL https://www.theguardian.com/world/2026/mar/02/uk-airbase-raf-akrotiri-cyprus-suspected-drone-strike already exists.
2026-03-02 22:35:49,088 - INFO - [The Guardian] Early skip: URL https://www.theguardian.com/world/live/2026/mar/02/eu-response-middle-east-conflict-evacuate-citizens-europe-live-latest-news already exists.
2026-03-02 22:35:49,089 - INFO - [The Guardian] Early skip: URL https://www.theguardian.com/world/2026/mar/02/spain-denies-united-states-permission-military-bases-iran-pedro-sanchez already exists.
2026-03-02 22:35:49,091 - INFO - [The Guardian] Early skip: URL https://www.theguardian.com/world/live/2026/mar/02/us-israel-war-iran-live-updates-attacks-strikes-tehran-lebanon-beirut-hezbollah-dubai-latest-news already exists.
2026-03-02 22:35:49,092 - INFO - [The Guardian] Early skip: URL https://www.theguardian.com/us-news/live/2026/mar/02/democrats-to-force-vote-in-congress-to-limit-trumps-war-powers-against-iran-us-politics-live already exists.
2026-03-02 22:35:49,093 - INFO - [The Guardian] Early skip: URL https://www.theguardian.com/world/2026/mar/02/iran-unleashes-hundreds-of-drones-aimed-at-targets-across-middle-east already exists.
2026-03-02 22:35:49,094 - INFO - [The Guardian] Early skip: URL https://www.theguardian.com/us-news/2026/mar/02/trump-war-iran already exists.
2026-03-02 22:35:49,096 - INFO - [The Guardian] Early skip: URL https://www.theguardian.com/world/2026/mar/02/flights-cancelled-middle-east-travel-chaos-us-israeli-iran-conflictflights-cancelled-middle-east-travel-chaos-us-israeli-iran-conflict already exists.
2026-03-02 22:35:49,097 - INFO - [The Guardian] Early skip: URL https://www.theguardian.com/world/2026/mar/02/afghanistan-pakistan-airstrikes-bagram-airbase already exists.
2026-03-02 22:35:49,098 - INFO - [The Guardian] Early skip: URL https://www.theguardian.com/world/2026/feb/28/us-backs-pakistans-right-to-defend-itself-against-taliban-after-strikes-on-afghanistan already exists.
2026-03-02 22:35:49,099 - INFO - [The Guardian] Early skip: URL https://www.theguardian.com/world/2026/feb/27/pakistan-miscalculation-taliban-afghanistan already exists.
2026-03-02 22:35:49,100 - INFO - [The Guardian] Early skip: URL https://www.theguardian.com/world/2026/feb/27/pakistan-declares-state-of-open-war-after-bombing-major-afghan-cities already exists.
2026-03-02 22:35:49,102 - INFO - [The Guardian] Early skip: URL https://www.theguardian.com/world/live/2026/feb/27/pakistan-afghanistan-taliban-war-cross-border-kabul-latest-news-updates already exists.
2026-03-02 22:35:49,103 - INFO - [The Guardian] Early skip: URL https://www.theguardian.com/politics/2026/mar/02/starmer-vows-to-avoid-mistakes-of-iraq-that-has-haunted-labour-for-decades already exists.
2026-03-02 22:35:49,104 - INFO - [The Guardian] Early skip: URL https://www.theguardian.com/world/2026/mar/02/shabana-mahmood-refugee-status-change-may-undermine-legal-obligations-law-society already exists.
2026-03-02 22:35:49,105 - INFO - [The Guardian] Early skip: URL https://www.theguardian.com/business/2026/mar/02/maritime-insurers-war-risk-cover-gulf-iran-shipping-strait-of-hormuz already exists.
2026-03-02 22:35:49,106 - INFO - [The Guardian] Early skip: URL https://www.theguardian.com/technology/2026/mar/02/uk-companies-middle-east-cyber-threat-iran-hacktivists already exists.
2026-03-02 22:35:49,108 - INFO - [The Guardian] Early skip: URL https://www.theguardian.com/business/2026/mar/02/brewdog-us-cannabis-drinks-500-jobs already exists.
2026-03-02 22:35:49,110 - INFO - [The Guardian] Article: https://www.theguardian.com/us-news/2026/mar/02/ryan-zinke-montana-us-house
2026-03-02 22:35:49,110 - INFO - [The Guardian] Attempt 1/1: Trying with 'requests_browser' strategy...
2026-03-02 22:35:49,257 - INFO - Found 34 articles in BBC RSS feed. Processing until 20 new articles are saved.
2026-03-02 22:35:49,258 - INFO - [BBC] Early skip: URL https://www.bbc.com/news/articles/c5y4v8g13wxo?at_medium=RSS&at_campaign=rss already exists.
2026-03-02 22:35:49,259 - INFO - [BBC] Early skip: URL https://www.bbc.com/news/articles/cx2jyv3jp01o?at_medium=RSS&at_campaign=rss already exists.
2026-03-02 22:35:49,263 - INFO - [BBC] Early skip: URL https://www.bbc.com/news/articles/cj4zlnezrl7o?at_medium=RSS&at_campaign=rss already exists.
2026-03-02 22:35:49,265 - INFO - [BBC] Early skip: URL https://www.bbc.com/news/articles/cx24gl7jrgno?at_medium=RSS&at_campaign=rss already exists.
2026-03-02 22:35:49,266 - INFO - [BBC] Early skip: URL https://www.bbc.com/news/articles/c0mgkvy4wr8o?at_medium=RSS&at_campaign=rss already exists.
2026-03-02 22:35:49,267 - INFO - [BBC] Early skip: URL https://www.bbc.com/news/articles/c1kgln0yg3po?at_medium=RSS&at_campaign=rss already exists.
2026-03-02 22:35:49,271 - INFO - [BBC] Early skip: URL https://www.bbc.com/news/articles/c8r137lkj5zo?at_medium=RSS&at_campaign=rss already exists.
2026-03-02 22:35:49,272 - INFO - [BBC] Early skip: URL https://www.bbc.com/news/articles/c75evve6l63o?at_medium=RSS&at_campaign=rss already exists.
2026-03-02 22:35:49,274 - INFO - [BBC] Early skip: URL https://www.bbc.com/news/articles/c05v0ln6nq3o?at_medium=RSS&at_campaign=rss already exists.
2026-03-02 22:35:49,275 - INFO - [The Guardian] Success with 'requests_browser'. Found content (323 words).
2026-03-02 22:35:49,280 - INFO - [BBC] Early skip: URL https://www.bbc.com/news/articles/cgjznzgly0po?at_medium=RSS&at_campaign=rss already exists.
2026-03-02 22:35:49,297 - INFO - [BBC] Early skip: URL https://www.bbc.com/news/articles/cj3286ym802o?at_medium=RSS&at_campaign=rss already exists.
2026-03-02 22:35:49,317 - INFO - [BBC] Early skip: URL https://www.bbc.com/news/articles/c0j59vydxj9o?at_medium=RSS&at_campaign=rss already exists.
2026-03-02 22:35:49,325 - INFO - Saved article: Republican Ryan Zinke to step down as US congressman | Republicans | The Guardian from The Guardian (323 words)
2026-03-02 22:35:49,325 - INFO - [BBC] Early skip: URL https://www.bbc.com/news/articles/c5y6jvlv83ro?at_medium=RSS&at_campaign=rss already exists.
2026-03-02 22:35:49,329 - INFO - [BBC] Early skip: URL https://www.bbc.com/news/articles/cp81wegj123o?at_medium=RSS&at_campaign=rss already exists.
2026-03-02 22:35:49,330 - INFO - [BBC] Early skip: URL https://www.bbc.com/news/articles/c875rjd990go?at_medium=RSS&at_campaign=rss already exists.
2026-03-02 22:35:49,331 - INFO - [BBC] Early skip: URL https://www.bbc.com/news/articles/cx2lgvg5rl1o?at_medium=RSS&at_campaign=rss already exists.
2026-03-02 22:35:49,332 - INFO - [BBC] Early skip: URL https://www.bbc.com/news/articles/cgjzdlx983po?at_medium=RSS&at_campaign=rss already exists.
2026-03-02 22:35:49,334 - INFO - [BBC] Early skip: URL https://www.bbc.com/news/articles/clyzklvk79yo?at_medium=RSS&at_campaign=rss already exists.
2026-03-02 22:35:49,335 - INFO - [BBC] Early skip: URL https://www.bbc.com/news/articles/c0lj18d5lx3o?at_medium=RSS&at_campaign=rss already exists.
2026-03-02 22:35:49,336 - INFO - [BBC] Early skip: URL https://www.bbc.com/news/articles/c86y5540vnno?at_medium=RSS&at_campaign=rss already exists.
2026-03-02 22:35:49,337 - INFO - [BBC] Early skip: URL https://www.bbc.com/news/articles/c3gdnpjvj4ko?at_medium=RSS&at_campaign=rss already exists.
2026-03-02 22:35:49,339 - INFO - [BBC] Early skip: URL https://www.bbc.com/news/articles/cgqgl3j5nj4o?at_medium=RSS&at_campaign=rss already exists.
2026-03-02 22:35:49,341 - INFO - [BBC] Early skip: URL https://www.bbc.com/news/articles/cwy8ppn4142o?at_medium=RSS&at_campaign=rss already exists.
2026-03-02 22:35:49,342 - INFO - [BBC] Early skip: URL https://www.bbc.com/news/articles/cdr268m5pxro?at_medium=RSS&at_campaign=rss already exists.
2026-03-02 22:35:49,343 - INFO - [BBC] Early skip: URL https://www.bbc.com/news/articles/c9q5wdeg4j8o?at_medium=RSS&at_campaign=rss already exists.
2026-03-02 22:35:49,346 - INFO - [BBC] Early skip: URL https://www.bbc.com/news/articles/c20j5n2w4q6o?at_medium=RSS&at_campaign=rss already exists.
2026-03-02 22:35:49,349 - INFO - [BBC] Early skip: URL https://www.bbc.com/news/articles/cdjmrxkwk3mo?at_medium=RSS&at_campaign=rss already exists.
2026-03-02 22:35:49,350 - INFO - [BBC] Early skip: URL https://www.bbc.com/news/articles/cp85jdqdyq7o?at_medium=RSS&at_campaign=rss already exists.
2026-03-02 22:35:49,351 - INFO - [BBC] Article: https://www.bbc.com/news/videos/cvgjnv2y90wo?at_medium=RSS&at_campaign=rss
2026-03-02 22:35:49,351 - INFO - [BBC] Attempt 1/1: Trying with 'requests_browser' strategy...
2026-03-02 22:35:49,725 - WARNING - [BBC] FAILED with 'requests_browser' (content was too short: 65 words).
2026-03-02 22:35:49,725 - ERROR - [BBC] All scrape strategies failed for https://www.bbc.com/news/videos/cvgjnv2y90wo?at_medium=RSS&at_campaign=rss. Falling back to RSS description.
2026-03-02 22:35:49,725 - WARNING - SKIPPED (GLOBAL WORD LIMIT): Article 'Watch: How the US-Israel war with Iran is jeopardising shipping' from BBC has only 20 words (Min: 90).
2026-03-02 22:35:49,851 - INFO - Found 0 articles in TechCrunch RSS feed. Processing until 20 new articles are saved.
2026-03-02 22:35:50,572 - INFO - [The Guardian] Article: https://www.theguardian.com/us-news/2026/mar/02/ron-desantis-12-million-on-alligator-alcatraz
2026-03-02 22:35:50,572 - INFO - [The Guardian] Attempt 1/1: Trying with 'requests_browser' strategy...
2026-03-02 22:35:50,729 - INFO - [The Guardian] Success with 'requests_browser'. Found content (611 words).
2026-03-02 22:35:50,784 - INFO - Saved article: Ron DeSantis spent $1.2m per day to open and operate ‘Alligator Alcatraz’ | Ron DeSantis | The Guardian from The Guardian (611 words)
2026-03-02 22:35:51,197 - INFO - [BBC] Early skip: URL https://www.bbc.com/news/videos/cn71jg14dnyo?at_medium=RSS&at_campaign=rss already exists.
2026-03-02 22:35:51,199 - INFO - [BBC] Article: https://www.bbc.com/news/videos/ce8wed33e07o?at_medium=RSS&at_campaign=rss
2026-03-02 22:35:51,199 - INFO - [BBC] Attempt 1/1: Trying with 'requests_browser' strategy...
2026-03-02 22:35:51,262 - WARNING - [BBC] FAILED with 'requests_browser' (content was too short: 86 words).
2026-03-02 22:35:51,262 - ERROR - [BBC] All scrape strategies failed for https://www.bbc.com/news/videos/ce8wed33e07o?at_medium=RSS&at_campaign=rss. Falling back to RSS description.
2026-03-02 22:35:51,263 - WARNING - SKIPPED (GLOBAL WORD LIMIT): Article 'Watch: Video appears to show US F-15 fighter jet crashing in Kuwait' from BBC has only 23 words (Min: 90).
2026-03-02 22:35:51,986 - INFO - [BBC] Early skip: URL https://www.bbc.com/news/videos/cvgk8vj56v1o?at_medium=RSS&at_campaign=rss already exists.
2026-03-02 22:35:51,988 - INFO - [BBC] Article: https://www.bbc.com/news/videos/clyxdnxe1qvo?at_medium=RSS&at_campaign=rss
2026-03-02 22:35:51,988 - INFO - [BBC] Attempt 1/1: Trying with 'requests_browser' strategy...
2026-03-02 22:35:52,050 - WARNING - [BBC] FAILED with 'requests_browser' (content was too short: 89 words).
2026-03-02 22:35:52,050 - ERROR - [BBC] All scrape strategies failed for https://www.bbc.com/news/videos/clyxdnxe1qvo?at_medium=RSS&at_campaign=rss. Falling back to RSS description.
2026-03-02 22:35:52,050 - WARNING - SKIPPED (GLOBAL WORD LIMIT): Article 'Watch: Moment Iran's state TV announces Supreme Leader has been killed' from BBC has only 13 words (Min: 90).
2026-03-02 22:35:52,111 - INFO - [The Guardian] Article: https://www.theguardian.com/us-news/2026/mar/02/clintons-epstein-testimony-released
2026-03-02 22:35:52,111 - INFO - [The Guardian] Attempt 1/1: Trying with 'requests_browser' strategy...
2026-03-02 22:35:52,269 - INFO - [The Guardian] Success with 'requests_browser'. Found content (206 words).
2026-03-02 22:35:52,460 - INFO - Saved article: US House committee releases videos of the Clintons’ Epstein testimonies | US politics | The Guardian from The Guardian (206 words)
2026-03-02 22:35:52,566 - INFO - [BBC] Early skip: URL https://www.bbc.com/news/videos/clyv5rnd8r0o?at_medium=RSS&at_campaign=rss already exists.
2026-03-02 22:35:53,444 - INFO - [The Guardian] Early skip: URL https://www.theguardian.com/business/2026/mar/02/us-markets-war-iran already exists.
2026-03-02 22:35:53,445 - INFO - [The Guardian] Early skip: URL https://www.theguardian.com/world/2026/mar/02/iran-attack-fourth-us-service-member-killed already exists.
2026-03-02 22:35:55,576 - INFO - Selenium driver initialized successfully.
2026-03-02 22:35:55,576 - INFO - Starting scrape for The Hindu RSS feed: https://www.thehindu.com/news/national/feeder/default.rss
2026-03-02 22:35:55,577 - INFO - Selenium driver initialized successfully.
2026-03-02 22:35:55,578 - INFO - Starting scrape for Times of India RSS feed: https://timesofindia.indiatimes.com/rssfeeds/296589292.cms
2026-03-02 22:35:55,730 - INFO - Found 100 articles in The Hindu RSS feed. Processing until 20 new articles are saved.
2026-03-02 22:35:55,730 - INFO - [The Hindu] Early skip: URL https://www.thehindu.com/news/national/preparations-started-for-the-by-election-in-tripura-assembly-seat/article70696035.ece already exists.
2026-03-02 22:35:55,732 - INFO - [The Hindu] Early skip: URL https://www.thehindu.com/news/national/bihar/race-heats-up-for-bihars-five-rs-seats-with-rjd-entry/article70695528.ece already exists.
2026-03-02 22:35:55,733 - INFO - [The Hindu] Early skip: URL https://www.thehindu.com/news/national/jharkhand/jharkhand-cm-urges-pm-to-ensure-safe-return-of-stranded-indians-from-gulf-nations/article70696981.ece already exists.
2026-03-02 22:35:55,735 - INFO - [The Hindu] Article: https://www.thehindu.com/news/cities/chennai/super-tree-getting-ready-at-kalaignar-poonga/article70696409.ece
2026-03-02 22:35:55,735 - INFO - [The Hindu] Attempt 1/1: Trying with 'selenium_browser' strategy...
2026-03-02 22:35:55,880 - INFO - Found 20 articles in Times of India RSS feed. Processing until 20 new articles are saved.
2026-03-02 22:35:55,881 - INFO - [Times of India] Article: https://timesofindia.indiatimes.com/world/us/she-votes-for-herself-becomes-mayor-and-approves-her-own-liquor-licence-inside-americas-town-of-one/articleshow/128954870.cms
2026-03-02 22:35:55,881 - INFO - [Times of India] Attempt 1/1: Trying with 'selenium_browser' strategy...
2026-03-02 22:36:15,876 - ERROR - [The Hindu] Request failed for strategy 'selenium_browser' on URL https://www.thehindu.com/news/cities/chennai/super-tree-getting-ready-at-kalaignar-poonga/article70696409.ece: Message: timeout: Timed out receiving message from renderer: 19.750
  (Session info: chrome=145.0.7632.116)
Stacktrace:
#0 0x55ecede7ab6a <unknown>
#1 0x55eced88da32 <unknown>
#2 0x55eced875007 <unknown>
#3 0x55eced874c16 <unknown>
#4 0x55eced872731 <unknown>
#5 0x55eced8730bf <unknown>
#6 0x55eced882560 <unknown>
#7 0x55eced89c707 <unknown>
#8 0x55eced8a38db <unknown>
#9 0x55eced873829 <unknown>
#10 0x55eced89c49c <unknown>
#11 0x55eced92b6e1 <unknown>
#12 0x55eced8d4c0f <unknown>
#13 0x55eced8d59d1 <unknown>
#14 0x55ecede3f6b9 <unknown>
#15 0x55ecede425c1 <unknown>
#16 0x55ecede2be29 <unknown>
#17 0x55ecede4317e <unknown>
#18 0x55ecede124b0 <unknown>
#19 0x55ecede67578 <unknown>
#20 0x55ecede6774b <unknown>
#21 0x55ecede791a3 <unknown>
#22 0x7f9d6849caa4 <unknown>
#23 0x7f9d68529c6c <unknown>

2026-03-02 22:36:15,876 - ERROR - [The Hindu] All scrape strategies failed for https://www.thehindu.com/news/cities/chennai/super-tree-getting-ready-at-kalaignar-poonga/article70696409.ece. Falling back to RSS description.
2026-03-02 22:36:15,876 - WARNING - SKIPPED (GLOBAL WORD LIMIT): Article 'Super tree getting ready at Kalaignar Poonga' from The Hindu has only 3 words (Min: 90).
2026-03-02 22:36:16,902 - INFO - [The Hindu] Early skip: URL https://www.thehindu.com/news/national/tamil-nadu/palaniswami-meets-shah-in-delhi-discusses-seat-sharing/article70696839.ece already exists.
2026-03-02 22:36:16,903 - INFO - [The Hindu] Early skip: URL https://www.thehindu.com/news/national/tamil-nadu/cm-urges-union-govtto-grant-approvalfor-archaeological-excavations-in-state/article70696898.ece already exists.
2026-03-02 22:36:16,905 - INFO - [The Hindu] Early skip: URL https://www.thehindu.com/news/national/india-pitches-to-join-future-combat-air-system-with-france/article70696418.ece already exists.
2026-03-02 22:36:16,908 - INFO - [The Hindu] Early skip: URL https://www.thehindu.com/news/national/tamil-nadu/madras-high-court-dismisses-plea-against-animal-slaughter-in-retail-meat-shops/article70696319.ece already exists.
2026-03-02 22:36:16,909 - INFO - [The Hindu] Early skip: URL https://www.thehindu.com/news/national/kerala/cipmc-in-ernakulam-organises-awareness-programme-on-pest-surveillance-system/article70696560.ece already exists.
2026-03-02 22:36:16,914 - INFO - [The Hindu] Early skip: URL https://www.thehindu.com/news/national/kerala/ernakulam-rural-police-seize-over-100-kg-of-ganja-in-three-weeks/article70696193.ece already exists.
2026-03-02 22:36:16,915 - INFO - [The Hindu] Early skip: URL https://www.thehindu.com/news/national/karnataka/internal-quota-dalit-left-communities-and-sts-gear-up-for-protests-in-karnataka/article70696593.ece already exists.
2026-03-02 22:36:16,917 - INFO - [The Hindu] Early skip: URL https://www.thehindu.com/news/national/indigo-to-operate-10-relief-flights-to-jeddah-air-india-express-restarts-oman-services/article70696774.ece already exists.
2026-03-02 22:36:16,918 - INFO - [The Hindu] Early skip: URL https://www.thehindu.com/news/national/telangana/ghmcs-first-post-dissolution-meeting-approves-30-proposals/article70696452.ece already exists.
2026-03-02 22:36:16,920 - INFO - [The Hindu] Early skip: URL https://www.thehindu.com/news/national/karnataka/archakas-federation-demands-increase-in-thasthik-in-karnataka/article70696303.ece already exists.
2026-03-02 22:36:16,921 - INFO - [The Hindu] Early skip: URL https://www.thehindu.com/news/national/chhattisgarh/chhattisgarh-private-schools-face-off-with-government-over-rte-reimbursement-announce-non-cooperation/article70696412.ece already exists.
2026-03-02 22:36:16,923 - INFO - [The Hindu] Early skip: URL https://www.thehindu.com/news/national/iran-israel-war-first-indian-casualty-reported-pm-modi-speaks-to-gulf-leaders-safety-of-indians/article70696595.ece already exists.
2026-03-02 22:36:16,924 - INFO - [The Hindu] Early skip: URL https://www.thehindu.com/news/national/tamil-got-wide-global-recognition-under-modi-government-says-cp-radhakrishnan/article70696568.ece already exists.
2026-03-02 22:36:16,925 - INFO - [The Hindu] Early skip: URL https://www.thehindu.com/news/national/uttar-pradesh/religious-leader-announces-gau-pratistha-dharmayuddh-march-to-lucknow/article70695890.ece already exists.
2026-03-02 22:36:16,927 - INFO - [The Hindu] Early skip: URL https://www.thehindu.com/news/national/maharashtra/toxic-gas-leaks-from-palghar-chemical-unit-2600-evacuated-3-persons-complain-of-eye-irritation/article70696591.ece already exists.
2026-03-02 22:36:16,928 - INFO - [The Hindu] Early skip: URL https://www.thehindu.com/news/national/karnataka/senior-executive-of-a-private-hospital-booked-for-rape/article70696559.ece already exists.
2026-03-02 22:36:16,930 - INFO - [The Hindu] Early skip: URL https://www.thehindu.com/news/national/tamil-nadu/madras-high-court-sets-aside-order-to-extend-thalikku-thangam-scheme-to-those-who-earn-up-to-12000-a-month/article70695569.ece already exists.
2026-03-02 22:36:16,932 - INFO - [The Hindu] Early skip: URL https://www.thehindu.com/news/national/andhra-pradesh/bank-retirees-stage-dharna-in-vijayawada-over-failure-to-update-pensions/article70696712.ece already exists.
2026-03-02 22:36:16,934 - INFO - [The Hindu] Early skip: URL https://www.thehindu.com/news/national/karnataka/peace-is-not-only-a-moral-imperative-it-is-an-economic-necessity/article70696608.ece already exists.
2026-03-02 22:36:16,935 - INFO - [The Hindu] Early skip: URL https://www.thehindu.com/news/national/telangana/congress-says-ktr-suffering-from-corruption-jaundice/article70696754.ece already exists.
2026-03-02 22:36:16,938 - INFO - [The Hindu] Early skip: URL https://www.thehindu.com/news/national/ed-attaches-assets-worth-1810-crore-in-illegal-betting-app-case/article70695630.ece already exists.
2026-03-02 22:36:16,939 - INFO - [The Hindu] Early skip: URL https://www.thehindu.com/sci-tech/health/supreme-court-to-look-into-feasibility-of-nat-for-blood-transfusion/article70696607.ece already exists.
2026-03-02 22:36:16,940 - INFO - [The Hindu] Early skip: URL https://www.thehindu.com/news/national/telangana/buddhavanam-will-be-developed-as-global-centre-for-peace-and-spiritual-tourism-says-jupally-krishna-rao/article70696570.ece already exists.
2026-03-02 22:36:16,942 - INFO - [The Hindu] Early skip: URL https://www.thehindu.com/news/national/telangana/congress-will-seek-power-with-public-consent-and-not-by-spreading-hate-rahul-gandhi/article70696683.ece already exists.
2026-03-02 22:36:16,944 - INFO - [The Hindu] Early skip: URL https://www.thehindu.com/news/national/west-bengal/post-sir-centre-forms-two-more-panels-to-fast-track-caa-applications-in-west-bengal/article70696163.ece already exists.
2026-03-02 22:36:16,945 - INFO - [The Hindu] Early skip: URL https://www.thehindu.com/news/national/andhra-pradesh/andhra-pradesh-sees-44-drop-in-crimes-against-women-says-home-minister/article70696620.ece already exists.
2026-03-02 22:36:16,947 - INFO - [The Hindu] Early skip: URL https://www.thehindu.com/news/cities/Hyderabad/hysea-to-host-annual-summit-on-march-5/article70696556.ece already exists.
2026-03-02 22:36:16,949 - INFO - [The Hindu] Early skip: URL https://www.thehindu.com/news/national/west-bengal/amit-shah-promises-seventh-pay-commission-to-west-bengal-government-employees/article70695917.ece already exists.
2026-03-02 22:36:16,954 - INFO - [The Hindu] Early skip: URL https://www.thehindu.com/news/national/karnataka/reshme-krishi-mela-to-be-held-in-mysuru-on-march-3/article70696358.ece already exists.
2026-03-02 22:36:16,955 - INFO - [The Hindu] Early skip: URL https://www.thehindu.com/news/national/karnataka/docs-health-staff-threaten-strike-from-march-16-opd-services-to-be-hit/article70696239.ece already exists.
2026-03-02 22:36:16,962 - INFO - [The Hindu] Early skip: URL https://www.thehindu.com/news/national/karnataka/begin-road-works-at-the-earliest-in-the-city-minister-mahadevappa-instructs-officials/article70696305.ece already exists.
2026-03-02 22:36:16,963 - INFO - [The Hindu] Early skip: URL https://www.thehindu.com/news/cities/Hyderabad/fund-to-promote-women-youth-led-rural-enterprises-launched-entries-invited/article70696527.ece already exists.
2026-03-02 22:36:16,965 - INFO - [The Hindu] Early skip: URL https://www.thehindu.com/news/national/andhra-pradesh/left-parties-stage-protest-condemn-us-israel-attack-on-iran/article70696519.ece already exists.
2026-03-02 22:36:16,967 - INFO - [The Hindu] Early skip: URL https://www.thehindu.com/news/national/karnataka/gangrape-accused-had-allegedly-organised-multiple-parties-earlier-too/article70694906.ece already exists.
2026-03-02 22:36:16,971 - INFO - [The Hindu] Early skip: URL https://www.thehindu.com/news/national/andhra-pradesh/elderly-woman-thanks-collector-for-swift-property-restoration-in-nellore/article70696300.ece already exists.
2026-03-02 22:36:16,973 - INFO - [The Hindu] Early skip: URL https://www.thehindu.com/news/national/kerala/passport-office-in-kochi-receives-hoax-bomb-threat/article70696454.ece already exists.
2026-03-02 22:36:16,974 - INFO - [The Hindu] Early skip: URL https://www.thehindu.com/news/national/karnataka/steps-taken-to-ensure-peaceful-holi-in-belagavi-district/article70696468.ece already exists.
2026-03-02 22:36:16,976 - INFO - [The Hindu] Article: https://www.thehindu.com/news/national/andhra-pradesh/k-vijayanand-takes-charge-as-ex-officio-special-cs-to-cm/article70695664.ece
2026-03-02 22:36:16,976 - INFO - [The Hindu] Attempt 1/1: Trying with 'selenium_browser' strategy...
2026-03-02 22:36:30,942 - ERROR - [Times of India] Request failed for strategy 'selenium_browser' on URL https://timesofindia.indiatimes.com/world/us/she-votes-for-herself-becomes-mayor-and-approves-her-own-liquor-licence-inside-americas-town-of-one/articleshow/128954870.cms: Message: timeout: Timed out receiving message from renderer: 19.896
  (Session info: chrome=145.0.7632.116)
Stacktrace:
#0 0x557cfdc83b6a <unknown>
#1 0x557cfd696a32 <unknown>
#2 0x557cfd67e007 <unknown>
#3 0x557cfd67dc16 <unknown>
#4 0x557cfd67b731 <unknown>
#5 0x557cfd67c0bf <unknown>
#6 0x557cfd68b560 <unknown>
#7 0x557cfd6a5707 <unknown>
#8 0x557cfd6ac8db <unknown>
#9 0x557cfd67c829 <unknown>
#10 0x557cfd6a549c <unknown>
#11 0x557cfd7346e1 <unknown>
#12 0x557cfd6ddc0f <unknown>
#13 0x557cfd6de9d1 <unknown>
#14 0x557cfdc486b9 <unknown>
#15 0x557cfdc4b5c1 <unknown>
#16 0x557cfdc34e29 <unknown>
#17 0x557cfdc4c17e <unknown>
#18 0x557cfdc1b4b0 <unknown>
#19 0x557cfdc70578 <unknown>
#20 0x557cfdc7074b <unknown>
#21 0x557cfdc821a3 <unknown>
#22 0x7f43c2a9caa4 <unknown>
#23 0x7f43c2b29c6c <unknown>

2026-03-02 22:36:30,943 - ERROR - [Times of India] All scrape strategies failed for https://timesofindia.indiatimes.com/world/us/she-votes-for-herself-becomes-mayor-and-approves-her-own-liquor-licence-inside-americas-town-of-one/articleshow/128954870.cms. Falling back to RSS description.
2026-03-02 22:36:30,943 - WARNING - SKIPPED (GLOBAL WORD LIMIT): Article 'She votes for herself, becomes mayor and approves her own liquor licence: Inside America’s town of one' from Times of India has only 55 words (Min: 90).
2026-03-02 22:36:32,163 - INFO - [Times of India] Early skip: URL https://timesofindia.indiatimes.com/entertainment/english/hollywood/is-that-really-jim-carrey-actor-breaks-silence-after-hyper-realistic-makeup-artist-mask-post-goes-viral/articleshow/128954460.cms already exists.
2026-03-02 22:36:32,164 - INFO - [Times of India] Early skip: URL https://timesofindia.indiatimes.com/nri/dubai-born-indian-founder-trolled-for-long-live-uae-post-mocking-nris-isnt-going-to-help/articleshow/128954730.cms already exists.
2026-03-02 22:36:32,166 - INFO - [Times of India] Early skip: URL https://timesofindia.indiatimes.com/world/us/high-level-updates-from-middle-east-indian-origin-investor-says-she-spent-2-hours-with-trump-before-us-struck-iran/articleshow/128953894.cms already exists.
2026-03-02 22:36:32,167 - INFO - [Times of India] Early skip: URL https://timesofindia.indiatimes.com/world/us/dont-drink-too-much-nancy-mace-says-her-heart-goes-out-to-ilhan-omar-as-khamenei-is-killed/articleshow/128952193.cms already exists.
2026-03-02 22:36:32,168 - INFO - [Times of India] Early skip: URL https://timesofindia.indiatimes.com/world/middle-east/usisrael-war-with-iran-did-iranian-state-media-post-ayatollah-ali-khamenei-in-heaven-with-72-virgins/articleshow/128951877.cms already exists.
2026-03-02 22:36:32,169 - INFO - [Times of India] Early skip: URL https://timesofindia.indiatimes.com/world/us/dog-bless-barron-satire-website-calls-for-presidents-son-barron-trump-to-go-to-war/articleshow/128951176.cms already exists.
2026-03-02 22:36:32,171 - INFO - [Times of India] Early skip: URL https://timesofindia.indiatimes.com/world/us/us-israel-war-with-iran-a-beginners-guide-to-how-hamas-terror-attack-on-oct-7-changed-the-middle-east/articleshow/128951093.cms already exists.
2026-03-02 22:36:32,172 - INFO - [Times of India] Early skip: URL https://timesofindia.indiatimes.com/world/us/right-time-to-stay-in-india-h-1b-redditor-asks-if-people-working-in-india-are-saving-more-than-those-in-us/articleshow/128950576.cms already exists.
2026-03-02 22:36:32,173 - INFO - [Times of India] Early skip: URL https://timesofindia.indiatimes.com/world/us/pakistani-connection-of-texas-medical-board-members-on-radar-dual-role-advising-foreign-students/articleshow/128949204.cms already exists.
2026-03-02 22:36:32,174 - INFO - [Times of India] Early skip: URL https://timesofindia.indiatimes.com/world/uk/edinburgh-horror-man-armed-with-blood-stained-knives-leaves-2-injured-schools-closed/articleshow/128948068.cms already exists.
2026-03-02 22:36:32,176 - INFO - [Times of India] Early skip: URL https://timesofindia.indiatimes.com/world/middle-east/us-israel-war-with-iran-iranians-celebrate-with-ymca-dance-with-us-israel-and-iran-flags-after-khameneis-death/articleshow/128947935.cms already exists.
2026-03-02 22:36:32,177 - INFO - [Times of India] Early skip: URL https://timesofindia.indiatimes.com/world/rest-of-world/how-switzerland-became-the-worlds-most-nuclear-bunker-ready-nation/articleshow/128944146.cms already exists.
2026-03-02 22:36:32,178 - INFO - [Times of India] Early skip: URL https://timesofindia.indiatimes.com/world/uk/we-heard-from-them-but-family-of-british-couple-jailed-in-iran-on-charges-of-espionage-says-they-are-extremely-worried/articleshow/128947779.cms already exists.
2026-03-02 22:36:32,179 - INFO - [Times of India] Early skip: URL https://timesofindia.indiatimes.com/world/us-streamers/fact-check-is-kai-cenat-starring-in-scary-movie-6-viral-trailer-cameo-sparks-speculation/articleshow/128938961.cms already exists.
2026-03-02 22:36:32,181 - INFO - [Times of India] Early skip: URL https://timesofindia.indiatimes.com/world/us/watch-cbs-austin-reporter-asked-not-to-focus-on-pro-trump-iran-rally-well-i-am/articleshow/128946343.cms already exists.
2026-03-02 22:36:32,182 - INFO - [Times of India] Early skip: URL https://timesofindia.indiatimes.com/world/middle-east/us-iran-war-kuwait-mistakenly-shoots-down-three-american-f-15s-in-friendly-fire-incident/articleshow/128945810.cms already exists.
2026-03-02 22:36:32,183 - INFO - [Times of India] Early skip: URL https://timesofindia.indiatimes.com/world/middle-east/us-israel-wipe-out-key-iranian-leaders-in-attack-blitz-how-it-may-be-a-tactical-blunder/articleshow/128944047.cms already exists.
2026-03-02 22:36:32,184 - INFO - [Times of India] Early skip: URL https://timesofindia.indiatimes.com/world/middle-east/us-iran-war-several-american-warplanes-crash-in-kuwait-crew-survive/articleshow/128944648.cms already exists.
2026-03-02 22:36:32,186 - INFO - [Times of India] Early skip: URL https://timesofindia.indiatimes.com/world/us-streamers/he-was-going-to-get-killed-pastor-speaks-out-after-candace-owens-suggests-charlie-kirk-feared-assassination/articleshow/128936450.cms already exists.
2026-03-02 22:36:32,187 - INFO - [Times of India] (Thread) Finished. Attempting to shut down its Selenium driver.
2026-03-02 22:36:32,528 - INFO - [Times of India] (Thread) driver.quit() successful.
2026-03-02 22:36:36,992 - ERROR - [The Hindu] Request failed for strategy 'selenium_browser' on URL https://www.thehindu.com/news/national/andhra-pradesh/k-vijayanand-takes-charge-as-ex-officio-special-cs-to-cm/article70695664.ece: Message: timeout: Timed out receiving message from renderer: 19.927
  (Session info: chrome=145.0.7632.116)
Stacktrace:
#0 0x55ecede7ab6a <unknown>
#1 0x55eced88da32 <unknown>
#2 0x55eced875007 <unknown>
#3 0x55eced874c16 <unknown>
#4 0x55eced872731 <unknown>
#5 0x55eced8730bf <unknown>
#6 0x55eced882560 <unknown>
#7 0x55eced89c707 <unknown>
#8 0x55eced8a38db <unknown>
#9 0x55eced873829 <unknown>
#10 0x55eced89c49c <unknown>
#11 0x55eced92b6e1 <unknown>
#12 0x55eced8d4c0f <unknown>
#13 0x55eced8d59d1 <unknown>
#14 0x55ecede3f6b9 <unknown>
#15 0x55ecede425c1 <unknown>
#16 0x55ecede2be29 <unknown>
#17 0x55ecede4317e <unknown>
#18 0x55ecede124b0 <unknown>
#19 0x55ecede67578 <unknown>
#20 0x55ecede6774b <unknown>
#21 0x55ecede791a3 <unknown>
#22 0x7f9d6849caa4 <unknown>
#23 0x7f9d68529c6c <unknown>

2026-03-02 22:36:36,992 - ERROR - [The Hindu] All scrape strategies failed for https://www.thehindu.com/news/national/andhra-pradesh/k-vijayanand-takes-charge-as-ex-officio-special-cs-to-cm/article70695664.ece. Falling back to RSS description.
2026-03-02 22:36:36,993 - WARNING - SKIPPED (GLOBAL WORD LIMIT): Article 'K. Vijayanand takes charge as ex-officio Special CS to CM' from The Hindu has only 3 words (Min: 90).
2026-03-02 22:36:37,781 - INFO - [The Hindu] Early skip: URL https://www.thehindu.com/news/national/kerala/assess-environmental-compensation-from-those-responsible-for-pollution-of-kadambrayar-ngt-tells-pcb/article70696226.ece already exists.
2026-03-02 22:36:37,783 - INFO - [The Hindu] Early skip: URL https://www.thehindu.com/news/national/andhra-pradesh/andhra-pradesh-govt-forms-spv-for-mega-shipbuilding-hub-at-dugarajapatnam/article70695823.ece already exists.
2026-03-02 22:36:37,784 - INFO - [The Hindu] Early skip: URL https://www.thehindu.com/news/national/kerala/festive-mood-grips-the-city-ahead-of-attukal-pongala-on-tuesday/article70696351.ece already exists.
2026-03-02 22:36:37,785 - INFO - [The Hindu] Early skip: URL https://www.thehindu.com/news/national/kerala/12-crore-non-plan-grant-for-ssus/article70696007.ece already exists.
2026-03-02 22:36:37,786 - INFO - [The Hindu] Early skip: URL https://www.thehindu.com/news/national/kerala/unfinished-seat-sharing-clouds-udfs-campaign-rollout-in-kottayam/article70695900.ece already exists.
2026-03-02 22:36:37,788 - INFO - [The Hindu] Early skip: URL https://www.thehindu.com/news/national/andhra-pradesh/karunakar-reddy-renews-call-for-ttd-chairmans-resignation-cites-new-evidence/article70695814.ece already exists.
2026-03-02 22:36:37,789 - INFO - [The Hindu] Early skip: URL https://www.thehindu.com/news/national/tamil-nadu/sastra-team-wins-national-tamil-trial-advocacy-competition/article70696339.ece already exists.
2026-03-02 22:36:37,790 - INFO - [The Hindu] Early skip: URL https://www.thehindu.com/news/national/kerala/beach-clean-up-drive-held-at-shanghumughom/article70696149.ece already exists.
2026-03-02 22:36:37,791 - INFO - [The Hindu] Early skip: URL https://www.thehindu.com/news/national/indian-warships-in-the-gulf-on-standby-for-humanitarian-operations/article70696250.ece already exists.
2026-03-02 22:36:37,792 - INFO - [The Hindu] Early skip: URL https://www.thehindu.com/news/national/karnataka/enough-stocks-of-dates-and-dry-fruits-for-ramzan-month-if-crisis-persists-beyond-that-supply-to-be-hit/article70696164.ece already exists.
2026-03-02 22:36:37,794 - INFO - [The Hindu] Early skip: URL https://www.thehindu.com/news/national/telangana/srr-govt-degree-college-signs-mou-partners-with-career-quotient-to-enhance-student-employability/article70696373.ece already exists.
2026-03-02 22:36:37,795 - INFO - [The Hindu] Early skip: URL https://www.thehindu.com/news/national/kerala/global-ayyappa-sangamam-kerala-hc-seeks-records-on-audit-of-expenses/article70696237.ece already exists.
2026-03-02 22:36:37,796 - INFO - [The Hindu] Early skip: URL https://www.thehindu.com/news/national/kerala/heated-political-exchanges-over-thiruvananthapuram-corporations-preparedness-ahead-of-pongala/article70696225.ece already exists.
2026-03-02 22:36:37,797 - INFO - [The Hindu] Early skip: URL https://www.thehindu.com/news/national/andhra-pradesh/andhra-pradesh-bjp-chief-demands-jagans-arrest-in-liquor-scam/article70696152.ece already exists.
2026-03-02 22:36:37,799 - INFO - [The Hindu] Early skip: URL https://www.thehindu.com/news/national/andhra-pradesh/sp-emphasises-womens-safety-at-a-rally/article70696307.ece already exists.
2026-03-02 22:36:37,800 - INFO - [The Hindu] Early skip: URL https://www.thehindu.com/news/national/kerala/ai-enabled-mvd-vehicle-flags-nearly-6500-speed-violations-in-kochi-city-two-months/article70695979.ece already exists.
2026-03-02 22:36:37,801 - INFO - [The Hindu] Early skip: URL https://www.thehindu.com/news/national/telangana/r-krishnaiah-calls-for-state-wide-boycott-of-classes-for-rtfscholarship-dues/article70696297.ece already exists.
2026-03-02 22:36:37,802 - INFO - [The Hindu] Early skip: URL https://www.thehindu.com/news/national/karnataka/pvt-school-staff-booked-for-harassing-five-minor-girls-in-kalaburagi/article70696139.ece already exists.
2026-03-02 22:36:37,803 - INFO - [The Hindu] Early skip: URL https://www.thehindu.com/news/national/tamil-nadu/three-spectators-gored-to-death-by-bulls-during-manjuvirattu-at-sivaganga-in-tamil-nadu/article70695463.ece already exists.
2026-03-02 22:36:37,805 - INFO - [The Hindu] Early skip: URL https://www.thehindu.com/news/national/andhra-pradesh/cm-directs-officials-to-increase-administrative-efficiency-using-ai/article70695526.ece already exists.
2026-03-02 22:36:37,806 - INFO - [The Hindu] Early skip: URL https://www.thehindu.com/news/national/telangana/rahul-gandhi-signals-willingness-for-prime-ministerial-role/article70696313.ece already exists.
2026-03-02 22:36:37,807 - INFO - [The Hindu] Early skip: URL https://www.thehindu.com/opinion/op-ed/breaking-the-cycle-of-violence-against-women/article70696363.ece already exists.
2026-03-02 22:36:37,809 - INFO - [The Hindu] Article: https://www.thehindu.com/news/national/kerala/wages-of-workers-under-clean-destination-scheme-hiked-to-500/article70696188.ece
2026-03-02 22:36:37,809 - INFO - [The Hindu] Attempt 1/1: Trying with 'selenium_browser' strategy...
2026-03-02 22:36:38,786 - INFO - [The Hindu] Page content loaded.
2026-03-02 22:36:38,983 - WARNING - [The Hindu] FAILED with 'selenium_browser' (content was too short: 75 words).
2026-03-02 22:36:38,983 - ERROR - [The Hindu] All scrape strategies failed for https://www.thehindu.com/news/national/kerala/wages-of-workers-under-clean-destination-scheme-hiked-to-500/article70696188.ece. Falling back to RSS description.
2026-03-02 22:36:38,983 - WARNING - SKIPPED (GLOBAL WORD LIMIT): Article 'Wages of workers under clean destination scheme hiked to ₹500' from The Hindu has only 3 words (Min: 90).
2026-03-02 22:36:39,685 - INFO - [The Hindu] Early skip: URL https://www.thehindu.com/news/national/andhra-pradesh/svu-launches-dgca-approved-drone-pilot-training-course/article70696178.ece already exists.
2026-03-02 22:36:39,687 - INFO - [The Hindu] Early skip: URL https://www.thehindu.com/news/national/karnataka/supporters-of-mallikarjun-mutya-stage-protest-seeking-withdrawal-of-case/article70696181.ece already exists.
2026-03-02 22:36:39,690 - INFO - [The Hindu] Early skip: URL https://www.thehindu.com/news/national/andhra-pradesh/new-road-opens-in-sivanandapuram-ending-a-40-year-wait-for-residents/article70696264.ece already exists.
2026-03-02 22:36:39,691 - INFO - [The Hindu] Early skip: URL https://www.thehindu.com/news/national/kerala/udf-allies-voice-disquiet-over-prolonged-seat-sharing-delays/article70695653.ece already exists.
2026-03-02 22:36:39,692 - INFO - [The Hindu] Early skip: URL https://www.thehindu.com/news/national/dubai-abu-dhabi-carriers-to-restart-flights-after-two-day-standstill/article70695997.ece already exists.
2026-03-02 22:36:39,694 - INFO - [The Hindu] Early skip: URL https://www.thehindu.com/news/national/karnataka/case-registered-against-mutya-in-a-hurry-says-minister/article70695691.ece already exists.
2026-03-02 22:36:39,695 - INFO - [The Hindu] Early skip: URL https://www.thehindu.com/news/cities/Visakhapatnam/student-unions-urge-cm-to-address-communal-harmony-issues-at-au/article70696012.ece already exists.
2026-03-02 22:36:39,697 - INFO - [The Hindu] Early skip: URL https://www.thehindu.com/news/national/andhra-pradesh/vetlapalem-firecracker-unit-blast-toll-rises-to-22-two-brothers-taken-into-custody/article70695786.ece already exists.
2026-03-02 22:36:39,699 - INFO - [The Hindu] Early skip: URL https://www.thehindu.com/news/national/medical-colleges-admitting-fake-patients-may-see-requests-for-extra-seats-courses-rejected-nmc/article70695544.ece already exists.
2026-03-02 22:36:39,702 - INFO - [The Hindu] Early skip: URL https://www.thehindu.com/news/cities/Hyderabad/holi-restrictions-in-hyderabad-liquor-outlets-to-remain-shut-from-6-am-to-6-pm-on-march-3/article70696032.ece already exists.
2026-03-02 22:36:39,707 - INFO - [The Hindu] Early skip: URL https://www.thehindu.com/news/national/karnataka/tobacco-price-crash-crop-size-reduced-to-90-million-kg-for-karnataka-during-2026-27/article70695404.ece already exists.
2026-03-02 22:36:39,709 - INFO - [The Hindu] Early skip: URL https://www.thehindu.com/news/national/kerala/govt-offices-all-set-to-shift-to-prepaid-billing-says-kseb/article70695507.ece already exists.
2026-03-02 22:36:39,710 - INFO - [The Hindu] Early skip: URL https://www.thehindu.com/news/national/andhra-pradesh/chandrababu-naidu-tells-officials-to-ensure-safe-return-of-stranded-telugu-people-jagan-seeks-immediate-evacuation/article70695756.ece already exists.
2026-03-02 22:36:39,714 - INFO - [The Hindu] Early skip: URL https://www.thehindu.com/news/cities/Hyderabad/hmwssb-launches-e-office-other-depts-to-go-paperless-too/article70696156.ece already exists.
2026-03-02 22:36:39,718 - INFO - [The Hindu] Early skip: URL https://www.thehindu.com/news/national/air-india-express-ceo-aloke-singh-to-step-down-in-planned-management-reshuffle/article70695620.ece already exists.
2026-03-02 22:36:39,720 - INFO - [The Hindu] Early skip: URL https://www.thehindu.com/news/national/kerala/kerala-cm-pinarayi-vijayan-urges-expats-in-west-asia-to-follow-local-guidelines/article70695533.ece already exists.
2026-03-02 22:36:39,722 - INFO - [The Hindu] Early skip: URL https://www.thehindu.com/news/national/telangana/eagle-team-arrests-ganja-smuggler-linked-to-multiple-cases/article70695942.ece already exists.
2026-03-02 22:36:39,724 - INFO - [The Hindu] Early skip: URL https://www.thehindu.com/news/national/andhra-pradesh/apsche-launches-ai-training-programme-for-faculty/article70696011.ece already exists.
2026-03-02 22:36:39,725 - INFO - [The Hindu] Early skip: URL https://www.thehindu.com/news/national/kerala/daily-wage-arrears-of-teachers-with-qualifications-similar-to-k-tet-to-be-disbursed/article70695765.ece already exists.
2026-03-02 22:36:39,726 - INFO - [The Hindu] Early skip: URL https://www.thehindu.com/news/national/karnataka/karnataka-to-extend-financial-assistance-for-stranded-passengers-in-need-of-help/article70696043.ece already exists.
2026-03-02 22:36:39,728 - INFO - [The Hindu] Early skip: URL https://www.thehindu.com/news/national/kerala/elaborate-arrangements-in-place-for-pongala/article70696090.ece already exists.
2026-03-02 22:36:39,732 - INFO - [The Hindu] Early skip: URL https://www.thehindu.com/news/national/kerala/kozhikode-corporation-council-unanimously-passes-budget/article70696079.ece already exists.
2026-03-02 22:36:39,735 - INFO - [The Hindu] Early skip: URL https://www.thehindu.com/news/national/dharmendra-pradhan-pitches-for-international-collaborations-in-education/article70695879.ece already exists.
2026-03-02 22:36:39,736 - INFO - [The Hindu] Early skip: URL https://www.thehindu.com/news/national/kerala/qip-reschedules-three-high-school-exams-for-class-viii-and-ix/article70696022.ece already exists.
2026-03-02 22:36:39,737 - INFO - [The Hindu] Early skip: URL https://www.thehindu.com/news/national/andhra-pradesh/joint-collector-praises-kims-saveera-hospital-for-restoring-hearing-in-children/article70695927.ece already exists.
2026-03-02 22:36:39,741 - INFO - [The Hindu] Early skip: URL https://www.thehindu.com/news/national/andhra-pradesh/rsastf-seizes-red-sanders-logs-worth-5-crore/article70696063.ece already exists.
2026-03-02 22:36:39,743 - INFO - [The Hindu] Early skip: URL https://www.thehindu.com/news/national/andhra-pradesh/ap-sets-up-control-room-to-help-telugu-people-stranded-in-the-gulf/article70695618.ece already exists.
2026-03-02 22:36:39,744 - INFO - [The Hindu] Early skip: URL https://www.thehindu.com/news/national/telangana/two-food-delivery-workers-held-for-chain-snatching-in-miyapur/article70695903.ece already exists.
2026-03-02 22:36:39,746 - INFO - [The Hindu] Early skip: URL https://www.thehindu.com/news/national/andhra-pradesh/kuppam-police-arrest-eight-seize-ganja-worth-20-lakh/article70695518.ece already exists.
2026-03-02 22:36:39,747 - INFO - [The Hindu] Early skip: URL https://www.thehindu.com/news/national/kerala/remove-vehicles-dumped-in-front-of-police-stations-chamber-urges-cm/article70695811.ece already exists.
2026-03-02 22:36:39,749 - INFO - [The Hindu] Early skip: URL https://www.thehindu.com/news/national/karnataka/chikkamagaluru-man-murdered-in-mudigere/article70695958.ece already exists.
2026-03-02 22:36:39,750 - INFO - [The Hindu] Early skip: URL https://www.thehindu.com/news/national/karnataka/karnataka-expatriates-safe-but-anxious-as-tensions-escalate-in-west-asia/article70695750.ece already exists.
2026-03-02 22:36:39,752 - INFO - [The Hindu] Early skip: URL https://www.thehindu.com/news/national/karnataka/jds-mlc-bhoje-gowda-sends-video-message-from-dubai/article70696052.ece already exists.
2026-03-02 22:36:39,753 - INFO - [The Hindu] Early skip: URL https://www.thehindu.com/news/national/telangana/acb-arrests-junior-assistant-in-quthbullapur-for-accepting-15000-bribe/article70695867.ece already exists.
2026-03-02 22:36:39,755 - INFO - [The Hindu] Early skip: URL https://www.thehindu.com/news/national/karnataka/convention-planned-in-may-by-bjp-to-mark-bsys-50-year-political-life/article70695501.ece already exists.
2026-03-02 22:36:39,756 - INFO - [The Hindu] (Thread) Finished. Attempting to shut down its Selenium driver.
2026-03-02 22:36:39,908 - INFO - [The Hindu] (Thread) driver.quit() successful.
2026-03-02 22:36:39,908 - INFO - Shutting down thread pool (wait=False)...
2026-03-02 22:36:39,908 - INFO - Scraped: 0 BBC, 3 The Guardian, 0 The Hindu, 0 Times of India, 0 TechCrunch articles. (Total saved: 3)
2026-03-02 22:36:39,908 - INFO - --- Scraping job finished ---
2026-03-02 22:36:39,916 - INFO - --- Scraper service stopped and database connection closed. ---
2026-03-02 22:36:39,916 - INFO - --- Main thread finished. Forcing process exit to kill zombie threads. ---
