2025-12-30 14:49:39,089 - INFO - Loading AI Semantic Model (all-MiniLM-L6-v2)...
2025-12-30 14:49:39,089 - INFO - Use pytorch device_name: cpu
2025-12-30 14:49:39,089 - INFO - Load pretrained SentenceTransformer: all-MiniLM-L6-v2
2025-12-30 14:49:39,852 - INFO - AI Model loaded successfully.
2025-12-30 14:49:39,852 - INFO - --- Scraper service started (CI Mode: Run Once) ---
2025-12-30 14:49:39,852 - INFO - --- Starting new scraping job (Parallel Mode) ---
2025-12-30 14:49:39,852 - INFO - Creating new robust session with 3 retries on 5xx/connection/read errors.
2025-12-30 14:49:39,852 - INFO - Proxy is DISABLED.
2025-12-30 14:49:39,853 - INFO - Starting scrape for BBC RSS feed: http://feeds.bbci.co.uk/news/world/rss.xml
2025-12-30 14:49:39,854 - INFO - [Times of India] (Thread) requires Selenium. Initializing driver...
2025-12-30 14:49:39,854 - INFO - Starting scrape for The Guardian RSS feed: https://www.theguardian.com/world/rss
2025-12-30 14:49:39,855 - INFO - [The Hindu] (Thread) requires Selenium. Initializing driver...
2025-12-30 14:49:39,856 - INFO - Submitted 4 jobs to thread pool. Waiting up to 300s for completion...
2025-12-30 14:49:40,009 - INFO - Found 45 articles in The Guardian RSS feed. Processing up to 30.
2025-12-30 14:49:40,009 - INFO - [The Guardian] Early skip: URL https://www.theguardian.com/sport/2025/dec/29/anthony-joshua-injured-car-crash-nigeria already exists.
2025-12-30 14:49:40,163 - INFO - Found 43 articles in BBC RSS feed. Processing up to 30.
2025-12-30 14:49:40,230 - INFO - [BBC] Early skip: URL https://www.bbc.com/news/articles/c62n922dnw7o?at_medium=RSS&at_campaign=rss already exists.
2025-12-30 14:49:40,389 - INFO - [The Guardian] Early skip: URL https://www.theguardian.com/world/2025/dec/29/more-than-3000-migrants-died-spain-figure-down already exists.
2025-12-30 14:49:40,551 - INFO - [BBC] Early skip: URL https://www.bbc.com/news/articles/cp848g51zd3o?at_medium=RSS&at_campaign=rss already exists.
2025-12-30 14:49:40,772 - INFO - [The Guardian] Early skip: URL https://www.theguardian.com/world/2025/dec/28/central-african-republic-goes-to-polls-as-president-seeks-third-term already exists.
2025-12-30 14:49:40,959 - INFO - [BBC] Early skip: URL https://www.bbc.com/news/articles/c3w7wg93yeeo?at_medium=RSS&at_campaign=rss already exists.
2025-12-30 14:49:41,234 - INFO - [The Guardian] Early skip: URL https://www.theguardian.com/world/2025/dec/27/guinea-junta-leader-mamady-doumbouya-frontrunner-president-election already exists.
2025-12-30 14:49:41,442 - INFO - [BBC] Early skip: URL https://www.bbc.com/news/articles/cdj8jmxyzneo?at_medium=RSS&at_campaign=rss already exists.
2025-12-30 14:49:41,742 - INFO - [The Guardian] Early skip: URL https://www.theguardian.com/world/2025/dec/26/israel-first-country-to-recognise-somaliland-sovereign-state already exists.
2025-12-30 14:49:41,883 - INFO - [BBC] Early skip: URL https://www.bbc.com/news/articles/c8xdxz48l7yo?at_medium=RSS&at_campaign=rss already exists.
2025-12-30 14:49:42,105 - INFO - [The Guardian] Early skip: URL https://www.theguardian.com/world/2025/dec/29/brazil-ex-president-jair-bolsonaro-hiccups-treatment already exists.
2025-12-30 14:49:42,375 - INFO - [BBC] Early skip: URL https://www.bbc.com/news/articles/cm2v256vdkyo?at_medium=RSS&at_campaign=rss already exists.
2025-12-30 14:49:42,550 - INFO - [The Guardian] Early skip: URL https://www.theguardian.com/world/2025/dec/29/mexico-train-derailment-oaxaca already exists.
2025-12-30 14:49:42,792 - INFO - [BBC] Early skip: URL https://www.bbc.com/news/articles/c4g5gq19n9zo?at_medium=RSS&at_campaign=rss already exists.
2025-12-30 14:49:42,992 - INFO - [The Guardian] Early skip: URL https://www.theguardian.com/us-news/2025/dec/29/trump-venezuela-facility-strike already exists.
2025-12-30 14:49:43,241 - INFO - [BBC] Early skip: URL https://www.bbc.com/news/articles/c8989e1wnj2o?at_medium=RSS&at_campaign=rss already exists.
2025-12-30 14:49:43,364 - INFO - [The Guardian] Early skip: URL https://www.theguardian.com/world/2025/dec/26/venezuela-political-prisoner-release already exists.
2025-12-30 14:49:43,487 - INFO - [BBC] Early skip: URL https://www.bbc.com/news/articles/cdxwxqrde29o?at_medium=RSS&at_campaign=rss already exists.
2025-12-30 14:49:43,684 - INFO - [The Guardian] Early skip: URL https://www.theguardian.com/world/2025/dec/26/weather-tracker-deep-freeze-canada-us-records-warmest-christmas already exists.
2025-12-30 14:49:43,853 - INFO - [BBC] Early skip: URL https://www.bbc.com/news/articles/c4g4g5lgngvo?at_medium=RSS&at_campaign=rss already exists.
2025-12-30 14:49:44,026 - INFO - [The Guardian] Early skip: URL https://www.theguardian.com/world/2025/dec/30/trump-not-worried-china-military-live-fire-drills-taiwan already exists.
2025-12-30 14:49:44,260 - INFO - [BBC] Early skip: URL https://www.bbc.com/news/articles/c9qe9wvq534o?at_medium=RSS&at_campaign=rss already exists.
2025-12-30 14:49:44,362 - INFO - [The Guardian] Early skip: URL https://www.theguardian.com/technology/2025/dec/29/softbank-digitalbridge-deal-artificial-intelligence already exists.
2025-12-30 14:49:44,561 - INFO - [BBC] Early skip: URL https://www.bbc.com/news/articles/cr5z5p633q5o?at_medium=RSS&at_campaign=rss already exists.
2025-12-30 14:49:44,717 - INFO - [The Guardian] Early skip: URL https://www.theguardian.com/world/2025/dec/29/china-live-fire-military-drills-around-taiwan already exists.
2025-12-30 14:49:44,930 - INFO - [BBC] Early skip: URL https://www.bbc.com/news/articles/cdxwxkeg9w6o?at_medium=RSS&at_campaign=rss already exists.
2025-12-30 14:49:45,076 - INFO - [The Guardian] Early skip: URL https://www.theguardian.com/business/2025/dec/29/chinese-imports-uk-inflation-trump-tariffs already exists.
2025-12-30 14:49:45,344 - INFO - [BBC] Early skip: URL https://www.bbc.com/news/articles/ce8q8l08j2vo?at_medium=RSS&at_campaign=rss already exists.
2025-12-30 14:49:45,569 - INFO - [The Guardian] Early skip: URL https://www.theguardian.com/world/2025/dec/29/osaki-japan-town-record-bear-encounters-2025 already exists.
2025-12-30 14:49:45,868 - INFO - [BBC] Early skip: URL https://www.bbc.com/news/articles/cp8484p7ggmo?at_medium=RSS&at_campaign=rss already exists.
2025-12-30 14:49:45,995 - INFO - [The Guardian] Early skip: URL https://www.theguardian.com/australia-news/2025/dec/31/government-rules-new-laws-benefit-changes-on-1-january already exists.
2025-12-30 14:49:46,225 - INFO - [BBC] Early skip: URL https://www.bbc.com/news/articles/c4g4g0y4m1do?at_medium=RSS&at_campaign=rss already exists.
2025-12-30 14:49:46,491 - INFO - [The Guardian] Early skip: URL https://www.theguardian.com/australia-news/2025/dec/30/pauline-hanson-travelled-to-us-on-gina-rineharts-private-jet-to-attend-cpac already exists.
2025-12-30 14:49:46,714 - INFO - [BBC] Early skip: URL https://www.bbc.com/news/articles/cx2g20prlg7o?at_medium=RSS&at_campaign=rss already exists.
2025-12-30 14:49:46,879 - INFO - Selenium driver initialized successfully.
2025-12-30 14:49:46,879 - INFO - Starting scrape for Times of India RSS feed: https://timesofindia.indiatimes.com/rssfeeds/296589292.cms
2025-12-30 14:49:46,880 - INFO - Selenium driver initialized successfully.
2025-12-30 14:49:46,880 - INFO - Starting scrape for The Hindu RSS feed: https://www.thehindu.com/news/national/feeder/default.rss
2025-12-30 14:49:46,975 - INFO - [The Guardian] Early skip: URL https://www.theguardian.com/australia-news/2025/dec/30/six-charged-nsw-police-loaded-guns-sydney-taxi-ntwnfb already exists.
2025-12-30 14:49:47,052 - INFO - Found 20 articles in Times of India RSS feed. Processing up to 30.
2025-12-30 14:49:47,076 - INFO - Found 100 articles in The Hindu RSS feed. Processing up to 30.
2025-12-30 14:49:47,232 - INFO - [BBC] Early skip: URL https://www.bbc.com/news/articles/c9w7wgrk01do?at_medium=RSS&at_campaign=rss already exists.
2025-12-30 14:49:47,447 - INFO - [Times of India] Article: https://timesofindia.indiatimes.com/world/rest-of-world/canadian-comedian-with-loving-family-dog-applies-for-assisted-suicide-says-she-tried-everything-to-overcome-mental-illness/articleshow/126254007.cms
2025-12-30 14:49:47,447 - INFO - [Times of India] Attempt 1/1: Trying with 'selenium_browser' strategy...
2025-12-30 14:49:47,448 - INFO - [The Hindu] Article: https://www.thehindu.com/news/national/andhra-pradesh/kurnool-district-witnesses-slight-increase-in-crimes-in-2025/article70453381.ece
2025-12-30 14:49:47,448 - INFO - [The Hindu] Attempt 1/1: Trying with 'selenium_browser' strategy...
2025-12-30 14:49:47,448 - INFO - [The Guardian] Early skip: URL https://www.theguardian.com/technology/2025/dec/30/facebook-slow-to-act-on-posts-celebrating-of-jews-anti-hate-group-says already exists.
2025-12-30 14:49:47,678 - INFO - [BBC] Early skip: URL https://www.bbc.com/news/articles/cdj8jr37y98o?at_medium=RSS&at_campaign=rss already exists.
2025-12-30 14:49:47,843 - INFO - [The Guardian] Early skip: URL https://www.theguardian.com/world/2025/dec/29/passengers-on-cruise-ship-that-ran-aground-off-png-to-be-flown-home-after-refloat-efforts-fail already exists.
2025-12-30 14:49:48,115 - INFO - [BBC] Early skip: URL https://www.bbc.com/news/articles/c14v4kmg275o?at_medium=RSS&at_campaign=rss already exists.
2025-12-30 14:49:48,398 - INFO - [BBC] Early skip: URL https://www.bbc.com/news/articles/cd74pxvrp10o?at_medium=RSS&at_campaign=rss already exists.
2025-12-30 14:49:48,560 - INFO - [The Guardian] Early skip: URL https://www.theguardian.com/world/live/2025/dec/30/ukraine-russia-war-zelenskyy-putin-us-trump-eu-latest-updates already exists.
2025-12-30 14:49:48,827 - INFO - [BBC] Early skip: URL https://www.bbc.com/news/articles/c87l7xjp235o?at_medium=RSS&at_campaign=rss already exists.
2025-12-30 14:49:49,127 - INFO - [The Guardian] Early skip: URL https://www.theguardian.com/politics/2025/dec/30/badenoch-under-fire-as-tory-shadow-attorney-general-acts-for-roman-abramovich already exists.
2025-12-30 14:49:49,350 - INFO - [The Guardian] Early skip: URL https://www.theguardian.com/business/2025/dec/30/eurostar-trains-cancelled-delayed-channel-tunnel-le-shuttle already exists.
2025-12-30 14:49:49,595 - INFO - [BBC] Early skip: URL https://www.bbc.com/news/articles/c0l93lx1rx3o?at_medium=RSS&at_campaign=rss already exists.
2025-12-30 14:49:49,708 - INFO - [BBC] Early skip: URL https://www.bbc.com/news/articles/cly92pr8qryo?at_medium=RSS&at_campaign=rss already exists.
2025-12-30 14:49:49,905 - INFO - [The Hindu] Page content loaded.
2025-12-30 14:49:49,939 - INFO - [BBC] Early skip: URL https://www.bbc.com/news/articles/ce3z3w4wy0go?at_medium=RSS&at_campaign=rss already exists.
2025-12-30 14:49:50,218 - INFO - [BBC] Early skip: URL https://www.bbc.com/news/articles/c4g6gw30epvo?at_medium=RSS&at_campaign=rss already exists.
2025-12-30 14:49:50,373 - INFO - [The Hindu] Success with 'selenium_browser'. Found content (359 words).
2025-12-30 14:49:50,438 - INFO - [The Guardian] Early skip: URL https://www.theguardian.com/world/2025/dec/30/iceland-record-temperatures-christmas-eve-met-office-seyisfjorur already exists.
2025-12-30 14:49:50,545 - INFO - [The Guardian] Early skip: URL https://www.theguardian.com/world/2025/dec/29/volodymyr-zelenskyy-donald-trump-us-security-guarantees-ukraine already exists.
2025-12-30 14:50:10,601 - ERROR - [Times of India] Request failed for strategy 'selenium_browser' on URL https://timesofindia.indiatimes.com/world/rest-of-world/canadian-comedian-with-loving-family-dog-applies-for-assisted-suicide-says-she-tried-everything-to-overcome-mental-illness/articleshow/126254007.cms: Message: timeout: Timed out receiving message from renderer: 19.929
  (Session info: chrome=143.0.7499.109)
Stacktrace:
#0 0x55cf0a47861a <unknown>
#1 0x55cf09ef520b <unknown>
#2 0x55cf09edd2aa <unknown>
#3 0x55cf09edcf8d <unknown>
#4 0x55cf09edae47 <unknown>
#5 0x55cf09edb75f <unknown>
#6 0x55cf09ee9f20 <unknown>
#7 0x55cf09f035e7 <unknown>
#8 0x55cf09f09c9b <unknown>
#9 0x55cf09edbe88 <unknown>
#10 0x55cf09f03356 <unknown>
#11 0x55cf09f92580 <unknown>
#12 0x55cf09f39232 <unknown>
#13 0x55cf09f39ee1 <unknown>
#14 0x55cf0a4413f9 <unknown>
#15 0x55cf0a44434d <unknown>
#16 0x55cf0a42a122 <unknown>
#17 0x55cf0a444f2b <unknown>
#18 0x55cf0a410c30 <unknown>
#19 0x55cf0a465d78 <unknown>
#20 0x55cf0a465f4c <unknown>
#21 0x55cf0a477973 <unknown>
#22 0x7f0a97e9caa4 <unknown>
#23 0x7f0a97f29c6c <unknown>

2025-12-30 14:50:10,601 - ERROR - [Times of India] All scrape strategies failed for https://timesofindia.indiatimes.com/world/rest-of-world/canadian-comedian-with-loving-family-dog-applies-for-assisted-suicide-says-she-tried-everything-to-overcome-mental-illness/articleshow/126254007.cms. Falling back to RSS description.
2025-12-30 14:50:10,601 - WARNING - SKIPPED (GLOBAL WORD LIMIT): Article 'Canadian comedian with loving family, dog, applies for assisted suicide, says she tried everything to overcome mental illness' from Times of India has only 3 words (Min: 90).
2025-12-30 14:50:51,992 - INFO - Saved article: Kurnool district witnesses slight increase in crimes in 2025 - The Hindu from The Hindu (359 words)
2025-12-30 14:50:51,992 - INFO - [BBC] Early skip: URL https://www.bbc.com/news/articles/cx2328e70y7o?at_medium=RSS&at_campaign=rss already exists.
2025-12-30 14:50:52,111 - INFO - [The Guardian] Early skip: URL https://www.theguardian.com/world/2025/dec/30/trump-should-defy-netanyahu-over-nuclear-talks-with-iran-says-its-foreign-minister already exists.
2025-12-30 14:50:52,256 - INFO - [Times of India] Early skip: URL https://timesofindia.indiatimes.com/world/us/2025-the-year-america-normalised-anti-india-hate/articleshow/126252653.cms already exists.
2025-12-30 14:50:52,451 - INFO - [BBC] Early skip: URL https://www.bbc.com/news/articles/cre3pdxde7vo?at_medium=RSS&at_campaign=rss already exists.
2025-12-30 14:50:52,591 - INFO - [The Guardian] Early skip: URL https://www.theguardian.com/world/2025/dec/30/saudi-arabia-bombs-yemen-over-weapons-shipment-alleged-uae already exists.
2025-12-30 14:50:52,720 - INFO - [Times of India] Article: https://timesofindia.indiatimes.com/world/rest-of-world/indian-origin-driver-with-suspended-license-crashes-stolen-truck-into-cop-cruiser-in-canada/articleshow/126253168.cms
2025-12-30 14:50:52,720 - INFO - [Times of India] Attempt 1/1: Trying with 'selenium_browser' strategy...
2025-12-30 14:50:52,721 - INFO - [BBC] Early skip: URL https://www.bbc.com/news/articles/c997j105941o?at_medium=RSS&at_campaign=rss already exists.
2025-12-30 14:50:52,889 - INFO - [BBC] Early skip: URL https://www.bbc.com/news/articles/c1479kved95o?at_medium=RSS&at_campaign=rss already exists.
2025-12-30 14:50:53,134 - INFO - [The Guardian] Early skip: URL https://www.theguardian.com/world/2025/dec/29/gaza-ceasefire-hinges-return-last-israeli-hostage-netanyahu-trump already exists.
2025-12-30 14:50:53,257 - INFO - [The Hindu] Article: https://www.thehindu.com/news/national/karnataka/new-year-2026-kodagu-police-issues-instructions-against-consumption-of-drugs-and-noise-pollution/article70453445.ece
2025-12-30 14:50:53,258 - INFO - [The Hindu] Attempt 1/1: Trying with 'selenium_browser' strategy...
2025-12-30 14:50:53,259 - INFO - [The Guardian] Early skip: URL https://www.theguardian.com/world/2025/dec/29/netanyahu-to-meet-trump-in-us-amid-fears-of-israeli-regional-offensives already exists.
2025-12-30 14:50:53,547 - INFO - [The Guardian] Early skip: URL https://www.theguardian.com/world/2025/dec/29/what-did-alaa-abd-el-fattah-say-past-social-media-posts-why-backlash already exists.
2025-12-30 14:50:57,051 - INFO - [The Hindu] Page content loaded.
2025-12-30 14:50:57,147 - INFO - [The Hindu] Success with 'selenium_browser'. Found content (466 words).
2025-12-30 14:50:57,533 - INFO - [Times of India] Page content loaded.
2025-12-30 14:50:58,720 - INFO - [Times of India] Success with 'selenium_browser'. Found content (299 words).
2025-12-30 14:51:49,320 - INFO - Saved article: New Year 2026: Kodagu police issues instructions against consumption of drugs and noise pollution - The Hindu from The Hindu (466 words)
2025-12-30 14:52:37,762 - INFO - Saved article: Indian-origin driver with suspended license crashes stolen truck into cop cruiser in Canada - The Times of India from Times of India (299 words)
2025-12-30 14:52:37,762 - INFO - [The Hindu] Article: https://www.thehindu.com/news/national/kerala/chilly-weather-triggers-a-surge-in-tourism-munnar-witnesses-hours-long-traffic-blocks/article70453665.ece
2025-12-30 14:52:37,762 - INFO - [The Hindu] Attempt 1/1: Trying with 'selenium_browser' strategy...
2025-12-30 14:52:38,581 - INFO - [Times of India] Article: https://timesofindia.indiatimes.com/world/uk/major-disruption-at-channel-tunnel-eurostar-cancels-all-services-chaos-erupts-at-train-stations/articleshow/126252955.cms
2025-12-30 14:52:38,581 - INFO - [Times of India] Attempt 1/1: Trying with 'selenium_browser' strategy...
2025-12-30 14:52:38,683 - INFO - [The Hindu] Page content loaded.
2025-12-30 14:52:38,820 - INFO - [The Hindu] Success with 'selenium_browser'. Found content (426 words).
2025-12-30 14:52:42,427 - INFO - [Times of India] Page content loaded.
2025-12-30 14:52:42,950 - INFO - [Times of India] Success with 'selenium_browser'. Found content (171 words).
2025-12-30 14:53:28,089 - INFO - Saved article: Chilly weather triggers a surge in tourism, Munnar witnesses hours-long traffic blocks - The Hindu from The Hindu (426 words)
2025-12-30 14:54:13,524 - INFO - DEDUPLICATION: Found match (Score: 0.92). Linking to Cluster ID: 608e1bcb-8c79-4098-8bc5-1cd7be3a987f
2025-12-30 14:54:13,526 - INFO - Saved article: Major disruption at Channel Tunnel: Eurostar cancels all services; chaos erupts at train stations - The Times of India from Times of India (171 words)
2025-12-30 14:54:13,526 - INFO - [The Hindu] Article: https://www.thehindu.com/news/national/kerala/former-dharmadam-mla-kk-narayanan-dead/article70453668.ece
2025-12-30 14:54:13,526 - INFO - [The Hindu] Attempt 1/1: Trying with 'selenium_browser' strategy...
2025-12-30 14:54:14,757 - INFO - [Times of India] Article: https://timesofindia.indiatimes.com/world/us/if-you-break-law-us-embassy-in-indias-year-end-warning-amid-visa-delays/articleshow/126252560.cms
2025-12-30 14:54:14,757 - INFO - [Times of India] Attempt 1/1: Trying with 'selenium_browser' strategy...
2025-12-30 14:54:14,821 - INFO - [The Hindu] Page content loaded.
2025-12-30 14:54:14,960 - INFO - [The Hindu] Success with 'selenium_browser'. Found content (102 words).
2025-12-30 14:54:18,024 - INFO - [Times of India] Page content loaded.
2025-12-30 14:54:18,660 - INFO - [Times of India] Success with 'selenium_browser'. Found content (398 words).
2025-12-30 14:54:39,856 - CRITICAL - --- TIMEOUT: 2 scrape jobs did not complete in 300s. ---
2025-12-30 14:54:39,856 - ERROR - A thread has timed out and will be abandoned.
2025-12-30 14:54:39,856 - ERROR - A thread has timed out and will be abandoned.
2025-12-30 14:54:39,856 - INFO - Shutting down thread pool (wait=False)...
2025-12-30 14:54:39,856 - INFO - Scraped: 0 The Guardian, 0 BBC, 2 Timed_Out_Jobs articles. (Total saved: 0)
2025-12-30 14:54:39,856 - INFO - --- Scraping job finished ---
2025-12-30 14:54:39,857 - INFO - --- Scraper service stopped and database connection closed. ---
2025-12-30 14:54:39,857 - INFO - --- Main thread finished. Forcing process exit to kill zombie threads. ---
