2025-12-12 15:48:24,939 - INFO - Loading AI Semantic Model (all-MiniLM-L6-v2)...
2025-12-12 15:48:24,940 - INFO - Use pytorch device_name: cpu
2025-12-12 15:48:24,940 - INFO - Load pretrained SentenceTransformer: all-MiniLM-L6-v2
2025-12-12 15:48:25,919 - INFO - AI Model loaded successfully.
2025-12-12 15:48:25,919 - INFO - --- Scraper service started (CI Mode: Run Once) ---
2025-12-12 15:48:25,919 - INFO - --- Starting new scraping job (Parallel Mode) ---
2025-12-12 15:48:25,920 - INFO - Creating new robust session with 3 retries on 5xx/connection/read errors.
2025-12-12 15:48:25,920 - INFO - Proxy is DISABLED.
2025-12-12 15:48:25,920 - INFO - Starting scrape for BBC RSS feed: http://feeds.bbci.co.uk/news/world/rss.xml
2025-12-12 15:48:25,921 - INFO - [Times of India] (Thread) requires Selenium. Initializing driver...
2025-12-12 15:48:25,922 - INFO - Starting scrape for The Guardian RSS feed: https://www.theguardian.com/world/rss
2025-12-12 15:48:25,922 - INFO - [The Hindu] (Thread) requires Selenium. Initializing driver...
2025-12-12 15:48:25,923 - INFO - Submitted 4 jobs to thread pool. Waiting up to 300s for completion...
2025-12-12 15:48:26,063 - INFO - Found 45 articles in The Guardian RSS feed. Processing up to 30.
2025-12-12 15:48:26,063 - INFO - [The Guardian] Early skip: URL https://www.theguardian.com/world/2025/dec/12/uk-sanctions-four-rsf-commanders-heinous-violence-against-sudan-civilians already exists.
2025-12-12 15:48:26,302 - INFO - Found 27 articles in BBC RSS feed. Processing up to 30.
2025-12-12 15:48:26,322 - INFO - [BBC] Early skip: URL https://www.bbc.com/news/articles/cvgrrnylzzyo?at_medium=RSS&at_campaign=rss already exists.
2025-12-12 15:48:26,469 - INFO - [The Guardian] Early skip: URL https://www.theguardian.com/world/2025/dec/11/fate-of-11-nigerian-troops-unclear-after-unauthorised-plane-landing-in-burkina-faso already exists.
2025-12-12 15:48:26,729 - INFO - [BBC] Early skip: URL https://www.bbc.com/news/articles/c98nnd01g91o?at_medium=RSS&at_campaign=rss already exists.
2025-12-12 15:48:26,972 - INFO - [The Guardian] Early skip: URL https://www.theguardian.com/world/2025/dec/10/burkina-faso-releases-nigerian-troops-unauthorised-emergency-landing already exists.
2025-12-12 15:48:27,163 - INFO - [BBC] Early skip: URL https://www.bbc.com/news/articles/c2lvplrxpe9o?at_medium=RSS&at_campaign=rss already exists.
2025-12-12 15:48:27,392 - INFO - [The Guardian] Early skip: URL https://www.theguardian.com/world/2025/dec/09/drc-fighting-forces-200000-to-flee-just-days-after-washington-peace-deal already exists.
2025-12-12 15:48:27,594 - INFO - [BBC] Early skip: URL https://www.bbc.com/news/articles/c1kpwmezkpdo?at_medium=RSS&at_campaign=rss already exists.
2025-12-12 15:48:27,773 - INFO - [The Guardian] Early skip: URL https://www.theguardian.com/world/2025/dec/09/colombian-mercenaries-sudan-sanctions already exists.
2025-12-12 15:48:27,944 - INFO - [BBC] Early skip: URL https://www.bbc.com/news/articles/czxgnqx1yplo?at_medium=RSS&at_campaign=rss already exists.
2025-12-12 15:48:28,221 - INFO - [The Guardian] Early skip: URL https://www.theguardian.com/us-news/2025/dec/12/flood-water-rain-pacific-northwest-washington already exists.
2025-12-12 15:48:28,495 - INFO - [BBC] Early skip: URL https://www.bbc.com/news/articles/c4g99kp897do?at_medium=RSS&at_campaign=rss already exists.
2025-12-12 15:48:28,720 - INFO - [The Guardian] Early skip: URL https://www.theguardian.com/world/2025/dec/12/maria-corina-machado-escape-venezuela-us-norway already exists.
2025-12-12 15:48:29,007 - INFO - [BBC] Early skip: URL https://www.bbc.com/news/videos/cjwyy65ne62o?at_medium=RSS&at_campaign=rss already exists.
2025-12-12 15:48:29,173 - INFO - [The Guardian] Early skip: URL https://www.theguardian.com/world/2025/dec/11/pressure-on-maduro-grows-after-us-seizes-dark-fleet-tanker-off-coast-of-venezuela already exists.
2025-12-12 15:48:29,287 - INFO - [BBC] Early skip: URL https://www.bbc.com/news/articles/c3w792x0ggyo?at_medium=RSS&at_campaign=rss already exists.
2025-12-12 15:48:29,432 - INFO - [The Guardian] Early skip: URL https://www.theguardian.com/technology/2025/dec/11/elon-musk-el-salvador-grok already exists.
2025-12-12 15:48:29,596 - INFO - [BBC] Early skip: URL https://www.bbc.com/news/articles/c0q5504vv0ko?at_medium=RSS&at_campaign=rss already exists.
2025-12-12 15:48:29,758 - INFO - [The Guardian] Early skip: URL https://www.theguardian.com/us-news/2025/dec/11/kilmar-abrego-garcia-released already exists.
2025-12-12 15:48:30,010 - INFO - [BBC] Early skip: URL https://www.bbc.com/news/articles/c0jeeq6xnvpo?at_medium=RSS&at_campaign=rss already exists.
2025-12-12 15:48:30,171 - INFO - [The Guardian] Early skip: URL https://www.theguardian.com/world/2025/dec/12/indonesia-floods-extinction-level-rare-orangutan-tapanuli already exists.
2025-12-12 15:48:30,421 - INFO - [BBC] Early skip: URL https://www.bbc.com/news/articles/clykk2yrl9ko?at_medium=RSS&at_campaign=rss already exists.
2025-12-12 15:48:30,586 - INFO - [The Guardian] Early skip: URL https://www.theguardian.com/world/2025/dec/12/south-korea-exam-chief-quits-after-complaints-english-test-was-too-hard already exists.
2025-12-12 15:48:30,720 - INFO - [BBC] Early skip: URL https://www.bbc.com/news/articles/cn81x8py3j5o?at_medium=RSS&at_campaign=rss already exists.
2025-12-12 15:48:30,939 - INFO - [The Guardian] Early skip: URL https://www.theguardian.com/technology/2025/dec/12/do-kwon-cryptocurrency-terraform-labs-co-founder-prison-fraud already exists.
2025-12-12 15:48:31,175 - INFO - [BBC] Early skip: URL https://www.bbc.com/news/articles/cz688jp90epo?at_medium=RSS&at_campaign=rss already exists.
2025-12-12 15:48:31,265 - INFO - Selenium driver initialized successfully.
2025-12-12 15:48:31,265 - INFO - Starting scrape for The Hindu RSS feed: https://www.thehindu.com/news/national/feeder/default.rss
2025-12-12 15:48:31,266 - INFO - Selenium driver initialized successfully.
2025-12-12 15:48:31,267 - INFO - Starting scrape for Times of India RSS feed: https://timesofindia.indiatimes.com/rssfeeds/296589292.cms
2025-12-12 15:48:31,315 - INFO - [The Guardian] Early skip: URL https://www.theguardian.com/world/2025/dec/12/thailand-set-for-early-elections-cambodia-clashes already exists.
2025-12-12 15:48:31,442 - INFO - Found 20 articles in Times of India RSS feed. Processing up to 30.
2025-12-12 15:48:31,474 - INFO - Found 100 articles in The Hindu RSS feed. Processing up to 30.
2025-12-12 15:48:31,550 - INFO - [BBC] Early skip: URL https://www.bbc.com/news/articles/cwyvkkxxj42o?at_medium=RSS&at_campaign=rss already exists.
2025-12-12 15:48:31,828 - INFO - [Times of India] Article: https://timesofindia.indiatimes.com/world/us/indian-origin-menka-soni-hails-zohran-mamdanis-nyc-win-celebrates-indian-representation-in-us-you-have-to-connect-/articleshow/125935863.cms
2025-12-12 15:48:31,828 - INFO - [Times of India] Attempt 1/1: Trying with 'selenium_browser' strategy...
2025-12-12 15:48:31,829 - INFO - [The Hindu] Article: https://www.thehindu.com/news/national/tamil-nadu/nlcil-regularises-services-of-397-indcoserve-contract-workers/article70388043.ece
2025-12-12 15:48:31,829 - INFO - [The Hindu] Attempt 1/1: Trying with 'selenium_browser' strategy...
2025-12-12 15:48:31,830 - INFO - [The Guardian] Early skip: URL https://www.theguardian.com/world/2025/dec/11/thailand-cambodia-border-evacuation already exists.
2025-12-12 15:48:32,083 - INFO - [BBC] Early skip: URL https://www.bbc.com/news/articles/czxppe4q84do?at_medium=RSS&at_campaign=rss already exists.
2025-12-12 15:48:32,245 - INFO - [BBC] Early skip: URL https://www.bbc.com/news/articles/c3v11rd200yo?at_medium=RSS&at_campaign=rss already exists.
2025-12-12 15:48:32,531 - INFO - [The Guardian] Early skip: URL https://www.theguardian.com/environment/2025/dec/13/opening-up-victorias-otway-basin-to-offshore-gas-exploration-an-environmental-betrayal-greens-say already exists.
2025-12-12 15:48:32,745 - INFO - [BBC] Early skip: URL https://www.bbc.com/news/articles/c4g990exxq4o?at_medium=RSS&at_campaign=rss already exists.
2025-12-12 15:48:32,879 - INFO - [The Guardian] Early skip: URL https://www.theguardian.com/australia-news/2025/dec/13/ato-external-outsourcing-reduction-union-presumed-typo already exists.
2025-12-12 15:48:33,022 - INFO - [BBC] Early skip: URL https://www.bbc.com/news/articles/c5y2qd1795yo?at_medium=RSS&at_campaign=rss already exists.
2025-12-12 15:48:33,166 - INFO - [BBC] Early skip: URL https://www.bbc.com/news/articles/cy95pr790pro?at_medium=RSS&at_campaign=rss already exists.
2025-12-12 15:48:33,422 - INFO - [BBC] Early skip: URL https://www.bbc.com/news/articles/cj4q1l0ly7wo?at_medium=RSS&at_campaign=rss already exists.
2025-12-12 15:48:33,577 - INFO - [BBC] Early skip: URL https://www.bbc.com/news/articles/cr7l0ljvvejo?at_medium=RSS&at_campaign=rss already exists.
2025-12-12 15:48:33,681 - INFO - [The Guardian] Early skip: URL https://www.theguardian.com/australia-news/2025/dec/13/nsw-coalmine-expansions-would-breach-climate-targets already exists.
2025-12-12 15:48:33,870 - INFO - [The Guardian] Early skip: URL https://www.theguardian.com/australia-news/2025/dec/12/outback-wrangler-star-matt-wright-sentenced-to-10-months-jail-after-fatal-helicopter-crash-ntwnfb already exists.
2025-12-12 15:48:34,166 - INFO - [The Guardian] Early skip: URL https://www.theguardian.com/environment/2025/dec/12/weather-tracker-australia-bushfires-most-dangerous-since-black-summer already exists.
2025-12-12 15:48:34,393 - INFO - [The Guardian] Early skip: URL https://www.theguardian.com/world/live/2025/dec/12/von-der-leyen-trump-ukraine-belgium-russian-assets-starmer-latest-news-updates already exists.
2025-12-12 15:48:34,678 - INFO - [The Guardian] Early skip: URL https://www.theguardian.com/business/2025/dec/12/eu-2035-petrol-diesel-car-ban-mep-green-deal already exists.
2025-12-12 15:48:34,965 - INFO - [The Guardian] Early skip: URL https://www.theguardian.com/world/2025/dec/11/us-wants-ukraine-to-withdraw-from-donbas-and-create-free-economic-zone-says-zelenskyy already exists.
2025-12-12 15:48:35,194 - INFO - [The Guardian] Early skip: URL https://www.theguardian.com/world/live/2025/dec/11/ukraine-war-meeting-coalition-donald-trump-europe-russia-latest-updates-news already exists.
2025-12-12 15:48:35,314 - INFO - [The Guardian] Early skip: URL https://www.theguardian.com/world/2025/dec/11/germany-afghanistan-u-turn-migration-pakistan already exists.
2025-12-12 15:48:35,490 - INFO - [BBC] Article: https://www.bbc.com/news/videos/cy0ppq8yye4o?at_medium=RSS&at_campaign=rss
2025-12-12 15:48:35,490 - INFO - [BBC] Attempt 1/1: Trying with 'requests_browser' strategy...
2025-12-12 15:48:35,501 - INFO - [The Guardian] Early skip: URL https://www.theguardian.com/world/2025/dec/12/nobel-peace-prize-laureate-narges-mohammadi-arrested-iran already exists.
2025-12-12 15:48:35,636 - INFO - [The Hindu] Page content loaded.
2025-12-12 15:48:35,680 - INFO - [The Guardian] Early skip: URL https://www.theguardian.com/tv-and-radio/2025/dec/11/nemo-eurovision-winner-2024-hand-back-trophy-protest-israel-taking-part-2025 already exists.
2025-12-12 15:48:35,826 - INFO - [The Hindu] Success with 'selenium_browser'. Found content (219 words).
2025-12-12 15:48:35,877 - INFO - [The Guardian] Early skip: URL https://www.theguardian.com/global-development/2025/dec/11/child-bride-spared-execution-iran-blood-money-goli-kouhkan already exists.
2025-12-12 15:48:35,922 - WARNING - [BBC] FAILED with 'requests_browser' (content was too short: 72 words).
2025-12-12 15:48:35,922 - ERROR - [BBC] All scrape strategies failed for https://www.bbc.com/news/videos/cy0ppq8yye4o?at_medium=RSS&at_campaign=rss. Falling back to RSS description.
2025-12-12 15:48:35,922 - WARNING - SKIPPED (GLOBAL WORD LIMIT): Article ''It was little kids': Taylor Swift breaks down as she talks of Southport attack' from BBC has only 19 words (Min: 90).
2025-12-12 15:48:36,113 - INFO - [The Guardian] Early skip: URL https://www.theguardian.com/world/2025/dec/10/countries-push-to-return-syrians-home-fall-of-assad already exists.
2025-12-12 15:48:36,378 - INFO - [The Guardian] Early skip: URL https://www.theguardian.com/world/2025/dec/09/children-gaza-hospitalised-acute-malnutrition-un-says already exists.
2025-12-12 15:48:51,878 - ERROR - [Times of India] Request failed for strategy 'selenium_browser' on URL https://timesofindia.indiatimes.com/world/us/indian-origin-menka-soni-hails-zohran-mamdanis-nyc-win-celebrates-indian-representation-in-us-you-have-to-connect-/articleshow/125935863.cms: Message: timeout: Timed out receiving message from renderer: 19.916
  (Session info: chrome=143.0.7499.40)
Stacktrace:
#0 0x561c316d719a <unknown>
#1 0x561c31154c4b <unknown>
#2 0x561c3113ccf3 <unknown>
#3 0x561c3113c9d6 <unknown>
#4 0x561c3113a897 <unknown>
#5 0x561c3113b1af <unknown>
#6 0x561c31149970 <unknown>
#7 0x561c31163017 <unknown>
#8 0x561c311696cb <unknown>
#9 0x561c3113b8d8 <unknown>
#10 0x561c31162dc3 <unknown>
#11 0x561c311f1f60 <unknown>
#12 0x561c31198c42 <unknown>
#13 0x561c311998f1 <unknown>
#14 0x561c3169ff39 <unknown>
#15 0x561c316a2e7d <unknown>
#16 0x561c31688c81 <unknown>
#17 0x561c316a3a5b <unknown>
#18 0x561c3166fa50 <unknown>
#19 0x561c316c4aa8 <unknown>
#20 0x561c316c4c79 <unknown>
#21 0x561c316d64f3 <unknown>
#22 0x7fba75a9caa4 <unknown>
#23 0x7fba75b29c6c <unknown>

2025-12-12 15:48:51,878 - ERROR - [Times of India] All scrape strategies failed for https://timesofindia.indiatimes.com/world/us/indian-origin-menka-soni-hails-zohran-mamdanis-nyc-win-celebrates-indian-representation-in-us-you-have-to-connect-/articleshow/125935863.cms. Falling back to RSS description.
2025-12-12 15:48:51,878 - WARNING - SKIPPED (GLOBAL WORD LIMIT): Article 'Indian-origin Menka Soni hails Zohran Mamdani’s NYC win, celebrates Indian representation in US: 'You have to connect...'' from Times of India has only 3 words (Min: 90).
2025-12-12 15:49:17,525 - INFO - Saved article: NLCIL regularises services of 397 IndcoServe contract workers - The Hindu from The Hindu (219 words)
2025-12-12 15:49:17,526 - INFO - [BBC] Early skip: URL https://www.bbc.com/news/videos/ce91de8x9p1o?at_medium=RSS&at_campaign=rss already exists.
2025-12-12 15:49:17,797 - INFO - [BBC] Article: https://www.bbc.com/news/videos/c898197j8nyo?at_medium=RSS&at_campaign=rss
2025-12-12 15:49:17,797 - INFO - [BBC] Attempt 1/1: Trying with 'requests_browser' strategy...
2025-12-12 15:49:17,799 - INFO - [Times of India] Article: https://timesofindia.indiatimes.com/world/pakistan/sanskrit-in-pakistani-university-in-a-1st-since-partition-ancient-language-to-be-taught-in-college-mahabharat-gita-on-the-cards/articleshow/125935966.cms
2025-12-12 15:49:17,799 - INFO - [Times of India] Attempt 1/1: Trying with 'selenium_browser' strategy...
2025-12-12 15:49:17,862 - WARNING - [BBC] FAILED with 'requests_browser' (content was too short: 73 words).
2025-12-12 15:49:17,862 - ERROR - [BBC] All scrape strategies failed for https://www.bbc.com/news/videos/c898197j8nyo?at_medium=RSS&at_campaign=rss. Falling back to RSS description.
2025-12-12 15:49:17,862 - WARNING - SKIPPED (GLOBAL WORD LIMIT): Article 'Watch: Canadians and Americans on a social media ban for everyone under 16' from BBC has only 24 words (Min: 90).
2025-12-12 15:49:18,574 - INFO - [The Hindu] Article: https://www.thehindu.com/news/national/karnataka/there-is-an-urgent-need-for-veerashaiva-lingayat-unity-says-minister-eshwar-khandre/article70389361.ece
2025-12-12 15:49:18,574 - INFO - [The Hindu] Attempt 1/1: Trying with 'selenium_browser' strategy...
2025-12-12 15:49:18,625 - INFO - [Times of India] Page content loaded.
2025-12-12 15:49:18,803 - INFO - [Times of India] Success with 'selenium_browser'. Found content (271 words).
2025-12-12 15:49:21,892 - INFO - [The Hindu] Page content loaded.
2025-12-12 15:49:22,115 - INFO - [The Hindu] Success with 'selenium_browser'. Found content (611 words).
2025-12-12 15:49:57,273 - INFO - Saved article: Sanskrit in Pakistani university: In a 1st since partition, ancient language to be taught in college; Mahabharat, Gita on the cards - The Times of India from Times of India (271 words)
2025-12-12 15:49:57,274 - INFO - [BBC] Article: https://www.bbc.com/news/videos/c74x0430vggo?at_medium=RSS&at_campaign=rss
2025-12-12 15:49:57,274 - INFO - [BBC] Attempt 1/1: Trying with 'requests_browser' strategy...
2025-12-12 15:49:57,451 - WARNING - [BBC] FAILED with 'requests_browser' (content was too short: 79 words).
2025-12-12 15:49:57,451 - ERROR - [BBC] All scrape strategies failed for https://www.bbc.com/news/videos/c74x0430vggo?at_medium=RSS&at_campaign=rss. Falling back to RSS description.
2025-12-12 15:49:57,451 - WARNING - SKIPPED (GLOBAL WORD LIMIT): Article 'Watch: Moment hiker is rescued from quicksand in Utah' from BBC has only 24 words (Min: 90).
2025-12-12 15:50:30,367 - INFO - Saved article: There is an urgent need for Veerashaiva-Lingayat unity, says Minister Eshwar Khandre - The Hindu from The Hindu (611 words)
2025-12-12 15:50:30,367 - INFO - [Times of India] Article: https://timesofindia.indiatimes.com/etimes/trending/everyone-except-the-indian-popular-entertainment-account-called-out-for-not-naming-dhalsim-actor-vidyut-jamwal-in-street-fighter-cast-reveal/articleshow/125935433.cms
2025-12-12 15:50:30,367 - INFO - [Times of India] Attempt 1/1: Trying with 'selenium_browser' strategy...
2025-12-12 15:50:30,368 - INFO - [BBC] Early skip: URL https://www.bbc.com/news/videos/ceq1000742go?at_medium=RSS&at_campaign=rss already exists.
2025-12-12 15:50:30,639 - INFO - [BBC] Article: https://www.bbc.com/news/videos/cx2ey15l4zro?at_medium=RSS&at_campaign=rss
2025-12-12 15:50:30,639 - INFO - [BBC] Attempt 1/1: Trying with 'requests_browser' strategy...
2025-12-12 15:50:30,781 - WARNING - [BBC] FAILED with 'requests_browser' (content was too short: 74 words).
2025-12-12 15:50:30,781 - ERROR - [BBC] All scrape strategies failed for https://www.bbc.com/news/videos/cx2ey15l4zro?at_medium=RSS&at_campaign=rss. Falling back to RSS description.
2025-12-12 15:50:30,781 - WARNING - SKIPPED (GLOBAL WORD LIMIT): Article 'Moment skydiver's parachute wraps around plane tail' from BBC has only 16 words (Min: 90).
2025-12-12 15:50:31,674 - INFO - [The Hindu] Article: https://www.thehindu.com/news/national/telangana/akhilesh-yadav-meets-ktr-brs-leaders/article70389528.ece
2025-12-12 15:50:31,674 - INFO - [The Hindu] Attempt 1/1: Trying with 'selenium_browser' strategy...
2025-12-12 15:50:33,064 - INFO - [Times of India] Page content loaded.
2025-12-12 15:50:33,211 - INFO - [Times of India] Success with 'selenium_browser'. Found content (200 words).
2025-12-12 15:50:35,117 - INFO - [The Hindu] Page content loaded.
2025-12-12 15:50:35,353 - INFO - [The Hindu] Success with 'selenium_browser'. Found content (120 words).
2025-12-12 15:51:08,372 - INFO - Saved article: Everyone except the Indian? Popular entertainment account called out for not naming Dhalsim actor Vidyut Jamwal in Street Fighter cast reveal - The Times of India from Times of India (200 words)
2025-12-12 15:51:38,639 - INFO - Saved article: Akhilesh Yadav meets KTR, BRS leaders - The Hindu from The Hindu (120 words)
2025-12-12 15:51:38,640 - INFO - [Times of India] Article: https://timesofindia.indiatimes.com/world/us/triple-homicide-15-year-old-texas-boy-kills-ex-girlfriends-younger-siblings-and-mother/articleshow/125935731.cms
2025-12-12 15:51:38,640 - INFO - [Times of India] Attempt 1/1: Trying with 'selenium_browser' strategy...
2025-12-12 15:51:39,922 - INFO - [The Hindu] Article: https://www.thehindu.com/news/national/karnataka/aland-voter-fraud-chargesheet-names-former-bjp-mla-and-his-son-as-prime-accused/article70389221.ece
2025-12-12 15:51:39,922 - INFO - [The Hindu] Attempt 1/1: Trying with 'selenium_browser' strategy...
2025-12-12 15:51:40,596 - INFO - [Times of India] Page content loaded.
2025-12-12 15:51:40,856 - INFO - [Times of India] Success with 'selenium_browser'. Found content (341 words).
2025-12-12 15:51:59,945 - ERROR - [The Hindu] Request failed for strategy 'selenium_browser' on URL https://www.thehindu.com/news/national/karnataka/aland-voter-fraud-chargesheet-names-former-bjp-mla-and-his-son-as-prime-accused/article70389221.ece: Message: timeout: Timed out receiving message from renderer: 19.817
  (Session info: chrome=143.0.7499.40)
Stacktrace:
#0 0x5606188f719a <unknown>
#1 0x560618374c4b <unknown>
#2 0x56061835ccf3 <unknown>
#3 0x56061835c9d6 <unknown>
#4 0x56061835a897 <unknown>
#5 0x56061835b1af <unknown>
#6 0x560618369970 <unknown>
#7 0x560618383017 <unknown>
#8 0x5606183896cb <unknown>
#9 0x56061835b8d8 <unknown>
#10 0x560618382dc3 <unknown>
#11 0x560618411f60 <unknown>
#12 0x5606183b8c42 <unknown>
#13 0x5606183b98f1 <unknown>
#14 0x5606188bff39 <unknown>
#15 0x5606188c2e7d <unknown>
#16 0x5606188a8c81 <unknown>
#17 0x5606188c3a5b <unknown>
#18 0x56061888fa50 <unknown>
#19 0x5606188e4aa8 <unknown>
#20 0x5606188e4c79 <unknown>
#21 0x5606188f64f3 <unknown>
#22 0x7f350109caa4 <unknown>
#23 0x7f3501129c6c <unknown>

2025-12-12 15:51:59,945 - ERROR - [The Hindu] All scrape strategies failed for https://www.thehindu.com/news/national/karnataka/aland-voter-fraud-chargesheet-names-former-bjp-mla-and-his-son-as-prime-accused/article70389221.ece. Falling back to RSS description.
2025-12-12 15:51:59,945 - WARNING - SKIPPED (GLOBAL WORD LIMIT): Article 'Aland voter fraud: Chargesheet names former BJP MLA and his son as prime accused' from The Hindu has only 28 words (Min: 90).
2025-12-12 15:52:16,570 - INFO - Saved article: Triple homicide: 15-year-old Texas boy kills ex-girlfriend’s younger siblings and mother | World News - The Times of India from Times of India (341 words)
2025-12-12 15:52:16,570 - INFO - [The Hindu] Article: https://www.thehindu.com/news/national/karnataka/kodagu-mp-seeks-quick-installation-of-battery-sets-for-mobile-towers/article70389644.ece
2025-12-12 15:52:16,570 - INFO - [The Hindu] Attempt 1/1: Trying with 'selenium_browser' strategy...
2025-12-12 15:52:17,141 - INFO - [The Hindu] Page content loaded.
2025-12-12 15:52:17,183 - INFO - [The Hindu] Success with 'selenium_browser'. Found content (153 words).
2025-12-12 15:52:51,351 - INFO - Saved article: Kodagu: MP seeks quick installation of battery sets for mobile towers - The Hindu from The Hindu (153 words)
2025-12-12 15:52:51,351 - INFO - [Times of India] Early skip: URL https://timesofindia.indiatimes.com/world/us/tourists-visiting-us-to-submit-five-years-of-social-media-history-is-it-because-of-jd-vance-memes/articleshow/125935020.cms already exists.
2025-12-12 15:52:51,537 - INFO - [Times of India] Early skip: URL https://timesofindia.indiatimes.com/world/us/maga-influencer-claims-third-world-non-white-people-have-low-average-iq-you-see-india-africa-/articleshow/125934910.cms already exists.
2025-12-12 15:52:51,796 - INFO - [Times of India] Article: https://timesofindia.indiatimes.com/world/middle-east/birthday-gone-wrong-young-man-arrested-by-dubai-police-for-setting-street-on-fire/articleshow/125934296.cms
2025-12-12 15:52:51,796 - INFO - [Times of India] Attempt 1/1: Trying with 'selenium_browser' strategy...
2025-12-12 15:52:52,165 - INFO - [The Hindu] Article: https://www.thehindu.com/news/national/karnataka/manikanth-rathod-condemns-blocking-of-his-social-media-accounts/article70389360.ece
2025-12-12 15:52:52,165 - INFO - [The Hindu] Attempt 1/1: Trying with 'selenium_browser' strategy...
2025-12-12 15:52:53,341 - INFO - [Times of India] Page content loaded.
2025-12-12 15:52:53,507 - INFO - [The Hindu] Page content loaded.
2025-12-12 15:52:53,538 - INFO - [Times of India] Success with 'selenium_browser'. Found content (481 words).
2025-12-12 15:52:53,843 - INFO - [The Hindu] Success with 'selenium_browser'. Found content (254 words).
2025-12-12 15:53:25,924 - CRITICAL - --- TIMEOUT: 2 scrape jobs did not complete in 300s. ---
2025-12-12 15:53:25,924 - ERROR - A thread has timed out and will be abandoned.
2025-12-12 15:53:25,924 - ERROR - A thread has timed out and will be abandoned.
2025-12-12 15:53:25,924 - INFO - Shutting down thread pool (wait=False)...
2025-12-12 15:53:25,924 - INFO - Scraped: 0 BBC, 0 The Guardian, 2 Timed_Out_Jobs articles. (Total saved: 0)
2025-12-12 15:53:25,924 - INFO - --- Scraping job finished ---
2025-12-12 15:53:25,924 - INFO - --- Scraper service stopped and database connection closed. ---
2025-12-12 15:53:25,924 - INFO - --- Main thread finished. Forcing process exit to kill zombie threads. ---
