2025-12-30 12:55:25,323 - INFO - Loading AI Semantic Model (all-MiniLM-L6-v2)...
2025-12-30 12:55:25,324 - INFO - Use pytorch device_name: cpu
2025-12-30 12:55:25,324 - INFO - Load pretrained SentenceTransformer: all-MiniLM-L6-v2
2025-12-30 12:55:26,045 - INFO - AI Model loaded successfully.
2025-12-30 12:55:26,046 - INFO - --- Scraper service started (CI Mode: Run Once) ---
2025-12-30 12:55:26,046 - INFO - --- Starting new scraping job (Parallel Mode) ---
2025-12-30 12:55:26,046 - INFO - Creating new robust session with 3 retries on 5xx/connection/read errors.
2025-12-30 12:55:26,046 - INFO - Proxy is DISABLED.
2025-12-30 12:55:26,046 - INFO - Starting scrape for BBC RSS feed: http://feeds.bbci.co.uk/news/world/rss.xml
2025-12-30 12:55:26,047 - INFO - [Times of India] (Thread) requires Selenium. Initializing driver...
2025-12-30 12:55:26,047 - INFO - Starting scrape for The Guardian RSS feed: https://www.theguardian.com/world/rss
2025-12-30 12:55:26,048 - INFO - [The Hindu] (Thread) requires Selenium. Initializing driver...
2025-12-30 12:55:26,049 - INFO - Submitted 4 jobs to thread pool. Waiting up to 300s for completion...
2025-12-30 12:55:26,266 - INFO - Found 45 articles in The Guardian RSS feed. Processing up to 30.
2025-12-30 12:55:26,267 - INFO - [The Guardian] Early skip: URL https://www.theguardian.com/sport/2025/dec/29/anthony-joshua-injured-car-crash-nigeria already exists.
2025-12-30 12:55:26,301 - INFO - Found 43 articles in BBC RSS feed. Processing up to 30.
2025-12-30 12:55:26,505 - INFO - [BBC] Early skip: URL https://www.bbc.com/news/articles/c62n922dnw7o?at_medium=RSS&at_campaign=rss already exists.
2025-12-30 12:55:26,720 - INFO - [The Guardian] Early skip: URL https://www.theguardian.com/world/2025/dec/29/more-than-3000-migrants-died-spain-figure-down already exists.
2025-12-30 12:55:26,834 - INFO - [BBC] Article: https://www.bbc.com/news/articles/cp848g51zd3o?at_medium=RSS&at_campaign=rss
2025-12-30 12:55:26,835 - INFO - [BBC] Attempt 1/1: Trying with 'requests_browser' strategy...
2025-12-30 12:55:26,836 - INFO - [The Guardian] Early skip: URL https://www.theguardian.com/world/2025/dec/28/central-african-republic-goes-to-polls-as-president-seeks-third-term already exists.
2025-12-30 12:55:26,985 - INFO - [The Guardian] Early skip: URL https://www.theguardian.com/world/2025/dec/27/guinea-junta-leader-mamady-doumbouya-frontrunner-president-election already exists.
2025-12-30 12:55:27,045 - INFO - [BBC] Success with 'requests_browser'. Found content (654 words).
2025-12-30 12:55:31,477 - INFO - Selenium driver initialized successfully.
2025-12-30 12:55:31,477 - INFO - Starting scrape for Times of India RSS feed: https://timesofindia.indiatimes.com/rssfeeds/296589292.cms
2025-12-30 12:55:31,483 - INFO - Selenium driver initialized successfully.
2025-12-30 12:55:31,483 - INFO - Starting scrape for The Hindu RSS feed: https://www.thehindu.com/news/national/feeder/default.rss
2025-12-30 12:55:31,713 - INFO - Found 100 articles in The Hindu RSS feed. Processing up to 30.
2025-12-30 12:55:31,892 - INFO - Found 20 articles in Times of India RSS feed. Processing up to 30.
2025-12-30 12:56:10,738 - INFO - DEDUPLICATION: Found match (Score: 0.72). Linking to Cluster ID: 11dc3477-60ac-4073-8011-88c0b626c3bf
2025-12-30 12:56:10,740 - INFO - Saved article: French right pushes for national tribute to film star Brigitte Bardot from BBC (654 words)
2025-12-30 12:56:10,740 - INFO - [The Guardian] Early skip: URL https://www.theguardian.com/world/2025/dec/26/israel-first-country-to-recognise-somaliland-sovereign-state already exists.
2025-12-30 12:56:11,035 - INFO - [The Hindu] Article: https://www.thehindu.com/news/cities/Hyderabad/woman-arrested-with-mdma-and-lsd-blots-in-banjara-hills/article70453107.ece
2025-12-30 12:56:11,035 - INFO - [The Hindu] Attempt 1/1: Trying with 'selenium_browser' strategy...
2025-12-30 12:56:11,036 - INFO - [Times of India] Article: https://timesofindia.indiatimes.com/world/us/if-you-break-law-us-embassy-in-indias-year-end-warning-amid-visa-delays/articleshow/126252560.cms
2025-12-30 12:56:11,036 - INFO - [Times of India] Attempt 1/1: Trying with 'selenium_browser' strategy...
2025-12-30 12:56:11,036 - INFO - [The Guardian] Early skip: URL https://www.theguardian.com/world/2025/dec/29/brazil-ex-president-jair-bolsonaro-hiccups-treatment already exists.
2025-12-30 12:56:11,202 - INFO - [The Guardian] Early skip: URL https://www.theguardian.com/world/2025/dec/29/mexico-train-derailment-oaxaca already exists.
2025-12-30 12:56:11,445 - INFO - [BBC] Early skip: URL https://www.bbc.com/news/articles/cdj8jmxyzneo?at_medium=RSS&at_campaign=rss already exists.
2025-12-30 12:56:11,635 - INFO - [The Guardian] Early skip: URL https://www.theguardian.com/us-news/2025/dec/29/trump-venezuela-facility-strike already exists.
2025-12-30 12:56:11,834 - INFO - [BBC] Early skip: URL https://www.bbc.com/news/articles/cm2v256vdkyo?at_medium=RSS&at_campaign=rss already exists.
2025-12-30 12:56:12,120 - INFO - [BBC] Early skip: URL https://www.bbc.com/news/articles/c4g5gq19n9zo?at_medium=RSS&at_campaign=rss already exists.
2025-12-30 12:56:12,370 - INFO - [BBC] Early skip: URL https://www.bbc.com/news/articles/cdxwxqrde29o?at_medium=RSS&at_campaign=rss already exists.
2025-12-30 12:56:12,642 - INFO - [The Guardian] Early skip: URL https://www.theguardian.com/world/2025/dec/26/venezuela-political-prisoner-release already exists.
2025-12-30 12:56:12,932 - INFO - [The Guardian] Early skip: URL https://www.theguardian.com/world/2025/dec/26/weather-tracker-deep-freeze-canada-us-records-warmest-christmas already exists.
2025-12-30 12:56:13,182 - INFO - [The Guardian] Early skip: URL https://www.theguardian.com/world/2025/dec/30/trump-not-worried-china-military-live-fire-drills-taiwan already exists.
2025-12-30 12:56:13,370 - INFO - [BBC] Early skip: URL https://www.bbc.com/news/articles/c8989e1wnj2o?at_medium=RSS&at_campaign=rss already exists.
2025-12-30 12:56:13,504 - INFO - [BBC] Early skip: URL https://www.bbc.com/news/articles/c4g4g5lgngvo?at_medium=RSS&at_campaign=rss already exists.
2025-12-30 12:56:13,718 - INFO - [BBC] Early skip: URL https://www.bbc.com/news/articles/c9qe9wvq534o?at_medium=RSS&at_campaign=rss already exists.
2025-12-30 12:56:13,964 - INFO - [BBC] Early skip: URL https://www.bbc.com/news/articles/cr5z5p633q5o?at_medium=RSS&at_campaign=rss already exists.
2025-12-30 12:56:14,091 - INFO - [BBC] Early skip: URL https://www.bbc.com/news/articles/cdxwxkeg9w6o?at_medium=RSS&at_campaign=rss already exists.
2025-12-30 12:56:14,259 - INFO - [BBC] Early skip: URL https://www.bbc.com/news/articles/ce8q8l08j2vo?at_medium=RSS&at_campaign=rss already exists.
2025-12-30 12:56:14,539 - INFO - [BBC] Early skip: URL https://www.bbc.com/news/articles/cp8484p7ggmo?at_medium=RSS&at_campaign=rss already exists.
2025-12-30 12:56:14,668 - INFO - [The Guardian] Early skip: URL https://www.theguardian.com/technology/2025/dec/29/softbank-digitalbridge-deal-artificial-intelligence already exists.
2025-12-30 12:56:14,944 - INFO - [BBC] Early skip: URL https://www.bbc.com/news/articles/c4g4g0y4m1do?at_medium=RSS&at_campaign=rss already exists.
2025-12-30 12:56:15,156 - INFO - [The Guardian] Early skip: URL https://www.theguardian.com/world/2025/dec/29/china-live-fire-military-drills-around-taiwan already exists.
2025-12-30 12:56:15,350 - INFO - [BBC] Early skip: URL https://www.bbc.com/news/articles/cx2g20prlg7o?at_medium=RSS&at_campaign=rss already exists.
2025-12-30 12:56:15,453 - INFO - [BBC] Early skip: URL https://www.bbc.com/news/articles/c9w7wgrk01do?at_medium=RSS&at_campaign=rss already exists.
2025-12-30 12:56:15,688 - INFO - [BBC] Early skip: URL https://www.bbc.com/news/articles/cdj8jr37y98o?at_medium=RSS&at_campaign=rss already exists.
2025-12-30 12:56:15,810 - INFO - [The Guardian] Early skip: URL https://www.theguardian.com/business/2025/dec/29/chinese-imports-uk-inflation-trump-tariffs already exists.
2025-12-30 12:56:16,054 - INFO - [BBC] Early skip: URL https://www.bbc.com/news/articles/c14v4kmg275o?at_medium=RSS&at_campaign=rss already exists.
2025-12-30 12:56:16,317 - INFO - [BBC] Early skip: URL https://www.bbc.com/news/articles/cd74pxvrp10o?at_medium=RSS&at_campaign=rss already exists.
2025-12-30 12:56:16,553 - INFO - [BBC] Early skip: URL https://www.bbc.com/news/articles/c87l7xjp235o?at_medium=RSS&at_campaign=rss already exists.
2025-12-30 12:56:16,788 - INFO - [BBC] Early skip: URL https://www.bbc.com/news/articles/c0l93lx1rx3o?at_medium=RSS&at_campaign=rss already exists.
2025-12-30 12:56:16,995 - INFO - [BBC] Early skip: URL https://www.bbc.com/news/articles/cly92pr8qryo?at_medium=RSS&at_campaign=rss already exists.
2025-12-30 12:56:17,264 - INFO - [The Guardian] Early skip: URL https://www.theguardian.com/world/2025/dec/29/osaki-japan-town-record-bear-encounters-2025 already exists.
2025-12-30 12:56:17,459 - INFO - [The Guardian] Early skip: URL https://www.theguardian.com/australia-news/2025/dec/30/pauline-hanson-travelled-to-us-on-gina-rineharts-private-jet-to-attend-cpac already exists.
2025-12-30 12:56:17,630 - INFO - [The Guardian] Early skip: URL https://www.theguardian.com/australia-news/2025/dec/30/six-charged-nsw-police-loaded-guns-sydney-taxi-ntwnfb already exists.
2025-12-30 12:56:17,788 - INFO - [The Hindu] Page content loaded.
2025-12-30 12:56:17,884 - INFO - [The Guardian] Early skip: URL https://www.theguardian.com/technology/2025/dec/30/facebook-slow-to-act-on-posts-celebrating-of-jews-anti-hate-group-says already exists.
2025-12-30 12:56:18,011 - INFO - [The Guardian] Early skip: URL https://www.theguardian.com/world/2025/dec/29/passengers-on-cruise-ship-that-ran-aground-off-png-to-be-flown-home-after-refloat-efforts-fail already exists.
2025-12-30 12:56:18,080 - INFO - [The Hindu] Success with 'selenium_browser'. Found content (350 words).
2025-12-30 12:56:18,171 - INFO - [The Guardian] Early skip: URL https://www.theguardian.com/business/2025/dec/30/coral-adventurer-cruise-ship-stuck-off-png-detained already exists.
2025-12-30 12:56:18,287 - INFO - [The Guardian] Early skip: URL https://www.theguardian.com/world/live/2025/dec/30/ukraine-russia-war-zelenskyy-putin-us-trump-eu-latest-updates already exists.
2025-12-30 12:56:18,563 - INFO - [BBC] Early skip: URL https://www.bbc.com/news/articles/ce3z3w4wy0go?at_medium=RSS&at_campaign=rss already exists.
2025-12-30 12:56:18,744 - INFO - [BBC] Early skip: URL https://www.bbc.com/news/articles/c4g6gw30epvo?at_medium=RSS&at_campaign=rss already exists.
2025-12-30 12:56:18,883 - INFO - [BBC] Early skip: URL https://www.bbc.com/news/articles/cx2328e70y7o?at_medium=RSS&at_campaign=rss already exists.
2025-12-30 12:56:31,078 - ERROR - [Times of India] Request failed for strategy 'selenium_browser' on URL https://timesofindia.indiatimes.com/world/us/if-you-break-law-us-embassy-in-indias-year-end-warning-amid-visa-delays/articleshow/126252560.cms: Message: timeout: Timed out receiving message from renderer: 19.875
  (Session info: chrome=143.0.7499.109)
Stacktrace:
#0 0x5565a1ff061a <unknown>
#1 0x5565a1a6d20b <unknown>
#2 0x5565a1a552aa <unknown>
#3 0x5565a1a54f8d <unknown>
#4 0x5565a1a52e47 <unknown>
#5 0x5565a1a5375f <unknown>
#6 0x5565a1a61f20 <unknown>
#7 0x5565a1a7b5e7 <unknown>
#8 0x5565a1a81c9b <unknown>
#9 0x5565a1a53e88 <unknown>
#10 0x5565a1a7b356 <unknown>
#11 0x5565a1b0a580 <unknown>
#12 0x5565a1ab1232 <unknown>
#13 0x5565a1ab1ee1 <unknown>
#14 0x5565a1fb93f9 <unknown>
#15 0x5565a1fbc34d <unknown>
#16 0x5565a1fa2122 <unknown>
#17 0x5565a1fbcf2b <unknown>
#18 0x5565a1f88c30 <unknown>
#19 0x5565a1fddd78 <unknown>
#20 0x5565a1fddf4c <unknown>
#21 0x5565a1fef973 <unknown>
#22 0x7f810d29caa4 <unknown>
#23 0x7f810d329c6c <unknown>

2025-12-30 12:56:31,078 - ERROR - [Times of India] All scrape strategies failed for https://timesofindia.indiatimes.com/world/us/if-you-break-law-us-embassy-in-indias-year-end-warning-amid-visa-delays/articleshow/126252560.cms. Falling back to RSS description.
2025-12-30 12:56:31,078 - WARNING - SKIPPED (GLOBAL WORD LIMIT): Article ''If you break law...': US embassy in India's year-end warning amid visa delays' from Times of India has only 3 words (Min: 90).
2025-12-30 12:57:09,061 - INFO - Saved article: Woman arrested with MDMA and LSD blots in Banjara Hills - The Hindu from The Hindu (350 words)
2025-12-30 12:57:09,062 - INFO - [The Guardian] Article: https://www.theguardian.com/business/2025/dec/30/eurostar-trains-cancelled-delayed-channel-tunnel-le-shuttle
2025-12-30 12:57:09,062 - INFO - [The Guardian] Attempt 1/1: Trying with 'requests_browser' strategy...
2025-12-30 12:57:09,064 - INFO - [BBC] Early skip: URL https://www.bbc.com/news/articles/cdj817m37rgo?at_medium=RSS&at_campaign=rss already exists.
2025-12-30 12:57:09,092 - INFO - [The Guardian] Success with 'requests_browser'. Found content (185 words).
2025-12-30 12:57:09,171 - INFO - [Times of India] Article: https://timesofindia.indiatimes.com/world/us-streamers/is-faze-clans-richard-bengston-banks-leaving-streaming-for-life-on-a-remote-island-cryptic-posts-spark-speculation/articleshow/126250931.cms
2025-12-30 12:57:09,172 - INFO - [Times of India] Attempt 1/1: Trying with 'selenium_browser' strategy...
2025-12-30 12:57:22,295 - WARNING - [Times of India] Page timed out (10s). Proceeding anyway.
2025-12-30 12:57:22,509 - INFO - [Times of India] Success with 'selenium_browser'. Found content (405 words).
2025-12-30 12:58:00,616 - INFO - Saved article: Eurostar trains cancelled and delayed due to Channel tunnel problem | Eurostar | The Guardian from The Guardian (185 words)
2025-12-30 12:58:00,616 - INFO - [BBC] Early skip: URL https://www.bbc.com/news/articles/cy7vly6gm76o?at_medium=RSS&at_campaign=rss already exists.
2025-12-30 12:58:00,826 - INFO - [The Hindu] Article: https://www.thehindu.com/news/national/karnataka/large-crowds-throng-vaishnava-temples-in-mysuru-on-vaikunta-ekadasi/article70452816.ece
2025-12-30 12:58:00,826 - INFO - [The Hindu] Attempt 1/1: Trying with 'selenium_browser' strategy...
2025-12-30 12:58:02,856 - INFO - [The Hindu] Page content loaded.
2025-12-30 12:58:03,000 - INFO - [The Hindu] Success with 'selenium_browser'. Found content (335 words).
2025-12-30 12:58:47,811 - INFO - Saved article: Is FaZe Clan’s Richard Bengston “Banks” leaving streaming for life on a remote island? Cryptic posts spark speculation - The Times of India from Times of India (405 words)
2025-12-30 12:58:47,811 - INFO - [BBC] Early skip: URL https://www.bbc.com/news/articles/cre3pdxde7vo?at_medium=RSS&at_campaign=rss already exists.
2025-12-30 12:58:48,057 - INFO - [The Guardian] Early skip: URL https://www.theguardian.com/world/2025/dec/29/volodymyr-zelenskyy-donald-trump-us-security-guarantees-ukraine already exists.
2025-12-30 12:59:33,343 - INFO - DEDUPLICATION: Found match (Score: 0.74). Linking to Cluster ID: f3e82f5a-2f69-40e8-bd51-28e4fd891976
2025-12-30 12:59:33,345 - INFO - Saved article: Large crowds throng Vaishnava temples in Mysuru on Vaikunta Ekadasi - The Hindu from The Hindu (335 words)
2025-12-30 12:59:33,345 - INFO - [BBC] Early skip: URL https://www.bbc.com/news/articles/c997j105941o?at_medium=RSS&at_campaign=rss already exists.
2025-12-30 12:59:33,457 - INFO - [The Guardian] Early skip: URL https://www.theguardian.com/film/2025/dec/29/george-clooney-wife-amal-granted-french-citizenship already exists.
2025-12-30 12:59:33,703 - INFO - [Times of India] Article: https://timesofindia.indiatimes.com/world/south-asia/shot-by-his-colleague-another-hindu-man-killed-in-bangladesh-3rd-incident-in-two-weeks/articleshow/126252085.cms
2025-12-30 12:59:33,703 - INFO - [Times of India] Attempt 1/1: Trying with 'selenium_browser' strategy...
2025-12-30 12:59:33,703 - INFO - [BBC] Early skip: URL https://www.bbc.com/news/articles/c1479kved95o?at_medium=RSS&at_campaign=rss already exists.
2025-12-30 12:59:33,971 - INFO - [The Guardian] Early skip: URL https://www.theguardian.com/world/live/2025/dec/29/ukraine-war-russia-us-zelenskyy-trump-security-guarantees-latest-news-updates already exists.
2025-12-30 12:59:34,106 - INFO - [The Guardian] Early skip: URL https://www.theguardian.com/world/2025/dec/30/saudi-arabia-bombs-yemen-over-weapons-shipment-alleged-uae already exists.
2025-12-30 12:59:34,217 - INFO - [The Hindu] Article: https://www.thehindu.com/news/national/kerala/sit-questions-former-devaswom-minister-kadakampally-surendran-and-former-tdb-president-p-prasanth-in-the-sabarimala-gold-theft-case/article70452954.ece
2025-12-30 12:59:34,217 - INFO - [The Hindu] Attempt 1/1: Trying with 'selenium_browser' strategy...
2025-12-30 12:59:34,218 - INFO - [The Guardian] Early skip: URL https://www.theguardian.com/world/2025/dec/29/gaza-ceasefire-hinges-return-last-israeli-hostage-netanyahu-trump already exists.
2025-12-30 12:59:34,481 - INFO - [The Guardian] Early skip: URL https://www.theguardian.com/world/2025/dec/29/netanyahu-to-meet-trump-in-us-amid-fears-of-israeli-regional-offensives already exists.
2025-12-30 12:59:34,535 - INFO - [Times of India] Page content loaded.
2025-12-30 12:59:34,632 - INFO - [The Guardian] Early skip: URL https://www.theguardian.com/world/2025/dec/29/what-did-alaa-abd-el-fattah-say-past-social-media-posts-why-backlash already exists.
2025-12-30 12:59:34,690 - INFO - [Times of India] Success with 'selenium_browser'. Found content (330 words).
2025-12-30 12:59:39,555 - INFO - [The Hindu] Page content loaded.
2025-12-30 12:59:39,756 - INFO - [The Hindu] Success with 'selenium_browser'. Found content (398 words).
2025-12-30 13:00:26,049 - CRITICAL - --- TIMEOUT: 3 scrape jobs did not complete in 300s. ---
2025-12-30 13:00:26,050 - ERROR - A thread has timed out and will be abandoned.
2025-12-30 13:00:26,050 - ERROR - A thread has timed out and will be abandoned.
2025-12-30 13:00:26,050 - ERROR - A thread has timed out and will be abandoned.
2025-12-30 13:00:26,050 - INFO - Shutting down thread pool (wait=False)...
2025-12-30 13:00:26,050 - INFO - Scraped: 1 BBC, 3 Timed_Out_Jobs articles. (Total saved: 1)
2025-12-30 13:00:26,050 - INFO - --- Scraping job finished ---
2025-12-30 13:00:26,050 - INFO - --- Scraper service stopped and database connection closed. ---
2025-12-30 13:00:26,051 - INFO - --- Main thread finished. Forcing process exit to kill zombie threads. ---
