2025-12-18 16:37:19,254 - INFO - Loading AI Semantic Model (all-MiniLM-L6-v2)...
2025-12-18 16:37:19,255 - INFO - Use pytorch device_name: cpu
2025-12-18 16:37:19,255 - INFO - Load pretrained SentenceTransformer: all-MiniLM-L6-v2
2025-12-18 16:37:20,018 - INFO - AI Model loaded successfully.
2025-12-18 16:37:20,018 - INFO - --- Scraper service started (CI Mode: Run Once) ---
2025-12-18 16:37:20,018 - INFO - --- Starting new scraping job (Parallel Mode) ---
2025-12-18 16:37:20,018 - INFO - Creating new robust session with 3 retries on 5xx/connection/read errors.
2025-12-18 16:37:20,019 - INFO - Proxy is DISABLED.
2025-12-18 16:37:20,019 - INFO - Starting scrape for BBC RSS feed: http://feeds.bbci.co.uk/news/world/rss.xml
2025-12-18 16:37:20,020 - INFO - [Times of India] (Thread) requires Selenium. Initializing driver...
2025-12-18 16:37:20,020 - INFO - Starting scrape for The Guardian RSS feed: https://www.theguardian.com/world/rss
2025-12-18 16:37:20,022 - INFO - [The Hindu] (Thread) requires Selenium. Initializing driver...
2025-12-18 16:37:20,022 - INFO - Submitted 4 jobs to thread pool. Waiting up to 300s for completion...
2025-12-18 16:37:20,116 - INFO - Found 45 articles in The Guardian RSS feed. Processing up to 30.
2025-12-18 16:37:20,117 - INFO - [The Guardian] Early skip: URL https://www.theguardian.com/global-development/2025/dec/18/morocco-genz212-protests-police-mass-arrests-beatings-detentions-rights already exists.
2025-12-18 16:37:20,283 - INFO - [The Guardian] Early skip: URL https://www.theguardian.com/world/2025/dec/16/five-key-moments-in-the-assault-on-the-rights-of-women-and-girls-in-2025 already exists.
2025-12-18 16:37:20,435 - INFO - [The Guardian] Early skip: URL https://www.theguardian.com/world/2025/dec/16/south-africa-russia-men-tricked-fighting-ukraine already exists.
2025-12-18 16:37:20,443 - INFO - Found 29 articles in BBC RSS feed. Processing up to 30.
2025-12-18 16:37:20,689 - INFO - [BBC] Early skip: URL https://www.bbc.com/news/articles/c9vjlj1ezpgo?at_medium=RSS&at_campaign=rss already exists.
2025-12-18 16:37:20,821 - INFO - [The Guardian] Early skip: URL https://www.theguardian.com/world/2025/dec/16/libya-national-museum-reopens already exists.
2025-12-18 16:37:21,051 - INFO - [The Guardian] Early skip: URL https://www.theguardian.com/education/2025/dec/14/ghana-students-uk-universities-face-deportion-funding-crisis already exists.
2025-12-18 16:37:21,350 - INFO - [BBC] Early skip: URL https://www.bbc.com/news/articles/c2epv08xwz7o?at_medium=RSS&at_campaign=rss already exists.
2025-12-18 16:37:21,505 - INFO - [The Guardian] Early skip: URL https://www.theguardian.com/world/2025/dec/18/brazilian-congress-passes-bill-cut-jair-bolsonaro-prison-term already exists.
2025-12-18 16:37:21,689 - INFO - [BBC] Early skip: URL https://www.bbc.com/news/articles/cp9kv9lld38o?at_medium=RSS&at_campaign=rss already exists.
2025-12-18 16:37:21,816 - INFO - [The Guardian] Early skip: URL https://www.theguardian.com/world/2025/dec/18/canada-immigration-population-analysis already exists.
2025-12-18 16:37:22,085 - INFO - [BBC] Early skip: URL https://www.bbc.com/news/articles/cd0krr3jrkjo?at_medium=RSS&at_campaign=rss already exists.
2025-12-18 16:37:22,350 - INFO - [The Guardian] Early skip: URL https://www.theguardian.com/us-news/2025/dec/17/military-strike-pacific-hegseth already exists.
2025-12-18 16:37:22,508 - INFO - [BBC] Early skip: URL https://www.bbc.com/news/articles/cgmneem1e89o?at_medium=RSS&at_campaign=rss already exists.
2025-12-18 16:37:22,689 - INFO - [BBC] Early skip: URL https://www.bbc.com/news/articles/c8e9j84008jo?at_medium=RSS&at_campaign=rss already exists.
2025-12-18 16:37:22,830 - INFO - [The Guardian] Early skip: URL https://www.theguardian.com/world/2025/dec/17/canada-population-drop-international-students already exists.
2025-12-18 16:37:22,957 - INFO - [BBC] Early skip: URL https://www.bbc.com/news/articles/ce86j7n6d3do?at_medium=RSS&at_campaign=rss already exists.
2025-12-18 16:37:23,188 - INFO - [The Guardian] Early skip: URL https://www.theguardian.com/world/2025/dec/17/canada-polar-bear-adopts-new-cub already exists.
2025-12-18 16:37:23,402 - INFO - [BBC] Early skip: URL https://www.bbc.com/news/articles/czxgrl4937yo?at_medium=RSS&at_campaign=rss already exists.
2025-12-18 16:37:23,639 - INFO - [The Guardian] Early skip: URL https://www.theguardian.com/world/2025/dec/18/us-announces-more-than-10bn-of-arms-sales-to-taiwan already exists.
2025-12-18 16:37:23,796 - INFO - [BBC] Early skip: URL https://www.bbc.com/news/articles/ce86j7n6d3do?at_medium=RSS&at_campaign=rss already exists.
2025-12-18 16:37:23,910 - INFO - [The Guardian] Early skip: URL https://www.theguardian.com/environment/2025/dec/18/smart-bins-measuring-food-waste-south-korea already exists.
2025-12-18 16:37:24,170 - INFO - [BBC] Early skip: URL https://www.bbc.com/news/articles/cx239pp7gl7o?at_medium=RSS&at_campaign=rss already exists.
2025-12-18 16:37:24,278 - INFO - [The Guardian] Early skip: URL https://www.theguardian.com/world/2025/dec/18/china-to-raise-tax-condoms-boost-birth-rate already exists.
2025-12-18 16:37:24,570 - INFO - [BBC] Early skip: URL https://www.bbc.com/news/articles/cvgj0p5yl92o?at_medium=RSS&at_campaign=rss already exists.
2025-12-18 16:37:24,719 - INFO - [The Guardian] Early skip: URL https://www.theguardian.com/australia-news/2025/dec/17/bondi-terror-suspects-spent-whole-philippines-visit-in-city-and-rarely-left-hotel-staff-and-police-say already exists.
2025-12-18 16:37:24,997 - INFO - [BBC] Early skip: URL https://www.bbc.com/news/articles/c74xvp00wj3o?at_medium=RSS&at_campaign=rss already exists.
2025-12-18 16:37:25,234 - INFO - [The Guardian] Early skip: URL https://www.theguardian.com/world/2025/dec/16/trump-urges-xi-jinping-to-free-hk-pro-democracy-media-tycoon-jimmy-lai already exists.
2025-12-18 16:37:25,435 - INFO - [BBC] Early skip: URL https://www.bbc.com/news/articles/c4gej5ezyypo?at_medium=RSS&at_campaign=rss already exists.
2025-12-18 16:37:25,731 - INFO - [The Guardian] Early skip: URL https://www.theguardian.com/australia-news/2025/dec/19/social-media-companies-allowed-antisemitic-hate-to-flow-unchecked-australias-race-discrimination-commissioner-says-ntwnfb already exists.
2025-12-18 16:37:25,910 - INFO - [BBC] Early skip: URL https://www.bbc.com/sport/football/articles/cwyvdrkd9j7o?at_medium=RSS&at_campaign=rss already exists.
2025-12-18 16:37:26,099 - INFO - [The Guardian] Early skip: URL https://www.theguardian.com/australia-news/2025/dec/18/peak-jewish-body-anthony-albanese-antisemitism-hate-speech-bondi-beach-terror-attack-ntwnfb already exists.
2025-12-18 16:37:26,353 - INFO - [BBC] Early skip: URL https://www.bbc.com/news/articles/c865exedy24o?at_medium=RSS&at_campaign=rss already exists.
2025-12-18 16:37:26,552 - INFO - [The Guardian] Early skip: URL https://www.theguardian.com/australia-news/2025/dec/18/former-townsville-mayor-troy-thompson-epilepsy-claim-electromagnetic-pulse-bracelet-ntwnfb already exists.
2025-12-18 16:37:26,786 - INFO - [BBC] Early skip: URL https://www.bbc.com/news/articles/cx2e6r10rdeo?at_medium=RSS&at_campaign=rss already exists.
2025-12-18 16:37:26,994 - INFO - [The Guardian] Early skip: URL https://www.theguardian.com/australia-news/2025/dec/18/calls-for-nsw-government-to-remove-recreational-hunting-as-a-reason-to-own-firearms-after-bondi-massacre already exists.
2025-12-18 16:37:27,170 - INFO - [BBC] Early skip: URL https://www.bbc.com/news/articles/cx2p4vw595jo?at_medium=RSS&at_campaign=rss already exists.
2025-12-18 16:37:27,415 - INFO - [BBC] Early skip: URL https://www.bbc.com/news/articles/c1kpr0dg130o?at_medium=RSS&at_campaign=rss already exists.
2025-12-18 16:37:27,653 - INFO - [BBC] Early skip: URL https://www.bbc.com/news/articles/c2468q3y75vo?at_medium=RSS&at_campaign=rss already exists.
2025-12-18 16:37:27,925 - INFO - [The Guardian] Early skip: URL https://www.theguardian.com/australia-news/live/2025/dec/18/bondi-terror-attack-beach-shooting-live-updates-victims-terror-gunmen-naveed-akram-sajid-asio-antisemitism-anthony-albanese-ntwnfb already exists.
2025-12-18 16:37:28,033 - INFO - [BBC] Early skip: URL https://www.bbc.com/news/articles/c98nm1ry38jo?at_medium=RSS&at_campaign=rss already exists.
2025-12-18 16:37:28,204 - INFO - [The Guardian] Early skip: URL https://www.theguardian.com/world/live/2025/dec/18/eu-frozen-russian-assets-ukraine-war-europe-latest-news-updates already exists.
2025-12-18 16:37:28,495 - INFO - [BBC] Early skip: URL https://www.bbc.com/news/articles/c1dz6wgn2w9o?at_medium=RSS&at_campaign=rss already exists.
2025-12-18 16:37:28,633 - INFO - [The Guardian] Early skip: URL https://www.theguardian.com/film/2025/dec/18/why-isnt-everyone-talking-about-domhnall-gleeson-irish-actor-wins-first-hollywood-award already exists.
2025-12-18 16:37:28,752 - INFO - [BBC] Early skip: URL https://www.bbc.com/news/articles/cgl66ez489po?at_medium=RSS&at_campaign=rss already exists.
2025-12-18 16:37:29,046 - INFO - [The Guardian] Early skip: URL https://www.theguardian.com/business/2025/dec/18/greensill-germany-bremen-banking-finances-law already exists.
2025-12-18 16:37:29,256 - INFO - [BBC] Early skip: URL https://www.bbc.com/news/articles/c4g562vz34ro?at_medium=RSS&at_campaign=rss already exists.
2025-12-18 16:37:29,453 - INFO - [The Guardian] Early skip: URL https://www.theguardian.com/world/2025/dec/18/german-pensioner-lays-trap-catch-fraudsters-after-gold already exists.
2025-12-18 16:37:29,611 - INFO - [The Guardian] Early skip: URL https://www.theguardian.com/world/2025/dec/18/guggenheim-museum-scraps-basque-country-expansion-plan-after-local-protests already exists.
2025-12-18 16:37:29,753 - INFO - [BBC] Early skip: URL https://www.bbc.com/news/articles/cyvg17y24jmo?at_medium=RSS&at_campaign=rss already exists.
2025-12-18 16:37:29,891 - INFO - [BBC] Early skip: URL https://www.bbc.com/news/articles/cvgr488vlmmo?at_medium=RSS&at_campaign=rss already exists.
2025-12-18 16:37:30,011 - INFO - [The Guardian] Early skip: URL https://www.theguardian.com/world/2025/dec/18/rainfall-iran-hormuz-island-red-beach already exists.
2025-12-18 16:37:30,235 - INFO - [BBC] Early skip: URL https://www.bbc.com/news/videos/clyx60v23g6o?at_medium=RSS&at_campaign=rss already exists.
2025-12-18 16:37:30,485 - INFO - [The Guardian] Early skip: URL https://www.theguardian.com/world/2025/dec/18/saudi-backed-forces-yemen-border-separatists-stc already exists.
2025-12-18 16:37:30,702 - INFO - [BBC] Article: https://www.bbc.com/news/videos/c5yjvx4vp5do?at_medium=RSS&at_campaign=rss
2025-12-18 16:37:30,702 - INFO - [BBC] Attempt 1/1: Trying with 'requests_browser' strategy...
2025-12-18 16:37:30,703 - INFO - [The Guardian] Early skip: URL https://www.theguardian.com/us-news/2025/dec/17/peter-arnett-dead-vietnam-gulf-war already exists.
2025-12-18 16:37:30,827 - INFO - [The Guardian] Early skip: URL https://www.theguardian.com/world/2025/dec/16/victims-iran-crackdown-criminal-complaint-officials already exists.
2025-12-18 16:37:30,904 - WARNING - [BBC] FAILED with 'requests_browser' (content was too short: 77 words).
2025-12-18 16:37:30,904 - ERROR - [BBC] All scrape strategies failed for https://www.bbc.com/news/videos/c5yjvx4vp5do?at_medium=RSS&at_campaign=rss. Falling back to RSS description.
2025-12-18 16:37:30,904 - WARNING - SKIPPED (GLOBAL WORD LIMIT): Article 'Mourners pay tribute to Rabbi Schlanger during funeral' from BBC has only 17 words (Min: 90).
2025-12-18 16:37:31,073 - INFO - [The Guardian] Early skip: URL https://www.theguardian.com/world/2025/dec/16/syria-ahmed-al-ahmed-who-disarmed-bondi-shooter-lauded-in-home-town already exists.
2025-12-18 16:37:31,610 - INFO - [BBC] Article: https://www.bbc.com/news/videos/cn81dzj79glo?at_medium=RSS&at_campaign=rss
2025-12-18 16:37:31,610 - INFO - [BBC] Attempt 1/1: Trying with 'requests_browser' strategy...
2025-12-18 16:37:31,656 - WARNING - [BBC] FAILED with 'requests_browser' (content was too short: 63 words).
2025-12-18 16:37:31,656 - ERROR - [BBC] All scrape strategies failed for https://www.bbc.com/news/videos/cn81dzj79glo?at_medium=RSS&at_campaign=rss. Falling back to RSS description.
2025-12-18 16:37:31,656 - WARNING - SKIPPED (GLOBAL WORD LIMIT): Article 'Watch: Moment Nick Reiner is arrested after being seen in convenience store' from BBC has only 25 words (Min: 90).
2025-12-18 16:37:32,948 - INFO - [BBC] Article: https://www.bbc.com/news/videos/c8jw3841vk9o?at_medium=RSS&at_campaign=rss
2025-12-18 16:37:32,948 - INFO - [BBC] Attempt 1/1: Trying with 'requests_browser' strategy...
2025-12-18 16:37:32,993 - WARNING - [BBC] FAILED with 'requests_browser' (content was too short: 60 words).
2025-12-18 16:37:32,993 - ERROR - [BBC] All scrape strategies failed for https://www.bbc.com/news/videos/c8jw3841vk9o?at_medium=RSS&at_campaign=rss. Falling back to RSS description.
2025-12-18 16:37:32,993 - WARNING - SKIPPED (GLOBAL WORD LIMIT): Article 'BBC captures celebrations as Belarus frees political prisoners' from BBC has only 18 words (Min: 90).
2025-12-18 16:37:33,923 - INFO - Selenium driver initialized successfully.
2025-12-18 16:37:33,923 - INFO - Selenium driver initialized successfully.
2025-12-18 16:37:33,923 - INFO - Starting scrape for The Hindu RSS feed: https://www.thehindu.com/news/national/feeder/default.rss
2025-12-18 16:37:33,923 - INFO - Starting scrape for Times of India RSS feed: https://timesofindia.indiatimes.com/rssfeeds/296589292.cms
2025-12-18 16:37:34,156 - INFO - Found 20 articles in Times of India RSS feed. Processing up to 30.
2025-12-18 16:37:34,157 - INFO - [Times of India] Article: https://timesofindia.indiatimes.com/world/us/burn-in-the-usa-trump-admin-to-speed-up-denaturalization/articleshow/126060779.cms
2025-12-18 16:37:34,157 - INFO - [Times of India] Attempt 1/1: Trying with 'selenium_browser' strategy...
2025-12-18 16:37:34,902 - INFO - Found 100 articles in The Hindu RSS feed. Processing up to 30.
2025-12-18 16:37:34,903 - INFO - [The Hindu] Article: https://www.thehindu.com/news/national/tamil-nadu/nlc-india-renewables-limited-signs-power-purchase-agreement-with-sjvnl/article70410686.ece
2025-12-18 16:37:34,903 - INFO - [The Hindu] Attempt 1/1: Trying with 'selenium_browser' strategy...
2025-12-18 16:37:54,209 - ERROR - [Times of India] Request failed for strategy 'selenium_browser' on URL https://timesofindia.indiatimes.com/world/us/burn-in-the-usa-trump-admin-to-speed-up-denaturalization/articleshow/126060779.cms: Message: timeout: Timed out receiving message from renderer: 19.665
  (Session info: chrome=143.0.7499.109)
Stacktrace:
#0 0x562147d749aa <unknown>
#1 0x5621477a92db <unknown>
#2 0x56214779137a <unknown>
#3 0x56214779105d <unknown>
#4 0x56214778ef20 <unknown>
#5 0x56214778f82f <unknown>
#6 0x56214779dff0 <unknown>
#7 0x5621477b76a7 <unknown>
#8 0x5621477bdd5b <unknown>
#9 0x56214778ff58 <unknown>
#10 0x5621477b745a <unknown>
#11 0x5621478464b1 <unknown>
#12 0x5621477ed112 <unknown>
#13 0x5621477eddc1 <unknown>
#14 0x562147d3d609 <unknown>
#15 0x562147d4054d <unknown>
#16 0x562147d26331 <unknown>
#17 0x562147d4111b <unknown>
#18 0x562147d0cff0 <unknown>
#19 0x562147d61d98 <unknown>
#20 0x562147d61f69 <unknown>
#21 0x562147d73d03 <unknown>
#22 0x7fed0429caa4 <unknown>
#23 0x7fed04329c6c <unknown>

2025-12-18 16:37:54,209 - ERROR - [Times of India] All scrape strategies failed for https://timesofindia.indiatimes.com/world/us/burn-in-the-usa-trump-admin-to-speed-up-denaturalization/articleshow/126060779.cms. Falling back to RSS description.
2025-12-18 16:37:54,209 - WARNING - SKIPPED (GLOBAL WORD LIMIT): Article 'Burn in the USA: Trump admin to speed up denaturalization' from Times of India has only 3 words (Min: 90).
2025-12-18 16:37:54,917 - ERROR - [The Hindu] Request failed for strategy 'selenium_browser' on URL https://www.thehindu.com/news/national/tamil-nadu/nlc-india-renewables-limited-signs-power-purchase-agreement-with-sjvnl/article70410686.ece: Message: timeout: Timed out receiving message from renderer: 19.835
  (Session info: chrome=143.0.7499.109)
Stacktrace:
#0 0x55eb1ea209aa <unknown>
#1 0x55eb1e4552db <unknown>
#2 0x55eb1e43d37a <unknown>
#3 0x55eb1e43d05d <unknown>
#4 0x55eb1e43af20 <unknown>
#5 0x55eb1e43b82f <unknown>
#6 0x55eb1e449ff0 <unknown>
#7 0x55eb1e4636a7 <unknown>
#8 0x55eb1e469d5b <unknown>
#9 0x55eb1e43bf58 <unknown>
#10 0x55eb1e46345a <unknown>
#11 0x55eb1e4f24b1 <unknown>
#12 0x55eb1e499112 <unknown>
#13 0x55eb1e499dc1 <unknown>
#14 0x55eb1e9e9609 <unknown>
#15 0x55eb1e9ec54d <unknown>
#16 0x55eb1e9d2331 <unknown>
#17 0x55eb1e9ed11b <unknown>
#18 0x55eb1e9b8ff0 <unknown>
#19 0x55eb1ea0dd98 <unknown>
#20 0x55eb1ea0df69 <unknown>
#21 0x55eb1ea1fd03 <unknown>
#22 0x7fead249caa4 <unknown>
#23 0x7fead2529c6c <unknown>

2025-12-18 16:37:54,917 - ERROR - [The Hindu] All scrape strategies failed for https://www.thehindu.com/news/national/tamil-nadu/nlc-india-renewables-limited-signs-power-purchase-agreement-with-sjvnl/article70410686.ece. Falling back to RSS description.
2025-12-18 16:37:54,917 - WARNING - SKIPPED (GLOBAL WORD LIMIT): Article 'NLC India Renewables Limited signs Power Purchase Agreement with SJVNL ' from The Hindu has only 3 words (Min: 90).
2025-12-18 16:37:55,502 - INFO - [Times of India] Article: https://timesofindia.indiatimes.com/world/us/absolutely-trump-says-he-would-denaturalize-100-200-people-per-month-in-2026-if-/articleshow/126060401.cms
2025-12-18 16:37:55,502 - INFO - [Times of India] Attempt 1/1: Trying with 'selenium_browser' strategy...
2025-12-18 16:37:55,587 - INFO - [The Hindu] Article: https://www.thehindu.com/news/national/telangana/congress-holds-protest-against-bjp-on-national-herald-case/article70412626.ece
2025-12-18 16:37:55,587 - INFO - [The Hindu] Attempt 1/1: Trying with 'selenium_browser' strategy...
2025-12-18 16:37:56,702 - INFO - [Times of India] Page content loaded.
2025-12-18 16:37:57,002 - INFO - [Times of India] Success with 'selenium_browser'. Found content (310 words).
2025-12-18 16:37:57,035 - INFO - [The Hindu] Page content loaded.
2025-12-18 16:37:57,310 - INFO - [The Hindu] Success with 'selenium_browser'. Found content (212 words).
2025-12-18 16:38:38,783 - INFO - Saved article: 'Absolutely': Trump says he would denaturalize 100-200 people per month in 2026 if... - The Times of India from Times of India (310 words)
2025-12-18 16:39:15,606 - INFO - DEDUPLICATION: Found match (Score: 0.71). Linking to Cluster ID: 6e8c988b-54ec-444e-a497-b787cd3394cb
2025-12-18 16:39:15,609 - INFO - Saved article: Congress holds protest against BJP on National Herald case - The Hindu from The Hindu (212 words)
2025-12-18 16:39:15,609 - INFO - [Times of India] Article: https://timesofindia.indiatimes.com/world/us-streamers/completely-ignorant-inside-the-ball-and-gun-gamer-debate-and-why-the-black-hokage-is-critical-of-the-modern-gaming-culture-at-large/articleshow/126060274.cms
2025-12-18 16:39:15,609 - INFO - [Times of India] Attempt 1/1: Trying with 'selenium_browser' strategy...
2025-12-18 16:39:16,733 - INFO - [The Hindu] Article: https://www.thehindu.com/news/national/chhattisgarh/mob-vandalises-prayer-hall-over-burial-dispute-in-bastar/article70412766.ece
2025-12-18 16:39:16,733 - INFO - [The Hindu] Attempt 1/1: Trying with 'selenium_browser' strategy...
2025-12-18 16:39:19,359 - INFO - [The Hindu] Page content loaded.
2025-12-18 16:39:19,644 - INFO - [The Hindu] Success with 'selenium_browser'. Found content (442 words).
2025-12-18 16:39:27,072 - WARNING - [Times of India] Page timed out (10s). Proceeding anyway.
2025-12-18 16:39:27,395 - INFO - [Times of India] Success with 'selenium_browser'. Found content (435 words).
2025-12-18 16:39:56,269 - INFO - Saved article: Mob vandalises prayer hall over burial dispute in Bastar - The Hindu from The Hindu (442 words)
2025-12-18 16:40:31,062 - INFO - Saved article: “Completely ignorant”: Inside the ‘ball and gun’ gamer debate and why The Black Hokage is critical of the modern gaming culture at large - The Times of India from Times of India (435 words)
2025-12-18 16:40:31,062 - INFO - [The Hindu] Article: https://www.thehindu.com/news/national/andhra-pradesh/minister-rebuts-bhumanas-charges-on-land-allotment-to-oberoi-group-in-tirupati/article70412756.ece
2025-12-18 16:40:31,062 - INFO - [The Hindu] Attempt 1/1: Trying with 'selenium_browser' strategy...
2025-12-18 16:40:31,939 - INFO - [The Hindu] Page content loaded.
2025-12-18 16:40:31,995 - INFO - [The Hindu] Success with 'selenium_browser'. Found content (534 words).
2025-12-18 16:41:09,505 - INFO - Saved article: Minister rebuts Bhumana's charges on land allotment to Oberoi Group in Tirupati - The Hindu from The Hindu (534 words)
2025-12-18 16:41:09,505 - INFO - [Times of India] Article: https://timesofindia.indiatimes.com/world/us/indian-origin-techie-at-centre-of-anti-india-hate-hackathon-says-he-has-landed-his-dream-job-at-xai/articleshow/126060233.cms
2025-12-18 16:41:09,505 - INFO - [Times of India] Attempt 1/1: Trying with 'selenium_browser' strategy...
2025-12-18 16:41:10,135 - INFO - [Times of India] Page content loaded.
2025-12-18 16:41:10,252 - INFO - [Times of India] Success with 'selenium_browser'. Found content (269 words).
2025-12-18 16:41:47,987 - INFO - Saved article: Indian-origin techie at centre of anti-India hate hackathon says he has landed his dream job at xAI | World News - The Times of India from Times of India (269 words)
2025-12-18 16:41:47,987 - INFO - [The Hindu] Article: https://www.thehindu.com/news/national/nia-arrests-another-key-accused-in-delhi-car-bombing/article70411926.ece
2025-12-18 16:41:47,987 - INFO - [The Hindu] Attempt 1/1: Trying with 'selenium_browser' strategy...
2025-12-18 16:41:48,973 - INFO - [The Hindu] Page content loaded.
2025-12-18 16:41:49,071 - INFO - [The Hindu] Success with 'selenium_browser'. Found content (245 words).
2025-12-18 16:42:20,022 - CRITICAL - --- TIMEOUT: 2 scrape jobs did not complete in 300s. ---
2025-12-18 16:42:20,022 - ERROR - A thread has timed out and will be abandoned.
2025-12-18 16:42:20,022 - ERROR - A thread has timed out and will be abandoned.
2025-12-18 16:42:20,022 - INFO - Shutting down thread pool (wait=False)...
2025-12-18 16:42:20,022 - INFO - Scraped: 0 BBC, 0 The Guardian, 2 Timed_Out_Jobs articles. (Total saved: 0)
2025-12-18 16:42:20,023 - INFO - --- Scraping job finished ---
2025-12-18 16:42:20,023 - INFO - --- Scraper service stopped and database connection closed. ---
2025-12-18 16:42:20,023 - INFO - --- Main thread finished. Forcing process exit to kill zombie threads. ---
