2025-12-29 23:25:10,427 - INFO - Loading AI Semantic Model (all-MiniLM-L6-v2)...
2025-12-29 23:25:10,427 - INFO - Use pytorch device_name: cpu
2025-12-29 23:25:10,428 - INFO - Load pretrained SentenceTransformer: all-MiniLM-L6-v2
2025-12-29 23:25:11,254 - INFO - AI Model loaded successfully.
2025-12-29 23:25:11,255 - INFO - --- Scraper service started (CI Mode: Run Once) ---
2025-12-29 23:25:11,255 - INFO - --- Starting new scraping job (Parallel Mode) ---
2025-12-29 23:25:11,255 - INFO - Creating new robust session with 3 retries on 5xx/connection/read errors.
2025-12-29 23:25:11,255 - INFO - Proxy is DISABLED.
2025-12-29 23:25:11,255 - INFO - Starting scrape for BBC RSS feed: http://feeds.bbci.co.uk/news/world/rss.xml
2025-12-29 23:25:11,256 - INFO - [Times of India] (Thread) requires Selenium. Initializing driver...
2025-12-29 23:25:11,257 - INFO - Starting scrape for The Guardian RSS feed: https://www.theguardian.com/world/rss
2025-12-29 23:25:11,258 - INFO - [The Hindu] (Thread) requires Selenium. Initializing driver...
2025-12-29 23:25:11,258 - INFO - Submitted 4 jobs to thread pool. Waiting up to 300s for completion...
2025-12-29 23:25:11,452 - INFO - Found 42 articles in BBC RSS feed. Processing up to 30.
2025-12-29 23:25:11,453 - INFO - [BBC] Early skip: URL https://www.bbc.com/news/articles/c4g4g5lgngvo?at_medium=RSS&at_campaign=rss already exists.
2025-12-29 23:25:11,484 - INFO - Found 45 articles in The Guardian RSS feed. Processing up to 30.
2025-12-29 23:25:11,673 - INFO - [The Guardian] Early skip: URL https://www.theguardian.com/sport/2025/dec/29/anthony-joshua-injured-car-crash-nigeria already exists.
2025-12-29 23:25:11,923 - INFO - [BBC] Early skip: URL https://www.bbc.com/news/articles/c9w7wgrk01do?at_medium=RSS&at_campaign=rss already exists.
2025-12-29 23:25:12,062 - INFO - [The Guardian] Early skip: URL https://www.theguardian.com/world/2025/dec/29/more-than-3000-migrants-died-spain-figure-down already exists.
2025-12-29 23:25:12,220 - INFO - [BBC] Early skip: URL https://www.bbc.com/news/articles/cx2g20prlg7o?at_medium=RSS&at_campaign=rss already exists.
2025-12-29 23:25:12,350 - INFO - [The Guardian] Early skip: URL https://www.theguardian.com/world/2025/dec/28/central-african-republic-goes-to-polls-as-president-seeks-third-term already exists.
2025-12-29 23:25:12,551 - INFO - [BBC] Early skip: URL https://www.bbc.com/news/articles/cdj8jr37y98o?at_medium=RSS&at_campaign=rss already exists.
2025-12-29 23:25:12,742 - INFO - [The Guardian] Early skip: URL https://www.theguardian.com/world/2025/dec/27/guinea-junta-leader-mamady-doumbouya-frontrunner-president-election already exists.
2025-12-29 23:25:12,999 - INFO - [BBC] Early skip: URL https://www.bbc.com/news/articles/cj4qp17e1lqo?at_medium=RSS&at_campaign=rss already exists.
2025-12-29 23:25:13,275 - INFO - [The Guardian] Early skip: URL https://www.theguardian.com/world/2025/dec/26/israel-first-country-to-recognise-somaliland-sovereign-state already exists.
2025-12-29 23:25:13,413 - INFO - [BBC] Early skip: URL https://www.bbc.com/news/articles/cwypyq9dvggo?at_medium=RSS&at_campaign=rss already exists.
2025-12-29 23:25:13,561 - INFO - [The Guardian] Early skip: URL https://www.theguardian.com/world/2025/dec/29/brazil-ex-president-jair-bolsonaro-hiccups-treatment already exists.
2025-12-29 23:25:13,732 - INFO - [BBC] Early skip: URL https://www.bbc.com/news/articles/c14v4kmg275o?at_medium=RSS&at_campaign=rss already exists.
2025-12-29 23:25:14,020 - INFO - [The Guardian] Early skip: URL https://www.theguardian.com/world/2025/dec/29/mexico-train-derailment-oaxaca already exists.
2025-12-29 23:25:14,253 - INFO - [BBC] Early skip: URL https://www.bbc.com/news/articles/cd74pxvrp10o?at_medium=RSS&at_campaign=rss already exists.
2025-12-29 23:25:14,410 - INFO - [The Guardian] Early skip: URL https://www.theguardian.com/us-news/2025/dec/29/trump-venezuela-facility-strike already exists.
2025-12-29 23:25:14,512 - INFO - [BBC] Early skip: URL https://www.bbc.com/news/articles/c87l7xjp235o?at_medium=RSS&at_campaign=rss already exists.
2025-12-29 23:25:14,714 - INFO - [The Guardian] Early skip: URL https://www.theguardian.com/world/2025/dec/26/venezuela-political-prisoner-release already exists.
2025-12-29 23:25:14,832 - INFO - [BBC] Early skip: URL https://www.bbc.com/news/articles/cx2g263v3kzo?at_medium=RSS&at_campaign=rss already exists.
2025-12-29 23:25:14,962 - INFO - [The Guardian] Early skip: URL https://www.theguardian.com/world/2025/dec/26/weather-tracker-deep-freeze-canada-us-records-warmest-christmas already exists.
2025-12-29 23:25:15,063 - INFO - [BBC] Early skip: URL https://www.bbc.com/news/articles/c0l93lx1rx3o?at_medium=RSS&at_campaign=rss already exists.
2025-12-29 23:25:15,180 - INFO - [The Guardian] Early skip: URL https://www.theguardian.com/technology/2025/dec/29/softbank-digitalbridge-deal-artificial-intelligence already exists.
2025-12-29 23:25:15,395 - INFO - [BBC] Early skip: URL https://www.bbc.com/news/articles/cly92pr8qryo?at_medium=RSS&at_campaign=rss already exists.
2025-12-29 23:25:15,551 - INFO - [The Guardian] Early skip: URL https://www.theguardian.com/world/2025/dec/29/china-live-fire-military-drills-around-taiwan already exists.
2025-12-29 23:25:15,768 - INFO - [BBC] Early skip: URL https://www.bbc.com/news/articles/ce3z3w4wy0go?at_medium=RSS&at_campaign=rss already exists.
2025-12-29 23:25:16,061 - INFO - [The Guardian] Early skip: URL https://www.theguardian.com/business/2025/dec/29/chinese-imports-uk-inflation-trump-tariffs already exists.
2025-12-29 23:25:16,274 - INFO - [BBC] Early skip: URL https://www.bbc.com/news/articles/c4g6gw30epvo?at_medium=RSS&at_campaign=rss already exists.
2025-12-29 23:25:16,543 - INFO - [The Guardian] Early skip: URL https://www.theguardian.com/world/2025/dec/29/osaki-japan-town-record-bear-encounters-2025 already exists.
2025-12-29 23:25:16,622 - INFO - Selenium driver initialized successfully.
2025-12-29 23:25:16,622 - INFO - Starting scrape for Times of India RSS feed: https://timesofindia.indiatimes.com/rssfeeds/296589292.cms
2025-12-29 23:25:16,623 - INFO - Selenium driver initialized successfully.
2025-12-29 23:25:16,623 - INFO - Starting scrape for The Hindu RSS feed: https://www.thehindu.com/news/national/feeder/default.rss
2025-12-29 23:25:16,657 - INFO - [BBC] Early skip: URL https://www.bbc.com/news/articles/cx2328e70y7o?at_medium=RSS&at_campaign=rss already exists.
2025-12-29 23:25:16,903 - INFO - Found 20 articles in Times of India RSS feed. Processing up to 30.
2025-12-29 23:25:16,912 - INFO - [The Guardian] Early skip: URL https://www.theguardian.com/world/2025/dec/29/boy-5-killed-after-arm-trapped-in-ski-resort-travelator-in-japan-hokkaido already exists.
2025-12-29 23:25:17,063 - INFO - Found 100 articles in The Hindu RSS feed. Processing up to 30.
2025-12-29 23:25:17,182 - INFO - [Times of India] Article: https://timesofindia.indiatimes.com/world/us/eyeing-2028-jd-vances-secret-role-in-saving-trump-from-a-musk-revolt/articleshow/126241680.cms
2025-12-29 23:25:17,182 - INFO - [Times of India] Attempt 1/1: Trying with 'selenium_browser' strategy...
2025-12-29 23:25:17,183 - INFO - [BBC] Early skip: URL https://www.bbc.com/news/articles/cdj817m37rgo?at_medium=RSS&at_campaign=rss already exists.
2025-12-29 23:25:17,340 - INFO - [The Hindu] Article: https://www.thehindu.com/news/national/tamil-nadu/engineering-domains-evolving-rapidly-choose-courses-with-relevance-speakers-tell-students-at-webinar/article70450167.ece
2025-12-29 23:25:17,340 - INFO - [The Hindu] Attempt 1/1: Trying with 'selenium_browser' strategy...
2025-12-29 23:25:17,341 - INFO - [The Guardian] Early skip: URL https://www.theguardian.com/australia-news/2025/dec/29/wounded-hero-ahmed-al-ahmed-speaks-of-saving-lives-at-bondi-beach-ntwnfb already exists.
2025-12-29 23:25:17,517 - INFO - [BBC] Early skip: URL https://www.bbc.com/news/articles/cy7vly6gm76o?at_medium=RSS&at_campaign=rss already exists.
2025-12-29 23:25:17,781 - INFO - [The Guardian] Early skip: URL https://www.theguardian.com/environment/2025/dec/30/queensland-to-continue-to-allow-farmers-to-shoot-flying-foxes-after-revoking-ban-on-controversial-practice already exists.
2025-12-29 23:25:17,899 - INFO - [The Guardian] Early skip: URL https://www.theguardian.com/australia-news/2025/dec/30/albaneses-refusal-to-heed-families-pleas-for-bondi-inquiry-is-hard-to-understand-and-easy-for-opposition-to-attack-ntwnfb already exists.
2025-12-29 23:25:18,196 - INFO - [The Guardian] Early skip: URL https://www.theguardian.com/australia-news/2025/dec/30/david-dungay-jr-protest-deaths-in-custody-nsw-new-laws-ntwnfb already exists.
2025-12-29 23:25:18,434 - INFO - [BBC] Early skip: URL https://www.bbc.com/news/videos/c05834pp6jno?at_medium=RSS&at_campaign=rss already exists.
2025-12-29 23:25:18,710 - INFO - [BBC] Early skip: URL https://www.bbc.com/news/articles/cp8966ew7y7o?at_medium=RSS&at_campaign=rss already exists.
2025-12-29 23:25:18,822 - INFO - [The Hindu] Page content loaded.
2025-12-29 23:25:18,880 - INFO - [The Hindu] Success with 'selenium_browser'. Found content (311 words).
2025-12-29 23:25:19,014 - INFO - [BBC] Early skip: URL https://www.bbc.com/news/articles/c3r7ge7937qo?at_medium=RSS&at_campaign=rss already exists.
2025-12-29 23:25:19,287 - INFO - [BBC] Early skip: URL https://www.bbc.com/news/articles/cqxq59np394o?at_medium=RSS&at_campaign=rss already exists.
2025-12-29 23:25:19,440 - INFO - [BBC] Early skip: URL https://www.bbc.com/news/articles/c3v1g227p4xo?at_medium=RSS&at_campaign=rss already exists.
2025-12-29 23:25:19,708 - INFO - [BBC] Early skip: URL https://www.bbc.com/news/articles/cd9z1k4g40jo?at_medium=RSS&at_campaign=rss already exists.
2025-12-29 23:25:19,890 - INFO - [The Guardian] Early skip: URL https://www.theguardian.com/australia-news/2025/dec/30/pauline-hanson-travelled-to-us-on-gina-rineharts-private-jet-to-attend-cpac already exists.
2025-12-29 23:25:20,124 - INFO - [The Guardian] Early skip: URL https://www.theguardian.com/world/2025/dec/29/volodymyr-zelenskyy-donald-trump-us-security-guarantees-ukraine already exists.
2025-12-29 23:25:20,333 - INFO - [BBC] Early skip: URL https://www.bbc.com/news/articles/cde61jz5653o?at_medium=RSS&at_campaign=rss already exists.
2025-12-29 23:25:20,441 - INFO - [BBC] Early skip: URL https://www.bbc.com/news/articles/cpvd90k2zn4o?at_medium=RSS&at_campaign=rss already exists.
2025-12-29 23:25:20,595 - INFO - [BBC] Early skip: URL https://www.bbc.com/news/articles/c17x7lnd1r7o?at_medium=RSS&at_campaign=rss already exists.
2025-12-29 23:26:27,462 - INFO - Saved article: Engineering domains evolving rapidly, choose courses with relevance, speakers tell students at webinar - The Hindu from The Hindu (311 words)
2025-12-29 23:26:27,462 - INFO - [The Guardian] Early skip: URL https://www.theguardian.com/film/2025/dec/29/george-clooney-wife-amal-granted-french-citizenship already exists.
2025-12-29 23:26:27,568 - INFO - [BBC] Early skip: URL https://www.bbc.com/news/articles/cp9kp2kx329o?at_medium=RSS&at_campaign=rss already exists.
2025-12-29 23:26:27,865 - INFO - [The Guardian] Early skip: URL https://www.theguardian.com/world/live/2025/dec/29/ukraine-war-russia-us-zelenskyy-trump-security-guarantees-latest-news-updates already exists.
2025-12-29 23:26:28,115 - INFO - [BBC] Early skip: URL https://www.bbc.com/news/articles/cy7vr76l521o?at_medium=RSS&at_campaign=rss already exists.
2025-12-29 23:26:28,388 - INFO - [The Guardian] Early skip: URL https://www.theguardian.com/world/2025/dec/29/germanys-far-right-afd-invited-to-join-munich-security-conference-2026 already exists.
2025-12-29 23:26:28,570 - INFO - [The Hindu] Early skip: URL https://www.thehindu.com/news/national/madhya-pradesh/indore-police-questions-migrant-workers-on-allegations-of-being-bangladeshi-documents-being-verified/article70450434.ece already exists.
2025-12-29 23:26:28,866 - INFO - [BBC] Early skip: URL https://www.bbc.com/news/articles/cdxw7593x9zo?at_medium=RSS&at_campaign=rss already exists.
2025-12-29 23:26:29,130 - INFO - [The Guardian] Early skip: URL https://www.theguardian.com/world/2025/dec/29/kosovo-prime-minister-albin-kurti-wins-snap-election-to-end-political-deadlock already exists.
2025-12-29 23:26:29,367 - INFO - [The Hindu] Early skip: URL https://www.thehindu.com/news/national/jammu-and-kashmir/day-after-dr-abdullah-opposed-students-protest-nc-legislator-says-should-have-been-allowed/article70450421.ece already exists.
2025-12-29 23:26:29,667 - INFO - [BBC] Early skip: URL https://www.bbc.com/news/articles/c0je281pnwyo?at_medium=RSS&at_campaign=rss already exists.
2025-12-29 23:26:29,833 - INFO - [The Guardian] Early skip: URL https://www.theguardian.com/world/2025/dec/29/gaza-ceasefire-hinges-return-last-israeli-hostage-netanyahu-trump already exists.
2025-12-29 23:26:30,096 - INFO - [The Hindu] Early skip: URL https://www.thehindu.com/news/national/amit-shah-to-visit-west-bengal-for-three-days-ahead-of-2026-polls/article70450218.ece already exists.
2025-12-29 23:26:30,332 - INFO - [The Guardian] Early skip: URL https://www.theguardian.com/world/2025/dec/29/netanyahu-to-meet-trump-in-us-amid-fears-of-israeli-regional-offensives already exists.
2025-12-29 23:26:30,532 - INFO - [The Hindu] Early skip: URL https://www.thehindu.com/news/national/rajasthan/congress-suspends-aravalli-agitation-in-rajasthan-after-sc-decision/article70450132.ece already exists.
2025-12-29 23:26:30,718 - INFO - [The Guardian] Early skip: URL https://www.theguardian.com/world/2025/dec/29/what-did-alaa-abd-el-fattah-say-past-social-media-posts-why-backlash already exists.
2025-12-29 23:26:30,904 - INFO - [The Hindu] Early skip: URL https://www.thehindu.com/news/national/uttar-pradesh/about-170-sheep-mysteriously-die-in-lucknow-police-sends-samples-for-testing/article70450864.ece already exists.
2025-12-29 23:26:31,159 - INFO - [The Guardian] Early skip: URL https://www.theguardian.com/world/2025/dec/29/british-egyptian-rights-activist-alaa-abd-el-fattah-apologises-for-hurtful-tweets already exists.
2025-12-29 23:26:31,396 - INFO - [The Hindu] Early skip: URL https://www.thehindu.com/news/national/kerala/hung-council-poses-challenge-for-ldf-in-standing-committee-polls-in-kozhikode-corporation/article70450375.ece already exists.
2025-12-29 23:26:31,606 - INFO - [The Guardian] Early skip: URL https://www.theguardian.com/world/2025/dec/26/palestinian-man-kills-two-in-northern-israel-car-ramming-and-stabbing-attack-police-say already exists.
2025-12-29 23:26:31,741 - INFO - [The Hindu] Early skip: URL https://www.thehindu.com/news/national/karnataka/vishwamanava-day-kuvempus-thoughts-and-values-hailed-as-guiding-light-for-society/article70449715.ece already exists.
2025-12-29 23:26:31,925 - INFO - [The Hindu] Early skip: URL https://www.thehindu.com/news/national/karnataka/cylinder-explosion-at-pg-in-kundalahalli-kills-man-injures-3/article70450618.ece already exists.
2025-12-29 23:26:32,157 - INFO - [The Hindu] Early skip: URL https://www.thehindu.com/news/national/maharashtra/deadline-looming-parties-rush-to-name-candidates-for-maharashtra-civic-polls/article70450168.ece already exists.
2025-12-29 23:26:32,300 - INFO - [The Hindu] Early skip: URL https://www.thehindu.com/news/national/west-bengal/chaos-at-sir-hearings-as-trinamool-demands-inclusion-of-booth-level-agents-during-proceedings/article70449867.ece already exists.
2025-12-29 23:26:32,443 - INFO - [The Hindu] Early skip: URL https://www.thehindu.com/news/cities/Hyderabad/11460-crore-budget-proposals-cleared-by-the-ghmc-standing-committee/article70450336.ece already exists.
2025-12-29 23:26:32,692 - INFO - [The Hindu] Early skip: URL https://www.thehindu.com/books/collection-of-short-stories-that-strikes-a-chord-with-music-lovers/article70450016.ece already exists.
2025-12-29 23:26:32,813 - INFO - [The Hindu] Early skip: URL https://www.thehindu.com/news/cities/chennai/l-murugan-urges-union-govt-to-rename-tuticorin-airport/article70449242.ece already exists.
2025-12-29 23:26:32,964 - INFO - [The Hindu] Article: https://www.thehindu.com/news/cities/chennai/state-spends-more-than-1500-cr-on-high-end-procedures-under-cmchis/article70450066.ece
2025-12-29 23:26:32,964 - INFO - [The Hindu] Attempt 1/1: Trying with 'selenium_browser' strategy...
2025-12-29 23:26:34,806 - INFO - [The Hindu] Page content loaded.
2025-12-29 23:26:34,871 - INFO - [The Hindu] Success with 'selenium_browser'. Found content (517 words).
2025-12-29 23:27:17,283 - ERROR - [Times of India] Request failed for strategy 'selenium_browser' on URL https://timesofindia.indiatimes.com/world/us/eyeing-2028-jd-vances-secret-role-in-saving-trump-from-a-musk-revolt/articleshow/126241680.cms: HTTPConnectionPool(host='localhost', port=43843): Read timed out. (read timeout=120)
2025-12-29 23:27:17,283 - ERROR - [Times of India] All scrape strategies failed for https://timesofindia.indiatimes.com/world/us/eyeing-2028-jd-vances-secret-role-in-saving-trump-from-a-musk-revolt/articleshow/126241680.cms. Falling back to RSS description.
2025-12-29 23:27:17,283 - WARNING - SKIPPED (GLOBAL WORD LIMIT): Article 'Eyeing 2028: JD Vance’s secret role in saving Trump from a Musk revolt' from Times of India has only 44 words (Min: 90).
2025-12-29 23:27:25,908 - INFO - Saved article: State spends more than ₹1,500 cr. on high-end procedures under CMCHIS - The Hindu from The Hindu (517 words)
2025-12-29 23:27:25,909 - INFO - [Times of India] Article: https://timesofindia.indiatimes.com/world/us/anti-indian-abuse-mehdi-hasan-condemns-racist-attacks-on-vivek-ramaswamy-by-maga-christian-nationalists/articleshow/126241668.cms
2025-12-29 23:27:25,909 - INFO - [Times of India] Attempt 1/1: Trying with 'selenium_browser' strategy...
2025-12-29 23:27:27,215 - INFO - [The Hindu] Early skip: URL https://www.thehindu.com/opinion/op-ed/shiromani-akali-dal-back-in-the-game-in-punjab/article70449294.ece already exists.
2025-12-29 23:27:27,330 - INFO - [The Hindu] Early skip: URL https://www.thehindu.com/news/national/telangana/special-cs-reviews-high-court-complex-works-at-rajendranagar-site/article70450691.ece already exists.
2025-12-29 23:27:27,557 - INFO - [The Hindu] Early skip: URL https://www.thehindu.com/news/national/karnataka/a-stampede-that-crushed-victory-celebrations-a-shocking-cash-van-robbery-and-some-chilling-murders/article70443224.ece already exists.
2025-12-29 23:27:27,793 - INFO - [The Hindu] Early skip: URL https://www.thehindu.com/news/national/indian-naval-sailing-vessel-kaundinya-sails-on-maiden-overseas-voyage-to-oman/article70450595.ece already exists.
2025-12-29 23:27:28,089 - INFO - [The Hindu] Early skip: URL https://www.thehindu.com/news/national/mea-rejects-pakistans-comments-on-condition-of-minorities-in-india/article70450787.ece already exists.
2025-12-29 23:27:28,249 - INFO - [The Hindu] Early skip: URL https://www.thehindu.com/news/national/telangana/deputy-chief-minister-urges-officials-to-remain-cautious-during-assembly-session/article70450716.ece already exists.
2025-12-29 23:27:28,516 - INFO - [The Hindu] Early skip: URL https://www.thehindu.com/news/national/kerala/ksrtcs-city-ride-a-draw-in-the-new-year-season/article70450596.ece already exists.
2025-12-29 23:27:28,680 - INFO - [The Hindu] Early skip: URL https://www.thehindu.com/news/national/andhra-pradesh/ap-cabinet-clears-district-reorganisation-mandal-realignment/article70450525.ece already exists.
2025-12-29 23:27:28,899 - INFO - [The Hindu] Early skip: URL https://www.thehindu.com/news/national/andhra-pradesh/andhra-cricket-association-forms-talent-spotting-team-for-u-14-selection/article70450650.ece already exists.
2025-12-29 23:27:29,003 - INFO - [The Hindu] Early skip: URL https://www.thehindu.com/news/national/not-satisfied-with-indias-response-to-myanmar-polls-say-anti-junta-rebels/article70450555.ece already exists.
2025-12-29 23:27:29,268 - INFO - [The Hindu] Early skip: URL https://www.thehindu.com/news/national/unnao-rape-case-congress-welcomes-supreme-court-stay-on-sengars-sentence-suspension/article70450197.ece already exists.
2025-12-29 23:27:29,542 - INFO - [The Hindu] Article: https://www.thehindu.com/news/national/andhra-pradesh/240-roosterfight-knives-seized-in-krishna-district/article70450382.ece
2025-12-29 23:27:29,543 - INFO - [The Hindu] Attempt 1/1: Trying with 'selenium_browser' strategy...
2025-12-29 23:27:31,151 - INFO - [The Hindu] Page content loaded.
2025-12-29 23:27:31,274 - WARNING - [The Hindu] FAILED with 'selenium_browser' (content was too short: 84 words).
2025-12-29 23:27:31,274 - ERROR - [The Hindu] All scrape strategies failed for https://www.thehindu.com/news/national/andhra-pradesh/240-roosterfight-knives-seized-in-krishna-district/article70450382.ece. Falling back to RSS description.
2025-12-29 23:27:31,274 - WARNING - SKIPPED (GLOBAL WORD LIMIT): Article '240 roosterfight knives seized in Krishna district' from The Hindu has only 3 words (Min: 90).
2025-12-29 23:27:32,131 - INFO - [The Hindu] Early skip: URL https://www.thehindu.com/news/national/andhra-pradesh/police-to-crack-the-whip-on-those-who-create-nuisance-during-new-year-celebrations/article70450302.ece already exists.
2025-12-29 23:27:32,428 - INFO - [The Hindu] Early skip: URL https://www.thehindu.com/news/national/andhra-pradesh/congress-leaders-oppose-changes-to-mgnrega/article70449887.ece already exists.
2025-12-29 23:27:32,620 - INFO - [The Hindu] Early skip: URL https://www.thehindu.com/news/national/defence-acquisition-committee-gives-nod-for-defence-purchases/article70450196.ece already exists.
2025-12-29 23:27:32,802 - INFO - [The Hindu] (Thread) Finished. Attempting to shut down its Selenium driver.
2025-12-29 23:27:32,969 - INFO - [The Hindu] (Thread) driver.quit() successful.
2025-12-29 23:29:26,005 - ERROR - [Times of India] Request failed for strategy 'selenium_browser' on URL https://timesofindia.indiatimes.com/world/us/anti-indian-abuse-mehdi-hasan-condemns-racist-attacks-on-vivek-ramaswamy-by-maga-christian-nationalists/articleshow/126241668.cms: HTTPConnectionPool(host='localhost', port=43843): Read timed out. (read timeout=120)
2025-12-29 23:29:26,005 - ERROR - [Times of India] All scrape strategies failed for https://timesofindia.indiatimes.com/world/us/anti-indian-abuse-mehdi-hasan-condemns-racist-attacks-on-vivek-ramaswamy-by-maga-christian-nationalists/articleshow/126241668.cms. Falling back to RSS description.
2025-12-29 23:29:26,005 - WARNING - SKIPPED (GLOBAL WORD LIMIT): Article ''Anti-Indian abuse...': Mehdi Hasan condemns 'racist' attacks on Vivek Ramaswamy by MAGA' from Times of India has only 3 words (Min: 90).
2025-12-29 23:29:27,399 - INFO - [Times of India] Article: https://timesofindia.indiatimes.com/world/us/this-isnt-just-about-ending-h-1bs-steve-bannon-calls-for-10-year-immigration-freeze-claims-asylum-system-is-too-corrupt/articleshow/126241473.cms
2025-12-29 23:29:27,399 - INFO - [Times of India] Attempt 1/1: Trying with 'selenium_browser' strategy...
2025-12-29 23:30:11,258 - CRITICAL - --- TIMEOUT: 1 scrape jobs did not complete in 300s. ---
2025-12-29 23:30:11,258 - ERROR - A thread has timed out and will be abandoned.
2025-12-29 23:30:11,258 - INFO - Shutting down thread pool (wait=False)...
2025-12-29 23:30:11,258 - INFO - Scraped: 0 The Guardian, 2 The Hindu, 0 BBC, 1 Timed_Out_Jobs articles. (Total saved: 2)
2025-12-29 23:30:11,258 - INFO - --- Scraping job finished ---
2025-12-29 23:30:11,259 - INFO - --- Scraper service stopped and database connection closed. ---
2025-12-29 23:30:11,259 - INFO - --- Main thread finished. Forcing process exit to kill zombie threads. ---
