2025-12-21 18:34:53,814 - INFO - Loading AI Semantic Model (all-MiniLM-L6-v2)...
2025-12-21 18:34:53,815 - INFO - Use pytorch device_name: cpu
2025-12-21 18:34:53,815 - INFO - Load pretrained SentenceTransformer: all-MiniLM-L6-v2
2025-12-21 18:34:54,585 - INFO - AI Model loaded successfully.
2025-12-21 18:34:54,586 - INFO - --- Scraper service started (CI Mode: Run Once) ---
2025-12-21 18:34:54,586 - INFO - --- Starting new scraping job (Parallel Mode) ---
2025-12-21 18:34:54,586 - INFO - Creating new robust session with 3 retries on 5xx/connection/read errors.
2025-12-21 18:34:54,586 - INFO - Proxy is DISABLED.
2025-12-21 18:34:54,586 - INFO - Starting scrape for BBC RSS feed: http://feeds.bbci.co.uk/news/world/rss.xml
2025-12-21 18:34:54,587 - INFO - [Times of India] (Thread) requires Selenium. Initializing driver...
2025-12-21 18:34:54,588 - INFO - Starting scrape for The Guardian RSS feed: https://www.theguardian.com/world/rss
2025-12-21 18:34:54,589 - INFO - [The Hindu] (Thread) requires Selenium. Initializing driver...
2025-12-21 18:34:54,589 - INFO - Submitted 4 jobs to thread pool. Waiting up to 300s for completion...
2025-12-21 18:34:54,787 - INFO - Found 45 articles in The Guardian RSS feed. Processing up to 30.
2025-12-21 18:34:54,787 - INFO - [The Guardian] Early skip: URL https://www.theguardian.com/uk-news/2025/dec/21/manchester-museum-uncover-hidden-histories-africa-hub already exists.
2025-12-21 18:34:54,998 - INFO - [The Guardian] Early skip: URL https://www.theguardian.com/global-development/2025/dec/21/sweden-and-germany-slash-aid-budgets-to-focus-on-ukraine-and-defence-spending already exists.
2025-12-21 18:34:55,243 - INFO - [The Guardian] Early skip: URL https://www.theguardian.com/society/2025/dec/19/hepatitis-b-vaccine-study-guinea-bissau-rfk already exists.
2025-12-21 18:34:55,262 - INFO - Found 28 articles in BBC RSS feed. Processing up to 30.
2025-12-21 18:34:55,395 - INFO - [BBC] Early skip: URL https://www.bbc.com/news/articles/cre3l2xq9nzo?at_medium=RSS&at_campaign=rss already exists.
2025-12-21 18:34:55,443 - INFO - Selenium driver initialized successfully.
2025-12-21 18:34:55,443 - INFO - Starting scrape for The Hindu RSS feed: https://www.thehindu.com/news/national/feeder/default.rss
2025-12-21 18:34:55,444 - INFO - Selenium driver initialized successfully.
2025-12-21 18:34:55,444 - INFO - Starting scrape for Times of India RSS feed: https://timesofindia.indiatimes.com/rssfeeds/296589292.cms
2025-12-21 18:34:55,563 - INFO - Found 100 articles in The Hindu RSS feed. Processing up to 30.
2025-12-21 18:34:55,637 - INFO - [The Guardian] Early skip: URL https://www.theguardian.com/global-development/2025/dec/19/colombian-mercenaries-sudan-rsf-us-sanctions-recruited-uk-registered-firms-investigation already exists.
2025-12-21 18:34:55,697 - INFO - Found 20 articles in Times of India RSS feed. Processing up to 30.
2025-12-21 18:34:55,811 - INFO - [The Hindu] Article: https://www.thehindu.com/news/national/tamil-nadu/sir-in-tn-leads-to-deletion-of-26-lakh-more-women-than-men-from-electoral-rolls/article70423410.ece
2025-12-21 18:34:55,811 - INFO - [The Hindu] Attempt 1/1: Trying with 'selenium_browser' strategy...
2025-12-21 18:34:55,811 - INFO - [BBC] Early skip: URL https://www.bbc.com/news/articles/cg5m49j14pyo?at_medium=RSS&at_campaign=rss already exists.
2025-12-21 18:34:55,971 - INFO - [Times of India] Article: https://timesofindia.indiatimes.com/world/us/no-one-can-rank-my-americanness-indian-origin-mehek-cooke-backs-vivek-ramaswamys-rejection-of-heritage-americanism/articleshow/126107933.cms
2025-12-21 18:34:55,971 - INFO - [Times of India] Attempt 1/1: Trying with 'selenium_browser' strategy...
2025-12-21 18:34:55,972 - INFO - [The Guardian] Early skip: URL https://www.theguardian.com/global-development/2025/dec/18/morocco-genz212-protests-police-mass-arrests-beatings-detentions-rights already exists.
2025-12-21 18:34:56,264 - INFO - [The Guardian] Early skip: URL https://www.theguardian.com/us-news/2025/dec/20/us-second-merchant-vessel-venezuela already exists.
2025-12-21 18:34:56,563 - INFO - [BBC] Early skip: URL https://www.bbc.com/news/articles/cqjg18xe0wwo?at_medium=RSS&at_campaign=rss already exists.
2025-12-21 18:34:56,763 - INFO - [The Guardian] Early skip: URL https://www.theguardian.com/us-news/2025/dec/19/trump-venezuela-war already exists.
2025-12-21 18:34:56,906 - INFO - [The Guardian] Early skip: URL https://www.theguardian.com/world/2025/dec/19/montreal-grocery-store-santas-elves-robbery already exists.
2025-12-21 18:34:57,050 - INFO - [The Guardian] Early skip: URL https://www.theguardian.com/world/2025/dec/19/colombia-eln-guerrilla-group-attack-military-base already exists.
2025-12-21 18:34:57,319 - INFO - [The Guardian] Early skip: URL https://www.theguardian.com/world/2025/dec/19/i-cant-think-of-a-place-more-pristine-133000-hectares-of-chilean-patagonia-preserved-after-local-fundraising already exists.
2025-12-21 18:34:57,483 - INFO - [BBC] Early skip: URL https://www.bbc.com/news/articles/c0mpy1ynnzzo?at_medium=RSS&at_campaign=rss already exists.
2025-12-21 18:34:57,769 - INFO - [BBC] Early skip: URL https://www.bbc.com/news/articles/c79xyxdpzrxo?at_medium=RSS&at_campaign=rss already exists.
2025-12-21 18:34:57,952 - INFO - [BBC] Early skip: URL https://www.bbc.com/news/articles/cm20ppy0rreo?at_medium=RSS&at_campaign=rss already exists.
2025-12-21 18:34:58,195 - INFO - [BBC] Early skip: URL https://www.bbc.com/news/articles/c14vy02847vo?at_medium=RSS&at_campaign=rss already exists.
2025-12-21 18:34:58,418 - INFO - [BBC] Early skip: URL https://www.bbc.com/news/articles/c9qe2yln2nlo?at_medium=RSS&at_campaign=rss already exists.
2025-12-21 18:34:58,695 - INFO - [The Guardian] Early skip: URL https://www.theguardian.com/world/2025/dec/19/mass-stabbing-tapei already exists.
2025-12-21 18:34:58,942 - INFO - [The Guardian] Early skip: URL https://www.theguardian.com/technology/2025/dec/19/uk-foreign-office-victim-cyber-attack-october- already exists.
2025-12-21 18:34:59,167 - INFO - [BBC] Early skip: URL https://www.bbc.com/news/articles/clyz01l98vjo?at_medium=RSS&at_campaign=rss already exists.
2025-12-21 18:34:59,409 - INFO - [The Guardian] Early skip: URL https://www.theguardian.com/technology/2025/dec/18/tiktok-signs-deal-us-entity-sale already exists.
2025-12-21 18:34:59,614 - INFO - [The Guardian] Early skip: URL https://www.theguardian.com/world/2025/dec/19/south-korean-president-urges-public-health-cover-hair-loss already exists.
2025-12-21 18:34:59,771 - INFO - [BBC] Early skip: URL https://www.bbc.com/news/articles/c5y9z0g7lleo?at_medium=RSS&at_campaign=rss already exists.
2025-12-21 18:34:59,882 - INFO - [BBC] Early skip: URL https://www.bbc.com/news/articles/c8r38ne1x2mo?at_medium=RSS&at_campaign=rss already exists.
2025-12-21 18:35:00,119 - INFO - [BBC] Early skip: URL https://www.bbc.com/news/articles/c62vx2pgl0eo?at_medium=RSS&at_campaign=rss already exists.
2025-12-21 18:35:00,240 - INFO - [BBC] Early skip: URL https://www.bbc.com/news/articles/c5yq7zzw618o?at_medium=RSS&at_campaign=rss already exists.
2025-12-21 18:35:00,497 - INFO - [BBC] Early skip: URL https://www.bbc.com/news/articles/cp89p082y2xo?at_medium=RSS&at_campaign=rss already exists.
2025-12-21 18:35:00,797 - INFO - [BBC] Early skip: URL https://www.bbc.com/news/articles/cx251p7k23mo?at_medium=RSS&at_campaign=rss already exists.
2025-12-21 18:35:01,003 - INFO - [The Guardian] Early skip: URL https://www.theguardian.com/world/2025/dec/18/us-announces-more-than-10bn-of-arms-sales-to-taiwan already exists.
2025-12-21 18:35:01,226 - INFO - [The Guardian] Early skip: URL https://www.theguardian.com/australia-news/live/2025/dec/21/bondi-beach-terror-attack-one-week-anniversary-day-of-reflection-reactions-sydney-vigil-memorial-nsw-protest-laws-police-powers-anthony-albanese-labor-sussan-ley-coalition-ntwnfb already exists.
2025-12-21 18:35:01,356 - INFO - [The Hindu] Page content loaded.
2025-12-21 18:35:01,389 - INFO - [The Guardian] Early skip: URL https://www.theguardian.com/australia-news/2025/dec/21/we-are-unbreakable-defiance-marks-bondi-attack-commemoration-after-pm-is-booed already exists.
2025-12-21 18:35:01,507 - INFO - [The Hindu] Success with 'selenium_browser'. Found content (390 words).
2025-12-21 18:35:01,599 - INFO - [The Guardian] Early skip: URL https://www.theguardian.com/australia-news/2025/dec/21/albanese-announces-review-of-intelligence-and-policing-processes-in-lead-up-to-bondi-beach-attack-ntwnfb already exists.
2025-12-21 18:35:01,845 - INFO - [The Guardian] Early skip: URL https://www.theguardian.com/australia-news/2025/dec/21/bom-christmas-weather-forecast-perth-brisbane-melbourne-sydney-adelaide-hobart-darwin-canberra already exists.
2025-12-21 18:35:02,131 - INFO - [The Guardian] Early skip: URL https://www.theguardian.com/australia-news/2025/dec/21/gun-law-reform-after-port-arthur-national-forearms-register-ntwnfb already exists.
2025-12-21 18:35:02,321 - INFO - [BBC] Early skip: URL https://www.bbc.com/news/articles/c5yqr485d84o?at_medium=RSS&at_campaign=rss already exists.
2025-12-21 18:35:16,043 - ERROR - [Times of India] Request failed for strategy 'selenium_browser' on URL https://timesofindia.indiatimes.com/world/us/no-one-can-rank-my-americanness-indian-origin-mehek-cooke-backs-vivek-ramaswamys-rejection-of-heritage-americanism/articleshow/126107933.cms: Message: timeout: Timed out receiving message from renderer: 19.951
  (Session info: chrome=143.0.7499.109)
Stacktrace:
#0 0x5582503fb61a <unknown>
#1 0x55824fe7820b <unknown>
#2 0x55824fe602aa <unknown>
#3 0x55824fe5ff8d <unknown>
#4 0x55824fe5de47 <unknown>
#5 0x55824fe5e75f <unknown>
#6 0x55824fe6cf20 <unknown>
#7 0x55824fe865e7 <unknown>
#8 0x55824fe8cc9b <unknown>
#9 0x55824fe5ee88 <unknown>
#10 0x55824fe86356 <unknown>
#11 0x55824ff15580 <unknown>
#12 0x55824febc232 <unknown>
#13 0x55824febcee1 <unknown>
#14 0x5582503c43f9 <unknown>
#15 0x5582503c734d <unknown>
#16 0x5582503ad122 <unknown>
#17 0x5582503c7f2b <unknown>
#18 0x558250393c30 <unknown>
#19 0x5582503e8d78 <unknown>
#20 0x5582503e8f4c <unknown>
#21 0x5582503fa973 <unknown>
#22 0x7ffb1989caa4 <unknown>
#23 0x7ffb19929c6c <unknown>

2025-12-21 18:35:16,043 - ERROR - [Times of India] All scrape strategies failed for https://timesofindia.indiatimes.com/world/us/no-one-can-rank-my-americanness-indian-origin-mehek-cooke-backs-vivek-ramaswamys-rejection-of-heritage-americanism/articleshow/126107933.cms. Falling back to RSS description.
2025-12-21 18:35:16,043 - WARNING - SKIPPED (GLOBAL WORD LIMIT): Article '‘No one can rank my Americanness’: Indian-origin Mehek Cooke backs Vivek Ramaswamy’s rejection of ‘heritage Americanism’' from Times of India has only 3 words (Min: 90).
2025-12-21 18:35:59,376 - INFO - Saved article: SIR in T.N. leads to deletion of 2.6 lakh more women than men from electoral rolls - The Hindu from The Hindu (390 words)
2025-12-21 18:35:59,378 - INFO - [The Guardian] Early skip: URL https://www.theguardian.com/world/2025/dec/21/kremlin-russia-ukraine-war-end-changes-europe-miami-talks already exists.
2025-12-21 18:35:59,630 - INFO - [BBC] Early skip: URL https://www.bbc.com/news/articles/c5ye91zxqv5o?at_medium=RSS&at_campaign=rss already exists.
2025-12-21 18:35:59,804 - INFO - [Times of India] Article: https://timesofindia.indiatimes.com/world/us/epstein-files-doj-releases-new-document-with-minimal-redactions-after-democrats-accuse-gop-of-removing-trumps-photos/articleshow/126107006.cms
2025-12-21 18:35:59,804 - INFO - [Times of India] Attempt 1/1: Trying with 'selenium_browser' strategy...
2025-12-21 18:35:59,805 - INFO - [The Guardian] Early skip: URL https://www.theguardian.com/world/2025/dec/21/elysee-palace-staff-member-accused-stealing-tableware already exists.
2025-12-21 18:36:00,024 - INFO - [The Guardian] Early skip: URL https://www.theguardian.com/politics/2025/dec/21/recovery-period-after-doctors-strikes-is-concern-for-nhs-says-streeting already exists.
2025-12-21 18:36:00,249 - INFO - [BBC] Early skip: URL https://www.bbc.com/news/articles/c4gp4v32z0lo?at_medium=RSS&at_campaign=rss already exists.
2025-12-21 18:36:00,546 - INFO - [The Guardian] Early skip: URL https://www.theguardian.com/world/2025/dec/21/alarm-over-exploding-rise-in-use-of-sanctions-busting-shadow-fleet already exists.
2025-12-21 18:36:00,845 - INFO - [The Hindu] Article: https://www.thehindu.com/news/national/tamil-nadu/a-gripping-account-from-prison-and-a-powerful-argument-for-reforms/article70422987.ece
2025-12-21 18:36:00,845 - INFO - [The Hindu] Attempt 1/1: Trying with 'selenium_browser' strategy...
2025-12-21 18:36:00,845 - INFO - [BBC] Early skip: URL https://www.bbc.com/news/articles/c8dy8r7lq0go?at_medium=RSS&at_campaign=rss already exists.
2025-12-21 18:36:00,957 - INFO - [BBC] Early skip: URL https://www.bbc.com/news/articles/c5y9ed5d1r4o?at_medium=RSS&at_campaign=rss already exists.
2025-12-21 18:36:01,112 - INFO - [The Guardian] Early skip: URL https://www.theguardian.com/business/2025/dec/21/uk-supermarkets-european-turkeys-avian-flu-hits-supply-christmas already exists.
2025-12-21 18:36:01,393 - INFO - [BBC] Early skip: URL https://www.bbc.com/news/articles/c5y27ekr26xo?at_medium=RSS&at_campaign=rss already exists.
2025-12-21 18:36:01,533 - INFO - [The Guardian] Early skip: URL https://www.theguardian.com/world/2025/dec/21/israel-approves-new-jewish-settlements-occupied-west-bank already exists.
2025-12-21 18:36:01,832 - INFO - [The Guardian] Early skip: URL https://www.theguardian.com/world/2025/dec/20/israeli-troops-kill-palestinians-sheltering-in-gaza-school-hospital-chiefs already exists.
2025-12-21 18:36:02,136 - INFO - [BBC] Early skip: URL https://www.bbc.com/news/articles/cedx6vn5202o?at_medium=RSS&at_campaign=rss already exists.
2025-12-21 18:36:02,363 - INFO - [BBC] Early skip: URL https://www.bbc.com/news/articles/cwyp8erjp82o?at_medium=RSS&at_campaign=rss already exists.
2025-12-21 18:36:02,571 - INFO - [BBC] Early skip: URL https://www.bbc.com/news/videos/cn7kpnjnmklo?at_medium=RSS&at_campaign=rss already exists.
2025-12-21 18:36:02,701 - INFO - [BBC] Article: https://www.bbc.com/news/videos/cj01pdve7rpo?at_medium=RSS&at_campaign=rss
2025-12-21 18:36:02,701 - INFO - [BBC] Attempt 1/1: Trying with 'requests_browser' strategy...
2025-12-21 18:36:02,703 - INFO - [The Guardian] Early skip: URL https://www.theguardian.com/world/2025/dec/19/gaza-famine-hunger-food-shortages-winter-flooding-un already exists.
2025-12-21 18:36:02,946 - INFO - [The Guardian] Early skip: URL https://www.theguardian.com/global-development/2025/dec/19/gaza-phd-student-manar-al-houbi-granted-access-to-uk-but-others-remain-stranded already exists.
2025-12-21 18:36:02,993 - WARNING - [BBC] FAILED with 'requests_browser' (content was too short: 80 words).
2025-12-21 18:36:02,993 - ERROR - [BBC] All scrape strategies failed for https://www.bbc.com/news/videos/cj01pdve7rpo?at_medium=RSS&at_campaign=rss. Falling back to RSS description.
2025-12-21 18:36:02,994 - WARNING - SKIPPED (GLOBAL WORD LIMIT): Article 'Putin tells BBC Western leaders deceived Russia' from BBC has only 21 words (Min: 90).
2025-12-21 18:36:03,217 - INFO - [The Guardian] Early skip: URL https://www.theguardian.com/global-development/2025/dec/19/iranian-boxing-champion-mohammad-javad-vafaei-sani-risk-of-execution-retrial-request-rejected already exists.
2025-12-21 18:36:03,764 - INFO - [BBC] Early skip: URL https://www.bbc.com/news/videos/cly5p1vkm39o?at_medium=RSS&at_campaign=rss already exists.
2025-12-21 18:36:03,997 - INFO - [BBC] Article: https://www.bbc.com/news/videos/c5yje8pvg8jo?at_medium=RSS&at_campaign=rss
2025-12-21 18:36:04,003 - INFO - [BBC] Attempt 1/1: Trying with 'requests_browser' strategy...
2025-12-21 18:36:04,175 - INFO - [The Hindu] Page content loaded.
2025-12-21 18:36:04,206 - WARNING - [BBC] FAILED with 'requests_browser' (content was too short: 74 words).
2025-12-21 18:36:04,206 - ERROR - [BBC] All scrape strategies failed for https://www.bbc.com/news/videos/c5yje8pvg8jo?at_medium=RSS&at_campaign=rss. Falling back to RSS description.
2025-12-21 18:36:04,206 - WARNING - SKIPPED (GLOBAL WORD LIMIT): Article 'What does TikTok's deal mean for America's users?' from BBC has only 21 words (Min: 90).
2025-12-21 18:36:05,048 - INFO - [Times of India] Page content loaded.
2025-12-21 18:36:05,093 - INFO - [The Hindu] Success with 'selenium_browser'. Found content (742 words).
2025-12-21 18:36:05,470 - WARNING - [Times of India] FAILED with 'selenium_browser' (content was too short: 80 words).
2025-12-21 18:36:05,470 - ERROR - [Times of India] All scrape strategies failed for https://timesofindia.indiatimes.com/world/us/epstein-files-doj-releases-new-document-with-minimal-redactions-after-democrats-accuse-gop-of-removing-trumps-photos/articleshow/126107006.cms. Falling back to RSS description.
2025-12-21 18:36:05,470 - WARNING - SKIPPED (GLOBAL WORD LIMIT): Article 'Epstein files: DOJ releases new document with 'minimal redactions' after Democrats accuse GOP of removing Trump's photos' from Times of India has only 3 words (Min: 90).
2025-12-21 18:36:50,134 - INFO - Saved article: A gripping account from prison and a powerful argument for reforms - The Hindu from The Hindu (742 words)
2025-12-21 18:36:50,134 - INFO - [BBC] Early skip: URL https://www.bbc.com/news/videos/cjdrpx4yjv5o?at_medium=RSS&at_campaign=rss already exists.
2025-12-21 18:36:50,433 - INFO - [Times of India] Early skip: URL https://timesofindia.indiatimes.com/world/us/can-indians-work-from-home-while-waiting-for-h-1b-visas-immigration-lawyer-offers-advice-as-us-investor-warns-of-employer-impatience/articleshow/126106661.cms already exists.
2025-12-21 18:36:50,720 - INFO - [Times of India] Early skip: URL https://timesofindia.indiatimes.com/world/rest-of-world/bondi-beach-shooting-gunman-sajid-akrams-widow-refuses-to-handle-burial-says-she-wants-nothing-to-do-with-him/articleshow/126106341.cms already exists.
2025-12-21 18:36:50,879 - INFO - [Times of India] Early skip: URL https://timesofindia.indiatimes.com/world/us-streamers/why-did-lamarr-wilson-commit-suicide-inside-the-heartbreaking-loss-of-the-tech-youtuber-who-inspired-millions/articleshow/126100450.cms already exists.
2025-12-21 18:36:51,143 - INFO - [The Hindu] Article: https://www.thehindu.com/news/national/telangana/kcr-wrote-death-warrant-for-telanganas-projects-revanth-reddy/article70423672.ece
2025-12-21 18:36:51,143 - INFO - [The Hindu] Attempt 1/1: Trying with 'selenium_browser' strategy...
2025-12-21 18:36:51,143 - INFO - [Times of India] Early skip: URL https://timesofindia.indiatimes.com/world/us-streamers/candace-owens-shares-shocking-fresh-witness-claim-about-erika-kirk-meeting-security-before-charlie-kirk-death/articleshow/126100414.cms already exists.
2025-12-21 18:36:51,344 - INFO - [Times of India] Early skip: URL https://timesofindia.indiatimes.com/world/us/we-have-a-country-to-fix-as-maga-feuds-escalate-harmeet-dhillon-urges-conservatives-back-to-policy/articleshow/126106092.cms already exists.
2025-12-21 18:36:51,566 - INFO - [Times of India] Early skip: URL https://timesofindia.indiatimes.com/world/us/caught-on-camera-shoplifter-tries-to-shoot-police-officer-in-ohio-but-gun-jams/articleshow/126105698.cms already exists.
2025-12-21 18:36:51,709 - INFO - [Times of India] Early skip: URL https://timesofindia.indiatimes.com/entertainment/english/hollywood/news/the-watchlist-why-its-a-wonderful-life-is-the-perfect-movie-to-restore-your-faith-in-humanity/articleshow/126102275.cms already exists.
2025-12-21 18:36:51,854 - INFO - [Times of India] Early skip: URL https://timesofindia.indiatimes.com/etimes/trending/in-my-heart-i-knew-andrew-tate-breaks-silence-on-why-he-lost-to-chase-demoor-in-dubai-boxing-match/articleshow/126105558.cms already exists.
2025-12-21 18:36:51,954 - INFO - [The Hindu] Page content loaded.
2025-12-21 18:36:52,011 - INFO - [Times of India] Early skip: URL https://timesofindia.indiatimes.com/world/us/are-there-any-legal-remedies-for-h1-b-visa-delays-immigration-attorney-says-the-better-option-for-applicants-would-be-to-/articleshow/126104979.cms already exists.
2025-12-21 18:36:52,054 - INFO - [The Hindu] Success with 'selenium_browser'. Found content (384 words).
2025-12-21 18:37:38,318 - INFO - Saved article: KCR wrote death warrant for Telangana’s projects: Revanth Reddy - The Hindu from The Hindu (384 words)
2025-12-21 18:37:38,319 - INFO - [Times of India] Early skip: URL https://timesofindia.indiatimes.com/world/rest-of-world/thousands-gather-at-bondi-beach-to-mourn-victims-of-antisemitic-attack/articleshow/126104371.cms already exists.
2025-12-21 18:37:38,547 - INFO - [Times of India] Early skip: URL https://timesofindia.indiatimes.com/world/us/san-francisco-blackout-power-outage-leaves-nearly-a-third-of-city-in-darkness-transport-businesses-hit/articleshow/126104027.cms already exists.
2025-12-21 18:37:38,654 - INFO - [Times of India] Early skip: URL https://timesofindia.indiatimes.com/world/rest-of-world/australia-probes-security-services-after-bondi-beach-attack/articleshow/126104290.cms already exists.
2025-12-21 18:37:38,923 - INFO - [The Hindu] Article: https://www.thehindu.com/news/national/president-grants-assent-to-shanti-bill-that-opens-up-nuclear-sector-for-private-participation/article70423767.ece
2025-12-21 18:37:38,923 - INFO - [The Hindu] Attempt 1/1: Trying with 'selenium_browser' strategy...
2025-12-21 18:37:38,924 - INFO - [Times of India] Early skip: URL https://timesofindia.indiatimes.com/world/us/wwii-navy-veteran-ira-ike-schab-one-of-last-remaining-pearl-harbor-survivors-dies-at-105/articleshow/126104196.cms already exists.
2025-12-21 18:37:39,076 - INFO - [Times of India] Early skip: URL https://timesofindia.indiatimes.com/world/middle-east/kuwait-makes-health-insurance-mandatory-for-foreign-residents-visitors-from-dec-23-fees-exemptions/articleshow/126104032.cms already exists.
2025-12-21 18:37:39,312 - INFO - [Times of India] Early skip: URL https://timesofindia.indiatimes.com/world/south-asia/have-set-really-bad-example-bangladeshi-scribe-slams-violence-after-osman-hadis-death-flags-security-lapses-before-polls/articleshow/126104171.cms already exists.
2025-12-21 18:37:39,443 - INFO - [Times of India] Early skip: URL https://timesofindia.indiatimes.com/etimes/trending/smuggled-north-korean-phone-exposes-disturbing-details-of-how-kim-jong-uns-regime-spies-on-citizens/articleshow/126064445.cms already exists.
2025-12-21 18:37:39,712 - INFO - [Times of India] Early skip: URL https://timesofindia.indiatimes.com/world/pakistan/pakistan-winter-rain-chaos-two-women-killed-in-balochistan-crash-cities-struggle-with-power-crisis/articleshow/126103677.cms already exists.
2025-12-21 18:37:39,858 - INFO - [Times of India] Early skip: URL https://timesofindia.indiatimes.com/world/middle-east/uae-becomes-second-country-to-approve-gene-therapy-itvisma-for-spinal-muscular-atrophy/articleshow/126103321.cms already exists.
2025-12-21 18:37:40,032 - INFO - [The Hindu] Page content loaded.
2025-12-21 18:37:40,115 - INFO - [The Hindu] Success with 'selenium_browser'. Found content (166 words).
2025-12-21 18:37:40,163 - INFO - [Times of India] (Thread) Finished. Attempting to shut down its Selenium driver.
2025-12-21 18:37:40,480 - INFO - [Times of India] (Thread) driver.quit() successful.
2025-12-21 18:38:24,273 - INFO - DEDUPLICATION: Found match (Score: 0.88). Linking to Cluster ID: 6a9dec6d-e003-4d85-99fd-4f1e5a34550e
2025-12-21 18:38:24,275 - INFO - Saved article: President grants assent to SHANTI Bill that opens up nuclear sector for private participation - The Hindu from The Hindu (166 words)
2025-12-21 18:38:25,517 - INFO - [The Hindu] Early skip: URL https://www.thehindu.com/videos/watch-centre-rejects-mining-claims-says-aravalli-hills-remain-protected/article70423749.ece already exists.
2025-12-21 18:38:25,815 - INFO - [The Hindu] Early skip: URL https://www.thehindu.com/news/national/andhra-pradesh/gazetted-teachers-association-deliberates-on-key-challenges-faced-by-degree-college-faculty/article70423555.ece already exists.
2025-12-21 18:38:25,949 - INFO - [The Hindu] Early skip: URL https://www.thehindu.com/news/national/tamil-nadu/stop-vindictive-action-against-sonia-and-rahul-in-national-herald-case-chidambaram-urges-union-government/article70422766.ece already exists.
2025-12-21 18:38:26,109 - INFO - [The Hindu] Early skip: URL https://www.thehindu.com/news/national/west-bengal/suspended-trinamool-mla-humayun-kabir-announces-plans-to-float-new-political-party/article70423678.ece already exists.
2025-12-21 18:38:26,259 - INFO - [The Hindu] Early skip: URL https://www.thehindu.com/news/national/west-bengal/bengal-police-warn-against-drawing-a-parallel-between-bangladesh-murder-and-murshidabad-lynching/article70423534.ece already exists.
2025-12-21 18:38:26,418 - INFO - [The Hindu] Article: https://www.thehindu.com/news/national/kerala/newly-elected-local-body-members-in-ernakulam-take-oath-amid-cheers/article70423188.ece
2025-12-21 18:38:26,419 - INFO - [The Hindu] Attempt 1/1: Trying with 'selenium_browser' strategy...
2025-12-21 18:38:27,683 - INFO - [The Hindu] Page content loaded.
2025-12-21 18:38:27,752 - INFO - [The Hindu] Success with 'selenium_browser'. Found content (457 words).
2025-12-21 18:39:10,023 - INFO - Saved article: Newly elected local body members in Ernakulam take oath amid cheers - The Hindu from The Hindu (457 words)
2025-12-21 18:39:11,244 - INFO - [The Hindu] Early skip: URL https://www.thehindu.com/news/national/telangana/revanth-invites-kcr-for-assembly-debate-on-krishna-projects-from-january-2/article70423634.ece already exists.
2025-12-21 18:39:11,517 - INFO - [The Hindu] Early skip: URL https://www.thehindu.com/news/national/uttar-pradesh/uproar-over-attack-on-meat-shop-owner-in-ups-aligarh/article70423259.ece already exists.
2025-12-21 18:39:11,761 - INFO - [The Hindu] Early skip: URL https://www.thehindu.com/news/national/jammu-and-kashmir/gandhi-lives-in-the-peoples-hearts-congress-leader-karra/article70423302.ece already exists.
2025-12-21 18:39:11,998 - INFO - [The Hindu] Early skip: URL https://www.thehindu.com/news/national/jitan-ram-manjhi-demands-rajya-sabha-seat-for-his-party/article70423543.ece already exists.
2025-12-21 18:39:12,178 - INFO - [The Hindu] Early skip: URL https://www.thehindu.com/news/national/maharashtra/maharashtra-local-body-poll-results-pm-modi-thanks-people-of-for-supporting-bjp-led-mahayuti/article70423588.ece already exists.
2025-12-21 18:39:12,322 - INFO - [The Hindu] Early skip: URL https://www.thehindu.com/news/national/karnataka/pulse-polio-drive-bengaluru-records-95-coverage/article70423417.ece already exists.
2025-12-21 18:39:12,605 - INFO - [The Hindu] Article: https://www.thehindu.com/shorts/watch-odisha-home-guard-exam-held-on-an-airstrip/article70423615.ece
2025-12-21 18:39:12,605 - INFO - [The Hindu] Attempt 1/1: Trying with 'selenium_browser' strategy...
2025-12-21 18:39:23,444 - WARNING - [The Hindu] Page timed out (10s). Proceeding anyway.
2025-12-21 18:39:23,585 - WARNING - [The Hindu] FAILED with 'selenium_browser' (content was too short: 50 words).
2025-12-21 18:39:23,585 - ERROR - [The Hindu] All scrape strategies failed for https://www.thehindu.com/shorts/watch-odisha-home-guard-exam-held-on-an-airstrip/article70423615.ece. Falling back to RSS description.
2025-12-21 18:39:23,585 - WARNING - SKIPPED (GLOBAL WORD LIMIT): Article 'Watch: Odisha Home Guard exam held on an airstrip' from The Hindu has only 3 words (Min: 90).
2025-12-21 18:39:24,240 - INFO - [The Hindu] Early skip: URL https://www.thehindu.com/news/national/andhra-pradesh/ap-teacher-eligibility-test2025-examinations-conclude-smoothly/article70423366.ece already exists.
2025-12-21 18:39:24,466 - INFO - [The Hindu] Early skip: URL https://www.thehindu.com/news/national/karnataka/car-wash-attendant-booked-for-assaulting-couple-in-varthur/article70423191.ece already exists.
2025-12-21 18:39:24,575 - INFO - [The Hindu] Early skip: URL https://www.thehindu.com/news/national/kerala/league-takes-the-driving-seat-in-udf-council-party/article70423368.ece already exists.
2025-12-21 18:39:24,798 - INFO - [The Hindu] Early skip: URL https://www.thehindu.com/news/national/karnataka/award-for-prashant-bhushan/article70422799.ece already exists.
2025-12-21 18:39:24,921 - INFO - [The Hindu] Article: https://www.thehindu.com/news/national/jammu-and-kashmir/jammu-youth-open-up-about-issues-facing-region-at-pdps-gal-baath-initiative/article70423258.ece
2025-12-21 18:39:24,922 - INFO - [The Hindu] Attempt 1/1: Trying with 'selenium_browser' strategy...
2025-12-21 18:39:25,712 - INFO - [The Hindu] Page content loaded.
2025-12-21 18:39:25,842 - INFO - [The Hindu] Success with 'selenium_browser'. Found content (438 words).
2025-12-21 18:39:54,589 - CRITICAL - --- TIMEOUT: 1 scrape jobs did not complete in 300s. ---
2025-12-21 18:39:54,589 - ERROR - A thread has timed out and will be abandoned.
2025-12-21 18:39:54,589 - INFO - Shutting down thread pool (wait=False)...
2025-12-21 18:39:54,590 - INFO - Scraped: 0 BBC, 0 The Guardian, 0 Times of India, 1 Timed_Out_Jobs articles. (Total saved: 0)
2025-12-21 18:39:54,590 - INFO - --- Scraping job finished ---
2025-12-21 18:39:54,590 - INFO - --- Scraper service stopped and database connection closed. ---
2025-12-21 18:39:54,590 - INFO - --- Main thread finished. Forcing process exit to kill zombie threads. ---
