2026-01-06 02:04:39,063 - INFO - Loading AI Semantic Model (all-MiniLM-L6-v2)...
2026-01-06 02:04:39,063 - INFO - Use pytorch device_name: cpu
2026-01-06 02:04:39,064 - INFO - Load pretrained SentenceTransformer: all-MiniLM-L6-v2
2026-01-06 02:04:40,179 - INFO - AI Model loaded successfully.
2026-01-06 02:04:40,179 - INFO - --- Scraper service started (CI Mode: Run Once) ---
2026-01-06 02:04:40,180 - INFO - --- Starting new scraping job (Parallel Mode) ---
2026-01-06 02:04:40,180 - INFO - Creating new robust session with 3 retries on 5xx/connection/read errors.
2026-01-06 02:04:40,180 - INFO - Proxy is DISABLED.
2026-01-06 02:04:40,180 - INFO - Starting scrape for BBC RSS feed: http://feeds.bbci.co.uk/news/world/rss.xml
2026-01-06 02:04:40,181 - INFO - [Times of India] (Thread) requires Selenium. Initializing driver...
2026-01-06 02:04:40,181 - INFO - Starting scrape for The Guardian RSS feed: https://www.theguardian.com/world/rss
2026-01-06 02:04:40,183 - INFO - [The Hindu] (Thread) requires Selenium. Initializing driver...
2026-01-06 02:04:40,184 - INFO - Submitted 4 jobs to thread pool. Waiting up to 300s for completion...
2026-01-06 02:04:40,399 - INFO - Found 45 articles in The Guardian RSS feed. Processing up to 30.
2026-01-06 02:04:40,399 - INFO - [The Guardian] Early skip: URL https://www.theguardian.com/world/2026/jan/02/anthony-joshuas-driver-charged-with-dangerous-driving-after-fatal-crash-in-nigeria already exists.
2026-01-06 02:04:40,464 - INFO - Found 31 articles in BBC RSS feed. Processing up to 30.
2026-01-06 02:04:40,635 - INFO - [BBC] Early skip: URL https://www.bbc.com/news/articles/ce8gen8nnvlo?at_medium=RSS&at_campaign=rss already exists.
2026-01-06 02:04:40,784 - INFO - [The Guardian] Early skip: URL https://www.theguardian.com/science/2026/jan/01/cremation-pyre-in-africa-thought-to-be-worlds-oldest-containing-adult-remains already exists.
2026-01-06 02:04:41,035 - INFO - [BBC] Early skip: URL https://www.bbc.com/news/articles/cq6v25eldmdo?at_medium=RSS&at_campaign=rss already exists.
2026-01-06 02:04:41,233 - INFO - [The Guardian] Early skip: URL https://www.theguardian.com/global-development/2026/jan/01/us-aid-cuts-conditions-un-humanitarian-pledge-ocha already exists.
2026-01-06 02:04:41,474 - INFO - [BBC] Early skip: URL https://www.bbc.com/news/articles/ckgnxvp477eo?at_medium=RSS&at_campaign=rss already exists.
2026-01-06 02:04:41,586 - INFO - [The Guardian] Early skip: URL https://www.theguardian.com/world/2025/dec/31/guinea-junta-chief-mamady-doumbouya-elected-president-after-opposition-boycott already exists.
2026-01-06 02:04:41,847 - INFO - [BBC] Early skip: URL https://www.bbc.com/news/articles/c78v6z7597yo?at_medium=RSS&at_campaign=rss already exists.
2026-01-06 02:04:42,024 - INFO - [The Guardian] Early skip: URL https://www.theguardian.com/world/2025/dec/30/saudi-arabia-uae-tension-future-yemen-boiling-point already exists.
2026-01-06 02:04:42,292 - INFO - [BBC] Early skip: URL https://www.bbc.com/news/articles/cj9r0eyw0jno?at_medium=RSS&at_campaign=rss already exists.
2026-01-06 02:04:42,591 - INFO - [The Guardian] Early skip: URL https://www.theguardian.com/world/live/2026/jan/05/venezuela-live-updates-trump-us-interim-president-collaborate already exists.
2026-01-06 02:04:42,860 - INFO - [BBC] Early skip: URL https://www.bbc.com/news/articles/c62w3zpl4ldo?at_medium=RSS&at_campaign=rss already exists.
2026-01-06 02:04:43,066 - INFO - [The Guardian] Article: https://www.theguardian.com/technology/2026/jan/05/maduro-venezuela-ai-images
2026-01-06 02:04:43,066 - INFO - [The Guardian] Attempt 1/1: Trying with 'requests_browser' strategy...
2026-01-06 02:04:43,068 - INFO - [BBC] Early skip: URL https://www.bbc.com/news/articles/c5yvxnlw1pzo?at_medium=RSS&at_campaign=rss already exists.
2026-01-06 02:04:43,106 - INFO - [The Guardian] Success with 'requests_browser'. Found content (671 words).
2026-01-06 02:04:46,094 - INFO - Selenium driver initialized successfully.
2026-01-06 02:04:46,094 - INFO - Starting scrape for Times of India RSS feed: https://timesofindia.indiatimes.com/rssfeeds/296589292.cms
2026-01-06 02:04:46,096 - INFO - Selenium driver initialized successfully.
2026-01-06 02:04:46,096 - INFO - Starting scrape for The Hindu RSS feed: https://www.thehindu.com/news/national/feeder/default.rss
2026-01-06 02:04:46,379 - INFO - Found 100 articles in The Hindu RSS feed. Processing up to 30.
2026-01-06 02:04:46,548 - INFO - Found 20 articles in Times of India RSS feed. Processing up to 30.
2026-01-06 02:05:27,691 - INFO - Saved article: AI images of Maduro capture reap millions of views on social media | AI (artificial intelligence) | The Guardian from The Guardian (671 words)
2026-01-06 02:05:27,691 - INFO - [BBC] Early skip: URL https://www.bbc.com/news/articles/c70lw9x581no?at_medium=RSS&at_campaign=rss already exists.
2026-01-06 02:05:27,974 - INFO - [The Hindu] Article: https://www.thehindu.com/news/national/madhya-pradesh/indore-water-contamination-many-new-diarrhoea-cases-detected-several-are-in-hospital-death-toll-increases/article70476611.ece
2026-01-06 02:05:27,974 - INFO - [The Hindu] Attempt 1/1: Trying with 'selenium_browser' strategy...
2026-01-06 02:05:27,975 - INFO - [Times of India] Article: https://timesofindia.indiatimes.com/world/rest-of-world/japan-6-2-magnitude-earthquake-jolts-west-coast-no-tsunami-warning/articleshow/126363856.cms
2026-01-06 02:05:27,975 - INFO - [Times of India] Attempt 1/1: Trying with 'selenium_browser' strategy...
2026-01-06 02:05:27,976 - INFO - [BBC] Early skip: URL https://www.bbc.com/news/articles/c8d0q16zvzgo?at_medium=RSS&at_campaign=rss already exists.
2026-01-06 02:05:28,229 - INFO - [BBC] Early skip: URL https://www.bbc.com/news/articles/c4g0zg974v1o?at_medium=RSS&at_campaign=rss already exists.
2026-01-06 02:05:28,351 - INFO - [BBC] Early skip: URL https://www.bbc.com/news/articles/c78v984ywgeo?at_medium=RSS&at_campaign=rss already exists.
2026-01-06 02:05:28,455 - INFO - [BBC] Early skip: URL https://www.bbc.com/news/articles/czx1rpxzyx9o?at_medium=RSS&at_campaign=rss already exists.
2026-01-06 02:05:28,633 - INFO - [BBC] Early skip: URL https://www.bbc.com/news/articles/ckgl7k91nl8o?at_medium=RSS&at_campaign=rss already exists.
2026-01-06 02:05:28,738 - INFO - [BBC] Early skip: URL https://www.bbc.com/news/articles/c0r4nwy7k48o?at_medium=RSS&at_campaign=rss already exists.
2026-01-06 02:05:28,962 - INFO - [The Guardian] Early skip: URL https://www.theguardian.com/us-news/2026/jan/05/maduro-pleads-not-guilty already exists.
2026-01-06 02:05:29,191 - INFO - [BBC] Early skip: URL https://www.bbc.com/news/articles/cgezjlzwz1do?at_medium=RSS&at_campaign=rss already exists.
2026-01-06 02:05:29,431 - INFO - [BBC] Early skip: URL https://www.bbc.com/news/articles/c2057md3gvro?at_medium=RSS&at_campaign=rss already exists.
2026-01-06 02:05:29,659 - INFO - [The Guardian] Early skip: URL https://www.theguardian.com/us-news/2026/jan/05/nicolas-maduro-court-new-york already exists.
2026-01-06 02:05:29,957 - INFO - [The Guardian] Early skip: URL https://www.theguardian.com/world/2026/jan/05/keir-starmer-masterclass-hedging-bets-venezuela-raid already exists.
2026-01-06 02:05:30,148 - INFO - [BBC] Early skip: URL https://www.bbc.com/news/articles/cz9vg0w9w28o?at_medium=RSS&at_campaign=rss already exists.
2026-01-06 02:05:30,438 - INFO - [BBC] Early skip: URL https://www.bbc.com/news/articles/cwy1812n13eo?at_medium=RSS&at_campaign=rss already exists.
2026-01-06 02:05:30,662 - INFO - [BBC] Early skip: URL https://www.bbc.com/news/articles/cr4krkz7242o?at_medium=RSS&at_campaign=rss already exists.
2026-01-06 02:05:30,842 - INFO - [BBC] Early skip: URL https://www.bbc.com/news/articles/c5y45nyz124o?at_medium=RSS&at_campaign=rss already exists.
2026-01-06 02:05:30,976 - INFO - [The Guardian] Article: https://www.theguardian.com/world/2026/jan/06/what-us-action-in-venezuela-means-for-taiwan
2026-01-06 02:05:30,976 - INFO - [The Guardian] Attempt 1/1: Trying with 'requests_browser' strategy...
2026-01-06 02:05:30,977 - INFO - [BBC] Early skip: URL https://www.bbc.com/news/articles/c98nqeqnylro?at_medium=RSS&at_campaign=rss already exists.
2026-01-06 02:05:31,043 - INFO - [The Guardian] Success with 'requests_browser'. Found content (938 words).
2026-01-06 02:05:31,251 - INFO - [BBC] Early skip: URL https://www.bbc.com/news/articles/cn82l012dw6o?at_medium=RSS&at_campaign=rss already exists.
2026-01-06 02:05:31,506 - INFO - [BBC] Article: https://www.bbc.com/news/videos/cy05933de12o?at_medium=RSS&at_campaign=rss
2026-01-06 02:05:31,507 - INFO - [BBC] Attempt 1/1: Trying with 'requests_browser' strategy...
2026-01-06 02:05:31,850 - INFO - [The Hindu] Page content loaded.
2026-01-06 02:05:32,119 - WARNING - [BBC] FAILED with 'requests_browser' (content was too short: 82 words).
2026-01-06 02:05:32,121 - ERROR - [BBC] All scrape strategies failed for https://www.bbc.com/news/videos/cy05933de12o?at_medium=RSS&at_campaign=rss. Falling back to RSS description.
2026-01-06 02:05:32,125 - WARNING - SKIPPED (GLOBAL WORD LIMIT): Article 'Watch: What it was like in the courtroom at Maduro's hearing' from BBC has only 16 words (Min: 90).
2026-01-06 02:05:32,122 - INFO - [The Hindu] Success with 'selenium_browser'. Found content (414 words).
2026-01-06 02:05:40,515 - INFO - [Times of India] Page content loaded.
2026-01-06 02:05:41,134 - INFO - [Times of India] Success with 'selenium_browser'. Found content (116 words).
2026-01-06 02:06:26,128 - INFO - DEDUPLICATION: Found match (Score: 0.74). Linking to Cluster ID: 9a5e444c-5b8b-480a-8481-42b48981765b
2026-01-06 02:06:26,131 - INFO - Saved article: ‘It ought to provide a deterrent’: what US action in Venezuela means for Taiwan | Taiwan | The Guardian from The Guardian (938 words)
2026-01-06 02:07:14,586 - INFO - DEDUPLICATION: Found match (Score: 0.89). Linking to Cluster ID: 08ffc60f-ffe9-489b-ba66-d26d37fc71d4
2026-01-06 02:07:14,589 - INFO - Saved article: Indore water contamination: 38 new diarrhoea cases detected, 110 in hospital; death toll 7 - The Hindu from The Hindu (414 words)
2026-01-06 02:07:14,589 - INFO - [BBC] Early skip: URL https://www.bbc.com/news/videos/cly308pn4r8o?at_medium=RSS&at_campaign=rss already exists.
2026-01-06 02:07:14,811 - INFO - [BBC] Article: https://www.bbc.com/news/videos/c5y2xqgjd7eo?at_medium=RSS&at_campaign=rss
2026-01-06 02:07:14,811 - INFO - [BBC] Attempt 1/1: Trying with 'requests_browser' strategy...
2026-01-06 02:07:14,812 - INFO - [The Guardian] Early skip: URL https://www.theguardian.com/world/2026/jan/05/giant-bluefin-tuna-sold-record-amount-tokyo-auction-kiyoshi-kimura already exists.
2026-01-06 02:07:14,891 - WARNING - [BBC] FAILED with 'requests_browser' (content was too short: 50 words).
2026-01-06 02:07:14,891 - ERROR - [BBC] All scrape strategies failed for https://www.bbc.com/news/videos/c5y2xqgjd7eo?at_medium=RSS&at_campaign=rss. Falling back to RSS description.
2026-01-06 02:07:14,891 - WARNING - SKIPPED (GLOBAL WORD LIMIT): Article 'Watch: 'I'm so happy' - Venezuelans in the US react to Maduro's capture' from BBC has only 19 words (Min: 90).
2026-01-06 02:08:03,939 - INFO - DEDUPLICATION: Found match (Score: 0.72). Linking to Cluster ID: b349350d-c6b6-4b68-9b54-4dc5d8d1b2d9
2026-01-06 02:08:03,943 - INFO - Saved article: Japan: 6.2 magnitude earthquake jolts west coast; no tsunami warning issued - The Times of India from Times of India (116 words)
2026-01-06 02:08:03,943 - INFO - [The Guardian] Early skip: URL https://www.theguardian.com/environment/2026/jan/05/weather-tracker-arctic-air-grips-europe-winds-corsica already exists.
2026-01-06 02:08:04,182 - INFO - [The Hindu] Article: https://www.thehindu.com/news/national/tamil-nadu/various-parts-of-tn-to-get-light-to-heavy-rain-from-january-7/article70474275.ece
2026-01-06 02:08:04,182 - INFO - [The Hindu] Attempt 1/1: Trying with 'selenium_browser' strategy...
2026-01-06 02:08:04,183 - INFO - [BBC] Early skip: URL https://www.bbc.com/news/videos/c368px35ly8o?at_medium=RSS&at_campaign=rss already exists.
2026-01-06 02:08:04,436 - INFO - [The Guardian] Early skip: URL https://www.theguardian.com/world/2026/jan/03/north-korea-has-fired-ballistic-missile-towards-the-sea-of-japan already exists.
2026-01-06 02:08:04,583 - INFO - [BBC] Article: https://www.bbc.com/news/videos/c20zgq02jp0o?at_medium=RSS&at_campaign=rss
2026-01-06 02:08:04,583 - INFO - [BBC] Attempt 1/1: Trying with 'requests_browser' strategy...
2026-01-06 02:08:04,584 - INFO - [The Guardian] Early skip: URL https://www.theguardian.com/world/2026/jan/02/kim-jong-un-daughter-ju-ae-north-korean-ruler-speculation already exists.
2026-01-06 02:08:04,661 - WARNING - [BBC] FAILED with 'requests_browser' (content was too short: 59 words).
2026-01-06 02:08:04,661 - ERROR - [BBC] All scrape strategies failed for https://www.bbc.com/news/videos/c20zgq02jp0o?at_medium=RSS&at_campaign=rss. Falling back to RSS description.
2026-01-06 02:08:04,661 - WARNING - SKIPPED (GLOBAL WORD LIMIT): Article 'Explosions and smoke at La Guaira port' from BBC has only 11 words (Min: 90).
2026-01-06 02:08:04,790 - INFO - [The Guardian] Article: https://www.theguardian.com/australia-news/2026/jan/06/man-dies-in-sydney-after-being-pepper-sprayed-by-nsw-police-during-arrest-ntwnfb
2026-01-06 02:08:04,791 - INFO - [The Guardian] Attempt 1/1: Trying with 'requests_browser' strategy...
2026-01-06 02:08:04,960 - INFO - [The Guardian] Success with 'requests_browser'. Found content (136 words).
2026-01-06 02:08:05,063 - INFO - [Times of India] Article: https://timesofindia.indiatimes.com/world/us/heavy-gunfire-reported-near-presidential-palace-in-venezuela-days-after-maduros-ouster/articleshow/126363778.cms
2026-01-06 02:08:05,063 - INFO - [Times of India] Attempt 1/1: Trying with 'selenium_browser' strategy...
2026-01-06 02:08:07,215 - INFO - [The Hindu] Page content loaded.
2026-01-06 02:08:07,450 - INFO - [The Hindu] Success with 'selenium_browser'. Found content (314 words).
2026-01-06 02:08:58,313 - INFO - Saved article: Man dies in Sydney after being pepper-sprayed by NSW police during arrest | Sydney | The Guardian from The Guardian (136 words)
2026-01-06 02:08:58,313 - INFO - [BBC] Article: https://www.bbc.com/news/videos/c9vxnn419mro?at_medium=RSS&at_campaign=rss
2026-01-06 02:08:58,313 - INFO - [BBC] Attempt 1/1: Trying with 'requests_browser' strategy...
2026-01-06 02:08:58,711 - WARNING - [BBC] FAILED with 'requests_browser' (content was too short: 87 words).
2026-01-06 02:08:58,712 - ERROR - [BBC] All scrape strategies failed for https://www.bbc.com/news/videos/c9vxnn419mro?at_medium=RSS&at_campaign=rss. Falling back to RSS description.
2026-01-06 02:08:58,712 - WARNING - SKIPPED (GLOBAL WORD LIMIT): Article 'Watch: Over 100 firefighters on the scene of Denver blaze' from BBC has only 17 words (Min: 90).
2026-01-06 02:09:40,184 - CRITICAL - --- TIMEOUT: 4 scrape jobs did not complete in 300s. ---
2026-01-06 02:09:40,184 - ERROR - A thread has timed out and will be abandoned.
2026-01-06 02:09:40,184 - ERROR - A thread has timed out and will be abandoned.
2026-01-06 02:09:40,184 - ERROR - A thread has timed out and will be abandoned.
2026-01-06 02:09:40,184 - ERROR - A thread has timed out and will be abandoned.
2026-01-06 02:09:40,184 - INFO - Shutting down thread pool (wait=False)...
2026-01-06 02:09:40,184 - INFO - Scraped: 4 Timed_Out_Jobs articles. (Total saved: 0)
2026-01-06 02:09:40,184 - INFO - --- Scraping job finished ---
2026-01-06 02:09:40,185 - INFO - --- Scraper service stopped and database connection closed. ---
2026-01-06 02:09:40,185 - INFO - --- Main thread finished. Forcing process exit to kill zombie threads. ---
