2026-01-18 13:33:40,115 - INFO - Loading AI Semantic Model (all-MiniLM-L6-v2)...
2026-01-18 13:33:40,115 - INFO - Use pytorch device_name: cpu
2026-01-18 13:33:40,115 - INFO - Load pretrained SentenceTransformer: all-MiniLM-L6-v2
2026-01-18 13:33:40,892 - INFO - AI Model loaded successfully.
2026-01-18 13:33:40,893 - INFO - --- Scraper service started (CI Mode: Run Once) ---
2026-01-18 13:33:40,893 - INFO - --- Starting new scraping job (Parallel Mode) ---
2026-01-18 13:33:40,893 - INFO - Creating new robust session with 3 retries on 5xx/connection/read errors.
2026-01-18 13:33:40,893 - INFO - Proxy is DISABLED.
2026-01-18 13:33:40,893 - INFO - Starting scrape for BBC RSS feed: http://feeds.bbci.co.uk/news/world/rss.xml
2026-01-18 13:33:40,893 - INFO - [Times of India] (Thread) requires Selenium. Initializing driver...
2026-01-18 13:33:40,894 - INFO - Starting scrape for The Guardian RSS feed: https://www.theguardian.com/world/rss
2026-01-18 13:33:40,895 - INFO - [The Hindu] (Thread) requires Selenium. Initializing driver...
2026-01-18 13:33:40,896 - INFO - Submitted 4 jobs to thread pool. Waiting up to 300s for completion...
2026-01-18 13:33:41,021 - INFO - Found 45 articles in The Guardian RSS feed. Processing up to 30.
2026-01-18 13:33:41,021 - INFO - [The Guardian] Early skip: URL https://www.theguardian.com/world/2026/jan/17/yoweri-museveni-wins-ugandan-election-as-opponent-condemns-fake-result already exists.
2026-01-18 13:33:41,195 - INFO - Found 39 articles in BBC RSS feed. Processing up to 30.
2026-01-18 13:33:41,283 - INFO - [BBC] Early skip: URL https://www.bbc.com/news/articles/cy4qjwk9n2no?at_medium=RSS&at_campaign=rss already exists.
2026-01-18 13:33:41,496 - INFO - [The Guardian] Early skip: URL https://www.theguardian.com/uk-news/2026/jan/17/afcon-little-morocco-london-confidence-high already exists.
2026-01-18 13:33:41,629 - INFO - [BBC] Early skip: URL https://www.bbc.com/news/articles/cg5gegrdq3go?at_medium=RSS&at_campaign=rss already exists.
2026-01-18 13:33:41,877 - INFO - [The Guardian] Early skip: URL https://www.theguardian.com/environment/2026/jan/17/twin-baby-mountain-gorilla-virunga-drc-survival-conservation-aoe already exists.
2026-01-18 13:33:42,161 - INFO - [BBC] Article: https://www.bbc.com/news/articles/cx20n55yxrlo?at_medium=RSS&at_campaign=rss
2026-01-18 13:33:42,161 - INFO - [BBC] Attempt 1/1: Trying with 'requests_browser' strategy...
2026-01-18 13:33:42,162 - INFO - [The Guardian] Early skip: URL https://www.theguardian.com/world/2026/jan/16/uganda-election-early-results-show-museveni-in-lead-as-violence-reported already exists.
2026-01-18 13:33:42,272 - INFO - [The Guardian] Early skip: URL https://www.theguardian.com/us-news/2026/jan/15/hepatitis-b-vaccines-study-africa-cancel already exists.
2026-01-18 13:33:42,277 - INFO - [BBC] Success with 'requests_browser'. Found content (432 words).
2026-01-18 13:33:46,640 - INFO - Selenium driver initialized successfully.
2026-01-18 13:33:46,641 - INFO - Selenium driver initialized successfully.
2026-01-18 13:33:46,641 - INFO - Starting scrape for Times of India RSS feed: https://timesofindia.indiatimes.com/rssfeeds/296589292.cms
2026-01-18 13:33:46,641 - INFO - Starting scrape for The Hindu RSS feed: https://www.thehindu.com/news/national/feeder/default.rss
2026-01-18 13:33:46,885 - INFO - Found 100 articles in The Hindu RSS feed. Processing up to 30.
2026-01-18 13:33:46,889 - INFO - Found 20 articles in Times of India RSS feed. Processing up to 30.
2026-01-18 13:34:12,922 - INFO - DEDUPLICATION: Found match (Score: 0.80). Linking to Cluster ID: 4b7251dd-3e95-4a21-b2b2-d4b1f43b5ecb
2026-01-18 13:34:12,925 - INFO - Saved article: Syrian army seizes country's largest oil field from Kurdish forces from BBC (432 words)
2026-01-18 13:34:12,925 - INFO - [The Guardian] Early skip: URL https://www.theguardian.com/us-news/2026/jan/16/trump-administration-mistake-college-student-detained already exists.
2026-01-18 13:34:13,123 - INFO - [The Hindu] Article: https://www.thehindu.com/news/national/karnataka/chief-minister-siddaramaiah-launches-development-works-worth-324-crore-in-varuna-assembly-constituency/article70522178.ece
2026-01-18 13:34:13,124 - INFO - [The Hindu] Attempt 1/1: Trying with 'selenium_browser' strategy...
2026-01-18 13:34:13,124 - INFO - [Times of India] Article: https://timesofindia.indiatimes.com/world/us/did-renee-goods-wife-impede-ice-agents-before-minneapolis-shooting-new-details-emerge-as-becca-good-is-investigated/articleshow/126644049.cms
2026-01-18 13:34:13,124 - INFO - [Times of India] Attempt 1/1: Trying with 'selenium_browser' strategy...
2026-01-18 13:34:13,125 - INFO - [The Guardian] Early skip: URL https://www.theguardian.com/world/2026/jan/16/cia-chief-visits-maduro-successor-as-machado-vows-to-become-venezuelas-president already exists.
2026-01-18 13:34:13,407 - INFO - [The Guardian] Early skip: URL https://www.theguardian.com/world/2026/jan/16/brazil-jair-bolsonaro-reduce-sentence-reading-books already exists.
2026-01-18 13:34:13,594 - INFO - [The Guardian] Early skip: URL https://www.theguardian.com/world/2026/jan/16/china-canada-partnership-new-global-realities-carney-xi-jinping already exists.
2026-01-18 13:34:13,798 - INFO - [The Guardian] Early skip: URL https://www.theguardian.com/world/2026/jan/16/julio-iglesias-denies-sexual-abuse-claims-of-two-former-female-employees already exists.
2026-01-18 13:34:14,007 - INFO - [BBC] Early skip: URL https://www.bbc.com/news/articles/c74v0pxg2nvo?at_medium=RSS&at_campaign=rss already exists.
2026-01-18 13:34:14,160 - INFO - [The Guardian] Early skip: URL https://www.theguardian.com/world/2026/jan/18/chinese-mega-embassy-london-british-spies-mi5-analysis already exists.
2026-01-18 13:34:14,294 - INFO - [BBC] Early skip: URL https://www.bbc.com/news/articles/cly148lvyevo?at_medium=RSS&at_campaign=rss already exists.
2026-01-18 13:34:14,498 - INFO - [The Guardian] Early skip: URL https://www.theguardian.com/world/2026/jan/16/south-korea-sentences-ex-president-yoon-suk-yeol-five-years-first-martial-law-verdict already exists.
2026-01-18 13:34:14,760 - INFO - [The Guardian] Early skip: URL https://www.theguardian.com/us-news/2026/jan/15/us-taiwan-tariff-deal already exists.
2026-01-18 13:34:14,888 - INFO - [The Guardian] Early skip: URL https://www.theguardian.com/world/2026/jan/14/thailand-train-crane-accident-deaths already exists.
2026-01-18 13:34:15,096 - INFO - [BBC] Early skip: URL https://www.bbc.com/news/articles/c620nq38y6po?at_medium=RSS&at_campaign=rss already exists.
2026-01-18 13:34:15,264 - INFO - [BBC] Early skip: URL https://www.bbc.com/news/articles/c3r1v7gqdp8o?at_medium=RSS&at_campaign=rss already exists.
2026-01-18 13:34:15,529 - INFO - [The Guardian] Early skip: URL https://www.theguardian.com/world/2026/jan/14/china-reports-record-trillion-dollar-trade-surplus-despite-trump-tariffs already exists.
2026-01-18 13:34:15,693 - INFO - [The Guardian] Early skip: URL https://www.theguardian.com/australia-news/2026/jan/18/peter-malinauskas-adelaide-writers-week-letter-randa-abdel-fattah-ntwnfb already exists.
2026-01-18 13:34:15,858 - INFO - [BBC] Early skip: URL https://www.bbc.com/news/articles/c2lgxxrxd52o?at_medium=RSS&at_campaign=rss already exists.
2026-01-18 13:34:16,157 - INFO - [The Guardian] Early skip: URL https://www.theguardian.com/australia-news/2026/jan/18/boy-fighting-for-life-after-being-bitten-by-shark-at-nielsen-park-in-sydneys-east already exists.
2026-01-18 13:34:16,431 - INFO - [The Guardian] Early skip: URL https://www.theguardian.com/australia-news/2026/jan/18/disappointed-jewish-leaders-call-for-compromise-on-hate-speech-laws-after-labor-backdown-on-bill-ntwnfb already exists.
2026-01-18 13:34:16,698 - INFO - [The Guardian] Early skip: URL https://www.theguardian.com/australia-news/live/2026/jan/18/australia-news-live-weather-sydney-nsw-storms-sunday-politics-ntwnfb already exists.
2026-01-18 13:34:16,840 - INFO - [The Guardian] Early skip: URL https://www.theguardian.com/sport/2026/jan/17/damien-martyn-declares-im-back-after-leaving-hospital-following-meningitis already exists.
2026-01-18 13:34:17,092 - INFO - [The Guardian] Early skip: URL https://www.theguardian.com/world/live/2026/jan/18/greenland-eu-donald-trump-tariffs-keir-starmer-europe-live-latest-updates already exists.
2026-01-18 13:34:17,280 - INFO - [The Guardian] Early skip: URL https://www.theguardian.com/world/2026/jan/18/europe-diplomats-crisis-talks-trump-tariffs-greenland already exists.
2026-01-18 13:34:17,518 - INFO - [BBC] Early skip: URL https://www.bbc.com/news/articles/czejykzg77po?at_medium=RSS&at_campaign=rss already exists.
2026-01-18 13:34:17,552 - INFO - [The Hindu] Page content loaded.
2026-01-18 13:34:17,788 - INFO - [BBC] Early skip: URL https://www.bbc.com/news/articles/c5y5le7yl7po?at_medium=RSS&at_campaign=rss already exists.
2026-01-18 13:34:18,034 - INFO - [The Guardian] Early skip: URL https://www.theguardian.com/world/2026/jan/18/portugal-election-votes-tight-presidential-race-far-right-runoff already exists.
2026-01-18 13:34:18,288 - INFO - [The Guardian] Early skip: URL https://www.theguardian.com/business/2026/jan/18/trump-tariff-threats-economic-uncertainty-analysis already exists.
2026-01-18 13:34:18,364 - INFO - [The Hindu] Success with 'selenium_browser'. Found content (327 words).
2026-01-18 13:34:18,428 - INFO - [BBC] Early skip: URL https://www.bbc.com/news/articles/ce3k279e53eo?at_medium=RSS&at_campaign=rss already exists.
2026-01-18 13:34:18,597 - INFO - [The Guardian] Early skip: URL https://www.theguardian.com/world/2026/jan/18/ukraine-war-briefing-russia-readying-strikes-on-nuclear-power-system-zelenskyy-warns already exists.
2026-01-18 13:34:18,874 - INFO - [The Guardian] Article: https://www.theguardian.com/world/2026/jan/18/israel-far-right-ministers-reject-us-backed-postwar-gaza-panel
2026-01-18 13:34:18,874 - INFO - [The Guardian] Attempt 1/1: Trying with 'requests_browser' strategy...
2026-01-18 13:34:18,880 - INFO - [BBC] Early skip: URL https://www.bbc.com/news/articles/ckglee733wno?at_medium=RSS&at_campaign=rss already exists.
2026-01-18 13:34:19,050 - INFO - [BBC] Early skip: URL https://www.bbc.com/news/articles/c74vdgkw1kzo?at_medium=RSS&at_campaign=rss already exists.
2026-01-18 13:34:19,089 - INFO - [The Guardian] Success with 'requests_browser'. Found content (790 words).
2026-01-18 13:34:19,211 - INFO - [BBC] Early skip: URL https://www.bbc.com/news/articles/czejwl2z80lo?at_medium=RSS&at_campaign=rss already exists.
2026-01-18 13:34:19,416 - INFO - [BBC] Early skip: URL https://www.bbc.com/news/articles/clyn0ek5rdpo?at_medium=RSS&at_campaign=rss already exists.
2026-01-18 13:35:08,228 - INFO - Saved article: Chief Minister Siddaramaiah launches development works worth ₹324 crore in Varuna Assembly constituency - The Hindu from The Hindu (327 words)
2026-01-18 13:35:41,358 - INFO - DEDUPLICATION: Found match (Score: 0.84). Linking to Cluster ID: 61311e8e-3137-42fa-ba8a-852507cbcd27
2026-01-18 13:35:41,360 - INFO - Saved article: Israel far-right ministers reject US-backed postwar Gaza panel | Israel | The Guardian from The Guardian (790 words)
2026-01-18 13:35:41,360 - INFO - [BBC] Early skip: URL https://www.bbc.com/news/articles/cnvg70v1z0ro?at_medium=RSS&at_campaign=rss already exists.
2026-01-18 13:35:41,478 - INFO - [The Hindu] Article: https://www.thehindu.com/news/national/bijapur-chhattisgarh-maoist-encounter-death-toll/article70522158.ece
2026-01-18 13:35:41,478 - INFO - [The Hindu] Attempt 1/1: Trying with 'selenium_browser' strategy...
2026-01-18 13:35:41,478 - INFO - [BBC] Early skip: URL https://www.bbc.com/news/articles/cpv70mek448o?at_medium=RSS&at_campaign=rss already exists.
2026-01-18 13:35:41,670 - INFO - [BBC] Early skip: URL https://www.bbc.com/news/articles/cz7y14ypg2qo?at_medium=RSS&at_campaign=rss already exists.
2026-01-18 13:35:41,964 - INFO - [BBC] Early skip: URL https://www.bbc.com/news/articles/cvgjn5yyeljo?at_medium=RSS&at_campaign=rss already exists.
2026-01-18 13:35:42,193 - INFO - [BBC] Early skip: URL https://www.bbc.com/news/articles/cy59pvkqvl5o?at_medium=RSS&at_campaign=rss already exists.
2026-01-18 13:35:42,452 - INFO - [The Guardian] Early skip: URL https://www.theguardian.com/world/2026/jan/18/syrian-army-surges-into-kurdish-held-towns-in-betrayal-shattering-hopes-of-accord already exists.
2026-01-18 13:35:42,590 - INFO - [The Guardian] Early skip: URL https://www.theguardian.com/world/2026/jan/18/why-protesters-iran-feel-betrayed-donald-trump already exists.
2026-01-18 13:35:42,787 - INFO - [BBC] Early skip: URL https://www.bbc.com/news/articles/c1wz8vyq54xo?at_medium=RSS&at_campaign=rss already exists.
2026-01-18 13:35:42,861 - INFO - [The Hindu] Page content loaded.
2026-01-18 13:35:42,896 - INFO - [BBC] Early skip: URL https://www.bbc.com/news/articles/c8x95nk72k2o?at_medium=RSS&at_campaign=rss already exists.
2026-01-18 13:35:43,038 - INFO - [The Hindu] Success with 'selenium_browser'. Found content (335 words).
2026-01-18 13:35:43,117 - INFO - [The Guardian] Early skip: URL https://www.theguardian.com/world/2026/jan/17/israel-objects-to-white-houses-pick-of-leaders-for-board-of-peace already exists.
2026-01-18 13:36:13,225 - ERROR - [Times of India] Request failed for strategy 'selenium_browser' on URL https://timesofindia.indiatimes.com/world/us/did-renee-goods-wife-impede-ice-agents-before-minneapolis-shooting-new-details-emerge-as-becca-good-is-investigated/articleshow/126644049.cms: HTTPConnectionPool(host='localhost', port=42795): Read timed out. (read timeout=120)
2026-01-18 13:36:13,225 - ERROR - [Times of India] All scrape strategies failed for https://timesofindia.indiatimes.com/world/us/did-renee-goods-wife-impede-ice-agents-before-minneapolis-shooting-new-details-emerge-as-becca-good-is-investigated/articleshow/126644049.cms. Falling back to RSS description.
2026-01-18 13:36:13,225 - WARNING - SKIPPED (GLOBAL WORD LIMIT): Article 'Did Renee Good’s wife ‘impede’ ICE agents before Minneapolis shooting? New details emerge as Becca Good is investigated' from Times of India has only 3 words (Min: 90).
2026-01-18 13:36:16,912 - INFO - DEDUPLICATION: Found match (Score: 0.81). Linking to Cluster ID: aa411ebc-fbde-496e-838a-505becafc7d8
2026-01-18 13:36:16,915 - INFO - Saved article: Two more Maoists killed on second day of operation in Bijapur; toll rises to six: Police - The Hindu from The Hindu (335 words)
2026-01-18 13:36:16,915 - INFO - [BBC] Early skip: URL https://www.bbc.com/news/articles/cx2gjdx241wo?at_medium=RSS&at_campaign=rss already exists.
2026-01-18 13:36:17,068 - INFO - [The Guardian] Early skip: URL https://www.theguardian.com/world/2026/jan/17/child-mortality-crisis-continues-in-gaza-with-more-than-100-killed-since-ceasefire already exists.
2026-01-18 13:36:17,230 - INFO - [Times of India] Article: https://timesofindia.indiatimes.com/life-style/beauty/bridal-haircare-best-hair-oil-to-fight-hairfall-from-pre-wedding-stress-styling-damage/articleshow/126643268.cms
2026-01-18 13:36:17,230 - INFO - [Times of India] Attempt 1/1: Trying with 'selenium_browser' strategy...
2026-01-18 13:36:17,230 - INFO - [BBC] Early skip: URL https://www.bbc.com/news/articles/c78vw30p1d2o?at_medium=RSS&at_campaign=rss already exists.
2026-01-18 13:36:17,401 - INFO - [BBC] Early skip: URL https://www.bbc.com/news/articles/crmlvym2e3eo?at_medium=RSS&at_campaign=rss already exists.
2026-01-18 13:36:17,578 - INFO - [BBC] Early skip: URL https://www.bbc.com/news/articles/cx20qj1pwrwo?at_medium=RSS&at_campaign=rss already exists.
2026-01-18 13:36:17,878 - INFO - [BBC] Early skip: URL https://www.bbc.com/news/articles/c07xvv9r422o?at_medium=RSS&at_campaign=rss already exists.
2026-01-18 13:36:18,176 - INFO - [BBC] Early skip: URL https://www.bbc.com/news/articles/c9vx7kn33elo?at_medium=RSS&at_campaign=rss already exists.
2026-01-18 13:36:18,375 - INFO - [The Hindu] Article: https://www.thehindu.com/news/national/kerala/patent-for-nutraceutical-to-manage-gut-health-developed-by-kerala-university-researchers/article70518840.ece
2026-01-18 13:36:18,375 - INFO - [The Hindu] Attempt 1/1: Trying with 'selenium_browser' strategy...
2026-01-18 13:36:18,375 - INFO - [BBC] Early skip: URL https://www.bbc.com/news/articles/cm24k6kk1rko?at_medium=RSS&at_campaign=rss already exists.
2026-01-18 13:36:18,589 - INFO - [BBC] Early skip: URL https://www.bbc.com/news/articles/c62nzxqw45eo?at_medium=RSS&at_campaign=rss already exists.
2026-01-18 13:36:21,397 - INFO - [The Hindu] Page content loaded.
2026-01-18 13:36:21,489 - INFO - [The Hindu] Success with 'selenium_browser'. Found content (515 words).
2026-01-18 13:36:54,529 - INFO - Saved article: Patent for nutraceutical to manage gut health developed by Kerala University researchers - The Hindu from The Hindu (515 words)
2026-01-18 13:36:55,507 - INFO - [The Hindu] Article: https://www.thehindu.com/news/national/india-will-remain-vishwaguru-as-long-as-guided-by-dharma-bhagwat/article70522164.ece
2026-01-18 13:36:55,508 - INFO - [The Hindu] Attempt 1/1: Trying with 'selenium_browser' strategy...
2026-01-18 13:36:56,265 - INFO - [The Hindu] Page content loaded.
2026-01-18 13:36:56,340 - INFO - [The Hindu] Success with 'selenium_browser'. Found content (609 words).
2026-01-18 13:37:29,950 - INFO - Saved article: India will remain ‘Vishwaguru’ as long as guided by dharma: Bhagwat - The Hindu from The Hindu (609 words)
2026-01-18 13:37:31,303 - INFO - [The Hindu] Article: https://www.thehindu.com/news/national/west-bengal/trinamool-mp-yusuf-pathan-visits-house-of-bengal-migrant-worker-killed-in-jharkhand/article70521994.ece
2026-01-18 13:37:31,303 - INFO - [The Hindu] Attempt 1/1: Trying with 'selenium_browser' strategy...
2026-01-18 13:37:32,334 - INFO - [The Hindu] Page content loaded.
2026-01-18 13:37:32,415 - INFO - [The Hindu] Success with 'selenium_browser'. Found content (393 words).
2026-01-18 13:38:05,312 - INFO - Saved article: Trinamool MP Yusuf Pathan visits house of Bengal migrant worker killed in Jharkhand - The Hindu from The Hindu (393 words)
2026-01-18 13:38:05,895 - INFO - [The Hindu] Article: https://www.thehindu.com/news/national/karnataka/karnataka-bags-second-place-in-pradhan-mantri-fasal-bima-yojana-crop-insurance-rollout/article70522010.ece
2026-01-18 13:38:05,895 - INFO - [The Hindu] Attempt 1/1: Trying with 'selenium_browser' strategy...
2026-01-18 13:38:06,965 - INFO - [The Hindu] Page content loaded.
2026-01-18 13:38:07,087 - INFO - [The Hindu] Success with 'selenium_browser'. Found content (172 words).
2026-01-18 13:38:17,330 - ERROR - [Times of India] Request failed for strategy 'selenium_browser' on URL https://timesofindia.indiatimes.com/life-style/beauty/bridal-haircare-best-hair-oil-to-fight-hairfall-from-pre-wedding-stress-styling-damage/articleshow/126643268.cms: HTTPConnectionPool(host='localhost', port=42795): Read timed out. (read timeout=120)
2026-01-18 13:38:17,331 - ERROR - [Times of India] All scrape strategies failed for https://timesofindia.indiatimes.com/life-style/beauty/bridal-haircare-best-hair-oil-to-fight-hairfall-from-pre-wedding-stress-styling-damage/articleshow/126643268.cms. Falling back to RSS description.
2026-01-18 13:38:17,331 - WARNING - SKIPPED (GLOBAL WORD LIMIT): Article 'Bridal haircare: Best oil to fix hairfall from pre-wedding stress, styling damage' from Times of India has only 54 words (Min: 90).
2026-01-18 13:38:40,634 - INFO - Saved article: Karnataka bags second place in Pradhan Mantri Fasal Bima Yojana crop insurance rollout - The Hindu from The Hindu (172 words)
2026-01-18 13:38:40,634 - INFO - [Times of India] Article: https://timesofindia.indiatimes.com/world/middle-east/two-indian-men-arrested-in-kuwait-for-leaving-deceased-friend-at-hospital-amid-visa-concerns/articleshow/126643368.cms
2026-01-18 13:38:40,634 - INFO - [Times of India] Attempt 1/1: Trying with 'selenium_browser' strategy...
2026-01-18 13:38:40,896 - CRITICAL - --- TIMEOUT: 2 scrape jobs did not complete in 300s. ---
2026-01-18 13:38:40,896 - ERROR - A thread has timed out and will be abandoned.
2026-01-18 13:38:40,896 - ERROR - A thread has timed out and will be abandoned.
2026-01-18 13:38:40,896 - INFO - Shutting down thread pool (wait=False)...
2026-01-18 13:38:40,896 - INFO - Scraped: 1 The Guardian, 1 BBC, 2 Timed_Out_Jobs articles. (Total saved: 2)
2026-01-18 13:38:40,896 - INFO - --- Scraping job finished ---
2026-01-18 13:38:40,897 - INFO - --- Scraper service stopped and database connection closed. ---
2026-01-18 13:38:40,897 - INFO - --- Main thread finished. Forcing process exit to kill zombie threads. ---
