2026-01-23 19:29:41,260 - INFO - Loading AI Semantic Model (all-MiniLM-L6-v2)...
2026-01-23 19:29:41,261 - INFO - Use pytorch device_name: cpu
2026-01-23 19:29:41,261 - INFO - Load pretrained SentenceTransformer: all-MiniLM-L6-v2
2026-01-23 19:29:41,926 - INFO - AI Model loaded successfully.
2026-01-23 19:29:41,927 - INFO - --- Scraper service started (CI Mode: Run Once) ---
2026-01-23 19:29:41,927 - INFO - --- Starting new scraping job (Parallel Mode) ---
2026-01-23 19:29:41,927 - INFO - Creating new robust session with 3 retries on 5xx/connection/read errors.
2026-01-23 19:29:41,927 - INFO - Proxy is DISABLED.
2026-01-23 19:29:41,927 - INFO - Starting scrape for BBC RSS feed: http://feeds.bbci.co.uk/news/world/rss.xml
2026-01-23 19:29:41,928 - INFO - [Times of India] (Thread) requires Selenium. Initializing driver...
2026-01-23 19:29:41,929 - INFO - Starting scrape for The Guardian RSS feed: https://www.theguardian.com/world/rss
2026-01-23 19:29:41,930 - INFO - [The Hindu] (Thread) requires Selenium. Initializing driver...
2026-01-23 19:29:41,930 - INFO - Submitted 4 jobs to thread pool. Waiting up to 300s for completion...
2026-01-23 19:29:42,059 - INFO - Found 45 articles in The Guardian RSS feed. Processing up to 30.
2026-01-23 19:29:42,059 - INFO - [The Guardian] Early skip: URL https://www.theguardian.com/world/2026/jan/23/guinea-bissau-hepatitis-b-vaccine-study already exists.
2026-01-23 19:29:42,231 - INFO - [The Guardian] Early skip: URL https://www.theguardian.com/global-development/2026/jan/22/actionaid-rethink-child-sponsorship-decolonise-funding already exists.
2026-01-23 19:29:42,355 - INFO - Found 38 articles in BBC RSS feed. Processing up to 30.
2026-01-23 19:29:42,454 - INFO - [BBC] Early skip: URL https://www.bbc.com/news/articles/clym2l7d75eo?at_medium=RSS&at_campaign=rss already exists.
2026-01-23 19:29:42,681 - INFO - [The Guardian] Early skip: URL https://www.theguardian.com/us-news/2026/jan/20/us-diplomats-urged-to-remind-african-leaders-of-us-generosity-despite-usaid-closing already exists.
2026-01-23 19:29:42,794 - INFO - [BBC] Article: https://www.bbc.com/news/articles/cj3v2mlvzdvo?at_medium=RSS&at_campaign=rss
2026-01-23 19:29:42,794 - INFO - [BBC] Attempt 1/1: Trying with 'requests_browser' strategy...
2026-01-23 19:29:42,795 - INFO - [The Guardian] Early skip: URL https://www.theguardian.com/global-development/2026/jan/19/brazen-political-influence-rich-laid-bare-wealth-billionaires-inequality-poverty-instability-oxfam already exists.
2026-01-23 19:29:42,900 - INFO - [BBC] Success with 'requests_browser'. Found content (787 words).
2026-01-23 19:29:47,420 - INFO - Selenium driver initialized successfully.
2026-01-23 19:29:47,420 - INFO - Starting scrape for The Hindu RSS feed: https://www.thehindu.com/news/national/feeder/default.rss
2026-01-23 19:29:47,421 - INFO - Selenium driver initialized successfully.
2026-01-23 19:29:47,422 - INFO - Starting scrape for Times of India RSS feed: https://timesofindia.indiatimes.com/rssfeeds/296589292.cms
2026-01-23 19:29:47,538 - INFO - Found 20 articles in Times of India RSS feed. Processing up to 30.
2026-01-23 19:29:47,634 - INFO - Found 100 articles in The Hindu RSS feed. Processing up to 30.
2026-01-23 19:30:24,483 - INFO - Saved article: Not only Americans risked life and limb to serve in Afghanistan from BBC (787 words)
2026-01-23 19:30:24,483 - INFO - [The Guardian] Early skip: URL https://www.theguardian.com/world/2026/jan/18/ugandas-president-calls-opponents-terrorists-in-victory-speech already exists.
2026-01-23 19:30:24,730 - INFO - [Times of India] Article: https://timesofindia.indiatimes.com/world/us/why-do-you-have-indian-donors-who-dont-live-here-frisco-mayor-asked-at-council-meeting/articleshow/127323313.cms
2026-01-23 19:30:24,730 - INFO - [Times of India] Attempt 1/1: Trying with 'selenium_browser' strategy...
2026-01-23 19:30:24,730 - INFO - [The Hindu] Article: https://www.thehindu.com/news/national/upcoming-assembly-election-will-be-the-last-for-dmk-says-palaniswami/article70542983.ece
2026-01-23 19:30:24,731 - INFO - [The Hindu] Attempt 1/1: Trying with 'selenium_browser' strategy...
2026-01-23 19:30:24,731 - INFO - [The Guardian] Early skip: URL https://www.theguardian.com/world/2026/jan/23/spanish-prosecutors-drop-julio-iglesias-complaint already exists.
2026-01-23 19:30:24,979 - INFO - [The Guardian] Early skip: URL https://www.theguardian.com/world/2026/jan/23/venezuela-leaked-video-delcy-rodriguez-maduro already exists.
2026-01-23 19:30:25,192 - INFO - [The Guardian] Early skip: URL https://www.theguardian.com/us-news/2026/jan/22/trump-withdraws-invitation-canada already exists.
2026-01-23 19:30:25,371 - INFO - [The Guardian] Early skip: URL https://www.theguardian.com/us-news/2026/jan/22/house-war-powers-resolution-trump-military-venezuela already exists.
2026-01-23 19:30:25,504 - INFO - [The Guardian] Early skip: URL https://www.theguardian.com/world/2026/jan/22/carney-says-canada-must-be-a-beacon-to-a-world-thats-at-sea already exists.
2026-01-23 19:30:25,652 - INFO - [The Guardian] Early skip: URL https://www.theguardian.com/environment/2026/jan/23/tapanuli-orangutans-floods-indonesia-government-mining-extraction-companies-aoe already exists.
2026-01-23 19:30:25,866 - INFO - [BBC] Early skip: URL https://www.bbc.com/news/articles/c3edde1pwx8o?at_medium=RSS&at_campaign=rss already exists.
2026-01-23 19:30:26,023 - INFO - [BBC] Early skip: URL https://www.bbc.com/news/articles/c3r117w55q4o?at_medium=RSS&at_campaign=rss already exists.
2026-01-23 19:30:26,285 - INFO - [BBC] Early skip: URL https://www.bbc.com/news/articles/c1m77dmxlvlo?at_medium=RSS&at_campaign=rss already exists.
2026-01-23 19:30:26,541 - INFO - [The Guardian] Early skip: URL https://www.theguardian.com/world/2026/jan/23/two-confirmed-dead-and-more-presumed-buried-after-landslides-hit-house-and-campground-in-new-zealand already exists.
2026-01-23 19:30:26,748 - INFO - [The Guardian] Early skip: URL https://www.theguardian.com/world/2026/jan/23/japan-pauses-kashiwazaki-kariwa-worlds-largest-nuclear-power-plant already exists.
2026-01-23 19:30:26,884 - INFO - [The Guardian] Early skip: URL https://www.theguardian.com/world/2026/jan/22/frenchie-mae-cumpio-philippine-journalist-found-guilty already exists.
2026-01-23 19:30:27,180 - INFO - [The Guardian] Early skip: URL https://www.theguardian.com/world/2026/jan/22/hong-kong-national-security-trial-pro-democracy-activists-chow-hang-tung-lee-cheuk-yan-albert-ho already exists.
2026-01-23 19:30:27,305 - INFO - [The Guardian] Early skip: URL https://www.theguardian.com/australia-news/2026/jan/23/the-capsicum-paradox-new-australian-supermarket-pricing-a-massive-transparency-fail-for-customers already exists.
2026-01-23 19:30:27,412 - INFO - [BBC] Early skip: URL https://www.bbc.com/news/articles/c0r44l05q52o?at_medium=RSS&at_campaign=rss already exists.
2026-01-23 19:30:27,553 - INFO - [BBC] Early skip: URL https://www.bbc.com/news/articles/c9dvvzzpwylo?at_medium=RSS&at_campaign=rss already exists.
2026-01-23 19:30:27,713 - INFO - [BBC] Early skip: URL https://www.bbc.com/news/articles/cj0nd8z1z59o?at_medium=RSS&at_campaign=rss already exists.
2026-01-23 19:30:27,983 - INFO - [BBC] Early skip: URL https://www.bbc.com/news/articles/cje11eg7lp5o?at_medium=RSS&at_campaign=rss already exists.
2026-01-23 19:30:28,169 - INFO - [The Guardian] Early skip: URL https://www.theguardian.com/australia-news/2026/jan/23/piper-james-backpacker-kgari-dingoes-coroner-autopsy-evidence-drowning-dingo-bites already exists.
2026-01-23 19:30:28,288 - INFO - [The Guardian] Early skip: URL https://www.theguardian.com/australia-news/2026/jan/23/sussan-ley-confident-she-will-survive-as-opposition-leader-and-says-door-is-open-to-nationals-rejoining-coalition already exists.
2026-01-23 19:30:28,472 - INFO - [BBC] Early skip: URL https://www.bbc.com/news/articles/cp822g353y6o?at_medium=RSS&at_campaign=rss already exists.
2026-01-23 19:30:28,531 - INFO - [The Hindu] Page content loaded.
2026-01-23 19:30:28,594 - INFO - [The Hindu] Success with 'selenium_browser'. Found content (555 words).
2026-01-23 19:30:28,674 - INFO - [BBC] Early skip: URL https://www.bbc.com/news/articles/c7011pllqe7o?at_medium=RSS&at_campaign=rss already exists.
2026-01-23 19:30:28,931 - INFO - [The Guardian] Early skip: URL https://www.theguardian.com/environment/2026/jan/23/intense-heat-across-south-east-australia-could-shatter-temperature-records-in-coming-days already exists.
2026-01-23 19:30:29,067 - INFO - [The Guardian] Early skip: URL https://www.theguardian.com/australia-news/live/2026/jan/23/australia-news-live-sussan-ley-liberals-coalition-nationals-littleproud-hastie-taylor-anthony-albanese-labor-spill-ntwnfb already exists.
2026-01-23 19:30:29,276 - INFO - [The Guardian] Early skip: URL https://www.theguardian.com/world/2026/jan/23/spain-train-collision-investigators-examine-rail-damage-theory already exists.
2026-01-23 19:30:44,772 - ERROR - [Times of India] Request failed for strategy 'selenium_browser' on URL https://timesofindia.indiatimes.com/world/us/why-do-you-have-indian-donors-who-dont-live-here-frisco-mayor-asked-at-council-meeting/articleshow/127323313.cms: Message: timeout: Timed out receiving message from renderer: 19.882
  (Session info: chrome=144.0.7559.59)
Stacktrace:
#0 0x55c6d3815afa <unknown>
#1 0x55c6d322f60f <unknown>
#2 0x55c6d3216d11 <unknown>
#3 0x55c6d3216936 <unknown>
#4 0x55c6d321444b <unknown>
#5 0x55c6d3214dcf <unknown>
#6 0x55c6d32242e0 <unknown>
#7 0x55c6d323e2b7 <unknown>
#8 0x55c6d32454bb <unknown>
#9 0x55c6d3215539 <unknown>
#10 0x55c6d323e04c <unknown>
#11 0x55c6d32cd9a3 <unknown>
#12 0x55c6d3276842 <unknown>
#13 0x55c6d3277631 <unknown>
#14 0x55c6d37db689 <unknown>
#15 0x55c6d37de581 <unknown>
#16 0x55c6d37c7ca9 <unknown>
#17 0x55c6d37df13e <unknown>
#18 0x55c6d37ae3a0 <unknown>
#19 0x55c6d3802fc8 <unknown>
#20 0x55c6d380319b <unknown>
#21 0x55c6d3814e68 <unknown>
#22 0x7f878c29caa4 <unknown>
#23 0x7f878c329c6c <unknown>

2026-01-23 19:30:44,772 - ERROR - [Times of India] All scrape strategies failed for https://timesofindia.indiatimes.com/world/us/why-do-you-have-indian-donors-who-dont-live-here-frisco-mayor-asked-at-council-meeting/articleshow/127323313.cms. Falling back to RSS description.
2026-01-23 19:30:44,772 - WARNING - SKIPPED (GLOBAL WORD LIMIT): Article '‘Why do you have Indian donors who don’t live here?’: Frisco mayor asked at council meeting' from Times of India has only 3 words (Min: 90).
2026-01-23 19:31:21,230 - INFO - Saved article: Upcoming Assembly election will be the last for DMK, says Palaniswami - The Hindu from The Hindu (555 words)
2026-01-23 19:31:21,230 - INFO - [BBC] Early skip: URL https://www.bbc.com/news/articles/c9vx0p3gl71o?at_medium=RSS&at_campaign=rss already exists.
2026-01-23 19:31:21,506 - INFO - [The Guardian] Early skip: URL https://www.theguardian.com/world/2026/jan/23/us-ukraine-russia-abu-dhabi-talks-putin-witkoff-kushner already exists.
2026-01-23 19:31:21,635 - INFO - [Times of India] Article: https://timesofindia.indiatimes.com/world/us/its-not-about-india-but-about-his-distaste-for-immigration-indian-american-constitutional-scholar-over-h-1b-programme/articleshow/127316316.cms
2026-01-23 19:31:21,636 - INFO - [Times of India] Attempt 1/1: Trying with 'selenium_browser' strategy...
2026-01-23 19:31:21,636 - INFO - [BBC] Early skip: URL https://www.bbc.com/news/articles/c8rmmzr87x0o?at_medium=RSS&at_campaign=rss already exists.
2026-01-23 19:31:21,823 - INFO - [BBC] Early skip: URL https://www.bbc.com/news/articles/c1evv6dz3e9o?at_medium=RSS&at_campaign=rss already exists.
2026-01-23 19:31:22,111 - INFO - [The Guardian] Early skip: URL https://www.theguardian.com/politics/2026/jan/23/france-calais-ban-british-far-right-activists-operation-overlord already exists.
2026-01-23 19:31:22,276 - INFO - [BBC] Early skip: URL https://www.bbc.com/news/articles/cwy11485jeno?at_medium=RSS&at_campaign=rss already exists.
2026-01-23 19:31:22,478 - INFO - [The Hindu] Article: https://www.thehindu.com/news/national/tamil-nadu/aiadmks-rb-udhayakumar-flays-dmk-for-not-distributing-5000-for-pongal-this-year/article70543553.ece
2026-01-23 19:31:22,478 - INFO - [The Hindu] Attempt 1/1: Trying with 'selenium_browser' strategy...
2026-01-23 19:31:22,479 - INFO - [The Guardian] Early skip: URL https://www.theguardian.com/world/live/2026/jan/23/ukraine-war-russia-us-trilateral-talks-latest-updates-news already exists.
2026-01-23 19:31:22,706 - INFO - [The Guardian] Early skip: URL https://www.theguardian.com/world/2026/jan/23/israeli-palestinian-restaurant-kanaan-berlin-to-close-tv-series already exists.
2026-01-23 19:31:22,933 - INFO - [The Guardian] Article: https://www.theguardian.com/world/2026/jan/23/uae-funds-gaza-community
2026-01-23 19:31:22,933 - INFO - [The Guardian] Attempt 1/1: Trying with 'requests_browser' strategy...
2026-01-23 19:31:22,938 - INFO - [BBC] Early skip: URL https://www.bbc.com/news/articles/cn7jjp8gl0jo?at_medium=RSS&at_campaign=rss already exists.
2026-01-23 19:31:22,988 - INFO - [The Guardian] Success with 'requests_browser'. Found content (1472 words).
2026-01-23 19:31:25,484 - INFO - [The Hindu] Page content loaded.
2026-01-23 19:31:25,631 - INFO - [The Hindu] Success with 'selenium_browser'. Found content (447 words).
2026-01-23 19:31:41,677 - ERROR - [Times of India] Request failed for strategy 'selenium_browser' on URL https://timesofindia.indiatimes.com/world/us/its-not-about-india-but-about-his-distaste-for-immigration-indian-american-constitutional-scholar-over-h-1b-programme/articleshow/127316316.cms: Message: timeout: Timed out receiving message from renderer: 19.945
  (Session info: chrome=144.0.7559.59)
Stacktrace:
#0 0x55c6d3815afa <unknown>
#1 0x55c6d322f60f <unknown>
#2 0x55c6d3216d11 <unknown>
#3 0x55c6d3216936 <unknown>
#4 0x55c6d321444b <unknown>
#5 0x55c6d3214dcf <unknown>
#6 0x55c6d32242e0 <unknown>
#7 0x55c6d323e2b7 <unknown>
#8 0x55c6d32454bb <unknown>
#9 0x55c6d3215539 <unknown>
#10 0x55c6d323e04c <unknown>
#11 0x55c6d32cd9a3 <unknown>
#12 0x55c6d3276842 <unknown>
#13 0x55c6d3277631 <unknown>
#14 0x55c6d37db689 <unknown>
#15 0x55c6d37de581 <unknown>
#16 0x55c6d37c7ca9 <unknown>
#17 0x55c6d37df13e <unknown>
#18 0x55c6d37ae3a0 <unknown>
#19 0x55c6d3802fc8 <unknown>
#20 0x55c6d380319b <unknown>
#21 0x55c6d3814e68 <unknown>
#22 0x7f878c29caa4 <unknown>
#23 0x7f878c329c6c <unknown>

2026-01-23 19:31:41,677 - ERROR - [Times of India] All scrape strategies failed for https://timesofindia.indiatimes.com/world/us/its-not-about-india-but-about-his-distaste-for-immigration-indian-american-constitutional-scholar-over-h-1b-programme/articleshow/127316316.cms. Falling back to RSS description.
2026-01-23 19:31:41,677 - WARNING - SKIPPED (GLOBAL WORD LIMIT): Article ''It’s not about India but about his distaste for immigration': Indian American constitutional scholar over H-1B programme' from Times of India has only 51 words (Min: 90).
2026-01-23 19:32:14,081 - INFO - Saved article: United Arab Emirates plans to bankroll first ‘planned community’ in south Gaza | Gaza | The Guardian from The Guardian (1472 words)
2026-01-23 19:32:14,081 - INFO - [BBC] Early skip: URL https://www.bbc.com/news/articles/cj0nn0dvg6jo?at_medium=RSS&at_campaign=rss already exists.
2026-01-23 19:32:58,903 - INFO - Saved article: AIADMK’s R.B. Udhayakumar flays DMK for not distributing ₹5,000 for Pongal this year - The Hindu from The Hindu (447 words)
2026-01-23 19:32:58,903 - INFO - [Times of India] Early skip: URL https://timesofindia.indiatimes.com/world/us/irans-shadow-fleet-nine-tankers-sanctioned-by-us-over-oil-trade/articleshow/127316122.cms already exists.
2026-01-23 19:32:59,076 - INFO - [BBC] Early skip: URL https://www.bbc.com/news/articles/c2d77rr51rko?at_medium=RSS&at_campaign=rss already exists.
2026-01-23 19:32:59,338 - INFO - [The Guardian] Early skip: URL https://www.theguardian.com/world/2026/jan/23/trump-says-us-armada-heading-middle-east-iran-death-toll already exists.
2026-01-23 19:32:59,639 - INFO - [Times of India] Article: https://timesofindia.indiatimes.com/world/us/modern-day-pablo-escobar-fbi-director-kash-patel-briefs-how-former-canada-olympian-ryan-wedding-got-arrested-in-mexico/articleshow/127313106.cms
2026-01-23 19:32:59,639 - INFO - [Times of India] Attempt 1/1: Trying with 'selenium_browser' strategy...
2026-01-23 19:32:59,639 - INFO - [BBC] Early skip: URL https://www.bbc.com/news/articles/c3eddk53vxqo?at_medium=RSS&at_campaign=rss already exists.
2026-01-23 19:32:59,895 - INFO - [The Guardian] Article: https://www.theguardian.com/world/2026/jan/23/spanish-court-drops-pegasus-spyware-case-again-israel-spain-nso
2026-01-23 19:32:59,895 - INFO - [The Guardian] Attempt 1/1: Trying with 'requests_browser' strategy...
2026-01-23 19:32:59,897 - INFO - [BBC] Early skip: URL https://www.bbc.com/news/articles/cy7mmpljze7o?at_medium=RSS&at_campaign=rss already exists.
2026-01-23 19:33:00,005 - INFO - [The Hindu] Article: https://www.thehindu.com/news/national/tamil-nadu/govt-to-restrict-service-candidates-from-availing-preferential-appointment/article70541734.ece
2026-01-23 19:33:00,006 - INFO - [The Hindu] Attempt 1/1: Trying with 'selenium_browser' strategy...
2026-01-23 19:33:00,007 - INFO - [BBC] Article: https://www.bbc.com/news/videos/c20dlr9kn37o?at_medium=RSS&at_campaign=rss
2026-01-23 19:33:00,007 - INFO - [BBC] Attempt 1/1: Trying with 'requests_browser' strategy...
2026-01-23 19:33:00,061 - INFO - [The Guardian] Success with 'requests_browser'. Found content (652 words).
2026-01-23 19:33:00,251 - WARNING - [BBC] FAILED with 'requests_browser' (content was too short: 51 words).
2026-01-23 19:33:00,251 - ERROR - [BBC] All scrape strategies failed for https://www.bbc.com/news/videos/c20dlr9kn37o?at_medium=RSS&at_campaign=rss. Falling back to RSS description.
2026-01-23 19:33:00,251 - WARNING - SKIPPED (GLOBAL WORD LIMIT): Article 'Could trilateral talks yield a breakthrough in Ukraine-Russia war?' from BBC has only 21 words (Min: 90).
2026-01-23 19:33:01,793 - INFO - [Times of India] Page content loaded.
2026-01-23 19:33:02,172 - INFO - [Times of India] Success with 'selenium_browser'. Found content (397 words).
2026-01-23 19:33:02,574 - INFO - [The Hindu] Page content loaded.
2026-01-23 19:33:02,637 - INFO - [The Hindu] Success with 'selenium_browser'. Found content (328 words).
2026-01-23 19:33:50,313 - INFO - Saved article: Spanish court points finger at Israel as it drops Pegasus spyware case again | Spain | The Guardian from The Guardian (652 words)
2026-01-23 19:33:50,313 - INFO - [BBC] Early skip: URL https://www.bbc.com/news/articles/cly9230yw15o?at_medium=RSS&at_campaign=rss already exists.
2026-01-23 19:34:36,940 - INFO - DEDUPLICATION: Found match (Score: 0.75). Linking to Cluster ID: a8bbb5f4-e71a-4778-87a4-918e83913fc1
2026-01-23 19:34:36,943 - INFO - Saved article: 'Modern-day Pablo Escobar': FBI director Kash Patel briefs how former Canada Olympian Ryan Wedding has been arrested in Mexico - The Times of India from Times of India (397 words)
2026-01-23 19:34:41,931 - CRITICAL - --- TIMEOUT: 4 scrape jobs did not complete in 300s. ---
2026-01-23 19:34:41,931 - ERROR - A thread has timed out and will be abandoned.
2026-01-23 19:34:41,931 - ERROR - A thread has timed out and will be abandoned.
2026-01-23 19:34:41,931 - ERROR - A thread has timed out and will be abandoned.
2026-01-23 19:34:41,931 - ERROR - A thread has timed out and will be abandoned.
2026-01-23 19:34:41,931 - INFO - Shutting down thread pool (wait=False)...
2026-01-23 19:34:41,931 - INFO - Scraped: 4 Timed_Out_Jobs articles. (Total saved: 0)
2026-01-23 19:34:41,931 - INFO - --- Scraping job finished ---
2026-01-23 19:34:41,931 - INFO - --- Scraper service stopped and database connection closed. ---
2026-01-23 19:34:41,931 - INFO - --- Main thread finished. Forcing process exit to kill zombie threads. ---
